<?xml version="1.0" encoding="UTF-8"?>
<TestRun id="4eafc4fe-c2e3-4044-a261-dd9a04658478" name="ASUS X82Q SERIES@ASUS 2010-11-23 21:08:28" runUser="ASUS\ASUS X82Q SERIES" xmlns="http://microsoft.com/schemas/VisualStudio/TeamTest/2006">
  <TestRunConfiguration name="Local Test Run" id="fbd97c4f-250d-4688-9be5-4499f8f948ec">
    <Description>This is a default test run configuration for a local test run.</Description>
    <Deployment runDeploymentRoot="C:\Documents and Settings\ASUS X82Q SERIES\My Documents\Visual Studio 2008\Projects\TestProject\TestResults\ASUS X82Q SERIES_ASUS 2010-11-23 21_08_28" />
    <TestTypeSpecific />
  </TestRunConfiguration>
  <ResultSummary outcome="Failed">
    <Counters total="1" executed="1" error="0" failed="1" timeout="0" aborted="0" inconclusive="0" passedButRunAborted="0" notRunnable="0" notExecuted="0" disconnected="0" warning="0" passed="0" completed="0" inProgress="0" pending="0" />
  </ResultSummary>
  <Times creation="2010-11-23T21:08:28.0625000+07:00" queuing="2010-11-23T21:08:28.5312500+07:00" start="2010-11-23T21:08:28.8437500+07:00" finish="2010-11-23T21:08:42.8125000+07:00" />
  <TestDefinitions>
    <WebTest name="WebTest1" storage="c:\documents and settings\asus x82q series\my documents\visual studio 2008\projects\testproject\testproject\webtest1.webtest" id="6dfc9c80-f2b9-44e3-8805-75ac50e55d1e" persistedWebTest="77u/PD94bWwgdmVyc2lvbj0iMS4wIiBlbmNvZGluZz0iVVRGLTgiIHN0YW5kYWxvbmU9InllcyI/Pg0KPFdlYlRlc3QgTmFtZT0iV2ViVGVzdDEiIElkPSI2ZGZjOWM4MC1mMmI5LTQ0ZTMtODgwNS03NWFjNTBlNTVkMWUiIE93bmVyPSIiIFByaW9yaXR5PSIwIiBFbmFibGVkPSJUcnVlIiBDc3NQcm9qZWN0U3RydWN0dXJlPSIiIENzc0l0ZXJhdGlvbj0iIiBUaW1lb3V0PSIwIiBXb3JrSXRlbUlkcz0iIiB4bWxucz0iaHR0cDovL21pY3Jvc29mdC5jb20vc2NoZW1hcy9WaXN1YWxTdHVkaW8vVGVhbVRlc3QvMjAwNiIgRGVzY3JpcHRpb249IiIgQ3JlZGVudGlhbFVzZXJOYW1lPSIiIENyZWRlbnRpYWxQYXNzd29yZD0iIiBQcmVBdXRoZW50aWNhdGU9IlRydWUiIFByb3h5PSIiIFN0b3BPbkVycm9yPSJGYWxzZSI+DQogIDxJdGVtcz4NCiAgICA8UmVxdWVzdCBNZXRob2Q9IkdFVCIgVmVyc2lvbj0iMS4xIiBVcmw9Imh0dHA6Ly9sb2NhbGhvc3QvaW5kdXN0cnkvaW5kZXgucGhwIiBUaGlua1RpbWU9IjEiIFRpbWVvdXQ9IjMwMCIgUGFyc2VEZXBlbmRlbnRSZXF1ZXN0cz0iVHJ1ZSIgRm9sbG93UmVkaXJlY3RzPSJUcnVlIiBSZWNvcmRSZXN1bHQ9IlRydWUiIENhY2hlPSJGYWxzZSIgUmVzcG9uc2VUaW1lR29hbD0iMCIgRW5jb2Rpbmc9InV0Zi04IiBFeHBlY3RlZEh0dHBTdGF0dXNDb2RlPSIwIiBFeHBlY3RlZFJlc3BvbnNlVXJsPSIiPg0KICAgICAgPENvcnJlbGF0aW9uRXh0cmFjdGlvblJ1bGVzPg0KICAgICAgICA8RXh0cmFjdGlvblJ1bGUgQ2xhc3NuYW1lPSJNaWNyb3NvZnQuVmlzdWFsU3R1ZGlvLlRlc3RUb29scy5XZWJUZXN0aW5nLlJ1bGVzLkV4dHJhY3RUZXh0LCBNaWNyb3NvZnQuVmlzdWFsU3R1ZGlvLlF1YWxpdHlUb29scy5XZWJUZXN0RnJhbWV3b3JrLCBWZXJzaW9uPTkuMC4wLjAsIEN1bHR1cmU9bmV1dHJhbCwgUHVibGljS2V5VG9rZW49YjAzZjVmN2YxMWQ1MGEzYSIgVmFyaWFibGVOYW1lPSJRdWVyeVN0cmluZ1BhcmFtMzUubW9kIiBEaXNwbGF5TmFtZT0iIiBEZXNjcmlwdGlvbj0iIj4NCiAgICAgICAgICA8UnVsZVBhcmFtZXRlcnM+DQogICAgICAgICAgICA8UnVsZVBhcmFtZXRlciBOYW1lPSJTdGFydHNXaXRoIiBWYWx1ZT0iP21vZD0iIC8+DQogICAgICAgICAgICA8UnVsZVBhcmFtZXRlciBOYW1lPSJFbmRzV2l0aCIgVmFsdWU9IiZhbXA7IiAvPg0KICAgICAgICAgICAgPFJ1bGVQYXJhbWV0ZXIgTmFtZT0iSW5kZXgiIFZhbHVlPSI1IiAvPg0KICAgICAgICAgICAgPFJ1bGVQYXJhbWV0ZXIgTmFtZT0iSWdub3JlQ2FzZSIgVmFsdWU9IkZhbHNlIiAvPg0KICAgICAgICAgICAgPFJ1bGVQYXJhbWV0ZXIgTmFtZT0iVXNlUmVndWxhckV4cHJlc3Npb24iIFZhbHVlPSJGYWxzZSIgLz4NCiAgICAgICAgICAgIDxSdWxlUGFyYW1ldGVyIE5hbWU9Ikh0bWxEZWNvZGUiIFZhbHVlPSJUcnVlIiAvPg0KICAgICAgICAgICAgPFJ1bGVQYXJhbWV0ZXIgTmFtZT0iUmVxdWlyZWQiIFZhbHVlPSJGYWxzZSIgLz4NCiAgICAgICAgICA8L1J1bGVQYXJhbWV0ZXJzPg0KICAgICAgICA8L0V4dHJhY3Rpb25SdWxlPg0KICAgICAgICA8RXh0cmFjdGlvblJ1bGUgQ2xhc3NuYW1lPSJNaWNyb3NvZnQuVmlzdWFsU3R1ZGlvLlRlc3RUb29scy5XZWJUZXN0aW5nLlJ1bGVzLkV4dHJhY3RUZXh0LCBNaWNyb3NvZnQuVmlzdWFsU3R1ZGlvLlF1YWxpdHlUb29scy5XZWJUZXN0RnJhbWV3b3JrLCBWZXJzaW9uPTkuMC4wLjAsIEN1bHR1cmU9bmV1dHJhbCwgUHVibGljS2V5VG9rZW49YjAzZjVmN2YxMWQ1MGEzYSIgVmFyaWFibGVOYW1lPSJRdWVyeVN0cmluZ1BhcmFtMzYuaXBjIiBEaXNwbGF5TmFtZT0iIiBEZXNjcmlwdGlvbj0iIj4NCiAgICAgICAgICA8UnVsZVBhcmFtZXRlcnM+DQogICAgICAgICAgICA8UnVsZVBhcmFtZXRlciBOYW1lPSJTdGFydHNXaXRoIiBWYWx1ZT0iJmFtcDtpcGM9IiAvPg0KICAgICAgICAgICAgPFJ1bGVQYXJhbWV0ZXIgTmFtZT0iRW5kc1dpdGgiIFZhbHVlPSImcXVvdDsiIC8+DQogICAgICAgICAgICA8UnVsZVBhcmFtZXRlciBOYW1lPSJJbmRleCIgVmFsdWU9IjAiIC8+DQogICAgICAgICAgICA8UnVsZVBhcmFtZXRlciBOYW1lPSJJZ25vcmVDYXNlIiBWYWx1ZT0iRmFsc2UiIC8+DQogICAgICAgICAgICA8UnVsZVBhcmFtZXRlciBOYW1lPSJVc2VSZWd1bGFyRXhwcmVzc2lvbiIgVmFsdWU9IkZhbHNlIiAvPg0KICAgICAgICAgICAgPFJ1bGVQYXJhbWV0ZXIgTmFtZT0iSHRtbERlY29kZSIgVmFsdWU9IlRydWUiIC8+DQogICAgICAgICAgICA8UnVsZVBhcmFtZXRlciBOYW1lPSJSZXF1aXJlZCIgVmFsdWU9IkZhbHNlIiAvPg0KICAgICAgICAgIDwvUnVsZVBhcmFtZXRlcnM+DQogICAgICAgIDwvRXh0cmFjdGlvblJ1bGU+DQogICAgICA8L0NvcnJlbGF0aW9uRXh0cmFjdGlvblJ1bGVzPg0KICAgIDwvUmVxdWVzdD4NCiAgICA8UmVxdWVzdCBNZXRob2Q9IkdFVCIgVmVyc2lvbj0iMS4xIiBVcmw9Imh0dHA6Ly9sb2NhbGhvc3QvaW5kdXN0cnkvZ2FsbGVyeS5zd2YiIFRoaW5rVGltZT0iMjc3IiBUaW1lb3V0PSIzMDAiIFBhcnNlRGVwZW5kZW50UmVxdWVzdHM9IlRydWUiIEZvbGxvd1JlZGlyZWN0cz0iVHJ1ZSIgUmVjb3JkUmVzdWx0PSJUcnVlIiBDYWNoZT0iRmFsc2UiIFJlc3BvbnNlVGltZUdvYWw9IjAiIEVuY29kaW5nPSJ1dGYtOCIgRXhwZWN0ZWRIdHRwU3RhdHVzQ29kZT0iMCIgRXhwZWN0ZWRSZXNwb25zZVVybD0iIiAvPg0KICAgIDxSZXF1ZXN0IE1ldGhvZD0iR0VUIiBWZXJzaW9uPSIxLjEiIFVybD0iaHR0cDovL2xvY2FsaG9zdC9pbmR1c3RyeS90cmFkZS9zZWxsL2luZGV4LnBocCIgVGhpbmtUaW1lPSI4IiBUaW1lb3V0PSIzMDAiIFBhcnNlRGVwZW5kZW50UmVxdWVzdHM9IlRydWUiIEZvbGxvd1JlZGlyZWN0cz0iVHJ1ZSIgUmVjb3JkUmVzdWx0PSJUcnVlIiBDYWNoZT0iRmFsc2UiIFJlc3BvbnNlVGltZUdvYWw9IjAiIEVuY29kaW5nPSJ1dGYtOCIgRXhwZWN0ZWRIdHRwU3RhdHVzQ29kZT0iMCIgRXhwZWN0ZWRSZXNwb25zZVVybD0iIiAvPg0KICAgIDxSZXF1ZXN0IE1ldGhvZD0iR0VUIiBWZXJzaW9uPSIxLjEiIFVybD0iaHR0cDovL2xvY2FsaG9zdC9pbmR1c3RyeS90cmFkZS9zZWxsL2luZGV4LnBocCIgVGhpbmtUaW1lPSIxMSIgVGltZW91dD0iMzAwIiBQYXJzZURlcGVuZGVudFJlcXVlc3RzPSJUcnVlIiBGb2xsb3dSZWRpcmVjdHM9IlRydWUiIFJlY29yZFJlc3VsdD0iVHJ1ZSIgQ2FjaGU9IkZhbHNlIiBSZXNwb25zZVRpbWVHb2FsPSIwIiBFbmNvZGluZz0idXRmLTgiIEV4cGVjdGVkSHR0cFN0YXR1c0NvZGU9IjAiIEV4cGVjdGVkUmVzcG9uc2VVcmw9IiI+DQogICAgICA8Q29ycmVsYXRpb25FeHRyYWN0aW9uUnVsZXM+DQogICAgICAgIDxFeHRyYWN0aW9uUnVsZSBDbGFzc25hbWU9Ik1pY3Jvc29mdC5WaXN1YWxTdHVkaW8uVGVzdFRvb2xzLldlYlRlc3RpbmcuUnVsZXMuRXh0cmFjdFRleHQsIE1pY3Jvc29mdC5WaXN1YWxTdHVkaW8uUXVhbGl0eVRvb2xzLldlYlRlc3RGcmFtZXdvcmssIFZlcnNpb249OS4wLjAuMCwgQ3VsdHVyZT1uZXV0cmFsLCBQdWJsaWNLZXlUb2tlbj1iMDNmNWY3ZjExZDUwYTNhIiBWYXJpYWJsZU5hbWU9IlF1ZXJ5U3RyaW5nUGFyYW0zMC5pcGMiIERpc3BsYXlOYW1lPSIiIERlc2NyaXB0aW9uPSIiPg0KICAgICAgICAgIDxSdWxlUGFyYW1ldGVycz4NCiAgICAgICAgICAgIDxSdWxlUGFyYW1ldGVyIE5hbWU9IlN0YXJ0c1dpdGgiIFZhbHVlPSImYW1wO2lwYz0iIC8+DQogICAgICAgICAgICA8UnVsZVBhcmFtZXRlciBOYW1lPSJFbmRzV2l0aCIgVmFsdWU9IiZhbXA7IiAvPg0KICAgICAgICAgICAgPFJ1bGVQYXJhbWV0ZXIgTmFtZT0iSW5kZXgiIFZhbHVlPSIwIiAvPg0KICAgICAgICAgICAgPFJ1bGVQYXJhbWV0ZXIgTmFtZT0iSWdub3JlQ2FzZSIgVmFsdWU9IkZhbHNlIiAvPg0KICAgICAgICAgICAgPFJ1bGVQYXJhbWV0ZXIgTmFtZT0iVXNlUmVndWxhckV4cHJlc3Npb24iIFZhbHVlPSJGYWxzZSIgLz4NCiAgICAgICAgICAgIDxSdWxlUGFyYW1ldGVyIE5hbWU9Ikh0bWxEZWNvZGUiIFZhbHVlPSJUcnVlIiAvPg0KICAgICAgICAgICAgPFJ1bGVQYXJhbWV0ZXIgTmFtZT0iUmVxdWlyZWQiIFZhbHVlPSJGYWxzZSIgLz4NCiAgICAgICAgICA8L1J1bGVQYXJhbWV0ZXJzPg0KICAgICAgICA8L0V4dHJhY3Rpb25SdWxlPg0KICAgICAgICA8RXh0cmFjdGlvblJ1bGUgQ2xhc3NuYW1lPSJNaWNyb3NvZnQuVmlzdWFsU3R1ZGlvLlRlc3RUb29scy5XZWJUZXN0aW5nLlJ1bGVzLkV4dHJhY3RUZXh0LCBNaWNyb3NvZnQuVmlzdWFsU3R1ZGlvLlF1YWxpdHlUb29scy5XZWJUZXN0RnJhbWV3b3JrLCBWZXJzaW9uPTkuMC4wLjAsIEN1bHR1cmU9bmV1dHJhbCwgUHVibGljS2V5VG9rZW49YjAzZjVmN2YxMWQ1MGEzYSIgVmFyaWFibGVOYW1lPSJRdWVyeVN0cmluZ1BhcmFtMzEuaXBzYzEiIERpc3BsYXlOYW1lPSIiIERlc2NyaXB0aW9uPSIiPg0KICAgICAgICAgIDxSdWxlUGFyYW1ldGVycz4NCiAgICAgICAgICAgIDxSdWxlUGFyYW1ldGVyIE5hbWU9IlN0YXJ0c1dpdGgiIFZhbHVlPSImYW1wO2lwc2MxPSIgLz4NCiAgICAgICAgICAgIDxSdWxlUGFyYW1ldGVyIE5hbWU9IkVuZHNXaXRoIiBWYWx1ZT0iJnF1b3Q7IiAvPg0KICAgICAgICAgICAgPFJ1bGVQYXJhbWV0ZXIgTmFtZT0iSW5kZXgiIFZhbHVlPSIwIiAvPg0KICAgICAgICAgICAgPFJ1bGVQYXJhbWV0ZXIgTmFtZT0iSWdub3JlQ2FzZSIgVmFsdWU9IkZhbHNlIiAvPg0KICAgICAgICAgICAgPFJ1bGVQYXJhbWV0ZXIgTmFtZT0iVXNlUmVndWxhckV4cHJlc3Npb24iIFZhbHVlPSJGYWxzZSIgLz4NCiAgICAgICAgICAgIDxSdWxlUGFyYW1ldGVyIE5hbWU9Ikh0bWxEZWNvZGUiIFZhbHVlPSJUcnVlIiAvPg0KICAgICAgICAgICAgPFJ1bGVQYXJhbWV0ZXIgTmFtZT0iUmVxdWlyZWQiIFZhbHVlPSJGYWxzZSIgLz4NCiAgICAgICAgICA8L1J1bGVQYXJhbWV0ZXJzPg0KICAgICAgICA8L0V4dHJhY3Rpb25SdWxlPg0KICAgICAgICA8RXh0cmFjdGlvblJ1bGUgQ2xhc3NuYW1lPSJNaWNyb3NvZnQuVmlzdWFsU3R1ZGlvLlRlc3RUb29scy5XZWJUZXN0aW5nLlJ1bGVzLkV4dHJhY3RUZXh0LCBNaWNyb3NvZnQuVmlzdWFsU3R1ZGlvLlF1YWxpdHlUb29scy5XZWJUZXN0RnJhbWV3b3JrLCBWZXJzaW9uPTkuMC4wLjAsIEN1bHR1cmU9bmV1dHJhbCwgUHVibGljS2V5VG9rZW49YjAzZjVmN2YxMWQ1MGEzYSIgVmFyaWFibGVOYW1lPSJRdWVyeVN0cmluZ1BhcmFtMzcubW9kIiBEaXNwbGF5TmFtZT0iIiBEZXNjcmlwdGlvbj0iIj4NCiAgICAgICAgICA8UnVsZVBhcmFtZXRlcnM+DQogICAgICAgICAgICA8UnVsZVBhcmFtZXRlciBOYW1lPSJTdGFydHNXaXRoIiBWYWx1ZT0iP21vZD0iIC8+DQogICAgICAgICAgICA8UnVsZVBhcmFtZXRlciBOYW1lPSJFbmRzV2l0aCIgVmFsdWU9IiZhbXA7IiAvPg0KICAgICAgICAgICAgPFJ1bGVQYXJhbWV0ZXIgTmFtZT0iSW5kZXgiIFZhbHVlPSI3IiAvPg0KICAgICAgICAgICAgPFJ1bGVQYXJhbWV0ZXIgTmFtZT0iSWdub3JlQ2FzZSIgVmFsdWU9IkZhbHNlIiAvPg0KICAgICAgICAgICAgPFJ1bGVQYXJhbWV0ZXIgTmFtZT0iVXNlUmVndWxhckV4cHJlc3Npb24iIFZhbHVlPSJGYWxzZSIgLz4NCiAgICAgICAgICAgIDxSdWxlUGFyYW1ldGVyIE5hbWU9Ikh0bWxEZWNvZGUiIFZhbHVlPSJUcnVlIiAvPg0KICAgICAgICAgICAgPFJ1bGVQYXJhbWV0ZXIgTmFtZT0iUmVxdWlyZWQiIFZhbHVlPSJGYWxzZSIgLz4NCiAgICAgICAgICA8L1J1bGVQYXJhbWV0ZXJzPg0KICAgICAgICA8L0V4dHJhY3Rpb25SdWxlPg0KICAgICAgICA8RXh0cmFjdGlvblJ1bGUgQ2xhc3NuYW1lPSJNaWNyb3NvZnQuVmlzdWFsU3R1ZGlvLlRlc3RUb29scy5XZWJUZXN0aW5nLlJ1bGVzLkV4dHJhY3RUZXh0LCBNaWNyb3NvZnQuVmlzdWFsU3R1ZGlvLlF1YWxpdHlUb29scy5XZWJUZXN0RnJhbWV3b3JrLCBWZXJzaW9uPTkuMC4wLjAsIEN1bHR1cmU9bmV1dHJhbCwgUHVibGljS2V5VG9rZW49YjAzZjVmN2YxMWQ1MGEzYSIgVmFyaWFibGVOYW1lPSJRdWVyeVN0cmluZ1BhcmFtMzguaXBjIiBEaXNwbGF5TmFtZT0iIiBEZXNjcmlwdGlvbj0iIj4NCiAgICAgICAgICA8UnVsZVBhcmFtZXRlcnM+DQogICAgICAgICAgICA8UnVsZVBhcmFtZXRlciBOYW1lPSJTdGFydHNXaXRoIiBWYWx1ZT0iJmFtcDtpcGM9IiAvPg0KICAgICAgICAgICAgPFJ1bGVQYXJhbWV0ZXIgTmFtZT0iRW5kc1dpdGgiIFZhbHVlPSImYW1wOyIgLz4NCiAgICAgICAgICAgIDxSdWxlUGFyYW1ldGVyIE5hbWU9IkluZGV4IiBWYWx1ZT0iMCIgLz4NCiAgICAgICAgICAgIDxSdWxlUGFyYW1ldGVyIE5hbWU9Iklnbm9yZUNhc2UiIFZhbHVlPSJGYWxzZSIgLz4NCiAgICAgICAgICAgIDxSdWxlUGFyYW1ldGVyIE5hbWU9IlVzZVJlZ3VsYXJFeHByZXNzaW9uIiBWYWx1ZT0iRmFsc2UiIC8+DQogICAgICAgICAgICA8UnVsZVBhcmFtZXRlciBOYW1lPSJIdG1sRGVjb2RlIiBWYWx1ZT0iVHJ1ZSIgLz4NCiAgICAgICAgICAgIDxSdWxlUGFyYW1ldGVyIE5hbWU9IlJlcXVpcmVkIiBWYWx1ZT0iRmFsc2UiIC8+DQogICAgICAgICAgPC9SdWxlUGFyYW1ldGVycz4NCiAgICAgICAgPC9FeHRyYWN0aW9uUnVsZT4NCiAgICAgICAgPEV4dHJhY3Rpb25SdWxlIENsYXNzbmFtZT0iTWljcm9zb2Z0LlZpc3VhbFN0dWRpby5UZXN0VG9vbHMuV2ViVGVzdGluZy5SdWxlcy5FeHRyYWN0VGV4dCwgTWljcm9zb2Z0LlZpc3VhbFN0dWRpby5RdWFsaXR5VG9vbHMuV2ViVGVzdEZyYW1ld29yaywgVmVyc2lvbj05LjAuMC4wLCBDdWx0dXJlPW5ldXRyYWwsIFB1YmxpY0tleVRva2VuPWIwM2Y1ZjdmMTFkNTBhM2EiIFZhcmlhYmxlTmFtZT0iUXVlcnlTdHJpbmdQYXJhbTM5Lmlwc2MxIiBEaXNwbGF5TmFtZT0iIiBEZXNjcmlwdGlvbj0iIj4NCiAgICAgICAgICA8UnVsZVBhcmFtZXRlcnM+DQogICAgICAgICAgICA8UnVsZVBhcmFtZXRlciBOYW1lPSJTdGFydHNXaXRoIiBWYWx1ZT0iJmFtcDtpcHNjMT0iIC8+DQogICAgICAgICAgICA8UnVsZVBhcmFtZXRlciBOYW1lPSJFbmRzV2l0aCIgVmFsdWU9IiZxdW90OyIgLz4NCiAgICAgICAgICAgIDxSdWxlUGFyYW1ldGVyIE5hbWU9IkluZGV4IiBWYWx1ZT0iMCIgLz4NCiAgICAgICAgICAgIDxSdWxlUGFyYW1ldGVyIE5hbWU9Iklnbm9yZUNhc2UiIFZhbHVlPSJGYWxzZSIgLz4NCiAgICAgICAgICAgIDxSdWxlUGFyYW1ldGVyIE5hbWU9IlVzZVJlZ3VsYXJFeHByZXNzaW9uIiBWYWx1ZT0iRmFsc2UiIC8+DQogICAgICAgICAgICA8UnVsZVBhcmFtZXRlciBOYW1lPSJIdG1sRGVjb2RlIiBWYWx1ZT0iVHJ1ZSIgLz4NCiAgICAgICAgICAgIDxSdWxlUGFyYW1ldGVyIE5hbWU9IlJlcXVpcmVkIiBWYWx1ZT0iRmFsc2UiIC8+DQogICAgICAgICAgPC9SdWxlUGFyYW1ldGVycz4NCiAgICAgICAgPC9FeHRyYWN0aW9uUnVsZT4NCiAgICAgIDwvQ29ycmVsYXRpb25FeHRyYWN0aW9uUnVsZXM+DQogICAgICA8UXVlcnlTdHJpbmdQYXJhbWV0ZXJzPg0KICAgICAgICA8UXVlcnlTdHJpbmdQYXJhbWV0ZXIgTmFtZT0ibW9kIiBWYWx1ZT0icHNjMSIgUmVjb3JkZWRWYWx1ZT0icHNjMSIgQ29ycmVsYXRpb25CaW5kaW5nPSJ7e1F1ZXJ5U3RyaW5nUGFyYW0zNS5tb2R9fSIgVXJsRW5jb2RlPSJGYWxzZSIgVXNlVG9Hcm91cFJlc3VsdHM9IkZhbHNlIiAvPg0KICAgICAgICA8UXVlcnlTdHJpbmdQYXJhbWV0ZXIgTmFtZT0iaXBjIiBWYWx1ZT0iMSIgUmVjb3JkZWRWYWx1ZT0iMSIgQ29ycmVsYXRpb25CaW5kaW5nPSJ7e1F1ZXJ5U3RyaW5nUGFyYW0zNi5pcGN9fSIgVXJsRW5jb2RlPSJGYWxzZSIgVXNlVG9Hcm91cFJlc3VsdHM9IkZhbHNlIiAvPg0KICAgICAgPC9RdWVyeVN0cmluZ1BhcmFtZXRlcnM+DQogICAgPC9SZXF1ZXN0Pg0KICAgIDxSZXF1ZXN0IE1ldGhvZD0iR0VUIiBWZXJzaW9uPSIxLjEiIFVybD0iaHR0cDovL2xvY2FsaG9zdC9pbmR1c3RyeS90cmFkZS9zZWxsL2luZGV4LnBocCIgVGhpbmtUaW1lPSIxNCIgVGltZW91dD0iMzAwIiBQYXJzZURlcGVuZGVudFJlcXVlc3RzPSJUcnVlIiBGb2xsb3dSZWRpcmVjdHM9IlRydWUiIFJlY29yZFJlc3VsdD0iVHJ1ZSIgQ2FjaGU9IkZhbHNlIiBSZXNwb25zZVRpbWVHb2FsPSIwIiBFbmNvZGluZz0idXRmLTgiIEV4cGVjdGVkSHR0cFN0YXR1c0NvZGU9IjAiIEV4cGVjdGVkUmVzcG9uc2VVcmw9IiI+DQogICAgICA8Q29ycmVsYXRpb25FeHRyYWN0aW9uUnVsZXM+DQogICAgICAgIDxFeHRyYWN0aW9uUnVsZSBDbGFzc25hbWU9Ik1pY3Jvc29mdC5WaXN1YWxTdHVkaW8uVGVzdFRvb2xzLldlYlRlc3RpbmcuUnVsZXMuRXh0cmFjdFRleHQsIE1pY3Jvc29mdC5WaXN1YWxTdHVkaW8uUXVhbGl0eVRvb2xzLldlYlRlc3RGcmFtZXdvcmssIFZlcnNpb249OS4wLjAuMCwgQ3VsdHVyZT1uZXV0cmFsLCBQdWJsaWNLZXlUb2tlbj1iMDNmNWY3ZjExZDUwYTNhIiBWYXJpYWJsZU5hbWU9IlF1ZXJ5U3RyaW5nUGFyYW00MC5tb2QiIERpc3BsYXlOYW1lPSIiIERlc2NyaXB0aW9uPSIiPg0KICAgICAgICAgIDxSdWxlUGFyYW1ldGVycz4NCiAgICAgICAgICAgIDxSdWxlUGFyYW1ldGVyIE5hbWU9IlN0YXJ0c1dpdGgiIFZhbHVlPSI/bW9kPSIgLz4NCiAgICAgICAgICAgIDxSdWxlUGFyYW1ldGVyIE5hbWU9IkVuZHNXaXRoIiBWYWx1ZT0iJmFtcDsiIC8+DQogICAgICAgICAgICA8UnVsZVBhcmFtZXRlciBOYW1lPSJJbmRleCIgVmFsdWU9IjgiIC8+DQogICAgICAgICAgICA8UnVsZVBhcmFtZXRlciBOYW1lPSJJZ25vcmVDYXNlIiBWYWx1ZT0iRmFsc2UiIC8+DQogICAgICAgICAgICA8UnVsZVBhcmFtZXRlciBOYW1lPSJVc2VSZWd1bGFyRXhwcmVzc2lvbiIgVmFsdWU9IkZhbHNlIiAvPg0KICAgICAgICAgICAgPFJ1bGVQYXJhbWV0ZXIgTmFtZT0iSHRtbERlY29kZSIgVmFsdWU9IlRydWUiIC8+DQogICAgICAgICAgICA8UnVsZVBhcmFtZXRlciBOYW1lPSJSZXF1aXJlZCIgVmFsdWU9IkZhbHNlIiAvPg0KICAgICAgICAgIDwvUnVsZVBhcmFtZXRlcnM+DQogICAgICAgIDwvRXh0cmFjdGlvblJ1bGU+DQogICAgICAgIDxFeHRyYWN0aW9uUnVsZSBDbGFzc25hbWU9Ik1pY3Jvc29mdC5WaXN1YWxTdHVkaW8uVGVzdFRvb2xzLldlYlRlc3RpbmcuUnVsZXMuRXh0cmFjdFRleHQsIE1pY3Jvc29mdC5WaXN1YWxTdHVkaW8uUXVhbGl0eVRvb2xzLldlYlRlc3RGcmFtZXdvcmssIFZlcnNpb249OS4wLjAuMCwgQ3VsdHVyZT1uZXV0cmFsLCBQdWJsaWNLZXlUb2tlbj1iMDNmNWY3ZjExZDUwYTNhIiBWYXJpYWJsZU5hbWU9IlF1ZXJ5U3RyaW5nUGFyYW00MS5pcHNjMiIgRGlzcGxheU5hbWU9IiIgRGVzY3JpcHRpb249IiI+DQogICAgICAgICAgPFJ1bGVQYXJhbWV0ZXJzPg0KICAgICAgICAgICAgPFJ1bGVQYXJhbWV0ZXIgTmFtZT0iU3RhcnRzV2l0aCIgVmFsdWU9IiZhbXA7aXBzYzI9IiAvPg0KICAgICAgICAgICAgPFJ1bGVQYXJhbWV0ZXIgTmFtZT0iRW5kc1dpdGgiIFZhbHVlPSImcXVvdDsiIC8+DQogICAgICAgICAgICA8UnVsZVBhcmFtZXRlciBOYW1lPSJJbmRleCIgVmFsdWU9IjAiIC8+DQogICAgICAgICAgICA8UnVsZVBhcmFtZXRlciBOYW1lPSJJZ25vcmVDYXNlIiBWYWx1ZT0iRmFsc2UiIC8+DQogICAgICAgICAgICA8UnVsZVBhcmFtZXRlciBOYW1lPSJVc2VSZWd1bGFyRXhwcmVzc2lvbiIgVmFsdWU9IkZhbHNlIiAvPg0KICAgICAgICAgICAgPFJ1bGVQYXJhbWV0ZXIgTmFtZT0iSHRtbERlY29kZSIgVmFsdWU9IlRydWUiIC8+DQogICAgICAgICAgICA8UnVsZVBhcmFtZXRlciBOYW1lPSJSZXF1aXJlZCIgVmFsdWU9IkZhbHNlIiAvPg0KICAgICAgICAgIDwvUnVsZVBhcmFtZXRlcnM+DQogICAgICAgIDwvRXh0cmFjdGlvblJ1bGU+DQogICAgICA8L0NvcnJlbGF0aW9uRXh0cmFjdGlvblJ1bGVzPg0KICAgICAgPFF1ZXJ5U3RyaW5nUGFyYW1ldGVycz4NCiAgICAgICAgPFF1ZXJ5U3RyaW5nUGFyYW1ldGVyIE5hbWU9Im1vZCIgVmFsdWU9InBzYzIiIFJlY29yZGVkVmFsdWU9InBzYzIiIENvcnJlbGF0aW9uQmluZGluZz0ie3tRdWVyeVN0cmluZ1BhcmFtMzcubW9kfX0iIFVybEVuY29kZT0iRmFsc2UiIFVzZVRvR3JvdXBSZXN1bHRzPSJGYWxzZSIgLz4NCiAgICAgICAgPFF1ZXJ5U3RyaW5nUGFyYW1ldGVyIE5hbWU9ImlwYyIgVmFsdWU9IjEiIFJlY29yZGVkVmFsdWU9IjEiIENvcnJlbGF0aW9uQmluZGluZz0ie3tRdWVyeVN0cmluZ1BhcmFtMzguaXBjfX0iIFVybEVuY29kZT0iRmFsc2UiIFVzZVRvR3JvdXBSZXN1bHRzPSJGYWxzZSIgLz4NCiAgICAgICAgPFF1ZXJ5U3RyaW5nUGFyYW1ldGVyIE5hbWU9Imlwc2MxIiBWYWx1ZT0iMSIgUmVjb3JkZWRWYWx1ZT0iMSIgQ29ycmVsYXRpb25CaW5kaW5nPSJ7e1F1ZXJ5U3RyaW5nUGFyYW0zOS5pcHNjMX19IiBVcmxFbmNvZGU9IkZhbHNlIiBVc2VUb0dyb3VwUmVzdWx0cz0iRmFsc2UiIC8+DQogICAgICA8L1F1ZXJ5U3RyaW5nUGFyYW1ldGVycz4NCiAgICA8L1JlcXVlc3Q+DQogICAgPFJlcXVlc3QgTWV0aG9kPSJHRVQiIFZlcnNpb249IjEuMSIgVXJsPSJodHRwOi8vbG9jYWxob3N0L2luZHVzdHJ5L3RyYWRlL3NlbGwvaW5kZXgucGhwIiBUaGlua1RpbWU9IjIiIFRpbWVvdXQ9IjMwMCIgUGFyc2VEZXBlbmRlbnRSZXF1ZXN0cz0iVHJ1ZSIgRm9sbG93UmVkaXJlY3RzPSJUcnVlIiBSZWNvcmRSZXN1bHQ9IlRydWUiIENhY2hlPSJGYWxzZSIgUmVzcG9uc2VUaW1lR29hbD0iMCIgRW5jb2Rpbmc9InV0Zi04IiBFeHBlY3RlZEh0dHBTdGF0dXNDb2RlPSIwIiBFeHBlY3RlZFJlc3BvbnNlVXJsPSIiPg0KICAgICAgPENvcnJlbGF0aW9uRXh0cmFjdGlvblJ1bGVzPg0KICAgICAgICA8RXh0cmFjdGlvblJ1bGUgQ2xhc3NuYW1lPSJNaWNyb3NvZnQuVmlzdWFsU3R1ZGlvLlRlc3RUb29scy5XZWJUZXN0aW5nLlJ1bGVzLkV4dHJhY3RUZXh0LCBNaWNyb3NvZnQuVmlzdWFsU3R1ZGlvLlF1YWxpdHlUb29scy5XZWJUZXN0RnJhbWV3b3JrLCBWZXJzaW9uPTkuMC4wLjAsIEN1bHR1cmU9bmV1dHJhbCwgUHVibGljS2V5VG9rZW49YjAzZjVmN2YxMWQ1MGEzYSIgVmFyaWFibGVOYW1lPSJRdWVyeVN0cmluZ1BhcmFtMjUubW9kIiBEaXNwbGF5TmFtZT0iIiBEZXNjcmlwdGlvbj0iIj4NCiAgICAgICAgICA8UnVsZVBhcmFtZXRlcnM+DQogICAgICAgICAgICA8UnVsZVBhcmFtZXRlciBOYW1lPSJTdGFydHNXaXRoIiBWYWx1ZT0iP21vZD0iIC8+DQogICAgICAgICAgICA8UnVsZVBhcmFtZXRlciBOYW1lPSJFbmRzV2l0aCIgVmFsdWU9IiZhbXA7IiAvPg0KICAgICAgICAgICAgPFJ1bGVQYXJhbWV0ZXIgTmFtZT0iSW5kZXgiIFZhbHVlPSIxMCIgLz4NCiAgICAgICAgICAgIDxSdWxlUGFyYW1ldGVyIE5hbWU9Iklnbm9yZUNhc2UiIFZhbHVlPSJGYWxzZSIgLz4NCiAgICAgICAgICAgIDxSdWxlUGFyYW1ldGVyIE5hbWU9IlVzZVJlZ3VsYXJFeHByZXNzaW9uIiBWYWx1ZT0iRmFsc2UiIC8+DQogICAgICAgICAgICA8UnVsZVBhcmFtZXRlciBOYW1lPSJIdG1sRGVjb2RlIiBWYWx1ZT0iVHJ1ZSIgLz4NCiAgICAgICAgICAgIDxSdWxlUGFyYW1ldGVyIE5hbWU9IlJlcXVpcmVkIiBWYWx1ZT0iRmFsc2UiIC8+DQogICAgICAgICAgPC9SdWxlUGFyYW1ldGVycz4NCiAgICAgICAgPC9FeHRyYWN0aW9uUnVsZT4NCiAgICAgICAgPEV4dHJhY3Rpb25SdWxlIENsYXNzbmFtZT0iTWljcm9zb2Z0LlZpc3VhbFN0dWRpby5UZXN0VG9vbHMuV2ViVGVzdGluZy5SdWxlcy5FeHRyYWN0VGV4dCwgTWljcm9zb2Z0LlZpc3VhbFN0dWRpby5RdWFsaXR5VG9vbHMuV2ViVGVzdEZyYW1ld29yaywgVmVyc2lvbj05LjAuMC4wLCBDdWx0dXJlPW5ldXRyYWwsIFB1YmxpY0tleVRva2VuPWIwM2Y1ZjdmMTFkNTBhM2EiIFZhcmlhYmxlTmFtZT0iUXVlcnlTdHJpbmdQYXJhbTI2LmltYiIgRGlzcGxheU5hbWU9IiIgRGVzY3JpcHRpb249IiI+DQogICAgICAgICAgPFJ1bGVQYXJhbWV0ZXJzPg0KICAgICAgICAgICAgPFJ1bGVQYXJhbWV0ZXIgTmFtZT0iU3RhcnRzV2l0aCIgVmFsdWU9IiZhbXA7aW1iPSIgLz4NCiAgICAgICAgICAgIDxSdWxlUGFyYW1ldGVyIE5hbWU9IkVuZHNXaXRoIiBWYWx1ZT0iJmFtcDsiIC8+DQogICAgICAgICAgICA8UnVsZVBhcmFtZXRlciBOYW1lPSJJbmRleCIgVmFsdWU9IjAiIC8+DQogICAgICAgICAgICA8UnVsZVBhcmFtZXRlciBOYW1lPSJJZ25vcmVDYXNlIiBWYWx1ZT0iRmFsc2UiIC8+DQogICAgICAgICAgICA8UnVsZVBhcmFtZXRlciBOYW1lPSJVc2VSZWd1bGFyRXhwcmVzc2lvbiIgVmFsdWU9IkZhbHNlIiAvPg0KICAgICAgICAgICAgPFJ1bGVQYXJhbWV0ZXIgTmFtZT0iSHRtbERlY29kZSIgVmFsdWU9IlRydWUiIC8+DQogICAgICAgICAgICA8UnVsZVBhcmFtZXRlciBOYW1lPSJSZXF1aXJlZCIgVmFsdWU9IkZhbHNlIiAvPg0KICAgICAgICAgIDwvUnVsZVBhcmFtZXRlcnM+DQogICAgICAgIDwvRXh0cmFjdGlvblJ1bGU+DQogICAgICAgIDxFeHRyYWN0aW9uUnVsZSBDbGFzc25hbWU9Ik1pY3Jvc29mdC5WaXN1YWxTdHVkaW8uVGVzdFRvb2xzLldlYlRlc3RpbmcuUnVsZXMuRXh0cmFjdFRleHQsIE1pY3Jvc29mdC5WaXN1YWxTdHVkaW8uUXVhbGl0eVRvb2xzLldlYlRlc3RGcmFtZXdvcmssIFZlcnNpb249OS4wLjAuMCwgQ3VsdHVyZT1uZXV0cmFsLCBQdWJsaWNLZXlUb2tlbj1iMDNmNWY3ZjExZDUwYTNhIiBWYXJpYWJsZU5hbWU9IlF1ZXJ5U3RyaW5nUGFyYW0yNy5pcGMiIERpc3BsYXlOYW1lPSIiIERlc2NyaXB0aW9uPSIiPg0KICAgICAgICAgIDxSdWxlUGFyYW1ldGVycz4NCiAgICAgICAgICAgIDxSdWxlUGFyYW1ldGVyIE5hbWU9IlN0YXJ0c1dpdGgiIFZhbHVlPSImYW1wO2lwYz0iIC8+DQogICAgICAgICAgICA8UnVsZVBhcmFtZXRlciBOYW1lPSJFbmRzV2l0aCIgVmFsdWU9IiZxdW90OyIgLz4NCiAgICAgICAgICAgIDxSdWxlUGFyYW1ldGVyIE5hbWU9IkluZGV4IiBWYWx1ZT0iMCIgLz4NCiAgICAgICAgICAgIDxSdWxlUGFyYW1ldGVyIE5hbWU9Iklnbm9yZUNhc2UiIFZhbHVlPSJGYWxzZSIgLz4NCiAgICAgICAgICAgIDxSdWxlUGFyYW1ldGVyIE5hbWU9IlVzZVJlZ3VsYXJFeHByZXNzaW9uIiBWYWx1ZT0iRmFsc2UiIC8+DQogICAgICAgICAgICA8UnVsZVBhcmFtZXRlciBOYW1lPSJIdG1sRGVjb2RlIiBWYWx1ZT0iVHJ1ZSIgLz4NCiAgICAgICAgICAgIDxSdWxlUGFyYW1ldGVyIE5hbWU9IlJlcXVpcmVkIiBWYWx1ZT0iRmFsc2UiIC8+DQogICAgICAgICAgPC9SdWxlUGFyYW1ldGVycz4NCiAgICAgICAgPC9FeHRyYWN0aW9uUnVsZT4NCiAgICAgICAgPEV4dHJhY3Rpb25SdWxlIENsYXNzbmFtZT0iTWljcm9zb2Z0LlZpc3VhbFN0dWRpby5UZXN0VG9vbHMuV2ViVGVzdGluZy5SdWxlcy5FeHRyYWN0VGV4dCwgTWljcm9zb2Z0LlZpc3VhbFN0dWRpby5RdWFsaXR5VG9vbHMuV2ViVGVzdEZyYW1ld29yaywgVmVyc2lvbj05LjAuMC4wLCBDdWx0dXJlPW5ldXRyYWwsIFB1YmxpY0tleVRva2VuPWIwM2Y1ZjdmMTFkNTBhM2EiIFZhcmlhYmxlTmFtZT0iUXVlcnlTdHJpbmdQYXJhbTI4LmlwIiBEaXNwbGF5TmFtZT0iIiBEZXNjcmlwdGlvbj0iIj4NCiAgICAgICAgICA8UnVsZVBhcmFtZXRlcnM+DQogICAgICAgICAgICA8UnVsZVBhcmFtZXRlciBOYW1lPSJTdGFydHNXaXRoIiBWYWx1ZT0iJmFtcDtpcD0iIC8+DQogICAgICAgICAgICA8UnVsZVBhcmFtZXRlciBOYW1lPSJFbmRzV2l0aCIgVmFsdWU9IiZxdW90OyIgLz4NCiAgICAgICAgICAgIDxSdWxlUGFyYW1ldGVyIE5hbWU9IkluZGV4IiBWYWx1ZT0iMSIgLz4NCiAgICAgICAgICAgIDxSdWxlUGFyYW1ldGVyIE5hbWU9Iklnbm9yZUNhc2UiIFZhbHVlPSJGYWxzZSIgLz4NCiAgICAgICAgICAgIDxSdWxlUGFyYW1ldGVyIE5hbWU9IlVzZVJlZ3VsYXJFeHByZXNzaW9uIiBWYWx1ZT0iRmFsc2UiIC8+DQogICAgICAgICAgICA8UnVsZVBhcmFtZXRlciBOYW1lPSJIdG1sRGVjb2RlIiBWYWx1ZT0iVHJ1ZSIgLz4NCiAgICAgICAgICAgIDxSdWxlUGFyYW1ldGVyIE5hbWU9IlJlcXVpcmVkIiBWYWx1ZT0iRmFsc2UiIC8+DQogICAgICAgICAgPC9SdWxlUGFyYW1ldGVycz4NCiAgICAgICAgPC9FeHRyYWN0aW9uUnVsZT4NCiAgICAgICAgPEV4dHJhY3Rpb25SdWxlIENsYXNzbmFtZT0iTWljcm9zb2Z0LlZpc3VhbFN0dWRpby5UZXN0VG9vbHMuV2ViVGVzdGluZy5SdWxlcy5FeHRyYWN0VGV4dCwgTWljcm9zb2Z0LlZpc3VhbFN0dWRpby5RdWFsaXR5VG9vbHMuV2ViVGVzdEZyYW1ld29yaywgVmVyc2lvbj05LjAuMC4wLCBDdWx0dXJlPW5ldXRyYWwsIFB1YmxpY0tleVRva2VuPWIwM2Y1ZjdmMTFkNTBhM2EiIFZhcmlhYmxlTmFtZT0iUXVlcnlTdHJpbmdQYXJhbTQyLm1vZCIgRGlzcGxheU5hbWU9IiIgRGVzY3JpcHRpb249IiI+DQogICAgICAgICAgPFJ1bGVQYXJhbWV0ZXJzPg0KICAgICAgICAgICAgPFJ1bGVQYXJhbWV0ZXIgTmFtZT0iU3RhcnRzV2l0aCIgVmFsdWU9Ij9tb2Q9IiAvPg0KICAgICAgICAgICAgPFJ1bGVQYXJhbWV0ZXIgTmFtZT0iRW5kc1dpdGgiIFZhbHVlPSImYW1wOyIgLz4NCiAgICAgICAgICAgIDxSdWxlUGFyYW1ldGVyIE5hbWU9IkluZGV4IiBWYWx1ZT0iOSIgLz4NCiAgICAgICAgICAgIDxSdWxlUGFyYW1ldGVyIE5hbWU9Iklnbm9yZUNhc2UiIFZhbHVlPSJGYWxzZSIgLz4NCiAgICAgICAgICAgIDxSdWxlUGFyYW1ldGVyIE5hbWU9IlVzZVJlZ3VsYXJFeHByZXNzaW9uIiBWYWx1ZT0iRmFsc2UiIC8+DQogICAgICAgICAgICA8UnVsZVBhcmFtZXRlciBOYW1lPSJIdG1sRGVjb2RlIiBWYWx1ZT0iVHJ1ZSIgLz4NCiAgICAgICAgICAgIDxSdWxlUGFyYW1ldGVyIE5hbWU9IlJlcXVpcmVkIiBWYWx1ZT0iRmFsc2UiIC8+DQogICAgICAgICAgPC9SdWxlUGFyYW1ldGVycz4NCiAgICAgICAgPC9FeHRyYWN0aW9uUnVsZT4NCiAgICAgICAgPEV4dHJhY3Rpb25SdWxlIENsYXNzbmFtZT0iTWljcm9zb2Z0LlZpc3VhbFN0dWRpby5UZXN0VG9vbHMuV2ViVGVzdGluZy5SdWxlcy5FeHRyYWN0VGV4dCwgTWljcm9zb2Z0LlZpc3VhbFN0dWRpby5RdWFsaXR5VG9vbHMuV2ViVGVzdEZyYW1ld29yaywgVmVyc2lvbj05LjAuMC4wLCBDdWx0dXJlPW5ldXRyYWwsIFB1YmxpY0tleVRva2VuPWIwM2Y1ZjdmMTFkNTBhM2EiIFZhcmlhYmxlTmFtZT0iUXVlcnlTdHJpbmdQYXJhbTQzLmlwYyIgRGlzcGxheU5hbWU9IiIgRGVzY3JpcHRpb249IiI+DQogICAgICAgICAgPFJ1bGVQYXJhbWV0ZXJzPg0KICAgICAgICAgICAgPFJ1bGVQYXJhbWV0ZXIgTmFtZT0iU3RhcnRzV2l0aCIgVmFsdWU9IiZhbXA7aXBjPSIgLz4NCiAgICAgICAgICAgIDxSdWxlUGFyYW1ldGVyIE5hbWU9IkVuZHNXaXRoIiBWYWx1ZT0iJmFtcDsiIC8+DQogICAgICAgICAgICA8UnVsZVBhcmFtZXRlciBOYW1lPSJJbmRleCIgVmFsdWU9IjIiIC8+DQogICAgICAgICAgICA8UnVsZVBhcmFtZXRlciBOYW1lPSJJZ25vcmVDYXNlIiBWYWx1ZT0iRmFsc2UiIC8+DQogICAgICAgICAgICA8UnVsZVBhcmFtZXRlciBOYW1lPSJVc2VSZWd1bGFyRXhwcmVzc2lvbiIgVmFsdWU9IkZhbHNlIiAvPg0KICAgICAgICAgICAgPFJ1bGVQYXJhbWV0ZXIgTmFtZT0iSHRtbERlY29kZSIgVmFsdWU9IlRydWUiIC8+DQogICAgICAgICAgICA8UnVsZVBhcmFtZXRlciBOYW1lPSJSZXF1aXJlZCIgVmFsdWU9IkZhbHNlIiAvPg0KICAgICAgICAgIDwvUnVsZVBhcmFtZXRlcnM+DQogICAgICAgIDwvRXh0cmFjdGlvblJ1bGU+DQogICAgICAgIDxFeHRyYWN0aW9uUnVsZSBDbGFzc25hbWU9Ik1pY3Jvc29mdC5WaXN1YWxTdHVkaW8uVGVzdFRvb2xzLldlYlRlc3RpbmcuUnVsZXMuRXh0cmFjdFRleHQsIE1pY3Jvc29mdC5WaXN1YWxTdHVkaW8uUXVhbGl0eVRvb2xzLldlYlRlc3RGcmFtZXdvcmssIFZlcnNpb249OS4wLjAuMCwgQ3VsdHVyZT1uZXV0cmFsLCBQdWJsaWNLZXlUb2tlbj1iMDNmNWY3ZjExZDUwYTNhIiBWYXJpYWJsZU5hbWU9IlF1ZXJ5U3RyaW5nUGFyYW00NC5pcHNjMSIgRGlzcGxheU5hbWU9IiIgRGVzY3JpcHRpb249IiI+DQogICAgICAgICAgPFJ1bGVQYXJhbWV0ZXJzPg0KICAgICAgICAgICAgPFJ1bGVQYXJhbWV0ZXIgTmFtZT0iU3RhcnRzV2l0aCIgVmFsdWU9IiZhbXA7aXBzYzE9IiAvPg0KICAgICAgICAgICAgPFJ1bGVQYXJhbWV0ZXIgTmFtZT0iRW5kc1dpdGgiIFZhbHVlPSImYW1wOyIgLz4NCiAgICAgICAgICAgIDxSdWxlUGFyYW1ldGVyIE5hbWU9IkluZGV4IiBWYWx1ZT0iMSIgLz4NCiAgICAgICAgICAgIDxSdWxlUGFyYW1ldGVyIE5hbWU9Iklnbm9yZUNhc2UiIFZhbHVlPSJGYWxzZSIgLz4NCiAgICAgICAgICAgIDxSdWxlUGFyYW1ldGVyIE5hbWU9IlVzZVJlZ3VsYXJFeHByZXNzaW9uIiBWYWx1ZT0iRmFsc2UiIC8+DQogICAgICAgICAgICA8UnVsZVBhcmFtZXRlciBOYW1lPSJIdG1sRGVjb2RlIiBWYWx1ZT0iVHJ1ZSIgLz4NCiAgICAgICAgICAgIDxSdWxlUGFyYW1ldGVyIE5hbWU9IlJlcXVpcmVkIiBWYWx1ZT0iRmFsc2UiIC8+DQogICAgICAgICAgPC9SdWxlUGFyYW1ldGVycz4NCiAgICAgICAgPC9FeHRyYWN0aW9uUnVsZT4NCiAgICAgICAgPEV4dHJhY3Rpb25SdWxlIENsYXNzbmFtZT0iTWljcm9zb2Z0LlZpc3VhbFN0dWRpby5UZXN0VG9vbHMuV2ViVGVzdGluZy5SdWxlcy5FeHRyYWN0VGV4dCwgTWljcm9zb2Z0LlZpc3VhbFN0dWRpby5RdWFsaXR5VG9vbHMuV2ViVGVzdEZyYW1ld29yaywgVmVyc2lvbj05LjAuMC4wLCBDdWx0dXJlPW5ldXRyYWwsIFB1YmxpY0tleVRva2VuPWIwM2Y1ZjdmMTFkNTBhM2EiIFZhcmlhYmxlTmFtZT0iUXVlcnlTdHJpbmdQYXJhbTQ1Lmlwc2MyIiBEaXNwbGF5TmFtZT0iIiBEZXNjcmlwdGlvbj0iIj4NCiAgICAgICAgICA8UnVsZVBhcmFtZXRlcnM+DQogICAgICAgICAgICA8UnVsZVBhcmFtZXRlciBOYW1lPSJTdGFydHNXaXRoIiBWYWx1ZT0iJmFtcDtpcHNjMj0iIC8+DQogICAgICAgICAgICA8UnVsZVBhcmFtZXRlciBOYW1lPSJFbmRzV2l0aCIgVmFsdWU9IiZhbXA7IiAvPg0KICAgICAgICAgICAgPFJ1bGVQYXJhbWV0ZXIgTmFtZT0iSW5kZXgiIFZhbHVlPSIwIiAvPg0KICAgICAgICAgICAgPFJ1bGVQYXJhbWV0ZXIgTmFtZT0iSWdub3JlQ2FzZSIgVmFsdWU9IkZhbHNlIiAvPg0KICAgICAgICAgICAgPFJ1bGVQYXJhbWV0ZXIgTmFtZT0iVXNlUmVndWxhckV4cHJlc3Npb24iIFZhbHVlPSJGYWxzZSIgLz4NCiAgICAgICAgICAgIDxSdWxlUGFyYW1ldGVyIE5hbWU9Ikh0bWxEZWNvZGUiIFZhbHVlPSJUcnVlIiAvPg0KICAgICAgICAgICAgPFJ1bGVQYXJhbWV0ZXIgTmFtZT0iUmVxdWlyZWQiIFZhbHVlPSJGYWxzZSIgLz4NCiAgICAgICAgICA8L1J1bGVQYXJhbWV0ZXJzPg0KICAgICAgICA8L0V4dHJhY3Rpb25SdWxlPg0KICAgICAgICA8RXh0cmFjdGlvblJ1bGUgQ2xhc3NuYW1lPSJNaWNyb3NvZnQuVmlzdWFsU3R1ZGlvLlRlc3RUb29scy5XZWJUZXN0aW5nLlJ1bGVzLkV4dHJhY3RUZXh0LCBNaWNyb3NvZnQuVmlzdWFsU3R1ZGlvLlF1YWxpdHlUb29scy5XZWJUZXN0RnJhbWV3b3JrLCBWZXJzaW9uPTkuMC4wLjAsIEN1bHR1cmU9bmV1dHJhbCwgUHVibGljS2V5VG9rZW49YjAzZjVmN2YxMWQ1MGEzYSIgVmFyaWFibGVOYW1lPSJRdWVyeVN0cmluZ1BhcmFtNDYuaXBzYzMiIERpc3BsYXlOYW1lPSIiIERlc2NyaXB0aW9uPSIiPg0KICAgICAgICAgIDxSdWxlUGFyYW1ldGVycz4NCiAgICAgICAgICAgIDxSdWxlUGFyYW1ldGVyIE5hbWU9IlN0YXJ0c1dpdGgiIFZhbHVlPSImYW1wO2lwc2MzPSIgLz4NCiAgICAgICAgICAgIDxSdWxlUGFyYW1ldGVyIE5hbWU9IkVuZHNXaXRoIiBWYWx1ZT0iJnF1b3Q7IiAvPg0KICAgICAgICAgICAgPFJ1bGVQYXJhbWV0ZXIgTmFtZT0iSW5kZXgiIFZhbHVlPSIwIiAvPg0KICAgICAgICAgICAgPFJ1bGVQYXJhbWV0ZXIgTmFtZT0iSWdub3JlQ2FzZSIgVmFsdWU9IkZhbHNlIiAvPg0KICAgICAgICAgICAgPFJ1bGVQYXJhbWV0ZXIgTmFtZT0iVXNlUmVndWxhckV4cHJlc3Npb24iIFZhbHVlPSJGYWxzZSIgLz4NCiAgICAgICAgICAgIDxSdWxlUGFyYW1ldGVyIE5hbWU9Ikh0bWxEZWNvZGUiIFZhbHVlPSJUcnVlIiAvPg0KICAgICAgICAgICAgPFJ1bGVQYXJhbWV0ZXIgTmFtZT0iUmVxdWlyZWQiIFZhbHVlPSJGYWxzZSIgLz4NCiAgICAgICAgICA8L1J1bGVQYXJhbWV0ZXJzPg0KICAgICAgICA8L0V4dHJhY3Rpb25SdWxlPg0KICAgICAgPC9Db3JyZWxhdGlvbkV4dHJhY3Rpb25SdWxlcz4NCiAgICAgIDxRdWVyeVN0cmluZ1BhcmFtZXRlcnM+DQogICAgICAgIDxRdWVyeVN0cmluZ1BhcmFtZXRlciBOYW1lPSJtb2QiIFZhbHVlPSJwc2MzIiBSZWNvcmRlZFZhbHVlPSJwc2MzIiBDb3JyZWxhdGlvbkJpbmRpbmc9Int7UXVlcnlTdHJpbmdQYXJhbTQwLm1vZH19IiBVcmxFbmNvZGU9IkZhbHNlIiBVc2VUb0dyb3VwUmVzdWx0cz0iRmFsc2UiIC8+DQogICAgICAgIDxRdWVyeVN0cmluZ1BhcmFtZXRlciBOYW1lPSJpcGMiIFZhbHVlPSIxIiBSZWNvcmRlZFZhbHVlPSIxIiBDb3JyZWxhdGlvbkJpbmRpbmc9Int7UXVlcnlTdHJpbmdQYXJhbTMwLmlwY319IiBVcmxFbmNvZGU9IkZhbHNlIiBVc2VUb0dyb3VwUmVzdWx0cz0iRmFsc2UiIC8+DQogICAgICAgIDxRdWVyeVN0cmluZ1BhcmFtZXRlciBOYW1lPSJpcHNjMSIgVmFsdWU9IjEiIFJlY29yZGVkVmFsdWU9IjEiIENvcnJlbGF0aW9uQmluZGluZz0ie3tRdWVyeVN0cmluZ1BhcmFtMzEuaXBzYzF9fSIgVXJsRW5jb2RlPSJGYWxzZSIgVXNlVG9Hcm91cFJlc3VsdHM9IkZhbHNlIiAvPg0KICAgICAgICA8UXVlcnlTdHJpbmdQYXJhbWV0ZXIgTmFtZT0iaXBzYzIiIFZhbHVlPSIxIiBSZWNvcmRlZFZhbHVlPSIxIiBDb3JyZWxhdGlvbkJpbmRpbmc9Int7UXVlcnlTdHJpbmdQYXJhbTQxLmlwc2MyfX0iIFVybEVuY29kZT0iRmFsc2UiIFVzZVRvR3JvdXBSZXN1bHRzPSJGYWxzZSIgLz4NCiAgICAgIDwvUXVlcnlTdHJpbmdQYXJhbWV0ZXJzPg0KICAgIDwvUmVxdWVzdD4NCiAgICA8UmVxdWVzdCBNZXRob2Q9IkdFVCIgVmVyc2lvbj0iMS4xIiBVcmw9Imh0dHA6Ly9sb2NhbGhvc3QvaW5kdXN0cnkvdHJhZGUvc2VsbC9pbmRleC5waHAiIFRoaW5rVGltZT0iMiIgVGltZW91dD0iMzAwIiBQYXJzZURlcGVuZGVudFJlcXVlc3RzPSJUcnVlIiBGb2xsb3dSZWRpcmVjdHM9IlRydWUiIFJlY29yZFJlc3VsdD0iVHJ1ZSIgQ2FjaGU9IkZhbHNlIiBSZXNwb25zZVRpbWVHb2FsPSIwIiBFbmNvZGluZz0idXRmLTgiIEV4cGVjdGVkSHR0cFN0YXR1c0NvZGU9IjAiIEV4cGVjdGVkUmVzcG9uc2VVcmw9IiI+DQogICAgICA8UXVlcnlTdHJpbmdQYXJhbWV0ZXJzPg0KICAgICAgICA8UXVlcnlTdHJpbmdQYXJhbWV0ZXIgTmFtZT0ibW9kIiBWYWx1ZT0icHNjNCIgUmVjb3JkZWRWYWx1ZT0icHNjNCIgQ29ycmVsYXRpb25CaW5kaW5nPSJ7e1F1ZXJ5U3RyaW5nUGFyYW00Mi5tb2R9fSIgVXJsRW5jb2RlPSJGYWxzZSIgVXNlVG9Hcm91cFJlc3VsdHM9IkZhbHNlIiAvPg0KICAgICAgICA8UXVlcnlTdHJpbmdQYXJhbWV0ZXIgTmFtZT0iaXBjIiBWYWx1ZT0iMSIgUmVjb3JkZWRWYWx1ZT0iMSIgQ29ycmVsYXRpb25CaW5kaW5nPSJ7e1F1ZXJ5U3RyaW5nUGFyYW00My5pcGN9fSIgVXJsRW5jb2RlPSJGYWxzZSIgVXNlVG9Hcm91cFJlc3VsdHM9IkZhbHNlIiAvPg0KICAgICAgICA8UXVlcnlTdHJpbmdQYXJhbWV0ZXIgTmFtZT0iaXBzYzEiIFZhbHVlPSIxIiBSZWNvcmRlZFZhbHVlPSIxIiBDb3JyZWxhdGlvbkJpbmRpbmc9Int7UXVlcnlTdHJpbmdQYXJhbTQ0Lmlwc2MxfX0iIFVybEVuY29kZT0iRmFsc2UiIFVzZVRvR3JvdXBSZXN1bHRzPSJGYWxzZSIgLz4NCiAgICAgICAgPFF1ZXJ5U3RyaW5nUGFyYW1ldGVyIE5hbWU9Imlwc2MyIiBWYWx1ZT0iMSIgUmVjb3JkZWRWYWx1ZT0iMSIgQ29ycmVsYXRpb25CaW5kaW5nPSJ7e1F1ZXJ5U3RyaW5nUGFyYW00NS5pcHNjMn19IiBVcmxFbmNvZGU9IkZhbHNlIiBVc2VUb0dyb3VwUmVzdWx0cz0iRmFsc2UiIC8+DQogICAgICAgIDxRdWVyeVN0cmluZ1BhcmFtZXRlciBOYW1lPSJpcHNjMyIgVmFsdWU9IjEiIFJlY29yZGVkVmFsdWU9IjEiIENvcnJlbGF0aW9uQmluZGluZz0ie3tRdWVyeVN0cmluZ1BhcmFtNDYuaXBzYzN9fSIgVXJsRW5jb2RlPSJGYWxzZSIgVXNlVG9Hcm91cFJlc3VsdHM9IkZhbHNlIiAvPg0KICAgICAgPC9RdWVyeVN0cmluZ1BhcmFtZXRlcnM+DQogICAgPC9SZXF1ZXN0Pg0KICAgIDxSZXF1ZXN0IE1ldGhvZD0iR0VUIiBWZXJzaW9uPSIxLjEiIFVybD0iaHR0cDovL2xvY2FsaG9zdC9pbmR1c3RyeS9zaG9wL21lbWJlci9pbmRleC5waHAiIFRoaW5rVGltZT0iMTAiIFRpbWVvdXQ9IjMwMCIgUGFyc2VEZXBlbmRlbnRSZXF1ZXN0cz0iVHJ1ZSIgRm9sbG93UmVkaXJlY3RzPSJUcnVlIiBSZWNvcmRSZXN1bHQ9IlRydWUiIENhY2hlPSJGYWxzZSIgUmVzcG9uc2VUaW1lR29hbD0iMCIgRW5jb2Rpbmc9InV0Zi04IiBFeHBlY3RlZEh0dHBTdGF0dXNDb2RlPSIwIiBFeHBlY3RlZFJlc3BvbnNlVXJsPSIiPg0KICAgICAgPFF1ZXJ5U3RyaW5nUGFyYW1ldGVycz4NCiAgICAgICAgPFF1ZXJ5U3RyaW5nUGFyYW1ldGVyIE5hbWU9Im1vZCIgVmFsdWU9ImRldGFpbCIgUmVjb3JkZWRWYWx1ZT0iZGV0YWlsIiBDb3JyZWxhdGlvbkJpbmRpbmc9Int7UXVlcnlTdHJpbmdQYXJhbTI1Lm1vZH19IiBVcmxFbmNvZGU9IkZhbHNlIiBVc2VUb0dyb3VwUmVzdWx0cz0iRmFsc2UiIC8+DQogICAgICAgIDxRdWVyeVN0cmluZ1BhcmFtZXRlciBOYW1lPSJpbWIiIFZhbHVlPSIyIiBSZWNvcmRlZFZhbHVlPSIyIiBDb3JyZWxhdGlvbkJpbmRpbmc9Int7UXVlcnlTdHJpbmdQYXJhbTI2LmltYn19IiBVcmxFbmNvZGU9IkZhbHNlIiBVc2VUb0dyb3VwUmVzdWx0cz0iRmFsc2UiIC8+DQogICAgICAgIDxRdWVyeVN0cmluZ1BhcmFtZXRlciBOYW1lPSJpcGMiIFZhbHVlPSIxIiBSZWNvcmRlZFZhbHVlPSIxIiBDb3JyZWxhdGlvbkJpbmRpbmc9Int7UXVlcnlTdHJpbmdQYXJhbTI3LmlwY319IiBVcmxFbmNvZGU9IkZhbHNlIiBVc2VUb0dyb3VwUmVzdWx0cz0iRmFsc2UiIC8+DQogICAgICAgIDxRdWVyeVN0cmluZ1BhcmFtZXRlciBOYW1lPSJpcCIgVmFsdWU9IjQiIFJlY29yZGVkVmFsdWU9IjQiIENvcnJlbGF0aW9uQmluZGluZz0ie3tRdWVyeVN0cmluZ1BhcmFtMjguaXB9fSIgVXJsRW5jb2RlPSJGYWxzZSIgVXNlVG9Hcm91cFJlc3VsdHM9IkZhbHNlIiAvPg0KICAgICAgPC9RdWVyeVN0cmluZ1BhcmFtZXRlcnM+DQogICAgPC9SZXF1ZXN0Pg0KICAgIDxSZXF1ZXN0IE1ldGhvZD0iR0VUIiBWZXJzaW9uPSIxLjEiIFVybD0iaHR0cDovL2xvY2FsaG9zdC9pbmR1c3RyeS9pbmRleC5waHAiIFRoaW5rVGltZT0iMCIgVGltZW91dD0iMzAwIiBQYXJzZURlcGVuZGVudFJlcXVlc3RzPSJUcnVlIiBGb2xsb3dSZWRpcmVjdHM9IlRydWUiIFJlY29yZFJlc3VsdD0iVHJ1ZSIgQ2FjaGU9IkZhbHNlIiBSZXNwb25zZVRpbWVHb2FsPSIwIiBFbmNvZGluZz0idXRmLTgiIEV4cGVjdGVkSHR0cFN0YXR1c0NvZGU9IjAiIEV4cGVjdGVkUmVzcG9uc2VVcmw9IiI+DQogICAgICA8Q29ycmVsYXRpb25FeHRyYWN0aW9uUnVsZXM+DQogICAgICAgIDxFeHRyYWN0aW9uUnVsZSBDbGFzc25hbWU9Ik1pY3Jvc29mdC5WaXN1YWxTdHVkaW8uVGVzdFRvb2xzLldlYlRlc3RpbmcuUnVsZXMuRXh0cmFjdFRleHQsIE1pY3Jvc29mdC5WaXN1YWxTdHVkaW8uUXVhbGl0eVRvb2xzLldlYlRlc3RGcmFtZXdvcmssIFZlcnNpb249OS4wLjAuMCwgQ3VsdHVyZT1uZXV0cmFsLCBQdWJsaWNLZXlUb2tlbj1iMDNmNWY3ZjExZDUwYTNhIiBWYXJpYWJsZU5hbWU9IlF1ZXJ5U3RyaW5nUGFyYW00Ny5tb2QiIERpc3BsYXlOYW1lPSIiIERlc2NyaXB0aW9uPSIiPg0KICAgICAgICAgIDxSdWxlUGFyYW1ldGVycz4NCiAgICAgICAgICAgIDxSdWxlUGFyYW1ldGVyIE5hbWU9IlN0YXJ0c1dpdGgiIFZhbHVlPSI/bW9kPSIgLz4NCiAgICAgICAgICAgIDxSdWxlUGFyYW1ldGVyIE5hbWU9IkVuZHNXaXRoIiBWYWx1ZT0iJmFtcDsiIC8+DQogICAgICAgICAgICA8UnVsZVBhcmFtZXRlciBOYW1lPSJJbmRleCIgVmFsdWU9IjUiIC8+DQogICAgICAgICAgICA8UnVsZVBhcmFtZXRlciBOYW1lPSJJZ25vcmVDYXNlIiBWYWx1ZT0iRmFsc2UiIC8+DQogICAgICAgICAgICA8UnVsZVBhcmFtZXRlciBOYW1lPSJVc2VSZWd1bGFyRXhwcmVzc2lvbiIgVmFsdWU9IkZhbHNlIiAvPg0KICAgICAgICAgICAgPFJ1bGVQYXJhbWV0ZXIgTmFtZT0iSHRtbERlY29kZSIgVmFsdWU9IlRydWUiIC8+DQogICAgICAgICAgICA8UnVsZVBhcmFtZXRlciBOYW1lPSJSZXF1aXJlZCIgVmFsdWU9IkZhbHNlIiAvPg0KICAgICAgICAgIDwvUnVsZVBhcmFtZXRlcnM+DQogICAgICAgIDwvRXh0cmFjdGlvblJ1bGU+DQogICAgICAgIDxFeHRyYWN0aW9uUnVsZSBDbGFzc25hbWU9Ik1pY3Jvc29mdC5WaXN1YWxTdHVkaW8uVGVzdFRvb2xzLldlYlRlc3RpbmcuUnVsZXMuRXh0cmFjdFRleHQsIE1pY3Jvc29mdC5WaXN1YWxTdHVkaW8uUXVhbGl0eVRvb2xzLldlYlRlc3RGcmFtZXdvcmssIFZlcnNpb249OS4wLjAuMCwgQ3VsdHVyZT1uZXV0cmFsLCBQdWJsaWNLZXlUb2tlbj1iMDNmNWY3ZjExZDUwYTNhIiBWYXJpYWJsZU5hbWU9IlF1ZXJ5U3RyaW5nUGFyYW00OC5pcGMiIERpc3BsYXlOYW1lPSIiIERlc2NyaXB0aW9uPSIiPg0KICAgICAgICAgIDxSdWxlUGFyYW1ldGVycz4NCiAgICAgICAgICAgIDxSdWxlUGFyYW1ldGVyIE5hbWU9IlN0YXJ0c1dpdGgiIFZhbHVlPSImYW1wO2lwYz0iIC8+DQogICAgICAgICAgICA8UnVsZVBhcmFtZXRlciBOYW1lPSJFbmRzV2l0aCIgVmFsdWU9IiZxdW90OyIgLz4NCiAgICAgICAgICAgIDxSdWxlUGFyYW1ldGVyIE5hbWU9IkluZGV4IiBWYWx1ZT0iMCIgLz4NCiAgICAgICAgICAgIDxSdWxlUGFyYW1ldGVyIE5hbWU9Iklnbm9yZUNhc2UiIFZhbHVlPSJGYWxzZSIgLz4NCiAgICAgICAgICAgIDxSdWxlUGFyYW1ldGVyIE5hbWU9IlVzZVJlZ3VsYXJFeHByZXNzaW9uIiBWYWx1ZT0iRmFsc2UiIC8+DQogICAgICAgICAgICA8UnVsZVBhcmFtZXRlciBOYW1lPSJIdG1sRGVjb2RlIiBWYWx1ZT0iVHJ1ZSIgLz4NCiAgICAgICAgICAgIDxSdWxlUGFyYW1ldGVyIE5hbWU9IlJlcXVpcmVkIiBWYWx1ZT0iRmFsc2UiIC8+DQogICAgICAgICAgPC9SdWxlUGFyYW1ldGVycz4NCiAgICAgICAgPC9FeHRyYWN0aW9uUnVsZT4NCiAgICAgIDwvQ29ycmVsYXRpb25FeHRyYWN0aW9uUnVsZXM+DQogICAgPC9SZXF1ZXN0Pg0KICAgIDxSZXF1ZXN0IE1ldGhvZD0iR0VUIiBWZXJzaW9uPSIxLjEiIFVybD0iaHR0cDovL2xvY2FsaG9zdC9pbmR1c3RyeS9nYWxsZXJ5LnN3ZiIgVGhpbmtUaW1lPSIxNSIgVGltZW91dD0iMzAwIiBQYXJzZURlcGVuZGVudFJlcXVlc3RzPSJUcnVlIiBGb2xsb3dSZWRpcmVjdHM9IlRydWUiIFJlY29yZFJlc3VsdD0iVHJ1ZSIgQ2FjaGU9IkZhbHNlIiBSZXNwb25zZVRpbWVHb2FsPSIwIiBFbmNvZGluZz0idXRmLTgiIEV4cGVjdGVkSHR0cFN0YXR1c0NvZGU9IjAiIEV4cGVjdGVkUmVzcG9uc2VVcmw9IiIgLz4NCiAgICA8UmVxdWVzdCBNZXRob2Q9IkdFVCIgVmVyc2lvbj0iMS4xIiBVcmw9Imh0dHA6Ly9sb2NhbGhvc3QvaW5kdXN0cnkvdHJhZGUvcHJvZHVjdC9pbmRleC5waHAiIFRoaW5rVGltZT0iOSIgVGltZW91dD0iMzAwIiBQYXJzZURlcGVuZGVudFJlcXVlc3RzPSJUcnVlIiBGb2xsb3dSZWRpcmVjdHM9IlRydWUiIFJlY29yZFJlc3VsdD0iVHJ1ZSIgQ2FjaGU9IkZhbHNlIiBSZXNwb25zZVRpbWVHb2FsPSIwIiBFbmNvZGluZz0idXRmLTgiIEV4cGVjdGVkSHR0cFN0YXR1c0NvZGU9IjAiIEV4cGVjdGVkUmVzcG9uc2VVcmw9IiI+DQogICAgICA8UXVlcnlTdHJpbmdQYXJhbWV0ZXJzPg0KICAgICAgICA8UXVlcnlTdHJpbmdQYXJhbWV0ZXIgTmFtZT0ibW9kIiBWYWx1ZT0icHNjMSIgUmVjb3JkZWRWYWx1ZT0icHNjMSIgQ29ycmVsYXRpb25CaW5kaW5nPSJ7e1F1ZXJ5U3RyaW5nUGFyYW00Ny5tb2R9fSIgVXJsRW5jb2RlPSJGYWxzZSIgVXNlVG9Hcm91cFJlc3VsdHM9IkZhbHNlIiAvPg0KICAgICAgICA8UXVlcnlTdHJpbmdQYXJhbWV0ZXIgTmFtZT0iaXBjIiBWYWx1ZT0iMSIgUmVjb3JkZWRWYWx1ZT0iMSIgQ29ycmVsYXRpb25CaW5kaW5nPSJ7e1F1ZXJ5U3RyaW5nUGFyYW00OC5pcGN9fSIgVXJsRW5jb2RlPSJGYWxzZSIgVXNlVG9Hcm91cFJlc3VsdHM9IkZhbHNlIiAvPg0KICAgICAgPC9RdWVyeVN0cmluZ1BhcmFtZXRlcnM+DQogICAgPC9SZXF1ZXN0Pg0KICAgIDxSZXF1ZXN0IE1ldGhvZD0iR0VUIiBWZXJzaW9uPSIxLjEiIFVybD0iaHR0cDovL2xvY2FsaG9zdC9pbmR1c3RyeS90cmFkZS9idXNpbmVzcy9pbmRleC5waHAiIFRoaW5rVGltZT0iNCIgVGltZW91dD0iMzAwIiBQYXJzZURlcGVuZGVudFJlcXVlc3RzPSJUcnVlIiBGb2xsb3dSZWRpcmVjdHM9IlRydWUiIFJlY29yZFJlc3VsdD0iVHJ1ZSIgQ2FjaGU9IkZhbHNlIiBSZXNwb25zZVRpbWVHb2FsPSIwIiBFbmNvZGluZz0idXRmLTgiIEV4cGVjdGVkSHR0cFN0YXR1c0NvZGU9IjAiIEV4cGVjdGVkUmVzcG9uc2VVcmw9IiI+DQogICAgICA8Q29ycmVsYXRpb25FeHRyYWN0aW9uUnVsZXM+DQogICAgICAgIDxFeHRyYWN0aW9uUnVsZSBDbGFzc25hbWU9Ik1pY3Jvc29mdC5WaXN1YWxTdHVkaW8uVGVzdFRvb2xzLldlYlRlc3RpbmcuUnVsZXMuRXh0cmFjdFRleHQsIE1pY3Jvc29mdC5WaXN1YWxTdHVkaW8uUXVhbGl0eVRvb2xzLldlYlRlc3RGcmFtZXdvcmssIFZlcnNpb249OS4wLjAuMCwgQ3VsdHVyZT1uZXV0cmFsLCBQdWJsaWNLZXlUb2tlbj1iMDNmNWY3ZjExZDUwYTNhIiBWYXJpYWJsZU5hbWU9IlF1ZXJ5U3RyaW5nUGFyYW00OS5pbWIiIERpc3BsYXlOYW1lPSIiIERlc2NyaXB0aW9uPSIiPg0KICAgICAgICAgIDxSdWxlUGFyYW1ldGVycz4NCiAgICAgICAgICAgIDxSdWxlUGFyYW1ldGVyIE5hbWU9IlN0YXJ0c1dpdGgiIFZhbHVlPSI/aW1iPSIgLz4NCiAgICAgICAgICAgIDxSdWxlUGFyYW1ldGVyIE5hbWU9IkVuZHNXaXRoIiBWYWx1ZT0iJnF1b3Q7IiAvPg0KICAgICAgICAgICAgPFJ1bGVQYXJhbWV0ZXIgTmFtZT0iSW5kZXgiIFZhbHVlPSIwIiAvPg0KICAgICAgICAgICAgPFJ1bGVQYXJhbWV0ZXIgTmFtZT0iSWdub3JlQ2FzZSIgVmFsdWU9IkZhbHNlIiAvPg0KICAgICAgICAgICAgPFJ1bGVQYXJhbWV0ZXIgTmFtZT0iVXNlUmVndWxhckV4cHJlc3Npb24iIFZhbHVlPSJGYWxzZSIgLz4NCiAgICAgICAgICAgIDxSdWxlUGFyYW1ldGVyIE5hbWU9Ikh0bWxEZWNvZGUiIFZhbHVlPSJUcnVlIiAvPg0KICAgICAgICAgICAgPFJ1bGVQYXJhbWV0ZXIgTmFtZT0iUmVxdWlyZWQiIFZhbHVlPSJGYWxzZSIgLz4NCiAgICAgICAgICA8L1J1bGVQYXJhbWV0ZXJzPg0KICAgICAgICA8L0V4dHJhY3Rpb25SdWxlPg0KICAgICAgPC9Db3JyZWxhdGlvbkV4dHJhY3Rpb25SdWxlcz4NCiAgICA8L1JlcXVlc3Q+DQogICAgPFJlcXVlc3QgTWV0aG9kPSJHRVQiIFZlcnNpb249IjEuMSIgVXJsPSJodHRwOi8vbG9jYWxob3N0L2luZHVzdHJ5L3Nob3AvYnVzaW5lc3MvaW5kZXgucGhwIiBUaGlua1RpbWU9IjEwIiBUaW1lb3V0PSIzMDAiIFBhcnNlRGVwZW5kZW50UmVxdWVzdHM9IlRydWUiIEZvbGxvd1JlZGlyZWN0cz0iVHJ1ZSIgUmVjb3JkUmVzdWx0PSJUcnVlIiBDYWNoZT0iRmFsc2UiIFJlc3BvbnNlVGltZUdvYWw9IjAiIEVuY29kaW5nPSJ1dGYtOCIgRXhwZWN0ZWRIdHRwU3RhdHVzQ29kZT0iMCIgRXhwZWN0ZWRSZXNwb25zZVVybD0iIj4NCiAgICAgIDxRdWVyeVN0cmluZ1BhcmFtZXRlcnM+DQogICAgICAgIDxRdWVyeVN0cmluZ1BhcmFtZXRlciBOYW1lPSJpbWIiIFZhbHVlPSIxIiBSZWNvcmRlZFZhbHVlPSIxIiBDb3JyZWxhdGlvbkJpbmRpbmc9Int7UXVlcnlTdHJpbmdQYXJhbTQ5LmltYn19IiBVcmxFbmNvZGU9IkZhbHNlIiBVc2VUb0dyb3VwUmVzdWx0cz0iRmFsc2UiIC8+DQogICAgICA8L1F1ZXJ5U3RyaW5nUGFyYW1ldGVycz4NCiAgICA8L1JlcXVlc3Q+DQogICAgPFJlcXVlc3QgTWV0aG9kPSJHRVQiIFZlcnNpb249IjEuMSIgVXJsPSJodHRwOi8vbG9jYWxob3N0L2luZHVzdHJ5L3RyYWRlL3NlcnZpY2UvaW5kZXgucGhwIiBUaGlua1RpbWU9IjQiIFRpbWVvdXQ9IjMwMCIgUGFyc2VEZXBlbmRlbnRSZXF1ZXN0cz0iVHJ1ZSIgRm9sbG93UmVkaXJlY3RzPSJUcnVlIiBSZWNvcmRSZXN1bHQ9IlRydWUiIENhY2hlPSJGYWxzZSIgUmVzcG9uc2VUaW1lR29hbD0iMCIgRW5jb2Rpbmc9InV0Zi04IiBFeHBlY3RlZEh0dHBTdGF0dXNDb2RlPSIwIiBFeHBlY3RlZFJlc3BvbnNlVXJsPSIiPg0KICAgICAgPENvcnJlbGF0aW9uRXh0cmFjdGlvblJ1bGVzPg0KICAgICAgICA8RXh0cmFjdGlvblJ1bGUgQ2xhc3NuYW1lPSJNaWNyb3NvZnQuVmlzdWFsU3R1ZGlvLlRlc3RUb29scy5XZWJUZXN0aW5nLlJ1bGVzLkV4dHJhY3RUZXh0LCBNaWNyb3NvZnQuVmlzdWFsU3R1ZGlvLlF1YWxpdHlUb29scy5XZWJUZXN0RnJhbWV3b3JrLCBWZXJzaW9uPTkuMC4wLjAsIEN1bHR1cmU9bmV1dHJhbCwgUHVibGljS2V5VG9rZW49YjAzZjVmN2YxMWQ1MGEzYSIgVmFyaWFibGVOYW1lPSJRdWVyeVN0cmluZ1BhcmFtNTAubW9kIiBEaXNwbGF5TmFtZT0iIiBEZXNjcmlwdGlvbj0iIj4NCiAgICAgICAgICA8UnVsZVBhcmFtZXRlcnM+DQogICAgICAgICAgICA8UnVsZVBhcmFtZXRlciBOYW1lPSJTdGFydHNXaXRoIiBWYWx1ZT0iP21vZD0iIC8+DQogICAgICAgICAgICA8UnVsZVBhcmFtZXRlciBOYW1lPSJFbmRzV2l0aCIgVmFsdWU9IiZhbXA7IiAvPg0KICAgICAgICAgICAgPFJ1bGVQYXJhbWV0ZXIgTmFtZT0iSW5kZXgiIFZhbHVlPSIxMCIgLz4NCiAgICAgICAgICAgIDxSdWxlUGFyYW1ldGVyIE5hbWU9Iklnbm9yZUNhc2UiIFZhbHVlPSJGYWxzZSIgLz4NCiAgICAgICAgICAgIDxSdWxlUGFyYW1ldGVyIE5hbWU9IlVzZVJlZ3VsYXJFeHByZXNzaW9uIiBWYWx1ZT0iRmFsc2UiIC8+DQogICAgICAgICAgICA8UnVsZVBhcmFtZXRlciBOYW1lPSJIdG1sRGVjb2RlIiBWYWx1ZT0iVHJ1ZSIgLz4NCiAgICAgICAgICAgIDxSdWxlUGFyYW1ldGVyIE5hbWU9IlJlcXVpcmVkIiBWYWx1ZT0iRmFsc2UiIC8+DQogICAgICAgICAgPC9SdWxlUGFyYW1ldGVycz4NCiAgICAgICAgPC9FeHRyYWN0aW9uUnVsZT4NCiAgICAgICAgPEV4dHJhY3Rpb25SdWxlIENsYXNzbmFtZT0iTWljcm9zb2Z0LlZpc3VhbFN0dWRpby5UZXN0VG9vbHMuV2ViVGVzdGluZy5SdWxlcy5FeHRyYWN0VGV4dCwgTWljcm9zb2Z0LlZpc3VhbFN0dWRpby5RdWFsaXR5VG9vbHMuV2ViVGVzdEZyYW1ld29yaywgVmVyc2lvbj05LjAuMC4wLCBDdWx0dXJlPW5ldXRyYWwsIFB1YmxpY0tleVRva2VuPWIwM2Y1ZjdmMTFkNTBhM2EiIFZhcmlhYmxlTmFtZT0iUXVlcnlTdHJpbmdQYXJhbTUxLmltYiIgRGlzcGxheU5hbWU9IiIgRGVzY3JpcHRpb249IiI+DQogICAgICAgICAgPFJ1bGVQYXJhbWV0ZXJzPg0KICAgICAgICAgICAgPFJ1bGVQYXJhbWV0ZXIgTmFtZT0iU3RhcnRzV2l0aCIgVmFsdWU9IiZhbXA7aW1iPSIgLz4NCiAgICAgICAgICAgIDxSdWxlUGFyYW1ldGVyIE5hbWU9IkVuZHNXaXRoIiBWYWx1ZT0iJmFtcDsiIC8+DQogICAgICAgICAgICA8UnVsZVBhcmFtZXRlciBOYW1lPSJJbmRleCIgVmFsdWU9IjAiIC8+DQogICAgICAgICAgICA8UnVsZVBhcmFtZXRlciBOYW1lPSJJZ25vcmVDYXNlIiBWYWx1ZT0iRmFsc2UiIC8+DQogICAgICAgICAgICA8UnVsZVBhcmFtZXRlciBOYW1lPSJVc2VSZWd1bGFyRXhwcmVzc2lvbiIgVmFsdWU9IkZhbHNlIiAvPg0KICAgICAgICAgICAgPFJ1bGVQYXJhbWV0ZXIgTmFtZT0iSHRtbERlY29kZSIgVmFsdWU9IlRydWUiIC8+DQogICAgICAgICAgICA8UnVsZVBhcmFtZXRlciBOYW1lPSJSZXF1aXJlZCIgVmFsdWU9IkZhbHNlIiAvPg0KICAgICAgICAgIDwvUnVsZVBhcmFtZXRlcnM+DQogICAgICAgIDwvRXh0cmFjdGlvblJ1bGU+DQogICAgICAgIDxFeHRyYWN0aW9uUnVsZSBDbGFzc25hbWU9Ik1pY3Jvc29mdC5WaXN1YWxTdHVkaW8uVGVzdFRvb2xzLldlYlRlc3RpbmcuUnVsZXMuRXh0cmFjdFRleHQsIE1pY3Jvc29mdC5WaXN1YWxTdHVkaW8uUXVhbGl0eVRvb2xzLldlYlRlc3RGcmFtZXdvcmssIFZlcnNpb249OS4wLjAuMCwgQ3VsdHVyZT1uZXV0cmFsLCBQdWJsaWNLZXlUb2tlbj1iMDNmNWY3ZjExZDUwYTNhIiBWYXJpYWJsZU5hbWU9IlF1ZXJ5U3RyaW5nUGFyYW01Mi5pc3YiIERpc3BsYXlOYW1lPSIiIERlc2NyaXB0aW9uPSIiPg0KICAgICAgICAgIDxSdWxlUGFyYW1ldGVycz4NCiAgICAgICAgICAgIDxSdWxlUGFyYW1ldGVyIE5hbWU9IlN0YXJ0c1dpdGgiIFZhbHVlPSImYW1wO2lzdj0iIC8+DQogICAgICAgICAgICA8UnVsZVBhcmFtZXRlciBOYW1lPSJFbmRzV2l0aCIgVmFsdWU9IiZhbXA7IiAvPg0KICAgICAgICAgICAgPFJ1bGVQYXJhbWV0ZXIgTmFtZT0iSW5kZXgiIFZhbHVlPSIwIiAvPg0KICAgICAgICAgICAgPFJ1bGVQYXJhbWV0ZXIgTmFtZT0iSWdub3JlQ2FzZSIgVmFsdWU9IkZhbHNlIiAvPg0KICAgICAgICAgICAgPFJ1bGVQYXJhbWV0ZXIgTmFtZT0iVXNlUmVndWxhckV4cHJlc3Npb24iIFZhbHVlPSJGYWxzZSIgLz4NCiAgICAgICAgICAgIDxSdWxlUGFyYW1ldGVyIE5hbWU9Ikh0bWxEZWNvZGUiIFZhbHVlPSJUcnVlIiAvPg0KICAgICAgICAgICAgPFJ1bGVQYXJhbWV0ZXIgTmFtZT0iUmVxdWlyZWQiIFZhbHVlPSJGYWxzZSIgLz4NCiAgICAgICAgICA8L1J1bGVQYXJhbWV0ZXJzPg0KICAgICAgICA8L0V4dHJhY3Rpb25SdWxlPg0KICAgICAgICA8RXh0cmFjdGlvblJ1bGUgQ2xhc3NuYW1lPSJNaWNyb3NvZnQuVmlzdWFsU3R1ZGlvLlRlc3RUb29scy5XZWJUZXN0aW5nLlJ1bGVzLkV4dHJhY3RUZXh0LCBNaWNyb3NvZnQuVmlzdWFsU3R1ZGlvLlF1YWxpdHlUb29scy5XZWJUZXN0RnJhbWV3b3JrLCBWZXJzaW9uPTkuMC4wLjAsIEN1bHR1cmU9bmV1dHJhbCwgUHVibGljS2V5VG9rZW49YjAzZjVmN2YxMWQ1MGEzYSIgVmFyaWFibGVOYW1lPSJRdWVyeVN0cmluZ1BhcmFtNTMuaXN2YyIgRGlzcGxheU5hbWU9IiIgRGVzY3JpcHRpb249IiI+DQogICAgICAgICAgPFJ1bGVQYXJhbWV0ZXJzPg0KICAgICAgICAgICAgPFJ1bGVQYXJhbWV0ZXIgTmFtZT0iU3RhcnRzV2l0aCIgVmFsdWU9IiZhbXA7aXN2Yz0iIC8+DQogICAgICAgICAgICA8UnVsZVBhcmFtZXRlciBOYW1lPSJFbmRzV2l0aCIgVmFsdWU9IiZxdW90OyIgLz4NCiAgICAgICAgICAgIDxSdWxlUGFyYW1ldGVyIE5hbWU9IkluZGV4IiBWYWx1ZT0iMSIgLz4NCiAgICAgICAgICAgIDxSdWxlUGFyYW1ldGVyIE5hbWU9Iklnbm9yZUNhc2UiIFZhbHVlPSJGYWxzZSIgLz4NCiAgICAgICAgICAgIDxSdWxlUGFyYW1ldGVyIE5hbWU9IlVzZVJlZ3VsYXJFeHByZXNzaW9uIiBWYWx1ZT0iRmFsc2UiIC8+DQogICAgICAgICAgICA8UnVsZVBhcmFtZXRlciBOYW1lPSJIdG1sRGVjb2RlIiBWYWx1ZT0iVHJ1ZSIgLz4NCiAgICAgICAgICAgIDxSdWxlUGFyYW1ldGVyIE5hbWU9IlJlcXVpcmVkIiBWYWx1ZT0iRmFsc2UiIC8+DQogICAgICAgICAgPC9SdWxlUGFyYW1ldGVycz4NCiAgICAgICAgPC9FeHRyYWN0aW9uUnVsZT4NCiAgICAgIDwvQ29ycmVsYXRpb25FeHRyYWN0aW9uUnVsZXM+DQogICAgPC9SZXF1ZXN0Pg0KICAgIDxSZXF1ZXN0IE1ldGhvZD0iR0VUIiBWZXJzaW9uPSIxLjEiIFVybD0iaHR0cDovL2xvY2FsaG9zdC9pbmR1c3RyeS9zaG9wL2J1c2luZXNzL2luZGV4LnBocCIgVGhpbmtUaW1lPSIxNSIgVGltZW91dD0iMzAwIiBQYXJzZURlcGVuZGVudFJlcXVlc3RzPSJUcnVlIiBGb2xsb3dSZWRpcmVjdHM9IlRydWUiIFJlY29yZFJlc3VsdD0iVHJ1ZSIgQ2FjaGU9IkZhbHNlIiBSZXNwb25zZVRpbWVHb2FsPSIwIiBFbmNvZGluZz0idXRmLTgiIEV4cGVjdGVkSHR0cFN0YXR1c0NvZGU9IjAiIEV4cGVjdGVkUmVzcG9uc2VVcmw9IiI+DQogICAgICA8UXVlcnlTdHJpbmdQYXJhbWV0ZXJzPg0KICAgICAgICA8UXVlcnlTdHJpbmdQYXJhbWV0ZXIgTmFtZT0ibW9kIiBWYWx1ZT0ic3ZkZXRhaWwiIFJlY29yZGVkVmFsdWU9InN2ZGV0YWlsIiBDb3JyZWxhdGlvbkJpbmRpbmc9Int7UXVlcnlTdHJpbmdQYXJhbTUwLm1vZH19IiBVcmxFbmNvZGU9IkZhbHNlIiBVc2VUb0dyb3VwUmVzdWx0cz0iRmFsc2UiIC8+DQogICAgICAgIDxRdWVyeVN0cmluZ1BhcmFtZXRlciBOYW1lPSJpbWIiIFZhbHVlPSIxIiBSZWNvcmRlZFZhbHVlPSIxIiBDb3JyZWxhdGlvbkJpbmRpbmc9Int7UXVlcnlTdHJpbmdQYXJhbTUxLmltYn19IiBVcmxFbmNvZGU9IkZhbHNlIiBVc2VUb0dyb3VwUmVzdWx0cz0iRmFsc2UiIC8+DQogICAgICAgIDxRdWVyeVN0cmluZ1BhcmFtZXRlciBOYW1lPSJpc3YiIFZhbHVlPSIyIiBSZWNvcmRlZFZhbHVlPSIyIiBDb3JyZWxhdGlvbkJpbmRpbmc9Int7UXVlcnlTdHJpbmdQYXJhbTUyLmlzdn19IiBVcmxFbmNvZGU9IkZhbHNlIiBVc2VUb0dyb3VwUmVzdWx0cz0iRmFsc2UiIC8+DQogICAgICAgIDxRdWVyeVN0cmluZ1BhcmFtZXRlciBOYW1lPSJpc3ZjIiBWYWx1ZT0iMiIgUmVjb3JkZWRWYWx1ZT0iMiIgQ29ycmVsYXRpb25CaW5kaW5nPSJ7e1F1ZXJ5U3RyaW5nUGFyYW01My5pc3ZjfX0iIFVybEVuY29kZT0iRmFsc2UiIFVzZVRvR3JvdXBSZXN1bHRzPSJGYWxzZSIgLz4NCiAgICAgIDwvUXVlcnlTdHJpbmdQYXJhbWV0ZXJzPg0KICAgIDwvUmVxdWVzdD4NCiAgICA8UmVxdWVzdCBNZXRob2Q9IkdFVCIgVmVyc2lvbj0iMS4xIiBVcmw9Imh0dHA6Ly9sb2NhbGhvc3QvaW5kdXN0cnkvdHJhZGUvc2VydmljZS9pbmRleC5waHAiIFRoaW5rVGltZT0iMTUiIFRpbWVvdXQ9IjMwMCIgUGFyc2VEZXBlbmRlbnRSZXF1ZXN0cz0iVHJ1ZSIgRm9sbG93UmVkaXJlY3RzPSJUcnVlIiBSZWNvcmRSZXN1bHQ9IlRydWUiIENhY2hlPSJGYWxzZSIgUmVzcG9uc2VUaW1lR29hbD0iMCIgRW5jb2Rpbmc9InV0Zi04IiBFeHBlY3RlZEh0dHBTdGF0dXNDb2RlPSIwIiBFeHBlY3RlZFJlc3BvbnNlVXJsPSIiPg0KICAgICAgPENvcnJlbGF0aW9uRXh0cmFjdGlvblJ1bGVzPg0KICAgICAgICA8RXh0cmFjdGlvblJ1bGUgQ2xhc3NuYW1lPSJNaWNyb3NvZnQuVmlzdWFsU3R1ZGlvLlRlc3RUb29scy5XZWJUZXN0aW5nLlJ1bGVzLkV4dHJhY3RUZXh0LCBNaWNyb3NvZnQuVmlzdWFsU3R1ZGlvLlF1YWxpdHlUb29scy5XZWJUZXN0RnJhbWV3b3JrLCBWZXJzaW9uPTkuMC4wLjAsIEN1bHR1cmU9bmV1dHJhbCwgUHVibGljS2V5VG9rZW49YjAzZjVmN2YxMWQ1MGEzYSIgVmFyaWFibGVOYW1lPSJRdWVyeVN0cmluZ1BhcmFtNTQubW9kIiBEaXNwbGF5TmFtZT0iIiBEZXNjcmlwdGlvbj0iIj4NCiAgICAgICAgICA8UnVsZVBhcmFtZXRlcnM+DQogICAgICAgICAgICA8UnVsZVBhcmFtZXRlciBOYW1lPSJTdGFydHNXaXRoIiBWYWx1ZT0iP21vZD0iIC8+DQogICAgICAgICAgICA8UnVsZVBhcmFtZXRlciBOYW1lPSJFbmRzV2l0aCIgVmFsdWU9IiZhbXA7IiAvPg0KICAgICAgICAgICAgPFJ1bGVQYXJhbWV0ZXIgTmFtZT0iSW5kZXgiIFZhbHVlPSI3IiAvPg0KICAgICAgICAgICAgPFJ1bGVQYXJhbWV0ZXIgTmFtZT0iSWdub3JlQ2FzZSIgVmFsdWU9IkZhbHNlIiAvPg0KICAgICAgICAgICAgPFJ1bGVQYXJhbWV0ZXIgTmFtZT0iVXNlUmVndWxhckV4cHJlc3Npb24iIFZhbHVlPSJGYWxzZSIgLz4NCiAgICAgICAgICAgIDxSdWxlUGFyYW1ldGVyIE5hbWU9Ikh0bWxEZWNvZGUiIFZhbHVlPSJUcnVlIiAvPg0KICAgICAgICAgICAgPFJ1bGVQYXJhbWV0ZXIgTmFtZT0iUmVxdWlyZWQiIFZhbHVlPSJGYWxzZSIgLz4NCiAgICAgICAgICA8L1J1bGVQYXJhbWV0ZXJzPg0KICAgICAgICA8L0V4dHJhY3Rpb25SdWxlPg0KICAgICAgICA8RXh0cmFjdGlvblJ1bGUgQ2xhc3NuYW1lPSJNaWNyb3NvZnQuVmlzdWFsU3R1ZGlvLlRlc3RUb29scy5XZWJUZXN0aW5nLlJ1bGVzLkV4dHJhY3RUZXh0LCBNaWNyb3NvZnQuVmlzdWFsU3R1ZGlvLlF1YWxpdHlUb29scy5XZWJUZXN0RnJhbWV3b3JrLCBWZXJzaW9uPTkuMC4wLjAsIEN1bHR1cmU9bmV1dHJhbCwgUHVibGljS2V5VG9rZW49YjAzZjVmN2YxMWQ1MGEzYSIgVmFyaWFibGVOYW1lPSJRdWVyeVN0cmluZ1BhcmFtNTUuaXN2YyIgRGlzcGxheU5hbWU9IiIgRGVzY3JpcHRpb249IiI+DQogICAgICAgICAgPFJ1bGVQYXJhbWV0ZXJzPg0KICAgICAgICAgICAgPFJ1bGVQYXJhbWV0ZXIgTmFtZT0iU3RhcnRzV2l0aCIgVmFsdWU9IiZhbXA7aXN2Yz0iIC8+DQogICAgICAgICAgICA8UnVsZVBhcmFtZXRlciBOYW1lPSJFbmRzV2l0aCIgVmFsdWU9IiZxdW90OyIgLz4NCiAgICAgICAgICAgIDxSdWxlUGFyYW1ldGVyIE5hbWU9IkluZGV4IiBWYWx1ZT0iMCIgLz4NCiAgICAgICAgICAgIDxSdWxlUGFyYW1ldGVyIE5hbWU9Iklnbm9yZUNhc2UiIFZhbHVlPSJGYWxzZSIgLz4NCiAgICAgICAgICAgIDxSdWxlUGFyYW1ldGVyIE5hbWU9IlVzZVJlZ3VsYXJFeHByZXNzaW9uIiBWYWx1ZT0iRmFsc2UiIC8+DQogICAgICAgICAgICA8UnVsZVBhcmFtZXRlciBOYW1lPSJIdG1sRGVjb2RlIiBWYWx1ZT0iVHJ1ZSIgLz4NCiAgICAgICAgICAgIDxSdWxlUGFyYW1ldGVyIE5hbWU9IlJlcXVpcmVkIiBWYWx1ZT0iRmFsc2UiIC8+DQogICAgICAgICAgPC9SdWxlUGFyYW1ldGVycz4NCiAgICAgICAgPC9FeHRyYWN0aW9uUnVsZT4NCiAgICAgIDwvQ29ycmVsYXRpb25FeHRyYWN0aW9uUnVsZXM+DQogICAgPC9SZXF1ZXN0Pg0KICAgIDxSZXF1ZXN0IE1ldGhvZD0iR0VUIiBWZXJzaW9uPSIxLjEiIFVybD0iaHR0cDovL2xvY2FsaG9zdC9pbmR1c3RyeS90cmFkZS9zZXJ2aWNlL2luZGV4LnBocCIgVGhpbmtUaW1lPSIxMCIgVGltZW91dD0iMzAwIiBQYXJzZURlcGVuZGVudFJlcXVlc3RzPSJUcnVlIiBGb2xsb3dSZWRpcmVjdHM9IlRydWUiIFJlY29yZFJlc3VsdD0iVHJ1ZSIgQ2FjaGU9IkZhbHNlIiBSZXNwb25zZVRpbWVHb2FsPSIwIiBFbmNvZGluZz0idXRmLTgiIEV4cGVjdGVkSHR0cFN0YXR1c0NvZGU9IjAiIEV4cGVjdGVkUmVzcG9uc2VVcmw9IiI+DQogICAgICA8Q29ycmVsYXRpb25FeHRyYWN0aW9uUnVsZXM+DQogICAgICAgIDxFeHRyYWN0aW9uUnVsZSBDbGFzc25hbWU9Ik1pY3Jvc29mdC5WaXN1YWxTdHVkaW8uVGVzdFRvb2xzLldlYlRlc3RpbmcuUnVsZXMuRXh0cmFjdFRleHQsIE1pY3Jvc29mdC5WaXN1YWxTdHVkaW8uUXVhbGl0eVRvb2xzLldlYlRlc3RGcmFtZXdvcmssIFZlcnNpb249OS4wLjAuMCwgQ3VsdHVyZT1uZXV0cmFsLCBQdWJsaWNLZXlUb2tlbj1iMDNmNWY3ZjExZDUwYTNhIiBWYXJpYWJsZU5hbWU9IlF1ZXJ5U3RyaW5nUGFyYW02Lm1vZCIgRGlzcGxheU5hbWU9IiIgRGVzY3JpcHRpb249IiI+DQogICAgICAgICAgPFJ1bGVQYXJhbWV0ZXJzPg0KICAgICAgICAgICAgPFJ1bGVQYXJhbWV0ZXIgTmFtZT0iU3RhcnRzV2l0aCIgVmFsdWU9Ij9tb2Q9IiAvPg0KICAgICAgICAgICAgPFJ1bGVQYXJhbWV0ZXIgTmFtZT0iRW5kc1dpdGgiIFZhbHVlPSImcXVvdDsiIC8+DQogICAgICAgICAgICA8UnVsZVBhcmFtZXRlciBOYW1lPSJJbmRleCIgVmFsdWU9IjIiIC8+DQogICAgICAgICAgICA8UnVsZVBhcmFtZXRlciBOYW1lPSJJZ25vcmVDYXNlIiBWYWx1ZT0iRmFsc2UiIC8+DQogICAgICAgICAgICA8UnVsZVBhcmFtZXRlciBOYW1lPSJVc2VSZWd1bGFyRXhwcmVzc2lvbiIgVmFsdWU9IkZhbHNlIiAvPg0KICAgICAgICAgICAgPFJ1bGVQYXJhbWV0ZXIgTmFtZT0iSHRtbERlY29kZSIgVmFsdWU9IlRydWUiIC8+DQogICAgICAgICAgICA8UnVsZVBhcmFtZXRlciBOYW1lPSJSZXF1aXJlZCIgVmFsdWU9IkZhbHNlIiAvPg0KICAgICAgICAgIDwvUnVsZVBhcmFtZXRlcnM+DQogICAgICAgIDwvRXh0cmFjdGlvblJ1bGU+DQogICAgICAgIDxFeHRyYWN0aW9uUnVsZSBDbGFzc25hbWU9Ik1pY3Jvc29mdC5WaXN1YWxTdHVkaW8uVGVzdFRvb2xzLldlYlRlc3RpbmcuUnVsZXMuRXh0cmFjdFRleHQsIE1pY3Jvc29mdC5WaXN1YWxTdHVkaW8uUXVhbGl0eVRvb2xzLldlYlRlc3RGcmFtZXdvcmssIFZlcnNpb249OS4wLjAuMCwgQ3VsdHVyZT1uZXV0cmFsLCBQdWJsaWNLZXlUb2tlbj1iMDNmNWY3ZjExZDUwYTNhIiBWYXJpYWJsZU5hbWU9IlF1ZXJ5U3RyaW5nUGFyYW01Ni5tb2QiIERpc3BsYXlOYW1lPSIiIERlc2NyaXB0aW9uPSIiPg0KICAgICAgICAgIDxSdWxlUGFyYW1ldGVycz4NCiAgICAgICAgICAgIDxSdWxlUGFyYW1ldGVyIE5hbWU9IlN0YXJ0c1dpdGgiIFZhbHVlPSI/bW9kPSIgLz4NCiAgICAgICAgICAgIDxSdWxlUGFyYW1ldGVyIE5hbWU9IkVuZHNXaXRoIiBWYWx1ZT0iJnF1b3Q7IiAvPg0KICAgICAgICAgICAgPFJ1bGVQYXJhbWV0ZXIgTmFtZT0iSW5kZXgiIFZhbHVlPSI1IiAvPg0KICAgICAgICAgICAgPFJ1bGVQYXJhbWV0ZXIgTmFtZT0iSWdub3JlQ2FzZSIgVmFsdWU9IkZhbHNlIiAvPg0KICAgICAgICAgICAgPFJ1bGVQYXJhbWV0ZXIgTmFtZT0iVXNlUmVndWxhckV4cHJlc3Npb24iIFZhbHVlPSJGYWxzZSIgLz4NCiAgICAgICAgICAgIDxSdWxlUGFyYW1ldGVyIE5hbWU9Ikh0bWxEZWNvZGUiIFZhbHVlPSJUcnVlIiAvPg0KICAgICAgICAgICAgPFJ1bGVQYXJhbWV0ZXIgTmFtZT0iUmVxdWlyZWQiIFZhbHVlPSJGYWxzZSIgLz4NCiAgICAgICAgICA8L1J1bGVQYXJhbWV0ZXJzPg0KICAgICAgICA8L0V4dHJhY3Rpb25SdWxlPg0KICAgICAgPC9Db3JyZWxhdGlvbkV4dHJhY3Rpb25SdWxlcz4NCiAgICAgIDxRdWVyeVN0cmluZ1BhcmFtZXRlcnM+DQogICAgICAgIDxRdWVyeVN0cmluZ1BhcmFtZXRlciBOYW1lPSJtb2QiIFZhbHVlPSJzdmNhdCIgUmVjb3JkZWRWYWx1ZT0ic3ZjYXQiIENvcnJlbGF0aW9uQmluZGluZz0ie3tRdWVyeVN0cmluZ1BhcmFtNTQubW9kfX0iIFVybEVuY29kZT0iRmFsc2UiIFVzZVRvR3JvdXBSZXN1bHRzPSJGYWxzZSIgLz4NCiAgICAgICAgPFF1ZXJ5U3RyaW5nUGFyYW1ldGVyIE5hbWU9ImlzdmMiIFZhbHVlPSIxIiBSZWNvcmRlZFZhbHVlPSIxIiBDb3JyZWxhdGlvbkJpbmRpbmc9Int7UXVlcnlTdHJpbmdQYXJhbTU1LmlzdmN9fSIgVXJsRW5jb2RlPSJGYWxzZSIgVXNlVG9Hcm91cFJlc3VsdHM9IkZhbHNlIiAvPg0KICAgICAgPC9RdWVyeVN0cmluZ1BhcmFtZXRlcnM+DQogICAgPC9SZXF1ZXN0Pg0KICAgIDxSZXF1ZXN0IE1ldGhvZD0iR0VUIiBWZXJzaW9uPSIxLjEiIFVybD0iaHR0cDovL2xvY2FsaG9zdC9pbmR1c3RyeS9pbmRleC5waHAiIFRoaW5rVGltZT0iMTQiIFRpbWVvdXQ9IjMwMCIgUGFyc2VEZXBlbmRlbnRSZXF1ZXN0cz0iVHJ1ZSIgRm9sbG93UmVkaXJlY3RzPSJUcnVlIiBSZWNvcmRSZXN1bHQ9IlRydWUiIENhY2hlPSJGYWxzZSIgUmVzcG9uc2VUaW1lR29hbD0iMCIgRW5jb2Rpbmc9InV0Zi04IiBFeHBlY3RlZEh0dHBTdGF0dXNDb2RlPSIwIiBFeHBlY3RlZFJlc3BvbnNlVXJsPSIiPg0KICAgICAgPFF1ZXJ5U3RyaW5nUGFyYW1ldGVycz4NCiAgICAgICAgPFF1ZXJ5U3RyaW5nUGFyYW1ldGVyIE5hbWU9Im1vZCIgVmFsdWU9InJlZ2lzdGVyIiBSZWNvcmRlZFZhbHVlPSJyZWdpc3RlciIgQ29ycmVsYXRpb25CaW5kaW5nPSJ7e1F1ZXJ5U3RyaW5nUGFyYW01Ni5tb2R9fSIgVXJsRW5jb2RlPSJGYWxzZSIgVXNlVG9Hcm91cFJlc3VsdHM9IkZhbHNlIiAvPg0KICAgICAgPC9RdWVyeVN0cmluZ1BhcmFtZXRlcnM+DQogICAgPC9SZXF1ZXN0Pg0KICAgIDxSZXF1ZXN0IE1ldGhvZD0iR0VUIiBWZXJzaW9uPSIxLjEiIFVybD0iaHR0cDovL2xvY2FsaG9zdC9pbmR1c3RyeS9pbmRleC5waHAiIFRoaW5rVGltZT0iMiIgVGltZW91dD0iMzAwIiBQYXJzZURlcGVuZGVudFJlcXVlc3RzPSJUcnVlIiBGb2xsb3dSZWRpcmVjdHM9IlRydWUiIFJlY29yZFJlc3VsdD0iVHJ1ZSIgQ2FjaGU9IkZhbHNlIiBSZXNwb25zZVRpbWVHb2FsPSIwIiBFbmNvZGluZz0idXRmLTgiIEV4cGVjdGVkSHR0cFN0YXR1c0NvZGU9IjAiIEV4cGVjdGVkUmVzcG9uc2VVcmw9IiI+DQogICAgICA8Q29ycmVsYXRpb25FeHRyYWN0aW9uUnVsZXM+DQogICAgICAgIDxFeHRyYWN0aW9uUnVsZSBDbGFzc25hbWU9Ik1pY3Jvc29mdC5WaXN1YWxTdHVkaW8uVGVzdFRvb2xzLldlYlRlc3RpbmcuUnVsZXMuRXh0cmFjdFRleHQsIE1pY3Jvc29mdC5WaXN1YWxTdHVkaW8uUXVhbGl0eVRvb2xzLldlYlRlc3RGcmFtZXdvcmssIFZlcnNpb249OS4wLjAuMCwgQ3VsdHVyZT1uZXV0cmFsLCBQdWJsaWNLZXlUb2tlbj1iMDNmNWY3ZjExZDUwYTNhIiBWYXJpYWJsZU5hbWU9IlF1ZXJ5U3RyaW5nUGFyYW01Lm1vZCIgRGlzcGxheU5hbWU9IiIgRGVzY3JpcHRpb249IiI+DQogICAgICAgICAgPFJ1bGVQYXJhbWV0ZXJzPg0KICAgICAgICAgICAgPFJ1bGVQYXJhbWV0ZXIgTmFtZT0iU3RhcnRzV2l0aCIgVmFsdWU9Ij9tb2Q9IiAvPg0KICAgICAgICAgICAgPFJ1bGVQYXJhbWV0ZXIgTmFtZT0iRW5kc1dpdGgiIFZhbHVlPSImcXVvdDsiIC8+DQogICAgICAgICAgICA8UnVsZVBhcmFtZXRlciBOYW1lPSJJbmRleCIgVmFsdWU9IjAiIC8+DQogICAgICAgICAgICA8UnVsZVBhcmFtZXRlciBOYW1lPSJJZ25vcmVDYXNlIiBWYWx1ZT0iRmFsc2UiIC8+DQogICAgICAgICAgICA8UnVsZVBhcmFtZXRlciBOYW1lPSJVc2VSZWd1bGFyRXhwcmVzc2lvbiIgVmFsdWU9IkZhbHNlIiAvPg0KICAgICAgICAgICAgPFJ1bGVQYXJhbWV0ZXIgTmFtZT0iSHRtbERlY29kZSIgVmFsdWU9IlRydWUiIC8+DQogICAgICAgICAgICA8UnVsZVBhcmFtZXRlciBOYW1lPSJSZXF1aXJlZCIgVmFsdWU9IkZhbHNlIiAvPg0KICAgICAgICAgIDwvUnVsZVBhcmFtZXRlcnM+DQogICAgICAgIDwvRXh0cmFjdGlvblJ1bGU+DQogICAgICAgIDxFeHRyYWN0aW9uUnVsZSBDbGFzc25hbWU9Ik1pY3Jvc29mdC5WaXN1YWxTdHVkaW8uVGVzdFRvb2xzLldlYlRlc3RpbmcuUnVsZXMuRXh0cmFjdFRleHQsIE1pY3Jvc29mdC5WaXN1YWxTdHVkaW8uUXVhbGl0eVRvb2xzLldlYlRlc3RGcmFtZXdvcmssIFZlcnNpb249OS4wLjAuMCwgQ3VsdHVyZT1uZXV0cmFsLCBQdWJsaWNLZXlUb2tlbj1iMDNmNWY3ZjExZDUwYTNhIiBWYXJpYWJsZU5hbWU9IlF1ZXJ5U3RyaW5nUGFyYW01Ny5tb2QiIERpc3BsYXlOYW1lPSIiIERlc2NyaXB0aW9uPSIiPg0KICAgICAgICAgIDxSdWxlUGFyYW1ldGVycz4NCiAgICAgICAgICAgIDxSdWxlUGFyYW1ldGVyIE5hbWU9IlN0YXJ0c1dpdGgiIFZhbHVlPSI/bW9kPSIgLz4NCiAgICAgICAgICAgIDxSdWxlUGFyYW1ldGVyIE5hbWU9IkVuZHNXaXRoIiBWYWx1ZT0iJnF1b3Q7IiAvPg0KICAgICAgICAgICAgPFJ1bGVQYXJhbWV0ZXIgTmFtZT0iSW5kZXgiIFZhbHVlPSIzIiAvPg0KICAgICAgICAgICAgPFJ1bGVQYXJhbWV0ZXIgTmFtZT0iSWdub3JlQ2FzZSIgVmFsdWU9IkZhbHNlIiAvPg0KICAgICAgICAgICAgPFJ1bGVQYXJhbWV0ZXIgTmFtZT0iVXNlUmVndWxhckV4cHJlc3Npb24iIFZhbHVlPSJGYWxzZSIgLz4NCiAgICAgICAgICAgIDxSdWxlUGFyYW1ldGVyIE5hbWU9Ikh0bWxEZWNvZGUiIFZhbHVlPSJUcnVlIiAvPg0KICAgICAgICAgICAgPFJ1bGVQYXJhbWV0ZXIgTmFtZT0iUmVxdWlyZWQiIFZhbHVlPSJGYWxzZSIgLz4NCiAgICAgICAgICA8L1J1bGVQYXJhbWV0ZXJzPg0KICAgICAgICA8L0V4dHJhY3Rpb25SdWxlPg0KICAgICAgPC9Db3JyZWxhdGlvbkV4dHJhY3Rpb25SdWxlcz4NCiAgICAgIDxRdWVyeVN0cmluZ1BhcmFtZXRlcnM+DQogICAgICAgIDxRdWVyeVN0cmluZ1BhcmFtZXRlciBOYW1lPSJtb2QiIFZhbHVlPSJxZXMiIFJlY29yZGVkVmFsdWU9InFlcyIgQ29ycmVsYXRpb25CaW5kaW5nPSJ7e1F1ZXJ5U3RyaW5nUGFyYW02Lm1vZH19IiBVcmxFbmNvZGU9IkZhbHNlIiBVc2VUb0dyb3VwUmVzdWx0cz0iRmFsc2UiIC8+DQogICAgICA8L1F1ZXJ5U3RyaW5nUGFyYW1ldGVycz4NCiAgICA8L1JlcXVlc3Q+DQogICAgPFJlcXVlc3QgTWV0aG9kPSJHRVQiIFZlcnNpb249IjEuMSIgVXJsPSJodHRwOi8vbG9jYWxob3N0L2luZHVzdHJ5L2luZGV4LnBocCIgVGhpbmtUaW1lPSIzIiBUaW1lb3V0PSIzMDAiIFBhcnNlRGVwZW5kZW50UmVxdWVzdHM9IlRydWUiIEZvbGxvd1JlZGlyZWN0cz0iVHJ1ZSIgUmVjb3JkUmVzdWx0PSJUcnVlIiBDYWNoZT0iRmFsc2UiIFJlc3BvbnNlVGltZUdvYWw9IjAiIEVuY29kaW5nPSJ1dGYtOCIgRXhwZWN0ZWRIdHRwU3RhdHVzQ29kZT0iMCIgRXhwZWN0ZWRSZXNwb25zZVVybD0iIj4NCiAgICAgIDxRdWVyeVN0cmluZ1BhcmFtZXRlcnM+DQogICAgICAgIDxRdWVyeVN0cmluZ1BhcmFtZXRlciBOYW1lPSJtb2QiIFZhbHVlPSJoZWxwIiBSZWNvcmRlZFZhbHVlPSJoZWxwIiBDb3JyZWxhdGlvbkJpbmRpbmc9Int7UXVlcnlTdHJpbmdQYXJhbTU3Lm1vZH19IiBVcmxFbmNvZGU9IkZhbHNlIiBVc2VUb0dyb3VwUmVzdWx0cz0iRmFsc2UiIC8+DQogICAgICA8L1F1ZXJ5U3RyaW5nUGFyYW1ldGVycz4NCiAgICA8L1JlcXVlc3Q+DQogICAgPFJlcXVlc3QgTWV0aG9kPSJHRVQiIFZlcnNpb249IjEuMSIgVXJsPSJodHRwOi8vbG9jYWxob3N0L2luZHVzdHJ5L2luZGV4LnBocCIgVGhpbmtUaW1lPSIyIiBUaW1lb3V0PSIzMDAiIFBhcnNlRGVwZW5kZW50UmVxdWVzdHM9IlRydWUiIEZvbGxvd1JlZGlyZWN0cz0iVHJ1ZSIgUmVjb3JkUmVzdWx0PSJUcnVlIiBDYWNoZT0iRmFsc2UiIFJlc3BvbnNlVGltZUdvYWw9IjAiIEVuY29kaW5nPSJ1dGYtOCIgRXhwZWN0ZWRIdHRwU3RhdHVzQ29kZT0iMCIgRXhwZWN0ZWRSZXNwb25zZVVybD0iIj4NCiAgICAgIDxRdWVyeVN0cmluZ1BhcmFtZXRlcnM+DQogICAgICAgIDxRdWVyeVN0cmluZ1BhcmFtZXRlciBOYW1lPSJtb2QiIFZhbHVlPSJpbnRybyIgUmVjb3JkZWRWYWx1ZT0iaW50cm8iIENvcnJlbGF0aW9uQmluZGluZz0ie3tRdWVyeVN0cmluZ1BhcmFtNS5tb2R9fSIgVXJsRW5jb2RlPSJGYWxzZSIgVXNlVG9Hcm91cFJlc3VsdHM9IkZhbHNlIiAvPg0KICAgICAgPC9RdWVyeVN0cmluZ1BhcmFtZXRlcnM+DQogICAgPC9SZXF1ZXN0Pg0KICAgIDxSZXF1ZXN0IE1ldGhvZD0iR0VUIiBWZXJzaW9uPSIxLjEiIFVybD0iaHR0cDovL2xvY2FsaG9zdC9pbmR1c3RyeS9pbmRleC5waHAiIFRoaW5rVGltZT0iMCIgVGltZW91dD0iMzAwIiBQYXJzZURlcGVuZGVudFJlcXVlc3RzPSJUcnVlIiBGb2xsb3dSZWRpcmVjdHM9IlRydWUiIFJlY29yZFJlc3VsdD0iVHJ1ZSIgQ2FjaGU9IkZhbHNlIiBSZXNwb25zZVRpbWVHb2FsPSIwIiBFbmNvZGluZz0idXRmLTgiIEV4cGVjdGVkSHR0cFN0YXR1c0NvZGU9IjAiIEV4cGVjdGVkUmVzcG9uc2VVcmw9IiI+DQogICAgICA8Q29ycmVsYXRpb25FeHRyYWN0aW9uUnVsZXM+DQogICAgICAgIDxFeHRyYWN0aW9uUnVsZSBDbGFzc25hbWU9Ik1pY3Jvc29mdC5WaXN1YWxTdHVkaW8uVGVzdFRvb2xzLldlYlRlc3RpbmcuUnVsZXMuRXh0cmFjdFRleHQsIE1pY3Jvc29mdC5WaXN1YWxTdHVkaW8uUXVhbGl0eVRvb2xzLldlYlRlc3RGcmFtZXdvcmssIFZlcnNpb249OS4wLjAuMCwgQ3VsdHVyZT1uZXV0cmFsLCBQdWJsaWNLZXlUb2tlbj1iMDNmNWY3ZjExZDUwYTNhIiBWYXJpYWJsZU5hbWU9IlF1ZXJ5U3RyaW5nUGFyYW01OC5tb2QiIERpc3BsYXlOYW1lPSIiIERlc2NyaXB0aW9uPSIiPg0KICAgICAgICAgIDxSdWxlUGFyYW1ldGVycz4NCiAgICAgICAgICAgIDxSdWxlUGFyYW1ldGVyIE5hbWU9IlN0YXJ0c1dpdGgiIFZhbHVlPSI/bW9kPSIgLz4NCiAgICAgICAgICAgIDxSdWxlUGFyYW1ldGVyIE5hbWU9IkVuZHNXaXRoIiBWYWx1ZT0iJnF1b3Q7IiAvPg0KICAgICAgICAgICAgPFJ1bGVQYXJhbWV0ZXIgTmFtZT0iSW5kZXgiIFZhbHVlPSIzOSIgLz4NCiAgICAgICAgICAgIDxSdWxlUGFyYW1ldGVyIE5hbWU9Iklnbm9yZUNhc2UiIFZhbHVlPSJGYWxzZSIgLz4NCiAgICAgICAgICAgIDxSdWxlUGFyYW1ldGVyIE5hbWU9IlVzZVJlZ3VsYXJFeHByZXNzaW9uIiBWYWx1ZT0iRmFsc2UiIC8+DQogICAgICAgICAgICA8UnVsZVBhcmFtZXRlciBOYW1lPSJIdG1sRGVjb2RlIiBWYWx1ZT0iVHJ1ZSIgLz4NCiAgICAgICAgICAgIDxSdWxlUGFyYW1ldGVyIE5hbWU9IlJlcXVpcmVkIiBWYWx1ZT0iRmFsc2UiIC8+DQogICAgICAgICAgPC9SdWxlUGFyYW1ldGVycz4NCiAgICAgICAgPC9FeHRyYWN0aW9uUnVsZT4NCiAgICAgIDwvQ29ycmVsYXRpb25FeHRyYWN0aW9uUnVsZXM+DQogICAgPC9SZXF1ZXN0Pg0KICAgIDxSZXF1ZXN0IE1ldGhvZD0iR0VUIiBWZXJzaW9uPSIxLjEiIFVybD0iaHR0cDovL2xvY2FsaG9zdC9pbmR1c3RyeS9nYWxsZXJ5LnN3ZiIgVGhpbmtUaW1lPSIxIiBUaW1lb3V0PSIzMDAiIFBhcnNlRGVwZW5kZW50UmVxdWVzdHM9IlRydWUiIEZvbGxvd1JlZGlyZWN0cz0iVHJ1ZSIgUmVjb3JkUmVzdWx0PSJUcnVlIiBDYWNoZT0iRmFsc2UiIFJlc3BvbnNlVGltZUdvYWw9IjAiIEVuY29kaW5nPSJ1dGYtOCIgRXhwZWN0ZWRIdHRwU3RhdHVzQ29kZT0iMCIgRXhwZWN0ZWRSZXNwb25zZVVybD0iIiAvPg0KICAgIDxSZXF1ZXN0IE1ldGhvZD0iR0VUIiBWZXJzaW9uPSIxLjEiIFVybD0iaHR0cDovL2xvY2FsaG9zdC9pbmR1c3RyeS9pbmRleC5waHAiIFRoaW5rVGltZT0iOCIgVGltZW91dD0iMzAwIiBQYXJzZURlcGVuZGVudFJlcXVlc3RzPSJUcnVlIiBGb2xsb3dSZWRpcmVjdHM9IlRydWUiIFJlY29yZFJlc3VsdD0iVHJ1ZSIgQ2FjaGU9IkZhbHNlIiBSZXNwb25zZVRpbWVHb2FsPSIwIiBFbmNvZGluZz0idXRmLTgiIEV4cGVjdGVkSHR0cFN0YXR1c0NvZGU9IjAiIEV4cGVjdGVkUmVzcG9uc2VVcmw9IiI+DQogICAgICA8Q29ycmVsYXRpb25FeHRyYWN0aW9uUnVsZXM+DQogICAgICAgIDxFeHRyYWN0aW9uUnVsZSBDbGFzc25hbWU9Ik1pY3Jvc29mdC5WaXN1YWxTdHVkaW8uVGVzdFRvb2xzLldlYlRlc3RpbmcuUnVsZXMuRXh0cmFjdFRleHQsIE1pY3Jvc29mdC5WaXN1YWxTdHVkaW8uUXVhbGl0eVRvb2xzLldlYlRlc3RGcmFtZXdvcmssIFZlcnNpb249OS4wLjAuMCwgQ3VsdHVyZT1uZXV0cmFsLCBQdWJsaWNLZXlUb2tlbj1iMDNmNWY3ZjExZDUwYTNhIiBWYXJpYWJsZU5hbWU9IlF1ZXJ5U3RyaW5nUGFyYW0yLm1vZCIgRGlzcGxheU5hbWU9IiIgRGVzY3JpcHRpb249IiI+DQogICAgICAgICAgPFJ1bGVQYXJhbWV0ZXJzPg0KICAgICAgICAgICAgPFJ1bGVQYXJhbWV0ZXIgTmFtZT0iU3RhcnRzV2l0aCIgVmFsdWU9Ij9tb2Q9IiAvPg0KICAgICAgICAgICAgPFJ1bGVQYXJhbWV0ZXIgTmFtZT0iRW5kc1dpdGgiIFZhbHVlPSImcXVvdDsiIC8+DQogICAgICAgICAgICA8UnVsZVBhcmFtZXRlciBOYW1lPSJJbmRleCIgVmFsdWU9IjYiIC8+DQogICAgICAgICAgICA8UnVsZVBhcmFtZXRlciBOYW1lPSJJZ25vcmVDYXNlIiBWYWx1ZT0iRmFsc2UiIC8+DQogICAgICAgICAgICA8UnVsZVBhcmFtZXRlciBOYW1lPSJVc2VSZWd1bGFyRXhwcmVzc2lvbiIgVmFsdWU9IkZhbHNlIiAvPg0KICAgICAgICAgICAgPFJ1bGVQYXJhbWV0ZXIgTmFtZT0iSHRtbERlY29kZSIgVmFsdWU9IlRydWUiIC8+DQogICAgICAgICAgICA8UnVsZVBhcmFtZXRlciBOYW1lPSJSZXF1aXJlZCIgVmFsdWU9IkZhbHNlIiAvPg0KICAgICAgICAgIDwvUnVsZVBhcmFtZXRlcnM+DQogICAgICAgIDwvRXh0cmFjdGlvblJ1bGU+DQogICAgICAgIDxFeHRyYWN0aW9uUnVsZSBDbGFzc25hbWU9Ik1pY3Jvc29mdC5WaXN1YWxTdHVkaW8uVGVzdFRvb2xzLldlYlRlc3RpbmcuUnVsZXMuRXh0cmFjdEZvcm1GaWVsZCwgTWljcm9zb2Z0LlZpc3VhbFN0dWRpby5RdWFsaXR5VG9vbHMuV2ViVGVzdEZyYW1ld29yaywgVmVyc2lvbj05LjAuMC4wLCBDdWx0dXJlPW5ldXRyYWwsIFB1YmxpY0tleVRva2VuPWIwM2Y1ZjdmMTFkNTBhM2EiIFZhcmlhYmxlTmFtZT0iRm9ybVBvc3RQYXJhbTQua3RfbG9naW4xIiBEaXNwbGF5TmFtZT0iIiBEZXNjcmlwdGlvbj0iIj4NCiAgICAgICAgICA8UnVsZVBhcmFtZXRlcnM+DQogICAgICAgICAgICA8UnVsZVBhcmFtZXRlciBOYW1lPSJOYW1lIiBWYWx1ZT0ia3RfbG9naW4xIiAvPg0KICAgICAgICAgICAgPFJ1bGVQYXJhbWV0ZXIgTmFtZT0iSHRtbERlY29kZSIgVmFsdWU9IlRydWUiIC8+DQogICAgICAgICAgICA8UnVsZVBhcmFtZXRlciBOYW1lPSJSZXF1aXJlZCIgVmFsdWU9IkZhbHNlIiAvPg0KICAgICAgICAgIDwvUnVsZVBhcmFtZXRlcnM+DQogICAgICAgIDwvRXh0cmFjdGlvblJ1bGU+DQogICAgICAgIDxFeHRyYWN0aW9uUnVsZSBDbGFzc25hbWU9Ik1pY3Jvc29mdC5WaXN1YWxTdHVkaW8uVGVzdFRvb2xzLldlYlRlc3RpbmcuUnVsZXMuRXh0cmFjdFRleHQsIE1pY3Jvc29mdC5WaXN1YWxTdHVkaW8uUXVhbGl0eVRvb2xzLldlYlRlc3RGcmFtZXdvcmssIFZlcnNpb249OS4wLjAuMCwgQ3VsdHVyZT1uZXV0cmFsLCBQdWJsaWNLZXlUb2tlbj1iMDNmNWY3ZjExZDUwYTNhIiBWYXJpYWJsZU5hbWU9IlF1ZXJ5U3RyaW5nUGFyYW01OS5tb2QiIERpc3BsYXlOYW1lPSIiIERlc2NyaXB0aW9uPSIiPg0KICAgICAgICAgIDxSdWxlUGFyYW1ldGVycz4NCiAgICAgICAgICAgIDxSdWxlUGFyYW1ldGVyIE5hbWU9IlN0YXJ0c1dpdGgiIFZhbHVlPSI/bW9kPSIgLz4NCiAgICAgICAgICAgIDxSdWxlUGFyYW1ldGVyIE5hbWU9IkVuZHNXaXRoIiBWYWx1ZT0iJnF1b3Q7IiAvPg0KICAgICAgICAgICAgPFJ1bGVQYXJhbWV0ZXIgTmFtZT0iSW5kZXgiIFZhbHVlPSI2IiAvPg0KICAgICAgICAgICAgPFJ1bGVQYXJhbWV0ZXIgTmFtZT0iSWdub3JlQ2FzZSIgVmFsdWU9IkZhbHNlIiAvPg0KICAgICAgICAgICAgPFJ1bGVQYXJhbWV0ZXIgTmFtZT0iVXNlUmVndWxhckV4cHJlc3Npb24iIFZhbHVlPSJGYWxzZSIgLz4NCiAgICAgICAgICAgIDxSdWxlUGFyYW1ldGVyIE5hbWU9Ikh0bWxEZWNvZGUiIFZhbHVlPSJUcnVlIiAvPg0KICAgICAgICAgICAgPFJ1bGVQYXJhbWV0ZXIgTmFtZT0iUmVxdWlyZWQiIFZhbHVlPSJGYWxzZSIgLz4NCiAgICAgICAgICA8L1J1bGVQYXJhbWV0ZXJzPg0KICAgICAgICA8L0V4dHJhY3Rpb25SdWxlPg0KICAgICAgICA8RXh0cmFjdGlvblJ1bGUgQ2xhc3NuYW1lPSJNaWNyb3NvZnQuVmlzdWFsU3R1ZGlvLlRlc3RUb29scy5XZWJUZXN0aW5nLlJ1bGVzLkV4dHJhY3RGb3JtRmllbGQsIE1pY3Jvc29mdC5WaXN1YWxTdHVkaW8uUXVhbGl0eVRvb2xzLldlYlRlc3RGcmFtZXdvcmssIFZlcnNpb249OS4wLjAuMCwgQ3VsdHVyZT1uZXV0cmFsLCBQdWJsaWNLZXlUb2tlbj1iMDNmNWY3ZjExZDUwYTNhIiBWYXJpYWJsZU5hbWU9IkZvcm1Qb3N0UGFyYW01Lmt0X2xvZ2luMSIgRGlzcGxheU5hbWU9IiIgRGVzY3JpcHRpb249IiI+DQogICAgICAgICAgPFJ1bGVQYXJhbWV0ZXJzPg0KICAgICAgICAgICAgPFJ1bGVQYXJhbWV0ZXIgTmFtZT0iTmFtZSIgVmFsdWU9Imt0X2xvZ2luMSIgLz4NCiAgICAgICAgICAgIDxSdWxlUGFyYW1ldGVyIE5hbWU9Ikh0bWxEZWNvZGUiIFZhbHVlPSJUcnVlIiAvPg0KICAgICAgICAgICAgPFJ1bGVQYXJhbWV0ZXIgTmFtZT0iUmVxdWlyZWQiIFZhbHVlPSJGYWxzZSIgLz4NCiAgICAgICAgICA8L1J1bGVQYXJhbWV0ZXJzPg0KICAgICAgICA8L0V4dHJhY3Rpb25SdWxlPg0KICAgICAgPC9Db3JyZWxhdGlvbkV4dHJhY3Rpb25SdWxlcz4NCiAgICAgIDxRdWVyeVN0cmluZ1BhcmFtZXRlcnM+DQogICAgICAgIDxRdWVyeVN0cmluZ1BhcmFtZXRlciBOYW1lPSJtb2QiIFZhbHVlPSJsb2dpbiIgUmVjb3JkZWRWYWx1ZT0ibG9naW4iIENvcnJlbGF0aW9uQmluZGluZz0ie3tRdWVyeVN0cmluZ1BhcmFtNTgubW9kfX0iIFVybEVuY29kZT0iRmFsc2UiIFVzZVRvR3JvdXBSZXN1bHRzPSJGYWxzZSIgLz4NCiAgICAgIDwvUXVlcnlTdHJpbmdQYXJhbWV0ZXJzPg0KICAgIDwvUmVxdWVzdD4NCiAgICA8UmVxdWVzdCBNZXRob2Q9IlBPU1QiIFZlcnNpb249IjEuMSIgVXJsPSJodHRwOi8vbG9jYWxob3N0L2luZHVzdHJ5L2luZGV4LnBocCIgVGhpbmtUaW1lPSI1IiBUaW1lb3V0PSIzMDAiIFBhcnNlRGVwZW5kZW50UmVxdWVzdHM9IlRydWUiIEZvbGxvd1JlZGlyZWN0cz0iVHJ1ZSIgUmVjb3JkUmVzdWx0PSJUcnVlIiBDYWNoZT0iRmFsc2UiIFJlc3BvbnNlVGltZUdvYWw9IjAiIEVuY29kaW5nPSJ1dGYtOCIgRXhwZWN0ZWRIdHRwU3RhdHVzQ29kZT0iMCIgRXhwZWN0ZWRSZXNwb25zZVVybD0iIj4NCiAgICAgIDxDb3JyZWxhdGlvbkV4dHJhY3Rpb25SdWxlcz4NCiAgICAgICAgPEV4dHJhY3Rpb25SdWxlIENsYXNzbmFtZT0iTWljcm9zb2Z0LlZpc3VhbFN0dWRpby5UZXN0VG9vbHMuV2ViVGVzdGluZy5SdWxlcy5FeHRyYWN0Rm9ybUZpZWxkLCBNaWNyb3NvZnQuVmlzdWFsU3R1ZGlvLlF1YWxpdHlUb29scy5XZWJUZXN0RnJhbWV3b3JrLCBWZXJzaW9uPTkuMC4wLjAsIEN1bHR1cmU9bmV1dHJhbCwgUHVibGljS2V5VG9rZW49YjAzZjVmN2YxMWQ1MGEzYSIgVmFyaWFibGVOYW1lPSJGb3JtUG9zdFBhcmFtNi5rdF9sb2dpbl91c2VyIiBEaXNwbGF5TmFtZT0iIiBEZXNjcmlwdGlvbj0iIj4NCiAgICAgICAgICA8UnVsZVBhcmFtZXRlcnM+DQogICAgICAgICAgICA8UnVsZVBhcmFtZXRlciBOYW1lPSJOYW1lIiBWYWx1ZT0ia3RfbG9naW5fdXNlciIgLz4NCiAgICAgICAgICAgIDxSdWxlUGFyYW1ldGVyIE5hbWU9Ikh0bWxEZWNvZGUiIFZhbHVlPSJUcnVlIiAvPg0KICAgICAgICAgICAgPFJ1bGVQYXJhbWV0ZXIgTmFtZT0iUmVxdWlyZWQiIFZhbHVlPSJGYWxzZSIgLz4NCiAgICAgICAgICA8L1J1bGVQYXJhbWV0ZXJzPg0KICAgICAgICA8L0V4dHJhY3Rpb25SdWxlPg0KICAgICAgICA8RXh0cmFjdGlvblJ1bGUgQ2xhc3NuYW1lPSJNaWNyb3NvZnQuVmlzdWFsU3R1ZGlvLlRlc3RUb29scy5XZWJUZXN0aW5nLlJ1bGVzLkV4dHJhY3RUZXh0LCBNaWNyb3NvZnQuVmlzdWFsU3R1ZGlvLlF1YWxpdHlUb29scy5XZWJUZXN0RnJhbWV3b3JrLCBWZXJzaW9uPTkuMC4wLjAsIEN1bHR1cmU9bmV1dHJhbCwgUHVibGljS2V5VG9rZW49YjAzZjVmN2YxMWQ1MGEzYSIgVmFyaWFibGVOYW1lPSJGb3JtUG9zdFBhcmFtNy5rdF9sb2dpbl9wYXNzd29yZCIgRGlzcGxheU5hbWU9IiIgRGVzY3JpcHRpb249IiI+DQogICAgICAgICAgPFJ1bGVQYXJhbWV0ZXJzPg0KICAgICAgICAgICAgPFJ1bGVQYXJhbWV0ZXIgTmFtZT0iU3RhcnRzV2l0aCIgVmFsdWU9Imx1ZT0mcXVvdDsiIC8+DQogICAgICAgICAgICA8UnVsZVBhcmFtZXRlciBOYW1lPSJFbmRzV2l0aCIgVmFsdWU9IiZxdW90OyBzaXoiIC8+DQogICAgICAgICAgICA8UnVsZVBhcmFtZXRlciBOYW1lPSJJbmRleCIgVmFsdWU9IjgiIC8+DQogICAgICAgICAgICA8UnVsZVBhcmFtZXRlciBOYW1lPSJJZ25vcmVDYXNlIiBWYWx1ZT0iRmFsc2UiIC8+DQogICAgICAgICAgICA8UnVsZVBhcmFtZXRlciBOYW1lPSJVc2VSZWd1bGFyRXhwcmVzc2lvbiIgVmFsdWU9IkZhbHNlIiAvPg0KICAgICAgICAgICAgPFJ1bGVQYXJhbWV0ZXIgTmFtZT0iSHRtbERlY29kZSIgVmFsdWU9IlRydWUiIC8+DQogICAgICAgICAgICA8UnVsZVBhcmFtZXRlciBOYW1lPSJSZXF1aXJlZCIgVmFsdWU9IkZhbHNlIiAvPg0KICAgICAgICAgIDwvUnVsZVBhcmFtZXRlcnM+DQogICAgICAgIDwvRXh0cmFjdGlvblJ1bGU+DQogICAgICA8L0NvcnJlbGF0aW9uRXh0cmFjdGlvblJ1bGVzPg0KICAgICAgPFF1ZXJ5U3RyaW5nUGFyYW1ldGVycz4NCiAgICAgICAgPFF1ZXJ5U3RyaW5nUGFyYW1ldGVyIE5hbWU9Im1vZCIgVmFsdWU9ImxvZ2luIiBSZWNvcmRlZFZhbHVlPSJsb2dpbiIgQ29ycmVsYXRpb25CaW5kaW5nPSJ7e1F1ZXJ5U3RyaW5nUGFyYW01OS5tb2R9fSIgVXJsRW5jb2RlPSJGYWxzZSIgVXNlVG9Hcm91cFJlc3VsdHM9IkZhbHNlIiAvPg0KICAgICAgPC9RdWVyeVN0cmluZ1BhcmFtZXRlcnM+DQogICAgICA8Rm9ybVBvc3RIdHRwQm9keT4NCiAgICAgICAgPEZvcm1Qb3N0UGFyYW1ldGVyIE5hbWU9Imt0X2xvZ2luX3VzZXIiIFZhbHVlPSJhZG1pbiIgUmVjb3JkZWRWYWx1ZT0iYWRtaW4iIENvcnJlbGF0aW9uQmluZGluZz0iIiBVcmxFbmNvZGU9IlRydWUiIC8+DQogICAgICAgIDxGb3JtUG9zdFBhcmFtZXRlciBOYW1lPSJrdF9sb2dpbl9wYXNzd29yZCIgVmFsdWU9IjEyMyIgUmVjb3JkZWRWYWx1ZT0iMTIzIiBDb3JyZWxhdGlvbkJpbmRpbmc9IiIgVXJsRW5jb2RlPSJUcnVlIiAvPg0KICAgICAgICA8Rm9ybVBvc3RQYXJhbWV0ZXIgTmFtZT0ia3RfbG9naW4xIiBWYWx1ZT0ixJDEg25nIG5o4bqtcCIgUmVjb3JkZWRWYWx1ZT0ixJDEg25nIG5o4bqtcCIgQ29ycmVsYXRpb25CaW5kaW5nPSJ7e0Zvcm1Qb3N0UGFyYW01Lmt0X2xvZ2luMX19IiBVcmxFbmNvZGU9IlRydWUiIC8+DQogICAgICA8L0Zvcm1Qb3N0SHR0cEJvZHk+DQogICAgPC9SZXF1ZXN0Pg0KICAgIDxSZXF1ZXN0IE1ldGhvZD0iUE9TVCIgVmVyc2lvbj0iMS4xIiBVcmw9Imh0dHA6Ly9sb2NhbGhvc3QvaW5kdXN0cnkvaW5kZXgucGhwIiBUaGlua1RpbWU9IjciIFRpbWVvdXQ9IjMwMCIgUGFyc2VEZXBlbmRlbnRSZXF1ZXN0cz0iVHJ1ZSIgRm9sbG93UmVkaXJlY3RzPSJUcnVlIiBSZWNvcmRSZXN1bHQ9IlRydWUiIENhY2hlPSJGYWxzZSIgUmVzcG9uc2VUaW1lR29hbD0iMCIgRW5jb2Rpbmc9InV0Zi04IiBFeHBlY3RlZEh0dHBTdGF0dXNDb2RlPSIwIiBFeHBlY3RlZFJlc3BvbnNlVXJsPSIiPg0KICAgICAgPENvcnJlbGF0aW9uRXh0cmFjdGlvblJ1bGVzPg0KICAgICAgICA8RXh0cmFjdGlvblJ1bGUgQ2xhc3NuYW1lPSJNaWNyb3NvZnQuVmlzdWFsU3R1ZGlvLlRlc3RUb29scy5XZWJUZXN0aW5nLlJ1bGVzLkV4dHJhY3RUZXh0LCBNaWNyb3NvZnQuVmlzdWFsU3R1ZGlvLlF1YWxpdHlUb29scy5XZWJUZXN0RnJhbWV3b3JrLCBWZXJzaW9uPTkuMC4wLjAsIEN1bHR1cmU9bmV1dHJhbCwgUHVibGljS2V5VG9rZW49YjAzZjVmN2YxMWQ1MGEzYSIgVmFyaWFibGVOYW1lPSJRdWVyeVN0cmluZ1BhcmFtMS5tb2QiIERpc3BsYXlOYW1lPSIiIERlc2NyaXB0aW9uPSIiPg0KICAgICAgICAgIDxSdWxlUGFyYW1ldGVycz4NCiAgICAgICAgICAgIDxSdWxlUGFyYW1ldGVyIE5hbWU9IlN0YXJ0c1dpdGgiIFZhbHVlPSI/bW9kPSIgLz4NCiAgICAgICAgICAgIDxSdWxlUGFyYW1ldGVyIE5hbWU9IkVuZHNXaXRoIiBWYWx1ZT0iJnF1b3Q7IiAvPg0KICAgICAgICAgICAgPFJ1bGVQYXJhbWV0ZXIgTmFtZT0iSW5kZXgiIFZhbHVlPSI2IiAvPg0KICAgICAgICAgICAgPFJ1bGVQYXJhbWV0ZXIgTmFtZT0iSWdub3JlQ2FzZSIgVmFsdWU9IkZhbHNlIiAvPg0KICAgICAgICAgICAgPFJ1bGVQYXJhbWV0ZXIgTmFtZT0iVXNlUmVndWxhckV4cHJlc3Npb24iIFZhbHVlPSJGYWxzZSIgLz4NCiAgICAgICAgICAgIDxSdWxlUGFyYW1ldGVyIE5hbWU9Ikh0bWxEZWNvZGUiIFZhbHVlPSJUcnVlIiAvPg0KICAgICAgICAgICAgPFJ1bGVQYXJhbWV0ZXIgTmFtZT0iUmVxdWlyZWQiIFZhbHVlPSJGYWxzZSIgLz4NCiAgICAgICAgICA8L1J1bGVQYXJhbWV0ZXJzPg0KICAgICAgICA8L0V4dHJhY3Rpb25SdWxlPg0KICAgICAgICA8RXh0cmFjdGlvblJ1bGUgQ2xhc3NuYW1lPSJNaWNyb3NvZnQuVmlzdWFsU3R1ZGlvLlRlc3RUb29scy5XZWJUZXN0aW5nLlJ1bGVzLkV4dHJhY3RGb3JtRmllbGQsIE1pY3Jvc29mdC5WaXN1YWxTdHVkaW8uUXVhbGl0eVRvb2xzLldlYlRlc3RGcmFtZXdvcmssIFZlcnNpb249OS4wLjAuMCwgQ3VsdHVyZT1uZXV0cmFsLCBQdWJsaWNLZXlUb2tlbj1iMDNmNWY3ZjExZDUwYTNhIiBWYXJpYWJsZU5hbWU9IkZvcm1Qb3N0UGFyYW0xLmt0X2xvZ2luX3VzZXIiIERpc3BsYXlOYW1lPSIiIERlc2NyaXB0aW9uPSIiPg0KICAgICAgICAgIDxSdWxlUGFyYW1ldGVycz4NCiAgICAgICAgICAgIDxSdWxlUGFyYW1ldGVyIE5hbWU9Ik5hbWUiIFZhbHVlPSJrdF9sb2dpbl91c2VyIiAvPg0KICAgICAgICAgICAgPFJ1bGVQYXJhbWV0ZXIgTmFtZT0iSHRtbERlY29kZSIgVmFsdWU9IlRydWUiIC8+DQogICAgICAgICAgICA8UnVsZVBhcmFtZXRlciBOYW1lPSJSZXF1aXJlZCIgVmFsdWU9IkZhbHNlIiAvPg0KICAgICAgICAgIDwvUnVsZVBhcmFtZXRlcnM+DQogICAgICAgIDwvRXh0cmFjdGlvblJ1bGU+DQogICAgICAgIDxFeHRyYWN0aW9uUnVsZSBDbGFzc25hbWU9Ik1pY3Jvc29mdC5WaXN1YWxTdHVkaW8uVGVzdFRvb2xzLldlYlRlc3RpbmcuUnVsZXMuRXh0cmFjdEZvcm1GaWVsZCwgTWljcm9zb2Z0LlZpc3VhbFN0dWRpby5RdWFsaXR5VG9vbHMuV2ViVGVzdEZyYW1ld29yaywgVmVyc2lvbj05LjAuMC4wLCBDdWx0dXJlPW5ldXRyYWwsIFB1YmxpY0tleVRva2VuPWIwM2Y1ZjdmMTFkNTBhM2EiIFZhcmlhYmxlTmFtZT0iRm9ybVBvc3RQYXJhbTIua3RfbG9naW4xIiBEaXNwbGF5TmFtZT0iIiBEZXNjcmlwdGlvbj0iIj4NCiAgICAgICAgICA8UnVsZVBhcmFtZXRlcnM+DQogICAgICAgICAgICA8UnVsZVBhcmFtZXRlciBOYW1lPSJOYW1lIiBWYWx1ZT0ia3RfbG9naW4xIiAvPg0KICAgICAgICAgICAgPFJ1bGVQYXJhbWV0ZXIgTmFtZT0iSHRtbERlY29kZSIgVmFsdWU9IlRydWUiIC8+DQogICAgICAgICAgICA8UnVsZVBhcmFtZXRlciBOYW1lPSJSZXF1aXJlZCIgVmFsdWU9IkZhbHNlIiAvPg0KICAgICAgICAgIDwvUnVsZVBhcmFtZXRlcnM+DQogICAgICAgIDwvRXh0cmFjdGlvblJ1bGU+DQogICAgICAgIDxFeHRyYWN0aW9uUnVsZSBDbGFzc25hbWU9Ik1pY3Jvc29mdC5WaXN1YWxTdHVkaW8uVGVzdFRvb2xzLldlYlRlc3RpbmcuUnVsZXMuRXh0cmFjdFRleHQsIE1pY3Jvc29mdC5WaXN1YWxTdHVkaW8uUXVhbGl0eVRvb2xzLldlYlRlc3RGcmFtZXdvcmssIFZlcnNpb249OS4wLjAuMCwgQ3VsdHVyZT1uZXV0cmFsLCBQdWJsaWNLZXlUb2tlbj1iMDNmNWY3ZjExZDUwYTNhIiBWYXJpYWJsZU5hbWU9IkZvcm1Qb3N0UGFyYW0zLmt0X2xvZ2luX3Bhc3N3b3JkIiBEaXNwbGF5TmFtZT0iIiBEZXNjcmlwdGlvbj0iIj4NCiAgICAgICAgICA8UnVsZVBhcmFtZXRlcnM+DQogICAgICAgICAgICA8UnVsZVBhcmFtZXRlciBOYW1lPSJTdGFydHNXaXRoIiBWYWx1ZT0ibHVlPSZxdW90OyIgLz4NCiAgICAgICAgICAgIDxSdWxlUGFyYW1ldGVyIE5hbWU9IkVuZHNXaXRoIiBWYWx1ZT0iJnF1b3Q7IHNpeiIgLz4NCiAgICAgICAgICAgIDxSdWxlUGFyYW1ldGVyIE5hbWU9IkluZGV4IiBWYWx1ZT0iOCIgLz4NCiAgICAgICAgICAgIDxSdWxlUGFyYW1ldGVyIE5hbWU9Iklnbm9yZUNhc2UiIFZhbHVlPSJGYWxzZSIgLz4NCiAgICAgICAgICAgIDxSdWxlUGFyYW1ldGVyIE5hbWU9IlVzZVJlZ3VsYXJFeHByZXNzaW9uIiBWYWx1ZT0iRmFsc2UiIC8+DQogICAgICAgICAgICA8UnVsZVBhcmFtZXRlciBOYW1lPSJIdG1sRGVjb2RlIiBWYWx1ZT0iVHJ1ZSIgLz4NCiAgICAgICAgICAgIDxSdWxlUGFyYW1ldGVyIE5hbWU9IlJlcXVpcmVkIiBWYWx1ZT0iRmFsc2UiIC8+DQogICAgICAgICAgPC9SdWxlUGFyYW1ldGVycz4NCiAgICAgICAgPC9FeHRyYWN0aW9uUnVsZT4NCiAgICAgICAgPEV4dHJhY3Rpb25SdWxlIENsYXNzbmFtZT0iTWljcm9zb2Z0LlZpc3VhbFN0dWRpby5UZXN0VG9vbHMuV2ViVGVzdGluZy5SdWxlcy5FeHRyYWN0VGV4dCwgTWljcm9zb2Z0LlZpc3VhbFN0dWRpby5RdWFsaXR5VG9vbHMuV2ViVGVzdEZyYW1ld29yaywgVmVyc2lvbj05LjAuMC4wLCBDdWx0dXJlPW5ldXRyYWwsIFB1YmxpY0tleVRva2VuPWIwM2Y1ZjdmMTFkNTBhM2EiIFZhcmlhYmxlTmFtZT0iUXVlcnlTdHJpbmdQYXJhbTYwLm1vZCIgRGlzcGxheU5hbWU9IiIgRGVzY3JpcHRpb249IiI+DQogICAgICAgICAgPFJ1bGVQYXJhbWV0ZXJzPg0KICAgICAgICAgICAgPFJ1bGVQYXJhbWV0ZXIgTmFtZT0iU3RhcnRzV2l0aCIgVmFsdWU9Ij9tb2Q9IiAvPg0KICAgICAgICAgICAgPFJ1bGVQYXJhbWV0ZXIgTmFtZT0iRW5kc1dpdGgiIFZhbHVlPSImcXVvdDsiIC8+DQogICAgICAgICAgICA8UnVsZVBhcmFtZXRlciBOYW1lPSJJbmRleCIgVmFsdWU9IjYiIC8+DQogICAgICAgICAgICA8UnVsZVBhcmFtZXRlciBOYW1lPSJJZ25vcmVDYXNlIiBWYWx1ZT0iRmFsc2UiIC8+DQogICAgICAgICAgICA8UnVsZVBhcmFtZXRlciBOYW1lPSJVc2VSZWd1bGFyRXhwcmVzc2lvbiIgVmFsdWU9IkZhbHNlIiAvPg0KICAgICAgICAgICAgPFJ1bGVQYXJhbWV0ZXIgTmFtZT0iSHRtbERlY29kZSIgVmFsdWU9IlRydWUiIC8+DQogICAgICAgICAgICA8UnVsZVBhcmFtZXRlciBOYW1lPSJSZXF1aXJlZCIgVmFsdWU9IkZhbHNlIiAvPg0KICAgICAgICAgIDwvUnVsZVBhcmFtZXRlcnM+DQogICAgICAgIDwvRXh0cmFjdGlvblJ1bGU+DQogICAgICAgIDxFeHRyYWN0aW9uUnVsZSBDbGFzc25hbWU9Ik1pY3Jvc29mdC5WaXN1YWxTdHVkaW8uVGVzdFRvb2xzLldlYlRlc3RpbmcuUnVsZXMuRXh0cmFjdEZvcm1GaWVsZCwgTWljcm9zb2Z0LlZpc3VhbFN0dWRpby5RdWFsaXR5VG9vbHMuV2ViVGVzdEZyYW1ld29yaywgVmVyc2lvbj05LjAuMC4wLCBDdWx0dXJlPW5ldXRyYWwsIFB1YmxpY0tleVRva2VuPWIwM2Y1ZjdmMTFkNTBhM2EiIFZhcmlhYmxlTmFtZT0iRm9ybVBvc3RQYXJhbTgua3RfbG9naW5fdXNlciIgRGlzcGxheU5hbWU9IiIgRGVzY3JpcHRpb249IiI+DQogICAgICAgICAgPFJ1bGVQYXJhbWV0ZXJzPg0KICAgICAgICAgICAgPFJ1bGVQYXJhbWV0ZXIgTmFtZT0iTmFtZSIgVmFsdWU9Imt0X2xvZ2luX3VzZXIiIC8+DQogICAgICAgICAgICA8UnVsZVBhcmFtZXRlciBOYW1lPSJIdG1sRGVjb2RlIiBWYWx1ZT0iVHJ1ZSIgLz4NCiAgICAgICAgICAgIDxSdWxlUGFyYW1ldGVyIE5hbWU9IlJlcXVpcmVkIiBWYWx1ZT0iRmFsc2UiIC8+DQogICAgICAgICAgPC9SdWxlUGFyYW1ldGVycz4NCiAgICAgICAgPC9FeHRyYWN0aW9uUnVsZT4NCiAgICAgICAgPEV4dHJhY3Rpb25SdWxlIENsYXNzbmFtZT0iTWljcm9zb2Z0LlZpc3VhbFN0dWRpby5UZXN0VG9vbHMuV2ViVGVzdGluZy5SdWxlcy5FeHRyYWN0Rm9ybUZpZWxkLCBNaWNyb3NvZnQuVmlzdWFsU3R1ZGlvLlF1YWxpdHlUb29scy5XZWJUZXN0RnJhbWV3b3JrLCBWZXJzaW9uPTkuMC4wLjAsIEN1bHR1cmU9bmV1dHJhbCwgUHVibGljS2V5VG9rZW49YjAzZjVmN2YxMWQ1MGEzYSIgVmFyaWFibGVOYW1lPSJGb3JtUG9zdFBhcmFtOS5rdF9sb2dpbjEiIERpc3BsYXlOYW1lPSIiIERlc2NyaXB0aW9uPSIiPg0KICAgICAgICAgIDxSdWxlUGFyYW1ldGVycz4NCiAgICAgICAgICAgIDxSdWxlUGFyYW1ldGVyIE5hbWU9Ik5hbWUiIFZhbHVlPSJrdF9sb2dpbjEiIC8+DQogICAgICAgICAgICA8UnVsZVBhcmFtZXRlciBOYW1lPSJIdG1sRGVjb2RlIiBWYWx1ZT0iVHJ1ZSIgLz4NCiAgICAgICAgICAgIDxSdWxlUGFyYW1ldGVyIE5hbWU9IlJlcXVpcmVkIiBWYWx1ZT0iRmFsc2UiIC8+DQogICAgICAgICAgPC9SdWxlUGFyYW1ldGVycz4NCiAgICAgICAgPC9FeHRyYWN0aW9uUnVsZT4NCiAgICAgIDwvQ29ycmVsYXRpb25FeHRyYWN0aW9uUnVsZXM+DQogICAgICA8UXVlcnlTdHJpbmdQYXJhbWV0ZXJzPg0KICAgICAgICA8UXVlcnlTdHJpbmdQYXJhbWV0ZXIgTmFtZT0ibW9kIiBWYWx1ZT0ibG9naW4iIFJlY29yZGVkVmFsdWU9ImxvZ2luIiBDb3JyZWxhdGlvbkJpbmRpbmc9Int7UXVlcnlTdHJpbmdQYXJhbTIubW9kfX0iIFVybEVuY29kZT0iRmFsc2UiIFVzZVRvR3JvdXBSZXN1bHRzPSJGYWxzZSIgLz4NCiAgICAgIDwvUXVlcnlTdHJpbmdQYXJhbWV0ZXJzPg0KICAgICAgPEZvcm1Qb3N0SHR0cEJvZHk+DQogICAgICAgIDxGb3JtUG9zdFBhcmFtZXRlciBOYW1lPSJrdF9sb2dpbl91c2VyIiBWYWx1ZT0iYWRtaW4iIFJlY29yZGVkVmFsdWU9ImFkbWluIiBDb3JyZWxhdGlvbkJpbmRpbmc9Int7Rm9ybVBvc3RQYXJhbTYua3RfbG9naW5fdXNlcn19IiBVcmxFbmNvZGU9IlRydWUiIC8+DQogICAgICAgIDxGb3JtUG9zdFBhcmFtZXRlciBOYW1lPSJrdF9sb2dpbl9wYXNzd29yZCIgVmFsdWU9ImFkbWluIiBSZWNvcmRlZFZhbHVlPSJhZG1pbiIgQ29ycmVsYXRpb25CaW5kaW5nPSJ7e0Zvcm1Qb3N0UGFyYW03Lmt0X2xvZ2luX3Bhc3N3b3JkfX0iIFVybEVuY29kZT0iVHJ1ZSIgLz4NCiAgICAgICAgPEZvcm1Qb3N0UGFyYW1ldGVyIE5hbWU9Imt0X2xvZ2luMSIgVmFsdWU9IsSQxINuZyBuaOG6rXAiIFJlY29yZGVkVmFsdWU9IsSQxINuZyBuaOG6rXAiIENvcnJlbGF0aW9uQmluZGluZz0ie3tGb3JtUG9zdFBhcmFtNC5rdF9sb2dpbjF9fSIgVXJsRW5jb2RlPSJUcnVlIiAvPg0KICAgICAgPC9Gb3JtUG9zdEh0dHBCb2R5Pg0KICAgIDwvUmVxdWVzdD4NCiAgICA8UmVxdWVzdCBNZXRob2Q9IlBPU1QiIFZlcnNpb249IjEuMSIgVXJsPSJodHRwOi8vbG9jYWxob3N0L2luZHVzdHJ5L2luZGV4LnBocCIgVGhpbmtUaW1lPSI5IiBUaW1lb3V0PSIzMDAiIFBhcnNlRGVwZW5kZW50UmVxdWVzdHM9IlRydWUiIEZvbGxvd1JlZGlyZWN0cz0iVHJ1ZSIgUmVjb3JkUmVzdWx0PSJUcnVlIiBDYWNoZT0iRmFsc2UiIFJlc3BvbnNlVGltZUdvYWw9IjAiIEVuY29kaW5nPSJ1dGYtOCIgRXhwZWN0ZWRIdHRwU3RhdHVzQ29kZT0iMCIgRXhwZWN0ZWRSZXNwb25zZVVybD0iIj4NCiAgICAgIDxRdWVyeVN0cmluZ1BhcmFtZXRlcnM+DQogICAgICAgIDxRdWVyeVN0cmluZ1BhcmFtZXRlciBOYW1lPSJtb2QiIFZhbHVlPSJsb2dpbiIgUmVjb3JkZWRWYWx1ZT0ibG9naW4iIENvcnJlbGF0aW9uQmluZGluZz0ie3tRdWVyeVN0cmluZ1BhcmFtNjAubW9kfX0iIFVybEVuY29kZT0iRmFsc2UiIFVzZVRvR3JvdXBSZXN1bHRzPSJGYWxzZSIgLz4NCiAgICAgIDwvUXVlcnlTdHJpbmdQYXJhbWV0ZXJzPg0KICAgICAgPEZvcm1Qb3N0SHR0cEJvZHk+DQogICAgICAgIDxGb3JtUG9zdFBhcmFtZXRlciBOYW1lPSJrdF9sb2dpbl91c2VyIiBWYWx1ZT0iYWRtaW4iIFJlY29yZGVkVmFsdWU9ImFkbWluIiBDb3JyZWxhdGlvbkJpbmRpbmc9Int7Rm9ybVBvc3RQYXJhbTgua3RfbG9naW5fdXNlcn19IiBVcmxFbmNvZGU9IlRydWUiIC8+DQogICAgICAgIDxGb3JtUG9zdFBhcmFtZXRlciBOYW1lPSJrdF9sb2dpbl9wYXNzd29yZCIgVmFsdWU9IjEyMzQ1NiIgUmVjb3JkZWRWYWx1ZT0iMTIzNDU2IiBDb3JyZWxhdGlvbkJpbmRpbmc9IiIgVXJsRW5jb2RlPSJUcnVlIiAvPg0KICAgICAgICA8Rm9ybVBvc3RQYXJhbWV0ZXIgTmFtZT0ia3RfbG9naW4xIiBWYWx1ZT0ixJDEg25nIG5o4bqtcCIgUmVjb3JkZWRWYWx1ZT0ixJDEg25nIG5o4bqtcCIgQ29ycmVsYXRpb25CaW5kaW5nPSJ7e0Zvcm1Qb3N0UGFyYW05Lmt0X2xvZ2luMX19IiBVcmxFbmNvZGU9IlRydWUiIC8+DQogICAgICA8L0Zvcm1Qb3N0SHR0cEJvZHk+DQogICAgPC9SZXF1ZXN0Pg0KICAgIDxSZXF1ZXN0IE1ldGhvZD0iUE9TVCIgVmVyc2lvbj0iMS4xIiBVcmw9Imh0dHA6Ly9sb2NhbGhvc3QvaW5kdXN0cnkvaW5kZXgucGhwIiBUaGlua1RpbWU9IjAiIFRpbWVvdXQ9IjMwMCIgUGFyc2VEZXBlbmRlbnRSZXF1ZXN0cz0iVHJ1ZSIgRm9sbG93UmVkaXJlY3RzPSJUcnVlIiBSZWNvcmRSZXN1bHQ9IlRydWUiIENhY2hlPSJGYWxzZSIgUmVzcG9uc2VUaW1lR29hbD0iMCIgRW5jb2Rpbmc9InV0Zi04IiBFeHBlY3RlZEh0dHBTdGF0dXNDb2RlPSIwIiBFeHBlY3RlZFJlc3BvbnNlVXJsPSIiPg0KICAgICAgPFF1ZXJ5U3RyaW5nUGFyYW1ldGVycz4NCiAgICAgICAgPFF1ZXJ5U3RyaW5nUGFyYW1ldGVyIE5hbWU9Im1vZCIgVmFsdWU9ImxvZ2luIiBSZWNvcmRlZFZhbHVlPSJsb2dpbiIgQ29ycmVsYXRpb25CaW5kaW5nPSJ7e1F1ZXJ5U3RyaW5nUGFyYW0xLm1vZH19IiBVcmxFbmNvZGU9IkZhbHNlIiBVc2VUb0dyb3VwUmVzdWx0cz0iRmFsc2UiIC8+DQogICAgICA8L1F1ZXJ5U3RyaW5nUGFyYW1ldGVycz4NCiAgICAgIDxGb3JtUG9zdEh0dHBCb2R5Pg0KICAgICAgICA8Rm9ybVBvc3RQYXJhbWV0ZXIgTmFtZT0ia3RfbG9naW5fdXNlciIgVmFsdWU9ImFkbWluIiBSZWNvcmRlZFZhbHVlPSJhZG1pbiIgQ29ycmVsYXRpb25CaW5kaW5nPSJ7e0Zvcm1Qb3N0UGFyYW0xLmt0X2xvZ2luX3VzZXJ9fSIgVXJsRW5jb2RlPSJUcnVlIiAvPg0KICAgICAgICA8Rm9ybVBvc3RQYXJhbWV0ZXIgTmFtZT0ia3RfbG9naW5fcGFzc3dvcmQiIFZhbHVlPSJhZG1pbiIgUmVjb3JkZWRWYWx1ZT0iYWRtaW4iIENvcnJlbGF0aW9uQmluZGluZz0ie3tGb3JtUG9zdFBhcmFtMy5rdF9sb2dpbl9wYXNzd29yZH19IiBVcmxFbmNvZGU9IlRydWUiIC8+DQogICAgICAgIDxGb3JtUG9zdFBhcmFtZXRlciBOYW1lPSJrdF9sb2dpbjEiIFZhbHVlPSLEkMSDbmcgbmjhuq1wIiBSZWNvcmRlZFZhbHVlPSLEkMSDbmcgbmjhuq1wIiBDb3JyZWxhdGlvbkJpbmRpbmc9Int7Rm9ybVBvc3RQYXJhbTIua3RfbG9naW4xfX0iIFVybEVuY29kZT0iVHJ1ZSIgLz4NCiAgICAgIDwvRm9ybVBvc3RIdHRwQm9keT4NCiAgICA8L1JlcXVlc3Q+DQogIDwvSXRlbXM+DQogIDxWYWxpZGF0aW9uUnVsZXM+DQogICAgPFZhbGlkYXRpb25SdWxlIENsYXNzbmFtZT0iTWljcm9zb2Z0LlZpc3VhbFN0dWRpby5UZXN0VG9vbHMuV2ViVGVzdGluZy5SdWxlcy5WYWxpZGF0ZVJlc3BvbnNlVXJsLCBNaWNyb3NvZnQuVmlzdWFsU3R1ZGlvLlF1YWxpdHlUb29scy5XZWJUZXN0RnJhbWV3b3JrLCBWZXJzaW9uPTkuMC4wLjAsIEN1bHR1cmU9bmV1dHJhbCwgUHVibGljS2V5VG9rZW49YjAzZjVmN2YxMWQ1MGEzYSIgRGlzcGxheU5hbWU9IlJlc3BvbnNlIFVSTCIgRGVzY3JpcHRpb249IlZhbGlkYXRlcyB0aGF0IHRoZSByZXNwb25zZSBVUkwgYWZ0ZXIgcmVkaXJlY3RzIGFyZSBmb2xsb3dlZCBpcyB0aGUgc2FtZSBhcyB0aGUgcmVjb3JkZWQgcmVzcG9uc2UgVVJMLiAgUXVlcnlTdHJpbmcgcGFyYW1ldGVycyBhcmUgaWdub3JlZC4iIExldmVsPSJMb3ciIC8+DQogIDwvVmFsaWRhdGlvblJ1bGVzPg0KPC9XZWJUZXN0Pg==">
      <Css projectStructure="" iteration="" />
      <Owners>
        <Owner name="" />
      </Owners>
      <Execution id="1f25ab88-a4c6-4000-809b-d09ab054da4a" />
    </WebTest>
  </TestDefinitions>
  <TestLists>
    <TestList name="Results Not in a List" id="8c84fa94-04c1-424b-9868-57a2d4851a1d" />
    <TestList name="All Loaded Results" id="19431567-8539-422a-85d7-44ee4e166bda" />
  </TestLists>
  <TestEntries>
    <TestEntry isTransparent="false" testId="6dfc9c80-f2b9-44e3-8805-75ac50e55d1e" executionId="1f25ab88-a4c6-4000-809b-d09ab054da4a" testListId="8c84fa94-04c1-424b-9868-57a2d4851a1d" />
  </TestEntries>
  <Results>
    <WebTestResult executionId="1f25ab88-a4c6-4000-809b-d09ab054da4a" testId="6dfc9c80-f2b9-44e3-8805-75ac50e55d1e" testName="WebTest1" computerName="ASUS" duration="00:00:13.7500000" startTime="2010-11-23T21:08:28.9062500+07:00" endTime="2010-11-23T21:08:42.7812500+07:00" testType="4e7599fa-5ecb-43e9-a887-cd63cf72d207" outcome="Failed" testListId="8c84fa94-04c1-424b-9868-57a2d4851a1d">
      <Output>
        <ErrorInfo>
          <Message>0 primary requests and 20 dependant requests failed</Message>
        </ErrorInfo>
      </Output>
      <ByteArrayCache nextHandle="108">
        <Entry handle="107" bytes="H4sIAAAAAAAEAO29B2AcSZYlJi9tynt/SvVK1+B0oQiAYBMk2JBAEOzBiM3mkuwdaUcjKasqgcplVmVdZhZAzO2dvPfee++999577733ujudTif33/8/XGZkAWz2zkrayZ4hgKrIHz9+fB8/Ih7/rk+/PHnz+7w8TeftokxffvXk+dlJ+tH23bvfvXdy9+7TN0/T3/vbb754nu6Od9I3dbZsiraolll59+7pi4/Sj+Ztu3p09+7V1dX46t64qi/uvnl19x1g7eJl/XW79d4cz9rZR0e/cfKYe3y3KJfNZxE4uw8fPpTXpXGezfBzkbdZitbb+S9aF5effXRSLdt82W6/uV7lH6VT+euzj9r8XXsXbx+m03lWN3n72bo93z74KL0LMG3RlvnR47vykz4oi+XbdF7n5599VBaTOquv7568fn23aa/LfDxtmo/SOi8/+4j/buZ53n6UttSjdoQGd28C8/sv8uX6drDSm4FhpNn0duBuhgbUfv+mzZaz20HsIfh6VV8fN0Tm5i5+fZNNJvnsZbbMy+a9Id7YNBwFfXR3NpvV1WpWXS1X6HNsIRLMZloXq9YH8tPZZSaffpQ29dSB+uk+pJ9uPiI+kdZH7w3tp3/ROq+vZeY/DJJ8/oFABJ2xGeEQNH5t04zSewNdfgBydVYsJ9VVDykW+WW2IBhv8+urqp41nqAr43iNZrm8S9qm326SNbnyj+qcsppm5bxq2rvFcrZuWkJG295VpYPXqtn1jSNCg991e/s3Ts7Xyym6T7/44ve/zMpilrX5s6pebN1Jf3F69+7l/njnN07StDhPt2bVdE3c0Y4v8va0zPHrk+uz2Z1fjAZpepnVaTFajX7RaLkYtXnTjpbrxWhRLEeL7N0or+uqbj77+ONRVl80n3V6G9OHDLs5FGDnVZ1uFZ/tHKbF4y28MS7z5UU73967Qx998tk9oIdOPsOX3ys+2fv+IWFQfjaA5JY0+/4dhS8johcAZ7n4jH4bY0oO+XN8wR/R/9f5nd+VpoTamTflXXQ+pmnI3315vvVx0ZwusqL8mNpu7wLmit+33/+eH7ueDYTV4930Z36GWn6G/swAd+/cSYVYn3z28Xb68SfLxScfpwuabWYQYrw0W6b5NrpLM9IAedOMf9/lxx74X5IS4+cWy9/1s49ffczjXC/Sz9IVTMyzsspaHn8PraJ5kb3gr25GBCAned3pP0qg5atseZETHr/rZ6khUdjkUYdGaUrMI22a9YS4vVhebB2MVsQBxFHdL1af7HZfBxaE4GMCA0LTS4/pz1uPKp3k7VWeL6kRQaBWZHLwe/buk4+DEf8S/i+g+RiW/Ljd2rmTfvZZyvSXXtNP6E/TL4Ckv0TA/BJ+VxrdSbMyr9utj1+WOZQAMTGhw8xoaWQZnUSpztt1vfxJfE8TrEC4Y27+S9DH3bvb26wprLYCHPpgVlymxeyzjybZcpnX0Aw/Zj8rLvC3jBIv0O/y433/e3yXQB55vbEVd11KF4/Xpf1dnx8jO5tOy6xpRIltr1ervJ4SVUjzZqoenTpkZhqv5qvfY1HNPiuWbV19ZF4ng01uF7tRJNAY5499XvzHf++fW6TtnH7+kWvT5+O7WReND0REPKB2EyrPi3/0r1mmc8LjZw+NX5Q3m1D49n/89/6JRbqd/mN/0j/6F69+9rCY5+VqExpv6v/47/1L04viH/17NiNBn5aF4527yjyG1fhDn922VcAdx/0YMRx/vcwui4sMdvALaiho/NjjKctdpGOLAPW/abhuYGa4SzJ2Wek6QZxyQW7/f/z3/pUBYBpvMLpb903hyyy/u6qr2Xravg8mr//jv+cvXaar+X/89/zVi28Slcn6vQhyMv9H/6KK9HH2TeLQ5GX5/khM/tG/ePlNYjFZN8R8FAG8ByZPq2w5T5cXrKBWQVcfiE2T15fFNH8vZP7jv/ePnc7Ty//47/3Lv0lMsjV7oB0toZ/ejNU/9if9x3/PX76GvviL3xeru1bCSdpD/ZGybbSqxI8fHf5fM/wWl/1H/vmP/PMf+ec/8s83+OfON7/4/fc+OoJGIsFbpBmrBF8TNXlWT+e+Mqcsw5zU6EcXUECSbcC7ux8xQP21WtIELQrKOXTVy8eUv9j9eET6AMQ5lBEMDYrVlcG1ybeLpXhY3mdATz78Mfq8WK7WrWJFyt5oyHkxm+VLwZA/ZpLa11lvypQqBKc8bVszWOBPiZviB/T7/n1KxOXFxZwGurcn8Pl7A/DHHpOLkE8NSvSda7Xn4hP/eVxx2sZ0qx7XR0e+H/X4rjQasEEdEPBSPjpyvsf7vU1+lnmZvKcN7z6GO0RjdbTsjv2eHfs9b+yd/jJCNpU3c55h+Y0IINCm1Zqir+v3G8TuR0c/CU+nTV9kjnradsiQd2DQfL0g6v/17S3eD2jhBw6OdSfrtq2W2xzZ+ExXLLKLXDODvutPmuA8m8K/As+Of3p1YbnM9uB+Qg6l8/nuEQn3EoQrq/qzj378GT07Ox8dvaxW65Js92sGmDeP8NayjbR+9ox0xBf/6F98rQ7jH7wcpQv8+e4f/Xumo/Rdni7/0b9keaEfvv1H/+pqlI7H49QAvEs4OOTCpPkGp+e98/uqLNSfeztfLy8URhtoEv1sd3NM+dGRF0TB6/uFy0mzOvyFdfaL1tWh/PGP/Un/2B9KTZbgi1UvF6H9sKC73If59PffdeGi+Y59UuuRTrLp24ua+H32+8sXFoX8QhH4ifU15iMtKbQt0rdz5ByyBTmtGf3yj/5F5ONfcvx/yfmIy+UbeMb3Pt15JK8HrOlzp+aMPRTZi/2xH+NW5P0qJpN1WSoqb/7jv+cvrtJLIghpqX/0byGytBRw/83TtCUc/55/cEmErNIw7hilJ+RcL+fEPWP1qTf1oNS+/Ef/ovQXrVkdlv/o3582foA5pbnKfjZ6mf6jf/EUJP3bMK4CgzHqdKS/s3a8Efrn//Hf+9cX6fU/+tesCde/569cKwjvA8So/9ifzBR7O6de5ykmEr3STC/SJbCLBCDx7n6SRrH4j//eP5sWNP7jv/dPpgH57EIk+8tX6ew//nv+Wu1KpPamPEsNgwebUACnv+cfbCMhkY169C8vdTIkJcYTiSqHYjkt17Sqcbd5Wyybu4t3b6sSCpbU8L3bKQhyXGZFpvalu3TX10JYUXuf0KsH3V9HioxjWi0WFJvSmg+WY95zNelmoOu2KIv2+huCK0QXcnwQxLK6KJYObru80Feau/AOf1I8RZrUH143Y0lR3HpEg3F1mv5eb37/Zz/55fc+ftv+/jzQ339NyZCPv0+u+S+usVRf57NHpBTX+YihPEo/BpiPf0n03RWZACz03ep9B+H3J4eRUqZtkTff+3hZvSFhvcjrhqBQALJ7uKFhtmzE//ca++M38kqv07xxrEEEKrNJXh6d4i9yIOQvND16M88pnmBvLZ1nDQVVFFG1+WJVkXwV5XU6K5psUuazdGt3BxHfmuKnO9RsmhHZ0utqTa9d5iR5GXknM9K9OSK5YkHBLElZdUWfnVMsTD+YYGnWAnrbpFv374iS6akaQZ2yQ9Pcot6++Dw9fZdP1+zrvcF3lKq2SvDHEcxMy2L6llZVB3IMH3twf/8ZrcIWZfP770/zyTTLswfZ7t7ex3fGIj006FWZXX82lFT5GrAozJ/QAu7bj38P/fmIpnOJgDHV6Oo8oxD1kFzgs9Pvqq6WedIs9Y1dkjuKHokC0uUjdEAAxeoQBYVnxznTMfd4Sc0CvAdjpF6/OX715vTVWFnz93+an2frsv39X7dZTU6u9wYbEfOa62XmM2unA2n75PTZl69Oez2EKibWUberVZ1T2iR//RPPb9O6P3ziJP0wbX5RGa4r0EqHUpV97Uc1gpzjZz5pnrMm+CJ7Rx/kzck8n7791jAip69efTn07tlyWjOTdV93/3RHQ4z5Kp+SBmpy81akybPsbf6qOa7NvEWaPK+mWXlbUF+vmY5CxZ1zGSZPsaqaNshNqHMtTI/PRJXZ5Me8bVeP7pKpIqzn9PKQG8QIBXEF/RQ0O5200HNhEGCbkocdDSJ4Unutbc5AIGkv/EN79nywoTbU5e/1j/716Yx85K7/r33239nrRKmSGtHI3jd3GuKHH5nQfrYAbSR3snffz7to591wJBaefO1Bf4HgnRxdChTW/YHfeujGMPeG774ISOA+tpmkQQp8AwQYHv/n5LATk/29f67GfjKoVIc1hXaZVO96w4LeQFp0kXcG5n9h8yydEXUH8GPhcAcpHibiJJnYxUxTjt6fikUgUMDoGyDrBr66OWDKL4qmxfKwYvb2H/3rxQ6/FxP2u+GvOp2RRruoWsd1Rz+xRgJgETB/v+/O351YrZtXGg7iOLOnyQJenSsWF90oYL2iVYhZczebXcIBbdgw3d39/Z9/+fmX6ZufTN98+6v0xbe/3Dq4w2mu9KqYtXPKth7suHTrgx2ZWGtR36+zhryAfP99wEtA26WI+81pa+pg/ftPKg0KbO7En2X5mDwAnWkKRfPNjOStV5KfRGbws49+f8oxnveyVF2N6rkcnCN/j85vXvPvoBLmqH8WcBla9O/g4aWrfxaQGFz1j2IhGfefBTQ2Lvt3UAkTYj8r6Gxa9+9i49b7f1ZQue3Cfwctb8H/G0YrRIRy+XU1jMbnBedqW56r9c8qJiY5PojLc04ek2r5I39W8fhFeTOMw7f/47/3TywokPrH/qR/9C/+plk3RGOelxv1LCVNwR1/z62w8IKzr/cERsbYllVdXNJSqgQTtKzyj/zV6d7Ozn3oukm2HC/zdvwbJ8RBf89ffo0s/F+9SucV5eVbZJT/3j+b7ATSwI/S3Yef3v385faTE1p5TZ/QN+lPfvvNGySg//IVAby7u3MXYMePJzU7dFdXV2PXBSXD/1bKQ3FueslsSon3OVLLlPtvyQYUXqZ8nP5e8jss1B9L+W7qgxyR//jv7YFYQl22//Hf+9dqsp1yOvTR9Tj9vXPAN9lm0KazpOS5IavVteanlUInlX6SvqhaUlApk2x3J51cpz+53OYFkTElTvurVDcl/B7/rtvbv3FySUtob7LJJJ+9zJZ52exSum6ZX6WvV/X1+LvFjFho7H+/9VHQ+iMs1PfX6B/fnVSza/5l3i7gPvw/8zf3nKc0AAA=" />
        <Entry handle="106" bytes="H4sIAAAAAAAEAO29B2AcSZYlJi9tynt/SvVK1+B0oQiAYBMk2JBAEOzBiM3mkuwdaUcjKasqgcplVmVdZhZAzO2dvPfee++999577733ujudTif33/8/XGZkAWz2zkrayZ4hgKrIHz9+fB8/Ih7/rk+/PHnz+7w8TeftokxffvXk+dlJ+tH23bvfvXdy9+7TN0/T3/vbb754nu6Od9I3dbZsiraolll59+7pi4/Sj+Ztu3p09+7V1dX46t64qi/uvnl19x1g7eJl/XW79d4cz9rZR0e/cfKYe3y3KJfNZxE4uw8fPpTXpXGezfBzkbdZitbb+S9aF5effXRSLdt82W6/uV7lH6VT+euzj9r8XXsXbx+m03lWN3n72bo93z74KL0LMG3RlvnR47vykz4oi+XbdF7n5599VBaTOquv7568fn23aa/LfDxtmo/SOi8/+4j/buZ53n6UttSjdoQGd28C8/sv8uX6drDSm4FhpNn0duBuhgbUfv+mzZaz20HsIfh6VV8fN0Tm5i5+fZNNJvnsZbbMy+a9Id7YNBwFfXR3NpvV1WpWXS1X6HNsIRLMZloXq9YH8tPZZSaffpQ29dSB+uk+pJ9uPiI+kdZH7w3tp3/ROq+vZeY/DJJ8/oFABJ2xGeEQNH5t04zSewNdfgBydVYsJ9VVDykW+WW2IBhv8+urqp41nqAr43iNZrm8S9qm326SNbnyj+qcsppm5bxq2rvFcrZuWkJG295VpYPXqtn1jSNCg991e/s3Ts7Xyym6T7/44ve/zMpilrX5s6pebN1Jf3F69+7l/njnN07StDhPt2bVdE3c0Y4v8va0zPHrk+uz2Z1fjAZpepnVaTFajX7RaLkYtXnTjpbrxWhRLEeL7N0or+uqbj77+ONRVl80n3V6G9OHDLs5FGDnVZ1uFZ/tHKbF4y28MS7z5UU73967Qx998tk9oIdOPsOX3ys+2fv+IWFQfjaA5JY0+/4dhS8johcAZ7n4jH4bY0oO+XN8wR/R/9f5nd+VpoTamTflXXQ+pmnI3315vvVx0ZwusqL8mNpu7wLmit+33/+eH7ueDYTV4930Z36GWn6G/swAd+/cSYVYn3z28Xb68SfLxScfpwuabWYQYrw0W6b5NrpLM9IAedOMf9/lxx74X5IS4+cWy9/1s49ffczjXC/Sz9IVTMyzsspaHn8PraJ5kb3gr25GBCAned3pP0qg5atseZETHr/rZ6khUdjkUYdGaUrMI22a9YS4vVhebB2MVsQBxFHdL1af7HZfBxaE4GMCA0LTS4/pz1uPKp3k7VWeL6kRQaBWZHLwe/buk4+DEf8S/i+g+RiW/Ljd2rmTfvZZyvSXXtNP6E/TL4Ckv0TA/BJ+VxrdSbMyr9utj1+WOZQAMTGhw8xoaWQZnUSpztt1vfxJfE8TrEC4Y27+S9DH3bvb26wprLYCHPpgVlymxeyzjybZcpnX0Aw/Zj8rLvC3jBIv0O/y433/e3yXQB55vbEVd11KF4/Xpf1dnx8jO5tOy6xpRIltr1ervJ4SVUjzZqoenTpkZhqv5qvfY1HNPiuWbV19ZF4ng01uF7tRJNAY5499XvzHf++fW6TtnH7+kWvT5+O7WReND0REPKB2EyrPi3/0r1mmc8LjZw+NX5Q3m1D49n/89/6JRbqd/mN/0j/6F69+9rCY5+VqExpv6v/47/1L04viH/17NiNBn5aF4527yjyG1fhDn922VcAdx/0YMRx/vcwui4sMdvALaiho/NjjKctdpGOLAPW/abhuYGa4SzJ2Wek6QZxyQW7/f/z3/pUBYBpvMLpb903hyyy/u6qr2Xravg8mr//jv+cvXaar+X/89/zVi28Slcn6vQhyMv9H/6KK9HH2TeLQ5GX5/khM/tG/ePlNYjFZN8R8FAG8ByZPq2w5T5cXrKBWQVcfiE2T15fFNH8vZP7jv/ePnc7Ty//47/3Lv0lMsjV7oB0toZ/ejNU/9if9x3/PX76GvviL3xeru1bCSdpD/ZGybbSqxI8fHf5fM/wWl/1H/vmP/PMf+ec/8s83+OfON7/4/fc+OoJGIsFbpBmrBF8TNXlWT+e+Mqcsw5zU6EcXUECSbcC7ux8xQP21WtIELQrKOXTVy8eUv9j9eET6AMQ5lBEMDYrVlcG1ybeLpXhY3mdATz78Mfq8WK7WrWJFyt5oyHkxm+VLwZA/ZpLa11lvypQqBKc8bVszWOBPiZviB/T7/n1KxOXFxZwGurcn8Pl7A/DHHpOLkE8NSvSda7Xn4hP/eVxx2sZ0qx7XR0e+H/X4rjQasEEdEPBSPjpyvsf7vU1+lnmZvKcN7z6GO0RjdbTsjv2eHfs9b+yd/jJCNpU3c55h+Y0IINCm1Zqir+v3G8TuR0c/CU+nTV9kjnradsiQd2DQfL0g6v/17S3eD2jhBw6OdSfrtq2W2xzZ+ExXLLKLXDODvutPmuA8m8K/As+Of3p1YbnM9uB+Qg6l8/nuEQn3EoQrq/qzj378GT07Ox8dvaxW65Js92sGmDeP8NayjbR+9ox0xBf/6F98rQ7jH7wcpQv8+e4f/Xumo/Rdni7/0b9keaEfvv1H/+pqlI7H49QAvEs4OOTCpPkGp+e98/uqLNSfeztfLy8URhtoEv1sd3NM+dGRF0TB6/uFy0mzOvyFdfaL1tWh/PGP/Un/2B9KTZbgi1UvF6H9sKC73If59PffdeGi+Y59UuuRTrLp24ua+H32+8sXFoX8QhH4ifU15iMtKbQt0rdz5ByyBTmtGf3yj/5F5ONfcvx/yfmIy+UbeMb3Pt15JK8HrOlzp+aMPRTZi/2xH+NW5P0qJpN1WSoqb/7jv+cvrtJLIghpqX/0byGytBRw/83TtCUc/55/cEmErNIw7hilJ+RcL+fEPWP1qTf1oNS+/Ef/ovQXrVkdlv/o3582foA5pbnKfjZ6mf6jf/EUJP3bMK4CgzHqdKS/s3a8Efrn//Hf+9cX6fU/+tesCde/569cKwjvA8So/9ifzBR7O6de5ykmEr3STC/SJbCLBCDx7n6SRrH4j//eP5sWNP7jv/dPpgH57EIk+8tX6ew//nv+Wu1KpPamPEsNgwebUACnv+cfbCMhkY169C8vdTIkJcYTiSqHYjkt17Sqcbd5Wyybu4t3b6sSCpbU8L3bKQhyXGZFpvalu3TX10JYUXuf0KsH3V9HioxjWi0WFJvSmg+WY95zNelmoOu2KIv2+huCK0QXcnwQxLK6KJYObru80Feau/AOf1I8RZrUH143Y0lR3HpEg3F1mv5eb37/Zz/55fc+ftv+/jzQ339NyZCPv0+u+S+usVRf57NHpBTX+YihPEo/BpiPf0n03RWZACz03ep9B+H3J4eRUqZtkTff+3hZvSFhvcjrhqBQALJ7uKFhtmzE//ca++M38kqv07xxrEEEKrNJXh6d4i9yIOQvND16M88pnmBvLZ1nDQVVFFG1+WJVkXwV5XU6K5psUuazdGt3BxHfmuKnO9RsmhHZ0utqTa9d5iR5GXknM9K9OSK5YkHBLElZdUWfnVMsTD+YYGnWAnrbpFv374iS6akaQZ2yQ9Pcot6++Dw9fZdP1+zrvcF3lKq2SvDHEcxMy2L6llZVB3IMH3twf/8ZrcIWZfP770/zyTTLH+bTg3s7H98Zi/TQoFdldv3ZUFLla8CiMH9CC7hvP/499Ocjms4lAsZUo6vzjELUQ3KBz06/q7pa5kmz1Dd2Se4oeiQKSJeP0AEBFKtDFBSeHedMx9zjJTUL8B6MkXr95vjVm9NXY2XN3/9pfp6ty/b3f91mNTm53htsRMxrrpeZz6ydDqTtk9NnX7467fUQqphYR92uVnVOaZP89U88v03r/vCJk/TDtPlFZbiuQCsdSlX2tR/VCHKOn/mkec6a4IvsHX2QNyfzfPr2W8OInL569eXQu2fLac1M1n3d/dMdDTHmq3xKGqjJzVuRJs+yt/mr5rg28xZp8ryaZuVtQX29ZjoKFXfOZZg8xapq2iA3oc61MD0+E1Vmkx/ztl09ukumirCe08tDbhAjFMQV9FPQ7HTSQs+FQYBtSh52NIjgSe21tjkDgaS98A/t2fPBhtpQl7/XP/rXpzPykbv+v/bZf2evE6VKakQje9/caYgffmRC+9kCtJHcyd59P++inXfDkVh48rUH/QWCd3J0KVBY9wd+66Ebw9wbvvsiIIH72GaSBinwDRBgePyfk8NOTPb3/rka+8mgUh3WFNplUr3rDQt6A2nRRd4ZmP+FzbN0RtQdwI+Fwx2keJiIk2RiFzNNOXp/KhaBQAGjb4CsG/jq5oApvyiaFsvDitnbf/SvFzv8XkzY74a/6nRGGu2iah3XHf3EGgmARcD8/b47f3ditW5eaTiI48yeJgt4da5YXHSjgPWKViFmzd1sdgkHtGHDdHf393/+5edfpm9+Mn3z7a/SF9/+cuvgDqe50qti1s4p23qw49KtD3ZkYq1Ffb/OGvIC8v33AS8BbZci7jenramD9e8/qTQosLkTf5blY/IAdKYpFM03M5K3Xkl+EpnBzz76/SnHeN7LUnU1qudycI78PTq/ec2/g0qYo/5ZwGVo0b+Dh5eu/llAYnDVP4qFZNx/FtDYuOzfQSVMiP2soLNp3b+LjVvv/1lB5bYL/x20vAX/bxitEBHK5dfVMBqfF5yrbXmu1j+rmJjk+CAuzzl5TKrlj/xZxeMX5c0wDt/+j//eP7GgQOof+5P+0b/4m2bdEI15Xm7Us5Q0BXf8PbfCwgvOvt4TGBljW1Z1cUlLqRJM0LLKP/JXp3s7O/eh6ybZcrzM2/FvnBAH/T1/+TWy8H/1Kp1XlJdvkVH+e/9sshNIAz9Kdx9+evfzl9tPTmjlNX1C36Q/+e03b5CA/stXBPDu7s5dgB0/ntTs0F1dXY1dF5QM/1spD8W56SWzKSXe50gtU+6/JRtQeJnycfp7ye+wUH8s5bupD3JE/uO/twdiCXXZ/sd/71+ryXbK6dBH1+P0984B32SbQZvOkpLnhqxW15qfVgqdVPpJ+qJqSUGlTLLdnXRynf7kcpsXRMaUOO2vUt2U8Hv8u25v/8bJJS2hvckmk3z2MlvmZbNL6bplfpW+XtXX4+8WM2Khsf/91kdB64+wUN9fo398d1LNrvmXebuA+/D/AHjXoKSnNAAA" />
        <Entry handle="105" bytes="H4sIAAAAAAAEAO29B2AcSZYlJi9tynt/SvVK1+B0oQiAYBMk2JBAEOzBiM3mkuwdaUcjKasqgcplVmVdZhZAzO2dvPfee++999577733ujudTif33/8/XGZkAWz2zkrayZ4hgKrIHz9+fB8/It62v39ZXRTL33/d5PVn2WxRLH+h/WyVNc1VVc8+2927t3//U/vF7me/+3T/d3+4g38P7i0vPlnOf/d893efZL97Nlv9P9feP3xSAAAA" />
        <Entry handle="104" bytes="H4sIAAAAAAAEAO29B2AcSZYlJi9tynt/SvVK1+B0oQiAYBMk2JBAEOzBiM3mkuwdaUcjKasqgcplVmVdZhZAzO2dvPfee++999577733ujudTif33/8/XGZkAWz2zkrayZ4hgKrIHz9+fB8/Ih7/rk+/PHnz+7w8TeftokxffvXk+dlJ+tH23bvfvXdy9+7TN0/T3/vbb754nu6Od9I3dbZsiraolll59+7pi4/Sj+Ztu3p09+7V1dX46t64qi/uvnl19x1g7eJl/XW79d4cz9rZR0e/cfKYe3y3KJfNZxE4uw8fPpTXpXGezfBzkbdZitbb+S9aF5effXRSLdt82W6/uV7lH6VT+euzj9r8XXsXbx+m03lWN3n72bo93z74KL0LMG3RlvnR47vykz4oi+XbdF7n5599VBaTOquv7568fn23aa/LfDxtmo/SOi8/+4j/buZ53n6UttSjdoQGd28C8/sv8uX6drDSm4FhpNn0duBuhgbUfv+mzZaz20HsIfh6VV8fN0Tm5i5+fZNNJvnsZbbMy+a9Id7YNBwFfXR3NpvV1WpWXS1X6HNsIRLMZloXq9YH8tPZZSaffpQ29dSB+uk+pJ9uPiI+kdZH7w3tp3/ROq+vZeY/DJJ8/oFABJ2xGeEQNH5t04zSewNdfgBydVYsJ9VVDykW+WW2IBhv8+urqp41nqAr43iNZrm8S9qm326SNbnyj+qcsppm5bxq2rvFcrZuWkJG295VpYPXqtn1jSNCg991e/s3Ts7Xyym6T7/44ve/zMpilrX5s6pebN1Jf3F69+7l/njnN07StDhPt2bVdE3c0Y4v8va0zPHrk+uz2Z1fjAZpepnVaTFajX7RaLkYtXnTjpbrxWhRLEeL7N0or+uqbj77+ONRVl80n3V6G9OHDLs5FGDnVZ1uFZ/tHKbF4y28MS7z5UU73967Qx998tk9oIdOPsOX3ys+2fv+IWFQfjaA5JY0+/4dhS8johcAZ7n4jH4bY0oO+XN8wR/R/9f5nd+VpoTamTflXXQ+pmnI3315vvVx0ZwusqL8mNpu7wLmit+33/+eH7ueDYTV4930Z36GWn6G/swAd+/cSYVYn3z28Xb68SfLxScfpwuabWYQYrw0W6b5NrpLM9IAedOMf9/lxx74X5IS4+cWy9/1s49ffczjXC/Sz9IVTMyzsspaHn8PraJ5kb3gr25GBCAned3pP0qg5atseZETHr/rZ6khUdjkUYdGaUrMI22a9YS4vVhebB2MVsQBxFHdL1af7HZfBxaE4GMCA0LTS4/pz1uPKp3k7VWeL6kRQaBWZHLwe/buk4+DEf8S/i+g+RiW/Ljd2rmTfvZZyvSXXtNP6E/TL4Ckv0TA/BJ+VxrdSbMyr9utj1+WOZQAMTGhw8xoaWQZnUSpztt1vfxJfE8TrEC4Y27+S9DH3bvb26wprLYCHPpgVlymxeyzjybZcpnX0Aw/Zj8rLvC3jBIv0O/y433/e3yXQB55vbEVd11KF4/Xpf1dnx8jO5tOy6xpRIltr1ervJ4SVUjzZqoenTpkZhqv5qvfY1HNPiuWbV19ZF4ng01uF7tRJNAY5499XvzHf++fW6TtnH7+kWvT5+O7WReND0REPKB2EyrPi3/0r1mmc8LjZw+NX5Q3m1D49n/89/6JRbqd/mN/0j/6F69+9rCY5+VqExpv6v/47/1L04viH/17NiNBn5aF4527yjyG1fhDn922VcAdx/0YMRx/vcwui4sMdvALaiho/NjjKctdpGOLAPW/abhuYGa4SzJ2Wek6QZxyQW7/f/z3/pUBYBpvMLpb903hyyy/u6qr2Xravg8mr//jv+cvXaar+X/89/zVi28Slcn6vQhyMv9H/6KK9HH2TeLQ5GX5/khM/tG/ePlNYjFZN8R8FAG8ByZPq2w5T5cXrKBWQVcfiE2T15fFNH8vZP7jv/ePnc7Ty//47/3Lv0lMsjV7oB0toZ/ejNU/9if9x3/PX76GvviL3xeru1bCSdpD/ZGybbSqxI8fHf5fM/wWl/1H/vmP/PMf+ec/8s83+OfON7/4/fc+OoJGIsFbpBmrBF8TNXlWT+e+Mqcsw5zU6EcXUECSbcC7ux8xQP21WtIELQrKOXTVy8eUv9j9eET6AMQ5lBEMDYrVlcG1ybeLpXhY3mdATz78Mfq8WK7WrWJFyt5oyHkxm+VLwZA/ZpLa11lvypQqBKc8bVszWOBPiZviB/T7/n1KxOXFxZwGurcn8Pl7A/DHHpOLkE8NSvSda7Xn4hP/eVxx2sZ0qx7XR0e+H/X4rjQasEEdEPBSPjpyvsf7vU1+lnmZvKcN7z6GO0RjdbTsjv2eHfs9b+yd/jJCNpU3c55h+Y0IINCm1Zqir+v3G8TuR0c/CU+nTV9kjnradsiQd2DQfL0g6v/17S3eD2jhBw6OdSfrtq2W2xzZ+ExXLLKLXDODvutPmuA8m8K/As+Of3p1YbnM9uB+Qg6l8/nuEQn3EoQrq/qzj378GT07Ox8dvaxW65Js92sGmDeP8NayjbR+9ox0xBf/6F98rQ7jH7wcpQv8+e4f/Xumo/Rdni7/0b9keaEfvv1H/+pqlI7H49QAvEs4OOTCpPkGp+e98/uqLNSfeztfLy8URhtoEv1sd3NM+dGRF0TB6/uFy0mzOvyFdfaL1tWh/PGP/Un/2B9KTZbgi1UvF6H9sKC73If59PffdeGi+Y59UuuRTrLp24ua+H32+8sXFoX8QhH4ifU15iMtKbQt0rdz5ByyBTmtGf3yj/5F5ONfcvx/yfmIy+UbeMb3Pt15JK8HrOlzp+aMPRTZi/2xH+NW5P0qJpN1WSoqb/7jv+cvrtJLIghpqX/0byGytBRw/83TtCUc/55/cEmErNIw7hilJ+RcL+fEPWP1qTf1oNS+/Ef/ovQXrVkdlv/o3582foA5pbnKfjZ6mf6jf/EUJP3bMK4CgzHqdKS/s3a8Efrn//Hf+9cX6fU/+tesCde/569cKwjvA8So/9ifzBR7O6de5ykmEr3STC/SJbCLBCDx7n6SRrH4j//eP5sWNP7jv/dPpgH57EIk+8tX6ew//nv+Wu1KpPamPEsNgwebUACnv+cfbCMhkY169C8vdTIkJcYTiSqHYjkt17Sqcbd5Wyybu4t3b6sSCpbU8L3bKQhyXGZFpvalu3TX10JYUXuf0KsH3V9HioxjWi0WFJvSmg+WY95zNelmoOu2KIv2+huCK0QXcnwQxLK6KJYObru80Feau/AOf1I8RZrUH143Y0lR3HpEg3F1mv5eb37/Zz/55fc+ftv+/jzQ339NyZCPv0+u+S+usVRf57NHpBTX+YihPEo/BpiPf0n03RWZACz03ep9B+H3J4eRUqZtkTff+3hZvSFhvcjrhqBQALJ7uKFhtmzE//ca++M38kqv07xxrEEEKrNJXh6d4i9yIOQvND16M88pnmBvLZ1nDQVVFFG1+WJVkXwV5XU6K5psUuazdGt3BxHfmuKnO9RsmhHZ0utqTa9d5iR5GXknM9K9OSK5YkHBLElZdUWfnVMsTD+YYGnWAnrbpFv374iS6akaQZ2yQ9Pcot6++Dw9fZdP1+zrvcF3lKq2SvDHEcxMy2L6llZVB3IMH3twf/8ZrcIWZfP770/zyTTLHz7Ye7C78/GdsUgPDXpVZtefDSVVvgYsCvMntID79uPfQ38+oulcImBMNbo6zyhEPSQX+Oz0u6qrZZ40S31jl+SOokeigHT5CB0QQLE6REHh2XHOdMw9XlKzAO/BGKnXb45fvTl9NVbW/P2f5ufZumx//9dtVpOT673BRsS85nqZ+cza6UDaPjl99uWr014PoYqJddTtalXnlDbJX//E89u07g+fOEk/TJtfVIbrCrTSoVRlX/tRjSDn+JlPmuesCb7I3tEHeXMyz6dvvzWMyOmrV18OvXu2nNbMZN3X3T/d0RBjvsqnpIGa3LwVafIse5u/ao5rM2+RJs+raVbeFtTXa6ajUHHnXIbJU6yqpg1yE+pcC9PjM1FlNvkxb9vVo7tkqgjrOb085AYxQkFcQT8FzU4nLfRcGATYpuRhR4MIntRea5szEEjaC//Qnj0fbKgNdfl7/aN/fTojH7nr/2uf/Xf2OlGqpEY0svfNnYb44UcmtJ8tQBvJnezd9/Mu2nk3HImFJ1970F8geCdHlwKFdX/gtx66Mcy94bsvAhK4j20maZAC3wABhsf/OTnsxGR/75+rsZ8MKtVhTaFdJtW73rCgN5AWXeSdgflf2DxLZ0TdAfxYONxBioeJOEkmdjHTlKP3p2IRCBQw+gbIuoGvbg6Y8ouiabE8rJi9/Uf/erHD78WE/W74q05npNEuqtZx3dFPrJEAWATM3++783cnVuvmlYaDOM7sabKAV+eKxUU3ClivaBVi1tzNZpdwQBs2THd3f//nX37+ZfrmJ9M33/4qffHtL7cO7nCaK70qZu2csq0HOy7d+mBHJtZa1PfrrCEvIN9/H/AS0HYp4n5z2po6WP/+k0qDAps78WdZPiYPQGeaQtF8MyN565XkJ5EZ/Oyj359yjOe9LFVXo3ouB+fI36Pzm9f8O6iEOeqfBVyGFv07eHjp6p8FJAZX/aNYSMb9ZwGNjcv+HVTChNjPCjqb1v272Lj1/p8VVG678N9By1vw/4bRChGhXH5dDaPxecG52pbnav2ziolJjg/i8pyTx6Ra/sifVTx+Ud4M4/Dt//jv/RMLCqT+sT/pH/2Lv2nWDdGY5+VGPUtJU3DH33MrLLzg7Os9gZExtmVVF5e0lCrBBC2r/CN/dbq3s3Mfum6SLcfLvB3/xglx0N/zl18jC/9Xr9J5RXn5Fhnlv/fPJjuBNPCjdPfhp3c/f7n95IRWXtMn9E36k99+8wYJ6L98RQDv7u7cBdjx40nNDt3V1dXYdUHJ8L+V8lCcm14ym1LifY7UMuX+W7IBhZcpH6e/l/wOC/XHUr6b+iBH5D/+e3sgllCX7X/89/61mmynnA59dD1Of+8c8E22GbTpLCl5bshqda35aaXQSaWfpC+qlhRUyiTb3Ukn1+lPLrd5QWRMidP+KtVNCb/Hv+v29m+cXNIS2ptsMslnL7NlXja7lK5b5lfp61V9Pf5uMSMWGvvfb30UtP4IC/X9NfrHdyfV7Jp/mbcLuA//D7GOHcmnNAAA" />
        <Entry handle="103" bytes="H4sIAAAAAAAEAO29B2AcSZYlJi9tynt/SvVK1+B0oQiAYBMk2JBAEOzBiM3mkuwdaUcjKasqgcplVmVdZhZAzO2dvPfee++999577733ujudTif33/8/XGZkAWz2zkrayZ4hgKrIHz9+fB8/It62v39ZXRTL33/d5PVn2WxRLH+h/WyVNc1VVc86n+9+9rtP93/3hzv49+De8uKT5fx3z3d/90n2u2ez1f8DLuDGEVEAAAA=" />
        <Entry handle="102" bytes="H4sIAAAAAAAEAO29B2AcSZYlJi9tynt/SvVK1+B0oQiAYBMk2JBAEOzBiM3mkuwdaUcjKasqgcplVmVdZhZAzO2dvPfee++999577733ujudTif33/8/XGZkAWz2zkrayZ4hgKrIHz9+fB8/Ih7/rk+/PHnz+7w8TeftokxffvXk+dlJ+tH23bvfvXdy9+7TN0/T3/vbb754nu6Od9I3dbZsiraolll59+7pi4/Sj+Ztu3p09+7V1dX46t64qi/uvnl19x1g7eJl/XW79d4cz9rZR0e/cfKYe3y3KJfNZxE4uw8fPpTXpXGezfBzkbdZitbb+S9aF5effXRSLdt82W6/uV7lH6VT+euzj9r8XXsXbx+m03lWN3n72bo93z74KL0LMG3RlvnR47vykz4oi+XbdF7n5599VBaTOquv7568fn23aa/LfDxtmo/SOi8/+4j/buZ53n6UttSjdoQGd28C8/sv8uX6drDSm4FhpNn0duBuhgbUfv+mzZaz20HsIfh6VV8fN0Tm5i5+fZNNJvnsZbbMy+a9Id7YNBwFfXR3NpvV1WpWXS1X6HNsIRLMZloXq9YH8tPZZSaffpQ29dSB+uk+pJ9uPiI+kdZH7w3tp3/ROq+vZeY/DJJ8/oFABJ2xGeEQNH5t04zSewNdfgBydVYsJ9VVDykW+WW2IBhv8+urqp41nqAr43iNZrm8S9qm326SNbnyj+qcsppm5bxq2rvFcrZuWkJG295VpYPXqtn1jSNCg991e/s3Ts7Xyym6T7/44ve/zMpilrX5s6pebN1Jf3F69+7l/njnN07StDhPt2bVdE3c0Y4v8va0zPHrk+uz2Z1fjAZpepnVaTFajX7RaLkYtXnTjpbrxWhRLEeL7N0or+uqbj77+ONRVl80n3V6G9OHDLs5FGDnVZ1uFZ/tHKbF4y28MS7z5UU73967Qx998tk9oIdOPsOX3ys+2fv+IWFQfjaA5JY0+/4dhS8johcAZ7n4jH4bY0oO+XN8wR/R/9f5nd+VpoTamTflXXQ+pmnI3315vvVx0ZwusqL8mNpu7wLmit+33/+eH7ueDYTV4930Z36GWn6G/swAd+/cSYVYn3z28Xb68SfLxScfpwuabWYQYrw0W6b5NrpLM9IAedOMf9/lxx74X5IS4+cWy9/1s49ffczjXC/Sz9IVTMyzsspaHn8PraJ5kb3gr25GBCAned3pP0qg5atseZETHr/rZ6khUdjkUYdGaUrMI22a9YS4vVhebB2MVsQBxFHdL1af7HZfBxaE4GMCA0LTS4/pz1uPKp3k7VWeL6kRQaBWZHLwe/buk4+DEf8S/i+g+RiW/Ljd2rmTfvZZyvSXXtNP6E/TL4Ckv0TA/BJ+VxrdSbMyr9utj1+WOZQAMTGhw8xoaWQZnUSpztt1vfxJfE8TrEC4Y27+S9DH3bvb26wprLYCHPpgVlymxeyzjybZcpnX0Aw/Zj8rLvC3jBIv0O/y433/e3yXQB55vbEVd11KF4/Xpf1dnx8jO5tOy6xpRIltr1ervJ4SVUjzZqoenTpkZhqv5qvfY1HNPiuWbV19ZF4ng01uF7tRJNAY5499XvzHf++fW6TtnH7+kWvT5+O7WReND0REPKB2EyrPi3/0r1mmc8LjZw+NX5Q3m1D49n/89/6JRbqd/mN/0j/6F69+9rCY5+VqExpv6v/47/1L04viH/17NiNBn5aF4527yjyG1fhDn922VcAdx/0YMRx/vcwui4sMdvALaiho/NjjKctdpGOLAPW/abhuYGa4SzJ2Wek6QZxyQW7/f/z3/pUBYBpvMLpb903hyyy/u6qr2Xravg8mr//jv+cvXaar+X/89/zVi28Slcn6vQhyMv9H/6KK9HH2TeLQ5GX5/khM/tG/ePlNYjFZN8R8FAG8ByZPq2w5T5cXrKBWQVcfiE2T15fFNH8vZP7jv/ePnc7Ty//47/3Lv0lMsjV7oB0toZ/ejNU/9if9x3/PX76GvviL3xeru1bCSdpD/ZGybbSqxI8fHf5fM/wWl/1H/vmP/PMf+ec/8s83+OfON7/4/fc+OoJGIsFbpBmrBF8TNXlWT+e+Mqcsw5zU6EcXUECSbcC7ux8xQP21WtIELQrKOXTVy8eUv9j9eET6AMQ5lBEMDYrVlcG1ybeLpXhY3mdATz78Mfq8WK7WrWJFyt5oyHkxm+VLwZA/ZpLa11lvypQqBKc8bVszWOBPiZviB/T7/n1KxOXFxZwGurcn8Pl7A/DHHpOLkE8NSvSda7Xn4hP/eVxx2sZ0qx7XR0e+H/X4rjQasEEdEPBSPjpyvsf7vU1+lnmZvKcN7z6GO0RjdbTsjv2eHfs9b+yd/jJCNpU3c55h+Y0IINCm1Zqir+v3G8TuR0c/CU+nTV9kjnradsiQd2DQfL0g6v/17S3eD2jhBw6OdSfrtq2W2xzZ+ExXLLKLXDODvutPmuA8m8K/As+Of3p1YbnM9uB+Qg6l8/nuEQn3EoQrq/qzj378GT07Ox8dvaxW65Js92sGmDeP8NayjbR+9ox0xBf/6F98rQ7jH7wcpQv8+e4f/Xumo/Rdni7/0b9keaEfvv1H/+pqlI7H49QAvEs4OOTCpPkGp+e98/uqLNSfeztfLy8URhtoEv1sd3NM+dGRF0TB6/uFy0mzOvyFdfaL1tWh/PGP/Un/2B9KTZbgi1UvF6H9sKC73If59PffdeGi+Y59UuuRTrLp24ua+H32+8sXFoX8QhH4ifU15iMtKbQt0rdz5ByyBTmtGf3yj/5F5ONfcvx/yfmIy+UbeMb3Pt15JK8HrOlzp+aMPRTZi/2xH+NW5P0qJpN1WSoqb/7jv+cvrtJLIghpqX/0byGytBRw/83TtCUc/55/cEmErNIw7hilJ+RcL+fEPWP1qTf1oNS+/Ef/ovQXrVkdlv/o3582foA5pbnKfjZ6mf6jf/EUJP3bMK4CgzHqdKS/s3a8Efrn//Hf+9cX6fU/+tesCde/569cKwjvA8So/9ifzBR7O6de5ykmEr3STC/SJbCLBCDx7n6SRrH4j//eP5sWNP7jv/dPpgH57EIk+8tX6ew//nv+Wu1KpPamPEsNgwebUACnv+cfbCMhkY169C8vdTIkJcYTiSqHYjkt17Sqcbd5Wyybu4t3b6sSCpbU8L3bKQhyXGZFpvalu3TX10JYUXuf0KsH3V9HioxjWi0WFJvSmg+WY95zNelmoOu2KIv2+huCK0QXcnwQxLK6KJYObru80Feau/AOf1I8RZrUH143Y0lR3HpEg3F1mv5eb37/Zz/55fc+ftv+/jzQ339NyZCPv0+u+S+usVRf57NHpBTX+YihPEo/BpiPf0n03RWZACz03ep9B+H3J4eRUqZtkTff+3hZvSFhvcjrhqBQALJ7uKFhtmzE//ca++M38kqv07xxrEEEKrNJXh6d4i9yIOQvND16M88pnmBvLZ1nDQVVFFG1+WJVkXwV5XU6K5psUuazdGt3BxHfmuKnO9RsmhHZ0utqTa9d5iR5GXknM9K9OSK5YkHBLElZdUWfnVMsTD+YYGnWAnrbpFv374iS6akaQZ2yQ9Pcot6++Dw9fZdP1+zrvcF3lKq2SvDHEcxMy2L6llZVB3IMH3twf/8ZrcIWZfP770/zyTTLD2a70/O9j++MRXpo0Ksyu/5sKKnyNWBRmD+hBdy3H/8e+vMRTecSAWOq0dV5RiHqIbnAZ6ffVV0t86RZ6hu7JHcUPRIFpMtH6IAAitUhCgrPjnOmY+7xkpoFeA/GSL1+c/zqzemrsbLm7/80P8/WZfv7v26zmpxc7w02IuY118vMZ9ZOB9L2yemzL1+d9noIVUyso25XqzqntEn++iee36Z1f/jESfph2vyiMlxXoJUOpSr72o9qBDnHz3zSPGdN8EX2jj7Im5N5Pn37rWFETl+9+nLo3bPltGYm677u/umOhhjzVT4lDdTk5q1Ik2fZ2/xVc1ybeYs0eV5Ns/K2oL5eMx2FijvnMkyeYlU1bZCbUOdamB6fiSqzyY95264e3SVTRVjP6eUhN4gRCuIK+ilodjppoefCIMA2JQ87GkTwpPZa25yBQNJe+If27PlgQ22oy9/rH/3r0xn5yF3/X/vsv7PXiVIlNaKRvW/uNMQPPzKh/WwB2kjuZO++n3fRzrvhSCw8+dqD/gLBOzm6FCis+wO/9dCNYe4N330RkMB9bDNJgxT4BggwPP7PyWEnJvt7/1yN/WRQqQ5rCu0yqd71hgW9gbToIu8MzP/C5lk6I+oO4MfC4Q5SPEzESTKxi5mmHL0/FYtAoIDRN0DWDXx1c8CUXxRNi+VhxeztP/rXix1+Lybsd8NfdTojjXZRtY7rjn5ijQTAImD+ft+dvzuxWjevNBzEcWZPkwW8OlcsLrpRwHpFqxCz5m42u4QD2rBhurv7+z//8vMv0zc/mb759lfpi29/uXVwh9Nc6VUxa+eUbT3YcenWBzsysdaivl9nDXkB+f77gJeAtksR95vT1tTB+vefVBoU2NyJP8vyMXkAOtMUiuabGclbryQ/iczgZx/9/pRjPO9lqboa1XM5OEf+Hp3fvObfQSXMUf8s4DK06N/Bw0tX/ywgMbjqH8VCMu4/C2hsXPbvoBImxH5W0Nm07t/Fxq33/6ygctuF/w5a3oL/N4xWiAjl8utqGI3PC87VtjxX659VTExyfBCX55w8JtXyR/6s4vGL8mYYh2//x3/vn1hQIPWP/Un/6F/8TbNuiMY8LzfqWUqagjv+nlth4QVnX+8JjIyxLau6uKSlVAkmaFnlH/mr072dnfvQdZNsOV7m7fg3ToiD/p6//BpZ+L96lc4rysu3yCj/vX822QmkgR+luw8/vfv5y+0nJ7Tymj6hb9Kf/PabN0hA/+UrAnh3d+cuwI4fT2p26K6ursauC0qG/62Uh+Lc9JLZlBLvc6SWKfffkg0ovEz5OP295HdYqD+W8t3UBzki//Hf2wOxhLps/+O/96/VZDvldOij63H6e+eAb7LNoE1nSclzQ1ara81PK4VOKv0kfVG1pKBSJtnuTjq5Tn9yuc0LImNKnPZXqW5K+D3+Xbe3f+PkkpbQ3mSTST57mS3zstmldN0yv0pfr+rr8XeLGbHQ2P9+66Og9UdYqO+v0T++O6lm1/zLvF3Affh/AIwhANunNAAA" />
        <Entry handle="101" bytes="H4sIAAAAAAAEAO29B2AcSZYlJi9tynt/SvVK1+B0oQiAYBMk2JBAEOzBiM3mkuwdaUcjKasqgcplVmVdZhZAzO2dvPfee++999577733ujudTif33/8/XGZkAWz2zkrayZ4hgKrIHz9+fB8/It62v39ZXRTL33/d5PVn2WxRLH+h/WyVNc1VVc8+2927Zz/d/ex3n+7/7g938O/BveXFJ8v5757v/u6T7HfPZqv/B9JgSD9PAAAA" />
        <Entry handle="100" bytes="H4sIAAAAAAAEAO29B2AcSZYlJi9tynt/SvVK1+B0oQiAYBMk2JBAEOzBiM3mkuwdaUcjKasqgcplVmVdZhZAzO2dvPfee++999577733ujudTif33/8/XGZkAWz2zkrayZ4hgKrIHz9+fB8/Iv7vf+v//o9+jd/sO8/Onv0av+av+Wv+Gt+m/36N//vf/TVOfo1f99fBQ//+ur/Br0v/T379X/fX/fWT3/DHfiz5sR/7DX+T35Cf3+Q3/I1/49/kN/6Nf8Pf/Df/LX6L3/w3/+1/u9/ut/vtfyf7AMiv+ev9er/eb5j8hr/1b/Kb/Na/7W/5m/6Wv+3vjC9+59/ZNLn5+b//kV/jN/8Nfo0/49f6bX/tX/M3/zV+rd/81/y1f/Nf8//+x36N3+nX+DV+zV8X2Lrn1/q1f51f99f79X/N34C+/R1+TX3ct78mf/1//zu/xm/0a/+av8av9Zv92r8ZffTf/UW/xq/17Nf9Tf+gX+Nf+Mt+wb/3X/6q//3v+fV+7X/xV/zK/+tP/JP/yE/+yB97+rf8d//sn/H5Hz7/n3+rP6H9tX+nN3/OL9s/+13/jF/4R/3Fv83v9u5PenT647/19I/4P/6J3+yL//iP/J1/h9/l4z8lOfmXf+1/4j/6vX+N3/qX/aK//Jf+J//Ev/jsN/11f4PPvnx0/uCzf/vX/IN+2f/5S/7vX+Mv/c/+gF//7A/7Xf/WP+Dpj/9B//Lve/T5p/nDP2f86/0TT3+D7X/qx//xnb/lv/rDfq/f8ZMvf+Nf9Wff+y9++T/9R//uf9p/9r/8Z7/P7/fVn/PRL/81fp3fZftXHf3v/8P6z/+Zu3/q7/Ov/L7/4X/7p//p//n4n/z1/qnTP+q3+01/j3/zP/zfjz7/F3+9f+3f/DN/4e/0t/5uv/Uf8df9Jd/6DX/8X/lFj/+q/b/y6JM/4W/Ikv/5P/1Lfqe/71/603+t3/i3/8se/qq/fevX+R2a3+yn/oI/7Q//g//jvwNEeXzw+/8uf/Gf9V/+d/9h9c8f/Sf/5u/7z/+iLH3xJ/wWf+u/8vnv/9v8W6vf6Nf/C//b//H//F1+/E//M3+9P+1v/13/7Mm/9Sdt/Xkvf83z7/6mf8Jv9Fv+Gn/Hb/Hyj9n+p37dO//1wd967x9rfnrr13v2T3/8F737AZP6/H/+r092/rs/Zvfu3i/7Jf/CP/5f/W//3n/5Z/6DZ//mP/Tf/DP/9X/2193543f+yb/wv/3l//ev8fk/9V88+9v+lt/tT//D3/1H/9U//Jdvffs/+5d/nSf/3l/58W/+zx7/L7/GX/Kv/RW/40d/6m/40R/2p/z+dv5+we/0x/6Zf//uf35w8Cf+e2+v/st/7r/8O3/P//DP/lN/g0e/27s/9L/83//Pz//l/+Xh2a/x5yz/sd/8N3jyR3xx5+Cf+zN+t9/19Mce/yu/3Z/67eIP8liEnvKve/w7fPbf/mH1v/5Tf9+3f8ff/U/59f7pX/v87r/4K/737/6l/1lT/09/zrP0d/iT/+K/Zec/+pP/lN/nP/6P/pQ7s6/+hD/613763d/gd/1t/9N/yEL4tf6AX+PX/N0//xv/uP/x9zh79y/9Gp//Zo8e/3q//h/5b/1Xv+BP/BP/oN/pd/+t/7Jf9nuefnJ2Mvkj/6nf7R/+W/6iv/uzj37Lf+ofzf/m3+n4Py6/cEh86x+4+ssef/Zr/0Of/dr/6L/2W/0av8aP/++/7V/wFz5Ixr/BX/4Xv/nid3j0G/zbr949/fS/+A3+nO/8+J/8T//hv+Zfm/6G29/+z+d/6ne+74bym0+3/5e//4/7X/69X/qDnQd/5r3f9/XD3/8vHf/KP+N3/kX53/d7/Ff/xf/1y/77X/fxX/97/Sa/8flv/Z0/4m/+/f72f+vP2zr9k/+af/qz3/Gv/G/+qr/ld3n8+Lf6Qfr7/Ed/8b/6L2Esf9Rf87v/gj8j/4t+jV/jt/st/6w/58/61p/0x//m/8wf8rv9/b/2b/vlP/Of/V3/wy9d/2X/5d/9O/3vP/XffO8XP/5Xf8nP/M3//U/+Af/nv/pv/8T8X/+H/8VXze//vTt/5f0/7fd98V//WZ/c/R1+6d/1Vz7//u/zO/19258//59/0S94Vf+zf/P4xT/7N/ytf9Afcvatf+bVP/Yv/5q/7O/+I8b//PW//M/TCH77H/9Nfu/f+h//k3/HP+KX/ft/8088/1O+/Yf9xB/8T5X/9e/ya//7n/6303/02//nb/qH/AX/9smf8pP/6av7v/W37o/Gv/Vf93fe+4//s//m3/lr/tm/7D/77Hf75X/9v/b7/eV/4e/7q//JN3/3T/+lD37Rr/3wX7/4S7/7Syb/9h/5ezz8lX/rf/Tif/kl//Zv+d3/ufkdP/u1fqu//b+++PTf+Jsf0xD/ood3funov/kv/4in/9F/9lv+o//SZ7/Vp+3f+Ef+97+o+jv/qz/zVxwtju7/V//bX3L6X/xf/9tf+/v8uj/1x/03f+dnf8P2X/VX/b6/4q/8Wx/8u3/c5NO//Nf7N36HP+Xv/s7v80f9df/Bf/m932j9F/9V/87fX/9L/0XxF/yv/9cP/sl/9H/fPv/pf+YvPfu7L/6Ev6/6z/6vf/cu8fT2v/IPHv6v//H/+fv/Jv/qf/0z23/7P/Vr/BoXf8LvV2T/zX/1D/36v+DR3/U3X/z4p7/w7/tVf92/+M/+on/xX/43/7s/+k9YX/9rf3zzJ/8NX/63f/LkD/9H/vr/ZfEP/NI/69/726/Ol3/Nr1r/y7/8n5j+m//w31b/tX/7H/W3/tb/3Zf//L/a/Le/x1/x3/3N1//83d/nf9z+wS/68Yu/Ye/h1T/75jf/z/6WP+FP/Uuav/33/Qf//F88vbr3y3+NX+M3+lX/zL/wHx38Gr/+b3F/8of/9v/IL5rPklf/5J/5S//Nf+Dx//L2d/4bfvJv/LX/+UeP/tU/5m959oN/6e8f/+v/4O9876+4+um//b/+nf6s/+D/+H3+7r+8+Rv/7l+0/zP/++/b/Pt/5xe/6+/0z/2BP3X+H/yxf9nrP/kX/nN/7b/wN//W40//6L/nr/7XfrP/5V+8+Gtf/XeP/ueXv8av8Zsl/+jTX+PX+EW/5d/xF/xBv8av+Rv853/kH/Dw7/xN/qy//ndq/rn2n/gr/+x/bPRk3P5N/+LP/N+/xvO//Y/5x/+mT/+rf2/5hz/8O3+/h3/+f/5HjP7V3+ef/aX/wp/66r/9iV/nj/2rH+0v/prj7/xZv8U/81O/qvpXT3/yb/sFz6b/5H/w5/79f+u/cf/vfyi65NdY/affOfgBPXv7b/78P+0//31/8Ffe/6f+i8/+y5f/8SJ7/kf+9Tt/2vd+8vf50/7ri6b9TS7/mX/ml/4f//Xf+uf98X/yf/9vnD//6d/3y3/tb/nbL/7yP+HP+V3/J7D5n/npr/e3/4av/pvz/0WA/tp/0u88b3+NX+PXe/GT67/kT/zz/4i/+t4v/nP+vu/+iT/+L/0lv+NHf/Yv/Vt+9Z//t/yRf81v87/8wT+++t9+g7/jv/4dHz/+bX/yL/mHwEn/6b/yJ/6Fz//vX+Psn/ns9/kP/uZ//+F/+S8JtIHn19z94pO/+fAX/TJq9WuTTdr5zX6NX+vX+rV+jV/v1/y1fp1f/9f4tdHg1/51fs1f69f4dX+93/y3+C1/q9/6N0s/+m1+1537P/677e7d2/89j5+8JEv1G5D9+jV/3V/rfz+f/M2/7n/55/87/+fv9ruf/t7Lh//an/YP/gv/4q/86369f3L+qy5n08l/+vjJT739T/+o4t8+/ef/7N/k//z3fov/trz6jX76V/y9v9d//5v+vdf/Z/0//veXP/jl/+jf92d86x/8zU9+4fSP/vve/c7/w+m/9m8tv/hbHvxW/+uf/kf+04d/+a/8+Ff8fv/i6rf5E/+x/Nf+/N/92z/9N/+8//LX/nf/7s+rv+zf+y3fPvrj//n/dfTTv//1P/Hge7/F2+/+a//d7/4r/s4/9/f66X/z8+zin/1L67/y3372q/7of+O3/Lv/3X/z9/g7in/rP7y/2PtP/64/9K//9//Wv+kP+NWLP/6f+ZW/2b/3a//K//nNv/w2v3zw5Z/5U3/S31n+U1/9J7/D3/Hv/6+/1f/x9D/4R+vf+U//wd/zS/+Qv+evOv97n1Z/+O/+G/0ef8K/d/H9v/ZP+c4/UW//rX/L47/q1/197v7q3+N3/D3+g7/p7J/57/+73+y/+5s+e/J//smr/+WP3f4b/41/8k/9N37b47/up/6ov/Svff6Dv+0v+A0e/OC//6O+++f9en9c8pP7/9pv9Bd++/f4nd7897/B1j/yL/4Tf9xv/Pbf+9f/ps/f/hWv/p6//E/623+nt3/kH/Ev/dN//W95769++VP/+vf/zb/hX/3l/+o/9Zd+72988if8Yfm/cv/vePY3/Bd/6Ve/w1979GtUv81v8xf9bf/Qf3P/3/lf/9M/svot//Xf7y/7tf6mX/DLj+7/Ov/MP/nn/Ne/8eW//a/+Gb/33/G3f/sf3//f/53/9rf813/fw+2/4e/9d771/Z/+X/6oX/4v3fsXf+PfZP5L/sA/cPrLf+r6ePnk+/kf86/+gj/3l/5Gf8Tf9Sc//l1+m9+u/gV3nv7ZX/wlz/Nf3Pzpf+fv8cf+B3/pX/Mr/va/8j+9+NX/xk/92gf/Yfk7/sF/8t3f+Q/5w36NP/erP37+2/+6v/ff9Uf8A3/OP/Zb/4o/YO+P+Nv/mL/nV3/7bz/+6//93/nHf/rTv+OPfPs3Vr/qsz/yf/8d/vP/4bf77beyP++P+F9/x5/6p/6v+8mf8j/9/V/+p3/L8b9e/F9/zO/99Ce/8xf9gj/9j/nqn/yl/+vff/VHXv7V87//O6d/1V/0z//ef8sf/pMPTrJn/+ufnn75p/2df+I/+t/cP/73/6k7n05+9W/+b7978Yenf94v/v3/lX/nv/od3vw1f+d//Bf8ed/9mT/hx9/82b/jP1/8JX/t/C/4R1f/xF/z4//Tf/1X/0l/42/x1/9R/8Of+2f+0f/Av/b7/vK//8e+/OP/wv/x9/mdvvOv//V/y79d/to/ff/H/75/7tn4n//tf4fxr/6dvptdfv/fvr/+bf/NX/DPjVY/9ie//ed+8Df/DT/zz//7/8VvkPzEX/Ptfy37O/61f3Pv8o/8W/+tf3v37/unf+s/8t/+6A/+p/72i08XO3/W3/HrPfqHf6M/5fQ/+1P/rV/90dl/ef4H/gHnf9Zv+M/9CX/K3/I73rv/1W/8O/5xf9R//rv82r/1r/3r/xr/9m/19PN/7unn/813m7/xH/j+n/8T/8tX/9J/uP1X/0v/4e/xm/7X23/mX/9v/Jn//dv/6v5/ev2v/DN/73/0nR/8/X/k3/QfjP7j3+rf/B+++jf/p//qN/mn/u1/e/Fv/5l/wqe//t/+T//ryX9x9fv85N/yn9z/s9N/4qf++r/h+9ndv/F//sufrv+nf/7f+PFf8w/+J/6+3+V/+4u+/eN/zEf/2ePf8A949FHya/3Wv//v/ad958/5FX/HH/vT//av/cd8/08uP/rt/8TtH/zUH/wb/Hf/zX/3tz75K3/d/+1P//K/G/+R1//0v/H7Pf/q9374J2z9Ab/Vv/H7/Vt/yelv/n//Gv/Z3/kbPfzX/7fs3/sLfsfLv/t/K/6P/+Ph3/QP/U9//1/xq3+Nf+ef/q//pb+n/OPu/za/w3/zZ1//64//9M9+m3/w3/xTv/q78/O/6xf/Lw/+3P++efmn//N/69/wr/+xy/Gv+k8v/+KP/ofFf/evv/y3f+Vf+Xv/jX/KT/z03/jmu//el7/wTz/4a37Lf+/kt/n7/pLf7v4f8Df9w3//3/LLX2f7f/HD3+w3/MP+oL/iz/3+r77+739Bc/+v/cW/6a/+o3+fv/1bf/FH3/qzP/rW3/9HvP53//Rfff+v+r1+49/v5G/4Xf/Wf73+3f66H7z+J37sr/xH/6/lH/vL76//qd/ryZ/5R5U/+Zv8h7/23z//d3/h3/nv/PI/7u/4t3/yv/hz//J//s/4d/+CX//ZH/bsxb/1r//Nv/9v93t99z/9K//tP/Qv/jMXv/f3sv/1F//m/9Av+VP+p9/0D/jb/ojL3+t//X3+7X/jr/nj/5vf5q/4d3+Tv+T6n/ht/9p/9xf8o+O/5x/6p3+vf3jrt/3DfvHdv/k3fPDH/zP/6z/82/yRv+3/8ff/xJ+v//2p/3L5t/yDq6fpv/rX3OP/9v7R3/iX/Z2/71/++fP/5o/7b/64f/uX/oo/9r/97/7W7eLZf3321/1Foz/yN/nfftXi9Nf6m/73v/iP/1N+m1/6Z/6rX/zbn/4Vf8Vv9d/8F1+N/7Y/6bf+2/+X3T/2J37Rb3L/7/iTd/7Ib//l3/1j/vS//S+7/zv8m7/iX/rBX/B7rs9/n9/kH2v/6u89+9t+pz/t9/zDX289/Rv+vn8kXf/5f9XLX/Ctf/B/+d8++hd/nd/nP/pjH//mF3/I6H86/Qt+s7/1H/5t3oUf/Qb80T/9r//1v/Cf/DMm//1P/Jk//u2ffL548bf/rb9i9Ks//Tf+u191dfm93/gPv/xo/3sXf/u93/A/+qN+1R/06/27h8/W/9Mf8Ecf/1N//mdf/fiD3+Ev+/Hv/Oe//R/1Zz3+936vP+W/yf+5n/wty7/m3W/0/L/80//NRfbTv/EP/ou/+nf+tZ/+zf/7n/V3/+3f/bt/i//71/jT/snkV/ytn1bjZ3/4X/D9v/Wf/vR6NPvt/73/sfz48V9Z/AX/1J/8F/xnu3/Iv/XH/du/0XcP/7Z/4Wf+r+/8j/Nf9jf/jYf//f9e/7k/8b/8yn/tr/8b/67f7PT7/9Zv+OXyzp/97/6rf/rlr/Vn/bI//C/4JXuXf/K/90f8JZPf9PkfUfw2f/Of+be92Xr1h3z0h/6V7x7+ur/O7N9/9y/8R4s/4+/6u69/w//s9/3Jfzp9+9m/fHH0B/5l/8V/+P2/8W/7Rc/+lOZ//vX+nOY//K//5u//Icv/8xf/8X/EP/wb/Y+/8r/79f+t3/k3+df/nT/6q7M/9+2/9i9+77f5U/6lv/b3/xv+vV/xt+3+tvkf8if++n/fv/WPvS7/3IP9v/sf+5P/8b/x2eQPKP+Nf/tf/+3+68PF2U/9/bPf+h/49tvy/u/9T33/r/03/9FPv3ryp37rT/7fv/Vr/+Oz0//6D/p3/7TT6W80/51/7d/yF738ff+Gf+i/eLF7tvg/fmzr9/vb/rUvfu+/a37/l/2Tf8Lkt/xt/vq//U8qf+of/jf+iX/tv/0H/pl/9k/b+cvav/Z/Ht/5bf7mX//b/8A//63s4A/6nX7F3/vtf+v/+J+/9Y/9ev/I9q/8Q0//jsmv+Q8v/537v+/RX/DX/N+/xnd/s+8Sjk/+xt/+3/89/qC/4h/8/f7RX/VLfpN/Yu+fLp8c/h2/67/9l/z2/8n/9o//DW/+yt/q9/kb/ur/8fXhn/2f3/szdv/6P+/e8i//X7/4sy/+s3/5j//HD//x//yf+i3+5l//X/nL/rM/9m//wW/zL//+/+cv/jP+mZ3f79XbF80/+/t98qf92f9A+Vf+GX/nT/17n/7pi1/1txx999f4e/6Xh7/f8U/96+vxL/1f/7n/8jf7T/+avX/z19j6/L/883+9y//hL/mLfus/5rf/y//0/+Z//mV/zL/9rf/q13s2+kt+x9/mo7/v4NUfsH70j//Fv9eftfyZ3+Kf/b1/+gd/9T/zO/1u//DBX/03/or/4fdYvvwTftXd4n/4jX//X+///jUu/on/8Cd/yR/+Z/+5V4/+1r/wX/zirzw8/fP+83/hYDL5Nf/e333+X/yDv+rP+PSP+6k//leePfwX/tXd3d/7b/jJv/tXXVBI96umv9Xu77n3N+z+93/Wb/0r/p6/4h/6e9LZxT/yL65WJ7/hb/y//pF/3+/9t/z6u7/g3/ryq7/sb/7Nf4/2D/3+r/rD2t/u8C/8xyf/+f/8E39B8ff8W//y7/Pv/zn/7t/1B/07f+Vl+Y/+wmL9V9e//B/5Tf7kP3o6/433/vA/eHH/P/9N6z/4b/7Tdx7+Dn/KP3j+7/z7f/XZ7/GT/+3/+s8f7n/x7/4D/8U/9/j3+O5/9Qf+yb/fm//kN/2df+a/+2Mf3fnz8t/7j/2f/rVf9q/8F//Tb/jX/i3/zX/543/dv/H37f+OT/7d5e9XffGffuvhP/XXff6v/8p/5zt/9N3f+9/44pP7H2//eW9++o/+/bKnT3/rv/vf+Lt/v+//1X/Cn/Pv/hN/0X/0B/9GzR/3/cnf/Af/Bv/wr/2ri9/v+3/m4cVv95/+xX/59bt/7o/6hb/eH/YH/MSv/A3+0u/+X//yP/Dfbf2uix/8tX/9/d/rby0Xv8Z//dv8E7/un/xT/8af9tWf8v1f9Fv8er/mn/C7/p4/+Uv/+n/zv//BX/5r/Qv/zN/+10//q3/7t/lH/71f/W/8rf/B/b/gv//r/p2f+tXlv/l3/Bt/9+/f/E3//B/yb/xbu4/+hj/rX/3LL/6ov+mn/6YHf+Vf8t/9Vb/y3rN/5u/+7/7bP/lv/QXP/qnf5787+Qv+od/u09/zF3/1r3zyB/7MP/ZTf+6v/b3f7t/5p/6q/+Hfqn7yFxy9/acnf8jDP+UfO/9j/r0/8Xf6k//kf+Ff+XV+evTX/0f/2p/7S7//3b/j9/y7Z6//vN/oZ/6a3/R/+jt+k/8z+ev/zMm/9uv/Cf/2f/8v/SN/xuNf86f+2i/O/5bf/h/6q/6uo/Kfevtn/ie/8+L8z3v6p//3v+W/+N/mxw9+z/96/R/9g//q3/Wrr/7A7/2B/83/9Kf937/G/T/33X9T//JXe/f/vj/87T92er/5Rf97/S/84Cf/1n/17/1D/43D3+sv/Wv+pj/q33z5F/4Pv8XOP/b3/5H/3t/2D63/6//1H/+t/4bP7t7f+1vffHz0Z3/xi/+e2a/+Xf/kz7//1/6fkx/7t/76//2v/an1xb/72/+zv/b/Ncp/jT/jv/vp3+Xix/6K5m//6t/5h4of/M+zZ3/9//Xx//7uF/7V/+Nf8vCf+wW/y7/5x/yB3/uj/q9//2+7/489/M/+x1/2T/+HF3/q3/8vfvKL/4Lf71f/7n/D7/pfXj74P3+nT3b/y//iv0i++KP+oJ3/+B/8R//A//mv/p3+zT/qj/rff8Pf/b/6n3+DV//u7/+Ds3/+t/93//p/4u+sf90v/8e/4PvPf50/Y/+/+eN/++Qf+LX+m3/kO7/Zz/wvf8ZvfffX+xP+mH/lT/8T/9v/+Tf//X+n3+M/+T9/x//+N/vL/tRf8jf8Nr/043/9P/nem7/w//wl//tFdfHtP+ff/G9+9x/81//oX/M7f//P2P0b/5ff8L+p//df+td8+WM/+Qf81D/wL/39v/QH/92v+FX/7S/7N//Lv+6f/ld/2T/7P/1hv9+/9i/943d+h3/g9/kd/q/Xj7J/55f8ds2//Ot/9mv8rf/Kf95mf8OLP/wXz3733/tv/IPP/sLf//mv+OX/4q/39/21v9+f83/9Ef9E8Yve/AZ/9u/3J/y3+3/IL/jfv/8L/8V/7v/+Nf7H+o/+J+7/sbvV7/tX/Ea/5m/0S/9I+OiUYaJE0a/36/2av/ava7z4X+s3/y1+7V/nt/rNfsv0d939iZ393/Nl9j8d/9Yf/fjevT/gD/6T2Uf/tX/NX/P3+DX/59/xL/qbD/b+gZ/6/X/xL/5r/tHy3/unftEv/bX+kP/on/lVxS/57/+Hv+n3/eN+n3/nr/npf/W/+WP/p9/n7/5Hf8lv/5f9gX/wf/TFb/Uz17//9t2//+//N3/thy+eN3/Yv/6t+V/6713/eo//tH86e/G7/aKL/+3+b/F//Ln/1T/wV/0Zv9/h3/tv/ibf/Wd/r/+xWl+f/TnXf+5f/af9OeN/7Fft/N+/xl/5Z//h/+f/+L+e/+eT/6r6T/+tv+Dif/13/szx7/Q3/hl/5n/wH/w3f+v/8nu8/LP/9z/sj/+ZP779B37sv/yF/9SLf/vNP/HPPz79/J/80/+Xf+VX/7v/wS/46Pf7BQzw3bun09P/OP+Zv+0f+F9/5fabP/7NP/Ab0z/ef6/vv/L/+wXLy3/3f/uVzz/9q978Z/X/9nv8F//MR3/s3/zT/93yL3n8Wz3+9X7v/23rp773d/zhfzme5Lf6X/+ZP3N3cu+X/vP/01/xx/7x//o/8Qt/67/3t/yPZ5//xG99+k/9aX/mn/BffOt//9uPfr/f5nt/8R/7r/+mv/HrP+bP/e1/0ff/tn/7xe/2z/zp33r4p5U/8R9f/32/z5f/6d/8W7/4+Lf5w/+5P+N3+kv/9d/ql/+qq3/qH/uZf+5f/O//6F/w5939zX/T3/xP/+Rv+dZf8r3yd7rzj6/+87/56e/1xya/xz/1l/zq/zn/n8s/50/+s/6RP2L/4b/6H/1hf+dv97e//Yv+5+n47Z9z7/eZ/4t/3sOf+S3+xL/ir/6Dzne/dTL9x7797j//93b/6N/ht/3oP/nL/7F//93v+Dt+66e2/rT/9N1P/D3/479IHPGt3/ef+k/+mc9+/V/43X/1P57+1Nm//kf/WX/KX/Lgj/if/oM/91/9QfUTf+Tv/tGfu7397/yvD3/j//7v/Jf/uh/7TX/N//2v+lO+/e/9+Kr4l/+K/f/iz/tH/+G/4p/8R/6Z3+aP/622frff61/6H7+68+TgX3v6N/+5v+In/uv/+LO/dvpv/ctf/NV/2l9dfPk7/Bu/9z+b/OCv+TP/zN/WPH/6ePzJP/Fn/R/l/nd+rW89+L9+zV9895f+tsSBd4kDf61f49f+9X7dX/vXNdlL4sBf+7f4LX+d3+y3Tn/XbGd37/d8+et+9BO/1fGTV5Mfr5kBfy1mwN/1d/oX/sg/+F/9K3+3//MP/OS8+jV3/5N/+n/58t/8X/66P+Zvff5X//Z/9p/3z/19P/a//18/+Xvn+z/9O/wVf8m93/Uvmz37yTvrv+H3+d//r+8+uvfRv/wv/WV7v9+f8js//0v+yN8Pn3z7X3n2p+z/8b9r9hf/JTt/w/X//n9NDvb+zD/ld/if/sr/9ld9Mvpb/tnRn/Cv/bV/4383mZxf/j75n4H//R6//z+9+reuDsrDP+/R7/wv/M6/6T970P4eo//4X/o//tY/8uTv/kezf+8//pf+B/32U/r2N/kvf5M/srFf/AH/3b/8j/6q5/N/9sH/ePKH/t+/xsk//3/9cf/j/7z7e/yfv+lv8Q/+zX/1H/jPPPnH3/6qP/nf+d3/z3/1t/mX/+h/60/417/1q//k3/jv+I1+7z/6f/l9zie/8r+895c+/LP+ufPR3/J/3f3WL/it/sDf4Bf/wt/x//yjf8m93+j//I3+zD/1F/xG/+Zf+BP/8fq//kUX/+3f9g/827/jp//m73Sa/y9//T//2//Y7/lX/JJ/7PW//0vv/+q/8w/9N/6Pu3/t3/BX/Vvf/T/+spOf/vP/5V/8383/+b/nD/sL/5C/8+/b+7vv/rkv9n+f/M/8B/67/+W3+ld/5e/yk3/o4id++X/14I/83cr/7Xe5/oW/33/77/3Jf+af8s/+e3/k3t7f/1/9N4f/Wb31z/zu//TdcfHXPv2F//FHb1/9euPyt/2X/u1P/7n/4Jf+J9//Df6xv/Av+O/+kj/49/07fq/dP/W3/Jv/lMmf8NFvc5798v/gj/gnfuWn13/0b/xnnP4v5+t/7o/8I/6Yp3/TX/J//FP/8Ed//z/wC3/B5LPf/Pvf+c/+kj/mF/zKT5/95Mt/6e/7lb/f//rwL5j8h7/v3/kfnT9rf/ru+vBv/n3+wuYfu/8bnzz6nf65f4TG/Ous/pXf/s/6ff+Wycn//Mmfefxf/K3PX/5+/82Xf9V/PvntftVf98//3X//v/wf/ll//6/6zv/8y37s9/kr/plf+eoP/3POn/zx957/q/v/PP75lcWfc/4X/O9bf8nf/0eM/uy/+sfv/VZ/5N2/8C/91t7d35BY78Vvxsrv1/l1f+zX/rFf99f7dX9dzpn/Gr/5r/Nb/K6/5Ue7x7/ub7X3E7/oN/vxe0+yP/hP/ov/5ld/yj+c/m47+5P6D/mX/+Pf+vf8S/+n//nkdfOn/iV/y6/3u0//0H/k/ss3/8p/oumLX+/3+LX+jz/3L/it/5K/+Xf+FX/D//gn/md/xk//mv/m1uPf9Hf49x/8L//RP/hH/jf/wdlf9g/947/pT/wR3/8z/7x//m/7mb/v23/HH/JX/qPZ7/rH/5PP/qqr4vf5J371b/jH/dnbf8Of98UfsPtvzT/98+d/3v/8Fxz++X/tz3zyl/2i3+fkP/6f/tx7v8nvt/23/Q6//3/w0/v/xPrl7/bb7vwT/2T55/y+v+8v2J/9w7/BP/dH/7X/fVX+RfU/+y/8hX/Z051P/4d3k9/3V356+G/+H9969o/+Rb/z7/I7/I1/3md/6e/62/74/3b9L/8T2Z/y8R9yuHj6Z/+tv+/f/of/9X/lo3/0n//ddv7pP/rPef53//g/X/7d1b/w7/yb3/m9kr/6j/11ky9+zf/xn//tf/GDv++7z45/m3/+L/vHf73/9qfv/l1P/r2f+nvOfsfz3YPfZy/7Sx/8h7/tf/l7pX/Hv/wv7fwPf/dv/emv9+Yf/U3+2j/1r9v7M/+j/+RX/4P/xt/8x13+kssf++d+4vhv+Kt+g3/zv/3iX/67n/1T2f/6b/+q//D+X/P7/fn/2L/1x87+2OTP/LX+4z/qH/jL/ue//+QP/sePf+wv/G3uZf/cd/+mv3N+NP2nf/Ff+7v8ke/+tNGv+b//rf/t3/df3curdbbzbz39E/+6f/HX+Mf++d/t3/zN/5Jf/Lf/Jf/WH/obfvt3+Lf/pv/+z/6Nj//gP/nzN3/Kzv/yxT+//Mc//3v+o58c/dO/3R9z8HuXv/p/+dv/qX/w7/kr/phv/2NvF3/Db/Z//lV/62/9d/9vP7k3+s4/9tf+4Ys/+9/+L/71v///+GseTv/pfzD94/+yP+U/f/MLLn+HP+fZn/utyX//53z7z/yTPvtTlz++81f9B4//iN/nd9r6LVZ/572/cv17/ct/1//2n/6Lf+tv8Zf+I//YP/E//wXTP+uv+8n/+id29o5/18nlX/W3/Nb/XPWX/5N/y1/6T/x3/+r8f/vz/+DvL97+z3/lv/XvLqZ/6z//b//z/8z/+p+//o//i+cHf+Jv8G//ol+3+Q9/4r/5D//nv+73+PZv8K8uHv+7o7/nP/9PPv8D/5Y/5eHv9u/8U3/pD1787//sn/ub/hb/5bdWf/yf9eLX+FW/5e/9P/53/9tfcvBL/4Rf/u/+vv/2n/cHX/6zy//mv/r3nv5m/+Uf+dv99b/bX/vffusv+nX/+v/o7vd/1z8+/01/wW/z/T/vt/8lq8Wf+d8+GRX/yH8z/pef/pM//Rek/+bv84d/9Rc++uv/wj/iH/it/5Vf/Hv/Jwd/wp/4+/7b/8nv/pe8/WP/t3/z2X/8F2/9l7/1b19+9Te2f8Cf/df/z3/5H/eP/EbFr/qb/rE/93/4p/7Rz/7I7XdvDn67P/U3+sG/8Uv/hn/u9/9DfsP/8Q/8zm//q3/p3/53/f7/y+J3+4t+83/sJ//U5Jc9/11+v9/2f/kfln/Of/g7/JK/+Kd++hf/4T9d/6YXv8O/dv4//xt/66/5N37rj7z79i/8I//MX/f/+D1+8n/54rf5tf/yKcUC/+Iv/G3+mX/hd/w3fsO//os/7o/8y17/pf/E7pPJp3/Q7/3v/l5//T/1b/zr//Jf+hs/+LP+oT/vv/nFv8//+E/+/ov2j/tN7/4Xf9Y//99eXmbr3+FXf2v8p5btwV/8R776c3/vP+nX+nfy/3D1xX/3reNf55/9aOfOn/8bZP/LX/U//bE7f9bxujh4+0t+8X//0//2f/+P/cn//l/27/yvp3/u7/fLXmer/+1P/6d/97/vf/mp33Pvb1p+/m//3r/lH/WP/8Lf5a/9zt8y/sW/0a/6/Df+9t/wp3z7v/wNf9vv/EZ/8l//9/62v/E/+v3/4V9vZ3/F6i/9S3/rP/R3+jv+xdWv/0v/vE/+sn/sz/qT/tDf6Vd/8dfe/Uv/zX/yp779P/7MH/Pb/F+/9R//X/82f+bzl7/XX/7X/5nnf8d/+oN/Isv+id/tz7/4zS7+3b/mj/hnf/Hv9Pf/jflv8if9Q//J3/N3/PjF3/yL/4bVT/7Kv/G/+/TP+JXf+y9+xd/4i/+LX/uf+Hv+y29P/83fcvxje1t/0/M/+I8s/vZHf/Lv/Z9d/+3/+D/zC5/9s//Wj7/4P9/+Jv/WaPZL3v6Gv+13/8zjj/6+n0n+nt/v7/je7E99++M7+d/yN5z/ije/76/8iX/8yz/j9/3k5F//RVsvXv4Zi7+i/Df//v9x8clf9ofd+8/+2/99/D/+pb/N3/lL//bf8g/43e/8wt/gt/srf53/8t/9tQ7++F/2Z/yT//aLXzaZ/mPr//Jf/Ojv+L1Hy/vf+5v/+X/yD8++/Y+N7v1jv+ov/k1+7U+u/ri/5/f7m3+LP+7V2W/5v//En/Fvf+dXfjr9A+7+I3/Y7/188vvd+W2++Et+6vvf/Yf+jW9d/6Lz5Z/0j/2Tf8tv9+f9Hb/BP/i3/EH/1/0/+N/6T/6N0e/70b/wx/2be3/Eb/Ppq3/37/lv//LR79xQ1v/s7/lH/uE/9Qf/57/9q/+qv/5X/hF/2bv/+9f4y9s/9PM/9uyv+Md2rv6g7+3l/+r3v/j81/k/09/2L8n+3PJP3vvDH/xnf/f/+Ptkf/bv9uN/1E/++v/17/0zP3nvt/hT/rzdf+6v+5N/ncvf4+/4N+//0f/Nn/U//HV/fvp7HPxhf9Vk8Zf+Vv/a1X/7e//YH/bP/F0v/vjf5+Uf8Tf/Rr99/Tv+7f/d9uLtb/uH/nb/+J/5Y3/Mn/Jff+tP/nvaf+Zu0/zl409+8z/mT/h9n/+iP3n2e/4J/9B//Wf/igd/w18z+7f/x1/vny//vaPf+ujX/43+2D/i7F/76//lX/yr/t3f69989uJ3/79/jf/6X/6z/ql/9t/9e2b/4O985y9c/oF/22/07/6iP+Y/+JvKf/OXX//1v/fjX/qv/PsvD/7tf/dv//O+98f/8v/jTyn+2L/50Z/zJ/7Gv+lf/if929Vf9Dc+uPg//+lf/z/96f/wH/1ns1/94P/+Nf6OX/Fn/pa/9Z/4t33vV/3k//XfL1/8Gn/tP/Sf/J//+l/1N/8vv83y1/oTPnrxr/6vn69Ezb/40/+QV39r+6dOft/sX//o8Pf9Vb/6+G8o/772r/ud/v4H5//o+vf9q/6He7/wP/w3/rrf/h/5Z/+mf/TxP5C9/L1/j7eX/8Z/9O5f+1Mn+3/4r/sf/J//+r/yZ/1Zf9nnf+Zvdu/stxr9Lt/6w//2P+H3y5/97f/K7/1P/d5Hv/lHf9x/8eJfyH+jL3/T859q//E//ReUf9s//rf9jp//a//H7/tvnv6zf9bRb/HpH/vX/cl/zR/01y5+5hf8m3/17/gb/de/6786/6f/xj/iL/mb7/4J+R//+/1Wv9njP+c3+ks/Xd39ZX/DH3f9J/wzv/s/9u//Xv/1/H/4VXd/6e/4d/zVv/u/++x//guf/qo//I/9tf+pX/lv/I6//q/x2/1R//MvuPw9/7rR5MvqN/mXf+of/Rt+t3/3t/xz/9q/6X/8k8e/6T+5/d/+tv/3r/Hr/t+/xn9//9/8K//p3/k/Ov1nf5ffcPx3/7l/+L/wt/0p/0Tzefob/fH/3eM7f8/Lz3/VP/A7fPWHvv0D/9fJf/0L/8K/71f+yu9+8Z/8mX/wL7v3m/7b89/yzq988K/9qp1/66/4p/7qH/tzf+Hv96+eN//O3/DHn/9pv92jf/uf/QXf/8Vf/re////0N/xp/8i9X/OP+TP+wPu/6V/3b/8v+d/0X/7UL/rr9ne//af88j/mPxn/xYfzX+fv/VV//T/0W/+Dv8N//Zv+97/eV//Or/Nv//efzf+Wn/71f+mv+OV/wx/xh//K3V/z9/4nvvfH/C3/ZPsP/hF/5l/xFzz96Df5+37/3/a3/8/+7r/9H/wf/oL7f8y/8dv8Eb/dP/or/qw//lcu/53d//XX/MF3f79/9jf8E39J+zf8Lr/l8u/93f6Un7r37/7Mf/BH3r33l//1P/Ef/2XVv/B3XP8z/9vv/Vv+z/f/xD/h4W85/6d/63/tN/+Zf2b2z/9P/+XZ3/pn/O7/zd97+u1f9hv/pf/Uv//3/wef/i6P1t//P//c2R/4H/xW53/03zH+7X7Vv/z2D/47//bpX/jX/fY/OPo1/rqPP/7sz/knD/75f+Hf+clf+6/9p358+lv9l7u/779z/Q9897f+g3/m+B/4HR7P/snf4t/7e+v/fPrf/Ys//fQP/zNOf+b52b3P/8P/5OG/87dO/qjyzZ/V/G0//kf8CX/N9v/w2/6fv+M//4efHP3Wf/z/8jcufsm/91+ff/93f/Fr/m1//f/2j778d55+99/5e37Jt/6VP/Bf/xv/jb/+b/nD/ub/+O/5bf+Lv+Mv+Uf3f+3/fvRH/t+/xp/+3/6yF3/qL/r3fqdf73//HX5Z/Y//Ub//b/FX/pe/17/8v/1X9e/1D/3q/X/wW//ML/tT/uY/d/Xv//2//h/3Xzz7178t3Pr89/2bf7ffMlv9Ccs/5h/7zuTX+7f/yd988TZZ/c//8X/2j0y//+N/aPHn3v8P//v6b8/+p7/rr13/03/aX/jgZ/7cv299vy4/KX6XX/wb/X2/8ot/MPm3Jr/OFz/2xV/3V/2Zr3/LX++XV3/DPzj+rf6nP+q//yP+7T/6d/1T/9zqp/6v3/lf+92/9xv+PX/pt//3v+bX+xV/1G/z9y9+u7vFn/77Hf2jv+6n/9zf1+7/Sy/+7v/0F53/Vv/bj/1uv88/dufP/st+31/5kx//Lb/X33r+1579br/n//j7/ya/9o+NfuM/+F/7v37r3+6P+Xd/n7/s9/6T/s5f85de/JG/67Of+an/4h/7j3/3+Xcvfsl/+Z//6dU//gf/Fb/489/md5+9+6f+9T/zF/0zv/rwrzn7hf/Um2+/+vj3+oP+4fbjV9f/wZ/7B/y5v8+/dvEHvPvW7/dvHj3+a37L3+HX+y1+r9/pxdl/9Dv/I//X/t/yT/zB/8N/9cc3/9DhH/5//Myf8ev9Z7/or//7qt/uJ/6RB7/On7n8zuj0b/z8t/lz7//mf/0/tR79m//Zr/tH/af/yF9679f4hd/69A9a/fP/wr/+r/0zv+Zv88/O/8Zf8uIvevnP/63/1vpP/SN+8z/wb/915r/gV/6X//7yt/7Xf+Y//Mt/81/xSy7/8OS/+Hf+0F/8vX/7p/+Q3+hf/lte/Bu/2b/1X/6G03/wz/lf/5ODn/orvvgL/uXv/IX7+//8f/cr/7W/rPyff/uPfos//k//N/656r/44//pf/M7/+zR2W9z/+xPmd97Nm1+yb/wu/0H/9qvf/Wn/XWTf+hP+Sf/8T/+X/wX/ri9//U3/hv/hwf/x7f+0eP//G/6l37pn/p3/vQv+8N/l1/5D1V//Q9+u6P/vPiNfr//5J/95ff/4jv/8Z3/46e/+o3/7Y/v/K+/yW/13/2TP/OP/GV/zs4//Ef/2/nv+28u5lv/xD/yj/1Pr/+s3+UvH/8ef9lf/seNHv0Pf+6/96vf/cSLP/73/qmHJ+s//W/6jf7Pf+N/+qv+i9/r7/0nLn/xp//3r/Fu/b+9+uV/5Yvsv/hv/vnpb/iDP+b6t/gHf69/49f/9f+gP/0nR5M/4rf8d/6PL7Lf9rf8PX7vX/zX/4XjL8btv/pP/zH/6B/49q/6Q3/7w7NPf/Mnf+Tf/dmf92//0b/qJ3+DH//v/sxf91vf+Wvf/nsf/7X/2E/9JX/6xT/7a/16/87x8l//397+M//6n/LmN/kL8z/8H9//RX/JH/Kr/saP/qC//vzBr/r9/pTf980/9S9nf/HOL/wfvvjnD69+4f/55/xf/9I/9Eddnn/2Z/1bf82/8yv/tX//p3f/ja/+54Oi+aP3/od/7/df/2m/4Pjv/W9Hf9Y/9R/9Gdd/xx/33/1af/Xf/a9/dfY//PVb/+n//L/9Uf/Hv3e+89Xl28nx7/43/PP//k/88j/hx3/73+hP+j1/+8mf8tm//h/+7f/sp+f/w1/+3/ytf/Gf8tv+Pr/5P/G//UaH/931H9P+k+V/+e98O/9TH/1xf/a/+4f/ob//P/JX/uG/6Df/j/7X/+E/P/+bfs+/+1/4Q/+o/+6P/3Wf/RGnf+Rv+tv9Bn/4P/Vr/ydvP73zF/3R//lv88f+1unv9Sv/qy/+gb/9N3pX/Ba/1R/9rxz/3X/W9d/y2/+ef+vv/kf8aX/Wb/7H/TGj42/957/d+fRP/kP/2PH68U/+YXv/yY//u//Vb7/89f7Bv/cX/6uPf9Ffc/i//lu/xo/9z3/lH/HwJ37XPz359m9/73e+/kP/rF/yyW/0Z/8f/8Tv/If+dv/Xv/wTf2/z3z36Vb/evfLPTf/cz/6Mk1/8i/778//xf331n/xu//Z/9sf9F7/nX33xu/3G9z7735Jf/o/+tYt/4pPx7//wz6v/+V/6O1z94m/dG/21//pf8id954/5Lf7FX/QPnf/z1Z/+e/3av+Por3n5J/+T737qL/9v7/1asz/0r/2N/5T/7N//H/+Tf+ff/L3/gtOr3/yP+u753/3r/cQ/99/8O//3r7H+3SbTf+3//CP+xn/jL/3Vf/xP/Sf/6a/+43//v/6v/Pd++v+8/qX/6R/46Nf/7f/of+ef/Bf2f9+/83/+hX/FP/rb/9a/xVf/9G/+d17828v2e3/d6K//6Ld++Ued/v1/xa/4c//23/W/f/hX/DuP/o5f8MW/8eBf+tX/9V/0j7Z/wz/563786/7Jy3/0H/o3/9ff71/5F/75v+23+HPP7/6vf/2///0nP1N+/7unF7/3v/Av/VV/3W/1Z/32n77+j07/0vG9X/uv/xV/59/xN/35v/jib/97/t3pL/6p//K/b/6X9o/43cq/5fSP/1N+1X/6G/0fv+S7v+Knf+c/7n/5Df7D3yr7M37sd/n0z/zVv/2zn/j3//r17/d3/d+/xr/9i/+A3+F7qz/lP/gjf4/19E+a/A6v/ri/84/6Y3+DX/4f/aaH/8bv9h//If/7b39v93fb+fd/Rfmb/O1b//iv++T7D/6kP+Wvufc3/Orf9zf+bf/ov+FP/u3OfvxnTv6Z3+PR9/+tf/cXHf+z/+7f/Gv/kz/1T/4dv+tP/ga/65//N/7pf+y/e/wHvvkdfvlf/Ud89pPHf9uf+9Xq2//e73T/v/zffvI3+S1+o1f/7G+2+4/8e1dvft9f/Dee/pf5t//xv+Ff/Ef/hL/w0X/9Y3/5+k/5rf70v+D5t/+7o//kT/k9/9fVr/yJv+Crf/aP+sc//Te++h/+wfwP/MPLO7/D+VfZ/rPH/8S/97t/79/9919O/7F/6T97s/5n7/z7+S/+Hf/6v/u//h//hj/yt/h7/uP8afXZg+zql/yOv+Ef/+3P/o+/9jf9Hb/4Bb/xf/DRj1+X7e/8l9z9M//E3+EfWZZ/379y/bf+Y8v/6a+++jN/39nv9h/9i3/55Nf6d55+9u/998vf96d/p51f+xf+gn/rjzv7X//vX+Nv+f3/hH/gf/wf/7u/5t/+7f6nn/49/rz7/+frf/8v/6v+hL/p3/wVX64//9v+7D/vB//gf/lT3/8rPvldX7Zf/RfXv+yv+/vn/+Pv/Wf+J7/k33v3r/yjf+T43/i7/4zP/7nf9vf7Jf/98r85+5/3Pp398p/4O3/3//VXf7H/3/5R2R/1i/+D3/+//kf+kT/n4Wzyx53++8v2v/gN/v5f8Vf9L49+g8mD3/tfP/0/Hn/2r/8bf8cf8X/+h3/kH/5b/rmf/qvv/q/f9n/6z7/9+33/X/9P/tDj/2X///olf9yf+Ev+x//6v/vrfoe/7Y948c//0b/yT/zd/qzH/9bv/a88Pv4jf/zP/Hf2/oi/47//G+6+Ptn6Ux8/vPzHX/5J9/6n3+1X/7e/xd/8Y/f+43U7+13/utN/+Nf+E/72P/qP/+o//sf+4d/8z7zY+83/ov/yp/+rP/P5n/hv/mc/9uO/9x//e8x+/y9/yRd/+G/77zz5NX/J/n/wH//EP/4n/wVnd/+Ug3/i7/j9Pv4zf8N/5fPfbfnX/vi3Rn/Hv//P/Xu//h/4z/zNv/Gj/3D6R/1b/9hfM/7yN/zFv+IvevLwT/unsn/re3/gwW//R/0P//Hf+Duc/tFX/96v1fyxf/JfePr7/p3f//KPP/s3np3+0d//W783/pN/x6P//j/8W//TJ9/9Y57+c//w9I/7G37Zb/mP/GsXv+s//pf9Zn/b9dU/+qe+/d5/+OXhX/tr/5b/3R/3/MH/+uf8Pr/n//jgt378p/ylf9U/+if9rc/+2b/+3/nH5nd/6b/01z39o3/73/I//mPO/5iv/s1f8tf9xn/kP/NX/LO/05/77d/4L/gtHvztv+3v8jv8u5//hr/9b9P+o//0b/87/rN/3p/wP2b/yl/y5+z9wb//1u/7+I+5/OP+uXe/3//6+//hv9G3/tnf6df/hf/6f/5n/Ta/xu/3j/6e3/17//hf/lf/tr/hn/THPf6dJ89/5cM/4u/4icn2v/3oX/mnDnb+rl/5L/9Tf+Pf8tv+sv9s+Tv9fWXxE1/9q/O/+z+++G1+k7/0z/k/ivr03sWr/3l5+Yf8r3/9f3y2f/4//1N/8Z/0q3+Tv/RX/52/w3/6+77943/RX/s7/g6LP+8P+vX+k9/kb/utF3/lX49P/ob7f9+v+6v/27Pf7hf/tyd/9X/yBf35h/xfv8tfe/27/eP/6L/yJ6/LF7/bP/Uv/1n/2r/3N/93v/4//0/8PS/Ho1//n/jvTv6i33b3v/vv/8lf/G/87e2f8a3nv98/vvsnj/Jfffj4r/1TftXf+OXHv/ezfzd78Tv+8//kn1b94P/8679oV3/mb/VbHP1x5X//47/hr/d3/oOXf87rP+Y3/fXSu9/9Q78Y3U//93/zL/89f2LxS/7LV//c3/kr/qQ/4nu/+feab/2df94f8/v+D3/2X/7Lfp+rk//w96x/5Zt/+W/99e7+Hr/P8//2z67+kX/uH/ib/oa/8U9N/s6f+VW/ze/48W+4+o1+k2rx5G/+p2Z/xu/+tPixf+afvPhr/qZPs1/0N/7mr36b+vxP+j3+sn/mv/l7T5p/6Hf/H/+Fv/N3f/On/8Lf8h/5a/7K2V82/l7+z//i3+zLRx+dVff+k9/yt/7k1/1X/qvvtr/hr/zd/9rf4r/552bX/+Zv+Qu++rt/o7/49K//RX/u3/p7/8r8l/1vf/Z0/k/8vn/P+Phn/u4//u/97Ff80ff+uU//tz//z/+3f/Kf+W1+fLXd/Pf/5e/9n5z/23/ci2e/2x//W32+fPTf/MZ/+199Wf8Tf/3ob/5PPvq3/4rf+x/+E7f/iO/9Tw/n/+jof/4rfvt/49/64//RP/Df+Wea4g+skn/nV/xdf9Nf+Zv/Lt/9JX/73/77/9v/+vq3/+PPn7/6j//ind9o9C/+wn+gXKX/frm+/xv9+z998D893PuDFud//9/yJ/3K/+Fv+Ov/jt9n59Pst/tn/8Hz//Ov/Xd/r1/55jd+/I+c/iO/65/wa/y2d/6Nf+S//6v/7r/pr9v6d/7Dv/b0d/t9D/77b/+bf+Lob//1fsdPF3/c21+w/G3/me3/89/9Y3/mr/1jv1v8A1/9O9Wffvnn/uff/yt+Ff74x+mz3+Zv2P59f+rv/QL///5f8Tf8q2/e/aF/bvG7XPz+v/DBX/rR3/X7/vg/+yf+/j/4q19+9p/9G7/HX7HzD/11/9s//cv+i9/pJ9P6V7/77u/145Pv/ua/ye/97/zuv8Xi91n+O//+//I3/g7/5F/32/2t49/md/rW3/Iv/sL/5Z8c//5/wH90+Nf+5b/2P/e//PO/0R/w3/+tf/T07/7Vj4r/+Pf/3/7A3/zod/2P/rh/ovnn/o7f/sXpvzZf3//j/sS/7o/7hf/k7/qP/Jc/80f/mX/B//D6b/sH//j9X/IH/Bn/1q/33/wd//7v8L/+jS/Pfs3//s/4I++O/pXxf/x7/GO/7vQP+tP/jv/t2//r1i/+z/+E//LB//zH/e2/xr/w9Lf7O/7b3/wP/Idf/iP/wf/5j/6Pf93xP/f77Dz/r/7P//7v+Lv/yP/hf/iZn378O/7Tf+5v+bf+c7/4n/rer/Uf/g7/+K/58M9of+9/5/nz5e/+J37y2Z/9B/0d//Fv2Pz0f738a/+o4g/4Q9J/6cs/97M/7w/9s369/3LxG7d/2erb/8vf9vKf/N1+n1/5T53/i3/Wn/j3/uKffJztLv6oP+Jx+if/Tn/HLz76v3+N32P11z35x//ogz/rz/21/sU/6nf/W//zP+Xfeff7/v7fWc3+lN/7j/h1Lz75xX/eP/J//gX/zX/97cu/l1zdf+av+Vv+7L/uxds/7t/4nf6Iv+SPGT/a+f7vcvH4D/99/5b//d/4H/+GP+oy+0P/sGdf/Of/2u/2Z/+2W//GP/K/kjzd++3/hH/2t/rid/qH/+y/7fk/OX79N/47Lxe/92/wXzz8/b76DX+Lv/A3/IN/5U9nf9Q//lv9Y3/ZP/7RP/Jf/B3/+d/27/2Xv+iv/29/kx/8o5/e/59/kz/rz/vdf/nv/U9Ur//0v+7+X/7Z+U/8bf/EP/1Hfus3+XN3/rry6H/8HV7/+G+bX7/e/U9nf/Kf9jN/5K8sf9k/9Tf/jb/4d/zJf/Uv/bdnv9e/9Wf+c0e/9X/5l/0hv8fv9B/+C//gT/2jP/N//xr/51/7/Nnv+F/+H//tv5r9A7/sJ/+IX+9/uvy/vvqvfuLvo6D5V/31q7/+/9i7+5/+9H/wj/4Ln/3D/8Af8Xf+W//k//1r/Oa//R+Y/LL6L/3ffvOf+q9/3z/wx6d/Ky3k/SV/7e+4+zv/a9t/+J/8x/8N74ovy4dP/r7vfif/b/65z/6TP/SP+k3+nv/8e1/9c7/+r/zir/r9fq3rP2by0e/2N37r1/s3/sG/7bu/4rf+Z//Hnzz9w/7B//7X+oSU5vJ//7f/mn/rN/0n/uzf6J+5+xf/rb/3v/bP/Kv/5b2/4Wx2Pf63f/Hf/+fNf7f6L/+D/sff+r/+bf+Tb/0jp//T3/UX/eV/0vf+oH/lb/kvX/93f9df/1987xe//Vf+yv/gt/6zf58v/46/Pf+N/4e/4d/5P376P/0j/6u/ZfJf/ub/4O/05/yp1fqX/u3/96/xe/3fv8a3/s/10fp//29+4r/5W/+yv/vdH/57/Bn/4p/6y5q/7PTdf/C3/nN/+H/2b/7i7/7fv8bf86d98mf9k7/bX/dn/SF/y9/4t333L/n9f9FHf9tv8hf86n/9L/7zfsv/9fe//ONe3/n8d/pr/qM/+X/8q3733+IfnP8X/9qv/Nf+3Ht/zR//L/8Tf8M/87ds/ad/7//xV40/+Q3+wX/g/l/0v93583/Lv/vs//41/va/4ZN/4Z/8O//I//O/m37yS/6FX/rf/Ma/zf/y5zfJ7/p3/j7vfvV/+8d/526e/pb/09/xp/9d//Y/8OaP+xeaX/lfJf/q4T/9N17/a3/O3/Hb/6N/8j9eV7/D57/mH/rX/6Nv/4z/4L/57/+sf/cv3P2f/5JP/7A/YfpH/j1/yx//H2b/xh/0O/3hf+PT3/Zf+2V/7f5f+W+dvv0b/7Z/7b9784f9wZ/+ib/7P3Dy7579wvrTP/T+3/Zf/j5/60/P//R/9fWv+Iv+pH/s3k/9qj/x6vDqX/vr/rBf58Xn//r//Dc++CP+sH/37z7Nd/+G//XP+eiPefdv7PzP/8fR5f2rP/aT3+QHv/S3/q/+7V/y9//Fv1/9m/6nP/HFb/jnfv7n/Ko/4Y/8e//D750+eTM+/Qf+9L/tF/8V2V/2B3z/X/xf/qrTv+Xf/vX+gt/3j3j3j/7K89/6cvXr/23/5l/+z//qv+ff+L2new9+1f/w93/n7/1t//i/+F/+p//jP3D8C4v/dPJ3/bG/0/5/8Df+ba/+uz/z9/9b/52//9f7E3+DX/Xlp//+//7v/I1/1J//0f/5J1/+Hn/44i8Z/7I/+U/7e3/B7/dr/y//4//6/S/Ofvs/66/4536///Qv/Cf+gtk/9t//gk+W9//I33J5f+vfGX35Y7/Gn/Av/Zu/30d/5+/34Hf63/6Y2c/8wj/gl6z/tf/jr/rH/rc7v+Gf8ODT/+PO75P96X/a+Kvvrf7X3/A3+a3//j/4z/0//u9f4zfOf+/d3+DwD/2b/u9f4z/9qb/s7/77/5a/83/5G/7RP/Cf+z3+mb9z+Q/+Yz/9715v//t//l/7g+9++h9f3v+jfud/8X/7yd/m4Ff/lv/W7/F3/ZvVf/ndx+Un7V9YPfpbL17/t7/Nv/off/7jv+X/9Uv+tn/y07f/y3/++7z5t7765/f+kv/xNz7+Gw9+3V/1a37/P/i9/pxf/x/8z3/vv+jdb/dP3f+d/uD61/y7fv1f8M8nf2dx9ugX/Zff+Q/+mONf8qfW/+Af/D/8dc/+5Sf/+S+o//x/9Vu/11/4Z179g9/54z/9B8o//z/7bf7m/+3NP/Hgk/Pf9+/5n/7Vn/qH/pn/cv6Lfubv/fRX/mt/xC/+J7/1X/3Jf/T3fvE/+Kf/gr/xzz/+1Ys/9z/+qe//A//aH/8P/eL/dvwHflY9/0f/yD/oP//J3+eP/nd+59/lJ/7Rn/pjH/5z//bpv/tP/3Z/+B/zZ+fJv/E//M3/yt/6W//Gy39jUfzNO7/X73TnF/5Vf8N1/a/8O9/9L//83/0X/a8f/S7/9S//az//zRd7/8D0L/2//qe/+HcY/aL/6Nt/x0/8O//8L/9f/o5//U/+i3/nv+/f+Gf/x7/iZ36Tf7T5O/7lnAb8u/0x//a7f+vf+Bfu/Mn/2X/6p/3Of+Dx7/EH/e//xu/3J/46/8nv/uSv/Ef+z//yj/zjJ7/o9/6n/7m/6y/6O3+N3/JP+h3/j39++vj1f/2f/6P/wC/Ifst/9Bf/F7/t3/9f/53/4bf+3Lf/7L/9/b/xz/9F/8t/9Zf96r/22//h//Dn/ML/4+FP/m6/5X/7x3/2r/+hf1I1+wf+gN/0W3/cD/7SX/In/uF723/Xb/z2j/9r/4G/7V/9R//Zf/R/2fvj/8vHv+3//Nk/8ufm/8D/+Bf/on/07uFV8tW/81f8oX/8f7M++63+5r/jD/rVP33w5/91/+b5//av/ycP//rfb/F3/o//zb/zf6z/0j/gn/9b/8v1v/l/fqsom9/67/43//PvPf1t/7m/8u4f9T/+Vb/253/6wz/3P/ypP+e3/02eTg7+m0X1t3zrd/tj/q+Lf/neT3/+R65/i7Pzx1/+lr//n/f7/d+/xv/w+e/ynxz99Yvtf+h3+oMuP/+D/ronn371+372Z/x33/51/qXL7x38vX/1v/Lv/3uf/5LsX/y//pz/887/vPe//pb/87/yp/6lf92v8z/8m3/wn/Zf/Ae/8/+1/9Gf9PbP+ef+9j/yH/r8d/7X/sd/5t/5t08v/qQ/9/f9Dbf+wd/h3/+pP+s7v8af+5v8H3/v3/2Tv8tf//f+J7/Rn/nrffVv/n4f/7ff/aP+vD91PP9z/8g//PHHX/5t/8C//Pu8+lV/7+gv/fN/7z/0d/wLvnX1xW/03/w7P3j4l/73v+v/+gd+6zeb/Ju7R3/ib/vb/bLFf/q/fvmf/yePf/1/7Sf+jN/zyz/nD/itmge/9Sf/8B8x/S0u31z+3r/y9//zJ9/7nX/tfyL/p//UL/b/wf/s7Hf6o/+C3+j5X/4blQe//1fZ7/eHH/1Xf+OzfzD57/6Yf/h3+Q9/l+/8I//bb/7L/pff69f77X7q/n/2i/+Fv+3P/B3Gf/6/+T//Fb/gb/gz/8p/7MGvPpn9T7/Vv/+//g5f/TP/1lf/4n/+n734N3/Jb322/Ut/5n/8D4rp7zP+Y0a/zf/6K//NX/cv/Tv/qNkv/A/Kf+v/+B9/4s/68367//Bv+V2e/SW/w7/7j738+Pc6/1t/4+2//vf99f/B3+z6L/wVf8ne7N/7j/+xX/1X/03/Q/3r/vKf+Q3/2//g4Xf/rH9v+dv/k9X/WP/K69/ki9/8sP70j/n1//jf73f8U//vX+M/+83/vj9w9YO/7fBX/WvTP/6ff/GXVGe7v/jf/qP+pfnByz/4Dz6Y/yW/4T/0p/9zv+7/+Mv+qsU/mv6d/8hf9if+Zn/3X/Tjv+TL9WT3tzz9Rb/j7B/9m//z+t0v/mseP1/t/bP/1y//r//A3/xf/Kf/mv/yev/N4zt/RDpb/82//fUf86f9nr/pn/973v/V3/1X/o5y+o/9Q//d7zj7B/76f+Bf+ov++d/mn/l38v/4f/pLflX5zzW/xf5f+uk/t/jtfp8/q/jOX/f33E3+mfu/4N//6f948S/8o8f/0//x9333f/i/7v9Ov+Vfvfufn29d/0//6fLNb336p61+7f/lp778qYd/+h/59/5Bf+O//if+e3/qr/ruf/NP/l+/75/+v/+9f+A/86f8Jf/uybfKv/HP/N2+/Bf/iT/zx36b3+G7T//+P/sv+cX/TfX7/1X/1B/4v/4Ff8Lv/j+9+9P+5L/rD/9i/y/5J3/DP+bX+OkXP/Xn/+Z/2m/9E//O//qvrT4+381O/7vf63f6S//t/+O/+Znf94/47x7/ez/x3/49v/HqV/2bv+mf/wf+5fTf8e//r/wdV3/T43d/zD/5O41+8bd/19Uf9c/9Pv/AX/Env/jtfqN/9I/++//a4m/9/ru3v89f9sf8t7/0n/kLfo/f4ff+X3/33/M/+bH/4/TOv3r1R/x5n/ymn/zPiy/Gf/eLy/+1+Su/+Iv+1P91+q/96l+V/DO/ydP/9Rf9yr/zT/3WH/un/lMvf2b9j/15r3+Dw6e/9D/8t36rP/fT7/9Z5d/8l/2SP+wf/Fv/wX/3e3/Mv/gf/77JL/6raVnml/31//i/+Xf96//er/nxX7/8rX+X/+GP+Tt/s/t3/sPv/I9/1Ku/++//Hf64v/L793/lT/6y3+K//mv+wv/y2ePP/ri/82/+X1/993/zr7/880b3fuJP/od+/T/2n/34P/pL//Df6ek//q999jccHv03v+wn/uD//n/5m8ejv/+v+ZvO/9Rf+fJf+nV/t9Ojv/fXrP763//P/M//u//i737x0z/22/7Pf/uPTf64v/ZPyP7cX/V/fff/+uUf/9f/+4/937/Gf/x3/it/86/9f/8aX/zSf+DzX+/f+Gfu/k9/6e+0+x88+0//jL/g7Oo7f+wf/rv88b/fP/mP/CnH23/rr7FY/u///p/1M5+c/Zb/5U/t/cxP/5d3/4O/8s/8LSe/3b/37Pf4LV/9I//c5e/zN/yx/+xP/S1/wW99/vh/+8l/8V//+3+j//nX+vf++Y/+qn/mL/2Dfqt/5Nf56PE/ufPf/dc/+Lf+rBf/yr+Z/D3/57f++b/0N0n/jX9i79f+vf+Ov/8f+UOyB//zp7/HX/An/41/Z/qfffa33/8n/qB/9/f7hf/nL/8H9n/3//bjrd/hL936m37lv1T9739i8g/+n5//H//17/Oy+F//vj/5//qv/pff6Pf84377P/O//N7Ov/k7/Ql/bXb8n/2pf/3zX/dv+VP/rz/9T9/5F37TP/zv/nf+0P/0y9/kn3v7T/2Hz/7BP/zeX/o3b/9jv+Vf+Y/+L7/OX/xv/2nFn/G//+b//rPP/6yT3/EHf/Tf+L/8Rf/c7/Dq6N/+V//j//1y+Qv+uD9x/YMf+6W/+b/xd13/0t/8u3/Rn/t/fOv//P2q/+mv/RW/zz/4j/yN/9p//n//Gr/JP/jVn/p/PCr/t2Lve7/4b/5H/oq/89f+bf7C3+XHn/62//yf93f+gflfu/oDf9tHf+qv/OJ3+MN+6T/01/8e6X/3exYPf71/6fXvde/X/ZP/8b/uD/3yD/wll3/6X/2X/urf4c3xjy/+ql/75YMvrv/5/+J//Mv/57/if/49furfffIf/46/65d/fHH+K/+l+U/8y//mH/bH/p+f/Ob7f8V/efGP/hN/2T+3918++G3/2n/qr3vyh/y7f9u/8c//bX/Hf/XP/l1bv9O//df/o//79dlnf8Obv/Dv+T1Opwf/6t/7+//l1d/6S/7V7/+Vv/pvLx//nb/oH/9N/vj/6f88+BN+zcv16T+4/tbf/M/9nv/630vLRH/qH5G9/d/+tX9279/91m/1D/7Sf+DkF/6r27/qp/7+B//Mn/3pv3f6d/3E77z6b3/17/Jv/Cmf/Y1/wK/5i6+++5f9quB/f/mv+u5f+ateP/j+4T/xf/6J/+23/9xf/J//Nv/dv/mX/6qXhy9+wT/zcfm//2/f/SuqP/0HF7/qJ//Uv+t/+4nf+aef/5V/1L/y93/y+//73y1+v7/lv/j0d0hGv++/9799t/w3y3/9b/1zfsN//6/8r+rfov79f+bO//A//q+vT37Bb7n4DX/Hv+U3/Lf+wvxf+NMf7/36f8j9P/b54T/xF23/bX9X9Xv/5L/w6xbf+9e/+m3v/ybfenPw7i/+A/7Joz/sV/8a//ev8T/+7//S+b/wl/2SP3L2v//kL7/+B3/xT/1tu3/d9O8+/QdP/u9/7Nf41m/2a/4av9av9Wv+2r/Wr/dr/5q08E/Pr/lr/Oa/6+7xT2S/6A/+k3+zv/hv/pf/p/853fmH/+Pf8+X//e/8Gr8BNfg1f4/f9f8a/4I/4t96+D//MS8O/4Z/5w95uPcH/sa/7u/04s+Z/dKi+alPm//5V/2mf8S37ue/3W/7gz/u9zn46YM/7PRJ9pf8jt/6Hf+qf+aP+msX/9o/1iz+mPb3+29/zb/u9O71//Ev/At/+vruZ3/YP/+f/Hf1X/V//pEf/46/zqP5v/wH/Gm/4f2Dv/uv+Y2zv+vF+B9N/tq/9E//W/6E3+tv/Qf+nH/6r/tn/uu//Orf+/N+4o+iNZvfc2fvP//7/6H/6k/7zf6S//yX/yH/269RXf8Xf8Nv8fuM/sg//89++xf9WceLt//sf/lLf98vTv7N7R/88r/mD/gb/+G/6sG/+if94f/p09F//5f/hX/Lr//jb//lP/Rf+OeXT5u/7PBXfutP/NP/9r/l8X+y99X0N/uN/8z5f/n812v/8H+7/U9/zf/24Ucnf/s/8j/8V89/8O99/3/4lb/oN/ud/t20+U/+4Hf/4a+5+De/mv/BX3zr312u/4gn//n/+O//0//Vr/+H/+P1F6dP/te/6tUf8Dunf9I//LvuZH/0H9H8t7/Bf371R/+P/0x79fss/6Jf8d9e/lt/3ou/J/3j//S/7qT5M/+eB3/dH/7P/uu/9G/6vf+23//P+et/8T/047/gF3znX/qN819/9fv//T/5H/3bp3/l3zK5/Ee/+IO/9x/8n3/Rf/AfXvzpf8D/+qv/tX/k1/60+mv/5T9y9rf+zM73fu+f/AN+oz/8P/nF/9Xzf+Z3yH7dixf/7R/05/yD3z6b/U2/4NPsb/gjVqPf9M/66n/+P36f5u/6p3+Hv/q/+hd/4q/6p06eHv+jf8rv/qf9r3/7f7//S1/+ij/9z/2pf/roaf0rT47+jX97vvinf+p/rv/IH3/3f/7+v8uf9L9d/Eajf+NvuTf+a3/vP/vv+y3/hvm//vzN5E/5Nf76f+kPzq//tE+e/EN/W/1bVf/sT/0xO8//1L/rT/no9/vT/pLf/ZM/87f9q3/iD/5jfqv57/W3/Nv/3E/+bX/HD9K/6L/4T/7hv/pv/41/jcvl47fv/q2/5O/67i/5z/+Cl3/863/zb/mz/rUvXu7s/ev/6f/yZ1/+Xb/mH/zXfvnPffn8H/r+t/6jf3/5x/wmJ3/Pf/PL3/xn/9CT7d/37/3v/ueDP+fBP/Ib3Pn2P/R3f+/l//k7f/LL/7D/9l//XXb/hz/m9b9b/5O/8nf/877423/B33jwazT/3MvfYP6//gH7462v/tH/aHbw6/363/uPf5vf+k/7bx794e0v+qt/r8+f/Tp/5e9y9+q3PN978gf/09//HX7ZX7z+df+iN//Mn/9bnjZvf/Bv/MN/y6/8I67+oN38N/jsB//k7/Jb/sbPfpO/+M/6uz7/9L/5p/7bP+BP/K3+oz/jV//9/8AflX4n//P+8L/6xf/6J/ye2b/98jf+F5/sT3+f3/ynPtv7n3+rP/Gv/90e/Wf/wp/+u//N/9rv/Tt/63f40//2rdFfN/qVf9/p//af/FV/5mj7wb9yefYrfqd/7Xdr/65/5H/7T/68v/7P+NZ/89v85v/gv778a/7XP/F/+c22vvi9f8m3f7PRq78/+2+a3+V//9v/94/+56vmn/slv8fHv+B3+U//rX84/2t+m8V/88/8wdu/6R/yv/wXl7/6f/4t/oNf8k/9iX//b/kLfr1/9nc5+Ov2vvNr/uS/8Et+2W/79+f/3r/y4s/9v36PX2f8dx7Xf9MvXf5fv8fv+j/98//+b/Cf/HW/5Lf93/+JxV/8hy7+pj/jz/xf/sRf8v1f9Due/6MPfuNnv8b3//E/7b//5/7x//Zf/5v+i+/dvfyxd19++y/+l/+R/+Gzv/zf+NOPrz/+h/+Mf/Xf/SO+f/A3/s6/zx/2B/0l/8BXf+gf/GT/t/81fvLv+Ef++9/8X/mLPrn/5/w9/80f8J/8y7/bj61/r7/61/hPPvrbftGv9Xf+/b/9n/iL/+z/9h/9bf+S//l/m/1Nx3/h3/Tv/tH/1W/35/8v/80f+fazZ9/69/6VP+fwr/wjnv/Lf/rv+bv85b/Hl3/w7zeevf3j/6pf468//43/sr/6r/rFf/0/8RN/6fd/rwe//l89+ou/++v91n/on/W9n/xXfvlv8T/8laf/4u99XP0Rv+jf/Pve/oerf+jTp7t/2V/0U8svf/e72S/4D47/zT/k9/tF3/9PfuXkl0x//DeZfHX111/+q//WT/xl//2P/eBX/89/7k//jn/57//v/3r/w393efzffvvX/u9+7d9l9F/98//cr/vkD/g1n/8Pf8P2r/HX/W6/z5/5O/y3v+Vv/bR98tv+no/+k//8yT/21/+z/8vv8/K/+A3++j/gv/hjfp9f9FtM/ovf8ff+H3/d//rX/Pt+j1/2l/xL/80/+K/9N7/r37H83j/6d/0Pz7/9ZXr0N/9d/9NXe3/Y3kd//386+mv/oqM/7+3f8N/+jW/TJ5/+Y7/Bf9f+Sb/kH/2v9/+t//Q/+z2P6n/id/z7Fn/owY/fe/F3Hf35f+POv/GHzn63v/X3/03/pP8t+3t/770Xv/LXm15+9a/8d8d/5B/+j/592Vf/4nd+y7/9H/6v17/T6d/9/T/67/xlf9Of+Rf9xIP//vJvXv6h5etf89f9n/6Nv+5nHv0v9/65v/i3+w3+or/26W/yZ5y0v3Dnp5L/+ov//pf9Wv/8X/w//nv/1K/8Xb/1Rxw//k//tU+/++0/7j/4h/6wf+8vv/+n/mm//ts/5q//c36tP+f57/Nj/9Vvm/2xv9ev+7f/df/FX/6r/47i3yuq9q/6R3//kz/vd/hDd3b+4f/pz/olv/Zf+Gvf+Xv+pHu/Z/0P/8O/zb/+J/23f+Ef/ls9+jX/tfPib/jyf/g3/txn9//6f+PX/8P/+7/wzYtvv/2r/8j8H/kVf/I//7v+5N91b3zxE9/7+OVf9vt/dfXr/M8/8RP/9m/++Ff/ndt/7a+597f8jX/15//8n/s7fu8XNZ/8LV/tfvE//b3/xb/1P/+Cf/A3+HV/8cGf/Pdl/9qPL37d5N/9E/7aP/M//Xv+xP/87/zs7/zbx7/5V8/+vM//y1/jX2l/0z/if/qHil/7+P/8g/+D6W//j3z5j/8b/9X5P/9Lfv1/5a/87Hf9Tf6k+v/8bx6Wv9ev2vsz/7n//A//2+/+Vf/A2X/95sX3v3v1l+V/y70//bf6fX6N3/L5P/GXnf9Lv+4/++f+Gcef/Nnlr/6XJ7/NP/S3/6X/3O/wv/76f8bO5W/8/D/4tf6aB08+//Q//If/sf+m/Qf/3F/7J/7gP//Fn/2//xHTF3e++u3+2cM/5u9Y/KG/7flP/M9/53/8r/yLv+Z/8rvfv//qf/m9/6ff+Tf+FX/Of/NHnv+lf8y//Ff8Nn/Of/O3/ZW/1/i7f9afPiqe/ad/72/9t/8Xn/61r/7rP+flr//r/7W7X1z8gr/pt/yVv/Dl7/k3/lp/wuRP+eP+y9/+d/3DvviT/qq/8+Ef8bf91Nb5f/63/LV/2t5p8uce/PI/6x9fvfmJv+gnD37df/tO+w/8hd8+/Ps++cf+pN8m/3f/sv/4l/x7v9FO+R989l/8Zj/zx//+T//w/+m0+fTf+h/+5b//H/sT/rFff/cv+6//89/r306e/O//2r959qcd/YZ3V//rH/sn/Lf/9T/57p/+h/7nX7j9yd/yDz34/u/+yz75206e/z6/8qfv/qe/V/3Rm7/z/p/xl/5j//q/99GLX/Vn/Lt/7/Tv/Rf+u3/xd/ot/rSf/l/++P/87/3Pfo//ZfejJ7/rv/a/ffyn/br/0Z//6P/4D/6nv/Hpi3/vd/yVi+13f8juH/Nvtff+st/rZ/6oX+s7v/v/8jN/xP/5R/0aO3/Tv/Yff/Srf81v/bf/+K/6x0Z/+z+x9wdc/s0v/4rf/B/+zX/Hv2T+m/7k3/0f/bmP/uhf8h98/x/+Z/6v3+Ff+Qd/w3/g+f/+C+e/5eG/9Iev/+R/7C979G77H/jer/rnDr/1X/7j/+e/vPvp7/7iW83vWD+d/pW/z7P/7j/6a/6S6tfc/Zv+8ie/5Ad/4rf/icfH/8s/8zfc+zt+5z/nj8h/9z/+N579/n/a31L/aX/Kf/dv/De/459z+Tf/usdv/8nf4Hf6U/7U3+T4d/hv/u7/5s/4qf/+y7/tL/j2//qrzmZ/b/v3/K9/6P5v+6c9ePtX/MV/6PiX/+/Vb/vjf9Du7/X87/h3/9TfrPn1/r7f8jf/D779V739HWZ/9z/26/8JT8f/6F+f/V6/0T/+9/xjv/hf/gX/8S//B3/lv/wH/UX/3f/4m/7k//1r/Gb/zr///f9zcv1n/AP/zH9e/Y2/93+X/QO/XvLr/bu/52/3++xt/aV/wHf/qP/ol/wj5d/wn//+f80vePV3/eV/xW/8hx7/tX/mn/dX/U3/+n929cv+nd/gt/6b/th/4Q/9Ped/9T/8y/6ZT3+r9Y8nj3/L3/XZL/5td783/kMf/5q/z7+//teXv8+v+qP+9YN/+fxf+I0+/8G/+xPn/93q09/un//z/9J//vf8/f/eP/6v/Vv+musnVyff/Wf+r9/6v/rXfqd/6tf6S3/yz/4zHx/8z3/Y7/STv9kf9Aet/qy/8Vu/3T/+z/4Z/+tf8Td8nP7rf2b9p/41v+H3/rR/8O/+9Nf7V4//nsf/yJ/9b0z/yL/7t376+b907x//9//p3+S3/db/9tF//q9ni/9g96Pjw7/p9/sjR99681v9kvLhb/4//gbJV3/a373/F/yuf8lf+5N//r/3N/1ev+Vf2P4xs//xT/jp3+1v/kW/2T/+5/7zf/yLv+OTH/vDvv8f/dX/xex/fvc7/OV/wa/108nv8GskD/L/6H/Y+aOerLfGf85nf8Bf+NV/+199/pv8Jv/N23989fJPevlb/vTi7/m33jz7P3/yD/61/47f9a/7Lf68P+I//9/+nD/+P/hdmz/s6q+9/Fvu/sy//vj3+mt+m3tv/9c/fv9f/U1/7+8s/uHf5+Gf+zf8mwd/5Kvf59/+7/7vX+O/+O/+yvzwzr/94p/5yX/k6o88v/pNfsHv+Gf8d9ff+rfpg8vXf8sf//v/zb9L/ev/wY/+wH/vby//vb/+z//T/ru/9Hf4Hf/Jf/TX/vWe/BZ//d/x607/nd/iz/s1/7k/5tX/+dvt/Cv/0MHbv+bf/U9+n89+z/3f8e/41/+Cv+lve/5XP/ob/oGf/Od/07/81/6Trv6M/3Ln7/2Lf89v/6p/+vff+am/8snln/Vv57/V+W/wr/1t7W/839Z/z6/7t/0Ff9lv98lfWMz+pj/iT/8z/rX/6A95+Af9k3/S3zP/b/+t3/V/Ov67f+IXPf/b/5St6nf4Q36bP+7Zv1yc/jZ/51/3nd96nPz3f/Xf+6f+pr/3P/Fv/vV/7i/6y/+M3/Ff+5k3P/YvX/+tby/+mt/+f/hz/9Xpb330Z3z0x67qf/vX/yXfWv7G//bf8Zu++tdWf+l//rt8+vv+Rd/54//++b3f+c/5i3+93+tP+QVv7/0O//m//XvN/uB/+B/+e/+E3+Iv+onlP/z3v/oz8p07/+3553/R81/zs4N/9s/+79qHf/4f+vYv/dvP/4a/h+jzf/6Z//bvUf6Sv/K/P/qnf/WXf8sv/Vf/u7/wb/vVH/+P9Mf0v+eP/8S/7f/8m//Xv/DvOPpX/9c/8t/5pf/Wr/7y3/ldil998t//HvNf8pf8T//au91/7W/4v3+N3/Anro7+5b9o9gt/zT/gF/0Tf/A/f/UH/UZ/z7f+oLfl7/2LHs/+9V/z8A/5Q/+ov+fv/H2+9+5X/Yrf6zf4G/7jv+dv/rX+nZ/5vf7U3/rPv/P2v//X/qnf+H/9L/7Nf+O/+cv/9P/9L//sd/0s/21/7e8d/op/4M94+79cv/lb//Ff8A9894/4yb/+l/wv/8nWg//y9/uX7/9tv3z+8if+uV/7H/up9Vd/zP/y9zy4/4v+h1/7Z/6kz3789/pPLv6+3bftf/uf/Ce/5W/0B9z5yX/u07/rv/6t6n/0L/lddub/2O/4P/wz5/ne49/s3//W7h/0p/07f9zv/0f9mv/gP/x3/e5/8F/0i/+in/w//qLv/I4v/54/7ff/Lz79z/+dl//Fm7ef3/kH//O/8bf4r37dv/N//S3e/Jc/8++9+md//z/g4Cd/x9/5+//Fv7W4n/99f9t/+X//Gg+Wf8Rnf+bfXf5X/9U/9zv9Wv/Wr/FvFX/jf/Pxf/8X/xuf/1n/1x/3f/8av88vn/2D/9pv/Obv/Q//u7d/0v+Qvv5f7/6y//j1L/sNt9Pf7y/4L/+d//RvWvxG33/52//Gf+Hv9D//xOLX+P0X/+if/fa/+hd/m3/t+C/5sX/tr1n+5J/yv333l/7L/+RP/Puf/mPpf/Z3v/vHft1/vfyJ/+ZfWf2r/9fOH/a//Dd/5m+e/PF/4L/ye/wtv+AP/IN/gx/7Pf7K4s98+zv/zb/pPzX+rf/uv+E3/6nf4G/4o14++Z//sPL8t/+lv/Cv+TV/39/wv/3r/rLm1/1Fv/VfOP/0L8/+zr/oj/zWr/kT3/9HHv6zv+Tpr1j8zT/xC/+UX/Qn/BV/9x//77W/1dV/8Hv/h7/TX/xXffrn/su/xq/zt/9l/9df+mPpncUf+xf98j/6J39B/htf/LVf/i+/9Pf6X//s0a84/s/+w1+2+sP/ieL1n3n/X/zN/+bf/3f/ff6+3/2POfx9f4f/6J/67Y7Wj+7/Sf/zf/ytr/6kv+V/+Qt/n3/sf/hH/9vf/S/6C6/+xz+lmvyPv2zvTzz7zXf+3Z/4u/6G3+i3/y+3v/fm+B/4vX7zv+fqx37Fn/nL/qg/svk1/9vf/g/67R7863f+2//92U/9/b/D3/S//mF/2V/8b/9Df+jf/re9+cP/ne3V//R7/tp/5G/yaPWLT3+X3/m7/9Av/D/zf/ji907+gD/wP/v47/6TDh98dfe3+Mf+s9/zV/0rf9bv88/8O3/xr/Gf/3u/ovh7f9lvVP7WZ//nyW/+05//+l/+ff/oH/FH/Ye/7h9/+E/+Kb/277/zp/+yf/m3/v5/9Rv/Ri/+oX/hb//0d//H/7Zf9B/9wl/rb/hf/saHz+b/yd3in/3b/vG/svqfmn/1j/7Dv9w++lv+wt/tb/2J/+Z3efbb/037/8Yf+MfW/85v9A/9Hq/+iL/pZ/60/+lP/st+/OD4v/3qP/g1f6d//y/+436tv+kf+2v/ybu/uH36Z+7/zp//un/e9K9c/6l/zj/5B/6Jv+hv/lv/2+3fcfZ7/pl/1r0/6P/87f7Q2Z/3+1Da4cf+oKvV9oN/5x8Y/6rf4F/5Q/6FX37wh16cLv6Cb/0+/92/dPwn/7X/wD/2+We/+Uev/9Dv/eWf/y7/3E/8hn/1f3r///pHfv8f+02++Ok/bj9N//u/9JP7f/fpf//2r/2Xnv2T+3/5v/0//J7Xf9p/9O//W3/tn/VP/1//7N+/Pv4X//F/54/8hV/e+c4/MPtz7v3Mg3/rz/1z/9LrV//zn/fH/L3/3d/yS/6iP+A3/CP/z9/8Jy4mb/+JyV+92P7r/4eDi9/4N/38l/wZP/a//uZ/99Vf8/d88ff+F6//l5/8hfM/5Z///X/jH/sXPv4b/4Xx7/ab7P6Nq3/70T/3pzW/9avvvfynf98/5q//r9dP/64vnv+xv3L9MLn8sw//4H/3u3/oX/tv/en/Sf3w1/8Lfu/f6hf/Qf/B29/3xfzv/p/+9b/hwa/1G935W/6q4xe/8Z/z1W/5rf/4l/4Bf/a/lf0Z/8bP/LbLb/9V/92f+pN/W/ZnLp78e3/HX/szf9K0/HV/oz/x7/4z/9b/4Jd9++2v+Uv/1F/wf935pf/Iv/U/j7//z/3n/+Z3fsUf/a/9Fb/N//4X/kd/2p+09+bp6q/+v/7Sq7/r17/zd/x7L/6Qv//fXFT/5n/0v77c+Xt/mx/c3/8f/qOtX/Hn/gfjor3zh/0av8/f8cf8qn/l18p+8e/7G/8Hf/jf/Yf//r/hL/lN/qD7/9O/8Z/8gft/3Q/+5t/uz/3df41/9+/99S//m/v/xY9vjS7//Lf/+7d+v9/7D/0l/9yv+2f9w3/aX/x3/nv/0P/xvz7+vZq/4Jf997/NL/hff+YfGL8eTe781H/98t/+5//45NH5XzO7+P3+wV/5exz+hX/m/7T/x/5Vf+Ff/Olv/r/98j/id9v5D7d/+cM/9Ncp/5bf/C/+6T/6b/0Xf9Xu3/RLfte/8l/49R7/6f/eH/vF7/t//WbvVv/r7/76nzr/P/6Tr/7Szz79Z57/7b8s++J7f++fff5v7f3nf9Onh7/ztx/+/r/mL/o//4jf5d/5g/+KPyf99j/zp//+T58Xr/6C7/+l/+uTf+G3fPx7Pf72w+Y3vbj3u/62f+r5b//X/mG/93+XbP3d/9Kf+f233/11/83f+s/44nf+9z7/Q978fr/bn/b3/j6/0a9Md07+5P/rd/nn/4vv/fTxn/y//82/xb/8h67/wD/5l/1pf8Df88f8XT/zJ35352/69B/9I36TX/Bv/HN/7m/zO/5e/+j2X/L7/Ofj3+Xp/T/jj/1N/pq/8NOv/qW36Z+z+w+N/u7v/cG/5G99+Nt996/63f7yf+BPm/8Xv+Wzv+J/+eV/5B/zv/wzZIR+m+1f9q9k/85v+B/+jt85+M3+5c//uV9S/pJnd/6Of/7Xf/2n/nn/+O86/VP+seVf9e/9A7/tT/zUL/hLf+/s3u78xY//G+v//Nf7m3/rf+bLf/vvmv2D/+U/+9f8nv/rP/L3/KK/Y/3jxe/ya/6y/+bN3/9n/Kf/7u/+b/zfv8Yf9Hv9+r/Ov/E3/EU/9X/8Jv/S7/zr/yVf/Y1/wB/0W/zNv/4f9It//f/p+G//N//YrcOL3/wf+fZvtf87P/s//pF/4vLwX/zn/vz/899q/tY/9L/6I5px8Wf/Xt/9N/+7k7/24kX6P/3075v+H9/6U/+M/+BPfPF7X5z9s3/v0fLtH/Lp7/g3/qV/2r/69j/56bb4qT/qzaNf8mf8qb/vX/nL/5Tf5ujb/9Rf+r2/7Tdd/rJ//Tf6ZfV/8WTv6pf8rn/9b/gH/VP/8V969Rv/Zy/+rt/oz/kj/+y/4PXO//L3/6rDb/+PD//ov+k3+P6f8df/zb/k73yUHPx+z/6bP+9/+AP+psWTv/WXTf+yf/Tz7O/4nf6GJ3/MV398/V989Ct/kz/0O7/z3/hH/0sHf8O/9Nv/PW/+ind/2H/3/b/91/0T/rrLf+L3/I//uj/xTzv6/bKn/9av/oN/8W/xh//R/8Bv/6+fj/+pP+mT3/R/+rv+gP/0ZXX1d/0Hf9bf8Rckr/6Ez3+dq09+4qt/vfzrLv/E/+QX/gF/6Pl3rrb/4i//zj/xN/+9//7f9j//F//sf6H+t//Mv2br961+1f/06OiPXh7+zr/33/RLfp3f5vQvffnr/xp/4G/zmzz9ieWf99v/9z/2e/7fv8Zf9Af+hclv+Gn7t/zNf+8v/72++B3/pX/4853/+9f4NX6X/+7O3/Qb/Vd/7T9d/21/wr+Qnv/nf85v8Zf8UX/qn/ibTf+S//3VH/nX/qHJf/vP/MY/9e6/+8MP/o6/8vC/+D2vP09/yf/1T/+zv0v1t1z+Aes/8Bf8zX96tvot/r4/4eO/+o//w3+jP+F/P/0D/rvf99/+r//u3/Pf/+22/sbf7urX/gt/47/1f9m999Vv+vAf2/6P/779f/R3+vJ//13/pH/1r/sFi79jd/b7Lv6Nf/i/+U/+j1/4B3/rr/yT/4ej5Hf9d36LH//ej//X3/o7f61f/Sv/71/j2/e/X/13f85//u/9Ib8q+UX/w7/5z/yOv+C//GXZ7/oX/T5/89/9B/y2o9/+l/9Rv+Gv/eVf/Hv8mv/Kzn//g9/l6G//x/6N9L/5bf6H/+W//rv+1P/uX/o3/sODv2K+/S//j//Bg//61//r/vv/pPhf9v/BP+UP/uN+k7O//uW//pv8Rb/q93/9P/wfJ7/x3/5n/LXNP/U7/av//l/1j9d/6p949Qv/ol8jn335X/4pV8/+9z/kv/gLfv/1n/+//4N/5h//K+7+8vo3+Qe/+/iP/W+Ofq3PHp39Dv/a0evf/w87/e5f/+/+US9+0cWdv/93/KnjP+wv/Nbv+rf/F3/hf/ZXvv03/9c/Pf+dv33yKx//37/GH/rvTP/0X/Wb/yd/yX/+B/w1/+N//Wtu/8Z/wu/+8vmPff7o3/u7/pXnf8Lv/+6P/m9/oz/go//kH/0j/stfe/9X/be/6Ud/0+/+/b/kv3rx6/0W13/o3d/g7/mN/6Tf7Nf97qt/5N/4Q/+ZxU/8ev/G3fHbP+T8l0/+o8vf7n/6737zv/YPLY7/3F/3X/4H/vzp77r/g7/gj/iL/+pf+L3//s/+43/B3/rLfuej3/GP+vX2jv6X/+Vf+Tte/nsXxa/95K/9k09+n3/0P/j9vnPwrb/+f/03H/7Pf9Y/9xv/G9//7A/+7/6qX/TpP/CP/bb/8z/9W/yN/+Tfcvgn/Np/5m/5hz39zj/5t97bHf/q3/33/Bv/hxdP/pA/4W/7a/6B/+yv/TP+x3v/xz/3e3z+uzb/4i/9E/7Mv+qf2T77V/6Tf/BP+/67v/V/+dM/+7X/p1/0nz/4RX/r33b0t9Z/xy/7Xf7TX/TJ6S/6zf676pekf/r/8L/9z7/Gv/Wf/x1/Qv37/vPf/wV/6uKf+Fcf/tu/6R975/f9bf+d19f/xF//Z/+z//yTT+p/8D9pH//uv9kf/60/5C//2/+YP/+/mP4L/+h/+3rnn/3nftM/5/wP+ek/e/svuP87/1r/8k//9F/8lx/85f/JX/P3/KOzv/7f+lt/78v//cnf/4cmf9H/9C/9vl9d/MTy1zv83178hf/KX/x3/dHfLf/Fv/+P/sFv8jc3/+f/8Av/vD9j9P3FP/jl//jf/Z3p3/hL/4i8/b2f/97/xZ/4X/6F/8uvfvNX/f3Nlz/+J/5Df92bX++f/86v+L9+5h/6u/7M7/2D/8ZPT/769A/+cl38/f/Mr/i/Hv8z6//r8b/4e/yn/9zf+Pv/p//cL/u/Hv8T/8703/yVf94f/m/+sl/0y3/D0fUf+wf/5T99/vfnL/+B3+PxP/R3ffr3/J9/+R/w1/1tv9Nf+Fv+it9j9r3/7pf8yf/74sv/5eWv93f8LZSETe++/o1+77//T/onv/17/+uvn/0m//L/lP6a/92X/+jH/+WfvPhd/rKP/rbf693/9Sct//O/5p9M/su/64/9S/61767+tf/un/n+D7Z++9Mf/N1/+C/4HY7/hJ3f95f+LX/79M//537lP/Z7/Op/4S/5P/6ZBz/1rUf/9R9253j8E5/+sl/8K/7M3+Dyx/+Xv/r3/5cpE/wb/dqUNf41fm3KFv9mf8pZ+luczf6UX+PX+S1+7Hf7NX7P9E/69q/zJ/2av8Zv8Rv8Or/F2a+/+jV+fO/L9Dc7/jV+rV8z/S2o7e/56/waP/br/Fpnv9tf95v/Y0+OP/5Tjn+33+Lsd/s1ztI/iL76DdI/5ex3+1O++DP+iH/rP/otvv27/WbH6Z/ye/46vwX9e/br/GY/9rv9KWe/xpOdP/cf+T3TP+g3+HX+lG//bn/S75n+ZtRY/lf/un/Gcfqb/Zq/26/17d/tD/o1zIf0v9/z1/mdvv3r/GYPf7ff7Nu/xh/yG6S/xW/wa+jn3/5Tvv0f/Cm/z+/2l/1Jv+ev8Qf9WPpr/BhwkK9+r19z77f/y/6UF9/+dQj5Pwlj+XX0lV/3L/o3/5n//G8++933f9nvt/0PpH8KvUIo/Zr0Yvqn7M5++d/0m/xxv/Xlt//l9o/833/x37v7u/1mZ7/xX/JjhMmv95v9BofzX+v3SH/s9/83/4i//+/9s/6iP/Tv/p1+23+BoP06f8rxr/En/dLf6tX2+p/6A7/3N/++v+5/8uv99L+1+pn/5Cz9s36DX+NPOj56/Nv9g/f+tv+r+d/+6n/kF/5uf+9/8Su/v/u7/Um/we/2W/yev86fNPtzZr/Ri5Pf9Nf5d3+L//a3/Ld+3X9p9Jf9Kd/+Nf6UH/s1fo3jX+d3+NN+wcXv+Ov9ceN/9Q/6p376z//23/ufAOdf57f4PdM/5I/8q/6m6U8mX/zmfwrpUJqk//b3wWD+pF/jd/stfoP/9q+Y/Rb/xV/9x/3Tf+Bf8Iec/Rq/+Z/wxwm9/pRvmwHz//6g3+AfJNL8hbRE8PFvThP4a/56tEDwa5jn1/zNf7OUFgmyv3jn5U/8wX/zv/x7/qL/6U/m9QFaQ/g9frP/5Nmf8r/8Dv/EP/Hf/2//xV935zd++BtM/vq//aPfBH/9YR/9er/gTx39ib/Dn/MLzn7177j7C/M/9Ce/9R/Qx3/9r/X9/+W3+3f/kN/+1/vo9/vjf8u7e49/y//1j/tT/91f9jv9fX/5X//n/7v/8z//7f/s5E9N/+k/9m/4Lf6R70z+rt/727/B62//Z3/ub/27/z2jv7P6J+//wr/4d/slz/6Y/+t3ePu/FX/gr/Vv/aP/1Q/u/Q2/7m/87/7P/8Jv8hf/zQ//4+V/+CfMaOb/kF//n/3j/tm/C7/8Bukfevl/NL/wj/k//71/5f/4H+bb/+ef8xv+ged/yH/4b/9Ff+f/6v74K/7O/7WgP34v+uP//Pf+pd//7/1zfsNf2RxX/x399ife/6ebF3/I7/avTtqXf+E/9Vt8+Rf/RX/kv/Qb/yW/319x9kf/iX/R/n/zVz79J/6ov+ov+LP/lL/mH/vN/+nf9ff+U37vv/Cv/us+Gv3HP/6P/Ten/9rjP/ifO/11jn/tJ7/BP/Gb/vovp3/S7/5H/+b/6OJbd/6Xf+kf+Q3/+n96+zf67X7hb/en/4q/77t/0l/6G3+++3f8bv/W3/AfPP3j/6i/6d//bb/zrb/o5V/zj/1Rf/Th33L1uz77rf+Y//SP/ot/539s+of86qd/5j/56rf469a/x9/2+/xmp7/zP/KP/t6/5bt/ef83+4nf4vLH/5I/+K9p/8b2L/4dfsuvfvrNb5n+/cf/96+xOJ/t/S6rf/1/+EP/k9/sN9v6/f+97z8q/+0//su/8p94/jf95n/bv/Vf/gl/xK/1nx79fc0/VP7P6z/z2d/8p//0/DdL/7E/497f9Jf9C//A7/bTv95ft/83/d2/z187rn7X3+EP/aPnf/Jfuf0f/F7/6T/+R9198rv9/r/VL/l1fos/+S/7h/7rj36d3/fpH/YH/I6/xf1/9bf5XX+90//kT/nWf/07/bq/+Lf7rz76W36Xf/ofevxX/W1/2b/005d/yrO/6os/5Yud3+jv+VP+2v/szkf/7G99/s/8L//w7u/+C/+w3+NP+sePf9c/5q97+qf8bn/Sx7M/4B/5g/+lf/AP/od+8vf6Q/7qV7/j3T/tL86ORp/+0/uT3/V3OPv4jz78Xf+F//iPyP/LX/Zr/Xr/zOe/NrHgFljw1/p1fx2sUSkXEgvupr/rcfYvv/yJX/QX7/yef/L//Df/wf8w8+CvBR78Vb/jr/3qFy52/5B/8U/4a/713+zj3/G3/NN/0dMHf8Zv+Ase/bXn3/7d/70/6I88effnvTj8nX/y9/qxP/a3+O/f/NlvLn+7f++f+/Rn1n/MX/FH/LL/49f9Hz7+9/6ud+X/9t/8TX/97/kH/cEf/cG/6Z/wL/4Jf9PfU/96H/8m//ev8Vv/ib/zd36d3+A3S3/Pn/gtXvxRqy//vvPf8w/+tfjv8s//va7+zT+U/vcH/q9/1+/x9+j/Hvzfv8bbP/Tqf9Wf/DX++j/f6f9+Cf79zZ78mX/B3//l//G7/we/5K+c/MT+9vHRH/4b/2Vv/5L/5Y/47R/9L3/2//Eb/Mv/4j9674/69f+m/yX/o//of/73/XUfvfqJv/mv+V1+5o/+T36vv/W3vPyH/tW/4I/+rf/+3+M/+fRf+h9/zeb4n/0d/va7//Kf/8f+p7u/6R/0S/+cX++X/PP7f8hv/uO/2T/xye8wuf9bLP63b//uf/Ff/Ff/FZPf7k+999f9AX/Ir/dX/V//7t293f/syf5/+vjTf+vPvftbLf+I7+/u1j/18vf8r/7x3y35o376dx89/W3+o9UvfPo3/e5/4H/V/nZf/W5/0y/5x//ov+Lzf/Mf/EP+oV/nk9Fnj2Z/9N7jb//uP3nv3/h77vxuP9hrfvd/+Lf6l37H3+IXnP7Ur/i32j/4r/rL/pb7f9vv8A+vd//r3+K3/Klf8nv/+OTT3/D3+VfO/tTJb/ATf+qr+394+kv+sb/vo3/p3/yP/6qnf9a/8mf+9n/p93/Xe7/Zv/rkN/83/tHv/G6/5z/xR/z29b/8F/2uf9jzL3/sd/0r/838D/k9/6hHv9nxb/ebnBx/lP/9f9y//FvNfuwPevad7b/3j/vD/pZf57f59Z/+cd/+437t7/67f9tHny7+4fY3/OjXf3onvf78T/7z/9E/70/f+x13n/+pZ7/97/vnfTT79u/9e//Lv9Xv/gf/Db/eX/Kn/QP/2pu3/+xv+Df9xU9P7/yjv8PkD/+N/5qHv8HdP/sv/ov+on//l/ztv+azP/LJr7Pzx/xtv8mb3/XX+QN+EWmIH/9Pj2cf/z7np7/e7/l3/D3/x+/8u/2V//MfKCukWCIl/jNLpL/mb/5r2BXS9C/+m//hf3nnf/qf/RXS3+z/+Iuf/oqd3/DLX+dP/Mc/T/6PX/P3+O5v9xs//Y8f/Kpf8A9+70//r3aWv+3Df/Qf+/X/+z/5z/vof/pVv/P/9d3qf/m//q1f77f40z77vf+Isz/sl/3Zf9Xf89f9+f/Oeutv/upP+VOqf/L3/mf/yF/jn3v6/T/63/7L975T/BN/4W/6tz79M/67/+Dx7/Afz+d/yh/8r/29/+zv9/f87v/rr/dvvvtvql/4N/2r/8TJb/Z//cF/5ae/39+9vf3Vb/Mb/Q5vn//JL/7pix/7ZX/04Z/6D/yi//jv/l0/bf74f3xZfedf/fzP/O2/Xf0Df/SP/0nfnf6u47/y1/iD/8y3/0X+Z/y9W3/Ir7j7F9e/3X/zW54s/tk/6PHu//Lxf/Gtf+BX/wfb/+jf9Bd85+8c/VU/9u/9Zy9/5o/4+M/+M+s/+Pn3/+Hfefyn/sTb3+Kf/hOmv9u/88/9Dh//w9ev/qR/+B/5h3+bf2v7+X/wyYu/+3f9c3/d+//u/b/7t0z/5X/iH335H7x69+TP/ov+/D9vUX36Xzz61/+RP/XkP/67t3/TV//F3/lP/75/37vf4r/7TZLf4m/+5//kP/+//QWUePtNfps/4w/4237rf/V3XP7TO7/8t/+Lf43f89f4k97+Zrv/47/x267+wR/82Vv/wZ/+5//5//Cj9vf5J77/6m/942f/3b/7a33/j/zxf/ujf+oX/Rb/VDL+1//o3/gf+sm/9x/7HX77s7/sj3r1X/9ef8/zR7/+P/1HvPyzm7/ul/0N5W/wG/+GH/3tZ3/wv/38Xzr41dnx//Qv/Pa/8G/+Yz97+fv+/r/3//1r/JW/wV/31V/62/3C1Z/0v/0mf/7f9z/f++f/lD/oT/mb/pff+Lf7G/6dP/XX/QN+jb/v6o/4fd7+LX/V31j/4Ld99F+e/cwv+Df+vd//n/3P/5Xf6z/7TY7+7r/p87/z1/i3fuen5R9z8Uff/yd+7d/84e/8n/yH//1P/m8Xxf/xD/7F//Sf9Ef/sl/1f/2tf8kf+Letjv7sX+Nv/f5/+iv/0d/vxa/+g85/7Md+8X/3xf/5H/7p32vO/7b//g/9Kx/8sr3v/rL93+HP/LGjv+uv/9//i/9q8Vf8RQ/+ieKf+6/T6b/2mz3+sz/e/ltfjld/xZ/wP/0+f8Kf9Sv+tt/2T/lbfrvt1W/0P6SPnv/lf+nv/cXf/r+nv/Cju6tf88f/2v/kn/1FV7/q1/nT/46/4/WXv91//l/8nn/R46vf/dWDf2H5x/zn3/09/rT/8Gf+9H/7k9/pe69+r1/e/Ev//bvPvvozflG9+LG/5Bf+a7/5l3/Xv3j6r/xB/+jbXzH6Hf/xn/w3/5Hf9Pf7J37Bf5v+McVv8V9N/7b7n179oteHf8dv8Yte/Ed/7n/4qlz84NuHf9r/9Iv+tz/hd9j+0//SP/JP+cX/zB/8O8z/6H/i903+zb9u9Sf+Zj/x6/+jz7d/5z/gn3z6O/xnn3z+b/xHf9rv+s/947/BH/cH/cf/6K/z4v/4z3+vX/Tt41//u7/OP7/6Sw9/yWeP7v55R7/tb/S3vVr9wr/y4F/+XX+33+2v/uR7//U/8dnf9Uf+bb/mr/OH/9u/6dV/8r3qD/rzfttP/tF7v/8f8ZM7/9bf9vf+h7/yHz77HX+bP3In+U1/0f/85/wzb/6qp7/Jr/x9/oDT3+A//1t+/+0/9+g3/uJv+bd/5ju/2W/9X378n//p/9vv9Pu8W/y3v8N/+Xf8E7/rX/zn7P61/8rH/8M//Kv3n/zpf+nv8Hv/D7/Ds+v/7uAf+c9+zb/+d/53fo1/86/8a//cv+pfOx797z/4936NLz5+fv5H/oO/1x/5P/zYb/noT3j41/3Pf/9/8Sf8/n/7b/8/fufoH/9vx1/9L7/5v/E3fO/f/m//l//71/in/4Df9+qv/St++q/5u7/83f603/x3+3V/13/5j/kf/sc/7Bf9sr/1P5n/if/9zm/39/96/8A/9Ps8/hv/2fX//n//Gu8ePP0z/sMnv9Gf9Yctf/y//Lf+07f/5OPf9L/6Pf6wP+Lf+Qf/xD/zN/uLt/733+P3+/3/9N/7v/nPfuK/a/68t//8X/ln/eZ/9a/3ydEXH//S3+Fv+yeeXuzuf7b69tvH/9d/9butfumv88//2//2H/ELf8XT/3z/17z86T/tt/3zTv/o//qP+Hdf/7O/31/8n/3Of9X093j7O/56/9Jf/fstf5NP/tODP/9f+6cO/rZ7P/ntf/3b/+Dv9q3v/ca/wX/yN7W/xa/xe//P/8T6z/t3X/0mv8EX/+p/+hv9xf/Ib/Fr/0V/5B/x+D+Z/vJ/p/yv/+0/76u/9X8a/RefHP67b579nv9a/e9t/8N/0h/8u/+u6eXkN/vz7/4tf9DO//w//xV/9V/61/+rF6M/86/4pb/Gv/o//vW/z9/xZ/2Ou3/ZP/yv/iV/3v/yv/36P/Ev/MTHv+ev/Y/95j/4Df7t3270R30++sH53zD/TX/9/+7v+jf+q1/7pyfz5fM/8u6f+Gf+O/f/ip+a/cfP/4Liy7M/dv67/dh/+rv8XvO/518Y/x7/yO/0T/4Wj/7jf+HjX/83evXmD9r/n/7MX/s3/MEfVf5Pv3L0n/xNf+ifu/jqL57/5v/i9clv+tU/mny+/5/9fnX1T//Vf8n4J/66//w/Ovi7H/7Uf538Ub/g7p+wmv3Vf8gf/Qf8V//Bb/m7/Kv/+190/Y988u1f8Uf/Rr/Bn/72fyn+voN/5H/67/+nP+Lf+MN/2z/2j/gL/pcf+/Rf+rUnf0/+r3/x9sGv8/STv/J/+4u//+n/9ov/6T/gD/kf/9t/4rPf/9/7Z/6Lv+53vveX/vXN8z/xP3/zf/8af91vtfMPX/xn/8iTP/sX/tJ/Kv9d239v+ef+/n/9P/8//y3/8f/+a/zq//w3//x/+Zub//pfW/4nz37r//i3fvVn7PwLf8V3nv5PP/j9Hv3gH/reL/9rVn/0n/vp3Xv/y+Gv8Rv9T//Wn/87/x9/we6Pffnv/FH/x2/4z3/8e/8p//kf+S//xb/WL/zj/9N749/3d7na/+W/8e/7N/zXv+ff9DMH//V/ff0LFn/mH/Br/nd/+V/29vqX/x3/4y/9NXa+/7f8mX/93/Kb/QnLJ//ZzneL/b/iD/qZb/8Jj/7Qn9r6hX/Rb/Invfhb/ozf4K/4p37yT9v5Le7/ERkt6Ix/4W+8+2v/jr/21r/19/yGO3/F7/B2/pv9zy9/zb/5v3v4m7/5s3f+mv/y16qav+7v+MP+8F/jj3v9mxz/4n/id/0r/7I/5n/9a/7E5d/3F/81v99P/0Z/5W/55/743/8///Hf2vntZr/1L7/zX/6b/9Ff8Vf8Bn/tv/WL/szf/Y/8N/7Sf+n3/L3/+9+1+fv/qT/2X/rlv+d/P/39y3/9H5+++b1/v7/193v5R7959ev+kr/z3/ixv/13+3f+rN9359dO/uc/rDn9B5Pf8a/9dX+t3/3X+73/gV/3//x1Vr/Wv/+Tn/yJf+o/+YPx//jn/0e/4j+7/ze/+wtfv/rdf70///+8/+arrSr7Lf6aX+PP3vn4d3381/6Bv/2/8bs8+eiv/sv/y9/3d/izFr/ev/vH/5f/yT/8u/5Ov9WDv/Pz/+gPevIn/Mn/8OOXL4/+yP/t38h/8I/+Fn/xn9j+i7/DL/uL/ufX//t/9DO/8uqX/C+/9un/Vv2r/+S3fpPkd/l1/q//4bf8y/7TC7IEf1727//Bf/Tf+C98/Nf8F//Qn3T8P97/k3/Tf+PkL/j2f/zf/Xv/xH//K/7YX/d3/XX+yYPf5W/6R3/5X/J77fyVv8Vf+ndd/yP/yhfL/G/6Rb/ZL/j3/vpJ8Wd+9ev/oX/Fv/Wff/+P+k9+uz/l1/6XLn7/P/z3uz68k/zBf9Df+if8Lb/fl3/wX/U7/6Hf/wW/02//7Vd/V7v17/16/8nkf373rT/tX/4Tfpdn1z/1H/5Nv/Gfv/e7/ODqN3n3h/0a91/8+l/d+Yt+tx/8mr/+r/9Z/nf/yr/iP/qy+nV+kx/887/of/o1vvwr/ovTq9/nz/s9f8G7X/4v/M//x1cnv9+v+ST9d/+8j36rP+TP/Ed++V/1W/9Pyb+YvV78Nb/BfvEnvPjdf/q3/0P+23/ll/2+f/Fv+g8cnf8df8Qf8Yf+Zn/5n/v7/g6/5+//yd/3Z/7df8CT32z6l/6tv+2jj37qL/qHf73/4Y8s/9ovf/Av/ZZ/wX+5u/w1P/6rP/sd/srxP371z/6Zf97bXzP7w/+1f/M3/TP/2P9o/7f+k36zq//2wW/1+c79V7/ed48f/KFv/pB/5X/9V/+ZP+Hv/w3/mP/gB89+v9/4dPsX/DH/55/zl/1h/+nfc/dPff3uf/ivf4ff8G/43X+zv/Sv+Nf/w3/yN/8Drn7NZ7//b7z/p/0O//ev8Wv9+b/wf/7F/+bb+T92L03/JfJC/+l/+b+YnH30KPllzf/57/6qf/T3/Gs//+R/+o//kd/7D/8F/9Dv9es++6fWn/5+f/4f8qv/scv5b/FjT/+KP/X6b/x3/73/6t98/fbf/ev+/n/s3/kHqv/q3i/5a/6jP/uf+xX/wt/y6/6e01/06//rv+Xv89v8D3/jb/e3Pzg8uP6727/iD/5X/5M/9R/8G67+sJ/+wT83/st/7O/+Y/6iP+mX/6I//Hv/xV/2f2z/tqtfkfz3b/7kf+F/+pMe/vG7f8n6xX/5l/6xv8nv++f9Rf/bb/e//qL1H/5nXf+2D07+hV/+Xz7+w3/sr5+X3/9Tf+mD3/zv+Q8/+pP+xr/sT/ttPvln/6P/6x+ZLP/+f+Fo5/uf/va/81/31fzy9/s7fo398R/8L/0dP/FvfP9f+hf/pz/rf/qHf9+f+e4XB9/79f7n32/1v13Nfq3X/8Wfdu/Nf3zv1/xNfrvf66/9Q//hX/zP/qX/3t/zh/0Z9f/8e/11/9kf+Hv8yr/6z/kN/qV/497/8W//S0/+1b/s1/xtD36NP/nv+bfKX+vtH/BbHvz6W3/Ib/Zrpn/ur/8v/JZ/8G/8y/7z2R/0h/2yf/lPXs63/sa/Zf8Hv+wP/JV/+eonvjr4Bc9//z/t5Heev/o9/rnv/5W/1j//5Hf7LX7LL3/qX7n+/vQP2fn0//j1/sij7/7p/9Af/d36H/9j/6nf5a/d/q1+nz/yz/3kN6Y1wD8h+7V+h4uv7pd/1p/a/nGPt/7ZxV/z2/2mX/2C/+Lv+Lt+j3/m7/ytX/29v//B7/E//Rs/9vajf+fVv/DH/tK/4bd58Hv+xX/Mo9/69/7kn87+4H87K3/dv//w11j+7f/8H/7Rq//mX64vs4d/32//a/2zf9gfX1zv/nt//f+U/5Z/zy87+u6f+A//2dN/+p/7gx7/+v/kb/bHPPgr/t4/6jf+29vf5HdI//2/+jd48Ft96+35z/wh/9Vf/Gse/3q/wZ/6n/2Bj/6wX/UH/Kv/wbu/+V/+b6p/Yvnqj/uX/6Rf8OJv+0P/zH8//fV/y//g7/mvfqI++TXv/aX7v+3s1y5/3X/hW//W8R/9Y//LX/KbF3/eX/tHvvwVf+iftfybf/M/4u/5i/6ef+u/+K3+sD9vcvTP/vWfVH/IX/MHvNv96K/6X3/L2Z/xUx/97r/Tr/Un/tEv/uff+NO/7K/5bb7zB/5jq3T+xZ/3d412z369u//c0+88/03+sp+Y//e/61/6P85Wf/Lf+ce8/rd/+2//xf/zX/1X/N1/wr/56/96/+5v/F/uPv4NZn/En51u/92/+H/+K4vv/xl/8P0/dvoP/qo/6Pf/S//87/wPP1j+QZPfrPjH/sztn/61fus/4Ok/NPvn/6tHv+9v+Xt+slf8U+d/7R//1/1Ov9F3fqf/+9f4ZX/gv3nv//q7/8Jf8c/937/G33DxfzafVn/IH/c7/I//zo/9l8e/+j/9PY/+14//jP/y/2x+j//2z/6/f43f91/83/+L7373j/89nq7+wBd/46+afH756/7vf7d8Ov7N/osH/9vly//ts/Uf9k8s/oPf+ieuv3/wp/wbf+ov/rN/y/O/67f5DZ/+i3/8//jr/G2/4C96+jv8w68/+0d+uz/9qz/5d7r3m5bJ7/cX/Ts//m+d/BF/y9XflPy+yZ/6n/0l//Pfevi7/rEHp5e/6rdt/vD/6Y/6V771G/+Z3/5D/4R/7zf+8d/oD3rz76we/vMff3z2zy3+3H/t+//59d2/+t/8G3+rv/33/Hd+tze/7b/x6i9/ffK3Nn/cP/fu7/jVD97+E7/1X1n81X/Zv/s7/lW/w2/ya/zH/8Vf8l8d/qI/+a/9ff+i3+L3/W3/leOHqz/iX/37vj36D3/wG//Kv/Lv+5f/jn/1F/5h/8pf83fPfqt/4L+q/t3f7vf9G36N5R/8n/2m3/ur/7LX3/uX/pL/8g/Z+ZN+x0//nH/7iz/g7/2J/+U3e/3n/nV/y1/y56f/yctf67/6b+7/On//f7Z/9kc+/K3/vF//z/i1/vd/9NH/8Xf8Z3/2//FX/UN/4r/3z/wFf+D/8Qd++o/90b/F37n4W8//+3/3z1z+vn/32y//iC/+m9/z+3/d//5fPvnWo/Uv+6N+1T/1t/xG3/8N/rO7s9/2r7j6d/+Uv+DlP/bb/mH//Zsf/Em/89/0x/8Gv+R3/yd/6vc9/95v/Zdt/8f/Sv75Yu8vW/x7v/mv8xv8l7/Vr/trvf67Zt/+/f7g//S3/JN+v1/zk4df/sw/Nv7+r3v85/7j/+XJf/u7pb/Zr/0X/G5vfr8/4Te6+kf/+T/hq4ff+ZX/yb+7/euM/qDf/nf+U/+ov+Hpafmn/NTD3/nf/w9+5j/5ff+kv+D6D/rr/9k//Zf+6Xcu/tC/++n//pv9t3/If/S//ba/5xe/2R9x/qdc/vI//1cmv/FHJ3/cd/7Hv+Uv+x1X/9hP/6N/63/11/+mf8U//Dv9hn/Av1H+ln/Lb/W7//K/6/gf/Tt/wz/pr90++Rd//B9O/qaHf+Vf+FduP9v65G+48xN/xK/1V/7Z/8if+u4/+3v+pL/vv/gPfsM/+l/48i9O/+PTv+WP+cP/jt/1t//W//mH/Cc768f/w/QP+W/+ov/5L/tzxr/zP/wv/8pf6+//PbZ+8/+MvMH/5d9rf59/47f/N6f/8h9553v/xPf+/S/Lnd/up/6i3/bf+B9+5vf7qb/kv7xs//fH07/8f3n46/zOp7/p3/iu+bd+l3/xsz/wF+4kv+OvPpj+gf/4f/d/PvkHy/lXf89v+/v9kf/NP/v0v/83fulH/+Dzf+cv/AN/uz/nz/6H/9v/8Q8+/c9+j9/yDz75/J9J/s8/8zd+9L/9Yf/Tf/Q33D36K3/BH/DH/x/Zr/EP/yV/Ufkf/V1f/T3Lf+vvaH7/d28nL3/mH/vJ/+U//nf+vt/0F/wz01/2F43/63/zd/69f+f0r/4z/9K/8G/84/7gP+Wn//Cd3d/z3/yD/4+/64+Z/4J/+X/+N37t/+Wv+4P+h49e/Io/+Hf8N8/+6n/1V/wjv9Uf899d/T7/7p//R/1Hv3jx2/87v9fv+Sf/Gt//hf/kb/D8+g/Z/eT3/B2/fLj75/0bf/Gv+5v8Ww/+nNk/8A/+rb/w7H/6G37Jb/rn/RFvxxffbv/LP3PyX/3xf8sv/89/vz/4V+3+sw//xY/+s9/2V/+pv/feV19+8ZeN/4Jf9Df8u3/mj//nv/2f/wuq3/8//MP/oT/9zZc//r+d/B+/zReXv87p/Kt/4df5Hf/e3/xX/hN/0+/yyX/3Z/4e/91/9gv+2L/jN/6X/rpf93/IftVf+hv9m9/5e//F3+83fvvJyb//K/6nX/MP+K1/eXa+/C//k9/zN/ynf99Pf9O/5/S/+vHf9N+Z/Irf/i/5o/+Ml//4y6M/6f/8n//TP/jXPN2q/tH/8bf5g9bt//Qn/EO/6v6fdlj8Hyd/3h/7j/4BTz/5YnZ0nP7G+3/uP/QvPP7rftXv/buUz//Qv/x/+lV/6P/6n3zx6/1xv+lvXv1l/8L2r/GX3f01nvy9v+h33foFf07z7/8b/+ToN9r+V37r3/RP+7P+rN/gP/vHf5/vfP8f+wP/w4dn/+tf8Te8qf6If+H3/Xeu/ps7f8vD3/eff/Rq+ae8vPPvvvvj/+B/9Du/YPQr/vf/+F/89b7zt/2m2S+ffPLHH/5m//Jv/DP/8S/4P3+TR9/+l36Xn0y//4t+i3/yT/6D/4zf9mf+mr/vfzr4h/7X3+FP/k1/x7+r+U1+nY//8v/9d5r+Q3/CV3/jf/r7/L6/2eeLf+9bR3/wf/B7/p1/3h+cHP09f/f+p3/o/X/sl+80v+3f84/+ob/o9/3rv/cH/JWL+6d/8i95/rfub2W/8b/w1zx6l/1Wf83f94v//D/7j/stf9ff4f/4V/+QZ7/eP/q7/nvzf/Jf/ey/+lv/wr/mn/o3/+Rf8lv9xv/7L/o7f/C7/Uv/2Se/36/9x/8GP/Zb/OYnv9/fevUb/VbT7/0Wf8bv/csP/q4/5hf8+B/wxZ//P/5Y+rv/rl+M/8M/4T9/+mf+0o/Lg1/4h/2W/9Tf8Mv+7T/8n/glf+K//wf9dX/t3/WL87/wd/1jf7tf448r/6tv/7V/yO/xx/xN57/zb/v7/Z6/yZ/3X778PX7hL/5NPv/jfrff5fd68nf8lX/3H/83PPunf6e/4Pofe/3r/V5/0J3f6tf4n/6Lv+uXZv9g9Vf/08//nH/xT/mFZ7/fb3a087v/Y7/G/3nyW37vH1n8wb/xF3/Jb/mH/eP/xf6/+x//37/G87/v81/nJ/6nvZ/+s//WP2u7+Uv+7l9Q/5f//Os/7u/4nQ8f/lp/89/++/8X//Hv9nr0m/z7P/7u7/uTvvNH/tO//d/5i/7z//M/+Lf/jeV//Ov/m+Vv8/of+iV/01/9b/xFf+Odf/l/+8d+3Z8eJ7/sn/iff71f929/8NVvlDz+P3d2/vy/8uOrZ79//Yff/UN/ov7N/p3f+N/8QfPJvae/2R/zT/6eh4/+g9/y3/wl/8rHf8Kf+Ff8ov8p3f33fsdf8N/+fc//zL/6736x/if/w1/4a/07f9/v/zf/k//C77r4A3+73/3X/w/+ySfP/u1f/H/9Fb/+7/r3HP7vf99//pf8m3/m3/e7/PZP/91/9jf5D3/FP/+bPf/8P/wn/tz//j/9Lf/j/+IP/7cOf4+Hv/n/+JP/0cHv+j/9i3/q3/LL/th//Z/66o/8s3/pn1D9qf/CH/kn/uV/zmf/2R/xF84PP/5f/tCtn/znD//H3+J3+genv8v/sv7X/vvf7E/8J36b+1ufvfwt/5o/6zf4nf7WX/jpT/zKP/T3+JP+i49+97Pij368zN599heO/sff7j/5mR/L/9vmX/5D/qXf7L/6dX7n5aL5G+79gd/9i14+/d+e/QG/+6//R//2v+O//9//i//Rv/9b/ZvLP2X/t/0Xnv6Dv/dfs7r/u/yW57/Gn/P4d/xrXv/e/+JfsfjiO//rf1md/86nf/d//Je8/td+jTb7b377f+N//3v+0F//k/9t67f+Pf+dv/tf+JN+qy9+p7/yL/hffrsffOsX3Pns4I86/ht+/X/xD/4ff5t7f/Gv+SdO8t/j0R/5Z/9dx//hn/rnfXHv9/ry/q/xDx/9uf9o81f99Gd/RH7wM9M/529888f/9P/4Fzz8P35hdfb8j/rNf6d/8Cd/2+/99f/0b/zod/5F//Of8cf/zNb/+ev/+n/45E/8dReX3/34T/n9f7f/83/58f/kO//7y3/+f/yDsr/nf/34l/+pf99v8zv9M5/+zD/3x/7Rv/Fv/lv+uY//09/3p8a/4Nf/13/73+/tr/v7/1v/+L/65fd/x//tH/3X/ob/+q/9b/7aP+O3/9693/8v+O3+/L/7l/9f/8UfefA7/lO/+v/6m3+zX+dX//5/w5/4d+z827/87/7vftXqv1/9Fr/u7/jx//lr/pd/cfNn/Qn/0cen/1D93//i//kP+/c++63/7U/+yT/uN/0bfvqv+oe++zv/rr/D3/sf/WGzf/rbJ8e/b/I7/Ueru7/unT/8r/ydvvdv/2nfOfjB//J/1X/2X/o7fn5x+Av/xN/+H/irfs9f+l//b3/1/57/vVf/0vkf8R/8pv9m8o8enH7xxT/9N/0P/8m7f+l3/u9f/i6/6Y//2O92+af9vT/5V/w6j37hH/Y//fm/7U99cvAb/UnNiz/zL/yz/ot/9l/49h/02/yOR6d/1b//K/6QX/+//Pv/iu/9h3/F/7z12/zM8q/7w/P/5Sf+5f/qD//Bzr/5+/z3H/2hf9vJX/7b/9HtP/3L0/+w+S3/3b/rz/g1f5e7v+nz1W/4l/5Bv9+v/T/+iQ/O/5r/+9f4vfd/s396/ehv+Oof+9d2fof/6R+/94Pf4b/9jf+633J996/+M/+hX/QXfe/X/49/p1/zP0j+iv/5d/5P/97JP/aP/Ql/4R/zT/3Yr/5Njv6oP3D7//41tv/2/+3j3/6f+L3/mU/P/to/+Nf9n/+oX+Nf/rf+wj/rP/jf/u9f4/wf/U/SP+Kv/Mt/zd/hL9v7O3+7i/TP/pv/w9/0X/j1tl/8zb/WH/QLfr/V//EL/ua/7f/868++9ev8qw/v/RG/x2/3Dx7/of/Xzn/0e/yJ/80//Lf/9B/2L/0D/0D9d/4d/8Cf+Qse/+//+N/55z797i/4vf75f+PTP/QP/bfnf/AX//nf93ec/Zc//Ut++cN/7Ff+V3/IX/jd3+x3+gd+2R/4O//d/+kfsfd7/Jm/0z/x56/+wb/6V/4Lf/w/8Gv+bw9+5erjX/O/+k//+7/wf/sn/6X/4p//uz//sV/jX/rss7/9fz34x/7u/+33+1uOpv9Q9i/99Pd+x3//x/+hX/v3+Uv+5V//4E/53p/z+/y6/+D6N/z9/rlPfs+//bf9C//uf+Ro93f6sX/xxZ//z/0Fj/6gv/HwzQ9+rb/7xexv/3v/jv2/cvf+H/R//cN/9q97Ov0V//hv9gf/Tr/Vr/1X/ysf/3F/2ep/Sv+0v+zdL3m2W3z11371v/x9f8Pv/ff+Nn/Mq+/+0X/tX/rR3/pfP/sP/r3f7t//D1//1ru/9as/9Z/51tFXf8N3n/1Tv/Bf/ef/0t/8D/8f/6bf4Lec/qsf/db/9m+29Yf/jr8i+yjb+VN+y+f/2F/59/8x/9uv96f8qe/+lT/lj/8z/pl/5Xd89x/8su/87n/ZP/m3/Z6/6Nf5X/6sL/6ev/NX/Jef/qo//MF/+G/9on/2T/g3f53f7rf98d/+f/zv/uy/9w9a/xX/wG/7d7z9rda/27/xndF//w+c139x/uqj4xcfvf11f9/f72/8JVv//V/7DzR/f/Jv/p+/+f/yO/w56z/yl9z95w7+zd/jN/qpf+Kf/PZf9xv/LX/dv/w7/16v/8Tv/MZ/7B/0a/wOv8lv+s//nbu/3f9+9Pv+Pr/r7/bHfVX92dv/yJ/4j/y+k1/j1//r/sI/9o/7g//5f+z3+R/+tn/1+t/+O/+K/+u3+wee/or/4/zdb/ff7b78e3/Pf+XX+QWPf1H+n/+uf8vv+C/9w3v/5x/5T/4PX/7Y37X6+3+N3/13/S9H/8Vf+b/+5U9+nf/gk/Pf+df+9f/sP+oP+i//p3/3V9R/+G/+ny7/4v/zx/7E/+zf/7X/kX/0+Df5G/++s7/jF+z867/4D/2/f41nj49+///rzzr+p/6n//vX+L1+vV/1B/6Vv3D7b373J/6Kf+F/+0f+jfu/3p2/78/6g979Zv/R/j/6X/2Lb/6V//M3e/rfXf1hv+bf/7v/x3/x3/+3vFz+xf/e/n/1K/+Iv+LR7/xf/F2/8ds//j//zf/43/2v/s3+0Ge/63c++j8//5//iOZ3++zP+Yv+q//43/htDn7/32y2+Pf/kv/o3/u//u2Lj5o/8Nf84/6kk1/+T+6+/Gf+gV/zn/3TP/pL/7D8b/kP/4P/8o/7/X+7//oX/U+/cv3dX/eX/f0vmn/8l/53eyfrf/pX/M3/e/7f/hZ/0Lv/6l/9G3/f/+iP/TX+/V9x/7f/7/+Fv/nit/gH/sXXv87v8bv8Lf/o3/S3/Rnv/tK/M/1vf/k/8/I3+eK7f9tf+mf+Wf/Bzxz8OX/Uoz/+d/07H/8BF6Nf8dX//uq3/zt+6vs/WN77sxb38n/hH/7fz77/2/wNr9vHf8y/8hf/e7/p6GqV/pb/5K/8/H/6vX/fv/4v/sOOfo1/7X+YzP/TP///+jX+rh//m2d/49mvP/6b/+xfa/HrXP4ef8Hv+7f9lv/ik7P79Z/w8sFv/gv+pNd/36/xn/4vD5/+L3/0P7H6pb/oP/yH/6CTf+T/+if/1F//D/6ttv7R//3tr/s/FG//i/Lf/Cu2k1+jmfxH//vkj/hD/+L/4w+4/+D0D//TfvCP/QO/zm//q//L//Y/+L+evf5Lfslv96/+On/O7/+P/7M/+Ed+71/5Nxz9xn/Tx7/zP/Eb/5F/5ff+3MXfdfFP/8d/xOf/1B/5X/6iP+sP+0N+efEP/LI/9B//T//a9nf9nX7hP/S3ff57/k6/3b3f+s/9Q/6Y3/h/+u3/+D/kn/8N/vsn7/7xv2/+r//Ov8nf9GPfPrz/i//38z/ob/m1vvhL/4A//R/8636b//Xhd/60//D+/T9563/4Q47/luZ/z/7h3X/711//+E/9w7/Fb/i3/SH/9b/4r/7x3/vH/rD/82/9d37f9W//D/2Sf/oP/JnvZ//9n/Pb/u+f/0df3v+rHv+G//t49J9+65/7ifLf/xfHH//zj/+oX/cnv/rqL/0XftvLrT/3J//63+G3/lv/sn/4r/r7/7xffO8P/vyv+VW/0a//6m//1//SX+cX/IG/5X/3Y3/df/sX/VN/02/wG/3i7f/xd/x3fqN/59f6N2d/7X/6H2x9+ulv9Sf/e2cvfsc/LPuH/+H/67vf+qN+h/E/+x+tmz/1X/zN//Zf/Z997+7//ul//uf8mX/hr87f/qf/0h/4cPw4+b9/jfIv/OS3yP6TP+sf+7V/2Z/w3/4v/+mnf9Kv8ct/j//xf/r3/vy//Ff+nr/yv/zd/qv/40/8s/+P3+Ff2P5fpk/+w9f//R/yl/3a//G/+INf/I/9S7/07/6ZX/K3/tP/xq/5e/9rv0v61x78M0cHv+Z/95O/4Ff8iZ/+e//x73/wb/yq3+1f+Vf+hvNP/48nL8rp9/6b3+DX/a9+p1/vAUV0/8DP/Ia/8vf5a/7BX+PX/4N+/I9/uP7sD/j3/sSLX/ngxa8++A9+8/Vf+pvu/J6/9d/9v/8B/9U/9uf+Lqef/xu/5Sd/9F/7B7/4Xcqf/nef/4b/5D/88S/O/qHfavnjF3/evb/2Z/b+k7/9P/mPf9Xf/pv+0n/z9/g33mX/16/BpvTBL/xnf7e/+r/5T36rz4/zP/3X/uP+w6O/8v/6s3/6zd/07sd//cWv/6v+rX/8D7367//9L/7tP+bpP/4b/Ob/0W89/ltmv8dv/7/d/RP+2ctvXW3/Q3/K//yb3fuZP+w//I/+9PM/9I/6M/7V3+p/+j92/qhf7y+e/V57//B/9pv+FbOLv+afWm/9L//QH/iX/omnv3zyi3/177v9f/5Oqz/y3/mP/tAnX/x2/8Vf/7f/DVf/yR+Ur37wX/wD8z/13z74j3+z//vX+PX+p4s/6L/5m//RX/v42U/8hZe/+M/7ff+I3+uL5//d3/lf/yG/0W/xx3w5+Qf+rj/lz/7X/sJ/99f/g4p/63L1H/8Lf9CTV//Rb/l7/1f/QHr0a+z+37/GP/9//V2/5eX/8Qf+vn9F8e7/+rv++a3Tf+FP/V/+vb/7D/y1/5N/9K/9D/7B+7/qj/stf9V/uf1r/4JPf82Df/yve/CLVr/s9X/45/++/+E//Hv9ZV/81ru//T/wH/y9R3/J6J/88/7qf/CX/e7/96/x6/zT/+b//Wv8kXuz/yM5vvt7Ni9+p+t/8hf+ha9/iz/5L/rs8Z/zD3zyW/zl3/pF1//yP/ab/m+/x//9b/8/yQTJkHZwAAA=" />
        <Entry handle="99" bytes="H4sIAAAAAAAEAO29B2AcSZYlJi9tynt/SvVK1+B0oQiAYBMk2JBAEOzBiM3mkuwdaUcjKasqgcplVmVdZhZAzO2dvPfee++999577733ujudTif33/8/XGZkAWz2zkrayZ4hgKrIHz9+fB8/Iv7vf+v//o9+jd/sO8/Onv0av+av+Wv8Gr8m/fdr/N//7q9x8mv8Br/er/fr/3q/7m/w6//6v/6P/dhvkPxGv9Vv/Bv9hr/hb/Tb/xa/5W/6W/3Ov8Pv8gt+59/hd/qd0t9t/HH60ejHf6ffaevBndHO7v7+/u/y8cPPDvYej+/t7wHIr/ljP/Zjv9Fv+Bv9dr/xb/zb7f2uv9Pvuvfez//9D/0av/lv8Gv+Rr/2m1/71/zo1/i1fvNf89f+zX/N//sf+zV+F8Lz1/01+fk19Pk1f61f+9f5dX+9X/83+LHkN6QGf/tv9mv8Wr/mr/1r/1q/zq/96/66v86vQ9/+Evr+1/h1fvNf97f4XXePf73f8ieyX/+jX/Rb7f3Bf/Jf/Bv8+JO/+R/+rV/9y//T73ZvUv8hP5b8Nr/tb/fb/w6/+y/8eOvOt/bvf/rg4OGjk6enzz7/9tl3Xr/56ie/+3v/Pj81neXnF/Pip5t2fXn17voHf+gf9of/EX/kH/VH/zF/yp/6p/3pf8af+Wf92X/OX/KX/mV/+V/xV/5Vf/Vf87f8rX/b3/53/J1/19/99/wj/+g/9o//E//kP/VP/zP/yr/6r/3r/8a/+W/92//Of/yf/Kf/2X/+X/yX/9V//d/8z//LL/vlv+J//ZX/26/63zGuX/PX+LV/TfNEx/Wb07h+rV/n1/m1f51fH+P6NX+tKzT4zX+dX/d33f31fovjn/j1s1/0W3609wf/Br/Vkz/5L/6b/+Ef+/F7r/6n33pS/8vJb/O77f/Hv/v/jKHxyG43sD/ka43MDsyN69/5NX6jX/vXpMn7tX/zX+P3+DV+5f++9Tfu/M9/4z/2xedn/8byb/vzHx28fPpb/fb/1m/xb3/rN/21/8rf/q//q17++UX9D/0j/8BHv9WP/4v3/qUf/zf3/+r1b/Ov/qf/2vaf89/Xv9FHx3/Xb/6vTf/Nf+dv/Df/2fPip6a7f/If95f/nb/tv/jwV/zz7e7/9sv+sT/5v/4Xp//nX/Lf/47jf/+/+4v+nj/x/L/9/f7453/NT9W/1//4+J+5/sfW/+Wf+O/94j/y//jdfnD33/0H/vH/86+9+F//vP/+f/k//uU/73//Jb/kr33xD/ze//S/0Pzz7Z/z8Z/wt//3v9Fo9e//qn/jP/2/fu9/4cHf+B/94E/8h/7Vv/pP3/8Hr+7+fW/+1j/s3/9rnv2z/9Sv/FV/xR/z7/y2f871b3HwJ+V//r/wa/yC/+Lve/uP/9+/xm9+929cv/5t/tjr3/3v//N+j2/9fRe/3ut/7y+svvMP/c+/yx93//f/Lf7pP/avfnr5j/4P/+4//o/8ps1/80v/9j/4e//x3q/48j/4q//anX/i/MXf+Hf/Xqf/3v/6B/6R/8HDP/f3Lfb/+1dPH/wxD05/4ae/6g/9u47+k7//1/oHfp+fnP0B/8w//nvXv8HBR3/nX//3Lf6T7z1988d+9+/6d/7SX+Pod/m/f40nv97f+o/lf97/8l/8Ff/9f/b7/Y73/7M/cvvNf/hn//LT3/o/+w9+4//tT/yr/73/9rf53y//hn/6F/3O/+gf9vv8HX/YbPqv/hW/5m//N/4+f+P4H/gF7e/+z977t/7R/yT7o/7E/V/rj9n6637jf+SP2fqLfq3/r/7/7/off6ufefyv/h+n7a/8q/f/jL/zb/j1/suf+Lu/92v/2p/8b5f3/61/+ade/7WPXv0Xf+jfeu+v/c5vPf1n77c/88//dcWDn/oFf+X9P/w/WfwZ9/61Nvu3/sTpm7f/0j9w91t/4m/+b+/86n/iX7v4r//uv/n/fPsvvv1vdn7F7/ydn/hz/5uf+TN+4Z/yl//ky++lf8kf88n01/hL/pgt/P/X/kv+p/Gf9+f8lX9cmf7Jf8xf8vDP+k//gX/47/pN/7nkf/9t/oHl//Qv/C3/zq//R22vf7O/98/49B/9G/+aP/kP/d/+o3/zX/4z/s2d/+B7p7/o1/4j/5ivfpM/7tFv9vYf+eend4vf9l/5J/+l2f/yJ/6tf9pP/srfnWD/M5/9QQr8/6v//7X/yaNPfu//8J//T7b+hz/jX7j823+v/HjvL/7kz/ubH/9f9//L9a94+Gv8cb/5n/z7/oN/1P/xY3/Zuz/kt3h6VrS/ydP/6S/6df7vX+PvO/w3/8Y//J+b/gZ/TfNT47/yj/1j/9nf/dWLv+wX/I1/8X/0W333L/r9/o/f7d/4i3+3f+f7P/X7fvwHnD37P/7mP/Hf+Lv+/d/r83+t/cV/6K/7f/5lf9PB//U//Ue/+g/9l/7Nv/bL3/w7f+U//MlfcPr73v+p3/93Kn/CTtNf/3//Gr/Ju3/wq//pX/tL/7u/5Vf9Gf/Yf/7X/2cPT375Lz/6T/6mb/3jf/0f/u//8r/kk9+r+Cv/pP/71/iN5r/3//Wn/9Y//mPP/tV/6+9p/rzf7c/7BX/l3/Bf/4W/zd/25/5547/47Wd/6VX+f/4n/9ef93/96f/Bv/v7/uPXb3/rf+43/Qd++5ePHvxVP57+m3/6u4v/+Pf9W8u/59/8s/6xP//0r1v8st/lV/6J1T/y9//kf/AffPJ7zf/6/+j3/JP+sb/4N//8D/j1fo2/8c/7Jz7/TX/7n/oT/49f+7/+n179Y//Mg7/xf/kffq/T3+q7v/2/91v9xOmv8f/l///W3331r/5H/3r7X/93y++2r3/XZ//rr/wFv+Kn/5b1H/hbzv/33+FP/QN/ye9U/Tvp1cP/+9f4g/6En/6L/rL/7O9+8NHyW3f/wul/+e9fnP3d//L93+e/G/+Zv8XTf+vX/512/rt/9N/615P/5nH1n/xV/8frv+bz0W/zHzz/ze48Pf/V/8O9P+8v/J/+ht/vH/hb/tQ/9w9pfvLin/w3Xv7xz/7qv/cv+kv/6r/k7/89/uO/8A/9N37m7d/zh/2uf+mv/9v8zX/Xf/QX/o9/8v/x17z9N/743+7hP/XXffZj3/2r/uLf4vf/Nf+Pz/6Jf/573/uD2n/ut/lbftP/4/qP/F9+6/9m64/9Hf7w0+Qv/Yt+7V/rzz/9mX/+B7/srx8Xv8tXf+Q/+o/8YQ//ABrLZHmbAX/o/09/0S/6jf/yv+3P/G1/i9Hqn/jL//x/6z/6NT75Z9b/4h/73S8P//G/5N/9J3+n9D/6Yu9/OP+Vv/Zf9H803/v9f5v/8T//O/+nX/HX/2XlV8uLX/U///tvLn6XP/t3+dPf/fO/+Lf/pb/Jb/lH/m1/zt/9n5z/3v/On/QX/i1/xX//7/33i196592f8mN/6O+1/ff/I1ef/1G/6b82+ft/j3/kL9j5W/7nL/7a3+6P/FOvfrv/87/7jerP/67P/vGf+ZXf+wd+43/td/tXf+Z7f8U/+zv+Zr9g/Uf/Q//DX3f5F/6X3/+9/7rf+M7x3/XJfp3t/orsJ+78vX/lv/e/f+uP2fob//yjP2vrL/ljfo1v+v//2d9X/ae/wd/3YP5v/LO/1T9//Yt+w+vxr/9P/ZV/xdn/+sv/xl//qvid/t6/+Xz6p5z907/w7/9P/5Nf8Af/n3/nf/x3/4Lf7Z//1/+K/I/91/7E/+R3+aP+z9/zb/x1/8a/6J/9rT77U3/Rf/hX/7I/+2/9q//7V3/Gv/9r/TGf/JX/02/zR/42f/9/8kf9RX/Xr/nX/8evH/8xf+Af9Wv9er/Hb3F69a/9OX/lb/vgb3n877T//tlf9fnl9/6nqz/47uPjx9+9+va/VPw1/9Df+jf9w3/aD+7+b//m333yG13+T3/Zbvrt//TlX/PXHPwa7W/1n3/1NPljfuvf8x/6Nf6A5Kd+1Z/34lvr//zq75z+N//T3/Xt7D+d/w+/MiO53f3XbjPV38T/f9Hv/1v+bcX6y9/ox/76f+nv+zvq67/89/yn7/whv+P//rv8I3/fp//AX5n+5n/oP/U3/La/7//2/b/sp//Uv/0f//P+xOyT3+lv+Uv+hyd/4L//3/9vv8OvWB38W//Kn/i3/tV/8392/tv92L/xZ/5tf+U/OP3H/tq/7n/7xX/xF3/t//aX/Dt/wB/53/0by1/4J//P/9CP/+m/y6vT9d/xD/76f9Hvc/L9/+ZfefwH/C9/8z/2W/2F/9if+n/8tf/S/l//0T/59G/+3uFv8NtsffcveDj6JWf/w9ufeTH98k/+J/6Cv/7P+7ee/y1/5d/26q/9S07/m62/5O+791/9Wrcxz+/5/1/vn/pDvv1v/yarf+gP/WP+l3/3b/xD/7G/9/7f8Df9Gh//4X/G7/Lf/Ka//G9885f8HX/pH/VXP/s//oR/c+dv/CP+8t/vP/iXf79/8p/7e/6OP339l/w3r3/v3+8X/tvTg/8V9vz73/1H/t5//W//n//AP+Xf+sf/ud/4t/vf/7gHv/z+f/UXPPqf/ph3f+rzX/YHvPx7/rhf48/6c3/1f/r3/C7/9f/4+338V/wHX/7F/+2f8St/6e/zW/7UP/fb/0n/07vHf+j//sf8yjv/xu/99/wWf+L3fpff4yf/2H/4P/nxu39r81//Md/6DQ//ruq/+4v/3r9z8S/9c3/wv/S//6Gv/81/4W9f/Pa//J/+K/6GP4RQJs54+Wvy/3/rV7/6zd/0r370y+7+Df/x33nyL/1T/9HFf/3ffvEL//0/6c89+/6f8V/9DUf/5X9S/RGLf+uv+X3/+dUf+F//cb/bf/nL/vFXf+Af++ij9d/yr/3P/83k+P/+Nf7Wn/xvf+z7/+ef0fx9579ztX/1t333N/5N//E/8Df5Z1b/9S/+bf/ef+T3+Et/h3/nb/6f/8Y/8v6v9dv8zj/56zb/x96f/0f+37/GL/jH72R/7efv/pa/9I/5Sz/78d/9V/65v/zVJ5/8Vfkf8M88O/7103/l3/j1/mOL1m/1W/wa//R//Xv+ur/1v/DTv9+j/+l/+DP+81/4r706+/Xf/GG/7Y//L//J3/Lr/+Pf/22effQb/s4vyvWd5C/8P/+cv/NP+B3+tj/9X/t9/sXRV7/d3/vwx/+ev+Tv+rt+6da76//sf/kvf9u/g0zqF//RP/F7fPT2L/tX1//83e9+/9/5Jb/8wW/323/rj/9lv+lf9d986+LJX/Zb/+e/zR/zR3z0p38+/6fvPfljnuWno3/sW3/wn3L2HyX/yd/+u/xR/+uf/C9u/wN/YvaL/prH6Z/9C37XP+pf+01+9d/07lf+E3de/+WP/oR/6eSv/anf6k//L/67y3/tu3/6P/o//3G/6i/68i/9NX+X+k/9z/7Ef/7tP/AvPf78r3z3J/xz/97v/Z2z3+93+6P/id/5N/27/vpv/cdvX333z/mX/oU/YfzHX/yzP/bTb3/i9Lf+F9o//Lf6CRrfr/n3/Im/6M0/+zf99r/q81/xXx//eb/8N7j3P8x/rR9860/7N692/ois/Fv+qv/+d/oLd//3X+v3+OtPq7/un/z0P/3d//J//e/6/f760bvf6r/7x/+5P/kvP92785f82c3v9Mf8p//Wv/pf/0assP6q//Iv+B1/758q/vNv/yW//9/3P6x+/X/tX/9d/rdv/22////+G/4+f+B/+Cv+71/jd/jLf/vP/uTxL/re3/qdP+af/79/jT/sjz39v3+Nv+hv/zP/z//71/j9/+e/9P/6LbZ/2//rD/k3fv9f+X/+gf/EX/i3/oXZL/721bM//bf+c//vX+PHfps/9v/+NY7f3v3V/9c/+J9+/n/8bj919//8df+6f/B//N//71/jj/8F/8Iv+UP/nZO/Z/+v+msu/56/48//xXf+mH/jf/8Prn+Nf+Hf+s9+o1/03/7B3/3WT7199qr4b/6QP+YvHv/df9k//Mnpp3958Tv9Uat/6l/dSn/1H/ev/h7/8Uf/8h/4X23n//ev8Qf+m//HT//dv/u/9RcWv8l/9a/8JX/rH+h/Pu/i+G//i38To/Vb/UF/yK/566e//P6r//arf/Wvy3/z7/+H3/uHf9ff8Q/5p9PXf+Lv+7v85d/54r/6Yxbbv0/dG+Jf8Xf+0funv/2jv58cqL/jv/2/7v9+/8Iv+bOP/pXf+V/+q0//gH/+P/3yN/53/7h/4G/96T/w31v837/GP3v/t/kz/9M//rf9ff71P/WLv+lP+X3y/Pzf/8//49/z1/7sy9/jL//u3/RXv/1f/t7f8r//r7//+Z/9/V/15//Ov9VP/D6/wx/+W/1hf/iv86f+QQ9/YYh78Vf9nX/L7/7P7P77f077k1VAtGf/19a/NP3tf8nkH/sD/901zcjfeHH0z/1+/8bv8s/98T/9yZ/59/5vf+R//Mf+nn/gfzL5hT/+t2398//n7vf+91/y3/3Un/HnV7/4N8h+63/s7Ue//m938OM/vv+ff2f13T/lb/qLf+rP+w9Hsz939C9//p3/cn33d/rfrn6v+k/9b3b/vj/0r3nyG/7Jv+oXfec3+9P+/b/kb3j4r/1hv/V/8d+1b7776/2Hv83/cfTX/8HVX/U3/Yrf/ONf8YO/vfiff49/9LvPf+v/4i/49/6CX3b6T/7Xf86//h9/8pf/0p+c/M1/1uV//y/8Cf/MH/M3XvyS4q/63h/93/0PH/0FP/5//KK/KfvJT369P+fy4knx1/5Ff8kfc0fY7C/5i/6ev+/v+Jv/sH/+6hf9Vr/5n/A3/viv+7v89T/2+z/9hf/Kv/6n/su/75//H/5jf+Jv9O/s/sQP/tU/+f/+NR5Pt//3/+mTz/6v0bz4p/6Wf+2P+hX/y5/2m/6fyd/z2/w2f+u/M/ov/4y9P+zqzzn8Zz75w/7Y/+Rf/CP/vP/4L/4H/8R//y95/X/8Wf/G3/9n/ok/c/9nfs8vXh38W//rn/Vb/Z9f/lZ/+R/x1//O/8k/+Tt9/8cW++2f9vqjP+fOf/L7/K5/8u/2x/89e7/TH/q//av/7a/9F93GiuP/n/zTR5/8b9d/wN/1R37v7/ijfp0/61dd/Y6f/8//a/WP/aL/7bt//b/+2esv/s5//Zf/0+TjtffG/+p/89lv8Ct/63/5j/gb/qt/7fV//a/9F//4v/TVf32w/q+uf+U/8if+5j+2+Mv+pb/hd/mVf/J/8Xv9zF/w1/4fv9f/9gv+wN/y9/tzf//D/+Df+m9+v9/gf378i/+uP+ff/8f+5G8f/Xd/7H/7yx//ob/fr/hL/5s/6e1PffF3/MXL5nf6p/+8P7D9lb/+f1V/8lfu/CV/2p/+ey9+/M/c/hv+ve//9v/HT/wff+y/9hOn1//kXyEm9Pf5pT/+9/+SB//oD/74/+zz3+L01977XZ79k7/LX3/wj//Tf9Xf8Jf9M9/ZrX/Jb/K7/BP/4W/+H/wz/8n3757mv+z1f/5n/Je//b/zS37b//A/+Lv/wl/n3/6vjz76N/6LP/A3/w8f/52//q+39Z//SX/iwa/8Z3/xL/on//5fNPszfrc/5ezxn1L8mul/tnr7X//Ff9gfd+fg+N/+lf/Nz/x1//Pf+ld/9eav+hv+zBd/5L/6d/xg8Sf8+b/d73X47fQn/p393/Anv/0b/Qbpb/aLf4f/6Oi3fffH/Lc/+a/+D+XdvJj9bf/O9E/+E37vv/i/+yWrz//b3+8P/v0/+/3+vL/6X/tFf8Z/+a9m/80/8dffP/jkFzb/+3/4h+5/v/73/43vHfzHf96f+Ge8e/PJnf/j0f91/z/6wZ//h/09v99f2Ux/j//9n/rdtr78Gw7/r8/e/tf/zP/0N/7R/+t/++v/8Rf5b/fL/pI/4eRXTf/37/6lf8ZP/ql/7l/xH/wZj/++f+cP+61+62//9cvJf/UPfPyv//IfO/m9v//3/JN/3p/1vf/i2f/+x/yvX/4G7/6Tf/Ef+6//s0d/7C85/m23f5N32X/zV/7v3/2D//U/9jf8r3/5v/tfVdt/3l/2L/1d6x//d/7e//ng4Ce/+Hf+lf/h+t96vvjOb/GdX/knTv/r//1bf/8f/u/8/v/1//pv/qL/85/+T3+fX/8/ufeTn/wXf87f+rce/dX7//q/9BOnv9Uf8fpfv/97ffE7vvgz/vf/9Sd+p90/7k/99/6Cf+gHf87/9D/+Vu/+21f/82/1N/4Wf+/3fu+L3/DX+l3+vt/j3/nsX/yvf+oP/K3+9v/67t/+P/53f9e/93/+Of/cb/zPPNr/w2Z/4T/0m/0ej/6jv/Y//If+gP/0t/vWn/pT/+A/9Kv+vX/yd7zzz/8rf+jf8vv/0f/q//ab/p5/7D/2C373P+E3/NP//UXy2//lv///+Gv+Q7/Ln/1b/49/0vf+0bfJP/rrnP1W39n5q/6YX+N3+cOvf49/+F/79V/967/L3/WH/xr/x9n//Wskv+Kf+Y//uf/mwff+zL/k8H/5a37RH/+bLP+6v/Sv+a9/m0f//J/77/yH3/vL/qp/9Nf4k/+ZX/2H/lv/5r/w9/zxf93//gv+7uan/5ZHv9fbex/9U3/lr/+H/sO/y7/wD/xZf+Nf+H/9rumXv9NP/55X+e/x5/wx/+a3/tz/8k/7Bf/G7j//X/8N3/7Xvvfvrf7nP+Fv/Ot+n3/3v/p7/oS//D//t//pb/11f+ev+0t/yV/wx33+E9//B/+Ev/4P+J/+x3/0vyrbP/03/3e/2Pvd/oS/f/bbffy7/cp/4dd993/+4J/8g/+G9H+++sPHf9/Dv+a3acrf9p/9mf/jH/49/rA/cf3j/8tHf8///OZfH//Un/z7/TdXb3/Fwf/0p3//9/vpV7/0l/3kl7/88V/w9/zfv8Yf8We+/t7/9q/8Owf/9L/96NG3/4G/lILnnU9+6n/8j3+Tv+5P/ZMv/sCL0e/zH/0zv8/v+L/8Gv/m7/Mf/YO/xsd/xN/wO/zv/8P67/r7P/nbL3/TP2PnB//pZ1/8dn9e/mM/8ae8+JXHf/g/9J/8+E9t/7W/27/w7/wxn/we3/vXP/qX/7Zf/Nf+qu/8J7/dP/sz/+Qf86t++d/w3/2Jf9nyn/nPf//f/H/7C7/8n/75P/MvvPzP//LqV7z8+D9o/s9f/+//RT/5+338b/59T//6y//5r//L/4z/8U//rf7TP+H/+JW/x3/5W/+XV3/BJ3/Pv77+9v94/9Nf/Xx28c/+fp/+Z//r//HrXv05X/x7f+bLn/oP/r0n/+uf8/tmf8izf/+3+83/1b/oX3z+X/w9/032f/75v/A/+C9/w7/hv3nxT/9X7e/w2/wN23/Z/K/4U97+aX/Al//Mn/0HNP/mr/X3HP7i/+1/+PzP/s//tk/+hF/nj/1Df9V3f+wX/LVV9emvLq9Pf9nf/kf+M5//q/f/5Z/63/6MX/u/+CV//Y//Eb/br/PH/cb/7t//yT/3l/8+X37+d/9rf87v9Ut+40/++3z0+p/79G/553+z8vCf/Kd/lz/8e3/H3/O3/uuLp//GP55/+Tf8Bkf/1x/xd33vT/wd/ulfdPW7/Q71P/HH/DW7f9dvNvs/3/2fbw8//9f/9j9++6/4u/7k3/Cv+yf/rtHf9xf84Opv+BXf+b/+i3/l97s4/Mf+7b96e/J//LG/4Bf+Pf/a3/bv/0T1n/5tf8HWv/435S9++y//pfXv/9evf7/f+X9++mf+SR/99Px3vfon/8zxb/D7/Pp/41+++nP+xz/6b0jf/cX/wd/5i/70//x7v/vv85u8+D1+o//0L/zOX539J2d/w5/zS/b+g9/1f33yn/53/8jJX/i7XfwVv2T3//hrf5//+Hf7j//53/qv/mP+8Wf3/vZ/sfr1f/yjP+Y/+pm7/8mf/Zf863/q6b/2W3x19nv9br/px1/9yT/4J/+C//R3+kO//yt+0e/z1/+L39l79d3TX/zf/o6L7/wz3zv8p/6wv+N/+eMe/RbPrv/F6i/P/sB/5B/8n/7O//PX+vH/+9f4B//E//vX+Me/+3ud/r4//S8k//LiN3/05r/4H7f+yv/l8e/yn/wuf8R//D/9X3/XH/Ev3B3/M//5r/3sL/pTfqs/4beb/V9/4B9f/9b/41/4m/3yL//7vzD5F6a/77/3U//X//V7vP4T/77fY/R/Pfn7fpN/4I/9NX//f+df/u6/P/+ZfyE7+bf+jct/+7/5rf+9/+PB3/Qv3//F/+2f/3t89bf8Cdd/zB+dnp//+n/i33fw4//W/7X+R7/6P3/b13/qs39jcf83+KP//V/nD/6jfpd/7O//J/+TvU9+8D81f8V/+tueN//xf/nbffXqT/l7jv6gf+X/2P5L5n/ns//yy7/p27/wWy//psvHv+Df+wt/+t/6q/76v+HH/96//Y/5T36b3/i3+qt+52//D7/BP/VXv/3PL+6c/Qcv/rtf/Rs82/3JP+RvefjPn/xDf8Hv/K/9D/nf/Xf9zf/n//HX/T7/2e/z2/0Wv+QH/+af9+6//Id2313+y+vf+aj4Bf/S3/X52er3+bH/qn70x/yvf81/9H+Nfv/f/R/8w//Tv/Vf/B/H57/dL/hn/+n/8xf9qn9z+Zv+5t/7d/6JO//+7/Tb/Xf3f5fpnb/rL/vVf8FP/EXzB3/BR//av/LP/PPXP9783b/6r/oH/oq//w/84n/L/uP/duu3Xv7Ff8r/+vv+zL/443/6b/+//tq/3V/7u/ym/8ej/d/lN/kn/pe/4u74D/ozXn2e/oHJ//Vr/4pf+Pf8M3/f+aP6z/3jH8z+qH/4D7jzj/w5f/rp5a/+5b/5m4/+8J/4g369X+Ov++Nf/yP/zvhvb//OR3/8H/Ll3l/0e/7j/9bP/EV/6p/wm/7df/0f88m/+Mf957/tu7/3F/xpf/Fv/9eeff8XTP/nX/sf+cEv+BP/44u/92/6V/+VH/vH/qq/+B/9m/+jv+AHf87/8tO/8vf4Y37//+V3J0X2/f/0/1r/x3/6L3/Y/uffevCn/gN/5T9//if9cZ/8O9/6d37dyz/wN/wH/7PLP/T/+rv+6f/jr/3j/oZ/8T+++j/+hH/pD/w3f/vf40+v/pj/69f5P3/7f/4P+78ef/YT/8Of9hOnP/NX/6+/1t4f+eSv2/vL/oA/5r/4v3+N//j3/9++93/9wb/5//1r/If/5P/9a/wnf+1f/pf8Dfc//k3/8L/t6X/9j/yBv8OX/9qv+m//yZ9a/xV/+n/y3/6zh7/d00//5z/qf/2Lfrf/dOsv+xW/8v6/8G/+Pv/zJ//X5//s//1r/MrJ//1r/Mtvf98//5e8+J3/zmfb/+vn/9R/8uqrv+LPvPpVf/gv+XX/sp/+O35w9w/a/2f/3X/76eqfvPht//U/4V/+g3795vc/+jf/snev7vzM27/q3zq+/Ct/9cfP/s4//mf+gn/l4Lf7L/+b4//j1//7m+l//Vf/ww/Lv/3iJ7//1T+yOP3F/+LTxS/5Y/+xo6Pf/+i/uPpX2s//71/ju8n//Wv8dX/2L/mSPNA/cfkrLn+PP/zod/r23/E3/32X/9ev+rN+7f/9N/ru8td4Scsk/9Cv9Wf8fd/9Y/+qv+0P/c+//yf/D6Pf+cFff/rP/ep/8L89+cd+pvqPfvP/+O9d/4N/859z9tf92X/Io3/6j/+X/9R/9U/+1777G//+T979r7/7n/sP/w5/0Y8fTn+To7/4D/4b/4L/9t/9Z//bf+av/+RfbP/F33DvL07uL37j3/LZH/En//W//3919deus8On/+lf9X/9tr/gD7v6rf/Ho9/yf/7sH/xj9v/i5rf7zf/F3/7fffz7/Oq//r//737xd/+Ff/3f/j92/7W/4J/8x/+nf/d/+OiTv23+5/3iP+jbv8ef9X8W0//pX/6rv/jnl3/knzn5y7/z1/yhv/S//exfoTzLn3f05239JX/2J7/q5d/351/+1dU/8wcd/Im/07tf9TNH/+SX/+o/8nv9Vb/5n3H+n2e//l/xS77826//jT90+2/8o3/mxR/5j/8Of94/8L1f6+TwP7p3+fv+8p/4ff/PX/Hv/Z2/8pf9+//cP/6X/TlP/rsv/+qHf82v+OX/2uoX/eVf/hmPHvybf/X/8qf/z3/rX/vdP+en/vH2v/old//K+d/zk3/2b/HX/+F//N/3yZ/w2/9ms//rsy/m3/3TfuZb//Pv/O/9mX/L/M/c+9v+pF/17NsPfqc/7cd/+5/47//Q//27f+2/+Yf+0X/5t776nc7/h1/y2/w2f9snr179IX/nn/yn/jXvLp79Gx/N/r6/6Q//o3+X//a3fvJ3/crf6OHf+Ov9z0d/2P/1O/+bf+W/+m//sX/Jf/yXNP/Ht3/wu/zX/9t3/+Vf8Z/9Hr/d4h/5b/6exT/0O/19v9Ef9n/+jqSTntz/N/+Mf+NP+Wv/u3/3X/7zfp+//Dd49Pv9y9s/8Y/81z/4D/7yv+Rf+IX/6v/wn/3Bf+s/9fp/+Tv/tfb+f/sP/Cb/2x/96/29H/3eP/2tP+NX/vf/yN7/+U9/+Xf+xf/r3/hb/pU//rfVoz/qH//+i6/+4H/41/v7f99nv82fv/5r/s2/+z/L/uY/feuzX/Dn/4l/9fyvq5Kf/uv/+neTf+J/P/mzf7/P/pbf5Sdf/yF/4O737v+ye3/sH/fn/f4n/81//Lsf/NXbfxZFir/7r4tA8Yb//3a/9M7/9M//jX/03/ZX/B1/7o89yv+iP/d3+kv/wD/4f/z9fp//+C/8zX7/d7/l7//n/l7/+m/+h//Fv+Rv/fzfzP67//a//Sf/i0/+3f/2D/vf/uz/+M/6FZ/99r/i936z/e//Of/D9P/83371H/rL/9tf9W/+0t/ib/m/ft0v//D/6zf6ZX/z3/a7/M//dbH1f239D7/rn3P4R72af3/2x/9Def7w1/kFv/x//5+//DXf/dd/28Pf9ot/7c//c180/8vv8frHfo9fvf2Ln977/BclX/yGf92f/Hf9Rn/DX5n+of/eT/52f97+X/Wdf3H5x/2HvyHF2L/TP/tL/6pf8lv9xO/7X7786rOf/IfXX/zC/+Ef/xf+9b/rj/5L/8W/4vOf+rtP9/+dqyfF/fOf+af/6v/66s85/eV/xtXf9Le9+ov/id+A8uX/3leP/vcf/LIXf8u/9uP/9i8uft1/5E/4Q37vf3T6y/6al/9bc/w3VUfb43/mF/5+V3/Wn/mf/x9ffud/nf6549//B4/+gt/qb7n65/+Hf/bkT/rfXv9Fv+9//b9+96f+9H9t8Zv/Pf/O3/zJb/Rb/KF/3v/1u/1ff/p/9bf/yc1/8uf/ev/iR7/k9/vnv/1//eZbH/8vv/Wfffcfq37Df+wP/M9+/B/8P/+pP+v//jW+88v+m7/mX/8v/st/5lf8L589Gv8Rv+DP+Sv/ub/tlz36a/7nu3/s7/K/PCCZ/v3+6v/j3/l7/4r/7S/9j//0//qzf/SXpPf/i1/6+N8s/76Tv/Ev/8//4D/pH0nf/Kp/s/inPv4/3v6Nd//in/yt/+6//Lf50/+E0T/7m3+nfZj9bv/+v/D7kQC1v+qX/Ve//6/1z5z/T8/+tH/sl/+x1X/2j/2B3/mv/to/63/7xf/3r/HRL/wz/6//9v/+Nf6rf+Jv+Av+ge/8g/9z/t/837/Gvf/ub/offnn2X/2DKa0R/Pj0v/gHf/Nv/yv/25/5+upX/xP/zXNSgc/+1k/+mv/tD//L/gFSeH/Ft54++Pxf/OP+14f/ze/xa/85//nb/3b+T3/nz/up/+5n8nd/17/+p/3+zb/6S3+T//vX+Cf/17/2//41ft//9P9a/H5/++939j+1//ev8Vf+N3/pP/in/y6/7P5/u/5lv+pP/NX/2D/w+//Jv/zPvvjVf9sv/QP/rO/+Qf8HRc5/8n/58n//K/+vP+iT//Cv/Yd+6Ue/0//2X/4E/1X+tf/bv/iv/h9/XPMH/kd/4+//L/95f/vV7/9j/1n+P7d/1NF/++/8A3/gr/W3/yP/5l/xf6T/6u/8N1Z/+7Pf99kflZ78N2f/9P/xN/0ej37FL/pbvvOH/Q3v/rff4O+e/Pj03/ir/pI/5lc1/+3v+ef9Rn/Bn/4f/wd3/uff9+h3+/v+9Y++eHLw33/0ye/0E2e/cvYb/JO/x1/46/9Pv/V//Rcc/et/4bP/6ff7S3/Rj3109eUvHK3/vf+y+l1+z7P/45P/4nvv/s7f6C/8Z/+Nv/dvav/uv/+/aCYf59O/4m/5B//Wf/X3/tv/sJ/497//d/4ff9uf8Xv8+3/lv/zlq8++/K3/jfmDH/wZf+nv8SeP/vmP/pb//F/4V/6Zz//Nv+LRL/8bP/sj/pODX++3/q3+rt/+1//bf/AX/qN/7L/1Ny4+/k3+m+VP1P/M57/bL/pD/5z/6p/8hX/V3/vjf8wf8l/8VX/q+b/+9/2i3/Anf5OPit9s8dWdf+Q3+fd+8G9+9kt+7V/1x/wTz/6te3/v3/1P/vR/81f+IRd/151f6y/+O2f/we/z+U9+/Ff8kr82+Z9/5u/+fX67//zv/dXf/Wf+ze/c+fQH935qnv8jf9Pv+y/8NX/Vb/YX/Nq/7n/2J/7gl/7Vf/X3f92/80/859Z/xx//d+wX/8Rv+Qf9gb/lP//wDzn9M776J3793+0XJ//x//Ar/te/4H/7p/6qv+zX+6f+w1929xf8k3/Mf//P/lX/7G/9+/zzh//EZ//3r/HrrH7yr/qv/9E/ffv3n/zz/92//D/8XS9f/Fb/+cP/6jD5E7/9r/3kP/vy7/yT/pb8z2/+1D/oN3n3u/3vP/n07/wr3vyzf+e/+L9P/+s3f/T4/7j6G//a//xXlv/Cb/Cv/n1/w7/4/X9t+VP/4T/25/zSv+KPuP+3/APzv3y0d/ntv+zXevZLPv9dTn6/v/3X+Uue/gv16c+Qkb2e/Ru/xX/4e/09f+w//7f+bR99d/Rf1rP/9D//Pf6o//Tf+fv/0S/+3j/8T/n3nv27f+m7f+2Ti4f/6cH/8Ye/e/d3fav+/f/Nv/h/yP7C/d/nr6V088O/6w/7tX6DH09/xW/9y/7OP/aXv/6L/rc/43/458a/6/Z/cfJ//af17zH+C//wX/Jb/35X//P06a/+/f7k3+Sv/y3+r//lX/47zv6E/+o//I/+wD/7b/g//p6/82/96/+Z//Xiz/+z/6X/9U+7/jP+53/z//gXfydi+v/qX/yzPvtr/+Pf7+/8X//7X/OX/9vfu/f7fPrbfvb84k/+Vb/Tn/jP/L3/zq/6H/+h//0//F9/lz9m+6+8/Hd/nb/yn/5z/9W3V//Hb/Kb/se//5Pv/vP/xW/1S/78t3/9X/BX/mv53/5//vW/1V/wP/+r/8cf8vf9Db/8D/xHLv7n7xz+xC/7t4p/8A/8l/77h7/Hn/sH/JJf9+qX3vk3nv3h//E/+/f+d3/wR3/Fv/VH/rV/wa//v/1fv/W/+H/s/Ms/9U/+nr/kO6tf+q/+0n/3f/nBf/c7/x5HX/4n31r937/G3/NXfuvfvzyd/B6/+Cf3f7D8P3+b//CP/vd+OWH5x/0PydZf8gcd/IOB0/M//IG/1T/4n33nT/2//t5/8v/4b//RT/6r+h/8j37mX/xz/vl/8D84+vYnf+v/9v3/+9f48b/td/kV/8SX//nvm/u+0F/5W/8fP/a/3/tTf+z/ePeDv/Tfp7TFr3r93yHD/Jv+Ov/bn05v/Of/96/xq//mP/C/+tv/hhd/z7/4R//+/8vR7/9//xp/72/7f/2xP/Wf/bf/zf/0H/7Df+Rf8n/8iX/CP/4H/oJf+jf+suR//Rf/8N/mj/1N/7D/4D/9XR7/yt/o7H/9NX7N/+NP/C9/v49/v1/2P/2L/9fTX/zlr/zP/u9f41/64+v/4k/4144uzl/9jX/UP/gn/5tkaH7ZP/mv/Fm/4FOS+7s/+X//Gn/Dr/+r/phf9R/8A3/U//x3/h9/9A/+zv9z9Xv8c9/9F37F/5j//v/In/lX/7J/+5/8nymo/sOX/9voP/0nfvDi9/gv/+O3yd/5M7894fdn/Knk5/yG3/8V/+AfeffZ9d/2e/yxv8ubX/JbE0/807/L+W/1x/3F//Kf/vfs/MN/+V/yBx39ov/5wR/5P/x9n/11Xy4eP/9d/4Pne9P/fP3f/6G/97/+K37jf/6v//v/s2ef/FUf/QX3/vXf7ff8R/+X+3/+7/KH/22/weyXvf78b/6NHv7Tf/iLT/7tv/LP+ct/xxeP/oLf+fmf/3f/fr/Fv/TL/sY//Hf4df/pf+0/+zfO/+g/5d//8d1/7Pee/uJf8Jf94l/zL/wX/v76b/kfHh//JcV/Ovvf//w/7/Ddv/1f/A2f/8e/T/MzJ//T3/e7/Yn//f0/8Ff++PT//OSP+Hv/2j/6L/w9Pjn8r7518FO/9J//53/Jf/kTv99X//Of+H+e/6m/nMaQ/w1//D+w9S77we/74j/89m+8+j1+s//j9V/xv/3p/91v8hfkH/0av/r/+Mf+3X/zt/u/vvoHfv3f9Cd/6//0zulf/n//Gr/Gf/lP/ifzf/E33fonzv7+3+PeHwWm/U3/vM/+3v/46V/+f6T/1B/4n//5/+wf/MvT3+W//f4/v/r9f+wP/M+++gv/r3+AsqrHP/U/vv3P/+a/8J/8M//qX/Fv3f2V735AJvz3/SdfUi7i17jp/6+//1v83v/Ow99qb+d3/dP+uD/kszv/2stf/4989yv/4d//f/oT/r3f8L8d/fmPzv+h1//GL/y//sd/9V/5K/63P/A/bf6SF/v//rOT//PP/11/1e/0y/6zv/P//jV+i1/8b/6V/9s/+eJ3+Cv/sF/xOy7+7uw3/5N/j//g9/+z/sBv/ap/5e//P0Z/xvgP/cO/v/g/f99f9c/9vr/fb/qb/ZW/19P/+9f4K/7Ev3r6J//CP372x//r//If8dWf9p/95v9d8a//x0e/4f/8z/+Lf+Tyt/g3/us/Z7H77/5Gf9h/9o//D//gf/z7/Ze/0b/87z35U5/8x//pn3zyyZ1/inKz/9l/svpb/uJPPvt7/4J/4bf8bX+jp8u/87/5I//17e9+92/+l8s/53/4v9Z/xO/+H138tb/L73n45/wd/8Pf/E/8C//Zr/vy7OO/6W/8C37m+//J2f9x9tf/XoeHv+Hv/W/99X/f9X/83X/zv/nBn/PX/YLf+j/5+OJv+ff+uOV29hev/9pf/Dt/+vf+z7/f//Wf/znbv+C3/tv/yL/ozzj+e07+z1//v/197/+vf/1f9dN19ff//X/Bf/Rf/h5/X/35f/7mv37z2/wBf+mf8uLX/SW/8eizb/1e/97n//y//o/963/d//mrft//8e/7Lf+n/+nt3/HX/tU/XZ/91n/u7/Lv/xN/3v6f9T/+Bf/I37/3L/7D/8Av+Jtf/q7/yuKP/l3+8Y/+x9/jz/7ni//6f/2js7/i3/2pZ7/Gtydvfrv/9bf7a+//sn/9f15/65/+e/+rXzL+HX/d7/xpv8Xf/h/Wf03xd+z+cb/7n/73/In/6+Qn/s9P/ol/4Fv/+O/0+43++Onp6a/+1u+09Q/9N//6f/8r/pM/8Lf5Pf6z5Z/4f/39r3/V3774M/6O//a//bf+0f2z7Jf/D3/Cb0G+wF98NP/ff+3/+H/8P/6oP+f3/9V/4//9a/ylv8Pf84P/4ugX/N+/xj/1RxNbUf7kf9/9a//Kv/FP/cf+wN+BRPron/2N/4/f7gd3/ylSCv/Yv/WP/M+//x+x/ff9xF/+5xZf/pmPfuZf+uJP/Lv+w//oF/+bf8h/+zv87v/XH/4z/8bf+T/tL4/+2/V3f8Ff9Ct/6//hl370P/8Vf/5//Kt+3b/h3/x7/8GfKf+OP/LP+C//il/ye/z5f8Dv91//A+P/+Y//G//0X1Jlf8Xv83v8rr/7l3s/8at++e/xJ/+N3/11f+ov/+1+9f9+/Cv/z9/0d/mdn/zp17/4z/nnL//PF6//49/vL/+d/8w/5vf7D76bjP/j3b/hD/z7fpPP/5f7//2//p+//j/Sv+B3Oxv97X/S8rf9C/+Cj/7Qo3/stzj96X/n3/o/Pv9b/rgnd3/5v/un/8Qf9K/+Fl/+l3/bb/m//Wv/yb/+rV/2v/5p/8U/8IPf+g9d/03/0/+6Tv+vn/rzf/UOLbf8ur/27/YX/Ou/7I/8Y+7/Ov/64y//qv/g2dXp7/bP/03/+1/1H/0u/9R3/8rf/3/7xf/kD/6937j6JX/d7/3v/rv/4G/yZ/yq3/4X/JHJj/3v53/uX/4zv9u/uv3nz/615X/+9/74X7j9+Z/xD/6LH/+y3/r3PvuX/9Hf7/Wf/u/+d6PZJ5P//jd49k9fPf5X/9H/4Hf81x6f/dK/43/9Rb/L6Hf5D57/o//5H/eL/8L/+vf7v3+Nv+S//m3+nd/mT//1/sL53/Un/K7/7C/46/79f+tX/zl/cz59+1d+b/tv//P/vtWTv/+3uP8P/bW/9T//x/4Tv9dv9t//LY9W77b+43/9V/6ppOL/rn/hP/0X/69Pfr/f/W/40/+Kv/af/c//2t/3z/j3/4L/+Lf7Tf/1P/zdoz9j9r/8Sfkf/V/+q//t7/cf/s9/zr/9X/xP//mf9xf9H3/zi9/rF/0LvwFl+f+X73/ye/5r93/jo+/9s7/3b/jX3PlVX/0Dk8/+SFLdX/3g3bM/bfyL/pP7f/of0/w7v9tv8tf+jr/tr/vs9/2d/pBf/J/8nf/Hb//X/IHnP/2//E3Xv9Xf9vQPOvj3fqv/7E/8p36H//LP+ps/u/yb/vs/rvlz/oT9P+/b/8vT3/E/+3X+s1/wh/y9+W99cPC3/tH//uE/9r//Wv/oq1/2y1/++G/+2//Yv/O9v+IX/6G/3y/6q9/9A//S7//7/kbf+ef+sj/4D/6HP/pT/5F/599e3N//9779x3/8z+z92G/6J5783tV/fPbX/25/75/yf/6v/2jyt/5af/wve/CX/8z//o/+S6//tN3v/qvV7/Hiv/z+d/7VP++j//iX/cJ/4/6fff93/p1/t7/9n5v/K7/Vn938i8//xH/0r6//7r/23/hT/7Kf/s3/+/oP+/P+rvNf/7/9r//3N3ufl5P/4G/9m+p/6996/Xf+DW//3X/01R/xOxz9C8k/83//Gv/mL/8XHj784t//0/+eP+/VH/CHfu/Tf+fX/bf/jt/rn85+0fJX/YZ/wm//J/4B3/rj//W//Z//4/76t+vf8dk//af+zb/6d/iv/8sv/u1f/5Pf6/Vf8j/9WXf3/tHf+p96/a2dP/BP+z/+vt/yn/4f/5W//zf9R/+eP+4f/Hf+jL/j9/yt/4R/+Q/Zu/hFn/0mzf9w7/f78j/+Vf/O9nd+91erf+iP+N9/s+b7/8QfP736bf+oxfrX/OR3/8v/tT/qT/4bVr//8rd+99+9/Rf+yZ/4X//YP/DeX/ub/sI/52/+7385pdz/yL/ot/79/vd/YfvJP/Kf/Au/6M/6K//4vzT775596x//rf7Vv/Xv+S3P/tp7/8VnL/6R799983f/zX/e5Nu/29Yv+T9/0//k4V/zp//Xv/9v87d9+Qv/93/39/mjf+nZP/mn7/4u/+Gv/Yf+b3/C75H8sp/63/+6z776yT/nz/6f/7c/Z/zHf/fX+Bv/ov/jN6RFx+W7n/p3vlv+i7/B/3L+K/69v////jV+8z/09z/67tv/6b/8x/7l+e/wx/9r363+jn/l3e/15/0Ff8If9Cf/qj/uT/xn/qZ/8l/6X/+2v+3f/51/+8vf9Sf++ou/9dEf+Dv/sx//Uf/H9/6Kd7/fv/8n/GPZ9j/8u/wj3/4X/6u/+/f443/wdOefrH6d1T/2F0//+Cd/zZ/wD60++Rf/gd/x3/69/qr/4Kd/v62/77f/M/6HZ9/+W//t5k/9E/+lX/pb/1d/+n86+Qu3/6q/8W/9Vb/is3/vo/q/+Ov+r3/zP/+XSG/8Z4fwJX6Tu//Jn/l//NGv/sB/893//Wv8+e/yX/wX/uN3f9Vv8ZeRxf+f/+9f49H/9M/877/T3/i//S73/ou/tfqVf+Kfkvx3/9dv+wf+U//9r/9//qI/9Vd997f//l/4j/yPv+p3/ouo5d4f+K3/+h//A3+tX/rH/Wf/yB/4C37BX/Urv7P1l/wDb371r/GX/DFbv/Y/fPS7/4H/1K/6A/+v/+73/9+33/6pf8Pf+p989//4E//M//vX+B/+cRK6f+PvfvS//30P/ieKZ378P/2bf/9/8i/8a/+Pf+Tv/y//47/y//ij/te/8H/8p//vX+Mv/h3+p5/+lX/hH/EX/i8//u/8gf/gx//XH/b2T93/vxJat7z3d279X4e/nNyLv4Fs63/5L/5lO49pme6j34+o/Pv+pr/st/5lf/8v+c3/0+pX/Ra/ovrf/6M/8M/6G//8//Y/+Gf+wT/87uv/8m/9E/+Tf/Jf/RXJv/8/Xfwff8JPffl//sx29pP/4x/6e/xn9b/yB/63//Hbf+Dv/J/+8//qX/z0j/yfp//Nn/iXIBz58f/uH/mL/r6/7+/8m/72P+W/+R9mf8Rv8E/8Pv/ef5T8BX/fg//kwR/9n/8b9//u0e/6J/2xv+Ozrd/qF/zO/+RP/h7/1B/4K/7bv/I3/CPX/+U/+6/+1f/sH/uPjz47Wv79v/Hf/wf+J//cH/4f/Ma/yb//1a//u8z/vNlfuPr7/8Hf5Z/5u37jz3//f/1vP/+Fv/rlX/AH/IF/+F/4G/6q3+STR3/M//47/N4//ebP/Hv+xD/7r/9j/vrf51f/LzSsv/F/+u4f8rv9z0//xF/0i378OPstFxe//9/33/9Xf/f/tf5v/tejX+9/+i/+gr/o87/8H/3x3/Q//bOu/7D/q/0HfoO/5ff6XX69//pP/qt+jb/vo5/8ldu/7A/8qf/qk3/0H/9P/psXf+nZv/3j/9XOu0dv/uu/4l//d7/1+V/+X//Pv9Hn0/IP/T//rD/tD/zOL/td/th/6R//jf6c7/7pv8UvfPpn/zt/0cX/8G/+df/mn/4z0//71/h9/rL/83f7v3+Nf3v+D336P//m/+Bf+J/99n/cq3/0O//s3/lfXC9+q5/4/b/9M3/3f9/xV/6Q/+33IrL/df/3r/Erfvl/+L8n/+Yv/v23/7j/6/Hf/+Xf8A+RE/qPgr3+i0d/CLHXr3WL/yc/9fc8/nO2//dn3778O/+kO7/z8b/z9r/4qf/9T//XHu39gj9u5+1/8Tv+W1/8/f/nP/br/AH/5Ce/8OiP/K3/u//87tnfePKP/AvTv+53/2+Of7+/9X/6S/+xL/b3/qur3/RP/S1+1d9BXuzV77H3f/32/+J/+ft98b1f8Fv/a//3r/G3PP4ye/e93+Bv+cP/1P/zX/2H/8/f+Ae/3d/zrb/+41/w9/+mh7/+7/Mv/3V/+b/6N/7F/+Mv+Naf/J/8T3/FX/M//5//8duP/5e/8c/9b//rX/3fvvkH/tX/Yft3+R++/C2f/dI/bPIPzP+Bv/XPffEP/gX/wn/8nX/2N/zT/oBfcrr6z/d+37/lT3z9L/0LH/2qv3T8h//gz/i3/vC/54/+E3/P/+gv/Bf+kr/k75/+45//a//oX/SX/zW/w/b/8t/84Hf/0/+bT5/+S3/tb/k//gl/4O/7r//v/9uv+oV/7vNf/e5v/93+nOR//l3+mP/hd/wnkr/0r/l309/jz77/3/9jf9CPffxrfPdf+A/2/rU/4m/+T/7c//bf+l/+gL3rX/R3Tn6rX/Of/GX/x9t/+Z/5T/79i/E/9b/8suu//PTzv3dn/pf8Mf/7r/1f/qZ/Udcp+BtO/uM//5/5F/+jP/bN6z/1N/z7Fv/d1W/5fxb/wd7//Ov+B3/++i//r/+c3/cvrv7H5W/1u/xpn/74v/Cb/vr/2l/4L/2b/+y/9pff+U9+99/63/8Lv/edv674j//SB//277zI3/2pP/l//WP/06/4L/7iP+j32/q/fs9f/Df/R7/0r/jb3/7x/9tf9Nv9b7/wl/zd/9Cf89l/SAmG//2v/dZv/vqv/e3+gb/u3/zNHySv/pR//xf+on/wN/zL/o6/73/+6j//N/7irT/lV/2l27/ht6/PP/4vfvw//F3+4vv/3Z/+v/wrh8/+43/5j/mbHv5Gf+Wv85N/zru/8Pc7Tf6ef/5/+7X/ol99Quvev/j3/uv+ga/+yn/xt/+9/6f/6c/+4+av/7M/bflLfvfTn/kP/+9f48e++0f9Hv/V/T/w//41/uDf+P/a/wP/ka/+k9/0f/+NyTb+RyeU5P+/f43Zv/ir/uR//f/8m7/8Vb/PL//Df+tf9gf+H7/775fSiv6//n//Gv/Xr/Pgf/uXu29T6z/pDyxf/18/+Ut+19Of+dUX/+n/+Fv+Pgef/NX/9Nbv8o/u/Ca/6X/5z//g4z/s//rdv/f23l/+J/zlv8O/8+//A7/Wo7/w3/+nfsnD/+pt8m//kp9+++eu/7P25T/3V/3rP/P3/h73/gHSM3/YL/9Nfsv/5Jf/lv/sf/Qb/tl/wMe/8rf4J3+3P+jq+//W7/FX//r/09/46/3Lf/sf+8//wj/w6F95/lsctb/bf/+L/qvPf/C//7Wv/6Y/8s2/8j/8deNfb0Ipreov/u3+xj99vP93/22/5Kf/xxd//5Pf7W/7k//k/+0/+l9//f/q3e/xx1/9R//ZX/ef/Avl08v8j/13/627F8X/8Zf+ln/Tr/qXf9Pf/n/9+Ff95F/wh2Z/2X/T/P1/+T/+n/1N/9R//Wf9W3/DUfXib/8X936Nv+wP+rc++6v/mH/ud/mDfq/LX/E3/Iq/5m+5PPh3iv/g3/zsb/1H/+V/791P/y6/8L/6fX7ff+ej/+HsL/tVv+Dxn/D5P/j7/2v/+vb5v/8P/Kvb/9Xf9a1f7/t/WPq3fPuX/pF/+erv+Km/9hf+OX/Mv/Pn/i/fnv3Mf/7i8Hf5zp/9tx9+8sdeP/2V9z7/L1Z/87P/8r/4nX7FZ3/vL3n7Z/9L/0X15/7+f3L9V/3di7/5b/8l2//E3/cn/bG/8I/58V/j1/mLfr+z//qf/rX/5J/6a//jX3357nd89bed/Xbf+jt+q/Kr9Df6T/+1X/R7/1+/2b/2R/y5v/s/9id/8td9689aX/x7v8uv/xf9U//pX9/+Dn/kH/ef/r1/82/+p/27e7/Zm7/h1/+d//HrP+u/+V/+0b/9O3/eXz/5r/6uf7759r/69/8p/+JX/8rf90f9xG/91/9O3/6rfuy3++xv/hP+kL/vn/0nftH3f9//ZvHu5fWv/2ss/sXf/lf8i399+2/8yn/jP31e/HN/3fg/eLLzR/4av8m/99W7P+Sf/53+8n/iP//xX+fBP//n/Of/6H+xvnPWfPKX/DUnf+F//O/9Z3/J3/53/Svnv9G//HD1a07+vD/8Xzz+r/+CX/FvvvtNvv97/X7/c/6nfPvf/tv/jl/0ycVf9Rv+KUd/3n/yt/wfx3/g//r24G/7r36fP/WP+1v+4n/on/wH//qrf/DXb88Wf9t/+/dP/qPfbPlH/QnpH/j3/P1f/pf/5H/8+/1j/+2v/s7j//6n/tO//Dd88U/+lRQg/5d//h98+lu9/PU+/6N/+frf/JnPrv6A3/M/+K//no9+8cF/9kv/9l/2x/6lz/67P+Ev/31e/Aaf/fG/5Pf6/X7r//mTp//XP/0/n/x7z/6uv/Pv/wX1f/oXVf/J7/IXkgH/Vd9/e/av/JL153/sn/sv/X1fffWvPvtFf/tnf/5f9nf+yr/pp37Pv/cv/3OOf4fftP5FL7/7F/8fW//S//Vv/rX//F/7nT/7j/mXFn/iZ//+P/gP/YG7v99f/4O/5k9/8OBf+p//p1/+/Z/+a37Dv/q//R1e/Pm/zZ/6l/07/9aTo2//+I/9ha//vf/r41/4N9BiyV+6+Hv/1v/u1U/85PHpb/Xqt6Nw8df8x/+PVxTQf+vL//1//F1+2d/4G/2Nzf9GOuSjN3/hr/gPfo//8vf77X//E0oq/Nr/xc/8G4v/63/+X44D8/6fBjmK7x/8jf/Rl//yn/dnffmf/qP/+i/4rymi/2f+wj/gt/qJ01/j3cf/2N/4q36Xu//3r/Hv/7H/969x+tfX63/jZ75D3ZFR+z//rX/wl//Uv/nx7//dP+L/+o0++23/s5+5/OR/+2W/ghKLf9//sU8NfsG/+n/+qt/jl//47/cbU0LiX/USEud/4T/8+/2D/8Xlf/67/JO/9C/8z9b/Gg3oV/3yP+LX/+P/wf/s9/rX/8H/9g/+vyb/wNXf+Jd0jP8v/re/+z/95f/Nz/yvv+j/+L3/91/6F3/vH/iNCPw/SzmYv/EP/+u+5Wz/1b/xf/1Of/9v/1/8S//X6Jf8xC//iuzb7/ZL/qw/4dvP0tkf/A/9jX/Gf3b5pzy7enj+u/2p/83b/+anftU/+o8/+r3+q3/gx/++vzX/XX+dP/w/Ofhv/sg/6Q/8F//yH/yq53/Kn/aX/psn//i/MPn3svGf82eRC/mLL/6QX/Lxf/y3/I7/yL9z9rv8sv/yN6XM6Ku/+y/8I3/lP/tL/qO/99f6HbeTP+v3/cFvffB//d5/w5/zDzz7237fnz47+u9+9aPf4tVf/tv8venfuPW//WP/6L/4r/yp/8C//Zv+N5/86//tP/pLP/7pt3/1u7/6L/nD/oc/5p/Z/bEf/yv+jz/lD/xH/6e/4e/7O7b/zS//5n/yz/lidPj9/+4XvfmJ01/y2/+yX/9v+z9+dxrdT/2B//v/Xv2fv+7bf+BvfPi/Hdd/41/yH/67F//ln7D6z37xHlnmP749Oviff52/4Hf5l36H3+u7v+EvOfyj/vt/4tf8Lx//eb9LSaR7+1u+eP2Pf+c3vPwX/5p/5F//43b+5D/33/7xv/wv+Wv/rV/yl/7qR//uf7/4e/7Lf+b3v/83/3H/wK/37n//L/667/6OP3l5+Prv+buIf/4IzPJN//+tf9kf+cf+rv/L4+/9tZ//cX/gX374Sy9+j3/jH/gT/8Y/7/FX7/7M/+tb/9r/MP0n/om/6w/4y65+jf/09/jLf/B3f/F//mV//2/6uxz8nX/rn/hX/4nERn8Pze+DP+T++b/xMx/nv+jHl3/6b/tP/0n/+9/yP/+F/+yv/z//df/g7/juN7n7m/+Jf8e/vfeP/lV/1T/87//K/Nf+i47+yP/gr/mZj/7CP/CPWP7H/+Pv/G//Hn/wV8S8v98f/Pvv/uSrf/Q/+d3+47/8z/4V7fR3evE7fOuv+Ds//+f+nb/gT/yr/qtf+ev9zk/+ld/7d/oD361+6R/5F/8f3/rjf8nnn/19D3b/rP/yj3g4/ewnT3+j3/Q/evtr/bf/0C/97f/eyb/4l/0jf9j//Wv8ix+RT/QvfftvfPIXvP0df/H//Kv/xEd/xZef/F//w+9//V/8BT/2P//qd5e/ZfZLfst/fvK9+rf61f/yn/pv/oK/5O//dX/p7/6/vfnH/77/8O+q/off8epf/F/+yf/2Jx78I//3r/Eb/ZZ/8uLRr/6xf+ev/6mfefw//eN/6R/5/fuz7P/+NT778/+8X/r0P/m7/9qv/uF//c/87M//P/669l/6y//4v/wX/F7/xH9wtXP37/uJv+p/+1d/6Z/6H/+1v8/k7/hT//O/6x/4sxbJ308u1cO/9t/5F//Rf7f4+37n3+bP/AN+/X/nvz/7Ux7+jn/oj//Jv+ziv/3f/4Dvvv11/75P/+XRy9Pf6Sf+xqd//JM/+H9L/pS/+z/43f/xv3H21/0Z/+D/9F+++kf+6l/43x6d//Jf/suPvv93/x3kx/z3/8Pk3V9x8kd8/tul/9pXv/wf+Mv/4v/6B3/Pf/J//SO/4R9y8Bv9Vw9+07/4v/nkx/6B3+F/+33+3Kv/9Rf/idnhf/qr/s2/8jf6N/7c3+9/v3r8Z/9nv+K3/JW/25/z+Bcf/8+/4G/+i7/9X//l/97er/rHzrf/4H/0F/x7v+BX/DdHv9H/9E/8Jf/OH/ruT/3HXvwrP/1b3P0fpr/0b/5D/70/4Z/8nX/9n/6v/7Z/8Df8r/6ee7/+3/yv/sV/wvG/8uTBARnn3+nP+Tf/hscvPr0//qv/iX/z3/8Vh3/T3/Vjr//Wv/aTfzf/l3/di7f/zqu3P/U7/wd/wX/5C9rZJ3/g+u/5Q3/Vf/K3zf/Go71fVPwNf+RfvvVXf/zb/q1Hf8Df/7f8Xf/q/5j/bX/PH/dPPn7+1b/2v97//f7+v/M/+a3/xD9ivP33/fM/+V8vqn/k//qv/5Pf8S/78X/pb/xFv+L/+G//2V/+F/4G/+2j/67+4q/4d/b/jv/m3/ot/u7f4Hf8r//U3/+Lk9/2d/jTftV//lf+Df/kPzPZqf/K7/4pv+BX/hUUWCR/zH/7D/7HP/XuL/2/fuYv/b9/jX/wv4YD8rf9z5//H7+KFnn+wH/1/3j75V/3L/9f61/5Z/+fr/7B/+X3+Lv+s/nf8Pf+X7/1X/nH/B7/5T/ze/zq/+sv/E8//z8++fK3+gP/xT/uD/yV/+fv8U/8idzyj/zXPyGV+av/hGd/2m/xG6T/0Z/wh333+Po/+gN/i9/nd71u/+p/+9d//dv8Lr/q/O/+X3/y2bf+ob/21/5DfoP/7Cf/5D/v4n/6e//sF3/ef/yX/el/4l/0+Nf/G47+/v/43fmf/Xf+vv/I872/8NWj3+Uf+82/f//66h/+t//cf+Zf/wP+xX/md3jwa/+Hf/L/+cm/9va/+EV/2r/+6H/5Y47+xl/3J/61v/i3/+wf+fv+1f/kD/zD/75/mFyh3/3P/5v/7P/0T/xn/oE//Af/9G/6K/9IchTv/uU/+P7v+mv8Ib/BP/XZ8V/3u37827btP/393/tXUfLj9/pT/vG//q/4o/+N/+Rf+S//rAvK9P6TX/6Dv/Xv99//Wn9R/of9Sb/+w//ul/y3/+bf973/6Df9W37DP/qX/7Pnf+F3/sL/4u/6m//E//HJv/8z/9Q/+I/8fX/Ff/Eb/vW/yS/7p//0/+Pf/X1+/X/qv/vLZn/gyX//+/3hj/69f/J3+6//rX/2t/y//sf5T/xdf8GvePRPjf/oP+Grp3/eb/Yb/gW/x6M/8dXf9raoX/8G/8dfevE3/qr/4i/9nf6Wb//B/8AfsPebvPj23/CHv/yn/9G/9P7f9sXvU/4Pf9+fWf8Bf+rv+n/+4+0f/5ef3f0f/+M79/+BX/rLLy5//b/rt/6H/r3v/Vl/2R/9d04e/hH/+fTf/Tfv/zf/wK/9L/9H/0r77/75z/6L//rj4k9/+tN//D/5Nz78Pz75F//Jf+mv/Mmjf/m/+pf+q3/1F/2Zd59994/5D/6DHzve+6tXf9fv+dv+Gv/3r/Hnvf4f/vO/818d/et/5Z/83fTv+PIf/GV/1f/4Py7+u9/tz/gvvvvHPjz4Df+U61/+1zx69mc/+BP+9t/81/xXfpd/+jd68O9d/+VPf69/70/9p/7Fv/36zyrv3vsv/ow/9u/+l9s//8/4Ly7/4L/0X/xPf4/f6jf8xasnv81/+Pgv/ZN/iz/wT8z+x9//89/n3znJLn7jv/zv+XX+iN/qN/hjDn/N3+eX/nb/09/wZ//Hn937736q/b3/vauzT+r/5Xd59Qf+5Yt/c332y+Z/x7O/6Y/8FqWQ/pYRRUq/xid/8v/2x/8lf+Db/+2nfp8f/33/vd/n//o/P/v27/Lul/7+/8zf8988e/nffPUHfevZb/DZP1585y/9K+/f/5f+hb/+/k/+Jr/pX/2//Ct/9XnyF/0pL36N3/m//a/+wR+b/6XH/9O//5f/yb/vF3/nP/fn/vv/4sf/y3/9v/3k+u/8R//C3+Snfv/T69/67/sHZvWP/Vb7f9nfcPxP/Sd/zz/zP/yT0+n3t/7R6b/4D/0B+R/5p/5pv5JQ+Pv+1X8NyxXJP/xv/H3Tv+R/+6W/YnH/N/wj/4TzP+7bv9Y/9s//L3/K5z/xy+///T9xtvh1/vm/5/f+8ct/Yu+f+rG/9g/9Y37p//73fPSX/Lm/33/6tz7+B//JX3r/X/oV/+Fv9Pf/6X/4P/YnPvzTf7tf74/+M/+g6//sj/lf/p3//Q/8736bP/CX/de//v/5q3+rX/KH/Iv/1y8hP/0fnPz9v8Nv97/9xJ/4u03+e1rW/DV+2e5vv/7OL/sv/7x//f/8Pf6jv3Dnu2f/0WLyL578z/vf/Tv/l73f82/+e/6Mr0b1579T8iv/wb/p9yFV/Jf9Lr/yv/uJ//U3/D1+1S//Q/+v//OP+Xv+7D/v4rf9bX/j/4PCgt/+X/1n8hc//dM/+Bvv/m8fk9/xG0Ln/rJfdff//N+q/+lv+Pu/nf9Gj37zP+cPNYj81pO/75/5E/7c/+23/P3+Bsot/Df/6le/9f/5l375L3/vV0y//4/N/4V//7ea/Zu0xv8bHpr3/8D/6W/4h/64P+53+Bttp3f+nrf/6Rf/++Ev/YN/4s3l/7q4+9Uf+K//gl/zP/3+T/6rP/U/f/Xv/59/6p/5d/5J6U9+683/9Af9gt/07/obfuk/8Bf+6l/3L/w//vfj//vX+KX/+O/yB/yt//ev8Rd++/f4H/+tv/HVb/+XZb/1b/0b/32E9y/44vlf8frP/XP/gr/xn/2/fuyX/bo/+Dv/kJ/5RX/x/B/4bf/Ov/kf+Lv/5I+f1f/MR+e/09/843/SJ//KL/2HL/7vX+PoT/oD/8O/+fN/a/R//xr/5b/ym/7q//WTR//b/77+T//ZrX/wH/y/fs2/4XcZ/9V/5F/4+Bf+jf81rQf+c//S//H7/GXv/pgi+1cvrn/B7/4b/cd/6Sd/0IvDf+3f+S//qF/+H/4m//hv9Pf8aX/97/Cdf/zlX/Pb/NO/y3f+5T/mP/gNznZPfqfZr/jWX3T+R/8Bf8wf8Ov8zb/bH9T+B3/Rf/L3/ep/9b/8+//8v/8P/I9+wR/z1cPt9T//X/+V//4f+K/9sv/wt/zf/u9f4x/9d/7CP+Jv/w0/+d5f/Ttc/yXf+oP+kX/04//2j/mf/5voNP+9/9P/9t+0H/2nvwEQ/C//k/p//7P+6Dsv3n5JM/TP/dZ/7X/81/5b+//hb1H8yj9z9JO/wflv8p/9Rv/RL/nkv/obI3P87/w+f1muc/zbfb71p83+sr/y7/wz/4/fkjJHf/if/x//gb/q//gz/6//48H/9t3vLn7R7/zv/3Xf3flTJn/6r/0X//hv/+vMXh9Zer3+a/7wl3/Nr/Fr/0G//k//L//No+o/+uIH/+D/9uv/jV989eV/WPzvn/zSv+6n/ou/7/f/j3519Vv923/jP/e7/v1/1C/9L8o/8D/96//7/+Ov/cv/kr/izz97/af8ab/fX/7mr/wd/uTVn/P3XPzz/86/+Ef8isWvN/2d/8+/9C/5L3/Db/3x/9R/+Oy3/lN//1d/X/Gt3+pP/q3/tV/xk7/9r/c3/Y2Pf+v/+J/9L7bHf/Lyr/vBn/Vn/rPkNPyi3+/vf/yvf+9X/sm/+k/8bf6GF//jr/67f8l/+Se9u/dPNO9+8r94+u6f+19f/2azP+53+s3+wL/vH/i/f41/4e8/+l3+6H/gt/kztv/HX/y7bf+f/+Qf/E//n7/mb/Vv/m/Zf3z58Lf5Wz/+1X/r3/kr/uq//v/6Hf+33+/f/0N/yR/0z3z+f/yKP/3P+qW/zz8+/f3+jt/kb/0viv/wn/kn/rcf/Hb/zu5/9uLTX/Z3/6m/5D/9r3/F3/Go+sP+u//y7/p7/qQ/4N/7e/773/uf/Bt/j3/uP/kbvvd/fPa3/4n/yINHb/6VH7u7/PLP/d3/6f/2v/hN/qz/9Xf51/7N7xXT4q/8R37Xv/Xv+CP+g93/Yzf9if/9qz/mP/szfvzP/Pf/sr/uH/xtLj//jf+5X/XXHl38nX8KZdnu/RdfvP7O3/cv/49/2d/6D/zhf8mf/ps8/K8+/6s++8df/41/5d1f/s/+zi/ufut//1d+xz/sv/vdf89/63//wXd/j7v/6B/4G37nV/+Df+sf8xc+/bP/of9r/V//q/98Vv2Sw19FvP4XXP2f/96f/vf9i7/lv/wr/v7Pn/y9Dx6t/9HTH/+N/7qd3yD7r47/29/vz/yPf8mv/Xv/z7/wr/31/6ifef4/TP/IP3f+O1/+D5/9Cf/BP/r4V/+bv/9f8b89+Ef/9zd/yO/1/b3fZfcHj//s+ujP/Vv/mH//byhfHN37v36n8lf/ikf/09/d/tX/96/x23z39/orf8+/5I/55J/77CXlHH+NW/z/1z78/f7B3+H8D/0Df/DiN9q5d/dX/1v/6a/4x3/mX/vH/tbf5uPf7c/7U3+/f/t//u5P/Db/wG/9vd/z3/rFf/ef/ov+gsu/8Z/7A19+8o/9tf/BP/Nf/zt/6p95+TP/Q/X6z/lr/sj8V/3hv9VP/H5/8X/2F/z1/1N98p/9N//yf/kH/ct/x+/xP/41v+J3+F+qP/RP/GP/+d/ns+kf93+d/oP/xN9//g+83fnJf+z3+s9/1e/y1Z/x9/7Hf+kv+z/+kT9m62/48b8LWt///yd/PKVb/9h/9x+9/M3/3X/7T//Vv+SfOvyx3/5/+Tf/3l/ySz75W/7G5H/7i0d/yrt/p60v/8nf6qf/wi/+7v9r9m+e/1p/3E//G3/b3/FTf97DP7z4ib/o37v6wW//D/wO/8p/8T9f/DF/8R/yPxS/22/xW/7u/9gfV/+7n3/8F/7SX/8//f2Pv/e9k4vF7/z3/31vf6fdv+rN6W/3ayT/83/4h+Wf/9H/wx/83yx+x+r//OV/+3/3K/6Oi0//m7+q/fY/+a2/4k//+Oivx7iK/4aWIH/PX/f6H/zHv/xN/t2zv/yPX/4Gf/p4svpbf+vf7j/4K/+4v3D1i37Vv/mXffd3/p8f/Q+H1a/7L/6Ov/k/cP1b7P+Cv+8/+7/+kL9nVf9pb//JP/Pv/mf/+D8uf/L7/vt/3G/6h/5Nv/mv99ceHWz/Dr/2L/91/u9f46d+RfKf/V+/c7H9l7978h/+c9//W/69v/nP/4f/+7/gL/yLfut/4yf+uD/nz7/e/+22DrL/9Lf9P39fSR3+3X/hb/G//Y5n//Pv9sV/8dd+71+4/mWT/+GX/JN/4H/5/fu/1b/6Nrvf/EN/3/H/9Ef+Y7/oj/87ln/mv/Ef/We/zp9Z/Pr/2l/7O/3Sr/75f/g/+vf/wN/r7/oN19kP/qoXv8e/tvtr/4fpb/77v/yXf+oX/z6/+X/3L/8v/9mf8+CPOv/7fps/6b/+G3/R73D0W0x/+h/9Q//Dv/zq7/nyj/w/Tv/X3/9v+Xf/q//lb/tj7v2vf+5f99H/8Ct++4e/x5/50//rT38rf/DJ7/tb/25//r+4/6/8X7/l6e/21zb/yW/4K/+eP/Xhzj9y+Vf+S3/B3/V//LX/0n/31y3a//bN3/G3/p1/wm/wW/4Pf8lv9Gv+5NZf9p/9B//5s+SQaPfqVqu3P/v/r2lZ72//M/+IP2D+p/11//sf+pv+Kb/GL/0f/94f/Kb/5Xdf/Hl/ze/1Z3zrv/tj/vTf9TuP/9XLz/+s/+PsX//d/rXHv/8v+rHyH5//Olu/5n/6V5z97//Z//Wn/1Nv/szf8p9d/6Lf7Zc9vJ5N/od/8u9+/Of8Cf/A3/Cn33+R/IZ/8f/8r/81j/703+k/JHn75OTev3r0m/zFD/73v+7P/8N+4k/85/7C/+lv/N7fuP+/fVb9nS/+tf/hF/3K//z3/of/d4rB/7t//b9e/7KHf+g/8NHv/2+e/Dd/y79e7v/SP/DPogzKP3HFbOb///rzf/yvT748+g+/94f/hs+++0//WX/if/zj/8Nf+K/9if/Qd//af+27P/k3/X7/zj+9aH6Lf/Y3+mO++pf/iOPf+h/4BX/rX/oTX/xO/9tfk/z9H/96P/Or/6O/Ptv/8rf+ff797/y7f8Bk8qf975/8Rhf/08Hv8Yf/kt/oN/gDfoP0D/2nPvr7fv9//A/8jav27/4F/+3Zd//ev/W//c//4D/7x/+P3+OP+sX/+j/46//M549+3zt/+X87efZH/B5/ysN/6J999uv/T3/T//Dr/9e/358x/lP+8dOf/Ev/2v/mT7z76371H/9u/9W/+S9/9mf/t//aV4e/8U/+o2/+qN9rev0b/yO/y6/6L/6j//S/Ofzqn/mf/53i3/4L/p3ir/2L/pI/6U/6NX+3/+g3+S/+7n//4p/8HX6bP+av+1t+v9Ev+xN+nd/mPzu8+Jf+0z/4f/vXn/x5f8V//1vXF69+q3/9v/jvqn/x8U/+S4//1X/qb/7H/tDm8Hf6NT755/6pP/U/+fyP/c3/9N+n/Y0f/gP/82/3y778v3+N3/93+YP+93/tr/hH/7E/8Dcb/xZfnP7+3/mXf81/5h/+F37Vr/+v/oP/2v/8X33yL7X//aN/9Tt/8x/zL/wzv/Uf8xv8E7/157/s6K/8D/6eP3P828//x9+DnIp/6lf9zV98/6d+l7/w//i1/pm/6qvkL/o1fr1f47f6237i9/181f513/sXf5v/7Zf+I69/63/iry//ll/7D/mL/87f/Ff8E2//kP/5P/xjqr/9i9m7t6cX/8T//Dv9Fff+UHKGro7+0H/wP/3uL/8H/7Af/OCn/up/ffxf/hn/0R/3t/xDT/6av/DF8b/4b/y9f+kf8Vf+Bnf+zT/9b/xbvvfn/Rb/+Js/79/b+Z///r+zmv49/+rf/uc/+O5PLo7+19/xj/8H3z37t3/8v3n0r/+Tf/KPf+t3/tevfqff6M+b/Zu/x3/8F/76/9b/9lPf+yv/1j/j9zn6l/+2X/orf52/6rf/T3/8v/19/8d/7Hf5sbc/9X/99fkv+it/63c/8elvXXz6qxZ/3v/wX/5P//V//fs8+/Pv/Ov/+au/7Rf/rb/PV3998vh/ePBnzn7wu9f/wO/2P//9/8Affv2//najv/If/Pt+7L84+50++/Hf/ycP7v8rP3X6u/02L09Hf8Hsj/4d/tp/8Ff+Ub/dL/xb/o+TX/zb/OF/xff/m7/59/5V/2b+60z/2T9x9F/+Tb/bb/Qfrf+6/3rrl/3bf+3/9ev96X/e3//n/6v/+f/x7H/7/f/x3+YvuPOv/gf/xb/9Cz7+4/+Of/a3/F/e/K//5d/11/8d+enon/utP3/14tf4G36v//j//jX+yF/4L/1txS/8e/+T/+FX/GF/yy88+o/+u3/w9/vyv/zJn1n/pf/hf/sX/A5/yr/4Ivsvr/+Y//w3XPyy3+rik7/wn/q/fuvmD3/w+/8p43/5H/jPXv/VX2X/2n/xN35Stn/MP/Pf/Pa/995f8If9Tn/o7/X7/ot/8P7b//M3/EeLi7/qb/plf98/sfqD/87rn/7FF7/i/3j7V/x1f83psxd3/v3f8fWf+qf9Vn/ZX/cfkmH71m+Y/KP/5t/3+/zl/9vy27/lT1y/+ed+7Is/+u/9K+79H/9t/ff9uf/p7/J//NLi9/gV/8KX/8Xf/q/+YX/57/C3v/nd/+Z/9o/767+1//v+p3/PZz/5H8z+7r/jj3n3y/6WN7/J3/3Lf/yjv+yv+anf4//4g0e/x3/77/we/+ev89W/81/+KX/r/L/+Y/+e59/6Hf/av2q0yP+ev/tPnv4hv/vof/j3f43f+v4v+gWHf8e/cf+f/ut++e/86N/56m//s//Qf+/f/60Pf6uLP/gvXP5d//tP/ml/wF95/7f57/64//ZN+x/9Z3/6f3jyV/wr63//we/7J3z+ry5/5pf/cX/QP/eb/0G//r/6J33y7K+a/zunFK//o9n8z53+cfUv/pv/hy//7r/2V/yW//l/8TN/7m/95Z/7pzf/A6WJzrLT3+qf/st/7/RP+e6/8K+9+id/wR90/gf9Lsfpr3X2D/3O/+2f9j/9nX/8X/I//+RffvXr/v1/6T/66/wGv93jP/7P+Jk/r/2df497P/X7ffKv/g2/ovqN/oN/69/6p36L/+TNr1n/or/g+MeP/tM/8Z/429s/71tbb/6lf/wn/7j/+u/5037F/X/5Xzn9jf6Ev+6v/Itf/8kv/obD//g//CN/xe/xm/7XD3Z/+uknv9f4P/ujjv77P/R3+gsO/sv//Sf/xT9m+Tf+9T/zWdv+u8Vf+fet/5f/5Pf+0/6UH/tPr/7jf+PP+6t/9+/+KeP/K0v++n/lf/1T//i/cPJ7/aa/+X/9O/zlv/zf+Mnv/sv//C/6DX73f+nX2vk1/+H/7I/7Bb/kkz//X/qZ47/2f/tj//G/8x/5d779r578bfWf+/f9Tc//yL/o1/jVf8Ev/dP/uX/0P/7sy3/0r/6Lf/rvuLz6bX/b3+iv+zv/p3/sx8oHy0c/81f+Li8/+df2//69f/bsb/ne937D9R/yG/0Z/869f+1XPvwv7//9v/e/8pf9hR///b/kt/0z/8D/7de/f+cn/7p/8/f4exe//19Y/W+/+z/zyZ/8d/3P/9pv+J/+Bj/z2a/7l/59f0X2O/2th3/A3d/+P7r6Pz/5G/6G3+df/dO2/7m/89F//JO/9d1/5n9c/Fp/96/+F3/74rd59L/M/9W/7y/5n//93+zX/O1/fPuPa/63f/P497v3n/yBv2r02/yFv+JXvP0//o2/8x/5iT/+97k//qP/1t8ov/6JP+z3/cHf9iee/yV/zOyf+Rd/oz/qj//b/+xv/8b/1S95+6f9t7/17I//t//03/n3/qv/0V+j+WPW1//kH/R//K5/w/z3++jv/Xv/td/+J3+9P/5P/eiL/+Dtb/EbHPwfv+nv/1P/3c+c/eJfPP2L/72zv+Lf+Webd//o7Oy3+B/Sv/A/OfpH//rq1R83/Yknv8U/+Gf/i9/52/7yL/61P2/xn41+we/2L/8P66t/5S/+B/74//FP+pP+5V/jB3/CX3rwT/63P/W3/2d/43+0+L1e/E///p/wN5//LX/HP/hb/YfzP/3X+71+s//wH/0Tf+Kf+KV/xd9/8sXf86f8yhd/yH/y9nr7L29/3f/4T8r+5L/3j/lrfvlf/Q9//MW/v/hllPhd/Yq/5ou//dWnv/j/+Af/xb/7p8mxmv5VxqH6L3/Fl7998Tsc/XV/Tv7v/jPj3/fOrzn93X7mn/y1/5z/6pN/4pdSjPJPf/tv+79/jcvf9P9M/v4/5+/5a//lP/7gye/11zzc+RX/+au//Nv/7H/3N/0Vf98f/dv9ep9/9ev8R7/NwV/53V/7f/4d/5H//R/8o2Z/8y958Fv8bt/7Q/+x2W/4h/yiX9b8Pj/xh13c/+0Px//Fv/7ffOfP+53+0t/xH/gnf8mbv/2L3+8fPf3bf9tHf/w/8w//2B/wF/9Zv+Wf+l//wf/873D6t/2vP3X/T//r/7m/YPY//SN/9I//lw//gJ23f9y//rfRCupv87/9B1t3y//yjz35m3+dP+S/efP83/+ff8XB//Hr//1ffesX/Wn/4b1/+Q/8qd/8p/66//TX/Wf+/v/y//zpq0+/+3f8O3/8n/fdyz/lr/ubvrP3J/z9v8Ff/d/+4f/T9/+Cv/Y//vcpdfPk7/o7/vxf/s//F7/X9/78v+wv+l//xb/r/zz+FX/Df/NX/O33f+zfGf+3f3H7rUd/0t/3p/+FsNA/3nWLf62/4K/9a37qv/p3yn/zV/6Jf8dv90e8+PXOPvuDfuX9f7r4B3+L//5v+BV/1Oju/j/75/7mq9/zjzj78vf95f/UP/Qf/e9/3L/59hdVv/G/tv0b/2N3Rl/867/by3/o//r1/q7f8N+983/8/v/p/9Ys/6fi33n4O/5l6/Sf+bf/hV//7/j8P/vsv/0bf9Pf4dWXf/7P/I9/Z/WP/af/2D/z1+W/y/mv/K8Xv/r/+vX/4n/59Lf+py679v43+L23/tnf7Nf/q/+6f/Zv/C3mf8bTP/aP/8l/+Tf4bx7/S1/+Z5/8c//X6B/9q47/2n/44d/1Z/1bX/6Cf/1P/EX/1t/w6I9r/8s/9Pf7Rb8fBb1//O995+9evvvf/rx/4c1f8+inD68++/3/8b/wt/rNv/rv/o+jf/fP+uPu/9u/36//q/+iX/kr7//nzRe/+z/2L47+lf0/5eE/e+93+lN+yT+/98f8ir8q+6//5T/+L/oTf5ff/I/+q3+/7/65lPf4Ox/+I3/6m7/31335e/2Wf9Cv/4Pv/PJ/8I/4C37Tt3/sH/5v3v8N/qg/4mjxJ/+T/2H1P/6fv371B/7l09/vb5v/w//Cs3/rB7/F3/gTTz5e/0d//I/9H7/Hf/xnbZ//dn/Xn/Rn/xW/4I/7Rf/kf/Rr/Nb/Mi1Q/G3/xX/58cd/79E/8Of91gdbn89Izx2Tnnv5a3b///v8Dn/jH/7Lv//2F/7qL/+Ys9/0//jbfu23/9f0z/k3/5K/Zu9P+/5/8t89/4t/+7/27Pu/02/1Hyb7f+C9f+5v+/v/gb99+e/+vr/Z7/H8//rb/rf/63f5/U//kXd/55uvfvk//X//Gv/JX/v3/CV/5//+7y//lv/jT/gD/+qX//Xv+Ev+y9/6//41kv/k32n+71/jt/yN33719/0u//713/RX/k//+OK//v1+i3/pbzv/TS/+yqd/y5/4q+b/969BKfm/8j/+3ps3v9dv/pPf+Rd+6rf9je5vHf5V/w1hOln+1t999ff+Nr/D9/99MnV/xm/29/2Ff9Iv/Ot/8uM/7sd+wW/yr//P/+Z/9zf+H3/Nf/03FH/Zr/6TX/2+f9Oi/fzP/5mtv+VXX/1R1d9+9n9d/eEH0//zV3788f/y6/+yv/EP+Bt3/7fDP/Fv+el/8D/4D3+X/+Wn/93/+Y/4u/+TP/7uqz9i+zf9vR6s9r/35//jf+8//Uf80/9p+r9/93L8W/y1f8zq9/83/si/8A/58+b/8W/17/yHf+df/W//m3/B//Hkf/6lf/1//Pd/51/4jT/7T978Gb/Ff/8PfPbv/Ze/1X/46/xv/+7v/W/+Hyfjv/Cv+ser3+Gf/C13f/N/4qs/9Nf69X6Ts1/x1/0ef9zv8r/8Dv/qP/jf/nv/96/xXz374z79Hf/U3+Kv/te/+y/t/t5/w8988lef/e1/9X/7C8q/8sUv+0tf/rLf7u/81l/wa5YXv8uff/23/vTv/1v8it/un//X//Y/6e/4I/+af+K32Pn2//7wn//B9//K/+OacjW/77/5q35y+df/J3/9b/n0Dxz/37/Gyz/m4R/4X/45/8e/8Hv8mv/U3/CD3/IXLZ4lX/4r/+UX7+6cPvziH78+/J3+wj/kZ37x9V/93/yRz/6N6Zu/9+Fv/k/9tsXo0V/7m/5+v+l//v3f9E+4/+f+/b/+P/rq9/+9/7Tf8q/7o/6iv+d/+O0+/gs++Wf/wtd/2z/4v/21v95f/Ff8zZ/+L//+P/bmT//kT/k9f+N/8t+8/1/9Hr/VH/ifnf25/9ff+/n/8d/+DX/9bzA6/T0u/5mf/HsO/qp/88/9R9/8yr/hP/3F907+of/9n/8v/v7/+O/6H//GP/s3+u9//K/e+nuf/Zr/6R/zX/23fxxW4z568/v/in/ny//y+3/+6j+Z/KU/dbZo/qV/5J/+Z/647/0H/9Qv+wd/m//t3/yJ/+n//jX+uO2/7k//T77/+K+rxtN/9g/4U//eX/+/+uSj//vX+Mf/g0//gT/ki9//i7/1F/+S3/3HvvX0O//2T/x7/+Xv9n9+/lv/Xv/Jn3P9F+z/nSf/x8tnv8f//J/+fv/kb/y37fzU7/7X/aK/6g//zZ791X/Cp3/wH/fd9i//zh//reY/++Jv/z9/5l/4DZ799T/423/Xf+Ff+fKv/BV/8z/zv/22/8Tv/z/9aT/1e/3W/8zvdvU//Rq/78ef//7/42/63/6+f+M/8Xv8b//Hv/IH/rd/3l/4z7/9Pf6Rv/b//KP/59/v9/rt/unf/Lf/K/7Q3+W/+4/+pN/j+Kd+l9/u//41/tNfRotzf0P9B97/6+/8K3/849n1pz9N6wN//Hf+lb/6D/4zj/7rf/d/fvI3/tF/3+//1/zXf/Mf+I88+AP+6+nb3+KfOP+3/vI/76/5g37R3/s3/kvJv/E//aZ/wt/wK/7ef/Nf+dtf/oM/nfzUnd/68n/4J19+/jf+37/G70fJ7t/k3z0t/uO//9Pf4E/71vbf8zv9pq9+zY9/2S/8+/6af/nX/Rv/iT/kT/6N/5rq9/+D/69/5U/5A//8p7/kz5//a3/IH/OTX/yV/+Z/8fb+T/5hf/U//8//vX/bn/Nf/43Tf+1nfq9f8lf913/P7/ZvPvr+X/V3/z2v/uJp+hf8lb/9P/Tf/ht/3//1K1//b3/mtPx3/vh/7Hj7X1q2b/7ov+NPXO2RRnr323/2yZ/zrz+u/uO/9u7ev/Of/sSf8Cz9a3+378z+9z/0T/jkz/yNP/37/61/9dWv+n3/23/89Zf/wZ/++e/y5/9RP/Ob/if/83/y5/72T//nv+67f8f/9st+61/63/7a//Iffv4zv+f/fP5X/8d/76/+Df673+93/2Nm57/kf/4f/qvTmtL4/9k/+cdWv/Vv+j/8O//6//a/P/pP/ob/Y/q7/Nc/IIpNyN/7N/6mX/6f/vH/2d/xJ/6V/9R/8u7P+VP+oV/9e/3qf/Zv/Of+lF/9j/9f43/j33n7N/4mv88/9eeUv/6v9dUf/fv8hb/zl//8//EH/fV/46/57r/5/X+zb//vl3/ZX/V3/lN/75/8r/0B3/71f7/D3/z7v8cf8d9P/tb/6d/4c3+db/3Wv+7f8zv9Jv/ZH/en/qo/9fd7/YM/9Ph/+4d/lz/p0x//D56tDn6Nsz8OAvZXJH/6+tF37vw+8//9v/73/uq/52/7nb71d/+dV+d/z9t/63/9a/6zn/lFzX/y7fSPbj9Z/xm/3p/w5d/2p/w1l3/cb7T+8b/j7d/w1/w7f+L/8YeSNP23tCD8X/3Cv+9/f/Wf/zmX/+Bf/V//5B/5+HeqqpN/5PFv3/wnh2//3r/0P/5313/Oqz/oO8lf/Y/8l3/CX/bdv/qf/mvf/h2/y2/6P6y3n+3/kTSAv+NP/+1+l09//V/jP/3Lf9H//Wv8+v/gf3aHMj7/5m+FBeKrX/qIFkA/poW/v+H3/9e++5f/cX/On/G7v/5F3/vrf/AX/H7Jb3Lw3Z84++9++X/1+n/7Jf/J7/h//xq/+X/1Kx88+kOf/Sufr6bf/6P/tun89/g3/tL/+e/847/8I/+4n/xtfvPR//6n/aff+stm6eNf+w/+1/6Cf+Rv/Qd+sz/wn/q7fzEFX5RJ/D1/6r/Yvn/4yZ/4x/zK3+GP+GtXf/L3jvf/8N/hxV9495/5Q3/V7/CnP/lNf/PP9v+Ev2P7P/mFf9O/9m9++rf8K//3r/FX/+C//cd/weP/6T89/sV/3e/5NxafTKd/yfS//tP/s9/lr7/67p/zz/8Pf/l/9B//Ne/q3+PT/+arZ3/0b/dr/4l/1q/36z+e/Ub/11d//H/6m/4W/1vz1f/0V/zFb3+bv3Ix+ud/wX/1J/2C3+vX/pP/mD/2P/7d/9l/9j/+c/+s3+5P+ejvPvwlf/DLX/Sr/stf9lf/1b/1t771t/7hf84v/ql/+i/+V/7UP/7i9E396nv/wX9/71/44/+Jv5845V/8C/6A3/+//wd/j6Of/PUe/Kd/xb0/4S/4Ff/tL/3N/t7/+Yt/7u+c/mOXf23yrb/xT3nyV/3T/+VnP/a//g2/8T/4n/3t//ev8e/+R0TCt//2X/M//4rvjqb/zN/+e/3n/9WL3//sl734ff/Fs9/jL/yrvvvH/W9/4f/1e/26f+X/+Ut+6v/+Ne7/jed/42/3P7/+1s98/++4TL/17/27v8WX2Z/+1xFv/gm/3x/37+79X7/TH/iP/Qm0anR05+i3/5f/0H/3T3vwt/4d/9ZXf8Tv+Ssmn/36v+K3vvuHVff/3P/z1/jp3+Ef/fy/+Oce/CN/9C/49//qP+HH/ndK4q4u/+Xf4x/7/X+Xf/rxn/1//TN/63/1V/7Fv+e73+UnH/+fn/ybv/OTf+if+Yt+jd/21/hN/r03/+YfNv9X//jDX/wvfvc//89+8hc0f/2rr6r/4a//bf/CP/u//L9+7f/5j/jr/5Pf+Jf+D//C//mf7Pzjv+GjP+xPLP6pP+D3+JP/hj/3H/+lv/Dv/J/+iT9l+Zf9/nsXh7/rH3vwH/yH/9Hhv0l2iljk7/yJ//vX+BvPabz/xp/5n3z173z/f/tP/pF/5D95+Wf8SX/d5MmXv+Hf/bf8k//LP/mff//eP/rk9/4Hnv5t3/kv7z9+85/+of/l8n9Z/jt/ytl/8nv8UR9/+X/9e7/ZX1P8b//h3/b0z/p3/9s/9JdN/4O/91/89f+3v+T3+K2K32X+b330d//Rf8cXv91/9ZtOPvvj9/+3f/Af+Sv+rX/3z//Jf/WfvvO3nr/49D/97f7r//r3/V3+keu/7y/8Lf6bT//mf+C/+v1+i+Nf8e/8e7/LP/Xn/NH/8Fd/6Z2D+u/67//yv+1bv2X79sm3/sq9P+N//w9ff/f3/Z9/xf/1h/+nf/d/N05+573f6bf4a3+Xf6H57f6AX/N//3P++X/t8U/8p//F3/7oH7v8I/7VF7/6n/ltfvc/4Lf9mx/+s9P/8I/5S/+Tf/fd//B/bf/1f99ftF9/ufzrftPVV5/8W9Vfcva3/bt/1veP//j/JP/kvzv+a/68v/on/vgH/9SfW/z+//v/8K1f9Nf+fl/9todnD97+gd/7BevF/3z0X/yyp3/E7/i93/XTv3f0F7z6x/6Y7/yCo//r9/gr/42/5X/4+/L/9A/8TX7/f+Tf+ddO/pk/6T97+j//RT/5O/9D+f/4v/2rR7/5v/vs//rxv+/P/tN+2z/mP/zPPv47fu/Zv/nd//n3+63+wN/gL/vDfuN/+d/7K/7V//pPOv7rf7e/6l/9x37xb/3r/Kv/5y/+7U//zb/2j/hf/4fF/f/96vA3/vT/+p1ff/F3/gN/58f/zF+w89/+BX/pZ3/Nv17//r/x9//Cf+jvOPwTLv+2P+iXPPhz/tu3/8xf/+smf8of81/9i7/fH/fv/df/RPXXfP7H/sznf/of8L/94b/Ov/jn/8n/5G/46We/5i/829a/y2/97j/5v/7tX7H49B//79u//J/9XX/zv/a3+Af+yocf/ze/3icP/pOnv9fv8Y/9dr9r9ff+bqu/+n//LU5/8c4fcf/v/M2+tfVHjf+hv2j16+3+Mb/8v/nX//hHb/7cP2b57385/tN/+3/9r//qzsFf+8sf/i6/5rt/4svf8qf++V/3P/lL/sPv/UG/91/0D60/+5//rf/9X6/+qL/gW//a/7H/v/7aL979ac9/p3/gl//7/+pv93+t/5mf2fs//8U/cfyfvPgt/+k//Rf9d7/zL2Kz9W/817/H/0Au2N/yr/yvv9W/cf/Jv/PZ4n/5Tf+6N+9+28Nf/c/+Xv/Hv/h7/St/w+/29/7L/93fkP/4P/fn/Pu/28/8Rr/Rn/7r/Jt/4X/zfz34N/72X1J/8eP/yOqv/bP+l9/hl/xFf8Y/+ereP/T7N//G3/PJv/tf/Ku/9Lf/Y/+qf+F33v+3/pE/+d/6036NX/pX/F3/4R/x6O/4o//S4t/8W3/6t/2Xvvfvf7H18nf6ZX/Tr/H5f/Plf/57/0t/2Z928d0/43+9/PZ/8Pef/+fJ7/vv/Z3fLf/Ov/Tdf/n7/it/35M/5/f4Y/7SX/uf+wP+geLlX/5j/1X99/3Wf8O/+E88+uv/hT/2P/7eP//kn/ur/oLtP/f3Gn8+/mve/e+/5e/3i/7n3+Orf+X+1b/6N+z/u//U3/AL/8QffHv6+A/+h3/7//PtX/8//+H/6Pf/j4//lP/4X/j9fu/tf/tP/Lvbv/7j7+z96d/68/6O/+Ly7X9x8eJv+0t/h7/tV/2N/8zf8Bf+U3//f7T9g1/5jz36jf7MP/O/++O/9S/8U8n4X/6Dfv3/7d948I/9Lr/tf/Mf/E7/2n/3H/2r/8HvfpaN/93/9N//F/67N//hj/2D/9nrP/P/+gf+3F+13fyFv+3//Wv8Zw//yj/w3/y7ob5/q7/6+D/9fX+Hf/XlX/uTf8k/9Ff/lX/Dn/MX/J3L//53/9tePfgPZr/O//ntv/pbv+Pv8b/9z38nqfa3/8df/a/+M+nf+We8/pd/s7/5//j13v5zb7/3C/6aH/y+FP399u/+1//hn/zqdxj/4b/dn/I//WZ/y9nfef0b/eBbf8J/8bf8g//x/f/54o/8S/+M3+U3+6k/6Zc9/Sf+nYs//tnv9Jvc+zv/kM/+nn+9+iN2/sCf/t/+kV/95u/6Hf+zP/53+D2//D0O/87f/5+9/2//H8//9j/hP/2Hf9v67/lD/qf9+nf95Yf/yF/4L/05v+LP+cu/85et/oc7//3Vv/Hf/c//6l//k3/a3/ytRZX/K//U1T/6f/7S//vX+Md+av9X/hTZk9/tP/9tJ4vf7h/6Pf6Nv/lP/Sd+6u/9me88+u3f/dJ//H/9U3/B43/wz/0dm3/jr/uZ342Uz0/9pzT4//vXOP6p//w//b9/jT/l3/gD/9v/+R/85b/l69/h5f/6r3/1t539W3/1T/5Vf9VPXP3rf3vzr//t/+7fXe7/xs/+l1/r1/mXvnf20W+xt/db/cm/77/4j/6Dv+V/8/v9bn/E//m3/zZ//B83+oM//YX/wd/9L/4vf/3//Wv81n/gP/WX/3V/4L/5p/2H/zstAf5H/+P/8Yt/+h/8H//J/+OPb/7VP+z3+23qt2/+5X/1J/+yP2P8m3357M/++/+Tf/7Lf3z137z8t/63H/zDs7Mf/w/+1T/91//1D/6Js3/n9/gd/rP/4e/73n/6B/6Gv9+Tf+c/u/O77f2C3/pP3vlH/67f6M//jX/wt//7//nf/sf/vb/v9//F3+k3+xu/+yf/IX/wr/o3/+yfefI/L//Qv37+6/0z/8x/+y/+3Wd/+r/2R/27v9PsF3z7l9//K37zX/a3//pf3P/X/91fsfdPfP5v/5U/8VXxy7/7r/4Pn338/F/7A/71v+2f/cW/evL89V+0/hd/4r/7Jf/kd/7O37f6R3/9i//pi79r+uf/Kf/UX/pf/72/x7/x937rPxW5/xf+m99yfedZ9ddgNfw+r0Q/47Tb7/lP/27/0a/5e/0+v/Sjf+X3/33/pb+h/a/+h9/h3/8rft9f/xf8kwdH/8Rfc+fh7/bv/8l7i9O/7W/4537j3+s/+QP/yL/ud/5L/4izv/F3fvd//iM/83f/73/eL/2z/4bJr/xPf+N/dvZ7/9e/6OO/9MV//g8e/zH/0a/4638Tsuf/4KdX/3P5p/6Of9of+qevf8Wv/6/8rX/tf3XnD9j5X7/46Z/598t/8re8+m3/h//jT/hDv/8//wV/63+ydfQv/pLR7/d7/gH/yP4f9Wv8pv/m3/jf/r7/52/13fJ3/e0+Of19fqff8q/+1p/45yz/u62/9K+/8+qv/HV+81/x16bf+WR68j/9A3/9f/Jj/8jv/e/83X/i77H/L+z+Dv/nl7/8b/z+//Q//qN//I8/+6Nnf98ff/d/+NV/31/7p73+v/6Zv/C/ePun/uZ/3F/++bP/4Vf/zn9W+Rv/1P/+l+f/3n/2f/yG/9Mv/w+vf/A3/K2//feqv/83/ntXs19ZVcv/+9f4zq/41796+hv8Mb/1mz/g19j5Nf7yX/vX/rX/8t/6l/1vf9zT//af/XM+/1eyv+lf+kf/0T/j93hHKfQ/+F+i0O3XuM3/f+svv/u3/epf+sf/4vNH/+Kv/U8c/eXfJoxe/Av/1Re/8K/7F3+X/+33+pnt9T/73z96/bf/FX/it37TX/kn/S+/x0d/4Lf+1+R/ufs7vrt4+S/d/x//t7P9/A/c+qf/i7/zz9jLfumv+l3+/d/j3/yt/+rsf/7BP/7Xf/e//19/y7/8H/pdHvwpJ5/8Lj/xp+z+fn/BL/zj/ubf+Cf/8r/+V/4vF3/6H/43/k577SeH36v2Zz/zGXH+H09+29/74P/6I7b+t3/4//41fte//vD/+vv/xf/rD/vp3+OPaH7Dv/F3/g/+vW/9SX/LP/7JH/SL8z/4rz7a+QP/qbcvyGBTIPsX/w7/9U9N/9L/+n//nf74//DX/Pi//N///H/yj73/d7e/y6/75/61zR/7Rz79Y37h//Xf/ub/5v/02/8N3/2Hjn7Dv/lfb//D//7vz3/jf+/v/E3+8d/i2cE/dDD6JWcP/1uKxvb/6l9R/Vr/3d/x5Jf9nj/+Z330x/0Zv0bzJ/5Df+E/83dXv+7/8eRf/du+/E1/48Of+BN+0e/26/59f+vv8F+++/jgf334N/zU7p/7j/4e0//59/9eNf0b/ra/6G/+if/1//41fuO/7R/4N+/97X/s4dvf9I/99N/4N/6k323nr//Hfsef+PV+jX/qp/6HI3Iu/qk/9cH/efkn/qp/88/72//z/+Av/p9/m3/y1d/3B/9FD652f6/f4cFP/ILf8/f/l777l/4MOR9/8i+s/vf//nf5ZX/9X/NX/LU/8eUv+Y3mf9t/9W++XZz8x1f/xx/9E3/gv1n8Hn/+5fqf+Blyk//kb9393//7j3/Z3/Av/H3/3Xf/5//yv/kXv/z1/6//8Td9+u5f/Mf+r8e/qKAIdQq1+Yvvv/sb//H8/H/+w5J/8N2/m/4u3/8n/s6/+H/7q3/jv+CPW/yPo7/h1/sbk+vyD/s1/vB/8rf/+K/6L/+qf/zy3/iLH/1td+pP/qvVT/xjr//SP+qv/Rf++7/6j57+X3/6//yX/zlHv+ff9yf9l//nv/57/Mff/Qd2yXv7L/5Ugv6f/V9vX/0f43/pf1je/x3/wt/89/vk1/iP/4yP/tH/8W/9Xf7sP/LvrP6Jv+R/+yf/71/jd/lzvvw/mz/1V/315V/2D/zdv8Hdv+Wv/9/u/fq/7a/47f/5//Ov/AP/8V/wZ/+lRIrf4h/9v/5++vkvnV7vUZLt7f/9a/yd/+j//Wv8Rf/mX/df/d+/xv/y6/xNNKWUfvjlv/nv9/wf/F/IrfzvKUD9r+7/s3/o//bX/O/3/tbf8X8iB/q3ePSb/jF/z//5j//xf/7f8ae//V3/+L/hDy5+nxc/dvwP/S5/9P/11V/+H/+Lf+Sfs/1H/Lm/9n/4U7/7v/+f/kXF7/D7PflTHv2a/+of84/+b3/3X/Yvpn/zv/6XPJv/Jb/enW//Lld/3h/yS/6ef/2P+gfu/NTv9Rf/k7/Vb/N3/hY//T/+dn989tU/82fv/nH/5d/1Ly7/9p/+rX/B75D8kd/7D/7Dv/rP/fMP/pO/4r/95d/5N//P3+juH/7X/Lb/xL/51/ylv8b3/qlfg6LPv/77PNaf+vJX/yl/4P2/5vf4Df+V3+sP/J1+v5PVp//c3/G//Pgf+m//oX/DH/in/35eg7/hj/y/6Pcv/6X/4vf/X8Z/5t/43/yJ3/mX/8D/7Nf9KylC+dv+wP/9N/gbf+H//N3//ct//N+d/6f/2R/7x+bwt7/75H/7k3+9P/Yv/vyv/Ol/4+r3KP/2P+6jxa/9W4z3/u5/8cXuf/vm7/uxv/L7/9uf+E/c+9/+lP9l73f9E579Sb/Fwd4v+GOO/tBflfwTf/ydl3/6d/7Uf+df+A+uHvyNP/Xb/VH/6l/+5S/+a3/V7/0r/ve//q8iou/9j//X3/UP/l9/yE//85//ot/2L1yMfv//8Mk/+Gf949e/17Nf/Ft89zktRv+H/8tv9a9RAPbH/IH/1bO/9x/8nf/Af+pP/WsIubv/zSf/zN/3u/+Nf+A/8pv/J4f/1t/+O15/57fe+af+mqM8/c9+p1/wD/6fP/jl5LO+/G9/l9+4Wv+Gq//kt/+P/r2/+J/4Tf+DX/sv/Gf+/t/3q4e/5Kfvb/+l8/9lZ/3jv+Ls9T/49/2p/9I/879R6uSj//x//D9/yV/4f/6ab/+k/+n/+hOnf/X/cfr3/6vrb/9xf/Lf9qf+x1e/9eEf/PFf9b/+ehSS/2G/y/8yppzlv/lvEx1+m7/572v+sv/wXfOP/8n/21/45R/3t43/k2fp6k/8l/6I/7X6b376P737v/45f9OLf/6//2/yrT/wb/lX/qp//V+7+uUU5f1vP/kP/Db/96/xF/76//ev8Q/+j//X/b/9L/mvfoerP/I/+lN+509/y9+q/vR//XX/2dl/+jv/t3/qH/qf/Ad/1L/xF/+Xf8ff9yf8zM/8y3/NH/Hb/68Pf+t/c/5Tf99P/Q9/4q/3l/5Gi9/h+W/ym/8J3/6Hf/x//+5vnP/Rf9wf+It/8fVf8Mf/+n/4n/YPrt/+qh//Z/7c/+v3+v3/z3/gN/0/f72//8/5+17/4//97/FH/F+/8Dd+84/81I9/9Pt+/m8d/EO/0b1f8U/9jV/+T//hH/PX/cxP/Eb/y+/z+d5v8O3v/hZ/0MOjP+sX/p3/xD/y6q9M/ti3P/4X/tqvdv/qV3/eX/D3/XP/3t/4m/7P//5f+/v/zHfePv0D/sbDf/S3+Jv/u9/71/wL/42//x/5+y7+MZKC33v79/hv/5t/81f99S9+3//+1ReX+fkf88v/kr+w/Xz2+//H/+U/dvdv/ad//Hf87Vd/3H//f/zE3/nsf/9D/48//hc//sN+u9/7D/2T/7Z/89f/n18/+dW/9I/4c/68O3/2f/cn/ot/8D/9x/2K/+NPoEXco9/l3R/6q9/+I//B07/xz/1rd//zoy9/91/0v/yd//k/+R9/+Zv/6v/mJ/6Gv/OndrN/8Bf91O999bf+63/gn/xPdaKgv+h//tf/vi//50e/wf/wb376r+7/jv/EL/rTfrdf+1/8j376D/zDf5f/5dP/5vf4Ff/df/i//w7/xq/8x3/T3/j3/enf7Piv+73/iX/ly/Lv/d3f/PaTP/uf+vH/qvlV/+abv+Iv/uP/1su/52/+J5Plu9/xL//Fh3/O//1r/E9//c9s/9+/xtFv+n//Gn/gf/h/vP388//pT/hj/6J//2//N/78n/6Xv/NP/01/6o8/+F3+6P/1b/j86f/2N/4Bf0/7Ez/9P/2+2//aT//Wf8Hv/hv9Lr/z//7H/Q7/7eN7/8lf++Vv9U+uf/e/bO+f+JsOfv//YLr9J/95//Pve/8v/WP+mF/6L/+9P/ivfvBbffyH/nl/5t/6nf/rz/kLftF/8nv8qhFpkX/zn/87/68/5E//737b3/9//q8f/J9N9Z//fr/HwBff/WP/t+IHH+38/r9z9T/f+6d/KcX1FShAWYS/+Luv/+fX/9fTf4L++qP+71/jr6//w9/g9/jPHpAs/Zt/F1Hnr/2r/zeyVB9N/8B/8x/7A/+Nv+Nv/L/+r3/g2W/1e/xnv//dZ1/+T//i//X0e7/Hr/zPqNE/v/4V/9TP3COi/g7/4v/5q36PX37v+79kNfkH//jf4yd/cPDlf3TyL//Sz/+4/4PE4k/5k4v/67/7Xf7335o09r/4j/0uv+rOb/MX/g//MDr/W7/77O7/9ubv/03K3/Z//mt/8Bfc+5/+w//rO7/1f/l/NuQkPvmt/+L/+U/8P5d/6v/13/2Fv3r74v94QDD+8GtSzf8FdfmHz3+G9P/3/rL/k5zKf/stRfD/4Of/6i+/+HX+wP/s9/89fv9//Xf+bf+oHy9+6W+Z/eCP/Q2+9z/9mmd/w+//H/+Hf3j7e/xm86vf8qd/m3/ie3/U35DMvv3P/i///auDX59yjn/P4q+7+g9+s7/1b/uzzu/8ddM//o/8m3/PT/6Zv+2P/87//Wv8x3/jH/U3LO7+93/B987+rsN3/8Gv//nv90/+17/3yz/tL3/R/td/73d+5ecvPtr5w39q/dOf/BP/xi/9/A+kRPO/+Y/8h7+MUgi/8v/8v3+Nf+LP/U//2/lf93/9Tr/fv/t7/r2TPzp7+tv/C7/Gn7z71a//j3//N/l9/qI/4jcY//v/+frLP/vX+sP/6X/iy1/499z9rf7rv/Gv/d9+/5d/yx91fvbRP/Ob/uSvv/pd/qy/4Rf/G3/4tx/9m3/7//7n/zZ/8aPXb36Lv/8v+A/+yAf/05/7f50+/Af/2//6H/xT/s0H//Mf+H+d/DlX/+cv/gv/z9/gX/89fq3/7V/5TZO//N//E/7yX+e/+PiX/Kf/7K9dH/xHf8hv8tmv/5//Pr90/99Y/szpX3X61/7tf92f9Hv/SX/A3/Ef/h/H1x//sp/+5Xf+pT/vF/0Jf+lP/YLF89OHf8BX+7/is//mX/y/Hi9IJRLjfutPfHUy/jOvfof/87/4w/+1X/qt4t/Y/nu//Duyf+kf+yt/+W/9B/xBz37Tk9/vd//vP/kL/s+/8Xf8Baf/0w9Ov//69R9F7X7vX0pK6G/8/t/4j/3+v+o3+xW/x1/2B/7vu2//hYsHv/9v8n/84Fce/V6f/Xl/3L/7e/5HZ7/l7/Qf/S4/8U/+59/9+4r/dPY/H/0J/8YPvvjb/6G/408s/85X/9Rf9AfMfo2Dj//u3/q//df+0m/9WX/Wv/En/iP/3f/w7k/7a/+JP+O3aT/+nz/5a3/w5/+2/8iXv+q3/ht+Dxr3L/+t/4bf7+jo/p/3f/8a/+J/DMvxV/1vlPf76G//J//PX/Lg//pD/vZ/5n/7b37Hv/A3+T+O/8Tf50/Ym/7J/8q7f3Hy7Nce/5J3/+f8j/i7/pq/6b/5V3/nL3b+tL/yX97/wZ/4x/yD/9mrf+P3+G//mer//DX+zd/0f7r6vz7723//X/mf/l/P/uy/4f/4Pb/8zf+r/6V49Lv/8f/q97//u/4+D/7gP+z3/0/+iR/7F3/n/+0v/98e/Yd/z7/+Z/4D/9W/+H/94b/Pt+79lX/Yn/Pn/K1/z6frv/i7v/0X//C///v82X/PX/rvvftv/5M7/8rvd/V7/YbF7/xr/dX/1V/9K//Ef+1P/jf/6+/9fo/+p7/jj/1L/rdvFaPyoz/hqz9l53d/ePdX/t3/2b/58PH/8r/9jv/Jm1/5Z+4cfu9s9CfsHP3yZfNP/tW//f/5rf/71/jj/77p7/JH//I/8m/9l//7//IX/96f/vPre3/Dv/TrrX79/+K0rf+1//VP+z//wn/4r/wr/7n/4r/8K/+7/+ZXf/nH/53/7f/y6C/8w//B/+V3P/2/f43v/2f/1/rf+e5v+z/9TX/of/R3/UP//eM/CH/9mX/M//X4//zye+wuka/b/Pm/q660/Pp/7P/x3X998Teu/6vRX/xy9rc++Vv+6f/h3/vv/4/f469f/dZ/93/60Zd/3N/+M0Tdf/b//jUe/aN/41/7jx4/+eMmf+/v8rv8MX/un1+c/crkzj/1J/74H3Z6Pv2Xtv7p+//Ou5N/6Lf93/+Ov/R3+nf+8r/s3/h3fvAz//x/cecn/9T/80/6TX+PP/77P/U3/eW/oPhb7vzEn//71P/w7/z7/6N3k+PFX/kL/872D/4fxr/Vr/rWP/uPFX/BP/j6T/xn/v5f6/f6vYpf9F987x/73/7rv/vX/Kt//I//Xf/oj/7o3/rHf8/f+qtnv8av/Tf9ld/9Z/+Nv/5bf2tz8W+8/It/h/1/7Tf7Y/4a8vm3fudf47f7y/+SP+Yf+/fMcub7/P83+Kf+4f/692nevX36d/1p//Snf+r5/3A9yn6/t6/+mL/qn/mJf/tP3fonfv/f4u/+/f6Nf+Jf+cc//amf+kd/rf/96R/8B/7pn/63X/zN/8D6F/+9n1z/289+zT9j5x/7Tf+Jv/4nfq8/+z/4lb/JV2+/d/xrJL/Gr/FrHPwaPzn936rTP+V//O+rv/yn9n/Vv//3/WP3/sKf+tf+kj/nT/0T/rnf/bf7Z9uv/swv/ua/4D8e/8K/9e/8U2b/xL/9C3Z+n1/0r/76v/X2P/7X//3/2S/8Hf+sH/9z9upXp7/R7/Hjr/7l3+vP/hP/9MuP/o6//e/8W/+w08Wvs/onfpPLZ3/xs1/6h9BAv/j3iu/Bz/0ff9UvWPwe/+0f9wf+77/53/jm7/mf/tc/8Zes/9c/96/f+zfI9/0H/uc/5Mt/89/4u3+P3/Z/+x0o/D766A/9ib/j7/o7/4St//T0k9/14X/0p/5bv/jf/CXf/9f/24+/8+f8of/69ovf6LPf5q/515uf+vSvu/+bT3/PP+ovBpl/jeQP+W9f/C3/wLeW/91/9Of9jUn+x3169Gf/tfvf/S0Wh3/p3/2X/et/1h/1x/xRf5VGWn/NP/hvX/4ub3/17/9v/fX/17/65/8HV3/a3/vL/ts/7/yv/5efLMrf+OO/69/+8bPp/D87bbM/4id/+1/nl3xy9C/+o//70V/4i/7XP/aLT/+N3/4f/Af+5D/o8//tJ//03+pf+3N+8vmL3eV//1tP/tXyD/i73/5Z5X//n/75f+vf8+aP+/Ue/rd/6r/x9/2T/+nv8n/8kuL3+B/O/o9/4++f/F1/4S949+hX/uP3fp/P/rL/6Wn63d/4v/gv/7z/9K/49f/29j/6b7a+++rP/Vf/r1/zn/4T/rL/8o/809K//V/9ZZ9u729/8vpf/uX/dvW3/epf/Ef/Nv9G+jt8+x/+Pdqrv/6v+gP+mH/nt/4jfoM/5eBfy37it/01fulv/Tv/4X/vTxX/xt/xLxzP/+Jv/9O/84/9Gsnf/Pv+sj93+W/+S//1H/ZbffXf/1UUMP56f/hv+O//lr/Xv5b/Fv9B8b/+q//Uwb//u/0Bf+G/8Ff+Np/+sbPRP/63/R75r139qX9T+U/+FY+++mO+9Xf/5W9/37/g2//B/5r+7X/L3/43/3H/ZLH4rX6Df/J3n/yef9Ff+Pt967unf3Ly6I/4yd8u/eP+0Bd/yZ+6+G/2/5SffPbyf/oX/rDf/Zf9gX/L6O/8Ff/in/IP/sc/Nf+jf4df5/Srlzu/9bNf46/8iS/+mVf//h+z88dd/uQnv99//b/+4I978sm/+3svf7Pf6Q//03/t6S/7K/6t//rPeDTZ+73/nZPlX1f/I7/bb/gX/vXf+0v+zHt/+9/4F9X/xP/xb/xr3/rL/pz8D/s3n/w3v9cnV3/Xr/Obf/L0L/+Df+ff5Bf9Bd/693+rX/hv/KPFZ//EP/07/F6/4+cfffKX/kZ7f9M/9eP/0h/zNy7+in/r3753/6//8/++X/eP+O3+8d/u9/0Tf+arv2br7/3b/5B/+u/90xd/2z/7Gz78qe9975N3v1v2h/zL/9hv9Sf/it/6p/+YrcXf/w//bn/b51t/6rsH3/03//N/9R//+/+0f+cP+S3/rt/u0Z/8b/55f8Cf/P37f/9f//f/ZU8+mf/4H7H7f+z+VT/xq5L/cv9//LX+6x9c/NG/27/xF1//cX/d7/NnfPrjP/3b/Def/9L/4u/5Y/6dv+0vbf+if/f3+yX/3PxZ8eDVncNf/t999ac+/5v+jP/q+2f58lf+Gn/I7z7/g8s/4c/7T+/P/qDjX2f2C/6SP+OP+cf/jl/56dn2H/N3/D2LP/5P/Vv/nd/n3/2H/rmd5z/xh/9uv/S3/t3/eZKa3++rf+43/+d/QfO3PP2N7v3y+/d/q+bwP/iP/5m//u1v/r1/97j4Df6If+e3+4//qPbb/9rW7/IH/dXzv+RPvfodfvLf+quP/uysWX38F/wz/8Hv80fs/vg/9tf9o7/zw4/++n/59NN/9987+93/5lf/4e/1N/3tf96/WOXVb/VXpn/fL/rW3/wv/n6/51/5/eJ//e4//sW//5f9lv/9r/4Hyuxv/uX//O/zl/wJF7/43/t9/+a/HSLzx09Pkz/m1/jqJ/6gX+O/++Tjf+zq3/nd/4i/4Hf7N3+d7eU//7f/5Ld/5X/2q3+jn/zHJ+/+3H/0t/mlW3/zn/Dv/Pf/2R/3j/3qf/k//fH0l3/20/91/cv+hqv8P/vi91t+/k/9Df/HP1n8Dss/6H/9n/7D//ry01/6+/6xf8/D6R/1a/+J/+xHf8dP/xl/6l/+7/5X/873/4G/8O3f+0//4Zd/yD/5u/3K3+3/un/5p/37/9mv+Lv+63/iX/6p3+dX/fZ/5u/3O/3Lf+Pf8Ev/5fVf/u/8s7v/2d/79Md+j9//p/7WT2mMv9Uv+jKvRr/oF/0Of993nvyfv97BX/vm1X/5Z67+sz/h71l+9Nf8JX/4y1/rD/6Dfv3f8878L/nL/pa//X/48y/+6pP/7D/4d/7xX/QLmr/j6W/069b/wKf/6qj9F//If+cv+8lP/6R/9y/+zf+UH/897/3qf/y//f6fP/3f/tqzP/f7/9O//l/8ucv/6k/5537Lt7/H8R/5G/+fn/z0b/07/fSz//H3+kt/o9P736r/ln/9r/xVv9O/6Jvlf+d/+Sf+1Zd/0D98Xf1W//MvuPz2X/yH/wH/24//o38nrX785X/r3/Nn3Pmd/4u9X/sX/KI/5Nf4H3/53/Dn/LW/5f1v/St/2u//avW3/XvzZ7/l95NPH43/7L/ik7/+T//D//6/6xf9Ef/Lf/pr//h/8Jf/7f/qf/ffXf2SP+Vf+Q0e/J//47d2/u7//T/56/7l3/vvPvsf/vl/7aO/4/R7//3eP/n6jzr9JcVv/I/8Jr/nn/xrT//r53/nv/zL/93vPfjb/pB/5N/e/g//x3/sx3/H7/03h//6v7P1X/zpf/0v+bX/lAd//9/+u/4df9vf8bf+sf/M3/6HbP34v3D57A9+9ktW3/rprb96+av/+E/mf8gfs/UXZbCJL3+/3/ev/9P/vH9z/Df8t7/Fb/utP/bv/hMOf83/9vW//OS3/HdP/ovv/37/56/4/uR/+FX/6W/wb/4Wf9sf/uuXf8Gf/q//b7/pP/yn/jf/zp929YM/4y/45//yP/zjvd/iD/4Xy6uP/v4/8Vd//OJXn/3dv/rX/Rv/gh/80//5+D/93/6Tv+G7f+137y1/pz/tP53+03/5n/67v/4L/rK/8X/Z+rf+q/99+ef8XX/L3/x3/qH/wcE/9Hv8hT/195/+1v/53/Hv/r2f5b/1bz0jdP6ynb/kj9n6Nf4//v9f+//+t/8f5mFQU3VuAAA=" />
        <Entry handle="98" bytes="H4sIAAAAAAAEAO29B2AcSZYlJi9tynt/SvVK1+B0oQiAYBMk2JBAEOzBiM3mkuwdaUcjKasqgcplVmVdZhZAzO2dvPfee++999577733ujudTif33/8/XGZkAWz2zkrayZ4hgKrIHz9+fB8/Ih7/rk+/PHnz+7w8Tb/95ovn6cuvnjw/O0k/2r579+z0zbO7d5++eSrf7I137t49ffHRUfJ43i7Ko8fzPJvRH23RlvnR/s5++qJq02fVejl7fFc+TB7f5UaPJ9XsGu/tHnlt6K/k8erozTxP6/wXrfOmzWfpV6+ep3eL5WzdtPX13bK6KJb057Rcz/Lmbru8uNtM62LVNnefVfXiJ7OymGVtUS3HP92MV/NVepU16ZK6OEcXabVM23nRpE1eX+b1+PHdFZCo6Z9sNqvzpjk6XmXTeX53b7w33k+3vlss7+3dSV9+++Xd+/TJbvqaX0yzNi2raVbOq6ZNX1Z1mx7sPL5rYNAoeXw0ItAl+X8AiVEkXVIBAAA=" />
        <Entry handle="97" bytes="H4sIAAAAAAAEAO29B2AcSZYlJi9tynt/SvVK1+B0oQiAYBMk2JBAEOzBiM3mkuwdaUcjKasqgcplVmVdZhZAzO2dvPfee++999577733ujudTif33/8/XGZkAWz2zkrayZ4hgKrIHz9+fB8/Ih7/rk+/PHnz+7w8Tb/95ovn6cuvnjw/O0k/2r579+z0zbO7d5++eSrf7I137t49ffHRUfJ43i7Ko8fzPJvRH23RlvnR/s5++qJq02fVejl7fFc+TB7f5UaPJ9XsGu/tHnlt6K/k8erozTxP6/wXrfOmzWfpV6+ep3eL5WzdtPX13bK6KJb057Rcz/Lmbru8uNtM62LVNnefVfXiJ7OymGVtUS3HP92kV1mTLgn8OcCn1TJt50WTNnl9mdfjx3dXQKCmf7LZrM6b5uh4lU3n+d298d54P936brG8t3cnffntl3fv0ye76Wt+Mc3atKymWTmvmjZ9WdVterDz+K6BQSPksdFoQJPk/wHt3UM+TgEAAA==" />
        <Entry handle="96" bytes="H4sIAAAAAAAEAO29B2AcSZYlJi9tynt/SvVK1+B0oQiAYBMk2JBAEOzBiM3mkuwdaUcjKasqgcplVmVdZhZAzO2dvPfee++999577733ujudTif33/8/XGZkAWz2zkrayZ4hgKrIHz9+fB8/Ih7/rk+/PHnz+7w8TeftokxffvXk+dlJ+tH23bvfvXdy9+7TN0/T3/vbb754nu6Od9I3dbZsiraolll59+7pi4/Sj+Ztu3p09+7V1dX46t64qi/uvnl19x1g7eJl/XW79d4cz9rZR0e/cfKYe3y3KJfNZxE4uw8fPpTXpXGezfBzkbdZitbb+S9aF5effXRSLdt82W6/uV7lH6VT+euzj9r8XXsXbx+m03lWN3n72bo93z74KL0LMG3RlvnR47vykz4oi+XbdF7n5599VBaTOquv7568fn23aa/LfDxtmo/SOi8/+4j/buZ53n6UttSjdoQGd28C8/sv8uX6drDSm4FhpNn0duBuhgbUfv+mzZaz20HsIfh6VV8fN0Tm5i5+fZNNJvnsZbbMy+a9Id7YNBwFfXR3NpvV1WpWXS1X6HNsIRLMZloXq9YH8tPZZSaffpQ29dSB+uk+pJ9uPiI+kdZH7w3tp3/ROq+vZeY/DJJ8/oFABJ2xGeEQNH5t04zSewNdfgBydVYsJ9VVDykW+WW2IBhv8+urqp41nqAr43iNZrm8S9qm326SNbnyj+qcsppm5bxq2rvFcrZuWkJG295VpYPXqtn1jSNCg991e/s3Ts7Xyym6T7/44ve/zMpilrX5s6pebN1Jf3F69+7l/njnN07StDhPt2bVdE3c0Y4v8va0zPHrk+uz2Z1fjAZpepnVaTFajX7RaLkYtXnTjpbrxWhRLEeL7N0or+uqbj77+ONRVl80n3V6G9OHDLs5FGDnVZ1uFZ/tHKbF4y28MS7z5UU73967Qx998tk9oIdOPsOX3ys+2fv+IWFQfjaA5JY0+/4dhS8johcAZ7n4jH4bY0oO+XN8wR/R/9f5nd+VpoTamTflXXQ+pmnI3315vvVx0ZwusqL8mNpu7wLmit+33/+eH7ueDYTV4930Z36GWn6G/swAd+/cSYVYn3z28Xb68SfLxScfpwuabWYQYrw0W6b5NrpLM9IAedOMf9/lxx74X5IS4+cWy9/1s49ffczjXC/Sz9IVTMyzsspaHn8PraJ5kb3gr25GBCAned3pP0qg5atseZETHr/rZ6khUdjkUYdGaUrMI22a9YS4vVhebB2MVsQBxFHdL1af7HZfBxaE4GMCA0LTS4/pz1uPKp3k7VWeL6kRQaBWZHLwe/buk4+DEf8S/i+g+RiW/Ljd2rmTfvZZyvSXXtNP6E/TL4Ckv0TA/BJ+VxrdSbMyr9utj1+WOZQAMTGhw8xoaWQZnUSpztt1vfxJfE8TrEC4Y27+S9DH3bvb26wprLYCHPpgVlymxeyzjybZcpnX0Aw/Zj8rLvC3jBIv0O/y433/e3yXQB55vbEVd11KF4/Xpf1dnx8jO5tOy6xpRIltr1ervJ4SVUjzZqoenTpkZhqv5qvfY1HNPiuWbV19ZF4ng01uF7tRJNAY5499XvzHf++fW6TtnH7+kWvT5+O7WReND0REPKB2EyrPi3/0r1mmc8LjZw+NX5Q3m1D49n/89/6JRbqd/mN/0j/6F69+9rCY5+VqExpv6v/47/1L04viH/17NiNBn5aF4527yjyG1fhDn922VcAdx/0YMRx/vcwui4sMdvALaiho/NjjKctdpGOLAPW/abhuYGa4SzJ2Wek6QZxyQW7/f/z3/pUBYBpvMLpb903hyyy/u6qr2Xravg8mr//jv+cvXaar+X/89/zVi28Slcn6vQhyMv9H/6KK9HH2TeLQ5GX5/khM/tG/ePlNYjFZN8R8FAG8ByZPq2w5T5cXrKBWQVcfiE2T15fFNH8vZP7jv/ePnc7Ty//47/3Lv0lMsjV7oB0toZ/ejNU/9if9x3/PX76GvviL3xeru1bCSdpD/ZGybbSqxI8fHf5fM/wWl/1H/vmP/PMf+ec/8s83+OfON7/4/fc+OoJGIsFbpBmrBF8TNXlWT+e+Mqcsw5zU6EcXUECSbcC7ux8xQP21WtIELQrKOXTVy8eUv9j9eET6AMQ5lBEMDYrVlcG1ybeLpXhY3mdATz78Mfq8WK7WrWJFyt5oyHkxm+VLwZA/ZpLa11lvypQqBKc8bVszWOBPiZviB/T7/n1KxOXFxZwGurcn8Pl7A/DHHpOLkE8NSvSda7Xn4hP/eVxx2sZ0qx7XR0e+H/X4rjQasEEdEPBSPjpyvsf7vU1+lnmZvKcN7z6GO0RjdbTsjv2eHfs9b+yd/jJCNpU3c55h+Y0IINCm1Zqir+v3G8TuR0c/CU+nTV9kjnradsiQd2DQfL0g6v/17S3eD2jhBw6OdSfrtq2W2xzZ+ExXLLKLXDODvutPmuA8m8K/As+Of3p1YbnM9uB+Qg6l8/nuEQn3EoQrq/qzj378GT07Ox8dvaxW65Js92sGmDeP8NayjbR+9ox0xBf/6F98rQ7jH7wcpQv8+e4f/Xumo/Rdni7/0b9keaEfvv1H/+pqlI7H49QAvEs4OOTCpPkGp+e98/uqLNSfeztfLy8URhtoEv1sd3NM+dGRF0TB6/uFy0mzOvyFdfaL1tWh/PGP/Un/2B9KTZbgi1UvF6H9sKC73If59PffdeGi+Y59UuuRTrLp24ua+H32+8sXFoX8QhH4ifU15iMtKbQt0rdz5ByyBTmtGf3yj/5F5ONfcvx/yfmIy+UbeMb3Pt15JK8HrOlzp+aMPRTZi/2xH+NW5P0qJpN1WSoqb/7jv+cvrtJLIghpqX/0byGytBRw/83TtCUc/55/cEmErNIw7hilJ+RcL+fEPWP1qTf1oNS+/Ef/ovQXrVkdlv/o3582foA5pbnKfjZ6mf6jf/EUJP3bMK4CgzHqdKS/s3a8Efrn//Hf+9cX6fU/+tesCde/569cKwjvA8So/9ifzBR7O6de5ykmEr3STC/SJbCLBCDx7n6SRrH4j//eP5sWNP7jv/dPpgH57EIk+8tX6ew//nv+Wu1KpPamPEsNgwebUACnv+cfbCMhkY169C8vdTIkJcYTiSqHYjkt17Sqcbd5Wyybu4t3b6sSCpbU8L3bKQhyXGZFpvalu3TX10JYUXuf0KsH3V9HioxjWi0WFJvSmg+WY95zNelmoOu2KIv2+huCK0QXcnwQxLK6KJYObru80Feau/AOf1I8RZrUH143Y0lR3HpEg3F1mv5eb37/Zz/55fc+ftv+/jzQ339NyZCPv0+u+S+usVRf57NHpBTX+YihPEo/BpiPf0n03RWZACz03ep9B+H3J4eRUqZtkTff+3hZvSFhvcjrhqBQALJ7uKFhtmzE//cah1EDxwjG/1/RcmHg86vRIug0rfiMw5GPbFAxvNYYqhcefmCv6acQpdNJm01KjhGcAbVNyXJFjTOroF5r64sLJO2Ff2jPnm4bakNd/l7/6F+fzsj2dO2q9tl/Z6/j/UnIoR6zz0bqOocf2dBEwpG9+34o01e90b8/aLxfwB8m20G2d90f861HbXi9N3L3RTB69/HNFPgGCDA8/s/JBhJ//b1/rrpTMqhUh0Ve9fTtpHrXG1ZN+SlkGhZ5Z2D+FzZ06YyoO4AfC4c7SPEwtpX4vIuZRvHen4pFIEvA6Bsg6wa+utkHyS+KpsWKi2L29h/968UNeS8m7HdjLJTfGSmzi6p1XHf0E2v41IuA+ft9d/7uuD/dUG3YL+JgWf1vTngXi4uuYV2vKLE3a+5ms0vo9IYToHd3f//nX37+ZfrmJ9M33/4qffHtL7cO7nDkmF4Vs3ZOCYyDHZfBeLAjE2sduffrrCHbne+/D3jxEbsUcb+Fy2y//6RSO2vDEX+W5WO3fMgLgJsDPLcE0FKaOCccf38K2897gV9Xowae7o/ZX27T+c3LaB1UwrTPzwIuQ+toHTy8DNDPAhKDC2lRLCSJ9bOAxsaVtA4qYYz5s4LOpqW0LjZuCe1nBZXbrqV10PLW0L5htEJEKD1WV8NofF5w+qPluVr/rGJi8k2DuDznfAyplj/yZxWPX5Q3wzh8+z/+e//EIt1O/7E/6R/9i79p1g3RmOflRj1LeQhwx99zKyzYYPhN3vcJjIyxLau6uKTVCYkjKFP5j/zV6d7Ozn3oukm2HC/zdvwbJ8RBf89ffo3E1l+9SucVpbpaJGn+3j+b7AQyK4/S3Yef3v385faTE1rMSJ/QN+lPfvvNG+R0/vIVAby7u3MXYMePJzU7dFdXV2PXBeWX/lYK7Tjds2Q2pVzWHNkaSqe1ZAMKL/k0Tn8v+R0W6o+lFBL1QY7If/z39kAsoS7b//jv/Ws1f0WJK/roepz+3jngmwQOaNPJ0npuyGp1rSkfpdBJpZ+kL6qWFFTKJNvdSSfX6U8utznHOKZcRD/xe7u1aawov8kmk3z2MlvS8touRcDL/Cp9vaqvx98tZsRCY//7rY+C1h9h7au/7PX47qSaXfMv83YB9+H/AQ2d5X76LwAA" />
        <Entry handle="95" bytes="H4sIAAAAAAAEAO29B2AcSZYlJi9tynt/SvVK1+B0oQiAYBMk2JBAEOzBiM3mkuwdaUcjKasqgcplVmVdZhZAzO2dvPfee++999577733ujudTif33/8/XGZkAWz2zkrayZ4hgKrIHz9+fB8/Ih7/rk+/PHnz+7w8TeftokxffvXk+dlJ+tH23bvfvXdy9+7TN0/T3/vbb754nu6Od9I3dbZsiraolll59+7pi4/Sj+Ztu3p09+7V1dX46t64qi/uvnl19x1g7eJl/XW79d4cz9rZR0e/cfKYe3y3KJfNZxE4uw8fPpTXpXGezfBzkbdZitbb+S9aF5effXRSLdt82W6/uV7lH6VT+euzj9r8XXsXbx+m03lWN3n72bo93z74KL0LMG3RlvnR47vykz4oi+XbdF7n5599VBaTOquv7568fn23aa/LfDxtmo/SOi8/+4j/buZ53n6UttSjdoQGd28C8/sv8uX6drDSm4FhpNn0duBuhgbUfv+mzZaz20HsIfh6VV8fN0Tm5i5+fZNNJvnsZbbMy+a9Id7YNBwFfXR3NpvV1WpWXS1X6HNsIRLMZloXq9YH8tPZZSaffpQ29dSB+uk+pJ9uPiI+kdZH7w3tp3/ROq+vZeY/DJJ8/oFABJ2xGeEQNH5t04zSewNdfgBydVYsJ9VVDykW+WW2IBhv8+urqp41nqAr43iNZrm8S9qm326SNbnyj+qcsppm5bxq2rvFcrZuWkJG295VpYPXqtn1jSNCg991e/s3Ts7Xyym6T7/44ve/zMpilrX5s6pebN1Jf3F69+7l/njnN07StDhPt2bVdE3c0Y4v8va0zPHrk+uz2Z1fjAZpepnVaTFajX7RaLkYtXnTjpbrxWhRLEeL7N0or+uqbj77+ONRVl80n3V6G9OHDLs5FGDnVZ1uFZ/tHKbF4y28MS7z5UU73967Qx998tk9oIdOPsOX3ys+2fv+IWFQfjaA5JY0+/4dhS8johcAZ7n4jH4bY0oO+XN8wR/R/9f5nd+VpoTamTflXXQ+pmnI3315vvVx0ZwusqL8mNpu7wLmit+33/+eH7ueDYTV4930Z36GWn6G/swAd+/cSYVYn3z28Xb68SfLxScfpwuabWYQYrw0W6b5NrpLM9IAedOMf9/lxx74X5IS4+cWy9/1s49ffczjXC/Sz9IVTMyzsspaHn8PraJ5kb3gr25GBCAned3pP0qg5atseZETHr/rZ6khUdjkUYdGaUrMI22a9YS4vVhebB2MVsQBxFHdL1af7HZfBxaE4GMCA0LTS4/pz1uPKp3k7VWeL6kRQaBWZHLwe/buk4+DEf8S/i+g+RiW/Ljd2rmTfvZZyvSXXtNP6E/TL4Ckv0TA/BJ+VxrdSbMyr9utj1+WOZQAMTGhw8xoaWQZnUSpztt1vfxJfE8TrEC4Y27+S9DH3bvb26wprLYCHPpgVlymxeyzjybZcpnX0Aw/Zj8rLvC3jBIv0O+PM9VJTgfxDI5X89XvsahmnxXLtq5+YUmz/dllkbckVaQji8WFKFH31nmZXTR3L5fji+L8o/SqmLXzzz7au08mMy8u5qQGd8kDmpAKzevPPtqBnnt8N8MI3gMBEqmyaOabEMjfGwGlxPv+9/guUfXIIzg7Mo7qQuXH69L+rs+PkauRTsusaUSPb69Xq7yeEmPQuG5FjI/M6+SzkOfJniTpNEz1j31e/Md/759bpO2cfv6Ra9OnjjR8PggRcQLbTag8L/7Rv2aZzgmPnz00flHebELh2//x3/snFul2+o/9Sf/oX7z62cNinperTWi8qf/jv/cvTS+Kf/Tv2YwEfVoWjnfuKvMYVuMPfXbbVh3nOO7HiOH462V2WVxkcAW+oIaCxo89nrLqiXRsEaD+Nw3XDcwMd0n2PitdJwjVLijy+Y//3r8yAEzjDUZ3674pgpvld1d1NVtP2/fB5PV//Pf8pct0Nf+P/56/evFNojJZvxdBTub/6F9UkUnKvkkcmrws3x+JyT/6Fy+/SSwm64aYj4Kg98DkaZUt5+nyghXUKujqA7Fp8vqymObvhcx//Pf+sdN5evkf/71/+TeJSbZmJ7yjJfTTm7H6x/6k//jv+cvX0Bd/8ftidddKOEl7qD9Sdg+sKvFDaIf/18xASNTyoxDlRyHKj0KUH4UoG0IUF55c/P57Hx1BI5HgLdKMVYKviZo8q6dzX5lTomVOavSjCyggSbjg3d2PGKD+Wi1pghYFuftd9fIxpXB2Px6RPgBxDmUEQ4NidWVwbfLtYikelvcZ0JMPf4w+L5ardatYkbI3GnJezGb5UjDkj5mk9nXWmzKlCsEpT9vWDBb4U+6q+AH9vu/FNXt7Ap+/NwB/7DG5CPnUoETfuVZ7Lj7xn8cVZ65Mt+pxfXTk+1GP70qjARvUAQEv5aMj53u839vkZ5mXyXva8O5juEM0VkfL7tjv2bHf88be6S8jZFN5M+cZlt+IAAJtWq0p+rp+v0HsfnT0k/B02vRF5qinbYcMeQcGzdcLov5f397i/YAWfuDgWHeybttquc2Rjc90xSK7yDU56rv+pAnOsyn8K/Ds+KdXF5bLbA/uJ+RQOp/vHpFwL0G4sqKY+8ef0bOz89HRy2q1Lsl2v2aAefMIby3bSOtnz0hHfPGP/sXX6jD+wctRusCf7/7Rv2c6St/l6fIf/UuWF/rh23/0r65G6Xg8Tg3Au4SDQ85k+W90et57iUOVhfpzb+fr5cXvL6G6r0f4E2IIjdHfSIzeSyRwM5bRxysDckV2t2Cg55UFYIJ8cl//4HT6j/5tFHe1xJ6royA/YXigk6ioWiMJPxZJUqRhRMwx7W0Dw5Y8H1r0+uj3J048/+jICwj7QW/Hn/2x9+r85siwg0qoyX4WcBkKDTt4eErtZwGJwdgwioXo5Z8FNDYGhx1UwqDwZwWdTdFhFxsXFf6soHLb8LCDlhcWfsNohYhojnEIjVD5fG1MboOJTTIO4eJSjD+reHCWcQiHIMf4s4qGpBmH9axNMt4GC84O+E3e9wnsqrEtq7q4JIdblh3I+P4jf3W6t7NzH7qOUuPjZd6Of+OEOOjv+cuvSQ//o3/1Kp1X//Hf8xe36T/2J//Hf++fTXai+Y//3j/5Ubr78NO7n7/cfnJC/nn6hL5Jf/Lbb96kU3pvRQDv7u7cBdjx40nNLvTV1dXYdUG28G9N2/of/YtJiJfMpguyP+vr//jv/UOXaUs2ANwr5rJYjtPfS36Hhfpj1+mE+mjTt//x39sDsYS6bP/jv/evJfh/8RTv4qPrcfp754BPQGlc/2AL2nQcD0ueabVaXddw2y2FTir9JH1RtaSgUibZ7k46uU5/crn9BhpjPK0WfV/mdukWJEn8FfRditeW+VWKlfXxd4sZsdDY/37ro6D1Rwjn+pHc47tmXfruvF3Affh/AJr2ZeLQIwAA" />
        <Entry handle="94" bytes="H4sIAAAAAAAEAO29B2AcSZYlJi9tynt/SvVK1+B0oQiAYBMk2JBAEOzBiM3mkuwdaUcjKasqgcplVmVdZhZAzO2dvPfee++999577733ujudTif33/8/XGZkAWz2zkrayZ4hgKrIHz9+fB8/Ih7/rk+/PHnz+7w8TeftokxffvXk+dlJ+tH23bvfvXdy9+7TN0/T3/vbb754nu6Od9I3dbZsiraolll59+7pi4/Sj+Ztu3p09+7V1dX46t64qi/uvnl19x1g7eJl/XW79d4cz9rZR0e/cfKYe3y3KJfNZxE4uw8fPpTXpXGezfBzkbdZitbb+S9aF5effXRSLdt82W6/uV7lH6VT+euzj9r8XXsXbx+m03lWN3n72bo93z74KL0LMG3RlvnR47vykz4oi+XbdF7n5599VBaTOquv7568fn23aa/LfDxtmo/SOi8/+4j/buZ53n6UttSjdoQGd28C8/sv8uX6drDSm4FhpNn0duBuhgbUfv+mzZaz20HsIfh6VV8fN0Tm5i5+fZNNJvnsZbbMy+a9Id7YNBwFfXR3NpvV1WpWXS1X6HNsIRLMZloXq9YH8tPZZSaffpQ29dSB+uk+pJ9uPiI+kdZH7w3tp3/ROq+vZeY/DJJ8/oFABJ2xGeEQNH5t04zSewNdfgBydVYsJ9VVDykW+WW2IBhv8+urqp41nqAr43iNZrm8S9qm326SNbnyj+qcsppm5bxq2rvFcrZuWkJG295VpYPXqtn1jSNCg991e/s3Ts7Xyym6T7/44ve/zMpilrX5s6pebN1Jf3F69+7l/njnN07StDhPt2bVdE3c0Y4v8va0zPHrk+uz2Z1fjAZpepnVaTFajX7RaLkYtXnTjpbrxWhRLEeL7N0or+uqbj77+ONRVl80n3V6G9OHDLs5FGDnVZ1uFZ/tHKbF4y28MS7z5UU73967Qx998tk9oIdOPsOX3ys+2fv+IWFQfjaA5JY0+/4dhS8johcAZ7n4jH4bY0oO+XN8wR/R/9f5nd+VpoTamTflXXQ+pmnI3315vvVx0ZwusqL8mNpu7wLmit+33/+eH7ueDYTV4930Z36GWn6G/swAd+/cSYVYn3z28Xb68SfLxScfpwuabWYQYrw0W6b5NrpLM9IAedOMf9/lxx74X5IS4+cWy9/1s49ffczjXC/Sz9IVTMyzsspaHn8PraJ5kb3gr25GBCAned3pP0qg5atseZETHr/rZ6khUdjkUYdGaUrMI22a9YS4vVhebB2MVsQBxFHdL1af7HZfBxaE4GMCA0LTS4/pz1uPKp3k7VWeL6kRQaBWZHLwe/buk4+DEf8S/i+g+RiW/Ljd2rmTfvZZyvSXXtNP6E/TL4Ckv0TA/BJ+VxrdSbMyr9utj1+WOZQAMTGhw8xoaWQZnUSpztt1vfxJfE8TrEC4Y27+S9DH3bvb26wprLYCHPpgVlymxeyzjybZcpnX0Aw/Zj8rLvC3jBIv0O/y433/e3yXQB55vbEVd11KF4/Xpf1dnx8jO5tOy6xpRIltr1ervJ4SVUjzZqoenTpkZhqv5qvfY1HNPiuWbV19ZF4ng01uF7tRJNAY5499XvzHf++fW6TtnH7+kWvT5+O7WReND0REPKB2EyrPi3/0r1mmc8LjZw+NX5Q3m1D49n/89/6JRbqd/mN/0j/6F69+9rCY5+VqExpv6v/47/1L04viH/17NiNBn5aF4527yjyG1fhDn922VcAdx/0YMRx/vcwui4sMdvALaiho/NjjKctdpGOLAPW/abhuYGa4SzJ2Wek6QZxyQW7/f/z3/pUBYBpvMLpb903hyyy/u6qr2Xravg8mr//jv+cvXaar+X/89/zVi28Slcn6vQhyMv9H/6KK9HH2TeLQ5GX5/khM/tG/ePlNYjFZN8R8FAG8ByZPq2w5T5cXrKBWQVcfiE2T15fFNH8vZP7jv/ePnc7Ty//47/3Lv0lMsjV7oB0toZ/ejNU/9if9x3/PX76GvviL3xeru1bCSdpD/ZGybbSqxI8fHf5fM/wWl/1H/vmP/PMf+ec/8s83+OfON7/4/fc+OoJGIsFbpBmrBF8TNXlWT+e+Mqcsw5zU6EcXUECSbcC7ux8xQP21WtIELQrKOXTVy8eUv9j9eET6AMQ5lBEMDYrVlcG1ybeLpXhY3mdATz78Mfq8WK7WrWJFyt5oyHkxm+VLwZA/ZpLa11lvypQqBKc8bVszWOBPiZviB/T7/n1KxOXFxZwGurcn8Pl7A/DHHpOLkE8NSvSda7Xn4hP/eVxx2sZ0qx7XR0e+H/X4rjQasEEdEPBSPjpyvsf7vU1+lnmZvKcN7z6GO0RjdbTsjv2eHfs9b+yd/jJCNpU3c55h+Y0IINCm1Zqir+v3G8TuR0c/CU+nTV9kjnradsiQd2DQfL0g6v/17S3eD2jhBw6OdSfrtq2W2xzZ+ExXLLKLXDODvutPmuA8m8K/As+Of3p1YbnM9uB+Qg6l8/nuEQn3EoQrq/qzj378GT07Ox8dvaxW65Js92sGmDeP8NayjbR+9ox0xBf/6F98rQ7jH7wcpQv8+e4f/Xumo/Rdni7/0b9keaEfvv1H/+pqlI7H49QAvEs4OOQIq060XrWGHX4sEqmnYVjIgd1to6OWzD8te3z0+9N0nH905EVF/civ49T92Ht1fnN41EElFOefBVyG4qMOHp5k/ywgMRggRbEQ5fSzgMbGCKmDShgZ/aygsylE6mLjQqOfFVRuGyN10PJio28YrRARTbQNoRGm2X5WMbGZtiFcXJ7tZxUPTrUN4RAk2n5W0ZBc27CetZm222DBIbLf5H0f37hY27Kqi0vyOiXxTBboH/mr072dnfvQdZQfHi/zdvwbJ58X//Hf85dfkx7+R//qVTqv/uO/5y9u03/sT/6P/94/m+xE8x//vX/yo3T34ad3P3+5/eSEnNT0CX2T/uS337xJpyQAKwJ4d3fnLsCOH09q9iOxfu+6SKf/6N+atvU/+heTEC+ZTRdkf9bX//Hf+4cu05ZsALj3H/3bqLe2WI7T30t+h4X6Y9fphPpo07f/8d/bA7GEumz/47/3ryX4f/EU7+Kj63H6e+eAT0CL//jv+Qdb0KZjfS15ptVqdV3Dd7UUOqn0k/RF1ZKCSplkuzvp5Dr9yeX2G2iM8bRa9Az6LXMOyBT4a6i7FLQs86sUa6vj7xYzYqGx//3WR0HrjxDT9MOZx3fNyuTdebuA+/D/AG4B57fSIQAA" />
        <Entry handle="93" bytes="H4sIAAAAAAAEAO29B2AcSZYlJi9tynt/SvVK1+B0oQiAYBMk2JBAEOzBiM3mkuwdaUcjKasqgcplVmVdZhZAzO2dvPfee++999577733ujudTif33/8/XGZkAWz2zkrayZ4hgKrIHz9+fB8/Iu7e/U52mTXTuli16VfL4iePn6ev8qZa19O8+Y2Tr16c/f5f5E2TXeRN+ln6i3/JYfjZ9z6u81+0Lup89vH3087zWfrxm3menhd5OUuLJjUtxx/3gLTXq7wPQIG8LPOsydN82eZ1mqWXWVnMUrwRAXRe1YusjYEaAvS7NzF88nft7x9FCIOiLwdeyRdZUXbfo1dOt/mL+EvT6e9/kS/zuph6b9JLJ0Srok1PsnqWvlgvJnk9DOCyaLKwXwLwk/Rh+j5QFllDpJlSUwOLoHxhP3wvWNkCI8qW+btVTV8SQIJ1rB+mp/Lpe0GcFc20uqQWdpwE8al++J6QiNzNtFxPvHE+5Q/TE/r09sB+UKz6k0fAfursZXpSzfINr62b+70Z++p1at5Mt+6ns+KiaJs7G4E83Azk4S2A0IRkM599wHz8WfpTxerGcbztMDxQ+L3Sl1XTToffXM2rZU/kIaP4fDPNm2YZVTavq2mRlenrfLqui/Z6M5B13ZNTwfzV84E3ilVEIdAbROrN/FaVVf37z/N3/uugMD5Pt76dv8tm+bRYEOqivYamSgB1uM0CekECl259N58MQ1muWfwiio2gDI3BvFQsu2oVYydVenHDW7//qmqKtrjU2cYc6wfp0Osfmdc98fro+6bTYdmaVetJmf/+52XVtQH02jP+dOM7Iao+pkMvZ20+aCee0pcDr+Cf3mubX2mLRfSVN/h8uJfea9pLG32NDMDbwfGQvVxH3qlpCt+tYm8Nv8P8vCjichya6TbFny3Z6XQ6z+psSp8OmuxFFkhZHOSyShdVnaftnAzRrcBO8vYqzzvYdsFqI0DMlrMbAVftPK+jNOiRIGUqphd1nuFvxXsYZoQIQzBLevdGgLHhDwHsUWHASfv9r7Lm919Us4LcQ+c7EtTfp1qnC9KIaVORQiMSLumdtK0Iy5xV2zg9O0+vqdWqrqZ5PhulWVnahlcF/TGhgZH5GX98+P8AKUxX598KAAA=" />
        <Entry handle="92" bytes="H4sIAAAAAAAEAO29B2AcSZYlJi9tynt/SvVK1+B0oQiAYBMk2JBAEOzBiM3mkuwdaUcjKasqgcplVmVdZhZAzO2dvPfee++999577733ujudTif33/8/XGZkAWz2zkrayZ4hgKrIHz9+fB8/Iv7oly8+/42T3yH5NX6NX+M3Pvv201f085+i/z/7DX4t+vfX+4OeZ7/Gr/Gb/PlnT4/fvPvz/vWf+sVv/rR//be5+Ov/7oPm1//1/vn55Lf68/7gf+3X+Qt/s5d/6B+19Qu/dfRPvfyJnxm9/sV/6E/99Pd/l7/6V/0zr773K/+M3/Sv+2v/jH9z/+7v9h//+O/9V/wJ+a/8qb/nd/v9/+yf+v4Xv9XL/+Wj/2Tnn/9z/vZ/4Ff/k3/d4S/9pf/hr/oX/u3/8n/+jf+O//vPeXjxF/79f+DFX/gf/tu/+C/8g3+z//o3/d3Hf+Zv+Kt+1//pV/zS3+yj3+3P/Gf/8V/j4H/7xU9/8Ov8eo+f/rZP/55/+pecpn/3f/Ubj36D3/HP/Hv/pP/we3/723/u2//RyW/4m/23/8BHf+RHqyd/U/Y/7P+Vf+Mf8Ef8Cf/Gn/nk9/9Tf+9H//1x9tv8V7/u3/gL/7Df/s/7RX/am7/zt/lbX3/6J02+fPruP/ut/5D0z/gFf9q/8rf80//p7/Xm6nf/x36Tr37pn/JX/tO/zT/9H7558W//Zt/6o3/dP3rve//j2f4/+/f95D/1n/+nv87J/p/wd//UP/e96T/wW/xG//Wf/e6/+nP+8j/p4++e/PLf9T9qf4tv/xG/2d+V/wF/98XfsPfP/Tmrw99s7z/68d/s13rz637rN/s3f607337zsnnzB+T/2v/4+/3N2W/2W+z/1I/9Af/R9h/+j/3yv+G/Pf3P7lz8bf9n8r/8cev//m9Of4O/+q9ov/N//CXjv/Iv+9enu7/BxYN/6PUf9bt+e/5b/nr/2C/8Q/+EP+w3/sP/9//m1R/+5Lt/x7/8g+P/+9/7Nf7tT3/r3+GP+oX/0p0v//zkd/pr/qF/4Nf5La7+ml/wh/5Tj7d/3X/nz/otmz/41/qtj5Z/zJ39v/kP+qf+qvPdi9/zT/9N/6iP/8q//Q/8I/66k+/9BX/b//YXH337j9v7pb/Zf/0n/7J/4eTJH/MvPx3/xKf/42/3W/5PP/2P/xm/6W/3k8fpL/rJrd/t4/9p50/65/6Njz76BZ/+Yf/2o69+z+3H/9Cvc/wn/81/1r/6a/x7f86v8xv8Vb/Zb/QP/Xd/+H/5Zz/6B97c+e3/1N/5Dz77datf56Mnr36Nf+Xbf9S/8ef9T3/pf/73/d5/1t/6L09+jX/5L/2r/r4/9u/+55PHf9t/9xd/5x/9k36nf+Ls6d81Px99+8de3v2XD//V/+iP3/kjf8f5H/Mb/+nt3b/2P/uJf+Td0xe/5q/4Xf/T/+MP+Tv/uv/ub25/rX94VP7Vf9S/+uPNH/wH/Wa/wd6Tf27xx9z5m3/Nf/hP+8V/15/0i0d/1K/9x/0Jf+D/9I/823/hd/+5Hzz4Pab/zb/65fMf/Opf8Q/e//Tfe/bTv9bbP/j/+If+s1//7N/7Df+J0S/6dX7v3/9v+73/8P/4N/7NP26+9Yf/lbvvfr9f/6Pj3/I3/C1/qz/6vzj6VX/5u//8z/gb/sAXzb/z6x3d+7t2/srPf+kf8k8/fPxX/0X/9r//G+3+Jf/r6ePf+q/5l+a/6A/5p7770a/3C/6Kjy7+7T/qP3j1l/xuf8bW81/z8G//19d//0/9yv/zv/1LJn/if3n1f/9v/95f/Xv9Fs//hf/+H//L3/wPf9J/9l/8db/5P9b+VX/5H/H8z/723/q//Yur+vf8tf7yT37Z/M/8k36v3/V3/E1+1V/zf/++/8dXR//XP/urfq8f+4X/5X/7+re592/9Vh/9N4/+8j/rP9//x1/+3f/T7/5rVX/8w9/2r/prP/0T7//hv9l3ftf/4Hf5zX+dvb96/9N/7zf5zX7DP+W7f9Zv/tP//h/w15f/5K/3a/92v/23/7qdP/R/+t/+1X9j+V/8+D/0e/0G/97k9et/9Z/Y/m9//z/r4X/+p//df/hf/p8f/v2/390/95+d/v7f/d3/rD/vN/xj/ox/Zfzmj/yD/uzkf/vL/vC/7TcdPZv84h/76Nf4w/+c3/OXrv6cX+tPf3L2p/w3f+Bf+z/+63/v7/Xf/lc/+Y/+sl//N/4Xf5df/nv++q+/c/4n/jn/zts3/9v/8Yv+wsP12Ze/11/47/w3j579U1u/7eR7v9kvOPzH/oY/4Y/8df65f+wP/xv/lb/zt/prPvv7/+b/7u5//Ok/+i/8i3/Hr/4H/4L/83/+505+0X/8q/7Uz/+VJ4+v/pcnD5r/8S+/95M/8Rf/Rk/+1h/b/6Oe/66TX/L9/+1X/Zn/6X/4F/49v+o//PW2f6Onv/m/cu/XvTP9z/+E3/m3WN77p/7Z//Av+pP/z3/39/h3/ow/6vmf8C/+l7/sj//On/vnZf9i8Xdd/7E/tv0Pf/df+uv+59lvcvrX/pX/xn/9Jx+l/9p/8xv87Y/+ll+W/AOf/dI/JPnt/pW/9P/4Q/+c5gft//Cn/O/VH/5Tf8V/efd6+987/98m//cv+L+/+yf+k//pf/Xb/Ou/+A/Y+8c+T/+Qf/yTv/N3+7P+vN//z/hdzv/Rf2b1+//j35r+G3t/2vSv/8/+y8sHD+7/+w9X/9u3/8O/+Pq/+F///H/gV/2vv932H/Azv8dv8j/+G//xl7/l3/573vvJf/Sv/yP+tH/uF/ymv8dv8T//x//kP/6LP/ln/9bm3vc+/zuT/+k3+ui/fPH7/VfFf33vf/y38z/ld/vXf/Lf/O/vHv5t5//X3/PZ4bd+xYtPf63f8af/8N/wv/iVv9Xqj/53//1/75/4zX+Pv+Q/+u1/1ZM/6vV/vPg1/tBf8pv9zX/Dm//7f//3fvk/vfs//8m/abvz+/w7/+edf+/8t/tTHvxH/9iv/Cf/4/TxX/Af/pEf/9aE6+vmr/iVf/zv/Gf8AfUv/LP+vH/6N/1f/8Bf+cf/it/sx3/6D/3zPvr7kvR77/6d3+kn/56/tvzXf/Xv+Pv92f/gu5/6jz/59X+T3+V//sHf/9//J3/qf/L63l/1+977r/6q//EX/G57/9vv+Hv9QgzgXzj7nX9B+2c9WPyf/9B/f/kX/qr/+E397MH3/spP/8m/9h/48b/hN/7f/q//43f51cS//0P2X//av+Wz8c/8z3/9n/LP/4V/4e/xS/7kv+v3/Yv+p3/1N/9f/vd/9N3v+gv+9X/jy7/je4e/cv/f/gX/9D/zO/+r1f/2X/0Gv/jP/Kf+hH//5K//E37X61/3pw//oX9t/T/9R//w//7n/orf7tf9Der/ZPTqn/rHvvUf/G2f/nvnv/ff8d/8D7/pf77+N98u/vx/5+DX/92yn/nkH/g3vv/3/qL/7r/9a86v7v2mP/k3/yO/6tf6bf+EP/Af+WWnf/FP/pN/w2e/9f/1N/6CP/G//Kt/7DWB/fd/61/9B/82v9Wf9Jv8Lv/nt/6a7/7qP/7fPfrLTn+t6hf8XXt/xj+4+A//z9M/+2dW3/4P/qDVn/sX/8+XP/4f/Jonf8gf/k/98X/Ov/P3/4V/xugHv+if+NP+4b/7aT75bf7i0z+k/E93Lv+g//SX/BF/3G/0tz/6tf7H5d/4b/6O//79h3/P27/lX/wv/9D06u/+ff/Mv+H3/TP+xeW/8zf/27/d2//g6g/4XX6z33SW/IJP9v7m//Un/4w/8t/9jf7FL/7C3+m3+5/fPf5Fn/07//bf+1N/8N/0R3354v/4037/f++Lq3/gb/g/6n/+7zv9Vf/17/NX/8m79L8/8ff4137Xv/+XfD779377/+73+h0e/Nb3nvxtP/ZX/wW/5vUv/Sf+upd/7X/6nz/8ZX/jf/hX3f33v/p08b//d/T3r/jHP/nP/oe/7Tf69N8v/ps/5U/+zf7n/+rX/iv/xT//N/nn/obx7zf94+5/98//q/+RH/+X/5y/5Ae//K+6/4v+sWT+5Sd/3m+1vPf8B7/0v/sf7v4zR//hr/59Lpfnf9c//zf973//n/5n/e5/3u/8R//UH3H55dkf/8f99v/S3/zv/nln/+p3Pv0l7a/6K3//X3j+nz//5/6ZP/h7/9Gv85v9Oq+rv+73/tf/id/8d/np9dPL/+4/GP/HfzP1/0f+sl/Z/iV/1oN/8m/51//ZP/5v/i/+gi9/4d/95/77/9ef/Ov+j6P9f+LP+Rv/zd//4p/4K46+2P47/uXf/PcaH37n7/js4Uf/6fEf+fDfO/+v/vW/95/9J7avfv/mj7n8Lf7EP+Wv/9+//af8Z//Od3/R//r0q//or/03/9sv/tZ/fPsv/FW/w1//Oz/8s/6iv/4P/5W/xtFf+D/+1OLP/xf/y//2cP9v/Fenf//u7/Wv/aF/65/5D5z/cff/wcd/47/0f/+K//z6D/+P//zv/Zb/8/wP/sdme7/R//UH/Z5/9G/9m/1H/+Ff8Lve/8N/8j/7yx7/4r/kW/f3zv/Nz//d+Z/5G/5r/8f/+tf++F+69+v/E3/7H3Pwi375//Br//a/f/5b/fr/xZ/yRz/5V//LX/Z/vvufP/4Dft3fdPRfP/jWP/vbvf39/o4f/N2/29l/+ht+fPnty9/z04/+6T/r1/nr/qCnf/5v9hf9gv/y/m+d7/xNf83sX/2cJur3ePPnz+795b/f+j/9O//b6V/xJ/57//cXv/tP/Nv/96/69/7qf/XP/+cX9/7eX/7v/S2XJ1/8iq/+8N/hN/stfrf/7s3f+/f+5NX2o3/7F/zrf+0vWf/z/3r2pz775b/jn/7r/v5/7C//vf7ev/QP2rr32zwu/tNf8x/+FcX3/7f87F/+a4u/4+Df+QP//X+4/aW/5X/5x/2tv9vvsP1H/xN/2+6d3/23Pvyjqz/kH7/3X/5bv3H2X/6Lf97pT/3kb/TRL/7xv/7v/2v/1t/hF/zRT36T3+nh/I/5DX/Hx0d/5f/4r/6f/8Tfv/8L/pan/9r9P+k3XN/5w9795X/Mb/i9yT/75b/45/xLf+DOH3r8l/0Xv9+/+Qt+r7/kf/4f/+9/73/7L/6c0/96+rv8nb/b7/D3/qb//atXf/NvOf2b/qo/4G/593+zv+Ov/Pv+vP/qt/1HP/4s+cN/t7NP/oNfTAT59Opv++d+v+/8y3/oZPk7/9q/xd7f/L/94h8//5fr/3759/ynP/Nv/c3tP1F++ucmf+tv/Mf/xn/i+T/5l/+Jv/Sjnb/l/B/9a/68i7/19/i3/u5fc/pf/vm/7h/73/8Rf9Pf8t//hX/G8t//O37V37/+6X/oz/q7/ur/9jf8w/601f2zP+WP+PKX/jUn3/nvLn71ZfZ3/Bp/86/9Zz/5F/6SXzz69Nc//kv/oz/6D/ydv/jj/7g7//7f8qf/qp/8p+//hn/m3zc/2/9t/sff8086efvVF7/iX/+77/5W//ZvnF2e/N6/71/7R138sn/iyR/wmxWf/46/5x/3D/yT/+l//OAvuf8b/sPXD6b/8T/6u67+xf/j8u/46//dP+t3+O1//P/+FX/wP/lf/w8n//mXf//+P/enzH9m8sunf+Uvffxju1/9Pn/H4dE/8u/82//e3/H2z/2r/txf8c/8Hv/E//wffvbtf+5P/jP/mV/xB/7B/9Zf+ef/5T/9F/3hv+L3/of/tOLH/5d/pfxFv///8Ef+X7/5b/zjf/C3f+f/63/4k/7+3//v/a+O/o0/9s8c/1UXv/V/8it+8Nkv+Bd/+Y+9/u/+iL/p9a/8v+7+BT/4Xf+Ciz/rp3+Df/qf/GP+yz/3f7//+R/+xbd/wa/4Zz/7x/6Vf/qP/3P+63/uX/zN/u9/6p/60375H/LPlT/12z39T//IP+EX/E2/2+/w8b/w2//6f9vfdHHxVxP5f/Af/xZ/zV/71/3nf/7v/wf97b/un/Wv/0e/4E/+LZ78539R/s/+JVAW51/8Wf/Jv/Pdf7j8Nf/Qj7/11y/+j//oT/g9D//O3/F3/E9/6nT2K3/wO13/mn/Qf/7r/dl/87/19+z+J69/z9/0X/5f/vLRH/5n/WG/0/O/693x//K9//O3/k3/t3/+b/8N/8S/8OEv/Dt/svk/f+rpn3Jn+uf9ln/C7P/4i4iM/9af/nv9mX/7bzb56T/1H/p7fu3f/N/51l/8Cx/81p++/BP/8X/wey8u/5Xf5vU6/a3+99/vb3yweP6dNz/17/7zf/nv8r//gb/hX/9X/XW/3Vd/2tuz/b/h//7PfsnB3/Qn/pvV3/Y7/iP/0+/x4Nf4xb/Du9kf8jP/6L/9i/+69L/83f6O8Rd/17/95/6dyz/hF6//tt/9X/7t/t3f4wf/0F/2D/zLv+Sv+zOe/qd/1V/y+/6q6n94+r//G29+/7/9d/xH/onf+Hf6zn/+5xynf/5v+X//Vv/Z7/4X/29/0e+T/Nm/en7+Y//A53/c7/R//l//4b0/87f9jX/x8n/6336fX/Ubfnf7D/ibdn63h9t3/pnf/H/79/+oX//v+Dd+6t1XTz79Ncq/7D8r/6c/9P9s/tC/avEb/jp/0f3f8I/772hEf/D/Xf5Vf9PoP/tDfs2/9Ne/+513f8D/dP4bHv91v/pv+t6f+Xv9Tz/xY7/yn/o9f/9f8VPf+hvmf/VP/KI/6p/5tR5Nj+u/Zesv/nv+rn/sf/iz/pk/ZKv85y53qme/9D998+f8Qxe/zt83f/J7/a6/7O1v8nf/Gb/Hn/No+7+8++U/dvhP/91Xf+bz3+2PP/nT3/41v8c/+v3/6T/6jS7/xD/8t/0L/tG/4m/5p/++X2fyxV/8lx79bv/Z3/wP/8o/4eM/9c/4hYu/9S//3f+hP/wP+aN/9//1t/q3f6P/5fBf/3cP//rVf/Dg7/jn6//hd/73/763v/Xdv+Rv+oP/0n//1/6bftd/6G/8y//9H/+Fo8m93+lP/7V2/6P6D/tv/v6TV7/wd/xHn/xB/9ufNC5+6z/s41/j//rHfpMH/8K/mj/5K/6gz3/PP/fv/63+td/8l/6Wf9svv/97/a7//Z/9Yw9/6u/4W/6qB08+/fVWf0j2T/0J/9Qf/rd9dvjv/tTf/u/97n/Gf/B//jon/+c/Mjr+J77/5o/8I//n9V/Yfv+ns28/+ed+8R/56xz/2X/zu1/rn/xTT6//ndGv95v/B7/qW7/83/7Bj/1H/3T2rZ/6k/7UR7/e7/lH/W4UQmz/Wf/rn/rX/Javyj/7f/17fln7/Xdv/rx/5reb/Nio+c2OH/yPv9Yf/k/91H/yF/96//Fv/nv+Vr/bL/ldf3VS/7f/9G/20/9R+r/8Tr/2L37z5V/85179n//DX/K//wc7/9OzX/L3HM9/s9/61/32J7/8T/qN/5W/54/4A3/r/+TJv/JHbR/9d3/Mn/+3/JlPzv+l/+n3+bv+hN/sN/8PftP0v73/8S/7x579of/k7/ALHv6u0//zJ35w9xf8xd/5s/+xv+cv/Y/+pH/o1/jo3q//C/76rWz1B//C3+YfW65+g7/s4Hd893v8y//Jr/WHff6X/eb/+pM//3f4tf+I//0X/5m/9w/+s9/777/6q/7I/Kd+2x/8d7/5f/iDyV/06/3F/+av89OvHvyP23/Kx3/SX1z+Pr/bb/RrHPziv/rP+Of/pb/tPzj5o97+1M5/u/Pd3/L8n3vzIPkPfte/7dv/bvpv7P33vwXx+/mj+W8xK/+8f/HRX/ab/3PpX/nP/xl/yv/9a45+0z/7Lyl+4v/+LSle/TXOTl88/Rue/AF/yP8DPu0V+dYOAAA=" />
        <Entry handle="91" bytes="H4sIAAAAAAAEAO29B2AcSZYlJi9tynt/SvVK1+B0oQiAYBMk2JBAEOzBiM3mkuwdaUcjKasqgcplVmVdZhZAzO2dvPfee++999577733ujudTif33/8/XGZkAWz2zkrayZ4hgKrIHz9+fB8/Iu7e/U52mTXTuli16VfL4iePn6dfVLN1mf/GyW+c3P3Wb5yk30qPn3755DR9/fu8fnP6xev07MXJl69efvnq+M3pU/76pFpd18XFvE33dnYepMezapKnr6+bNl806dlyWtWrqs7afCbAyjJ9hdZN+ipv8vpSP+d/Xnz55uzk9FGqQFZ5vSio4XW1TtsqXTf5KF1Us+L8epRmy1k6K5q2LibrNk/bedGk50WZp8UyzabU6SxbTvP0qmjn9GUu8FsC2KTVOX8ifZTFNF82eZpd1Hm+yJctv71YZcvrYnmRFu04PTtnDObZZZ7W+TQvCGevw/O6WqSZdNBU65p6rQh+TU2ypfQyQodLQKm9URTTrC2q5SitajcU+gAIFi119YvWRZ03jOyqLqgV93FVF21L0Jg6TaMvcD9jNLiLqSvO0632epXTN7/Xm9//2U9+mX72WfrxejnLz4tlPvv4TvqLf+Pkx8xX6S/+JYf2z99/VVcEuy2o68+42Y8tqzc0wxd53TxKd0bmk2zZZFMgjE/pw1/yGyf0v7t3p9XyvLhY1zy69DKri2xS5s1vnPxuX704+/0/f/7lk+PnP3n86sXxF6fUwcfS68eHse9//y9OX78+/vz0NRri2y/ypsku8gbN9YXjN2+k7emrV1++0hfQPq/rql7ICxb809Nnx189f9Nt+4ZofF7k5Sz9fT/+3Zvf92Oa7YZ4jLjpMiuLGY2iXOfp72rBPKO3f//XXz354uzN7//y1dmXr87e/D4EZ3fH4XXy/Pj1a4fY7//8+Mnpc/R1Tlj9/gyWKfT7c7+/P2P7+5fZJC9tL10QJ1++eHN89uL01U1gaArajCa6HgR1+vz0i9MXb24C1Obv2mEY7wNJ/u1ORxfka55pYgnv1cHGmIRot/jbvmon/vnpm9Pf/8lXb958+eL3V+a7O8vLvM3vFqaLsxevT1+96bYqSEPUrWv11cunx31Y6xX178E6OX5xcvq822oKvVS6Vs+//PzsRbdRWV0US24jWvhVPq0ulsUPSPGgj7QtFnm6yJq3zaPfOHlKn5D4Le7O7l5f0y+zuwv9ZbwY8y8L+g5fyqf0/cL9MV6gEf+BH9uLxfaMVPIb9ECfzR8VxaOGlBD9/u1vyx/41f42ty2oiSif8/WS9UKK8RXN23ZRbuWlqBxSB2nR/P74jAZ6npVNDtXj6au8HC8z6vx3jSgsvx1ANJ1W6S/8he7z5ZpsjflgXObLi3auYIbQ+LEfO67r7Pr3z7PpfIvfG6VmNPy3eZ8RwQeCKylXRds2+DEHHj8EOnQk/r3Df+IP/L/O23W9NPgcshrtUBGzvlfnF/m71Vb7rpVe9D0yGmXRXo/RZtxtGIUGzulBo18IV/p3XOerMpvmW3e3vrf9+979fb/3+35/687v+63f95Pv37l7MUo//n1/399t92MeQeSVh9pkNtji9/09uMl4sMHvrSCuBlscc4vvHW//VLb9g+9LM8xoTTORLvMrci0uTmlsH/9+H6ef4FX69+PfTdop0eo8ShkhSo82AN7kK8WjWU9grZcXWzujdNf2vqoabVBmTXtGTPnuy/Mteg0tLIYXPSC7I7xqwZBvADgfQ3cxm9GXn+ymjxU0s/H2rvKZ90IIlF8aea8w/F9i0QgJRWixU9LcgkTFsmiNTi/ZZWoC6aa3U+NR4O+8/P1FRoyIOGpkZfkcBg/oz6rpGsDGF3l7qnCfXL/JLl7QK1sfsfX8iNEj9b7F8vvZzmFapI8dGB0qffrJJ57CsN9/r/j+eE4i9ox8KRHZYmYEltD+3sdifr9P6PjviOxO6jx7G8itKpGrYnbBYyZ49Mtxq07p1kdXs4tH0FYf3fldP4M2kpEDJfuaN48/yEsGwn1czcm33PqBISwGoooPH46nxGLNC9Y3pOk+shrwIyi8oMG4UEb8SDp0vsFHd44+27H6yg1PlZSgA1irrKbZeFHNcjt8HoSHnWnr00c46XsfO2fk+0KkEJ6MtNtyvKSv39CAMT7D7RFwvfdC4L/E8trsMs5kT67PZluGR0lNhKwtOgODpffVpvjIhI2B0OyS+6VxUlSxqaFV29ViPCXit7litPXR07Of/GiklP24mH38yApRH0EmuNgT0VIUUtW/f1PM8k4fgVydGPbYCuZjlA54ZdIB6OB1oOKWHqWWjQJopLAX1WV+QhM889/73s73nQEUrFfLr4Wt8xTnBSaLIFtE1U1g0DFX4sekU+VZfoWg463AyOtn47Z6LZr1Dv36vLrK65OsybfuMPA6mxWVBfxjP9bW1/Z3209XjiBpKcWA5GqgSyUC4ZOKABpnwVLq7l0awIzjQViYVFkAIS8+s1Jgv6CgWVxX/j7gmzQ7p2iYFFGbNvNqTYHPBFG0QL6D3lguab5Xy/GSooDXxaSk4YfE63zpJvUWPC+YHQONrVjzEaAbq/Ube1apPYyZJWaD6u3vLyEpTRtZVQpkG2eYGL5hKkJmgzFDr3YOA0E1nPiKWXsrgGntx4AYsQ27c5i+J1BPuw0AtnHhbYCXA0A0jlMQHRw6czMk5Jvfksn0WR680p0WK6jRadasyOybm2cWcv+VMc/inWFKHs86I5U3Ns96tCc7tXfeozP70s3cYDot7/zY5g5uZAprRxkXTcMQcZn2OtP66cffDwZr28KnVfVx9+6bL59+mT5ijWOmNNXkAOdevnxxmv7ujbYwOgsm0DKnw8EMS1zfcUPJsmV7vnVFyrK6+t6GrNL3v/eR6fwjki0TwjmdY3XADeJQLGk63uQcqfjIHd723W+/+eJ55N2esPRZKAD3PmwUvDg0/V0miOhdSrZk7Tcmjj8SyJ97gZQpHRZH/d5Io333ijLfy/I6RTSEdiSFeU2K3H9hlFJohJbqdXBWHY1pESKnrHYHNse3eXOxSyO7jTzr6OGxkcMBbxkZAP1UYNPn4iQa2HtfH3bP2xRco6mrb1Br2ZGMpEP1plOOOTrY7P2wsdm7c+ij87PYW2daw6Qa5OtH6vtG9T2piDWy+rqnwCl3lDft778olua37J3wjs7W4DRi5DHF/yPN/w1r/lVNMv2OKLsVqiYodl64uZP+HvobaeePeVXy42B2vjGz8bOg+lmPKQv66XzDjJ10TFfFvI9OUUJCpU/y9oqQ8dQLde//lb2zmsZXcDFsbT7gm0Gtgwj+EkRCTN6nt029YaCxYbuExI985FsqWV2bzDXbHnGS20rS5m295kHZJL3EvP6ihM5INpsV6CArf38KxrNFo/OD0f+udT7O3+VT6mnMK9d3lBVNN3bBC/TSxAp/txH9L2jZ6L2Q7y02/fBxJ/hNzstnW1lNatqMQ4DGVtAG3zDwI0tzT9aU/aA81nWe1VhIWbZzvHg9SknV4ZNiSQsCZFMbWshdzjzacdvfXxOpn6Xfu7c72jsY0b/3drx/gz+tWv5dSfED2TPKGaPnO5yJhRjouIRUVij89twvvwCd2v2YFpt29zZA2mJF0O39d0/3YR12xF7/GMEdaLa7swMducOiKK1/5meGGu9T489cY1FyPtm+t4vU4t5DwxPdodI89AfKH9IwA0AdMmzvfj9OA+okgsBBbF4w/9T7Z53u5WPqf+/ebSdMWCgCy35D4O4/vCU4y4g9cPabDeAIIKbHcwHJcs/HP8jr6mU2UzHYZ5lmQg01VEnZ45Y0JUPtWJSkFSg31EyETdopVQZ7NhIprXXQQ631a23tFAcT4RNhIvqJEXzCIo8PFYFPjNBv1K1PoW9uqVuNRnJuW0ShBoo4UHD4xyhkX7nJkmwN6vZ0sGVt+n5QH3teCEBV3Y43aVZ5hZakQQi1e75mrb73MYgNl4R+ZYLr70R0/Q2ENw2E+PqXToDxYDAQ25MOwCiW3qjC1czbGUqTFIPrTeutJfkQFzl5MMV00xTbLvEhgzrBq2DK7zFuH03KbPr2o5H8cQGn2fzRFCWtrpm/ymKRu2bZtfm9KotL+wWt77T2j+u8LKsr89ciq6vKwl5mlxYCMqX664T4wvy+Wter0v7V5llpfj9fT+dNkZk/s1+0zj6iX8GeOtI1LQPxQOHbKb8NrraBPMc1Den3zzPy+TwqjVIzFVtM8VFa6JzSyrnXx2cpf92dbyNfMt3cz28Mlt/SBiGbbEp8GjP0Xgxj0tC3UQESRr7vqqQT7u9J1sojI0HDaMYmIvdomZd7RMk9Qy7pe4/z5OjDpMxN7CFAV+tmLiJObYOoQf7oC5mHDL/n9e8m0ox8Os+nb/OZ7bQ3h0FnrLa4iXlBfOqhdSTHBanNp+Ejw5sSAKc/8zP+hzAXhPvd3+/xpP7e73f0/W8d/W53LwjvoVYrabT1C5eTZnX4M3ce/753Vze8Misu+y/Rhze81qyyZf89fBq86HFUl42Y3JPq3cdwExz5nUzgfU8wbiDt1/PjraTcQpF2BEVm7Xf10hb4YthyBk0ZcNH8/plGYelnd3+/re/9fjvbD4+3fyrb/sH374y/9fvufu+iaBbf/9bvdlfYbzN8nRsPqAlxpDcdKivEfvSoDB5E/JvegoH1hELEwTb2yGhxuEm5eRLnBPjHfgmntcRQvt+Mal/qkXzovP6uGwNuXwVsHuOgI/D+I1vcMm6+/bg6kfjPyajYj/tGR9XxgX9ORsUuW/H/ajb0RT804qL6PZ+gWZH3vfXx+OM7nkll9WOlnXWVDSXlq6N07/592+IWWEY1wo8p9fUvUT9qlN9/fsijpyTkTfPi1io6H1BW9pYz5+dXQ1PgQbJvH9kYjF8IJ01+2px1sbRjD3pCbjXWEw/C9vTY9YQXNvaUvTv8MaOPlR9NepqAeggFnPh+a0EfNI8sZ+81mUioB5OJD8xkDs4Zg3TvOCHRjBumzzC/D+RO6KtEJ/KXdDrvTaPrnEfQ6/xxpHPOs2/snOZWOtfub5jZrzexX2tOl+vFbVyzn4VpZTI+K6ustUS+Y+dWPv9Zn90oDmaKQxxuNckswAaLH+Ikb5ziWbWelDea/R/N8P+rZ/hGQb6Na3erOdb3jMua/nATlqbr3S7AjYlI8wYIg99NBpI/d1lI/dNmIvVvzUbqXyYjaRq7rKR+EmYmb5SIcLABwx+aNmYi32vQ3Tdjg8dX4fjlk4AE8pFHBfnAJ4S+FdJCPuwkaqNKQFZviHpO/s1HIjDfkOTHae3WwR3FWAS+Fq35zTits3ddWuOTDq3xUUBrfBDSmt/q0hofgtYerQcVnkdv32ExgP5frOXu3j1uWwqNaBGmaJu8PKev03aepwhm0mY9WRRtOlm3bbVs0mw5o4Watkk5vUXhEw2mWt6tzs+JaPkqX87wGSlMAJCXUqQ+0c2bL59+mT4iXplVabGkXHOb3k3XK5CIfplRWpV+KauLYpr+Hr/H75F2tK8A+zYhUNLsay4VUxEsoFSLMaF3ekn52Z+kOdhyazLVuM3qC87DamrpdwPYp6fPT9+c/v5Pvnrz5ssXv/+L4y9OzUrrwAtnL16fvnrzHi989fLp8Xv18PzLz89exNpvIfVYnaf6XptdvECCGSJJzJCfF8t8xulH0yCeqZQp/dhwkzbm1HadL6rLnPihLoje+dbH86yZzrPlBQG2TPSe1KQ164HWJ8cvTk6fB60jONF8egjNqmXVMvN9PEo/3hWsfuyqWM6qq7Hjk1WdNw2yr37fPIBU09VbQ2OITfDwGCKz+76D2Pm6g/jZ7gXaoR/P0EJXcUEye5Itp3m5lUPWRmnT6mLRzSKJ37piyehfBOj7rAceh7PkJSDIBJ4X9WLL9NNwNgcwzpaU+36DyBnofkGjyy5yskro4/e/yprff1HNivOC4H7fztX7SYHYgLKa0jipX/mora8VFuNH346J1Pm7L8+3Prr7EYvejssW3b1Lq22sJbNJU5XUDRmNdi7femsqvyvg6DLF73v1yaPf9+7ve/euy0L/mCAxq6ZrrElh+Ke6PPXk+o0oiK2PJyT8H9/53s73x/M6P/dSX7TsTgAOtVf+8UvSKfcGDeuGmP4SaQSUVAv9btO2LjvKx+LFX47J2Z+9zJY0GJBDSRcm5ZUd6esMHMYIUpcWK0HK2C27/OjDCDitrVbMasRYuXaoL3fSnh6E/mS6ubx5KjfN5O0n8pubR6bYhlk0AnSLaRyexWACbphDRqgzg7+ENQsI76uU4ytK09JrvG5mJyyqfdDUeAEYzQAYz2Pa3EmPIc7rRePPCDRDc2i+7Sdy6ft0K8V3BX2+c0g/HjMQzWPRB598YgirHQAAtfheoXlKDOT8fRTh8KqunWX5XhqYt3QyPkx1OlGyjmTGjmTKGr6BG+m5kG1WGi/yw51B6ehN9UQAbjk+KJpxkcMHol8W2VRHLANWxotOb1zggL+ofJ7e281ufHItgJ8WAJjnXHu0QH46ZJG8FCC24fd+2uOUnMU24AZN2cOCOxPBYZq4+AHHi/LCt1ANpACq5cekSEDCJjvP6uL3oECKdBvJ9vLjR0SL6box9g9vZuSIt1sw/OYzr3t/feUW7jY9cLI2vxzxF827brQ/5g3VCcWPYdH/e7cb4fc12gwiDgPml9x6qBE/8tYjjXiVP9cj3RxMQOJ+V4OPh+I3iopxUHz/YVLnmb9yH1VIpImysrRBLQW6EqCuSLuNyFKWJRGRVMtH1RLG7qMBbfOM3lVV8/nzL58cP//9Kd1WNG1e45vXTAl2PkyU+jHePrffkQrUb8gh53l+9uWrL37/1189+eLsze//8tXZl6/O3vw+1jUmgollbVSfFUao36P3fJlRKlr15Nnpk/XFpr4/2bVRXlTNHsYzo9LudLFqr18iB7HlZUS9tdfvfTytSnA94pE6/0XrgtQ/fgdv4acsn+K3fuaTPkQKDz8ou0Q/8rquajVRyNmAMHb1Fgj8/p4a9BweyVHZBt9nNu77Pv1mlPhiRmMWu3OIhI0aUm5raHP3LpiM+WtRQWuTmWNc0x36bVnJHyP9bJeNoJDCfLZHnxXEkxdkMjlP2yH3VVW//XKp5opkU1D23RJVB8pIZCiIgVSGvV8j4jwvZrN82VuiL5q37aJEVx0XwnnkyjYeoYV5v8fMJhz7k8evoMsGSN53EUFisYOYgpSXeU10yrgNd/E9bfp9Be6BYL1b56sym+Zbd3//33f2ye92d4SspukVXfKUqk7qsffGbqVXoT7xwk/KqgHm7nWbr3jCX53+xFdnr06f6jA0a2olwuDcyxaiP7sKYZp7SxBmAEwbfqtDWs37SWgfww6sB8Vw/Cbs7HuY0+///iKg/GrwNdapf/9iNQpf4k+n09//Il9ixROI3L1LuJFoXJPntfy4TfN3pMEoUUnxFilp5JD7IJjf3vdF16dHYdUvmsWGGdYvWAEJWy4oAT3wlSyu+NlvFsuq/v2bVT4lvxhhlvLGxwE20vHvDzsYgv0k/dj/1CAoXp7fA4vue0LvQ1GqKF93icXNPQHuj46IYDSRVZQ9Lu2+1mFQPyjudCSDfK9O8MpABze8qYPuvfweMkRc2RWgeyRAnHsnK6VQzGpbsHbicaW3iOXxXX+55b04TtcoB3jiNkwhEKT5ezPF+3PFBrawCL5fTwMTHPiJt5rm6ETv00RrmMpWu6FArVqkVTlLKUAuZxT/zrM2nWeXnBxaaF+KbRCPs5eId6q3veWcjUs3gVcwKxrP1UMeYZSKxhql52V20XPHNNMQCXuL5WpNCwQjISXwEbd8lBYe+8pn1qkQyCZP9j0TGZBllYbw0bxXQueDVyltTs2DPi2zpuFlDlbO765+/0uWksGvyXN0vNH1UjSE8OB7+XwhlkvJaQulK4fORMYuD1mf+O7dK0w4WSNKaVzN86VkP4rGJEDyWWfGYpGBn9PalMvw3aTfGOkJiqJ+/3m2oiW4MMq/OR9/xzSTpIVkwvGZ/O2/SOzyMqvpTccszGdeogSABEUdUeCOguduSq+zuLVzIty0muXpR9Rp8xH707TCqIsVMjcmjkPvHADcvUvuMzmVM6xljqBL8DXhS2i8Jd+BekoneQ6PXeBskT+usNQbRaDdc2IjyyXRjCkGL81+f+Emq577EHjyuklH5Nk0S0avfk+09c+ezG4xMw9KZRDhk9DdorXKujR1siRDWK0bGoI3RqMRAs0sfwBbv6nmyNDJrm8Qu+T230Gm3MQLoVeANzXbGGTEOMMn6Uj3uX6ObOQy/DiaFewjHeR+Pay76Jo8cE9B3TpLZDv5MTs6LzX0S94HeiR/5aBbGn1d6P1FbgfcELoH22lvGV2EpI4RBkiknBYkkVjZ8ogcEoMg+3QxOAYwGSiPxMEcBtojh8LspL6Yj39j43v+xj+b5vyHpRp+bmx9MAmO9TA/c5hP3+hNKcXY5ibdotQc2UkVx5q8QZM8kVQUvuFc1yODP/5y33FI4L7UPA/PtcmnMyaYVjbrs5N5Uc625rOeG6tGkzVmb/VoVi0rGnE+ffuxTMPucL7lNxbzXTS/v8gXeyieIHrc1vEK+lxnVlbIOejzH3/i8Z4aW/5YODA0r2DIoA0nc+KLliLMBtBwjosdKwusr6bu/n5v299/9dZbo3WQJZ6zAORPwP693vz+L06/65jyx3q09JdffK3WnU1MRFbXygFmAejQfFMSU86uf3+eWHb4xFfwZohe9iiOgMKX9tBb74AbpUgq+h658MqhQdKfNCQTZc4jk+a+jEyExEl5a8kV9mL6cdlKO0N9WHU2KyoLqKMWDfUCeuwRQfaCuaXPhLE+s5lGN5GeBxOh1p6RWZ1Sl0uQvGx24TKYSpBD82UsuylxqXxzR/1p+3ngmkbzq4PSc3PmciAdzviEzGxpM5xb3fUyq10DeduMrKfpfgijj+sUnsMFrHU0/37oSEStAp76XcPIzPETMpe/GFPODWhpJe3FcKx2fwmtT0EdgRX7TUSbpH0vQWXJxWDh36DJYmWZ1Dchv2vQUhGGFDWBXTm/rH5/Tnwgwt/Vqer6Nrpi0lc4HfNxYkw75y3IUkCRtssLsJl0EqqjwDybd49nM4lGZbH4+fHr15jb3//01asvX/3+yGp7UqnGz2pj0Tc8Kfg62sErDlxv00cwaQJaOwyIexjL4/RX7ExO4OcmlMdUcjB693vZ9g++/+j3/X3H3/rd7haj9O7v+/vq7983rYslpw8pm1X6ocfX9FLNypZvBXx9NLyMhf6dEWaCUOqmY31jwZsONxq3mT7Z2gc5I0RuXvzyY9qZF7+EfvyPdegU/IkM5kCeSbWw11o7Hcr/3R1/ixQpD1oWLAEq9Pv6DDhn5nTrSxyiltnEX2ic03IgLTubAJa/HeuHlgcHc1IYhjbWAYgdpDaS9PqFv1C/Duf2s88+muXNtC5WQPajO7+HcTLHk2p2PaZ1fAv2kf3KcduT67OZbWAVk3Vjou4LPlyuy/JWVmSDR+qcJeNh+F1RkON9g/4sN3m2X7lnwGewXb3Hquh7W2Hu3C4RVJOfzqfIAtxsWA/t28XFknLYvz8n+AKB3CzSoYMnwY5lPRYax4grVmwvkD2kL1QCpdXQt/G3xRF0HzgZ749kQ7ZCPlUW6FKvz3Wbmo+NWA6+N/iCbfG7eojzJ4GmbN9hRocD4I9evzx+8RHFv9YuPmJzbZevbfxKkMbFkhZhvv3mi+cE86NvfeRUr6G2H9vSCz1mo6zMZU7LRgWmo2vBnBmxHsRWMGEDhvr1a89n83owScajdAfkGnLerJvwY2Ar68Hp5Hdsv4w35trJd3fvSr4LNHG8fVt3ibu/jcv0YyapTv/LNJfpuhz2qLSDG72qWI5q0LZouv9HpsVX9d+kmbDiEw0uf77qYV/xWRA+52e0Ejeds0O9hYzJx8KoH/tOqevbVwPKlrdxs9F74GfbgXdCLG9dzIuxfiyuYozW3Sx/TF4Z5ZYTOQoFR1gb0+jeZwd8PSsub6d6vZyfKCPgTW+7cKKhgKT9/Vkcwb5GYqlNZH3Ha0wNaDEHzf0kgtfg62DXwl8GivLLHdODIqWyaDuJOXdeZGPa3Tq8uUUS/v9da+omD6Us50Fk1/HGlamQxVhOU8euNsBxrTwNDsaFdEd0r09lT6i8KaTpfvaTX/7+q7pa0RpPkTfDKaJe0+99vKze1MXFRV43H3//5pbZssl4ftF6OJvkgNKgSLE1+RnpnBt6H6W7OyrmBobr7hZwfNw8WKCUjw9JIMbZAX/k1l0ldC6w/C49hfq4xvQu86v0VX5x+m619fHv93H6SVoQ1144HebnBDC3nmCwQ+M0a6dlPJvrtVcDplaGzZ/71cbtfrzubN5grlrE16S0vUSEe78rrJyEoEGvSJwoZTgDzaN29U7op/EjdKW8wvc+to7190M7LY+q//BX+5v1xd1vfTetm/zqSc73PqalEHYZf/81ecsff/93/WyArfH17w86//7Tti7j8sq+0kcBxI88TgxBODMdfBz63G4wxjDW8P5kWLdZtNpsJGQa3xw/eX4aKHA2G6OUf8i833H0w4edpTga8npZqPllwnW8OHkpdAK6L8FckeY0gnT3bkraOWWdTXqtrdJptWwzmpi64Qa3Gb71TGRAH7P/FQy166j/mOScNqSKlNs2O/06fS4vK79qOuEjvEyD/0XrvJh99H1VKl+dPf2cvP46a6taGADNhD5vKvK/F/wpT77HyR3v5/fP3+VTIvAsut4x4BPubQlmRKJqWVYZZqMD1yIU7yvIugmwcbWc5NQ6XzPIVNYYltllcUEm8Pgquz78jZP/B87HIo6DggAA" />
        <Entry handle="90" bytes="H4sIAAAAAAAEAO29B2AcSZYlJi9tynt/SvVK1+B0oQiAYBMk2JBAEOzBiM3mkuwdaUcjKasqgcplVmVdZhZAzO2dvPfee++999577733ujudTif33/8/XGZkAWz2zkrayZ4hgKrIHz9+fB8/Iu5+6zdO0m+lx0+/fHKavv59Xr85/eJ1evbi5MtXL798dfzm9Cl/fVKtruviYt6mezs7D9LjWTXJ09fXTZsvmvRsOa3qVVVnbT4TYGWZvkLrJn2VN3l9qZ/zPy++fHN2cvooVSCrvF4U1PC6Wqdtla6bfJQuqllxfj1Ks+UsnRVNWxeTdZun7bxo0vOizNNimWZT6nSWLad5elW0c/oyF/gtAWzS6pw/kT7KYpovmzzNLuo8X+TLlt9erLLldbG8SIt2nJ6dMwbz7DJP63yaF4Sz1+F5XS3STDpoqnVNvVYEv6Ym2VJ6GaHDJaDU3iiKadYW1XKUVrUbCn0ABIuWuvpF66LOG0Z2VRfUivu4qou2JWhMnabRF7ifMRrc/Y2T3zi5ezecl91t+uc+TQeRIHvbpl8uy2KZj3k6apmOWqeDgFxmdUrD+yxd5lfpk7q6om9O5vn07dadQ0AvztOt9nqVU7+EcVm01+lnn6Ufr5ez/JzAzj6+4z5Pf/EvoXfASt5Hv3HyYx8vsnb+8SP6eoS/MPzlhfyd4oOfbrw/Zvlk7X+5rkv36qxauD+uiuWsuvKaTqvqbZH7sIgXvT+JzN5f7xYC+DdOgLXQ8svJT+fT9ve/yokBfv8mO8+3dCSj9BdjEGj/S4Qw+sUYH4+LZTu5qPfm+bv6YkKjPl8vp5jfrewOU2C2N6dPg1dm+RTtCdaPrbJZ99sf5HX1MpvhW5pfmvdF9YOiLDPickxjTnJGbHMx2cpG6WSUTu+k28SRzD/nVVlWV8zRTbqs2vSiqkjwfqzO23W9TD/68Y/ST1LqcouQ2srS3z3du//pnVG6d8f7mD6/y59v+PrT+/fvBQ0I2V/SowzhPa3Kqt7rEIY/FOIoYvxJFIaSyn/9XfDqi/Viktdbq6xucuJ7+vbOuK1eM59t7X4ax4wg7hHkYagO3CgdAqLz5AFJt4i/R2mZLy/aucCDDP2u9OmdlP6hph99hHmV3+lfhyr6+LGrOVQNoIwFSPo4gKYvfrSDeaTf8c4vcVjLJ7+kgydRHyRkGg9MAzRBVuPb733/ULGWv7kR4EznW3d/PwL1+25tfW9n++H3P7kz+n2bb8V+/33v3C3uKL4ATMgRoI8/BuAfOycctljx0Ge7h/TjcbpPPz75RN/gV9rFakBmgNb3iu8ztX7M0IuaO3rtGUA/JlCEWPS7vPJL+F/g9Mln9lP+MBAS+oOJm+YlmY1f7H1veBUv/ZKbFMdPNxG18dPNeLIuSp9ztuiX3RH+VPRBhUXut9BhYWq0GTcnxkl/iffFrn6xa77w+GORh+xBiOSLVXv9+6OTTl+/hFHeNDbW1pHh8efj2Zqp70Sjmvz0KG3ylZML+gMGxdoTw+P4WPkFyLcLKzeeRQK8O3j9o4px/Ejf9hiMfARuJOxAYGjGAfwT+u6T9KNHv/j3XWKq+3gDNjHZSFt/nKYfQwV+9EvohR6/tAuDaBQ7QwDCz0gpAw0aEmwFHbSh79xX1IMlZlYKOWvVWlmZ162ZGm8g1TK3DXtKLGjWn6r6XWe66nex2cKn7EC8yi9O3622PvpoRJN1x6fJNzvP6S/8hSDM7/rZcl2WnlBIezQfr9YNKczfld6xfZrX+DtP65L5nuXvvjzf+uh7S/LTyPebVrP8+x/dOdrxGMfwzUfHdZ1df+8jmRujc+jz71vO8BSG8GKXDxnZglD4akW+3UnW5Fs8vsI2+LFptWyL5TpniEZliSmp343bvGm3rIYdbN7W17aFR09hbRDnYzPhHztQMSnR0eItXwZ+rDNYeu7ejQpZ+tONY67gfUU4nbJ9yev6joHVB3T66tWXrxgZajde5E2TXeQdjAQg//tzJKJd8ZrUefZ2VZGT6OvX/DIrn9EfFCI0FyNikKItspLEp34NV+EXp4qqaQc0hd0xKvepB/HOL1a88C39Cf2d0gMw1ImFIJ/i4U9F4PCnmOpmXQLTEKP0Z34m/Wj3kz3T1Jjdep0z6xiIAJHTKwRgReHSqt366Mmr0+Pf6+WXZy/ePEoxd+iU6XWKGIXiO34hlwCHoj9gvybXncOlEwR3JT42LD4m7SJIknVzHTOtuGMZJRA2f5Mycg3xCJ10KHhUUsI2SghDawZ/x3tJmZb6DUgQvuy3l19v4zRIkBSxrPLFeN4uymaVT2mCpnNyVH0+YFcTQsSa6vfPM5Kr7/3Y9z4++niUfvwLL9rDj7+PAIo+ecyflN4nv++74x3+cDlpVu7jj/izX7Su0JQ++j77KdIdRSMl8e9M7ZDn2OKbbJpveabh4+99/Ak+/t7O9z/5+PsE9aOLj+5gPumjXXHpeMA9d7ZHgYu8PVsu8/pN/i6QKzt6T879tr8/OXxPi8teGMu4Rxums2q6RsJgPCVJbvPTktMHWx/PisuPrZUD41flzI4en1v9G4FLVoc++PabL5679mIXmjExQ1ZbYyAgN4IQ3XdTL2JYQ5V9A3B88H7AQQ6jzKHGdCKFNOSOGr1mVCsjEJuL8EWl8o1s0VD+ZNme971mNp1ZfcEz2UA72D9c4LCLz39X4dUADX+WhWT2bWLlQ/3Gzn/syxoO1t2t7/1+v/v3v3Xnd9/6ePwzOz/z+77b27nze2xt0/9/39kn+HcsP3/3n5n8zPRnZj+z/pnzn6l+pvmZdz/ze9/ZGn/rzl0DLSNgiKi/R6K4XC9erydNW7ScVYIy2OFPv8A05Pw33lOdjVfrfJy/y6csLTpQQC3z85biXghURvI4SlcS3Wbf28Mf31lTJ+fX/ME9fPBFsXwutMNH+zxWBrR6SfmzgjU6vrmPxm9owvmvT+kvTkW9NF09kDcdyp98wlpPJELfJCb53a2f0mDAKX/UZ+ouQRia+kA9Yh1506WcYJ2hHg8a/4LHmNUZ/EI32V3YMiphGsWXX9KxdQY3pcGZZuKbjpFxPCH9fkIOqctvMAx25gkGDzsENPMAdV5Kf4/eJ4+EOaKQmhASY64kEEa3DPOJtvvEzeywzG4MKatFLKCsFuMmb7+iBG5Jr2aTMgiMc40CVH8Wuc4ged8SCH62QwmGx3k5zspSJ1kyDjLRxfmWfEce7rjNLl5kFHgjeDh78fKrNxw4xL9/c/p7vzkm/+Yj47WqGjhZc+rER58U6Ov2usxf1hU5/e2165Gs4HRdN1X9kc7pj7nO1uGIP/rSOrqEs+2IvsjWbWWx8AA06HMs8AGAtGxGrknHXU518n0yKBN81JLG/4jdqR4JPouRYLhvhuSJkRgLJ7is2MryhPTUrOmTTw1v8+T6jfRP2I4+/pbYYN/bsTA8N2WKDxTF95gkfq03QZI2/zY5YaclQZBW4yVJqRGd3Tu/Rwrn+FF6ntH4jP7Zuvst89637rLz7PFN0ZwtV+uWXEQC6cHEUClYfF5dmWDxs88+KtCUwhViTYHgu5/8KAQa0nGrqydbH2NWP+a3hr/t9vUx5o1e+pmf+VnvaZU1zRUt6Xx8J0Y/pdKbd+0xeWIh4aNEAuIZNf0oCo2m43c1NCc0f1cH2crRRiH7Men9BgkzIS4jP88a+Eu353DlP3C56q3YSHgoAew4kl9UP/iKVnhes0qB9VxS3ufjDqIikeb9+BhBWCLYAgsR2bKrTcRKGNdY0oh3vyVrjJ0RvyzeUW/8jRoKWQZDDJhjuStLT16/RizJ8phmWGlsR4gGL+kDrHMs8lmxXiBE3GM4v6cY5l/89MsvlJ6/JF3QAkmuxA0aiaH9JWlDDXRNLYqhZ20omKa0mFgYzOllfx5DHcLNQQyYJ448PhKcTcISEPaYWr4y9K33Ja1B7LhYg74qmhfZi63LO7/HzqNLfK5WFr8LwQdJ/oTkK6+fVO9CqmfphL+gH++Q0wCH0NrH9eiqmLXz0TyHXb+DwJ9CXhrYOTUor2kiaB5kzihOVxrzoi0WdAWkzi/aUEaRJpF84WzSVCUWdGnZrp4VlHkjR3WRZ826pkVXXmrlf/CSLPWll0V+BYYTaLS8yl8C3UwQaHJii5l4KjlyC5R263gQ4eD7rIKcg+EJGo8whd/uqQaDo2oFZsjKX4L4cJB7bH8BA5Hdwlsy/Xidg0zYWBNrGnbRlCYcHHbIZPFU+SaH8aE3PNXx5PpshtbKKgrldzUOkmETqzykDSdPyjGNkkC8IG1Knbk0yg1eDGknWtSmUP/6Y0GSlYr2d/euYYkFBQ8prcNfUlgAZ4bklRfawXfvhlFzy0e/+N0jCmuu8Q+zJH4Rrny0wypHnfKcE21A3nxIHRz64+R5oYCTSHlSFtT+FfEyglVabD07BS4TnrChprJSJ379tKYF1zfVSmfCzJ9Ox9h9L5M7nlSza/dpB85zcqc3AuIGfUj4mEERpcbAnPAfwzeHX95vca0t2gr5yxAZfM/k1TbszhN7G4i2kZBeW02qtq2gZBWsp8xAc+VREgNx/Z/xqiPIfZFP31aO4pGGhpuDsb3rjeU6ij3/HkdZ/rATMGmv+npcdD/z+EeiyrZpcNsMVX1Bfre83bugX/CyDGn7M0DwRoQPWv7AGASQSrJCdyF3mU8P4tLq/Jx0W2+O7TexybVffjdOI/v9tx2hrHTZL1/yJ/wlh47S4HdFCxNFa9pBvvJDa8L+E7Zx4O/OEMwgug3MSDxcgu89fLxFgA+apA/hjhsnmBRkyjOa/kJaJeMZtqbxDtmvaVXXYmiz6ZQUUZtiRQmin1qCGCTXcImX2WVxkbW0Yk8Gsj6+AGkCt9jOFQXK0jPpE5t0hCN8s75fVU2hy0ZQ+AZhm52xo7R6Kpw9Dvx+Y6uPnd0xAHxGc9/6EhGwo1H2gBmwG4aj/OGF7R8/+fLp7/PxwHfwob0cpEyftovq0u7XZpBOHjYNsNdCCPRjbpT9YVr6qcmkH4eb/Oye3/NjFPIYn02ss6yx4JOyouwtvBReXzgvyBubXIuNHnCu2U/ygREkMvSc/J8Fb4lS/yXss20jGJrzsk5Ga03kyLN/yK7jdeAVXs3zmv0FBGp5CYgRZ8sfZNp1tqhD57AT9/aF2b7L7aHfrii5bbw9677zu8Tz7KVs9KnQ0ywvWwglN3v3aFh/fAyt8/EdLLekP3a9qSFpmI/voJND2wutr/z+MibrIv0Sgy8bS+Jrs3jImOgLzprSZMjfnwjKYl+NhLJ5HYJh7a/CuLYwrh0tBjEhOktoyc7KZ2YojMnHq3cf34iGBdCyC+awCt/XKULkvFFSJnCvKeCqfpJiDREV4ivmTKPzEJRysFGt66nj+aaigIf0KHHuYlVS9EEq27i6FIa4MCYuRjlJhUKMyVKE3wNUA4YXOI7fxbUa5HdpPtLuB/ieYdya7ylRoCprI+ebnm/F/bZxRAKsnAX8j2/E7vz+58W76NeIp6Ytsvix0Y8xl1n7hQRE6UeUidg94Y8+MgAkeJOkMwyKASg2dVH9oCjL7M7vEYXecfEfRRvBevJA0x9zYxlHJlTJRECJRj1fhpOkAYjr24GwHg1DsGRLxbYHFo9nfq7fTDlacr4jvjSuN6RTSPZ7bPsYPfL/uGPemnhvOcf9tiCUfwnKNtA+IgyVfVVLEXRCeptYnFs4/6h1moyWBhvrurr3mnZbHAEvkS1veu395pDtUCuab8nz2NEXlA18tbalAuVr1zsdFWemxuQEQl+F5+YqmBvr9+O7Uon8Lk7Xdz5d39mpqb23bLh1WwhmZmrQvcTMXAUkA48TyjQz0sLNTOnsFChtIw33XlNue56Sm5nSb+83px6MBxnMzLvBmVGLZafGM56dqRk2N+TQqPAfa1aLnSbygaz+R3qN/q7IJtTmw1GaUYrNc9D4t6x0vtsWxQ2kReRt+f3OoP+mdmfwe0qhk3IIvzc5sjovqcdLWC3JTRmsjEPnm03tyL4Dj1Ngf29ne//7v3jvlwgRPt659zEBpGwg5SXh9OmLOqgdGZa+qh/eG6VF/mhGYQrZ2CW9u1wjsCIAk7yk5CF+R3JzTYmKpXSzs/3iu5RX3X5xOkr3tl/Tv/e2X9Mn+9svSIZJ701p+ES4UXp/+zTdWhSzWZlvc0KEPvt0+/UofbBN7Q+0YfoopLHxdoXxaUAmZTjSj8bi7eof13ZCKRk7mxXSNs0WHPbF/eji8hsAe7e70uqzZcSzGCnpR3YmTc8jYCTCooMWG/P765rITyKrv2XaOnPMoo3BxJrT5yP23KzaaYrUy40bJMbTeVYft1s7d2yynI3Oxsa7trGBzUP8/T/UZ+KemUo3gTK0lJ99UAYvAPnexzsfk2nedkiKyh38kJr3v7i7N9B+qOkQlO/bkQpybsDjd3jP//sT7w+L3ns1uPEFQfa9YN4Cxm1e+b43T9dunnqTJa7L8KcDL/QnbBOgodbBhF13J+y6M87e3/64Xffv1+LmN3r0vwXUrwclnLYJC2kYIPB006c5LUZuNe++1xTfh2HX/7fvvtcW34epN1rXvHNt37nuvnPdeUdc+x8bymNYPUNgXShmVGzwWhAOmhDQ+Iax8Len8j1Nz6kGODiklqqV9NYN1XV5wfg5nUC85aUF/fKXdHur86b4Qd7tkKXJrOl0OhXP8jNpE+tWo4LP9PUNnZ+Tcm1g39LPvO7zhQuYZ4A8wyjm5MheyOKatDGT8LvO7qRCVfPJTADfSfUXzrT2Op8Xs1z69sduOuf+iAFOmsZLuOa0gPyRLrF9RL9ife2jKPRmXl3FoI+QNfZTApTw/P0VItgezNRmlKp4BKmhnx+P+KPa/L1dV1f62cx+Ns3L8mPlsFx67Vi5kG7c8RLCQZ+YnGs/Oc3NLJ09xL0FUX8A32uX3+fMLS3T5efFMp/ZPDT4odMSgIMkMjf6aEKu89uP5Mvf2IYMQhj6/mNGw8ZabX2t391mwsQj+CUp+ebT+ZYZDCX+1c3hHA/6R4hyXtQUJ6KDWZU3y4/b9Kqq3+oL6I7Spiv2a8khy9+tyqomz5NSpBDva/a6qxSel503dgbPawr5Zs2tcVaCGA3CnEYITPJphoX3K3LGMyBH9CZPk5RHJTkuQX+a0cox/qxzcjWbltK4I7yTNQ35NUF+CwMixzpfhpzcVhcXZVRSAl6+DdvZyWJ+Yt4TlWEEgHI1kU+7K9mhklZBCzDqs1ZM8h1iymmOLVKP0g01m0rmUfx7+pWiPsqZ82cX5MMu00s4yN00ON77Ul7xSNdAw1J7pwMKK2MNFuucNsMK01bx2c5hWjxukAlnYA0p/uUFZQzS4pNPTEDsvv1e8X1S6wuKzI5bCgQpzsq3PhZkIJBGcm4PG7PVgc/DxcTYcfRQIL6O9T/qoBJ5T76GwhAr+WMmwdmf1vcbtlmtMTNLDCoTZzPJpm+BGc4ntX7tcPOnUyigpt1HCb8bmGekE98p5Q4Vh67VoC5eapT+SsOjN9XOjt/dO/KKSILJOHtpZfpzQva6oZ8N/WSrqQuLJvEpBJto4kkymmzCmTCTuf+5GG7+osELki6nlbGL/Pf+kt0l+W4efvf7uO/8SQqzu7aTzRldvAgy64u/h32tm6q1X2h61ozRX1KnyHxvxxtnfzm9kXc6q4qNtA5Sq2YNBEmmK0qVUW+fEOGVvu/oBf2EOr3yX0DCcI4X4DQ1JvXJizbyCdbhwh4eI98FkIy8AOHPrs1nynO/OH33KAVnPKKv4FT+kt6KnGdj+np8SeZ/JKLQ8b2g/7IlwVEEWGtDT/+ueId/0deciL6PvzYTXf89QPt+yvrEiUfEmHRx76Dr/BL9Fqwl6bCPTK7RZ0KFSr8+uT6bOUR9/sUL+MLMjdJ8ZrAkEulHPYxPSrKz8K0aH+9K8zID5rJypKoMqVK7tMPpYwMWhJbRVmP7IQ/ac8F+j48/fuR9bYHAKEny8Penfxdb+vuyqhdZSUHB79+sKAO65eBavPAqdeGtzQPF732/Q6HpckwGvGi3PkrjTrIFfTwLVGo1+WmEO5Qjc9M7LSNLxY6+eMfiZzxTQGBMhQMMvvq5fK8okl2ylvG4rrPr3z/PyBfgJiOHWdFCXIo7DAddSdsCuv3Lc6JVQ9+2ynjbu8Y0SqvVupl7TdCdWCT+VQboTwh9Mv7pqlhufZx+LMQfmvzJT98w/X4DQ6WwK/s2+e/UsWIevJjyN0ql4cl8xUY4Mp9ind9/Snl9I2/gn3+mXHb3W+r1wgWu15Pr8U837F2Lu1vRp8tiCv+Whtik15w0/zHK2zbFkj4u8vvWqZ9nhOyYvLkvr5ZGQ9rpwBTUOVK8Wz0eCJifPwXlidWEkfhfZHRDlqyVOhGuNF/ZVpt5kznptpxpQN7EnkLnOIdGmVRe+P8QnxbLhqb4+BzLBB6PLvMrtQQmAax/On5tikmJsO6zsMF4mb9rX8t32pKS3DkvuocN5eMX5PKYsVmQn6XLdWlcaY67acIAQd4Zc6Q5O5kX5cxDtWerIm/KeJ/k5O/nwSi1b8taJjWF1w/jFvhlnV8W1brR0T65fiOpA5+QDjK+GUEiq6vX9Cu1lfFh4FtENqJDP+/w2Wfe2+FXd7Cs/7v24VnMdST07xURKiepG69CjJndCUrviwFswGWD+DAwI72Y7C5Qhw+rgO7X6fsg8tkGRDpkiKLhMYm2A8MNCQnN9QvH1f8fmOdQBnWOvQ+/mfn1AHbn1vsqvW3n7zOn3a5vns++9LJCGJpMVU6sW83sDU0eMHftNyIek0mrBj1xtJ9tmKmhLjeC4YTkky+f/j7W0IqoBro4kFL7jQrojajdnhrdbm+eRQRg82pdzsgFOs+mpJ0l98gr9m8lg0eJ1SVGShmpLC0LSvtRqwxGPZUELb5tGNabL59+mT4CuvQRTCAvcERDLcKziTJLRZKvHzvjmDPWnqtTdey7sdSpC7+6JNgcEbk5Mr1zD9/6GFGodhp80+s7L/sdHJclW1WaFtOPhxG/UUUpYrHoTLiiauaT6WJmkuZvTXqNEjg8hzqxE5o5SgtX5DEgKZelCzLBlJyi5edimtI0zauZ5BwJj8bkaxvK8JY0g5SNmlyT75tmJu3FXVU153m1C2ReiWPgLTNwIpXxmunjhTASuEr85TxrihyeBE0VubbLabkmaThd0qzVSGbf2cAw1oHvsoz9Is4+Oijj4XuO7k28GTCk5xJLbsM46n2feDjy4DyAjzKrH3aYEUcEHrPBfMRj6PrMlgukkeGF+JCQg+hS7Wz2c0cuFSp8MS5mIMFHVqY+gnL0voHe8j4ioRC/Xc3c2exnmXY0PkRvQaKFljtqWDZ8/vtThOelTNdLIz0j6zALJb0UEr/fjVOUPvzdBl1mvt+oz7izapxZz9+hxXonU1vgwe20iE4w6UTbw9277o0x+INe4xkgL7FqK4yUP+4ykUefIMb0QpRptQyy9LKikBbLHsV/zC39yKu6fsBhJiXu+fUfCxZgTAu2h1iOoQbaIf8gVtuyqxCuPwLm2EiSVdTaYOGxHk96PM6NBUK6WoD0wlTNRaqiYZaDLsUYf0T29iMYXUxFPyOoL0cNq0hga/zdSN4DH73rcCm37/IofZiycURj+YP+7S/x2pzumIcFx6SxSUfpHM14anmpShaMOm9EFo3epbq67FqZiXa8gN6FKcxg3rGm9YaCiZYmpoVZrx5uaZv0/TQmFvyFjINuIpC8wv8aNoklRN4JlwhfBZzKHxN/UMLprSyo1jWRy/KU4yhLz/dkKc5sUB7bmqOPxC80LESGW1acMlpZ1KVsNuzf2sB/UTstHLjZVHdY0v45bIJ6TG99p2/GXLMQ39Jcm/mMGJyYdfHcw4BOgiVNwiue2iY6jUi/pN+t6rdZXRGfEuV+0bqA5oY4nZ3ev/tdXjxrxulXF/Ox45Mcij/9PfTnI/q5Sc1vNoqyZFkFua5GPyOSwUqR66lq3TP69psN5k++Dk2gddJ/18gii0M+jIvc0gFR9DWSnroUS3gX0MT0v7f5slEOlD+oZ9PIJEpTsXtsnNY1Iq0T8qopcoYhya+ERbfcoEPVlmJRjX481g4iWo2/gC7lBrLkvCqxTHL39/t9m0/ujmhRxH1En/xu/BHzGRMX740NR3/840TOIy8Re/du+oZ7KJDNTs+e2hHy17zWW7DXJ4B02D9ultKZONauoOn3dtS48ghn5tNd71PlVG8iOy7pVjFT+BiCaY7YWLtStw9vDgfvVmurjqWZhhK+Kmh9ltUdjXZZIQQiZhsF617yQsArqoiZX0iJdmabGIbMfpsR7/z0msJhjm0URX5tA3doMx0xwBRLcnBS9PS2WAH2UvqgGTD6Iza546HJVdQQrItmv9Ukj285yX4aPJhrFsruLDhA6it4hP2cCGucb4oRyeAhuUVvjDT0hHFasDIbGAfPpU9dhyZ/dUL/gPqyOO9Ecc6f0Y/HnZm1Ijm3IhkwcSOAZDqCJIFt/WN2SBtzAWG/35urWwnb75zxEFrvlbjaNlNg4MkPO/aflrH/NI3dwLaj/mlv1KmQ8HuOkJ98ghV089L3flrnXXtQF3qQ8T0OCtqcgZ8jc/RW8HxLeDIKFsm3namZRlaCBPW339+8HNRv5U2vB5b0j/trzJyKlQ6yzRen71ZbH/++v+/k409sg0/47zsmNQdKdmYuQgChrUEoRthbKgr69gSpReRW8qwU/WdTN1aEGrR1SkXGdPf32/p9r7515/f9Hv345M7W9z77pb/vz/y+v9/v+7v9vt/6/u9x57Pf46PfY+t7v9/v+/2Pvv+tOx/9Hr/v93+3u3aIocoQsox/t1035UCg8+1e+O2XtDCaiR9hWtwLW/xkJhGb+Xr/66odSjGxO4XcpWQ3ua2VNJCMNLvOEqtTonOoWX6kdH5WlM6P/ZzoHG4wz6dvn6kHy0L2Bkbd+LTEFMQxlEmlFOcMwuUslMWOYTXEPZQE2fJ52g5vSt5K+vFnHz8C/NNfRLlamigdeYBA2okFOMH6i9VD2WJ//djI9JYRrjudpJgVmjuHNqB8B2C/JP0lSsZJnWdv9XdB7pcKcl+geVotOZXbrMjdJNXBw6HhX1FSv9FY+BvGu69d3SjudMfh+3CUw0k3DOtn/GFJ7ow1o6R4zissBkqm20S66fx6NRfFeuMoP2iAH/9+H39iB/nJx9u/B2zH4Yax/H69sTTeYL5xhI3D6SYCzLWzEcXfzUcxX858BNNtmrGi1I8++m5WL6mjjxCIscCkD77xIZBpFpnvDWPwbdFOhKttrx9tHPe3Noz7Gx9VZGI4HogjqHmb9JHiQWh+h2OXvJF1ofwdrezlyymLvLfYc3ush5C2CH1D+vr9fER25nz0rXfoXLQOTl/LQ7t7NyvzmiIpS4HUJEcepR9/ohbyE0oifGIoY/8wlsJ+oHpb6HV71+/sHItySPvNKbc+kgaI9r/z1es3CPlNdL2FUNjEh8gWuVQAL3c7B4pBMCLDzs+A7/P1XB+er67XYZaAov7R13ZTfij+Cf/T43kGgcZe/jZsdBhJvU1JoNv8WVUjL+bW8dhk0SpXsVytsdpFiRZB2V8vl0a9dJv9PP3FLKXeKwKu94b5uLeghX57rfkzP4f3G0sCTfXR7+/1D0ItaXpIXD4esX9RzNzvGQ+W/8afsm5Nf7788vUbakLcfw66yOfCwzUxAV74jU3i0HX25eSnidt//6uckuC/f5Od546KHczuOJzPme79CVFG20o/evblqy8+GvlDUShj/OUGZT4tZuHgzOfyt3xnRmq+k7/lu6a9LqmTj2YFpXGy60eU4loifS8Z5984WHMz3OHW2/CBS4nT6MbZakVmiwOGICEejvPjsxcvvwLRRSw+xvST5ft4Xsxm+VLn68c+Lmb0IXdCGSTzIegQ+ZhNpP189/ssOXdkmVGHItQnThpPqtl1gCp9JclWGoJMO7U09JIP8LVxGOvFsHCdndei+Pri9Q2J1c+qlDT11HEK/fFNsD5wL4jvqh9QEJQptwC74rzeKA8fF0xMxyjMEV3etzzRF5Uf+5gZHLwVcPghL6vJciqhV2Ok3ozTX+abIY6hr9zbS5lxv3/7HSe1HcrMkBItK1kKk3YARZoWPX78WAaeAtJnH338iQ/5k48/SglB+jj9xMeY/qJvipnfvphxa9Dgs1DGDz86enxXejmSDAezy6WOtzMPs+JS07tRYswu9ctLciqXef3tN188J0A0GB6u8qKjZid/77BlMCpl1DwmZdlsJiL2vMpAWqeNzmvVTSZijvId5qRalp2XjYXW92XxWZbevNSGvEukmV1T3NTm03m2vAhk3XdC0JrbvkZbFtlptViVeZu7zEvYobP4vyQy9DpfVJeqYCKjDwbNXJXeCmHyrtNf4t505Boklb7RQ3CyJm74qi57FOm1JNYoVtbRbfwXclokpkku8EdW/v5ZrQNjtz7PauWcl3W1YicCFPtY0CRF8fEsazP8rJaLipItRLDa/3Pden/R4qaxNuaj9Uq+n03KaUkr5vKX96u4uRw2u1c1x0d4raXV2/xagaf654pWdhv7JbrRdyflWjE8J/WtTSY5OSM5ZWCJJpc0cYoGT9/HXbcpLzv2IP2Zn9EPPZ9Xxaqt16ycMOPWf4Xy69LWOrDT7e3DVIHk5fe67b43/T58WPRk4Hq4hTMJNzywWww0QCN8IYoEsAibdXDwJIjcOppVxKPkwpxeInZBd0Xe0Sru+z2fGa80DqLBjNIrWgbEv/lSEBkA8PtPsKg48OYo3YWoO8yq5fgmjH6WEdpRhBilWbX8uB0gWdoUCO8pQpxmaAU3iV/CArhLZKbcE39C/DqjoJbXi8m1m6W8JO99MzhmxvkWA2dd8fufF3XTdn2rLSFM11XCpwSYVxfY5lUvqvZ4Bh2H98xaxpo1yu92t7hjGpIaLX9/NOm0/P2q5d076e/Bn6WPIKewzPyXebWsLopp5223Mk/vk3izgQ2Fh8c8/v1//xwU+bZQrO8qskwMNFXv0Zhg7tETlJv6+p6POEnYZ7ftufuiWRY3CNziJaGGUD4rmrwnCna5hpdweJntinJa1dWYoVoTy/15X3iW1qme4rOdw4LC91sgZnVS4UX2HN7dbmDfK0yU75H/nIlrxuatzJzD0yqvDf9/L7eLLj927s1kL2eAH3e/ZShYlTNFpm/K0QaYcA/fs1xucyYgLIP2OaXT7iPLFh8Z1IMuu+8IyswN3+N/lahgFffiYR9QoOJ/rIeK1+Bbd4OBwXFkFnrOacrcrqrEv93yp2zkceBI1gucg/hj1plXSE6JdbpwX2x9VC0/IiUx1EkXugfme5FXMW73snsXSJFoqEOIeYR/l00pcUm//65G8xk0+e0TwpHJYThumBC7Dk3fS34/GRde/Y09Z4RF8bHPFYdO0jAkYZuC9REsgcFfPBw3fF484m/S4DUoCnoNP81nnaUvfO19ZDpI/S5+jJ3mH7NLSuyn8mf4f5y1AVf0GllNorGYTdBHLTDG76YhkFWgwLaEOJSbuBTab2yDJsbTa/HIaz6Slj+Gfh85wEta7h+lDbdBcpMYXCdrlE5OshXBze/I+CUZtFo38y0PbEr5EU47NMoPpqPzklr6XSkYnmTKG7X5QihJU79V0GgcULd+skt6Nj3i9CqaFPhI4fwYIASv+ap163fF106R2jS4/P1LbDs0o0yShlehjjAvb2gj7+9+Xwb0vT3zyz23Oq4/5d+730qfiRdEXtGqKsioYX2Ygv089xiCY/8GrhWtGlPwcF68w9IploM+hgYQ9fZjMffi448dERS5cbOeNMLNO6N07w7rbALjyNOBoe8poB/TP1N5i9RP+L0v/oOwPBz2RjLI3x+D/P0xKArMfn9yhc0aWUi4u3dnOcJmcR87GsUM1aWdda66zlAYe0D6N7/Q8WGioYvHGjd5QD1L7fPeLHdGowvY+67Ha3EW0ze/p63D3rVpoEbCwIl++yWckOhG7eTwv0YuCXEfLVVdB94Yhe0r/VyIQ+qXhwIOlZVbrHSMORv1PdNUTICq0DBS/egj/u43Fjf1d2UQnhUgUBRh5/VTTXqONfn4kwWtLXVclo2NMawTSsxQImLGw2MT8JEZGWREgJHOpuTIKAXmGX/iDev24JlUH310B18YSvJ63Zaln8yFSxMSfF3cUQR/sUHo7FQRqVOoQgNhTKm+ot26u31XOQRQFipeRzuWe017ehUco1wEfSyWeJcssXnNs8L+m5/gVbKglJyoj9utnTtkOL+i5GB9gqjzDukK/toJv7oNgcPqU9IfacgnHZI0Pi02c5jJCPzG1lJy+0M1ux0mf14s3/q8XdLfLrr8Xf2k7Zw0M5ug5dtw9fpjfCNJ0zCFKADghSnmPghSg5I+9RfqbaQ4/hbafvbR1vd+v4++/607H42/RYHjR7/b7kcBw/ShDiFmqGJogm8GSPJUksehxMsI9OVNioJZ3qTgue9YHz9ZNMWEP/mgbi4tGNMTB2dIEfz+oMSkqUoixMuq+f1JP5Ou/v1N4sIqwk4n3isxzDhxP62rkoCd8/L1SP9uq5X82SLlQKypC8ihiGAqwBfDvY4F0d/1s+Emyk1kKmlxnxbnRd4of8guhaDzHOiROsQnusxlhk79X1fr9Cqj38nnICM3IxvzcZNiSOPxGLBvR8KcLYlR2+IyErT83ZfnW9/7+MmXT38fJDPB4x9/H4Rhbbu9C5V9iw5+18+Y6liu/T2MPEHk7fiMVAUTErQwnN97/U21Ct+W6fO/7+gSTk5Qk1+cvnvERuD8vCH1gU63PZYYpdfe1wTGfoseYG+VWrbNywwqkH2UJXseTDfFDr22C6A2zA5dUCLv9fgd9DW9PH6nH1ybD6512pyo2fWXu9+iRMK3fuzZM3LmG0J5RXqJmYjS4evJomjVZW3yfMEua1aSGnO+7Jgdwa1sOqUcuHnXGpDsHI0DuAKOY800W6YUW9GaDqFwt7OKkIsL85NZHQqmk0uw+WEq6bvyjf1jVTXvKMw0v1/T7zoFv6sGO7GskfVFtI0Juj6mFUZojtHH2on5s/V+R5cfP9rhX675F7DGlFcWHnFOYfTxghbAaXkh+KwuLuadZiDnx48+/viXOKS2kFAsaaVg9oYF27pSjA+4OPye3zTWlF6GZ61Z/cir3reOS/i91vTGLlJrXnBr5n4ntErp+ghfcF+5DmRBtM/mL7OL/DWLj9Od+XhFn/7evPLBv/4+OgyQnXvg7w/1o2v70e8TIAlARGtCQ0HJHz1gps0nhKCKkoWqr8h3nlRxiqifoOQAznACASAMyE63FBOSXlRfid07xxvdVvuuleOWbqO9ni+yseedW/Xs4behZyGlB9ulovAbkayty98rF7/XzX0FzQrwkK/cEy79xchXy7+LfOFfI2L4N5Ay+2tH0rw/QnlzvwtiLqVUiU5jXqdfhLQcxqSaCgpaSUjuuVrVYXRVtFqxQosoMz/AHVgDwOeURbhKn9TVVUPexTyfvt0yRPUh5J2cLc/C7/qZt1qI2NRzc3+M5iijxZ/yyXoyKXkNQ9cRadjSHnOOAcAZyy4y4O5e7nzh1tfjfQmRflJdetZ65gXTFaVEQKmnEmi5V8PP/YV8R3wDsDcBbXVxUeavV/m0yIjFLnoL0/m7ablGvmzBWbOZxntfTn6aFoUpX1a9e0Xvrgor3nfvshXa1Zl5ShpYcMLH82KW//6tdPO9j2Vl2a3uoovPPtv11ASBl576OvFJ9Q7+qJlrl0xNNXX22PUWWcBA09/fjCb1EgI0N51RglfCT8ZIIb4Bo9NXWwPfffbZwzt2AdfvKmzPnQYLmb05Gf/+TXaZz37/p1+exF/3tHkE91vD/oW/EMBS99z2TZ8eHRCBj38rGIN0uy0knyTD1D/k1JHkhsAMWKz/zLEEWEztc/Pk+o1EMVuWoyjAF0GzfPfTwnc/TXznL+P/tEshsBiLOEGdYRX/p79vvuxka3+JfQNCIYbHtERv0yB0HAwrt7STQ+9NF9jGI97OO8DBvPPZZx8tq2X+EcybhwF9TISZ5X52NZ58Vpl+zYKffhawvcp0t/etQMUY8OzGsp9P78SVQ/Cegvsx27nEBRaEujRBi+uwxXV/KJQZr8usG5dAackXwMHTlALXJ6wCcGSj8fYFOEoBNP1dhVhjWjCkCKhgC2S/l9k2n/dpFCYSBBIlV1b6gqZY+Ol3Q+AsaNdOSdPFjaPUDl4cMt4WJ7gxcXwUDIOL4KENOT82NiOj9h9xaFBc5h/Zl4KmGkV/tL27s7OzemdbGcBB8r8zWpeNcdPqo+y+B+JOiiwmceyD1z4Wefv4kNuFyMmPcIHi9mxFLTcx1RBB++90CVvzQpLLyn3ktfXm1gw+wCNkoNhMhW1v0/fzkKcC4oXzC0G9YXqHZyr2ouUm/BNMGv5V163nqjm14vtok11SLXvG9aI2tISmCTGjnWhZeplOdh9xC3KZiyWnHJhy5BpP9vgLsmP6BccA4TfZhIB5f0/ysrriv39jDotTwmP87hP656qY0XIWGcHJHqlYshP4Ij2iBntosGca/MzPYKx47RqvzXN0qu9d63vX+t413jMt6Cv2Zm3QHji4vtOrDnuPkGIfQkfX5U8m/JUE6x+9++gRkpkfXctP/owHoJ8LUt6XNm+mDVwSDh+gDXscEujXxbTFGkZvMWVKqydZ+4Va/o9OXr/ePeGPWBFF14JkUCLczyoTjkkaiN3nm94wzjQM4BgkwHv0yzbeFCv4ghDqphXR+tq0vh5obfKIaMzkMy/wH/Yroab5Tv6yX3oJXYq2lXi/R38dSn9R3+1Rr8Gkml3fiY3CovrNwddxh4s4THeKRCn1d8KJk1dwCmLzFW2pAV4wS2V0NtohqouAb0feDWdgUlH+YmEa+uCCySCv9+5dQte6ziDBTRSml4bfCulmKXOLFHBIHE773paDOSX8HgxMjSgde0Zr1Dev0PA7H98ZpbuaZQqI/T6Q5KUuqGA+oix503xseslMx29sVSu9PaRZfz6pVuJd6uPWusKGnub9iZ39W03+R5OqnuX1NknitpDqjstGTsqvBQviHwFWfy1grFgi0CZfC5qoHx9cX0XezqQxT4A+O+7P1v55NS/KfCsQ+yBkj6yW/Ri9/klkocyL26NrdD9GWPjvOWdVXsxLGZbDhL/lL3ty3pRRSW6cgAdmnBhk238nsNoTXr9zb34NK31bK3f3rkwAcoCcJdYPfqCDd5+AbTQvR5/INP1AFQp98GP4/gfDdlIaUT+fSDNdiv7ko9+3/YjWKiawaPRT//yBP5n8cf37Lj+Srn9McEMTf4lRvvwl/G9WbjWN47YVv/DemoG17iHbxU5H35jCgAO9o8P6xkS9B/QbkXgD9ZtTcAaiw3T1HiRd3Zamq/cgagB0M1VX70HWAOwAXR3c25M2gDtA2/fxY+/eJclB0wG3lhVXX2dBdKG1dBSR71bBl12YKw/o/y98Y1E4NymaDapl8b5ysKBFyGIJOfBt/eJ9WUnBgNSBz/C+6HxDvtEwfzvd/r6orbIZeL9LqtX7YmXgOFoBlJv5+LTuvWcvQ/P6NeH0JxaAdogT3wfY5tn9AIhDU/x1QA7O84cACycb8L5eGBzoUI51ewrwduj5Ae1QMHs7IHONZX/IcSy757T+DlQy45kLrbYp9UMa7BNojE8goJ+A8TVLLMSjJqQqP4GC+gSq4BOIGDforLl7MfLdu+l5TdbiF62L+m2z4JX08+JdPkvbKl0xTcrrdFacn+cQ3oLWzCnF2l7llLg9O00pj9tQLN30gu2X2QWRmkb7uvgBxbMu6nYx97tRyhONMbe0ukppXVp2Px8XeO3bMmm/KwXCZJ7z82KZz8waHhjHtfyuDQGug8+/HXP/tR9rvbyYm7r62Hb1sb+y3onMP3aR+cceRrZ1x7CNp+xYhGje0DiKe2ByYx0zP23szWvhdeEY4xe/e8TT8ii9Rsbil/zs8sdrZv33Y44Vvff7fMnmpDNjXeZAy99bWobc4YH4fwF3dJTGRubo5bzekzc29bUxqdbni3BCp3VOE69o+hMKio7SjJe3mlF6tZwJch61adnns9hE4vN0mV+lT+rqqsnrk3k+fSuu+S8JIRDUOC+AkWhhG9k2auN81gDdrRRgUgHccV315Vu8qBilipKOuMs2itc5rVNtAX6BhS1ta9R9c1W00zlA0SKReePHfmyaEWJb9AaI1ebvWkBLH6Xy7Y8B03G2WuXL2QllI2ZbXaTf0CvI2myZ/r5XfJ8g3Dk0ECbU7O1hpLNpmTUNegs744+RtSACOZA3gytmfVjF7D2BgMwBGMMOFO88r66IW6j11p3PPvuoWK7WlEUhgSW7WuT6yyKbemukd++Sqvri+CSdZsS+UC1YbAQ404Kdm2a1HGaGj16/PH7hrdqGguXPDOC4dvhLV2dnRbMqs2syectqmduVfWkiNu3NF8/ZkyCaVeRS8QfjOqfXpvnW3cc82LsF+WjyK4/hs9/3o48+ccSlJNNHHp7K4tzHeVE3LSM5MIyaV6sjw+go0c2zQMTX35rsPKsLbyZ4ZDQBbkFcptrqEBpAt9PwZZbJKDOZ9ftBpuJZ6DOnTM60aSBCN/MpCXu2LlsHpK2vN4yv8IeWhvOCT4L+zEimGamILeSC+6vzLArmnY8vs3Kdf/x9JTF3zx95cE2bjs5H28MfI2V/CG3fM+Bni1VVt9DRVtmrCrt7F9LCSVTLPUzD1/M8bxt0QyRRJS/+bmHT2to5fSTwecjBRLMoVtSO4H9PSeIpVM5RFOljAkFT9mpd5g0lS5YX5A6lxSefWF7Tnrsc6PsbFgCRfjyv8/O4lcFzXNfZ9e+/WjfzLcZt1Hnbjd9xr/zsMDH6D19tq9c0T8uLrTskOJh2eBhCfbShGOUbQcPxkZkDhiD0B2ekjulSbUHkT39JfLENXT65fk1MNCU4AZeM0vqd4GzZAFP3VnxBndIeY+jXzbjGYPpsYb8347WYxzgmxjCAEGMVNEOn1BJNrBwCRXxO8iyjhH7oTxcN1s5Qf34AQOfCCnFvAt6H9mKVXtuJ9klP4jiiKLidOyfMp7FCplY9KFv8luBiNT1UefWDoiw1VEVqMC2rbMbm892itMSf59/Os9kLdpEZPnGIGs7myfUbWf3YooXVjIK87+2AwN67jIb3cmh4VW0LEf3Wago+grN0l7jio14DZiX1Mnlq2L3UZgbj0HZ7r5u2IAXIw8GqiVEliFmU327blfbwe3/xHH+9yn/ROm9MktnJADns0hzR/3Lro89P33wks0URV0Y0NyJrmjWE1RYWoXz++THmlJRZRZpnJaU1SGlky2XVyvRkKdOsYf7g8I4+yWsK1tKKRgiiZ0uexOm6Rlin346x8PSm9zFc+I8+/gRTU1bUP7HaeF417RJLWh9/ZN+qZeQUO3rdf/Xqub6PoaK5TqXlR11nkxGq5G1ZIrRZu24++2x/Z/+ODpii0sWKRvzadXKVNSlGf45c/6OPVQg2dKMTSCQwfnPAe9aZNmjUebOiMJe/MBPrc1qHh8z7hoV0VYL6uPv7Nt/6fX/x1vd+v9/3l3z/W3d+319Cf94VeKDm84IXh2O9jsl3LFrSSIZPSMWJhvsM+u2xed1puM+KT/Ysl6iSU1aVdWrDoj9GXwRKDq0UnPNK0Mg5Se77T3a/Lw36ojdmTUi/Og7Gz765v2kaPl4bprkt1Tua1nuLlZwqVqHD73+VZ5f570+uQm5Sh6P0F88IgUfkgP0SmcTf7asXZ7//0+M3p2/Ovjj9/b84fv17/f6vT18evzp+8+Wr1zA8H28T3318F/98D/98H/9s4Z87+Odb+OcT/DPGP79vg38fsVcWAf3q9PPT3/slgSVY1MLM9Q8w2T8oHm9ExnLAD6yRG+6BFqg/+n1/348+2Qjxez+gsOLjnwEmv2QTugSMhn3DiMB/r/KL03errcFmo48uPhKyW9NHs8H/7NX5Rf4OOtclId7J8v6Ptcya9K8Lmb73+979fbd/3/H3714QudGVHZVwVOSVre9t00vf+32///tu/b53ft9v/b6f/L7j3/fR9+8whN/39/3ddgdfDMBz8+/9vgSJ+icEhrv7fX/fRoE3g42u6bl7UYCjvrez/fD7v3h3tP9L7mxo/j6NB9rGWy8WjKttvbcB8kDTeOPZ7PaAB5rGG3/7273W3xqEPNQ23no+fw/QQ23jrYviPUAPtY23bpr3AD3UNt66baX58Rc/8/KLn8kWP7Na/Mzxz7z8mexnVhv6uPGl+Gspv5YOw33EDR5ZGNYKezro49/vY1pIwcufpB//bgJKrUYNWxE64NBCvMz0++NXXwlldT1K8eEXWfNW1BG6u/x98gzh0eUX1ZJXui6fZsjLGm+E23y7WnMb/Nzdm5tf9/a/zW8WS0okwI+9fJ1Pq+WMf31TLKir+m1e756Ef++dOPjaw0VdrVccsCuC4k0MK+A7Bjd+82yGXPOOg+f19tVKKYGvKZ3QD70ea/eR2AvN1Nf8HG2AGr0l7Y3rYVD45JND8w5/9JMmz1HX3zNtTGQBn12CsYLC+Xdfnm99/O1vj749KopRMWqaUfOxUuDj0cd3Rj0c7qRHhLtxngDM75Gs3Mfpz/yMyQV3vorkDwJ0P975mMfhxYMRbOfz0fx9cGQ3amE7sUuhrutRurujTtQ3PKDdPTMiL0tocDlKd/eQDbQfPE739gO3lMdMcDokECYg+cU6C4aa/h7pcItPdikhN/Q1f2+cXU6fEctws+/L4F2KJRiZxXmbBqGv/1iM93f1y062LjaxbTtq32diY3MVn4fvfe/jYziVx198/P0R+aMv8cdL+uP73+vh/P3vdXtV6cRQ1eM3w8APWbTY6qPKiHCW9WP4KB8/cn//PvTI3z9mtOBmtnRZVgPwY0myGnjBn9rXLWGDjNLyMX24Y8nb+cIxggG7R43JNPCfZpb7KT0D4YEHYROIXm7btN19GGnbY64eqRYLn/L6x49Zo7OZNpTQ5YbxWZjNArLPDGyxY+83o9/+dgDr2waWs3bvB28+D+DNfXhiSN8PXlH4ZNQ/fsyzwO8HjpbVPHD6x495Vvz9wLUGQMf2u5cH3ou8uLf5Rc4Iy7qAZU39Kb7F7wFGfWTZ1Lk3+ou2oiaWtZRj5IeB8gh/Hko/nqNjf/XgyEcMyfOD7K+upX7ELY179eX5ecPJUvViWGgNm/yu8q6KbvAVqeJdmC/7wWP6wKZVup6bkBEAtsJJIuMaEp8+oFzieDrP6uN2awdraC9tbjFE4bHXYb9LUhbWNqmGCFRLAOozH3kHayd8n/+9e3expmRUNpvBgLdVOkdbgtbSMJDRe/mFtqPcZTVK/dbUynZJC+D4QV4hpcvx3gWndjQHubs7Sq/mBWU06ZtiSStVxUzBhtO2lX4tinIzReVod/fO77G790hHqz2EpPQ6FTkIUlXafhsGxImJcXqEzFBjIT8F3dDXh+6l4HsG+Uusj13RR/z9x9ckZKTnWNhGrO4+XkCo8BlLl344y2AwIVAj/hszhg8A37wnQsRvyq/6RSMygy9UfICMkxUbOFhH5prckMfpDt4m+eh/v5Dv08EGM22gZKq+JwPFkujH0C7iVNLHMlj53H6IweKjXaWaCdqqw1vk9q4IierKy+6ZAE++4Az9d/nX1M8zZfUF1nTWdUlcW8xA+HleXMw1/YRZu1rOvp0tZ5STN+qnzM+ZgRvKaebLMb9HXhb/vJPeTfdMw7Zaee3mOQBTQ9OD15KwJFSg/j5iMJ99RKwrgD9JPxrJG/yh/MqfUjK5+EE2KfPPXlQj6oSWuiZkfvgvSbL/PsQNi2qWlZ9d02+zHMlV8vbkryIrqwv+FQNi4DwygCbM+QP6KRzjqEA4ejTdYtIZOuow2NqBx9xbyhKdWaEV2pzczymc3ZDOEki2dfkF0H9CqxRvuWu7Pu3Wo55cn82IOb12mloGBr9rF4YfXkXg9xfmzKrVR0/PfpKWd1TTflzMPk75eZSGfY+0gSxySYNZQeFBdv0onaDRx9zil6hPAERWVdPpm4b3MrsgT2KZ16+LH+Qms99FWRaIxz8405Dr4cOHGxsKTxFTUpdjWtSlFMnqnQZ7A68ox+k71+E7K0rNnBfvirygVY26XVI6XjhxvRpC2Z/FSTW7HsurT3KyKPlWt/Wo0/i8qJuWFwgUvE+1rG2z6fz0EvPVB/RxtVxU6yYnzltSJGW1gDWfqnA6THpO/Tc8xWZEZureq+vZpJyWBc3+D7dnXi7+Paj/CdM3o44viatpoaJaMvyfVXzcgvPvoTCC2XwkH27C8pvDcTObBn7BgCSoGMNsiSDLm/jHaS/BQKD+Emttf9eeKpRV3rbOlk1JQ7XrvdCqqSjncfqyzOHwZ2VJhqspKDWxqlbIvH18x+tAKRFoUFh6Q7N0o5QyOnfvnp2S+i7L1HxBzltTzLhvcoXqbEHOe3YOPy9Ln375RQogqcDTMfIkcmaIs05bb9tF2dz5XT/7yOabjD+8AZ+x/AJ9+D1JW7j0Iy2VFY8ZaiTzyCjwl5RmHBPAtq6u85llF3KBWnKQNDASl/gWeBAwQsXCzWeFKiL5/g0bSBte/RKP6DcRnNZ+Z1XeLD+m1e6qfkvUb8m/I5d7yR45ft2iSVnmOQVDTUU+Or2mXE7e7Btps/XRQD+/P3PVHTJZnCgTz+8m5PQlxvD9ptSbJX+GtncPiyNez97e/oCJ2kR/mp7bzWMwUYcRJ9HpDt9JdNQY9F6IQL/r0JfjaVk1dniDrTytofKs8t19ZU5C6eumLTe7N7T0BsWumRvY72r/giKzHt4ABr7XZlY91NsLBxuOY8Djwlvv4dWhowGf7matvayW+ceKT5RkjH5/8v1vI/RmnYzgDh8HHxIKZMiMLrt7l/pPF4QLhJri5Tx9m19PqqyepTnsZYPQuczTeXZZLC+4gcCGUcD7TQWV29braWsNn7SgeB7Wg+2SgyrgpAXF4wbMhHQLAV9SNCFhfgtXl/s7fX2C19N5sWjy8rw7nkX2VnjKJ9IUfs0JGYon2fTtiAwpz+CXSxLOUdpQDMHOQGP4bUuVif8N5TH6OsU1oN5o0KwSfIb0aDxerZv51i/+WDv/mNzuEI+PpxniI7Laj9IOwh+7jj5+5H7/JQMzTQKwqC77ZMj7msJHUNPxn7mlgFA++u+RTiUho4SHQjZrQl6s4HXwveFOt3UFAF0YWDYl4ftuZFd47D9JcSS1PLQNmWL5TIWT3qrGCPqkgXDZVtjG6nNdPBrrdEBZdqHxwoxpYF/0spc2Zc7iH7w9XhR9kPTh9z7OeFp+f5YsyixQDudj5/+7XjQvBukR8YcYsBcGS5TTOjJBXCMFZt9OSYOSmeZGzXqC7x0wsAUZbLLl5Syd5AJ0ZtwpAJduGKpVyODO4WH3yN8ZLqWd6ccLsnvynrzWJ5Yd9d27jAmNx84tBoXPfLGRxo5Pu0thmDYjVwa2/5lxrvFPVGgr438PSpiyoS/24NS2urgo89erfEqu8pvsotmCKaI4gYhPKfedESsM+XdIjslJyFZfV46PrBizBX1vgRx3FaONaIymE7LdVkxZtsekuk/gmJNI7T0wcGNaxSnUTbSvxkYJxGEwtR2ugcv4u9LLY9jk3yu/trxRX/9ifGzRTB/uyH+Hv2SaYUEyv8NWtMMzPGhDL4eVEsxi4WUNdXS/JGLk2UbSGk1en2fTwNrTamhT1bBgWMSlDhdnnpekZksaDZgs+TJFHi8r2o8MUsb3sb3eJuNEaaNLinx/sQSwsdfJI8ma5gXFZvBuis63Hw++VsDHMwOEgYm/e2NyZ2BIQYw/zlZIO3LKZiv2AkN6727UubP0ll8OldaUqcKv5Gv8rnl558d4am6dZNvQnUmfcfbMT4RteGdu8mecPvNeAmMg6TCM3ZPq3Rbhf1MPkmfugt/0hqaw32cY/tBNZvo27wXD1z8CGkQd8fVyWEpF1DaI1GA40ePyIKToMaaIdMjNoh1v4OahUZHe7lkb+uz3XxPjl7S2gWR+V9+k3QYDvnKvVeAxKwJFU1bZDLGFp7v96HfLUuR3NQk7TkUd1xdMBGOr9EuTsFsvAbc/SWocTWtSBKy0vBixFxL34tvgZZPTw7/W5MRJ2LEeefuV18RADSbXOSt+NjDoH9wVEsRQuD/QKP8UUDbffvPFc9iIx9Mc7HN0JuukxuH8XdMXVarEenxX22A55uPHZBJSlqvPPjKLCghq09+1WKyqus2W7UdHH1PLoU4B4y4BORK57Ucg4VSRZvnSH4t+az9Og8Ug/wWG2afi4JsGB3/OOplkyhDHZs0mkT8mr4J9ey9b7EdONa87D7qAviOFpuTC3OBPKTYuLaDMw78ODGQvynkjPzQZdXD0HDLnyW5aDJ1W1dsijyyGyheQBV9Ul+Q/jFLiQPjLZXGeN6tsOUqz6TRvmt9/lWFVEwNnjcsQOCqi5A8cD1ou5KVCoeQWg7FKxEDrLqATJCwfA0Z+lT7lpCPTD5+a7CYvUUOH8x9Yd9rCOv23PuX/7e1/y0CXXPiPebh9QsJ1mObvVgUtkjJ6DKutPv/izeu2JgVoE/SMpzfWDqo9oGjDEL13DCg7p/IW3BL7Otqob6pJs8A31am56E+NIz7+yn9RQPhD/WqKJFOn+zHph4LcyEMxc6SnXRqd1umnJhg5dEl0BgW0M5MvNbH9eDrP6uN2a+fOZ599nNrwmRuPKQZuhKq7o6lC9SI/NrCkhGiJ8svzLRnFHT8RYtdylspFPkhpr1AdeE/ebkXZWR6YXWF6x9x9EdEmH1EGfXtXmxrYFD43pHGJMl+dPU0voMCytqp/44T+/Nz81ZvIbiQhs0t0+Niac0NYnmH49Nnbdl3Mfn/o9C8IgzGtF5FG2bpDvGwY2aPV3ij9lBdof3/rYbZzUp0KDj8OzWfTag3DQh/vyrB83Merumor4DnW0QUu2Cxvs0JFxBuQ+Tg6JPkSg7K46axtORxJUKXZJ6mP5CefyKDsBIj6e02YkgPvYZZ6IsMAGttE4kr+kIakqscf85Zi8NHvbzPcv//k+vcn6n8U79cjUjaD9zP0LZDI5csA12ry00660ZK+pc9o1JrkrWBR7TwvOEK++/v9vs23DAz6det79MHvu/X9b92hP37frbuFc+EAUqmv0MlxfLskI/P7w9WQHiRI9Uy1NsWP70ni0ISwRLEzjNMQ0fIGMwD3C/Q5vOS2luI6Dd/jT78vw7yJpqILN3wboWihfqXJAvh9F7Pv39QlKQlS1hvgSoP3h0u+WriykKqH3GFSX4H9xDqvr2XyfdkjzujHCG0dFzrMGn9pvC1yqjOAIQ2X1dO5x16BwiC/B/EoROS4rrNr+Zq/Ygsf+RJd/SKgTF9Rl4YJ6Ver+j/+PT4O9L7X3LchFhXzPf8kP4j83Wm+dfcXZovV4d0Lcpp+4ce261VW1I1tK6bvo1/Ikvsbs/HT5UlqguVIMoD8RmQlWRMI1JBbYNnRDuCzjxUgjw2tjjwzhjcpK67a1r7thkZpSXpHgxi0ZmLG2wL4J7J4i8yZmZXv2d8UdUiTduo1lVn6nve715w/4MZqP7v85rEusVMQ2L012TwffbMMGCNzF1+f1MzCdmRYav8Mq0+OngLeH5H6JV6WvOMDmMHxmH6vN7//m6oq22KF+QTUKQj1iIKF9vcnpf37t/oted30JRbi89kjWq7jP6cZ2YDykeSU6W9Sd4/6ZuMOt6WE/9WjQGOM0nej1IyFXV4K3oazE6RieDisualp6BvZkVLqHl2lRZs21SK/mpOlSita0IMaQHaFltwqfEvgmzRLJ9U7vEUAw9zPx9twpk0Cx30tyaShb73FVE7QyPdOYroJLGSwMBYVGm2412/5smoKEO5VXpJ+uszfVDs7W6AfS4zNOO3JnzaPtGcg98aHbsLkVneM3CLImN296/ELfMDfv6XQg4jLs/kRUhPkDd7bu78jKoonHp+GE/+NT3mU/m4xW3i1JIVu8HX4MOYLCmE9pFqsJ5CR/oS/gMejr31ksVG7Ikbje20ly2c98yK9vlEiudaec+4hB76NIajAfNoHo+ExfIy3P/boLk1A/a8PE2/7ML0pj5CQVpMK41yqzamzRfP7i4H9+GMECfxBVuOD74mm4vjSZIvc6tE9Q8JAZ94Tndlt7+vMH/sxNrq/Py94uw5H7iXSkWo1mHv4nwBV99b4p6tiuUWYf+w40WuKSbdzHY6WXiHOcZ85bnU+x0c++T/y+G3rY/zFLPjRxx/5YD756I5w4S0Y1ePOz5AmNXxIYHSqwpkd4j8kP2qT2dyoAQCBNAB0o7w0fqc/rzt9vQdfDumZUM1IDun3b8g6l56+oRTL0iy9uuU3WtKBW5mdZ3UxpFSYwEXLqWIAGfMflvaLa0LOM+2az6F2pMSOW3ITJmty/LFIVZA+ML2Y14ZU3gYIwrLohoFYdh9OwEs7j9V/jMFLk34Pbuzo5O73ft/6911+/+64zZt2iwdvR6GqmwMZf6qCmOcj9R0+Ugycvh9e06Os7SVNrY7sY16/+5i8EQX1+8uSn35LOD8SNGSE2g+sgZ9G7pP0Ix7NR0GSwHrPGDWc548eT+r07tFH3ldEkZ8BSfxvpU/uw1CEf1pc/MnuLfip7R+aGYOo16QJBsJdEcH4p8chv6thkbt3RTDSnJfS02pZXtM/01xoOJRORlcm6UoY1d2c8Y/9mLzPk8qDjlBZkFOsbvKCWE79plAbnbaxdf0fixkxT7tYJ0LBUmANT/fdI7u6J3kjSqTMEFOoK3WXXCfyrqTVdb+Velhohihk55fEkOkoVdZeyGmYtvHlezsww9C3m6V1G0vsv98U9SkZoh9t2FHnfrNbDtCaYV+V+z5jxCpIKBK6EbdX7uIi5NSNWRcwzKiaqHlyfQLl8yJDoj1ciwioxPk0n/AmM+73kZch6DfZBQP+OPv4TggvMGOqke+AKIhCD13WtssKdpEHC40fx2ACGGVmv/UbJ+m3Ulas6e+9KL/dtqvfOPnWXeRsv2h+b1KYRO8vqh8UZZn9xomdAcL+abV4qnR4SQnA4p3OCggf+5piZPy4k2rcuaENhsnagf/i5Mn3PvriNWGzR7rtoy+KaV011XnLf+Bj+8u9j75vXq4OhzMZCjfiLbaUQJHpgi/FKZsp4qvfW1JVW+ZVBN/kX429IRixuXl8cCkdHJlUWkOgbGW6lROFfnFqYvR2XlPsCjRO65pi549OqnU5S5dVm3KigZaKCsp9ZmVJvI/ZIs+wyWuTgPXnSyc3NlfBV5F5in0v1P05nyVaWcAf5PmK40C5jxw6leaqeY9p1BH2pzA29FtP34dPIC+dKA7peYb887U3rfrNlvapf6oPlXpZKKGbJZu3ck194p1XOSUCm9Z36GpZOyPUwza69KgLv7+InJRsRnkw7jFYCwQdw6956cR8Qekk1lXPi6aFj7j1EXTVR8ad+7EO8j9m3gsA7ivAIAxHq2rJ7Rq0o7W45QVj95EB+tEd040A7Tc3w/wxWCFOaQWes7IIvSsM0CFrwG4+VbN3UYaMCOgwX2bvbJ99xqMPiWfO87JMwXzri3mMDX+fal2nE/qQmI38UZJesGSzXq2qurUcp4JkuNHwFzk8wbJrvZrSInxdcrKJ0vmacLfsRt+PK3Jytz56+eXrNx9pW4+maEBugzLYt2kmchYVWstatttvaFahO8hRLgtJx999t311dbVNamOxTcBo7YkCXuO4CDRxzBibQ0co6wgpKRkJ/v43thlRej8cb2eV2Q2Xvtg02s9PMVhpFBkvYcjS8nXRM8rB2Ji4gjDfQoz4Je+zvqaw6yxmNNTF0y+/2DPsbV0fXs7Fbzwf6S/8hS6qCb/SPkyXvizQG340tPG9LSws4/+WZBpzYG2ZErspRSUNvdYgsUsOC4ENWBp2wdMclLBf5XV7bUDQMrGYDk8PSIyE9PBVjvVsErOi/V35DSXFJt3X/drqPnwxqPt6Pm4MklV6ns5Doxt1nr72Y/HGVuNFFR7/oyxI799C6/lvRDVezIX0nCrnVKEfX89FXaMbVZqVk0CtHaognTj/AXMBW7zI23k1Y954tyghyLS2nsJXsR6xN3gSk5dsvEkYCD9nX1/ndZGVxQ8637xAjo7kBj/dAlL/k/Hv//tLGvlz7v/3//2ZM35jVvME3Y5qVohfkb8jlhJutt8VpElrUg85/RaKi8ARmcGQxumpvD+p2vnvyt96nXhYGSJ9BkO68XvH0yZpqIqFfR1GVNbw4MZlPKXEYNxItQQWQLbwuaXx1p07Y379WV0tNGnTkIJoafR3abLUFGhHkkdJycui8dO6SVamU+Rb6nyJFlf0e64ra/Os4VQM5qChXpiJ+Rs/k8YfUMzU8p+eOqLOyJ8jzcJcQxoNvLcELDOcWoyJUexR1xdDHk8tGrGsNmPgp474A+kQL211YJCnSkneep2bxKHggU+cKFunpmWpwz/yP4SJP0ZxohMD/ls+fEM9Uz5ZmbwRzvvyC4Kd5zylS/ZsZZa8975qaBH/ERI7aUPiSdhUzPnUiWt194fH6OgwzutdCdz6CCwW0dZKwC31mp3kg18tid6YNCPmTBQc/8th97d+z+n09yeQv6f+BQ3ze/7+P91M62LV/v46Giyj37vDQ0KqhWmwJHqkvMqIUcIhSs9JOPi7s1P6YLEiNq/TQ3rv98yJ/aQLI2OqhiteROjT4LDT8vOaGNw0D14navFbv//vn8oS8o/ZDx4NtfS4zfcyXCdK3/4X/bn5mObmYyw/uxCC58cEtO83ORzL/ZixQkqEXPwUM3xN5PSJpe0CWvnvbiRVvKGhFMjUA69U6n0eIRIU5SYqsTpBI/XCfULcqgNOub/52enl9S16oVn+/S+zcg2PWmM9TEm7hNZDt9UVvWoZXbxNQGLt6d4WbSn61l9G+Ogj/5tAEy99x8mxDgkz9A1LHX9gkc3RFXX/e7+krPJWBgxoffL03UpjCyB+jlxzavKbmt5ciC7TeffcwQDi+N1KPEG7IP2RMSORdhLy4+9T+ZKcKxkQj+fuXWCzbF7lTVWSOqIX6DWl34vX5mMZRUhk4yOnv0cq3xpxVgFKH+nn4dR0WgkugkadN+uyVRTMWLaYciOBNfJQHcmwXvFL4+MXv8/v/+b3eXnqhxQBzB5tBnug92+GrV5GzZky6WRctLw29oLYbsuupvFMj3m9mpo50v+SlLW2zWxr+wBnoV9DojNlRm4EVQFCroZ4Gp/Bz3isOEScixADamSXyE1iEkhIK12hp6nd0dcNp8aCV/7u0LjdVgCeiNt+Ms+nb9WWAtEJuDG7LC7AhJAxZMm9VTqjZ9eroCEtz7VIDcRaZkFLWiipjy/AZEHT3xjhhRMvozEKSIfoDgoe8XHtD1Mm4vc33939Er+Mt763s/3w9x1//1t37hZeq0XD0O5+8frsdKjNBVEDJuMu/xJ8JcsZ+E5++33vbn3v9515IHSO1tl4wYkFg5jhMmDe/5LnOBihdRD5U+N+fCa++zNy8tut+nu7wh0eg/qgMdShbvk7B18o/OFd6mqPdtqdywC+peRQt7vj/Q098dSYjvx5s64azVF9+ej3bb5lZvkTnaIeMYL3PKoMoX4DaQwXS7wJrSPQsqn5lVYA18hHGhY2b7xUAfLxu6tg7tIi2u+RfqR/fZQ+Ajr0OKrcZbDajn+PtiI8tA395lq4ButlASi/B+xWARj45e2SjMNHEsQA1+8FCH/fo5GQyAxVaeW+IGdvZr4sOOzWF8i1/hSLhgHpg6+VI9jceixk2oDA9vfAQHdm01eQHYXYUBj3jAb0bfJ9yGknNV6rL9BR4vR5RIOzwzDfpT7oe7NIYd786c+KT3YPf9p/9aed7pdX9/TVn5ZXRd/P97638/3HBJd+2PQUO1ULKGD6Qhr/mHTKH+15H/00T89iJR+xN6H2pDP6z59/+eT4+e9f5xfIj9UgxOv1ZFHIcr/SZMs0//2x5kq557qoaloL9VymegGuN/7DwJor+OZj5qdYKA4YQwRmAUEDQ2HPAaOPKcXWMNbp7/pZ+rH1vT4Gc3S/9lOH4u3Vi99/rpMvvYyDz7xp8T+20xJ8+r3gLx0OJuN7hmgulmVq6qz/WI8Nw850IkUzasd378KopjrY1A5SX1LsaDi//+//tv397defBSTR7gMqiWP6zGThP85pWftjEOB3pcVt4CUsQmtphkFgdYJE+seKcUid1DjV3xTZJGHamzKMsTeFAfFuHq8OZ3jEdowxLjLD/EZGecvx+QKOGIiyLN9Kn9EqKvISA+OQxMW6LUrqffzTDb3yY8+ekQFo2mq14kwh5+qVUpqnz3MSd+SbStIZ3IK/GHNadSubTvOmMe+a/H+anaNxAFfA1VlB80K5qxzp5TtAgbIoj+AAoNEUyUTqbGgEhaSfyae8uMhrEoQJ9ZUKwiNAqPOP0SS9ynj5mleDAfjZl6++wAdCxUMalmi9nyQTj+Uh4YBGklsVAAnChCDFlTzrBTygNqsxMlEth/LNRVlNspIR/v0Fld+f80XOFFkVPMxhvnp14PkTOKtm1mbVYtzBHc1YYKtxZ53L2Gz2WfxV6gGMjZoLOqM55N62AF54tLuMJqIpiFdjItGF1du/K31qwHawcuscaESvseW4sbHXlsKL59UVBThZQ8ssv+tnH2FANgi3hoTlyYmNWRNk069ru8W5YMpv6ovefBsidkbUJ7O2EWu19dWLs99/VjTZpMyfrNuWJOtOx2gpoH5DDHOU3h1/667ml10H4g77aeZbm7Yhw3Yeej8x1RVEstzhGi5yqPPUYHP+Y+sjQfIjWnyitt/b/T5WoYSLzMr73bsZvUerkEPyriA+EQCf6Oss6SY6L5pH3Ac1Vag8S/jTGM8JZVHeyne+e2TSPeKnei7mNzp7bs3P8YeHnZXLm6Suz7egHwgByqkOTFnx2GW6fAmkmFoTwQxvMQZDSutrjH+IADx+b8mTUe4twXuW2oh34MP4PKerPN0mnmrypI9p/FnoI1IA4jNGV8l0nK6ennPsE5F9Mcb+LGbEytO5zKNEdiNggzU88jr48xNqkI/PS0oKYQT/DwGp9V2dPQEA" />
        <Entry handle="89" bytes="H4sIAAAAAAAEAO29B2AcSZYlJi9tynt/SvVK1+B0oQiAYBMk2JBAEOzBiM3mkuwdaUcjKasqgcplVmVdZhZAzO2dvPfee++999577733ujudTif33/8/XGZkAWz2zkrayZ4hgKrIHz9+fB8/Iu5+6zdO0m+lx0+/fHKavv59Xr85/eJ1evbi5MtXL798dfzm9Cl/fVKtruviYt6mezs7D9LjWTXJ09fXTZsvmvRsOa3qVVVnbT4TYGWZvkLrJn2VN3l9qZ/zPy++fHN2cvooVSCrvF4U1PC6Wqdtla6bfJQuqllxfj1Ks+UsnRVNWxeTdZun7bxo0vOizNNimWZT6nSWLad5elW0c/oyF/gtAWzS6pw/kT7KYpovmzzNLuo8X+TLlt9erLLldbG8SIt2nJ6dMwbz7DJP63yaF4Sz1+F5XS3STDpoqnVNvVYEv6Ym2VJ6GaHDJaDU3iiKadYW1XKUVrUbCn0ABIuWuvpF66LOG0Z2VRfUivu4qou2JWhMnabRF7ifMRrc/Y2T3zg5Xy+nDKuZV1e/f9b8/gS6rZbN748vtu6kv/g3Tn7sMiMcqzpv08/S86xs8kP6sDhPt37XrfZ6lRPQ3+3F7/3m939+9vrN7//69M2bsxefv04/+yz9eL2c5efFMp99nP7Mz6SDbb/3cafzj78fef3W7zGKdwT1HzN4t/Wa0f4lNPIu7sc/eSu0vWa3xfjmV25C9sfok3W9FPrTZ/RRBw61/yg+eR9R+2XV/v6RF37Xj9JPulNOrVWQ2zpbNucVZCAjxl++hVRlqbQbpW/zfAWeB7/xt8VyCTbO37Uib9lsZr6vllOSnLdpfkkio1xnee73evP7N+11mf/+db4qs2n++0MKFZ2tvBwB0O/PbwqBMG86HfabDt2Vkt7XjmVBTvByXi5JTD9LSYjKor0ez6rFeFrnpHpOSxbtrY+L5WrdfjwSYB+jz4/TR+nHghp9zh9fZuU6//gRwRszBb795ovn6ObOISTrx+hjHt2YZJaGd009fryslvnHh/xlH4eC9EvdHp+T9tni70cEWoFh6B1q8FgMfT8DFvoH4EsH5hP62vvulyh6aCAYXhZNMWFEBFD3UyPw/kiZ8IbePrDYcKVL5WVuLLwcYwbR3L//dN201eL3B4M11DF3lNKDUU/LrGlycLJPv4u8PcEXL7JFzq8cyhvAfFd+/YW/kGxGXWfXv39BLPPuy/MtBTVKPyYE0BkN6XG6I81tp3gEe4XJuBt0zGTewM8Gn7vf8rHO2jabzk8xr1vfutudNkOerTzABb1m0BRkXcarOr8sqnXzupjQAC60FzPy3zUz4AIIFsq07ZPxOdFhKzP4+s1XWd2C7vTauK1eky1aXmzdGdOMFyQ2v8fH3XeAAb8zLvPlBdlY4prdHiJ4uNX3dr8Pvvm4A+WX9BH5RcBimV+lP7HO62tFxMC4c2jGRqT7/dd1SW3lu53vj/BVkU1K5p/vfb/TlXBHTlOy9Yua8dv8mljDTgL9OUqLKPry3mrdzLcs/FH6PX6DALGuaL5XfP/7XQqpuvA/Au7n9WKjiupj8NGzL1998RF0U/ebX/yxUIJ0Ff1CrL7I23k1oz8//vz0Damzj5lt6e+PVHgfpRDdjzp076Lu0cobs6UWK1HQK0IuGt44W63y5exkXpSzrQ26+OzFy6+A5C8WPUxIz4vZLIca/rjAILgfntmPlyT64SdGSctHu9//JXduMQFC/Fk1XQOF8aSaXQfY0vddKBhQs56QH7rlf/VLSDmQ1xgRvLb6/fN3+RSy5Cluv5X9PISoCujw7rfuHMKc4q+7qjimRv9BikTx/P6T4gLyxBrr7t3vLdrF93//783yNivK35/Y8/dnCn3/N04YqeXF708Nfn/v6xqw7v5++HTr9519cud3u3voaW28AE/h98+XmH59sUm3pvN8+nZSvfv9MSXOj5xO3vmUJV2j8/zk+mzWeelQ32laYgd663ell8fcJJ+Z74w+Ct4cL7KWeDI6GAu1zksEG78/M4aMEurkVX5x+m619ZEMePzJ73Hn94evZLXTJ+lHvxsJ2UcfqWH2ZADogRbjXIbUkwXPbkuvS5kp/mOMP4AcW1rve7JZXVzHbd60XhvjQHoeknw7vipmROPfv5jdiTtKXm8w3JjDWfq7fiY0t21+rNNAvz+Ub38J/3Ccjs/a+tq+fEW2trr6XoAQkPx++FEx+/64IX5gRppt/a6CgukjnfKc5nVNWGmP+Bf/sAQzfzsXFmFXhrlJ51U5k+DI+rUcT1FYViH4ghPbtOld/LlIzdwxFEyrQikoTE0Bk6KoyU/nZDUlZMT751VZVldweVd1ReFWW+TNIwbwYxTqEcQpue/kP6Jtw5aK+KlprmYcrYamV8WheXL9Wl80gCz2gBSMxLJZejUvpnPCeZ7BdW+oJwo8iXeJR8irVBR0iOicIs9ZmZseclIF1GZaLWeFA0eOfUkSXUg03OmZKAItttawndTR7/bm1fGL17BFx2/OvnzxGkaW5oiZ4WNDDFLIVjQMl929+/GsuByTE0WCy1Oif04q0mMLE71k+CgnBH//aiUO23u/PSMs2ty+L+78e0FAhEMMcWsQ1errot958z1R77w9gLYf4LNDRJ9BNrZYU9GHO4f043H6uwG08eToo08+CbSIfE0+zvhtK45w8/uLd5vPnCoh7mqL5TpUHoxCBkXugARkD0XjTXYBI7f1cfaxURAW358WfH+a8M0crj/t4crI3t3qzMPP9Kj7M32K3bkrqjdrvvfT33fW1urfH9MgfsyOILcyCJqR6o+QYK2dKAcpQhLX7EZ6vBdBfnYpMkwSQ4yQNvJvJ/FBH2vYbTWQr0Q4QHTcfMuIbMSpljsBeChBgtxJjtBX0uDr6LF2jr+aqoYOZkFcVJc9If5/iRS28w7PwRwPsFs73yh/BGqDAFqSKAdRa/QXZSErC9roRu53+LwVfN6G7P/WR8ch5M+LY+y3Q4zd4ey3Hmf/2I9NKIx56/42rP4N8/yHsPyNaZuvKRRpRCr+X8LdXYW6gbm/CdtilCb4au10KP4kl3jZVbPmz1sq1tuZmh8aawVMNZjCsjORDqavAjr2aNWhpUc6S7IouYQDY0G3ENOLWH7Mhd42AnEhCCyNobAEPRbZm7GIpOSkS6bJ5mSca3ibNJy0Hk7Ayfc/1s27yadWW6G3bzLXJlBvm2VTHN8ruaYD0PjcDuLmhJp25vJo+sGHpM8EgkPrPVJm2vvPcaYsQs1bZseksbdm8zJb5uUzJItIguu6mOWvOWHGmQlDApeY0LE32mbw9T7PdnJx8mWQnrhRG3gaoKdVOzJvFf1mwQ/0C3qvOuyI3AdWAX4yqxtP7QimYJS+aniZ1Zw6MzYL+pRmklt7OgAQ6urq9u/XH/vzzQgsVv3XjdF8cm3XXbaoH+a2399k5D6+Q+wVoLK4ZhaDTlmXZcgpi9UY3IKkl/mdFNzz6iqvT7Im35I0loVt2nHWz1OEkgC8+/uRk7B6ezfw2Vzv9KLPOz6K3CSyvhQbMVO7O+aYwAvQgaSgJYHkxAwR3F83kcEC0WTde5BE39DUKo16S0n0mZkrz691fqz7cPkOEtC0ThY4Kaz8pDC6hn48r/PzqHU1YCVxOC6rKSeb+AUWVvxiX+R/A9E0AG7zvvpINpv+Y8qjCATW4HkTFqjLoTJOK6FOyA/D1+CteC9a52X4Vcy76fFnfsZBCVxf0wAsLwr1dwPd9ePff5JN317UFWV4f/9ikV3kyOJ6+d4AbhQG43kDFDc54uWxzaCxfvRRQE79NrYa0SyykmxeC2dSP+LeP6bMuhni7/HxevXxo4+BkJGkcGZvXOwQTPDzFhHMb6wBzN1vpdlPZ+9o8ZkznSAFcqSLrEHcjhkUBnn/QMczgr/btCUXaYCq7xkQvUdE1A2JrBgzuvUtVZ3rq1gu85qWQcDjTB+QB+sib159ZGXaxU2fIWp6TP0M5J/QCBA4xK854okGZR8dO+heiA/wCPAZxKYYnxsgnocGoEHM8ndfnm99XJCpX8/y5i4Jw13M+3g1X9G00DRtB86yH3IZWFHdGFL5hkCMmeqGOIy0RiSksrgxW5Gmy2bsJjXQMqJfVTVqt+cZiZEVENu5SsduIA/vz+fvyb+3Z99bB/Q/y0ljDfG+qdD8/41Z4FsP8WcxrWsTDYtqRur495+uG5pVxqu5WZ9/QEbKzYcJl4/SnZ9L9dxjkDZ/1y6zy47u7HOItruZQ96PRTQvc17UTfszcOh+Zkkd/QzxRxsmrFYcWryoZvntcqc++wzq0Q45RNi9kR635O0SK5Ch6FP7I7/7IXoPAW9uAh7kVTeoplvPy3tNyzc2K+8r04FbBmxp6eOWzoRJIFDohLUSoQtSFQTCkgEDA0iHY0wI0SIughaArhrcnkN6LOK40sB7X6ZwXOFh9P8f6RxU8xKe9RW9r5XDjHOJySUXxuF5aL97v2w051vVGTIx8GVVzH7frZ3f944XBt8ia31rN36TO2ZI1klHDYSq+lpHS/0S+TuEcfdukBk0s3o8m20FhGQBa5CzmFk205RHl+YD7MnRfCCh9EnMXiKvQMmfsemPnfuOEyf/AgHJ4lKbX/wxMzDyl48fQyGAk/kv/AGOxh9H+AOczX8cfaxECeNSzQyXhSOInxNRztm6mxoU7xLQj++oN3BzFMtR6zB3pb9H+rEFDXb/WMl2i6j0R17M/2+9mB85Bz9yDn7kHHwt5+CW5jxkvQ2GMWINf4mPjyroZUXzdzslHepoScvHlLTKQ+qtpLkJf3J9NttizqeZrMlEGeSUY5HA/V3p5/twLZq/J1P6LHkjO8Zkz2PGQPJCBiosAw1ySZxHuiziqH1LJ9Ef7teyyaya4IGAQjJf0OmyYKcfyOJdW+NPWh77/c+LEgllWWeFP/nZR7Ja+dH3P1Yc3tvkv6dRv71NH868Ef4de81jvo3PGNNbXThEqQFNhhdlOTP2Dv1ltJHJZzmiq56jD+KqzRsX2txmLDofWK8j/1AXH/wxvpUxIj8N0EPpaYWAJkhQB4It6/meljWRCJbosIgaamfFhVkzopnt274r7K0u8tqicGSwGu9LraL5IYrfl7mbk9+BFx7M6e8vqKqgfhzAVVn+aPej3/g9fOq7dz1xDuQUJCUpvaHVVTGj6bu53YqGdFXVM9Py/62CvciK5SZZCOLIriTEZD2Qg0C2fSn46c1SsEEGohLgByN3t/DVz8hE/YyZhzt3C9EPHeEYSOwrki6m/+YYfrPHwjwklidqujaz+8c922Sszm2cLxLFns9BjDV9O6nexf0OoYEQSahCMHqOSAxG4IxwWiibkF+3KYIwSprpxM0Nw3CKoWiKNp/9/haOkbK7d3+KHv71uK6z698/Jwy2pNnIkYI/sAMDxCVRKysJEn81nreL8llVR3MMv//vO/vkd5P8gicuAoDcE4KxzK/SV/nF6bvV1se/H1ILCv2T9KPf//fF20SRjy/M6w4Gu/QbHEkB88nHv/9uEDppKkvfDlJZ6c/8jPscwoUPflf+hEwtk9g2sR+EIJzM+AxghAT9B2/7BogUMWCJnYWrqy0h1cFfkZfIJuSb+3Z0k5TXENWGZrRHfvYUSZ128lseibmjHoH101B3+cC8xVqfbq4JEcP1IPQJU5Jo4X8V9mVSdxt8AaVqnc2KyncGhtAMlaCEa7btLaaFiba8+P0X7eL3n+VtVpS//9v8msRDFHMwJ55avns3bedFk9L/slTeS41GcU1EsVDLPDWJXg3+7uZLdtL1VXiXk3yeXRZkvAyxiFCb08M/BsShPn9/gaYDaJjGS3iaMVP0u+JbxjVIpb0vLLU6xh7g3645+I2j1sD5Jqz5P9AUDIeftzMDG+NR5tdmvKh+UJRlZiFvNpbnxTswX0tiTbQss/rC+hCEhoWrciR5+O99/JZYrPn4+zFxsgg48dtC89+/aFR9/CSZGZqzO0MasUMK/rlYl22xoonOZ0XbhFLFbhW4YKPpe62zutWZ0n4s6icTBK7JE2NEwQdH6a5Fu4eiU3a/xOJpwuaLuoBu+F3tgsmL3/vN7//sy1df/P6vT9+8OXvx+euIRhxs+72Pfbg0L/13b/cSU3Vw+NRgly2d/2Jn2nqj3kAWNvDrxe9fnRMLluvFkr/mLrEu4oe4ygY81RM4FNYsTes8a3Od5y3x3khMFamPLcezNPuz7GuEHyOgvRjKtpQm/M/duySW2WqVL2cn86KcbdGLCuLu3R97/eb0ZbrcvkddCVqsTOd5NsuVRe0oEKDhC4yY+i6WTV63r6qrre1dzyOb5mVpmpk3tO0JfeUa24b07TKvv/3mi+f0Cub8i7xpsgui6Mev8il58b//s29/rG6de6k39LkO2nP3wonx3D76M3D62Aqlm1IE6nkSLDOx7zfa22DO/Bt6pN5r/hRKI32rs/IYp+vwyNoZD8u1NmCV2zDcDrfshdwCL1dSYhm5D/NilqdFaxmC/p7ly9+/mN1yoUACohnlAvLSpnBDQL8/6fT8HUef8Sn3ppo/+P3biuR1dT1K+c1g7jFtak6GOdtzDpm+tTDmstJ5VwAbpt6+EUzLFuPzye6dT2x43Wm9rL5bZ/BqPUe004RN7PiSOi6mWXlcFhdLav8RrbZ9ZJm1SyJDkU2SQTNuB+wodONw6TX/lfdhw90+G4oCNfJlYPrCcCPMO4d375LUVcscSyBb7H8o8HZ2A/UsCvOCR38LBm5nssbFDPz74z0sczWrbBmmOvCNGgvPTYylh7yW3QWvH8N3SOl4azx1vqgucyGOfu3Set1k3h1fnYmIUcdO1r7XFbtPPjHp2Lvfkp9X1FOO8fDL5HHor8S7s/yNJnTuwQzr5/EIEZ6ZZmLdADsYjbHC9Zp8MYprAj31Y9+6Kz+FsmjbUaJOXnzm0aZxVZqVxBVbH0+rdTnDihEFqqLggNLvamfTeHyWlhSZqKbcJU05IzdONWVFcNTv+zDFdfeuTHKKZb+iWjfpfM+bRtL+RCDjmlhZN41DArb1tR2xmUoB0H1B5la/602u6XbD9M73/Ln9MYfnQIeGaw2zplNeIESI5g0SMfBh+ks0rmMGkO88NjLwB6RE23cm1JEZbCeZ3oiwhETuc2iMwFZWuqLyu4Ka7vMbRcWj5o2iEqejeU3JOCxGCndQ0wSSpEMP+S/+ZtDIRHJOlsTr2EfYCvGDHE0qWhlY6EIe1jJH7HpkM/k6F63M72OmpLlZ+NukxXshV9CT8f8IbAjSH5nYxCc5KfIcvvao0300wfuxWCV4+EQ58TGNJkiX7zSM/v0puv79L8pqQjGPrm1ITj81iU82lovVpiE6Q2UCkpGJHWCnaNyi2GLLXQQ6strFHjSh8ftXEywJ/OJfcmg+7cf/EJfFqrceFs00MBgw4vCqR7DmwTxnEIkslaR+DG7bIffisCpm4bdYKbHfhl+xp3I7Ssvrls4AEdDaT1h04ZOo01/ElZys6HyrGcD+N178H//iKN0xROyNKPzA8vz7ZmtCMDdmbtTJ5vw3JTm6aAz4eJzScnIZc58IGuXjSNNAPodX2cJm8Kl8E+eyJpIEADN1XzBqlqUQGjWuvv1mU25myWa+Yn7gudf8jlPzlioSctHrHe1uV8nJhVWdo6vkU9/4Oji22SZggSLcCC9UzpvxW2aXN+FGTXwgTDUSHEDuNBvgECdleGKrlwAXX730kCVr6rDFG1jOtBPnYx/iry9Sb/qSRYWsCAXRb93fhkBdJ70zCTcRzba6kW625f8LSSe4fQPU00QG/6sL7bzaa3pSg/wbs+n9JQOWV2yIGl1VhAUvXkEjZlMdg0sEA56xPzWUqhjoAVtuvlrlNa8R2Gx9Bjw4e2ziAu3JCx1+tzevjl+8Rqb0+M3Zly9e+0GEoS2mLTDPPwYam3UDWDjv0zarWX1RXucpJXmMxuIlAvJXttrvid/yfTd1gN9wDq21UHVqPNvGLbCmp/h5eg0AhFDUyOrITkDmGt3swRGSdlnExr/KEh7xCBwtSXzPWx8xjaUtyJTzqliXHPhmVpyf01em0Tb/1rREP2njOEB4zrGb/KAOxVp9Blv1WNkzYqHkGxiluE9lk0OuIVyX91uP4RGTwAqD5u/yKb0VgP/dhr/yphmczNKl63PhmosZUqeVklXlcJM0cEsWVJ8LBMrpJbHB3pas+pDLUS3LKpuRs9UVZcD4fwCyMq5a52IAAA==" />
        <Entry handle="88" bytes="H4sIAAAAAAAEAO29B2AcSZYlJi9tynt/SvVK1+B0oQiAYBMk2JBAEOzBiM3mkuwdaUcjKasqgcplVmVdZhZAzO2dvPfee++999577733ujudTif33/8/XGZkAWz2zkrayZ4hgKrIHz9+fB8/Iu5+6zdO0m+lx0+/fHKavv59Xr85/eJ1evbi5MtXL798dfzm9Cl/fVKtruviYt6mezs7D9LjWTXJ09fXTZsvmvRsOa3qVVVnbT4TYGWZvkLrJn2VN3l9qZ/zPy++fHN2cvooVSCrvF4U1PC6Wqdtla6bfJQuqllxfj1Ks+UsnRVNWxeTdZun7bxo0vOizNNimWZT6nSWLad5elW0c/oyF/gtAWzS6pw/kT7KYpovmzzNLuo8X+TLlt9erLLldbG8SIt2nJ6dMwbz7DJP63yaF4Sz1+F5XS3STDpoqnVNvVYEv6Ym2VJ6GaHDJaDU3iiKadYW1XKUVrUbCn0ABIuWuvpF66LOG0Z2VRfUivu4qou2JWhMnabRF7ifMRrc/Y2T3zi5ezecl91t+uc+TQeRIHvbpl8uy2KZj3k6apmOWqdjzO9/K5XJn2REnGmZNQ1hkr+jjtFjw99pV9z0vHiX5tNFloJ4ZQHi2zbFebr1uz5bL6cY3XhVV23VXq/ycbZaldd30l/8Gyc/NvRt+ll6rl+lW9Uok9Y/dpnVaX2I34rzrd+1uvOL04pa/uJfcpj+kpSGTjwwBd54VeBsLddlSVxTX6wxyc2dMV6uxr//7//78/efYT4ZYEMsM51vbWXpL/yFaTYu8+VFO7+T/szPpDva+Y8x7J1HaU19OhBbdw7TSZ1nbw9do91eo+x7O9+PNNyLNhxl39uNtb433Jr+2Yu9sn/DK/TPvdh792/zHv2zH3v501u/TP/c70CY5efZumwfpfzXj51X9RamvfhsZ5Q2n3300WFaPDbzc1h88skdmRxmieJ3/WyHmKJJP/ks/WhETX+JfiefZN/7KP0kLdJPPvr+R9LZj2kDoJtfZuXWRx7SaEwvph/d+egON+fGaGB4FNzF39R5u66XwpvU6pccQkKG+H+aleUg++NLj/u3KuU+Yu8pSbZjZVaFa6gwIGOkg75ugFh+lR7XdUaUN+2VZOl2uiujcZTdPSSSdtp5pAXM7xV48fsE2jb8XvF9RxUlAMRJJa9isWvuBCQxA/79JwVh7w3z98ebpBInP51PWxkycPv9f/9F3s4rNP39jahqV/ZVJZBparpnSL7oDyNyekkNnpMqzpc5OOGbwCoHzC5qmFyLGbeAgrkiFKqrsbzR5yCeR49DVutmLoD5m98ff8eR1u5polM702lkqlPMtSo5fvt7/K9+feOk+40N+mleEmt+AJKuy0EsmRKOwQk1T0w34LaBtNUqoGy16uGsGJCy8UGnn32WQvMwcm19LVgaJNZLUmpkd2eH0uCXkJmCscnNcExDq09kDL2BBPOyvf19M6IetYcRD+hC7bZuwXHNvDhXXhb4/MFQDwK6Jnaum1zAs9SQM9Fe0ksWRX3rcOglRZXfYyQPI0PdiEowWG6pwz2U8ZJSZYeuWcEfTK+q+m1DPtn5eV4TR5GKZ18Ojli1hDNWXRYzcgLZu5zU1RV5Tg1DmeTTDLqY/LdZlTfLj9t0Sq9e5PIyuVrFMiuJpwnlISIzDox4qjRStPpi07RZTRpklpd5m59Ua9U0KT1MaXITP0tXGZGSPL+AUTF8acgwqJn8/D1cc/7gTvoo3TkMW8o36WN4RL9H+kXWzseL7J18+gmBH+3gLfm8WG7hE4Fl+/QQJnj+X17/wagcFuG7theLRvR9QmkEcjgUQB9pYdX3uAGZt5SoMhwfSPBuQVFD3YZoUO8xMztiQ4sXiUNgkUGRdJeigDoXzgJrEzZNS9zBvi5Zgvyd64xe+v1lMgNl80mAxbZPGu0QL/NAfn8a2yy30xy86bVdmmbobdt/9RDIh7ou6PCOaW5HKqDWK/nAeRlmMESZw+LoM7+P7e1CfA3RcsX3zYjZ7RDkjLLTXtgZksHQTBI+TH3XZyEdkGcjE+qP+5NP+t15ZmRb3rjn96iaRDmHKRdXR+8psoHX9j2xrTx59OfHH/OfjoL3brTe4qpt34vabPGCPx6lHxMffMxNP/5ki1rf+eTj70tfbHG4bw618tZMhKonIyTeMD5WL/njOwKC3WjV6sYtzsFrVuty7Pgle0FeaMkhI03suK2ORU1Kk99f/47QlLAoFs4to0iWAgf0BAULpVqdb2kbss8fWzP8sZKLv8NgR4w6Bq9hoL4stkRbc2jzMavwjx8xPaVD3wv8sR9zkYy0R3y/vNAXgJeQkwX9S4Oe5wf4EJnorbYR8B7D2ebiB3nGVKMah4qJqTys+y/Z5tYZ0Am4ypECibA0Zz0Ed3bfyJhRdqKFXAZfqpyZr8Gc8rX7yNDft9iWXXw8fv8mO/8wZBxzqI7x8IpxyS2xZ/QHh8A8L3wcYXnlBrJ2kxz5JqRcsikckKxJXzMH/bi2+Y0TUTTmlT4l3nlE0MgZesNX4b7OsDzJevAz87oV3iI2uO1dHRmwhxU7u8UIvHZmFP6rtxmJP4htxAlHPLjt7W9kMD5WAy6lk2A1hkc2PzToqHPkHAgWc4NQJaoBa1JLj1L+cTUv2rxZZWRUspaIS47kEq8h+s/p/8TFWSpK5jdOBOTvzy/GTFDtBvG78l/0j6++dAj0Kbniq5I63br7+/2+zbfujtKPPrrjPqOPfjf5zFIOeC+repGVxQ9ISBnhR8ZsCn7iN9N468wfVp0vKk4HK/ZdKB8wEI8eW2jmj+CTuxc0gtQbgraetwuat2k1+6CuAxr+vr+QO/uF2WJ1GNDxsXxOViv4+Eg+vuh8/JF8/IvWFb6I4T3Lv1G8gRj3+djHA3jxp0fBp4wWf/77BszCoxbMLdLE/pw/r9eT6/FPC+eL7OXZNJYomJTV9G1XHUBxUFtoAP71sZpNo+TIz8PnnqNFTLcwg/4efym6m8Fv4duRwLqzSZm/WC8mef37t8Uih690K1wVT4OjamDt945ATpkw87wkq2K1AQU5cGglduSJNOJPmtV0zS3T790bpXujdP/7HBmR03OU7hm6AswtVRrnMozonmfkbxwONNu1zYSiO0xNjJe6o+UOWvIgbxCfSfc7/GtuZgB/uVnfQnOLIL1HU+GpdfqAiLfIv0egvm/UuoD1tDr7MgFOaO5rqY/ujfZG+x8FJFIJGqaRQrSkVEqIf0bu451AEaKBToXpwQBNpVvAvHvXufLK9d2cAD42FM1SEyB4JLMQhijnsm9bGU+G5D98MrlBZeEosndfg/EoFuYx71vGyyCjPzzGy96FjMfdfyjjHTHjZe8c4zHYzYyXsXLpM55HIsN4gzQK54je3Mx41MBnvH2f8bjb/xcyHrInbhT/D0kwQtN9HgAA" />
        <Entry handle="87" bytes="H4sIAAAAAAAEAO29B2AcSZYlJi9tynt/SvVK1+B0oQiAYBMk2JBAEOzBiM3mkuwdaUcjKasqgcplVmVdZhZAzO2dvPfee++999577733ujudTif33/8/XGZkAWz2zkrayZ4hgKrIHz9+fB8/Iu5+6zdO0m+lx0+/fHKavv59Xr85/eJ1evbi5MtXL798dfzm9Cl/fVKtruviYt6mezs7D9LjWTXJ09fXTZsvmvRsOa3qVVVnbT4TYGWZvkLrJn2VN3l9qZ/zPy++fHN2cvooVSCrvF4U1PC6Wqdtla6bfJQuqllxfj1Ks+UsnRVNWxeTdZun7bxo0vOizNNimWZT6nSWLad5elW0c/oyF/gtAWzS6pw/kT7KYpovmzzNLuo8X+TLlt9erLLldbG8SIt2nJ6dMwbz7DJP63yaF4Sz1+F5XS3STDpoqnVNvVYEv6Ym2VJ6GaHDJaDU3iiKadYW1XKUVrUbCn0ABIuWuvpF66LOG0Z2VRfUivu4qou2JWhMnabRF7ifMRrc/Y2T3zj5PYsFUb1N13W59RGNZ1Etx9Om+ejOYee77Bets7vL7HLDt1eziw3ftstN3y7ftRu+nWal/fb/AatoHZFtAgAA" />
        <Entry handle="86" bytes="H4sIAAAAAAAEAO29B2AcSZYlJi9tynt/SvVK1+B0oQiAYBMk2JBAEOzBiM3mkuwdaUcjKasqgcplVmVdZhZAzO2dvPfee++999577733ujudTif33/8/XGZkAWz2zkrayZ4hgKrIHz9+fB8/Ih7/rk+/PHnz+7w8TeftokxffvXk+dlJ+tH23bvfvXdy9+7TN0/T3/vbb754nu6Od9I3dbZsiraolll59+7pi4/Sj+Ztu3p09+7V1dX46t64qi/uvnl19x1g7eJl/XW79d4cz9rZR0e/cfKYe3y3KJfNZxE4uw8fPpTXpXGezfBzkbdZitbb+S9aF5effXRSLdt82W6/uV7lH6VT+euzj9r8XXsXbx+m03lWN3n72bo93z74KL0LMG3RlvnR47vykz4oi+XbdF7n5599VBaTOquv7568fn23aa/LfDxtmo/SOi8/+4j/buZ53n6UttSjdoQGd28C8/sv8uX6drDSm4FhpNn0duBuhgbUfv+mzZaz20HsIfh6VV8fN0Tm5i5+fZNNJvnsZbbMy+a9Id7YNBwFfXR3NpvV1WpWXS1X6HNsIRLMZloXq9YH8tPZZSaffpQ29dSB+uk+pJ9uPiI+kdZH7w3tp3/ROq+vZeY/DJJ8/oFABJ2xGeEQNH5t04zSewNdfgBydVYsJ9VVDykW+WW2IBhv8+urqp41nqAr43iNZrm8S9qm326SNbnyj+qcsppm5bxq2rvFcrZuWkJG295VpYPXqtn1jSNCg991e/s3Ts7Xyym6T7/44ve/zMpilrX5s6pebN1Jf3F69+7l/njnN07StDhPt2bVdE3c0Y4v8va0zPHrk+uz2Z1fjAZpepnVaTFajX7RaLkYtXnTjpbrxWhRLEeL7N0or+uqbj77+ONRVl80n3V6G9OHDLs5FGDnVZ1uFZ/tHKbF4y28MS7z5UU73967Qx998tk9oIdOPsOX3ys+2fv+IWFQfjaA5JY0+/4dhS8johcAZ7n4jH4bY0oO+XN8wR/R/9f5nd+VpoTamTflXXQ+pmnI3315vvVx0ZwusqL8mNpu7wLmit+33/+eH7ueDYTV4930Z36GWn6G/swAd+/cSYVYn3z28Xb68SfLxScfpwuabWYQYrw0W6b5NrpLM9IAedOMf9/lxx74X5IS4+cWy9/1s49ffczjXC/Sz9IVTMyzsspaHn8PraJ5kb3gr25GBCAned3pP0qg5atseZETHr/rZ6khUdjkUYdGaUrMI22a9YS4vVhebB2MVsQBxFHdL1af7HZfBxaE4GMCA0LTS4/pz1uPKp3k7VWeL6kRQaBWZHLwe/buk4+DEf8S/i+g+RiW/Ljd2rmTfvZZyvSXXtNP6E/TL4Ckv0TA/BJ+VxrdSbMyr9utj1+WOZQAMTGhw8xoaWQZnUSpztt1vfxJfE8TrEC4Y27+S9DH3bvb26wprLYCHPpgVlymxeyzjybZcpnX0Aw/Zj8rLvC3jBIv0O+PM9VJTgfxDI5X89Xvsahmn9X5RdEQvr+wpAn/7LLIWxIsUpPF4kL0qHvxvMwumruXy/FFcf5RelXM2vlnH+3dJ6uZFxdz0oS75ARNSIvm9Wcf7UDVPb6bYRDvhwMJVlk080045O+Ng9Ljff97fJdoe+SRnd0ZR3uh9eN1aX/X58fI4UinZdY0os2316tVXk+JPWhcN9GjWLZ19ZF5nTwX8j/ZnyTNhgn/sc+L//jv/XOLtJ3Tzz9ybfrUkYbPByEirmC7CZXnxT/61yzTOeHxs4fGL8qbTSh8+z/+e//EIt1O/7E/6R/9i1c/e1jM83K1CY039X/89/6l6UXxj/49m5GgT8vC8c5dZR7Davyhz27bqukcx/0YMRx/vcwui4sMDsEX1FDQ+LHHU1ZAkY4tAtT/puG6gZnhLsnqZ6XrBAHbBcU///Hf+1cGgGm8wehu3TfFcbP87qquZutp+z6YvP6P/56/dJmu5v/x3/NXL75JVCbr9yLIyfwf/YsqMkzZN4lDk5fl+yMx+Uf/4uU3icVk3RDzUSj0Hpg8rbLlPF1esIJaBV19IDZNXl8W0/y9kPmP/94/djpPL//jv/cv/yYxydbsine0hH56M1b/2J/0H/89f/ka+uIvfl+s7loJJ2kP9UfKToJVJX4g7fD/mnkIiV1+FKj8KFD5UaDyo0BlQ6DigpSL33/voyNoJBK8RZqxSvA1UZNn9XTuK3NKt8xJjX50AQUkaRe8u/sRA9RfqyVN0KIgd7+rXj6mRM7uxyPSByDOoYxgaFCsrgyuTb5dLMXD8j4DevLhj9HnxXK1bhUrUvZGQ86L2SxfCob8MZPUvs56U6ZUITjladuawQJ/ymAVP6Df9724Zm9P4PP3BuCPPSYXIZ8alOg712rPxSf+87ji/JXpVj2uj458P+rxXWk0YIM6IOClfHTkfI/3e5v8LPMyeU8b3n0Md4jG6mjZHfs9O/Z73tg7/WWEbCpv5jzD8hsRQKBNqzVFX9fvN4jdj45+Ep5Om77IHPW07ZAh78Cg+XpB1P/r21u8H9DCDxwc607WbVsttzmy8ZmuWGQXuaZIfdefNMF5NoV/BZ4d//TqwnKZ7cH9hBxK5/PdIxLuJQhXVhRz//gzenZ2Pjp6Wa3WJdnu1wwwbx7hrWUbaf3sGemIL/7Rv/haHcY/eDlKF/jz3T/690xH6bs8Xf6jf8nyQj98+4/+1dUoHY/HqQF4l3BwyJlc/41Oz3svdKiyUH/u7Xy9vFAYbaBJ9DNiin/sT/rH/lCKk97+o389xer/6F9ELvElwmU/qwAnjt/kzj/7+JIUdEF5423SahfLRwtSLSW5Dxytykfi/B1Osunbi5q4dbbNxHz046dP8N8hWeLZjEzXo92d1bt0D/9wnuTRw/u/+6Hqk0f36ONDTZQ82qUmTUVaNP3xhw9PTp49O5ySgagfTap2fpgi1N32Xvv46CfXRVr+o38LjWwJjl2ly//47/2zi3S21pjwr87SGTu3W/5k1/ns6PHk6FuP706OdOruqNPaS7MoCfdidN37/Ymy8TkultNyTVn6u83bYtncXbx7W5WQE5Kme7ebZ7I/syJTNUHJI3/dItLPtFosKASgNQak/2+1enF7kOu2KIv2+huBKgQRZ/+bgNcuL7RpcxeG9yfFCBOhbwXexRFfqwON+27dyWCwkqa/15vf/9lPfvm9jxc5fLPff03x5cffJ2/nF9dYBiaefZS29TofMYxH6ccA8vFIvK4vyEcmbUqfBg4VYMAoffxLIh2sSHlgpelDOzFwxtFeitnvr4ZsYz/kkOZ1MR3sajqvKvpxXa1rYxjj/fFwg57ef0Tn67JMB+mWcxx0iy5gmrKW/pY3RghmCvBNVhLx62zR0Hd3f7/f9/e9+uR79M/v+/t+8vv+vuPf9/fd/v63fk98tvV7PPqefoA/73yL/7j65He7W0Txasn7eS+0VvNqmQ+i9b2t7/8e3/vk+794Z7T3S763s/1wmzpvft/f9+7Wne8TClEMNFi7DRKbyM+TbAI/dOS6+v3JS1zBLuXN9z5eVm/q4uIir9EjRR27hxsaZstGnH6vsS+fHBYYl39FS6WBm2/iheH11DD3YtYR1Itvs0lJPEwTpBYRThb/3ayyKf+9Y9MzNABSOfyKcR4fty6J+rgl41Vmk7zETCIxa9XFR0dvkAL/x/5ktvViEcnZ4cakjFos9FoQff9fowkPnmZ+vQ9sjCBxwb09P6YwLqHr6K5F/BZDMIrko6Mv4H2mbxECrG81APtqOAj3sTcQ9+HPymDq/PfvjafMVmVG/m77dp5FB3SLIUXg8qhin28c2PsPqafKPzr6ifU/+tekv2hNQdaG4QRhUR+IPyk+7HAGGNptgpwbX+vHNd1XepGdfvo1CYaBf3REi0J/fNqSYN6KkyOiyGB8YskHPyvcqz00+Tv4tmZ17x/965fzDfPsRX34SIaj46EEdVF1BkTQg/FIb2ZAX5CaoTBt+hZRsf7iIkB0MIjvP/qnLS8Mmo7dQ/RSjky7hPpaOO95ODd3vyhMZjqAHEeWePHJP/oXdXHlFzr4fmPY3rPYflm3cyjzW+JKOYzfa/6P/sXTPrY92n5thmMX6aMjzjF/XTkRGP6w9ZMbJeUxmeGlZ3/Pi7yc/f5zykV8dLR1yploChDRiF/72qNUpwbhOK0EZRyi/tFfd7gGmD9g+1lnyPd3vkHl0HKa7R/7k6CCl5ROqP7jv+cvLr7uKBiYPwT54MOm7CU82/TFGgC/kYk7z959dPQse/d1R4n3/UHy3zeO8QMQpiB7Bo34nCcnyPl8g4ocvQTj0m5dSlUWbCMKPRjqhgGc/KN/G/my7fWIUuf+Su7PkpqPj8gpevn0VqpT3zx6E+Tbblb4X3/SoadKijsooFBXh8ST1nva//jv/WtTUjV/JPHBf/z3/smUkNvMxma2lE7816R61yGV35tPseBz67F1KfbNDPKLf/QvTSe0XkApezh27y2e02zV0kIWuZ8yBP9vK56e6zyp+a9e2nER4jE2DR8Xi4ub8muk8Raru2Pt+u5ktrd//97D2XgF+klelMPDu0fDRPMUoaTbG+dGEwGQ94QSZB84IIasXhly0OtnS4rzWl3k8v9WcrhE8k0xBf2CGBZUMFn6weyqWZyj/PlPLilYn+X3Pt0Zn1QLk1LvvwDlgAw7z7dvTylNjCgY/G7ZwUyH/PntqkUqeeBb9kGcoG7A+feXrLC0fJTu3z+4++DT9Pk/+venJPOkdd/8x3/vnz5KX453d0bpT/C/3z75YqDXR+nO7qcP7m/fP9jf3n2wP9hqd293d+f+7v3f8zqjlNh4ChL1UO38dL+5VRlahFz//pRWN3zyY4/XoVqS58covW2YCzQj9snSeS/ZbRdN26ItWWjarKaF088+Ig+yPCclSAkYScn/lY/vZp2OaASF99GPvVfnLbjlrq4e3gaVcH3xZwEXWki8DR7eUuPPAhJYC709FrJa+rOAhvEAboPK046B/1lAh3TZZUFri7fBhjTKlMz2f/z3/uU/K6hka84pdhKH+ukwWqTpsJ51Ufyjf/E3jFaICDnSdTWMhskM8Fytf1YxMQubg7g89/T9zyIevyhvhnGgJM+fWKTb6T/2J/2jf/E3zbohGvO83Khn/+O/9y8Fd/w9t8Li8V3S+n6T930CI2Nsy6ouLrOWs9c/BpP+j/zVtPi7cx+6bpItx8u8Hf/GCXHQ3/OXX5Me/kf/6lXKMWRLmWtaviU70ZCXSqbu4ad3P3+5/eSEXP/0CX2T/uS337xJp/TeigDe3d25C7DW2bq6uhq7LtLpP/q30tID5S1IpzCbLsj+rK//47/3D4VH/Pf8pRwVcXBRLMfp7yW/w0L9sWv4cn85JaD/47+3B2IJdckO9ZQ+Z/eaProep793DvgElMb1D7agjfFd+g7EanVdYxXbUuik0k/SFxUtuucpk2x3J51cpz+53GaPSGx9APIW64qPf9ft7d84uczq9E02meSzl9kyL5tdWqFZ5lfp6xWto323mBELjf3vtz4KWn90h1ZL7t7d3ua+3aLJ3Uk1u+Zf5u0C7sP/AwG1AGBsOwAA" />
        <Entry handle="85" bytes="H4sIAAAAAAAEAO29B2AcSZYlJi9tynt/SvVK1+B0oQiAYBMk2JBAEOzBiM3mkuwdaUcjKasqgcplVmVdZhZAzO2dvPfee++999577733ujudTif33/8/XGZkAWz2zkrayZ4hgKrIHz9+fB8/Ih7/rk+/PHnz+7w8TeftokxffvXk+dlJ+tH23bvfvXdy9+7TN0/T3/vbb754nu6Od9I3dbZsiraolll59+7pi4/Sj+Ztu3p09+7V1dX46t64qi/uvnl19x1g7eJl/XW79d4cz9rZR0e/cfKYe3y3KJfNZxE4uw8fPpTXpXGezfBzkbdZitbb+S9aF5effXRSLdt82W6/uV7lH6VT+euzj9r8XXsXbx+m03lWN3n72bo93z74KL0LMG3RlvnR47vykz4oi+XbdF7n5599NB7fpf+VxaTO6uu7J69f323a6zIfT5vmo7TOy88+4r+beZ63H6Ut9avdcYO7t4P2+y/y5fobBjlZX//+TfZNY7rdlMXsvWA207pYtf53P51dZvLpR2lTT7t9/XRz96d/0Tqvr4UqP918RFMj7b8uPPn2GwElqH0zoKZZXa2bvCyLNu9BZN5eZguC9za/vqrqWeNxtBLXazTL5V0Sq367SdbkOrEqXGU1zcp51bR3i+Vs3bSEEsnlLL/b5PVlMc3v6pt3VdYApJpd8283jRfv/a7b279xcr5eToFQ+sUXv/9lRpyTtfmzql5s3Ul/cXr37uX+eOc3TtK0OE+3ZtV0TfPdji/y9rTM8euT67PZnV+MBml6mdVpMVqNftFouRi1edOOluvFaFEsR4vs3Siv66puPvv441FWXzSfdXob04cMuzkUYOdVnW4Vn+0cpsXjLbwxLvPlRTvf3rtDH33y2T2gh04+w5ffKz7Z+/4hYVB+NoDkljT7/h2FLyOiFwBnufiMfhtjkg75c3zBH9H/1/md35UmidqZN+VddD6micnffXm+9XHRnC6yovyY2m7vAuaK37ff/54fu54NhNXj3fRnfoZafob+zAB379xJhViffPbxdvrxJ8vFJx+nC5p/ZpmsWKbZMs230V2azWZ13jTj33f5sQf+l6R5ScxksPxdP/v41cc8zvUi/SxdQbs+K6us5fH30CqaF9kL/upmRABykted/qMEWr7Klhc54fG7fpYaEoVNHnVolKbEPNKmWU+I/4vlxdbBaEUcQBzV/WL1yW73dWBBCD4mMCA0vfSY/rz1qNJJ3l7l+ZIaEQRqlS1n+D1798nHwYh/Cf8X0HwMI3bcbu3cST/7LGX6S6/pJ/Sn6RdA0l8iYH4JvyuN7qRkFep26+OXZQ61QExM6DAzWhpZRidRqvN2XS9/Et/TBCsQ7pib/xL0cffu9jZrC6u/AIc+mBWXaTH77KNJtlzmNTTDj9nPigv8LaMUtaI/3ve/x3cJ5JHXGwzH7++6lC4er0v7uz4/RhYvnZZZ04gS216vVnk9JaqQLs5UYToFycw0Xs1Xv8eimn1WLNu6+si8TqaTPA72IEigMc4f+7z4j//eP7dI2zn9/CPXps/Hd7MuGh+ICLPWtN2EyvPiH/1rlumc8PjZQ+MX5c0mFL79H/+9f2KRbqf/2J/0j/7Fq589LOZ5udqExpv6P/57/9L0ovhH/57NSNCnZeF4564yj2E1/tBnt20VcMdxP0YMx18vs8viIoMd/IIaCho/9njKchfp2CJA/W8arhuYGe6SjF1Wuk7gol+Qx/sf/71/ZQCYxhuM7tZ9i4ewqqvZetq+Dyav/+O/5y9dpqv5f/z3/NWLbxIVcnLfB42T+T/6F1Wkj7NvEgc4cO+PxOQf/YuX3yQWk3VDzNc074PJ0ypbztPlBSuoVdDVB2JjnMj3QeY//nv/2Ok8vfyP/96//JvEJFuzB9rREvrpzVj9Y3/Sf/z3/OVr6Iu/+H2xumslnKQ91B8p20arSvy4y+H/QTHnj/zzH/nnP/LPf+Sfb/DPnW9+8fvvfXQEjUSCt0gzVgm+JmryrJ7OfWVOeYc5qdGPLqCAJP+Ad3c/YoD6a7WkCVoUlIXoqpePKaOx+/GI9AGIcygjGBoUqyuDa5NvF0vxsLzPgJ58+GP0ebFcrVvFipS90ZDzYjbLl4Ihf8wkta+z3pQpVQhOedq2ZrDAn9I6xQ/o9/37H6XzvLiY00D39gQ+f28A/thjchHyqUGJvnOt9lx84j+PK07kmG7V4/royPejHt+VRgM2qAMCXspHR873eL+3yc8yL5P3tOHdx3CHaKyOlt2x37Njv+eNvdNfRsim8mbOMyy/EQEE2rRaU/R1/X6D2P3o6Cfh6bTpi8xRT9sOGfIODJqvF0T9v769xfsBLfzAwbHuZN221XKbIxuf6YpFdpFr3tB3/UkTnGdT+Ffg2fFPry4sl9ke3E/IoXQ+3z0i4V6CcGVVf/bRjz+jZ2fno6OX1Wpdku1+zQDz5hHeWraR1s+ekY744h/9i6/VYfyDl6N0gT/f/aN/z3SUvsvT5T/6lywv9MO3/+hfXY3S8XicGoB3CQeHHGF1m5zpkF/p53avzqvJTxOZuxlUT2sUy/PKUxrq69WQWXbzJF0BSfW+XuSL37+sLoy6kScet/2YkPi7eTmtFnnaVunl8g0Qvvfpzpg+0sF7b+CV8Hk837s5uq3zi6JpEWM+LhYXXRqdWf6gdr//LrNHOqHMcU6TuAMNJ34r9RSR3Pn9o/QNiTiFBJecLgjHQBNJLSLv3YSz0vAf+5P+sT+UotElpGclIfeQzMUffxKMbx18zE93BnnqyaIWF2TS5K2Iyv2Fy0mzOvwiZ8v/k2cv059J9Q/rsOvjyxdWlI70027fJh7zOlMuoUTIn5m2nIbAv3/zNG3X1//x3/MPLiNcos9QsmAzE7ydr5dk2g0jOPvGr7rwxH3kqagfgnj+2I+FijGQPhbObTdhaPtjVqgNkav6998NxXMjReYkndtKjqti1s7JKHzqrDd+v3skvPC4WZGnrf00LbrZmIw58pIt4G6B8gvr7Betq0MFefto+ciLhgegvZxXpGem1WpFZhDIHllKBrpvSk5Xs+00oCGUR0aTQOzwV/hXyB2AQNwa+iND7Jt2YXU18aR6ZzoP8Jrn07cOq8BC8nd4Tz0LpaE4F9PdvXvWZ9u3JrKXvHPd//6eI+Z/RewU17XFclquac3tbru8kPCcUi+Li99/WbW//zl5J7PxRXEeaF/VQWV+3mqQHtf4zbxa3V2w9ulo0uZyRut9RfkLi8Xks71fWDSXn+0HrJL+ZNFkAzr+cZlN8pLU8H/89/6hqoXTKaaPXoVf95PFf6yuEUNJy3/0L0oX//Hf+2e3PL1/5TJ9O/9H/zbi8HYOAEhq/z3/4Jog/L1/ZUZcLxos/cf+5GKcvrio/uO/5y8uWLv9tejq7/0b6b1ftP6P/94/eUqZlIxa/aN/KXkIf3+qiad/4m+iRPk0bSpqtpr/E3/TP/EX0y8L+u4PX3J3fyz/S4ryH/uTCUaBoVJefcrozMjpUDwb+jJdCrBHMGWEw/OM3JTXFCJmq6rOR8jqMhn6Wi9gvJ68eHR871mjb2TGPjqaYojtdcpyTy5wfK56voH/dBmXvOio1luvKMqfNXfVVf79z8vs4u5lkbckL+PV8iJkyNA4BP3N7wVuM/0J1e1h2dUMwduBSWyjSnSYdKqYlN+zxepQeT7mLA97ywpG9L5m/IzOMz5ROISu1XePVRIue+dc2h+eUrv//2eldp8EhVUOHKO/9w9dkg6BlItXunJ2L72g5Oxqs757L0A/0g3/X9cN9//fqRt8Bygkhu+pSbe+1MrzY27N3LTxcydeu+hsu8EW9Prv/6mMtSe5XWjaMzHgCVnfP34ZkTFuMjTFfaR5kmNov1fuI5ixGOK3wIjY6mpQjmXQ3y5YYxj/I6/SGXk1y4tHKROi91Ln7wF63mJ+7r/P/NwC3v7t4P2Yo1uMfo52lB///VeYomEuxddhYOY1IuJJrBQnJJ4IcoOapNNrNKEqvUrcFPu2+4n/PCaakmY+2qUoS34baBcVj1shzmo4SlNuZ3NOTLr/+O/904l27Osu/uO/569dk9JaPkr3uPtIUO91F53VqHLzkxys7CAMfySFw+Sck7f/j/6tafkf/71/PrngnBHuPwTPDo4y+uvff1JZyf+xx7oUGj4/RougxhjQcmgetQYuQHYLty0t7uUUvP/+lGw974XhYUedJVs777fqXGJ1TcXfBpUwOP5ZwIWy8rfBw8vb/ywggYWF22MhSw8/C2iYfNttUHlaZRT1Shr7j9Rc5DeMTj+lM4xNmOr5xlHJ1ryg13Gf9NNhtChR8Pf85WuK1//Rv/gbRitEhKxVXQ2j8XnBwX7Lc7X+WcXEuH2DuDznuIFUyx/5s4rHL8qbYRwoe/wnFul2+o/9Sf/oX/xNs26IxjwvN+pZJLCJO/6eW2Hx+O5aU+Vf8/GXjpzFr4tLSm9yfhjpyH/kr073dnbuQ9dNsuV4mbfj3zghDvp7/vJr0sP/6F+9SudITbWcSPqz1Yw+Sncffnr385fbT05oCTp9Qt+kP/ntN2+QHfvLVwTw7u7OXYAdP57U7DldXV2NXRdsD9v6H/2LSYiXzKYLSYix+0g2ANwrqbNiOU5/L/kdFuqPXacT6qNN3/7Hf28PxBLqskUGbUqf4118dD1Of+8c8AkoMnAtaNNZW/P8Copt3SoXKHRS6Sfpi6olBZUyyXZ30sl1+pPLbV7w8VasnBswqWbX/AsvevzGyf8D2NayLiw0AAA=" />
        <Entry handle="84" bytes="H4sIAAAAAAAEAO29B2AcSZYlJi9tynt/SvVK1+B0oQiAYBMk2JBAEOzBiM3mkuwdaUcjKasqgcplVmVdZhZAzO2dvPfee++999577733ujudTif33/8/XGZkAWz2zkrayZ4hgKrIHz9+fB8/Ih7/rk+/PHnz+7w8TeftokxffvXk+dlJ+tH23bvfvXdy9+7TN0/T3/vbb754nu6Od9I3dbZsiraolll59+7pi4/Sj+Ztu3p09+7V1dX46t64qi/uvnl19x1g7eJl/XW79d4cz9rZR0e/cfKYe3y3KJfNZxE4uw8fPpTXpXGezfBzkbdZitbb+S9aF5effXRSLdt82W6/uV7lH6VT+euzj9r8XXsXbx+m03lWN3n72bo93z74KL0LMG3RlvnR47vykz4oi+XbdF7n5599NB7fpf+VxaTO6uu706a527TXZf77N/NqNaY/P0rrvPzsI/6wmed5+1HaUufaJze4ezuQ3yy033+RL9ffMMjJ+vr3b7KfFUzfm57NtC5Wrf/dT2eXmXz6UdrU025/P93c/elftM7ra6HMTzcf0YxL+68LT77tgWKuXGYLAvQ2v76q6lnj8aLi7zWa5fIuCUS/3SRrcqWfikVZTbNyXjXt3WI5Wzct4QLi3Z2sm2KZE1X1zbsqJQBSza5vHCQa/K7b279xcr5eToFM+sUXv/9lVhazrM2fVfVi6076i9O7dy/3xzu/cZKmxXm6NaumayJnO77I29Myx69Prs9md34xGqTpZVanxWg1+kWj5WLU5k07Wq4Xo0WxHC2yd6O8rqu6+ezjj0dZfdF81ultTB8y7OZQgJ1XdbpVfLZzmBaPt/DGuMyXF+18e+8OffTJZ/eAHjr5DF9+r/hk7/uHhEH52QCSW9Ls+3cUvoyIXgCc5eIz+m2MCTrkz/EFf0T/X+d3fleaIGpn3pR30fmYJiV/9+X51sdFc7rIivJjaru9C5grft9+/3t+7Ho2EFaPd9Of+Rlq+Rn6MwPcvXMnFWJ98tnH2+nHnywXn3ycLmjumV2yYplmyzTfRndpNpvVxAXj33f5sQf+l6R5SYxksPxdP/v41cc8zvUi/SxdQSc+K6us5fH30CqaF9kL/upmRABykted/qMEWr7Klhc54fG7fpYaEoVNHnVolKbEPNKmWU+I94vlxdbBaEUcQBzV/WL1yW73dWBBCD4mMCA0vfSY/rz1qNJJ3l7l+ZIaEQRqlS1n+D1798nHwYh/Cf8X0HwM03Pcbu3cST/7LGX6S6/pJ/Sn6RdA0l8iYH4JvyuN7qSkeOt26+OXZQ6VQExM6DAzWhpZRidRqvN2XS9/Et/TBCsQ7pib/xL0cffu9jZrCqu7AIc+mBWXaTH77KNJtlzmNTTDj9nPigv8LaPEC/S7/Hjf/x7fJZBHXm9sB1yX0sXjdWl/1+fHyKik0zJrGlFi2+vVKq+nRBXSw5kqS6ccmZnGq/nq91hUs8+KZVtXH5nXyTqRn8B2nwQa4/yxz4v/+O/9c4u0ndPPP3Jt+nx8N+ui8YGIMGtN202oPC/+0b9mmc4Jj589NH5R3mxC4dv/8d/7JxbpdvqP/Un/6F+8+tnDYp6Xq01ovKn/47/3L00vin/079mMBH1aFo537irzGFbjD31221YBdxz3Y8Rw/PUyuywuMtjBL6ihoPFjj6csd5GOLQLU/6bhuoGZ4S7J2GWl6wSO9QX5qf/x3/tXBoBpvMHobt03+duz/O6qrmbrafs+mLz+j/+ev3SZrub/8d/zVy++SVTIj3wfNE7m/+hfVJE+zr5JHJq8LN8fick/+hcvv0ksrM/2Hpg8rbLlPF1esIJaBV19IDZNXl8W0/y9kPmP/94/djpPL//jv/cv/yYxydbsgXa0hH56M1b/2J/0H/89f/ka+uIvfl+s7loJJ2kP9UfKttGqEj+0cfib8ODk9ev3D+t+5J//yD//kX/+I/98g3/ufPOL33/voyNoJBK8RZqxSvA1UZNn9XTuK3PKOcxJjX50AQUkuQe8u/sRA9RfqyVN0KKgDERXvXxM2Yzdj0ekD0CcQxnB0KBYXRlcm3y7WIqH5X0G9OTDH6PPi+Vq3SpWpOyNhpwXs1m+FAz5YyapfZ31pkypQnDK07Y1gwX+lMspfkC/79//KJ3nxcWcBrq3J/D5ewPwxx6Ti5BPDUr0nWu15+IT/3lccRLHdKse10dHvh/1+K40GrBBHRDwUj46cr7H+71NfpZ5mbynDe8+hjtEY3W07I79nh37PW/snf4yQjaVN3OeYfmNCCDQptWaoq/r9xvE7kdHPwlPp01fZI562nbIkHdg0Hy9IOr/9e0t3g9o4QcOjnUn67atltsc2fhMVyyyi1yThb7rT5rgPJvCvwLPjn96dWG5zPbgfkIOpfP57hEJ9xKEK6v6s49+/Bk9OzsfHb2sVuuSbPdrBpg3j/DWso20fvaMdMQX/+hffK0O4x+8HKUL/PnuH/17pqP0XZ4u/9G/ZHmhH779R//qapSOx+PUALxLODjkfJGmlOPvXyzPKyvo6ovVkKmPUhnfV8u3y+pqCZTWC9LKixxa+ve/LFYfp6S2Pz4v8nKWlkXTfvz/AE4qoZp9GAAA" />
        <Entry handle="83" bytes="H4sIAAAAAAAEAO29B2AcSZYlJi9tynt/SvVK1+B0oQiAYBMk2JBAEOzBiM3mkuwdaUcjKasqgcplVmVdZhZAzO2dvPfee++999577733ujudTif33/8/XGZkAWz2zkrayZ4hgKrIHz9+fB8/Ij4/e3bwMJv9GrNf42/9NX6N/5uef+6f+7//7D/7/z4//7/v3fu/f41f45/75/65P/vP/rPPz8/v3bv3a0iD//uf+7//7z/7//6/z//v//ve7/qrfp1f89f4NX7DX2NEX/0agPFr/Dr/9+qfPvtr//6D//af/3v/7z9g60+YFX/B/K/5G8r/9h9YjX7xP/J7/nvv/ob/8Wf+x//7H0qz3+zX+M2Tf+ovq//p8tFf+C/9Ve2dv+i3/g3+kD/o8p/973/wD/5Hf9O753/D93/NP/8v/TX+oeXf+x/+T3/Xz7z4G//df/enX/xHP/M//ur/+w9a/Vq/7q/9g5/5g/+oP/qPKX/xr/NH/Dp/7J/8p1z98X/in/pn/lnLP/13/OP/7L/gT/1zf4c//y/8y/7ov/i3/0v/8r/ml/6Vv91f/df+Te1f/9v+jX/z31H9rb/N3/53/n1/92/99/59f8c/8Fv9Q//w3/SP/pb/+D/x1/xTv8U/88/+Zf/8b/gv/kt/wb/yr/3rf9a/+Uf+23/tv/sn/fv/5Hf/jP/4P/hP/7x/7z//C//D/+af+y//kv/6v/93/se/6n/+X/6iX/43/K+/8k/+7/6PP/v/+r++n2y9/C3+4T/kj/1NPtr/0//Ef+Mf+MP/wN/qya/zu/2ij/7aP+Lv+d9+u9/zD/g1fuqf/PTX/79/i/T3/sf+5N/8n/j9f4ff+o/7jc5/z7/8d/x1k99iVP/YP/T7/15/wm/wm/1Rv9Hf/eriD/m1f41P/6//7s6/8s8/+/M/+U3/q1/nj0n/i3/y1979s/+Y/+6v2t/6J//S018z/cuL1/m/+uv82B/wR3z11/wWv/AP+pu++K3/vO2/99Xbf+5v3v6Hf/DH/zO/8K//F/6snd/4D/uN/5o/4D/93q87+8//hv/uz/ktV//sr/3gb/8Pvvj39v+Gf/HTL37zf/G//+0+/UV/7p/1a/y+T/7+f/bf/Bv/4D/3F2//lst/73/5Zf/ePz7+Hf/BX/c3/Lur/+IfKb/1r87+0H/7d5//7S//z//lPx/977/b3/yn/eFf/Ln/wG/41fY/97f92X/g5G/4b3/qP/8v/orf6c///f6MP/rv2Gv/25+unvyRy3/lN3+0+sFv+of9H3/eH/T3/W//6X/+K/6Z3/h3+Dsef/tX/h5/+1/yx//Gf9cXP/EP/s+/4q8Z/S5/ymf/6v/5e/7r/9n3/oW93/Rf/4P/gp/6db+aff7t9nc/+Ivu/bo/9eaP/EN+ixf/23+0/5v/5Nav/4f/Dst3v+unv/N/8r9kf8Tv+tN7Hx387q/qyR/zS1b/1OTqP/v7tv7ZP2bvX/ivfufHW//Gb/dH/rF3/5d/6i/5E+/8Wr/PX/In/a6/xb/9F//Jv8NHv89f/Kf8FnvFn/yn/pbHP/Yn/2m/4U/80X/Sn/6b/Ae/95d/wqM/5q/6y49+38t/+9f7M36tP/lX/Yl/9v/xF13/iX/O//I3/dt/wp/73/xDv8+/8Omv+0f99v9k+oev/qI/4s+v/rPsn/qtn/w63/qv/qI/7L9Z/ce/zh/6/C/+r/6SP+7Tf+bX+TVPf+b3/Cf+sj/tJ3/6zm9/b/bX/Nd/xZ93+d/813/lX/RHfOu/+av+sj/jn3ny6/wah/8PERvKpyEDAAA=" />
        <Entry handle="82" bytes="H4sIAAAAAAAEAO29B2AcSZYlJi9tynt/SvVK1+B0oQiAYBMk2JBAEOzBiM3mkuwdaUcjKasqgcplVmVdZhZAzO2dvPfee++999577733ujudTif33/8/XGZkAWz2zkrayZ4hgKrIHz9+fB8/Iv7vf+v//o9+jd/sO8/Onv0av+av+Wv8Gr8m/fdr/N//169xePLq9PjNl68epRez7Z9e5Rfp5e54J91aN8XyIj37zufpd16efp5efrp3Z5T+onVWFu11+ll6sJP83//ur3Hya/x6v86v++v9ur/Or/fr/bq/3q//6/96v0HymyXJj/1Y8lv9Jr/pb/Sb/ba/1W/32/22v9Vv89v8Dr/z7/67/A6/44//Tr/Nb5OO0h//hR/f+dad3/532d7Z3tr53bfubAHIr/nr//q/fvIbJL9lkvyWW7/Db/M7bL3383//Q7/Gb/4b/Bq/168x+7V/zY9+jV/rN/81f+3f/Nf8v/+xX+N3oUH+ur8mP7+GPr/mr/VrE76//m/wY8lvSA3+9t/s1/i1fs1f+9f+tX6dX/vX/XV/nV+Hvv0l9P2v8ev85r/ub/G77h7/er/lT2S//ke/6Lfa+4P/5L/4N/jxJ3/zP/xbv/qX/6ff7d6k/kN+LPltftvf7rf/HX73X/jx1p1v7d//9MHBw0cnT0+fff7ts++8fvPVT3739/59fmo6y88v5sVPN+368urd9Q/+0D/sD/8j/sg/6o/+Y/6UP/VP+9P/jD/zz/qz/5y/5C/9y/7yv+Kv/Kv+6r/mb/lb/7a//e/4O/+uv/vv+Uf+0X/sH/8n/sl/6p/+Z/6Vf/Vf+9f/jX/z3/q3/53/+D/5T/+z//y/+C//q//6v/mf/5df9st/xf/6K/+3X/W/Y1y/5q/xa/+a5omO6zencf1av86v82v/Or8+xvVr/lpXaPCb/zq/7u+6++v9Fsc/8etnv+i3/GjvD/4Nfqsnf/Jf/Df/wz/24/de/U+/9aT+l5Pf5nfb/49/9/8ZQ+OR3W5gf8jXGpkdmBvXv/Nr/Ea/9q9Jk/dr/+a/xu/xa/w5B5/+MX/W6U/mP/br/Kajv/5v/82v7v2Cf/2Pf/uf/PHfqv/hv3z3D/hPx49+9b/5b/yLv+WL3/jO4e/7q979q3/af/qX7P8Z3/r9f+Hf8Hv+1ftvf7ff7dHOr/v7vDj+rb/1j/zgP/k7/ri/4Y/7u7/za/0Ov/9Hf92/92VV/rb//W/xl/3iv+u3/+yn2z9u79f6u751/etc/WV/5W/z3/0R/+nv9hP/y9905/Hf8y//Zv/lX7l/ffSvF3/J8//71xj/Sf/4Tx19++Pf/r/8V/7af//st/5rfr0/+w969eQ//bt/t/9o+j//Zf/N6Sd/x/3f5pd/61f9Pn/Fb/drr5799O/13/5tf2z7i37rB7/Ob/YX/Ua/7L/+Y/7zv/7vO63/grdf/Ob/60/++v/hX/mf/re/3y/5mX/lD/9tz/+FP+fdoz/1u8/+3X/nr5r+47/1P3/2n/ziv+1P/jNn9W92/Y/8Ln/mn/BH/gd/zD/6q5vfqPgVyR/x3T/x8U/+md+tfuM//R/7Q/7toy/+2j/5H/zX/9o/+ff6U3+3f/zZ//xb/pp/53/+2//X//S/+Pv/K3/+X/WP/26vv/Uv/ElH/8nf+2e/+fTev/jb/+//2m/7J//UH/tH/Fu/7JO/5L/8z/6AR9/95/+Fv/avHRef/Ys/9ecf/MP1X/pv/gO/3duf/Dv/nu/9Pn/bX57/wf/rX/Wn/0H/3m/6e/6lf9yv/Bv+yVfTxfTxX/U//7V/0eO/9w/4tf/H3//T+Xd/hz/st/yj/7q/dO/f+97f9ec8SH+zv+9P+bFf/68v/4P/8L/5d/6yP+K/+O8++e3/yId//J/5X/yCf/YP/hf/lb9/6/wf+Bf+zL+1/M/+gt/wz/kr90b/2x/61Z/48u/+P//7X73/l//R27/dv/c7/ad/+C/40/+ro1/z3/iNfuqX/O1//P+y9xf9R9/+536v3+h//U//gkfTX/433vlzf68//u72f/YP/HGf/xZ/0//57y3+pd/0xf/59m/9c/6H3+5f+TV+8s3pr/H0n/nH/6zd/+a3+wte/J6/4j/6N//C36n9q7/8C+7+5OXj0e/+C36yevsPfPSv/ae/5R/1f/xpv//9X2f8O/1G/+Wf+idd/5PPr/6z//Kv+uu/98f/0v/kN977he2v9x//Vr/qn1z92gf/5e/U/o1Hv/hX/Fm/57/xz/y5v/K/ePVj/82v+cn/Pv0Lf+q/2v8dt1+8+8/mi6d/xv+yNf2dXjz87H85nP4ef/lv+jv/MX/q8u7v+e47P/Gd/+rf/Ff+x//hD/uXf9/vn/2uv8+f+of8Xet/8ff7J/+Cw+n9P/s/+Y2fffJH/8d/99nF6F/4B17+jk/+joe/2x/8L/0x//Lf/nf+PX/7u//k2e/zn5//i3/a3/3PTf/iX+eX/69/w9s33/07Pmm3n/5bP/nHpX/g3/Nv/+5/8H/9T/5+//4f3vyS+m/7S/+7//zHv/tH/BV/2Z9z8j9Wf+Pjf/s//Tt+uz/7z/tDf/w//n1/8Af8l7/g//iquH/4p/3d7/6AP/BXfOfen/db/JW/06/4T/+Cv+9X/HV/43+//3f/60f/wn/1z/8Wf8QXf9F/9J8+/O3+j//71/jOv/F3/cTBn/Lbjf7vX+Pf+Kt/zd/7z/in/4lf87/+d//Qf/Ivzz75B//oP+f32f7Nf/rwD//+f/Mv/9O/5a9f/o2/4R/6F/4Pv+L3/4v/69NVffT3V/t/1N/z5/4jv9dv8U//fX/c7/LP/DG/9J/46EH+P/3fv8a//T9MfvUX/+0f9enf8O0nZ//Zr/gVv93/9eZvfTf9zt//d/0Hf+zjP/iP/HV+s7/k71n8G3/Szh9x/f1fePDLkl/4gz+k/rz6y6e/8/e++CP+94P/5G/++/+C+7/q+b/0187+vF/xT/6+v+STv2Tnb/57/8rf6tXf8Xt9/9N/4ff+i/74P+S//C9/8uH//sv/9+n//Ffv/11/w1/+J/2t1R/xL/3Gf/Hv/4f80j/9L/jNvrj+q37f3/H3efVv/9u/94+9+Pemf9U/ef+vuP/XPvxPf8+f/M//i+TX+7f+ku2/8+/86m8o/qXLy/Ojf/7TL3/RxW949tvv/aV/1e+y+i//0P/mk9/hf/+/f43/7n/6fvnn/u6/yx/8J/xhv/Yf+qv+nP/gT/xHfunH/8ar3/RvKq7+6d/oj/zpLz79XX/y6K+8Ovjff/Jf+BP/pz/jP3n7t/0r/8N/9vvc/X3/6Nmf8+uP/ug/6Ad/8y/48//qf+Uv+U/+/v/yF/1Vv/d//Lf92f/l21/v7R979qf/e3/fn/0P/9d/8781/Xf/oN/jd/gz/tl//Ad/wp/9ixa/8M/4X578/t/6D+b/1Ld+ySf/wejoN/33/92nzS/57Se/1R/wp/7Bf/Af8wf+H3f+rNkfuLf+267+hS8//huO/va/5s//O07+zk//uP/lz17/26/+z/+4/WW/3Y8v/6QH/9y7X+fP+8V/4X/+e/019//wX/6Lvv9F/V//jp88/qP++n/iv/svf6erf/h3+et/cPnX/k9/4Zti8ugH//V/9mv+7X/Lw39i9988+hV/fPE/ffyT/8Fv81++/KPTf+/s2//Uwa//N+w9/K//+z/hX3v2m3/5Z//13/nBf3W9/u//+L/v0R939ef8zKt/9tf5mz/5qyfX+T/0D//yx7/2T/2bv+0v/ov+juIf+u63f+Xij/oDfr1/r/5N/+M/5le8+wd+y//2Nzv6F//2f/eL5W+1+MmXf92X/+Zv99f8jf/TX/n7/Imv/oT/4rf6m/+Xv+M//kvu/hn/wh/4933+y//yrYeHf8t//zv+gl/7r/3+l79k/V+eFL/zv/c7/qLf6U/4DdLZ//RL/8j97/7L/+v//Wsk/+Y/84//43/NJ3/Iuz/+X/vjLv6nv+TP+Pv/8H/mT/iF//u/8u/8D7//7n/yh/5z3/ruH/in/WV/3F/wi/7P//Af+fMvsnz5u/zKX/zH/p//6d/72/8fh//nF1/d+4/+vL/gb/urDz7+NX7Zr/gb/sPzn/nP/uY//Xf/1/61P+bf/eK3++f/9H/w9/1T/6bf8i/8n3/lX/tLv/83/mm/zuW/PP71f8/v/In/5O/89ncev9n5r/+Yv+tv+S9/jd/oX/1ff51f8tO/5J8//N4f+uv/M//up3/CH/wb/sn/+5/zD/6ff90/9WeP/7f/9Z/+Xf6gv+H6+3/L7/nr/9b7+f/5vd/66J/62//YP7P5i/7Q7139Lr/bn/Jr/vJ//Pf5/u/3+/4BX4x/yV/75/yqv/W/f/3s//jV//q38l+y/P6/8Af99L/52/8n/8N/9Af+Q3/VYvk//Vq/zX/xe/6Sf+dvOv5W8bd85+yv+/N/4fxvrv+Hxe/c/MRo9wf/2//+r/wDf/9f81v+Xd//Oz7/1b/33/Az//Sf8Ff+id95/fHv9Ev/tr//z73739b3/8Pv/+t/9h/94K//C3/lH/9b/wl/y6/18Nf6Y36/f/6P/Df+s9Xv//b6j07+yl/wt9//2178K+s/4LO/5v/4Rb/wH/7Df6tvX/5mv+0f8z/Of9nv9Nd972//O5O9Z//jX/+9X//X+M3/4b/mT9r9T/+cv+s//ZN/+V+z+3env9tv/kf81b/1n/cX/ao/4qd/jaPjL/+rv/K3/m1+53/6D85//E/9Q3/yx8vJX/u7/lO//V/9+b//V2Z/xYvf+798+J/+O3/J5Pf+Uw7+sv/mr7z/26ze/VX5v/eL/4w/7uJvKP76f+QPqu/9C8XvNv1X93+t7/waX/5Wv/fv/E/8eb/gL/sL//Lf+id/8pPf9df4j37i82/9wv/u//63/x/lLra+BwoAAA==" />
        <Entry handle="81" bytes="H4sIAAAAAAAEAO29B2AcSZYlJi9tynt/SvVK1+B0oQiAYBMk2JBAEOzBiM3mkuwdaUcjKasqgcplVmVdZhZAzO2dvPfee++999577733ujudTif33/8/XGZkAWz2zkrayZ4hgKrIHz9+fB8/Ih7/rk+/PHnz+7w8Tb/95ovn6cuvnjw/O0k/2r579+z0zbO7d5++eSrf7I137t49ffHRUfJ43i7Ko8fzPJvRH23RlvnR/s5++qJq02fVejl7fFc+TB7f5UaPJ9XsGu/tHnlt6K/k8erozTxP6/wXrfOmzWfpV6+ep3eL5WzdtPX13bbOZvndJq8vi2l+tywmdUaf/nRzt7k6ryY/nU/b8U836VXWpEuCew64abVM23nRpHgrr8eP767Qc03/ZLNZnTfN0fEqm87zu3vjvfF+uvXdYnlv70768tsv796nT3bT1/ximrVpWU2zcl41bfqyqtv0YOfxXQODhsaDomGAGMn/A0z0YfZHAQAA" />
        <Entry handle="80" bytes="H4sIAAAAAAAEAO29B2AcSZYlJi9tynt/SvVK1+B0oQiAYBMk2JBAEOzBiM3mkuwdaUcjKasqgcplVmVdZhZAzO2dvPfee++999577733ujudTif33/8/XGZkAWz2zkrayZ4hgKrIHz9+fB8/Ih7/rk+/PHnz+7w8TeftokxffvXk+dlJ+tH23bvfvXdy9+7TN0/T3/vbb754nu6Od9I3dbZsiraolll59+7pi4/Sj+Ztu3p09+7V1dX46t64qi/uvnl19x1g7eJl/XW79d4cz9rZR0e/cfKYe3y3KJfNZxE4uw8fPpTXpXGezfBzkbdZitbb+S9aF5effXRSLdt82W6/uV7lH6VT+euzj9r8XXsXbx+m03lWN3n72bo93z74KL0LMG3RlvnR47vykz4oi+XbdF7n5599NB7fpf+VxaTO6uu7J69f323a6zIfT5vmo7TOy88+4r+beZ63H6Ut9avdcYO7t4P2+y/y5fobBjlZX//+TfZNY7rdlMXsvWA207pYtf53P51dZvLpR2lTT7t9/XRz96d/0Tqvr4UqP918RFMj7b8uPPn2GwElqH0zoKZZXa2bvCyLNu9BZN5eZguC9za/vqrqWeNxtBLXazTL5V0Sq367SdbkOrEqXGU1zcp51bR3i+Vs3bSEEsnlLL/b5PVlMc3v6pt3VdYApJpd8283jRfv/a7b279xcr5eToFQ+sUXv/9lRpyTtfmzql5s3Ul/cXr37uX+eOc3TtK0OE+3ZtV0TfPdji/y9rTM8euT67PZnV+MBml6mdVpMVqNftFouRi1edOOluvFaFEsR4vs3Siv66puPvv441FWXzSfdXob04cMuzkUYOdVnW4Vn+0cpsXjLbwxLvPlRTvf3rtDH33y2T2gh04+w5ffKz7Z+/4hYVB+NoDkljT7/h2FLyOiFwBnufiMfhtjkg75c3zBH9H/1/md35UmidqZN+VddD6micnffXm+9XHRnC6yovyY2m7vAuaK37ff/54fu54NhNXj3fRnfoZafob+zAB379xJhViffPbxdvrxJ8vFJx+nC5p/ZpmsWKbZMs230V2azWZ13jTj33f5sQf+l6R5ScxksPxdP/v41cc8zvUi/SxdQbs+K6us5fH30CqaF9kL/upmRABykted/qMEWr7Klhc54fG7fpYaEoVNHnVolKbEPNKmWU+I/4vlxdbBaEUcQBzV/WL1yW73dWBBCD4mMCA0vfSY/rz1qNJJ3l7l+ZIaEQRqlS1n+D1798nHwYh/Cf8X0HwMI3bcbu3cST/7LGX6S6/pJ/Sn6RdA0l8iYH4JvyuN7qRkFep26+OXZQ61QExM6DAzWhpZRidRqvN2XS9/Et/TBCsQ7pib/xL0cffu9jZrC6u/AIc+mBWXaTH77KNJtlzmNTTDj9nPigv8LaN8nKl6cuqIp268mq9+j5Im97PLIm9JiEhJFosL0aiu7XmZXTR3L5fji+L8o/SqmLXzzz7au/9ROs+LiznpwV2y9RPSoXn92Uc7UG2P72ZA+MZuSW7Koplv6jZ/725T0aL6433/e3yXKHjkERd28vd3FFaKrkv7uz4/RgY+nZZZ04jO3l6vVnk9JSag4W2ixKKafVYs27r6yLxOngI5WOwwkf7CtP7Y58V//Pf+uUXazunnH7k2feqAw+eDEGFJmrabUHle/KN/zTKdEx4/e2j8orzZhMK3/+O/908s0u30H/uT/tG/ePWzh8U8L1eb0HhT/8d/71+aXhT/6N+zGQn6tCwc79xV5jGsxh/67Lat+sxx3I8Rw/HXy+yyuMhg9r+ghoLGjz2espqJdGwRoP43DdcNzAx3SbY9K10niEguyMH/j//evzIATOMNRnfrvsUhWtXVbD1t3weT1//x3/OXLtPV/D/+e/7qxTeJCvn074PGyfwf/YsqMj/ZN4kD/NX3R2Lyj/7Fy28Si8m6IeZrmvfB5GmVLefp8oIV1Cro6gOxMT7z+yDzH/+9f+x0nl7+x3/vX/5NYpKt2eHuaAn99Gas/rE/6T/+e/7yNfTFX/y+WN21Ek7SHuqPlF0Bq0r8MNPh/0Eh9o/CkR+FIz8KR34UjmwIR1wocvH77310BI1EgrdIM1YJviZq8qyezn1lTmmWOanRjy6ggCTdgnd3P2KA+mu1pAlaFOT1d9XLx5TA2f14RPoAxDmUEQwNitWVwbXJt4uleFjeZ0BPPvwx+rxYrtatYkXK3mjIeTGb5UvBkD9mktrXWW/KlCoEpzxtWzNY4E9ZrOIH9Pu+F97s7Ql8/t4A/LHH5CLkU4MSfeda7bn4xH8eV5y3Mt2qx/XRke9HPb4rjQZsUAcEvJSPjpzv8X5vk59lXibvacO7j+EO0VgdLbtjv2fHfs8be6e/jJBN5c2cZ1h+IwIItGm1pujr+v0GsfvR0U/C02nTF5mjnrYdMuQdGDRfL4j6f317i/cDWviBg2Pdybptq+U2RzY+0xWL7CLXNKnv+pMmOM+m8K/As+OfXl1YLrM9uJ+QQ+l8vntEwr0E4cqKQu8ff0bPzs5HRy+r1bok2/2aAebNI7y1bCOtnz0jHfHFP/oXX6vD+AcvR+kCf777R/+e6Sh9l6fLf/QvWV7oh2//0b+6GqXj8Tg1AO8SDg45wuo2KeIhv9JPZV+dV5OfJjJ3E8ae1iiW55WnNNTXqyGz7OZJdgaS6n29yBe/f1ldGHUjTzxu+zEh8Xfzclot8rSt0svlGyB879OdMX2kg/fewCvh83i+d3N0W+cXRdMixoxlX84sf1C733+X2aOfbSFk9mKSO79/lL4hEaeQ4JLTBeEYaCKpReS9m3BWGv5jf9I/9odSNLqE9Kwk5B6SufjjT4LxrYOP+enOIE89WdTigkyavBVRub9wOWlWh1/kbPl/8uxl+jOp/mEddn18+cIC2pF+2u3bxGNeZ8ollAj5M9OW0xD492+epu36+j/+e/7BZYRL9BlKFmxmgrfz9ZJMu2EEZ9/4VReeuI88FfVDEM8f+7FQMQbSx8K57SYMbYMGxNe//24omhupMSfJ3FZSaGJy91MvMfkpKCR88LhZkZet/TQtutmYiDnyEi3gbIHyC+vsF62rQ/nDi26JBgT+KEhaal9TcpB8jqExnRd5OaP1WY8FwW4dZfK4zC/y5ezoxQXLL2loUtAUoMqnQdOIpXrcZpMy9zRFhAt/7HHb4T9Vmfw8bmc3aKSCHOzffy8gv+c3PWTldOtsAuuV5pLI9QsL+vEZTdDLeUVqd1qtVtes5PwpFI++O6of66lg82zt3ZGm3Kz77aDWshPbMsn9dub3/1dQi3yYn1jDkSSW/Uf/4upH5NpMrntGvtv6H/3r0+V//Pf+2cjpU1qopWz27/2P/iXX6Yy0+PLi1nREXNh5PoRIA2/TK3VgtyINIPYd9MhdsxqHvzEGLw08KtZU286vkidQ0GZZotNBtzvf5gAC2cAwyhkyimkXFv4KLcQ703mA1zyfvnVYBX43f4f3NF5R5pCQZbq7d89GgnvW8e4tCbjuEVfbfryviJnjHtx6RamZWWOYsrm7e7edExstKd/T3N379OG93//B77+ar8mwTH//57//7u+/u7Pzbqfn6Km7U+bnreYD485lM69WkcyxSsAsp4xI+QuLxeSzXYjCZ3u/MFusDo0O+egLEgWKpcjkXKfP/9G/aJG++Ef/NhKTpxQGpF9IoPWT/8Tf9B//vX8+8qz/8d/zFxfpT/5jfzVZp+eVCkvfEX1cZpO8JF/xP/57/1QCNfmP/x4SrLRhuNP/+O/969dpSS+n5T/6F6UL7p0M6t+c0d9/D/1Dq21L9i9JMl2gR2b5H/17IL3ZmHBlfIp0BhyX/wSh9I/9yZBgAvMnk9z+x3/PX7kkwH/PX0uxDaz5H7smSf8n/qZ/4i9GXKMfvJ3/o38rVtL+eEpQcR+Lf/QvKgCAlvqmc/Lk/t4/cklQZQD/KL9ZrwlX+utSqHGYnrDbtwSUKeuSf5D++Cf+JnGP/96/kQw3k8HRJuos9MTPo+PXmG/6TuaaIn0Qub1Op7RSks0o/xWfrkGLgKcrCqRGox6aC2pZi9+TpWPlYAnRQs816GR+7yiIWch3JzzvwWH8MQ/Brpq56bkt8kZeNR/x+2P9m9xkUtnj1fIiFMTNozBZhffDPYw42qifumnSVUerjKt0Q7hj2YjhmVMwood0ScWofxN0hoPohlXusfrSLY+4nMEPT7/f+3+Ffv9havd7gXZ/SVozJTfx7/2TpykWwf7SirQn9NVmzT34GvlKvxfptr+wSEVc8S+pOxiP3zh5M2etfFFky0fpPfmUXtiDdv5rFr9x8lKVMPEW1OsjyUM9ya5/pCl/pClvh/vPjqa89yNN+dH+z4qmLJbTcj0jDdkuL2T5m2ZkcfH7L6v29z8nHpoJ939dtbjg7N4mpbjHSnHfKUWSdi+LQx5mk93sxf6hmvCEb/mXQvawhOI5p4DiubOIecgFJR8THi95hgSgpWz73/MPruH//pWZuJiULCTVWMChrdixRiLxrxXnkd77RaJ/SZ1Cgf6llIz/+1Ok7P/IVQoP9M+dpg3U1spoVTiyf/iSu/tj+V9yTuHB/snWr2V02GkWPBv6kvxnBvYIWWPC4XlGXvNrWo3NVlWdj9KfXd0cn0CjmYnbpqqZOcqn1aafRcUc1W2XRd6S6LyvdvNXqH6WNFyUdL5+s3HeZ/s/0m+USfr/sX67H+g3CYCxHPH3/qEIpSHw4i2sXHo1vaAIe7VZ9b0XoB+pif+vq4n7/+9UE8M5Uj+TKd36AizPj0k2029zL7oy8mO38dY/lbH2hLgLTXsmBjxBemg5sFr7Y0NT3EeaJzmGdmzKbjdjMcRvgRGx1dWgHMugv12wxjCuSF5Rcv3vIR/lUcqE6L3U+XuAnreYn/vvMz+3gLd/O3g/5ugWo5+jHS0m/P4rTNEwl+Lr3z9YEvUaEfFkFSNOSDwR5AY1SafXnvBwG+5V1j9j33Y/8Z/HRFPSzEe7tAAivw20i4rHrRBnNRylKbf7MbPozqT7j//ePx2JaLi9yA9TXrhYPkr3ufvIUrrXXXRWo8rNsYAqOwgDJZOn5KeT409p55LTJJTQpiCi/xA8O7hFvlz//pPKSv6PPV77JtY8tHBcGGNQUth7w0K3UdX0S1Zf5LS29vs3eXneWwAPOyILX3gf2Xm/VeeySLeqq9l62t4GlXDx6GcBl8n6ViQ54VlarLOfFSSoj/L2WExoHeJnBY1+smQYladVRgHw8kIi0Z8VdHpruRuwcaH8MCofgEpG7FpUy477pJ8Oo4Wc6V++ptD9H/2Lv2G0QkTIWtXVMBqfFxz3tzxX659VTIzbN4jLc44bSLX8kT+rePyivBnG4dv/8d/7JxaUkf7H/qR/9C/+plk3RGOelxv17H/89/6l4I6/51ZYPL5LWt9v8r6PM0mex7yqi0ta/odp4eX6f+SvTvd2du5D100onbvM2/FvnBAH/T1/+TXp4X/0r16lc2SpWs4p/dlqRh+luw8/vfv5y+0nJ+msSp/QN+lPfvvNGyTK/vIVAby7u3MXYMePJzV7TldXV2PXBdvDtv5H/2IS4iWz6UKXX+E+kg0A90oWrViOae1B1pBlDXfCa8Rv/+O/twdiCXXZIpk2pc/xLj66Hqe/dw74BVYg/p5/sAVtyPbv+jbb+RUU20o63lDopNJP0hdVSwoqZZLt7qST6/Qnl9tvoDHG02rRBXl3Us2u+Zd5u4D9/n8AC36K6pFEAAA=" />
        <Entry handle="79" bytes="H4sIAAAAAAAEAO29B2AcSZYlJi9tynt/SvVK1+B0oQiAYBMk2JBAEOzBiM3mkuwdaUcjKasqgcplVmVdZhZAzO2dvPfee++999577733ujudTif33/8/XGZkAWz2zkrayZ4hgKrIHz9+fB8/Ih7/rk+/PHnz+7w8TeftokxffvXk+dlJ+tH23bvfvXdy9+7TN0/T3/vbb754nu6Od9I3dbZsiraolll59+7pi4/Sj+Ztu3p09+7V1dX46t64qi/uvnl19x1g7eJl/XW79d4cz9rZR0e/cfKYe3y3KJfNZxE4uw8fPpTXpXGezfBzkbdZitbb+S9aF5effXRSLdt82W6/uV7lH6VT+euzj9r8XXsXbx+m03lWN3n72bo93z74KL0LMG3RlvnR47vykz4oi+XbdF7n5599NB7fpf+VxaTO6uu706a527TXZf77N/NqNaY/P0rrvPzsI/6wmed5+1HaUufaJze4ezuQ3yy033+RL9ffMMjJ+vr3b7KfFUzfm57NtC5Wrf/dT2eXmXz6UdrU025/P93c/elftM7ra6HMTzcf0YxL+68LT77tgWKuXGYLAvQ2v76q6lnj8aLi7zWa5fIuCUS/3SRrcqWfikVZTbNyXjXt3WI5Wzct4QLi3Z2sm2KZE1X1zbsqJQBSza5vHCQa/K7b279xcr5eToFM+sUXv/9lVhazrM2fVfVi6076i9O7dy/3xzu/cZKmxXm6NaumayJnO77I29Myx69Prs9md34xGqTpZVanxWg1+kWj5WLU5k07Wq4Xo0WxHC2yd6O8rqu6+ezjj0dZfdF81ultTB8y7OZQgJ1XdbpVfLZzmBaPt/DGuMyXF+18e+8OffTJZ/eAHjr5DF9+r/hk7/uHhEH52QCSW9Ls+3cUvoyIXgCc5eIz+m2MCTrkz/EFf0T/X+d3fleaIGpn3pR30fmYJiV/9+X51sdFc7rIivJjaru9C5grft9+/3t+7Ho2EFaPd9Of+Rlq+Rn6MwPcvXMnFWJ98tnH2+nHnywXn3ycLmjumV2yYplmyzTfRndpNpvVxAXj33f5sQf+l6R5SYxksPxdP/v41cc8zvUi/SxdQSc+K6us5fH30CqaF9kL/upmRABykted/qMEWr7Klhc54fG7fpYaEoVNHnVolKbEPNKmWU+I94vlxdbBaEUcQBzV/WL1yW73dWBBCD4mMCA0vfSY/rz1qNJJ3l7l+ZIaEQRqlS1n+D1798nHwYh/Cf8X0HwM03Pcbu3cST/7LGX6S6/pJ/Sn6RdA0l8iYH4JvyuN7qSkeOt26+OXZQ6VQExM6DAzWhpZRidRqvN2XS9/Et/TBCsQ7pib/xL0cffu9jZrCqu7AIc+mBWXaTH77KNJtlzmNTTDj9nPigv8LaN8nKlqcqqIp268mq9+j5Im97PLIm9JiEhBFosLUaOu7XmZXTR3L5fji+L8o/SqmLXzzz7au/9ROs+LiznpwF2y0BPSn3n92Uc7UGuP72ZA+MZuSW7Koplv6jZ/725T0Mf+eN//Ht8lCh55xGWz5yisFF2X9nd9foxsaDots6YRnb29Xq3yekpMQMPbRIlFNfusWLZ19ZF5nYwxuUXs5pD+wrT+2OfFf/z3/rlF2s7p5x+5Nn3qgMPngxBhSZq2m1B5Xvyjf80ynRMeP3to/KK82YTCt//jv/dPLNLt9B/7k/7Rv3j1s4fFPC9Xm9B4U//Hf+9fml4U/+jfsxkJ+rQsHO/cVeYxrMYf+uy2rfrMcdyPEcPx18vssrjIYPa/oIaCxo89nrKaiXRsEaD+Nw3XDcwMd0m2PStdJ4gjLsgt/4//3r8yAEzjDUZ3674pvJjld1d1NVtP2/fB5PV//Pf8pct0Nf+P/56/evFNokJu8/ugcTL/R/+iisxP9k3i0ORl+f5ITP7Rv3j5TWJhXdT3wORplS3n6fKCFdQq6OoDsWny+rKY5u+FzH/89/6x03l6+R//vX/5N4lJtmaHu6Ml9NObsfrH/qT/+O/5y9fQF3/x+2J110o4SXuoP1J2Bawq8SM5h7+Jhk5ev37/KPZH4ciPwpEfhSM/Ckc2hCMuFLn4/fc+OoJGIsFbpBmrBF8TNXlWT+e+MqcUy5zU6EcXUECSasG7ux8xQP21WtIELQry+rvq5WNK3ux+PCJ9AOIcygiGBsXqyuDa5NvFUjws7zOgJx/+GH1eLFfrVrEiZW805LyYzfKlYMgfM0nt66w3ZUoVglOetq0ZLPCn1FXxA/p93wtv9vYEPn9vAP7YY3IR8qlBib5zrfZcfOI/jyvOWZlu1eP66Mj3ox7flUYDNqgDAl7KR0fO93i/t8nPMi+T97Th3cdwh2isjpbdsd+zY7/njb3TX0bIpvJmzjMsvxEBBNq0WlP0df1+g9j96Ogn4em06YvMUU/bDhnyDgyarxdE/b++vcX7AS38wMGx7mTdttVymyMbn+mKRXaRa27Ud/1JE5xnU/hX4NnxT68uLJfZHtxPyKF0Pt89IuFegnBlRaH3jz+jZ2fno6OX1Wpdku1+zQDz5hHeWraR1s+ekY744h/9i6/VYfyDl6N0gT/f/aN/z3SUvsvT5T/6lywv9MO3/+hfXY3S8XicGoB3CQeHnC/SlGH9/YvleWUFXX2xGjL1USrj+2r5dlldLYHSekFaeZFDS//+l8Xq45TU9sfnRV7OUspMtB//P1ZDfCRsGQAA" />
        <Entry handle="78" bytes="H4sIAAAAAAAEAO29B2AcSZYlJi9tynt/SvVK1+B0oQiAYBMk2JBAEOzBiM3mkuwdaUcjKasqgcplVmVdZhZAzO2dvPfee++999577733ujudTif33/8/XGZkAWz2zkrayZ4hgKrIHz9+fB8/Iv7vf+v//o9+jd/sO8/Onv0av+av+Wv8Gr8m/fdr/N//169xePLq9PjNl68epRez7Z9e5Rfp5e54J91aN8XyIj37zufpd16efp5efrp3Z5T+onVWFu11+ll6sJP83//ur3Hya/x6v86v++v9ur/Or/fr/bq/3q//6/96v0HymyXJj/1Y8lv9Jr/pb/Sb/ba/1W/32/22v9Vv89v8Dr/z7/67/A6/44//Tr/Nb5OO0h//hR/f+dad3/532d7Z3tr53bfubAHIr/nr//q/fvIbJL9lkvyWW7/Db/M7bL3383//Q7/Gb/4b/Bp/4q8x+7V/zY9+jV/rN/81f+3f/Nf8v/+xX+N3oUH+ur8mP7+GPr/mr/VrE76//m/wY8lvSA3+9t/s1/i1fs1f+9f+tX6dX/vX/XV/nV+Hvv0l9P2v8ev85r/ub/G77h7/er/lT2S//ke/6Lfa+4P/5L/4N/jxJ3/zP/xbv/qX/6ff7d6k/kN+LPltftvf7rf/HX73X/jx1p1v7d//9MHBw0cnT0+fff7ts++8fvPVT3739/59fmo6y88v5sVPN+368urd9Q/+0D/sD/8j/sg/6o/+Y/6UP/VP+9P/jD/zz/qz/5y/5C/9y/7yv+Kv/Kv+6r/mb/lb/7a//e/4O/+uv/vv+Uf+0X/sH/8n/sl/6p/+Z/6Vf/Vf+9f/jX/z3/q3/53/+D/5T/+z//y/+C//q//6v/mf/5df9st/xf/6K/+3X/W/Y1y/5q/xa/+a5omO6zencf1av86v82v/Or8+xvVr/lpXaPCb/zq/7u+6++v9Fsc/8etnv+i3/GjvD/4Nfqsnf/Jf/Df/wz/24/de/U+/9aT+l5Pf5nfb/49/9/8ZQ+OR3W5gf8jXGpkdmBvXv/Nr/Ea/9q9Jk/dr/+a/xu/xa/xL/9qf+fr/+lePfuLfXfznf/M/9Hv86b/bq+//df/y37L/n3z2l777J19//9f7V37p//x/FP/42U/8u7/2b/c7/7f/6t/9n/0H/8X53/DLfrc/+e/73f+tP+kXt3/V4rf96i/43tP/8OPf9E/9dx/+4+2/8Wf83b/mf/7xb/ef/Q7/1d/29777495+a+sf+df+lj/l4M//9B/9vf/k3+Nf/QXfuxz/+v/DH/Hf/Qn/5y/6qXv/7n/zJ/19//I/9sv+uT/o//jjvvu3L7//v/0h/8bv+A/+bn/pn/R7/FG/w1/4qy9/gz/gwW/0vz35x36j//Wv++/+3btPX/+xX/7Jf9nfd/07fP7k9T/7/X/w9/2/f43v/OWf/RF/y/Fv8xf/S9M/qPlf/sa/6lf+9e3//MXf8xf96sen/9NB+a//nz/+j9Xf//bTP/kPaH+rf++nfpe9i9/qb3r7D/ziz5vf6o9f/E1/wv/5i3/yT/97/tn/84/5k/O/+E86/UP/9P/h1738laP/5aO/7fnf/+h3+Mf/3rPf7Sd/29/gt/pf8/+q+Mv/vX/h+X/0+ld/vvOX/NN3f81/+t87+Bd/u7/uf/6Ff33z6/27f/if9Kcvf5NHv/q760fZP/Hf/Xk/eL06+/gP+uxbf/frf+2P/dt+0f/0xV//q/6AX+s/+k1+jYf/yR/z3z39xf/E7/O//qd/0NZfmf2y3+4XP/rfv/pnP1n8l//cL/pf/vrj3yn/s3/PX/Fr/Bv/2R/143/k7Gd+83/zP/hTL3+dP+a3vfq1P/5drn67v/pv+2P/p7/58W+y99f/46//7uM/7jf523+d3/y3/IX/0bf/3X/nr/6xf+AP+W//jd//4k//9B//06Z/3q/86/75F//OyW/xR/0J/9WXh7/4j/nvPv5jFqe/1V/5z/5tv+Bf/7P/wL/8X8x/u3f/y3/2J9QHf80f96fMvvO/7pT/8j909Or/+IvqT/6y/+m//18Wef4P/9R/+eps8nf9O8/+pX//pxf3/4PvP/1Hf9vf4PBf/+f//d/+yYv/8i8+fTj7NX6jf/2/+Hd/t5/+y2a//K97+/Kf+jU+++Sn/6U/4p94++f80s/f/Mw/Vf1tf/uf8h9+8iv/yT/gkz9v/nfsPvtdPn37D/7hx8//zn/l7/73f/BP/ZOrX/D4D/hl/8pfcu+/ev0n/Jm7v9Zv1PzTf8lfOf9zH/85n/xef/bv/c/9K//xv1//dn/in/7mT/3J/3x59tl/9a/8eh/96X/Uf/vl3/Xis79671/+c0fZv/XVf/s73n34N/263/3N/+Y/9Y/59/7lX/P3+b13/svf6uFPPfh1/9r97f/+D//b/oDkz/rHfrdf97f7tf6u//H1r1P+Z3/jb/Vvtt99+Z/d/U9/3//g397+4l//sS9+nx//Q//NX/6v/q//6h+ezv7Xv+K/3j2pdv+4X/Kf3PsLf/A/rA/+k198tf7+f/ab/Ab3/6H917/kr/vT/vg/9r/8y9t/5O+b/Qnf+bOKf/Xiy1/vO3c+/nP+lb/9n/roryr+p+e/66+3evOr//X/6uKPOviJf/bid/7pu5ff+5Xt+X//l/wPv8bv8Mf+Pn/cL/mT/+xn3/6tJ//w3/ns27/gX/tv/7Hf+G169Kf/kQ/+vsv6F/+ZB3/en/FfHvwlf8E/+0dm/+Np+8t+pz/hd/9i6/y3/23/geZ/a15///M/6W//BX/S7uHdv+rf/d/+jT/s7/jP/7w/9J/Y+gP+5D/pn3n5f/z9P/3PfPHR7/lP7P6y//Wv/jf+5T/7n3j3v7/+me++/UUXf9E//Yv+gO/+i6cHv9Heb5z/5E/+8X/8/B/5Zf/aP/blH/Vv/Da/6Pf6bf6SX33+J/5V/3zzg7/wH/vFX/x+/8Un3x9//Fv83b/G7v1/+L99969Vf8b3/v1f0P4Bv/T8NH3wb/yd+7/X4jf/C37txW//d/6Dv/H/8tf+Zr/+//Zv/qkP7/3X/9W/8odlzb/9M/eLH/wZv8d//cvSX/93Sv6tv+Nv+1v+kPM//c9v/rxf9vue/hN/z7/xb/w3f8PVL3n0X/zdn139Y7/y1/1j/smj3/B3+Wf+8he/1/TP+MsP/oWf+gv+7r/h7/32n/0H/8G/7/Sjv+tX//a/+x/75jf8e3+PnX9+/u71V3/n3/sv/3Pbqz/lxc51+eeUl//u+Df6K5dnf+P3fuPf/Xd79/AP+/7D/+rq7/ner/d3/r6/4Bf/63/sX/xn/b6/+LsP/pJ//+y3/wNWp9Xv+3v9Hf/6n//3/jGv//C/7G3y17x8+Hdv/wPN6e/zW0wf/r7/8k/9vv/Yf/7f/1n/6Lf+rv/u+G/4q9988Rv86b/4V/wN3/9tf/y3/pv/0t/vt/un/4ST/+VX/+v/zPZv+Vt+8Rf/5n/P3/In/Man/8mf+3v8nfPf8un/8tv9LX/Zr/drP/4d/rXkN01/k8Pf4Q/53/+L3/pv/5k/6X/+T3/jf/HX+rt/+u//Tf6aT/6Dv/uXvf5vfvC//uO/2T/2p/76v8fuP/H2L/uf/vP/4u+9+u3+mP/9n/9d/6DVLP1D/8R/5u/9C/+24ndYzf/6xV/8+s/7H/7H3/d//KP+vt/zO7/VH/1Ppv/pr/f3/def/K3//h/23/+Wv/Y/9uivu/xXf7NvN//K3/X3/up/8i/8L07+9ubfu/wrf/pv/e1/u7/vn/8z/ro/+q+4+uP+ooNXu3/y93f/kL/5D/sr//p/4Vf+x7/OH/X3/PI/9hc9LP/gf+KTf/P+T/5E/eTub/+f/H0P/uPyt/xdfrM/9W/7s/613+jv+ORf+xV3f5vir/7rtv+s9t/98//6X/g//Pr3//7f8K+4/rf+t7/6z//JP3rrT/9nFg//qb/+33/y+7363f6z5C/9y09+67/9b/nnfu/dH//W5z/4k//hP/mP+0v/ovv/8vb6oPjVf/Lf9J/8e7/8t3r16/3kb//vnv6uv+9/+WRc/ya/5n9X/G7zP+BZMfu9/81//U/8Pf7w2f/2J/7+f9u/nF383Vv/4p/4px//V2//8b/v9/lPv/ffP2v+7L/j9P9IL//6v/KTP2H36l/75dVv9zOvP/1fF4s/4Nde/tN7/8M//Mv/r7/94z/k8R9w/y/8Tf/Zt7/bX/gP/F8fffm3/8x/+ot/5n/5k//uv/MP+GU/9Ut/83/zF/6r1R/zT/xHn/ztzZs/5k/+t7/89y/+4p/+3//Hf/tv/N3/uE/+x4f/2V/wrT/sB//en/nrfjX99/7JP+HOP5D+4cv//sf/gT/2d/6lP/3f/gO/0X/155z/1b/0f/wlH/0pf1b+6h+6+HP+8zf/3b94+q/9yt9k/fjBX/3f/EV/32/zL1z/k//+/T/9b/zf3n71rzz+s/6H/2jrb/k7fs3Pdn//3/8f/XX/8r/sd/1dn377j/zLf+ZX/OrP/7e/PPt7/tgv/s7Zxem//6c//Ohvf3nwf/6t/9Uv+mv/k3/rZx785Y9/mz/srEl/jT/53/0//ou/+9//PX7yOv9lv9vhX1b/XrN/8zf7X/62P/Hv/6P/xdVP/4q/75/7g37rx//G//STe3/ar/o7j/7o/+2X/Kd/6PL//jXyf+3P+6eX/+7l2V/w3X/3V/yfn/w7//2/c+cv+vyP/pP/5T/oV/1p//Pv/9v+V//OX/3rfPIHfPdv/j8e/c//7n/9L/wdf+dfnv9t5a/5L/77v/Kvefs3/2F/yS/+s748/XV+4qvt9eEnf9Zv83v/D9N19T/8Tf/Q//qX/Ol/1H9+dP9f//u+3P7v/t6/YvJf/nv/5sNf/Af+Fw9+7b8+v/dbNH/qt1/8kp/+ff+EP/7H/p3X/+5f/unD7zz6W37Fr3//tz34i36Hb9+d/ks/8/Cv++3/+v/jj/4TXv6v//zVL/21s8V/8hue/xHVv/+3/rrZ//Zv/lH/9u/7+Nf+zw/u/5v/x8Ev/j8//8f/98Xf8s/8U39F/vEv+LP/mrPf4Tt/5d/zS87+09//N//H/+M/8Tf9Z3/xp//J7501/9Kf9zv8b//qP/bn/GP/+3/x1/6iX9L8o//Mf/Yn/OA3/c6v/mO//y+N/vb/c/uvW/92/8d/9Uf9p5/9CZ/85//gH/0fJuvf5Tf+zq/8HX7m3r/3b/9a31784X/Hb/r8j1n8Tn/zn/yf/6rH/+WPf/bXfPsvrH7wx/8Rv+Pv9qf+t3/yv/In/Gl//IO7//jub/wnvf0Dv/2v/2V/7G/+Z/yqL//L3/evK4//17/2N/8H/o1f5xecfvVPTv+1xfqvfvWb/dWffPS//3p/yd/3q9Y/9lv/nv/8b/X7/uTD/+t/+51+9b/yH/2mf/+/8Zd9+5+e/LZ/eVH8fr/Lv/YrfvtPi//1T/19dw/+md/1D/zPf5+/amfx47/rL538km/943/9X/cr740u/+Vv/2d/3s/8tX/O//r7//o/85v+/X/PJ5/+vaO/41/+ny7/ql/jLyx/h//1X/yN3/22J//Sj//ExfwfmP/aewf/2b/+V/1m/8Wf+Of9Hx//T3/q7/+v/4X//J/zW76t/uH/4Prj/+lv/It/5jf8n37ZF//TP7f6Z3/Bf139tr/OP/Xut/63/4m/5g/d+ruO/ppvvTz7h37t3+6v+dv/uH/vf/jOrz85+OV/xe/7D/9O/9Pe7/Xb/cm/4x/yd/+Vd37FX/kLrv/pX/vf+VOffnz+7tf/x3//P/QXrB79iX/k3/K7/Wd/38F/+cv+xr+gKv+H0fIX/IZ/15/z2/9mf9LJH3f+Dx7/Cf/ez/x7f8L/9bf/l//gb/5Lf7vi9xv9EWdPfrv1r/Gb/NMv/+e/4N/+5398/k/9b//S35n9O3/evX/n7/k9fvt3J6//p3/9f/pDX/4df/qv+bv9bn/8b/9r/pG/+uPf6X/9GxbH//7x3zL7Z8e/7m/9/T/hN/6t/rpf/1/6pb/Z/7b7W/0Gf+t/2/zN//A/9cd/97f+b//3T//Iv/K//sn/ePQXnf7Of9d/8Xcd/B/f/+t+673fbvGPXP/Xv92v8Rf8ql/5v/71/+Fv+O5P+V9+5eu/62//B/7oH//Wv/Xl6L/42//uf+4/+bf/vV/vP/vkd/nTftmr3+af2f3xv331G/8n3/tX/5r/8Ke+81f9Fv/+H/Hbrf/H53/uP/7b/pmf7v11hz/x737rj/8ff68/60949oOtx7/H77bzX7969uSP/xf/pV/xC/72f+T3+KP/h1fFP/LRn/zb/FYX/9p/+X988tF/+U/8mX/9L5r9Az/1Y9PyT7r3hzTf+U//9j/xdf0P/cb/1j//fOf1t379x9/98/79d3/Grxpl19M/7pO/dPaHNH/yH/fmB5//cX/DF3/dt6bPftG/+vC/+FPzn/ov//I/5dc4+B3/zsu/fFL/vZ/8C//949//r/pzf+//4u/9Q37rJ//xL33x9/0b/9ff/zf+7X/5n/73/R3/9Z/6u/0Dv99v+q/8Sf/95Ff+UX/fZ3/lf/tv/InVX/X0b/zXfr1f+0//hf/AL/qff+U//N/+/ek/u/7Lf72/6+/4ff/LP+H3/N+/+9e+/QWf/YN/y7v/+Tf6A/++X/6//t+/xq/4N//Av/T7f/7v9exv/3v+5F/z3pPf/k/9Oz/6k/7Vo9/w7/5b3/0Vsz/lwW/06A/9x3/r//UX/N3/09/4j/47f8Ff+rv/c//z3t/7K37sX/lj/uJf9hf+3//2/wNmbJdkrg0AAA==" />
        <Entry handle="77" bytes="H4sIAAAAAAAEAO29B2AcSZYlJi9tynt/SvVK1+B0oQiAYBMk2JBAEOzBiM3mkuwdaUcjKasqgcplVmVdZhZAzO2dvPfee++999577733ujudTif33/8/XGZkAWz2zkrayZ4hgKrIHz9+fB8/Iv7vf+v//o9+jd/sO8/Onv0av+av+Wv8Gr8m/fdr/N//169xePLq9PjNl68epRez7Z9e5Rfp5e54J91aN8XyIj37zufpd16efp5efrp3Z5T+onVWFu11+ll6sJP83//ur3Hya/x6v86v++v9ur/Or/fr/bq/3q//6/96v0HymyXJj/1Y8lv9Jr/pb/Sb/ba/1W/32/22v9Vv89v8Dr/z7/67/A6/44//Tr/Nb5OO0h//hR/f+dad3/532d7Z3tr53bfubAHIr/nr//q/fvIbJL9lkvyWW7/Db/M7bL3383//Q7/Gb/4b/BqzX2P2a/+aH/0av9Zv/mv+2r/5r/l//2O/xu9Cg/x1f01+fg19fs1f69cmfH/93+DHkt+QGvztv9mv8Wv9mr/2r/1r/Tq/9q/76/46vw59+0vo+1/j1/nNf93f4nfdPf71fsufyH79j37Rb7X3B//Jf/Fv8ONP/uZ/+Ld+9S//T7/bvUn9h/xY8tv8tr/db/87/O6/8OOtO9/av//pg4OHj06enj77/Ntn33n95quf/O7v/fv81HSWn1/Mi59u2vXl1bvrH/yhf9gf/kf8kX/UH/3H/Cl/6p/2p/8Zf+af9Wf/OX/JX/qX/eV/xV/5V/3Vf83f8rf+bX/73/F3/l1/99/zj/yj/9g//k/8k//UP/3P/Cv/6r/2r/8b/+a/9W//O//xf/Kf/mf/+X/xX/5X//V/8z//L7/sl/+K//VX/m+/6n/HuH7NX+PX/jXNEx3Xb07j+rV+nV/n1/51fn2M69f8ta7Q4Df/dX7d33X31/stjn/i189+0W/50d4f/Bv8Vk/+5L/4b/6Hf+zH7736n37rSf0vJ7/N77b/H//u/zOGxiO73cD+kK81MjswN65/59f4jX7tX5Mm79f+zX+N3+PX+N//ij9m6y/69f723/2Tix//rX/HT/d+z39+97MH0z/rX/4LPvmz/43H33t78cn3/t1n1fjP/Ot+0Z/3h//vf8G//gf/ov+k+s0f/vu/7t/+h/3Y//lv/9qHvzT7w5//lb/d//H8v/kr/9C/+vWbP/HZr/en/re/30//Bff/jf/u3/pzf/XveP2X/NoP/8j0//rL/s2z//gv/O2K//1/3v2H/ovDP/1X/8u/x6/3t341+ff/1OTvevS3/en/2d/26JfeO/5v7vy2/+2f8/v9ir/6n/2vHrd/yZ/6t2//2r8FYfTr/iV/zNav9fA3+Q3+ho//8Z/62/7NB//hv/3pq9/qn/o/f9kf+ivf/K//+5/8/cu/drVd/hV/9t/6h736A3/XP+d/+eN/wX/7z/8x/83/8Q/8l3/Pn/7nfvwXlr/010j+7O/8k7/01/5N/4V/769rV7/v7/1f/+RfmP/tf9Bv+2v/Fz/9Xy6Xf/mf85P/1m/yH/wTf9voLzv77/79/+G3/N3/hH/vT/iNy3/rv/rN/razg9E/+8f94X/Dt/723/3j2Q9W7f/0v/zMf7n9G//p/94fM5v+7Y9+m8/+21/vV/3Gf/yv+nO//B0/fv3LHjS/35/4i3/tv+W3/l/+mWd//m/13d/5evJP/Bdns9/1pP39fsV/+p/+on/1j/mJv+xv/x+q7/x153/eX/k3/9vvfu1/7G/8a37Pxf/wL/7v32l/t//zP/7+X/A//KLf7/5f+k//n3/uX/2Pjrae/Y6/zq/+7t90nP4pB//Zr/0//kF/4KNfvvfnfe8fO/4nqv/g8z/+z3r58s/58+//paM/4U/72/7Qv3z7B//lX/Bb/cTpr4H/T9/9bRe/5z/w6x/8L3/ij//t7/7MPyLf/be+/HWqv//X/jN/4j/8nf/b/+BX/F6/aD3d//X/0r/69/9X/oGf+cV32j9/8p/c/bMf/53pL7n3+41/0R/15/92d57+76M/5Vt/Xf7l3/BfXv3H//XiP9j7G/6tP/76n/4Vf8Of8zv+Vf/23/K7lG//69/36fhP/Yf+rN/zD/4Hftnd3/6vn//5f9wnv9Mf8Gf9m3//u/Xf+jv8af/6r/y7D/6wv+aLP/e3/XP+xn/nx/6Y3+3w9/gHf++/5af+2rN/dvYX/Bd/47/9H/1Pf9Lf+nv85b/vX/h7/V1/7x/33/2J/8z/8Bvnz/7w5//MP/O3PvzLf5/sL/lVv8lP/17Vf/ALHv56f//H3/n3/8+/cPmbvvxLf9V3P/4rf5/f5k/59n/226/+od/y+39d8uN/9MvVb/Vr/n7/xXf/0P/97y/+14P/9j/5nX/6J/7ug//qTvHrf+enfuW/8HsSK/waf8mfuv+H/82/54+lf8Pv+E/8B7/zr376Dy7+zt/z9/9dHv3B/8bf+4fUxd97/B/9sr/w9/sV/+wf84/8k7/lF//qn/wP/C6/+ePH/+df9vv8Z7/N3/E3/JU/+F8e/eI/8R/5O/67e7/9T3zrz/vBf/L3/OL/+9f4TY9/0SdfLH/mz/4D/+3/+ld99dW/Wv1Fv+r5L3r+9/+J3/lVj/7u+7/3v/7d/+0n/uvHv+/Hv/OD3/1v+aN/3X/vN/3Nf/3L4//9J//1f/Uv+4k/6de4+2/95P5P/pl3Dv7kN5//E7v/1ld/y99S/fu/6+/+D/7pv+Tot/nz7jz5Nx7/1Xde/OTs8n/6637b7U9+p7/3T/glf83//vv+OX/53/Yr/7N/7U/+i/+Tv+3V1d//x/+SP+c7/9y/ctb8MX/+i5/+077z0//KL/r+7s6f/Lv/Vv/ev/ziP/t97/wpv9mv/9+++PX+mv/m1/zn/7p/5Md/2X9/8I8f/eGf/+Sf/E++/d9/xf/5N/xF0z/qW3/p6q/4O3/59/7tX/pP/fF/1bf/4H/3T/4ff98/7NGLv/IX/+AvLH6Tf/fL//k3+UP+uv/mf/8l/9wP/rjf63d79c8v/6Jf47f6836Tz/7a3+3f/x9+8LcXr/603+q3+S9/5l/4jfJ/7Y+b/vh/8Hf9Xv/hb/7Tv9dfdfbr/PRf+udtffb2b/vb/sR/5m/79q+e/qWXf8NH/+WLv+8XpL/4z55+tP2fFv/kb/dX/vjv9DsVf/fZ8//6b/tz/463+YN/4a+983/9Fr/op8b/0vg3/Hv+hh/MfsXf8Lv8Y5ff/Tsf/dU7//j4X/+1i9/3f/nWZ8/+3dd/z7s/5B//1l+3dfgL5q/+lX/jk//mX/5TXr362/+F/6LY/kt+jX/6o7/qs3v/wZ//X37vW9Xe1pf/48Uf8x/d/+3+9t/xT/s7fp/t/+JX/fqPf/M/9Ys/55/4vw5/r/kfd+/snz4//gv+tO//8f/Rv/43/gs/eP4b/Ql/7p/0h/wDf8lf9r9/9Rv/zo//2q0/M/vj/tP/4U/9qV/rb/u9Tv6FP+Vv+8P2X/9Vf/nk19v9j/6gd3/Dd/7Tf/J3ePL93/Fy77f5jT7/PT//df6GH/zvf8jvkfy33/7lv+Kfn/yNf3j75s/75//PP//X/JP/6N/t7/kffp3f4uzXf/wLzn6PP373z3r1Myf/8p/xcPYTd776Nf+0P/y3/5N+i1/v87/zo7/pP/wnf7P/+9dY/vs//fos/VcXf8lv/ped/PZX/+7f9X997x/8zn//Z/4jP/U7fP7RL/wLf43f57fN/tO/5D/7zX79v+if+p2SP6H6df+r3/JP/S/+6z/p7/jFv+y//hP/s63f8G/5PX793+/Lv+p/W+fXZ3/Xn/Rb/HX/6F/x+W/9j7394/+T3/S//6Pav+o//zP/xR//mT+l+mf+5o//uN+o/ScO/82/5vf+vf/d3/t7o9/mJ0Y/cff0p/6EX/17/a1/35/+u/8FH+XHf9B/84+/+Gxv63f+t/+J7/1v/+J3/qX//pf+09ejP+X3+g3+4dVf+l8s/6Pm7Hf5x/775Nu/25/+n/7dX53+bv/D8b/w6/2if+Pv+YX/0x/xB/13v/0v/2ev/sn0t/73fs1f8Vv/hX/D//a7/F7/4B/zHxz+4m9nX/1Jv/3Ob/Dv/d3/9G/16/7bf/7v8o/9+b/5X/qTs7/wF5W/df7b/9r/5t/4ovhv/+ff5bjZ+vWmf+vljx3/Eemf/Af/i/Xu937j/+hP/E3+jn//35k9/av+oce/ev0r/utX/+Af+rf92G/1SXH5q98sfs3v/nb/5eNf+vhf+m1/yT/39/7+f9Sjx7/s9Lf42/7a0R/+W/341q/z2/z7/+Tr//M//M+//+c9/wW/W/4v/Bsvn/2ST/6Y3//X+b3/71/jH/l9fsFf8nf8T58vkt90+zf7jf6+P//f/hNf/8H/x3/7dxz/4b/23/Rf/55/5J/wp73c+ot+nX/i1/01ftHpb/VrTP74v+9fPv01fru/9Ncief937vx27e/8V/0lf9Bv/ubX/OV/5a+x9Zf8wb/53/PH/2W/uv2rf41/6L/54rd6uTv/S/6YX+P//rf/H4t921hoCQAA" />
        <Entry handle="76" bytes="H4sIAAAAAAAEAO29B2AcSZYlJi9tynt/SvVK1+B0oQiAYBMk2JBAEOzBiM3mkuwdaUcjKasqgcplVmVdZhZAzO2dvPfee++999577733ujudTif33/8/XGZkAWz2zkrayZ4hgKrIHz9+fB8/Ih7/rk+/PHnz+7w8Tb/95ovn6cuvnjw/O0k/2r579+z0zbO7d5++eSrf7I137t49ffHRUfJ43i7Ko8fzPJvRH23RlvnR/s5++qJq02fVejl7fFc+TB7f5UaPJ9XsGu/tHnlt6K/k8erozTxP6/wXrfOmzWfpV6+ep3eL5WzdtPX13bbOZvndyboplnnT3C2LSZ3Rxz/d3G2uzqvJT+fTdvzTTXqVNemSAJ8DcFot03ZeNGmT15d5PX58d4Wua/onm81qgnN0vMqm8/zu3nhvvJ9ufbdY3tu7k7789su79+mT3fQ1v5hmbVpW06ycV02bvqzqNj3YeXzXwKCx8ahoHKBG8v8AFMGmPUgBAAA=" />
        <Entry handle="75" bytes="H4sIAAAAAAAEAO29B2AcSZYlJi9tynt/SvVK1+B0oQiAYBMk2JBAEOzBiM3mkuwdaUcjKasqgcplVmVdZhZAzO2dvPfee++999577733ujudTif33/8/XGZkAWz2zkrayZ4hgKrIHz9+fB8/Ih7/rk+/PHnz+7w8TeftokxffvXk+dlJ+tH23bvfvXdy9+7TN0/T3/vbb754nu6Od9I3dbZsiraolll59+7pi4/Sj+Ztu3p09+7V1dX46t64qi/uvnl19x1g7eJl/XW79d4cz9rZR0e/cfKYe3y3KJfNZxE4uw8fPpTXpXGezfBzkbdZitbb+S9aF5effXRSLdt82W6/uV7lH6VT+euzj9r8XXsXbx+m03lWN3n72bo93z74KL0LMG3RlvnR47vykz4oi+XbdF7n5599NB7fpf+VxaTO6uu7J69f323a6zIfT5vmo7TOy88+4r+beZ63H6Ut9avdcYO7t4P2+y/y5fobBjlZX//+TfZNY7rdlMXsvWA207pYtf53P51dZvLpR2lTT7t9/XRz96d/0Tqvr4UqP918RFMj7b8uPPn2GwElqH0zoKZZXa2bvCyLNu9BZN5eZguC9za/vqrqWeNxtBLXazTL5V0Sq367SdbkOrEqXGU1zcp51bR3i+Vs3bSEEsnlLL87WTfFMm+au/rqXRU2QKlm1/zbTQPGe7/r9vZvnJyvl1NglH7xxe9/mRHrZG3+rKoXW3fSX5zevXu5P975jZM0Lc7TrVk1XdOEt+OLvD0tc/z65PpsducXo0GaXmZ1WoxWo180Wi5Gbd60o+V6MVoUy9EiezfK67qqm88+/niU1RfNZ53exvQhw24OBdh5VadbxWc7h2nxeAtvjMt8edHOt/fu0EeffHYP6KGTz/Dl94pP9r5/SBiUnw0guSXNvn9H4cuI6AXAWS4+o9/GmKVD/hxf8Ef0/3V+53elWaJ25k15F52PaWbyd1+eb31cNKeLrCg/prbbu4C54vft97/nx65nA2H1eDf9mZ+hlp+hPzPA3Tt3UiHWJ599vJ1+/Mly8cnH6YIYgHkmK5ZptkzzbXSXZrNZTZww/n2XH3vgf0mal8RNBsvf9bOPX33M41wv0s/SFdTrs7LKWh5/D62ieZG94K9uRgQgJ3nd6T9KoOWrbHmREx6/62epIVHY5FGHRmlKzCNtmvWEBKBYXmwdjFbEAcRR3S9Wn+x2XwcWhOBjAgNC00uP6c9bjyqd5O1Vni+pEUGgVtlyht+zd598HIz4l/B/Ac3HsGLH7dbOnfSzz1Kmv/SafkJ/mn4BJP0lAuaX8LvS6E5KZqFutz5+WebQC8TEhA4zo6WRZXQSpTpv1/XyJ/E9TbAC4Y65+S9BH3fvbm+ztrAKDHDog1lxmRazzz6aZMtlXkMz/Jj9rLjA3zLKx5nqJ6ePeOrGq/nq9yhpcj+7LPKWhIi0ZLG4EJXq2p6X2UVz93I5vijOP0qvilk7/+yjvfsfpfO8uJiTItwlYz8hJZrXn320A9X2+G4GhG/sluSmLJr5pm7z9+42FS2qP973v8d3iYJHHnFhKH9/R2Gl6Lq0v+vzY2Th02mZNY3o7O31apXXU2ICGt4mSiyq2WfFsq2rj8zr5CqQh8UeE+kvTOuPfV78x3/vn1uk7Zx+/pFr06cOOHw+CBGWpGm7CZXnxT/61yzTOeHxs4fGL8qbTSh8+z/+e//EIt1O/7E/6R/9i1c/e1jM83K1CY039X/89/6l6UXxj/49m5GgT8vC8c5dZR7Davyhz27bqs8cx/0YMRx/vcwui4sMZv8Laiho/NjjKauZSMcWAep/03DdwMxwl2Tbs9J1gpDkgjz8//jv/SsDwDTeYHS37ls8olVdzdbT9n0wef0f/z1/6TJdzf/jv+evXnyTqJBT/z5onMz/0b+oIvOTfZM4wGF9fyQm/+hfvPwmsbBu6ntg8rTKlvN0ecEKahV09YHYNHl9WUzz90LmP/57/9jpPL38j//ev/ybxCRbs8Pd0RL66c1Y/WN/0n/89/zla+iLv/h9sbprJZykPdQfKbsCVpX4cabD/4Ni7B+FIz8KR34UjvwoHNkQjrhQ5OL33/voCBqJBG+RZqwSfE3U5Fk9nfvKnPIsc1KjH11AAUm+Be/ufsQA9ddqSRO0KMjr76qXjymDs/vxiPQBiHMoIxgaFKsrg2uTbxdL8bC8z4CefPhj9HmxXK1bxYqUvdGQ82I2y5eCIX/MJLWvs96UKVUITnnatmawwJ/SWMUP6Pd9L7zZ2xP4/L0B+GOPyUXIpwYl+s612nPxif88rjhxZbpVj+ujI9+PenxXGg3YoA4IeCkfHTnf4/3eJj/LvEze04Z3H8MdorE6WnbHfs+O/Z439k5/GSGbyps5z7D8RgQQaNNqTdHX9fsNYvejo5+Ep9OmLzJHPW07ZMg7MGi+XhD1//r2Fu8HtPADB8e6k3XbVsttjmx8pisW2UWueVLf9SdNcJ5N4V+BZ8c/vbqwXGZ7cD8hh9L5fPeIhHsJwpUVhd4//oyenZ2Pjl5Wq3VJtvs1A8ybR3hr2UZaP3tGOuKLf/QvvlaH8Q9ejtIF/nz3j/4901H6Lk+X/+hfsrzQD9/+o391NUrH43FqAN4lHBxyhNVtcsSDXq6fzL46ryY/TXTupow9tVEszytPa6izV0No2c+T9AxE1ft6kS9+/7K6MPpGnnjg9mNC4+/m5bRa5GlbpZfLN8D43qc7Y/pIR++9gVfC5/F87+bwts4viqZFkBlLv5xZBqF2v/8u80c/3ULI7MVEd37/KH1DMk4xwSXnC8Ix0ExSi8h7N+GsNPzH/qR/7A+lcHQJ8VlJzD0kdPHHnwTjXAcf89OdQZ56MqnFBdk0eSuic3/hctKsDr/I2fT/5NnL9GdS/cN67Pr4AoYltCP9tNu3YVWvM+USyoT8mWnLeQj8+zdP03Z9/R//Pf/gMsIl+gxlCzYzwdv5ekm23TCCM3D8qotP3EeejvphyOeP/VioGgPxY+ncdjOGtkEDYuzffzeUzY3kmJNobistNDW5+6mXmvwUJBJGeNysyM/WfpoW3WxMxRx9m2CDp/X1yVFKI52YP82rP04q9OQf/dtICtprkUT0cxTkL7XTKflKPu/Q4M6LvJzRWq3HjGC8jlp5XOYX+XJ29OKCJZmUNelqilXl06BpxGg9brNJmXs6I8KPP/a47XCiKk9+HrezG3RTQb72778XzIPnQj1kNXX7NAermFUz3f2FxWr6GU3U7s/s/cw9pq4/ieLVd4fzYz0tbJ6tvTu/saN999tBxWVntGVa++3c73ERpxEGaibSAHPTGQGZV8sW/I3RT2lgAJmdtp0ZlCcQJ5NG7nTQ7c5XEYBAKiv0Sod0WNqFxbIfyPM703mA1zyfvnVYBX4Sf4f31L90f/Ogd/fuOdfdqL9eCtd1//t77rj/FbEzSW6Mq9criqVnpO+qi+ru7t12Tmy2pOC8ubv7++/u7Lzb6dlgtURlft5qriZu95t5tYqxe7GYgMsD5u5myU8qVjHplDKd2YziV8uWUev/uMwmeXkkmukNvTZfX8P+v1tT8qtVi52+xfyuUzgIF+k/9if/x3/PX7lOf/IF2UpSLvy+A9rlkmA6e1xon+CjQcnE0503CiVuUP6sdO7JupROgbh/oVUMOpnfOwr8IR4rfQjD5SHYHe1Nz22RN7ylwc7vj8W1u7rqN14tL0Je2jwOP/B5vxGEPk0bNYRDvOqtTv1Cw7eRMGd41vRlESLN1Ro9ZZzZDqt13DX3WMF2eVcXjPz/SxHt+Ypo/5tQRAt2hjtqaO8GNTRVNcSmmwL+W2mhz4vKrZkuL/7jv+dvXErn/y9WM/8fk9TeZHbldO//nXI67EP5no5060uQPD8m3o7fxs9Aee1uY0o+lbH2hKgLTXsmbj8hR/yPX0YYn5sMTWwfaZ7aGNq3yCANzFgM8VtgRMx0NShmMuhvEzf/oUuSZ1rdo3/zKp39x3/PX7y8eJQyIXovdf4eoOct5uf++8zPLeDt3w7ejzm6xejnaEfxyO+/whQNcym+DgNcrxERT5b344TEE0FuUH90eo2mpaVXCWlj33Y/8Z/HRFOyBke7ZAPkt4F2UfG4FeKsfKM05XY2ccek+4//3j+daNf8x3/vn5wu/uO/569dk9JaPkr3uPtIZsTrLjqrUeXmZ4rwMwzv62pN6WFalwrzi/y61/CnT7Tl86KNDuyxriy7B1E49Tm4Ov1jXy/iiAQVg7lE83R8l+3pRwPzzo1/duKrDR1+QNzT90Z60DeHBUHsDSUK4gxDu42O0vDG5Lbufx1iiHj3w54PHO3g06dCVOOZ5wYyqM+1DXKI4/UNEMP3yG5Lhv6wBlb65Pmx9xDHrrN2q6WjAcOv1Hm446VB75t1gptHGfuG1c4HqaChWKMfTvyQ9c/XC6s2dDgY8dye0Qa//5FcpRvk6sYQ6P+NUtX/Ak/EJbjb8wn8EGoD69CH1p9a5Mv17z+pbLDxY31PQz4uCzMjJemqG1ZKTHRIv2T1RU6k+f3JuTn/SL3ZKQUKf2WfTB0CWFfzVp3LysGqrmbraXsbVMJ89s8CLpP1rUhyQla4Shfr7GcFCeqjvD0Wk3/0L17+rKDRt3DDqDytMlnSguZY/ayg0+T1ZQGH6hbYUEw7JSfpP/57//KfFVQyYteiWnaUlH46jNY/9ieR97pOL4p/9C/+htEKESko1VUNo/E5zdGfa+3azyomJtM0iMtz9mNJtfyRP6t4/CJasR3EgVb9/8Qi3U7/sT/pH/2Lv2nWDdGY5+VGPfsf/71/Kbjj77kVFmxL/Cbv+zh74yXpVnVxmUk8yyuI/8hfne7t7NyHrptky/Eyb8e/cUIc9Pf85dekh//Rv3qVzivKG7WIv/7eP1sj90fp7sNP737+cvvJSTqr0if0TfqT337zJp3SeysCeHd35y7Ajh9PanZMrq6uxq6LdPqP/q3kTP6jfzEJ8ZLZdMEhoGSsyAaAe2W1vliO099LfoeF+mPX6YRDxLf/8d/bA7GEumz/47/3ryX4f/EU7+Kj63H6e+eAT0BpXP9gC9roYmng3EgqY7W6luUpQ6GTSj9JX1QtKaiUSba7k06u059cbr+BxhhPK7P+6jIPk2p2zb/M2wXs9/8DP6aH7NU+AAA=" />
        <Entry handle="74" bytes="H4sIAAAAAAAEAO29B2AcSZYlJi9tynt/SvVK1+B0oQiAYBMk2JBAEOzBiM3mkuwdaUcjKasqgcplVmVdZhZAzO2dvPfee++999577733ujudTif33/8/XGZkAWz2zkrayZ4hgKrIHz9+fB8/Ih7/rk+/PHnz+7w8Tb/95ovn6cuvnjw/O0k/2r579+z0zbO7d5++eSrf7I137t49ffHRUfJ43i7Ko8fzPJvRH23RlvnR/s5++qJq02fVejl7fFc+TB7f5UaPJ9XsGu/tHnlt6K/k8erozTxP6/wXrfOmzWfpV6+ep3eL5WzdtPX13bbOZvndVV3N1tP2bllM6ow+/enmbnN1Xk1+Op+2459u0qusSZcE9xxw02qZtvOiSZu8vszr8eO7K/Rc0z/ZbFbnTXN0vMqm8/zu3nhvvJ9ufbdY3tu7k7789su79+mT3fQ1v5hmbVpW06ycV02bvqzqNj3YeXzXwKCh8aBoGCBG8v8AT77enUcBAAA=" />
        <Entry handle="73" bytes="H4sIAAAAAAAEAO29B2AcSZYlJi9tynt/SvVK1+B0oQiAYBMk2JBAEOzBiM3mkuwdaUcjKasqgcplVmVdZhZAzO2dvPfee++999577733ujudTif33/8/XGZkAWz2zkrayZ4hgKrIHz9+fB8/Ih7/rk+/PHnz+7w8TeftokxffvXk+dlJ+tH23bvfvXdy9+7TN0/T3/vbb754nu6Od9I3dbZsiraolll59+7pi4/Sj+Ztu3p09+7V1dX46t64qi/uvnl19x1g7eJl/XW79d4cz9rZR0e/cfKYe3y3KJfNZxE4uw8fPpTXpXGezfBzkbdZitbb+S9aF5effXRSLdt82W6/uV7lH6VT+euzj9r8XXsXbx+m03lWN3n72bo93z74KL0LMG3RlvnR47vykz4oi+XbdF7n5599NB7fpf+VxaTO6uu7J69f323a6zIfT5vmo7TOy88+4r+beZ63H6Ut9avdcYO7t4P2+y/y5fobBjlZX//+TfZNY7rdlMXsvWA207pYtf53P51dZvLpR2lTT7t9/XRz96d/0Tqvr4UqP918RFMj7b8uPPn2GwElqH0zoKZZXa2bvCyLNu9BZN5eZguC9za/vqrqWeNxtBLXazTL5V0Sq367SdbkOrEqXGU1zcp51bR3i+Vs3bSEEsnlLL+7qqvZetre1TfvqqwBSDW75t9uGi/e+123t3/j5Hy9nAKh9Isvfv/LjDgna/NnVb3YupP+4vTu3cv98c5vnKRpcZ5uzarpmua7HV/k7WmZ49cn12ezO78YDdL0MqvTYrQa/aLRcjFq86YdLdeL0aJYjhbZu1Fe11XdfPbxx6Osvmg+6/Q2pg8ZdnMowM6rOt0qPts5TIvHW3hjXObLi3a+vXeHPvrks3tAD518hi+/V3yy9/1DwqD8bADJLWn2/TsKX0ZELwDOcvEZ/TbGJB3y5/iCP6L/r/M7vytNErUzb8q76HxME5O/+/J86+OiOV1kRfkxtd3eBcwVv2+//z0/dj0bCKvHu+nP/Ay1/Az9mQHu3rmTCrE++ezj7fTjT5aLTz5OFzT/zDJZsUyzZZpvo7s0m83qvGnGv+/yYw/8L0nzkpjJYPm7fvbxq495nOtF+lm6gnZ9VlZZy+PvoVU0L7IX/NXNiADkJK87/UcJtHyVLS9ywuN3/Sw1JAqbPOrQKE2JeaRNs54Q/xfLi62D0Yo4gDiq+8Xqk93u68CCEHxMYEBoeukx/XnrUaWTvL3K8yU1IgjUKlvO8Hv27pOPgxH/Ev4voPkYRuy43dq5k372Wcr0l17TT+hP0y+ApL9EwPwSflca3UnJKtTt1scvyxxqgZiY0GFmtDSyjE6iVOftul7+JL6nCVYg3DE3/yXo4+7d7W3WFlZ/AQ59MCsu02L22UeTbLnMa2iGH7OfFRf4W0YpakV/vO9/j+8SyCOvNxiO3991KV08Xpf2d31+jCxeOi2zphEltr1erfJ6SlQhXZypwnQKkplpvJqvfo9FNfusWLZ19ZF5nUwneRzsQZBAY5w/9nnxH/+9f26RtnP6+UeuTZ+P72ZdND4QEWatabsJlefFP/rXLNM54fGzh8YvyptNKHz7P/57/8Qi3U7/sT/pH/2LVz97WMzzcrUJjTf1f/z3/qXpRfGP/j2bkaBPy8Lxzl1lHsNq/KHPbtsq4I7jfowYjr9eZpfFRQY7+AU1FDR+7PGU5S7SsUWA+t80XDcwM9wlGbusdJ3ARb8gj/c//nv/ygAwjTcY3a37Dj2E98Dk9X/89/yly3Q1/4//nr968U2iQk7u+6BxMv9H/6KK9HH2TeIAB+79kZj8o3/x8pvEYrJuiPma5n0weVply3m6vGAFtQq6+kBsmry+LKb5eyHzH/+9f+x0nl7+x3/vX/5NYpKt2QPtaAn99Gas/rE/6T/+e/7yNfTFX/y+WN21Ek7SHuqPlG2jVSV+3OXw/6CY80f++Y/88x/55z/yzzf45843v/j99z46gkYiwVukGasEXxM1eVZP574yp7zDnNToRxdQQJJ/wLu7HzFA/bVa0gQtCspCdNXLx5TR2P14RPoAxDmUEQwNitWVwbXJt4uleFjeZ0BPPvwx+rxYrtatYkXK3mjIeTGb5UvBkD9mktrXWW/KlCoEpzxtWzNY4E9pneIH9Pv+/Y/SeV5czGmge3sCn783AH/sMbkI+dSgRN+5VnsuPvGfxxUncky36nF9dOT7UY/vSqMBG9QBAS/loyPne7zf2+RnmZfJe9rw7mO4QzRWR8vu2O/Zsd/zxt7pLyNkU3kz5xmW34gAAm1arSn6un6/Qex+dPST8HTa9EXmqKdthwx5BwbN1wui/l/f3uL9gBZ+4OBYd7Ju22q5zZGNz3TFIrvINW/ou/6kCc6zKfwr8Oz4p1cXlstsD+4n5FA6n+8ekXAvQbiyqj/76Mef0bOz89HRy2q1Lsl2v2aAefMIby3bSOtnz0hHfPGP/sXX6jD+wctRusCf7/7Rv2c6St/l6fIf/UuWF/rh23/0r65G6Xg8Tg3Au4SDQ46wuk3OdCj08HO7V+fV5KeJzN0Mqqc1iuV55SkN9fVqyKzyoCQsIKteg0W++P3L6sIoHHnikduPCZG/m5fTapGnbZVeLt8A5Xuf7ozpIx2+9wZeCZ/H872b49s6vyiaFlHm42Jx0aXSmeUQavf77zKDpBPKHec0jTvQceK5Uk8R2Z3fP0rfkJBTUHDJCYNwDDSV1CLy3k04Kw3/sT/pH/tDKR5dQn5WEnQPSV388SfBeNfBx/x0Z5Ann2xqcUFGTd6KKN1fuJw0q8Mvcrb9P3n2Mv2ZVP+wLrs+voRhTelIP+32bSIyrzPlEkqF/Jlpy4kI/Ps3T9N2ff0f/z3/4DLCJfoMpQs2M8Hb+XpJxt0wgrNw/KoLUNxHnpL6IQjoj/1YqBoD6WPx3HYThrY/ZsXaELmqf//dUDw3UmRO0rmt5LgqZu2czMKnzn7j97tHwguPmxX52tpP06KbjemYo28TbLC1vj45Smm0E/OnefXHSY2GZnzgDda1q/k/+he36T/2J8NuEXsAJV/Fe5SYknPFvAY/rsjLGa1yelzbFRNKsuUX+XJ29OKCBZ6UOul0imnl06DpoHH0n8dtNilzT9nEGZnabUp64blNb+553M5uUIUF+fa//14w557L9pC14q1zXazQVs107xcWq+lnu/RvM939bNfYxmC+0ufVf/z3/MVFWlIeeMmK12cpiTM+uskBQRQx+ChH0M8Wi3QDrW5LUAOzZbX6Hi/TK5j8KAZk/31u/I2R5LcSH1hp5uBtZ6vlCXSCSXV3egr/CrUYIJBWDUWO1ey3ZZKm83/ib8rS6T/6t1Km/h/928hAtYXNzHW7cbgKIr9/z3//Mbe+Ydr4fq7X7gZNxVz7qXCtGq8yP2+7Wjzomcz6CYnxH78csPA/1iWN+6KLNHmmcbRv4ae6QSi0mPkxHd+IUTOvrnpcYZvxoDGTf+iS5o9yiPRvXqUzErzlxaOUCdF7qfP3AD1vMT/332d+bgFv/3bwfixOt4EPDSFJ4fz+K8zXMMvi69Ceeo2IkrKiEKcqngimPXG0X4W9RiNh6VXsYezb7if+85gIXC0vjnZJScpvA+2isnIrxDkMjdKU29lQgUn3H/+9fzrRrvmP/94/OV38x3/PX7uGnnmU7nD3EV/M6+42Ux1Gf+qz9jQcWaI/n9bWOJDvPwSts4RaWSXwY5HlU/7YrdXxatttl6xaysnmZH5/f4qRzz9SxuKlqv5yXCfTbmf9Vp3fvGbVQaXrnH3juAwtWnXw8NItPwtIDK5aRbGQjNHPAhobl606qITLVT8r6Gxat+pi49arflZQue3CVQctb8HqG0YrRIRyUXU1jMbnNEd/bkG2GHO1/lnFxPiEg7g851wGqZY/8mcVj19E4dcgDhTy/4lFup3+Y3/SP/oXf9OsG6Ixz8uNehZZB+KOv+dWWPC6pd/kfR8/4+fsfV1ckq/PQT1883/kr073dnbuQ9dNsuV4mbfj3zghDvp7/nIOqP7qVTpHIIW46j/+e/9sNaKP0t2Hn979/OX2kxNaOUif0DfpT377zZt0Su+tCODd3Z27ADt+PKnZibq6uhq7LsTjr//Rv5iEeMlsuiD7Q3kY9iTJBhRePDBOfy/5HRbqj12nE+qjTd/+x39vD8QS6rL9j//ev5bg/8VTjiXoo+tx+nvngE9AaVz/YAvadFKinlexWl3b5CRT6KTST9IXVUsKKmWS7e6kk+v0J5fbnKXz0ozOGZhUs2v+hTNVv3Hy/wDUZVSn4y0AAA==" />
        <Entry handle="72" bytes="H4sIAAAAAAAEAO29B2AcSZYlJi9tynt/SvVK1+B0oQiAYBMk2JBAEOzBiM3mkuwdaUcjKasqgcplVmVdZhZAzO2dvPfee++999577733ujudTif33/8/XGZkAWz2zkrayZ4hgKrIHz9+fB8/IsZZXVdXTTHLF/ly/Yt/4+THropZO3+U7u0erN4dpne/xX+n1XmKBt+6Sy3ufmtS1bO83m7a6zJ/lDZVWczSZbXM3T+H1E5bTauyqh+lP/5w//j4wb73RVP8gN7epW7cZ9o7PkzR2S+hr37jJMQynRWXafaLCbd5ntFL6SSr07JYvm0YvfNq2W6fZ4uivH6UZnWRlYfmU+5xd2/1Lv1di8Wqqtts2eLLWdGsyoyaT8pq+vZQxphN317U1Xo5e5S2dbZsVlmdL9t0XZdbwOIu43RR5/lyfFGc30l3d3Z+93RH0E7pmefFxbylsdwXQr7O27St9GMQdHKRFovsIt9eZbNZsbxIr4p2Xix5KOlWQbS5B1S3033z7x0eoDZ/xJ/v8L+7O0JFejXfjnXsffEhXbf5u3Z7lk+rOmuLavnIzHV3tn/8hJ/bT/ammX4ErEZp9KvLoinafAbGNXy29+m9BzvHAnEA4Ly6zGu84yZ5e1URJB4TT+Q2CHAYNHn0488e4D8B3Qc8Xi+bvMynhE/Anu08az9u0um6BgOV10S0NjUtmawG9U+fEeo7BvUoOca36yIGflKu83BEvUF/ivkOZCNGxHUJ2pVF04oK2G6vV7nlhR9bZPVFQSAxEMesdlg9YMR1PBfCFJOqbavFIwXGb8TfEQI06wlrJk8B9KVZJYIFQnUB0K0XWZmyOvjJvJ5ly2yUHkNfjNJv5+Vl3hZT+qQh0d9u8ro4x6tdATBjtiTOpEc77PuQUe+T7TI/h2yqwOqg3YeiQn/8dP/ZvWcnhgDx4Ts27mJFU5vXEHkB8P8AT15ecuUFAAA=" />
        <Entry handle="71" bytes="H4sIAAAAAAAEAO29B2AcSZYlJi9tynt/SvVK1+B0oQiAYBMk2JBAEOzBiM3mkuwdaUcjKasqgcplVmVdZhZAzO2dvPfee++999577733ujudTif33/8/XGZkAWz2zkrayZ4hgKrIHz9+fB8/In7P6Tyrm7xNP1q359sHHx3+xsndb6Unr1+nT6vpepEv2/Rbd3/j5DdOfryZV6vfv1ieV7/4N05+7LyssvZRmZ+39MKPXRWzdv7o4ac7q3f4c5HVF8Vye1K1bbV4tCuf/hIAGZfVBb8vb+zu7Pzuhz1o+npbrR49iAF86MFr2usy//3nebn6/e8B7iqbzYrlBV5Mqd/0vvwEkGlVVvWjH3/2bIce7rVato9296hFm82rRSZAx9Nq8fvvjn48X84cog/u7ZpO5Xt8Nc+Lizkg2AH+OIa3TQ2GSGTa2nd3+u+mxeLC9XywG7xg/jTjvC9/Tqp6lteP6Mu0qcpilv74Q34UNEHd3hvC6VOdoBhO/GI65+EK/VIi4KefegTEiNKP3hSLvElf5FfpK6LkEmxkcDTT9qADtcwmeekA//gOP+HEZHWRlfjoMq/bYpqV21lZXCwfEW8YFsBEGZIN8pEZ4hBnjqdZmzfbF/mSESrzrDZg8C2x/tU0a/I+Q/SZ1W+fjqdl8/vv9WDqfFk8xsTS6Yz+yHnmTk6ePfMnxMI9315UNWMRDmTfDcR1LY3TDM3b/F27PcunVZ21RbV8tKyWOXqwpP/0U2YWJf09lokFSYU/j0D+0af3leXKYplvGwzvb+j/0byi2YthsV4SEQDHQ+XZs4cPmQtUvg044cFJNn17UVf04qN1XW6Nx3fpf8WyzevzbJrffTtfLy9+/4PxT68u7qTLarvOV3nmEfyRsoEy/sE9+ROD3m6KH+RmIMHg9vQziyCeHl32VVXJPNO8zHsEaYuWdNWUUCQ2LW4xnMnF778nY5GBbPuyHgzlgdEr4VDS37VYrKq6zZat/fJKRiVE3jRQJ4/BQI0odQeK/8hyNP/x3/P3p+08u04n//Hf8zcvL9JZcZm+nRfp9B/9W9NpMythTZy4pedFXs7I/vxiN7JAi6ksBJRss0kZymKvxcx9vfvgoM+d7cyxpZuFbTPHB/iv/47RMxvU7bD1YurdiygJgrtJSHtt07lolKjaXFb1IitT36z9WHcKzUR3FLRhfvMxhhARbKAgxAsRsZK7Uc47IsHzFGpD1YMgbjj/faZhXEbeF+PlejEhUKwsIva9T7QhzWhkQlVEICf6WSj/hlB3vyUjXP3+NVr//tMc8pz67GpkNWatGJhORJ+VjNlXCBHONdoJBBMEgMsv7nUnuOztWbzFv4MnZXlRbK15I6oFdOrYxjppeHLy9OD0BHDZefzxVV1c0hxZVG7We7t9vafUf9Abu9ivE/TXM91B12REeB48JanAomOLysEAyAj5haDkQa9/f+JsbmUYaFOvHRdlaKIxZDFDgSLuW6mblL5z9uDb//7km62y5fVI/mKTJb/v6g/x2+SPPf0hnwltfS6zUBmOJwPG8ffYTOTEm2ijpWImigd1ni2K8vqRE+7IUL2pPujZQ0vKe/dEdzM6bZ0tm3NSo4/Wq1VeQ1F5Q9n1R3E/JJ7Shlt4I2MxPHRv7Ys9su7dp6Fsw/kCM6T4JYxdoGC9cQVDNUiwSpae7t+zls+fpw56oUa4341QItgZ5Jz/HGEN11fH2Y25ur/kx+Ddqlb//dmNS92rRMHZRe5jwfTZMYQKRQey2o39VPPuqBj/P9Qk0eD1DgAA" />
        <Entry handle="70" bytes="H4sIAAAAAAAEAO29B2AcSZYlJi9tynt/SvVK1+B0oQiAYBMk2JBAEOzBiM3mkuwdaUcjKasqgcplVmVdZhZAzO2dvPfee++999577733ujudTif33/8/XGZkAWz2zkrayZ4hgKrIHz9+fB8/In7P6Tyrm7xNP1q359sHHx3+xsndb6Unr1+nT6vpepEv2/Rbd3/j5MeL5Xm1vaqrkf0t/XH6Z7vMJr/4N05+7LyssvZRmZ+3BODHropZO3/04N7O6h39+Uu814OXFll9USy322r16AG3NJ9MqratFo927w+/n9L/85K7rpbto0lVztI96i/96E2xyJv0RX6VvqoW2fIjDy7weyRAf2xalVX96Mef8aO9BLBTAF9ls1mxvJA39914TEu0mWTTtxd1tV7OtotFdpE/Wtfl1nh8l/5XLNu8Ps+m+d238/Xy4vc/GP/06uJObEy7Q1Tc25Nef6zN37XbWVlcLB9Nc8DFh5d53RbTrNQvFsVsVuYd+IOgd3d2fnf8Nc+Li3n7yHRUFst8u/OZG6MhWRob5Q+qavH7F8vxanlxJ11W23W+yrM2vY+J2Y1P5m5aLC5+scUpW7eVh5P5c1LVs7x+RDDSpiqLWfrjDx+enPDEhXOksysTrn8FxOgwzi5AttmcWMXjiof8dF/du4mQHkPvKuF0HNoiBJcWy9W6/cUO3QESDfZ7f0d78flbe7ZQZnkz9P6DvYfB+0DczHgoivqpD5TZqiOwttXdb73JJmWeTpuG1QdGQWSmj9xUG+yp+W+cjNvZruoWA5vnJ2XJhibgWfInaYcffBBwrKqSgGP38J/jI4uvz05uxgmXPcVlSjj84oEeemgIQ+35DCXQ7t0A4tmzhw89EDJkwPlIAH0kkB7/rtvbOWmZ7SNQLETQAFb+DzrTz4ycePrWfKT0eODm4/8B6NRCoBgGAAA=" />
        <Entry handle="69" bytes="H4sIAAAAAAAEAO29B2AcSZYlJi9tynt/SvVK1+B0oQiAYBMk2JBAEOzBiM3mkuwdaUcjKasqgcplVmVdZhZAzO2dvPfee++999577733ujudTif33/8/XGZkAWz2zkrayZ4hgKrIHz9+fB8/Ih7/rk+/PHnz+7w8TeftokxffvXk+dlJ+tH23bvfvXdy9+7TN0/T3/vbb754nu6Od9I3dbZsiraolll59+7pi4/Sj+Ztu3p09+7V1dX46t64qi/uvnl19x1g7eJl/XW79d4cz9rZR0e/cfKYe3y3KJfNZxE4uw8fPpTXpXGezfBzkbdZitbb+S9aF5effXRSLdt82W6/uV7lH6VT+euzj9r8XXsXbx+m03lWN3n72bo93z74KL0LMG3RlvnR47vykz4oi+XbdF7n5599NB7fpf+VxaTO6uu706a527TXZb69qqvZetqO6ZOP0jovP/uIP2/med5+lLbUv3bLDe7eDurv38yr1TcL8puF9vsv8uX6GwY5WV///k32s4Lpe9OzmdbFqvW/++nsMpNPP0qbetrt76ebuz/9i9Z5fS2U+enmI+Ijaf914cm3PVDM68tsQYDe5tdXVT1rPA5X/L1Gs1zeJTHrt5tkTa70U2Erq2lWzqumvVssZ+umJVxAvLuLfDHJ67v63l2VPICoZtc3DhENftft7d84OV8vp0Al/eKL3/8yK4tZ1ubPqnqxdSf9xendu5f7453fOEnT4jzdmlXTNRGzHV/k7WmZ49cn12ezO78YDdL0MqvTYrQa/aLRcjFq86YdLdeL0aJYjhbZu1Fe11XdfPbxx6Osvmg+6/Q2pg8ZdnMowM6rOt0qPts5TIvHW3hjXObLi3a+vXeHPvrks3tAD518hi+/V3yy9/1DwqD8bADJLWn2/TsKX0ZELwDOcvEZ/TbG9Bzy5/iCP6L/r/M7vytND7Uzb8q76HxMU5K/+/J86+OiOV1kRfkxtd3eBcwVv2+//z0/dj0bCKvHu+nP/Ay1/Az9mQHu3rmTCrE++ezj7fTjT5aLTz5OFzTzzCxZsUyzZZpvo7s0m83qvGnGv+/yYw/8L0nzktjIYPm7fvbxq495nOtF+lm6gp59VlZZy+PvoVU0L7IX/NXNiAAkcWGn/yiBlq+y5UVOePyun6WGRGGTRx0apSkxj7Rp1hPi/GJ5sXUwWhEHEEd1v1h9stt9HVgQgo8JDAhNLz2mP289qnSSt1d5vqRGBIFaZcsZfs/effJxMOJfwv8FNB/DnB23Wzt30s8+S5n+0mv6Cf1p+gWQ9JcImF/C70qjOymp3brd+vhlmUMhEBMTOsyMlkaW0UmU6rxd18ufxPc0wQqEO+bmvwR93L27vc2awmouwKEPZsVlWsw++2iSLZd5Dc3wY/az4gJ/yyjxAv0uP973v8d3CeSR1xtbAdeldPF4Xdrf9fkxMinptMyaRpTY9nq1yuspUYW0cKaq0qlGZqbxar76PRbV7LNi2dbVR+Z1sk3ke7AvQQKNcf7Y58V//Pf+uUXazunnH7k2fT6+m3XR+EBEmLWm7SZUnhf/6F+zTOeEx88eGr8obzah8O3/+O/9E4t0O/3H/qR/9C9e/exhMc/L1SY03tT/8d/7l6YXxT/692xGgj4tC8c7d5V5DKvxhz67bauAO477MWI4/nqZXRYXGezgF9RQ0Pixx1OWu0jHFgHqf9Nw3cDMcJdk7LLSdQJn/YJ83//47/0rA8A03mB0t+6bfPhZfled4PfB5PV//Pf8pct0Nf+P/56/evFNokJe5PugcTL/R/+iivRx9k3i0ORl+f5ITP7Rv3j5TWIxWTfEfOQHvwcmT6tsOU+XF6ygVkFXH4hNk9eXxTR/L2T+47/3j53O08v/+O/9y79JTLI1e6AdLaGf3ozVP/Yn/cd/z1++hr74i98Xq7tWwknaQ/2Rsm20qsQPbBz+Jjg4ef36/YO6H/nnP/LPf+Sf/8g/3+CfO9/84vff++gIGokEb5FmrBJ8TdTkWT2d+8qcMg5zUqMfXUABSeYB7+5+xAD112pJE7QoKP/QVS8fUy5j9+MR6QMQ51BGMDQoVlcG1ybfLpbiYXmfAT358Mfo82K5WreKFSl7oyHnxWyWLwVD/phJal9nvSlTqhCc8rRtzWCBP2Vyih/Q7/v3P0rneXExp4Hu7Ql8/t4A/LHH5CLkU4MSfeda7bn4xH8eV5zCMd2qx/XRke9HPb4rjQZsUAcEvJSPjpzv8X5vk59lXibvacO7j+EO0VgdLbtjv2fHfs8be6e/jJBN5c2cZ1h+IwIItGm1pujr+v0GsfvR0U/C02nTF5mjnrYdMuQdGDRfL4j6f317i/cDWviBg2Pdybptq+U2RzY+0xWL7CLXVKHv+pMmOM+m8K/As+OfXl1YLrM9uJ+QQ+l8vntEwr0E4cqq/uyjH39Gz87OR0cvq9W6JNv9mgHmzSO8tWwjrZ89Ix3xxT/6F1+rw/gHL0fpAn+++0f/nukofZeny3/0L1le6Idv/9G/uhql4/E4NQDvEg4OOV+kKeH4+xfL88oKuvpiNWRKeOSr5dtldbUEQusF6WTJT/7+l8Xq45SU9sfnRV7O0rJo2o//H+B6qKDPGAAA" />
        <Entry handle="68" bytes="H4sIAAAAAAAEAO29B2AcSZYlJi9tynt/SvVK1+B0oQiAYBMk2JBAEOzBiM3mkuwdaUcjKasqgcplVmVdZhZAzO2dvPfee++999577733ujudTif33/8/XGZkAWz2zkrayZ4hgKrIHz9+fB8/Ih7/rk+/PHnz+7w8TeftokxffvXk+dlJ+tH23bvfvXdy9+7TN0/T3/vbb754nu6Od9I3dbZsiraolll59+7pi4/Sj+Ztu3p09+7V1dX46t64qi/uvnl19x1g7eJl/XW79d4cz9rZR0e/cfKYe3y3KJfNZxE4uw8fPpTXpXGezfBzkbdZitbb+S9aF5effXRSLdt82W6/uV7lH6VT+euzj9r8XXsXbx+m03lWN3n72bo93z74KL0LMG3RlvnR47vykz4oi+XbdF7n5599NB7fpf+VxaTO6uu7J69f323a6zIfT5vmo7TOy88+4r+beZ63H6Ut9avdcYO7t4P2+y/y5fobBjlZX//+TfZNY7rdlMXsvWA207pYtf53P51dZvLpR2lTT7t9/XRz96d/0Tqvr4UqP918RFMj7b8uPPn2GwElqH0zoKZZXa2bvCyLNu9BZN5eZguC9za/vqrqWeNxtBLXazTL5V0Sq367SdbkOrEqXGU1zcp51bR3i+Vs3bSEEsnlLL8LfO7qa3dV0AChml3zbzcNFu/9rtvbv3Fyvl5OgU36xRe//2VGbJO1+bOqXmzdSX9xevfu5f545zdO0rQ4T7dm1XRNk92OL/L2tMzx65Prs9mdX4wGaXqZ1WkxWo1+0Wi5GLV5046W68VoUSxHi+zdKK/rqm4++/jjUVZfNJ91ehvThwy7ORRg51WdbhWf7RymxeMtvDEu8+VFO9/eu0MfffLZPaCHTj7Dl98rPtn7/iFhUH42gOSWNPv+HYUvI6IXAGe5+Ix+G2OGDvlzfMEf0f/X+Z3flWaI2pk35V10PqZZyd99eb71cdGcLrKi/Jjabu8C5orft9//nh+7ng2E1ePd9Gd+hlp+hv7MAHfv3EmFWJ989vF2+vEny8UnH6cLmnzml6xYptkyzbfRXZrNZnXeNOPfd/mxB/6XpHlJnGSw/F0/+/jVxzzO9SL9LF1BtT4rq6zl8ffQKpoX2Qv+6mZEAHKS153+owRavsqWFznh8bt+lhoShU0edWiUpsQ80qZZT4j5i+XF1sFoRRxAHNX9YvXJbvd1YEEIPiYwIDS99Jj+vPWo0kneXuX5khoRBGqVLWf4PXv3ycfBiH8J/xfQfAwLdtxu7dxJP/ssZfpLr+kn9KfpF0DSXyJgfgm/K43upGQS6nbr45dlDp1ATEzoMDNaGllGJ1Gq83ZdL38S39MEKxDumJv/EvRx9+72NmsLq7wAhz6YFZdpMfvso0m2XOY1NMOP2c+KC/wtoxS1oj/e97/HdwnkkdcbrMbv77qULh6vS/u7Pj9G5i6dllnTiBLbXq9WeT0lqpAizlRbOu3IzDRezVe/x6KafVYs27r6yLxOdpPcDXYfSKAxzh/7vPiP/94/t0jbOf38I9emz8d3sy4aH4gIs9a03YTK8+If/WuW6Zzw+NlD4xflzSYUvv0f/71/YpFup//Yn/SP/sWrnz0s5nm52oTGm/o//nv/0vSi+Ef/ns1I0Kdl4XjnrjKPYTX+0Ge3bRVwx3E/RgzHXy+zy+Iigx38ghoKGj/2eMpyF+nYIkD9bxquG5gZ7pKMXVa6TuCfX5C7+x//vX9lAJjGG4zu1n2Le7Cqq9l62r4PJq//47/nL12mq/l//Pf81YtvEhXycN8HjZP5P/oXVaSPs28SB/aW3huJyT/6Fy+/SSwm64aYr2neB5OnVbacp8sLVlCroKsPxKbJ68timr8XMv/x3/vHTufp5X/89/7l3yQm2Zo90I6W0E9vxuof+5P+47/nL19DX/zF74vVXSvhJO2h/kjZNlpV4gddDv8PCjh/5J//yD//kX/+I/98g3/ufPOL33/voyNoJBK8RZqxSvA1UZNn9XTuK3NKOsxJjX50AQUkyQe8u/sRA9RfqyVN0KKgFERXvXxM6Yzdj0ekD0CcQxnB0KBYXRlcm3y7WIqH5X0G9OTDH6PPi+Vq3SpWpOyNhpwXs1m+FAz5YyapfZ31pkypQnDK07Y1gwX+lNMpfkC/79//KJ3nxcWcBrq3J/D5ewPwxx6Ti5BPDUr0nWu15+IT/3lccRbHdKse10dHvh/1+K40GrBBHRDwUj46cr7H+71NfpZ5mbynDe8+hjtEY3W07I79nh37PW/snf4yQjaVN3OeYfmNCCDQptWaoq/r9xvE7kdHPwlPp01fZI562nbIkHdg0Hy9IOr/9e0t3g9o4QcOjnUn67atltsc2fhMVyyyi1yThr7rT5rgPJvCvwLPjn96dWG5zPbgfkIOpfP57hEJ9xKEK6v6s49+/Bk9OzsfHb2sVuuSbPdrBpg3j/DWso20fvaMdMQX/+hffK0O4x+8HKUL/PnuH/17pqP0XZ4u/9G/ZHmhH779R//qapSOx+PUALxLODjkCKvbJEyjvraf1b06ryY/TTTu5k49lVEszytPY6ijV0Ng2ceTXAXE1Pt6kS9+/7K6MLpGnnjQ9mNC3+/m5bRa5GlbpZfLN8D23qc7Y/pIR+69gVfC5/F87+bQts4viqZFgPm4WFx0CXRmmYPa/f67zBvphHLGOc3gDtSbOK3UU0Rs5/eP0jck3xQPXHKuIBwDzSK1iLx3E85Kw3/sT/rH/lAKRZcQnZXE20MCF3/8STCOdfAxP90Z5Kknc1pckD2TtyL69hcuJ83q8Iuczf5Pnr1MfybVP6y3ro8vXFhLOtJPu32bYMzrTLmEsiB/ZtpyDgL//s3TtF1f/8d/zz+4jHCJPkOZgs1M8Ha+XpJdN4zgjBu/6mIT95Gnn362ZfPHfixUiYHosWRuu9lC26ABMfXvvxvK5UZSzEkst5UOV8WsnZMp+NTZbPx+90iY4HGzIv9a+2ladLMxBXP0bYINftbXJ0cpjXRi/jSv/jipztB03/TG5iQDi9aqme7+wmI1/YyQZL28mv+jf3Gb/mN/Mmzc8pvqYk+6oH+pu3hX6fPqP/57/uIiLSnd+Y31ey/sl3/uDfRfSv+7493h3u9iZje+fC9IIysPTMllZe5VVg0sC3+57eyL4Ub/fc3NdqQ3/CuUPUAgXeC7ah3VIL9H1E71znUUYDHPp299HAJng7/Fu+kyWwR/8yB39+45/9fXI120O6j8/h3f1v+a5JVEIia26xUFp7PGJBmbu3t39++2c4rJlhTzNnf3f//dnZ13Oz3zpkq+zM/brrYbNK/NvFrdXbCq7zDgjBZVi/IXFovJZ3u/MFusDg0zfrb/0VHjJzMXGRgqc/y0P2hmH5fZJC+PFv/o35a2BIL8qP/47/kbSdtQejYTrynkTIIkb4Sq2xE9mOIOH773kPGNDPijI+LaC2KOlAWUPPX+kHoeTBcfMAA5+FHVbOZYvfjf/7zMLu5eFnlLQcJ4tbwIZzNgufm9wIenP8lA9NDpcmbn28BSt1EVP0wnleiAN8AVt/DfnUlSIOrAC3ljKHcdEPcMDq4rlFG4XW3kVJog1pVdorBbtzNt/PjNa3eDNS7o9d//U5HfjULr9Uycd0KrGH/8csB9/bGhCe8jzRMeQ/trz18U8VtgRCx21TMethkP+tvE6n/oklYQKTdO/+ZVOiNjtbx4lDIhei91/h6g5y3m5/77zM8t4O3fDt6Pxek28KEhJCXsfv8V5muYZfF16DN6jYiSslIWpyqeCKaDSqbTazTDI72KaxL7tvuJ/zwmApN+PiJnR38baBeVlVshzoo5SlNuZ+NgJt1//Pf+6US75j/+e//kdPEf/z1/7ZrWVJaP0l3uPhJoeN1tmuq+Bgt/hsYvq6s1+ZFkjcOInd/3Gv70ibZ8XrTRsT3WdRr3kEKjCARrTEPs/76WNnAuyHjshnm9vkuxO+hSuKfjXW1PPxpgC258O8dr13e8dr+O49Xp9j0doN2YA9QBudHSd8hCunZ7GtUC5rlBl6mPsg2dJo6KiSfvfx1CiPz7/sxth9sf1kAiWZ4fey/+DDycD3BsDHEe7njB9n2Tibp5kLFvWAx/9kWSht2Twr2fIync86Vw74cvhXu3Z8vB738khemPpPDGIXel8F5ECu/9HEnhPV8K7/3wpfDe7dly8PsfSWH6Iym8cchdKfyAjJd7fjZE8sPzgp1u31Mko/m5DsgfieSPRLL7fLhI3u9EjFO7VvBzFive94Xx/jcmjF9EhXHD4G/LooPf/0gi0x9J5I1D7krkpx8dvZkXtJDfphMkayfEoVVKeds/Oy2zikwG/UZZsp988XMknp/64jnJqnn1syyi7S2pcVsGHvz+R/Ka/khe/SFP1k2xzJtmWGJ5IffhR0cn//Hf81cuxXKwezf9R/82rHvW/+hft5ynzytaainSk+efH+x++nMitbt3H/pSi/Wi35+n5/cvlvTLRZtdYHTfmCCDHLclx235eODrH+vz9wdILS8x3RtfFOffiLy+IYeCRnxZ/KN/zTL9ybOXHzzawef/A8rrBTlZf317exJ8U4prQIp91bX781V17e58dPR752x0i/Tb6+vlfJbRL0/3Huz8HCmq3Z3baKp0a/fO7//NrSMNkCDdppDgP/57/vI2Lf+Jv+k//nv/UtJhi//47/1zi5T6/d3HPFG35OWBr3+kvPj5kfL6/53y6n+Bp//547vrLjkdbLdS330tZVhM5GL22UeLfLn+/SdVa0j8Y/3Fd/m4LMyklETWj2Lq0xL6o7Qt2pIISr9k9UVOpPn9ab3/nOKzOiNVQKrh7/0r+2TqEODH3qvzts5muVGHt0HFz1/8rOAyWd+KJCecOlmss58VJKiP8vZYwO/8WUGjL4zDqDytMlKey4s5QrbVzwo6TV5fFtD7t8CGYucp6fL/+O/9y39WUMmIXYtq2dFS+ukwWv/Yn0TWdZ1eFP/oX/wNoxUiUizbuhpG4/OCrXrLc7X+WcVEle8wLs/Z3JJq+SN/VvH4RXkzjMO3/+O/908syPn5x/6kf/Qv/qZZN0Rjnpcb9Sw5XeCOv+dWWLAt8Zu87+PsjRpw2JZVXVxmbQ7TQh737tE/8lenezs796HrJtlyvMzb8W+cEAf9PX85r+r81at0jgC3tbmp5j/+e//kR+nuw0/vfv5y+8lJOqvSJ8hf/eS337yhFNff85evCCD8XoAdP57U7JdcXV2NXRcUQf+tiJ//YhLiJbMpstXr6//47/1Dl+q6tnMJsovlOP295HdYqD92jZwZubBv/+O/twdiCXXZ/sd/719L8P/iKd7FR9fj9PfOAZ+ASuotBXFp7I5AljzTarW6ruE5WAqdVPpJ+qJqSUGlTLLdnXRynf7kcvsNNMZ4Wi26IO9Oqtk1/zJvF7Df/w/l52+aQ1AAAA==" />
        <Entry handle="67" bytes="H4sIAAAAAAAEAO29B2AcSZYlJi9tynt/SvVK1+B0oQiAYBMk2JBAEOzBiM3mkuwdaUcjKasqgcplVmVdZhZAzO2dvPfee++999577733ujudTif33/8/XGZkAWz2zkrayZ4hgKrIHz9+fB8/Ih7/rk+/PHnz+7w8TeftokxffvXk+dlJ+tH23bvfvXdy9+7TN0/T3/vbb754nu6Od9I3dbZsiraolll59+7pi4/Sj+Ztu3p09+7V1dX46t64qi/uvnl19x1g7eJl/XW79d4cz9rZR0e/cfKYe3y3KJfNZxE4uw8fPpTXpXGezfBzkbdZitbb+S9aF5effXRSLdt82W6/uV7lH6VT+euzj9r8XXsXbx+m03lWN3n72bo93z74KL0LMG3RlvnR47vykz4oi+XbdF7n5599NB7fpf+VxaTO6uu7J69f323a6zIfT5vmo7TOy88+4r+beZ63H6Ut9avdcYO7t4P2+y/y5fobBjlZX//+TfZNY7rdlMXsvWA207pYtf53P51dZvLpR2lTT7t9/XRz96d/0Tqvr4UqP918RFMj7b8uPPn2GwElqH0zoKZZXa2bvCyLNu9BZN5eZguC9za/vqrqWeNxtBLXazTL5V0Sq367SdbkOrEqXGU1zcp51bR3i+Vs3bSEEsnlLL8LfO7qa3dV0AChml3zbzcNFu/9rtvbv3Fyvl5OgU36xRe//2VGbJO1+bOqXmzdSX9xevfu5f545zdO0rQ4T7dm1XRNk92OL/L2tMzx65Prs9mdX4wGaXqZ1WkxWo1+0Wi5GLV5046W68VoUSxHi+zdKK/rqm4++/jjUVZfNJ91ehvThwy7ORRg51WdbhWf7RymxeMtvDEu8+VFO9/eu0MfffLZPaCHTj7Dl98rPtn7/iFhUH42gOSWNPv+HYUvI6IXAGe5+Ix+G2OGDvlzfMEf0f/X+Z3flWaI2pk35V10PqZZyd99eb71cdGcLrKi/Jjabu8C5orft9//nh+7ng2E1ePd9Gd+hlp+hv7MAHfv3EmFWJ989vF2+vEny8UnH6cLmnzml6xYptkyzbfRXZrNZnXeNOPfd/mxB/6XpHlJnGSw/F0/+/jVxzzO9SL9LF1BtT4rq6zl8ffQKpoX2Qv+6mZEAHKS153+owRavsqWFznh8bt+lhoShU0edWiUpsQ80qZZT4j5i+XF1sFoRRxAHNX9YvXJbvd1YEEIPiYwIDS99Jj+vPWo0kneXuX5khoRBGqVLWf4PXv3ycfBiH8J/xfQfAwLdtxu7dxJP/ssZfpLr+kn9KfpF0DSXyJgfgm/K43upGQS6nbr45dlDp1ATEzoMDNaGllGJ1Gq83ZdL38S39MEKxDumJv/EvRx9+72NmsLq7wAhz6YFZdpMfvso0m2XOY1NMOP2c+KC/wtoxS1oj/e97/HdwnkkdcbrMbv77qULh6vS/u7Pj9G5i6dllnTiBLbXq9WeT0lqpAizlRbOu3IzDRezVe/x6KafVYs27r6yLxOdpPcDXYfSKAxzh/7vPiP/94/t0jbOf38I9emz8d3sy4aH4gIs9a03YTK8+If/WuW6Zzw+NlD4xflzSYUvv0f/71/YpFup//Yn/SP/sWrnz0s5nm52oTGm/o//nv/0vSi+Ef/ns1I0Kdl4XjnrjKPYTX+0Ge3bRVwx3E/RgzHXy+zy+Iigx38ghoKGj/2eMpyF+nYIkD9bxquG5gZ7pKMXVa6TuCfX5C7+x//vX9lAJjGG4zu1n2Le7Cqq9l62r4PJq//47/nL12mq/l//Pf81YtvEhXycN8HjZP5P/oXVaSPs28SB/aW3huJyT/6Fy+/SSwm64aYr2neB5OnVbacp8sLVlCroKsPxKbJ68timr8XMv/x3/vHTufp5X/89/7l3yQm2Zo90I6W0E9vxuof+5P+47/nL19DX/zF74vVXSvhJO2h/kjZNlpV4gddDv8PCjh/5J//yD//kX/+I/98g3/ufPOL33/voyNoJBK8RZqxSvA1UZNn9XTuK3NKOsxJjX50AQUkyQe8u/sRA9RfqyVN0KKgFERXvXxM6Yzdj0ekD0CcQxnB0KBYXRlcm3y7WIqH5X0G9OTDH6PPi+Vq3SpWpOyNhpwXs1m+FAz5YyapfZ31pkypQnDK07Y1gwX+lNMpfkC/79//KJ3nxcWcBrq3J/D5ewPwxx6Ti5BPDUr0nWu15+IT/3lccRbHdKse10dHvh/1+K40GrBBHRDwUj46cr7H+71NfpZ5mbynDe8+hjtEY3W07I79nh37PW/snf4yQjaVN3OeYfmNCCDQptWaoq/r9xvE7kdHPwlPp01fZI562nbIkHdg0Hy9IOr/9e0t3g9o4QcOjnUn67atltsc2fhMVyyyi1yThr7rT5rgPJvCvwLPjn96dWG5zPbgfkIOpfP57hEJ9xKEK6v6s49+/Bk9OzsfHb2sVuuSbPdrBpg3j/DWso20fvaMdMQX/+hffK0O4x+8HKUL/PnuH/17pqP0XZ4u/9G/ZHmhH779R//qapSOx+PUALxLODjkCKvbJEyjvraf1b06ryY/TTTu5k49lVEszytPY6ijV0Ng2ceTXAXE1Pt6kS9+/7K6MLpGnnjQ9mNC3+/m5bRa5GlbpZfLN8D23qc7Y/pIR+69gVfC5/F87+bQts4viqZFgPm4WFx0CXRmmYPa/f67zBvphHLGOc3gDtSbOK3UU0Rs5/eP0jck3xQPXHKuIBwDzSK1iLx3E85Kw3/sT/rH/lAKRZcQnZXE20MCF3/8STCOdfAxP90Z5Kknc1pckD2TtyL69hcuJ83q8Iuczf5Pnr1MfybVP6y3ro8vXFhLOtJPu32bYMzrTLmEsiB/ZtpyDgL//s3TtF1f/8d/zz+4jHCJPkOZgs1M8Ha+XpJdN4zgjBu/6mIT95Gnn362ZfPHfixUiYHosWRuu9lC2x9TeTb0rerffzeUzI3EmJNgbislropZOydj8Kmz2vj97pGwweNmRR629tO06GZjEubo2wQbHK2vT45SGuvE/Gle/XFSnr7xvan95iQDi9aqme7+wmI1/YxQZL28mv+jf3Gb/mN/MmzcN9bFnnRB/1J38a7S59V//Pf8xUVaUrpzuN/Ie6W8tzveJe4gsh8FiVydgyk5jb4g0VyfF3k5oxVcTzK7qoByiPlFvpwdvbhgpUY2i0wWhezyadA0Yrsft9mkzD312RdNCHTbkUo1JPQIkNkNmrqgqOP33wv40nMmH7LSfr/p2g+ni3/u6c97mL500zzcewwT4UuABEMf3eQl3eLZ2r2z+W3lAfrZYoK0sXnntj3T23WgsfkjzKZR1uSQ+PzjJWICt4H5bts5D/IEmsok3jvMEf4VKlZAIEXvq4KO3rcqONB370wnQf/zfPrW9R54kPwd3lPP2/3Ng9vdu+eCGmMceslt1/3v7wUq/lfE3sQcMS5fryjLMGtMtri5u3f33t12Tvy0pORFc/fe77+7s/Nup+enqLUu8/NWc1lx36iZV6u7C7bTHTGY0Yp4Uf7CYjH5bO8XZovVoRGJzyjiWGTg/swx/70Bt+hxmU3y8mjxj/5taUtRF2mQ//jv+RtJLiiZnomPGwoRwZE3+jY1mLMeS3ldvu9I8Y2M86MjYsYLmvuUtQNFV/FhWc+zO79EmqgRNdOoEdfvf15mF3cvi7wlthqvlhfhhIVuhv88nt8Loi/6E36Aj1FHUIK3A+eqjdrkYTKpnAYcAV64RcjldLUC0ZhLqNtHuOsxumdgYC4J7H77/5/k7/uSv/9zIPn7Hx01/hpUTw3sf0NqYP9HauD/U2pg//+1asC1DN/xfRRBxhdReX5M/BS/jZ9t89rdEDmxh/qpiGpPPrvQtGdithPytv/4ZUScuMnQFPeR5kmOof215yyK+C0wIra6GpRZGfS3ia//0GXa0tj/WPo3r9IZ+dXLi0cpE6L3UufvAXreYn7uv8/83ALe/u3g/VicbgMfGkJSRPH7rzBfwyyLr8P43mtElKTMFCm5OFXxRDAdVCudXqP5eOlVwtjYt91P/OcxEZhU8hFCXPltoF1UVm6FOOvkKE25nc1aMun+47/3TyfaNf/x3/snp4v/+O/5a9e0Ar58lO5x95G0kNfdpql2H/ez0KwJw4i+rtYUvpIRDvOr/L7X8KdPtOXzoo2O7bGuqrsHsTd1Orgy/2PvbVwDn4IMxm64CtP3JHY35FnN03Gktqc2wo41vp2Ptev7WLu39bE2dPuens9u3/Ppgdxg2/l7nyyka7enUS1gnht0mbon29Bp4qOY3N/9r0MIkX/febntcPvDGlj2k+fH3os/A6/mA5wZQ5yHO15i9L5ZN7h5kLFvWAx/9kVyLxLW7/0cSeGeL4V7P3wp3Ls9Ww5+/yMpTH8khTcOuSuF75Nc85+fDSn8epnGDd2+pxRGkoE9kD+Swh9JYff5cCn82oku//nZEMmvlwLc0O17imQkMdcD+SOR/JFIdp8PF8n7nYhxahf/fs5ixfu+MN7/xoTxi6gwbhj8bVl08PsfSWT6jUrkzw+J/PSjozfz4j/+e/7BNp0gWTshDq1Sytv+2WmZVWQy6DfKkv3ki58j8fzUF89JVs2rn2URbW9Jjdsy8OD3P5LX9Efy6g95sm6KZd40wxLL67cPPzo6+Y//nr9yKZaD3bvpP/q3Yamz/kf/uuU8fV7RUkuRnjz//GD3058Tqd29+9CXWqwX/f48Pb9/saRfLtrsAqP7xgT5fchxWz4e+PrH+vz9AVLLS0z3xhfF+Tcir2/IoaARXxb/6F+zTH/y7OUHj3bw+f+A8npBTtZf396eBN+U4hqQYl917f58VV27Ox8d/d45G90i/fb6ejmfZfTL070HOz9Himp35zaaKt3avfP7f3PrSAMkSLcpJPiP/56/vE3Lf+Jv+o//3r+UdNjiP/57/9wipX5/9zFP1C15eeDrHykvfn6kvP5/p7z6X+Dpf/747rpLTgfbrdR3X0sZFhO5mH320SJfrn//SdUaEv9Yf/FdPi4LMyklkfWjmPq0hP4obYu2JILSL1l9kRNpfn9a7z+n+KzOSBWQavh7/8o+mToE+LH36ryts1lu1OFtUPHzFz8ruEzWtyLJCadOFuvsZwUJ6qO8PRbwO39W0OgL4zAqT6uMlOfyYo6QbfWzgk6T15cF9P4tsKHYeUq6/D/+e//ynxVUMmLXolp2tJR+OozWP/YnkXVdpxfFP/oXf8NohYgUy7auhtH4vGCr3vJcrX9WMVHlO4zLcza3pFr+yJ9VPH5R3gzj8O3/+O/9Ewtyfv6xP+kf/Yu/adYN0Zjn5UY9S04XuOPvuRUWbEv8Ju/7OHujBhy2ZVUXl1mbw7SQx7179I/81enezs596LpJthwv83b8GyfEQX/PX86rOn/1Kp0jwG1tbqr5j//eP/lRuvvw07ufv9x+cpLOqvQJ8lc/+e03byjF9ff85SsCCL8XYMePJzX7JVdXV2PXBUXQfyvi57+YhHjJbIps9fr6P/57/9Cluq7tXILsYjlOfy/5HRbqj10jZ0Yu7Nv/+O/tgVhCXbb/8d/71xL8v3iKd/HR9Tj9vXPAJ6CSektBXBq7I5Alz7Rara5reA6WQieVfpK+qFpSUCmTbHcnnVynP7ncfgONMZ5Wiy7Iu5Nqds2/zNsF7Pf/A6ldSMbxVQAA" />
        <Entry handle="66" bytes="H4sIAAAAAAAEAO29B2AcSZYlJi9tynt/SvVK1+B0oQiAYBMk2JBAEOzBiM3mkuwdaUcjKasqgcplVmVdZhZAzO2dvPfee++999577733ujudTif33/8/XGZkAWz2zkrayZ4hgKrIHz9+fB8/Ih7/rk+/PHnz+7w8TeftokxffvXk+dlJ+tH23bvfvXdy9+7TN0/T3/vbb754nu6Od9I3dbZsiraolll59+7pi4/Sj+Ztu3p09+7V1dX46t64qi/uvnl19x1g7eJl/XW79d4cz9rZR0e/cfKYe3y3KJfNZxE4uw8fPpTXpXGezfBzkbdZitbb+S9aF5effXRSLdt82W6/uV7lH6VT+euzj9r8XXsXbx+m03lWN3n72bo93z74KL0LMG3RlvnR47vykz4oi+XbdF7n5599NB7fpf+VxaTO6uu7J69f323a6zIfT5vmo7TOy88+4r+beZ63H6Ut9avdcYO7t4P2+y/y5fobBjlZX//+TfZNY7rdlMXsvWA207pYtf53P51dZvLpR2lTT7t9/XRz96d/0Tqvr4UqP918RFMj7b8uPPn2GwElqH0zoKZZXa2bvCyLNu9BZN5eZguC9za/vqrqWeNxtBLXazTL5V0Sq367SdbkOrEqXGU1zcp51bR3i+Vs3bSEEsnlLL8LfO7qa3dV0AChml3zbzcNFu/9rtvbv3Fyvl5OgU36xRe//2VGbJO1+bOqXmzdSX9xevfu5f545zdO0rQ4T7dm1XRNk92OL/L2tMzx65Prs9mdX4wGaXqZ1WkxWo1+0Wi5GLV5046W68VoUSxHi+zdKK/rqm4++/jjUVZfNJ91ehvThwy7ORRg51WdbhWf7RymxeMtvDEu8+VFO9/eu0MfffLZPaCHTj7Dl98rPtn7/iFhUH42gOSWNPv+HYUvI6IXAGe5+Ix+G2OGDvlzfMEf0f/X+Z3flWaI2pk35V10PqZZyd99eb71cdGcLrKi/Jjabu8C5orft9//nh+7ng2E1ePd9Gd+hlp+hv7MAHfv3EmFWJ989vF2+vEny8UnH6cLmnzml6xYptkyzbfRXZrNZnXeNOPfd/mxB/6XpHlJnGSw/F0/+/jVxzzO9SL9LF1BtT4rq6zl8ffQKpoX2Qv+6mZEAHKS153+owRavsqWFznh8bt+lhoShU0edWiUpsQ80qZZT4j5i+XF1sFoRRxAHNX9YvXJbvd1YEEIPiYwIDS99Jj+vPWo0kneXuX5khoRBGqVLWf4PXv3ycfBiH8J/xfQfAwLdtxu7dxJP/ssZfpLr+kn9KfpF0DSXyJgfgm/K43upGQS6nbr45dlDp1ATEzoMDNaGllGJ1Gq83ZdL38S39MEKxDumJv/EvRx9+72NmsLq7wAhz6YFZdpMfvso0m2XOY1NMOP2c+KC/wtoxS1oj/e97/HdwnkkdcbrMbv77qULh6vS/u7Pj9G5i6dllnTiBLbXq9WeT0lqpAizlRbOu3IzDRezVe/x6KafVYs27r6yLxOdpPcDXYfSKAxzh/7vPiP/94/t0jbOf38I9emz8d3sy4aH4gIs9a03YTK8+If/WuW6Zzw+NlD4xflzSYUvv0f/71/YpFup//Yn/SP/sWrnz0s5nm52oTGm/o//nv/0vSi+Ef/ns1I0Kdl4XjnrjKPYTX+0Ge3bRVwx3E/RgzHXy+zy+Iigx38ghoKGj/2eMpyF+nYIkD9bxquG5gZ7pKMXVa6TuCfX5C7+x//vX9lAJjGG4zu1n2Le7Cqq9l62r4PJq//47/nL12mq/l//Pf81YtvEhXycN8HjZP5P/oXVaSPs28SB/aW3huJyT/6Fy+/SSwm64aYr2neB5OnVbacp8sLVlCroKsPxKbJ68timr8XMv/x3/vHTufp5X/89/7l3yQm2Zo90I6W0E9vxuof+5P+47/nL19DX/zF74vVXSvhJO2h/kjZNlpV4gddDv8PCjh/5J//yD//kX/+I/98g3/ufPOL33/voyNoJBK8RZqxSvA1UZNn9XTuK3NKOsxJjX50AQUkyQe8u/sRA9RfqyVN0KKgFERXvXxM6Yzdj0ekD0CcQxnB0KBYXRlcm3y7WIqH5X0G9OTDH6PPi+Vq3SpWpOyNhpwXs1m+FAz5YyapfZ31pkypQnDK07Y1gwX+lNMpfkC/79//KJ3nxcWcBrq3J/D5ewPwxx6Ti5BPDUr0nWu15+IT/3lccRbHdKse10dHvh/1+K40GrBBHRDwUj46cr7H+71NfpZ5mbynDe8+hjtEY3W07I79nh37PW/snf4yQjaVN3OeYfmNCCDQptWaoq/r9xvE7kdHPwlPp01fZI562nbIkHdg0Hy9IOr/9e0t3g9o4QcOjnUn67atltsc2fhMVyyyi1yThr7rT5rgPJvCvwLPjn96dWG5zPbgfkIOpfP57hEJ9xKEK6v6s49+/Bk9OzsfHb2sVuuSbPdrBpg3j/DWso20fvaMdMQX/+hffK0O4x+8HKUL/PnuH/17pqP0XZ4u/9G/ZHmhH779R//qapSOx+PUALxLODjkCKvbJEyjvraf1b06ryY/TTTu5k49lVEszytPY6ijV0Ng2ceTXAXE1Pt6kS9+/7K6MLpGnnjQ9mNC3+/m5bRa5GlbpZfLN8D23qc7Y/pIR+69gVfC5/F87+bQts4viqZFgPm4WFx0CXRmmYPa/f67zBvphHLGOc3gDtSbOK3UU0Rs5/eP0jck3xQPXHKuIBwDzSK1iLx3E85Kw3/sT/rH/lAKRZcQnZXE20MCF3/8STCOdfAxP90Z5Kknc1pckD2TtyL69hcuJ83q8Iuczf5Pnr1MfybVP6y3ro8vXFhLOtJPu32bYMzrTLmEsiB/ZtpyDgL//s3TtF1f/8d/zz+4jHCJPkOZgs1M8Ha+XpJdN4zgjBu/6mIT95Gnn362ZfPHfixUiYHosWRuu9lC2x9TeTb0rerffzeUzI3EmJNgbislropZOydj8Kmz2vj97pGwweNmRR629tO06GZjEubo2wQbHK2vT45SGuvE/Gle/XFSnp79vKn55hwDS9aqme7+wmI1/YwwZLW8mv+jf3Gb/mN/MkzccrCLftP0efUf/z1/cZGWlK2k9zD+oyCjqsSYkvfmczQR/bzIyxktpXoi0pVJSublF/lydvTigrULGQ+yHRQ7y6dB00Ej7D+P22xS5p5mGzL+7abkGp7b9Oaex+3sBr1bUAzx++8FXOa5hg9ZBb/fBN+TCaZ/abL15x4mPI1MYynTuDveZUXv87GENB/d5Oukafre/9/au/P1wCmn0c8W64sDrd4PNsGqA3U93NQ89Ar4KYoBuS4+g3spm8DBYMHYdm6GPIFOMyn6TjfhX6EKBgQyCb7H3rEQVlkHmvGd6STof55P37reA1+Tv8N76qO7v3lwu3v3XPhjzEgvDe66//29kMb/ikSHGDAmQesV5SNmjckrN3f36L92Tjy7pDQH/fn77+7svNvpeTRq18v8vNWsV9yLaubV6u6CLXpHxGa0dl6Uv7BYTD7b+4XZYnVoxO0zGsQig4RlTsD2Bhyox2U2ycujxT/6t6UtxWek4v7jv+dvJNmjtHsm3nAoqARH3uhb32DOeizldfm+I8U3Ms6PjogZL2juU9Y8FIfFh9XzUfszTQFc1PCaCdUo7fc/L7OLu5dF3hKDjVfLi3DqQtck6G9+L4jY6E/4Dh5uXZEJ3g4csjZqx4cJphIb8AaId4swzVkEBaJxmtC5j3DXy3TPwMBc4tj99v8/HXDP1wH3fg50wL2IDrj3DemAez/SAf8f1QH3fqQDfng6YN/XAfs/Bzpg/6Ojxl+77imE/W9IIez/SCH8f1Qh7P+/ViG4luE7fuwiyPjCKs+PSfzit/Hz9V67G3IvHBV/KkLbk9QuNO2Z2O6E0gR//DIiWNxkaIr7SPMkx9D+2nMWRfwWGBFbXQ1Krwz628TXf+gybWnsfyz9m1fpjGL65cWjlAnRe6nz9wA9bzE/999nfm4Bb/928H4sTreBDw0hKZvx+68wX8Msi6/DDKHXiChJuW1Sd3Gq4olgOqhWOr1GV/SkV8nAxb7tfuI/j4nApJyPKK2jvw20i8rKrRBnnRylKbez6x5Muv/47/3TiXbNf/z3/snp4j/+e/7addoWy0dwaGF++ollr7vbTLU1esHP0InJ6mpNCTMyxuH6DL/vNfzpE235vGijI3u89u0tHlJnyDWXxSDzv6+RDXwLMhe74Spu36PYHfAo/KfjUG1PbW4v1vh2vtau72vt3tbX2tDte3pAu30PqAdyg2Xn732ykKbdnkZ1gHlu0GTqnGxDo4mHYtYO7n8dQoj0+67LbYfbH1ZUyZjnx96LPwOf5gNcGUOchzvewsp9s+548yBj37AY/uyL5Psk+/znZ0MKv17mc0O37ymFkeRkD+SPpPBHUth9PlwK3yfd5j8/G1L49XKPG7p9TymMpAd7IH8khT+Swu7z4VL4tRNe/vOzIZJfLxW4odv3FMlIgq4H8v/7Ivkjkew8/y8QyfudiHE6/0f/oiqd/KN/8c9drHjfF8b735gwfhEVxg2Dvy2LDn7/IyOZ/kgibxxyVyI//ejozbz4j/+ef7BNJ0jVTohDq5Sytn92WmYVmQz6jXJkP/ni50g8P/XFc5JV8+pnWUTbW1Ljtgw8+P2P5DX9kbz6Q56sm2KZN82wxPI67sOPjk7+47/nr1yK5WD3bvqP/m1Y8qz/0b9uOU+fV7TQUqQnzz8/2P3050Rqd+8+9KUWq0W/P0/P718s6ZeLNrvA6L4xQX4fctyWjwe+/rE+f3+A1PIC073xRXH+jcjrG3IoaMSXxT/61yzTnzx7+cGjHXz+P6C8XpCT9de3tyfBN6W4BqTYV127P19V1+7OR0e/d85Gt0i/vb5ezmcZ/fJ078HOz5Gi2t25jaZKt3bv/P7f3DrSAAnSbQoJ/uO/5y9v0/Kf+Jv+47/3LyUdtviP/94/t0ip3999zBN1S14e+PpHyoufHymv/98pr/4XePqfP7677pLTwXYr9d3XUobFRC5mn320yJfr339StYbEP9ZffJePy8JMSklk/SimPi2hP0rboi2JoPRLVl/kRJrfn9b7zyk+qzNSBaQa/t6/sk+mDgF+7L06b+tslht1eBtU/PzFzwouk/WtSHLCqZPFOvtZQYL6KG+PBfzOnxU0+sI4jMrTKiPlubyYI2Rb/ayg0+T1ZQG9fwtsKHaeki7/j//ev/xnBZWM2LWolh0tpZ8Oo/WP/UlkXdfpRfGP/sXfMFohIsWyrathND4v2Kq3PFfrn1VMVPkO4/KczS2plj/yZxWPX5Q3wzh8+z/+e//Egpyff+xP+kf/4m+adUM05nm5Uc+S0wXu+HtuhQXbEr/J+z7O3qgBh21Z1cVl1uYwLeRx7x79I391urezcx+6bpItx8u8Hf/GCXHQ3/OX86rOX71K5whwW5ubav7jv/dPfpTuPvz07ucvt5+cpLMqfYL81U9++80bSnH9PX/5igDC7wXY8eNJzX7J1dXV2HVBEfTfivj5LyYhXjKbIlu9vv6P/94/dKmuazuXILtYjtPfS36Hhfpj18iZkQv79j/+e3sgllCX7X/89/61BP8vnuJdfHQ9Tn/vHPAJqKTeUhCXxu4IZMkzrVar6xqeg6XQSaWfpC+qlhRUyiTb3Ukn1+lPLrffQGOMp9WiC/LupJpd8y/zdgH7/f8A+h4uBjFaAAA=" />
        <Entry handle="65" bytes="H4sIAAAAAAAEAO29B2AcSZYlJi9tynt/SvVK1+B0oQiAYBMk2JBAEOzBiM3mkuwdaUcjKasqgcplVmVdZhZAzO2dvPfee++999577733ujudTif33/8/XGZkAWz2zkrayZ4hgKrIHz9+fB8/Ih7/rk+/PHnz+7w8TeftokxffvXk+dlJ+tH23bvfvXdy9+7TN0/T3/vbb754nu6Od9I3dbZsiraolll59+7pi4/Sj+Ztu3p09+7V1dX46t64qi/uvnl19x1g7eJl/XW79d4cz9rZR0e/cfKYe3y3KJfNZxE4uw8fPpTXpXGezfBzkbdZitbb+S9aF5effXRSLdt82W6/uV7lH6VT+euzj9r8XXsXbx+m03lWN3n72bo93z74KL0LMG3RlvnR47vykz4oi+XbdF7n5599NB7fpf+VxaTO6uu7J69f323a6zIfT5vmo7TOy88+4r+beZ63H6Ut9avdcYO7t4P2+y/y5fobBjlZX//+TfZNY7rdlMXsvWA207pYtf53P51dZvLpR2lTT7t9/XRz96d/0Tqvr4UqP918RFMj7b8uPPn2GwElqH0zoKZZXa2bvCyLNu9BZN5eZguC9za/vqrqWeNxtBLXazTL5V0Sq367SdbkOrEqXGU1zcp51bR3i+Vs3bSEEsnlLL8LfO7qa3dV0AChml3zbzcNFu/9rtvbv3Fyvl5OgU36xRe//2VGbJO1+bOqXmzdSX9xevfu5f545zdO0rQ4T7dm1XRNk92OL/L2tMzx65Prs9mdX4wGaXqZ1WkxWo1+0Wi5GLV5046W68VoUSxHi+zdKK/rqm4++/jjUVZfNJ91ehvThwy7ORRg51WdbhWf7RymxeMtvDEu8+VFO9/eu0MfffLZPaCHTj7Dl98rPtn7/iFhUH42gOSWNPv+HYUvI6IXAGe5+Ix+G2OGDvlzfMEf0f/X+Z3flWaI2pk35V10PqZZyd99eb71cdGcLrKi/Jjabu8C5orft9//nh+7ng2E1ePd9Gd+hlp+hv7MAHfv3EmFWJ989vF2+vEny8UnH6cLmnzml6xYptkyzbfRXZrNZnXeNOPfd/mxB/6XpHlJnGSw/F0/+/jVxzzO9SL9LF1BtT4rq6zl8ffQKpoX2Qv+6mZEAHKS153+owRavsqWFznh8bt+lhoShU0edWiUpsQ80qZZT4j5i+XF1sFoRRxAHNX9YvXJbvd1YEEIPiYwIDS99Jj+vPWo0kneXuX5khoRBGqVLWf4PXv3ycfBiH8J/xfQfAwLdtxu7dxJP/ssZfpLr+kn9KfpF0DSXyJgfgm/K43upGQS6nbr45dlDp1ATEzoMDNaGllGJ1Gq83ZdL38S39MEKxDumJv/EvRx9+72NmsLq7wAhz6YFZdpMfvso0m2XOY1NMOP2c+KC/wtoxS1oj/e97/HdwnkkdcbrMbv77qULh6vS/u7Pj9G5i6dllnTiBLbXq9WeT0lqpAizlRbOu3IzDRezVe/x6KafVYs27r6yLxOdpPcDXYfSKAxzh/7vPiP/94/t0jbOf38I9emz8d3sy4aH4gIs9a03YTK8+If/WuW6Zzw+NlD4xflzSYUvv0f/71/YpFup//Yn/SP/sWrnz0s5nm52oTGm/o//nv/0vSi+Ef/ns1I0Kdl4XjnrjKPYTX+0Ge3bRVwx3E/RgzHXy+zy+Iigx38ghoKGj/2eMpyF+nYIkD9bxquG5gZ7pKMXVa6TuCfX5C7+x//vX9lAJjGG4zu1n2Le7Cqq9l62r4PJq//47/nL12mq/l//Pf81YtvEhXycN8HjZP5P/oXVaSPs28SB/aW3huJyT/6Fy+/SSwm64aYr2neB5OnVbacp8sLVlCroKsPxKbJ68timr8XMv/x3/vHTufp5X/89/7l3yQm2Zo90I6W0E9vxuof+5P+47/nL19DX/zF74vVXSvhJO2h/kjZNlpV4gddDv8PCjh/5J//yD//kX/+I/98g3/ufPOL33/voyNoJBK8RZqxSvA1UZNn9XTuK3NKOsxJjX50AQUkyQe8u/sRA9RfqyVN0KKgFERXvXxM6Yzdj0ekD0CcQxnB0KBYXRlcm3y7WIqH5X0G9OTDH6PPi+Vq3SpWpOyNhpwXs1m+FAz5YyapfZ31pkypQnDK07Y1gwX+lNMpfkC/79//KJ3nxcWcBrq3J/D5ewPwxx6Ti5BPDUr0nWu15+IT/3lccRbHdKse10dHvh/1+K40GrBBHRDwUj46cr7H+71NfpZ5mbynDe8+hjtEY3W07I79nh37PW/snf4yQjaVN3OeYfmNCCDQptWaoq/r9xvE7kdHPwlPp01fZI562nbIkHdg0Hy9IOr/9e0t3g9o4QcOjnUn67atltsc2fhMVyyyi1yThr7rT5rgPJvCvwLPjn96dWG5zPbgfkIOpfP57hEJ9xKEK6v6s49+/Bk9OzsfHb2sVuuSbPdrBpg3j/DWso20fvaMdMQX/+hffK0O4x+8HKUL/PnuH/17pqP0XZ4u/9G/ZHmhH779R//qapSOx+PUALxLODjkCKvbJEyjvraf1b06ryY/TTTu5k49lVEszytPY6ijV0Ng2ceTXAXE1Pt6kS9+/7K6MLpGnnjQ9mNC3+/m5bRa5GlbpZfLN8D23qc7Y/pIR+69gVfC5/F87+bQts4viqZFgPm4WFx0CXRmmYPa/f67zBvphHLGOc3gDtSbOK3UU0Rs5/eP0jck3xQPXHKuIBwDzSK1iLx3E85Kw3/sT/rH/lAKRZcQnZXE20MCF3/8STCOdfAxP90Z5Kknc1pckD2TtyL69hcuJ83q8Iuczf5Pnr1MfybVP6y3ro8vXFhLOtJPu32bYMzrTLmEsiB/ZtpyDgL//s3TtF1f/8d/zz+4jHCJPkOZgs1M8Ha+XpJdN4zgjBu/6mIT95Gnn362ZfPHfixUiYHosWRuu9lC2x+zEm0oXNW//24omxvJMSfR3FZaXBWzdk7m4FNnt/H73SNhhMfNinxs7adp0c3GNMzRtwk2eFpfnxylNNqJ+dO8+uOkPj0LOtCcFexq/o/+xW36j/3JMFbEGMDH1+seGabkUTGXwXkr8nJG65oev3YFhDJr+UW+nB29uGBRJ01OipwCWfk0aDpoEf3ncZtNytxTM3EWpnabMl14btObex63sxuUYEEO/e+/F0y456c9ZH14u4wO67FVM937hcVq+tku/dtMdz/bNdYwmKz0efUf/z1/cZGWlPldsr71mUkii49ucjlu8WzdS++8/+vKSvSzxZJerEn6vmgRrDrQkMNNzUOvgGuiGJC34LPxb4wlAasnArPOrL/tjLs8gSYxifFOT+FfoeIDBFLEvp/c0ct9WKFeeme6CzCZ59O3Do/A1+Pv8J76yO5vHubu3j0Xfhg13ktDu+5/fy+k8L8iaSHOiwnNekX5gFlj8rrN3b27u3fbOTHrktIMzd3d3393Z+fdTs+jULta5uetZp3iXkwzr1Z3F2xRO1I1o7XrovyFxWLy2d4vzBarQyNhEK8gZ7zIIGmZE7TdAW/mcZlN8vJo8Y/+bWlLAEjF/cd/z99IEkg58Exc01BgCY680TeFwQT2OM3r8n2HjW9k0B8dEY9eECOkrHkoKIoPq+cw+k+XASiuilpDM88aPP3+52V2cfeyyFviu/FqeRHOaOgxBP3N7wWBFP0Jk+5h2ZWp4O3AT2qjxnWYdCrSAcuAWW4RPTnboEA0fBKK9xHuOn/uGRiYy+e6IOf/j8phz1cOez8HyoEG0dMHe9+QPtj7kT74/7w+2PuRPvhh6oN7vj6493OgD+5F9MG9b0gf3PuRPvj/vD649yN98MPUB/u+Ptj/OdAH+x8dNRuDh/1vSDns/0g5/H9eOez/v1Q5+C3Dd/wkiCDji608P/ZjvTb+cpvX7obEKefRPhXx7clsF5r2TAx4QonFP345sNrwY0NT3EeaJzmG9teesyjit8CI2OpqUI5l0N8mvv5Dl2lLY/9j6d+8SmeUDVxePEqZEL2XOn8P0PMW83P/febnFvD2bwfvx+J0G/jQEJKyoL//CvM1zLL4+vffHSY0LU2R4otTFU8E00G10uk1uiAvvUqGPvZt9xP/eUwEJjV9RIkm/W2gXVRWboU46+QoTbmdXbZk0v3Hf++fTrRr/uO/909OF//x3/PXrtO2WD6CJYMh6q8Led3dZqqt+Qt+hu5MVldrSrGTWQ6XV/l9r+FPn2jL50UbHdnjtW958ZA6o6Wix2UxyPzva24DL+NDEpP+03Gttqd2TSDW+HZe19dL2W7o9j19oUgitQdyg2Xn732ykKbdnkZ1gHlu0GTqnGxDo4mHYhb+7n8dQoj0+67LbYfbH1ZUyZjnx96LPwOf5gNcGUOchzvequh9Xibj5fohbIfnlAgEMfzZF8n3SQf6z8+GFH693OiGbt9TCiPpyx7IH0nhj6Sw+3y4FL5PEs5/fjak8OtlJDd0+55SGEka9kD+v1MKb0eIH0lh9Pl/gRR+7dSX//xsiOTXSwpu6PY9RTKSquuB/JFI/kgku8+Hi+T9TsQ4nf+jf1GVTv7Rv/jnLla87wvj/W9MGL+ICuOGwd+WRQe//5FEpj+SyBuH3JXITz86ejMv/uO/5x9s0wlStRPi0CqlrO2fnZZZRSaDfqMc2U+++DkSz0998Zxk1bz6WRbR9pbUuC0DD37/I3lNfySv/pAn66ZY5k0zLLG8ovvwo6OT//jv+SuXYjnYvZv+o38bFj/rf/SvW87T5xUttBTpyfPPD3Y//TmR2t27D32pxWrR78/T8/sXS/rlos0uMLpvTJDfhxy35eOBr3+sz98fILW8wHRvfFGcfyPy+oYcChrxZfGP/jXL9CfPXn7waAef/w8orxfkZP317e1J8E0prgEp9lXX7s9X1bW789HR752z0S3Sb6+vl/NZRr883Xuw83OkqHZ3bqOp0q3dO7//N7eONECCdJtCgv/47/nL27T8J/6m//jv/UtJhy3+47/3zy1S6vd3H/NE3ZKXB77+kfLi50fK6/93yqv/BZ7+54/vrrvkdLDdSn33tZRhMZGL2WcfLfLl+vefVK0h8Y/1F9/l47Iwk1ISWT+KqU9L6I/StmhLIij9ktUXOZHm96f1/nOKz+qMVAGphr/3r+yTqUOAH3uvzts6m+VGHd4GFT9/8bOCy2R9K5KccOpksc5+VpCgPsrbYwG/82cFjb4wDqPytMpIeS4v5gjZVj8r6DR5fVlA798CG4qdp6TL/+O/9y//WUElI3YtqmVHS+mnw2j9Y38SWdd1elH8o3/xN4xWiEixbOtqGI3PC7bqLc/V+mcVE1W+w7g8Z3NLquWP/FnF4xflzTAO3/6P/94/sSDn5x/7k/7Rv/ibZt0QjXlebtSz5HSBO/6eW2HBtsRv8r6PszdqwGFbVnVxmbU5TAt53LtH/8hfne7t7NyHrptky/Eyb8e/cUIc9Pf85byq81ev0jkC3Nbmppr/+O/9kx+luw8/vfv5y+0nJ+msSp8gf/WT337zhlJcf89fviKA8HsBdvx4UrNfcnV1NXZdUAT9tyJ+/otJiJfMpshWr6//47/3D12q69rOJcguluP095LfYaH+2DVyZuTCvv2P/94eiCXUZfsf/71/LcH/i6d4Fx9dj9PfOwd8AiqptxTEpbE7AlnyTKvV6rqG52ApdFLpJ+mLqiUFlTLJdnfSyXX6k8vtN9AY42m16IK8O6lm1/zLvF3Afv8/KzAn//BdAAA=" />
        <Entry handle="64" bytes="H4sIAAAAAAAEAO29B2AcSZYlJi9tynt/SvVK1+B0oQiAYBMk2JBAEOzBiM3mkuwdaUcjKasqgcplVmVdZhZAzO2dvPfee++999577733ujudTif33/8/XGZkAWz2zkrayZ4hgKrIHz9+fB8/Iv7oly8+/42T3yH5NX6NX+M3Pvv201f0M8X/f4Nfj/5tfvCDX/5r/Bo/9jucPT1+8+7f+cu/e12++Sd/5//rnz+8/Pv/g1/xg8Xf92/9nn/Mr/kn/xbLP+Z3/g1+q1/rzm/3e53+bW9+3a/+sV/4+X/+az38c37Pv/TVf/PyO3/Q6tt//Ld/35/4qb/kj/o3Zv/07/JHn/4Wf9Rvtbpz5z/+a15P/6H7L+/8dn/mb/bb/v5/7L/5b/1+/+M/MP3f//m/71f87//QV7/l+i//nx//g3/+n/0//urv/4fVn/Ev/5v/x9/2hz35TX/7//m/mp1++dtPf9Env+df9if9NX/L5W/z3xYvf9+/4O/5A37iX/4Vf2PzC371t/7Yf+TiX/wvLv/C//Nv+71/w9n4u/Xf8lfmf9zv8J//K//Kv/pH/77ji+PHL37yd3vy3//+n/4T//x/8Vf8VPIffvaf/AX/92pr+i9Mf+P/+7f9Nf/dv+P//OO/9+n//Yf83a//gt9+9w/8pb/e73j4Zzz/g37q7/ji78izX/PqN/mJ3273q9/9iz/4we/5Ryw/ffnL/u17//1fd/j3/B5/1/Sf/AX/xO/9n739Led/7V/z5/yOd37xf/p7Xv5+/8Fs8U//Fr/+we/wW/91//vl//wPvP69/5M/8Nf7Lf6Yf/JkfPyX/S1/yk/9tXd/vy9+yX/8Z9//v/7I//Iv+D//mV/npz75Pf6v7N2/+Rf8L3/A8fFf83eUv/3v8ysf/VHfu/wtqr/q1/63/qOL09/9X/8Ln/0zf/OfuPXq9/ntf0X57/1vf9g/+Df9T3///332F/2tf8V5MT37p3/1X/2v/pVv/4G//e0/lfyRf/Sv/Wf/pj/1T3/x0fYf9Wv/T//BT/8Tf92v+FP+gD/6z/5nP75/70/96x78h3/ZX/Dn/A7/7C/+A/7v3/Tvu/5b/4T/67u/1h/1q/6w3/EP/73Gv/eD/+bX/n3+xn/wxeXo2b/3P/ytf98/+Ou/++P+qXv/7L/9C/7GX+vP+h1/xT/0vz/+lw9/qz/sD/u7//1Z+e6P/rf+rd0/+Zf/p//kf/kf/ft/+6/+DVb/wp/+B/6f/8fFX/mX/IP/9q/+q/7bX/Vf/lMPql/w+/6BX/4h/8Hnf9Dhn/GL/8y9h5//Hr/Wr/nvXn98XPxHf93//q9s/dL/63f6u//ZX/p7/RP/+6+4+LV+8a8cP5381K/9Gzx98Rf83r/kV3783/4zf+7v+DsW/9jf+Hf+Zicf/dt/xsP9X/M/+zP/r1/jx//Hv+XX+YP/0j/vr/ver1H/+1/+nkf/7bf+5vlvuq7+3We/z8Mf/6f+rX/w//6r/7V/5B/5PX73H/uHfvB//hd/4l/41/0Pj3/vo/tHP9j/dX+v7/xOq1/nH/w9/uC/7Nf+e7Jf8mv+pX/aw+cf/Xa/7cGv+J1+/T/4zf/xz/7qP+g//wNe/H5bf86zz6q///Q/+CN+vb2/8Ad/y/j//I9+l4t/5Df8RWfpT3337/y7ftG//tf8M//FJ9/99r/4z//lf9yf/sk//ekf9itOfrNv/12Pfslf/+SnfpPf9zf9rf7eP/2v+sV/4W/56/1hv++v9dee3d35I/+ov+H13/eX/CF/1T/wF/wf/+pf8Sf/Dslv/d+8/iv/gj/p1/kf/rv/4Pf5N/7u5ld++ec+evTt3/jXu/Of/uJ/9p/67/6T2Z/7+/4Ff8rvlv7kSfLvvf7t8vIP+E1++z/rr/uH/pd/4bO/6o/4Y/+qP+5fO/q1fsl/9Gf9/X/cH/eb/om/RfXTf8lf9B9++dmf++l//3ttb/+Sv+Af/uf/un/g7/q7/ppPfqt/5h/89f/V8vSv/Of+kl8r+a3+8t/i3yx/t49+g3/rn7tz+g//Y7/n//H59I/7+J+c/Na/zuN/6g/+wX/39//j+S/45f/mr/tfHP8ak2/9z3/nXzr7BX/Dr1P8of/Hy3/53S/6Ret/5y8++Vt/u+/c/d/+xd/9113/+X/g0W//xx2/+OJn/utf9V/MvvP7H/16yz/hTz36E/7kf/s3Wf2hZ1/+Br/yT73z6/2Zf/vfOE9/jea3vnv+b/6fr/7x/3Fr9mf+3X/U7/J3n/6vv+Knfre/7MXyH03/1j/gF33vP/rf/uizf+TX/k3/9X/hz27+7l/9j/y6f+av+Ws9+S9/7Lf+j377B3/67/33fOcP/i1eHM3+3t95/dO//z/25/3VT979Gn/W7/Zr7P01f+pv+qfkf8xv+Wv/t5/93r/fr1f8CX/R1b/2b370Mz/xV/+G3/oN/qfPf8Hur/Vf/gtf/La/4M+6/N3v/o1/xd/7VzzbPf41/qfZP/wb/tRP/jb/9T/6+Z/87xd/8q/8e/+4vd//H/snnv95/+GPpZ/9mn/eb/ev/Jbf+Ut2r//mv+J3/p//g7/hN/sb/6Df4n//h/6yX/F7/SX/xW/z1/2rv9P3f41f8xf/F8//guv/65c///X+9j/39z28+h/+8n/hv/npv/7P/IN+pz/k15m9+Q1/nX9q+V/+Z8/+uXsP7rz8Pcb5p8Xf/1/8Z3/wP/Xp8T/29/1DW7/fH/PL/95/5m/6XVa/83//j/07/8jf8r1v/dF/07d/rV/1q37y2Vf/+m/0H//BP/F//95/19/0P/wH//W/+l8/+z1+rb/l//g9n/yKH5z9sus/+o/8NY/+1Pl/9pv/xL/7R/9dv9d/+1v+DV/+YX/F293/68/7/I/+9RaTP//7f1mb/Uf/3v/1z3/nt/1df++/6S/6R//A/+Zfm/3Jv/b//rf/1p+M12/ePP9jfuFv8Bv9Vb/kP/vDDn6N//PP+lv+jf/2T/vbT9rRr/kn/Mof/CP/+z82+S9+/I/5P7/zuzZ/5B//03/Un/rRb/Sb/f3p7/qdv/93+U1/g9/uk5/8fX+vP/BX/vv/9Z/yr/3z/8q/cvIn/5u/3ye/yW94/sf9xmn6Z/+n/8mv+Zf+13/wX5pc/y6nv8+v+KP+uj/yk7//8b/9Z239ERd/39/6L/6ef/XvcvLf/c2/+Xf/9r9s9CvfPvqtfs/f/ZeX7/7nv6n6L/+Hj37VP/B//mv/9Fe//5/21z3899r/9I/4t+7/nr/qP/u1/rbf+F/8Q/+4Z//3v/43/77/7H/26k/66Hf8rX7sP/oP3/5e/+31r/+n/pJ/98/6pP41Pv+vf+3Dv/T/+If+qT/uf/5P/+nHf9M/+G/9n3/+H/Kyuvsb/L4/9Q/8H//O3/+bHv1Tv/lP/Uu/y5/3T/++6T/zgz/jJy7/7Nf1s/v/8r+/Tn77P/Dzx3/47/XL/qif+Qf/yN/gP2+uf8O/6d/4Q/+N3/E/+8P+qF/vf/2Zv/jX/Cf+l//xQf47Xf+BH/3gH/73/7OrP/7X/02Xxb//t/3Xf/ofePKtP/3X+bGzP+jwj/kzf8Pf/Pf63j9352/5E3/iVz/7u36b3/if/ssf/il/7R/zz/7Yb/Uv/q1/7p/6v/5av9v/8bv9Ab/tn/r8zV/9O/79/8GDL/6Zf+Zf+Cv+gu//vb/f//z4//zl/8Y//Cv/4N/zv/9v/pPf60/+O0/+7p/4RX/jdPRf/9L/8e/8zf7v3/QXHf56q3/z8E/413/wa/2+f+nv91s8/xf+9+/8Gv/jP/IP/x7/yO/7xat7v8V/+af+pr/OH/dP/i7/4J/+2yT//G/2b/yr6f/48nv//MXvVf2Nv/h/+L3/2f/wr5mND37sN/hn/8E//uNf/of9b/nv/Rv/Vn/8b/zr/Jn3foM/9g/5zf6Dl3/FH/L3/S6/7Hr8e/2pH3/n7vp/Lf+WX/nff+/P+FP+wj+w/D3/hF/xf/97v8nv/IO/+5f86r/28M/5G37/P/M/+V3/3b/mT/81fq3/5df4l/6v/+jv/wt+s9/94pf/fk9/p9Vv/B/9wX/0b/lXv23+69/m9/+X/5v//v/8n/+Iv++3vvoHfst/51/5m6b/5b+x+v7v/Fvmd3769/mDfqNf9+jP+j3/l9/mT/uXfrMHf9s/dJgn3/39/q///NO/46+Z/7d/wF/3D/86j3+7XzP59f7+//xf/Bv+/cf/6Z/65R/739+7+NfGv+vWf/JH/pPpb3HyU3d/y9/2X/9D3v36f9H/+S9f/7K/7k/8bf+5w7/vf7n6A/+tZ9vb3/9L/puz3+YX/S5/8G/1xb/6V5z8KR//Ja//8/T3+Zn5s//kr/sT/pKP/5h/8m/4ib/9D/mTv/oL//i/+Tf7U37Bb/ab/45/2+/3J/4Gq9/+F/8Pv9HP3K3/hd/0D8j/kV/n7zn6xT/5j774V/+a3+hP/zP/w3/sv93/7bIf/1WP/uB//df56/7av6L4/Y7/0H/lt/k1/rbf4Df8e37Lf/RP+xd+y3/zF/0L07/hF/2nv/zP/G22/5w3v90f+5//8X/V3/gvfvH3/pLvffff+XdW//Qf99Hx4r/+dX/n/+AX/cV/+N+a/aN/1fQ/+w1+2f/6v/3Pv/FvvfyV//h3/+/6r/kX/q//o/m1/6Llv/xH/Ja/yW/xvVX1W/w9Z6/+qMf/5+M/afvx7/niL/+n/4flH/0fPP/XTv7tf/u/+Uv+vr/vP/pD/uN/9B/4n9P/8uE/Oj3/wXce/xe/zXd+l6u/9z/J/sy/9//8HaZXL/Yf/IH/89l6/Rvev/9H/5I7f81f87/+fr/p6Z/7m8/+nj9o/fn/8ekf9OuPf9N/4df8h0ev/81f8fw3+6f/of/pN3xy8Gv/n//o6lf8s7/9n/63/C3td75Y/1Z/7d/77/4l/8ZP/qM/8Rv/lf/dL3r2O/17f+k/8p//dr/zX/I//KJnv91/+If/ln/Bn/EX/t+/xh/6B/+b9+/9k2/hMv0aZ6cvnv4NT/6AP+T/ATMC6UdTCQAA" />
        <Entry handle="63" bytes="H4sIAAAAAAAEAO29B2AcSZYlJi9tynt/SvVK1+B0oQiAYBMk2JBAEOzBiM3mkuwdaUcjKasqgcplVmVdZhZAzO2dvPfee++999577733ujudTif33/8/XGZkAWz2zkrayZ4hgKrIHz9+fB8/Iv7vf+v//o9+jd/sO8/Onv0av+av+Wv+Gt+m/36N//vf/TVOfo1f79f5dX6dX/fX+fV+3V/31/uxX4/+/xv+Br/er/cb/Ia/UZL8hknyG/1mvxE/v9lv9Jv8pr/Zb/qb/Ea/5W/5W/1Wv+Vv+Tv9jr/j7/g7pfYBkF/z1//1f/3f+Df6jX+73+w3++1+h9/6N/+tfwf37S2f//sf+jV+89/g1/itfo3f6tf+NX/zX+PX+s1/zV/7N/81/+9/7Nf47X6NX+PXJly959f5dX/9X+vXo2++9Zv9Gr/mr/Xr/tq/9q/165tvfs1f69f+dX7dX+83/y1+jd/yd/31945/q9/6o99td/8nsj+E2v72vyag+GCo5a/1awJM+pv/Gr/mr/Nr/Vq/tvvy1/w1fq1f+zf/dX6LX3f3dz3+RT/xf/87v8ZvRN/9Wr/5r/2b/xq/x6/xV/5Lnx39lf/l/v/+n/4VZ7/kF33rl/xLf/rv/itf/lqfz3/sO3/Qv/mX/GcPf/sf/1N/8l9/+ct/q7+v/Mm//+94tfzT/+VX//V/8lf80l/2D/xPf+Rv9N9Nftkf9Xdc/+f/zumvfvbn/OfNn//b/D0v/95f8T//+r/h73T0v579l3/L35E3//Wf9hv+9v/75eS3+u1+w5/4fX6Dv+lv+nv+hvbfePxXfPvf+U//7d9g7953f7O/uv3++KPi3/j9f+Vv8G8t/oXLv/g/+If/gVcP/4n/YP3rP/jk93n7k3/hX/zqn/wj/u1/++Rf/tv+jv/lL/m/lr/wN/2djv71f/7v+xv/zKt/43/9n//6/yL/6t2v/9/8c7/Zr/y3ft/F21/zv/rpX//f+ve+9w9cff/h9u/7F7z5mb/g/utf74u/9Nf9+E/6d+pv/f7/2u/zf/wDP/ZXHbR/029f/K4/9vd89Ut/3b/hl979N/7Ij3/H3/HfP//v/voH2//8b/V3/sb/2h/9yz/93m988peO/9vf/Zf+Hn//L/r3Zhd/7/d/++Xv8kf/bv/D+rc9+ON+xS86+z2vfqcX/1b6C87+wd/t/2r/vd/sN/h3T/6y3/53u/vpd//vf/v/AXvL8bd6AgAA" />
        <Entry handle="62" bytes="H4sIAAAAAAAEAO29B2AcSZYlJi9tynt/SvVK1+B0oQiAYBMk2JBAEOzBiM3mkuwdaUcjKasqgcplVmVdZhZAzO2dvPfee++999577733ujudTif33/8/XGZkAWz2zkrayZ4hgKrIHz9+fB8/Iv7vf+v//o9+jd/sO8/Onv0av+av+Wv+Gt+m/36N//vf/TVOfo1f79f5dX6dX/fX+fV+3V/31/uxX4/+/xv+Br/er/cb/Ia/UZL8hknyG/1mvxE/v9lv9Jv8pr/Zb/qb/Ea/5W/5W/1Wv+Vv+Tv9jr/j7/g7pfYBkF/z1//1f/3f+Df6jX+73+w3++1+h9/6N/+tfwf37S2f//sf+jV+89/g1/itfo3f6tf+NX/zX+PX+s1/zV/7N/81/+9/7Nf4bX+NX+PX/jV/Df/5tX/dX+/Xpy/Gv9mv8Wv9mr/Wr/Xr/diva774NX+tX/vX+XV/jd/81/stf9ePjn/i1/8tfqvf5sd33/wp/8pv++T1n/yvUvvf/tf8NX6tENKv/ev8Wr/ur4c+tn7zX+PX/LV/rV/717eQfg20/c1/i1/nt/pdf93fevcnsn/5f/rxP/hP/pv/lv/73/k1fiOC8Gv95r/2b/5r/B6/xr80+v5v8xP//t/2e/8Hf/nf/ZOnr9O/av1HfPo7/M1/7VWy90/9eX/nL/qr/rHFdz/f/jP+jj/nW+/+p+N/7u/5K/6ai//63/iTf/Cf/u9/3f918Ivf/ZP/7C/79+/+6Ve/xz/wT+392//t9t1/+6/5z/+Nf+rqH333F3x+/vt96y9d/ed/yKfZL/xL/8U//Lf87Zd/+Nt/55Pzv+CL3/Cv/OT3/4nkn/61//wnP/2//7n/9i978u++++//ibe/7c5v+ef/+r/14jf6pX/hb/FXHv6Rd//zL8t/8Dc6/At/2dN/4Pd5Xtz/y/7dT/6VP+9vWv5tx7/s1/wj/9zf/Ff+mv/sb/Pb/T7V4gd/+Xn+l+/+xf/1b/N//xqnx7/1b/TJr3/xh/86P538Hde/5p/x7/8PB7/2/1ou1//E3771x//jf1fyu/7K/+G//q//6r//b/xl/9jf+Ysf/oWf/Zn3Pv5LXl/+vV+2f/VP/dH/8m/+p/9av+Zvl85+7PHv1fyjO//Ij/9Wv8GXv+Qf/wP/73/7/wFznRZvWwIAAA==" />
        <Entry handle="61" bytes="H4sIAAAAAAAEAO29B2AcSZYlJi9tynt/SvVK1+B0oQiAYBMk2JBAEOzBiM3mkuwdaUcjKasqgcplVmVdZhZAzO2dvPfee++999577733ujudTif33/8/XGZkAWz2zkrayZ4hgKrIHz9+fB8/Iv7vf+v//o9+jd/sO8/Onv0av+av+Wv+Gt+m/36N//vf/TVOfo1f79f5dX6dX/fX+fV+3V/31/uxX4/+/xv+Br/er/cb/Ia/UZL8hknyG/1mvxE/v9lv9Jv8pr/Zb/qb/Ea/5W/5W/1Wv+Vv+Tv9jr/j7/g7pfYBkF/z1//1f/3f+Df6jX+73+w3++1+h9/6N/+tfwf37S2f//sf+jV+89/g1/gtfo3f9Nf+NX/zX+PX+s1/zV/7N/81/+9/7Nf4bRhV//n1fp1fnz7f+s1+jV/r1/o1f+1f69f59c3nv+av9Wv/Or/ur/Hr/ea/xZ/86/+We8e/60c//rvtvv6DqeVvR+//2gGIX/fX/LV+vV+bvvldqJ9f89f5tT34v+av9WsQkN/8d909/i0++r//nV/jN6L3fq3f/Nf+zX+N3+PX+Df+zl/vP/vbz3/lv/+P/etPf/2/4Tf43n/01R9YHf2XX/7Uv/tX/X4P/+xf/c/8D9/7C+7/axd/2y/77t/yp/35/8N3d/6+2a/7J/0Jv85f8/nv+g/9r//yd9/86b/j/3L12/7tf82/8A/+xX/pr/Hun/3JfyW/8++lf8yf8mTyyz7/j36P7z7+Xf6LP/0f/a0OX/97v+3RT6e/yV/6B1xt/du/4Mdn//1/XkzKX3X31/yj//Tf57Pf/+zhr/O//uvV//zXnv1e/+O/ffDX/ct/1x/4J/4p+z/+9/1nv+if/f3+ke/8xf/qX/mv/KN/8r/1X+2c/zG//T/2L//lv/O/9D//m3/87/KX/R//zB/zm/6S9uLjf/v3/IOuf4//+9/+fwC3Oo+1+AEAAA==" />
        <Entry handle="60" bytes="H4sIAAAAAAAEAO29B2AcSZYlJi9tynt/SvVK1+B0oQiAYBMk2JBAEOzBiM3mkuwdaUcjKasqgcplVmVdZhZAzO2dvPfee++999577733ujudTif33/8/XGZkAWz2zkrayZ4hgKrIHz9+fB8/Iv7vf+v//o9+jd/sO8/Onv0av+av+Wv8Gr8m/fdr/N//169xePLq9PjNl68epRez7Z9e5Rfp5e54J91aN8XyIj37zufpd16efp5efrp3Z5T+onVWFu11+ll6sJP83//ur3Hya/x6v86v++v9ur/Or/fr/bq/3q//6/96v0HymyXJj/1Y8lv9Jr/pb/Sb/ba/1W/32/22v9Vv89v8Dr/z7/67/A6/44//Tr/Nb5OO0h//hR/f+dad3/532d7Z3tr53bfubAHIr/nr//q/fvIbJL9lkvyWW7/Db/M7bL3383//Q7/Gb/4b/Bqnv8bs1/41P/o1fq3f/Nf8tX/zX/P//sd+jd+FBvnr/pr8/Br6/Jq/1q9N+P76v8GPJb8hNfjbf7Nf49f6NX/tX/vX+nV+7V/31/11fh369pfQ97/Gr/Ob/7q/xe+6e/zr/ZY/kf36H/2i32rvD/6T/+Lf4Mef/M3/8G/96l/+n363e5P6D/mx5Lf5bX+73/53+N1/4cdbd761f//TBwcPH508PX32+bfPvvP6zVc/+d3f+/f5qeksP7+YFz/dtOvLq3fXP/hD/7A//I/4I/+oP/qP+VP+1D/tT/8z/sw/68/+c/6Sv/Qv+8v/ir/yr/qr/5q/5W/92/72v+Pv/Lv+7r/nH/lH/7F//J/4J/+pf/qf+Vf+1X/tX/83/s1/69/+d/7j/+Q//c/+8//iv/yv/uv/5n/+X37ZL/8V/+uv/N9+1f+Ocf2av8av/WuaJzqu35zG9Wv9Or/Or/3r/PoY16/5a12hwW/+6/y6v+vur/dbHP/Er5/9ot/yo70/+Df4rZ78yX/x3/wP/9iP33v1P/3Wk/pfTn6b323/P/7d/2cMjUd2u4H9IV9rZHZgblz/zq/xG/3avyZN3q/9m/8av8ev8T//93/s//kv/6qf+Jv/wL/n9/jWf/Bnns1++/SP+a//wq/+1f9j53tf/qH/6E/+tq/H/+HeL/4vi6uD//Hv/IN2/4I/5G/7zn/+C37wJ/3Zv+Nv/k/83v/7t/6Lv23x+OFf9/v9Ztv7v/hX/dH/9d/yb/8Jf+B3/tv8f/vL/5OD3/af/Vd/kz/7r3j2aPsv/2PGv8fjf6P8v3+N3+JnpvV/dPafHP5Lv+n8H/n4f/mpn/njfr3v/R8H//Pv+4/9gf/YH/K/3v+HD/+yP+oP/r/u/4l/1burr/7VP+9v+Iv/8n//e7/5P/3Lftcf/7X+/r/3P/7D/s4f/Cef/PSf82f8lYe/5b/2H3z7H/yn/pj/8me++pkq/3P+9//ye3/Gv/C9b0//va/e/Nkvf6flZOeX/G//5P6f8uSXP/7D/5Bf/u/8Gr/zH/VX/Pe////wJ/4zf++f9q/t//e/9Me+8xtu/+R//NFP/nt/89/25d/7B/8Rj3+n//Lf+2N+2X9//t/+6ge/75/xL+Q7v/x3/e3/lje/4N/+X/+a1S/7bT/9O+Z/M5Pi07/xV37+n7/6df+Zv/Y3OfmN/os/9bf+jX/vv+TxXfrk+Kt/4dM/8Z/5y/6dz+78Bn/Zr3P63d+j/aVvXv9Tv/5f/1v9mv/dveI7v/K3+Yv/oOTjP/5f+CW/9R/6u/znv+9v8w+ulvd/rz+6+ZV/3l/4b/z9f+erf/n87/k7/+TFH/xb/PJf5xf+X39f+099/Ff/17/f+jf9R/7Pyf/+P/wnv90v/fd/y7+q/Owf/xv/zN/xN/8Tfu3f9l98+Mv/+skv/Bcf/am/cf0P/81/0F/2f/3pv9+/8/Gfkid/2b/5t378D/29f8Xf8R/87//o6L/78/7i03/kL3z+P/4Xf+3//Wv8I3/x3/83/zm/2Z/0+37/H/jXL/709dZP/NZ/9D/8a37nP/tP/8af/mv/mP/yu//TH/Hb/G3/6u9w/Tf9tb/Dn/m7/QV/0G/0b/5B/9u/89/819XfsP3v/fff/VezP+7POPhVf9Tv/Pa//v1/4//t6Hc++s2zv+a/2f3n/of/7Y+51351/p8ezH6/3/SXPvyt/4tf8PHf/Ge++Qf+mP/p3/13n/3Xd/7kf/Sjo//5X/xnzn7nh3/1y//i7/rz/rrrP/If/auWoxd/w7/y3/86//af8Wv8Tv/pr/M7/KP/2x/xf/8a839j8T/82G//Z/xbv8e/9j9k/+cn/8Z//he8+9P+iT/jJ/+pv+6XZr/DR//D//4fNb/f6//5xX/8P/zMyY/9Gbu/4+/+9/wN//o/9Nv9s+0/+Vv9N0/+5d/iT/+3/9L/+Ff/03/Zv/IX/fvz8z/61/vn/urf/j/9d//Qn/oFl3/B//g3/+W/uPjyf/pndv+P//n/fPvJP/xv/kt/w5/9n//zH/34r5/+Wrv/xK/b/ob/6/Xv/Xft/t0/Xr1898v/sj9lfvU3/4a/99kf94/909/6X/+dP/Av/mv+x1/nj/rHv//b/96XP/7r/XX/+F/x7z75a37X3/S3/4k/7i/90//Ff/N3/unf8J/+H/77j//2kwd/djH6Y3/L//F3+hv+0z/uj3v1i+58+w/6Kz/7jX/rf+DvmT76I37t9H//id/nj/tf/+9f47f8zp/x+/2uf8tfcPZn/FbfK3693+d//eP+jC//p79x+39+8E/8zr/X83/jfxyVf9t/+4v/qP/oT/pL/rl/5bf8B//DP+ZX/N+/xm/z0e/77/27/+6f+xu+/SdXl7/b//zr/9P/1G/32/+Cv/Cf+Qfe/m9/+V/xN/zp/+kv+c5v+O9+e/Qr/5bf40/6mx79+X/5b/U//53/+f/x1754u/1jf/Pf9R/+jv/H06P/4k//A47+8n/wf/tr/tuj3/Fnfurv/Tfv/9n//eMnf8/6D/uxH/uTZ7/s05/5h/7gP/HP+tX/5h/13/yTn/8Bf+G//S//Lasf+2W/9l/w7/1f/+BP/Yov/6BHv86/8u/8tz/4b4s/+vp3+nb6R/9nf2R98dtXf/8v/4kvXnz3t/zOP/m3/g1/71/+7/2zf8U/8+f8+X/s57/zv/Sn/7n/4vNf47f+I37wv/8nf9//8Pbf+v3+nd/jP7hz8eo/+rX/tfO/94/9vf6Rv/nZb/ST3776S/6s3+jH/uQ/9V/4/Ff817/f7/U3/G9/57f/zr//T/3iu3/w+R/9x/xWv9mf9A//rf/Uv/DZ22//i9/7U/6Tz69+qy/+6v/z7/sH/u2/9I/6J36rv/Of/UOaf+pvHP9vf/wvevzv/G13Vh8d/viv+v12/9HZf/F3rv/6P+DXvf6z/qS/6D/7Nf7uf/qX/7e/7y/5z/+PH/x5/+z/+jf9M//Wv/PX/aa/4f/1xcWrn/l3fqu/OCv/yj/jcP1bfPJb/1+/83/wF/zrxfLf/Hv+5F9+/9f7Q37Zv/v7/eZpld75ZQ9+wa/xO138sr/+n/wH/ubzl6//uX/vwa/1V/+DP/4//eW/7V/0z/xJ/82f8uzZP/2f/cR/df1b/Tl/wt86+jN+8e93+jOP/qaDf/ifevhX/wf/6e/1+PH3vvz7nr7+3f+mf/V/WPxz/9Tv/u0/80/9hf/Gv/N7HN35O1d/83/zO/zCv/fi1/2jfq8/5K/7d//o1//mn/jL/pxP/ph/6e/7PYq/9t/+2/+R/2b+B/++f8WvdfEX/fr/+798+i/9Lk9/5vf5e//ef/lX/OqfePvXnE5/q7/jv/wNd/+dP+7ffvzLH/6Tf+Xv/Nf+E7/7//yb/vF/+8OP/sif/CV7/8M/9ehX/QWn/9id3/Xl8e/6vctnf+Bf/0v+xL+q+Ht+8i/+bf/MX/I7ffc3/79/jcs3v8nv8dEnf+Hf/z/9pn/o3/CXzv7cZ//qv7XzD//jf89v+q8lf+wf/Mt+3f/iL/7ri1/5a/2n/+j//rv9Jr/Bt/7l/+DL3/of+ZP/td/s8T/6h/5f9//V/+2Tf+IfePR3/Snvxn/bP3/0L/w7W//LH/w7T37dP/bX/IfGv+Z/9Dcf/PK/8cH/+Rf9fb/gH/gN/+d/9PO//PR3+x3u/3tvt/+GH/t3dnb+27/w5R/45JN//rf5X/7z3+Dfbnb+94e/VfN7/w5H/+G/fP9X/9mvX33/7C/6h/7EX/kbffo/fPzn/QW//R/03/+Hn739z7/8HX/60//l3b/45vdZ/Dp/5pP//H+u8/JP+PJ/+uV/zV/xz/4Tj37/P2LxM09+wf+1/a3//I/5/KD5E37TX/Rv/YLVl7/vdw9/0V/7H/x7f+nof/nkz/jd/+x/7u3f96fUL/67i1/xF//TO4d/Y/Jf/Tl/wz/4B/6vi4/+md/xj/6Tf6M/8Xf/h/7Pf+9bv8cf9Z/9gX/8V//zP/hH3v3b/t6/8G/5b/+MP+N/+v7f82f+nX/33/Fr/G5/13/z6Df9F/6e3+MP+2uP/vb/6D/8zf+rP2f9z/yTf833f1X55/6Df/TnP/EX/EXrX/93+Q/++t/0j3mU/U//4T/6F/4m//Wf8+f/k3/uX/tj/8FXv+8fMv1jf/1/8Pf9LX7P3/7/+u/Hf/jv/Z/80t9l/nf+Pf/Hv/ny3/rH59/+P/+zf/U/2PnNn/ylv9Of9ysefvat/+P3+wV/7x/7j/8W//Uv/NfTf+1P28n/zo+rf/9f/LN/lx//Q379L3/6yz/8o//wJ//V9X/4m/5eP/Nn7P30j/2Wv9vfsvPV4e/yi17/Kb/mX//7/87f/6933v3d/8nf+Q/+Pv/mi3/1t/k3Hv65v/IPuf7TXzz8tf/Kg3/xb/+df43/8me+/Cv//fnVn/j2r3r7d7789367X/nHXn5e/gnP9n67P+Ev+tce/B3/yBe/4xe/5y+a/62jOvsTfp8/6tf5L/+8X/D3fff3+KvePnj9t/5l//Lv85/9z393+vv+X7/+b/83/Am/8nv/6pf/6L9/78u/44//v3+Nv+2P/29/39/3b/5fv/rq1/53f+1f9hf/mr/zf/cP/gF/d/6331n8Rn/R87/qD/3P/+Ff+9e5+K9Pf/B//cn/8a/+PX6r4n/66d/mf/0j/oN/6/R3+s2f/dd/RvJH/bV/yi/69/6QP/B3uPNvXfxLd69Hf/POH/dH/Yd/6/Tg//jkX/z7svV/Mv+T//k/84/6d/6t5h/5d37X/6v9ibM/+sf/sceL//vX+LHf5u/89f/t+//gb/HlL1n+jqs/4du/1a/xS579pr/1P373D/vx3+V/+eV/4P/4H/7fv8bv98d867f5687//H/iz/2rft/v/YZv//if/h++t/q1/qg/729++esf//H/1j/+svqxv+I3+NXf/r9/jX/w9/8/f7D1V/zav/y/T/7b7/zd3/tjf+cv/pM//cXJ6N2P/8///vd/mz/4Pz77+y7+k9M/8vf+1//Ky/U//aeef+9X7P/Em9/t6n/6pf/Cpx9N/tv/5PBv//3+4cWf9pv/b//D3/Annv1vv+F//It3/9z/+m/8G/+z/2G2+kP/l1/rj9l68uh3vPuHH/0Gf+uf+oP/6rf5X/6u/3F375f+kX/Mf73/f/8av+n873n3a/2TZ3/L3/FPfvmtX/f3/8+2/pK//nf9Hf6Qg//p6Dtbf8kfsvwD/+9/+/8BW0GGlnkLAAA=" />
        <Entry handle="59" bytes="H4sIAAAAAAAEAO29B2AcSZYlJi9tynt/SvVK1+B0oQiAYBMk2JBAEOzBiM3mkuwdaUcjKasqgcplVmVdZhZAzO2dvPfee++999577733ujudTif33/8/XGZkAWz2zkrayZ4hgKrIHz9+fB8/Iv7vf+v//o9+jd/sO8/Onv0av+av+Wv8Gr8m/fdr/N//169xePLq9PjNl68epRez7Z9e5Rfp5e54J91aN8XyIj37zufpd16efp5efrp3Z5T+onVWFu11+ll6sJP83//ur3Hya/x6v86v++v9ur/Or/fr/bq/3q//6/96v0HymyXJj/1Y8lv9Jr/pb/Sb/ba/1W/32/22v9Vv89v8Dr/z7/67/A6/44//Tr/Nb5OO0h//hR/f+dad3/532d7Z3tr53bfubAHIr/nr//q/fvIbJL9lkvyWW7/Db/M7bL3383//Q7/Gb/4b/Bpvfo3Zr/1rfvRr/Fq/+a/5a//mv+b//Y/9Gr8LDfLX/TX5+TX0+TV/rV+b8P31f4MfS35DavC3/2a/xq/1a/7av/av9ev82r/ur/vr/Dr07S+h73+NX+c3/3V/i9919/jX+y1/Ivv1P/pFv9XeH/wn/8W/wY8/+Zv/4d/61b/8P/1u9yb1H/JjyW/z2/52v/3v8Lv/wo+37nxr//6nDw4ePjp5evrs82+ffef1m69+8ru/9+/zU9NZfn4xL366adeXV++uf/CH/mF/+B/xR/5Rf/Qf86f8qX/an/5n/Jl/1p/95/wlf+lf9pf/FX/lX/VX/zV/y9/6t/3tf8ff+Xf93X/PP/KP/mP/+D/xT/5T//Q/86/8q//av/5v/Jv/1r/97/zH/8l/+p/95//Ff/lf/df/zf/8v/yyX/4r/tdf+b/9qv8d4/o1f41f+9c0T3RcvzmN69f6dX6dX/vX+fUxrl/z17pCg9/81/l1f9fdX++3OP6JXz/7Rb/lR3t/8G/wWz35k//iv/kf/rEfv/fqf/qtJ/W/nPw2v9v+f/y7/88YGo/sdgP7Q77WyOzA3Lj+nV/jN/q1f02avF/7N/81fo9f439t777+i6av/snf+vf5E771361/09/+5e/67X/6r/5Xfqdf8dfu/uM/+Zf+UW9+9clXx7/Vv/Lv/jt/2W/zl/4rf9v0j/xj/rQnn935xU/+9V/33/pnPv1L/5U/6d/9E7/zb+z8a+fJZ3/RL/5Nf3z0D3+x84t/8m/8k37Jnb/+N/jqd/+bfo3/5ovf6T/5X3/hydOf/m3/+D/80f/9a7z+/p/w59Q/9l/+gr87efjZ//1r/NpPf9tf+Hv/6X/lH/vP/G6/0f/xb/8Xf+bf/m/8Q//Tv/P7/g0n/8Uf82f/F3/cpw//kr/x3/ntf/Vv+a3f4zf/r/7vX2P+7nd8+Xf+Cb/3P/0b/S2f/nvTX/AP/sT3/o1/7k/5i979+9//Hf+kf6b+ja9/4o9c/Gn/5p/0+/w+/8G/8Pv8Sf/In/iP/mf/y/Xv9Dutf5d/4e/6G3+b/+rBb/u//Lv/96/xj/x2//ev8W8/2P3j/pk/+V/83eb/+Of//j/0H/3mf+Hxf/jXr37J5N/9C/7Ev/m/+8V//f/4x/0fD/6Kt7vFg//9n//zfoc/7M/6d3/Df/oP/Rf/6v/q9/gd/u2/63/+Tf7ov/Kf/89//5/+M16e/ee//d/8u/01R7/n6sv/5pP/5C/8Tf+33+sf/x3+vT/1v/+ffvnf+Rt/6z9f/g+/6Z/x1/+Lo7/hH/u1mv/6+w/+yP/rN/vf/pZf9vrP+D22//ufuv9//xq/zy/6hb/5l7/Ob/q//pG/37Mf/Gv/zN/2bx5v/arfJTv9a4p/5aO/7+rf+Ov+8pNf63d/9Rt89pv+fn/68c9k//G/8Wf+s9+vvrz7957/Ov/tv/lXPPo3/7m/8y/4df7nT//sP/B3/8P+kIe/0ezxn/KPj/+1b33+648++3vefPr7/cb/+v/4X3zy9tc5nvzMb/cf/vQfcv3b/5N/59/+i/6+X/xftv/Kv94+ePlnbv93v2T6V/83lz/1/T/3+//Ng5f/7vf+qn/6T3n2a3z31/zr/4/if7r80xe/1X/x37z9o/6y3+2T3+30+Mf/qn/2v/8X/+M/5x/9W/63xV/2+//b3/v8r/3p3/bP+cv/lT/gn/nd/6Rf9Qf8ge1vtPr1//bV0f7/9ov/iv/m7/jff9/f5eKP+A8f/BZ/zf/13/3Vv8bvtPXxb5/+R//lX/CP/L3FP/P6B//VH/f27F/9Y//U/6r9qb/yvz/5j//Y+if/yef/4N/7M//RL/nXf5c/8f/+Nb53/w/8R/7vX+N3+Nu+/C1////g3/1vquYv/+9/4nf/W/69X/iP/dm/5z/9D/+K3+nP+wX/3q/+7p/6X/0Fv8nbs49/8S959LtW5T/3t3znb/7PfuO//5dO/6/rv+Y/+PhfevYX/cn/ye91/Vtv/37/1d/27nf/7X/vn/kr/+W///TqF/9Wf+fFn/rlvf/1b/1X7v6Zf+/RX/23/C/V4sf/7r/pz3j41/8Xv+c/PZr9Zv/Rr/ytX/w3v/8v/D3/ut/rN/8nHyf/0P/2+0zXf+W7X//bf8L/8h/9+3/qb/pn/fbP/qW/5j/c+Ylf/tv9Ln/+T/83v+6/cvLJP7H3g1/7//41/s2/7if/y7/mV/wx87PxH9T80//Hb/xb/4mH/8LsP7n/43/z//1r/MI/5i/9HX+nv+zP/OSv/Dv+rb/z23/lb/TV8fRf++P+53/tzb/8v/2xz/7V8e/3H/9T92bf/l/+yd/2z/nn/67Vr/fZ6pN/8f84/U/+6NGv/bv/tX/oD37N+b938Hvc/Yt/u//29/tFV3/93/z3/V5/0H+3/C1Oftdf/8/7z/6z//l/+wv/89/v+V/zi/+D/+azv+8o+Wr6z/37f/J/9+f8l3/U+vtv/7FPv/tv/O9/zX/97zxPD/6Ovb9w94/6nX69P+5vOHj4Lz7+1/7OX3rw9/2S7C//M/6Pf+c33fqHf+wP/mOf/vV/Sn31a/3YwX/0v/7X/8Hf92dUv9Wf9nf/Mb/Pfz/77p/0a/1vv8cv+SWf/4O/6r9//Sf+lsX/crr/G/66/+K//ef+s7Pf8W/6p/7Rv+a//Jf+1//h4G8oJru/xb8//8Gb/+Xf+UX/+l/wp/5F/97/9jf8p6/+wX/9Z062/rW/4d/+S3+b//W/3/k7/4Sdv+b6v/6Hfte/+5/48tf/63/wC/7oX/xX/r3F//xPTx/9/l8uf/c/Yz77Zb/rH//H/C9/97/w+V908F/8fX/sP/q///X/5h/1W//yv/ef+OP/oz+q/fV/i7Nftvqx3+k3mv5563/+B7/tH9n+63/H3/0n/U3v/o9/6Nd79ezX+U//iuu/8Xf8nf/E//XxP/+X/wv/xn9Z/a+/7y/5c67+5fbTu3fv/8a/YPGC+ORf+4v+3M9////tf/0jtr7zz/67v+GfdP3wn/onHv7V/8Ov+Ku2/77f4d/5L//o8t/5Vw5+6cWf+AumH/2pf/h/1D7+Y/6Wv2N1+Pl/8ev/qb/Rb/fr1//oj/+Vv97f8O7f/cc//QW/zb/8e/+zv/bWn7L3D//Z3x39+v9BuvtP/xPNv/J3rX6r//LP/n2+/9d+tn774p+++h/+xbu//T/79Ff9h//47//b/W1/1ORP+Q//kf/5p//Xv+Wf3rr8u86/2rr3y37rX//xn/wX/P2P/te/7o/9/X/b4jf7fXb/pu/9t//wL/qN/uV/78/+s377X/uf/kP/vr/g//jrf49/7Hf5LX/53395+bf9G3/bH/U3jv6Y//76n3v7X9z5h36dv3b9O/1x/9f6H/np3+z0L/r+3/9P/Cn/8/f/63/zF/2q//U/WP7Of8gfkf61f/C//Ec+/D9+41/6R/5hf8xf8ff/hf/Jv/9v/7Lf+n/6m/+cF9/69xd/y8W/9Qt+g3/t//rX/6Mvf9NHf9323/Pr/Harb//xf/LqD/zNnt35U//93+/o7zz87J/+U37X3+53/OrTP+7P+wt+zV/4D6z+p4//8e9Pz/6Xn3z3pyw+/W0Py//kj6t/79/pP338n/1n/+bf/b/9+D/+2/5+n/xrf/y//m/+Ef/l3/yv/K9/1L//n/1pv80/9Rt9/s88/C8/+tt/4nL57/wOD7f+nd/57K8s/p2fvPi7/qw/pfmDXvy2/+4f88mT3/Bf+1P/uU9+y4Pf5Pf8VZf/6b/7J59m/9wf859f/PE/c/Kv/qd/99/xq9d/8G/+3yz/7E//o9k/9flP/nb/0dX//m/+Of/1p7/Jv/rJv/c//D4nP/PfPNv5K/+dv/8/+fV+75/5J/6X53/Yr3X1dzyaHv79f3j+77/79D//FX/nv/63/Yff+uw/uv47/tVf49f89/+P3+vfm/7V/8fbf/6v/aU/+R//3f/jf/6//Vn/6p/y1d/xX13/ZX/Glxdbv8//dPkb/9d/3//0z/57v+lfvv5zln/wr/uv/NV/8m++vfyTHv1a/95/dvVr/w0Hf+3R3X/5V/wXf0v+/d/i7R/27zz9bX+b/+yf/Zt/9cWvna7/+z/mP/kn/6jH3/uPF7s//q//dX/F3/aH//t/xm//l/+Rv+6Xv+gP/f2av/j3+9v2/5Xf76/8+0f/yB++/6f/8j/wF/3b/+hH7149/dvr5//uP/fP/q7/1X/63/4f//gPxn/kf/JL7r76O3+fP+Dv/qMe/Z+/fPuX3fnf/8Cf+lV/7D/2S+/8Pf/6X//RH/G9v+V/vvMf/uf//T/xb/wTe7/pX/m31//cf/flf1D9C3/h/3r37/zj/5t/5l852P3t/7H0V/0Bf+MvO/qD/7d/8X/+XcfTv+NfevzgB//Ed/+03/Gv/o+qv/cP/Ud+rcP/8k/9E//Kv/7L//lvOPyn9v/+vX/iP9n6N36Pv+Uv+i2+/1ve/9f+sF8wGx28/ief/zn/03/46/9NX/7Wxehf/J1++u/8Rb/F//LH/TX/8T/58b/z9//fv8Y/8T//k39V8W8++B1+0b1nf9A/efVXf/sf+tv/uT/yd5x8+Xv+Jr/mP/Fr/AsP7/+7f+Q/8q/+Q//Lq7/y7/gHr/+Tr/6a//m3/fP+mP/9D/xD/4afaP/+e8//lb9u3P6F37r7d/yzW7/qv7j47Sd/5d/x6/2mv+w/+fv+y3/8f7/7f/z43/Nv/N3/8X/46Pi3/sv+29/977rzd/3Wf/LnP/l//S5/+r/535z+4Pf4g3/pLxz/0Re/9Z/xd/+m//sXf8Lv+pPpn/QPrR5d/Xb/56N/83f9q/+bP/o/+Rt/u//2d/jL/6E/5d/5DyZ/3X/3z/9tv8Gf9mv8hj/44z765f/D28d/9+Svnnz8rf/mX/79/4S/98+Z/Jcv/vKDJ3/Bf/Hb/uGjf/3+Xzv/83+b3/N/uPfRH/qH/45f/vv/+7/5L/89v+CvXPzH/2Hy+/0HP/0b/x2/9Z/8nT/o2bf/nUfJr/q/f41n//qv+1/8g9Pf5M/8tf693/dv+4+zr371X/xn7f7DBx//zv/Ub/83/v7/84s//5f8+n/Y3/bfH37vz/4bfp1f+c+c7/xVf3jy5/3S//63/gcuD/6HX/T7f/Fn/Sf/9T/yZ/4tf+y/8St/1Y//lzv/23f+9t3v/H1/xh99/5cd/vFH/9c/+5N/25/wy57/SV8u0t/od/xv7v2J/8Yf85/8A7/T8S/5i+d/5+9Q/Ht/yW/4p/5h3/odz/+zz//dv3Dxr333j/0///LPf9X3ftUv+Bf/tZ/+v3+NvU+z/+k//xX/3W/7m/2+f/cf82Pf/h1/y9/+3/kNDs/+yfrX+yV/7V/3r/xtP5Z/7w/9xX/07/4n/R9/8W/y6f/8J/wVf8+/tf8X/Qb//r/yd2xv/+a/xr/zF/3i/+TP+cP+rD/tr8v+nfn5b/1H/c0/mf8T9c7x3/Dd/+TuP/pnPf7+f/z3/p+fPvlrH//1/+XxL/xP/t78105eHP7gj/kVX/3EH/Pq1/xvft3fI/vd/5rsv//9X//H/8X/+ef8H9V/cfD7/G1/yF/zi/6uf+/gX/wH/72/5Pf4t//Wf+IP+xP3/svT4//wwW/yi/7vX+NP+O6/+6f8JX/Xj/92v/M/9df89ZPf8Gf+xj/4l//zb/78/O/4y371X/mHvPv9/6N/7e+p/tD/8Pgf/Hv+1jvr9E/5L+Z/8a/3Jv897vzxf9R/9D/9Zf/nZ//t/V/6O/9v/8y/cPrH/4/7f+6vfnvR5L/VH/df7dW/9t/1Y3/8P/SD9nf7c/73j7736/+T/9Q//Cf+Xf/4q+998ifu/i1/5O/2v/9nP/lb/PFnf+8Xv8OT7zz4m3/ZP/l/bP37T/7Xd7O/9+/+m/6O3b/up//x3/4v/Oz3+js+/RN+r9/8T3j3W/+Vf9X/8Wv+Mf/Jb/ib/QMf/Sn/zu998mO/z+Lqj/6t/po//i+a/QG/8V/5N/zg3/y7foPf7Zd9528rf7362WffyvLVv/JHzn6NX/Ds7foX/97f/Tf+y3/xB7/pP/Qbf/mP/j1//1//r/+Jf/Srt1t/5W/5+Df+sT/6z/2dfsl//vHvdPXX/4V/9F/w2/2b53/z5//qR9/7Y/+q3372+/zWv/Kf+cdf/KK/+2/+2z//i/6FF4+++3efVb/w3/9rDn7tf+NvvfhX/v1/9s/+hb/h7/qr/6Lf8k/Z+vPvP7j823/37/w7P/7P/QO/y/d+///gv/4z/80/55//e//df//f+/7f+tv9+79B+us8/Z1/z//rv/+t/+vPf6/Vr/e//bOfPvzxv2L+1/3Sv+7v+fUPf/C3/tX/y7/52bdOf432L/lj/vt7yck//1u9/jV39u58/p2tv+zX/vyzn/6Fk+/N/6Nf/BOnO7/b05/4836TX1L8Y8nWX/Tr/TW/9p/3X/yhv8Vv8WMvv/yr/5I/5tf4/l/6r/wxW3/Fj//f//b/AzjDh/vkDQAA" />
        <Entry handle="58" bytes="H4sIAAAAAAAEAO29B2AcSZYlJi9tynt/SvVK1+B0oQiAYBMk2JBAEOzBiM3mkuwdaUcjKasqgcplVmVdZhZAzO2dvPfee++999577733ujudTif33/8/XGZkAWz2zkrayZ4hgKrIHz9+fB8/Ij4/e3bwMPstfo3f8tf4L36NX+P//jV+jf/k7//z/7l/7tf4c/6c9C9+8Wv8V7/o5f/6v/5b//q//hP/d/Nr/M//wq/xn/+ev8a//ft88j/8B//A/7b6Nf7vz3+Nf/Ff/B3+/X//j/zf/rdf43/74tf49/+8X/of/I6/xt/39/0a/+P/+Gv8D892/oP/4Nf4Vb/ql//fP/Nr/Nv/8LP/6J/8G/6bP+7X+A/+g8v/4D/4u//nv/jX+D/+jl/jP/wO/fm3/0//5b/wn/3Gv8b/9O//Gr/69/s1/u97v8Zf/9c//L/TX+Of++f+kP/tf/3v/5vv/Z7/0S/5A/6L/+JP+7/+tF/jv/gvfo1f+ef+Gv/i7/dr/Bv/xq/xv735Nf6Rf+QX/A1/Q/Iv/otb/80/+Rf9J//J8//7n/s1/u/jX+P/+s1+jf/9v/01/u9f/mv8b//rf/mf/MnVf/vf/tv/43d2f8Xu7/Irfr9f4//4P37Vv/av/ab//X//9/2Ph7/Gf/6v/4P/1d/4R/3vv92v8e+cEwJ/2r/37/0mv+J/+vd/9cWv8V/+l3/hr/gPf43/+yd+jf/on/s1/uaf/DX+9X/9d/i//+//+3/753+N//03/TV+Vflr/Lff+z3+y7/il/5n/9nRr/pLfo1/6V/6Df7TP+j3/7//9V/jn/gnfo3/bf/X+M/+9j/p3/g3foP/+//+Nf7vg1/jV/5Xv8b//b/8Gv/zf/fv/6v/6kf/9/mv8b9d/xr/3r/3S//9f/+P/1//1//4f/pXf43/9Hf6Nf6Tf+Zv/J9/q1/jf/mvf43/6y/6Nf7av/Y3/ef+uXv/0//0T/8X/8Vf/iv/jV/jf/oDfo//7W/8NajT3/VX/Tq/5q//a/yBv8bo16AHc/Jr/Pr/9x/0B/4hf8hv8OZbv8av8a033/tD//g/8Hd4/K3F73p09EtP12c/+Sf8Bt/6uPjNf5u/5LfZ/eqj5t4fuvzWb3x5ufvb/c2/3ed3f73f67f6df6Q3+T+b/Pb7f+mv35VXX/67Jf8nr9h8gf+Bj9V/3blL/7tX/5Gv9uLd7/909/od/zdv3jzW+z+Ab/e77Z9/Gv8Rp/cefb0WZn8Flvpb/cLXv62o/Fv+9v/2i/z7/9g/3ee/Rp/1j/0B/1lv9ev8eO/xi/8mf/t9/xLfo3f8Hf67X6L9L/5FR99/tuOfo2D3+D3+Ud/3X/q1/wddv+V9M/5Lf7T7/x5B7/Bn/43/Qb/6H/yx/9Bv91v/o/9Gr/n//yX/5t/1u/4G/zXf9Mf9mv8en/oH/4b7Lx8+Rf/Fn/Ms1/3D9v+vQ9+8//o3j/y2/+CN7/ZL//Nfstf8w/9g36jX/fb/9B//avunf+mv84f+Dsd/AZ/+D/8a/yGd57/vf/X7/mf/p5/0q/3W//E+Pe9/pf/59/t2Xfvf/xm/tv9a2d/yJ/3E9//x5/+Wv/uP/Ub/6a/8P5s9k/Xf+R3ftNf8It/59987w/79m/+Hx//wb/Gr3H4/wBJhJI30QIAAA==" />
        <Entry handle="57" bytes="H4sIAAAAAAAEAO29B2AcSZYlJi9tynt/SvVK1+B0oQiAYBMk2JBAEOzBiM3mkuwdaUcjKasqgcplVmVdZhZAzO2dvPfee++999577733ujudTif33/8/XGZkAWz2zkrayZ4hgKrIHz9+fB8/Iv7vf+v//o9+jd/sO8/Onv0av+av+Wv8Gr8m/fdr/N//169xePLq9PjNl68epRez7Z9e5Rfp5e54J91aN8XyIj37zufpd16efp5efrp3Z5T+onVWFu11+ll6sJP83//ur3Hya/x6v86v++v9ur/Or/fr/bq/3q//6/96v0HymyXJj/1Y8lv9Jr/pb/Sb/ba/1W/32/22v9Vv89v8Dr/z7/67/A6/44//Tr/Nb5OO0h//hR/f+dad3/532d7Z3tr53bfubAHIr/nr//q/fvIbJL9lkvyWW7/Db/M7bL3383//Q7/Gb/4b/BqXv8bs1/41P/o1fq3f/Nf8tX/zX/P//sd+jd+FBvnr/pr8/Br6/Jq/1q9N+P76v8GPJb8hNfjbf7Nf49f6NX/tX/vX+nV+7V/31/11fh369pfQ97/Gr/Ob/7q/xe+6e/zr/ZY/kf36H/2i32rvD/6T/+Lf4Mef/M3/8G/96l/+n363e5P6D/mx5Lf5bX+73/53+N1/4cdbd761f//TBwcPH508PX32+bfPvvP6zVc/+d3f+/f5qeksP7+YFz/dtOvLq3fXP/hD/7A//I/4I/+oP/qP+VP+1D/tT/8z/sw/68/+c/6Sv/Qv+8v/ir/yr/qr/5q/5W/92/72v+Pv/Lv+7r/nH/lH/7F//J/4J/+pf/qf+Vf+1X/tX/83/s1/69/+d/7j/+Q//c/+8//iv/yv/uv/5n/+X37ZL/8V/+uv/N9+1f+Ocf2av8av/WuaJzqu35zG9Wv9Or/Or/3r/PoY16/5a12hwW/+6/y6v+vur/dbHP/Er5/9ot/yo70/+Df4rZ78yX/x3/wP/9iP33v1P/3Wk/pfTn6b323/P/7d/2cMjUd2u4H9IV9rZHZgblz/zq/xG/3avyZN3q/9m/8av8ev8b//FX/MJ3/E//YX/6e/63/85z/4p//26n/7s/6Fv/L81/uZv/2//nt/53/h3a/9b/xBv/v//A/+iX/d4/3f4df5Dde/9Nff/fX+nb/5v/wr/tf//pf/t7/8b/xd/+ff4x/7PX6rf/Ht/v/83/wus+M//m/+d5/9VvXv+d/+yn/wp/6Fv/Nf/ff+wL/iv/nr/4vf75/7x//07/+tf9NfsPrse3/Dl//m356/+9N/0eRNu/fx//VHfOu/O8n3/7c/8z/573+Pn/hjvn3/j/27/5l/6vdY3/vtf/Nf9V+9+d//zcV/9Cf+O7/et//H/+Rf/T9+/9+qOf1dkz/zf/1r/5B7/+rP/IH/8R/3g9/hf/rvf7/f/86//ff+oX/OP//p27/qp/+Uf3r5nePfdS//B/+gX/BP/td/3k/8Ac//z1/vX/kVv+NnP/mP/I7//qP/5PDP/X3+iP/sz/j0n8p+3z/zT/yl6e/zv/0Bv+O73/K//8Gf/B89+Sv/8IN/6t/7A3/fH6z/yZ/6Vb/sP/78j73/B/6G//5/8O/+3v/8f/n7/HvP/rn/dvef+d3+sD/g2//Ar/pvDv+vr/72d3/1/p/56p+a/Tmv/rLf6/DvfPb4T/rsV/+pv/z/+K3/yPof+Pv/55N//F89/Kf+9z/2p/6J3+5v+mP+/d/6yd/wg9/yj/u//oq/6r/+A3/Hv++rv+Q/+Fv+vX/vr/iry7/s9/gzV3/Q7sl/9c/8mv/Cb/Ar/obD7/99//bqX/5T//T2k//z3q/6Nx6//Cv+sV/8V/w7v8a/c/hnPP6ffv0f/Lp/9f/6V/6j/+HvXPx+D/6Vf/5f+PP+g+//c3/A9f/6Nzz73/7o//pX/Pp/8//1+R/z337yn9z9Df7bf/P3+y3+59/5L/ir/4q/7G/+W37R6NWv9Rf89NWr3X/1f/9l/84/8C/9y+tPfsn07G/718q/8Jf87f/c5OnRP/k3/8rf+c7enzr+l09/qz/i5PoX/c5/+V/2b977m37vv/jkx//Ov+jX/t3+zX/+v79+8Mf8fV8c/ZU/ODr9Jf/NH/mX/N+/xi/6A/+jH/8L/+pf7+//7n/6J/xt+3/ir/3lb7f4W36/b/9Nv9H63/3X/8HjP/Gf+PuaF/9a+i//bb/98n/4wdO//N/6Tf66f+yX/4L/7E/69f/jr36L2e/7P//U57/x//Wnr/651V/3P3/rT/hz/6xf+0/9v3+NX/Mnf5c/vvn90r/r1/vo13377u/5T//7R/e+/Xf9Fs/+q//0L/x7/6nf+H//bf6G3+Uf+21/r6b8j37nf/jPrP+kP/A3f/6H/in/xu//M7/63p/35/2nv/Nnf/X//jO/8Nv/3s5v/Dv8eX/YZ7/d/3n4n/wlf9aP3c3bw3/57Df8H3/yr3/+L/173/up6z/hj/3xP+SP+/P/wv/zL/73/sDRv5L/Y//j4+3Zv1Ts/b5/y6j+Tf+s7NdImj/o3/o1fu2/rfkVf8Of+o+/+gMvfu/T3/nv+JfLP/Tt7/rr/J2/+t/+F//G3/dX/Atv9/6N/+4X/qHvfp9f/8/4n/+2X/Qb/bLf9cd/l786Tf7i//Q3/J/+5/3v/aMHv8bBr/9X/lb/2C8q/8Zf8lf9mv/ar/cL/4p/9aNfff5XXP743/en/MZ/07d+oz//L/3j/sS/8af+3v/4i73FT/2iX/ev/sd+5au//K+7+NV/3X/3W/4ef0Tzv/3Ef7L4sfZP/AW/4W/3u+19/mv/U3/xH/nb/95/9p959O99/urgj5//Of/Gf/YPr369f+JX/cG/82/wK37tv/n//jV+xXf/5d//b/03/rp//i/7/n/1t/wdp3/r9b/0m/y7v+P/+Gv+d7/jX/i//dY/8z//NX/ho/9g8lf+yr/jX/z7v/3LD36Pf+Pv//3/o/V//Ef+1L/6N/zWf9Af8x//Rs9//Z/5n//Ef/jv+L/e/Eb/++Fv9epf/vbFH/xL/+V/54/6U3+/f+mX/yvP/q2/5O0f8tnv8+f+2v/Lv/X2X/j4z/r+v//v/j6/4u/4O37/o5/4t/7uf+r4f/uZf/L/+lV//T/4J/yZf8kf+Mf8nb+IZugX/E3/+G/38D/KH/wu/2fyd//On/5nv/DP+pX1n/TXr/6J84//uLv/03/5X/1FX/0lv+C/+L/+0tXf8m998Rv+nf/sR7/V7/Fk9/e7uv5F/8U/9Buu/q3/7Df5D/71f/n3//f/i9/oj/gXPv/p/2z5h/7Rf8K/8g9870/5vX/BP/mvvfxd/5zP/tY/96/803/v3+5v+uf+mc+f/HrHf/3vOP/n/p2//O/6nf/O3+l//0V/4n/74l/5k37Dw7/k0W/1a1Pvv9U/++tvX6V/1H/ye/4l94/+8D/x9/+HfqP/67f6Y773O/95f8u9f3Hxa+385v/I43/j1/7XVn/pL/un/+9f4w/6Y/7Lx6d3fvXZqvl7//M/8A/88pf9jz/1W37yd/47/9f5k3/mr/oTftODXzv9v2b/xm/9j/2FPz353X6n//Pf+AW//A/7wZ/4D32R/i6/ze/97/1e/9jL3+3v/BN+g//0P//iz/4X/43Tg//1b7j47r+//k/+2X/2n/41/sPf5s/7+A/4xb/93/Ff/oo/799c/E//w//yHz77n/6Jf3D9i9a/0W/xj/7lj3d++7/sq/H/8l/+Ghd/9T83+bse/Ouj8fr3/83Oqt1/d/XRH/HvfuvZ//an/61/YfV3/YV//q+7/cf9Ud9d/PI/6t/76/7Z//vX+Df+718j+W//gd/mP/j7//6/+6t/+k/5F/7b+g/+137tX/YH7t//Q/6N3+z+n/+3/1v/+l8//bv+g//m3/hTfvyP/Hf/id/gD0j+vF/2D/+TL37FX/4//ed/yH/77/x5v+cf9yf/Tn/o//Wrv/o9/tI/Z3r0T/7kb/QX/5l/0vWv98f85X/Jt/N/+a+bPf4z/uAf+79/jX/g9LdOf+YP/Z//mpO7/9jf+Jv9VR+3f+oo/T+/+u6v+sk3f+qv+Zv9nr/ev7Tz6//tP/0zv98f9X//Gv/Iv/ZvnP0u3/r3/oz/4/KP+wMf/Zf5n/oH3fvJP+rev/H6x/6Uf+tidnHnT/2Xv6z+yuof+av+ve/8zP/0h63+0fT//jW+8+f8qr/j+//kx+e/45e//P86/2u//xevPv3zdh7+en/qrz35hf/LLy/+rT9g75/+Bff+w3/tD/wLv/M3/kU7rx//L7/g1/x1/sJ/+O/+K378Xzz6C/6N//o3/31+6vTX/RP//f/sN/+H/+9f47O3f+n//Ov/4ef/01/w1//CP/4Xj5rf95/8zx//87/Lv/+r/tTLX+8Hf/CfdO9X/EW/5Df4L//s//zP++//vb/qb/4j8l/52a//H/+hv+qP+cf/7P/jr/2bx7/JP/qP/qd/59//03/vb/4b/0u/fvmH/9Mf/43Zn/iv/tZ/9m/4P/5py3/oD/g9P/qDf4dfeu8P+Rfm5a/zrzz/3Xd/vT/ur/j0D/hT/5Q/8Hf9Y978T3/bH5j/wf/d/d/xbJr+tn/cv/Dr/LH/7Z/4U3/rf/J3/WT7N53/9v/YrzH9v36dt3/ev/rf53/kyz/s701/w61/4nt/6h96/Hb6nf/5P/7D//k/73f83Xa+8xv8eXdef/Q7/Uf/0f/9a/zv/23zD/110/+5/Pv/4b/zd/sTf9/f+vf4V/7uP+pf/y2/969/8Z/8Xn/vP/trpb/Jzn/+Z/6Of+u/+2v+Xb/ib/gz/5HH7/6S81//t/vb/qT/8l/9Y37PX/IH/8fP/v3/+N/9tf/EXzX79f/zf/y3/vX/4D/r9/jD2r/yu//B7/Br/MN/x396+Yv/07/9t/rDfubv/5//gbt/6//x+l//1/7QP/NO+r//dv/a//1r/NQv+zP/9P/yH/gDfrs/6i/+j36NX/rL/sBf8df+2//3r1H8xg//ov/5n/vuH/xLv/fHPj38+//h9P/6g777x/7Ub/or/vj/87/+7f6vv33+Z/zu/8tv+0f/zb/yj/zx/+mv+Y//sT/qr3v4T/21//Gf8e2ffPrwJ/+Lv+W3/zP+ne/+8f/Cb3n58i/4C7/z2/3OR3/i4nf/T37Vzp3rX/P3+fRP/On/+h/4Xf+3v+Qf/cePfve/91//5b/8z37zjyd/yz/1F/0W/8xf9js1/90nf+7/9A/8Re1/ff53/bt/6v9avPwl39n5Xf7q3/rBH/HL/9Jf9Bf9N3/nX/bLqs/+num/tvMn/an/22/9+/8Lf9L//lv/Db/vr/prvv0P/8mXf9O/8Itnf+Dv/y/8VX/L3/LP/S3/xN4/+6/9ge9+8NU//Xf/fb/h//mvffzLfvz/+I2/Kv/df+7b//Qf9b/8gf/20T/4nV9n/Tv85X/5//VX/yX/ePOX/j7f/w/++r/v7X/5O87/vn/0N/vd/tPV7/Qn/JH/y3/xd/9ev+Ev/i//+f/u8pf9lX9q+n/+d3/Md9/+lz/+F/6+f8z//hv+r80/8Ef9N3/q8e9457f8qb/1t/gr/+rvHv/fv8bf+jv8mf/J8k/68X/z/l9/MP7xv/8nfvFv+rf+Tv/l//1r/C4/+Xv8T986/fgv/k//zf/1L/lP/9FP/trf48/5N/e+v1//Gb/2r/9r/Hn/w39z/Xv8lX//7/M//W7PFsv/5uRXnv61v9Yv2ftn/sF/42/72//q//6v/wd+6//6J/+Zf/Z//aP/8r/rTzn9H/663+301/5f/um/6meSP+KT3/kn5//sr/9v/1bf+WdWx//+P/gn/oH//r9077/5C3/tf/I//98OT3/f//K3+ZN/pz/k+lcd/4///G/9F/9lv+ei/XM/af6NrZ/4PX73X+uPefL4z/1f/+R/5Y/734/+7L/qo//yn/6T/+Lmv/tHf/z//jWOf48//2f++V/n3d/52//OP/Z/nf8D/8H//D/88f/n3/8fb3/nH/497z0+/Uv+0//t3/zT/89nv8fv8L/9K//Nv/Tv3v0z/r2/6b/5Pf+JL/+Vv/rH/rz/4+Hf8ef/93/ef/47/Zl//D/45/xfv/Xv/M/+Br/sf/kzfuf/+d/5C3d+28tf/X/9t3/o3/0b/HfH/8lf8kf8/g/+iN9ufZD/8v1/rPivv/i7fo2Hv9Fv8H/8xr/H7/V3zav/4LN//o/83T/9tf/hg/QX/Yq/5vLbf/k/8j+0v+9/9oeX53/jf/CH/x1N89v/rv/ob3r3N/yT/67f6X9p/us/9OR3uPvF+eTPPvktPv8z/6Y/5fqfv/htdv+5H//z/q9f9pf8nRe/y3/6U//7f/YPzv/O6//kP/mxJ7/uP/mrf+9/8f/6w//Ef+RvGf9nf8zZb3PnF/1d//ev8WP/4y//y378Xzv6TX/6L/y3/4Ptf+V3u/x3f8Mv/rPf4x/8s5Lf9P+4/jP+nj/wj/0HfuF3/7c/97f+037mn8yXf/O3Pz+v/tz//a/6G3/3f+nkn/hTRvcO/rQ/aDr5D3/RH/mtP/DxT/79f8c/0P7zP/V7/Bb/4Uf/4X/w7/++f/9//Ef9T7/2b/Sn/8b/1a89/fF/5Y94tfMzF7/TX/DT3/+LZn/z3/VnnPxaf/Ov/rf+if/i1/6b/r1v/x+f/K3/2++//GXf+6//pF/z7/3v/83/9PcY/54/8Yf9l//Nb/QX/unX/+vf+Ff/fv/bX/h7/93/2t/+x/6lv9v/8gv+/l/jl3/1O/9Bf2P7v/2Of8WP/Yrf6+F3r/7Mt7/5j/95v96v8QfMfvA/TIrf+C/4v3+N09/q1a/xN/6Z/8Cn705/+W/6m315/Wv9Ln/T73/v+R/Wfv57XP+BR5//zX/jX/X2d/zH/4Lf5W/7nz/9o3/RX/Ef3v2n01/1u/z2u3/n+W/1r/5Nf87f/T/98X/Nr/M3/6H/2l/0C/+aF3/Wn/uD3/lv/ON+8W/+X739W/63P/I/+vc//4cf/Ib5X/353/Mb/72TP//zf3rrd/4n/8G/6r/55A/+U36/P/Dy3/0j/+LPjv6Iv+pPffKvfPe3+M//11/z3/q1/5z/6q/7537Lv3D8/b/s7/qHnx38e7/+k990cu8f/pX/5L/6J/0x69/4T/lrvvcv/XH/xr/xJz/6Vf/M2W/48U/8CX/br3X5aP2HfPqv/PN/xD/xC3/hwet/+De4/hX/3R/4Z/0N9X+++l+OVw/KX+MP+fwn/sX/9h//xX/iP/q7/JEPfsGPT//atz/2u//1f/Qf99d9/pf+c9/+h9Lf5T/+nZv/8I/5Zb//H/V//Xb/4P/0T/5RH/8h/+tR8hv/Kb/p3/Mf/ZZ/yGd/wh/4G736tX/Lb/95/9g/+s/8mZ/8u1f//B/zt/9V3/trf4vf51/8M+/+C3/Lb/LH/JN/1dE/9st+xT/f/Bm/8lu/y5/1D/37/+YfdPw3/LXf+ft/i9/5j/tjXv4aj37F/7H17/02f0T+t//Bv8Uf/h/s/gW/92+2+uxv/v1/8md+k3/5N/kL/+Pq7/zOn/u7/f3pX/RP7P4W/9nd//KX/S5/8W/9n/7fv8Zv8vf91sQ3P/n3/GW/5389/Q1/vb/rT/3ffs//7i/9P//S//27/9rq6Z908jv9RPrtf/nJX/NX/UO/xurX+Mv+mZ/6U36CPNPf6idOf43z/+0Pffqv/szJX/7P/5VvP/1F3/+3/5mdf/mf+j1e/uAP/R8e/tb/0V/wrf/zz/rvluPf7w/8Df/bP+Xf+l3/88XyL72X/q+/yW/wBxz9Rf/y6a91/tv8hb/6/n/7X+/8tj/1H/xpf/PFX1f8+O/yT/1Bv8dP/Yovf+2f+S3+p//xj/jPf6+/9j/5d/72/+bP+yP+7F/rH/sr/7X0X/xvvvitXv9dv9sP/qpf8/f8Nf6A5B//ny/+iP2/8Lf+r//46V//U3/dv/wLvvqD/9F/4pd89ff8of/XF7/Vq9/+P/rf/87/7t/e+31/y7/k3R/9xd/xS3/vvzH9VX/aH/gP/JV/4a/+z757/B9Xf9Df9Pt8+0/86/+bf6L9nf6sxfTf+h3/m//yz/ulv9VPPP/Jz/7cb/+ro7/tj/3t/rtf/u++++//+7/0V/9Vf+ivOPor/71//d/Z+st2/pI/ZuvX/r//7f8HFE4JcQ0QAAA=" />
        <Entry handle="56" bytes="H4sIAAAAAAAEAO29B2AcSZYlJi9tynt/SvVK1+B0oQiAYBMk2JBAEOzBiM3mkuwdaUcjKasqgcplVmVdZhZAzO2dvPfee++999577733ujudTif33/8/XGZkAWz2zkrayZ4hgKrIHz9+fB8/Iv7vf+v//o9+jd/sO8/Onv0av+av+Wv8Gr8m/fdr/N//169xePLq9PjNl68epRez7Z9e5Rfp5e54J91aN8XyIj37zufpd16efp5efrp3Z5T+onVWFu11+ll6sJP83//ur3Hya/x6v86v++v9ur/Or/fr/bq/3q//6/96v0HymyXJj/1Y8lv9Jr/pb/Sb/ba/1W/32/22v9Vv89v8Dr/z7/67/A6/44//Tr/Nb5OO0h//hR/f+dad3/532d7Z3tr53bfubAHIr/nr//q/fvIbJL9lkvyWW7/Db/M7bL3383//Q7/Gb/4b/Bpvf43Zr/1rfvRr/Fq/+a/5a//mv+b//Y/9Gr8LDfLX/TX5+TX0+TV/rV+b8P31f4MfS35DavC3/2a/xq/1a/7av/av9ev82r/ur/vr/Dr07S+h73+NX+c3/3V/i9919/jX+y1/Ivv1P/pFv9XeH/wn/8W/wY8/+Zv/4d/61b/8P/1u9yb1H/JjyW/z2/52v/3v8Lv/wo+37nxr//6nDw4ePjp5evrs82+ffef1m69+8ru/9+/zU9NZfn4xL366adeXV++uf/CH/mF/+B/xR/5Rf/Qf86f8qX/an/5n/Jl/1p/95/wlf+lf9pf/FX/lX/VX/zV/y9/6t/3tf8ff+Xf93X/PP/KP/mP/+D/xT/5T//Q/86/8q//av/5v/Jv/1r/97/zH/8l/+p/95//Ff/lf/df/zf/8v/yyX/4r/tdf+b/9qv8d4/o1f41f+9c0T3RcvzmN69f6dX6dX/vX+fUxrl/z17pCg9/81/l1f9fdX++3OP6JXz/7Rb/lR3t/8G/wWz35k//iv/kf/rEfv/fqf/qtJ/W/nPw2v9v+f/y7/88YGo/sdgP7Q77WyOzA3Lj+nV/jN/q1f02avF/7N/81fo9f43//Y/6b/+Jw/sf9qTu/9z/0u/9Zf96v8es3//3v1/xVP1P8T+s//7/93h/75/65f/xfWfwZv93vlf4er/+4//PZ/H/7b69+q1/6W/+df9vf96/9ji/+lr/v7/rN/8W9v/Tht36rP/8P+jV+8Cf9Hr/G23+k/OW/y6/37/1z/9Sf8yv+uz+s/vR7f8e3/4/Xf8O3f7v//c/7E/703/JP+aP/x/zPvvwFf/vH3/st//nqd/9Vf+/v8ua/+v1+/F+9/+/fv/vL/9w/uPnp//LX/NfaH/+r0v/lN/2b//rf9O/4+Fd+73/5G3/d/239i/K/4n/7lc//5V/+1z/5v+Z/6R/yvd/nr//7/pK/41f/mz/zRyz+j19/8u3feefX/DUufvu/8Rf9uz/1j/4Z3/mVj7/z3+z+1b/7l//xP/Bnjv7Pv/n3+Hv+wz/943/3x/+v//aXfvUv/Ld/zv/5Z/xJT178u//Fj/+uv+2/+h/+K3/3P/0//O1f/ubfO1v9bt+/+/np6F/99r97/Gv/1R//Xf/nJ3/Jb7fM/7lf/v1/4Vt/1p/1D/8vf/3vP/37/szv/c1/1H//p/wn+0d/+B/0e/wLf9kf+ZN/25/7fz7/a3/X//vXyP/g/+tv/2Vf/tH3D//aP+W3/Ef/2N/j3/qx33X9Y//q7zL/h//h3Y+//5f+a//Xn/4nvv1L/pvf6B/5ff72T/7yP/Xhb3TxreP//e7/9m/+zN4/9eLBq4P8z/5nfou/7S/93/7Cn/olf8vv8ewv+9XlL/3jf7+H/9Ov/sd+h7/9j//HLn/q7/+P/rXR7/+f/z5//t86+vzf+5Me/Kb/3J/wd/+N301+0xdv/5C/43f8t/7ZP+Pzv/jkN/trP/9zfvd/8e/4J/+r//AvH139Uf/Db/XJr/VLfvqPPvny73z18cn/+Hv/XT/+9m/9yT9m66/7Zx7+g7/zu8k/+4//Ob/Rn3P+l/7dP/FnPfr2X/iDB7/zb/cH/gV/2L/5B//07/Eb/op/8Tf8/u/16R+dX/0Nv/8i/9u2/uR/NPmbf6fHf9y/Mvvv/9u/83f6kz75r//p/+u/+t//tYN//Hf6q/+bf+GfOfg/TpNXf+mLn/zj/s7P/4Sf+XX+t+//Ve9+4e/45/9e/9if+Uf8p7/33/P9P+S3/pP+nu/9FfWzX/w3H/zTv9Mv+g/+nv/wd/rf/pHf+Tf/qX/n3/6D/55/4vf5e37V9P94e/WP/zn/yPwHv/M//p/+5n/fb/w3/6H//h//M3/r3/jf/i3/wb/37/3Tv9sf/mf/sj/ly199cv+/+c//rbvVxw+3f/Nf9qv+jPv/0p/4u11dPP0PRn/8+unf+6/9pW//sov/4H/+M/7h6p/4m/++3/9//vVf/8/b/9zlv/Knf/Ho099o8Vt+8jv+Gu9O/oS/9N/4u/75Z//Tf/nZr/k7/ZJv/el/3//1nT9j+fv+8l/wV/z9//Trv/yf+xv+jsc/9fv9u3/yP/Or/4L/8z/+v3+NP+o/+O3+1f1X6+/99su//dc//i/+1OQ3+8d+yb92/Od96zf5gz//tf+bL1b/wNb//Ev+jb979c9fFIu/7Pf5L//zP+G3/nX/qV85/Vf/p1/r7zr4y//R6z/lT/r9/6Zf/lf/Of/dX/DL/6r/+M7rP/XP+T/+8e/95j/1i17+9//Z239097v/3vJ//LX/wHfPj//5H/z+f/DR7/bTv8OPf/6b/PWH/82jz3/Nf/+POP87f5f/4D/9H7f+h0f/5h//S/6yf/2f/z1e7vxzf91v+uIf+E/+9r/xj/wrf+rxX/cv/qY/9df/WPP7/uqf/DfeLf/6v+Tv+jv+5PyP+Oo3+RP+yN/1T/tffoO/9jf/4779D/7U/3L3D/4d/udP1v/xr/p9/7Zv/yH/yz/78cEf/Sf8zr/Hf7T9f/y3/9aP/y6P/sIf/Kpv/fJ//87fdfRH/ps/8Vf9Nf/w2W/zV/0lf8x/ef/H/9w/6ehv/+1+wd/+u/39v/6/8ZfWv/XZZ7/GP7//6/8Jv/Rf+qm/9uRiMf8jf+1f95/63//Nf+He83/uH/sv/v4/8D/9yb/21/ubH/7df9vkX/4Dtn6dP+CP+8Ef8z//GX/jX/MP/+P/yj/6l/9rv+rv++qv+U9+x//q+Pf4+OHv9pv8IX/Jb/Lmv/yr/+p/u/jDm1f/4y/+83/zv+Unf8f/cve//T3/9L/q337xe//X4z/gb/v8r/1z/vQf+6v+kZ/8B/747H/9o/+0f+o3+Yf+wEf/wZ/zi/+8X/H7Xn7+l/zM+O/6U7/81/+++z/4Vb/Lf/1X/PN/93/zp975tf/vX+MXfPU3/lW/2c/8t7/ib/yzZr/WP3n6r/5lf+J/3v5r//2f/eVf/Bt9+cv/xr/yX/qZf+Tve/zP/m9/3r//L37v1/7Lfqdf/Nts/SV/zC/7Tf7jP6X966rf7L/5l4rL/+pvnf3Tq5/5u/619a/8PY7/r9/6b/34O//Tv/jH/Q6/7PQ/+Rt/99/x1/o3fuvk9/h3fo/d3+Of/V/+hr/ud/5Nq594+l/84//mmzu/7N4/8bf/vX/3+Pd/9ef/eX/WX/Cf/xu7f8Gv8ev88v/jv/1zP/uk/lW/7X/3x1a/4V+4/Xv/nf/8v/an/o+/99/y9L/91y7+69//zX/8u/+Gv8uD5G/605/9q+nyb/vT/vo/75c9//f/x9/3r/vlv81f9fkv+bt+u/OP/6KXZ3/1dPTP/oXbf+Sv/sd+rT/w1z777f+pn/7T2r/mj1v+yo/qv+Xf+luLX7P+e/+1P+6X/TH//p/w33z26b/1/L/6vX/tP+jX/+ub//L1H/If/vTDX3j6+/4Bd+7/5P/+f/3v/9dv/lvtjoq/63f6u//xxau/7tV//mx//s/8H//jyd/3x3z/O7/yxW/7U3/pP/k7/2kvxr/r3/nH5X/073K1/T/+hf/GP/Dn/W/rx7/s3e/14kG9/7f84Z/8/X/C2csX/96v/k9/6//l/E+++Bt++n//+/+CP/ftb/S3/Pu/7vf/oj/u8+Q//R9/61/xK6t/5h/4O/+n3+9P/z//6L/43/69r/+IZ3/073nx8eGf2Pyqf/OP/bNe7P0hf8xn5e/+8E5z76/853+r8z/mf/4Xf8/ZH/qf/41/4f+1/+7ku3/q7/d3/ev/ffqn/Cf/Qv7qn7g/mqbTP+nhP/k7/+C7/9Jv+q/8pdl///2D3/f53/Sv/pd/9D//x/wj/+hv+Zuc/YW/6T//W/3hf9RX23/i//B//If/zF99dP3r/zG/+vD3+5/+wD/yV/wn33vzrywu/rT/+9f4Z7//587+71/jH/gnfsdf8TfcffW/3ftLnv+O/90P/oi/fH7449/+W/+i/+N3e/UH/tT/+h//+cf/xy/6m//Tf/Z3/1P+t9+9+c//yV/744/+2r//7/kHf+L3f/rv/x+//i+r/4B/46//d//V9Z/96/+y7/7av/yv+7uPfs3/5tf8I/797/zLf8Qv+X3+wC/+ir/+P/2b/vX79W/wH+/u/23f/p+++ttmP/OP/We/5T/51/908bf813/Pm7/+F/0nn/4p/9XW0ff/sO2/+S9b/rv/1H/+3V9x/3+4/A9/zf/hx/6xv+e/+al/8l/6P/+cX2v24//X37P7n/5Pv9bf+cu//IP+r9/sX/2jfvEf+4v/+Cc/8U+//bPfffxf/V2/9T/93d/+tPi1/44/4Xf4W/+Nv+KP/Gf++vv/69/9Vz/6r/734tmf/A/83n/9fzr+PX/57/wH/h7/xt//+T/0e/y6v+Kf/Xf/rr9x/U//Z3/T6cN/53fc+wv/q7/9l/8df+x//N//tr/Xlx9/52/72/7gZ8/+ra8+//L3/cl/5R/5a/+l5D/9C3b//j/hn8r+lYd/YvK/vX7xP/2ff+efni3/5j/jP//3/o9/4b/81/+s/+WL9W82/u0///sPl4ev/7Xf+B/9Y/7TP+3f+9vP/5tPf+Ff8mf8Mf9c9m/8cb/pd37d3+rX+LN+wZ/+H//+f9sf/rf/B3/pX/O/vT77u/718f6//2v971d/xH/y7dn/8g//qb/99/+5d//Vb/Br/E9n/+vfePnX/NQ/8Wfmf93v/ff/BX/l4rf+5//W/7Stx8f/5He++P5v+2Nb/8x/96t+y3/kp578V5dHv/BP+Sf/iR/8ZX/n31H/UX/bf3/n7uM/4u85/1VHs3+v/uqP/u1f/3F/Q316+Zv9zIt/7a//2//8by1+sih/19/rj/1Vf/vvePdv+7HZ8z/6Tzn4N/+ixR/xa/2SvX/2v/39/qN/4Nf/n/6+e//uv/dP/sXFf3v/b3v7W70a/Rp73/o7/qNf8xf8cfd+xV/3R//M7/wfbT/7n/7FX/SX/Nd/yu/7T/3Uq3/lH/8jfve/++O/8Pf9L/7if3/96R/3n/yPf+lR9Q/+z3/EX16U//I/+df/b3/bf/XP1v/Kr/v3/32/1y/+N//kp9mf9hd8+Wf8hv/nP/wvPvzvf+ov+E3/jf/xf/gb/r675+t/8Lc++lvv/3fPn/w3P7Y+/2f+l9/4n733x/0B/92f8OTH/7M/8ff9U3//J//Nf/Db/08/+Tf+ojv/2i//+7/131Q7/9w/8fTV1Z/0W/2d/+Zv8Jf+X7/WnX/nxR/6H/23249+zb+y+Ht+yd//N/05d37ix3/PT/+ZH9taPfrNfp9/8N7v9Tf854/+6H/i3/sr/rj/8tm/9Cve/cI/5e63/pdf/rf99K86ePgHfPs/+09/t7/pv/4X/6Pf5Df/+4q/6FuH/+c/8Nkf++f9Zj/2H/7Bf8pv+6/9Cff+xN/3zd/6z/6lP/2vPvlT/8nf+F/7c6+e/YLtf2/1i//E//X4n/yrfud//PXf+bf/T//s33b5P/8+P7X8z771Z+3+yv/ts8//5+n//J/+O3/jn3318O/+3f+tf/3Rf/+Hbv+9v+d/v/r433vzD/29/9dX/8R/8b//xv/oL/vL/6Z/82/7e3/1n1pdXP9W/+qv8b2f/gtWv8lv+t/+xO/zX/87z/+NP+nf/Sd/nd/iH//N9/6av+UPOZ6cHfzK3+1f/eX/4W/yX/9g8Z9+//f+vf/hX+ef2P1tpr/nzl/6N/3Of8//+r/+NS/+sz/nV/0lf8zWr/Fbvdz6i36tP2brL/p17v/E3/bvPlj994sfy/643+IPfdz+tX/aq2L3r/g3/vHffv+fffDb/eL59/78f+8vevy//yt/xZ//03/yXzf5Df6Ou8d/0x+w/r9/jd/yV/3r/8Ev/x0evmyO/vPf7V/963/zX/mX/33f+ff+l9/s1/4Xf+r0Xx39y3/6n/LvpN/9H/6kv/SP+fu2/pJ/6uFfWP8Gi//kj/63/9I//qs/6h9Opx/9lb/VTzx/8jvcmf9Fv+n//W//P+RJtv31DAAA" />
        <Entry handle="55" bytes="H4sIAAAAAAAEAO29B2AcSZYlJi9tynt/SvVK1+B0oQiAYBMk2JBAEOzBiM3mkuwdaUcjKasqgcplVmVdZhZAzO2dvPfee++999577733ujudTif33/8/XGZkAWz2zkrayZ4hgKrIHz9+fB8/Iv7vf+v//o9+jd/sO8/Onv0av+av+Wv8Gr8m/fdr/N//169xePLq9PjNl68epRez7Z9e5Rfp5e54J91aN8XyIj37zufpd16efp5efrp3Z5T+onVWFu11+ll6sJP83//ur3Hya/x6v86v++v9ur/Or/fr/bq/3q//6/96v0HymyXJj/1Y8lv9Jr/pb/Sb/ba/1W/32/22v9Vv89v8Dr/z7/67/A6/44//Tr/Nb5OO0h//hR/f+dad3/532d7Z3tr53bfubAHIr/nr//q/fvIbJL9lkvyWW7/Db/M7bL3383//Q7/Gb/4b/BqzX2P2a/+aH/0av9Zv/mv+2r/5r/l//2O/xu9Cg/x1f01+fg19fs1f69cmfH/93+DHkt+QGvztv9mv8Wv9mr/2r/1r/Tq/9q/76/46vw59+0vo+1/j1/nNf93f4nfdPf71fsufyH79j37Rb7X3B//Jf/Fv8ONP/uZ/+Ld+9S//T7/bvUn9h/xY8tv8tr/db/87/O6/8OOtO9/av//pg4OHj06enj77/Ntn33n95quf/O7v/fv81HSWn1/Mi59u2vXl1bvrH/yhf9gf/kf8kX/UH/3H/Cl/6p/2p/8Zf+af9Wf/OX/JX/qX/eV/xV/5V/3Vf83f8rf+bX/73/F3/l1/99/zj/yj/9g//k/8k//UP/3P/Cv/6r/2r/8b/+a/9W//O//xf/Kf/mf/+X/xX/5X//V/8z//L7/sl/+K//VX/m+/6n/HuH7NX+PX/jXNEx3Xb07j+rV+nV/n1/51fn2M69f8ta7Q4Df/dX7d33X31/stjn/i189+0W/50d4f/Bv8Vk/+5L/4b/6Hf+zH7736n37rSf0vJ7/N77b/H//u/zOGxiO73cD+kK81MjswN65/59f4jX7tX5Mm79f+zX+N3+PX+N//ij9m6y/6Tf/cx1/8z3/uV3/iT/xrv+sfsftb/y3/1L/8V/5zv+av/Sc9+hP+9n/of2v+yUd/wh/515z8kt/43/tT/rY/4I//437P3+g3+PH//V+vfpt/5KP/+Sf/+t/sd/rd/70/9lft/nX/+R/3v//kf/0b/Iq7/9v3/5z/+Hd68g/+yn/r//41/pPid/xPz/+uv+bH/qj1P/kf/v7/1y/8+/6uX3jwV/41P3j9n3//D/rlf8f/9u/+Db/mX7j1B/6Hb//vX+Mf+1f/xX/i+7/kb/7bf9v/8L/8/X6P//nf+WUv/8off/iX/8fz/+zpn/9n/tH/wNZ/++f8A3/y0V/YpN/++B9avvlTfs1f/1f/pf/K3/0//kb/27/75n/6137ZP/1X/Pu/dfGv/fhvdPfg8eVf96/+IQd/1V/+J/7nv9v//hPZX/jlz/zG//Of/z/+sb/87S/7q/+Pf/O3+VP+ml/1B/2af9fO79b+8n/4b/y9/sbf6v/8M/+Af/s//vcn1f/47/+6/8cf+X//Gr/f3/83/E1/xn/+6/5WP/HtXwtU+OP/r9/t5D/733717//H/nb/96/xe/1J/9fF/T/ob77791/+Hr/dX/y//NJf+Hb6B//df/I/+Z/8Qf/mL/yD/qSHP/H93X/tz3jwB7z8Nf6rX+/hX/lr7P4hf9Ef96/8Qb/nf/nr/OrX/9Inv9Ey+SX/+O/9R/zpf9zfkPzSv+2P+4v+1X//6NVPPv347/z1/tT0N3r50a/3e65+05/+Y05/zeZf/J1+xV+73Pv1foN/8e//yb/r1z//pb/ft377b//vD/7Xiz+2+oOXf9n//Wv8BX/mv/JL/+C3/+Yn/9wfePHt//Vn9v+O5f/y5Y//0r/oD/zOL/9v/stf/Kf9Vj9xmiZbf8kfdPR7/2+/4jf7I/+TL/7tf/J//7cmf+D/cfW7/Ct/12/3737yK3/q77/6X/+0f+WX/+3/2uRf+3ff/N5/++/xu/5W/85v/Xvs/Xrpp//XH/uv/U8/+E//mP/pn73+8T/1D/u7fuM/4eBP+sn/6QfJv/npn/afXfzJv+IvulP9PT/2v3/15g/6k36P67/wV5f/4H/65fd+n9/5D/mLf7f//cfe/IX/5U/9ez/5cZ7/9rv/4C/41y5+69/8b/67/oc/5f/+Nf7DyR+crf793+LL6j9I7v9324d/Yv2L/pG/+Vf+1q/+43/q9d/9e/+mr18d/dmX17v/1K/xf/8ayz/2d/5t//vf4Q/b/f3/hX/jz/jn/q0/pf7L/4+/+b/9236jP+ePrP/0P/Gv+aW/1sl/9n+M/uU/4mH247/LP/7v/P2/3t/0+NfPLv7y/+3z3+tv/VeXp//+X7b6E8e/6J/8s37Tw7//7/nlf/3//l/84j9u6y/5Y34N/P9X/an/6b/2i/6D/+PN3/K3/9kn/+T/+t36r/yL/+3f8G/6P1+8/Sv/p7t/xN/3W/wFP/Yv/5nf+xP+/fH/+Btm/3T5d/8Hn3/2B/1XD//x1V/4t/3W//Xf9r/9ydv/w//0l/z7P/OXfPmX/rt/8v/xP/+qf/P4f/pbX/5P/8Jf/R9/f+un/5x/rvqrfurwD/9j/5np3zr+9q//6/92/+U/+Cv++r/03/ozqv/tr/2PP//DRv/iX/C/nP1Wz/+v3++f+o9+2e+9+9v/9//qH/M//4t/9O/3G/8rv/wX/7H3/uJ/tp7+yd+7/lN+7d/8N/pNf7t/+j9b/9e/3z/4P/+d/9hv+x/8Dv/TH/bor/wjf8WPTf++v/vv/X3/rj/sL/6Zv/h3/sX/01/6N/7l7/6Nv/Gv/gf/mF/4N/25//hP/Wf/5t/wJ/2Fo2//I/d/nf/+n/p1fpM/8NFP/4/PfsMvnh/8Ff/afz+a/uG/4jf8vf+iX/Zr/aq/7I/8k48/e/if/od/43f+nH/h3/v3/+jf97/9c/60v+43+Q2/d/3Tf+mf8Of9U//Av//J+fd+27/j0//10bM/61f+9D/zz2WvXux8/vgP/W+/+iv+5eWPjy7+pz/7yS/9X6d/6v/9a+R/3B/zV/x1/92/9T/+klefVd/+307/4t/vv/706hf+kz95/bv9nWc/Vv/B3/9j/tC/4DdZffmXN//XL/zffvFv8sf/R//8xU/+A3/7//XP/mvln/TPvv3b/5E/+tf48f88/Z1+p1/+O/8LL37xd+//Tz/4v/7bz/+3P/0vPf4lR3/F/3Tvb/+bf5+T3+DP+9tmW//w7/QH/Kf/y9/4/f/zL2l/j0f/4rN/7bduLn7jf+n3+Ut+pzvnv92zo79r8Q/++Z/f//f/4L/2d/6/f41/5M/4F/+g/dXv8Ud89A/+qb/59xe/6B/8DX7Hq3/0v7/37/5zv8uv+s3/2r/lr/vP/95fh5j72/8IRPHX+9f/tj//9/h9/re/+D/5u//2d7/NL/7k4C/9pya/52/8N1//R3/CP/Ov/2P/x+/yL3/0D/zP/8Sfu/3nJX/44//6d/8D/qLlH/YX/74Ppr9s7y/8q/7Xv/73/wVvf9v//ff7e//T69Ff9of97v/6v/eTv/j7Z4d/XP0z/+if/C/92v/7mz/w1/z7vvcX/2/L/+D3+ftOV//GX3+1+yf8hn/3b/krT3+rn/lr/+Q/5cd+1b/7J/973z35V3639WH175z+Yf/7b/Jn/2X/0L/8+f6/cu8vffC7/9bf/XX/5v/71/i1fo1f8kv+2n/+b/sb/4i/86f+ij/7r/jpT/+kf/j6d/53v/P3nv3ef99f8fm/+6f8c9e/04Pnf8G3fuU//j/+tv/Vv/Nv/nF/3d/wt/39Z+PFH/8X/hl/1k/+LjvNn/93/07/5Y//lX/5/H/78X/sz/mr/rer/+Q3/tZ/PMr/tn/1b/vX3z77zf7Tj/+kqz/ul/0Ff9mv/Kf/6n/9dP/+X3vwO/67f/+zf/b3+RP/u3/4v//4jzv7HXfWv1v2B332S/7Jv734JX/D//7f3H/7x0/+5z/3d/ob/skf/+V/2m/6r/ytf/Ff8Hv937/Gb/Fv//v/5x/237z+tUf/xX/w6/5uu3/Aj/1uv+7yaPKDq7/+8N/9t57+LX/uX/hjf/0f+qf+Ib/fPzL5Hf/D+g/7rb/z+/47f/rBwYPf9l/6z/7G+7/h7/zJP/Yv/b5f/I2//y/5G/6D//gX/ma/6tWv8yf+dn/A7t/1h/55f+B/+q//il//H3v7v/3tf+Kv9d/8Nn/sb/YLv3cy2rv+Y5r0+//sH/7r/x7vfpN//X/5v/6qX/bZf/YrP/0Fv/O/+jsv/u3f9/m/8ct+/fNf+7P/8ONf/1f95F/4h9//Z3+7X/Ff/5k/+ef878RFf8a/8wf+bXe+PflNf/vf/j+bZX/Ub/8r/6q/4++cXP3Nv/y//Id/nz/jD/wj/43f4lnzO+7/4b/0D/+nf5d/4e/9a37ZX/gH7f3Z/8DvUPxz092/43tbz5Jf/h/9m3/pm9/r8jf8A/6SP+Zbz4gtfo2fqf7nZ//1//B4/df83v/8P/A7/rb/2n/+y5a/7X/xG/x1X/1ef8Bv9J/9uukv/nP+4f95dvlLP/rXfr/27/je7zg7/q3/+r/uW7/W07/2H/qnfqff5rN/6p/8V/7+6j+5+4/8n7/09/+t/8P/4L/+zf/Pv+Ff+R+e/Xl/wM/8U/9c/eZ/Ofy//vQ/+nf5R37T3+6/+43K//7f/PGDe+PP/6/PvvdX/rZ/15/xR/4x//Wf+Qf+23/Pn/K3/3X/5q/33/x2//q/svhVv/n/+a98+of+1//qf/D3v/3yf/6t/oyf+oV/7V/xD/+6f83Jdflb7v67f/4/8Xv+N7/Gx4/H/+jHv92v8Tv8df/gr/8zJ9Vv/K//5//4H3u6mP/x9fTPOP47//Pf/lc9e/Hl7/foJ//NP+Lod/pv/4P0X97+FV/s/1t/bvHL/s6f+cMe/Dp/6J/8K369P+p/+RW/3n948qf8Dn/eD07/47/3X/nvf7ff9n/6LX7n//6//2P/+5989eLdP/nwd/nzf///+9f4w/6GX/by7/g7iv/w9y7+gp3ZH/Pvz/7E7Ff+u3/bD/7N73/8D/+Fv8W3/4V/4e/4A/6pX+OX/Jl1Wv5G9a/5a/yb9/7Kn9n91/72P/67v/ff9Df9Mfd+0V/+F37rP138o9kfe/Gfv/rH/rP/46/8V/76f/r3+2/+sX/nv/w91n9j8ZP/8X/wn999/Rt99X/8y3f+y4P0T/lF/8bf/U/9fSe/y//6h31R/VZ/3D/17/7Boxcvf9mfuNz9Vd/964p/8Df8mReLf+Bf/AV/2qe/68f/Z/pX/W5/ypc/+fhf/8V/4x/67/wv3/+jf+G//If+Tn/mV3/8H/x7vtj79k/+k8tf/uf+A//8r/Uv/a9/4x+8+Hv/4epf+D3/nj/1V23/4Hev/8Df6Gc++z3+iP9j+7f+y//bX3v943/2X/5r/yV/6p/4Z/5Pv8Z3f5/f++w/+OJP+9uOT3+rN1bL/wn/xf0/5z/49l/223/+6q/77Pg/+jf/if/kt//v/uE/5l/9iX8t++PPfs3p3z37Xf6kf+gv+WP+rl/jr/0lf82zZ/989Xv/Lv/rr/74f/s3/67/61/4O/6bf+B3+teXv9fhv3j/P/4tvv3f/91/bvKb/m7/y/X0V/3Lp2/+jD/oB//6b/eX/DH/FCw9W/v/+9/+fwDOpJ0YqAsAAA==" />
        <Entry handle="54" bytes="H4sIAAAAAAAEAO29B2AcSZYlJi9tynt/SvVK1+B0oQiAYBMk2JBAEOzBiM3mkuwdaUcjKasqgcplVmVdZhZAzO2dvPfee++999577733ujudTif33/8/XGZkAWz2zkrayZ4hgKrIHz9+fB8/Iv7vf+v//o9+jd/sO8/Onv0av+av+Wv8Gr8m/fdr/N//169xePLq9PjNl68epRez7Z9e5Rfp5e54J91aN8XyIj37zufpd16efp5efrp3Z5T+onVWFu11+ll6sJP83//ur3Hya/x6v86v++v9ur/Or/fr/bq/3q//6/96v0HymyXJj/1Y8lv9Jr/pb/Sb/ba/1W/32/22v9Vv89v8Dr/z7/67/A6/44//Tr/Nb5OO0h//hR/f+dad3/532d7Z3tr53bfubAHIr/nr//q/fvIbJL9lkvyWW7/Db/M7bL3383//Q7/Gb/4b/BqzX2P2a/+aH/0av9Zv/mv+2r/5r/l//2O/xu9Cg/x1f01+fg19fs1f69cmfH/93+DHkt+QGvztv9mv8Wv9mr/2r/1r/Tq/9q/76/46vw59+0vo+1/j1/nNf93f4nfdPf71fsufyH79j37Rb7X3B//Jf/Fv8ONP/uZ/+Ld+9S//T7/bvUn9h/xY8tv8tr/db/87/O6/8OOtO9/av//pg4OHj06enj77/Ntn33n95quf/O7v/fv81HSWn1/Mi59u2vXl1bvrH/yhf9gf/kf8kX/UH/3H/Cl/6p/2p/8Zf+af9Wf/OX/JX/qX/eV/xV/5V/3Vf83f8rf+bX/73/F3/l1/99/zj/yj/9g//k/8k//UP/3P/Cv/6r/2r/8b/+a/9W//O//xf/Kf/mf/+X/xX/5X//V/8z//L7/sl/+K//VX/m+/6n/HuH7NX+PX/jXNEx3Xb07j+rV+nV/n1/51fn2M69f8ta7Q4Df/dX7d33X31/stjn/i189+0W/50d4f/Bv8Vk/+5L/4b/6Hf+zH7736n37rSf0vJ7/N77b/H//u/zOGxiO73cD+kK81MjswN65/59f4jX7tX5Mm79f+zX+N3+PX+N//ij/mv7z/P/5O7y7+0f/9D7t89B/83dn08r/9+z5//Be/+A/+sf/9l97/7O/8Y/++h+vf7k/5d3+/f+X8j/vls7/vj/sT/6V/6bf5u//u0+PF9aK+t/hFv9U/+m88+I3/j7/mZ/6lX/O0+d//xT/+8f2/5Kd/rX/y9/4323/3d/xH/uL/46/9Y//wZ8kPfss/9Z/8T1/+37/GP/JL/uMfv/wz/tn/ZPE7/5Wr5C/5D579Xr/2v/rb7f+a/+pPvPnr17/Xb/h3/IaLX7y49wt+0e/01/yTv/z+1f6f+uWb3/h7q7/k7/6r/75f/B9v3f0v/pa/8B/7e/a/u/o7/umP/pT/5X6+/I/+s1/xv/5VX/5j1a+3+N3e/bUnB//d3b/04//ln9959Pd88uNn//Onf+Rf92u0f/3v/+Xf9y/Ox7/5v/if/SZvf/+P/qBk6y/5gx4f/qe/7T/0q//C3/F/+2O+ePv83/hX/o2rP/6rv/5v+Gj0h/1V/8TJr/0n/7t/3O/wv/ymv9X/8bv8z3/BH/wf/6c//ef83v/av3b0X/wp//jf9y/c+wv/3n/0B5d/49+29eP7f87f/zcsvvP3/VW/rP4VP/mr7v3nf+Gv8ed/6x8vtx8fL/b+3X/8p1+d/nF/+vpPW/zD/81v8Hv84K/7P47/57/t//rt/o6/6e/9n36PP6r6+/7iT//t3/UfOKp/wW/3p/+uf+8v+rf+sx/8m3/7//Hyf6r/t7/3H/mVP/npv/KPX/zMP/77Hf6tv+D3Sf6kX/Qn/1P/wu4/+df/zP/81xW/wxf//K/8I/+jf33ye//yv/Nf+4+/9yf9ocuv/pbf5Nu/4neb/e+/5e/35l/9R/+NP6z6nz+t/+2/4qd/3595+K/9A7vF//Tu3/3iX/vr/7q/ofru7N+4+s3/5j9+9sf9d7/77zT77w+bP+Q3uffH/Zu/+1/xMzv/8+/xhz9+W336d/4lv+Mff/Rjv+Hv+Gcdzb/97/ye6Z/w+cF/8+v+kj/+Lyv+jp969uf/un/En734rf/6P+83/DsOJr/vt/7E7Lu/wT//g7/1xU/8omd/82Xxt/7Dv/yf/R9/w3/yL/vn1r/6999r//Q/6zu/3W/8V/95f8LZf/pb/2Pv/s5/4s/8D36r//n3+vf/t+b3+7v/hH/3n/4TfuKv/PeO/re/4tU/9/D1v/Qn/fqf/DG/4l/8Y49+sz/hv3zzt/zPT778m/+7P/Wfevdr/Ubf/uu+/U8f/UV/5x/4nf/s/zj8K//r3/L/+Ml/5Xf5qb/tj/iPft/f59t/x1/y5jf6Q9o/4B/6j/7nP//v/Zt+8Xf/4Ce/xT86/V3/yOr3uvw7/6lf8dee/eQ/+s/8Ld//xf/ef/ozv9evfvzuD/2J4m9f/C6v/5Y/f/zm3/vd//Z/5bf7z7//j66e/J7p33nwL/4uf/j1H/FX/kf/4G/+vz3/Fz/+o/Z/x7/29778w/f+tH//t/9Vf/Cv/m//5H/33/gHf89f/8W3/oi/+688/WuLB5e/5X/6z/5df/xf+rv9cf/pj/8Nn/xXv9Of893P/+R/5i/44/63f+e/+f3/yH/0H9n6k/+d//bP+P22/oR/f+8f+xPv/Bf/6cd/9T/0+C/413+bP/Y/rX6z4t/8bf7k/+ovSP/B/+Bf+Kv+pOX4D/tT/5H//vEf8Kf+Mf/0//zZn/bot/0Tf+fqr/+P/oJ/88t//dN/78lv+yvrj/7pX/aL/qvf85/47L/973/x7/8bvWu//HV/xd/xR//lo//2j/7oz9/+8d/k71udTD/6c6o/vVme/yd/91/44//Sv/PH/sL7//6v/Jv/+d/qv7nzO/y6v9VP/J6/3Q/+71/jj/nbtn+DX/WDf+CvXCzu/Pa/+d/7f/xnf+Df8/Bv/HMfv/2d/4a/+K/8D7/3u/97O3/0v/0X/Pt/WfkLfsf6d/nPf9W/+fBXP/sXD/63v/Ov+SP2/snf5c/8zX7f/+zX+x1/2z/5v/0P/u4vfpd/4rt/zvf/9L/+L//bJvPs8vyXPfqnfuxf+A/+t3/y6G//h//Ef+Rf++v/6Ue/+B//9/7oX/hL/s3/+O/9B//O+e+w/hd+RbP99y1/nx/8Fm8ufsVf/63/+P/6DR/+hf/xv/Cnv/uf/rbf4t//I//s//R3+/N+i//sN7r4O36Nv+Ff+O/+5Ld3fucnv8t//v2/6b/4z3/ff+af+9vqX/p7/Jtt+y9V/93Fv/bX/+T//J9+dPAz//Lf93f958/+g7//F/1+v8cf+IuW6+1k/ff9Mb/jv/sb/lt/w6/3P/zXf9fyd/mj/sZf919d/qH/zes/97//ZenlP3Ovffgr/4b/5F/9T37hXzz/X/+rv+n3/F9f/iO/6//yb//dk1/vwfKf+AOTX3bvN/qti3/jj/joj/gbfo8f/wd/7I/+y3+HV3/pd89/yV/yx/32x79++it/6z/0r/7f/sV/9M+Z/Smf/5K//vf+R0ezv/Yv/rN+m1eHv9nDX+9P/DW/ff4/vfgjD3+93/izP+313t/8L/wr/9Vv9yf+owd/4x979PHvdf+v/Me++MGD81/j9//n/t3f9O/9A//wH/xNL36v/+Bf/vN+y3/5V/8l/8fn/9p/f/8v/C3e/TH/xT+Tv/sb/ob//M/4LY5/+1/vyef/6h/zq7/7D139yf/h/3b35O/6I/I/+/f7Z0Z/z5/3h/zDv0b1r/3mv/+v+bf/H3/BdO/Pm/3nL+o3v+QH/+a/8w/+rf/dL7z7h/3gx+p/7n/5o//yyT/5q//Vh//X7/3X/sl/3m/5+V/yE6e/9a/3B5/Wv/9v9X+c/eL/+Pf4df6b3+Ef+LN/erz8A37Dv/33+e3/9Pr3/Pf+4ev0u3/ou+p//VP/zeV/vvMf/ld/TvMP3PsHPn73D/2v6X/5q/6lf/9P/7fb//qf+cv+tB//e4/+rH/tb/vjH7z56vtffvm3/X1f/Vfj3/X3+TX+71/jH/iD/7K//V/+2/7Z3/PX/Sv+/Itf43f+S/7g7/6q5Ff9I//q//on/Rt/45/z5o/8Pf/V/2TrF/1d/8L/8Jv+fv/WL/jT/5X/+i/8ne7/y3/l7/6//rX/0V/9F/zDf+sf+/c+/Hf/2YOD3+N691/7Xf6Tv/63vnP/n/uT/9Q/58s//S/4n36Nn/iDdu68/S/+wj/69/v4X/uld/7rP+Nf+t9+i7f/7S/+b9N/9cu/4rf/je595+B3/Jf+6n/nP7r4K47/17/xt//XfsXf+Av+q1/5P/3eP/2//4V/dPur/pdf6/Nf9Iu+9Qu+LP+C09/rj/2p3b/yl/yJf2f1+Hf5j//a//ZPba7+4//zW7/4D6lnf8q/8Onkl/zTv9O//s9+8Ws/+9t+l//qz/niD/tdfsW/8G//toTzL/tHfurP+Puv/9c//V/9+1Z/x9Hr/2T/X/v41//nf6f/5cEf8q3/86/8x//B3+K//g9/9//6X/3bf+snb/7BP+Pl3/GbTv7K3+Uvr3/JT//YT//i3//f+r3/6LN/4s/94i/7+/7OX/HZR//3r/Gf/Mo/uP3nf+o//b3+3n/zx/+I/+bf/+fqO3/EF3/NP/pX/Xu/bfW7/NRf/le/+yv/45/8Kx9/9+/56//NP3L5C/+0X+NP/f4/8of/Wb/k92l+v7dX/9On/+I/+dv8h//Tn/Jf/X7pX/CP/Te/+1/56b+582N/xoPf7X/4Pf+hv/ofevhr/6H/0N/w3X/8H/x1/4/sr/zzH33y9jf8Jc/+kX/rj/9fvnf2Z/wTz85e/6H/7t/xg3/j//h37//N/+WzP+3Vn/NX/fdb/93f+/f+N3/iX/rX/cX/02/5G/wD/+zb//hf3/sD/9pf67d783f+S9P7/8a/O9r9Pf/kf/ev+d2+tfPX/EG/7q/9byX/0z+7+AP/kR+bLO7/u7/RP/1b/ln/+Z1/8c+4/o//tP/zX/o1/sff92/63/70//jf/R3/oP0vXsz/lE9/1W/92zz/NX7TX+PX2Hn3f3zyT/4RxU/8Zf/nX/jgF//+X/6pv/9f/W+Ofp3fsvgX/8x/4z/88//Fv2r+1zza/h//1z/iT8zf/dZ/6n//m/1lf+/v8+0fr//Qf+q//zf+mP/1z/hr/ss/6/f78R//c/6Rf+Pxj//H/+f5gy9+r2d/09/17//rf86v++//bzu//e/yB//1/87W77D46T/xz/kHtn/mt/9X/r77f+k/+9e9e/P7/sO/w4P/8a//p4uvjv+vx3/qn/TrHf6Xf+NP/2e/9He++8c+/r1/5S9I/pVf8U/99fv/8Pm/+ve9/hve/A2/4p/6fX+jP+7P+Bf/y9//+c+8/jP/mf/t+j/59X6XX/Zf/be/6o/7A3/qV/3K//X6u7//H/tj3/qr/5f/8Ms/+8f++z//n/kD/5G/5y/++L9b/j33/pyf+P3+zd/vr/wrf+bj/+33Wv9H/+Fv/nv9Nf/Noz/ut33xu87/km+//OOWP/67/am//P98+6/9is/2/tk3f8fbX/LsX/kN/6rf9M2f/Wv/pv/G3/ATv+//8qf+qX/vgz/mJ/6tX/W7/Cd/4h/+u//LP/OL/6p/5M/4U36f+d/66/zi3/hvmX36W1/9Scf/1D+6/I/+9z/h3/prf/9f9x/4rYtfuvevrn+vv/7t7/2v/V//9uLqP/uz/oA/bfyv/zu/wfRPav6UF7/Hv/83fvv//Ev/gNfZX/L7/iH/wOSf+6//hP/st/71/5df9Qf+1H/2S3+N3++Li/95/L//6ye/5M98+Tf9B//k3/ln/46/8T/4J/z2/+0f8Rs/+3v/+D/xL/vHnvzl5d/wF/z4n/13/8L/8a/9v/62z37ZP/L7/YK/5X/6O/7gt39Z8RdU//b2H/rr7P0D/+vDyT/2p/6KX/h3bP01v8N/8Df/lf/V5fb1X/v907flX3bnTzn5g//Uf+k3ff39P/Jf+AX3/5M/8df/d//rX3D33/gffuGf/T9M/s1/8Af/zX/z6/2Lf99f/mv+zp9/9Hf8gRf/VPur/8Df9Kd/h52/9e/8vf7Pb/3vT/+ML/7Q9q/5L3/w8Pf4H/78f/B/+h3+4v/kL/yd3v2B/9j//sf/Vf/y8v/4VYs//Vf+QX/Zvd/kN02uP/tNf/r3/8N+4e/+P/8Pf/f1b/Vn/gZ/zh/+t/3+f/ef82v/dv/+7/Lb/zq/4j/6C/71/yj7b/+e6z//p+p/5yd/9X/3J/7kX/+7P/6tH/7jP/03/spf8K+e/lbf/Qeuj4//69Pf6tf8ny7+6P/j4q/5D/6bP/Nv+m8eXP22v8Ev/JN+jf/l3sVvtNr9C+7837/Gb3r/j/1D/9N/8DfZ/qPeXv/l/+Afsvdf/Ze/6+/zD2X/2x9y+kuav+r/uPM/Hf2l737ld3/p7/S3FP/+H/u3jv+zf/rxn/LkT/rWv/En/0//4T/8v3/23z34c6o/8q/7Xf+eP/zv/HzrT2x+11/x6/yXv97f8b/+L3/7H/f3/2lV89f/zp/8c//3rzH/A3+z3/9/q/7jv/2f/y/+1Pp//TcXj39i9Eetfs/f7U/9Q3/5b/1f/+l/5H/6e/yGxS/d/Zf+8n9l/U/9ft/7/A/4v3+NH//T8uxf/oN/5//2t3z9n3z77zv5xb/kW9//b3+HP+xP/Rv/5z/6dxv9+4/+uF/2/T/zH7n7W/ye/8Cjf+n/+ud+2enoz/y9qr/5jz78k/+3H/+v/6/f+r/9DX/1g//t+e7v8e88+pd////hV/3N/9Pv8T/++4t3b/+j6g/7237jyb/4+u949Mf9mz/5p/zY9Jctj77/j/7F6a/55/1k85f+2O/1F/7V/9VP/HN/7au//L8b/Xnr//D7v/rys+ft3/g7/p9/zX/0d/1d/9vsr138On/rr/v3//H/2f/yr/0d/3ry7/157W//T97/7/603+w3+Id/+9/6L/4v/8K/8Jf+gn/9P/uX/4cf/3v+tj/ub//vfvEf8lv+M//LX1Yf/oq/8Xv/22/9n1S/+e//v/2n3/6b/8E/5uy//zu/86/8vn/bb/wnPf47/onv/RX3/oR//7/9b363v/XveDb6M/6nv/qzf+TXfP1r/Br/0F/312T/9Zs/56/e+iv+zd//iz/2j/+pP+lPHOWz7d/qJ37qT/qtfuL01xj6/x/4f//b/w98ol/zew4AAA==" />
        <Entry handle="53" bytes="H4sIAAAAAAAEAO29B2AcSZYlJi9tynt/SvVK1+B0oQiAYBMk2JBAEOzBiM3mkuwdaUcjKasqgcplVmVdZhZAzO2dvPfee++999577733ujudTif33/8/XGZkAWz2zkrayZ4hgKrIHz9+fB8/Iv7vf+v//o9+jd/sO8/Onv0av+av+Wv8Gr8m/fdr/N//169xePLq9PjNl68epRez7Z9e5Rfp5e54J91aN8XyIj37zufpd16efp5efrp3Z5T+onVWFu11+ll6sJP83//ur3Hya/x6v86v++v9ur/Or/fr/bq/3q//6/96v0HymyXJj/1Y8lv9Jr/pb/Sb/ba/1W/32/22v9Vv89v8Dr/z7/67/A6/44//Tr/Nb5OO0h//hR/f+dad3/532d7Z3tr53bfubAHIr/nr//q/fvIbJL9lkvyWW7/Db/M7bL3383//Q7/Gb/4b/BqzX2P2a/+aH/0av9Zv/mv+2r/5r/l//2O/xu9Cg/x1f01+fg19fs1f69cmfH/93+DHkt+QGvztv9mv8Wv9mr/2r/1r/Tq/9q/76/46vw59+0vo+1/j1/nNf93f4nfdPf71fsufyH79j37Rb7X3B//Jf/Fv8ONP/uZ/+Ld+9S//T7/bvUn9h/xY8tv8tr/db/87/O6/8OOtO9/av//pg4OHj06enj77/Ntn33n95quf/O7v/fv81HSWn1/Mi59u2vXl1bvrH/yhf9gf/kf8kX/UH/3H/Cl/6p/2p/8Zf+af9Wf/OX/JX/qX/eV/xV/5V/3Vf83f8rf+bX/73/F3/l1/99/zj/yj/9g//k/8k//UP/3P/Cv/6r/2r/8b/+a/9W//O//xf/Kf/mf/+X/xX/5X//V/8z//L7/sl/+K//VX/m+/6n/HuH7NX+PX/jXNEx3Xb07j+rV+nV/n1/51fn2M69f8ta7Q4Df/dX7d33X31/stjn/i189+0W/50d4f/Bv8Vk/+5L/4b/6Hf+zH7736n37rSf0vJ7/N77b/H//u/zOGxiO73cD+kK81MjswN65/59f4jX7tX5Mm79f+zX+N3+PX+N//ir/ryz/6L/wt29/j1/jdfsO/5lf9rd//F/7ev/Tv/MN+43/rv/5Tzv6j87/3b/39f5df+q/9Vf/i//z7/UsXv8d/9Sf/R7/Fr/F/jR/+1//Bn/cz/9SfW8y//7/94f/zf/Cr/7F/Y+fffXf+i//6H/uX/+k//T9d/fPf+k//4L93/q3jX/7f/oU//Y/+T3/mP/4P/jb/1e73f7c/59/7e/7iP+s3/it+xU+9/rFf/6/5U//Fzx7+J3/3n/8L/qk/6xf+or/yr6i/95//Xb/un/WD//T3+BN+3bO/6h/+3f+a3/ZX7/7RV7/Oj/9zv+k//Wv/zr/HX/j3L37dX/9f+k//6kd/7NP/+9f4G/+u/+E3/Sf+xd/23/un//N/8q/9Pf+Ez//932v26/+K3/q/+g2z//nP+U/+g4d/6k/8Qb/+y//o1/vDfvO/8Pf/M/6B1d7/+Rf8t/98+w//zEd/8L/44/f/u3/nwT/5J/5mxb/z1V/+l/05p3/8P/kn/xb/5H+x/8f99n/Qb/fr/Op/40/5E/+Xv+R3/T3+yz/10Z988T//9b/+b7v6Ow5/mz/o//41vvOP/M9f/on/1y9897v/93/kH/27/S1/9PLX/u3+7P/kj//T/47/9Mc/+a//5F/1r//Er/7Of/NP/Od//T/5R/51/87pf/tHf++3/od+5if/57/hL/9P/88n/8TiO//G7/jtv/63/Wf/hN/uz/qb/tlf8L2/8C/6P/6a3+KXvBq/+KS49/f+nf/nX3L/3/rX/77/9vvf+o/++4Nv/fYP/8nf5R97+61/8T/9v3+NP/63/Ik/+n/4y/6lf+df+6d+7b/6D/+Dki//qvJ//t/+zT//3/rHf61/71v/zL/0l/wl/8M/9hf/MX9nmT37xf/Xn375v2w//DPu//i3/8A/93/4W/799f9x54vT9rf+1t/+u/z+f9///uf+o3/g7/D3/c5/w+/7+fLv/Ff+nS9/1+Qv+W+2/6C/8Ff+wekv/YV//+g3e/b5d/63b/2KxfTv+jt/r/xvX/xb/8Xde9/aefRH/EP/46/4G/+Ox8n/cvYf/f2/7n8x+Vf+9j/sN/rnfvCnTH/qj/7Hf7c/59HWv94sR//+X/LHfHLvL/rkP/sD/50/47f4v3+N3+qX/0d/0t/2j/93f+mv+q3+pO/9mb/8b/wbPvnP/sZ/55+5/3v85r/8l/zLZ1u/+Lf6Z56t/vlf9k//q3/o//HX/CWnX/wJH5/+q7/7v/PP/p9/8MHo9/6P/rl/dPUr/uK/7c/+4363v+GPv/pTf/ut/+LJ6vPDv/lP+Af+/f/zW//An7w4T/+03/i3/epV8+f9s3/er/4T//3k99n+76e/wb9S/Dl/1L/V/K4Xv8bOP/EH/pd/4e/yH3/3d/lv//e/+5+8/z/+gb//fzb9/t0/53/9x9/9s7OLf+D3+D+/+sH5//kv/Zd/3le/43/9a335m/9Rv9kf8fpv2v2nkx/8Wr/nb/97/OG/z9+Tpr/2v3r/X/8t/5Tv/NO//U++e/S3/Wf/6R/+f/8ayb/0d5/97r/3v/P5r7P/h/4Pv9Fv+S/+9ef/1v/9a/xTz/6j/336v//k3/8f/5//+t/01e/2G/2Wf+LzX3ZWvvnlf8pnf8i/+Q//O4u/8w//U/6vf+Kf/Md+0X/zW3zvr24WH/0Zj3+9xxe/29V//a/8ff/7f/PLvvpN/7S/8B/7tf/Lf/qTv+fvPfjb/8Xf4P/+Nf6RX+fP+Du/+7//if/O3/fn/xW/3V9w/At/ye/xd/+Jf+Nv9zfe+Xt/9W/5z/y5P/mf/UXl//1r/Ka/y1++evXqT/kz937x//ror/hP/rzr3+df+ukHz59/8vh//5OXf+/5rzG+/F//y//jl/3+F//b6eO/Mfmv/ul/M//TPvlV6d/4R/7O//353/Pv/xp/1t/58N/7NX7in/zpX/33Pvvy7tnf8uLP/QOOf9XWX/9X/PW/1R/5h1/9qfk/s/WX/C2HT/6BF//n3/CXbP+n//5v8FdN/vnZr/db/Uf/96/x1/2B//Pf+Ne9/c//wH/nf/+3/81//Oh3+Xvnf/Zf/3/9cy//5H/i2/W3/8V/+Q9/c3Xvr/6b//O/59mf3/4Wr7bvXld/5m959/f//f/e1//h7/3ib/5n/ol/4Vf9nk/+wOtv/R2f7X36y/7EL//z3+fR7/eX/uXP/pVP/u3f60+p/8B/5R/4lf/Xw3/8px78PT/5bPRXfvYH/uf/U/Nf/9+/xui/+U/+/L/j//oHftmfcvkP/or/6/TzP+j5X/V7/QF/0W+0dXX+u/++/2Xy8K/8/PG9v/Vv/3sef/u3LT7/k36Ph//Nb/Lrl5d/1d/5ax/+l3/Pn/jffv/3+qr5U36v7/1Wf9t/+Rv+gVe/6g/81r/z8M7v8qv/wX/jb9r+8yf/2t/wG/55v9a7v/7PHv9H+Z9Y/jGrv+sv/53/mL/mb//1f/uD3/mLN3/GH/jJn/1b/ob/avpf/BV/wvzf+epX/Zu/7K/5Hf7Sv/rvfPyH/ql/wt/27/5Lf9Q/8b+c/bk/OP8381/7z/8Xfv3f5eT3/yU/Nf5n53/mr/6rfv3/+vf/tf+33+e3+W9IxP/2v/PVv/L3/Vd/+ZuLP+X3/L/+9l/5n/xPnyT/4/Tv/PX++n9u+7f6id/3v1x990/4v/6lv2D3X/7bPnv0b579a3/b/P4f+/f+TbM/4bf/p7/6oz//HX/lb/pn/YK/6A/4E/7IP+d//dav+k3/17/5H/x3/+ff5l95/H//Gn/t3/zH/9gv/2f/5v/r2d/wY7//62/99f/Lv/0Liqum2v7n/paT7Nf9+8p/+/f+0//sP+Q3/T1/7z/lD/wtv/oH/s3qz/97f9ff+C/4c//B//1X/E67f/k/9pf/RX/y93+z2V/z5/1HP/hz/pStv+73+MGf8o/8Dpe//R/3N/wav3/zT97/N3/Hz/7sf+i//tv+z//+x37mH/u/f42/4Mf+nCf/1Jf/+x/2N/zfv8Z//Ev/+L/ov3m0/m//m//g93r+t/xhv+bfO370f62r3/t/+i//sL/k7/lX/4x/92Xyu/8D3/7L/tHf4vHf+vf+Hi/+kL/4X/uJP/WPevaH/mlv/tTH/8j3/qwf/zP/2V+9e/FP/Hd3s5/43f+zvX/gn/rvf/fxb/Ib/Dvf+hv/6H/u8pf+rv/a6xd/3j/9O139pr/V4l/7rX6jX/R//DV/4G/y31Z/+U//r//mg60/82/+J/d+r4/+01/3D3r443/5yV/17/5L/9Wf8Dt86+h//sF//wv+hf/h9/6Ff8fuP/tb/la/6J/46g/+h3+Xv/zJv/rs33s0/bf/mn/vf//X/4G/8vr+v/eX/W7/yz/zr/xJ/97v/I/9l//7v3r/+X/4jz/+U36Ln/o9d3/XX/vX/6//mP/w9/p9/9Of+O7f+vdcffbxf/R3/tE/c/cvefeH/JO/+vXp7/LT57/5X/6r/qy/6Y/+o/+h6u5f9N/+m3/V3/g3/bZ/+S8t/+1/+nf/8/+z7/wt1R/w7/+a/8Inv7z69t/12/7U9/+y/+g/+72Sg6O/++XbP+Uv/fL1v/yX/ra/4T/+Z/xXf8kf88/9e7/xz+S/+uk/83f+hb/Nr3j35/16357+EY9/87/wV53/lb/qz/nV+//mP/q7/Lb/w//1r//PX/5jf90f9/if+Ht3/oovf/uf+Dv/95/82/7Oh3/z75F8+z/+S/7g1y9/YvYb/eLj3+I3e/fwv/+J/+Zv+Jl/6j/6g/+ssz/hX7/8D+7+Tf/Y1e+y++f+Kf/Mb5z/Pr/vP/6//tV/2Z/+p3/v4Nf4n//gn/qvq9e/1X/2H/w5f9n4v/2j/rx/7E/5p/+UX+N3/b3/ly9/2V//2330Fxz8r39ucfbr/B//wl/5f/8a/+bnf+Tv/fu++3e//ccfzf6U/+UX/JJfmv3+v2j/f/67P/5nvv+XTf+L3+///Gse/t1f5L/+/p/8P/3z/8jy818n+xP/kv/krzr9tf/oP/XqN/hNX3//r/zHvvcf/s3/29/5k//Y7/6n/43n/9Xq1/8X3v7Z/8Df/dv+Nn/Tt/+a7/7Kv+9P/If+jT/lj/nBn/X6r97/6xe//e7f/ie8vTr9J7793/4x/+Db3/7P/M7/8if82n/V1uoX/+vf/+z3+vxP++1/6/N/6Ivf8ff95K/4zf+yf+8v+5P/q3tffOfB3/4rPnrz9hc/eP2n/y9/5d//t/2Df/Wf+pf/k7/T1d7y9/8P/su/+r/9Y371//gf//n/5r979Lv8b5d1/VP/xG/2S//iX+P3+Gf+gd/wX1v883/7P/L9T36j3d/1z/y7/sa//R+8+G//4V/8P/25J6v65e/12//fv8Yf9M/8R7/0z/rrzv/+f/d33v/99/+9P/PND3733+onfu8/f/Lg3/8b/6DHx7/rP/g//5N/1N/45/7Jv/t/949/+a//07/HP/fd//Bf+Y3+4l/wt/9Pf+A/9nv8mu/+yH/kL7jz9/3iP/cX/4l/y5/9z/3Nv+9f81v+Vn/ow1//4Mf/m9/4zrP6j33z7//Zf8fv8Ncn9//0588f/id/6r/6z/2D19VfefIf/erPf+/f6j/8pz/e+6N/qz/p4eM/7r/8K3+7f/wX/dQv/0W/Y/m3zb/3e/zi3+lf/3P/2n/2n/5P/t3//B/64//ew39l56/8r//hX/uX/3X/7Z/29/7df/xf+ot++3TV/HHf/eynfrs/+zvbf+9f9ovfPf9n7/zlT/6y7Bf8Pr/X3/Or/+Qvn/9df8Y/+/oP+W/+kS//wyf/8L/89/8G/9Uv+Wv/gS//6L9g7/f8Pf6TbPd//OP/mD/wL6//gV/wr776Hf+rX/e//e/+4D//J7/7+33nb3j27V/wj97/FX/43/YP/rp//X/07X9tPtv6NX773/zP/hP/tT/5z/s3/7K//x8//xt+5o/7c/7aX/if/Hc/81de/9W///f/vX/+F63+hP/ln/vP/73//nf6mx9+/Mv+mu/+LZ/9M6e/0381PS3/sz/u8m/8G/+vf/t/mv2Bv+kf+X//Gv/jP0zW6n/5E//E3/A/+r3+2e2D/+0X/l6nf89v9N8++ql/4p/5w1e/wcd/3Ow3/xP/sf/99f/65/07v/c//6/+cZ/9t3/pP/PL/7Rv/6V/wF/5n//K//27v9d//Bv+u7/jF/Vvf//X/A2/9yf9Q3/2sye/0/qf+I1/0S/6d/+5v/aP+79+zT/hW//Dn99c/5V/359Y/p4X3//L/qS//p/8Oz7/V/6+//o/+um/53/4677/J/6Nf/k/9nv/7n/m57/uT/4mP/mT//V/WP+Pf+xP/Qe/+O/9N/+23/sfO5o+njz+7//Jv+hfOPg/Pvmv/8F/+8l/9+/9zO673+vX/l9/8X/9cvHwt/tdv/cn/ur/5h/4/qe/w6/8o++++X3+3d/3+1/8nf/sb/7vfu+//LX/qz/0V/yNf8PvcfEX/nr/4f/24B/676u/5q/806/WD/+8f+TF8+n85W/6D/72/8fb+ZO/7Lf86ndv/ul//D/Z+dP/vV/w2/yFv/uf8Vf+Vf/y6W/1L6z+in/qj/lvTv6qP+AHf8je1l/yBz38E3+Ld7/pP/pLP/rbv31/e/xr/VW/+h998g+8vvj1/57/6Ff+dX/97/Uff/yHVP/I//gv/cd/2F/1D3363/3L/9e7/Z/44tOTP+z3P/no9/+Df7/kF/3hf+ff/+WvXH75K/6av/F/+g3/4f+u/t3+9e/+W7/v3V/xU1t//Zu/sPkL3vyn/9af8Hv8Qb/fb/7v/3P/+9/9a/+d/85v+X//Gn/UX/sv/UzyP725+C//zn/gz/w/f/Wf+n/unv5WD4/+49/u87/5L63+p7f/0L+083v8W//B+e/xX/5l/8tv/n//Gn/xT/7F/1v1H/8uf+e//e//FX9k8Tv9HX/Y/pP7/9bf/S8cf+ug+if3f+L3+buP/ov/+Q/77slf+0f8dn/xP/XH7P+eP/jvX37rp7b+6v2EBvN7/N//9v8DUz88gRcOAAA=" />
        <Entry handle="52" bytes="H4sIAAAAAAAEAO29B2AcSZYlJi9tynt/SvVK1+B0oQiAYBMk2JBAEOzBiM3mkuwdaUcjKasqgcplVmVdZhZAzO2dvPfee++999577733ujudTif33/8/XGZkAWz2zkrayZ4hgKrIHz9+fB8/Iv7vf+v//o9+jd/sO8/Onv0av+av+Wv+Gt+m/36N//vf/TVOfo1f79f5dX6dX/fX+fV+3V/31/uxX4/+/xv+Br/er/cb/Ia/UZL8hknyG/1mvxE/v9lv9Jv8pr/Zb/qb/Ea/5W/5W/1Wv+Vv+Tv9jr/j7/g7pfYBkF/z1//1f/3f+Df6jX+73+w3++1+h9/6N/+tfwf37S2f//sf+jV+89/g1/itfo3Zr/1r/ua/xq/1m/+av/Zv/mv+3//Yr/E7/Bq/xq/56/6av4b3/Lq/xq/1a/86v96vT9/t/2a/xq/1a/2av9av/ev/Or/Gr/1j/B398ev8ur/Gb/7r/Ra/62/5W/22u6//lH/l1/+tP8p+/Bf9Jb/N7753/Goy/YP/E3rrd/w1ATEAya8xyHu/+a/xa/7av+av/Rv+Wr+u6fTXpO5+81/n1/2J3+K3+q1/m99199Wf/Bf/y//Kb/k3f7Q3+UV/8K/348fZP/w//9//zq/xG/3a1Og3/7V/81/j9/g1/ttf8T//z//WH3L4W6Z/RvGnnf1uf8LDP+tv/Y3/6d/tv/0n/v3f8D+o/+jf7c//a//6n/nH/8rfrfw1j/6B3+K3//1+8k86+XVnf9Lpv/Nn/d3/6+Qv/gc/+2P+u9/j7mftg4v/+q/4dz76Z8fpX/fvnv63P/47f/kf/+Z/4R/6yT/8W36x/ef8s7/Dr9j+t/7A//anHv15/8KDrfaf+6Oqf/tPObz7W/1J/+Tf+dHZ7/I//arv/em/6h/8x/7KX/In/qd/3e/47/xnv83Fr/Fv/pZfLf/Zd0fHf/vhf/crfsmv87/+8bP/4g//qX/h+3/08V/zn/1Pl+/+kv/yN/789/kH/vNnv9XfOn33r/6tv/nZv/wbLP73//H/+Nuzf/N7/9jkO//dL/yj/5B/5+13/vTHf8t/Ovlnfu9/8u//sT/4r//uP/D3/8m/zx/36z78Y/6X3+0P+gXFrz/+P/7Qv+Hfmf+9f/6f8jt//7/4c//X//vX+Mf+7v/4b/hf/tx/9G/8bSZ/9N/86Ufl7/tf/RcP7/x7f/Rvc/pf/fZf/ie/z7fzP+Dq1/8V/8Vv8mf84r/rb/7XfpN/5rf7w/b+rf/0j/rJe3f+2H9ssvzPF//Q4V/+G/xuf+v0T/41s9/pO9//p37nB//2sz/7t/6D/8XV/D/44rf4e/6N3/Ov/84f9U//ccvf5ff9937r3+Efv3771/81/9M//tvu/ys/9lvtffRX/u9/7urX+Ff/tuZv+V9+7C/+63+Liz/iT/+rv/xHPv/1vvydf+e/85/4+3/s9/5b/tkX/9xP/y3/xH/1j3978Xe+/s//pT/k+Hd+9qe8/TWnf/VP/d+/RvbJYvnj19/9B/7F7/5LX87/td/nL/69/ry/97f4I/6zavaLXv8xv/yvO/v9fpvf71/6J3/H3/r3m3z7P8z+j7/98eVf/R/99tu/+M958N996z/7zf7JnX/m3a/z1y9/4V/46bf+3MV/+etc/O+/3t9zeP9P+Jv/tv/zx//tyU/l/+c/+Uv+xb/nr/s7Tw+/+9988Tv907/Tn/KXNn/UL/iq3flr/qS/7y/6E4/+yO9/8e/+qb/Vm09+wb/63Yef/85/3E8/+gv+nf/089/0p/6mv7/4Y/6xP/D7j/7vX+M//DP+tnt/xOQv+uX//h/yN3/nJ/+p/6z85//tb//mkz/k6F/59r+z888dvli+/Hd/wZ/7x2e/39/8Y7/vb/Dv/A3/9u/7vZ/6a//Pf/ZX/HV/3T/+vV/x3Ud/4z/6933xJ/7vf/s/9jud/q+/12/zNz/Y/dv/2jd/xm//07/W//KPnGX/7O/2P/9Nv+y/+va//q+e/3q/zd/6a735ff7A3/rlf/C7/ce/x199/fif+Mn/6+hv/U//8n/wH/kNX3z6e/3mv8G/Oj4vfrc/+vJP/bMe/Hj9Y5f/7v/57/zMT777d/6l3+TfOfoH/7A/4frxn/57/Cb/21/8P/++n/37W//Bm/L/HP0R099x8lN/8/YP/unv/6V/xx/1V4//+d/w97gz+/d+2Z//L979/f7GX/6Pv/gf/7Q/6Jf8Kd/993/rf2j13d/29Jf/gv/71/iN/8O/7P/+Nf6dO/P8p09+4r/4w//pT3/BL/3v/v6/6k/+S//dP+Xp7/y9v+Iv/VN+vT/393z377+8/omtP/AfPv1Tfo8v/4G/dPI3Pf49P3n1g/UXy9/5T/vu/3j/D/nntk7+z//2t/vsr36z/Xf+F7/vH/QfXf/Jf+2v9+nDf+Tv/aXLv/dP/dbnp//6//UX/Md/8V/7j/zrf/jb3/Kn/vKHv3j/L/vz/+L6d/3z/96nb3Z+2z/xb/39qv/4D/on83/rl/7tf+H8b8kf/W3/zl8x+9N+w7N/7x/8qT9098tf8ZOf/PGT/+5/+ZPv/h/JH/jX/+3/4u/3L8++/ev/q//Xn/4vff/FX3fxP/5fv86TX/lbz1b/xn/+T3z323/Z3/gTf+/BT738x3/Vd/+p3+Kv+0v/ov/z7at/9Ref5X/SP/Iv/Sv/Rvlb//XF//a7/uQf8T/M/vvf4tFf9PcWf8kf+o+N/sW/+Hv/zv/9a3x2/Nf9qf/T3/on/y+v5t/+m69e/NPv/vA/+5d/8ot////yL/19Pv6PL378P/vjf+y3Gf/X//bd3+xvPfrDq7f/xy9/+7v9H6P/7Gf+5L/4o3/83z/83f+T3+biX/rr//s/8C/442d/4R/+5/2Jf8r+7/Z7/71/5ezve/LP/e+/9d//N/6yf1mgPvvD/tjftv3v/sw/6vf5C5/8nX/7//WD+3/KL/1t6qNv/0t/8uR/+PP/lP/5N7z3X/3k//oP/ovP/pYv/5F/4fN/+nf4LUbf/1f/lt/vdz3/Jcl/8G/+qv/q3zj7336ff+pX/fiT0z/277l8/uf+iXvN0//pn3/1l/1J/9Rf/rv98f/p5U/+5O/4mx3/kj/qx5/9Lf+iezV/8eDvf/HXffWtn/jLf7+/7jf48T/k7/uJvWd/1F+af/XV6tf4tf+p3/h3+Gd/j9/w4e/yu/Eg/5kqNp4ff/fHnR79wr/6Vz7+Cx+8G01/w9/+Pz/96n/5NdZHs//71/gL/o7/7rf5Df7H3+D/LP6Bn/5Xz//h07+w+Nv+nn/qf3zx2b/7v/6N//e//f8AjjYB66UGAAA=" />
        <Entry handle="51" bytes="H4sIAAAAAAAEAO29B2AcSZYlJi9tynt/SvVK1+B0oQiAYBMk2JBAEOzBiM3mkuwdaUcjKasqgcplVmVdZhZAzO2dvPfee++999577733ujudTif33/8/XGZkAWz2zkrayZ4hgKrIHz9+fB8/Iv7vf+v//o9+jd/sO8/Onv0av+av+Wv8Gr8m/fdr/N//169xePLq9PjNl68epRez7Z9e5Rfp5e54J91aN8XyIj37zufpd16efp5efrp3Z5T+onVWFu11+ll6sJP83//ur3Hya/x6v86v++v9ur/Or/fr/bq/3q//6/96v0HymyXJj/1Y8lv9Jr/pb/Sb/ba/1W/32/22v9Vv89v8Dr/z7/67/A6/44//Tr/Nb5OO0h//hR/f+dad3/532d7Z3tr53bfubAHIr/nr//q/fvIbJL9lkvyWW7/Db/M7bL3383//Q7/Gb/4b/BqTX2P2a/+aH/0av9Zv/mv+2r/5r/l//2O/xu9Cg/x1f01+fg19fs1f69cmfH/93+DHkt+QGvztv9mv8Wv9mr/2r/1r/Tq/9q/76/46vw59+0vo+1/j1/nNf93f4nfdPf71fsufyH79j37Rb7X3B//Jf/Fv8ONP/uZ/+Ld+9S//T7/bvUn9h/xY8tv8tr/db/87/O6/8OOtO9/av//pg4OHj06enj77/Ntn33n95quf/O7v/fv81HSWn1/Mi59u2vXl1bvrH/yhf9gf/kf8kX/UH/3H/Cl/6p/2p/8Zf+af9Wf/OX/JX/qX/eV/xV/5V/3Vf83f8rf+bX/73/F3/l1/99/zj/yj/9g//k/8k//UP/3P/Cv/6r/2r/8b/+a/9W//O//xf/Kf/mf/+X/xX/5X//V/8z//L7/sl/+K//VX/m+/6n/HuH7NX+PX/jXNEx3Xb07j+rV+nV/n1/51fn2M69f8ta7Q4Df/dX7d33X31/stjn/i189+0W/50d4f/Bv8Vk/+5L/4b/6Hf+zH7736n37rSf0vJ7/N77b/H//u/zOGxiO73cD+kK81MjswN65/59f4jX7tX5Mm79f+zX+N3+PX+N8f/uRf/tVf9hOv/qq/4Y+of7dvbf3Vf3rxm8//nP/hP/i3/+bHf9Sf9Tv+CV9+55//W3/vv/xf+/Onv+Kv/J3/qodp88f8w3/gb/H7/NOr3/z3+cOmv9s//Scu/9H/46f/qn9z8Tv8x7/1q2e/+x/xu/3Z/9Ov/w88Sj778/7C41/9e2//2f/a4R/26t3/8eKTj37/3+x7v9t/8fi3OP6H0//597n3vX/n7/vL/92v/oNf9S98+j/8dX/+i//hD/zb/pb/Yfs3+L+2/65f+Nfs/6uz7/y1v/+//i/86+u/9rdJf/t/6Oi/eft7/mbPPv/O//LH/tV/3j/xz5f/8p/9t3z6q/6Z7/xf6W/2g1/8b/xxv8N//q//8f/EP3v9+Z/04qvf8b/4NX7wB/7vf/WjX/Kbf+dv/MkfPPzt/6p//9f/6b/xr/j9/9G/6vf83f7gX/Yn/Pa/+K/+lX/tn/4X/FX/5rM/5vmf98v/kr/iF/0Rf8nf8J/Vf+lnX3z7f/nLtv7FT/6aj/64P+XFr/FX/dZ/7Z/wP/+Lf9Rf8q/+df9Bcbb77PKf/O0O9v7p/+t3/gM/uv5P/ra//Zfv/Be/10/+vv/m//F7/x3/89/6T+78bX/n73L3z/nf/r3/8Pj/+uL6V/zKP+Gv+0//kLd/1l/yF/zHT/6M8X//d/6B/+rDx//mb/nXfP/f/28f/Hrf+7PP/uR/4V//tf+gP+gv/I9/wb/235//m//MH/FP/Puf/xbf3vvsT1v+X9nn/+n3nv053/uzvvP3Vid/6R/7n/xJf8h/8tv95//Kd/6IP/2ji+/9cf/d9j/8e1z9Sfd+v3/l3/lt/pNf9x/b/af+wf/wT/zPs//rD/wd/pff/4/4Bb/J3/4//8Z/5B/1x/973/7Vf+n33v2xf9wf9Kv/zv/yl331f/zzV//Ar/G//aHZ1V9+Nv0bf9+/4S/864u/7N/990/af/h3+lt+0d/7F/xlf9wvePRf/vgf8slv/8/8i//+oz/gb/j7/5df8r1/9Ls/+Qf+g3/L5V+w+y/8h//J7/Kfvnn98rf8S/76f+wPWPwjf8bv9Jv+M3/n4/v/6T/7m/6WP/2n/Dv/1b/xK+997x/9Xf+E3+vP/P4f++f/ZX/Ir//7/k7Tj3+nf/1f/M3nP7b+v/7kn/61vvObfP/zz//vX+O//dd+2S//s3+/f+Hf+Yf+0/Vv95fd+yN/z7/89/xd2ukf84d9/lv9c//AH/BvrX6DH/8Hf+u/9Nf+9uU/8u/99//0v/iX/+Tfdfb7/Zf/3PTP/F3++N//0z/jx//U7/1J//bv+8/+lT+d/cd/8h/zF/9Gq8v/8Xf+h//G13/z3/PH/C//yuEf9b3df2rvN74++dY/+8nyd/1ND/6GP/Efunp25+O/40/+c3+TB3/Rv/jb/87vfsV/+cv/6j/v+k//J7/4X/7e3/kvfbD/1eWf+ud8a1T8C9Pvv5j+HZev/8gf/w1/xf3/5Bcc/Rnf/+4/9uv9B7/w//41nv2tv+DVn/i//oN/1P/Z/JP/x6/39/8p//Gv/KP+zd/jH/8X/7O3//hf/5f9sr/sT/mP/69f/tfNfo9Xzff/5D/m+S/7Lw//ySd/+1/wF2z/OT/28S/9mX/xH/qZv+JvfvwT/8n39/7Nn9z7/u/7l/3kv/Ev/+a/43959ef993/cf/9r/ym/3m/7F/x5f86f+4//G1d/z1//l/6Tb/d/m8s/+U/+L/+Df+/v/r3/4v/sN/+Xfot/7hf9QX/pn/oXfuc/Kf+PB//xb/zkV/2nf9+//jPHf83vmyb/5rf/5H/4d/k7/qV/99/97X6nX/tP+NN/i7/w6dvv/PG/4k/+19/9Xv/rH/xH/iM/+dv+Npe/w2/4H/72f+Xer/pb/r1fdfDb/dq/XfIf/AX/4B/++u//3/7Dt3/jf/sn/4dvj37TfyX/s5/9hw+X+R/+d/yvv8l/+j/+pn/Nv/bb/N+/xq+//9f/kv/iD/1Hf+pv/89+27/q7/0zfsf/7Q/9a//vX+Mf+ld/nemf8J1/889/9zf+Q3/P//iHV0f/4l/3b/9Z/8u93/Ev/k1/pz/0V/8z/+gf8q3f4o/9wZ8//jeO/pr/7Zf8z//mP3r18h+fHv2pR3/i8i9M/4xf99737v7rf8hf/dv/ik9+xf1/9b/6zf63P+M//U9+vb/xr/sN/6y/8l8a/2Nvq79j9S9ff+sfvPMn/va/6o/9bX63X/5f/vb/9e//Y9/7986W37m3e/Kv7/2e/8df++8c/Yb/x9nf9T/98f/Yy3/q+H/65X/Lf/Jf/Ft/8y/8D6/+j7/9y+O/8O/77OjPe/jq7/ir/sgH7Z/9K369v/XX+q2v/+Nf86de/Ha/yT/5b/zdf/8//2v/oX/CZ7/qr//VX/x+/8KvfvP3/p1/yJs//eVf8g/8G7/RUfub/HW7/9Z/9kv/9j/7r/mr/+g/79Mnf+uf+sf80/N/dvnf/Oe/4V//h3z0n/3O//7f/MW/er7731zunfyuJ3/Xnezf/fjX+R3+7H/zv/+T/pp/8g//d//h7X/lb/2P/qTP19t/296Pf/k7/mM/9mv897/jP5D9Cw9/5T/5nX/jt/n7/7jzX/4Pnvwrv8PyB//y7/NXvP4Pf/u/5G/7X5/9gn/tL/4d/4c//d6f87/8zr/Nv/5fvPvr/+lf82/5zf7Lv/m/evuv/Rmvkj/p2//wv/g7/7f/4q949/t/8a//in/9+W/6733R/IYXv8svOfun/vfd7P/+NX7Nv/Zv+Lt/vz/i3flf8bc//lv/yb/nb/1vfuU/8Tt++Wd+8Xf87unxn7f7P/6u//evUfw9/+fO4Vd3f93v/QZ58bv/mn/T7/NP/V+/8vnd/+oPfLT++/+6v/PV7/7X/23nZ3/ef/zm6v6/X/x+v87f88f8S8/+zZ2TO7/k3/1n7i3+qf/yL/o9/rXvjv62w//0r/ldfovfcPHsF45/2W/2W/8Pf1j9W/0Ws+X8fzn8A/6Tv/3+F+f/yOFv87f+G3/Ov/H93+a8+d3/lvPfp/wXfumTv+w3+h9+jV/+L/wG/8Iv+nP+47/vi//4/3z7j/6ZZ7/7f/pP/c3P/7F/fPRb/Bm/z//8H1795//kb/c/fv8f/Ec+q39s9mc+/1N+g+m/dvHvf+uf+gd/8J/+1X/Al68+//hP2P2vPv/dfqf8L/uj/pq//Lf+53/Lf/Tod/vfvvt//eb//Vf/2N6P/fezX/Wf/Nk/ePQLjn+XP7z+37//H/8df/erf2v+L/5Gf+Vf/Ov/VX/jX/x//xrz7b07P/OtP/MnV3/J7/jgH/uLf41f87f+E369z6s/6//623/Zk9/yH/wbfv3me//43/Wr/8a/+Ke++kP+9L/z6M/9P/+89cO/4R/4989/m+nv/Jf90u/++f/57/zX/VZ/45/xG/7yf+ony9/o1/4Tf+pX/pLfb+vFn/crv/vJ3/WbfTr+9j/7m/9+P/arv/Uz//ev8T/9SX/ar/Pk9O/4935levan/m//2Xf/pZ/68//Gf+dv++v/1b/rj/gNfsv//F98+Nlf+9v/k29+8z/jj/sv/pI//sWfnf5hf+u/t/ufv7n4tf7iv+OP/jf/u//iq3/vH/+DX777h3793+1X/xv/3C/6ne+dvf5N/8e7f+PBH3f3d//uv/GX/r1/3OmjX//wr/j2P3J09N/8hcf/59uf/un/5W95+Nce/d7f/x//gOLH9t/8Ov/FH/Pf/eef/7mXr//9f/zNv9H+pX/Nv/Nj09/zV/7mP/6PfvRX/ef/yerz/+I3+U3/o1/y0/VP/16/1z/5t/5dv89f+mv+Uf/NX/Yf7fzyv/wn/8LH5R/7F3/33/4X/sfpP3v0WxXp//bX/sQf85//Hn/gTz/+637Bv/3x7/G//6b/7U/+zB/4n/xef/7v+I//Tf/1b/63/cn/zh9b7fwtf95vU/9jFz/+F/z7f+0/8Pf8K399+zf+lt/73/6Kf/L/Om62/s5/4Df8N37XP/HPePJ7/Nv/+ff+zz/vd3n9vf/rwf/0u/+Rf/SP/23/4B/+l/zq57/Gf3/5O/4ZTz9788v+pf9r+lf9jb/w1dXf+tl/9Y8Xv9vqd0j/7n/j8YPrv+S/+W9+2R/5x/7Mb/lP/xG/69/8v/wdv/gv+PN+5a/zJ/xh3/0j/5rv3P/ob/5bH/83/9tv95/+ef/p//Gf/hq/+N/8V3+bv+MvPf2b/pB/6c/Y+d5v8d/+qX/3n/6DP/mf/H0v/9Nf9Z/8fb/Hd/6m7/37P/je3/tH/pH/3a/+Z69/+ru/0b9//eq4/C3/wslv8Nv9E3e2/o5/5WTx7L//c/73/+av/y//0T//++O//v/6J/7l33vr3R89/v1O8//zv/jy1/gt/91/4x9Y/OH1f/fkt/0N/8W/6X//N/+l3+W3WJ//K//XL/j9/uF7//zv9Of8af/Jb/DX/+dbv9U//jv+euO/aOvg4/k//PHfv/o9fuzxr/lL/pP//js/9u88+B1+31d/yP/wj/7nf9LfePh7/g+PZv/7L/o3/p7JX5f/83/5v/0//oV/6+WftP8//tqf/Xt/96/+4j/750d/4e/666x+rT/hFy+SP/A/evb3Vz/1t/29/9ov/Wd/nV9j++/+7F/4TX+Xf+yn/44/ePqb/Pnnf8a/9Fev/87n/9H//Hf9it/tL/hD/7w/5w/51T/xvd/wj/xT/pOv/u5//ff+A579kb9y9Zt++Qf+sv/tr8+3H+z9qX/c5N/7O87/+P/sT/qvP/2T//Hl63e/7ye/+Z8x/eOW/2L2f/y3f+4ve/hPP/z4rz/53f6Xf/87/8o/94//+X/37/av/hl7//q//Z2/8G/9qf/h+l//a3712fVv8av+0n/lj/mJX/Mf/63/5j/6J/6lP/irv/zX+3t+7eVv+vJbf9+/8Z1/+y/7K36T3+if+Fv/tf/hb/u7n/8Z/9xf/r0/8o//J776J//i3+Xf+Eve/qq/5OT//jV+g3/ir/4//+x/8l/8K3+/f/K/+Hf/h//71/grZr/Zd4/+oP/03/rqn/3z7//d/9bbX/8n/uXZn/37/D4P7vw3nzz624p//d88r05+81d/wh/7pvkP7v1Lf9/Ff/K97/4df++/PvpT/vn/+R843Pmbf71/+J/6py8//lf/uF/9f+79fYf/8dsvf6Pfa/s/+19f/Tc/9eeOf53LP+biT/sL/qzi4bf/yb/x4T/0X3//d/odXvyl5//kf9f8Tb/j5R/2Z47/2F/+2/+n/9NfXf7H//Pz3/b3+vF//3tf/mb/wvR/+fS//BMe/vqfXf8fn/z52e/7+/1x/927f/13/2sePvjfFn/9//af/mM//tX//If+5X/7X/MH/cm/zz/2733+2/1Xf9Cv+LX/zb/44cc//g/+9fN/5w/8Ix//ln/AX/yT/+GXf2f2z/5Bv/Y//Sf8M3/pn/F//Hqf/Clv7/52v9/v+9f+A3/N3/FH/fV/1+/+1/zW/+eLL//b7y5+5nce/Z2/3i/+b//Mv+D8V/8r3/697v2Ss//ib/y3jv66f+L3/hv+qX/wr/7f/ov/5v/8qX/1yR/+3/13//Q//Kf/g//G3/Ur/u9f4+JX/eo/5o/9vf62P+Cv/Tfv/535f/zvzn+r32j2b/xtn+6e/vF/7U/9k3/Gn/O37Py5f/7n17/9v/Fv/PP/xNsnnyz/9MVHyaM3f+4vOvvnfuu9X/M3+Md/64e/1Zvf9x94+nsWf/2/8cd860/6s3/DP+E3Pkl/p/9p6y/5a35h+cd/dfbb/9r/y1/9m3/+F/0ff9Vf8lf92D/02/1OyZ/+6/5Wb3a+96f89Wenv/Wv90999Vf+Jn/aT7z6Z3+bP2brL/pN/+9/+/8BSBcrF9INAAA=" />
        <Entry handle="50" bytes="H4sIAAAAAAAEAO29B2AcSZYlJi9tynt/SvVK1+B0oQiAYBMk2JBAEOzBiM3mkuwdaUcjKasqgcplVmVdZhZAzO2dvPfee++999577733ujudTif33/8/XGZkAWz2zkrayZ4hgKrIHz9+fB8/Iv7vf+v//o9+jd/sO8/Onv0av+av+Wv+Gt+m/36N//vf/TVOfo1f79f5dX6dX/fX+fV+3V/31/uxX4/+/xv+Br/er/cb/Ia/UZL8hknyG/1mvxE/v9lv9Jv8pr/Zb/qb/Ea/5W/5W/1Wv+Vv+Tv9jr/j7/g7pfYBkF/z1//1f/3f+Df6jX+73+w3++1+h9/6N/+tfwf37S2f//sf+jV+89/g10h+jV/31/41f/Nf49f6zX/NX/s3/zX/73/s1/itCdVfI3h+vV+fPv5df7Nf49f6tX7NX+fX+rXtx7/mr/Vr/zq/+a/x6/56v+uv/1vsHWd489fsvfnr0scf/ea/xq/5a//av/av6z7+NX8tevHX/i1+3d9196NX2R/8P//f/86v8Rv92r8mYfBr/+a/xu/xa/wt7/7LP+l/+XN/x8On/9oX//uv+KP+hL//z/iTnv6i//XPrv7Mv+GP+6/+xt/pW//a9M/6nX77P/Fv+2t/39m//eBilPzdv/nR//F68Uds/SX/9tbv9u3f/Nd99z/9NTuHL788+ZXf/XN+t9/w7E/4lz//C7b+3H/m41/6l/7+//e//f8Av9QsIYsBAAA=" />
        <Entry handle="49" bytes="H4sIAAAAAAAEAO29B2AcSZYlJi9tynt/SvVK1+B0oQiAYBMk2JBAEOzBiM3mkuwdaUcjKasqgcplVmVdZhZAzO2dvPfee++999577733ujudTif33/8/XGZkAWz2zkrayZ4hgKrIHz9+fB8/Iv7vf+v//o9+jd/sO8/Onv0av+av+Wv+Gt+m/36N//vf/TVOfo1f79f5dX6dX/fX+fV+3V/31/uxX4/+/xv+Br/er/cb/Ia/UZL8hknyG/1mvxE/v9lv9Jv8pr/Zb/qb/Ea/5W/5W/1Wv+Vv+Tv9jr/j7/g7pfYBkF/z1//1f/3f+Df6jX+73+w3++1+h9/6N/+tfwf37S2f//sf+jV+89/g1/jNfo3f7Nf+NX/zX+PX+s1/zV/7N/81/+9/7Nf4bX+NX+PX/jV/Df/5dX7dX+/Xpy/u/Ga/xq/1a/5av96v8ev8+uaLX/PX+rXpu9/8t/gtf6vf9df49Xfrj378F+59+mRCTX+bXxPD9Z9f+9f6denzj37zX+PX/LV/7V/713Wf/5q/xq/9m/9av87v+lvu/qLf4qPjv/kf/r//nV/jN6Lef63f/Nf+zX+N3+PX+Nd3f+Enf+5v+Zcmv/kv//Ne/+Nf/m7/zt/xq/6Xs299/iuv/vS9t//cX/gf/rv/zfjhj/27i19/8g/8Xn/Ef3vnp//b3+O3/s+++L3+nhf/5a/xT/wv/9ivUf7B+//Cf/jb/s///S//c771p/4jf81//Y+8/S9+we/2d/zuf8///Otu/yu/3d/wR49+jdf/5KO//MW/+2f91v/MX/XR8Z/zN/8Of+Qf8vf8N3/o7/iX/+2/1tP/7q9Y/RP7f9fof/2pb/8317/1P/93/xN/8H/w4E958jv+Xv/LUfm3/Lqn/9pv/e+/+ZP/w4u/9O8s//G/48/+px//j//V6PCvXP6Kz+e/1s/8Tr/k9/+//+3/B/YKOe3vAQAA" />
        <Entry handle="48" bytes="H4sIAAAAAAAEAO29B2AcSZYlJi9tynt/SvVK1+B0oQiAYBMk2JBAEOzBiM3mkuwdaUcjKasqgcplVmVdZhZAzO2dvPfee++999577733ujudTif33/8/XGZkAWz2zkrayZ4hgKrIHz9+fB8/Ih7/rk+/PHnz+7w8Tb/95ovn6cuvnjw/O0k/2r579+z0zbO7d5++eSrf7I137t49ffHRUfJ43i7Ko8fzPJvRH23RlvnR/s5++qJq02fVejl7fFc+TB7f5UaPJ9XsGu/tHnlt6K/k8erozTxP6/wXrfOmzWfpV6+ep3eL5WzdtPX13bbOZvndJi/Lu2UxqTP66Kebu83VeTX56Xzajn+6Sa+yJl0S0HMATatl2s6LJm3y+jKvx4/vrtBtTf9ks1mdN83R8SqbzvO7e+O98X669d1ieW/vTvry2y/v3qdPdtPX/GKatWlZTbNyXjVt+rKq2/Rg5/FdA4PGxSOiMYASyf8DIV/c00QBAAA=" />
        <Entry handle="47" bytes="H4sIAAAAAAAEAO29B2AcSZYlJi9tynt/SvVK1+B0oQiAYBMk2JBAEOzBiM3mkuwdaUcjKasqgcplVmVdZhZAzO2dvPfee++999577733ujudTif33/8/XGZkAWz2zkrayZ4hgKrIHz9+fB8/Iv7vf+v//o9+jd/sO8/Onv0av+av+Wv+Gt+m/36N//vf/TVOfo1f79f5dX6dX/fX+fV+3V/31/uxX4/+/xv+Br/er/cb/Ia/UZL8hknyG/1mvxE/v9lv9Jv8pr/Zb/qb/Ea/5W/5W/1Wv+Vv+Tv9jr/j7/g7pfYBkF/z1//1f/3f+Df6jX+73+w3++1+h9/6N/+tfwf37S2f//sf+jV+89/g1/hNf41/79f+NX/zX+PX+s1/zV/7N/81/+9/7Nf47X+NX/PX+LV+7V/Df36tX+fX/fV+A/rq49/s1/g1f61f79f8tX79X9N+9Wv/ur/mr/XbvPlL/pVf5zf/XX+93+K3vP8Tzd/yEWBgtL+2a4WGv+av8+v+WvTVL/zNAf3X/LV+3V/Xfv1r/1Y/8Tf/mr/W3q/zW/yWu7/o1/3Nf9eP/uDj//vf+TV+I3r91/rNf+3f/Nf4PX6N//p//RvL//j/vPN//QFf/Z//x//xv3zx2Z/3M7/NH/1b+bC7z+9Q/XF//z9/96/4/f+1f3L6X/+ff+G/+mf+p3/v//1r/BG/6MHv9+M/Xa9+1b/6g9d/6eh3+1OWf/Kf81v+s3fnn/+q//Zf/Tv/6b/8n3n0Z/+Lf+5f+ct+5af/29Xv/Lv8jd/9377zV8z+7n/4iy93/t3f+/yn/rs3/9yfeXDnr/oj/p1/ePvyW+e/15/3W/1rJ4s/4M/4e3/re7/7v5D89O/6d/xNv9f3/5g/+0/5L3/d+7/Zv/t7/+5/wz/+/J9u/pA/549a/HW/xb85YRhPP/03fuzt3/x67/f9j/6Kv+R3fPvr/O3/1l/9Z49Xr3/iN/7b/5D/jwL+7b78q/8sNM6Ppvv/47f+0T/7t//7f/vHf9Of/NtP/4PdP+V3/j/+5f/6l/12/9jf8n98/pf+k3/mv/dn/tRnv9/P/Af/5P/9b/8/JCn+wgYDAAA=" />
        <Entry handle="46" bytes="H4sIAAAAAAAEAO29B2AcSZYlJi9tynt/SvVK1+B0oQiAYBMk2JBAEOzBiM3mkuwdaUcjKasqgcplVmVdZhZAzO2dvPfee++999577733ujudTif33/8/XGZkAWz2zkrayZ4hgKrIHz9+fB8/In63rfP1ctoW1XLrTvqLf+Pkx363rY/Gi6xYpuOfPsnqat3k5fOizT+6E/69RW1Ten4sW7fVo/Th/Z2RftCs8nz2KL13f2fnN05+yZ1Dgvlj9Dn/hv/+Hzh1M7tyAAAA" />
        <Entry handle="45" bytes="H4sIAAAAAAAEAO29B2AcSZYlJi9tynt/SvVK1+B0oQiAYBMk2JBAEOzBiM3mkuwdaUcjKasqgcplVmVdZhZAzO2dvPfee++999577733ujudTif33/8/XGZkAWz2zkrayZ4hgKrIHz9+fB8/Iu7Sk37nJ746ffX7pLvjvfG93zjJL7Ny63y9nLZFtdxajbLRdPR2lI/qO784/8x+Pr3zi+u8Xdf02+Ps9/j440f51iqrm/xs2W5N72Z37tz5ZGtr+tn0d8/uHN27/3u8butieTE+r6vFyTyrT6pZvjX9ZO/hnUfTcVvJt1v3Pr1z55ccFudbv+vHH4/rfFVm03zr7u93dyTf37nzi6/mRUkvbm/fqb9HP+98/7O335t+/2d+Br8fvv3sexa93KCXUsPv/5LvH3qom68+/n1/36tPPv4lh9PPdn/JoYNM/QPondVnK4vEMr9KX+UXp+9WW/TW5ONP0OEn/Ovo44uP74z4jUPtcvVLtj7e+g7182BrNx/fe3HneXr1Gf92+Dw9ld8++85WNprc+cW/V7r7JD0d75Xj/Tf8yS855Ld+N3rpKZr+bof457NTenX92d3f73u/3+Pvf2vr8db4Z37f37e588nRne/9fkff/9bv9jO/349vYTh3fre71PBzajj+3u/36Md/39/3e7/v7zum7+8eno53l5+ho89+8f6bR9/ZmqH32Wezn/mZN9TjbLx7/84v/vR7O9//bHb46fiLz3YPf6/001/yIiVkqnT22Wcf7d3/6M4vfp5OP1uP977cmt2hl6a/8BduTb+3S/T/XSd3MFr8cWdGvexnW9/DH9+nTg5f0GvZZ2/G979DDe59H29md+j/472r3/Uz/uT3Sk+37oz3GoB9IVhkARazz773/V9CP4VaWxNtzPjRwH4R/X5Hv3tz53sY6nhv9/f4aG/3o0cf3fvqo+8DMEEaf3qKkb797LPdL37hL6Sh01/35z/zM7Mx/vxdidy/8Bf+riAF/UVI0Ac78huo8wt/IVHvjCD9zM98b/b9O79kdH/+6COWmY9GBw8eYb7RxRe/ZPTFo53R3h59kuGjjHrb+T343U/vPPr0e9n3f8lo7xl9OwE9s88wnMNsfH//s08Jx+yXjD49lVdBgJ3D3S/AHLsX491i69NRxuP4JaNXjyz/nI5f4Quwzmj/93Zwt3eJhK+IDwtMzaeffTa5k31W/JI70snud6jllF+j1rPPpphPJs1+jskB0nd4PDTu701+5mc+2v0O0RFzM5oSCXZ3aKZmn/3iX3I4I9b/LPslaKu9/cTWNN1dpbM7NBGEzu/x6fi7jz4lLUJ/loQqXhhNRgXBufNLCOndnwbSNDRCc2vy2We/78d7D37fj3/mZ/jX3Ve/78dE+r0viCKPd2gE1DG62uVXRh/tVR8BxFrGzdw6+V0/++jeT370C38h/fKTPIb9d8Re99otRv8X/kL8O94riPPvjO/X9N6dQxDso48OQUsa66cjzCYTdnxvNRJRpj7v/66fHdzJPvlMft2lgX36ez1ibttdb33v0+9jOErf+wuDEXq7Q5M80m6pz7dAp5JvxntT1hXA4NPDvQnJxe4JjRM/GBRj/qnO+8GVYSuhNmFJ340//QFBvL+gb0DQg1W0kf3+Xmu59d6XW7sHo5ej1yN+Q0ZJc3+HvjrQ5p/+ol7zl5HmFTHkp8Cd36k677w2XVCTTBtzy/tZr6VC91qO954I5nPb+P7+z/zM6db3IIh7jeH6KTTcdAvzl4lskJ4Aa/0Skf+9Z1t3v/f7fXL0/ZT/vTvefUAvEquNd8+3PhqPP7pztL1LsnqfhIFME9B7S7BzwD6nade5YqWzP96dkbo4Hd8DdXUCx58+3Hp5Z7T/+5C+u9dsfbT77qM7h/u/jxDzEAhBNeIDUiE0/azT9K1fAjacfXYOnD/61kd3xvuvaFZfaY+ffu8ZK6Q7+OWzn/wlUKP5Z5999pJo33uhcHNz787vdSiE+ZLo8tHeK0LoJ7YIWYjo9A5+nfCvpJggsPTWZGv2veL7MPz02fcm3zc/x18KHc9J4E6F5EpU1sETVpH3roX8owLfEmFf8u+/hKhMX+aQgzug66dGPiZO63wu83HHQpX2o5ckoS/SyWcWAMvrBLpp8j36sb1LpGFl/bsStPuiIE63hFUyms979wipCSmQR5/+rp9NWOlMVEZ+1+z3+PSR6Q5E29vbujPKFKnf45Qa8UePsvEXYhC2flf6dg/D2d2jsX10b/3RnTu/R/YIBASPfttq/t+DEQanj7842nn0+peMHvy0+ZLY/dvEch99koEaX1pqsOLl2ftCOBpa4pA5bo8U9kd7bz9iZss/m47vvRndPyPTONrdpb92d0d7vzf9/ArW+u323u/9EVjkMdT4T/KUF5/t/d6/Rw7jdM6/fbL7aHd3/MVh8Xjv/LD45BOxBLu7NPnsEuyt7vxiEN2w+mz88Dvj3ePxw+vfg4zk+hH9c0wN935v6mFyeP+MrBQN4peQKbh/BsZmBUdtyHgQc+7WW3d/39+3vnsxor+oze6OtRlOve4StxqWgI2+e3/9M/dbltNPx1/dgZ55+9mWTChBpjk9+myHOQsf3NuVD8AtSrFPHcXAMQL395g8InY+PN366OHBR5gdQYLmfuUDzwLgu2v54A6LHvHAF8DmDdlZGivaC2Pd+0V2+tnwYyJ/DybEvdmjnyQHwFojTPynrx0/3M/Aa7s/uYXPf+oRSzFLwu+1VYyKT3ah6X4vq/+IYcU12Pu9xDXYPQD37U07gmnUYSiPrBKp+f4rC5DEHlqVPgQzzsQxyD4jNrgHPiUfhRy6z/DP78FsS788+ggsRiz7k8qq4/vLrY8OXsq3n3z0u340+l5GQ2efbyoSCr5WbQRfgh0z+uonf+EvZNCf0hd4hbSv6sbdFwTy9+qCHE2+b6ZNNBsQZvrf7xm/8b377Drx1xjcxeh8NKeuWYwIoaPd0b3loc+Nv+u95Z1ffG8pruwFDFCBMczv3FuOD57SDJHWJHP9YOscOk/4bPfLj+7oX/eWQPGj/UviPGo3vveaTMFXH0Hjk3cBawCIYiHoY+gzogmsGbsg95bsc4D80ECfssvwEm8/Qp9G8ewuwNhTiP4E3PTiF8OrFoOsnxKLU6uR8tWdwxnmnw0icfEUDs4xyPJLDjUEQXyAXw+/k356vAU2YZj3foJMw72XW794d/oIf43ulY9ej3a//QjQfwnEjWzmBTpf/8zPZONP3+HfezMW/ENGKruTsTnfB6I0gAZ6ZYmfMtLJZ7sHTJ1f/EtGxWe7I/L9D8ZfjO5PP6N+dq1OOKBJo88mh9x+l9sfkl77JaHnp79/5yOi/i9GRPUFaPKLMWXFZzu/5Ce2SOd9wSqPXE5SngSr+P4duIvWNO7uqjqGQiTN/ukVgblPIQ//yV3wb58ZZ5M//V35M4QL+BtjJP+DfhsJENZL/Cubcm7Df5IqnPwS4oJnBO3FR59sUShz75ImbHzvOVmjT9vPdkb3eSjP029/dvcH27/H/u/9Mwefbv8eB/s/s3v1M5++/ZkHP7X9e+y+ulsccpe/+MHvI1LAseNTTMEdCTuv4ISQ+TNa6nf9XTMeS/a7cohHI4BxI2Ekcv+uooK/c7eA/s0+gd4e3dPohPTbePeZtJ9juvcO8NZewR8Rc+/Oya5dSOMMpvsCLhAw4el+w0Lx6bkKxRsCNtpdGLeJOPtwd0Gm7KPd9d39BdSM2qE79PHumuLDFyn9RpL0Bj48JRwOJ/hrd8G/7OOXX0LjRBjGsQXrPhoY/h3vUbz5GbnY+EmN3jz6xaL1pqxGIFI07fnvcX/yaMquxpR8Llb6d+T3zz755NMWNpIdwN036jvhp/DbhOdXP6JwkTj290pnv4f74FGmqmq6qUN2CUwHv3jvJ1MDgKzXBAHLT2yx82aa7P4EsJzcYZVH7iuphN3XeA/wfsnu7w1PFnHe/b07+Gfr2Z1f4oD+EgkrNSjUzqdjiM4OgjpyDsRnZIEuKJifIb4nCXlNHZO2Fh9jh2R3yl6FkTBtXQStN8F+KbBnI/wY6mBEFncK34g6Yn59uUU2u6CPSZA/e33IX3/yCcn1L4ZLMqV5LoUZKBQtoP01d0C8w+EWFGPB4Zuw/2ef3d/9hb9wCm+qgmB8G1IwI0/vk4/2Xn+ECdxtH/1idiR5EqG5ET3C2SGbSc5O88ndO6TJVY1ORTULy7Tje78PPmnpuzv4+cln/Ofv8VFKOYuP7nySsZf6kwa4fZ0bf8b8Bffymt8K+2O5Nn1I9DP+NNsiyHcINPHd7+OEgp2bbAT12lIcRArn997y0UdARIzx6QG/MsVLMJrE5N6k/eKcWXz8XfpxKD8+w9T9EqHqHb+tfo03NPSfUXJxihHmIPWDjyidR7/svuJ802S0/yllrO49+mj/ux+N9r8ii/NTH412H1Je5ymGMv1M3/o9vvfRgy8/Gn304IuPvv+Ifv8Ofj/76Ptkye6TlJPuNw1n4wffJt/1wTOWNPKGX1Cahc3ulM0uBfiUbiArWBFqHz04/egTjkB+5md2DvdeBN/tkar+9JOP7v/eH2kDMoWT7c/29scPTkhf7r24Q3aJUk532Nd/tD8jew1k2F5+ekAg9j8d3T8Fz9E7e+dbO3BiOGytlCzk0SGUzikF+9Psn9N47r0T2cQc02szcr9f81jejPen4/3fiybqJwnm75pBLe9/sfXRPYpCafAfETZvQdqrj9hPYXX6i5Gvo2xKPv7uCN8AGeT7Pvo9PqLs2eyXqOLd+8Ev/IX87kNNA1L78f2dQ/nx2Uc76YM6fVB9ZD6Yoq/x7tOtu/sXd4s7d95+dg3V9NO/8BdSA/7ne2+RK5Rf2C4C+1/4C3UMGF/4/kf7Fx9RjvctBxJb3zve/qnv30Ewsf277ULg5lvwouaWBjloQB4biRvRK79Dfc1BjLeSkDxH2LR3Qv9KNPxZfkhiTy3JRrE2yO7snYz3IUwaO+0gTjoZG6VGTfdO4DXc+cXn9OMz/oPGvvvw0P36GXPp7DOl3C/8heffAwiOV3+S8pPf/ugRMFTE7kB3eL2d287QA7wTDzI+8ueT54wGSbPGadF8vL/ETF0oxX7f33cbGWKQzKYOJ2IAyS38DM1pIkj28MsFW7u7v9/v+/vOPtnae33n9/jdxAeYkYPLn96Vv9BByayw9+no3u9Fv937vejXQ/3JUOVvtECyeYf7+u74wTlrUfNNaV+593tBW88oNEFiqBzN0cdbzNP8s7kkq8ldmZObwOnBHUoP0heczptzdg//SnaPhbpkBcza/nedcXQ5U91OxJqxuhOQNsmNj5nHHktKnTPsv8ed3/f3vXvExGMLAvJNmT9/v60s+5ns0595kP9Mdv9n9p/+zAP6c+dn7i1+5uF3f+bhVz/z8DUl5Ys7FHOS4Th6fPejT6b0E14zuJD9opnw72j33WcYmKaNoGd/13POTD1++BKxxfd2Rx893nubPtinoT/Y/30/PiIl9/ju3tujj5CEN22/sG0f3JMW+EktzgXhx1sPP/+ZXcLs9GcePvmZh+/u3DXtd7+U9vjpQUQcQy32pMXj3a+01VdHtumW7Z1UiIcLIiB69Z57laDJ6/QzhGFeepB3u5N2n/6kvEg/7Ts2OwH8d9893n2nuL3jr7+3Q9kG+t/3D3ffUUBCZoeCyNkn+ff2vo9ca068Qks+RHf6+n7leZksOQYhiezMHxSwPd75PeiF3RNynfGDksSPAJk4iEkYaUstVNX89GcX0ACHP025hMPt7Z++owHdxfd+mkJGvEEqC3/QOxQr828SOeFXMCsksDESCNjV1hxO8Eyml7781l141WAoTshCxdPyA6MBkzSD4/UZp7K465kkscQz4T85ZyLSgtUYcjY036VNsWZCEdJbpHywaEMSyumztyRpnCN8q0sM1rj/rjN+BxlJ88sB1mx2jBjATv4ev/iXUD59H0EuW+uVMVRk5GZMBcj/OS3psUfETvbse/ibHA4YLvndrAsJZwDSdz/CIhPs3Ax27uH6I8KKrY6mJWzrkCCMxsNafZKHtNhAcCgPtiCLQsl/hkAZkgOHjvoxX33kQO0/BSjgf+fTn/joq/RhkT6c/74ft+nDi/Rh/hEF5Q+JFYlLP5myw2BQufvplz9z7yd4onOZHCYSY7D/A3pjj401/y7RPztOgXW3aM3Gn76l9TTC4vQzcMqpy8p9+sXv+/tufe/3u/P9b/2+v++du0jPkdL/guIH1o4Y96fkDZBb+ukXW7tXnxGa3/r0+Scf3eE0HkDx4E6Z5fE9smS/ByDIp8ST9Kl0QKoGa4R3P30uwOGP5mQQgMb21vey7R/Qlw/vR0yUm+7czHWOkOWehpi/11bmRgQZ+AQrpJ/8bppvHO2dSWIMtv57MG+aI3h476M7Lq6YeIFLxvlMmHiaZiQPKRG3o8s79+4ZF9q9m4VBD5wCWnP7vdLi8PciH3p0D2uEGlrZ6THGHt3oi/jVLDVZDFzw45p6+MmS0wOhBLwzODc1vHQK/+IYchB+ytm2grXK77pXU1hJUSZ+fPaSskMEnr/8Jb9EQ8cpr/NRJHXvWgPFmcBR1RYL/n5XYuRMor8CagPpAfMnBQPUx1SHMNHs5WxkB+FBnXVxz2SVgvNyNJHIIE6MBCJZhOwFpX8QKiMZ9mBXc9PTX8Km9/Kzg99nfPBdcRwxH5/94vu/16OtS+bX8Sdbv8ejgzc/c/D6Zw5e/czBl3doGf3uo/T7W/RzNv7+J8TGZFu+D14e7c0e3X3wgKX08s5o7weP7u79wPy1S9/tzvQvGrn31f7Bo7v7B95XWwfPf+bBgzv6CTI91yb3/nt89Cl5ih89uP+RpncOzh79rvodUiefPiMhffCQ4qNPH/3ij36Cmh48I6t3cEq/7bb0G7nOj65HD+7TP59+m/6hVPRH92YfIYDlBrvH9PP4o9He7/Poo73f56PRvbf0/Vta1z4hUE/o89UjKOPRAbU7+AF9/4a+f0Opc/r+0xP6/oC+p1Q6pVs+2t37CBSG7/WLP33iJYuIRQ+uzd+k5decw8wgnAfv3Od7P0Wfk+3fe8LfXPa/2W/5m3UXlr7Rdj/X9o37/H7BOUkyjoiORwd19ysymqNPf+A+lYTrwS/6iML/8UGFwOpgOX7ziO1qxmb1l4w4f4Q8wO4Sa+JW3WgSfsacKslJ9TU5L5azIjm0Gfv7yJHdcTS8JlrTHB0siNa/iGhf0c+K/i4ffXQ/o580V5++/ki6n/jdS++7B15mO64LTkXOSVS2eFHWdH2gq1VsOD/Fcjuncz/VTMSnSCEx/QrbruV1BKHq3P/0J82nqq/x6fdONUmBryje/Enw6+Sj72tTzn5w6gSh7CmW9LIRltnHNRbHTrHoidUb9OgWA7CC+ZNYMJe8v9iOT9n4qh/1KSZrHyzHQI4UCiXI4RN+itn/lNsxH/wSY4yYsJkQVig6waKLodb3Pjo4J1GjZMD3OeSYipqaWg2zhF5VjvpUvKocGUEJrikBOv/eR/dzsq7Grd0jZbmbE1z90Ak6N3/mmvsvPxLYb34PSSnIv9pghgYjfZf/II3lN3juN+A/7tDKp1vIIrx+WhZuJndkNYv+nrjl0uyRZMfuiJI9+cwOZL8Rq3f/97rz+GD6e3xECpaUKQVY39qvt7//M/gVz/gO8YD97vf9fQ8m2/RP1ms0+vTyM0qS7/+irY9+vyN81nxr66NPTj756BNyS0afru2X5tOtH7/jN2hcg+/9+Pj7v4d++S36UnXspzXp0o/YZhejBSZtQVED0f9bH9m1X3xCjPrRjwftMnhkH+1dIemCFtTg0UePfvHBQ79R8XjxvXvf394hiTgIPj8yn+/9VNg5Pv3ss0IXB2Nf3Ptp+YLhkINPn3zHNB3V+mmN6IOALL22v/set/60DD4jvO/99Pb+igdnlDin7b/FWXvKoKPJd/wmoqXR7n412hXdK+0O7nntftegndXpgb04USHl9vL3wZ4ZDjt8utB0sEsTsoU1rvXWHXUCz7dAF3iiBGWmUJA7/F1J833FDvJPs/2hfBaWPr79kfts/yv+jBqTDvop710sGXzFk2/f/YzfdZ/h3c/03YMdh/3e7/NLYF3t6PA3WVn79z0KmMjKuu9XDBOjheWFNjT2jpZEBBNy+exn991nxv59dL+1nz20nz00n907M5/dO7PtDmy7A/PZp2oEfq+PPv1p+5kqfPqsMJ/tfW4+2/vco9Qej+BzjGD/qba4S1mSvbc/8+n8Z/Y+18UlanhHM9OWs4lHGp5GrF9+8UtGD35v8/4cKSj/xQffdQxIOXH65/MR219ehp+Mf59fAghIZF88+h6lbH7f3/d7d9Jv/Z6/Bxy6q21y6NJvbX3vd/3W7/b7/dLPKEihP37fj3+Pj0gpjDnxs59SZPT9uyN68dEd+woFTR/9HtQOjQggflD8dOf3+N7vt4V8EX/HAZXTNI/GP07gnR76/uheziNmy03Z3dHeAm4vmSEsQvyun3F+NtMQme0fWlKG8nzc2kjnWyMO+dk60/uT32NKX9ePOCDfW4zodwRqewuaI/hA7WgFm0puSCuLfnd+r++1iIhWv/AXrjjy2DW/PKSvvn+4+myFbBqh99n3VhxYfI8Q/w55e0C0pbTpd37Xz1rgj28O733ns/awlcxWCytQfYb09MVnn17SjwWlP/a+xBcPtmiWd/dIRe5+n6M8m/qEY8+OCT6YfoY/SfwPp+zI7z25462lbBEAUclTt7BHLHGn5tACqc2akGFiXaj/0nKkmkJQd7CuW332kqLni89oer939Mkv/f4dtiYwTXdoQZVWiC3OvET8i3mUSHwivtpjFS/4L3gsmuXZGd0756jlpx/fOz/8aQlblp8tCN1fSuji5ye0GIH0zt6TR/yTxkhL08vD5WdLGeZSPa1fjMz2KQVrSyYbg/iFv7D83tws+e3u/czPLAMC/GLT7g6aUTzHBFkiwSBdY0ntlwh1ZKosie4wRaghTe3vWrH/JSQb0Xf01+qzz5AVoozMfgmfqZbcz14NF7f+jLmEoBKFP2nHn+Zbu6OW/LVfgrT7288+XTMTvPWZgHh+h23piKUdRKQczi+mxs2hbfpL2PwysSWfTSGZzCikY/a9GefVAVAycT+ONBwycfe/Y3In53dAyV/0GT7bYtuN2bWBlPpiFI39IvbSf9F470ocdfqEfv9dufc7v+izU1IP3/s96cuPft+PP8Fnn/y+H3/0/d/349E5zCJY7rNfhOQaRqNK8Bfx0KAdftH3KRNIo+sxO3vrHvJ44ffAP4/wIYkquIbNLhZnvvXRI/RMA8hYACgHw2Kyx/4mfXTvJxFffHSPFs91gmh+0IQMOOILS6jxR3fQ4P59amCIYtEAVrkXiR/WLlOBXzuuDi0FfvY9fE4J15/4JfVnOTjsl6j8veVMDPhKXGPWaC05Jkyxydiy4mTcaruZ5GrIf9zIdKTdarJeWE+nMSB/sGD2W3xC/x6GuQQ3AkYCiuATHgmtwUIpsO8AxwFyRVqYVnTpX1pU54QIWt7R5eRTVqa1LFHMVBe2qrRb6nZFOH56MVrYrle268Vn+N0XAhDpwU9uYYZJWg4HuR1iS5gtRPJ1oh4xv7B7ev9TzOfnMI7Mcr8Hk5kFq6ZlShiGrfrO+P6n8jWnMAc4gUbmf/095oYLaP+vPsPLNj1Dmq7meJI0nWVlkGr0g8+y7yGj+z3A+z4YmH4Q3j+ghM3P/IxkOH9mb3VX0CUGuvMDWY9U5/pnfub3/fj3/Rhi+hX4nibid/3Bz/wMfv+M/vgBuO7+9+WD35U/+V29T34//oTe+YE4hPcBD1/8bvwFdNMPSGvgCyK5gcU9feuzj6TpL/0MyVsHgBjjzu83v3PB2bE7xOIXv8QjkTcPez8Ff1fk5xf/khGTbffBZ3e3tsmvIP/lW3eWWxTo/L6/7yc/s33n9+AP7oIfQFh6/dMlgfpob8lCL5+U8sknu/TZ70os8VSpRrNIXzz4inwK0Tj8EUUDn23tPsCCB37s0ee7d+5s74xmn9GfiBk2Td9Py/TtZp/9NDnpI9J1MD8UREMq8u/tXX0fraaUUQaQ5WecTImZruV4/+1n008+OeSXyK5A6F4TFELvM07W/TRakNBMYIaJlPzB9uzO784tSI/q33fvYckEzZBHMXPw0zoHv1h8pE/r77H5OGQH51z14DktlxrO04/h95x/9ul066PXP/Mz7HTCWfzoE1qXPPwlH8GOsSdZj+x35zaQ+iUkGJRK/MX1o3rUPmqRTYAjPpGYn3UWBGBCaRjnyr3BWDOlykzYB0vN1EgWPDXey8UZpKw4TRg7XZiow0zb3rFAfuEv/OQTWrTMoQgkAQyvfCnZ01o0npuRX2ynBJaJ8ilLioTUTVpCo9WSyNj99LNfvDshQOc02ItRjhfPzbqN/HLAC0NqNtnC3uPE6zklNMAe5Cw9vYN/PqOM1lOaelqYkMws3JiLwwtNoczHuwWlepBDObwYf0lL8PwSLeY+/SXgQHDcOQUPr7De5P4Y/eJfQpnVS/P17qX3Nf0x0sSXTPUpTfXujgRolK86p3w8KClpoksgsHswvvdq/PsADSYjadjL8e/z2TkndYrx3j1o3+aTu3dMgo2nFp9DXx5SIho2/2L8Ff2yi4mfffbTSDrzevMvlj/gKT7gxTaiyDV9oPjw7+N9ErGX5Jx89tlnr4Xc957dwT9IMF2OXosSPh9/OrmDf7Y+2i8++gRfERPOvgeafZ+oKgAzTt7TIM4/+0liqaePdkd72aNfrMm0fDQnH4W6yM2M5nZGoQpAxVwoPtp7ONr/vQnrAu3nsgTIS+/GJZqPH7yhBRGxG+yqX6S7q7RAnu0nCczFJ1tzjsYJf4AYf3XnF59jdn8RlvIpZASB5yGBJ8K9tNBgCZx9NgWBCRFKvjF57uz9ZIo/vneOoR9iaeSce0YDIvOU5uFnfkZafJ/m5TN84F6CXOw9tC+IA733kP1cMyuZN0MZzdAcM5TbGcrHnz64g39IXpVmYEMzVfTNp/j6U5mqoM2dX7L38LOfPFRsKCS980ssOh4uYCPvrUOs9c6ILX9S0po6SfYPtEF4u/uCZvmCNMhsdA6/ZCorv1NerSAgF+zH/668RHeHQp4LXtQabe/Ci86IcYRrkTAlVrr4/h1OsnKK9Xu7+egN5V53X6ADWW+cDSzoTsA9u0uI2S+iZZoLouZPksx++tnvirkk64Uf43tY5939lByrfUovj/d/ausXf/XoYrT3/NHslxDTcJuviLORD+c/Pr3Pup+hgjgzJekd+JL2Twj1DMu7iIuW8It5Fi6+7/1q2vCEij0SROBbEq9yMugXbc0pYKDpmktzytr/5O8xfaRrSWi39/B3hWAQhL2HRDr0dk6fvOalKPz4XWVtfzb6fT/Oft+PyUxfkLjs/yTiKGgjGg4t0IFAtMYpa2y/5JfwF69/CS+I7WL5Yyr6bCpai8hE07lLgvvpz/zML+Y0K7LMX1mBod/J9OxAFZ0zXT4VZsGY7B/fo1bfH+3v0SLZeK8kLgCD7x6MiBH29zAfUwnHfxqMeS78eE4xKn2Lmdj7RZ/N9NcvKcj9ErSekJTRiKc0TWAIkjt8Ig7QTFT9/h6oloE2FJvAWOQiUlNihi2gvr+/BUZ2S6QU8D//DF9/hi8R//8i+udLEgS2efs/ZQn0GfIDp5y7/SVYUOGXYAxgMe99egf/UB/Z+MFrIi/3Zb/e37+Df+TrVyQHGBC6Nv0/+AmkQJB42HsuTC/fZPx3Js33acan4/tXYKTXn+G3z4Dw89+D3n/5CH8zhE/3ebWSfrnH+QRMIFLuo905fs4PuQm+/gTrRWRrLmnCiSd35/zrzp1tCpE+3cNv1PbBC+D33LR959q+s2138NsvYSTvTckBICz2z5Ez2SdfiFTB74HfgOFP3bmDJp+Z7+//lAztwYSH9vvcwa8Y2u9zaKHRED+Xt0Cez3/h7u+x+0h+2/s97ulv+7/H3qMdktRDDp32rh/94r3dR794H7nFO7/4/hdE+N+LJnPOf/5eWNY/sd86Xvi90teHp1jr2ftp0qwvPxqpih7fOyG2AOyXFkjkrXtXw2/t/SJJID7YovU8Wg6it0g2D0QFfXTv5KNDXgY0ToN4LYTmkxvR/NLr8Mmt0Rx46wY0n8TR/CW/hNefWDT2gC2W7jk5OoU6+vZHvwd19Hvrp4/MWqHAwWoeuT0UBI+IBTIsD472kIglfQh/160tuvazESNpRoPFTeisyR2H04j4ZsLA7l2x2zvpg+Ilw5G0YsNm0Q7bveAvPh291Lb3l67tA16tumOook2xgPUaiVTYKxrPBc8F5FBXS/d/couHQL+9+IwWV/CTuHrnUJUIKefv4bPv2xH9zM+8Rt8PnvqjIQb4fT++d0KZoYy5gf54Qn9MQMNdmUnmfXDB3k+QCiIl/GZ0Ci+CLPsxfHNxlfmbT+mbX8ILxeqqYzp/4tHr0b1jSikJRPViCNgvxr9qL+8d489X/Bv7x58C7zd3GMy9Y3IVT+mv8f0l5XJ22ZOAWXlHdvE7KRAkoO/IRXzH4N6QZ8oZNcmW4c+tj+5/Fwy7twsXyIsNdkm/35vc2RLEGK/fCyYP6m784Al1R9kKWL57RIp7PxBnfLQDbQBoZAvuKHm6nQUQTX6lePxmvP8coSwnqPAHZ1l+nwHgHrZ7M7GyIao8WjLyH93/SV505d93rz/qwuMsHDwBCi22PvruKH2Qfe/B8WcPfvB98ke+OBRUxl8g5Boc5i8xAkSO1kf3vhJ64tNXW1sfPbgePXg3uvfV6MHV6P5stP/t0f5Pjh5cjiiR++Dz0YP16EE72n852v9y9KAZ7b3F5/cPRg9+r9GDXzR6sBrdywgPOAiUwuXVabOe7Zaks9+D+RUe+COWlIku4p6hhVnOJiv5GjHthF2c6R2aywlFQ7uZmUQyDnBdyPCR0qGhqBb8tsyYcyffsGoQDlTVdO8rdl7hl4le/EVbF9BwjBdT5AL45J+JF5uyW5yzJ4vpZ1+Wwg5kz6xnm9/5JWTMEOGTa8Ue0Uf7P/HRIdxp7WJ2B27yjHKQP0k+Lbzuewv6kAKojz7d/eiXIGT9FFLycusX707JPf3q0flo99uPPrr3iz4affloNtq9NhJPWQlEm9+laBO/3KelwPn43i/aKn4PGvbj3Xd3j2jo91q4GxPO6j3eXWyNaVW7uYOlo7u7iyPJ8d3BwldBC+/U8M7hnBhgOvoe/iCVSxHLL1ElMHqwZInnRa8FedD332zdgf57ox8T4aaqQNgNJd/v3vojZAQpJvh0/GBBM00LY5QeNO3vUXbgd6XXfh/yEeivt5Si44U6WWz7FItt9NHu+md2f+pn7p2ZT7+iXu9IX4VhFFb+978UXQnH+Scf0aAp0bP7BfqfEqOZzMovvrdLrse93dHu8aOMBvfI/2DySwB6b4tHDVn46P7r0aez0f1Xo0+fju7/xOjTxUcBZ1fK2RU4+9zq4YoCX+HnJ5QWe5Leu6S5eL5l9ShWlmHSMo/7yMn/xRTrU4z/k7+EifwSEQoYaESsMKPppyj8u48y8MOUtT8W0DmG5dXLPfr9J0dYKV5g/fMB1nun6MN+z3/RrBT8fbERBwoNPCSINweQOEAaPGMqNARj/4z6I3/jjFyu7NHLkQ5g76tHO6P7L+mP6u677Qfz7Xvr7QcXH43uv6A290r658tHPzn6dEX/0ErxT472H9K0fMHN730xSnfX9OOj0b1f9Ogj/EqysLvgX/cXo5Ta7C/oy0KaF9wcn9AaNtpkDz4a7X/+6KNv3f3WR0iePUOC4t5LQrsB85yP9r772d3Pft/f9/fY+oU/87vdIZnY/cHoy8NGnPuXo2akv9BbPL6Gg7Fm/OUv/IXN+P4LXryhv3R1k34ToaZfpN3ut+H2nH4EIjeInGTFZG+PP/ldqQHl+p9u7X33zh38/slnW+YjylT8Hnfv/B4f/ULK9P4eH935hL7YP6Ukx4MZ/fHRZ7/HR5zBJAhfUpBL/zowXwLIl78H/f8Tfjv28iGjBm74JRZN+oNkUcdm4P3Mz/g4Iq2C4XzyhHNtGKbp75OPoG1rajaihDmSm78b2Xf0M/1MQMS+IxyIYw93c0qWiHn4khahd79L0rJ7jX/4C4r0SftTIoP/NOErBc/Qevukun+JGwWBA/67b0gT3OGfr2Um3iD+w1fhLECfi5SSRhM5RUbQoHyXEui/x8/8wjv79WdYfGcuGX30u2X7NI6CxrFnxvjTn1A6+TN+787vMTiLHxEcehGT8kssH4UI3cAH9M4haP6T/P5exv7R/W+TF2L8TlJbbK8Me5EBy+4hc+n+vnuXVD+TySNZly4IEWkF76NPzz/ixUYsyNAnzRYrGcpD3vsJHi6T98GU8rDZ3mf4jT74XTmQL4n2F+OHP0Um8uHvoxHw71oiK0wa/+HP/Az+/Yw9Hvs7PJ47v7hEusIygZ3kX0K/HdBv4kxjcRfL/W8pGTx+cPB70CQ+ONj66OHvPX5IaY9H+BMO9NvxwzeQvRFwpX/ulfTPpyv8dnYHfCV8/Ha8f0Ivv9p+SCqLZPulCPD9E/PNl9v3j7cfvoCztP/sewBG6aWPHj4fpQ9/r/ThWfrw2+n9Hzzi/6UPn32EjvHe77398GT74TEZjQef2g8f/gB97H4bZN9/CGDf/v7v4X795KNRCo31CB+N9z+3GRtg9Onvcwf/bL0VBPcyN/FkoEbfeztqvg8enoo8YQHvF/7Ct0T0t0zhfYqvMMdfgc4LdrPJH/30DI4IHJNdWkeT77EE9BUWgGit4/em7uhvcu6gEO6fIMPz6XdonZX5nb65j5bwSAgegWDn5M4vJupCI376XWn5bTMQavHR/XcfQWxdY7Llh+zkvR3f/0U0mK+I4B8FQ0e/kzuO/mSsmNXAKr8Egcz9y61m9JaUuHIOXrpX3nlL4/ol5g9OMN2/RwZx956S8KujnTvkKwuDvr3zi4llWn6b1j5p2Qa0IuOBhoTOa3zdMM8obrbfn4QTyEqZ+pkShO+kQI05bPe70Ebf3fqSsevO3P2fMDP3S+ida/PONd653pIR9d55ZWfbqoLtbSgDjyNI4ZMtf0uuGvJ7DUJVWWkhHLM7+GdLPuoz01MCn5EJzL8PT+/bZMQ/RTRe87T+Xr8rrefQgufDXzR+uIIMP3xEDLCFD48++/TNL/yF+O3xwyWpHfxGce0r89vDkjPeCISkGcIZM82Um/glo0+/80gDAepJYgGPIw45SFWQ5PAxP0wljS5AsyjQ7wJ5WVaZ0iokID58u01zewiOgB9NfgaxO/JPSDVBUdInvECPpN/s96jHD3/6UU3eMYSGu3k23jv4jHn5zqc/gR+H6pqThqSZ4JU3+QSOV8argFuUp//kozsyEPJGFuJEPU8brKTxohs7rySo4/vzO/BEMw5pGkTp92q4y7sw4x99wn/sHsMp5sUJzaJmWLqjFCqhSP8qOAFEfwewftoBUij9b/AS59NI72RbZInY0N/93fd2EER8AuHwYqvdz8X35KQPIr2cPntF3tjn5Ao+kJ+7V/zzl/ACJGJAClse7f4UAZZsy6fj7453H1Iu5H6DdZ1D9lB/GlHF7sOP2ER9mxUGx8CPP/qEejn45KOUw55Pr8lAzYm6CiTDm/zeISII/kwA6B8f3Xv6EWVbKAmEgYzvzRGu7545/3rij+JMR3GmozijUZhIFqPYn3mjuN/oGHz0DWLAwfb36YtHTMG9C8kRaWKHHfPsji4STO4QJp++4C8fZR5WexeCFX4CK/r5SzopNprf70ma7NtK698DU8AjwJoA4fDw3I05mDcZITWYRRsYElCDaawBY6MNsl4Dwwra4GG0gdfFgzA9p00y4SXKduX0fUnK+KexKiVLjZ++3JK/Ecx+j1ZaX8IX/D0+ekXD33tJwxfNTzN4n1aPOT8KZ0fitV9CkSOH8yH1RvvHFK1D5FYQuRIAyu+tvg/hPyPbSTlt8+fn9OfvivVgSTRArdPyDP3glB7YEhp09xUpH/yy94B4+wIcEnAN+Vt7n4F17u3BbuJP5PTlE3r9pz6iJvs7FutSgtiSF5NZv+SfkU9EwWC7tX88wsoa9Xx37+Jndj//md2zuwiwaZk+/x6b/4uPfo9zxyCPsu9vlVhcFWV87/feusO+6e+39b1Ptr//GTm83/t9f9/ZJ9vj739yZ2v8rTu/Gy2x7v4+n+XjvcXWSzIBO1CCYnn3vtiafG/v+7Tqe0yrNvfgQ+29hoTvHSOKItf1F+8fj79LCv2zrRktMNz5ZO/4kGBtyV93Feadb+3+Poem4e7vQ42IJrwKNKOm+IVGsf3ZR7/H9u6j3Tvfmt35hNrn4/37W7u/D+V99o7hMJi/M6RCJNfxkrPOL40Eamic0Ri2Mtb4okuRfcLq/kd7LSKo3zWTFWsmHVasf9cJ0knHnBLGCpFLJBOWBsixZp2JrvzrHWjeCWZF//yCmt2ZCJf8EpbQfZYOXYWiUPNzJixJwcstLLuaTiRLmY2/2N49LGC/iu1ttgmUovx9yHACjekd/EmkxELUHqUzdpkEWGshgPdXnE/5VBIZx59xt2AjLL/J4itnu0AAavCLePmPmnwCgWIov4js153w81EmCSHSlsD290p/kS4X3F+Js5p9lilIRzAAF3oc/iKzavqLKPP2i7AUIaS580s0t/LpS9EeQiEy6linArUf7v0ek0e/mBJoUywJ00SySoZGpRajvTVlNu791CP5Quf5d/3sIaWosl9yOBvvrYkX6V9a1qV/GeD93d8Dvz/6xQ93Hh381Ojh00efvvkl38NH3ydeOfi96a3711iMvD7EPxr80Pcvf1csQ0rOasWDYUTQ/M4d/KtjIgrMfgmQ+sUPdmhQq9HSpHMmn2TfWpFH9tPBx1tb23v744Of3Fp9Cz+/unN3784nO+P7d76VfTLB+tHnyNzf+y4lWPbaR3Y6Seft0nLmp8QWE/p3t/zMrDA+uIN/kAti677X0urtZ794HzlIVZa743s7d/QnYz3+fUa0VrH3ndGnNLtb/M69ne8BKntn/CfCGVF63JvqPf0dqo+gOLtMsqjuEdr/PgLrd8WaJjeTvxHpg1/0a2LHGmpGtCfhhE9prGC4mjzOo+2Dn/g96kfcYq+yLe5AT1GKCDktJMtmbMBNCs8mB6jp78MEuzdnipEamwH/vWPVZCDAZ2hFv+0/wXrOFQkg/UBAAiX8KYUFrWTCcyII/fZLWiI/4YHk7+dQAq3wxb3vYmi/mH+hiEWkQeXeLURkdhXid2WJvnNHBHp7G2vs+JSkBREe4PAyzHcRDyH8wb+f84TyNO4/UIIS6b6zxRQW0hzy17ufU7j4KXQmhQJQw3e8aaSps9NIU3rHn5+PDl58hBXH8e9DKu5z617dstcz06v0SYsZxM07whXP07Y7QaTmfuZn2iN+d2/9CeYQHfGk3Jt7k7JrJkWwUEalzmDkXgqBYdr16zvK89SwIBb87OWdCaeWJlYadh/yIrswMBtriMbeoXzA/iy3su4scZ7v0Iacb4CeeZ9Tq0P7OZMbs3LHeiEGVY+Sq5F8+ICcEQSnE/Ul5V3SOfqLCjCE5PUvgaFfftZug3iHTKzlXSWoEJCY6Ke+x5/c+ykyffhzfP+nf4+P7v80OQwPdj668/0tvEbaaWe0O9JXQWmVDUqWYTa28fudbwEkvsRs/BLY4F8iCufezme/eO9SZjqj0exdkk3b+w4phXfeh+/0w11e3uVsNP3kwX+0e0VGh74lltkHo+s736U1Dsw1vvqE/jn+JcYQPf9MpGzy2c7oHv4hwYQNv18S4X+fOwesVvbFuvw+tBg12t/97PcZ7f5e+OP3Gu0+p597xej+088Qh+43W/d/rzuPD75DDsHdbFcWMS7J9Xkjrh1N//49mf43mNjfZ/zp5xKe4jekvyZb0/Hep5+QRt8739p9zgHn5Qi/zOmXOyNau5iE374z3767w+9vy+ef7o3MbyQ/L34xffP7jO9/PqJ/nt3BMtvu73UHH+7+XvgU/z6DKO0fAPXfr906+PbPzH5mTo4dj4G+38NCNAb5u95/emfvBd6Hrtl7w/z10/S3P7g7e29IpIhWd3+/3XkA5PfYJweNVmp/r8/o793f65cQKjO2s9Lz7vxn7v0ifQEf3mEP5O7vd0A+65fjb+k33ONMhOnOHYx6Bjrh33dmGKbNPcpukqeJOI3Q5qzXDKuKlDC9/5TSZHtvNFzb37Uj2Kf8FFxAC8d897vqd4bQc1DP/MYU3HuDLwcncHDufsl9srb3Jo/ukXvyKdamvpMSuhlPEtstclqzg49GL++M7J8P8SdnkCbk97fkpH7yGfFgyR74PfmjZTP3e6X3y1/CK94fj4g1PqUVsI9/hp92XjQ/U5zLHzc95+vltC2q5c/Uebuulz9zmdU/U+bLi3b+M3nZ5D8zy9rsZ9p6nf/MeVX/TJ5N5z9znvEX1XS9yJftz7TXq/xnluuy/JmmvS7zn6H38sXP/Mx6OcvPi2U++5lqhQ6an1lWs/xFtqAWk7q6avKaP3mD1/NLhpQ37c9k9QXDbX5mVjSrMrv+mVVW098vqO3PZLPZz6zr8mcWTZH/zFWxnFVXP0P/5u++PP+Z1bqZ/8ykml3/TLZaldc/M22an5lSv4T8tCXcV3W1+plmWher9mfOl4x2dU5v/0zRPHNEoB6nhM+7Nl/OfmZaZk3DKLf0yc/Ms+WMBlitsmnRXhN+l9TBYlXmbU5jz9p1Q+QriVTL/Opnzou6aU/mRTn7mUXWgmxF2dKYDd1OiUoYdDOnMYDKTIh5gVG2bf0z1fl5k7cveex46WeO65qI0dbFxQWBabMJoTLNiOyTOs/e/sw8Ly7mRMOaRk6zRCgzLep8UV0SeuvpNAdBGBVCtm7R1yxfUk4vz6jhRU64rMqi/ZkvshZN6mJ5Qaxw3hKhZ/RJm10wKYhRfuairCZZ+TNXNLychkd0zc6zuviZbFnQYPHRu59pq4sL+ratnldXeX2SEc9UV8u8fmoYZ0Iz9zMNccu0xeS0FXPSdF3/DP45ef1avyQWEsqDeEtiRLx3/u5nZus641mjSa3K8jlQLWb61xtM9iqfFoRmtcrrjBiSxrakeXxdTEqMjagwffszF2t6p62+Wq0USfDRa/5qsm5bAr9Ep4vsbS4zsKT5asqCuISoCKoRfzb5s7LKaEhVPSM083f59Gd+0TonViiaV0xe5vDmZ1bvCP13NKK2WOTVmmY2Z/b56aYm8lA/xPSY2dnPLHkS8tXPLEF0msP6vGRuFyxkXoW/5PenkNRVzR09zc+zddn+zCInDCEPxM2mLWFDw6M+87omsWiJUDSPxBXFkmbn22++eP4zC3q3eCb8StJGrLD4GcjDTzdEDmbsnyEOm74lNLPmejkFCbIFCz5pniWJdvskJ31Bs4lOIbrNz8zbRUlQpvTHV6/OTkhwaLzEBlNCqc2NOAiuUDaLn3kKLNdL5pNpVRKyFySgxBXtG6Uej+Z5QfgsqjW4JSNe518JFiE/KSuax6L5vb94TmwH9XEK8uCNfAkpIjg1oUwTQ5J+RbP3MyTyBHe9xFevWaFdSH8/847w/+mfWOckYbNq8QXx+upnsp8mTm/qKUtizm11JM2T6zcqMYaNz6CpfoYYhXTi5KfB9tz/GfjvtcjbPGtIyTb4lWTgmMRJFYHMHjEcoVo1hfA9zd1L0mrZhcjBdE2fLFjRNT9TkaIgUvygKMvsZzKS/hWx35QoBC3XEO2b/A2U2kxY5ScL0lmXRVNArSgy03lWn0DtnjNzt3lWk8Jd/gy6JmuxYv0tg2rmBUnfT2eXmWpYwh6aSygIhVxMFUkeyKv84vTd6md+fxGesyU0QH5Z0MwZ6ZwVND0161Vi1cWKFO56NcMfRONj0pAFiSfT9hwUAUavcpK5pv02MQXNbbFcEYeAZVc8qV9Us+K8IJb9/XXIxFo8F5jD13nbUq8NfSZDoU7AotTFTMbAxu31PM+JjPQl6E5sfv2TrPAB/43oO+Y+8Kb8QnL7M5+fviHNOHsNVOu8pDHM3ojqKKCTmOpFCZMyJTK9/Zls0lQlBsemDUaszQqwK6mOnyHQRJ/8Z16sFxOIJ8u+T4/2DKxPhohJ+qUwGlsylehlhaEXRCsyC5MFYXAONZ6d40sxqqxLZjmEjbUpEGMLLdaHiCgW4BTd/PQvYplojFq9Yt4poc2I04jQzc9c1dnquGRNgve/reocZBPGnuWiLi8wi8KdOo2iHsCq7AFU5UyEmhXQpHr3M3U2Kyq1EKes0s7ramH0CfNXLaqO3v2ZnZ2fsYzAZpBFuzh3H7Il2wMm3/22Ch+MifzGRiYjZ4H0DNv6xhP5J9ckyjThDfhc2rOREwtAYgkTzKQF2TCt9BKbfWZBNdH4/cS4FfwFW2saBdmy4gfWCrULgzK4mH48/fKLE4H5XD74LtvtaVuXv1d+/TNv82sWZplKDOnll6/f6J88Lvn19yaaXeS/NxmxabluMNBZTuZwzppT+S3Uos0VeQA84TxFP12RU0U+jH0nx3BlJLDK6wk5F+SvkOjx7LBzRX5OBnaBUCyo/5/5QUWqrJoZ8SQTAMv2MxOxKyRaNRtG4nE2GPm7VU0ml8TnBKz+M2uYdf777Kl+zowGqhfLtXSq5FKj86Yyc9Iwyq9Fk63UBVM9yfIOnITXCGGZEHiCGZQMM/GTivxfkoMTJukriCArEHEToIZrK6bztl29qJx+glaVbnaJW7NyNc9+5vdXb2pe5+fwa+BBzMmL/pl7O/vGa/1uQbO9R688hwkjg3lRV6SkAZ6ZDr8YJhMyCll/0c9AoZDfT6MnJc1e4BRuVl7OMB/sDazgbZIKYfzJnH6bgKm+/ZmrfPKWtMgxi8XvrRqH/LfdE6YJwL8lV6TNwIZiH07mmPmWzeYEvhah+zMr8ozEjSMfXzyF2c9cXV1Bv8P7bmRqibzfef3lC/zUKcrV5DohIcsPqMTzRAH6l9iE3iS1SlxBZm15oYqanWP+jdqRZhEFTI0B45w8VSJVuYYZoslroP2hwcn+vxa9WGOef2bOan5F7gVUn0j+t8UfZ9hiNfljkcknVQtLDSEk5PhrEb7f52de8WsQwd/nZ5gWbWVDhXpqfp1my2lePllPYK4ldBOWgc0+bn9mZ6lyBoTUK5+xzLEBIMY/p5Hy1JB1XYrLyQ4gOwVqcsiLWFIkdSVDUTtJhDqvgA1IdEEgaLqe0fMz653dvYOf2d99QMOr2NFggD+jlBAOlilU75V/J6r5H8KUGY6GyRB38piNkwq7E9TvSgiof9nIAuaGdHoNBcH+BkmwsU8Nm0VARiyAn/ibXzljdPGxCn2DQOa5RMP0m8bFcDq/BF3wSyW/QOtDtWIccHSfVXBAmLocqJGhgmoof+b+3h50BgukqAz2uK4gu7sUHRSsPvhrkn4SZopcSLbqy595eUYvNKz5ji8wyn36dpldFuT9UW+f0l8NIgQbzKogZqye4Cv+DHmEL7IXFMBT2F1pXM5/fUn+Cn6esWfneRMkL7k6Nvz7VysVn5n8/RSsO0EgumS/Ey6R9S9JTZip+Zndvb17gefGpuIeIU2KYV7NJAKEFiDrLp5iJsNooKQyiqxaKCBmT0SjJMeZhnisNY/Zxf0ZVoLQfT+j2om+Ooc+bM8r8ns+/+INvQ3Ts/vwwc7PfCdjSyUYNT+zs/szb+ZrCnovfuZ1QQL2M2fnoNLPsI02xiInvwtJDWIpNlpQhm/evCTV/DNfFKQVmoqEtlpyaMLeq+qbSrxN6EHi+WqSZ+ThTlUPQjf/zO7vT7bvguL5nyHuJxsq0SSUgGgN+ZuUhvyZTSb1x2OO2bc+/pmPKa0++sW/5M6d3zj5jZO79KTf+YmvTl/9PunL5199fvYi3U5Pj1+fvfj8N04khhlLmPHZL6afebF8ZBJBW+9G7QhLS7R6IoolnX5rq7372ezOt1pahxpJe3JDo68U51vt4xmtXOm7e9+afqv9Vnt3a4YV3Mkh5Zdo/aPdpiaH0mQbTbJvZdqE/7o7+2R6d8/0NtSXvu93wN3R23jz3aoaGJcgQQur51vTxzuUUP7WZ7TMOsW/v0Txzr61hTzImKDIL2V1QQuud2ffau/cMeCHELsd/G3bwXbYwxaRhzqZfrJrexom+Ka+upMRHxR9T9Sjf2VoOi0dDPe+Fb7Qw3JClnB6EyNtB7z3vY/lJRrax9+n5rPtlngYLziAG/hMmPLx1u7dvfGD+3d8dn0wvv/p3n3wBUAhkZkyLbb2BtvScGgdanxfGxCv42fnbfv1wPt74z0fwMN7DsTgG5+Grxzs60uOpLeVtShxiyXTtv3WntL2W+P7bpI3zge9sz3z3pryq8SQJZoPcmPz2e74wc7u/QMW9hWtcAqPTsGj7Wef7Rh8J4d2Fj/7bNd++gk3/F1Xd1afzb41voc/ssfMfRQYk4QQjxMs6Wl1d18myPy5pYz68uyO/AJUiWWzO0bdbGXyxaq62tob7e7wPOze0eZovdV+a7bd3PmWB+vuSqWehr5JEv/fPfY0GPo2jb29cdgk4HbKv+GRE+d+9pnl3nDsW+N73yJpvPONUYCFxRB6e0zi9/X5YJCctwTBwsQ6joKUW0lSzxJ/a2urIc37rZagG0i3mx4HiqaFbOX2rg/uEwKnCp1xux1Mb0YtjVOyE4Quw95qvsXKdY+0nMHaoyO3BO32BJVec2C1x1hJqLrZWxEH4JccDnpC3z57/eZL+uDV6Rdfvjn9jZMtC+53u/OLf7cxAp1vU3Kjqq8/o6Wc1H4rw351+vr0ze9/+pOnL9589vFc2r1C5uJjZsvfX1Of386a+WfGmR1T9DqXrwuN+89mny1p1Uw+rCbk1l/m2ushlvDGku78zOv9l0hjTUVwn/7Xv9vWx2MEUW2+TdNGucuP74w5c0qLhL/k8HfbMktPd8bISm154xgFMFlYfrexrtKNsdgmI//9dbRnHFqNkL2UcHv2GS8KUh8eOmHrzwi7xxKTpRxNf/aRLvA9SrHCcvjR0eO78v0R4W1SMhbpMZaz7owphNjaucN0kMafhd2Mg8hwbN4+lMZjuO1bGJ+0Lasm5z+3/Fn7hb/Q/+t3/ezjH/8YxpZfCSb0M7/dWIPWLWo++vhjIvkvuROfSLxK5PH5xLLHNzmoCMLzKKKHHf7zmcohdUuk3As8shgaILhr8rsGZOwQxjULX/qFv9AHwDNEDJZ97/dEhux3++yjjz9x33/y8UffJ5bi3A4RJqSI14F19TzGvvOLw+YffxwIkia0fVnCxPuSgcVzIrEF7gmWrs78jPuIlyrv/OL3YpuN00cdBgPgT0L27ny/QX91KOy37ND4l9jhbpjb29EyRjlJ0qtSgqHiBdvR709JzStapNK/KLNkFGqomOwbn33v+4fur7EkeD5TNtc/DwOoeOOXqP6hBRVaChXVF1GGXv+9SXR9YrlZPg07MsjsHAb90Gy/F3N4SIRTcbPUKxme5mWbdWiy3SMapNN/gfgsQLvzNSJVGu0W0xFjdC5eAOWw+OSTOyFddIVuy6dhtdq6c0cYpQPWhybAOqQPgQtowAKIKS1h5DMmpnvte72xb+9+vysa7s2OYGyQLicym/v67DPKOefn5AjNfuEv/F2VzCzX1lZ+9er5mBcPvzyHlr9zRO53Vz/S558EL2gmiZp/b/f7XXmOqsabpdcwgSjBmFpkbnZfOCY0SwMS51IGrjpPzWefffaxafdxiMZ6eYNv0/d9bEeHSJgEc/ILf6F27MvyZx9b+vetTvC6EtGQ5mOm5sfST0f4yOfwHEP2DEmcvY+8hd3uuyNa9BFNefi7jc+X6gM6SoozOGp0jdsN+Bdbetp1mJ8J3E1HefNySHn7vvn68JfYhr8bJY7IP5ht/WKQ4iURqHj36GP1Tz/+JRadn/mZX6wKteVFcXIUBeE7YywxbN35hb/QfkKmkrzIWXFJviL+9R3Fj+EgEnEFytgsK2yZLo1LbIIOZryc5NSZBrUomMzP+Gv8xqiJ7SeJ2eLP26Itc2IO+7v1qe7+vs3di9HHv//HhKsZ4dgR4JOtggIa9Qu5HzWs+MCIm8UnZ97/XWVE3/sY697Ec9/nT+Ho8XJtJ2JRy6Am5ZcoNZB63kJ/I29+u3AlHjFzCqkXJxb/E85SbRoTUp+q0WHchLCQRLEeFvdf+As7CNI/W5LGujMc8b05fvK6F+cZ/mzJ7Dz6xcImJ5QBax/tYNg8Ynznhqt6yvKur5v0O8K14oWXj+9YUdCvDiOyoV89MqCtxnHglmtacahp4PrR0c6d32N727y4M6IwitfvHmH6KGlYvV1k9Vt89Cgg9O8BlftIvBUZrP7RrHih7tHHz4lLCL9f+OMHe/d2Dj8eRQSX6LH98ej83TNaLZIOz9+9xkqQ/WNeXZnfv+1/jkXrRx8vq3qRlR9rQ/nQax18cLxuK1k8VESr5Qk4S76vlg58tXTd0pIYC/6jjzF32/TnxzRfJc1IPvO/MJ99bAnof2s++3ika6F57X9tPyQiERb+V/j741EppPS/0I8+HtFfr2kupu2jj0mJ9VRhGHl/+lnnbz9cwAeWY8JVeV9mDs1v6Xr5jExlQ8Lf8AI26c2dEYzHsFIUnWgHzIqRdSJRFkH9uhx//IlVdYb6jmx3DtGQ/m/VOf3OivxoXT7KfxGF8x6RjSUgqYNl/RjTyQG67UEY8Q5LbRTVYmbNUaB5P/nkd2NxVggs6XdGVrMXs9G6Lj2939PRbHkAHtHljIx7ygu++NN2GHILtYlYKm+wRvGzU/IxOOQVI/cmm3zsVHXumWyM8Hf73T4zL1ozZzHwOe8OyXa2BCXxkzgP73xv5/tgwTewW5/h8zGL/7fffPE8ILSqBWKVoM1nHz/OF0fekLXdJx8/vosv2AV4UyywjOBPze8mJklMEVHat0S36dagfPhLfrffjafwMt80cmvHegaD+V3+F3A2cxzNlc/O4XT6bOq95n61LO4+Ek73QFrp74jIuCBfJSZK5Eng6/5M2wYeMlGJcPxySLTr9hOOET7W7xbprNPKBME0p6995QoaloWIrYQgW/yJ32GgjbklsSQLeRcaxy32PWMSu636fntUOxRirY2b8Vk38dHrpwBKnURoP1lDMVhPN7EOq2CTiB5hN4fuO/Lq5Zdx1rYUHhQzuK+dTzhDF5eoXlMDFkx+n2MCq++N16tJBDB/JMnrmv8Sj6XOi7JF+AJl7U2jkumTj++Qcmuo4y1KN5MauzNeVu3m1n32slYUOtFxUFTOA/6hPn+R+0p7ifUQvnUoDBJ71YZroTrWwQUq0vdRNBtF37nPnOdYc/Ap4QV/BSdwka2cMWg4t33H0/qlth/99C8iNqI/0bcC6k3ep3d+cV6OObOuVDt9t6LGDUB9PMnn2WVRrWtiJttMEEEajj5aFEvFmaOAXzL/7Kd/0XhKBPzFH9NX29L240cff/xL7uiLJi3wi7mp+0w5jRIaxBZV7bFsNprYQGGynUGHxMaxQZux9DpUlZSkPj75ePXuYzHZMjiiUpwAo4+9VgIg/SwNAae/R/eDR+lHu6t3H33Mik+G7aHZp1MHM46kDkPm2BJdIKmi7xYzSvZZkOPq/Jwa86deKx12t5l8zO2usnY6f0bfv0YyhUTpx9n35I+3z+nzbZioj81CigTUsLTs18TafnT0xeO7aAEfhgdq1m0+niBy/Hi0qpoC8/PoY3q9Ktct+b+XRVNMCkooUTOS7Vm+BOPcYlVHBmpHEIwnHG7jZUS63qok2W4kqubibqSqNrwNVsTQAdgjf+Z+5md8zH7Xz7y5t18ZsOZb8zelg0L2Mf3w69pNHNTjDiQ4Rx7TeWD0C0MRfyD6laVBpw/ib7I56lPBGhwvi8Vnv/iXcHxkfsfnHOI5D90LBL2MicaL/HLvBRso9l/oaGeOTINWiFtDf1Nbkf1XpL/3sQrx9z/7GJ99fGiG4H/DYR4b0R50B6haZVMSgRgk7ysFJVqlgxq95QB2qaaKyPUHDXSFeSSwO4cRavvZgd/j/s6j3e4Ivs2ksHPW+cYofDuKsMPIbEU6ZA7RUN411A80rPc/x98a4fsfMwHYikvwpGY7jJxEHZSFjZdWGZi2gYuhsSfbICf7kgz7mZ8hl7XrKIceRLRJkEq4Y42del02k2id0L79Q6AkqPbSxv5M+XTdmAG8zfrvDStsbb5YPaO8DS/h03LJIs2Yugh8Nc19JEnZYkkp1hT5iM8+ataTRdF+lJJ6XtOf84/SuxoLP74LIEfWCB2aDsbyzpaLi78ZGkREK3z3NkRiEIN4/RJe7XfcqIzw9bixPw3EahkJHIb0i1VzUJJytOvDpjZsns33H7PXQf/Dyz13OORUdcV63/7CX+g+0o90ISpYvxt5gmxetQuDj9/ywpuGZL9oa3u71/Z7xfc9mnq0M043OU8ecfPl16QtUSIaUXSIcesp2L3tFITMIUzjefoqZ5SfFa1oc+XifeAzLJnRuEabR6ghoDaRiJM+Y5Uai+jYTSvzjhJ0SwLfjB78mZ/RFKXR+kE+Xz9kjBV/TlEx1sgMfPaZLCKr+z8p13UvoI3gLkuMCPklTpbcTCR08pg8VAthqG4I2lMN31TIDu/JZmqbq4J8TOLxTnrMx5BSv4ZlBvSfso5dV2GaWj42dty5WT4z/27m7Sin3Rhhj8FZ+HzrVmG8t9aoLkCw0iifGYyibCL2lePjk9evP3Nhyscj6rw+L2mFgH4XFw6iiS5/1671Ne8HHtrHjnQbMhcs++Z9yxbRsXsvmckwXpxzkoO1OgEW9hBxHiw5NMAVSccILMl63/wSn/SsPjqkx2c3kD4mf5JIEAUIUtvRmzSZx+PWvlqeG0jDjL5n30K/8lpW5pRn+PjNPK/Jj2nSZZU26+nc5XbHHyt7yLLH7/3ZFSlioucqu8h/7y85fvuZn7FBqfnltMzx4xf+wqFvxgLueX7uv46YNvhm59B1/fv4Xf8+H9z1m2oV75m/2BlQQ4qCXQNSqowURVVGEW07oIZ+19/VKqKuJ7HJSdOUG/Syz+o3Z+bU6zLOgRjYX2KWjk4voaw++14QEgQemedBfP/Q82PIWbHvW/8FvgvWgr9nvyJ35fufOZTN587d974JV8Zj2Xm3jsbpF16wlGT9LRbOpCHAZKzOCIS1tvS7Wz6+84szyc2nuqgGEgNBMiLZ5GiHf2zvEs/cUWFMnVoQSA3Rk9YvPUjf+z2xPva7ffYRrZ9RGwoEvq8rdr8ks7NlyWOX631C0ke80I6Q4hIz4nKmQh5jJt5gTfB73z/82aZjWQSLGId+/+PVuplvUQtd2sBvxpeSXu2qMq9pfLLLg7bC4yDRt0KLn/6JdV5f3zn8jZPfOLlLT/qdn/jq9NXvk758/tXnZy/S7fSLL796fZp+99unp89/48SN+XcTphzn71pIwS9eVOsmv5rnefnItjln1+F3PR9frIvZHflBaecctOc/PvlEbaB89Psvrk6Q5LnT/QB038TG4BR8Tu2/nS1npI2bO35773Mh4TnS0MRi3W/tBMfeYG6Q9edOG8czpGNyO0Ra9t2i9I9qu1yY8HczJMtHBsrJuqZE9ctKF+DRzywv24wCGxnFT3IMa/zJfMx0foomd6Sh/9Hd3b0daTbLyfqU2mTb/H33Hr5VpGQNybZwUDpqKaSIp5qga/3vIFKRz8ZYBN1qRvmI+/J8an+E4kznY8qbg1hP8/NsXSIep3x6W61e1uQTXWQy6TbR7wE4ZJ/K80mqHxRlmZGBMKR+Vryz1FZ/vvNpMJe9GfrsF7PJfpSL6R6xFdW/fp+RRk2PbPykn/w+9pPfh4Sus+rOkgMf7WPLEAGW4h/hG3L+WG89J/uVY902Ntg70aZbHz/98osv0NNrtrGuL52kkUyHJxZ9EE7Gb/F6tXTNP+u0PuwKuMiY0kUU9WjtAQh0yg2a4JxMSVcZ+MkCGNmuiIcM3f2a+LcPE0zNCu0z1W/E2HnbVynUTp3L92FNwyLr5S2Z5GvwiC7TfSCbRKF8fU5hp71Lwy7/2L8Dwe0Lq0QA6p/9bqrz7lCHFDyvl3DsexkcQsvqb8OdP/Mz3+u6adTMZxr6E/zgs6w6hrewsK9PXn35/Hn65sv0O1/2jGweLC+tRtloOnoLNQpDYz+fGqnYmj7Ofo+PPnqUb1HM3OS0QLU1vZvduXPnE1qv+Wz6u2d3ju7d/z1esyc1Pq+rxck8q08qhLaf7D2882g6pviKv9269+mdOxKjfvyxzTnc/f3ujuR7ymRczYuSXtzevvOLZ9+jX+58/7O335tS0ga//5K3n33PV6UqtdTw+7/k+4ce7uarj3/f3/fqE4qKp5/t/pJDDzRhAKh3fvHqs5XFY5lfpa/yC1pi3aL3Jh9/gi4/4V9HH5OPOOJXfomxEatfsvXxvfGrzz4FJg/SkubwQdryv1ef3RtnW/fGvzcZ5N/349389/2YFNCDdB5+fK4fL8jUPqefT+jns8PdjKzsa8q7fUJ/vvmE/jj4PfAa/Rx/984jxDD45ifDb3Z3+Kucvnn9S77Wq9Nf/O5RObp+1I6uHl2N5o/mo8WjxejJoyeUp7w33p3JOCf454qAvD2c078nv+Sc/tqajX+fO78H/fNoa3e8/wt/If0zfnvn9+Afj3bHD2l0czT6Nhp922t0Io1OuNGzXzL9xdo1d/mV12NLfRWHJf17fIjea+79KfU+cdAKtONfqCV+oi1+ojV+UvsU7R9Kw4fa8KE2fKgNH1JDwqUlUpREEh+njHC6JKH+bHePfh5O0919+vl77Dy6ZCJ9Oj6lBmQaKprp3Qf0GzVZj3cPtj4lllym98Yvx6db61F155fcwQsvuT2tBIGBfvDZ+vAH4+qziv6leaR/VwTlFQ2ffm3o16+28Nt3PgOs3cnWD8Y/jb9/+rPd6S+hn+1nW8v0xZ3xT3GrL7gV+NF9+iBdfbbVblPTO3epo/HZ4WSrPfqMf/0En/5igk7tdncZ3R+MfxH1sRpfj/DvuzuUF753hyj++WdbW9sX4y+3Vt+6GP/Enbt7dz7ZGd+/8y1pTOAbAvUJ/zj8vTa1fcdtS2lbHqK/z0e/FwkYfiX8ifykBMa7D7fKUXsHn9JY7ytuX2wpQocfjz7dGz04GH1scwY/8zOiH+0Hml/4mZ8xCuJnSOuaFeXXSB39DNIMP1MsW1KNP1Oc/4zIuLrZpHzIsPzMFxnWoV0qoqUkBEFhH0wXqa8mP0Na5GdMK/2hX/4MjMnP8ONlUuYTBaHL6fKV/vFaO/sZfz3+Z5qWMCWbqH/O1jX7rwQnp2E1pbaWbsl8rn7mKWXjfmZKwcD5u595efYztEaFyECaveREqP7BKNHX0rF+iMFOqnqW1/hawFLWTpCQPy8kJ6PN6AXt3KZqfsbYjp/5maJ5kb3AV/RXXoPg58ufaXjxG66XpfDPsMKWUdmmML/o7YRp9jO8UPszuoQ9puQoLbV9/DOkq3dGFPb0bKVay8+PX5y+/razlt85OX6FkPT587M3p7GI9KdPshpWuHxetJ6ZqSDpNvj6xZN2+ZKijEfAcUR/vKAv7B+fV/IrW/PvigMKr2WUrVv9imnwaG9nZ5RnDZlD+ZTyvG1BoY42nxb1dF1m9SOEbiNd7Hh0b9S0Wd0+2tF816Pd0SQn9yJ/zR8zoOycaHi6nPFfv2RUSWR4UypnIhHUCDndk6b5rBobhH6Pjyh++ujRRyUxxUcjJCK638u8UBOepo9k5ces9YzWJf360br8aDSlBZ3nWAT6qCw+os/pT/Lvnxea3RhdAqqMFM5DNTZEuPOLKTVCkd0K9OcXKIuWb7Xl9uX2LmUqKEKCY3aHUtKrTpud0aX7+rAaM/0++eySU6rnPi405Yvn7JeRW64YQXd8pi8dTjmH/RFjWBAHXn80+kjR/ejO4bmun5l8/UeUKJ/ly49G9FfWPvLptSRsDEFpamhs/CrlGi+K5aOPdj6i2HA2A2fw71VTYKIefVTnZYZUE/VL6Zt2m7Ph20h0ETQGOvroB9uc36EPdgF7OoRVFKp7ee+jEdAjBFbvAAfUuvAnXeacYqpHPOkmyTH/7OJbjpD80U/TR5eGPNz40flYXrpjljTOxwrvjqOHctpo/slHhIMsUSh3jra3MDPfIk9SR2ga/7Q0FvZRQaWIyP2OYJpW7HouZHpRMcztSnPLwMRAgYQbKPz7TVA+iUH5vEJ2CrKnf7oAohhlWLXKNgJ28vB7WDn5pHhUwMvQXpzW+YW/cDp2EcUd/w8HnWMB410f7fwePRo8GhwP1NkdT7n7KPdfGskL+ATKj6RFW6c0DjfIcxVavH3HE+Bf4toT7ExygxP+QaR0CvBO8JckjqCERtyLYu6UCv2ZPTbiDVXCeibksy3Hzdtbl9/au3OHuE6ZjLVD9pkP4ffoNt/efdT7yNDF5qqzo8+8RpefRBG5jPQcvvV70P8fXVqyC3hpatMI2eOdn/mZ7Mh/UfOdh37ziaQMCQuzyGcMw2eit36PX8z6wQriL3lEC3gr7++RzjX9FDPnh8vCQmqo7rhf+1OmdknY7nf1Z8+T6k9Id33iSae/cPmRWdD/CHF8yN+Pae3AqYaf+ZmQbQMiaUOGj6DeW0X2erBRoyD9S3zO5ekcuVUVG2X/bjLTWJec3CHgO95Loicz+xJajT2/7xOB+rHYDvhtH98JP3vFPpOPiKraKFDxNUMI5OZ1gT6p2rZaENRYkqLrdj0//snj58dfvIx5XGV2mT3PFqtBZ+v8HRlKWgfN6o/UcbpPjhNrSZfZu/OLf8l7ODrGMVlWldcvwRj9bpNs+hZLKI9piWiKyf3sI3z00dHjWXFpPmH+P3p8lz6if8vi6GPjd9B65OTO6HcrrY8jHbFM8SdjDUb0G6I7VnPoBSy5eBxlmqHFIX09Xlbt1kdjxuXOeA5z7o8L3C6D+iU8qjs2TyxN8ZkvftyelSySW0ArtDpY4CbfmxoIGEPUShpitOW1iOn3ZC3i+4Bk3mHIjt/MxzBxGIF4AkLGR5kyHliXldtIvUj7jfD5R+KHqHpywHkoFnJ3wg0ZZvkvWufrHO6FVWjqiwTdiNPj4+TrsfN3YPguz//Gyf8DCn4kil/GAAA=" />
        <Entry handle="44" bytes="H4sIAAAAAAAEAO29B2AcSZYlJi9tynt/SvVK1+B0oQiAYBMk2JBAEOzBiM3mkuwdaUcjKasqgcplVmVdZhZAzO2dvPfee++999577733ujudTif33/8/XGZkAWz2zkrayZ4hgKrIHz9+fB8/In7P6Tyrm7xNP1q359sHHx3+xsndb6Unr1+nT6vpepEv2/Rbd3/jZLzIF79/WV0Uy3S++4t/4+THplVZ1Y/SH9+h5+SE3vqx82rZPtrdW71Ls7rISny0ymazYnmxXebn7aO9e6t3/oeTqm2rxaP7/Okv+Y2TH2+Ki3S+54D/+EN+HOwdgn0ch73jQwGI87LK2kf4Eo2vilk7f7R7X5r92CKraSTbbbV6dM9/8ffn3nvf6uvm7QC0fTPN8G6bv2u3Z/m0qrO2qJaPltUyxzs6IlDr2bNwRIZaHqRH8+oyrz1KPHv28OHOzmGkg/Vyltdlwb0AwrRs8N6kqulzQ+Nd6mZGv+azlIh6ciIoeOO8H9AlmBnzIdN5N0YCJc/ejn45z4uLeYtOBadxjb+3p8RLMihp/+DebgyY312IARB9EPDQIzvtxLPEq+tUUAfH/jj+/v3pb29KHTk8PPcO/El++KmOYlrmWe3PsoGXrkuALIum3W7a6zLfbq9XuZ1p6Uox6yAapZvtcZJN317UFc3otmWXTz9l4er0n5YFUJgVzarMrh8VS8cAnYYbmVL6P1CahrhtQMYxJZ5D00FWFhfLRzLL+BA4bYc0juAXYfVnz27F6gopHeMjAhDgr/xfh5z4+Hfd3k7beZ7mNKztI8AYU8vfnzVaD9XxNGvzJj0v8nJGGhJtBCzLU1OVxZA4PTAgyvyCuhqNm/b3300z/TkBJJb/SVXO0t1PV+/uLqt6kZXpR2+KBXX5Ir9KX1WLbAl17HTHvXuffipwid2n/+hfXKTLf/Qvuk6b//jv+fvpn7/3r8/S8j/+e+jTt/OCvv5b02kzK2m4//Hf8w+ml//oX1QRqN9r/o/+bcuLdPaP/t30b5tNypy1+48R9XSU8ikwVJ25s/O7G3q7NjMMZrleTGTqRJmpsvRUXXweDfsZgquUB/yinwVKft9QNcDDMdAN/NKb/MisRHg2yty/xL4d61gH6BpFmFyJwyobbMZfdlUOf7NdLM8rNyFWbcb4zXtD7bST40frutwaj+/S/woM4zyb5nffztfLi9//wfinVxd30mW1XeerPGMFgDndboof5I92Px3rdPBnV0IetUc+xQxm4axZHU2i9g4oGftgjMltbJUBGYwWAB1p+xrr2c6zA36dhXmeT9+iXdx2RTBX/LQj8Q2k+acPHkZ0JhoWi0HvY39fqdgZv76W6qtW7MLG5m+ddVFsjhIAMFcfpOdrbODPqfJK+Oo9flx3MMQpfBX9uQFowCOi1eynwk2Y4N+1WKyqus2WHt0YCZnOkY/X7QS85ykZqGU2ycsOWYR1rdbyXTCe6nto78nXfjgXnzoLYYUzylX3Oi8ajvdUCk+k33U6594V20/56VAwxgrOA1YwASeaXiwmyorKbB1tKxCtZzyerNsOQfQFmpe2mGaljkUk2IfEcuR88ymNIZu2Ikp9W3py8HT/dB/ve1rrx0/3T4+f7aYx7TUhb1lUl+it7a5iVBVu9JMSThXp3sMeYkx6dYv6aN8b2V+JJKMfb+bV1QADhD36QJSYqhO8BhZa6r43PjWbX4eHmdxQXXVmEePvqLWO1vAAStxlvNUHKu74v3X5WVqgADY5KZZfI0MOTEVs3EHw58lpyMJ9se2Mz2DsE0JEdkDwPBQ6hFWAe32ANmztu2LtPLtO/7E/+T/+e//0QVeMAxTyn37/VXbBzlZg+ruW3tDMhcp4TbzWkE/6sSm39EzXvXjUNeDk0BSul63FclPY59CieRxpv/yrgzE4w063KanDIYesE/MN8dmPqZz8P3AkK4bTEAAA" />
        <Entry handle="43" bytes="H4sIAAAAAAAEAO29B2AcSZYlJi9tynt/SvVK1+B0oQiAYBMk2JBAEOzBiM3mkuwdaUcjKasqgcplVmVdZhZAzO2dvPfee++999577733ujudTif33/8/XGZkAWz2zkrayZ4hgKrIHz9+fB8/In7P6Tyrm7xNP1q359sHHx3+xslvnHwr/cW/cZLSs8jqi2L5KN05lL9X2WxWLC/kg1+CpuOfPsnqat3k5fOizem1H/uxH2wXy1n+7tHeIf6alnlWPyrz85b/FIjbk6ptq8Wj3Z3VOwWN5+630hd5Pstn6XlVp3VOYGrqLr0q2nm1btPzspi+zev0W3fdO4D8SMD82I9dFk0xKcqivX7Ev5Y5f1xd5vV5WV09mhezWb7kz66KWTt/9PBT8+o8Ly7m7aPdT3fpgx8T+DTC8VSHl65LQxXzKHUIQor/7+ovDO7HDKnsB2XRtNtNe13m2+31Kn+0rJaCnSXYrvzZxezHeIjb95VYP9bB1eEUoFsWPBl26Kk39lnRrMrs+lGxLAtFgtpk7aPUzpMgcc/2OalqmoxH1GHaVGUxS3/8IT/+pNaM1QG/0cHl0RyIAKNJNn17QZ8vZ9vTqqzqRz9+eh//6TsBO9GL6XwvzfDeebVsH02qcpbuAok2m1eLDL0rlJ2de/cEHZ2WPZ0W/Lwvo2jzd+12VhYXS8uQ/NEsn1Z11hbV0szKICpuINrvs2effrqzEwO1BvsqgQGvWFxsT/Gm0HZ3Z+d3x2tCecXHtkvp31/sBqMDMEwl82445aH8pVxh/twwY66XMpvkpTeae/wETZj6w2Ry7YQ0DuSN9FieV9vTkf7cNb/suWFvt9XKDF1Ht6cMGVDtxwB1O2yhqDFIj+i7Cm6AZRUX98KBhabfyfgs1m64zKCpcOg9InpWF1npTZoMJg7OvL/dFD/IjVZ0HLazwxzmIXiL1z7lJ3iNSRtSzvJiFy+aVDdIZUZ/JLselVnHp784FV0vSgTa6P8B38SbzV0GAAA=" />
        <Entry handle="42" bytes="H4sIAAAAAAAEAO29B2AcSZYlJi9tynt/SvVK1+B0oQiAYBMk2JBAEOzBiM3mkuwdaUcjKasqgcplVmVdZhZAzO2dvPfee++999577733ujudTif33/8/XGZkAWz2zkrayZ4hgKrIHz9+fB8/Ih7/rk+/PHnz+7w8TeftokxffvXk+dlJ+tH23bvfvXdy9+7TN0/T3/vbb754nu6Od9I3dbZsiraolll59+7pi4/Sj+Ztu3p09+7V1dX46t64qi/uvnl19x1g7eJl/XW79d4cz9rZR0e/cfKYe3y3KJfNZxE4uw8fPpTXpXGezfBzkbdZitbb+S9aF5effXRSLdt82W6/uV7lH6VT+euzj9r8XXsXbx+m03lWN3n72bo93z74KL0LMG3RlvnR47vykz4oi+XbdF7n5599NB7fpf+VxaTO6uu7J69f323a6zIfT5vmo7TOy88+4r+beZ63H6Ut9avdcYO7t4P2+y/y5fobBjlZX//+TfZNY7rdlMXsvWA207pYtf53P51dZvLpR2lTT7t9/XRz96d/0Tqvr4UqP918RFMj7b8uPPn2GwElqH0zoKZZXa2bvCyLNu9BZN5eZguC9za/vqrqWeNxtBLXazTL5V0Sq367SdbkOrEqXGU1zcp51bR3i+Vs3bSEEsnlLL8LfO7qa3dV0AChml3zbzcNFu/9rtvbv3Fyvl5OgU36xRe//2VGbJO1+bOqXmzdSX9xevfu5f545zdO0rQ4T7dm1XRNk92OL/L2tMzx65Prs9mdX4wGaXqZ1WkxWo1+0Wi5GLV5046W68VoUSxHi+zdKK/rqm4++/jjUVZfNJ91ehvThwy7ORRg51WdbhWf7RymxeMtvDEu8+VFO9/eu0MfffLZPaCHTj7Dl98rPtn7/iFhUH42gOSWNPv+HYUvI6IXAGe5+Ix+G2OGDvlzfMEf0f/X+Z3flWaI2pk35V10PqZZyd99eb71cdGcLrKi/Jjabu8C5orft9//nh+7ng2E1ePd9Gd+hlp+hv7MAHfv3EmFWJ989vF2+vEny8UnH6cLmnzml6xYptkyzbfRXZrNZnXeNOPfd/mxB/6XpHlJnGSw/F0/+/jVxzzO9SL9LF1BtT4rq6zl8ffQKpoX2Qv+6mZEAHKS153+owRavsqWFznh8bt+lhoShU0edWiUpsQ80qZZT4j5i+XF1sFoRRxAHNX9YvXJbvd1YEEIPiYwIDS99Jj+vPWo0kneXuX5khoRBGqVLWf4PXv3ycfBiH8J/xfQfAwLdtxu7dxJP/ssZfpLr+kn9KfpF0DSXyJgfgm/K43upGQS6nbr45dlDp1ATEzoMDNaGllGJ1Gq83ZdL38S39MEKxDumJv/EvRx9+72NmsLq7wAhz6YFZdpMfvso0m2XOY1NMOP2c+KC/wto3ycqW5yuoinbryar36Pkib3s8sib0mISEMWiwtRp67teZldNHcvl+OL4vyj9KqYtfPPPtq7/1E6z4uLOSnBXTL0E1Kgef3ZRztQbY/vZkD4xm5JbsqimW/qNn/vblPRovrjff97fJcoeOQRF0by93cUVoquS/u7Pj9G1j2dllnTiM7eXq9WeT0lJqDhbaLEopp9VizbuvrIvE5uAnlX7C2R/sK0/tjnxX/89/65RdrO6ecfuTZ96oDD54MQYUmatptQeV78o3/NMp0THj97aPyivNmEwrf/47/3TyzS7fQf+5P+0b949bOHxTwvV5vQeFP/x3/vX5peFP/o37MZCfq0LBzv3FXmMazGH/rstq36zHHcjxHD8dfL7LK4yGD2v6CGgsaPPZ6ymol0bBGg/jcN1w3MDHdJtj0rXScIRy7Iu/+P/96/MgBM4w1Gd+u+xRta1dVsPW3fB5PX//Hf85cu09X8P/57/urFN4kKOfTvg8bJ/B/9iyoyP9k3iQM7h++NxOQf/YuX3yQWk3VDzNc074PJ0ypbztPlBSuoVdDVB2LT5PVlMc3fC5n/+O/9Y6fz9PI//nv/8m8Sk2zNDndHS+inN2P1j/1J//Hf85evoS/+4vfF6q6VcJL2UH+k7ApYVeLHmA7/D4qvfxSO/Cgc+VE48qNwZEM44kKRi99/76MjaCQSvEWasUrwNVGTZ/V07itzyrHMSY1+dAEFJLkWvLv7EQPUX6slTdCiIK+/q14+puzN7scj0gcgzqGMYGhQrK4Mrk2+XSzFw/I+A3ry4Y/R58VytW4VK1L2RkPOi9ksXwqG/DGT1L7OelOmVCE45WnbmsECf0phFT+g3/e98GZvT+Dz9wbgjz0mFyGfGpToO9dqz8Un/vO44qSV6VY9ro+OfD/q8V1pNGCDOiDgpXx05HyP93ub/CzzMnlPG959DHeIxupo2R37PTv2e97YO/1lhGwqb+Y8w/IbEUCgTas1RV/X7zeI3Y+OfhKeTpu+yBz1tO2QIe/AoPl6QdT/69tbvB/Qwg8cHOtO1m1bLbc5svGZrlhkF7nmSH3XnzTBeTaFfwWeHf/06sJyme3B/YQcSufz3SMS7iUIV1YUev/4M3p2dj46elmt1iXZ7tcMMG8e4a1lG2n97BnpiC/+0b/4Wh3GP3g5Shf4890/+vdMR+m7PF3+o3/J8kI/fPuP/tXVKB2Px6kBeJdwcMgRVrfJD0d9bT+JfXVeTX6aaNxNFXsqo1ieV57GUEevhsCyjyepGYip9/UiX/z+ZXVhdI088aDtx4S+383LabXI07ZKL5dvgO29T3fG9JGO3HsDr4TP4/nezaFtnV8UTYsAM5Z6ObPMQe1+/13mjX6qhZDZi4nt/P5R+obkm+KBS84VhGOgWaQWkfduwllp+I/9Sf/YH0qh6BKis5J4e0jg4o8/CcaxDj7mpzuDPPVkTosLsmfyVkTf/sLlpFkdfpGz2f/Js5fpz6T6h/XW9fGFC0tnR/ppt28TjHmdKZdQFuTPTFvOQeDfv3matuvr//jv+QeXES7RZyhTsJkJ3s7XS7LrhhGcceNXXWziPvL008+2bP7Yj4UqMRA9lsxtN1toGzQgpv79d0O53EiKOYnlttJBU5K7n3opyU9BHmGCx82K/Gvtp2nRzcYUzNG3CTb4WV+fHKU00on507z646Q6Q9MNSURfR0HuUjuekp/k8w4N8LzIyxmt0XrMCMbrqJXHZX6RL2dHLy5YkklRk56mOFU+DZpGDNbjNpuUuaczIvz4Y4/bDieq8uTncTu7QTcV5Gf//nvBXHju00NWU7dLtLB6WTXT3V9YrKaf0USxbVrN/9G/uE3/sT8Zdn7JZPZnVFz77rh+rKeOzbO1f8ebhO63gxrMTm3LRPfbmd9/rulFvtcbsuJ/zz/YphNKvHw4pfbu/P+UUnvKWYt/9G+dph9Op93/v9Jpn5ThP/q3Zkg3/z1/eXtrQiFI7jzvSwX6uz4ivaRdfdzWH7Ou+38LZe5T3IGQIS1lIejdP/qXXKczMv7Lix8mmfx3fq5J8ilIQotR5CbN0+k/+rfBN9Q09M9Xkjz46Ogf/dPS9h/922iN7PfOOYq6NSn8v/zn/7/a5uCjo9+LTP301iT6BrjlJj0zAJFfc3/221ADOF4dlClutj4ff2OCjzSIbtlX3HYxrjyBv2zWhzsddLvz/X9AoHgk9FmHApS0Cwt/hQ77O9N5gNc8n751WAUJEP4O72niyP3Ng97du+dycia26a3Nuu6R4LT9eF8R75JrHmPh9YqS5LPGLHY2d/fu7t5t58RdS8q9N3d3f//dnZ13O70wW4PNMj9vdSkmHto382p1d8FhZofHZzklostfWCwmn+39wmyxOmT/lrgeTm6wkLrI4PBm1t9NdwdC/MdlNsnLowUpl5YAkK79j/+ev5FEhhaGM8nXBH5zuiuIUeTA7zlgXS4JprPHhR4C70sEfCMk+OiI+PeC2CJlrUB5w/ggB5Ugni47kPsbDRrNrGt+8fc/L7OLu5dF3hIXjlfLi3B+w6A66G9+L8g10p+Iej0su5QM3g5SCW00Bh0mnYp7wEBgnViCcVhxKxThb10lNYrEpJI6vNBJlrjHKVDzhpcG/P+jptjzNcXez4GmoEH0lMPeN6Qc9n6kHP5/phz2fqQcfojK4Z6vHO79HCiHexHlcO8bUg73fqQc/n+mHO79SDn8EJXDvq8c9n8OlAOl8ZqNMcb+N6Qp9n+kKf5/pin2f6Qpfoia4r6vKe7/cDXFPWiK+51sxHT+j/5FVTr5R//iG/MQX0R1xCCwHymK/58pivs/UhQ/REXxqa8oJlk1r34OlMWn4Xoz/fP3/KVVOv+P/94/Oy2zipwC+o0E6ydffB3N0d4K8tdTIz9SI7a//7epkU9/pEZ+aGpk9+5DX43QTF39/kzv379Y0i8XbXaByfomNMtkTavCedMM65Zdq1v2oFsefnR08h//PX/lUtwFDjWmvKTc1v/oX0fry8+r//jv+YuL9OT55we7n27WL7eH85NnL384HskAOawyocz+iSqT6TpLs9miWP4sapPO0u698UVxbie4xrLuDSrkDXl2RMzL4h/9a5YpU/H9FEnsuS3yUVX40xkt9r6vInxBbupf374v7rdWggOT7qtBIwRg/x+pwR+aGtzduY0eTLd27/z+38gS8ftowwe8SLzz0dHvnbOXVKTfXl8v57OMfnm692Bns+4beCndpmDsP/57/vI2Lf+Jv+k//nv/UlI1i//47/1zi5QG97uP0/RHivBHivD/HYoQnP//Rk3ovvN/k7+YEKzNpFtfR8nzYz/Wa3MvJjw/9mO3YdNPZaw9FdSFpj2T5JxQKPXHLyNqg5sMTXIfaZ7mGNqxKbvdjMUQvwVGUNqDOkgG/W2Kc/7QJQWWiCjbeV6lM/L9lhePUiZE76XO3wP0vMX83H+f+bkFvP3bwfsxR7cY/RztluvF77/CFA1zKb7+/XeHafumzkhLxwmJJ4LcoC7p9NoTHm7Dvf7C5aRZHca+7X7iP4+JpmRTjiihqb8NtIuKx60QZxUcpSm3+7HH0xxTesSk+4//3j+daNf8x3/vn0xG+O/5a9ektJaP0gPu/vFdbRnhlqhU9D7ssoAqu8B4Z3W1bvKS1oWKZRdhv+FPn2jL50UbHdnjte8w4CEN9mPUaVkM8vv7ZlyCfBQsRCdl3VvcGkpc+0/HddyefjTAFNz4Nl7lHvmVnlN5a79xQ7fvuRi323fheiBvcEUCspBy3Z5GdYB5blBemp/ahhITl+SqmLXzzz7avf91CCHS72evbjvc/rCiSsY8P/Ze/BmkteLOy+0soRLnIXHJPIfvKYQSH+bmQca+YTH82RdJGnZPCvd+jqRwz5fCvR++FO7dni0Hv/+RFKY/ksIbh9yVwnsRKbz3cySF93wpvPfDl8J7t2fLwe9/JIXpj6TwxiF3pXD/o6Nmo3u6/3Mkkvu+SO7/8EVy//Y8Ovj9j0Qy/ZFI3jjkrkje70SMU0raVrJA+HMVK973hfH+NyaMX0SFccPgb8uig9//SCLTH0nkjUPuSuSnH9HKSfEf/z3/YJtOkJ2dEIdWKSVq/+y0zCoyGfQb5ch+8sXPkXh+6ovnJKvm1c+yiLa3pMZtGXjw+x/Ja/ojefWHfJu1aZLYh7Qw+x//PX/lUiwHu3fTf/Rvw0pt/Y/+dbQC+ryitZUiPXn++cHupz8nUrt79+FtVvW/MUF+H3Lclo8Hvv6xPn9/gNT6S93fgLz2l8A/cLSDz/8HlJdZSb8tCb4pxXWbJfafr6prd+ejo987Z6NbpN9eXy/ns4x+ebr3YOfnSFHt7txGU6Vbu3d+/29uHWmABOk2hQT/8d/zl7dp+U/8Tf/x3/uXkg5b/Md/759bpNTv7z7mibolLw98/SPlxc+PlNf/75RX/ws8/c8f3113yelgu5X67mspw2IiF7PPPlrky/XvP6laQ+If6y++y8dlYSalJLJ+FFOfltAfpW3RlkRQ+iWrL3Iize9P6/3nFJ/VGakCUg1/71/ZJ1OHAD/2Xp23dTbLjTq8DSp+/uJnBZfJ+lYkOeHUyWKd/awgQX2Ut8cCfufPChp9YRxG5WmVkfJcXswRsq1+VtBp8vqygN6/BTYUO09Jl//Hf+9f/rOCSkbsWlTLjpbST4fR+sf+JLKu6/Si+Ef/4m8YrRCRYtnW1TAanxds1Vueq/XPKiaqfIdxec7mllTLH/mziscvypthHL79H/+9f2JBzs8/9if9o3/xN826IRrzvNyoZ8npAnf8PbfCgm2J3+R9H2dv1IDDtqzq4jJrc5gW8rh3j/6Rvzrd29m5D103yZbjZd6Of+OEOOjv+ct5VeevXqVzBLitzU01//Hf+yc/Sncffnr385fbT07SWZU+Qf7qJ7/95g2luP6ev3xFAOH3Auz48aRmv+Tq6mrsuqAI+m9F/PwXkxAvmU2RrV5f/8d/7x+6VNe1nUuQXSzH6e8lv8NC/bFr5MzIhX37H/+9PRBLqMv2P/57/1qC/xdP8S4+uh6nv3cO+ARUUm8piEtjdwSy5JlWq9V1Dc/BUuik0k/SF1VLCiplku3upJPr9CeX22+gMcbTatEFeXdSza75l3m7gP3+fwCWPZ/7nHgAAA==" />
        <Entry handle="41" bytes="H4sIAAAAAAAEAO29B2AcSZYlJi9tynt/SvVK1+B0oQiAYBMk2JBAEOzBiM3mkuwdaUcjKasqgcplVmVdZhZAzO2dvPfee++999577733ujudTif33/8/XGZkAWz2zkrayZ4hgKrIHz9+fB8/Ik6++/rX/8e2f41f492f99//1C9u/7TTP+Mf/P1/j3/l9/9Xi3/lv3786Hf9nX+D8f948Wv9Uye/5W/xp/ye/8iP//t/8a/96/zLv9mjs4+L/6r9O//93//J3tFv8PS3+81+o2+9/Sd+g3/uP/rNZ88u2t/pX/5H/+Pf+G+4OP71f+df8ef99r/nb7f6F/6Y/+QX/D7/3r/9m1/95F/5K3/yX/+Vzx/9QwfN//onfvan/p6/8qr69/+edfXv/+9f/ft/z+9f//r/8C/47f7R4z/6b/g7/86r3/vX+of+qL/vN3/92/5xf9Vf9b/8Oh//8997VL36/f71P+ef+k9OP/ltHowXf/Zf+Bv+k9lv8GusXv4Ln/3Yb/y/ffFLyzu//pe//0//Bn/P+f6v+Y/9c5/+Z//V35S/fvJrff7r/DF/0Opv/Z9e/4n/2f/863xy9Mf/Jy9/nX/k//rf/50/4wffennwbz351/+b3/U3+18+/d8+evlP/YnP/ohf81v/8Uf/08P2z3vxJ/yhv+FvO/7H/pR/9Vsv/uy/8fE//x/+Xf/Hv/XP/XW/8a+a1n/Rzv+89Z3fLrt78dd/65/983+fP/fP/G1/m5/+S3+t3zv9tZ8d/9hf94et/6v/9Df/u36dR+M//8/95//1+tO/9j//h378X/x9/513//Xf/Yf8k80/fL44+rV+57f/6+/40//BdXZ++S/s/a5/17//t/yPf9nqP/3v/9j/47j85X/H7/zTf+2y+dv+zec/8/f9R3/2f/g7/vTv+Hf+m4v/8Vf9H//7f/Liz/3bi//gv3zw1/4uLxa/Q/vf/2N/+z/06z/4bX6PNp3/H//+X/HXf/fv+Ad+n3//f9j6tX6fv+h//vP/73/p+4ftf/XP/Ib/6l/77/6tH//1f9flv/Kbv/vP/4m/7MXe//I3nyymv8m/8fxv+e/+w/3/+t/7Df/Cf+H//Df+l//k8N/88t//87b+pb/jX/wHl//Xf/E3/LfFP/i9u7/vX/Njd/+Dh//XP/Uf/S6/z70v/4W///86/nv/0le/+9+0/8v+sb/9f/r1/95X3/2l//Xv/R/+9O/0f/+xf/Hvf/7XX/0Bf+Kf8zv90//H5R/59uy/v/sn/gPfu/fL/oZP/qm/9b/77X/6p/6tZuvxr/xPfq+/u/h7/9bf76D93/6Zv/hv/+c//9/+0OnbP6f69Pf/z/7EX/I//4+/49/wF/95b3/xv/2r/pzmk9/jl+Tf/V/+nV/0p/6N/9rqV/6S1dYf+H/8tf/En/gf/Dm/+Nf+rb/4Q37ff+oPvbPzW/8V//C/v/M7n/9Dz/+sP/wP/g9+jd9x8g999pf8p+1/+z/9yp/43//pX3r9R/3K3/Bv+hce/xa/x2/5F/3vf+bnv2DvT/89/uSLf+zv+if/p88//+5v98f9wX/A299r8ec++EP+0d/5wdEf9zv9lqM/8g//t//Df+CP+2P/i39z9hv/FV/9ef/R0Z99r3l69W/8Lv/m7/IzB7/+vzX5j5+9+vS7P/Y7/iN/5t/5e/wTf9jv87r+c/7Af/3f+J/+mT/8j/17/4L//T/7z/+Xf+qf+o1/1X96+Us/evu9v2v5337vj1z8h//c//Vf/fu//3/3e/yS/+Sv/P3/zJ/5bP//+Gf+8WL71/83x3/hnd/hn/0P/+i/efeX/Q7/2Z/1i/7u3/a/Wf9r5R/zG/7a6W/xr/wGv0X7X/3y3/7f/17z3/0V/+tnf9mf+y+N04/aX/j0jzr7V//pP+j3/7fu/Nr/9X/97Hf68y73vvs7/Muzv/x3OX710emf8tv/Nz/16/6uv9U/d7r1xfG/kP4G/+gf8I/9wj/kn7785X/af13/m7/2ya/6nc5Xv9H//d0/4G/6D//WX/Nq+ov/zWf/6B+/+jf/iup063u/29Zv+mv9xB/4W/zr1R/8B/0e/9Uve/bH/P2/efFHPf2dfq1f9Osd/LF/xz/5J/zzf8Tuj/2O/8Zf+Gv9879d8Rv+Qb/6W//e3/4f/2Pf/Xf/3n/jt/2jT37vv/x3/S3+9pPf+0//Xf+pp//B3/jr/3Z/3H/35Jf8ukeLX/q7XP0lP/j90//opxe/6+HZH/7g7zn/1ru/9heUv+LZz7z+i+78bn/Yf/Hr/I5/zR/28rf7qb+p+KV/6D/21/xG7w633v7R/+Bf/ute/Tn/+6/xm+z+Hlv/20eL/+DX+N/+0n/8r/+Xf5P5b/zg3a/7H/55z/6zf2Hxy37dX/c3+6kf/4cn1f/5O/wG0185+dv+2t81+Ym/MP2V/+hv9uZk8bv9Vr9F+q13f+7P/Osv/+Pf+s/5l3/P32PxycW/V//ev/Ev/c3+nP/zJ/6n5A/5O/+Bv/ujf+2/+JXHi8N/7fL3/Du/+O1/3d2/7Xd4/C9N/4l//Xf9v/6P3+y7f9hf+k/+Gr/eP/Yn/a3/3j/wvT/y7/pvf/vf6Bf+LQ/+ld/01/4nm/Fv9R+tf73v/9l/7ee//t/3H/yn/9DdP/Rv+FP+1//+X/+H/+ff++/8/n//a/4P/9pf+xfn6f2/7x8++wd+4//t+3/2P7//O/zVz/6VP+gv/Md+o8kf+Vv+Bn/6f/Tf7e7+xn/fX/0P/ct/6u/5W/3Pz1a/8vf+rX6Xd80f/Gv/+7/bb/Mnvfub/+c/9vjH936Dw++tfoM/+0/94//Wf+jjP+vX+5Of/Ya/8x82unP0N6ff+x3+sOa3PPzr/48/4Kd/8k/5a//J3+Cv+Itn2T/92/zb89/rb/n4L/wN/p3Tf/hP+3d/7C958Z1/58//o3/VT/25W3/2X/PRT3zrT/9nfur3KX+/X/jify5+6o/e/4nf8U//337NP+renRfr3/4Xvb74V37LT/6Vv/ov+kO/uPx7PvpPPtr77f+12e80/pd/57/x4Z96/6/8k88f/uA/u/MbX//p//bflfwlu0/+ir/k1/vOb/NPPv3Xfp87/82v98n8j/mz7/3Lf97v9sc8/A3/4X/vv/2P/qs/9u++81v8F//78f/wk//b3/M7/3n/2u/997+e3/9Nf42//pf+XX/N7/DbffeL//V//PX/uun//Af953/aR6Pt8V/6h/2xv84/9of/Nr/+r/d7/Bdbv8Pv9Eel/8pfvPM3VL/RX/cH//W/+Pf7g/+gvzv9e//Ej3/w3/zRv9+/87v+wt/zT/zj/+nv/An/1W/0g//iH0n/iz/kH/hT/tcnv+1/8Ff8tf/IP/Lx35I//5v/5L/mH/4jfoO7f8Rv/Odu/Vk/c3j89/4lv/nv8Ze/+Nf+vtnLv/Vf+iOe/tb/6H/zW+zO/+K/7I+/nv2az375n9L8qY9/6s/7rf7YOz/1l/3l/9Tv+Fv9r7/Pb/TRH/uf/G6nf+j+r/fv7P8Rf9ub0z/syZ0//3//w3+3P/RVcvQT/9h/96989AvP/uEn/9zf92v96//O1uS3+c3/sb/v3/y//7R/5teu/ujf4w/5m/63f/J3/RX/9//wJ33nf/9vf5O/+s7VD7797z/5n3717/Tqf/13f8Grf+Mf/FV/0p/z0V/45Bf9pn/1nf/lt/9ff8lvcufP/bX+ij/r+nf8c/7U57/rr9z6g/+93yX9e+/+Z/U//Mee/Wf/98P/4L/5+/7k+v5/8M/87v9W9of+UX//ar799Hf5436Df+m3+w3+8I9+oz/8t/oTf+3fdeen/sd//M//T3+Xnb/vd/+N7v3fyW/33/xlv+yf+S++9c9+/O//qb/P7/L7/J6vJhfvfvk/9Rv91d/7Pf7ovX/78J84+9P/pD/nv/vd/oBf8Jf9mn/r9x//wf/7H/zb/uK/7JPpb/Qv/Yv/8P+ez3f/vL/46P/6yT/0n/pLftE/8y/9AQd/avKbZH/yP/Pm6da3/9bf+1/483/Xye/9r/5xX7749363/2p2nv6xf8jf9nv9hv/K7Nf9pf/k7v/0a1z+3eW/9m/9W3/Un/kP/3l/2N/yd/z6v89//xtkf96f8Fvc+bf+jj/+9/11//vVb3Lvz3zxV//ML/+tfulf8Z/81m/+nt/0t/2Hf8sf+69/pz/mL/wXfuZv+KP+uK9+ne/tfPmH/Ku/14/d+c2/96/9Y7/jT/8nf9+f87/9qX/MwfQnf8vij/uTnuX/3PN/4nf7pX/OX/0X/tXl1cPf5A//9l/xD9fvfp2/6//+U/783+i//1XNb/n8//xf/rl/6+4f+Onbv/VvmP6t/8N/+mf8Lr9/8o/8Jb/w9579/pf//T/6d/y1//3f83dcLv+1f/Xv/fzxb/yv/kv/+s/8cctH/82b3/cv/y3/lF/vb/zTt3/z//X//u/+2I/+re/8cwd/z3/zm3785a/4/Ra/7T/9p/7u/+3v9ehX/vt/5/OP/sX/4fDvvapO/5hv/wOfPfr7/tP/6J/6bX+PP+Wf+t//gn/zP/id/+xf/dc9/R9+39Xlf/g/bf+5v/v/8vcv/sJ//p/9H/6RP/h3+Sv/s6t/9v/+X5q3f8K/9e4X/ud/51/+B/7v//Hbv/Z3q/+1f/Bf+AP/+1/+3/6Nv9d/9sd9/q3xn/k//lvH5S/8z/696rf5PX766Pf9V+/8y3/BL/4z2ur6b/+pv+J32fpr/o4/+1dez/6e3/V/Pvr7f9U/ufyT5v/3lz+5/+df/6//5ulv8Tv/Xdd/4D/8Z1/8Nu23ftfs//gD/pv/83f85//v/+PFb/7HJp/8QX/ZP1v85D/3M7/Gw99k56/9L375nb/jn/oPDsrPfuV/8fv+tw+//InfdO8v/Mv+r7/jd/sH/u7/+V/7oy6O/td/8f/8F3ef/km/0ct/cPmr/vO/78Ev/ON++R/4b/02/8Of9mf9gcsf/G0P/sff+5f+Cx//Lv/CL/v23/8v/gv/27t/7f9+/tt978/9v/6+xb/98I/+O/+bf+hf/Fd/21+6e/5//LV/6/J/uPOH/Pd/2r/5+z38t/+P/+XP+fd+27/3r/glf+m7k4//j/LjBw//19/xN/5TfqfvZD9+/kt/p9/227/e7K/587Ivf+yP+rH/5l/7ree//Lf9v/7zX+ePOv67/5Hf52j77/s3/uo/6e7v/teeff9fvv6Nf9Wf+5f/9Kt/8N/7K3/Xf/Gv/KvP/tC/8uTk//pj/4j9F3/BX/W7/oXLf/1P+jfv/zm/5XcOfuNf9Z+NfuNf9e8+v19855f8fifjx3/p7/q7/Dt//e/6K3+6/PTv/+v/5n/ml//qt7/D//LXJr/xr/rrD37Hf2V279Pf9Nmn//A/U/+zf9L/+A//k7v/96/xx335u/8P7R/95/9t/8Yf9e/+Q3/fn/If/7ZXf/h/+M/+O//Gnz/+1//+P+Lb67/x+S/6Pc5+t39vtFP/FV/+/v/2/159fvUn3ftN/40/++x3//d+7C/+G3/nf/Qf+G//vV/v3/j3Rn/X8eUP/up/7zf4zf6nf+NX/Vp/23/0R/27v/7DX7f4iz/77ed/8S/5DX7P778+2/rN/pg/afKr/+df59fP/tuf+I9/+9/z9/rfdv/0v+7vfPV7zP70/638zX7mv3/yN/9Bf8H//ZtXx3/uH/iX/JM/8wt/q+J/+on7f/vb//M3/rP+/j/qv36++Fv/xf/wXxt9/PDv+m//1H/v9/rr/rO/9W/c+q//8hfnL7f+nn/tb/32D37s9/zLfu+Tt7/b7/nf/NK387db/9X/nH3rt/nH/7O/cvwf/cZ/w2/+x/45b37Hv/dP2vkjft//7k/7zl/8j737nx78Zr/uX/x7/kP//h/xR/w6f/JfPvuZ/R/7rb73vV/3zj/+11Z//F/07T/06ou3/9Dv+Ff/1H/7G3/3f/9vj/+oP/O3fPY3/x6/8I89+mv+jG//1b/lP/hyNb7+837b//kv+YN+33/sL/ul3zp9/Yt+6Z/+H/3Lf+XWX/Sr9n/f/+wv/guO/rO/4z/9B3/f//3X/s7f9u0/8Bf+3v/mP/affee//hMf/Xvz3+q3LP6XHxv/aXf/yYNf9Zc8+avvPv9L/sj/61/++M/52/+V3+33+hf+jv/q6b/3p/74n/8fvfx3/4s/8X//b1f3fvezvT96/M//fj/+H/wBJ3/V6T/3/X/8t/nLX4//6V/y6/6N/9E/+b/9U//13/MzX/0Zf+3z3/Rk/3f6n37Df+lf+Yef53/h/E/+K/+63+6/+NuSf/4fu/fb/Mlnv+Lgp862/r3f/C/+b//6v2/23/zy3/ef+Wv/mz8q+Qd+m/kf/79/58lv/A/sjE/+qo/+2N/8L/nn/+K//bf+B/6AT/6lv+/v/rV+x9/1t/tr/pKHf9uD/6hK/pE/5fTN+W/+5/7qR3/x3m/1hz/8k3+D3+/X/6f+mdk/++c9/qN/rz9v9L0/7pfMzv6oH/uX//TvnPzmf/kPfvq//kemf+3f/Okf9/f8Wv/AH/Bbnn5n6/f95E/6Ff/JH/lf/OCfLp//db/kv/8fnv1df88v+r//y//29//f/7v/6vVfuPi3f2Z99W/+69t//nevFv/wT/6D/9Dfl345++P/5Or33fvPfq/9P+vxn1L8cU+u/pa/5tf+4s/4K3/Nv/vXWj3+l9o//j9d7//q3+2fJq9i+S//qb/T95f/9Ys/5Y/8S/O/+pNfUv02r/74f/qf+lf+2d/yz/nT/r2/6O/8zf70H/v1fslv/0//Xr/l/M/5o//N3+y3/OJvu/4z5n/On/+3/fKnf8rzyz/+L/rvJw9+8s//S/7C3+ZPfPdH/8Tf+Z+cfPT3/i9/ya939X9f/in/4tWf+t3v/EW/4x/7R/6uzf6f/L/8qX/ev/gfr5aLf/+Tu//GZ7/3n/N7P376f/5N3/1ytv7l/+vvWb9q9//lJ//FH7n1t/8BD/7S9m88/gUP/8Lt/+U/y/7S4/1/+9kX3/n0t/v3f/rfWe78XdVnf/5h+5/9FX/Jf/n6H/vtn//p5//SL/wX/6Lv/P7J+s/+/X7qX/mv/7uP/55f/eBP/W9/3b/24rf/5f/av/C3HDz53/6jnf/qP/2V/8If8Mv+6l/5j/7yo1/5e/w+v1X16z//M/693/3Xe/v2T/in/pi/8cHv9W/8t7/ur/oj/uDf+Xf6G37VwW/5J/zSq3/+d/0Ff9yf+Tv/J//Vv/m3/Cc/9Vv/h79O/lf/H3/R3/hj/+vp7/YLfvIv+pcv/5Rf9+IP+1V/2Fdnv81v/Rf+8X/Lf/aT//TFq/+5/Of/8Xb+a/7395//3f/lf/Fb/Un/0P/8j/5v//Ev/2fWf2b98P/8K/+Q/+5/+zv++D/pr/z1/8Z///Hf/K0/+/+4+qf/kR97+mf9Rn/B7/o3/p7/xi97MTv47m/f3P+389/19/pb/s5f+TP/cfP3//1//x+d/w9Hv8Hv86u+/+f917/7v/lTD/+jy537v9l3n/0vf+lf9p9/6+6/9if/M//Dv/rbvvxnfvLpP/787/qtf+L3LH7vf/qv+L//hH98svzb9/6Qv2T59/7gd/zLDv/1X+9v+Pj7v/Uf+i//H//VL/0n/rhf8Ad88qf91H/3G7z9jae/0e/xb/zVv97o3/9F/9sv+j/eXfymv/6jv+X5r/+v/us7v+bD/O+f/dF/0sM/+8+6+9/+nj/9W/zr+3/27/JXvvriz/gPXvz4vzT74//1f3f/L/2rrj756s/8ja7/9r/ij/od/93f7dHnf+oX/9lv/Nd+78f/3N/9n/2Fn/wtf8rv/Muf/IWf/Op/6K/5b/7uF//2H/z479j9k//8b//kwemd9vn26q/6I/+cj/7Fv+bvPfz7q//16Z/4l/zmv++f+NX626v/5Hrnn//x3+XX/PP+tj/6l/3bH53/j//EX/Tv/6K/8vlXf+XxL/8V17/vn/+vfvab/MYvLn6rg/99ufev/Bt/8mf/0x/x21T/4l9676/7qXvt3V/0d+f/wG+x+iN/q9Uv/EuSX/EvPH345/467779t/+zf9G3P/3TH/wx+d/2u/3U3/3P/+S//ve//PRP/Q3+6H/27xl979/75//39T/zr13+OWe/0+/8r1/9st/iT/2xP+P3+Zd+rb/0N/sr/6H5P/K7/wF76dmX49/0l//Yb/vrJb/+n5X/S3/6P/0f/nYHn7393f6kv+x3/7t/n7/t1/qjf61f+dv92//yX/enpVf/5N/26/6e+9M/6zf/9f/j//GrP+6f/yvHv827P+o//cf+tKfX/2S+/bd+9q/980/+r9/vP/mFf8NPnz/6O/69//Yf+/yP/+4f/1/94//+7/nvTb71G/yfv+s/Of/zv/0P/g3Tv+33+8v+zf/2X/6Xfps/dP9n/oa/7D/4i/7e3/K//13/pZ/+A3/B3/bv/Ie//r/2J/xHf/Ff+1f9U6f/yYPPf/K/+sm/9U/9T//W/z75He9//9f4u3/jqz/+4V/xW/8O//Ov8xf9+n/cv7D+DX/jf/F//ZdX/9Hl7/Bb/FOX//z//Ov9tv/13/+XfPk//tH/8y/+U//p3+3e5Kt/50/51/6Il7/rH/vRv/57/QOzf/kPfvDrP/09/pi/4F86+6z6Lf+6v+3oH67/1D+g/G1+/W/9Cb/LH/ef/G//8NafcO9P/1t/6y9+yV/5t/xd//eb3+ZX/tnfefmD//Bf+I9/5d/9D/7j//FP/qK/6E/5336TP/Mfu/q7frc/4R/9T6nNd3//P/rfyf70q9/97/yV/8Mn/9sv/sP+1v1/4Oov/5///k/+/tOD3+tX/5F/69/2Bx78Xr/+b3DxX//3v/Ozf/l3++ePDv/Y/27x5g/4I/7Jf/nP/0v/gb/gv/k9f4/fpP2nfo2/4S//R3+v3+fkv7qz893v/Of/xfXqbzh49Pbf++/+h9/1O//4H7T+jf/1v/7XG/8rb37969E/v7vKn/+C9Z/22/9bD//ZP/O3/ZN/5fjX+xN+Im//wz//y3/x6S/9Nf/BP+kf+Kd/73/su//Sg99y/L//Fv/wF7/fP5p+dfZX/+Plf/rb3vlNf/+//C/5M/6n3+vfnx2t/4rf8Pf8/ZZ/1j/1Hx7/H7/VP/Yrf6d/4mH743/hyb/1b//C/+Xjd7/q3/nxP+FP+O/3/5Y/4R/94hf/KU9/53/2r/qrf/nf/FM/849N//G/7nf65J/9Y7f+yX/nT7z3k//sX1w9/R+af+XeP/EP/Y1/wG96/n/90v/yya/6nX7wF/1Be3/9z3zxB/4Xv/cvzf/A/2LvH/g3/uzjv/Cv+VVf1X/CP/F/fTr50+/9pX/m3/fv/Mn/wvW3zmcPfvo/+G//kv9s9Q/8Cf/5b3T+X75Kfp2f+EP/xD/ib/oP/qH/4E+5/zft/j7/4g9+99/lr/gN/+nP/8XXe3/xL/8n7v0xf8Jnf8ffuPW7/o7//j/zM3/K1e/55T+2/3c/ff0Hf/of//T5b/uX/vQXf88nv9/f/qf821/9s1u/6c5f+Fdsf/rfH/4ev8e/+jc9/93/9d9/vv4Ls3/zt/rHvvrs1/n1/oE/9fife/5b/Fd/8S//z3+LX/XP/rO/1V/0K/61v3hn/hf+PX/VP/2P/RHFP/7L/6nfc/erv/1P+eoPb/6xB3/Af1a9/B1/x9/x7/6Tf8tP//TTX/D48S+bnPxP35189e7vevNb/wu/5k/8pX/+fH/ya//LW3/mH3D27/7fv9bF7/ab/q//D1raABJ6EgAA" />
        <Entry handle="40" bytes="H4sIAAAAAAAEAO29B2AcSZYlJi9tynt/SvVK1+B0oQiAYBMk2JBAEOzBiM3mkuwdaUcjKasqgcplVmVdZhZAzO2dvPfee++999577733ujudTif33/8/XGZkAWz2zkrayZ4hgKrIHz9+fB8/Iv7oly8+/42T3yH5NX6NX+M3Pvv201f08zfD/3+DX4/+/V1+2f+d0Y/fvj39vdvX1Xl7ldX5r3E8qyZ5erbILvJXeTa7/kX/dP741/g1fu3f4Ozp8Zt3/84f9nrx7dc/8dv90n/h//y31n/un/Dvjf79599/8Vf+0//F3/m/Ztlv/lu9+m1+xT+Z/IZ/ye9x/BPH2R+Y/GF/yV/4f/63F3/g//4TT1/+yb/Vb/1Tv9Xx7754+vvMi3+7/SsW/+YvOfg7/v3F1V/ZbH/xh/1Xf/Af+St/yf/4i/+D//If+C//vF/5m+18+w9Lv/xb/7c/9m/9Hf/rv+8/P/it/tb2bvPX/nafb51Wn/6G//c/8ug/+Cf+ll/vn89+t9/r1/kH/sgf+/Yf8kf/MX/X5G+8XP/Ud/7ZP3/3D/8b/vzf+F/4rX/mf/5L/8eL3+5f+qf+49/lf/oXf82T1//Y/3zv1/lu+lvc+ed2v/eHffGL/9ff7m9/98/9pr/+j+8n/+x/k/z2X+79O7/9P/n61/mT/+zf7B/7D/7VvzLb+R3+4r/lP/jb/6z/8m/6w//zf/Jv+7X+4PFfff5//d1/xL/xb/yf/8Pf8+ifPfwTP/8L3v2Xf/w//lv+Ud959Dv/ae9+pz9k66O/YfHHfv7j3/uli9/vL/r3f9XVf/kvHv2rv/Hf/1c++uvGf+VvffIXLv6Nv+HkP/ibfuJpW7777f7XPyaZ/xn/+O/wnd/mp/+wv/5f+Mf/97/hHy5e53//v/sntHs/9s//N//L87/7N/nen/Yb/Xt/z3+9+Hf+gb/0X/5l/9nf/OBX/p2/5z/8l/yev/Dv3fqH1v/6nR//p//uv/uP/7Pb3+Fb/+nf8L//8n/yf/5T/pI/4F/4x37T3+sP/1uTf/FXL/+V7/7793+X5uSf/vze7/4Ln//W/+Uf8vHf/usf/9gf+TPr839q6/yv+b2+9e9/8d89+cP/pzL9FXuP//cvHv3L/+m/9m/+bW/+8t/qt/0r/t2/ZvGHf+/f+Q3/gv/i1/kt/uPH//CfMPo//5E/cPH3/HHHv+TX/wV/9p/we/7lv9s/9Ev+rr/56M/4hX/Hd//GX///aK+uTv/hn/4jr7/1J/9D//af8Jf+XZ/958f/9V8z+VP/2d/393v7F/099//DX+tP/U/+lId/0T//f/4V/+jhH/q/jIpyefy7/Q6/5f/4J/5t/8Dv8ivP/tSzy1/4t4xO/tbf4V978+yv+fTP/LuLN8WP/8zVf5is/pNf+of+bv/a7/Tftv/j93773/5bf8fvtfdP/Na/4R/yq/70v/iv/U1/9Wdn/8Jv+/a3/19/k99o+T9Vf2nx1W96ev9faj/99f/Sf/njP+z3WP2Xz//L//1/+R/+im/9tz/1e/3Sv+A/+2Vf/Kf/yn/w6s/7B//bk9/nz/6t660/5we/+r/+1fPf///+b3/xf/OH/qn/5p/5G/8F/9zxH/3pv/nv/PO/4t9+fvl/bW9Xf+Zf8y/96w//uvt/0vP//P/4L/6C3/y/P97O/qT/6Vf8keN/6N/5l15c3zn+dX/Jb/SHHP0Hn/6SX/HP/7N/yX/63377Fxbpn/2H/cl/1R/zC36Pv+/uf/Xf/Venv8Of/ev88c9Hf8fv+X/9Rn/4r/t//5F/3f/5i37VP/n7/1q/0a/xa+w+Xf1p/9niryLB+TXOTl88/Rue/AF/yP8DYjhg2mYDAAA=" />
        <Entry handle="39" bytes="H4sIAAAAAAAEAO29B2AcSZYlJi9tynt/SvVK1+B0oQiAYBMk2JBAEOzBiM3mkuwdaUcjKasqgcplVmVdZhZAzO2dvPfee++999577733ujudTif33/8/XGZkAWz2zkrayZ4hgKrIHz9+fB8/Iv7oly8+/42T3yH5NX6NX+M3Pvv201f08zfD/3+DX4/+/V1+2f+d0Y/fvj39vdvX1Xl7ldX5r3E8qyZ5erbILvJXeTa7/kX/dP741/g1fs3/4ezp8Zt3/84/9vr47W95/Fv9X+eLf+m3uv+3/2u/8PtPTn/L3+jT3+/5//zmL/71/9i/6KP/7Xf8P37tH/yKv+Sjd//Tf/Iv/ldnf99v/YPf9vhP+8m//C/59F+b/Ll/x2/2b+7/vV9c/an//p/94D/9HX+H3/3OZ7/Bw//tP/p3q/OL/+DP/ZV//4Mf/+N2f7t/7Hf6jea/9q//29V/wT949H/8j/t/2Lt/4mf+3L959eJf+U/Pzr57/d/9rf/eb/rPnf2Bv94f8y/9+v/K3/lnVb/f3/in/Yvf+w9+s7/rX97/we9z50//+C95fO8H//Ef9Fv973/Rf/av/tv/zJt/ePxTf8cv+/4Xf8Gf9s9kzz85+st+25M/6X/5m36dxZ//f/85f9qf85c9G539Tl/9odOP/sDf/uDhP7H833+Nv+wP/Dc+/Tv+2d/yf/jf/u2/s/oz/sHf88/9+N9O/5c/7tPf9m/7N36vn/pzv3/+e/9h3/tk9c/9Hyf/0b97+Bf917/2L95Ok9/2N/8nf7fF+T/3Z//k3/VX/VH/xaOz/+QP+4mLe/M/fP7r/er/6d/4M/6n//Rf/0uXv+O/+Xv8LdPf8b/6x37f6cN/9XdM04f/6dv7v8s/+ep3+1P+vRej3/x//gf+/n/+T/+1f+x//fG/5bf9g3/f4nf4E37ZH/S7/3uffP+vfVP+MdNf9fv+DX/z7/fJP/7stz3+5b/Wd/7D//i/v/i7/vy/+X/5a371f/bV3/trltf/3id3/8l/9h//u/+9v/zJ//wnPvtj/+V/+scerB9/9b/8nX/H/5j8I7/kb/iHR7/+1j/1N/6Gf+Hzf+0/Gv8af+lf8fut/+b//f9q/v7//d//Gy/2Pt7Z2/vj2kf/+G/xW/0hf9Fv/B9Wf+gv/df/lP/4N/rz/rs/beeP/9v/pL/vq7/h6PK/+7eLf+LOL/7k//6P/4v/4d/6ff/e6b/73/4Z/9v/+Df+z3/nr/Fr/xp/+d9z/Gu9efjH//bEHr/G2emLp3/Dkz/gD/l/AAFgY1JMAgAA" />
        <Entry handle="38" bytes="H4sIAAAAAAAEAO29B2AcSZYlJi9tynt/SvVK1+B0oQiAYBMk2JBAEOzBiM3mkuwdaUcjKasqgcplVmVdZhZAzO2dvPfee++999577733ujudTif33/8/XGZkAWz2zkrayZ4hgKrIHz9+fB8/Ij4/e3bwMPv9fo3f79e4+jV+jdGvQQ9+/yv/7//7//7f/qMV/fU//Uvf/jX+rl/jf/uP3v1v/9H81/i/6Zc/6H/7t17+Tf/Wt/+qf2nn1/gNfo3/7b/6o36Nf+rX+Kv+rW//Tf/V7/m//Vu/91/1b+38Xf/Vt3+NA2r2B/xD/9XL/+qf+vbf9B8d/Br/0a/x2/3fv8Zf9Gf9nv/3f/Tu1/i9f43/7d/6A/6if2rn1/i3fo2/6d/6Pf+j/+g/+t/+oz/q19j6Nf6iv4ve+TV+jf/q1/g10l/jN6Be/qs/6S/6q37P//u/Wv1H/9S3/6r/aOfX+O1+jT/pzzr4m/6mv+r//r//rr/orzr4m/6tl7/Gt3+N/+1fevkP/UN/1P/2P/1Nf8AfkP7f//c/9Tf9Vwd/0V/0e/4a81/j7/qrCI3f89f4A36Ng53f7N/6j+Z/0F+U/m//1rf/rL9o5y/6mw7+pX/p29/+PdO/6h/6Pbf+71/jb/qLfu+UsPqLDv5v6uvP+oP+p//pf/un/qbf80/6o+b/93/1F/0Bf1D6d/1Xv2ea0rd/wP/9v/1df9df9Qf8b//b//YX/Vvf/ov+o7/oH/qvvv1f/Uv05//9m/0Gv8bv+Qelf9aftfN//1fvfs/fM/2//7e/6f/+3/6k/+3fmv9d/9HLP+AP+AP+7//oD/iP/qP/6n/73/6uv+pf+vb//V/9QX/QH/QH/FX/0sHf9Rf9nn/T3/XtP4vG/gf9Gv/RP/QP/d//25/1d/1VL/+3/+qv+q/+qz/gN/g1fo2/6T/69n/1X/1H/9t/9Wf9RX/RH/QP/UP/0f/9P/1ZaUpg/6K/6u/6Pf+Af+gP+Jv+rYPf4Df4Nf6nf+vl//1fzf+iv+rbf9f/RGh8++/6j37Pf+iv+j3/rr/o5V/1XxFkItcf9X//W3/Af/VP/Z5/03/17b+IoPxH6f/9X/1Zf9XfdPBr/Fm/xl/0Dx383//W7/1//99/0F/0Tx2k/1H6v/1vf9N/9H//R+k/lP5V/9HBH/Qf/UF/13/18v/+v/+i9B+iWfu90z8o/Yv+oD8g/Yt+jfQvSv+mf2vnf/uv/qJf4y/6Nf6m/2rnL/qH/qL/+3/7q/6h/+gP+qv+rZfpf/Rr/Ff/0svf8y/6A/6A/+gP+j3/gD/gr/qvdv6qf+uABpn+QdTRP/QH/EV/0B/0F/1Bf9F/9Af8b//VH/Rr/H/2ISb8NX+D3+nbf9Nf9A//ob/Bb/jHpMcf/Uknf+Rnv9Nv9mcd/Mu/9Z/5h/1293763/unfvO/+Df4NX+t3+6PmqV/0a/9G/zRv9WP/b7/3T/1t/zlv9cf97uc/Am/1a/xn/1hf+if++Crf+Df+6f/1vyf+5N/t1/8Z/1Tq73/8p/5C779p/4O/8fJb/FX/UG/4Nd/MUt/8Mv+qn/lD3773/xrv/n//J//N8+2f40f3P/zf+xf/8d+7K9Of8/f+6v//Xf/I/603/h3/DPe/C//zE/8Omd/0rs/+HfayS7/mp/6ez76C8r5v/bRr/XR79Lu/i//8T/yj/+2f8xve/fb/9p/dfxP/sN/8N9/8Vf+B7/WP/5Xvv0X7+9++o/90f/J7/5r/LH/6B/9G/8xv13+1/76f9Lv8Fv9QbNfK/tP/pb//u8//8tf/PP/0R/9G/5pf+biP3xW/KI/4vTX+Fd/r1e/6W/1L/89f+gv+6d/nVff/gcXf271X/z7r78sz3/7d6vf8O7vdPA7/d+f/w2/02/1F/+C3/kP+rv+hz/p7A/91b/Vv/bX/pf/xhd/29Yf9RP/4L2/4a/+3f6c9tf4n//TP/nP/LN+g7/qL/s3/9C3v+dv9h/9Bb/e//SPX/3Z67/nL//qt/rOX/xH/Ul/0m+z+5f9Lf/w6uKP+zX/gD9o9Lt9/tv+tv/V7/xf/dRvmu78z3/BH/qb/hc/+R/+YVtf/Fb/zE/9Wv/67/rbZf/RL/nt/qI/6Lt/8r/1B//Rv+ev8Sf/J7/4N/4nLv7833/nr/jT/pQ//Pf+Vf/yX/jb/rp/3E/8Q39C+sf8VX/ab9D+Zb/t7/ab/c6/2V/00R96+upq9lMHd4rzrb/o1/g1Tv+I3/HP+C9+1z/98G/5g/6sVz/1h/3EP/pn/I3/8v/8n7ejZ6dfvTj/9b7zR/0G1W/+b/zFf9rqnyh+91d/07/2H/17f+nv/C/9LR//sensP/nOr5f/Fb/V9C/6ax7/9vmv+Rf9wuQ/+fMe/8G/bvKtP+HoO7/m7/yd5z/4c3/sz375f/8ar379P+un/51f89f9s8s/59Vvd/Kn/Ue/8Nf/i17c+W9+0a/3T/3Vv9Xot/rX/qK/7m/5rf6lv+Qf+2P+zj84/eT3+4V3/uvf8zdOf82/+L/91slv9xef/Y6/7t/1m/+ef9M/+of8WX/4q+zbf0dZPv+7fvBn/9p3/6mnr379v+fRv/Rr/u1bf/a/svixP/9f2vljf7N/6I/4qfHfPPrz/tg/7Te4/yf9nv/wP/Jb/UV/0cd/25/55/+ef8jf98v+jV989/f7zf/7f/ef/rX3/6X/6df4Hf7j3/h3+ot+zb/qT09+jd92a+cv+19+w99v79t//sc/ePn7/in/+Lsf+82e/o3/4eXzP/TX+p1+27/ox/+8X++Pu/g1/uk/9u/5df6Nu3f/sr/ul/+Gv8nv+TP/9tYf8E89/xv/9t/2D/2Tf+3f6PT/+It+2b9w+Hv8Gn/TP/Vr/kZftF/+Af/9P/JrzM4+/vP/4H/2X/8Vn/4Z3773vT92+7ff+df+/N/gd/gFV3/9H/Rrfe9n/u/v/w3/1smPv2p/rz/gL/9df41/5+7OH/Tk18v+nP/8j/7+q//2O7/Gt777j/5J/9R/nrR/34N/8fGv3v7Wf/Tr/Xm/67tXf9c/9cf9Iz/2N37nX/9zf9c/+ZOHT//9P+P3/xdOfovv/WvLX/1rf+/3/p9+2Z/wF/2Rf8M/8R+N//Tf75f9x7/9f/cr/qMfK47//f/96b/3Z6Sf/zb/0ud/4B/2687f/Il/xK/7r/3io/rf+vv/wv/5F3/5+/9Rv+c/8T/9kX/oy9/5p9I/7Nf6U16//m+/94f8wl/y9+7+E//HL/sjL/7v//Pv/RP/vf/zVx7+0f/R57/Nw/Qv/DVGzd/3Y9nv9fv9Wn/VH/xr/+RP/Dq/9Ff9hn/AP/xb/Db/1h/2bxz+2m/+oV/7d/9lZ7/Rn/Ef/bov/qHf8w/6Gw5+wVe/sP7r/+O/ePKb/B//yW/3G//vv83Oj/0xo/m/99f+R7/uv/57futP+O/+y+T3+wN+zd/wn/iPfu1f88mve+/jf/m3+p3/7194/rd/1P4lv/Hv/J/+Wf/m//LgH05+avVH3P/XvvyNVn/VP/qf/lH/ZPKfnRwv/qVXd3/9/yn59Z79S//2r33wT/wjP/a//A2/+Ms/7D959ns2f/hv8+Z/PviL/pOnv8Y//fkf9Ff9Vv/487//z/m1f4urf+Jv/fX/py9+8R/Q/Ce//bd+z3/qN/zBH/RH/Pa/z5/6W/3My7/uf376L/3Gv89v9gf8xr/JzpPf/Re9/Q0Wv+cf+rv86r/r79z79F/+o08++ct+/X/tj/rNTvf+lYM/4Y/7A/6u/+Lbu7/Wn/VrvPytdn/d3/qv+pd+7Ivlsvqlv+/kn/oj7u9P/uD/5Q/5hx7Pfqtfd/LPTP7rb//pf1H9h/5m/8nv/qf8bf/6X/Sn/FY/9mv/jf/S6vf6ff+EX/TH7f9mf8hv/Wf/V7/X/l/xL//av+CP+j1/nd/s7E+6+3/8xz929D/9Q7/j6z/6n1v9qt/zd9v69m//Y7/TT37yx/xVT/6cP/vf+8uOmof/9z/xu6ye/wbH/+pP/Eu/58Nv/8RP/p5/3n/yu338a/xt/9Ov/3v8b+kf+Vf9Ri8Pf3z+6/12f94X+S/7y37t3+DVP/Ib7r08/lP/zf/uLz06/d//0O2fef7n/la/zn++9Rv/2Is/7E/4V3/97/+ub36bNPkr/+hnv9mvef7tf2y687//If/M83/st7r8c/7Q7V/0T//Tf9L/+jf/xr/p1l/9a71M/pmXv8Vv8ef9x+1/fec3+/Ff61vP2s8//Y1/m18r+YP+1dGv8x//Jb/sZ47/zN/pL0o+/5/v/ZlP//Pf99sP/uo/6Hf5P/6Av3r3T/tdD+7+V//Kr/O7/QF/zdt3T36T0z/9q7/hf/+tf83f4I96uvMH/J5/8Plf8nv+ovblr/vr/iO/Z/IvfPWv/s3lX/9ffO/fT17+zX/+f/wbvfglP/3mN//pf/P1v/cX/xbf/T1/nd9/kfxb/8qf8+lvcb71a/xG/8Dv8Fv8Sb/3r/nrvvmb/qFf8Mf8Pf/GP/l//xVf/Zq/619U/o9P/+7f5xf9O3/733r17ZPf5Hc4+8v/uj/nf/27/vLTxa/9a/xRp3/2y7/4N/72n//f/xcffe+Lv+N/+I//nt/sD/qDtv6w1R/xd//0v/GX/3n/5+LX+kP+2F/n7h/3F/9dv+Xp3/CDX/Pw1/rX/pxf89f87j/1a/63f8B/9Ef9xv9T+pt/+9//3m+w+t4//5v9d//mP/iL/6m/4Q/6Xf7nP+rxt/+SP+nLX7f6df6xt//m4ePf9Tf4Hf+jX+cnz/7e/+Bf+fTX+DV/439q9Yv//D/g17/3x/2mv179H/3Bf9TFX/mT/94v/BW//v/1xS+6/F1+1//ot/7e7/kbv/zqb6p++8e/32+e/sPJT0wuDj/5ff+d33z2d/2aR//G//Qb/He/56/36/1B737db/9+/3D6T/xbn/+df8XBr/NvLf7mP+03HP3Rf8Yf8Wf+E5/+Tf/wu38w/XU/+89+z3/kP/1O9YffffyHkLfxz/3Gf9Ov/Vv8OqvZ7/bL/oD/+zdbnP6i5cm/9Ef8Lt/+7X+tP+2f+lv/gu//vv/5H/ov/Fn/xB/57T/oz/idf81f4+jv+4d/s9/8//oX/4Tr3+g/2/tLf9U/9yf/Gv/Yn/Pv/n1/yIPDh//4L/7t/rFf79fLLk5fTn6tv+g3uf9X/bq/76959q/91v/s02//Q7/GH/V7zun//8Dv8yetfsPjf/w/3fvV/9Y/93tc/iF/w1f/0a9z9rf+Pr/J2V/w7/+p/+dv+Af/bv/Wn/nrfzL/R3+d3+p3/W9e/o3/1j/03f/rv/813vzO/9VXf+e/869/+9f4Q3+zg//43l//k//Wv/En/gt/02/55vdc1r/6z/lXqv/1f/xNf60/7/vTP/Hdv/rPLv/XX+cnf+bXef1//9t/w6/9T/3KX+Ov+ez3+0P+td/1Nzi4/EP/zn/9v51/7z999I/+5+Nf+Xf/wf/9f/G7/Z6/xq+9/ZN/2N/7H/79v9b1b/h7/1a/zd/0K/+QP/CvzX/JX/uDf+dq69u/0V/3m/1hv95v8DN/7a/zf/+Dv+Ifvvrr/9tf9Cd+79f9DX/Tv+Mf/XV/o58+3fo1xgd/5O/1W/xZn/03f+zV8X/6G/0bf+e/9Ku//5v9Hr/3P/8bLX/v//FP/Pwfyg4P/v3f5A/5zf6x3+qveLH+a37Dj/6g/+ovuP5bf9nqj/zz/tE//Nf/F/6F/+E3uUz/mHE5+U//k8/+sH/ps1/63//B8+PkD3j3j/7iP3X5U7/r4e/6G/5Nf+jv/LuO/uGrJ//dn/8/fu/v+nt+jb/qH/qfvvM//k7/2l+W/uG/7i/8k/7IrT/qL/6xP+m//DX/s5OXv+6v+Sf+zr92/h/+On/8vzluf/J3+cf+pT/qLzj8I37RZ7/W7/ny+Bf9z4/LP/OvW/+Wv/Vv9yckf9Lv/Q//Rj/5L/1h/+j0N/3Ff1x1/Jufp//Jb//P/UU/9rv+Tf/Hb7LzB/2av+3Ok1/2n/ztv+Z/+Sv++1/1L/6Xv+dv+vv8Zv/nX/rFn/hr/RE/8XvuHfyiX+M3+Fumv9Yf8Pf9gt/iH/grf8n//Vss/8Bf/e/9j//Br/yvftOjX2f85c/82O/0e/xX/+y/+OA3//RP+pMezX71r/c//pL2v85e/pL/9vUf9Gv8e9/9Hf/M7Mf+w9/2l/7tn//Sf+skuV79Oqd/wK/zm/xXf9C9P+jXnD74mX/sj/w1f4vVr/NPfTz/Z//O3+BX/Rm/xvb/9Ov8dv9z9ZN/0Otf/8Hsu//SH/gbnfxa69/tD/o7/+Jf89f8dX7xf3X1B/0G/9S7n/if/qDf9Pf+tf677/7Bv8XqD/6n/sqf+Wevfs2/9rf5dX/pn/S7/NhP/Njv9k++/Y1/sx/7jX/P5V9+9Wsn01+y9Sf92OhP+bWynXf/0X/5i/e+/Ut/y9Wv84e+/LV+v//qD3/2a/z6v9V/9Wv9Fi9/gz88/TV/w5e/4e+w1f5Of1b1ex78Gr/of/p1nr77Xb/8A+5f/ke/zp/8J61e/Eu/xv0/6A/5N//NX/N//l1/59/hN/v1fqM/6df+7v/2i//Tv/IP/y3/p1/79/+3/qjf+v/+o37N87/rD/0Nf41f/1//bf7Av/bf+LV+x9/s1/4L/uLf/Kf+p1/vB//Tr/eX/0mrb+38Wn/I//Tr3f2P/sCt3/P3/Ff+5j/m+W/26/1Wv8Yf+nv/WX/Ub/Mv/bq/5ctf96tf49f//f+qH/v9/qrf8Ld690f8KX/Xr/G7/k1/xNt/8g9++i/9Bl/+Q7/b7/y7/lp/xJ+a/OV/09v/4hf+hr9R9kvu/ku/9l/7Z/1av+Ff8uv8DQe/zp/0L/06f/PBH/sXnf+xf+f/dvT3/N6/1ur3/Jk//B9K/sG/69f4DVe/zu/yd/7Mn/on/dHNn/XH/Yt/5q/7F397+UtWP/bdf/LX+O1+xW/39m9N//u/5Nd583v+mr/7H/Br/ln/07u//fM/9j86uPy7Dv6E/3zr1/yv/qw/4U/9qy7/2c9/nZ9Y/bp/4L/0W/6vv/6v9+Bf+uP+zNWP/ZL0N3iw+vSv/m3vfvYf/YnfWf0pJ7/nr7nzJ/363/+Tfp176a/3h/5Lv+7fcfAH/41/06/x+/1vv+Zv8X//Qb/mb/pH/xH/zV/1J/wuq1/n6J+6/kX/0a//9k/6rXZ/jdVf9m/9yb/yt/sN36wO/uh/9bf6Tf6nP/Hjv/rXufPw1/lb/61f9/v/0e9/7+Hl+H9K5lu/5vgP+IMP/6k/9bNf9WuufrM/7Z/7lX/Cn/Put/7x3/bX+V2uf+z1v/Tr/6Lf/jf4z05+rec7f/rHZ7/Bb/UH/Ol/8Z/xJx3+T8n4N/szHh38GbPf58/4Y/+gP+Nf/W1+3VerP/n3+4t/3fUf9ev8zb/Zn/mLfp9f70H6e/6eO3/61V/9Z56kf+of9/LX/eP+p9Xhb/Zn/SVnf9Zv9vv8Gb/nw3b1v/06p3/2b1f9l3m+s/7r/6UkX/26v9af9mN//X/yC/6cf/vX/eP+pj/3t/7t/qzJwz/js9/+z/vs4a//V/7Xv+hP/Zt+nbd/9e/0M3/AQZX+2n/TH/3r7/2ef+5/9st2foc/6c/9+85+5i85+yP+sDt/3j/8q/7U4+vf4Lcq/uR/5v8+/s3+xl/4a3z3P/rz3v1Jf8He6tf+6+49/j3T3/kvfvlr/7m/avWPP/hz/t1/+s8/+rv/hOO/+qd/0csf+58P/oL/9a/89R+kv/a7P+jX/m/u/IZ/3R/22/5W/9Gv8Rf8S7/mm3/p1/23ir/wD/+n//zf5X/6Nf/w1Z9V/N2/zh/38C/49X7Rn/YH/Eu//q/zx/zaH33r1/5vHx79o9OP3/xFv8FffOcv/t/+7l/jt/7pv/jzv+nyt/qr/5zf6c/5zRZ/9K/9e6d/ya/3U7/e7/aDX7v4zX6D3R//Nf7gP+A3eLj6I8Z/0m/4B/8+f874p/7i1W/2a/2ev/2f9vRP+nP+79/nL13++lffTn/th3/NX3rwD/2lj/6nH3uQ/rr/yO/+a8z+pl/zT/zur/W7/E2/xm/56I9+8ff8Bn/7n5T/+Q9+7Lt/0p/35qe+8yr9NYr0185f/no/9egv2fuLfu1Hv9mfMvuDfuw0/fX+sJ/+dX7L/+bPX36r/Y9++1/3n/y/D/7K3+Fv/vN+rf/p13v0J/2VH33nr3709/wFv9Fv9led/k1/9eQP+HX+/f/6L/nHH/4ai7/qp/+E3+zXfv3f/FV/zd98/t2/6Nf+3rf+kr/w5a/3e/9Dv95f+D/9lX/2t/6qP++/+asvfuov/g1/zz/v09WvWb37o//qv+kv/qv+mt/81/zBr/2n/jG/7j/1O/y1f8t3/to/5wd/7e/1v/8lf1/yh/1j8z/ur3341/1O//Ff/Ev+pb/89/6ffqz8g/668vf8a4//gL/2D/1j/tq7//uv+Y89/DV+27/pN/iJP+bP+3Pnf/3v9B//+j/5B/y67/6iX/uf/m/++v/of/9T/rBv/Xqnv8Zf3/wBf8Pu7/CH/bH/9d8w/jV/3dXnv97v9t/89Xv/01//u/72f8MXL3+d3/j3+hv+pR/8Ob/o9/7rf61/9rd4+R/90Q//ol/7d/vOX5J88mt8+0/6Nf6B/+av3d75W363w7/lj1z9efVP/c3bv+Zf/af8PX/z7/zH/jp/7h/0N/yev93f8rv+jn/Yd/+6P+iP+9av/i3+8//61/8d/ty/6Q/8b/7m9PBv+V3/3V/rH/hzql+U/rp/5Z/zt/7O2R/4a/0Bf93v9r//rb/L4d+2f/hr/Fnzv+Y7b/+04z/gN/gn/p2/+fg3+9v2f8M/7I/7Y/7W7/67v+X/9NO/7sF/9Ff+6f/23/7bpn/b7/lX/Rlnh3/HH/bjv+4f8Xv+evO39/6rb/1tb37Hv3L1e/22f8Qv/DV++z/377j6Df+wf2Lr7/jFf+5v9Sd969f9g/7bv/Z//K/+wj/8z/0d/pP/9G++PPw1fus7f90f/xv+dm3xd/7x/9Gv/4d97+/+/XbrX+sP+HX/u3/m777/U7/+7H/69f7cT/6mX/PX/DUO/x+gTzCcxxEAAA==" />
        <Entry handle="37" bytes="H4sIAAAAAAAEAO29B2AcSZYlJi9tynt/SvVK1+B0oQiAYBMk2JBAEOzBiM3mkuwdaUcjKasqgcplVmVdZhZAzO2dvPfee++999577733ujudTif33/8/XGZkAWz2zkrayZ4hgKrIHz9+fB8/Iu7e/da30md51q7rfJaeVMs2X7bp67KY5XXaTOti1W6nW9M76dPrZbYopunTurjM06fffvPF83RazfK0LCZ1Vl8/Sudtu3p09+7V1dV4Jo1naDueVovxb5xwR19k1+necjZKdw4+3k5fM/i0zq/qoqV+02w5S9erWdYSKm2V7o13zIvfWS/zdHevnYeveo0vqfm9UXo1L6bzNJvNmrSd5+l5VZbVVbG8SM9ljM2j3zj5sR/7sbt3d++kJ/NseUFvT/J5dllUdVqd65ABMJu266wsr2mUZZmtmpwBruqcmq4b+lRIdTUnxPENtQdlKkK0aNJmXl0tR2mxbNo8mwHyT68bgruevgU2BeG+JBIvCas5v17SQOqxIrd3Jz2ezQi1Jm9btCd8qOM8K9PM9pwX9F6dXhZZ+tG0LKZvP0ppDB8tCLu8uszrj9DrKrsolllbVEuaqOXbJt2a5efZumyB5HlVL/L6jun1nul1tZ4QvPR8vZzym9SO0F+sFJOMoNZtMV2XGfEIWCW9IlwKmsA+K4EC2XKap+sGr2fUqJ4ULViGMRox9PxdtliVOWFiJ5wov7t7w4Tve7MpqGeToizaazRo8jKftlFszZwRdYhHippmpqwy4hlFMv3q1XO8li1ympV0q8gfpYtrtB7P28XvsbhmOPVn+14/+zSRAp4I8ZFp8tEdN6XPinfgtvUFEKiFn6RzeW9WNNlqlWd14zDk2Ux5ehtML/9Nv9H8gom4XXcUTMVLGq3y/Ew5RpH+xULkeyk1KbJJSeAmOUlJel2t0ylN0JQ4tVoUP6CRnKezvCkIBBE6++nsHeAThRbNxaP048ez4jJt2usy/+yjRVYToz1K93ZW79Id+g+/fHT0uFhcpE09/ewjfXN8UZx/lN49IkZpp3MQW7Ay/NKM05dlntGYr7KiHY/Hj+9SL0cfj37jZEJoAYdpNp3TfLT1Oh+ld+/i4xSfARhxfP6OpmwJSaG2QpvsHLO420DX/KJ13rS/x2+c5EsMfZXXTdG0Dpp+gHktMwBWNr4s8iuaPKZ3nRNVlyoM6OD3AEVVVBm75lH6i38JwFWTnwZvUDv+PP1IW5FsyjdAmL4xesdICwBC4t5Uj4wUbp1Pm4JUJzpcrhcTEtxfDIQ7skpdXVQipcJVi2zJegxSTkLajIE8gGzxXwHa3+M+vh908hsnv2QEdJj01XJJWDuc9O07xFM/Bo7De7+/Ejn9LD3PyobG8mPER1ukhWfV1fiY1eTv/SUPn0fwBm2hBJr1alXV8nvQDBJ1dqosvpU16e/9xfNvk7V5pR3x1w+g0SZ19TZfssy1pGCA1o91cFrmVyH0rY++aN4tyr0xoL5581JE9pek+HeaEZemWzkPkGHKL7eAWUzrqqnO2xDsj/0S/tfB5b/xD/6fE7lSj1jhOO8QsfDtF9UPCjJJo/R1dk4inJIkDYwzfH/rjnaB1sLEdobM5K3r8jOd1LFRG9W6nubf2/0+NfP7GFfLmmzbNXFsm0/Zln5mGUMIFlVAY3DSqlqtYfK2fIgjY++AKOgxq6brBb04vsjb0zLHr0+uz2aG7cbF7M64IJas4Y58xvwcaikdGXQEc/hnW78rtwp0yZ3fI/3oo/RRuqUEIJCz/N2X51sf/R4f3fldP9veRYNf+NEnoOhT4HwH+LwpFvQbvUatol/1yLXKl1sff3765uORIfUnFrERa6DeO02+nG0t12UZiKEhnpPDOBUxB+CmACTP2WvMWfrZZ+l++gt/YacB5nPdfPbZ3s5O+jM/kyorltWU3YjxvM7PHYXg9H105zMQSab8/aasg1mzqpZN/oZUOEuwzFRRztSLya2+Ef4QinAL5TCyFc2wdiI1iAaf3QZH91Xz5PpNdvGCfIGtj+h1lmOoqC2ALD7bOUyLxwp5XObLi3ZOn3zyiZAD5OdxTJtmS1t9ryAN+5HD+CP8Nc/JgbvDCpF/Zy349OwnG/atyAPImiZ4ifVIR1QZh9W6mXtdidr5MffBmE32mLyNVZldf/bRklzWj9Ct8XOpqbV7jAFZk0lOM8CoePrKo7+ZoTjx3Ux6iPqTeWl8s5q+uc38GJW1qflHBqntjz6JvEqeXPnZRx/pn201tYqPftdPl8SKcPntV+YDlaz2epWTCcfLn33UtDWbdpIo+uB3Zafo7Xr1EaQoaCi2/yPVkY6VdsFKXfUb56sfY/Q/+ezjx1kKifzsox//+JPik48/Ek757CPq6aOjjz+JYvh74E8SN5r/ab5198eL5bRmst2liAUqjb7+XrG9+/07n3z8+G52lH5sJl26/WzLkOF7O9//XT/7+OPfI/XwwOcWDf6D8PBeMDCpn48/vpN+IjNBPx3U3T5UfGeh8h8+1F2FqkAZUyKcr2nQiZoVwzkcEX3GDePinn1kuIUowq2n1XrZfrZD4iKfpm/zfEW6OyOJJTJL0Jj+eCokl5groi9s7zdoDNtOdAYm1VcWzAn8go/e0TAHkZqGhqFX0IVFEa5TtWZvtIYdT7coyqjJ9z8vluT1LipEK2Y4iEs4OKEPM/q/Me6qaHyUh1TNHI5pgIG8C1DFcs0OinpKIbi8PW6JhydrsgUf1XlJ1Pjkk2DwcJIofKk1uBMnFn41d+n35kP+niGZRNkQmu93nZkhd8b60wpjxCMDR3VwvaMU6rheZqSe9hHWYEXuYymOKf6xjuIQp7DcOVZhFTTQlIVp0ATJlPs2SOQbqQZ+sz9L1XKKePUD6ce9QQw3Us14zmFkYyFZSVjXNfWIL52nBfqZBtmaeKaCV0QaysgIPkzl01TixRn6xGBvxTDx8U4pvqWEBGVeHJ7iZH3vI4q/GJP10jdZ3sQLDCDwkZL5o6Bf4f6Vtd/SXuJW/p3Fd0E5i0v6lcUXQEjIq+XPGs59Gu9+35q54NNPtnbvmi+E4ufZDF986/4OJJsSeynQ4ITYGtxAUp0ti4WkuLbqan0xL6/v4PtZTjqHHJf2KkfQji4KHqTwl+s36lWSd84JIMnudKJw61GSy0q5tM+6PnJD1JrOxwtEeVuIDV7lF6fvVvLyJx99tvX7/r6zT+5A6AoSuEDePvo9ojNQzD7b+wiBLmWmqG8Vhi3t/zMOEX6PFD/IAhLiTX62bLek2/Hvtos+5J1GGlXQieTDjzQXxX9QogsKtGAe0bwWkm3Z5ONGWhjqGEnruXsQ3lzEDASeki9pieUJoXNy3Gcgg/wlqvvHae7OocgltlQgLU1Zie+bDY6SaUtYkjCgv627UFt3i3GLQFhxvEMk8xDY3kUQeBdabXPDT3Z9Ips20EJeh+73xwggHd7oxH155L6gVgDsviOKAAvmCzXPE7JxM06UZzNklFWNeR1HSQuXVBxBMyvkDSIDzQb+I7AH9F03XQxWcPqBuJ2yk8QR5TXEWviJfot0+JlDyG/gJup7rgH5meon/OAMPPbZJ1aNUIMfKN/9mBqFjXoI6qCnhGzviLPBBQEDmg869sBTPjvf/+wzNhms1L3BEvZTyjV/toPPGT20X686+mQTXLZmxtywMiOKIw8MWzNCxgsrCrJQkZKlQUJ9schnBU0DJci3KA1MaxGS3zSv03oLpdJbsZsx0neH7iZgOCYMkqEz5H2xwEEKo6VEbQM7C5X70YRU4FvJdJleDPqWBKbbqHU2NLsty1wWTSEp/88+4t/L/KP3eN0OWBDvTJbB1MVk1jcTPQO5WWRvSVeuxeEMhCd/R5lkWnFZkBlaVi38NZOMta41r95onDiSBTB43pR+pxUxjlWV8RsbL1skYhM5QopZ9DbMC4V1tFTAExKqif+3DimYpM5gyPh/5Au0leVA2VivOMjwu27p7ZOqeluQU04aQ7/2lcbI08A27UZfq7hHTN5lVq5Fil/nrRhPbcxxIC2N0NuSyZ7Q0gbrUll+avAXWXWGYOQh3dqBMO0y7ehLdWFsKOrBi9lAyxaBafu+IY339vi8KElzNGweIp8bV5hy7831ss2ghoO0R/ydsVGMpEc4/GL7cnb6KV7/sZteYlJ8a3eHtSrHOYzA/fH9/usixALks4/IjM6zLQPno08spE8+ugPRDjLssSEIOEqvfykwfteujfyynJnsu0eRjTBkPLfrWVHvdUvZ2uUsq2eWqzb2HRDS14XOYulXv2T0GydgbjFb8dSdrw8dBHJp2BoaidKPo4GXfmclLPDrWS43WXBwOPLp5P9seXFOPEzp2F9agqOwwZt5MDOHQl1baRjbou37Cr9rzKVSlwltClqTtbaxaJYft+I/U+yaZqIOjGMrVhP2c2uOtd6lfC0rWxLYmGVpXsq9axcGG8Q7EgpvlHkf8R+yYQ/63mTdRaU6Xy4WReBz0naWB43U6OehjDAvMjzDKvZ9+w256vikDL96z0lXT+3rzvo3M32AEmTgyZI6EublSHULZ1BGyEnS5zYKW+bkwOefeVHpR1u/38/8vr9vQwHpJ96Ln3y09bvpx4hTL6wTIfBIuWvCCOhoPCqwJXTKyzCFY/Wffd9zTn7Mb/2Z/4dNUwtsQuWjODTjHQSgPvnsozQYlV1Gs9F/VO3dlNwAc1iGulEtmWjZsbekzqCgDNAgDWLdjgvjrDgsmZ6/ONXZrIOZ5CF/9Nn3fr/D73+i2YVDFvYlZf7X5H68OoU0S3qCw0ohTbqkF++KE7LKilpn2i6sTBkHzWfUOacsqIF8THBIFD0uGHwNZp4YuaDl8c8+ukPjtFmJtCC/yRgsw0yUp/Dcry4dgLJ1veitTq9YARdqqCMAMALsN06KZeGldHxzx0sD4hPmWNTKZVXZzsOQ08gZ1l0FQLkj47c6EGFCySodvDqQm0nP62rxKF1cA8iY1i8GU0NBjKyQWZU4zaJMy/4lcQS+hHfNH1A2lx2I3zgaOH32ve97XxhPvfupBuocDEc052cdmoBcWzE//fcIyU/5kN2ozx/pw2vmsrK02kaia8ntvgAGH005gxpkCcK4vmvsbL82KicwngLoxvtmpqp1PZWQ/6NiSQRUtbd5ifsGQNlPZ+88MPiTWi097oIeYb7/fwAsKJfa5ykAAA==" />
        <Entry handle="36" bytes="H4sIAAAAAAAEAO29B2AcSZYlJi9tynt/SvVK1+B0oQiAYBMk2JBAEOzBiM3mkuwdaUcjKasqgcplVmVdZhZAzO2dvPfee++999577733ujudTif33/8/XGZkAWz2zkrayZ4hgKrIHz9+fB8/Iv7vf+v//o9+jd/sO8/Onv0av+av+Wv8Gr8m/fdr/N//169xePLq9PjNl68epRez7Z9e5Rfp5e54J91aN8XyIj37zufpd16efp5efrp3Z5T+onVWFu11+ll6sJP83//ur3Hya/x6v86v++v9ur/Or/fr/bq/3q//6/96v0HymyXJj/1Y8lv9Jr/pb/Sb/ba/1W/32/22v9Vv89v8Dr/z7/67/A6/44//Tr/Nb5OO0h//hR/f+dad3/532d7Z3tr53bfubAHIr/nr//q/fvIbJL9lkvyWW7/Db/M7bL3383//Q7/Gb/4b/Br1r/Hy1/41P/o1fq3f/Nf8tX/zX/P//sd+jd+FBvnr/pr8/Br6/Jq/1q9N+P76v8GPJb8hNfjbf7Nf49f6NX/tX/vX+nV+7V/31/11fh369pfQ97/Gr/Ob/7q/xe+6e/zr/ZY/kf36H/2i32rvD/6T/+Lf4Mef/M3/8G/96l/+n363e5P6D/mx5Lf5bX+73/53+N1/4cdbd761f//TBwcPH508PX32+bfPvvP6zVc/+d3f+/f5qeksP7+YFz/dtOvLq3fXP/hD/7A//I/4I/+oP/qP+VP+1D/tT/8z/sw/68/+c/6Sv/Qv+8v/ir/yr/qr/5q/5W/92/72v+Pv/Lv+7r/nH/lH/7F//J/4J/+pf/qf+Vf+1X/tX/83/s1/69/+d/7j/+Q//c/+8//iv/yv/uv/5n/+X37ZL/8V/+uv/N9+1f+Ocf2av8av/WuaJzqu35zG9Wv9Or/Or/3r/PoY16/5a12hwW/+6/y6v+vur/dbHP/Er5/9ot/yo70/+Df4rZ78yX/x3/wP/9iP33v1P/3Wk/pfTn6b323/P/7d/2cMjUd2u4H9IV9rZHZgblz/zq/xG/3avyZN3q/9m/8av8ev8av+zX/0j/qp/+bV7h/0Z/8Xf+9v+NU//Pv+Tv/Zr/2Pf/U/V3/kR//Tv/hHffpvffuf/w1/z3/l//qf/4jmX/y1/90/5p/8E7/35/yWf9S/8tHu//j7Nl/8vX/xP/6/zP+F//1f/Yv++j/2J/756//gT/1PfsN/949/8u/8xn/zr/sn/yN/3t2f/uXf++r8d53+9pcHP/E//jt/y0//u3/+n/aX/WV/293f6+rX/eMO/8vsT/1H/sa//6s/9Pt//59y+Xv/93/J/F/895Pf5Hv/8z9f/fT/9Wv9Bf/Jf57/Bb/q5A/4bX/N3/T3+xV/99u/+Kd+n3/yN/ztfu39k+Sf/Kv/6vVHf8ejv/SP+Ks//h/n7/6Lv/U/Ppz/97/b3/0v/wUvf/3tX+fv+1P+wH/79/gLf72/6e/b/Rf/qF/+1/3fv8a/+M/9gf/7b/Y3Pv+f7/9Nf8vf8x8u/4FXuz/+6//dD/+Gj37HHxv9H2//8ntP/+nf6lf+5v/sb/+t37P8k/+8X3r/L7v45/6G1b/xF/93//lf/D8e/0+/7tlv/hv99F/803/Bv/13/9Zb/9XFv/B/PfjX/sPfv/o7v8z2J7/u//KH/rX/x1/8t/6Hf8IP/s3f4rf77vev/pO/97d/vPsH/qX/xJ/yh/9df+E/f/adP+Qn6t/k9/jOf/qf/epH/8TP/NX5xX/32/8av8u/8Pe8evxvf1Y1v/gf/q//i//tD/l3/88//5//Vb/27/e3zv6LO6+e/up/6uQ3/av+xvR/+gf+0t/kz/yr/uj/4W/5h/7in/ibLv6U0x/8E3/+3r/3vb/sr/oNvvvb/xp/3O/yj/3kb/1b/9n/5h/x0//G4f/5e/3jT37JT/0j/+Y//fbd//B3/FH//j+w+Od+0R/8T774S//DP+/f/F3/+i//k63/4/h3+w2bvb/kn/3bPv8z/uHf6X9J/tN/5+/9jdPv/V5/6X/9t377r/3d/uYv//M/+Q/+k45/9y//xl/7V/3kp3/nX/fF//rf/oXj/+D3/iv/uD/l9/8j/oXP/sGf+i//jP/9x/+NP/Hv/11+8OxP/xf+jF/599z9U/+aP+j8tyv/xt/3V/+bv/1/8kf9Nv/u7/s//Td/0t/75/zq/+yTf//NH/wXLv+iX/pr/Z1/299/+Z9Mfodf8Uf9U+lf/X//Go+/+zv+p9vPfrufmf4V/+K9f27ytz79M3/6//i3f8d/68/7TX/fX/Mnzh4c/pZ/zJ/31S/8N7/3Sy/+qr/1F73+t/+O3/f8b/3b/vzPX/ybi59c/A7/0Xe+uvfRd/6ZP+Xi37735/2mP/X3zn/pL/oLPvnLLw9+5b/2q3793+U7X/0T1//193/xT/1vV/9c9pv/5G9/8Kv+nb/7v1/+dr/r3/fv/vSv8Uf9cX/c7/RvvvrTf/njv/J3/OmvfsHvnf6nf+Xfv3509Pf+dS9+5q/f+7ee/89/wrf/6YNf+V/83b/Df/d//Q4P/4T/8eUn/+Y//ev80vO/4u3v9ee8+tP/8/wv/rf+t8//iQeXR+0v/d3+8J/5o3+nO7/3//5X3Psz/tt/+n/95f/81e/w9/0Zf8nWeHv8R/1Nf8b9d/90/c/8o//ux//3r/Gv/36/4V/7/b/lp/6SO4f/1m/0b2b/03/wq1/8y3/7u/Jv/3f//L/nZ/7XX/bJ/h/85796vnz1W/1a15/8nX/w//HsT/uv/oq/7dHO//ZP/vrFT/8Jf8LbP/n6r/rLfocf3Psff9fP/9rf4T/+mV/0S3/3/zn/b578w//J3/HRv/17t7/7r/fb/YmTf/dP/E9/v3/8L/+9/uO//rf5Z9/8a//mT/6r/+HLP+HO7/Bv/Lv/wvf/t3/nxe/5L378d/6CX/HL/ps/JL+qf6/f4uzjv//00e/79/zNk//5d/q//pvzf+GP/qt+3yf/8u97/OP/6Lf+/H/mv/nHfvP/4Tf4G1/+Lf/bH1Ht/7V/7OKn/91/8e/ZefyLft9//A+/+N2//Tv+sv/xT/j8P3v7T+3/G7/pb/Ef/R9/9f/yf/70v/vv/3W/4Z9y/d99UvzD9//qf/E7f9tf/Df/k3/cH/onv/oX/vN/ZfTn/Ul/1+/x5//if/MfvfsbvnvyxW/zY3/7n7+9/Btmv+Pf90//9n/U41/+T/yi7//yn/r1/5Dsd/l7/6f/4M//FW/X1X/5e/35v+3v9PjP+fd+1a/39/yFv9Z3Jn/uT/wBl3/h3/o7/Zb/7V/wyX/zG0z/p//8b/z07/lN/oI/7A+8/Pd//V/+N/z6/+mnf/fy3zn9G/7Mi+q3/lt/32/Ppr/DH/TtF3/on/BvP/w/tv7BT//Q9u//U/7Lf+Cf/GP+qR//M1/+oT/4z7/zP/2mf9X//Wv8iq/+6n/t6G/9A/7I/+EP+uf+wPHf/p3Xv/AP+DN+3+rz3/Vv/g//wv/p/uX/9Ie//St+jes/5Hf/45t/a/fh//nrln/6v/1P/Pt/7E/8k7/R3/NL/+q/+tv/9p/5g3/3H/oH//3Xf8j3/uff+o/eu/6b/pY/4pM/+V/7yT/hL/8df59/6x//BS/+7d/69/kj/+rf/r/8Ff/4+Z/xUfrdP+Pxr/nf/OJXf8pP/+Tk7/9X/ubJP/RnjX7r7/0Rv9v/9eRv/fjP/yv/rD/lH7v74lv/2L/yXxR/yW/8v/yTv+Af/z3+jC+++j3+rj/gt/wz/8nRP/qX/17bv+C//J/+0x//R//Xb/2X/8Xv/T9d//Jf+Pf+1r8sP/gTHv7+/+e//gv/7rt/+J/6j//Gf/5f+50/5j8++TV+x7/yP7z/3/89v+Sf+y4p19/ul/91Dz779n/3J/wG//Z/uPMP/a1/1+/xv/5z/+Yf83/8Xv/Aoz/iL/uHfuO/dv5P/Ob/1n/2C778L/+Pv/a/+j3+mF+wdfTb/kt/a/n5//qn/xuv/r3f/M//u/6b/+wXX/yyj/6B5//63/if/Wn/1J/wj/0Pk+/9+J/yS95+e/zX/Rf/2L/43/2u/+vfcv8f2/tL/6O/5U+qD//X/+sP+Rv/sr/mf//7/o3/8vfYefY7/af/wx/6f93/Q/+yf+ajv//4/7j7v/w5f+tv/G/88z/zxV/w+J//K//rf+Xv+EP/1s9/oz/jj/s3/+ff7R/+d36Df/J/+it/rb9l+zf5b//gv+BP+qsnv8e/899/9+/7/Fv/ePvP/3n/wKd/1b/wS/+Kv3n7L/81Zz/53/z7/9Vf9X/+r//Ib/jvf/y3nGz/t//sH/fX/B//5P/+E4/+6Ae/0x/+a/yyP+Gnf8nRr/f2u/9o+Zv8e3/B//bX/Jt/3V/0q17+if/+3/j6v/np3/5t8288/u3f/U3/1b9R/ia/9R/7J/yB/8H9//YX/Kb/2p/+u/16v8+v8fv+4S+//Tv+WX/er/sL/rN/80/43+rf/Bf8ob/Bn/Uzf9T3fpff9y/40//rX/rb/m8/8yt3/vjP/7G/87f8rf6xV//2T/3Dd/74v+S3+93+1v/o1/67/o+//3/733/5f/n3/+n/wT/5V774X37mb/73ftnv8kf/OX/E3/5X/7e/xb//3/6vv+x7D3/VR3/UH/JX/VWPft3P/snPPv99/4u/7z99+a3fbPGTP/lf/6n/1Ef/wF/xv/2R1V/23/wOv/mf8F/8+Hr5O+d/3NN/bOezf+r3ePLJf/E//ta/4+Hd3/bv+le2/7E/4+Xfc/Y7//3/8N6v/Q/97t/7u3/7f/E//uo7f8tf8Gfs/uPZ93/bf/4X/43/2H/z+Lf/n/6T3+sv/PX+m//g43/jn/2p752U/8tPffKH/OX/1O/7Rx/92f/QL/gH/4yf+efP/sM/75f9G3/Pf/hb/m//6T/+O/yff/Lf9K8tf5/R3u7bX+fJ1h/yxy1+363/7Df6jX7tP+c//0//tr9r+Sf903/i+h//6b/xX/vP/9w/9m/5o/7p//z69773N09+jd/pX/3Nrx79Vf/Ni0++s33n3/pNH51+mf3Tf+0nf+W/+/TX/M//reZP+cH/9Vv9U+n1H3X5x/+af9Qf9Ov9G//jH/zH/Z8//dc8/cv/2LP97Jf+3b/wL//7f1Fa/qZ/wb1/8l/5qz79sX/qf/y9ftFf8O//Jn/lb/LH/5Ks+ejX+0P+nXf/3l/0f/03f97//Wt851ds//T/9rf81Pe/90/lf8j9X/NPa/+tf+h3+lP/wz/pr/yv3v5Df/vf+4/9eX/f4s/7Bf/g7/kH/ln/0b/5vf/4T/wd/u2fevfT/+4X/9rHP/ZXP/mpf/+nXn7nevq7/3Z/wZ/3a735JZ/9t7/T0+s/5W/+D//gv+4v/vi3/+xf+Pf/x1//T/+tfuM/4k94MHv+F/7Hj//gXzX5e//73/Qf/r9+s3/1r2//xd/s8ae/11/19/1P/9THv8GDP/rB3/jPHP6JJ7/ib/wL/8U/bv+v/d5f+Xf9Pf/Ar/7q3/g1ft03f96v+Q/99r/2b/3Pf//d//lP/C1/50/+Ie0f+899nm//cf99+st/l+OfeDIe/6+f/uP/5h/3r5z9hbP/4/f6/u/xj/3SX/9fb//N/+Wf/b1+8/mf+6v/lrv/3F/5y36tf+C3/CU/9Tv9Bb/j//xb//f/17f+562/9Tf5O3+HP+0nHr569Qv/1P8i+0P/uK3/7L/8E/+Fv++X/pP/yL/wH/4D/9qf+/b3+IX3P7v337z9K/7Pf/FR8eAv/lN/4V/1R/4Pf/X/8dN/2t/5t+z+x3/TJ3/D3/U//a9/wW/7u//ef+A/9M/n35//HX/sn/o7/lO/x+/w3af/y9/6a/4V54t/7Jf9H//tX/k//R1/3N/wk//Xf7/z90/+uF/5f/8ac6LmX/qXz/+I//LV6eSLv+dn/oVf8vf/Hr/D//Dn/TXjg1/wB7W/4F/78/7MJ//1P/K//61/1r/+D/6n/93//Wv8m9n//Wv8RX/9+U8//sd/zc+e/4H/2r98+ut9WX/56/557/7B03/yF/9Z/+T/9dnv91//J5998uLP+Q3/6F/4N/1tf/I/84f+3X/xqx/87//JH/OtP/53/Z/+1n/kF758/Af8nr/2r/Vf/UGf7fx73/3Fv8f//ief/lb/wT/21/9zf/y3/+9f4y/9U/+vf+mv+x3/kaf/0m/27d/tP/rV//Lp7J89/5V/5O/527z+k36No+Xv8Z2/ef2v/Z9bf8lf9m/8Hj/2f//b/w/Gnh7MeQwAAA==" />
        <Entry handle="35" bytes="H4sIAAAAAAAEAO29B2AcSZYlJi9tynt/SvVK1+B0oQiAYBMk2JBAEOzBiM3mkuwdaUcjKasqgcplVmVdZhZAzO2dvPfee++999577733ujudTif33/8/XGZkAWz2zkrayZ4hgKrIHz9+fB8/Iv7vf+v//o9+jd/sO8/Onv0av+av+Wv+Gn8A/fdr/N//7q9x8mskv/6v/xv8+r9e8hv8Br/Bb5gkv+Fv8tv9Zr/Jb/wb/ya/82/92/zmv92P/y6/++/20e/y0e/6Cz95cPcX3tm/87t+tHO8u//w8Ojo6HcfPz07efztB58dHQLIr5n8hr/hb/Ib/ya/02/2m/1Oh1sfbR2+9/N//0O/xm/+G/yaV7/mL/+1f82Pfo1f6zf/NX/t3/zX/L//sV/jd/k1fo1f89f9Nfn5NfT5NX+tX/vX+XV/vV//N/ix5DekBn/7b/Zr/Fq/5q/9a/9av86v/ev+ur/Or0Pf/hL6/tf4dX7zX/e3+F13j3+93/Insl//o1/0W+39wX/yX/wb/PiTv/kf/q1f/cv/0+92b1L/IT+W/Da/7W/32/8Ov/sv/Hjrzrf273/64ODho5Onp88+//bZd16/+eonv/t7/z4/NZ3l5xfz4qebdn159e76B3/oH/aH/xF/5B/1R/8xf8qf+qf96X/Gn/ln/dl/zl/yl/5lf/lf8Vf+VX/1X/O3/K1/29/+d/ydf9ff/ff8I//oP/aP/xP/5D/1T/8z/8q/+q/96//Gv/lv/dv/zn/8n/yn/9l//l/8l//Vf/3f/M//yy/75b/if/2V/9uv+t8xrl/z1/i1f03zRMf1m9O4fq1f59f5tX+dXx/j+jV/rSs0+M1/nV/3d9399X6L45/49bNf9Ft+tPcH/wa/1ZM/+S/+m//hH/vxe6/+p996Uv/LyW/zu+3/x7/7/4yh8chuN7A/5GuNzA7Mjevf+TV+o1/716TJ+7V/81/j9/g1/uVf+6M/LTn+gx7+5T/5C/60X+M/+uzOP/zur/hrf9O//PfY/zUWf/m/c+fB5E/6B//yX+POP/LH/Tl//D8w/Sf3f4svX3/xT2z9Wk/T8cGv9xf+a+u/6tf4L//qv/IP/RN++a/xP/8Ff8Sf/C/9Tf/Qj/9Wy79y+Rf9er/Bb/C7/OBP3Pq/f413b/7sf/GndrZ+zWnyW06bL3/NX+M/er239e//k7/Vr/HX/zF//B9/5+iX/xt/0a/98H/89lff/if3/73/5E9d/xrjf/jP+xP+tV/wi//Vq39l+Rf9uv/0P7H1W/3Nf/Xlr/HmX/nen/b4l775NX/bv/Fv/+3/yr1f8588eZ7+nb/dX/TrV//47/oH/PRvM/krf70//j96+ev83b/V6qe3/5M//r/4g363x7/DvX/3/i/4b7743/6iH3v337/47X7r3+R/OPjL/8Pf87f4l/+8N9l/9e//nr/J9p+z/E1+8K/8Nr/8L/tVf/yvcfjH7P26O3/o7/WH/p6/yX979s+nv96f8OUPfo2f+BV/+T+0/Cv+3D/08/1f4//8Yx413z7+X3+rv/D+r/Pn/BrF7/+DL/6Kv/CXXf5af87v/Yf+87/G7/jt/+HOX/a7/NTv+6e8+63+yPovmP+au8/u/Ia/5X//7R/7i37db91J/pirj/+KO3/Zb/5v/EG/5W81+cN/jz9+/Plf/mvs/1V/2T9+5+N/5U/9hX/Qb/k7vTzd/l3/ol/vT9pKX/3Lv+eP/TF3Vr9k6y/6DX/Pv/CnLr/92/36v9XTX/N3/BP/8+/8Psf/9e/5G9z78jcq/uzf72/7a579R83v+Vv84dN/6189e/iP/x7/wq/affln/qq/51/6tf/D//zgv33+6/1Jf8f1P/9r/Eu/9t9z9Zf/8/ce/iV/0O/y9/z5f+9/8Jf887/9X/Rjf+i/8qv+9N/37/+F//uv8TfNfqu/IP/uv/dLir35r9Vs7//Tf84f+wv/1Id/0Y/9Rn9a9Vf9V3/Rr/9H/JV3fp1f9r+9/rX+jPsfff6n/re/52/z3//mJ7/+x3/lT6//sT/rd/tj/oiPfvNf9ueU/8of8u3f6tf4R3d/4V/wt2z9t1/9r7/FD/7Vv+MX/0u/1j/15i/4dT//Y/7UX+uP+8X/0q/ze+8vjv6Iv/zX++P/g3/t1/wF/8Yv/4t+/Bf867/wv3nwi1/+2k9e/x2/+Cf+gvlv/Hv+Gl/+9Or0d/5bf8+f/jM++r3/11/73/iDfrsf/xdP/8rru//nv/Pn/5cv/66f+Inf/u/6i3696+3/6s7Tz/+tn/gvf/Hr53/lX/9rPP8z/rj/9K/6rf7T2W/7Pz7/u/+qX/pvpv/U7/dr/lb/yP9Go/r9tv7l5u/9RX/Nf3n9q//S//kv/2W/6Q9+/3v/y1/0G/xfy1/+d/+TP/Gd3/8v+HV3/6w/9R/6i3796We/3avr8p/8q/6KP/zjv6H4R/+EP/sv+nV/1Z+a/h7/2Z2/7u+b/R1fjH/jb/2JJSH9v/5Fdz77a8qPf+aP+ZPTX3b0X/0f81/r7/rj/pzXv+Vv+h//t9/9x36v3+gX/13/3uG//tv/Ff/BP/nn/Bp/bPHr/fF/2f/6l/2m/+L+9R/+vY//5N/z1/x9L/+qf/YP+OX/yV/+y37rP/L3fbX3V/9Ov8Ov8cctfnz/7/r1/+vv7Pylv8bF/p/3L/1av/mf8Kf92f/kT/8mzfFf9Gs3P/Hsi9/q1yx/5z/51/iNd/+e87/ol+3s/l1/zvd/1e/3t/2aBz/+O/0xX/2GX/19/0Lxj/zUr/F3/Lu/9Q/+i7/k4Bf+Jb/s3r/xp/5SIun/+Cf8+8Wv9edd3P8F/+MPfu2/8Kd+jV/63zw4/5P+pv/uzq/xP/6ev+m/8INXv/N/+FP1r/s/fuf3/BdOf43P/8VfdDp+cf2X/Y+/56+7/Qvv/J5/0a/zl/9af/4//lv9Gv/eq//+ryTW+uNe/+l/1L9w+K/84f/pn/P81/w9f81/+n989i//B3/cv/RTf9Bvm/7En/TTezQxv8V/9PL3+fw75//N8r/7l37tX/lr/0s/8Sf/91/8Oud//p/8e/56v+Sv+sd/xz/yp7/4D/61X+Pv+kt/rT/16m9Pf/rXuPqt/uL/9Y9Lnv9Bd/7wP2j/1/hf/u2/7N/71t4/8aeShPz7f9XHf8wfcPCXN3/wn/cv/dp/8F/85z5+83v+OT+2/2v8H7/s2S/7c86b7zw8+It+3f/mp0//od9594t/90/8r7/zV/76/8Yf9Lv/+v/At57+23/c3/GtH//zfvD69/5P/qCPL/+49rf+tf/Bx+1f8dvf+XP/aMD+rf7ae//kP/PnvZn+zs13Pv/t//lfY/Rn/ib1j/0nf9HBZ3/1P/nnZL/eH/Qb/UHFX/5H7/+rf+FPFf/JH/S7/ft/wp1/5MW3fkHxjx79ab/mL/yP/40/c733p/7lv8bjv+Bf+4t+7X/4YP8f//H/+S87/2d/0e/5m/5b/8Df9urX/+iP+TX+sF9w59/9m7/4rf7uv+jX/7WK47/iv/x3/rTf4ddY7f9F/+rxX/Q7/Bp/0k/8OYvtX+PoT3t97/f6k+a/1u9ZnPwuP/UH7P93/9Kv9cf8fnf+7r/81/uDfufPX/xp/85P/RqXxY/9F3/q3zH/rX6N/+Nf/uLf/85vMv81/+108qeuf/u/4v/a/zX+mx/777/495/9D1u/5m/3J/8rf8Lf9lv+O3/KH/Q7f/v0t//L/vlfY+u3+8vP/4r/4S/7eP/X+Hv/6n/3r/6z/9L/+S/69f/LP+fV6bPf9Lc6/4N+wYvi7/r1/tT1r/Mv/Zr/yx969r/8J3/IvS/+iz/od/6T/9tvf/uv+E/+1N/q1/jv/63f6Sf+vH9l8qf9AS9/rT/oi8+a//Cvv3fwl//7//iv8Z0Xv/5P/dq/xrd+i3/7f3zxHxz+S7/O3/ur/4Lij/uP/tXf/p/86fP//df4Rfv/3i/79u/9r9akMC4+/mN+0ePf/OV/+ev98f/kv/EH/U5fpD8opmd/zq/xi7I/4Q/5s1bz/T/7L/r1f+0/5tf8K/6LP+Qf+YN+wS/69i/64l/8y3/7v+jX/y12/5U/9a/f+XO+/6/9Gv/D1l/xP/6vf8kf9Ju1f8kf/K/8Mb/G7/ev/SV/6v7LX/uv+ud/YUFD/otenf8Zf9Dv/Ofc++J/fPEX/bq/3p/5+NVv9Opf+rX+iz/zF/4pf8yvsTr62/7uv+KP+alf4/f9l/+eP3X//A/6bff/7r/iv/gzH7/8tf/WZ8Xf/Zf8Qb/NH/OdrV+zOftTT3/3X2P8xS/8gsb/G/0rr/6Vl7/Wf/HH/bKzf/Gndv/H3/M3/Py3+8v+Enrr1cWv98f9F39Q8vzPuUcY/9R3th6//DWfFfeezX/Ns1/xl/1l//xv9Wv83X/pn3r259z7PX/Nv+wv3f/Tfo2/7Y/4U/446v9PQYe/Df1Df/wOL+7M/6JfZ/8Xff6D4i/6df+yf/63+8v+ol/3F/5x/8pP/J6/4V/403e2/qJf95/f3v9F3zn6236Nv+1v+7P/8r/o1/3L/zL657//vb74y2mqfqu/7c/+S2kqf99/tXlGbPPP//a/1b/3L/+ev8k/v/3gL//tf+Vf9Ou/+mOWRfN7/iZ/yZ/75/y+v/pf+rX+lf+MGs1/zeb3+nOW83/+19j+rfDi3/bn/QSh9ev+wjn9/nf/ZX8ZPvkdnv/Lf86v8WP/xR+DHz915+/GR6+bf3F/+Quo+99h+Sv+r//p//ivf6O/+v/8z/+P/+rX/OV/2j+6P/3r/uhf9a9+8Y+d/HV/7K/6l36dv/sv++dP/9c/6h/8L/+S/6v9C4s/6v/+Nf7Z0//jv/q1fvo7f9S/90/8er/XL/pv/4Q7/+DbP/T/+kHya/yFv/BP+tebX7L8Tf/D//M33vr7/86P/8/zX/+v/vX+oF/4l97/6m/8j3/iX/tl//137v4l//ev8fav+MH6L/oNH/5l//xPPviX/qC/6987+513/7hf2v6jf9U/9ps++z3+9F/j9/2Ff9y//nv897/dL/oLmv/6T/jb/uW/6pNf6/I//W9+z3/+1/j+P/+7/8T/9a/8vv/3r/HX/vj//Ff+gfPT//xPOfn1/rvdf/K//Av/69/zt/llZ3/OX7LeefRP/u//6ou/7Bf9+X/QL/ni15if/6nrl7/t//Df/82/+b1/+p/99Nd98KtP/87pT/9xv/pP/WN+jX/5n/+t/5z1x7/+7/jmV/9B87/oN370U//03hf/+Z+S/xOHv+1/+b/8Zb/xw9/3z/yH/onrn/41/q2/9P4f87f+KX/gv/FbfP6r/sff8/z3+Mf/oF/85/3fv8Yf/mss/odfY/Yn/6p/+e//wf/4u/z52d/31/1bv9Gv+jX+gOZfev23/gVX/9Ev/kN/z9/x95v8pv/p7/8v/Imf/h6/6r/6u/7vX+MHf9M/nf1xOx//W//Kn3HwP7z4wezlr/dv/QV3f9V/8w/++b/r3/2Hrf/kP/DRP/qb/GO/2b/1L9S7/+7/8pf/s7/JH/oH/4e/1a/593z8ZO83+aV/6MO/4v/8a0a/5d/7B/9r/9G/sfPn/5n/w//8y//7L0bfffgv/JJ7v+fv+AeWf9AfcvU/ffZX/eryx//e9l/8zj/+6/65v8Zv8W//R7/mP3/n3/vrrn69f/q//V9+2e/5O/4uyz/y/L//137J3zO6+Ph3+Yn/6/4f94f/hR//bn9e+wv+tL/0d/+b/u7f7Zf/gr/t1/yb/8+/+Lf5Nf/RX/rmX/2rn/4ef/gfP/sFv+lP/L1/1//45fM/41f9Cf/SD375f/IH3f/1/pI/8i/5XX7fv+DP+iv+71/jp/+KX/S3/i8//S/k/863f+O/b/q//eB3+Sf+nMv/8hf9Ux//+X/RauvX/vJX/8SLX/Tb/x//1aO/6Df+E+/+nb/yr/3df6/f8g/9V/+DP/9vv/ot/tm/8OSP+5d+vT/rX3/xnzz+m37pH/Hn/O9/86udP/Z//FN/nz/uL/59/6C/6C/49/7V//kP+n3+ps/+1t/zd/g9/p3y9/jDf9G/++dU/+uf94f9hX/6u//1r7nz0W/2q//S3+0//TX+y798f+u3+4dJM9/9G/7KT36j853mP/iTf8WdP/N32fsLf9GbL3/7f+i3/99/h+//Dcf//h/6v738df/Wv/r3+j//53+xfPU7P1v8Rb/+r/Nf/o0/+Ov/zN/8P/rvP/lTfvEf+J3z3+f6N/k9Hv0af9f6zj908DO/9r//p73+A/+2X5j/2r/41/4LXnzrrzp4+Lv9K3/Lb/OPTv/U/+b6L/oNf69f9It+4bf/rPGv90unf8Kf9l/9lZd/+m/zi/+MP/r3+KP/peU/9NeUv8av8Rdc/5e/03/yJ/9Tj5e/9r/zB40/+2f+un/wv/qVzd6fcPK3/HcP/48f+yvu/wu/5R/9+/xbv+DP+od+/P/4T/7aH9vbqX/x7M/7T/6kP/lvTerm3/uXfp3/4j/+n37s4uO//9m/+jf9I3/Iu9/5x/6KX/AXHt379sH/lX7+r/3av+dv8bf9h7/rP/Ef/ZJ/fneW/Wv/83//b/yZ/9ybf/HX/t3W//y3/sXf/Df+sz56+Hj2D/6zv/wf/r/aX+OPePJrHvyf13/ZL/sNf42dX+/RyyfTP+4v/Cd/q3/p7/rxX+MP/MN/jTv/1GdnR3/Wf/Hn/oN/U/p/7f+nf9rD0a/5V/wR//R/OfrFf8Hf9mv8l//MH/zn/90//r/93r9g6z/4Rf/Cs9/jd/iJP/Rfvv4Vf/Hf+Xf8hn/Br//8F/yFf/qvsfUnFD++99c8+DP+yj/z3/2H/o+f/j12/7T/4y/7tR79J3/k6t0/9Nv9D7/Gf/Env5z+g//J/Nd8+of/L7/Jr/dL7vzPf/6f8uv9uvWj5cvP/7N3f9X/9Ff/i3/g6+98/0/8nf6kR7N/6df5Q/7jf7XeevI7/R//1h/f/B9/119S/KuTX/PX+UUH/83rX/Qf/op/+qO/9Furh//No1/z7A/9VS9/rb/tL/8j/+df+mv94d//t36jF79HcvwX/n5Hf9tv+dsd/Pu/6o/5Nf6CX9z+UZNP/uQHf9ev8wc++iOTN3/kv/DlL/ri8Df4Vdf/R/H3vnj0B/xLv/Yf/fw3+7s//g/+oOOH//Dv8vv98n/+r/v7fpPfI/kNPlv9pv/Sy1/7T/z9v/yZ/+RP+s8+/X3+3V/nfyn+7qN/8M8/bKZ/XPJrPEuv/qn//dXyv/zPf/v//V9ZlP/r7/H6j/niL/sVv+Gv+i/+oF/w7/7Rf8mf/bf/+r/+7/Ln/1a/5oN/5v/+Nf7b3+0/av+FP/AvT/+E37360//h3/cP/A1+j3/zt/qP/pU//OGf/K9/7387Tn+H1Z/8l/5Dv/av/6/9ir/oN/iHf/xPOvgFf9pf9Gv9gX/sf/3HNF/8+O9077f8v/7nv+zlX/q//YM/9Wu8/A1+nd86vTr4i/6uX+M3/rN/wV9352p8/V/+O3/O7/03/bt/+5/w5Xd+jde/2+zX/Y/+r9/qL/4jdn79f/D5n/PHff7R3/lr//Z/+e4/cz36B5+//LX/53/q8e/0O/0pP/gv/rhf9I/8iX/1P/0X/czf9ev/cT/4ib/77OPf6X//c36N6cXv8u7/+n3+yvR3+4/+5/89+X2Xv/rv+hd/8MU/8Ff+bi9/7T//D3v6B//Cb/+3f9xv/sXod/wff8s/9L//vf6k49/5//rb/ohP/6/f6j/9936HX+Orf+YPfPd//vTxP/DkN3lx9Ff8pf/Br/61/vPv/s7/8z//O/5B6Z/yV/43819r+p//jf/3r/F7/2vv/r1f9Cd99lf/hXf/yt//+b/2B/3m/9XRX/IH/U5/85/wt/ydv/av/kv/nF/6u/4Gl3/tr/crPr7/2/4adfGP/qLf/jf49u/8vye/xvR3uvNPbf8Jf+FPvRn9o//DH/6//4q/PPs7D/+g3+V/+l2/mOzs/Pr/5e/5m/47f+Wf+i8cvrn4sX/65bN7f9z5H3znd/n3f/+/cf+v/4W/5y+Y//jf+Gv/5b/Gj7/4fX+d3/uf+h//kV/xlx3+U7/9aPff/a3+47/tt7j623+di//xd/pN/r2Xv8Yf9e/WD37Rv/Yf/UYvv/qjH7d/5SdZ8tf+Hp9d/0N/xX9870/5Vfu/xl/z9/69/9mf8K/9xb/333Hwa/zgfz759X7DP/z3PPq7/6p//ff/H+/9wf/by1/nD/ud/77Vl6++tfsb/PZ3/5Rf8sX9v/zX/+P+5l/5l/26f9R/9ODf3P81Hn/yx/+7/+4v+Cf+pCd/6Z/yP/zSv+LP+1s+XV390va/+N3/4d+u+sf+kz/ot/uttv7J9Bf/q//yn/mX/A8f/52/1T/+/b/2j/in/o/i6n/+h3/hH/Q7p6/+rn94/19/9dv+7r/JH5gsf9m/+lf+G3/aL/jyb/xX/qDf9tf5C//e3+vv/A3/kN/7F7/+vf68/+nsf3/5+778tf+Jf/+v/OwX/0b/6o/9k9//i37J/Pf5sf/mJ//Qv+03+/bvdvVb/Rp/8X/6+I/8dX716z/4X/w9/oW/9Hf68/7gP/EvH/+S//vXSH6NP+vR3Yf/5b/yJ/1NP/74//zW9j/62e/xrde/8DD5NV79R6u/+f/+Nb71M4s/4Z/5sd/uV/1Bv8e/8JeMftOP/tx/8G//Nb74XRd/8It/5df/S/7gl7/xv/2f/Pm/2x/7F/zWv9Uv/i3/z+LX+YMu/6Jf9786/C//tX/lz/tD/9nf6FdP/qR/4H/4T3+rf/nTX/Pl6jf9q/6iX/9/+U2+/ZePz5Jf47f7K37TP+tX/It//290/S/+dv8reaK/+d/6a//hH/9XP3j9G3zyb/4ef+zrx//cL7jzz/6uv/7vfvzxr/5H93+N//xbf91vMPkN/us/5N1fdvnk3/4N/8S/4hd98Vt++mL6k//iX/Of/Jn/xZ/8x15f/4p/6D/5g36TF7t/6J/4+sVvsfid/qPf/L/+x3f+5D/1b3/yn/63f87ye//a//UL/6Df5Z/8+Hf7L/+NP+kfeJasfo+kmP4Jf8if9Fv/k//ew1/xW/2a6T/5F/1f7Zunf/PjX/v013hxlv0J/8B/8SeND/+8//Uf+sv/xN+t/jX/9+R3/ief/6b/zB/0m/1tf+T/8Hf8Jjvv/rLv/7P/+h/8L/41f8LWr/5H/6J/8V/58/6wv/rxH/gr/qpf8w/6Pf7qf/Jf+jW//B3/zP/t7/or/+zv/a3//S/41/7l9Nf/cfJW/43f+Z/9v7763X7in/5FH/01f95v89n3/6bf47f8/M/+k//V3+qT3+gX/F8U45z9Rn/zP/Ab/OQ/+St/u9/lP3/2T4yu/vw/8l/+W+78Bz/9x/3Hv96XPyi+/4/+7n/CL/1D/qBf8NFP/A5/d/ZP/xN7937Vxe/xl+//Z7/Tb/Zb/eBP/Ylf483/dPZ7fOf7f+X59/+hX/8v+hfmv1aeNL/sb/js9/w9/uPfa3T3z/sbvv1PfPnTf/yP/c6/5v/+n/xlv+U//+88++3+6z/09/yNv/17/Vrf+Z9+j3/nH//d/pj/+Pkf/Zu9+Y3/tj/lB7/Dn/1r/50nf9cf/Kf+qf/Sy7/qf/iNfr8/IPkn/4vf/nf7pU/+oE/+0k9/6f/yy/7HP+cPfPir/5M//7O/7yf+pz/hj/8T/pvf+Pf8tX7Zv7j/a2797r9J/Zv+p//8nT/9T3j2P/z9f/NPlP/Uf/rr/89/+Z8w+nN+jd/3H6h/z9/jr/+d/8A/8nf543+PdPzif/xH/7iXv9vf+bvXf8sf+Lf/st/oL/wrf6tf8zd/sffdX7b/l/7af8eXf/tP/d7Zn/Tr/e7/yN/8T/4Hv99vWv7P//jW3/zFv/d3H/3bv9Wv+fv8eb/uf/ziv/sV/+JPH/99/3vyM//z6Mu/7bf41/6S//AP/vP/md/07/81Pv/b/8E/6u84+tP+t3/vWf0H/7J/9aM/85/5M//Zf+SP+xuuf50/5vg3/of/oX+HMgO/65/0N/+TP/7v/Dn/zH/2B/xPuyf/7r/wmx789v/ZnzLf/ad/u9/xj9g7/BP+tl/jL/4Nfo1f9if+1Nvf+nc6/7N+n7/7v/hzPjov/9Tf87f8J37Dv+PX/wX/5R/85b/1d/+qP+/X+iV7Xzz9rf/UX+e3+E1/+sk/+Rf9i//J/Nf6z4q/8k/6qf/k9/mnf3ny6/+Bf/13/7R/JP8//5X/46/819q/6g/5p/6Df+1X/J1/8h/xg18y/zX/hN/29/jx5j/8Y376l/1rs//71/j7/5g/859a/p7lf/kf/vW/1vZf+bvN/qVf+96/9bv+wj/5z/ur/+E/+o/8P369v/7Z7/zt/NVv8F//MW9/7PfK/9TV//1rzP+lX/eX/JO//e7f9Gv/O3/4r/q7k9/zr/xVf+Cn3/k1/7vf+Hf9yX/x3/+1/qDf8W+7+PP/yf9q/mtnD1//37/GL3m19089+hP/jT/+j/v8tyMP9/f5h/+F3+qPOf47f/vHL3/zX/ZP/eU/9hf8n1u/xm+0++/9X7/VH/73/gH/15vf+r/8G7b+3X/xP/itfo3/6Df4nXfufPu3+xe+/M+/+If+h+Y7f/N/+Qf9nqSri3/yH/zPz/7NP+53+DP/mV/z6rf4B//EH/zkH1v9z3/1//rr7/+aP/br/OZ/+L/4H33x8dEf+r/8tat/55/8Rb/j73L49k/4Y/+2P+WnZ//qn/0P/L4H//t/9kv/rP1f8/f8xf/pn/Mn/VPPfo3V7r/yd4x+5t5n/8l/9s9NfuLf+yt//V/11f/6P/3283/7P/nX/pQv/oE/+k/6Az+a/9p/5m/xN2V/9O/9i/+H/X/lv/vyNzr7F3/i+7/OP/Cbvfv07/19H/5xf9P3/5Hf4vqzg3/xOz/zF/xmu3/DL/tFP/7xJH34L5Bn9Tv9h3/+1m/3y36XX/BnH/xl/94v+uP+5//6j/lv//rHv2vVvvgv/+6X737fv+p3+k//7l/+V/6T//H23m//5Pf7/fb+zt9/tPdX/x5/4f/28tf/nf/dXyMpfp0/8Ff8tf/K4v948B//10/rzy/+3n/u1/nDf9n3/+Zf9Tv83b/1n/6njX+i/af+jNGv8Y9nv8b6v/5T9ua/9j/zd/zvf8rv8eiTf+13/7v+9j/+D/nL/7L/7s/6VT/z9/7Mr/F7/J/Xf8kf9Pif+x8//h//oM/+zN/qPzqa/iG/6L/9c/6bf/A//vX/ru0/+Bd+9u6/fv3xH/SfX/47f+vvcvk4+TX+s09/11/nb/vj/9U/6Nf/qeU//G9/75f9Df/N3T/yv3nzp7a//+98+Tf+Ln/+7/O7/Ka/679zrxl/+fv+AX/gd36NX/aP/La/9ta9X/GXLv/Tv+DX+N//zb/oD/xH/u6/8/xf/Hf+sl/56/wmv+S//iv/47/txXf/2b9/9mv8H//un/nwt/o1/6E/6e/+r/+P//vX+Cf+tN/s7/+bf78/9eJ/+k/+kU/+oF/5W57t/Y3/x9/68a/xf/6if+fv+Ot/5vf4S/7rP+XP/aNG//Hv8/f8euWf/w8+/+X/x9av/U+/+nde/jaf/+H/+m/6Py8O/sl/87f+LX+bX/tP+PX/zT/nf/13D//gy//lD/0dfrtnn/5m/+C76Z/6P3z23zz82w5/+9/rD/xLn/5Wf+Lf85v9Gr/07/pvf89f8At/zY//hv/mz/tdf7/f9y/5jy5+97/1//hr/9W7P/Mb/hX//u4f8Bd87xf8Fbt/4r/yt/yKL3+t7/3lf89v91e8+6f+yd/t1zv/z/7LP+4P/pf+hL/gT/s1/+G/9x//F/7LX+dPPP0X/sBHp+/+4F91cvFv/kV//W//M3f/mh//O/7Z4nd7+YM/7Mf/xL/4r/j0D/6r/7Hfc3H0n/4Ff+Hfu/9rnv0XH/9BB//7v/b2F3304Df+x+f/wB/81/yuv+Nf91f8vr/8V/3gX339j/49f9w/9Lf8u0e/7f/4O//9W7/2o7N/+uHv9xs/+w3/6X/9H/ydfvJP/a+++4v+gX/7d119/vv+1X/Zp7/p7/Lbvfw9f8V/8Qdt/brJLy3/lf9s+of/bj/4N/6Y4m/9p/b+5r/1P/uPsi8//lf+lO9/+l/8wvl/9sf9E//tv/57/2af/8e/529//sVf+Z//bi//loflX/0Pf/aLfurX//zP/s4f+er3+o3+4D/hb/u/f43/7p+e/MM7f9N/OSeH6rf9y3+Nr/6YJ3/3+fLP/4P+99d/yn/y/Ff8t//m7/Jf/re/6l//C/+mf3H8W/0R5eWvff/xD37n//af+AWHn/yRv+9/tPdPfPtf/Mt/jfO/4/t/yz//B/95/1Hzk3/Gf/vrfPILf8U/sfuv/I0P/sj7X7188Rce/Pp/xz/6F/4zf9tH/9Ozv/l/vfwzvv2TH/1F2e/8f53/br/8t/sX/9vf87f7a/7d/+LXfPbv/3t/wN/5K/6qv/x3P/s1/8Gf+q/++7/vt/xr/oW//u/+i/+oP/QP+h2e/2f/12//1/76//F//2/9nXuf/WfJP/OX/UnN3/a7/A1bv/afsPtn/l8fnf1lO7/Fw/J/T/7DKvlvvvcH/Z1/6H+fXP/Gv/2v/6v+tT/0H/kd/u6X//z8+v/6zf7Rqy//xt/q1/znftXP/Ee/5Yvf/E/+V3+PP3/9L7/79b+aP/0T/td/6U/9P8b/2Z/8q36trT/zH37wxa/1f/4F//HFn/Xn/cdv/rDf8P/6n//Hf+MPevjRr/E7/Tl/4y/6q7/3Uz/ztzz/q37J7p/6vZ/6v3+NP+JXfPFbnv1d/+Bf8Jv/5//Yw/wP+D1/tz/o8L/8q3/533jv7/6T/tY/5ff+U16c7f+a/87JL/md/5n/4Y/46hf9e3/oP//iD/8XX3zyB/+df9ef8+/kf8Zvnxw8/s1/v7/8L/3ffvFP/hvtX7t48hv8+G/+7/3CN3/2r/8v/c+/4tf7g+4dLf+yP+arn2n+vL/wL2//lf/t1//q9Pf9YvkvPPvOH/F7/Mc/8fl/9P3f5y98+7f95lf/7D/97/6bf/Dv+Tv96uf/5F/9n/57/+rzv+vXOf97/sT/7bv/zp9x73/9Y3/m4rf/Z//AP/zsN/1Hf9Xv9u/9Li//+N/7D7zc+7f+91/2j/8av+g//1X/Q/Fg9z/5e/7T/+g3/FP+85/8b/Y++86f/Oqf/5/+91/yF//Ff//n039t/xf/nkd/6J/6e/5Ov/ev8+e82v3+/H/69f6y6+K//zM//iv+13/xf/mr/5L/7br+705+v3/st/ot9v6qL//r3/N3Ov+X/sD//b/4437tP+nXe/s3Hf3a+fmv/RO/4x/0q37PP/ZP+QMfffm/Hf8d/9P64J/5Lf+de3/Bo1/5K/+i3+T3/HX/8jf/9D/yF0//q1/z/r/17/5vH/169X/9Lj/9+FuT/+Pv+fSn/53/7Xf/3f6jv/N/+Cf/7l/7L/xH/qCDP/f3Ohv/D7/Nb/An/Q/Lf+u/+uSn7v7Gf8v/3Bz9049+1fwP/58++5//2//qk7/ib/uffslf/7f9Vb/Xb73+r14++Pi/+fKX//W/5V/6q/6U32zvv/wrLn/jf+u//Lv3f81/6nf+9X77P/1n/vK/5/U/NPk3/rNf65ccf/xr/JIv3h4f/el/5e/9133yX/6P/+kn//l/9H/9br/p7/dL/tr6s9/9z2yP2r/41/hVJ//9P/l//xq////yV/zCP+ov/cV/7H+984emv1b98H/98X/pX/r1nv82f/23/ubv/tm/zckfnv+5H+38on/zF/2Xf+PffvZ//uF/9d/96/7tb//oX/NX/zW/W7J61P5O/9ef/rf8Ob/Td3+j3+byT2l//7/n/B/+v/7sv/aP/it/1a/xuzX/1J/3m/2Gu5Nf/2/e/zX/ud/xd/7i7/glf/lF8lf+j9/+p/6hX/o7/oF//e/9J377X/uz/+9f41/+H/+mv/Ljn/lLf/x/oTDl3/j7/o7z49/hj/1v/+jf7k/9C97Mfumv/bf/5B/3+/xT/+Ov9e/9Xr/rH/uH/tG/78X/8hf9Ot/77Mnv9mv8s9XO7/dLX74mHvizln/s7/RP/Ul/0+/7P4x2vvxlf+1/W/0t9/7m32W591v9U//Y/0Um9af+qvZ/+92yb/3UP/evLP+vwz/jd//8y//x5a/7W/0h//UffVb9d//p+Y//2ue/9M//8pf/5X/ui7+v/Uf+w7/lv//lX73+Fb9O8g/M/px/49mzv/nl3/vH3vn3/qLf8l/9+E/+C/+Zv/xP/Bf+vF/zP/vdfp9l8gc1v+L/+Kt+7d/qv6r3fr23//Tv9g//07/P7/0P/NI/73/+l15v/3fL33z3dzxd/BkfJ7/Vn/zL/+Hf5a/6G/7Uf/pP/4N/4c53f/vsz5v+L3/F//lH/MLf8z/5rV//u3/qf/ir/qVf79v/6h/3Fz7+3//2f+Tv/u+S3/S/Pi1/w1/yd/9a//xv8C9+/9//AylS+3X/+//2H/qn//Of+mLv7/53/7STf/hX/q+/8q/+76rf77/+9f+d7V/wb/0m/8J3/8J/6t/8rPlP/qxfcfhH/cX/yl/x1a/xf/wv7Y/9k7/bn/pPfOu/+DP/wL/6993/sft/yf7v+0f/br/JP7jzu/xjD//FX0X6/a/4LZ/8Mb/V+Nf4r36Nv/S//+RP/NN/pz/hz3/0k/uP/qRf/fbf3f7T/pZf+Gv8Fh/95z+Y/SE/+MU/eP2f/2u/3p//a/7i//pfXv29f8df9Kv/rv/m9/iN/sR/4Q/a/w8+f3XvF9z7Vf/3r/Er/uu//hf/Dn/Vqz/h7ODXrj7+2/+Af/I/+eR7//Vf+nt9+qdcXv66/9TrP/z3++9+0f/2r/+Df8d3fvzVR3/qL/5N/6Q/4L88+r9/jbu/89/zn/xB+7/D9eyjg3/3n83+0L/gN/irfo2/80/5j/6+v+XP/t1+7V/395r90l/jzdkv/Ee+/ydNf5ej3/s/+2V/yK/xD/2Xv8e/8mf8Jye/4H/5Y5M/5Q9sf7+f+DMe/pd/4j/6K/6i3/i3W/6lu8tf+6f/o+w7/+lv9bv/d6/u/K5/1D/5/X/0L3/1y378D7n7t/0Hf9v83/8n/qPP/6Of/uP/gb85/8W/6Hf/S/7p3/Kf+uue/KW/0cWv/zt/+R//nr/j2+tf5w/6w//sH/udV//oH/O7/r1/zH/0O/9lv+i/+sG//mv+jtd/3a+z+mumv/3k3l9w/Z/+G39d9pv/1Lf/iP/lt/2DHr38df+8X/gbrn67//1X/uXJ3/dH/yYH/81v+p1/7u/9B3+bP/nH/9lfcPXwd/zun/HZL/qJf7T+ZX9S8mc9+4f+ud/rd/pP/8Hf6tf8a/6B3++XvvoNfqdf/F/8IX/SL/gNXv+Fv+8v+nP+xd/2z9jd+8f/y1/Y/Kuryb//d/3a/96/9s82yd/wn/5Of/a/+yf9xb/Bf/IH/YL/9X/+6/7Yv+Px3e//2//lw7/k7dvP84u/4/M/9bf7df/UX/hn/F5/2J+6+vyr7A/6sYMf/wv+rr/y2//R7/lb/z5/52/0a/2j/8f81/zqL/nj/vB/+2//E0//of/0j/ndd/+wf+9f/sN/4t9Mk9/7n/mzTn7df+KX/tn/+3/xV33/p3/ib/2j/pDrP+Xid/ytfpt/6Fd+9uv/p7/nb/Mf/Bf/yr9/kr/5Xf6e3/M//WW/1f/9azz6N1ff/2/++X/zD/59//3//J//7/7MPyzd/i3+gV/xY//ij6dX/1Hz3cWf8iv+sntfrn6dVxe/8vgX/W2X//S/+F9s/drZ37D9Fy3+0j/jx9Nf88Vv+jv9U3/vn/53/Ip//FXza/6d9Z/67Hf5HX/r//V/+If+xcev/5O//2/9ff+JP+U3/rf/yd/t4q//NY6O/8vv/MG/12/8R/7nv8Fv+gv+vn/ld/yjf9tf+erT//rT1V/1b5c/+F9/l7/8+Z/6j/4O/8neb/Cw/B/+m7O/4tlf+F/fHf/yf+7P+k9/l3/jD/rtf6PfK/m1/qh/9Hf6j/+WR7/s//hvnvxf5cP1w4e/4/V/8dc9+sf+q5/4o/6dH/xmq5++82/9dZ/853/67/fi92ppefMv+5f+87/pb1nMf9XLP+jX/m//1X/lT/vTL3+f332W/lq/dPqvHv1Zf/W//E/s/MW/9R/9rd/7f/5D//mT/+X3+T3P/5gf3/+D/vvf8e/a/u9+41/j2+P/dP2n/vn/3n/0h/4rf8mf8Kv+sT/xz/rPlj/40/+dO//qv/hbjn+3P+vp7/i7tP/Lw//+V73+Tf7K/Mfat3/Yn1iN/oXV7/FTv8a/8D+v//B/4+/+j3/x//no4JdeT3/HvX/rn73z7/36/8nv+Tf+uflPfvdb/9Af8ugP/f2//f3/7W/9R//kb//uf+r3/447v8Hhn/y7/cZ/1//56//U//Q7//T/8tnJq7/n7/ljfvPf7s/5yT9p67f7h363P+/lr/fTf8yv/Bv/yL+w/P1/7eKv+Lf/pb/i336X/27/5T+3/FX/0cXjyd/3m/7pD//Gd//TxR/zf/wei//4i71/ZvvZr/vnHPyef8rD3+nX+02uy1/73/wv/vlf4/Lo7emv/+f8z5/8e//dr/nH/I2/7+Wv+G+/83f+plu/41/0rd/gP/o7Xx396V/+6snv/if+zLdnv85vNPuDftNf+rf9i//9//gfZL/rr/3jf9kf9sf9Xwf7v+Zf/r/+Vf/rfvmL/tB/6nf6A37pb/Wv/31f7vwN/9Duf/ivvblz/Rse7v9j6e///Hcirfgn/JKf/BdXf8Dv/Yc/+UV/3G/xB/4Ov8bfNv6Xf8e3T/7bv/fgsP49vvPsz/r1/vM/8Z9799v9k7/Lf/lb/36/80/+K7/nP/L8j//rnq2+XP79d/7JV3/Tm99o/HLr4J+st36Nf/Dv/8Xzx//UX//FP/q7/D1/7x/yX/6yv+5X/8Zf/j71P/I/fjn/T5r/5dc4/tZn//P/9fn9v+j+937s7z77Q3/r/2j315n+T3/Vf/ZvjP76v+RX/Xn/zP/2T/8Gj/7PH/uLfqN/7G/71/7zf+Nn/qM/+Xv/7h/xT381+ef+y9/uP/2D/4Q//a//Lf6ZP/JX/sv3Dv7bf/J3/j//xeo//33++v/kn/ozfutflO9u/4V/+h/4V/9V/+n//P1/9tP/9C//W/7q/+F76S/9037Nv+V//EW/2+hP+nf/pO/9SVd/8N/5J/xff/qf+NF/e/jv/+evfs3f/bf9Zw//r9/v3/51fpPr//bL//vX+MP+pD/pe//Un/3n/2//1o//V5/94C/4v/6Bv/0vvLr6q/79P+Lp3zV/88f/A+Uf/7cuf8mv8T/+by9/vX/vqF39pX/dl3/v3/Dbzf7En/7Fv//nP/3v/mW/8W+3/hf/vaM/9G/8T/+c//K/+xv+8n/lP7rb/HV//z/6K766+vf+sv/z+qO/9r85+t0e/MQfdvbX/7O/1o/9+r/ov/yd/+Y/5tf49//uf337L1tdfeefzP7Tv/Lo7/qrfr2/5a9e/K+/+Pf+S88f/nZ/6u+x87j5J+//M//Ouz/lv/gN/8Ldf/MHf8Pq7/tP/+t/+q8/+D8WH/3F/8Sf/wv+j+zbFBz8m3/k9/7eP+LJv/nq8z/5X9n//f+uw6u/7O/+nx+//s5v/tU/9O/+eX/Y9H+b/eKvvn/4j//Y1Se/+//yvX/sD6v/yj/xv7j+P/6af/vf+OUHf/lv8OrX+k1Xr/+YX+PtTz/b+1P+uhf/wu+S/i1/wR/2y/+7R+d/8R/xi/+0N9PqN1tP/sndP/nv+i8f/na/x5f/19/++xz9rv/S//H3/dj2n3LvV/7pf8wfcvjqwR/b/gZ/wK/5C/79P+SP+3V/8vf9A//4X+P13/sP/Gu/+x//n/5df/fv/Yde/nG/7n/6dzT/wy/56d/wF/+xf/yj3/qP/8v/pF/34+aP/P2+/Kv/2//63/o3/vS/8o9pD//eP/z3zO49/HV+u39o+Yv+6z/uf/7f/tXf7c88+2f+8r/hj/2dfvWX29/61m/6N342/7V+t3/z3/sD/9J/99/6s//g8s/4Tf+u9a/4p4krzv/ol7/dT/7mv/zg//41fo1vPfjX/ra/9xfv/Db/wUf/7L/2u538dv/jf/+//xs/8w/87v/KP/ub/U2/7T/9DycP/49f99f4qT/3H/tdf7f5f/bn/7Z/0K/5rR/8X7/V3/zfvnp054/5Lz79v36zv2j6i37FP/zL/4+Hf90f/Df+O//8n/Uf/aH/bP2uuPcX/st/9//xV/9Nv/8/9mf+Jv/Lv/v3/ka/5q/+6/7if/Hvnv6ev/Nv/Q/87dt/2Se/5emf+m/+br/iX/xPT+tf9h9+75+/c/W3/slf/qW/71/5K36rl7/en//3Pfrqz947/Sv/5j/pj//L/4x/a/Yn/Ef/0U/+YV/+Tv/Mn/W35V/9dr/uH/IH/Rr/6V/0X/5Bb/+0R3/8v/oL/+XVv/0/HP9u/9f5X/rgz/wnPv2Nf8ndz5o/5Mv/8vf8nf+sv/tP+fTf/QX/1D/yf/xd/8KLb/2WP/gr/uOr3/f6p3+9g69+zb//l/15/+ZvNf19fsff7X/8FZ/9op989d/8F7/b//JvXP/WP/gDfsFf+J1f47/7+/75P/nX+yNf/ka//sNP/s8/8H//1/7qevd3+Ov+xn/yd/8jrv+Pf7z+Xcq/93fZ+Xv/rF/wf/8aD/+yB3/n5+PlX/67/YF/x/zX/jve/gm//b/9D//3f8aP/6p/480/8h/+s//Lv/yXnm7/ef/j+f/+f/8a//tf++f96rNXv+G3/9F/4Jf8N9Xf/vv+wf/Y//IX/qWTP+jRX/i3/NF/x9/2+td72fwpv/7+n/zv/ru/2z/+Jz35F/+Ev/jNb/n7/i3//vf/p9/mv/mlfxYlSq//su3f9ZO//z/8z3+n2S//rX7Nf/Of/cFv9Zdlk3/48f/wp41/03/1r//N/tpZ+Ys+ujj8zf/hX/t/+hd/+d9wcOc/+O1n6/Q/+83/nPZv+ad3/8//7o//Xf/Fn/zd/pxf47/P/5jf5s9t/6Kf+fv+i6f/2S+9//v+C//K8+n/8t//Djvv/sM7v87/9dv9DYf/7J07f9Jv9nv/z3/c+i//Nb99+LfsHf6Kv+g3+Zv+w5/6J/6F3+Hbv+vD//wv+f3+71/j+et/9dUf/r/+VX//v/sn/OV/xL/3J/6T9//pxa/xG/2m/9hf8Af+6eN/7T9/8a/+b//Sr39+d/Fn/3Z/9H/66/9Ou3/S7/R//UVfNX/tv/0/JMsn/+ev8ev8X1/9M7/18+zv/of/hV/0r/yZP/0//MP/15tf89/4vf6qf+dP/sP/3pdf/vq/+D968+o/ePIv/Br/4B/1i/6Q37b473/F3/B2/vh3/rv+21/xl/4Bv84vuPdv/e8vf/0n67c7f3bxz/1Bf8BvvfV3H/zKf/yr7//Uv/fFn5UlP/Z/fXr8J/6NP/in04s/+Z/+i1/+Wr+IfL53/+2n/80/9GP/e/vyr3t25/f42//7v/DyP3++/m//uJ/8bf6J7F98/p/8mfN/59v/0Z/8b7389f7N//Vf/1v+wn////xPfvAf/YX/01/9Z/7U3/kP/4dXv+w3+bP++L/7b3j3V/12v87v1P7Xz17unPx5f+H/+uUv++9/z9+x+k9+879rcTb7iX/9j/j1/+s/53f8/f+EZ//Ef3n62cmf8Bf+yX/dH/B3//a//Y//189+67Nk97/5Rb/n7/A3/rX/5N+3M/4vf6c/6e/6rf7p9V/xm2ezn7n69f/Ef+Zv/fX/kl/+y//KvV/xa/yi3/M3+fv/59/sX/3r/vl/7q/6x09+k7+hvv5P/u7f+Q/8x/+M//1f/7v/oAf/9p/05/1Jf/P/cPe//lP/nH/pf/5D/sL/7rdN/7xf//U/9Sv/8etf9uv+I//T2f/wS2gp6Onv8zf9w3/K5LM/6Tf9b3/ij317dPXZP9r8N7/+7/LX/57//N/52/2+v2Rr77f8h/6iH5v9Hf/qP/SrfvI/+wuvf9vf5X//jT//X7/3/H/6U9f/96/xF/yh//ev8Uf/Fb/NP/1ffXHwO7X7v+Zf+5e+ff1f7T3824rk4B/9/Hf7s3/f/53W594++BPXv/mf8ic/+Sv/il86/T/++fov+AP++V/3n/rv//Ffo/0n/4l/52+d/dkv/8u/Y+sXfPpv/Gk/87f84//9n/UP/+PNL6h+1T9+8O3f4L/9PX/nH//f/sPfb50sp//pX/k//OHf/VP/8Uf/2N/9G1//QT/4w3/PT37Df+4X/PLf9hf8clrM+wf/6v/0dyn+71/jnzx98Kt/8Zvfnthn+n//Gr/mr/+//+SLX/bkT/nFf8yv8a/+Dv/BX/l//xq/x7/yN/5L/8lf9gf+5v/t89/q07/28skv/z//6//kb3nx+V/9v7+68y/+5F/0G5/8jT/91/+br/6e3+N//Zf+tb2f/u7f8pv9fv/DTx795f/Nn/zf/kP/6b/xp/0W5BP+E//a/zj7T36vv/eP/N//qX/9t/+7/65/8X//r//A//Fv/eqf/uwf/ucfnv3af9LWr/XP/Ptf/gfXv/7/8Rv8q7/Df/IHvPi3f7tf/F/8Jb/+H/zLfpcf/C6/3T/5+I/5NX6H4jf97u/2q/+ck8O/49f+Lb79H/3i15/+Zrt/3G/0X/w5/37ze/7aD3/B3/ZfnP3Jf8ff9Gv879Xv8p/+xG/22bf++X/nj/y7/vQ/8rd/+Lt859f4O//iv/Vv+NuLv+0//vv+9d/pF/+bf/lf/af+KbPzf/L3fPvP7/9mv8ffWf6y//vX+OxP/Rv/jb//4Ft/83/8S5f3/tVf9hf9erP/4Z84+ycO/9Xf4de5Gr35bT77p37r7E//8tesm7/gN9n65J/+VT/4Be8e/t+/xuN/6dfNfqOfXv01v+2PP/6NXv7E7A/4Hf+Lf/J3+gv+9Nmj/+x/+kW//C/a+53+8N/+v/w7vvg1vrv7a9V/1d/1v/+m/9Nf8lf8hr/5b5/9i//Sv/x7/vb/1V/0X/5Ov+xPaZ78NX/BX/D3/7kHf/WveZr+Zg//67/gl//dh3/0r0PLzOmdP/QPqX/97zz/jaa/8a969dcuv/Xgj/tff62/8J/6p3/7X/gH/fiv+skv/q7J549f/52L32529Jf+2vv/8b/3Fxz8k/t/2M5/9pv/m3/e//7y1/qPfuv//OCX/69/xV/2nb/y6Pf/7H+683/8Vf/VL/mH/sfv/Hr3/olf8/Gf8uhf+rV+47/y1744+Esnv8f/1P7X//ydf+Hz3/7X/lf+tL92/dv/Cz/4L3+XP/zX+A3/yV/z8//y9/z1f7c//T/6C/7sj/707358uPr2//hv/Hn3/pxfIztP//i/6Oq//c7v9Z/9+X/ob/cr/usXn/wRv8Zf8OWv9Uf8M/9p8fv+hT/1a/xWB//Xb/1r/1vrv3R59Wv/cb/lP//r/Mn/7uWv/59+597f9Uf8w//1v/uX/xq/46/x2R/5t+/+A5Nf8vcf7P/n/87f9ebX/Pzxb7L74vv/6B/y5V+5/2v8uX/W35n9b692KNXz7g/+H7/8F7796/8Xj//Tf+PP+/v+0P/69/zN/9R/8C/49/+Jf+flv/vtg//63yU2TK5WD6b/7u9cPPv1D36NP/iP+TVO/sGDf+LX/1d/qz/8bzr6Zb/Lz7z+I/+Zs3/it/09/qC//Hc8+UV/7+/xZ/1Fv95/dLH6+Ojfe/0zf8PR5D/9nf683+FPffsL/rM/5/kfOfnLv00O6G/1W/9Ov8XpnX//7/zzfvl/+6/8ab/mn/Rr/O//yq+b/qd/4b/wB/1mv9a/+Kf/+//D2V9+8Z/+tb/R5T/9X/xpf/A/9A//07/yv3/2j2//st/of/6HHv9Lv96DP+bXrH7T3/e3+S//h//71/ivnvx9//mf8I/+S//mX/a//en//f/9a/zNf/kfcvbqt7zza/72f/A/cfzr/06/9r/13b/g3/vD/phq+xf+Cd//a3/lX/rv/wnX/8Ov+T/+17/nbz379f+Qwz/123u/3p3qd/lnfo3/9OEv/Gv/z7/uD2z/pV/n3/0TyCb9km/9Ln87wfnf/5Vf8jf+n3/iv/EHjRa/1eJ3/ul/8N/5F65/3196/1/636bf/tv/zb/vl/8Z//l/8ueMdp7+Gv/D7//7/0P/96+x+3v+dv/RD5Lf75f8t3/X7/9r/9f/+R/1q7/6F37x6tf/5X/ln/hr/9d/0e/8bz6g8HDv//41/vBfY/UX/eJ/5T/63//N5c/8tn/Z4tf/71//4E+Z/f7/01/xN/7hf9uv+x//j7/br/MH/uCr3/7/3Pq1/5h/9y88+fzP+OzXvfrkP/4bf5P/9Nf6r37LP+Hf/DX+1X/hD/2P//x/6PpP/hMv/+5/kqzIb/kH/JPHz/7l7//b//L/sfV3/3v/xn/2J/6P3/9d/q9v/bn/51/4H5+Wv83fevA/LP9EMh2/4d/2i1/94b9z/ete/YXn/9Of8if8Dv/k0V9w+Qf+9ekv+C3+yz/3N/v879r/Nf+R3V/7739w9Cv+w3v/29l3H/7Nv9sf+Ld8a//v/Z/+7H/xf/jv/uf/9j+jtZlf+w//F//+3/5v+O//xv/jo7/y1/vk5L/9v/7Y//vX+Lf+1d/kb/yPT//z7A/6xb/h7/9//e2/xuo/+1P/jT/n8x/8j5//UT+z9wdNDv7J3+Uf/enf4x/50979o6d/1C/9785++e/9B/1Fv+nvcX/0B927+Lt+7V+V/Hd3/75ftPxrf50/5/oveJj9aQ9/i61/57/5Nf+ZP+8X/On/5F/8z/4uJ7/nb7u/90/+/n/rP/Kn/ur/7L/67L/913b+s3rnF/+yP+d/+es/W47/h5/8F/61w3/h7Fu/9q/xg8vf7X/+gz751/76X/kbHvwZP/NHP337D/55/9F/+hf+m4//pV/nD/uP/5k/6Nf/pfN/58tf94/6nf/xg38w/QP+gh8kxX/0J/9tv/y/mv+aye/8n/6Xn/2LB//Fn/Rr/PqP//df9uLu3/0n/Hq7/+7v8V/+KxTT//7/+e/5G/zzv+vvsfUn/s+//V/y5/0Gv8s//Kt+JxL///jP+jt++/rv+hX/xZ959c//o7/TFb32vd/9b/n1XxT/5H/+3zS/4i/6tVefnf2fxb9d/gG/4I/8B+b/0Z/3n/2y//HZv/4P/fb/4sm/8Qf9Gv/kH3T8+/7gX8n/7t/97/orf53f+E/6vX+zH/zKv/zwB7/WL/nf/qJf5/f8b3b/0V/wb/3l/84v+qf+y7/yB7/vr/H3/9j/+OzXSH+tZ7/4P93/Nf7u/+Psr/hb/rM/YPf1X/j3/aX/x/xbv+nDH//19/+nvzT9nX6tXz99+Wv9T7t/3G/x8L9+8p/+BX/W//6//mW/6nsHv+Df/u9/r7/tt/k1Lv7NP+bXuPcH/7Jf87/9117+Y1v/9L/48Z/wy/++3+z41/4T/sk/5tv/bLv4836TX+PX+4N+q/90ee/f/Hcfv/zOr7H7d/63/85f+Cf9+v/qn/zn/HEH/9Thqvk9k+/8QT/2u/3J/9Vf+eessj/vT/+1P/7jkp/+M363P+jHPvtb/snf5U8/fJj/9r/9P/Fr/BNf/Bq/8OE//bv9Wr/przH5k37B9W/0H/xtf92317/rV38Urcw8Xh/8p3/X//4v/Zp/yuyrX/Pv/h//pT/wLyj+2o+Ws1//+sVv8pv8Ikqf/TV/3u81/dbf/b//gb/iv9r+Fym4+nN+jcv619j6J//Df+VPbX6z1V/543/nX/0XLX+3/2z9X/+H+3cO/qu9z/6rX/Mo+xf+udmv3P8D/uA//x/8P3+6/jt+xT/zx03/zr/8k6P6e3/Cn/1r/UG/3X/zu/yaf/q3f/kv/8tfPvmf/qLf5B/927fK3+m3/POaP6/9y4rvpeM3f/I/nP7Jv+ev/WMHv+Zv+9v9lx//dv/Hnf/s4avf4Pf9v/60f33xz//Dv/7v/Iu+8zv+dr/bn/B3/cq/6Df6G3+z4n/+9//rB7/Ft4/mP37947/9f/UPf3H9N/4ZJ3/Ki9/r6m/8yX/tX/w/vlO9+xf/98M/4e9/9q/+fr//nX/617mk+PyT3++vyp/84Pyv/aP+09/jH/nWf/7f/Bf3f4///qv1v/t7/sa/+en/+S9/58f/2L8lufzX//1/48/79j9Ji0T//J/8f/8a7S9988t/19/0n/lLj/61X+sv/UuTBx9f/v7/wh/0a/1rF//OH/TVv/WtP+nsv/r1f7d//Q/9y/6b0e/5vd/wL/gD/+s/9g/8w3+N7/5Tv/wv+jsOv/qH/5L/5pN/8X9d/5v/56+q/qe/8g+c/Dd/4r/4vy7+6f/9H/vXfs1v/xafnxz/dv/9n/Mv/7FP/vUvf+yvfPF7/Ee/3V89/Z/+h785/U/+mS//sT/4/5z/2unf/Mv/sn//n/w3/o7f8R999E/slX/uL/jL/83/Y04x3nd/n3/y/7j+E3/1//YX/qe/52/3b/+Xf9H/8V//x3/Tw4/+9n/yD1/X13/78a/403+Pf+Iv/wW/9b9+7//6ax5P/8Y/58/6v9pf84/45/+Ef+2T3+gPSP5devf3f/m7/cb/6z/67/1zd/7Rf+RX/vTR27/31/0X/7r/+9f4P3/61/jH/pn//dWf/j98cvV//ebf+/vyv/Gv+61+8T/3B/4jf+r/9ZtTxvKP/Yl/9Q/+5b/sT6So8Tf59/6UO3/vm6u/4Y/+mTuH4z/wbxt9+Tv/Zb/Hf/zqD/xHfsfx0eLJf/jxX/R7vpj/2n/Gj/8e3/kLdv+p//0n/4G//D9u8uXvfHfydy9+9U/t/3bfevhP/x5/5n/7++z+T7/Hb/Ty1yUz8lcdjf72X/+v/B/v/Ym/8nf4++//+v/Mb/rZo//k7/oTf6P/rf5ft1/8h1/9kj/k3/tr9/6kf+9/+Q3+6+//E7/ev/enfOc//Qc/m/8av9Ff+bv9Zv/+D36T4uVv+W/+lf/Kn/Dqs7/3zz7+7M5ffv07/c2//Ff9Vb/mX/dX1cmf9Nlv+cf90jff+id+7z9875f+7n/ir/iL/tA/7jf+h66O/rS/d/Xg13v4L3z52/3Of+D/2f4af93v+NmPHf2H/9dfs/Wrfr0Hf+fHf8Hpb/Vr/gW/92+y99kf8Zv+FXf+y1/j1/yT/8nf9+LPKX7N3+Djv+h3+sEf84t/69/1xc7v9Qf8zN/2a+z9yt9591/c/50W/+hvU179k7/HT03+7t/uH/kt/6AHv8UPyDO884//yl/0x/2FT+a/xj/9y37N3+/4v/ny1/vzf9kf/i88+hV/xR/56/wRv+rP+k//hz9u/Zf8wu0/4x/5G38PClj/pN/yT/3T/5n/6w/8qTe/2x/3n/5Ov/yz3+PR9D+d/wb/6O+2+vxv/Df+uD/+H/uk/vV2fo1/Yv5r/mN/86+z+Kc++6P+kz/83/ve6Nf4d7732+3P/tf/7A/+r7/z937/8r//X//Lv//X+B3/rD/v19grfq/f7O/Of+fdL/7DP658efm//6b/7Xe+/PHk1/gXH5//Qb/VxeV/8S8c/kHNd/7uX+MXHP1l/8nfdP93+a1+9z/9P/y3/+K/7fqPOTj7vf+Of/3V8T/06/9Pv8ef/rb43/+wH/zxf9qDl7/RX/fn/Xf/13/9X33+Hx3/Rb/h7/1P/m53/ptf81/4JXfqq9/pD/hF/+ZnW//hn57/u//LL3/4f7W/1j/23/9Dj/+A2f80/zV+1R/zF/5ZF3/H4eu/6d/9E36NX+dXv8n+vL/j13/e/Au7r37s7Hd88x9N/4L5r/1n/c93/5hnf+Fv/7f/rX/W/X/lbxpd/iG/1Q+a/+Cv+Xf/t1/+W//+j/6R3/c//d3/tD/ut/wT/u3/+p9v/px//e/+Y37FH/bf/5H/4d/x5b/4p/5ff+Bf3/7Rv96f/gf+Nf/OP3r+N//Tv9kf/ZdV2//Cb/efbf2LD1//05/9kq1f+8W/+U/81Gf/7H/8P8z+znr16/zVf+L/9Xf+37/G3/B3/PX/w1//P/74f1jt/Onf/m/+vj/hH/ulf/q/8O+/+6X/yO//J/+xT//tf+J3+ZN+09/3Z/79P/DoT//z/q/f/u/6O6af/rmrf/nv+c9+m7/zT/prp7/gz/7lv/wv+k3+4z/tv/xD/rff6b/8hX/Bb7i6fvjf/75Pf8Gdf2P0u/3mP737S/763/pv+hd+vX/61//xv/PFn/2f/gn/3r/5+V/x3/4Zv8Of9wf+V7/st/g//9Nf+ttdfPb5f/SDl7/en/AvrZK/8J/8Y37x1j918H999Tv+Fi9+z+Wv+Z/9Dnv/7B83+5P/t3/p1/l761/zv/wbmy/yz37N/+xP/T9+77/qn733m//tL37Hv+pf/PKvP8i/+1/82v/tX/Ab/xo/+eevf72/4Bf+Md9r/+g/8N/45M7v/nf/in/xd/rqH/od/4Bfp37xm+7/G7/z8fG/2PwHf8Jf8+v9Jp//bsmv8Tv/5v/mP9v+5E/+U9/6wc4v/xvu/hM/+em/cf6vfe/4dzr+R//LyX968Mkf89/X/+Tf8O5//BNO67/g4Cc//V//ll/jd/x1/8mf+VP/4f/rT/s1//H/8Nf6l37z/+GTe//Mn/o3/cK/7ff6p3+357/bF3/ZL375h/xB937mr/49/q7iZ/7oL/+n3+Ff+8d/pz/0X/3rf43zX/IX/P7/w+/w+/+tz3/wu/71P/6n/muvLn79P+7lr/vr/J1/9u+0959/+3/4jYt/9K/96f/5n/rr/s1/c+/X/b9+mz//f/4//pvP/tHH/8lf+Fvt/bN/6u80+t/+r//mT/09f9sv/6hf8Wv/0xSP/OD3+Q3+71/jX/qrf4+/s/pb/5S/8i/4B/+BX/oH/tQf+av3/o+/8H/7n/+uh7/8D/8H/5G/8P/80/+q9lf/uv/m3/k/fO//2Pq1nv0b/8N/+Jf8p3/e//nLXn3+N/x73/rv3/02X/7Mn/g//VW/7dm/9kf/dv/q//C3kN58/Q/+Lfcf/9+/xj/16H/8v/7PB//by1/nv/9r/9o/8J/99X77//b/Ij21/xf9N3/y3/R//xp/4uXv8sf9gf/H6ZO/5xf+Nf/Rb/03/V3/8P/9a/wV538Z6bZf/N0f/z2yP2v6h/5Jv+6v8bv+/X/IT/5zf/K3f/1fPfoH/6mtv/pP/epv/8P+gKf/wq/xn/7gd/0/v/1X/IH/yIO/7r/8XSZ/6v+c/9+/xu/wi/6nv+Nve/Yb/6kX/9I/Rdr01/5v/ox/4Vf/8X/l//m/PPm/f43f9cWjv/7P2P1ff/3//Y8mr/h3/eL3/w3f/mH/6X/38f/1f/0Vf+Av/9ZP/Me/5O2fVP6y/+53f05O6Jtf4w99/Te//tP/lr/79/+V1Z/3B37n+t9Y/AnN4l3zf/8aX/73/9dv9R/+b6frv/FX/bLf41f+it/jn/iD/+PvX/we//N/9Xv8j//J//y//0u/9m/yl7/9F/+H8d/xF/wT/+Pv8c9/6/Xf8L1f99f+736j1e6fuvMv/B7/45/z5f92ev8v+Aue/Ka/ev63/YP/0x/19tdt/vN//E/83/+rrV/zT337v/53f9wf/Vf+9//BX978l7/g8Df59/6Tv+XB+M1v8Wt+9tf8B3/9X/z9/+q/+LXX//l/Mrn87yY/mH729//j3/1t/uW/+bf48/4HCiH/65/6Tf/Zv+SnfuYv+7/+2z/1D/6pwz/9H1j8ff/pr/77/pO/9W/7/N/+S36f8b1f/ac//j+/9X//GqM/tMj+m1/0J/+ev+Hv9mf/2r/Gn/R7/tq/4b/6H/zhe6vLP+7X/Id/Z0qinv8Xv9/f+3f/H3/4wa/1vT/ke3/Hj/1H/9Kv/cf+A9/+Nf+of/gf+l2+88X//Ws8eP0vLu998R/9T//p8rPm+X/w13371/lTf/lf9Ov/9r/B49/+4S9/Nf+LP1r8oZT7+oN/xV/yB31r61f9Cf/dn/rv/OG//bf+mU//uHr3X/mz/pWtJ3/93/u7/a//4pf/2L/6r/+b83/nr/v1f6c/9U/8J3/Vv/RrHP8mq+Nf+2/6nX/Jf/3kP/47f81/9y949Mv/oqN/7w///cs/+F/9y3/dP/Hf/9X/2OyP+53O/6Bf7z/8Bz/5R/7TP279V3782z3+837lj//JP/Gr/qv/8Y/6Z37LP+Wg/I9++ePXf8GX48/+l0d/1f/1Px/8gj//v/o1/7f/4fjX+UX/1H/0r/7dy3/03/0Lfvk//uv/+svD3+lP/Rf/zf/71/jrf8/8n/gffrs/kfKm3/81Dn6jT3+N8jf5C/62v/6/+PX//X/kD/23/oQvf9V/8rfc/wN/i39n/qd8/hv/Y/f+zj/nL/83J//Ts2//U7/bH/e//Ab/+x/6X/9k+Sv+3N/wv/1dr36j//Sf+TX+uAe/7vf+ht/0H/xPf8/f9p/Kp//W9Nf+tf7QfzD9A3/z//H3+Vv+2/+9/UV/69/+fxy++Y//jj/uL/xnP/vW1uMv/srnv/fv9rce/M7JP/Lf/R6/5y/5q37t3/If+18f/OSf8+f9m//B9/72v/l/+St+t9/ob/jl/9Cv8Z/+W3/hv/B3/n0Ps+av/K8/+g/+o18znXx1/C/8mg//4V/5T3/2rb/lf/srz/6Mz//O4hc+PBh99Ue++Ld+7fu/3l/6n/yxvxjPr/E//NEHf9pf8d//Ne/yH/+N/4XVL9n9V/6gR3/cH7L3+e/x4s5vd/SL/6Q/8Pj33nv3Z/9hZx/913/nH/Xb1yd/0B/9F/wef9Sv+B9/nz/zaPT3/wH/xO/+t//Bv//f+6cQQr/Ho1/jv/sXfvCf/fl/6V/x03cu/pB/I/1l3/mb/+L/tP0T/8R/7d/8C778G/793/cP+t3+3j+n+fN+q2f/1m/3g5/5S3/hn/J7/c5P/pM7v8G/8hfcX/zlf1l7kPz6/1z9bz/+k/+8P/S//Scf/xrVu7/g3/zyH/y9xx/Nf8N/7i/7o//Y//jbv+D/+vtPm09/25fFH/fLnp7d+83++r/t1/qn/u7f/jf8C/7K/+PXnf9U8fr3/73/r//+H//Hdrf+/V/4H/02n/5H/9H/8vDX/uP+wP/9v/mt/qe/4y//9PdJ/7Gtf/x3OE9/jX/rd/xb/7g/5df8T//B/V9z+u2/4B/5v/7Ab/03Z7O/8Nf5S/7eP++X/Pq/3x/4L/7Wf+cv/HP/yj/rt88+/8mvPv7n/tNv/Rr/3u999R/9krd/5p/6j/49/9ef+a3/4PjXvv6jVr/g1/67/rM/r/1v/4Vfcvgv/6Z/1H/+9/zJH/3r//mf/h//U7/pf/6X/B//7L/56/wBv+Dv+h//3b/yO7/Gf12W/9xP/sPr3+CjP+/5z/wTk//yB6tf49UP/rhf80/41m//M59Vv+tv8Y/fOfi/Dv7cX/lH/5O/x+//F//Df/32o//lH/mvfp2/6e//Lf6aP/gP+ud+rz/g8h9tf8F/9rv89c//sl/7V/+lf9evcfl3/jPJ//kb/E6/5Df4rX7N5N//6T/no6f/+9/9vX/+09d/1N/+2735Tx//eQf/XfMH/yG//n/6vZf/3N/6D/0to7/5n/rt8u/8Tn/c5V/xX//vf+g/9Kf8k4/vNIuDf/fxi7/3D/2r/8lf/3f+DX7n37j5DVePP/lP/ox/Nf0z//l/dflvPz/9F+/8g7/dP/0rfuff9F/d/zX/jV/7Tzn8n/+1P+/Puf5n//i/9A/6xf/qg+nozW/xbOfXf/hX/nr/5O9+9k/+Oi9/rf/4j/7tfo3m3/ufv/2b/XF/+K/6Jb/sH7/7z/3av9PsN/+n/ptfd/dP++1+5R/Q/lP/8H/xB/1OP/gf/pk/5Nm9v+Dv+8G/ef8/bX+Xyd/5p/5uf/KnP/Yv/lW0Pv3dJ3/uH/Stv+g3//f+jY//uB//9//SP2T6a/xlf9Xxf/3fbP3af8Tqt/+D/trf/J94/E+9+79/jT/j4n9+/NUvvfrqv3qz9+/+g1/+yX/3/3H6a1z+Bb/L3/mH/Vd/01/4rcd/c/k3/05/ISVdv/Mv/WPffrP1/M/7NT75Pf7RvV//X57+Gr/r7v/w62//q//Fv/ir/vd/46/4TX7N09/tF+z9Jr/ur/Hdf+23/k//1fGfsfMb/ll/4fzX/p3+0z/mlx38g//5X/XLq//69/vL/4vx5d+a/rf/xPX9//xX7vy5v9e/+2f93r/533Lyf/1Wv+ZXf9ef9p/+lb/1v/O/7X357/17v9Gf+Kf9xf/wr/wX/7fv/nYn+T/96mj5n/x1//Wf8+/9Ofm/8mf93n9z9kf+xJ/wF/zZ6X9Eb/w33/qtfsHuH/J7/NN/+a/zm+392b/84T+eF//Bj/+RP/mn/ZOL8l/6rX7Pfzd/+Nkf/F//1C/+T08P/6Df/Y88/j1/k5/421d/za/35Ud/8N9b/XafNX/Cv/ZP/Elb36r/ol/0r/2Kv7T+T/+42eWv+It+/V/zb37zm/3S3/9//LT5Ffu/5S988rf8cVf/xZ/53/+G3/qN7hz9Wb/VPzT9h0d/9y//9f+NP+h3f/j8t37+p/5rv/wfv/fP/+n/9K96+Vv+ioO/6t/5bz77e788+M9+o/Yvvvh9/6B/+U//F/+OrV/zv/oX/5QfLA7+4V//j/nFy9/v25Pf8df5g8i5/PPenP9nv/D3+bX+lH/vN/7Xf8fv/OTxx7/hX/Dr0TpQ/uI/+n69Ovjn7/8xf/K/8B/94Jf9K3/tZ//dHzj+737Zv/f6L/27f/Lf+af++L+t+e9/z9/yN/63f9fv/h5/4u/yz/zh/8yftNP8Nz997+H0T/nzfsHfRcvb/8qv+of+ht/+F/33/xqtmP4a/9n/8UvPvn/3x/+8f/Zf/Bv/vb/h93v8a7y4/t//zd/rP/0n/r32P/yT/qrfeOe3/99/9/qf/gvvHfxH/9nLX/+v+K/nf/1f8m//+B/6z/3mf8Fv8nv8YV/948++/FMe/+mP/4Kz+7/Xd37Zb3v2t33/P/pN/9Z/4u/6h//T/+yv/bv/kT//P3z3J/z7/9Wv+TP/4p9b/M5/87/5C/+kP/u3+uPaf/F3+4O+uPeLfvIf/bV+6i//fb7897dWv/7v/Ff9Wh+Pf7tf8Gv/Jn/3/97+37/G0Z9+55/6df6a3/rX/6v/04P/46/59X/RX/hn/K5/wp/9u/3Pr363f/vFr/3r/n5/1n/yB/341b/3TzZHn/9Oybe+2vpnfuw//W9+j//9X3v5613v/a6/5vTgsz/hgDTCr/h3/tK/ZPlP/Qv/8v/9a/yb/+v9XzD7/X67T36ji9/+3/1T/4S/+//44v5Hv+6//s/+H3/9//UfHP/jv8aLv+iP+4P+o/X/+M//OqsXv6T+Pf73f/23+O1//E/7XRf/2S//937TL6t/5c++utz+7/+yP+2f+L2f/WX//e+39Wv9o7/Vf/Q3/Ct/zQ9+k//71/jzf6P0l3314J/4H/+gX/J7/9Lf+p/699/9Bb/8j/vH0j9smj78Z3+TH8z+gj/wW//sn/m9v/fPefLP/4F3pv/O7/Fnkt/yt/6JP/G//0u//i/9Zf/Ov9uM/ttf8OI3+U//xP/y9/7B//o3zsvf7/B7/8j5t3Z+q/9s9YM/9U/8b3/fv+3yf//j/rt/4Ks/7Z/7ff+AP+XPPf4Xf+d3f9Xyl//7z/6V//Bf+HPSv/Zf+u//gH/rX/wbKC/7O/67f/byb/ip3+f3/Xt/y3/tz/kTfvv/4D/4Pf+r3/rv//NPfu3/7Xf4/Ndf/wZ/+L/10f/yz622fu3v/8yXP/NX/TF/yK/zv/zT35r+nX/87/gXvvqtfsufXPx9z3+/3/63+L8e/hf/wqe/6tVf88v+h9/ne//uX3Hnf/2/fus/5uni3/nDnpx+9mv9D7/+//y7/YHf+jvf/sWf//Rv/ecVv/I3/r9/jS9+9+Uv+RMO/qLf6P/+Nf77v/JP+4t+r98g/zP/ouI3+lN+m//71/iD/oxP/vc3/83j09+t/hd/q71/96M757/ZP/E3/aJf/muc/53Tf/33f/G7/MI/d/bXfPnP/U0v/uq/8B/6g1/8of/E5W/03/wp//jo+V/5X/zu9e/x/F/69X7nP+FP+HP+mH9y+1/4G3+H/X/s1/hDx7/q49/ux3/8t/7X/uv/67f7V8v/5Hf9i7/3R/wePzj7g363X/rb/UO/9T/39n//+/7OB/O/6Z969W/s/Kn/yI9/8cd97+Cz63/x47/yL5//17/goz96+/yP+N//12d/zsNv/2T5M//0P/GbfPmf/p6/8+Of/Df+1//oN/iL/vjf6vLlr/vov/mN//f8P/sX/6S/+R//E37sP/9z//Ov/o/f6+K//r3/jr/gF/4df953/t7fLfu1/szJb/Cr/+7/7P/89a7/96/O/o/FX/nv/VGLv/Tsx//OP+qP/rFf9Cv/sn9i75f8kb/nZ//0f/q7vfx1/6r9f3fx4Pf6U/6Nf2L3f/1r//R/57//U/65dw8f/3m/xr1/8sVf+teX/+4/9hf9Nd/+Z/+Ou3/vb/cw+fzJl69+8X9Gub8/52/8K/+J/+v3/NP/0tmf8+oXfP//+Dv/pv/j9/in/tr/5vzwz3z4u/wrf9Bv9Xf/e0/+nl/2v/0bP/lX/yXFD/6of+5//bv+pP/or/2Lf82/6d4/+Q/+/v/5f/3df+7X+GV/+D/8n/0Zv8v/+YPq3zr/LZa/z/TX+ZW/+R/38tf/Ha//o9/rr/qlv/h3/NP/zH/p9/hn3v32/+2/+te/fPczv9df+fA//J3/2V/7Hz74Zb/2b/o3Pq4/+Zf/lN/+F/0Rf/rZL/81kvwf/+cu/8H/9r/4Y9LdP+9v+u3/ot/0sy9/65/+M/6rfyr9o3+v9e/+e/8u/+WzvzD/q9/9kb/Pn3D2n/5Jf8nftfcPfPqH/9p/6p/4g/8h/zdGT/6PP+ZX/vp/55/+Y7/rn/g3/xOHX935+7792zz7vf/7P+V3/iv/wr/t+W/58X/1a/4ef/2v0X7vH/mDfuvd//bPefBbrF78p//ef/pb/3P/6F//xfWv/rvGJ99u/pd/99+995v94vqf+Ct/r7u/+f1/aF791l/9TZf/3F/79/7P/87u//4v/Xq//I//O/+Lj//gf6v5v37xv5b904dvdv7h//FP/Osf/RMPj/6Fv+K//I0/ffRP/Aa//l/Y/Nf/wZ/27X/i8V/2m/zgV/wLzZ/4i37P3+Dv+p1+2R+0s/Nj9//k/+Rv/w//sm//2MPPf78/9Mf/hkf/xp/6xdF//Hf8Zv/U5//M5y/+sj/wL/zLZ//bH/03/IF/68dn//GdP+iv+8Gf8OA3otTNwfJvePv3/SuPf9tf8Jf+x29/yZf/4p/3e/wZ/9izPyr5U//+P2LvD/z3f5c/f/WP/MLrT5/92GW59Tv/0//41d9T/uBP/yv/iJ/8R3/mj/pvvv9Tv+vH/0x99k+nv+Czf/zXaP6C3+rfmPxNv9d/9St+wz/xo3tp+x/svagPfu1/8Nf6e37xF+f/xP/2a1ft7/Z7/PuT3+r/+urZ7/Ib/du/9XX167z+F/6xv+PyT/+1/80/7j/9tf+n/+Nb3/2X/rY/+c/Y+fxv+01+4iee/R6/61/4b/xBH3//J//Zf/7f+ZV/xh/9h/4L+cs/8M9//Xf9uU//jn9t9q///q/+znu/9b/z5NP/41f/R7/lv/hr/OTv8Ufv/73fm2d/xr/z7yb1j3311T/54i/6E//6+m/d+u4f8Hf/k8cUPfwa/+P6v//p3/Bf/PX+g9/x8L+9d/8f+2N/x3/sX/k1P/4zfoPqT1v/Z3/wv/nH/dr/4W/9D+38Mb/Nv/+b/5d/xecHf8V/+gv/1CWtOf/nf8Hf/ounu3/Kv/LFH/eP/rp/9snv9Evv/6vFL937U/+A3/ZX/gb/2a/4537vH/+vPv/9/6nv/g6/7T5lf//rv/Df/akv/pFPfuPv/Gaf/7X//Y//sr/69cu/6U/9z36v//bq47/ln/pN/5e/cZx8Mf43aM3qB/9e81f9GsvfrT360/663/pP/PV/5//2n/6T//M/6o/4PK++Ovhrf+yv+unf/P/8Z//pf/Jv+pP/yF/xF/2mXyaX/+N/8Hv+C2f/9T//e/zzL//SX+e3+R//grf/wm/7jz36R/7vX+Of/U9/s9/j7/uL/8E//7P7f//lf/Hyx/+Cs9/lt/s1f/zX/+W/1h90+Cv+uIe//r/wB/zi3+jVb/eLtv697/+tv++9v/OP/h9+0S/8Z/+7O//U7I//037pH/TVn/XfPc4++o9+x3/83/mxX/Vf/Lt/8v9GKYW/4+h7z37rH/+Hf+ff+4/5g/6Z43/r9x7/p//QZ/94/RP/29t/7Op3+9v+l9/69/jH/sfVb/pf/nH/yv/9a/wjv+3PPPl7/9lf//H/8p/9X7/L5R90+Lv+ot/u5V/x5p/+bx40f96//F/8+H/0h3z5Oze/7x/3F/wmf/+rb/9df/Rf9rvs/I47v/7v97/Rstkf/vkv/KP/+uJ/+Klf83f783753/l3/fhn17/6L/qlv/P81/oX/4S/p/gj/4PpH/fL/+NP/qxf/7/4tf/Bn/pb/+p/77+5evXX/vTul7/67/tr/uzf8nesD/+83+gv+HUvftXf9Uv/tl/zv77zV/87//W/c/oX/jt/5Zt/P/mPd36v3+XP/Jt+p3+j/b/2/+bf81dvf/y7/SZ/4t/+6/+yX/h3/d3Lf/p3/cP+hX/1z/uN/vDH/9Ev+qcf/ov/8b/11f+2//3f/+Wv9fRf/cu2Pv/1fmbr6D/6n/+cX+Nf/gv/yT/z1/+/Pvvr/tM/7k/4X3b/wP/pr/kT/9Mv8j/xnx19+7PfZvcnp//T7/4//Hb//NWv8U9+8WdX/9Nf/d1/6L/6x37df+33+sFf+Lf+Sb/+EQW/3/o1/unqt/hv/tZ/7hd875/+9Jd/8gv+tf/0f/nr/8Hf9L/9bX/Lf+5f+v3+xTu/8R/8O/5hv+PxL//4d/7i7Nf/gxd/6p/9P/7uf+rjX/ePf/IX/pv3f/C7/Abz/+Yf3H/9O63H/+X/PvmD7j748//C/+3/+vN+k3/rx/7vX+Mf+5ff/JN/2C//03+NX/Jn/YP/wP/6e/wbf8yv8Q/+Fv/Es9/74i/8j3/f5Dc/fv5b/zu7f9zqB69/m69+4o//x/6HX/6X7/1xv8Zv+2v873/B3/Zr/MVfNX/wr/z7f9s/ZL776z979nv+Q3/cp7/nP/wL/sJ/4U/65/7c//VXfPbr/bqfPP/1f52/+mNa2v9N/tN/+N948Lv96Xd/zV//j/8b/+R/8W/+F3/V/d/9z/iDf8nk1/mJn/6JP/2//3v+zYP/o/lz/u1f9mv9Kb/2L/uvfv2fevyf/Kqn/+Tf/eMHf1Ey+Q9fv/67/tmf/m8O/pF/4p/5A3/5j7/41Ud/0Zu/8c9c/qJ/9b/8A/7AP/2nzn78t/8tPv3e35m9+GXfmf4u7f/yO/7Ff9Fv8r3f53/64/+Dv/j/+lN/ncv/+flv+1989Sf9Sf/3r/Fn/Xb3vzz7n37pX/rr/Bf/xf/w7/9OW7/r9Df6G//Fv/q//2P++7/vv/h1/4jf87/4U85+rz/+r1n9+v/t7/nbVX/JP7v3uz37t3/X9W/3609+p1+anN7/mc/q3+7Z3/K7/X5/2ff+4t/ol1xP/sA/ffE3/G//4Sr9C/6+//Wv/sv+nX/+v/ht/unPfs//+s/5Nf6Lv+Hvu/9Lmv/lz/3DZr/+n/qfffRLn/4WP/1Lfo9/9Lf4r/+Xv+6f/l+/+vM//01O/s5/7Vf81n/rP/344l/96C9vt3b++T/vV//yv+g3+if/p1/579z9M/73/+U/v/jTf89/69PFV//wv/h7/pIvvhj/Of/DP/77/Qd3/tKP/57/6Df9G7735/ydv8Of+tv/SX/e1sE//3v9Xb/j5b/9T3929p/+Vr/mP/X9/6356h/41/7SX+tfOfy9vv3vHv7F37r3P/5xv+Kv/Y3/47/jF/9dv8Xht6d/yL/1R//aj8bn5Z/6hxz/C//y//jffv9bv0fafvy//f0//fEf/6f/E7/J9X//7/xBH/1ev9PdP/f+3//nPPwXv/V3P/7XLp5fLv6Zf/mP+PG/7vhf+r/++J96/vf+JW8e/pO/8h8//Zv/pN/sz/uV/8EXv8bL3+s3/Ff/tr/+X/3H/+lfZ/+v+/L3/1//1v/ri+fpv/YH/N+/xu9z+a/8Wr/Jv/Rr/aH/xx/+/V/jTz/8ff/m5T/wr/0xz/+AP+H3/lP/+H+MxvaL/93Ppi+/vFv/O3/Fi9/wO1d/4a/+L//Ef3H/z/gLfss/7Nnpf/aX/CdP/r7//vf8PX6nX/F//Lf1v3198TBd3flbfr3f/D//Tf6Df5LWMv85yuf8fv/Qb/3H/W3/w1/7j/wV/8ff+A++/u5/9C//8r939du3//o/9U/82lu/2/91cT/7zf/E3+RX/63/7h/3f/2Bf/yd//wf/R/+yb/xf3v5a/9J//2v/dO/xqf/6a/xh/4Lv8c/8hf8dkeXf8O/+k98+8cP/vknf+kv/U/+ht/zd3724jd++Ov92OHf9Hv+l9t/zK/xg+Xv/b/+Qf/Wb/8vzP7pv+Lbn/6h/9Tv9gf82pSK+Cd/q9nst/mHPv4T/q6P/tRZ9memv+a/+/Ff/2uc/m6/5ae/zvFv8uKX/s+/yz/3v//rv/Ozf+F/+GUv/pTffP4PvP2rvvrH/tLf490voPDmX/9f/pff8z/6W3+nxT/5+uzP+kP+0D/lt/sFB//RL/vfX/76v/Fv+kf+itnf9Uf/4X/LX/0b/ZW/8DS9+i9/+3+8/Q3+gd/17/ujnv4W/84/+vjxH//xn/VP/vuff/kv/B1/6NO/9K/4l//Ng7/sT/5H/pL/4Z/4Tw5+/T/uX/r19v6363/kT/2Ff+vVj/8Jv/Qnk9/0P/5DX3/6h/3jf9O/87f/z//lH/qn/9r/969x/Ncf/Od//L/+R/86v8m//7e++GW/50/+u3/e5X/6f9ACyO/z993/nf+l3d/rr/r3/+nf8Re8/Fv+l0e/7H/5v/727z/+9f/y5a/6K/7uH/+rf8c/6P/60/+l6z/u9/6Pf5/f9m/6hx7+n7/kzl/y1d0//m/8J3/Jv/9f/dq/5v/xm/9lnyx+i+//GZ/9ev855eb/gt/j1/uv/uRf+x/4dPKX/m//2Y//qt/h3538nr/Hj/+6v9N//uWXv+z/vPNn5//c33D24t+r/7Zf80/6v37jf3n26776hX/iX/CXPPun/o//7a/67j/07+z+9r/69D/8nVf/7P/1W/8D3/vdfosf+zX+53/qv/w3/uB098//q65/j3frf/Fv/zVe/h3/07/wR7/9zX5s/rf8qf9H/cf/Y//3r/FH/kffmv7F//Xp8e+w/gf/j1/vd/03/4aHv/XFP/e71c/e/LI/9F96+Vv/mdv/+V/9O/2af9x/+bv8Z3/Or/HX7f/7v+WP/5+/1r/2X/6V/8Mf+dlv+pc//3vO/4w/76//4//B3/nH/ugf/F9vfsXdfzr/h/7pj2lp5L/91b/0b/ur/8tv/Q//1m/7+A/+O//yX+Pbf/M/9Bf9Uf/JaXLvj//zfpMf/IHf+v6//Lf+6T/+0//p7/o3/3G/+s3v+Of/LX/55R/y2a//8L/9v37JX/2X3Dl58Lv9Ic0f8o/9r//X7/MX/Ya/YPL3/FFnv3Bv599e/v2/+NX+H/Vrb338kIb2J77423/zvV/46/0mZ/9s/Xv8i/v//d/w1ZPP/7Zf8E/+br+0/TX+iqcfV+WvUf95v3j65/z0n/Zf/srF3/XHtf/EZ//zP/+t5U+Ovvzt/6Nf/l//u7/q9fMv/7xf/9f+7X/Vye/0S36P//2X/xr/xb/zO/1Hn/4G/+Lf+Q/+qv/1r9z/B9vf5k/78/6AT3/9x7/JX/idP+7Hm7/tk08P/sX/+ovd/T/8T//zf8/f7w/6j37Tf/H/+OX/61/06/+Zf+zVn/Vr/5Z/3P8w+k0/+wP/xv/2J/b/pF/rvzz/V36969/31/xV//OLf/ePyP+9H/uV/+2f1/5Or8a/42/3a6xe/PZf/oHIaH07//d+66f5H3Hv3/zj/q/2T/mZf+qf+a1+4/9w65/6p47+wf/yP/hLvvvv/8J/7Wf+wv/k+3/58f/wB9578b/828e//WHzT/2TP/VrnP3C17/N2e/3a/7Hf8Lv+bv89Q//rD/y3/oNfvvfZeu3+3X+xJ/47//F/+bOX7Lz7/5Zf+qf8Gz33/x3/vz//L//J37H3/73+4P+lz/w0a/xG/0J//2f8Tv9psv/8E/8V/7i69/019r9U178jn/yv/p3/opfsf9f/NFXf8fv/uofa1//Bf/+7/FTv9HuX/zv/HX/7v/89/4Xv91/8gf9utd/0H/8a/wu/8Nv+ed8a/1P/Mt/5v/xp/0uZFn+yS/+uT8y/QPa/R//jf/ZP/hP/Q8/++O/9Td967f8daZ//90/bfon/RYPfrN7//Xv+Rv/e8f/1O/8i3/5X/Yn/rr/wuu/8Cf+nb/sj3/6x/1ev+J3/qsv/4yXf+nHv85/9Jv88l/jr9tZ/aO/2y/4i/7VZ7/9//SX/vb/3Z3/+T/+g3/yn/rxv/w3+Af//t/+9/1P/9Df8ze4/LWu/orf81f+t1/+8Y//pX/oN/3Tfq3r//6LWfE7/hfL3X/nL/i3/7jrn/70P/2rf7/5r/mH/nb/7r9//U/+5Y/2fpe93+o/+6XP/rx/+eM/80/+Z6/S13/M3/xr/8F/8p/4j/xBP/7P/Bafffu/Ki7/y//t9/mbfmn1nT/wz/jjfus/+Mf/xt/tP/nTf4N/9r//b/+13/Q7v8aL5K8df/43/u3jf/0X/b2/89/zW37n1/offqNf+7d491+/+A3/jN/tT/xz/47Dl7/W7m/wBz34NS6nL3/sX/oX//M7L3+z/J9e7v3iX/IH/os/+Av/89Wvuf2v/jq/9T/8z/+C5/lv9wclf/E/9Q/9t7/nr/XXTP/i/2z68L+Z/+Z/xOM/+J/89T/+G+78N8/+pX/2n/mD/7Xf6df89l/79/0BWx//lb/+b/VrpH9c/kcfXv/6v9Of97+//rf+oN/gN7j+lf/EnV/jq3/i6L/6b/+Y3+Qf/93/vL/qd/uD/5xf47f8z/+rX+vPu/hv/6/my1/z1/6V/+TD9E/47M4f9Of/ub/nP/Vr0yLan/bJb3b0v/xxv9nxf/t7/gZv/trf4i/6tf+95eP//Zf/5f/x//bJ//H9oz/tL6MFrD/+7z/47M5/+Z//buVv9+O/9u/8J/71v8bOb/3yt/qd/73/9D/8rf64P+av++3/ps8+3/97/47/aP3L/9O/8j/9VW/+oD/9n/lP//PPftG/8gf95r/Vf3fw+k/+M/6J3T/mN/zPf9v0//wD//5n/+Xdv/lP/Gf/gt1/9bf64/64//4P+b3/pOZX/lH/wu7/9Yt+z9/0P5vWv9bhL/s3/qxv/6o/6N/5zv/0Tz78p/+J+e/2d/xL//A/8PpX/e9/4F/4g5+s/tT/cbH8837Tv3H/1/jXfuO/7S/d+Y8uP/tN/87f+sd/tz/ks//211w9+pt+u1/7l/+vf8Wf9b989U989Td9/h//BX/eL/+r/oq/7ff5Y/62v/mP/0f/5L/gF/2ev+XeX/Xb/W6zP/hPOvxX/oFv/+p/9K/Y+/w7p1+9/C2zf/9f/gf+tP/oLz9Z/M7/8O//i/64l7/2936NX/O//Q9/+3/xX/nzTurfsPnjfss/7r//yx7+O7/3L/j7d379L/+GO7/1qvl7P/47ftP0X/o1/ry/9eJP+cX/5d/50y9/7z8j/VP/z//0X/odfq2/uPl7f9HHf8Nvcva//yt/yK/5P/zWf/O/8Qf9dv/DX/3RH/9P/nPLX/O//+WUzvgL/rXf7p/6Nf/Y2d0XpCf+t1d/3m/za/4hv/y/fPwfvfrN/tw/83fb/bX/ip3TX+Phn/Dr/Uvf/k//5v/2yf/8C/7HnV/j4F/8q/+if/rvKtM/4f/+NT799X7J3/zFq7Nv/buXf8KfN/09furX+Mk/6bf7p8df/lmf/hG/9l/5F/+fzbP/6Y/+u/7av+m3e7X7b372G/wf/9Vv8u/+M7/Or/8b/ot/93//nd/+z//T3/yaf8Kf9mv8I0/+uL/532v+0D/j1/4F//Zfvl78R//9x/N/YWf3X/g9HjX3fsHf9Sv/id/jH/mTT37X8m9K/4Rf85/8+N/4g37rN3/z7/Zb7P1bv/PD/+PO3/rjf83uH/VrfPkzf+CLX/7X/JO/xvKf+PL3bf/7b/9Wv+Rf+lXpf/mH/nn/0q/xd81/5R//1/wmu79s9qv/1T/q3/1T/qI/4H/69v/xD/6L/8af9Z/9Ggf/1Q/+wL/wrz/48//KP/mP+xP/3j/h2//H/Nf4936rX/tP+/jxH/e//qW/aP4v5r/0z/7sW9t/1b/we/+pf/Av+/Rfav7kV//57/Ov/Zb/5Kt/65/+i3693+o3/ruP/4l/r/kXf/3/48/54/7R336194/9r//OL/oT/sN/5S/4z7/6k/+OO//wr/pb/90/4V/7bX+jv/T8x378t//s1/01vvXgX/xD/85f/0/4TX+P73z3d/8L//nf87f9C36tP+HP/8G/+vv8Uc8/+k3+rt/tD/yp7/+HH/3Hf8d/9l8e/Ne/52/68R+aHv9x/8c/9hf+T3/VL/sj/r1/67f7j/6QZ/PPj37vyR/0x/1Hv8nf/Vv9m//s3/z9P/u//yd/+/+SPLQ/6U/6pf/dP/C//fp/6H/7j+88+rN/uz/z1/17Fr/zL/v3/tXf7fI/+lXv/sXf/jf+3/7VX/nr/P7P/4K/v/k9f4M//M1/8nv8H++m+8vkPxxfH/z47/JX/u2/25/yd/0zf+U/81f+jZ99+Tf+ql/xV13+83/fb/m7Hh5/68GDX/+3+/jX+E//pv/+9/wtvijefvJH/im/650f/6t/jf/03/ljnn3e/HnJ1q/1h/3xf+9//jT5i/7Th7/ir/69fsmf9Zv92z/zJ/5Dr/7Mb//en//K3+eP/O3/oY//6y9/839q9mtP/o9/77/8d/6gH/8n6uN/+L/94+rP/pvf+2/92/7a/MvmT/ginZ3dG/1B07/oJ/7ZP/AvKP6D5f/5l63/6d9l3Pyev/lv9Ef8R7/ln/AP/Omjt3/Xf/8P/cRf8Gf/QxTL/Ke/58/8pn/+P3L5n7X/+7/yN1z9Rn/Xf/l3/ae/6o/5NZ78M6vf8n/4Q//p/+oP/Be2Xj3+h/655I/78/7nf+Mv+7f/84t/9h/+7T7+C36P/7P9Y04+/hd+z9EP/te/6Ndb/pJ/5u89evXo4i//9l/32/1m/+7f+Zv8evf+hL/tz/0zi8N//Y/5836Lb/9D+0//8dk/9sftvPj3SB7/ueY//zv/2X/hF/2Pr7795K/8Df/2f/I7xe/+53306/4ur//hv/rBX/vj4//l3/oFf9avICfi1zj7NddP/qH/7Jf/kyff+Wv+5T/uP/0b/8t/9f/4v97843/Sb/qf/Jd/0//4q/7Vv/RPrn/7f/rf/beP/6Jfp/4N/5Df9ne6+HP+lNN/5Df+436Dz979k//183u/xtkvPfvs8596/af9e//WT/y9B+n6L/p1f/KX7fxBix//d//qv/LPyP6of+LB3V//T/gH/7M3v/a/8Pv+XX/Sf/zn/WY7O5/9PRe/4q/+Z/+Uv/jv/vX/zs/+q1/zN/gDfo1/9Nf897/9T/7nT/7Ef//OJ//k7//n/o3f+a3/6Mnv9Yf+D6f33/xN//4//N/s/ZN/+a/x2Z/2B/8z/9Ph5E//iT/pN/qr05YWMSkp+/Iv2ln8c7/oX/ulb/7L/N/9k/+8v/m3/3f/lN3/9vf8TX+D63/3H734O2lN8zf873/PvR9L/8t/87f+LVZ/2d+x9+Wv/fhf++P/l/9oMfpN63/rP/0/yKr9C3v/+OX//Wtc/QUPf8V/+50/9s84+k8//vG/6q/49m9Q/y4//s/+dvnv/H/93f/9P//J71T/03/Gb/fb/fo//h/8Qb/bL/v1/pFf+zf++3f/gj/wX9z/1/+kX+/H/+D/9i/4P179ab/qz/ob/rm7v+9v9Of8Ef/xx3/Ob/FH7/xR//0/+Wf/cX/6P/mDX+PP/NZf+fFn7/7hf+I3/l0/LrJ/afXTv97f88f8Bie/1+96/i/8B//3r3HvF/xDV0f/2n919yfXZ7/W37P8T6f/afp/bv1a+fi3+lPqf+yX/+Pjf/UP+qdefP7wl/+Vn/+us4//2V/3F/3B/+6v+B9/4vc6+Hf/kH/4F/9xv9Mv/e3/ol9/q/6Dz37tv+Dv/if/4xff+meOf+0f/x/+sz/vX3/2d/0T//HvVP1bF78OqaP/5Kef/gWXv+Of81u/enTv1/qLfsn1X/Rjf8fsZ/6y3+Lzj/+NP/3ffPfjxa/99+78ty//7D/h3/iF3/4Xf8c/4p/5id/1N/3jf/Uf9fF//i/+Vr/mj3/rL/nT/7P/7Nf8h/6v67/in/6D/tw/5m/6Ndqv/os/6+/87X6Nxb/3z/9r1T+f/j1/+nd+vaev/+nsD/2HaJXwD/lFf/cf8Kdu/xNfZv/tn/Onfutv/u1/g19j6z/9C778l/61w7/8n/pd/67/8g/5wR/45yXf/XX/hX/l7Mf/vP/0r/qLfv1f/z94svwP/5t/9sX6T/qTDn/Bw9/5p/+W09/57330V/4Zf9mf96fs/N1Hf9+rX/XnJn/Vn3X+e/7Sr37Rf/1v/s6nv8bv/e//bX/Tr/P3/iZ/8erOX//3/0PNP/i7/L6/w5/4J/3Y3qeff/bo8pf/lQ8v/+nLL//cP+Hvvf4f/8ffM/nNf++Lv/Hhf/uv/jmrP376ePzgd/rfm5d/0bfqf+XX+DX/hX/v1/4XfvAX/rO/6uVXv/vf/fv8fif/xIuz/+h3KX/R7/nb/D7Jn/L7zn7Nf5iSvf/7//7q2R/2y3+dX/Yf/ikP/6pf8NW/9TtePvlfl3/Rn/rH/bL/7U35z/0uza/3u/1Gf/PHf+I/+1v9mvk/N//V3/9PfvLj3/Dv+l+K3/rh5Df4H/+l2f/1Wyf/3X/4D17/+v/63/xP/u33/4h//B/L/5m/5i/4PX/816YF8n/0n3j4rdfV41/+O73+83/LX79JP/tDv/o1/pbf4H/9R3+Lv6r6+47/4f/j0X/2f/50/ad855c2f+i/+i/9Bdf//a/4i37s7/qdfss/bvWb3Pnt/5Lf/t87/of/u0dvfvf/bPIX/+d/0h/36/47h7/pL/tjvv3f/yXP/7BX9/6FX/RPH/3fv8af9Bf92D/25/6T/8zq4X/5O3/5S//Af/Gnfrdv7Vz9RQf/1D/5i8hv/qt+z9/98tdNvvwdf6+LP+H3+Ef+9Ok/Ov49f+KPW+3+nr/W89/+j/plv8Gv8YM/8E998Zv8Rr/PH/CfN/9k9hf8h//lf/v8KS3I/f5/7cWv+L/+tL0/6N3ez/x7P/Mf/IM/9Wv84t/3b/uzt/+LO8f/y//42bv//V/94/7YP+Tf/tYv+r9Onz77h/6aH0sv/ub/8v/4wb/2J/4dH/1m/9Pn6fTf+YN+x//yn/jN/vx/7L//rP78BaVhPvuvf8P/5df6I37HP/GvfHH4r/423/5n/vi/5tn/9GOkQ37Fv/pn/0P/zm/wn/7On5HP+vf/Gr/x3h/0D/49v/Tzv+ov+Uv+nT/+n/5ln/8V/+gffPprfP53Pz39Yw/HB7/db/d/tX/IH/Dk7/r1f9Ev+Av+z1/1f/8aD/+iv+rf+cd+5u/7j6b/wJ1/4v6P/d2/4Wx19lv9Gv/cf/pbTA/+r//qtzv6Vft/88P6N/m9f9Mnzf/+L/+OH/3af95/+Tv9cf/l/0SW+2/7u17/M+lv90/+dn/Rr/+r/oY//m/6NXZ2/6n//B/8Lf/N/f9w90/6n/+g41//1/ld/tU/5xcc/2F/wF/0J/97v9Ff8L/9p//zb/Xr/q5/3J/7vzxqyQ/7v3+N7X/kD/0Tdv+Q69/lv9z/Y/6y//SX/lZ/0b/w5Zf/19/+u47+rU/+rh/8eRQgrv7hb/11q+YPan7P3/A///P/od/mX/j2r/r89/jP/pX/7p/7A36tS6wx/PH3/7Wtf+fg43/pV/zv//vL3/5P+tN+DcrBX/1F//yvcfT09f/yJ/16v95v/4M/56ut3+wP+r3/xN//f/yl/+B3fvo//pP/st/o6j/9Hc/+2+OX3y1+nb/5v/6T/4StX/M3/zv+jvo3+0//i9/qL/o7/s9/90/7Zb/yD/rfL/+iv/bZP/r2zq/zm3z6pzT/1x/4p3/ym/3zf9f/+eiX/mm/xi//Xet/8V/8nf6H//MXffGbfOd/+n3+yL/4v/7f/9W/44/+rb/6bf/nz+78zX/15Cd+q9/pf/6Df9W/9Gv/hQe/0bv/8s/7nf6jV3/yP/jb//jq4a999R//OfNvHf+uf9Mv/s3/4b/sT/nPf/1f83fL/oe/f/5r/tMfVd/6XX7Rr/Mb/QV/6R+z+9Hf+2v9Q//Z7PJ3Lv7m8hf93dMf/7v/qf/o9V+49dWb6n//nf6YX+Mnn/0Hn/5Jv+hP+PvvPPkvP/njqn/y9J/6F+o7v/k/8+l3vvUH/7d/KuV5p7/0f3rwz/5707/+13i88/w/Xf7iv/p3Ov9zftu3v97v+uf+2r/9P/RX/lVPf9U/9fGf8Pf9ov/r+q/6z//U3f1fRJP0j3xn9rv8jX/5r/Gdq91f4+HHv9Of8sXO+Nmv/ev/Q//0P/2fvfq1/ppfOv2D/4Xf87/8Va/+sf/mP9z6/n9J6Zjf89ccH/xuf/Af97v8T3/Zf/bn/Q+Pf/D6P/t3frNP/oBf71f/RX/BL/+3f/vf8u8e/aYHD//J3+rX/P1+r8Pv/RE/8fjHxg//w4/+h4e/4r/4K3+DZ0/+53/6V/9dv+H/9q/+ZX/K7/7sT/3nXv5Ws7/54N+793/9Vv/L8cuv/s5f9Bf8g//x7/mb/w+rv+rvnvyDV//NH/it3+LXHf3Yf/aH/lO/07/2h/3xv/qf+jU///V//X/wO8//jv/oxS/6Px7+2khwz37v//APOPnD/6PFX/annNVP/sfn/9kv+id/4tWnv+Y/9B/9wf/ur/Onnv2O+3/zX3T4D/x+f+Xv8uDv/zV+z7/m3/30v/tT/7nzf+I3eTT9G//L//7Fmz/1f/ydfsV/9+v/qv/69Sf3fqfm7/wHf6d/5Xf6245+73/h3r83+YN+80nye1//9Js/9J/6T//nv+KPoiD61/gf/vs/8Zf9h7/qzT+4O1m9+z3+9K3DZ7/Ji9/7Yv/X+MeTP+H4F/2h//D0L7jzu/yOr+s//n/7h/6vX/mv/IV/0G/66/yK//SPefv3bG3/b3/zX/TrLd78cb/1yy+P/9R/83/+q3+N09/pH/1TXtS/3o/9Tn/gn/ev/r6/4Nf6U/+J63/y9/+r/rLf+x/5O/7LP+B/eHb1S/7lP/HF3/Zr/PN/wt/y6e/3eLz6rX7wy//H//rP+VN/l0//9fJ3+lN+k51f+rf9kQf/xL/Q/MH/7l/4U3/aj//W/8E/+of+k7/df/lb/Zq/zb/6x//d/85v+xf+gb+MVuYIznT0e/5uv+53l7/pr/rHz/6uv/offv2H/sOkd/6Vxb/z7f/g7/rlf9GvOd39Fb/6H/3z/uQv3iV/3t/zJ/7EH1P/cY/+h1/7b/j8n/03/93/+p9/+OXv9j/+vpe/3S8nbL/14rt/4v/0l+e/3X/3jzX/6t/4u/z5D37lH/nr/+7/8H+3Ovjl/yRpkf/9z//b/oxf99u/8f/wezz6NX6nv+p3+pN+k4PJ57/if//X3v5x//kfu/s//qH/0uv/4y//6t//O0f/4F/4N/6q/d/lz/s1fs9f9Xf/2r/Ln/mdX+PZ7/fH/Pq/89lv/1f+d79d8lv9Wn//i8//0//jj7/z5d0/4k9d/Wd//F+a/l/tH/u3/57/yMXv/A/+pv/X3/5r/PiPL3/Pyz/5L/j2f/l7/Jf/R/HX/kHH+e/2W/zS6b/0J37nTdL8L7/5f/jv/GmfPPqj/oX/5Msf//V/jz/81xj9Ub/Jb/XH/12/zv/yB35n9if+3f/XH/BX/hq/08Xv8eUv+79+q7/qt/z1f8ff61t/3q/85L/b/c7v+Rv+sumv/Vf/i9U/SdHtP/l7/m//4ovfe/0//ou/6r/99r/8M3/ft/6gZ2eX//B/8uf8bn9E9ec8+O73/75f8Bv8+r/gH/zjv/0Xr37p7/sLfvEv+r9+8PLXuvdr/V6Lfyg5WNYPD/7iJ3/nP/fH/i//08F/ffbH/c7/7D/0+A/69y5+2f/+r/6bv+4f/cf9EfXhr/yLfoP/fP2Tv+bv9Gv+Cf/FH/MnHf5Vv/ZP/4V/9W/18tf9tf6Ev/ZX/kG/c/PH/Zf/wZ93VPzY6N/7nf7g/+uX/LKv/oLf7t9p/5TD2c/8Ln/fv/Xr/Ebr3/mX/eTv/mtv/213frc/7rf48sv/Zf5r/o3V71bn7/7R3+k//0X/W/Pff+dv+O3+/L/sE1rr/A9/53/wOxef3P2z/8tP/uZ/+uAP+EX/0h+4+/ov+n3/o7/r9/tF/8sfNP81/6rVf/Zb/ze/6E/8R/6Iw9/j8u/6Nf/+61/rz/mr//Dv/61HL3/zv+0X/fd/wm/6Yv67/9Hbf8Y/8xf8+X/if/on/tSvcfXP/xd/8D/9T/72v9Ef+Kd/+80f9zP/2J/y4tf4p/+Pv/qP+s1/u5/56//pf/qfoBD5+//in/7v/Kp/+H+4/uV/0a/xjz34z//p//of+hdefPlT757+EZ/9L//MX/PX/Niv+hN2/4fi3h/ya3xr91/7xf/3r/EX/rc/cZY8/sP/sq9+t7/58a/8F//Gv/M//j1/k+vf/MG3/t2/7Y/5R/+kv/z69/ijf8Ff8Zf9O3/Zn3nw8gd/9Wd3/uT0D63+mb/73zl8tfz41/jWn/yH/nm/4l949xf92N/yd/+6f8u9f+HX/8Hv+c/8tj/+BzV/4h/41//G/8Vv+x8//Cee3fuD/sDf5Z/4C37rv+OP+4t++9/uX/xV/8f81/zLv/xN/tLrf+h3+jt/nV/yezz6/t/17/3ur37v6d94/Hv+vg9/u3/nl/z6v+/r32Dv7A/6Nf6A5k/9VS9/7b/pj/7D/7it//bPS05/1Zu/4d/4537mD/nHfosvHj771/Lf7T+9+pf+1d/rT/8D/uJ7/+Jk/mv+U2d/3G/z5Z/1Jzz77/7g/+1XkmS8+YO/evHL/s2/6n/9T/6cv/m//4d+jX/g2S/6N/+P//Wv/OTX+ue+/+kv/lP/zf/pL/r1/qYnf/avvfxNf52r//vXePyv/JH/yJ/8t/1Nn/0a/+Xv9PIvfv6H/tXpf/Qf/aJf9epP/ft+l+2/5R+r//5fn/jrW+/+4d/o4b/w6//fv8bv9xf85n/zH/Sb/Jof/8l/4v9y54/9u/Lf59f6k/+QveZP/W//wn/kL/jP//Pf8Z+99+f9zL9d/beURv29f63//Dt/+E/807/TD0io/ut/9OG/++fd/fI7f/zf9I9Nf81f9if94v/r9/vb/rrfLf2zf+f/6fc8/xf2Hl3+Rb/u//kf/EO/4R/2D/9X/+jDv/zf+qN/+3/0P/31f7v/8T/8P+78Fvd/tzv54/WP//K/7KvDP+r0n378n/xBv9vr3/Kfq3/sN/q7f9Wf+OKX/1Gvi9/tD/us+Qv+r3/tj/pj/ug//j9+9nv+qtW9f/H+b/H0T/29/ovf6g/43va/+Gv84H/+PX+Lx3/y3/jv/8P/6e/xJ/zg1d978Ye9+r1/07/rN/iNfumf/1df/nW/yV/0l/x5f9wf/9f/ef/lX/mf/qt/wr/2X/9li3/r1W/wE//C7/E7/Bq/zh988lt9n+K9v/H//jW+91v/1C/+s/7iN9v/5YN//m//Mw7+3X/1d/+jf+e/9Q9+/etelNXD//2//HV+8f+1/w+c/S9/1ke/+Gf+xT/hP/3faQnmL/4107/7t/+P/rw/lTyH7/zS3/aXvvi9fs3/4+R//1e+/R+8Gf1R//wf8fCTv/cP/vYvfPnP/HVXd//q8r//3//33/Rf+YN+wX/z+/wzB7/r37/zDsT/k/66v+y3+k//it/2X/lL9kbT//w//hN//Sr777/4Q37RR9/6x3777y1X/9H//E/+Z/Nf6+rX2vm9f9d/6j9b/xW/9u/wp/z3/+bf/O/+cW9e/TYfz//p3/Fvqf/Dv/w7b/6s79z5b/+Qf/Qhpd9+cPY7/WF//t/16uAf/i//5//jr/7r/pFXv8kvLf+UX+N3/pt/1b/67Df5z5Pf9h/8iS+/9Xz59/8j/9Fv+W/+g7/iH/81Hv7eu7/Gx//+w1/71//Lf8c/bed3/w1/k/+tvPyH/4nmi9/tj/pH7/1Rf+Zf/C+e/AWP1v/t89d/9x80+aV/wJf//D9x7/f8Lf7O3+TfevUX/dp/wg/qd3/Vv/Yf/81/3MXj//1f/V61/XduHf1+f/7//Wv8i7/sr/zTf/f/9a/5u/Nf40/5/Ff8Rb/+89/501/rb/iL/5d/aPcf+vF/7Rf98r/s899t50/Z+7V/yb/xT3z5y/7rL3733+f5H/8nHf/TZGj/uD/4l/0F3/4f/6Vf/KvXf9GvM/lnf3zrn/nff/Wr3+Df2fvOnz76A3e/Q3nof3RJSc9nv/Sv/Cv/8t/14Rf/wr+7s/v3/pW/79X/8Vf9mk/+9Mmv+h1/jY9//T/vF7/a+Y3+mdf/+a/zP3/7z67rnUe/0+/0E3/kG1Ki5//k/q+R/6HZ2f/9a8yJBf/C//r4N/qf03/nt/rlv84f/Cf9gX/y//j68z/u1/g9/8u/8rf/3/+vv/23+S/+qD/t4J/8PX/wL/1a//2f9E//GQ/TNUXBP7X8X37Vb/Tl7/SH/8r/4+/6q/713/TP/bt+y7/zd/vTP/sDf63D9V/9K6cfX/5Ov/jX2P0Tf7+/7F/6dX7T3+5P/jeb+g/8e37RX/hP/On/8D/0Tz38PZM/5fhf/N9+5V/5P/47/+1/Uf+av/PD7X/yf/vXFuk/O/u7t/6tX/+3/xd/51/yX/2av81v9if/4f9R88/8zf/0x3/CP/BX/t+/xl//5R//S69/m4+uPv0Pf99f+w/5Pf70g9/sn/krV6N/75f9U//C7/EP/au/9b8++eRX/tMPf5e7+7/GH/SH/N7//egf/TX+8F/+mJbFf+Vf+Tv/NT82+W1/+8O/9S/4v3+N//Onf8+/+W/9tX69H/svf43JX/BX7f0a//TvfP1r/O8vf80/5f/4a//Bf+Af+UWn3/r1f/xb/+h/+F/+k7/Hd7Z+7aOtf+qP/em/Yuf3/AN+zf/0v/32X/Ob/xqzf+Lsn97/3/7R3/qf+C/+4Yc//uuTf/kX/ht/4fh/+Xv/vD/hF/1dv+DX/xt/xV/0G/yvf/C/9Gv8Nb9e8+/86U/+8F/7j//n/83V4z/wD/pL7i9+9fFv9y/+c5//L6Rbzv/8v/UXr3/VP/nk2b3/8U/4136NP/of+C3+0V/6G/5mZ7/zn3DnZ/6w3+JX/eH/02/wq/+h5v/6wf/V/oWjP+63+6vL3/R/nH787/x5/+6f99//6r/oF/x5v+hX/EW/7urP/TX/2b2/8O/5u36n/7P48T/5J/6hX/OP+if/g//0t6fM1+/wm3/+7/0udw/+4d/pl37/H/89/qk/7jf/O/+L3/CX/Vr3/rb/+9f4C7Z+zV/7l/5Pf/jrP+jLf/5/+6V/21/8D/2qP+q/PPgd/6iPf4//66+Z7vxJf9fW7//n/dWP/4Dzv+DTf/J3+R+/89f+Jm/+hLO/6Nf9ib9r9+Wv8S/+Z4d/4KPf+u/YXfynv/6v/vcmf/Lv9lv8Fv/8H/5r/xrtf/Gnf1T9ij/u187f/Rq/4hf88l/jf/lH/7v/7G/9a/6Qv/Kv/t//rzf/xu/x9/3EP/jb/1fH/97vkbz6v97+x7/G9p/8b/6J/8qf9df83n/SryLr+9//nr/pT/4Hv/Wf9pv9k3/jv/kP/rK/Yucnf91/+/pf+Fc+/xt/j3/lL9/+L/IX9dHv95v+fn/bv/bqYZof/jb/zS/+JfNf86/7V37Z3/3rPfxd/6z/8vf4E//Tp7942v6y3+3f+X3+gZe/6a/zq1//r7/Zf5r+eevf7Zf/J3/yn1n8ur/tP1d9+c/8Qb/bf/j3/ccn0z9vRvqj/OP/j9/rN7j8rx7RsP+JP+u/+yd2/6F/57f9z/+Z//TX//d+xT/5v/yVf8W/8XT9T03/5P/lwa/9b/45v8bbH/8kf/LH/7V/yC/6C4r/bvbb/UPf/fd+01e/xr/wgx/87//rXzne+X3+xIcPkx/8Mee/4vd5+E9/8k989eXvn/0Hf9Dv9N//qb8s/Wf+p4f/4uPf5OhP+9e/evHHvfgdP2v+wr/80e8/+qu2fvXf/E//qt/0F/zbv9Vf8w//q/V/+Yf+yt/nl9z7PX+zPyL/k/7QX3D2n/6ux6Skzv+Cf+7yNxr/on/tD/3XfvEf+Bd+5/of++O+87cufueDf/fzX/Of/qW/V/s7/wu/+A/83ylv8i98+h//kR//hf/173n94Ft/4Z/++/zS8nf6U//V//vX+Bu//df9i5/+Ok/v/B7j//jf/Td/jX/1P9u6/B/+7Om/8w//3f/Q9n//f/xVv9aPpX/E5H/+j/7wj7f/tj/5z/s/v/XVy9/g+3/2H/DwV1GuaevT/+Nv+D3/m3/49ySu+Opbz/6Ts9/vD7v6J7Z+jT/l1/1Vv+P17/s7/Zfz3/7/+EX//fM/+SffvPvef/H6Tzr5E3Z/+f/4H/yJf/7v8Oof2lm+/vWvfqeLv/PXf/hX/24vv3/82/1T/9HFn/qP/xrpH/Djv/c/+U8d/EP//bN/+7f6g777G/55f+qf9yf+5Z999xf/uuXsD/gb/9l/9X/+i/6Ws9U/cv/bf8Sv96//9v/ilz/1a/xxf+2v8dWvefry1/8H/9MvT3/Vb/1H/0O/xuoX/aHf/id/5vlv8i//L3/B7/z3/F/7f/Cf8Yv+/t2/87f/b54dkyn7Nf7e3/7Nb3Hwv/4uf/ov+MnVmz/lN339J/xF/+o/9w/9QX/9v/qv/S9ffPSr/vK/6ff8DX+X0S/6Z2mN5w/58T/vD/3j/6Hf6VdQtvg3f/Zf/ho7P/7n/0W/9p8zX+79lW9/k/r3+DP/jT/pD/pPf81/Mf1Drha/x3d+jTe/wV/zY+Xur/iP/pW/+R+5+8/9Vn/zf9z8j5//87/Ns+/9c6//rl/25/2if+gvfvYrf98/5fB3/g//1V/1L/0af+zftfNr//q/yy/+Xf6Zv/SfPfyr/qs/+MVn//TvdPW//2v/3S/6X579N7/V//wXHDz8BX/67/hn/hrlPzv+Tf7XH/8fKJj/NX6tv3nyD1W/6b/wi/68V//Yn3cwTv7QP+TX/zd/fP+P+qXnT/65z/+a9dHf9/rs1/ibR7/1kz9l5/f8J//B/V/jb/3t/o3j3/I7D36TJ7/ef/+vHvxVf+Wfm/0vP/HRRf6rvvqjf/2/8m84+G/PPtn/s7/6k36zna/+0s9+8Z8w/w13/54/5T//H763tzv5a/6iX/Nf/DV+8a/5J/6zv+zX+MEf9Ff9M//1P/Xf/5u/88E/ubrzH/63v9Od3+kP/YP+7H/hD/xH//6P/t4nv84f93v9Vv/Zf37vL/yHkuz3/A2bX7b8J3+7f6H5PX+Lv3br1VH2d/5Ov+Wf94v/1R//df/Ad//QH/EH/PrP/897f86v9fjX/LP+2U/+pPrB7/Sn/jc/9vCv/m1+7NXdw2n2v/8mv+gv+OW/xl+0+7v+nb/mH/wvNX/qv/lb/05v/543X/1G//if+Gv/Lv/x2b/9J/zr//U/8hf8h3/Ct3b+zb3nf8xv/vgv+bcfNn/eX3j8J/zd/8kf9Lv/ul/927/hr/0vfPuf+o/+s1/6e/zlW9/6vf+EP/xPfHHvX/3bf4Pf6jf9k7/3u/+JP/FP/x7fOfuN/tw/duef/of+4d/4n0Iesr2e/wPZH7H83z77A/+pv+xntn7XP+Jf+suWD/+J63+x+qX/2r/9u/8zv8a/8Os9+/X/5od/2W/x3/3Jv+1//q1nv94PHvynv+dv8ckfMTr+p3/97b9tRfb9v/1Xf9+/5J/++/7a3/Lv/Ysf/ov/6n/wJ+7sfvV7fPqDix//E5v/+vlvdPy7/i3/Vjr9V3/nP5CWNn/L/T/75V/z3cd/6/j3+DNPKNz5P/7p3+ujX+OvOvnN/8K//w/9VZO/9E//d9I/70/7df7wX+fib1wWv9tvWf5Tv+df9DP/1m/32/+fW7/mf7H9331v9dv/l3/E7/Gfnj77H+s/7tl/9hP/1h/wB/4Ff9vLX/t3vfoD/7z2P/tl/+Zf8It/yU8/nP4+v/s/e/GfP/zV/+Rf9Z/95n/Cn/ef/DFbv9bv/emv9zv+3n/LX/VrT3+jH/zg5X8z+bf/td/yX6V01F/wp/3E7/lr/7b/4z+U/nG/9n//f/1Wf90f91//TYe/64vf8x/6VX8kOat/yR/0O/7nX/6pv8Pf0/z2j/+GL3/5//gn/gt/2e/9b/96/+Wf+l99+l9+/Mv+kj/m1yhO/4D/4hf8e7/Rn3Lvn/yvX/x66bM3q1/0F3z51/9WL3+N3/8vePF7Pv41PvvBlMb0H/wlf9ffv/PPvZ7+Bv/s4p/6J37Rv/pX/JK/6i/5g37dP+D//jX+vie/53/52/9O//Mv/9+/+rN/4V9Q/F77f+6/9Qcs/51f71//tX+7f+hXEOSLf/GTP/yP++N+j9//z/xv/8cXf+Kv/ev8Tv/9x9/6xTSEX/Mn936T5M/Y/ncPkP0hs/3mt/un/olHC8rc0Cs/83f8C3/0H/H77lR/1p/6F1IW5dnlX/KtP+4Pz/7eP/gP+fxX7dMA/7SDf/oP+Pumv/Pnf/0v/I2qv/cX/cO/02/0a/yVf2X1jxBRfo8/be+fevFrHvyT0//2J6f/0L/w3V/nv/xT/9vT3+rX/M1+twd/xt/3J/xBLWnBf/XP/j3/kb8rXfyT//Gf9xOnv8b9kz/on/lL5x//2r/dP/0r/4r/PvkX/oU/+9/79X6v3+nP+wF98+K/ufqPf8//aPYH07rtr/PlL/gvR7/jL/o1j3+Xqz9n6y/6df+EZ3/q+J/5i7/7B/0mZwefUXLhzd/xa4/rf/R/+3v/91/6W/3E7/kb/gm/7S/+ze79bVu/03/yp//4r/m//J5Pf40/9A/9C8jj/ika6oPf9snv9Rv92n/vrzH9Gz/+3//Vnzz4k7/9x/0R//6fWf5xs//sP/u/aMZ+87/0+q/6zrd/7//l1/zqn/wb/2pKev0nf92/+5v9ZZ/v/XmLX/0P/XF/6D95RC1+45O/5/H/8mv8vn/BL/k//8BHf/zv9ur3P/+xl7/4z/tfiVCryR//t/1Jv+9f8Js8+jXPftfZnb/7f/1D/s8f/Kd/wtZf8gf95v/5n/A7/Vr/2+/+B/0ud199+Vv9db/vL/wft1d/32/6+/6Bf96/fPpr3PlH/qB/5j//3v/2e69/+e/xJ9z5W/6G/+qf+vf+mW//0//kr/rf6atv/UOvfpvDr/6gfzj9NXb/pTd/wx/zW18d/dp/yG/1a/7D//D/SFT8bf+k3/gfff6X/S5/1g/+y9/pF3x22P7yv+o/+5N/8z/tevZ3/k9/+vK3/Rs/Pvin/yMAOPqJv/nJP/cbLn63rX/xl/6Ff+QP/rh/549++dv8st9g/Hv/1n/a3/hX/OJf/Zv+q/8KzdHk1cPffPdP/eN+8//q8A/88ed/+N/5O/+Vn/yHv84v+e+a//b/IgomP/nb/kl/6R/y4z/zP7w8+rN+u//j7/3Xv/fw3/mP//Pf9K/8++78vb8y//O/89//p//Sf/l7/JFf/mt/yR80/kOe/c6/6M//y36b3+MX/3b/6S//v/60f/S3/7N+57/hN2z+tT/gN/8P//bf6uWv/edf/pN/6i/7mb/3T/zsN33+n/7lO3/Ub3H6y37D3/X3O375Y7/z7/GX/1YUOP/Wk7+0+If+27/zxz/73//P3+OnfvKTP/hP/tf+kN+WEPs1/7i/7kX9Z/+Pf/cf9Q//H7/eFlH2//63/x80/kS1DWkAAA==" />
        <Entry handle="34" bytes="H4sIAAAAAAAEAO29B2AcSZYlJi9tynt/SvVK1+B0oQiAYBMk2JBAEOzBiM3mkuwdaUcjKasqgcplVmVdZhZAzO2dvPfee++999577733ujudTif33/8/XGZkAWz2zkrayZ4hgKrIHz9+fB8/IsZNWczy+qrOVqu8TkfpeJVdFMusLarlL/6Nk0lV07fbdXExbx/trt6lTUXt0x9/cvL04PTk0DYo8/P497/kN07CLgjoqmoKwH+U1nlJPV3mh+ndb5V5dpmnWZMWzbfu/sZJdZnX52V19SidF7NZvow00b4nVdtWi+2rYtbOH6Wfrt5Rt/rH3u4B/Ulv8t9pdZ6e51m7rvNZOq2Wbb5sU0EO4OY5jzLd29lhGIQ6/utQaKwvzopLGspl0RSToiza6w14uvFmE6LPuo2NlymY7hym/a/aajXwzSqbzYrlxaP0PmM8yaZvL+pqvZw9Sq/mBfXjUWKnQwlDgKdnP9mkV0U7L5ZKjHH6pmqzMpWmzbxal7M0/0Vr+kgafEz9L5dEDGmxde/hzif3P7n/2f7Ozp3UJ+Xuzs7vTjicF2Wb149WdXVRzB49/b3PFtlF/qbOls15VS/GXxTTumqq83aclat5tlWtsilR9DN6+w69vb2ofrCtnxFI+iT4g6cp5Fod8+5Dnf3vmjG7Vhj2bcZZ0WzZcdL4PtnF/z7b39u5w1OTv2u3s7K4ADNjzMEsbE+rsqof/fjpE/x3GM5XyjPSxz/NfrHXcEenljua5dOqzoSVltWS2Og3TqSL9Md36HnwdIAJ+n08mkPAAnFPs3GTl/m0zWe/2MAlsJ9++uxZbFTpjz87Pd1/+CnA/z8o4B/cRgQAAA==" />
        <Entry handle="33" bytes="H4sIAAAAAAAEAO29B2AcSZYlJi9tynt/SvVK1+B0oQiAYBMk2JBAEOzBiM3mkuwdaUcjKasqgcplVmVdZhZAzO2dvPfee++999577733ujudTif33/8/XGZkAWz2zkrayZ4hgKrIHz9+fB8/Iv7vf+v//o9+jd/sO8/Onv0av+av+Wv+Gt+m/36N//vf/TVOfo1f79f5dX6dX/fX+fV+3V/31/uxX4/+/xv+Br/er/cb/Ia/UZL8hknyG/1mvxE/v9lv9Jv8pr/Zb/qb/Ea/5W/5W/1Wv+Vv+Tv9jr/j7/g7pfYBkF/z1//1f/3f+Df6jX+73+w3++1+h9/6N/+tfwf37S2f//sf+jV+89/g1/jtf40/8tf+NX/zX+PX+s1/zV/7N/81/+9/7Nf4HX+NX+PX/HUJWff8Or/Gr/lr/dq/7q/369OXB7/Zr/Fr/Vq/xq/7a/+av+6v++v+GH9JX/06v8av++v95r/Fb/lb/a67v/5He8f/8m/94/d+Ivtt3vyiP/Vv/m1/tycnryfTP/lvoTd/h1/z1/i1f00QwT2/1q/9a/46v+6vR9/dpe5/rV/z1/p1fu1f/9f5tfU7Avub/zq/xW/5u+7+yT9R/8u/7kfHrya/6E/5rfZe/83ZH/IX/9//zq/xG/3avyYh/Gv/5r/G7/Fr/Mp/7x/51/+v/+UP+Fv/qT/mb3jz607+0j/g8ldN/6Nf8e/8uf/bv/KP/Wd/yqJ+99nf8/aP+Nf/6V/r/l/37/0a/8jZP/MXpr/iN/03f507/8Y/nX/nn7v+C/+qh6/+gd/wb/6t//4/997fl/336+n/8j//jx+nv8dP/Ld/+H/83zZ//L+R/4F/9q9X/E9/4v/xO/2H/9xv8fq3+jt+4Z/w1a94dvnr/+//yeVnv+8v+N0f/pX/xS/9S0/f/O+/+7/1Z17/4l/5d/+Bf9Z/+Pv+Xn/iX/Wr/stftft3fPc/+nt/g+/9c//uL/3z/+i/sPq4+B3/2z/2q//97/09yv/i//41/u3//Y8d/1Y/+Mv/rb/u/Op673d8/euf/ON/0t+7/A3+57/zb/htXv/rH//xv+xf/LP/nD/9l/6Gf9P/+Afu/XF/1Z/yz/2lf/Yf8Ff+NV/+af/TP/oPH/7m/+Cf/Md8/zfO/8C/p/l9/ve/8K/6m9e/11/y/T/6V/6d/+Av/jN/1R//K/7J3+N3+Ylf9i/+L9P/7m/8hy9//D84Lx/8Xnt/+n/+j/2DP/F3/C5/9tEv+fX/6v/jb/5Xn96/bP+8//m/+KV/2X/x3/yJ//Dl3uRff/1P/Zvf/Rt/6d/3p5X/65/yu/9Jf9Vv/0f9++/2m3/2f7779//Nv8Yf/D//uke7//VP//LvfvUb/3vF3/krf+lf9q2/57d49+/88fP/8fdb/zrf+zP/xf+Duvtj/sd/7Q/83f7vX+MXrtHh7/w3/Ae///fq//vX2P0H/q5/4egv/S//wv/sH81/6W/4N//2/+P5auv6r/zzf/x3+zX+8X/3X/vj/8l/8b/8Ox59/BvPfvL3/ev+yT/7f/+j/vwv/4zfNvvL/rnmt/tX/9x/+08b/zd/5f/4M3/If/qn/A8P/r3lr/ef/kz53/4bzw7/vP/yj/wVv8fr3/Kv/vuyy9/5b/wvtv6ZX/CP/bP/7L/6P/6O/+a/Wf3+3/+j/pF/629f/T5/2n/xt1KL6T/yS36L/674z/6N8d/+n/0JZ3/+v/wP/4d/8sfV7/i//Yf/2/Rv/bd/23/vf/yJP+0v+1f/xe/+hX/w9pvf9W+989HV2/9x/7/8Zef/19/1D/wlf9y/fffe//WP/Q2/9L/51b/gq7/6J/7Df/cX/tFfvfj7/sD84tf+K/7bf635W371f/PXHP/6/+df+n/9z//jf/Wf/jF/8j/69lf+cd//XZfzv+X5/3j3z376d//Yv/4r61/y2a9Z/6lnx7/X3/fV//J3HH7+T//CP+o3+Gf/ln/iD/0L/75/cPxX/jpf/q4/9eCn/ou/+5/4/L/7D/69r/7qf/XPfPML3/66//l/9bf9zX/RP/MH/FlP/6U/YvXd5vevf+zoxe/+2eh3/Gd/n9/+9/6Xlp//db/i0+Iv/+X/QfO90bM/9fCf+Vt/xz/jF//0//JT/9f/efbrP/mt/uDrP+2POP/3/uZ/91/7w3+jv+yP/8/+tvsf/8u/8T/xZ/5Rv+nf9s/+m4tfvf2v/c3n9//TP+R/mf3pf+HeX/u7/Fl/6d/7r/8N/8tf86v+wH/k8lu/yf/9a2z/T3/av/rb/Xv/6//ye/8O9fLxP//X/Zu/9+/39//p/83v9fec/4Wfv/yX//b58Ytfsb776/45v/8v/nf/+d/u3/p7f98/6vHf/Hts/wO/2YN/++/8W/+S3/Fv/RMmd/6+X/8n/oW9n/lHt/+Z5X/2J/3Jf+b3/rjf76/87X+n5GTnP/g9/9H8d//P/uZ/7WL6n/3v/8f//E//jX/Iu09O9j7+N36f//vX+Hd+42T7F/yJ//0//K/8UX/Ldye/+Lt/9b/5+/z2f8rT3/1f//s//Xf/wL/g0T94+t1/5o/+RX/5f/Jrf/ndn/o7/7r97//iP/uX/F57//Qf+N1/+U9p/4ZH/1H+J/1pz/76v/uzj//sX+uv+0P/qcXfPH/92/11429//gv/md/xq/Mf/7ePLv7Gvyp/2P5YNf5jdz7/j3/Hv+D/rB79M3/CX/XP/atbv82X/+Dv+lv8+v/5P/iP/03/9k/+5f/0H/Jn/CZ/wV/wl/5961/wV/7T/93v9uP/3e/0j/ztP/XLvnvym73761//D5/O/rP/6yf+4F/jf/zPpv/svzn/i/+4v/wP/Sv+3D/7X/zpP3D+b/+KH/slf/EXv85v9Zf9lX/Zb5n+OX/+2eSzs3/z06fFf1L86X/wr/8f/q6/wfd/5b/7K/7Dv+bv/61ffPLvf//HvvNfX/xVR3/lP7/4r//57/+Nf+ujf/nz829dfPufPP/L/7T/7Jf9Zf/+T/1j61/zV/4uf9gf+R/8Gr/q3/2dx3/W3/Xf/8y/9Of+BXXxn/32//1/9x/8B3/RnzD7Y47+0Tf/5cN389d/8J9+56+f/TFnf8f/9p/9J//e9S/93q/5N/12/9H/+sdff/tv/y0ebM1+xV918fAv+9P+yz9h+uf8F//L7/f3/cn/1O82//invzo53vp1/qfV//Hv/tG/7G/+7b74mQfHv/HJP3rxF//nq1/0d/6Wf+Dv8n/8eatffPTn/b5/4X/4v2//zC/7NX7VX/O/XPyfZ//kX3v+F/4HF3t/4Y//mf/i/uz6T/+7/rp//if/sl/2e/7xv9G93/uv/Mnr3+LB77j3yT/7O/5NP/nrTx7849O/e5T8T7/pL/zD/pTf+1+++K9f/M379Xf/mPnv+mcc/H6/8z+2+I3qH//dTh/+gt/91/h3f2Y5u/joz/rlv9HffPmHbN356F/a+9t/jb/tzi/5h//m/+2f+F3+7l/9D/wN/9f//Wv8Ln/sf/nH//s7/8jO3/p//xrnD3/3/2rv7/m7//pf96evH/3b31kXJ//OP/GX/LM//qf8/X/cv938wn/i9/jin/nzf+WP/4EHf935//XR31b853/Ovb/xT/8//+zR9/+D3y/9E/7az//sj37f/+Yv++Kf/8Ff8k/+3g9+m3/3T/zo27/G9WH1R/+zD/+Z+7/OP/9X/K2PXv/bf+93/46//s/+qT/jL/tTz3/z//xf/93+lKd/9Ud/wZ/29/4Gv/0//Me/+6T59z/77r/6G//2v8cf/cf/erNHb//gvdFnv8G//Opbf9Mf/3f8CVtvfref/vTfevfVb/eH/0mL/+zd3/db/bv/0uT3+vV+7//mX/71/97f/k8c/yN/8mf/0S//W//uP+wv+Jv+71/j9X/yf/6iL/7Ve7/B3/DZb/jTd95+8VutP/pz/tR//nd/OP1Lv/gFv+3f+r/9j7/lKP1Lf6//a+/v/S1/2T/892R/2Hf/zz/vr/obL/+mv/bzv+Of+w//2j/7+N96vftv/0kPdn7ZX/zH/nF/3O/4L/x3P/Yf/nr/9R/xm81+h735f/DP/XN/0ujv+Ld/wb/2J/0bf+Ov/c/8y3d/u3/uT/wtfvz3+K0Pf+N/8Y8b/Z2/11/91/4G//n3/u1/7Tf7b3/j47/w6eGf+2//0//s4e7kT/uN/+3/88/+TT9v/5zP/6w/5Vf/+v/+T3w7/13+jO2/4Pd+8gf8V39gtvj2v/Ivjta/2986+4f+jb/yT/njH/wpP/nX/m+/8Y//bad//l/y7/57o6vfZfRl+0/8I7/RP/vLp//Q+b//u/5xv/ef/9//W//Vd/+Qf/DVP/YX/k7/SvsTD//en/m3/77/+Bf+5eO/4q9L/53//ScP/vp/+uBP2L/37Ys/75/8HZ7N/rS/5i/+U578Qb/tL9369X/hL/tPf8Ot73z/iy9+/Jf+/b/0t7jzf/wDf9adv/S3+Kde/Mwfuvtf/Wa/za+B/36dv/0P+g2/9X8c/Bq/+Bf8Wb/Gu6Pf6df43h/069J/v97Rn/Vr/Pr/x7/3a/xOn/16v8bv8mv8hvTf7/J//9v/D6GK1LHsCAAA" />
        <Entry handle="32" bytes="H4sIAAAAAAAEAO29B2AcSZYlJi9tynt/SvVK1+B0oQiAYBMk2JBAEOzBiM3mkuwdaUcjKasqgcplVmVdZhZAzO2dvPfee++999577733ujudTif33/8/XGZkAWz2zkrayZ4hgKrIHz9+fB8/Iv7vf+v//o9+jd/sO8/Onv0av+av+Wv8Gr8m/fdr/N//169xePLq9PjNl68epRez7Z9e5Rfp5e54J91aN8XyIj37zufpd16efp5efrp3Z5T+onVWFu11+ll6sJP83//ur3Hya/x6v86v++v9ur/Or/fr/bq/3q//6/96v0HymyXJj/1Y8lv9Jr/pb/Sb/ba/1W/32/22v9Vv89v8Dr/z7/67/A6/44//Tr/Nb5OO0h//hR/f+dad3/532d7Z3tr53bfubAHIr/nr//q/fvIbJL9lkvyWW7/Db/M7bL3383//Q7/Gb/4b/Brtr/ETv/av+dGv8Wv95r/mr/2b/5r/9z/2a/wuNMhf99fk59fQ59f8tX5twvfX/w1+LPkNqcHf/pv9Gr/Wr/lr/9q/1q/za/+6v+6v8+vQt7+Evv81fp3f/Nf9LX7X3eNf77f8iezX/+gX/VZ7f/Cf/Bf/Bj/+5G/+h3/rV//y//S73ZvUf8iPJb/Nb/vb/fa/w+/+Cz/euvOt/fufPjh4+Ojk6emzz7999p3Xb776ye/+3r/PT01n+fnFvPjppl1fXr27/sEf+of94X/EH/lH/dF/zJ/yp/5pf/qf8Wf+WX/2n/OX/KV/2V/+V/yVf9Vf/df8LX/r3/a3/x1/59/1d/89/8g/+o/94//EP/lP/dP/zL/yr/5r//q/8W/+W//2v/Mf/yf/6X/2n/8X/+V/9V//N//z//LLfvmv+F9/5f/2q/53jOvX/DV+7V/TPNFx/eY0rl/r1/l1fu1f59fHuH7NX+sKDX7zX+fX/V13f73f4vgnfv3sF/2WH+39wb/Bb/XkT/6L/+Z/+Md+/N6r/+m3ntT/cvLb/G77//Hv/j9jaDyy2w3sD/laI7MDc+P6d36N3+jX/jVp8n7t3/zX+D1+jX/j7/3b/rXf5C8e/bFH/23zt5bf+UX/x+/7f/3p1fM/4n/4+E9f/tQXf/yf/xf9U7/Jf/CDn/yDfuJf/T/+mL+9ePtffvv3/p/+2n/647//B1eP/9x/77/8i//mf/0v+03+5v0/6q/Y+4t+vd/5H/4v/o7//v/47K/L/523f+Zv/tv9ax//Gf/x7/s7/Ub/2Z/3q//Xv/6/3/5Pvve3/aG/xu/6W/82/+Bf+/v9u7/vr/t3vPybP/716z/07/mL/8p/6W/P/65//V/+Fb/b3/d//nt/y9//l/wzv+N/+af/Xr/Or/8n/6qv/q1f/jv+E3/bH/+7/kbLX3Myu/pdxr/3n/y//2af/IL/9h/7Zf/wb/Hf/XH3/9GH/95f+Scc/JO/4q/8K/7Bv+r7//2v9Z9mH/9Fv8bkD//OT/5dv/jbf/2P/Y0/8+A/2fnD//r/4X/6vX/m7/3zfuYv/Q//gi//6v/x1b/zb/1+v8+f+zf+7b/rl/f/4N/kL/td/uNf4//6S/6exdF/8d2/483fs/hVv+8PXud/696v/+7P/6P+q5/4Ez7/v3+Nn/rLP1n+Flf/1i/7u0d/+/1fNf0LvvpPnvzhf97v9Kf+8X/fV7t/5X/7J3z0J/95/+df/OzXrn77//b/+G//rr/vb/1Tfqejf+m3/WX/+Ff/9j/5i/6CX/XX/i0/+LP//b/0z/7V47/z//41fo+/8H/7n/7vX+N3+OSv+V/+zf/r+jf9F/6Yy99k+lv8Bn/c3/KX/QH1P/G3/Zdf/sLf/Y/5PV78kt/4d3jz47/4n/r8N/i7f5fX//jvtfo1f9+rv7p69afsfv/PP/916+/8Bb/uT//+n//O/+uf+Zv+Wb/zX/Hr//l/35/8b/ylf8i/+Yv/uP+l+cfbv+f3+/PSP/Fn/qDf6V9/+Hv/6b/Nv/Bb/F//4X/+7O/54//SP+Do83/y4//2qz/pH1v8C//eH3nyZ1Q//cv/2X/+09/w7/pj/r4/4E//nX6HX/ar//yd//Mv+b3/4X/rD/tlP/Xkr9x7+N/8DT9ZzR/89b8o+Tt/91/j1/hdfuq//u/+r/k/8of+wb/v//on/k6/6N99+if9mv/5n/6f/jt/5+if/nUmf/Of+1+1x7/i0y/+mn/ve7/dP/Wf/i5/ff3g03/iP/jP/5M/4N1//Y9f/h1/dvtrH/yPv8/v9+N/9GT9p/722//B3/zH/e1/89/2l/4P/95/8T/9kt/4t57+hcenZVb/DX/WP/hfLf7kX/kX/h/f+uQv+8/+93/9799a/p35//XfXvyyf/y3/Cd+w7/5H/+98r/kdz769PeZfvwn/13f/b3/mN/31/vtPvkVf8Pv92//zr/Xwe/xrf/ll/y1f8r//Nv+8dX/sXv5fz39Ta8Xd5N/9g/5tX/wBz76L/6xf+0//5v/zT/0H/17/oV/8q/6p5tfZ++v+nNOv/wn/ub/4yd+rb//b/jV7a//i/7pP+AXf/dP/33e/YXf/5/Hf3ux+GuO/9ff8Scf/y1/0G/6X/9+f3/1C//CbPYnf/t/TN/853/ZEU3xf/onjH/i6rPf4Vf9zI//juvd/d/wN/z3fpvdP/0Purr/d4x/1z/k+Hfcuftvnf/lf8e/+ct/9a/6Hb/8Ww/+zN/5120e/fl/71/xV/y5v9fy4z/1z/kf/tLX/+5Pv/vf/prf4yf/mM//kv/6n2yf/sF/wr/+3X/sJ/7QyW+6Kv733/ofOfs1nv8f/+y/8Vf8G4TRj/2n9x/91X/uv//op//J3/VP/Ot/67/yfz3+r0+r5s/4J47+qP/2f/1Df8f/6Xf5Pf7ZP+bf+PQX/wPf/7t//M/5h/7YrX/mP/1r/rx/83t/5Ys/8yc++b9/jd/utzv65d/5r37R75iVf8h/cPy37X7r2b+3/k//8p/5Ff/Jb7D/9/6S3+9/vvgH//5/9S8/+97ub/SH/zp/3p+w++/9Tv/X/V/+l239TX/tb/lP/o00sL/v3/x9/6e/449u/tp//z/46d9y/x9ofr3f+386SH/Nf/Nv/On/6B87/Av+il/737/4Xf/jv/fvOv8Ttv6jf+MP/19+13//f738o/6H1//tn/e//pN/+dlf/9+O/+D/eevX+AN/vT/w9/3q3//ql//5v8m/c/qvlP/pH/1P/R47v9uf+r/9KW//ub/99/oz/4z/7J/+5Lf8U//8v/tv+OmX/8W/98vfvvgv/oc/+D/5p3/5n1/8gv/g7v3/7E+687t/+Tv937/Gr/hv/52/4Q/ePV1/K71+8+lnn/wXX/5t//T/+k/9fjtP/sffd/o3NL//kz//xb/zH57+q3/g3zb+9J/96A/6a37wK/+Gv+c3/FN+6hecH33rr99v/5zf9Z/9P/6sf/rH/6C3b1/9SYd/2e/6N/0a//Rf98f/ev/S7/kXFvWv9Rc8+02Of/lHf/2fsf3J4S9f/op/87Pv/4t7f+Hf+xvufvq7/Kr/+vRw/n/9yv/69Hf99/7L3/q3Pfj1/8bj/+Cv/ulf+gv/1v/p3/ul5b/6F/+p/8Ov+t7f/dmv+uX/9e9b/fGPf8lv/aecVX/5wZ/xk7/TP/sn/r2//G/8zf7Nv/2f/WP/7j/7v/hzzn6nv6P+8qf+jfrvfvmH/gN/5d8+/79/jd/mL//XfuYP+GPXf8fhxe/443/cp0/+1L/wf/6t//z/9Itf8t/9ivN/9J/6b/6Pv/o3/l9+2T//7vF3/5TjX/Q7/VX/2KNP/6PTHzz9bf/ov+G/uvjnfubfe/Zrvv73/s3f+qd++qf+gj/hF/zMX/d3/3p/89Ff8t/+Tqu/7U/Z+Sd/+1/4N/6Jv8b/9sf8n0//pX/rn/u1f+N/9Ad/+v+1/lf/jx9b3Kn+y9/2f/2P/4b/6yf/xKt0/S/+gX/5L/74j/4Vv3r7dzz+e/6BP/vvOP0tfovf7jf5I/+i3+4v/x3yn/zri/nP/JUXH81/6i/7W//b3/PZ4j9Ln/z7Z6//6zd/+2/62335N/z0P988+Gf+0N/wd7r+j37Nf7w++oX/xsW/ef/tH/t3/7sffffj33n3T33z18/+3X/il/70v/Pn/M3/4qM/4Xt/4Xd+5uB//i/+4d/mL/xr/tm/59/8z3/vv+zj//P3L3+X5Z/3q7/7t/0TH/0Z+/N/+/fb2/vLXxz/79/9x/6co7/mf9r76/74/+Xf/Dv+j0f/2x/x77Q/9vav+nu/mPyT//kf8Guu//df/JN//OXD//y3/Pf+vr/4//zH/4//6m/4/f+v3/K//7X/r1/6+X82/0v+sfov/G3+xb/2n//kz/tbm//xzezP/vP/6N/tl738C/6uz37JnW//Q//0X/d3/w3t7/v9/+BP/9v/43//7K/7L371Pzn/lX/dk50Hv+DXLf7r3+HFX/xX/75/3ae/zd/yz/13e7/Wn/jf/it/9a/1p//Z/93vkjw+fdv8p9/77X78j/tV/8uf8mf/xJ/3m/6B/8LfU/07n3/5P//G/8afv/w3dv/p8R/3h/32T7/ze/16/+Vf9Tv/g//7vz79j/7Nf+S//Rt/k/9m9d/+1F/6rS//pj/8D3/xnf9s/fgP/Kn/9e+enP0n8//8tM3+kN/u4v75/Y+vf9//4399/Nv8+3/+P/Qf/Qn/4J//rT/lk//69/hj/u9f49f9j//eX/Yr7ibpH/Of/XrXi6vf6cEvvfe//cq/8c/7Gxfj0fIv+Hf+h4//mPZg6x/9c/6Uf/Xv+t/+8v/yb7z/t/5l/80X1S/8sfSXvP0Lfv3lZz/95k/7Q+69+M//rf/hD/w7v/tv/oq/5O/6B/d/8Ods/Re/9R/zV/+Wnz75pb/e3/Plb/LuN/zHfsHv+if/Nv/oiz/pL/7P/rn/5sn/9e4f/8X/96/xh/5fv+V/9YP0j3n7L/+v/+1f/vBX/bn/+e//j/4xv/zf/Xb2d/7Rr/7tVwf/0D/07/waf83Lb/8TX/0+/+n/9Zv+b791Vvwtf+Bv9u/9uX/38a//z3z7f/2r/tePP77/3/0Ov/CP/yv/q//1H/mdP/1Xfsd3/9A/8W/9Sb/GL/2L1n/t7nf+uh/8cf/lf/Ff/v1Hv/1P/BMnv9Zv8nt+6we/07/6tzz7ff+H0z/t4B/6iT/uzV/zS376r/nnf4e9v/Tv+aN/t1/nD/ryr3z9v73+4/+x4lt/5PqfXf2a/0Pxm/yb27/W9a/zf/3Ov8dP/Uf/wO/2M/f+lccXy3/l0R+7+D1/0z/jPzn4J/6Tz8//q1/0v/2b7377q9/pN/s9H0//nT/+337+h/xF/+XD3/lb3/nj/+X/6Z/843/mt/9r/rff6yc+/Xf+9L9365/+sb2/+sfS3/kf/q/+wL/i7Z/72/87ze//M//bH3ryr67/29++/BXf/i3m//4v+lP/4d/+dz7+b3//hz/z+f927+ovPb3/v/4xf8V/8s/V//L/8Kv+1f/2//41/o2/6F9//j//xv/aT/6R/+v3/8n/41f/g//n//Kv/UT2y378v/odi/Ef9Uf/8f/n//Bf/uI/6Mu/4N/+T9Jnv8fv8O//Ef/Lf/0P/IL/4G/9ff+5/A+v/5T/8fB//5Wfzf+Sv/pP2v0Vv+Pf9T/8x6d/we/5+K/4k/78f/J3+4O+/D3+9C9+3X//H/vot/oTrn/rn/xt/6TsT/wP7v6p/8c//1u9+t3/rH/w3/nuv/hXnfyG3//3Fn/8d/7qX/abrH7Jf/vl7/8P/L1/yP+Q/pmv/8//7Gf+zN/tD/1bf6efOP1dP/rn//r//r//93/FP/hn/+L2L/r1D1/95K/xy/+bT87/w+/+fX/gr/P9f+Zf/V327v+q7z3+v3+Nv+HX/hv/lT9m686f9wf+0es//9m//9f/cd/9O3/Dv/fyD3z3i6e/y7/w9/8d/9qP/XX/yS/79f6j//mP/4d++e9x9wdbf9mPH/7qj5//37/GX7T4M//P/+33/5/+kj/mW3/YH/h//9v/D6bcl+QnDAAA" />
        <Entry handle="31" bytes="H4sIAAAAAAAEAO29B2AcSZYlJi9tynt/SvVK1+B0oQiAYBMk2JBAEOzBiM3mkuwdaUcjKasqgcplVmVdZhZAzO2dvPfee++999577733ujudTif33/8/XGZkAWz2zkrayZ4hgKrIHz9+fB8/Iv7vf+v//o9+jd/sO8/Onv0av+av+Wv8Gr8m/fdr/N//169xePLq9PjNl68epRez7Z9e5Rfp5e54J91aN8XyIj37zufpd16efp5efrp3Z5T+onVWFu11+ll6sJP83//ur3Hya/x6v86v++v9ur/Or/fr/bq/3q//6/96v0HymyXJj/1Y8lv9Jr/pb/Sb/ba/1W/32/22v9Vv89v8Dr/z7/67/A6/44//Tr/Nb5OO0h//hR/f+dad3/532d7Z3tr53bfubAHIr/nr//q/fvIbJL9lkvyWW7/Db/M7bL3383//Q7/Gb/4b/Jq/8Ncc/dq/5ke/xq/1m/+av/Zv/mv+3//Yr/G70CB/3V+Tn19Dn1/z1/q1Cd9f/zf4seQ3pAZ/+2/2a/xav+av/Wv/Wr/Or/3r/rq/zq9D3/4S+v7X+HV+81/3t/hdd49/vd/yJ7Jf/6Nf9Fvt/cF/8l/8G/z4k7/5H/6tX/3L/9Pvdm9S/yE/lvw2v+1v99v/Dr/7L/x468639u9/+uDg4aOTp6fPPv/22Xdev/nqJ7/7e/8+PzWd5ecX8+Knm3Z9efXu+gd/6B/2h/8Rf+Qf9Uf/MX/Kn/qn/el/xp/5Z/3Zf85f8pf+ZX/5X/FX/lV/9V/zt/ytf9vf/nf8nX/X3/33/CP/6D/2j/8T/+Q/9U//M//Kv/qv/ev/xr/5b/3b/85//J/8p//Zf/5f/Jf/1X/93/zP/8sv++W/4n/9lf/br/rfMa5f89f4tX9N80TH9ZvTuH6tX+fX+bV/nV8f4/o1f60rNPjNf51f93fd/fV+i+Of+PWzX/RbfrT3B/8Gv9WTP/kv/pv/4R/78Xuv/qffelL/y8lv87vt/8e/+/+MofHIbjewP+RrjcwOzI3r3/k1fqNf+9ekyfu1f/Nf4/f4Nf73e7/GH/Py8OXf9j/86//av/DJb/DrPvrDf6v/6Fu/97/ym/2aL36NyZ9Zfefyzm/1C/+9f+UP/8e3/spf8/f8736NX/Ti1/jFr/6g3e/8Gvt/7p3f9df4z/7nF7/2n/CH/Jm/1X/8r/7lZz/5O/6JP/3y0es/6K/8df/Fn/rz/5hvL/+d1U/8OX/Sr/nszu/71/7G/86d1Wd35n/Z7u5//52Dv/wv+4t+3b/kL7n+k3+3N9M/ovyPfvCv1f/+P/7b/of/3u+RjH7b0at/4xf/9L/xz/5r/+B//nv9Nn/14sf/8Ff/9se/9kd//p/1N/yxv/zV+R/3r/x2f9tPnP4avxX+/0f8GX/Mr1H8vv9q8l/+Fd/6qd0X/9Hv+ZN/1uf3D7d3/sSfKv6kf/k3vPs7f+ujh3/1v/OXZv/8T92b/2V3/pE/aPef+st/7fvlP/UTL37i9/yt/qJf485v9Sf9tb/X7/lfv/i193+Tf+Tud979+n/7Lzz91h/655z8Tnsvin/o1b/yn/zlf8u/8mv8bf/xP/QX/Ub/6r/+08vv/8Gnj/6Mv/TP2v3j/76/5df+j/6jP/mf+Onv/G5/yV/72//hf//f87f/a3/Mb/C73Gt/nX/9t7+/+i9/m9XvdXj5u76481f9Hb/Xn/In/Bd/83/91X/yd/+mzf7h773/B/xOf8EfefSn//l//E/9R3/AX/fy7r/58S//az/9yde/5/81+1v/x/rvffHb/o2/2x/zV/5Wf8Z/9ld/+st/6nf4rf6V/+bR3/S7/PH1T/0Jf+fHf/7v9vv+8X/dd/+Yf/btv/37/p//ye/xO/ztz57/C7/3n/VXTv/Ov+vv+tt/4u/5yVe/1X959Kf/829/8If9jZf/yL+3+8f+2r/+b/3k3/kl/+LvVv/Nv+t/mv/2v+Kjv+Pf+V//7f9+8uuvFn/oP/Br/Cd/4cd/6w/+2j+aGOlP+Ccf/av//J/3d/5ZR3/JX/dT/35Zvnjwya/1Dz7/lX/1f/b3/fFn/84/9wf+Dn/57/6P/K2/0//wf/w3/9r//Wv8PZ//rX/rP7j7F/+Cv/Jb6a9X/FZ/wqM/56t/43/8zf+B7/1Fn/+lW7/Hv/K3/GV/3uPTN3/er/7Xz3+3X/lf/FH/6n/x3R/7ydXl51/+tn/U//D6/5z/4X/k33G6/s1+jz/7t/g9fuUfdP+/+Df+jV/27b/3//g7Z//D7/nP/9Tf+ff+Xf/qf1H9LX/vX/JH/Oo//p/6Pf7wi63xH/Gn/Td/x//62W/yx/yXo8dfLNJ/9we/0W/xm/xvv/uX/9tP/ud//z/32/7Y3/Njr05/xes/55/553/HOx//zZ/9Vn/2X/6XvfyJ09/q1/gFf/rv+Bv9a3/aH3b+B81+t9/hj/sTfnqyU/yRv/1/+1O/8OTeH0n8+Wv8p3/Mu7/+N1n9fnf+oVe/w+ov2/+1/oK/7d+5/Gxra/X7/qt/5h9z+le++Zv/4n/0r3/0J58+/LOnr37v/yj5Y/+c3/XZr/mf/Yq/8g/9ff/P/+Av/XX+9z/+b/4jfs9f5/DP/nP/qn/i4f/11W/yl/4n87/01138aX/q//lf/N+/RvI3XvzCf/p//Zu//+KPePuH/eFnl7/2b/0nXv31f+1f9yf/1J+Uf+vJn/cr//H66qf+un/ziz/7dzv/F/+AX/TV6b/yl/4hv8Gv87v81L9z8Ev/y8f/893Zn/jsb/l3m+zX+Vv/oP/8T3r47x3+J3/K95/8G7/Jgz/hMPlP/sOXf++3/7Ff7z//Q/6SvyrZ/eP+gN/8f//qzi+8+tX/3NnR3/6tP/QX/y1/we+6/Vsc3ln/b/9o9mv873/q8y9+6u1f+2f9R39Q/uf/Xr/WZ7/+7/9f/r6//5/13X/v3/gL/sS/+vP8F/9W/+qv962/+e/5Nf6B/+x3+a9/8r/6y/6GP/r3/iP+84u/+V/6B/7o3+2/3Pvt/rX/a/27/B8//mN/3p/97/5Xf+2f+N/+xIM/+k/83dJ/8qf/8L/v7JPf6Tc5+tP/zP/xN/5d/pb8r/yf/rPv/cH/4Z1f+U/9df/nL/7yj/ln/uXf+Rd8ufvnLn/D3/Q7f9J/868+/7F/7xd9dfcnf68/+Z/5U//rr37bw//mH9/6h//G9W/3W5x967f8Jz7/27/8df7gP/L3/dW/w5/83//bv+av8zt9df3sX/j8p/7rP/b5f/7T3/57v/Xxn/2r/+b/5b//9f/6Z5cfPfp7fpc/94/713/n/+J768M/cfkr0r/g99z9U3/Vv/Fb/HH/6/d+59989Yv/h+bf+T//zj/2d/vX/9O//19a/8O/0+5f9OZvK/6C3/23+++eJX/Hl7/vH/z9v+LvPvwPT4pflH719/7ef8g/99G/8O//+//zf/9v/K2/zl//d/2Wf+j/9tWf9T/+Bk9+jV/z7zn/W7/zL06f/avf+9P+0j/vl0//wuYn/+I//U/+R3/P7/ydkz+y+D8/Ofrq3/m3//nf6236Hzz4BZ/80tN/6b98/T/84K/485vf+p//66rf6I/4PX+NX+cv+Lt/5a/8a7/6L/6O3+FP+zt+218w+03/hOvX//I/8Lf/B8Xv8Kc9+tP/wT/7x37VH/mb/JV/zZ/zn/95D1/8U2/+i3/5z/yv/pI/5g/9Pf+SP2br1/zjoFH+3b/89/zBv/7R7/MX/jt/wa+70/6VP/lX7v1OxT/yZz16/V/9Dr/Tnf/0L//8y9/pdzj9i/+3/+Qv+rv/3j/hX/9Lftmv+Y/+Tb/97/KP/g+/5G/5/L98+d/84E//O/7c5fnf+6f+9C//6nf6W3+X3/Pw3/xdf8nf8O//N/f+0t/gH/v0r/3zfrz+5z77v3+Nf+Qv/+SP/3t/52d/439yuH3wZ/2jf/TF7/IP/Xl/8q/4G1786t/n7/8H/6lv/ea/6fTNq9/gX/6jX/56L4p/8Xf7Rc9mf/q/cfBP/mT9a/wuf/Rf/9Ff/zfv/W1/5+/8G/zJv/vv8zs8+fbDf/ff+j9PP/s7/szJj3/16/zy3/mv/W3+23/s7/n+3/eHP/5l9/6E3+CP/r3+gP/zBz/54i/+T3/x9749+9MX5+3vefbP/rr/96/xO/zrx3//8//zL/vov2/+thd//y96/b+8+av/nePf7j87//v+kX/2Pzn85//K3+sX/8I/7W969mf/I3/un/KP/9+/xv/8L/+Hf8wv+Qv/8d/8d/sD/sW/5Lf+9X/1n/kH/id/+vjTf+0v/+rB27/gb/yt/qrf9U94mJ39Wr/Rr/X5wV/5T1bZ6jeY/2d/9N//E//gP/H3/Yv/yD/4W/3yv/A3/+n/9d+ZffqDP/5v//f/sb/kt/otfp3Zv/eD+jf5Pf+PT/713+NvXf7Fv/27P/dP+G//+e0/5l/5fvJ6/gt/4s/95A/7k/7vX2P9f/0kid8///f8q//D4id//7/tn/iJvyT5Jc2f+gf/U//77/Dv/4nf+j//4X9+8fv8PYe/5bf+2r/7d3xx/U/9lf/i1p/0Xz353vz63/7T//ff/Cf+tr/sH/xX/t7/8/N/9Cf/zJ/+/f7dX/lbrP+h3+XO//HJn/iv/fI/9s/9sd/0L/ztf+zf/ie/9Qf+Dn/Vv/bH7v3pd57+Cf/Bf/Y3XH/2G/wNf+aL36v6m4//jv/61/nr/qA//Z+4/hsO/4c/+Q/9yfJ/+Av+vT/lr/wHT77zl/1Of8e3/rR/7Zf++F/yd/8Jf8CLf/3zf/Jf+Vt/h9/m/PA/+on/7dU/+Vcdrn/t/+mv3f3iv/wFj/6N3/ev/x3vPHtyvPgr/8+/4PTPuv4Dxv/Jr/nf/onf+S9//x/8hX/uH/y9B3/zb/Fj/87xX3f9p/0RD//6O3/v8p/7a579j09/s3/6T3nzy3/FX/v21/vf/unf5N6/+6/8Vae/8ovf50+4/L3Ofvtf60/5DX6nX/6f/ev/fNGePvjr/+zf77/5N578Jv/RL/lrDv71f/33/Oz4v/2pP7n803/N7b/9T/yVX3z77/ir/sv/8h/+lb/T7/DP/16v/vPf8M/+8nf9NV/8D7/J6e/9t/69f86/crz9t/31v+X//Wtc/+B3+av+6vvbv8c/87fs/fr/8e//+Ff+C7/eJ3u/0x/3m/xtv/Jf/y0v//w/+7/6v36Hf/PiX5v9L+Pf9df9R/6zf/53+ff/j89/+r/+a//Z/e0vfvmf+w9/6w/5l/7O3+Iv+h8++6V/yd//6Mf+lHd/xrf/rMfl3l/36Df/vd/88X/+v/yvf+e7P1n+GX/M1l/3zz/7C/7233H9X385/ceffnn/23/Gxa/9D/3lv/6f89P/y51/6D/6yX/uP3/+7q/8V3/tH/zEn3P6m14mf/gf/Q/92r/bv3H+d//1/+hf8Y/8ITu/8O/5084P/rRf8bv8B0d/yJ/5vX/9t/3i73j1a/ziP/vHfu/p//U//4qjf/Tvr/+Y3/lPf/6P7f/9/9Rv9xd/8if8Z3t/3b/53V/vv/nfT7b/4f/6L/ijPvutLn/r3/o//9d+m5/86z/71/7q3+qTf/3f+p//71/j3/zfv/pNf4u3/8a/M0rPfvU/+1f+9n/Cr3H94//a//6b/pf/zt/3D373X/sb/vbf6y989L98/7/7sX/nD/3D/7gfbP3101/7d/jTH774a3/yf/57D/+2Hzz93ps/8J+9/jN/t//zt/0//sBv/Sf/6d/39/wb9x/erfI/4z85/Ml/+zf7k/+Wv+L1v/eb/Hm/yS/9u/6av+dP/4f/tr/t8NfL/8A//dmjP+ff+Fe3f92//c/7yf/2//41Rn/E7/jv/4ujP/Cv/I9/6q/6a/+tf/hf+PI/KP+cX+cf+t3+l7d/4f9c/nf/yX/wj4x+1Z/6N338X/0e//v//Wv8M3/P5e/35E/8zn+ekvz8Mcv/8p/I/vb/81/5JZ//Lv/i+nv/3cVv8p/8N3/RSfXr/mUPv/UX/dLv/zW/3Z/5F/3yv/6TP+r/+Cf/nMt/4t7/8p/+L7/Lv/E3vrv79NF/+Ef/8l/9a/3Yn/D7HP+p/+c//M/+0j/vJ/eKv/Uv+bG/7Bf9h7/Jf/irf5d/8qfaX/Z//CW/4X929y/4Ry9/kz/w0a/+y5Jf9Wf+J3/nH/QL/sN/4t/563/F3/rXXf6df9L/+Rf/lv/Af/8X7fwur/7KX/Y3Nv/b4m8kPXP2H/+Ov+O/+Qf8m8lf8NU/cfjtv/TX/2X/0f91/1/86pf97r9b+y/9sX/oT39+8tlfd+8P/Ov++LNf8T++3P5j/onmtz/45fffvfo3vvPF7/w7/VWT3+g3/cHZX3I2vfPRH3HyD/86s9/hT/ljjqd//L/+f4z/6F/0W/0dv89vXv163/4XDz9/9fl//q/+B3/3j/3Lf8qzX+c3/6f/07/rb8z+uu83J3/kT7z+6Nf4M3/8L/1N/5P/9f7f9q2//e/+479z57/5E36t3+oP+Iv/1n/4t/7dvrv9G/03Bwd/5X+z+2V1eDz6pb/P7/cf/ht/zT/+Z1ye/2f/yd9eP/+nn/wT/84/lf9hf9sf/Ded/RO//k//5Xunv+uPP/7Vf9xPXNz9H/+Rw7/pN/y3fsv/+qf2/qm/7ujVb/eDnb/uX/2b/9Jnv9Wf8Ze/+e9+3b/r//od/oR//uxf/S/Pf/Jf/LP+2H/qv/6H7/8NyY9f/LP/5L/yV/7d/8Af93v/M3/J9r+y84/8D//1r/hr/8tf/Jv/0//aP7z9n//Jf8zf/hv9Y3/cn/C3P1n8u//wb13/0//S3/Vb/JJ/9R/+x3/hP/Gn/+F/37/7+PB7f1599Lf/6b/Nz/xzv/k/8+f8m3/33/nv/NKTP/nf+FvP//g/5ff9E37FT1z+wu/8d3/+v/8zf8Xo7/sT6k/+yv/p07/pL/+//qH/8e/+Hbd/88/+xPX/9Q/++fWL3+erf+ZX/NqP/9Xf/A/5Z/6Uf+Kf/63+mvpv+Pt+s9OHf/n2r/vb/Kd/9X/3n/whb/+s/+kv+Lt/0R/45/7iv+uPfXT3f//lv/+f9n/+kt+4Ld/+GT/xiy4v3pz/ZX/DHzZ9/lnxU3/Wt//5V0/Kf/HX+9N+hz/gv/7O3//f/uSfMDn+V//6T/+L/+Twe8XHf/7f8U/+dv/eF7/1v/jfvvrb/9N//Nf8NSd/9N/5nT/7X/h929/l+N/40//I5uFf8Hv9vX/m3/d3/zpnH/97J8Swf+bf8n//Gn989r/9nf/Yzn/12/yef9Cf8h/8Xn/hL/zoHSmJf/Df/l3+xu/8m//G/d/wl3z8xV/wv/5X/8lv9+zbv/Pv/b/+xP/w5W/9H/89f/n/+U/8jX/VP3/9g3/on/9d/6tHH/0Jf8xnf+T//Wv8fn/bH/f8r/nir//NftUv/HP+1+vx8j8vLv6k//zP/xN/t//71/gj//aP/oqf+lPGv9Wv/W/8dU//7r/+T/jFf9of9uv9l7/3H/z57r/7V//5f2T5J/xWv3T23bP81/81fvAb/YU/+Of+pf/0l/3uf++f9Jv+ij/11/k/fqvZ//WXffds8dt8dP4rDv6S3/n3/mvaP2bvVzz43uHhn/tn/Phv9o/9K7/09/xz/rO/7+Pl689/i7/r8L+c/Gd/4T/7v/8O/9XPvPtHfpff+N/7NX/lXz77Y/+nj//Cf+l3+Kv/0n/4b/n3f9f/7k/+g//EH/yO/83B+A+7+g3/jp0/8n/5G7/83379v/zH7n9x8hP5f/Lb/WPf/vb/8O/9hf/ZJ//83b/77/7Hf/E/+Q8ffvm3/m/f/uee/Q7/yfkf+A+tPvlzXvzTf/6//N0/5fR//GN+6rf719tf7+/6Pf+RX7wz+2d+oz/lL/zHfo/f8w9M/pff9A/7v/b/9n/pZ36v5tf6537/b//df8Dv9l/+n7/P//Xb7/7X/9avnv4r/8CfcvDw1//7f+YP/Z//2X/oz/wHf9OfefP4i//4f/vzf/lv+Hf+Y3/z3W//zn/i1i/5rf6CN//7//xf/3l/0b/6L/85/9of+w/uHf39f8zpn/5r/8W/0R+39xs8/HVe/7Lf/8H/ce9/+1v+98u/8De698l/8F//lb/md9Oz3/Sv+eP+71/jx/+33+GX/85f/if//h/5b/3Zf9sfe/hHL3+P//o/fzr/B3/f3+LL//jsX/0lv95f80/8O3/Bn9qsf92/7je9/6/9y/9o8hv9bX/Kzlc/8T98Uf/v/+A/9hv/Nv/IP7/8i67v/kf1k7//r/pN/rI/8X/9W/+YX/Wn/pO/9KN/4//4qv39f++//+Lv+BP/r9/7N/1TfrdffviD3+Wv/qf/xmf/2+/xF//zf+B//G//dbN/5Vf8dn/Jn/djf87/sPpLfuH6t/uJX7D6t378H/w9/tPf75//3S9/9+/+2f/Wr/zjf+GvWm/v/Rv/6/7Wn/mb/3V/8Nmv8wc9+8Vf/T3/1P/0Z/yFv+gvf/eDf+Gf+J//5f/iD/7Ob/FX/vjv+Cf8h//qb/03/z6f/fM/+e/82T/4L/7U3+avLL/6m/6Wv+pX/S6/0x/6X//yv+G3/9v+67/+r/xf/rInv8vlf/Cn/9d/+p/91/4+v+Qv/1Oe/vZ/xs4//uu/+PZ/89N/6Sc/9o9/9uXht//t5e/8p60nP/3PPv9Be/93+5v/tqd/3B/wJ/xFf8JP/y1/yD/3a/7144vJf7Oc/zd/3D/37/7N//zbb11/8jv8nb/O//Wn/zr/xK9//r/852cP/6O/8a/8V/6wf/gv/d3/pL/3P/kjnvyDf/j3Tn+tk+M/sf2r/qJf8p+++aPv/PtN/W+N/rLs6s7/+j/c+Wv+xvTf+cd2f8Vv9V//m7/yT/glZ/d/i7/51d4PXn/5l370E//Gf/U33/+7f5v/4Z/8q17+Hj/1L/74X/w7nxZ/+3/2x/+af+Qf+hf8b//FX/3X/PdHf/v3ft0/4c/9h/7M/+urf/TfefifHP/dzf/5H/9fP/6rvvvTX1y3T//t3/d7/96P/8b/1D/8D/2Cf/+v/Vf+0j87/+N/ty//nn9o53//Hf6FX/Rv/Of/yE/93n/yn/OXfPzn/Hb/xV/68Z/zJ5V/9Z/8nd/0/m/x5/1xr//h3/pv/fzRn/Tv/r1/+t/+d/wZV//59Pf9T//Nf+mXrv+F7/34X/e9v/zhn/5PXx39dT/41//PH5z8+Pd+6k/44/6Dt//nb/sX/R//4n/9e/9f6b/26/2pf+n3/8Pf6Zf+53t/6K/+F1YkT7/0b/tTvvW//4Lsf/69fupX/9K/7s/5fX/j/+tPnP3bf+rv8o/v/s7/96/x7/9Ov+Tsbzh+9Mf8Sf/47/an/H1/yp/yvxz+Npcf/xmT+uz/+Ol3f/2f9Xf+Wn/nd/6p/+JP/Xv/rj/sP/rqv/1q9EfO/+nHr3/Xv/n6d5r9Zp9c/hP/wsF39v/tf+s32P4Tv/OLP3pwufW//T6/4e9T/QF7P3XyT/7q//7//DX+hj/8z1z8PX/Qo1/2+/wFv+CP/22/fPUH/WG/86/5v//kP/eXfusP/YM+/RPO/uLD3/Wf/v0+/7H/+dfK9/6rv+PX/x//vd/3t9/97/6u3/7//jX+yT/xP//J/+4f+vaf/3/+3s3v+9/8t3/o7/8/f/Hf/p5/8t/+x/9F/8v0z12e/Zd/1dEf+Rv90j/rb/hL/pPdKk9+k7/yT/0V9//c87/mt5n/M3/+P/hL/8n7v/zP/Ee//X/8ib9O8eO/+l/6I/6P//Y//+vf/j5/87+69yt/5e4/9uXTj8f/4env9H/d/zd+n1/6r/zUL/0T/+Lfp/jfv/wj/4fqd/gPfus//q/4u/683/MP+4P/rV/jn/xd/vT8d1//xf/qr3v+5x79Jb/xn/M3/tW/z7/70z/5W/7b/+HJ7/yP/3X/1atv/3n57/0L/ol/4PWf+b/+lf/6H7rzJ/6jf8/V37H8XX7t//mfvP/P/f6/9F86+uxf+4X/3G/7d/wZWz/Y/vv/qoP/43v3/5y/4j/4J/6Fn/43L/6Kd3/tf/TiL/3Lf/ru9X90/Wf84s8X/3z++A/+/h/4b/9G77L/+s/7XX7wpx7/b9f/yV9/8pv9+//1f/IPH/+jZ7/oo//0f0rOfo//8s/5X/7e6k/8pQ//5j/79/kV/9b4f/ql8//gn//tfun0d/kX/p63v+m/8/v/4/kftPhtv/N3/dp/4/Zv/3v8qb/Dv/Kv/u1/3K+a/v3/3S/+B//g/+u3/73nf9zyb1//kS//wd/0z/pn7/4P/+mv/Vf8Vr/yf/xT/7fv/iV/w6/7M//pf/wf/ju/75ft9q/4D3/Df/anV7/3P1td/nV/1/++8/v/s/f/26Pf7n/7s//jP/A3+3tO3v5Vf+wv/jv/ie3/4V/7R/77/+t/+B9+x//pF/4tf9rv/q/9O+M788v/5G/++37/v/HfeTf9Rx/9CX/7X/Xpv/v24Pkf/3/9y//Vb/WL/9Q/+H/7N/6iX/p//v1v/9F/8Kf/3r/6v/if/oa/8C/7a/7p//V7f/Uf+8999+Dw1/h3/sr/+eH/8a3p7/j3/iavfuK7u7/01/o/fupfv//3f/7qy9/i7/zff91//V/4A/6u5a+z93f/Hn/v7/Lf1b/GLz/4FX/jX/z4v/v08//09//d3138Xn/i2b/015cfHXzrD/3nHv5DF4//vP/9l/0ff+1/9eWv9fv+9P8y/81/4d++eFyf/mF/QvHs3/izD3+Lv//4d3743/7Df/1/8+o//9f+87/89/8LXvzCf/OPav/zP/2Lf+/Xfvwz/9Ef+Oi//Ff+3eYP+uzt3/h3/Hmzf/zjrX+v+b3/zct/MP/783/43/r1/vP//Se/N2/v/5Lni++cv75z8s/8Df/6j/8bf+ubv/ev+mVPvr37F7z7Pf783+/v+h3/lj/w7/u9funv/K2/9Ndo/oR/7T/5736vs//hN9//Pf/78X/93/0ff8w/+Bv9/uu/K3/5e+b3/5R//u/+a37vP+Gf+B3Pfo1f8Qv+9qu/+8/5yR/8pn/2r/effvVX/InLH/trf/Ef/NFf8Qf/mf/cy3/mr/8Xn9z5rf65P++//y/+/N9g9GP//Z/zS37ZX/v7fvtf/uUf/w+//KM/5V/7pf/93/xv/NX/4V+9e5X/Xv/lUfmLf+8/5Nf7/K/8qf/+Z378r/3Hm9mfUX/67/5Vx7/qy/95/O7H/42/65/95/+B7Pdtf7u//k/8DX6ff/dffPcvHmzv/3Z/yt5v98c1f+i/+j/99eWfd39n+Z0f/M7/9k9nP33+32TLt7/7b/nsn/mH/uenf8pv8J9eVH/PX/q7/af7/9APXv+d0z/n3/5Lf51/7s/+vb/8xb/bf3P8x/01f83vsvwH/7l/88f+5+/8st+8+N/rv/N//ycejH/9v+hXffdXfPy//A3/yb/4C3/nf/Kv/Zurf+5P/f1+n/+0+L/+7f/k3/1X/7y//u/5y/+WX/3r/va/x1/7O/zET/3pD+Z/1uof+rF/4Vu//Cf/03/pJ5L/+bvTF3/63/zP/Pv/+B+z89e/+vey8r94+F/9cX/g//yvPv/4t//rvqj/p3/st/xTfs2D//Nbs3/2D/nX/v6/4t8/efuX/nV/6j/zJ/8Tv179T/xNP/P7/I3/4l/3b9//I/7k3+p//V//lj9x/Hv9kb/q9/kn17/f3/UL/v7/+b/+fcf/4F+9f/TR3/PH/C9/wN9R/Bb7f8D//Lf9Wf/an/hv3v8Xf7//7b/5Zb/64X/31/3mX/0ml//cr/oPf8Ev+nurv+IX/Yf3/8zf4+Qv2f/z/4c/4U/5/sXZ/1T+hhe/wYOr47/z75v/+9/7P//Sf/ev/M5//ved/M+//u/3b/zu2f/6B1/8mr/6b/p3//i/6xf897/yT/wvf98/93+6/t3+qf/jz/tff+Vf+U/8MX/f37H7P/4Hf8U//1+1f80v+hP+3r/5H/9zvnvv9/17/+bPfp8/4ez/+K//uH/8f/udtv77b//nf/Yf8YPL//Wv/DV+q6u/5m//t3+/v+Qfe/r8d/pP9//rv+L6T/yVn/9Ff9WfcPbwd/k/f3r1OyWXf++/NPo7f5ff6uTHP/4Tv/Nf7f+Pv+XRn/bnZn/0b/cn/EO/5v/+b376e/8Fv+bBr/iLX3718b/yu30n+f1/83/53/vf/syf+jd+73/o3/zot/sL/7pf9Gv8Qf/nl69/6tEf+Icv/8Zf49d/85v9A7/mb39Z/g7/2V/6p/6zi3/2n/jkxb/4vb/nj/oN/vt/6GL5ay7/0P/pr/i7f/K/aF7/y6//5V/wL/5Hf+AvePf3/kOL3/iP/+//0//w3/pD//bTf/a3z/7Av+zP+g9/+3/yX/8lf+1/+Mt/l9/yf3v7n5z/6ff/sH958ef9pv/h7/3v/eb/xbM/8O/7y36n3/z/+lf+nP/tj/h9qur89/4b8z/j1W/y6T/1n33r//ytvvrzj/6ZX/Z7/huLv/33+vX/9F/wC/+9v3H57/7Ov8mjv/r//jV+wW/6nX/mzf/4P370pz/9D3+3X3n0X/5P/+Yf/Ld9/9f7/Y9+u7/s7/57fpfLt3/Gv/fd/+rRb/o33Pv+0z/o23/47/gX/42/+/92+j+/uvtbHVd/5X+794/9OX/ub/w3vfhLf/r7/+lf9U/+T98+/Bt/6V/6x/yK7/8Hf/of+vdenf/RW5/8bvk/9c/9Kb/18je4f/+/+2PXf+U0/fIP+WvO/or/5o/9lfnvcvJ/fuuv/9P+mT9z92/9g978gubf+XO/e+feL5z/T7/6T/rPf9v//Hc5fvNTn/1lf8qjf/Mn/urfZ1T/Hf/i3/VL8//j7W/5+svtP/nz37c5+3X/uL/zD/9jf+c/5h9bH/zWv++f8hv8ir/+j/ofHv+xV//I//A77/55s39j+t+dH57c/Vt/0//2P/jrf+G//OcWe7/33/KP/m6v/oh/53f+B/+ev/KXffatt/nvvvpt/4Rf/u/+57/5v/NH/ZO/yX/2N//vl//X3/YnPxv9Rb/Wg/rXf/Loj1n/7f/sP/RL/6s/Ze8Hf8Jf8qecpm9+4q/5a/+HX//X+Z+/91eu/+p/5l/94/7+f+X6D7z+XavXf86/9j/9dX/Edv7dx4/Lf/Cf+r9/je/8xcUvO3r0x/y9099t+o9d/re/xV/0b+38w88efusP/Cf+qH/68B9b//jbb//3v+Ev+ok/469Y/nfFH/bLvvjxB7/rH/Put/pn/+xP/93n/9Avf/Z7/OUPVv/JX/z3//h/9/r//jX+rj/wT//es+/81B//t/6Jv3Lnr/yZX/dv/C3/7j/vP/j9/4N/70/4U3/ff+o//a//rv/0l/+Nv+gP/kP+8M/+tIv/5W/89f6V//vX+E//mX/vT/mxb/2m/+U///TB/l/zy5/9eb/XH/Trfu/Jr/uTf/Tf9V/8+f8ARVB/2F/w/Nf7x3/RPzD++769/VO/z/fKX/R//HNfZt//7L/7q3+jL3+3v+Gv/h1+rX/un1v9Gr/z2V/5v/2B/9AX/8l/9W9+9T8nv+Ef+Jv+I//BT3/v9/r4T/tXtn77X3b+2Ve/x9/zl/4pv8mLT/6C5m/+N5/9+b/i8Yv/8B/9v37X/+2P/Wu+/CV/efGvfD79Lb71t/0vP/M3pz/xB/0+/+Kv8z//S7Nf/d2/+r/6B//W/+tP/yu+98f+g7/1f7v8b/6+v+fpr/v3vf0Vf/Kv+j9/3fJ/+wv/k7/8b/hjf7N/9e/7zavf5N/69f7hy//5T7zzB/63f9ov+Q1+5eNf/Av+9v/0F/xu/+Z6+/I//Rf/jbt/Q3X++L+4+vf/xb/pv/o9fs3f579t/vLPRn9i9kd++b+d/kX7f/CzP/2v+Wd+31/niz/l3/vvf40/8Lf8P/6Zf+wvPP5j/s2T/+l/Wf85v8d/9zv/wvQPW+4UP/H3/o31UfZP/oJ//T/+Bb/183/vi/XWv/87/zl/9O6//ef9T3/oL/sv/6e/4d99cf5H7Pxm/8Of/Sf8Pn/uXzz9Z3/L/+MfTH6LXz36K/73v/Qf/HOP/7eLv/Z3nf4l//Xf8Y+8+MN/m+9Nfo/f/A/65Bf+37/Gf3Txh99/95//ucf/+vnf/jt+9595919+75/6lb/5n/p3/RrJH/yv/o+zf+P0X/g//9o/7z/+u/+zy7/+9//1/pt6/r//d7/tzrPf7fJXPf77/92r//Jv/j1+6nf6qX/7T/kr//1fUPwn/+Mf8g/c+Z9++d1f9Bv/Tf/af/dv/qn3/6C93+yz3+fof/o//qi/8cGf86+8+XV+q4P/9X/8/f+if2P1+/97Jwf/+l/+t/8JPzb9h/+Ef+7v+a1+5+a/+FN+0+N/K/nPH/8+/9N/+w//A7/Hg9/iv/4t/uG3f90/cVT89b/qN/rF1e/3x/0e/87v9Kv/pf/mO7/Hb/4Tf9rF3/w//e//yC/5Df7y7G/7jf7n//Ptv/Yz1f/0K1//T3/DX/a//uAP/1v+x4fzP7+e/mk/+Gv/wBd/+z/6/f/6b/gTfq8/5MXD3236y//66Vf3ftvD3+PdP/oPf/zn/Sd/3h9a/Hb/1Ed/3e/12z85/q9f/t3/zrMf/AX/+l9y9tPfvfeD3/bf+K//hH/7N/yZf/Sv/oV/R/kr/u7f5+lPfPTw8bL5Jym0+7u/+qeXP/jBV796+p//Sf/VT//Jf/i3f/e/+1/+/t/wt/+Vv8+f+9//wl/xl/w7/+3oL/m3H/8dv84v+Tf+qf/yx/+CH/ybtFTwa/0Dv/A3/R3nb/O/+u/5jX/wr+zk6f/8i36XL/d/8S//jQ5/l7/+Z/7Zv/inf/rlj/8Bf/V/9Cf+1Be/41e/4Df8n3f+9b9u/H/8Vf/xLxpt/UF/6//4e1zv/kt/9W//6/wWj371T35V/Lv/wclf+hP/7L/3J//K3+avXlfFX/n7/r6//3f+pn/nH/vD/7M/+e9Jf+f/9rf5d/7jj/+QO3/xH/A/f/sv/pf/yP/5zm//6/8vf93v/Paf+HeWf/H/9Bf8gb/FT/01//zbq+Vvc0A5793f8D//kz77TZr/7sf+mt/jN/oV8/t3f6N/8rf6bX/hf/F7jY4/+VW/3+/9773Z+TV+i3e//Y//Hv/dn/NP/BN/9V/wp1dbf8+/erz8/X78D/3lf9327/83/OL/4m/4r/6VP+0f+F9+x6Pf959583/O/96/89f7j6rf5Vs/80/+t//WTy5+nz/39/uv/pG/+4s/+aOzf+03/ucouPmN/sr/4T/9r376f/2L/rA/5Rf/BX/7n/Sf/bV/3h/zr/wWf+vun/Nl8+TfePOb/nN/we/1i//Pf/Un/sPln1L+mb/FL/rXfrL5O74o/qE/4vf8Q3+7/yhpfuujf+Jn/qd/6p/79C/9zf+7v+xf276oz3b/kf/uL/2rv/qFf8+3//Pf5p//8b/x3z/+8/7En/5n/437l3/H//Q3/NXbf87h7/9H/U5P/6Df4vf6k37Pxz/4Lc/O/p3/9D//4/+7/+Av/8Wf/cvfu/5btpL//m//wX/2Kz/+K1/86d/5XX/R+K/6W/7tP2X8x/42J3/BP/BP/k9/3e//R7x6+ze9+03e/X3H/+u//Mm/P/l1/75//+/7Nf7Q61/1d/8T/8Nf+Cd88lf8S8eP/rqH/+I/89v9X3/6v/z5X/vwb/4dt/78n/kt/unf/e9bjH7pmz8s/1Mf/ju/+I/5sYd/xZ/xy/+K3+avH2X//L/3J/6B3/kbf+bif/lH/6H/6teq/6v/9k/6b/+9X/w7vPwnf+fm7Hf9P//VP+Hv/vX+trcnv/Vnv9dP/71/2p/41e/xz/x9v/53ql/+G/5+f+mvnP6N/8rf/3/9c3/I5F98ce/3+zX/yt/1T7j3G872Xz1++rt8Nfk9/vLm9N89+Vv+ir/j/l/y8Hf+6Te/71/w05/8on+++H1+6s/9o/+N+4fPfuz8n/z3f+Jf+9f+mZ/8nX7Xv/ri+H/6d/+bf/M3vG5+m/9+79/+p89/5jf4lX/Vv/Bf/otf/X6/yeHf8dlvvPo9fsufqf/3/+5f/CuK3/0v/Zf/kvrH/rP7/+qv/Sv/3H/3X/qlv/Dv+Rf/mEf/afHo8S/9Xf7m5nf6N3/6d/u7k/+w/j3+4y//yb/6f//V/+Yf8+3f7uFv+Mf847/fr3z01/0pp2//kNXnP/XP/N2T3+5/n/xt//mTr/7Wf/z83/tH/rPf6Tf5wW/0K/+a3+HR4rf4XX+9Pz377f/bX/TJ7/sPHP41v+Q//Df+3s9+rX/p3/vitzh69sv+jP/712jX//evcfQr/vnf7o/7wd/22/yxf/yf9L3Pf7P/9Z/+7f+vv/3f+Ycf/deXv/LBr/1/Fn/c57/BZ//0Z3/gd/6s5T/+4C/5o97+sj+6+m3+nX/t1/tz/+B/6D/6xV/d/w2nv87f+sXf9Wf9wRe/69nysz988b/dffbgt7n6bX/Zb/T3/hZ/1Pf+3T+j+q//t9/hL/5FKzIH//Jf9O98+RP/B6Xmlz/5743eFj/1T/5Rf1+1rv6A3+fH//ZP/qz/9PUf/vTlL718/F/++K//F/zZ/8Qnv/fpL/6Lfv+//q/9L/6Dd3/Ueuvf/vX/5T/4f/iNz/+3z3+fxa/1v/5ef9ofdvY7/tV//F/6L/x7f9x/+Tf+G3/5//zb/M0P/pi//a/6y/62P+Lb2b/1d/zPf9HiX/xd/+nP/v5/52/8i//UL+79K3/Av/4z9/+Tv+r8X73/R3367/0Hi1/22//dv9bvufP3fu9/+/Kv/M7//OUf/Rf+Jn/Dzzz8wZv/4c/4V17/X3/iL/oTfpf/88/45dV/SbnJv+Hf+B+f/s+/7p/+F/zF/+v3v/VP/MfP/+T/4Nf4ZX/N3/X7/12/3rPf+7f4Nf/bX/m3fPIv/X2//V//B/4j3/1L/q3/6pd+60/+k/+C0f/x39zb/SeTs/9s57/5Df7LP3G5Wv30f//b/DV/9U/tHX3+r//1v/0vXD/9OPvk7/8jfr3PX/76f+Df+J1/+E/56Lf7Lx/+j3/q7/cr/udP/uHX8//9z/ub/q7f4jd78Pm3/oZf56/+C367X/y/fvT3/YE/+a/+B3d+g9/+32v+zT/mv/rL7y+++PMPf/w3/YPu/NN3fvJf+D1/q2//1u9e/13/+//6V/3Nf85/+C/98//Er/5zfvJXPjv6rbKz//bf+zdf/h3/80//75/8O//Rr/dP/Gf//R/xW/+jf+1v/R/9BZ/8Rf/S//if/ZEHv/ov/Qf/xn/13/jD/o1/7r/4q3+9v/37v8lf+h//en/n3/I7n/yjP/XH/r6/wV/xz/0bf9Ev+PE/7zf9s35Q/6W//G+s/rfp7/ZTy7/3F51Pd//A4nt/9l96+Bv8Pr/Db/MPp7/8P3r4z//Mv/zXfv+f/8v+w7/+X1v9Uf/l33OU/ekvvnP3yV/7X337v/kl//PvRybnzy1+/T/q77u3Xvw1v+Nfv/fZP7H9n57/63/G48WP/4V/1n/++a//53338Cf/pX/jv/53rv6Wi7/9JP1j3v1n/9l/9/A//eP+jb/8X76X/dmf/pm/5v/+X/71051/7w//RT/1L+3+kk//tb/glz75u//33+GfuXj6C/6I/F87/V9+jb/uF//9e//z8Z+eXvxR9T/3G/xHyX/71//1P/Nf/3rvfuKf/uv+wd/y9/vr/74n/8Hj6s/835o/8U/9v3+Nv/H1b/Pv/i2/1b/yE//FxejZL/qDv/fb/Aav7v2uv0v7i36fv+NP/vX/rj/61/y1f9E/+c/9ou//1L/9S/6Cf3Xv//iLfuN/8S/4R/72v/qv+CPerP+1/+Jv/31+o5/8b3/BL734Vf/uf/3v/DW/z5e/+e86bv7zv/A/+Z2/+x/8hX/13/xnFL/z3/ov/i9/zV/zZ/+Gv+oP/v5v9af85//af/HX/Lt//r+8/I9++z/vW//cv/o3/k9/6p/3f/3t02//HX/Kf/gTf9Y/8+d+55/8g/9DckH/21f/zu/5m//af+ev/W/+q//Bn/uX/Ifb//o//i/l/85//rf8fb/i9/tD/pgHi7/hD/6jvrP7xf+w+G3/qj/7T/jBv/Jb/vM7f+r3k49/7T/rX//dfqPXf/9fc//hf/t7/Xm/+Xcn45/6W363f+jv/5v/8Xd/x1/+Y3/b//yTf3f57sd+8Y9v/a8/c/B//xr/0l/7b/1344/+9N/3H/7Wt3/tP+C/+wNWv+Tgb9z73/7YX//fflz/qX/j//73/ur7P/N//xr/6rf/afLF/oQ/7W/47ef/4k8czf+KN3/nb/83/I3/6G/46/5df8p/87/8Bn/FHzqtftmv93ue/pp/1h/8vyX/+fZf+J//1n/vf3L+p579b3/g7/4Pt79x8zv8I39W+Sf9Pn/sX3D4M3/pb/3n/YcnP/X2r/5P/4Lf7V/7L//1X/HP/rO/+o/49c5mH//Of9C/ePz7/BW/8T/6i/6b67/kdz/8p/7a41/0B82/vfzuv/zbvzr5p//F3/8Hf+0oy598/jv+kb/sr/99/qT/7A9+85f/wf/e//HHUE7vvyt+y7/oL/zP/+df9//4437w0W/+/d/kL/rJZv5X1b9F+s8dLn+P//On/7m/+2/7E773Y3/DH/aHff/L3+D3/kv/oV/1x/zh23/qX/Br/Nf/YvMf/nlfJn/ub/0n/vd/52/46/+pH/1l/+3f2aTz3+sv3fk9/qFf9Cv/4F/+K/66//pfuPP3/uk/+ef9hf/I5YO/5y/79Og3+mN+w4vf8JO/6o/64/7jP/jx3/x//cyv/jd+vT//x979xB/82/+Zh7/kD/qt/9n/8L/5V/+bv3cx+gOe/31/9C/7B/+n3+tv+0P+4n/wjz6b/sP/6Z/w9735Df+aL/7K3+fJ3/nb/uH/6R//41/9UX/Qb3Vn8tf9Yasf/Kb/xp8w+/f/0T/93/59/8d/7uRXP1x9+0/7m57/6j/1j/nX/o7/+Tf5Y//j3/r3+md/+b/f/sm/6if/jv/5N/r7/rovR80/9Gv8or/wv3j7z/3yf/G3+28e/La7v+Qv+bfzv+33nf2f/8Tkt/uP/sTfb/ff+Dte/AX/1/1/87/7d/7137b8zX6X3d/+7/ryz/vz/tRf/k/+2n//T/9lf2M7Pfg7f8ffefzX/ye/av2X/TFv/4jv/vG/yf/2l5z+I3/FL/7Pftlf2Px+v+Svf/vn/GdXf9Vf8d//d7/h3/m/H7z5DfZ+01//F/8mX/6nv99//x//gb9h8YOf+nzvr/x3qt/yd/n7/rTVH/l//un/1e/x+vv7//lyOv8bfuvzP/of+F++/eDO//6H/uPt3/P7/jO/8vH//WuUf/FnP/FPfvoX/5Xv/tV/5I/7Pf62n/xlb/6OP/l3/X1+m1/rDzn7Y36tF4ef/EZ/6L+19xd+53+6+9v+V//1b/2v/Qtv/pdf+h//i//M57/vr/6//tC/6W/8y/f/w9+w+B1+6V/+2X/+x/3GP/2v/iN/wLv/ZPLj/0T9m/wH/9gvePc3jv+3v/mv+O//5L/hF/3tf/n52e/52S/8fS/+r//91/ldmj/nP/vzH3znp/6Cv+F3+c3+2rsn/+Wf+5f/u7/r4+Sv+fZv/Vf/tX/ab/m3/A3vHv/Pv8/v9sf9z99Pvnvyi/6m//gP/af/65/86//L2T968Qe/+df+s3/tr/3oj/ur/7N/9cW/+2f/09//HX7qv/sbf8lfefrgf/pH/t0vj/72//b3/7X+jx/7a3/fn/qv/4Pf/V9d/1nTP+z3/U/ePvy1/9A/7A949+Ppf/YL/re/8c6/+tf95X/v3/5n/wu/0U/8rvVv+jv+zf/Cv/zf/zdv/4P/+9fIf8nx//D33fsb//Efz/+Sv//s1/87fvmP/3b/96/xB72p/4Mf/Ip7f9qvuvMP/H5/5N/3W//Tv9vqN/3ob/yvp7/0L/ybmr/l2e/yT/3r699l63//yT/yj/xP/5M/4PNf8x/+Pz/5C/6Sv+XTv/yv/sEXf8ffMfs7f+3f/qd/2d//6j/+G+7+guLh7/Y/ffbr/+WXv1/6d9/9HT/6P//l//3P+U8+/uN+1R/2d/71j37z/+bFRz/1e//4L/pd/vd//Df6I/+qv/4nrn+3/+k3mPxd19v/y9F3f7/P/45f/Mf845OTP/j7v+kf+d/9Dhe/zm/6Z/w93/p3/s2L+7/Vv/u33Pn3it/26jf4/f6Dz/6jafo7/S7/yF/z+/zbh//031n8R//pr/f3/J/1r2j/3uP//E/6nf6Pv/pX/A9/YPKX/qW/5M9ffLv5z//Z3+F/+ev/tT/x9/9Fv8+df/ZP+vf/1T/y0bf/8X/zz/t3v/e7/dj/9bdM/6bfdPl//xr/8evvPfmT/ok/6Ft/xFf/7p/08K9J/vu/6u3r7x/8n//e5z/9mz5vf5d/42/73//N/Ler/7Ff9j/ff/hffPI7/Qm/yW/619//E/dn/+qP/fV/XfO7/kH/052rX/Qf/KW//h/85/zYb/XP/Q9nP/0n/+P1dz76Xf/M//G3/u3+vV98/ndXf+xP5n/b7/X9V/d/1d/23/5B/+L//Wv8vn/Zr/od/6df56/+Pz75y3+3//lP+Ev/5J+s/vrsX9//d//Ywz/5zxr/JfO/8L/6R3/7/+PR//Vb/7O/36dXn/1G+//aX/rP/lv/y2/48b+3+1O//2/57S9/43/4d/jlb/+M3+P7f81v9Qc++of/lX/s3/gbt//y/+An/5t/4dnf8Wf9gX/bH/nb/x8/+L/u/8s/85Pz3+1f/uv++b/vy1/wT/7Jv+/f/C/8F79q7/O/6G8ofvmj/3j6T73J/oSfPnvxnT/52a/x6/0lv9G9X/7X/Fe/za/8o/7L7X/9D/zWv/k3/0vVb/envPq8+Z2af+SP+nv/lHay9+C//M/Ti7/xr/ik+UeOfps/9Cf/6OXf8Mf9tcmfcfZb/2t/1b//J/9tf/Gv/+f9cf/T6Q+++tv/nH/3H/td/+Y/fPLVf3q59x/++ZP/8cd/8V/1t/4J/+rjB3/tX/9Hfe/b2//GV3/Bqz/8f/tNf+2/4j8cn/wfv+SXHPyTf//53/iP/vU/8+89+d//8L/57/5b/6jpr3z6T336B//hL3f/q1/j1/kvf+v/6j/5d5Z//f6f/b9Ovzv6K/610Z/12V//r/1Bf+i//A/8AX/goz9x9sf8r3/m49/wqwef7m3/Nf/ut//OX/PHf4sf+83+ib/71fXD/+zv/P3+9D/zF/wF9d/67/2z/8WjP/3X/LN+5q/9U37pf/N/nv2Kv/GvWb4+/Z/zv+lv+Z/v/2G/18P/ePxy8Q//77/i1//lf+Od/+3P/4/+3r/xx/6uv/eP+NeXoz/hn/qL3/1bf9Dv8R9+fPA/vPsffrr6pz77Xx//0//UH/Ob/65Zkv66f96f9zv9Ef/RH/rv/u2Hz//+v/e7//ev8Uf/np/+xB/UNH/nb/Fb/I4Pv3z+B+39kt/uT/jp+3/b2z/6Z/7Z//S/+Hv+y/l/9Ufd+/N+zf/wv7n+T/7y3/RPz/+O3/7hj1//C/f+xH/x/pPn/+v/+Gu8+6t/5skf8m/8x09/h39t/nul/9D3/rCf+Gf/qv/ul3z+D/5O7X/7d/6yP/RP+sX/5j/3vz74I5/8a3/Gr/oFX/73v/fev/yb/8q/9E9q/4O9nc/+qIe//X/65/zvv/8/+uBPevdP/qOf/uDf+PP/9tmf/YtG1//Fw1//N/rDfvFv/k/+HZ/8JX/4L/391/9dPVn9DX/Jf/En/Kd/55/8H/zdv8cf/b/+qz/9D/wub3+Dv+QPOn/48R/9j/zS//l/+PHf/qt/8Vf/Xn/6//hv/jt/zyf/9T/+B3/0P/7K57/HH/Yrfo8vf+pfKH73f/0v/Kf/9j/qb//HXo3+5jsHv/uf9r88/F//xf/8e/9J/tv+Ov9C+Vtd/A5/3P/2P/5kfjn+g7I/4b/7T/7mf/ofv/wLf8v9P/1f+j/e/vXFv/JXH1ftf/PXPPp1f4+9X/Z//bfJf/r7/Gm/5d82+13+qZ/c/TP+yL/xd/2D/tQ/7zdK/px/Z/fvWv6Of++/9nv903/1n3H8u/wbf/3v/vfu/fn/6+dnf+W/v/3Xvf6Lf9Wf83v/M9/63/+UT/6t3yPf+qnf+e4/9sf9h//k7/53/9r/7m/xx/1fv8e/8vf9gn/4d/sHrn/7P/enP7p3r/0df89/+tf+9/7Nf+k//Ft++fg/+G3/9bu/22/34Lv/7O/wvy+e/kO/9n/99/0xf/m4+Ev/lL/u4Z1/8E/+5b/F3/g//Jv/9et/9/vP/+D/5I//iek/+bv9Js3z3+XyL//b/6i/rfz8r2/+hX/y6fjJ4t/5L37Pv+bH/po/51/4I0c/8WN/0l/8x/96v+/Fr/f3/LW/1/oP/zV/7f/io7+7+m1++p/4fb740//u//Pf+b9/jb/u6K/8l37Jt4q/++FP/fhf95f+dr/fs9/6r/9z/8VHf81f/fCzX/T9//4P/9suf5vn/8pv9md9/5/7Jb/u9H/78r/7dx//nR//9yd/3u/xi/6bz4q/YPdf+1t/y5/6x37p8T/2R/5r//tXL37F7/7PfHH46q/855rf4X/9K/6dP/y//ad/5fR3Gb39r/7B//MH/87/9N//cX/nv/x0/A/M/5OHP/njf/ov+LP/un//N/3On/K//KJP/orpv/Db/nv/5uu/9sWfs/6T/tY/9I+e/faTw+Rf+Uv//r/69/wn/pz//MXffvI7/F//xb/zX/wPP/m3Pv29//Q/Jn/24DdbffHd/+rOH/sH7fx6v+6d//r7f/Of+K1v/7K/fHzdJF/s/Hm/w+ov++yn/7l/5h/9g7b+/T/m/Aev/tX08vqv/Tu2/+7ffvcf+dd/rV/yG+/8Xr/4t/7vftPf6m/+JX/c7Pf6see7//evMX/wV/3yv+6v+Sf/7Hn1R/5Vf/FnL36P/+Qn/8z/8y/86//d/+Zfvvu/f/a//WYv/sC/e+9P/NP+71/jH/oz/8S/5l//A3+Hf2L5f2z9wn/n3/3qP139W//R//DH/gW/9K/9/f70v65Yvf177v8bf+Hq8i//R7Lf7Xee/tK/6j/9936n3+GX/bdn/+P/8Pio/Z2f/kGL5//S7/Xr/Qd/6ie//m/0m/6+v/X0T5z+fj/zL/5+v83f/Z/Wv9Onn/3093/BP/LF51/9HX/rH/Q7/7J/6jf7Xb58/ater7e++Pv/uT/5wX/w7KO/5y/8w3/Rn/Fv/A9/xejJP1z+k3/jb3/+1e/yL/yR2+M/clH+i1/9zX/zn/DJu/K//1v/s6d/8fGv+BW/8C98+w+8/bt/v0/zv+2P/ZW/5x8wefbf/N6/y/G/+t/+1L/z/Nf+p/6936T553/3f+43/O1+7HcY/QF/wR/za/zWd37F7/gn/JUP/vp3f8g/+Xz3x/+pX/BfLP6DN9+uv1f9vn/BP9T+F3/Lxf/8O/83f+0/P/11ftM7f+zPFJ/8zn/c5//Tn/eb//PXv81f/5/85lf/6dn493zzx/xef8fv/Tf/E//ar/rTP/9P/+Gj/+zP+W/++7/91/7Wb/DL/oSrX3j4C/6Tv3XxP/zx//Fvtf4HftP/7U+++Ov/nu+9fdT+PeU//7/80Wf/4Y8d/bl/85/+f9Sf/bf/2i//e//eX/znH/7qB6/+8X/hz7z6Bf/a3p1f59d69Jv94Lt/8L/9nR8vfu1/8u/5V/7T9G/8lb/dr6Bo7pf/Lr/mf/Ov/L4/9Q/8uT/zj/8xv+m///C/+T3/+19V/x6/w2/79/11/9i//mf/oz/ze/1Pf93v9zv86//AP7/zb89+s7/v1T+d/mN/6Gd/5Ktnv+c/9E//j7/vr/vf/y+/87/87/yu//A/VXzvf9z5X3+Xf/T/+G//q7/xj/5tPvlPfo9f5/eqxr/x//nn/lj6p/5769/lySf/5e/49xZ/xuUf8i+/OvkH/9lf9hN/6J2H/+Sv/1d89t8c/c7/yD/93/zkr3fw8lf9YX/Gw/Q3+dv/6v/4v/23//v/ovg//qzfYe/Fv/Xv/U7T5d4v+h/qz/7xl5/+G//r81/6b/wj/8l/dLH7efrJ7/hH/C4/8x/9kb/Ob/LHfP77/e1bf9ef/589+dV/ym/1L/6Zv9Z/Pv3jPj3b+vt/jX/xL9//1/+Z//xf+Sf/6ncn3/7X17/4x6q//s/4PcYf/1u/0Z/yB/y9f9Bv8uv/qx/9HX/bH1n9HX/dq7Pf7ep3+/t+n1//1/19/vQ/89f+V//U3/cv/Ef/wd/50z+2+EVZc9E0+Y9f/zX/8n90vfgTfvAf/QH/0Xdf/2W/93/43zz61x79df/SwZ9w/W+0f8xHv923/oxfZ/YnLv/2v3H3z/1jPv9j/o8f/K27/9vf82/893/ob3n9V578+O7k3/2z7/0uv8cfsn39vdW//j/+/n/bX/+n/eY//e/c/bfHP7l+++v/mv/If/QHPP8P/5M/8Fv/0/Wv8S/8Gv/n7k+d/N5/yd/4L52fHfwuf/nv83f8bf/Bv/uXPf7Bm1/0B6zTN3/L93/d3/fzX/4L//az7X/uP/vPfvmzP/z/+Gt/p6OnF7/LL/w3fu3/8C/6P97+t1/+wf/7g//18z+4/Q0vv/hT/unf9t/5z37B//jLftN/dfEzf/N/9FnyxS/+J37qxZ+eLv7O3+J/+DN/j3/0d/jj/4Uv/4F/6e1//3//Gr/pP/aX/nPt7/lX/UUf/RoHv/a/+r/84/u/vH74yfb0ix/8uU//42dvv/f8j/0/KQv/5/0b3/kn8j/g7/61j/72v7FZ/R2X//Vv9TP/9N/5a/+7/8Hf/dcc/VH/zV/x1/+13/rf/tjXv83lP3HwL/6Pf95v/if/Hx/9Xb/+8q/8G3+PP//tf/Pf/vi3/5Xv/GP/2a+4/+UXf/Of8r/+pz89fvM7/Ad/yss//t/+p3+/F3/Zf/dT/9Lir/x7/sR/9hf9af/Cd/+132X67/w9//Qv/3t/63/1f/39/qCXv9Hf+qf+oX/hX/97/6t/3V/6N/+d//Sv8TvVX/70X/Xgv/k7f8Hbn/l7fjD71t/0nyz/3T/x7/wr/8vf+8Vf+qf9DX/bo//4iyef/je/99/9p/yHz/+W3+LX+TXflH/8r/8H/vR/Ov74+j+//t0eXj683/zE3/3R7sVv9S/e//tefOfvXT/+837Tv+h3+snl27/1N/7yT28++7f/i//kv/1l/+yfXv6Rf9x/9Ppv/XP+xP2/6A/+/sfbf/Sdv+7hX7b97d/vD/q7v/u3/1Z/6F/+W//kvd/mTyj+7v3zP/h3+Hee/8d/62948eN/+v/+gzeP/sc/8p//1/+lf230Hxz8D3/LH3Hyu/4jf8c/+o/+Ln/Jn/G7PP/BV7/BXzb/y7978ke8/pO//yf8+b/bd/+NP/dv/tOyv/1f+xP+gr/o3/xNPvrz//x/8fWPfe/Prv/+f/mXPfjHv0iL//1P+nv+9vxP+Teqv+u/qv/6/+r4f5/8hf/Tn/6v/w3r9fJ//af+rX/x5d86/gP//B/8k3/Uz3zyO/9ff/If+B//yt/zb/nHHv+zn/7fv8bFw1/7V/2J/8Tf9/o//uf+luL3e/wn/BO//Lf7yf/yn/ubfsm//9V/+IfTivU/8m/+lj/Y/8Hjv/fef/0b7/3Wv83ur/M7/db/yV/73/70//yP/C0f3fvTf4/1L/pTf9X//JOPH/0+f92P/+Tv9Df+M5//5W//+fnyd83/iV+y9eXx3/Yzv8d/8hsf/V7fX/4n/8rv+ZPfvsh/+X+2+7v8xX/DH/Ev/Cdf/ck/88/9tX/1v/gv/Zt/6f9x8T/N/thf8n/+rRe/zX/1nx/8eb/mr/xd/sP/83/8L//Cn/i9f4ff9I/8F/+ov+36t/lH/4t/46/7M3/R3/lfLT/6Fb/9//W7/kP/+OFf9Mf8HX/kF3958T/9N49+0b9W/sW/7C/9h/6E/+XfPPjWL/n8V3/8V332J5zO/6u/5/Rf+6l/5C//28rJr/0v/B1/zz/5z/xDv9N+/Zv+x9lf8Bf+6dP/4+Hf++d++1//k//lHzv/Vb/9b/rf/Ab/1x/x9/+J/9jf8Sf8zNGv90f9zb/nv/rl7/j7/k3p3j/5F/651d/9O/2S3/j07/7+v/yX/sw/+3r07F893f+Nfr1f+cc+bv+9f/D/LP/Nf/4f+N3/rr/vj/yJv/df3f7oj/g3fuvmt/pTvvdHfPdPu1j9FjuP/8TyN/nTf/k//of+ln/1P/yvPvzxP+Z/+gd/x//6b/l93/2Zb/703+Hw9/rtPl7/Of/F43t/9Sd/8t+z8w//2c0f/Ccd/NP//KO/42//t/+8q7/l4Hfc/23+3t/x1/ni7/7OX7N1+fGv8yf/Cce/yx85/d4v/QX/yv/1b/5VJ4sf/ORv8yfd/dPL3+63eL38T+rf9Dfa/Vd/6z/31/sb3+bf+gf+yN/mf/3JP/Gf+3v+7qM/4Df5NX+dv/Gf+Rt+K0rF/eBX3P9X/re7T//Wf/D3uXt/6z//+/7M3+43/6f+vd/11/8jTv7Ru1/+fr/it/pL/vPf7fu/z9Y//HeU3/vfvvMf/Nu/zf6f0/yC/+Tf+lP/i6O//+3f9D/9+//8f/6n/a+/zW/zr/4t3/uxP/k7//2v/xv+vf/Ff/k3Pv837zd//e/zX/1D2//CX/zX/dv/2O/xh/wv/+h/v/sn/qV/xZf/7ffv/sE/892//O3v8Mf9Sf/13/lv/Dt/3P/0dDb/V/6d+Z+w91vV/+iv/Wf81v/Gf/xbX/3N/8Rf+Qv/zTfXf+Z//9t+6xf+9X/Zk9/71/6t/6DRvX/q7o//Sb/Ht/6nf/r3/W0P/tP/9vf7u//n/+W/+OT//jX+qH/n33n26T+6zP6Or07+oMd/15+2878vR5/802e/4z/1a/xGv+Af+Wt2f+av+ne2v/9vfXvxl/9df8BvtfrFf8Gv8df+rf/uX/EX/k3/5c/8k39h9vIv/6//8O/8Y7/e//j63/k7/r7f8C/+C3/z/+2v+Df+nV/2i/6Of/HPrZs/5Md/v7/vf/0Xf41fUvydv91/8wc3Z//r53/g//THfvmvt3/aH/hb/lF/8uzvOfmN/+o/4379X335z/3DX/7V/yktzP+1v/z3/hu2f/nf+3v/j7/97/A//rOvDz/6dV/9Z80fdPC//h+f/PN/36/9V/yx//4vLf6RX/9fLf+RP+x3W/12v+Qf+wX/UPO//aY/9St+j7/nL/tz/rR/d+/P/xv28l/2Z33+T/3OZ7/1X57Pz3/m71g9+lN/4r/+O/6K8u/+F37jn/o37v9ei1/wL/22//Cf9H/+U//kT/4e//Hv88//sqOv/u6X3/nkz/neb/xv/Ed/69v5f/Sn/9Z/efN3pL/Jb/I//r7/+1d//t0v/4h/5N/7aOvf/xP/7L//i9Xlv3j91/70X/If/0F/6l/4Z/3m/8sf/n/9V3/Dv/DP/Pb//X/0J1cXz/7Wr/6pu7/yD/offux/2Pqrf/1f959d/eX3f+KX/d5/9p/4v/6xi3/xf/8d/sI/9+/8c37J7/Hv/19/4Hf+8f/51/ub/r5/5/f5O36zX/Tjv8n/9Y/8Jf/mr/jP/+Qv/oa/4D/8e/6JX3D6nx79I3/3P/T2Zz77Tf/2H/8zf8s/5lf/Zr/6n/47f6P/5E9d/VW/7Nu/8dUvWPzRD+r5f/j8vz37Q4o/4R/7c//43/4v+7X+/D/09/x9frNf+x//Xf/3f+WXbP3Df8293+hfOf8z/tzf8886/+t+n//2wf+++M//ln/41/kt/uv/+9f4X/79B5Of/Ph/+4Mf/6J/8rd++ee92v3Lt+78tXv/9b/w8k//l//9t7/ZH/vn/qb//e+8dzAe/6d/3K/63f+X41fX//V/+Nv/J3/f6//0u3/Yv/+X/on/2P++n3/5G7e/Wf3HPTr7J//B1//tv/iDX/7lb/rfVn/5v/i3PP/7/9K/8M//9b86+kv+nr/3T/ubf4f8n/tffutf8um3/9k/7zf+R3+deufRf/mv/H1/zC//y8/+m1/8b/30//zX/46/4uE/+Ef84F/7Bb/bv7T9N/xD3/4ffqfF3/Xy+vf5I/+D3+5X/up/9F/7Hf7H7A/b+s+a3+/H/qrf+/f7Pz75n3f/tf9u+uf8p//ob/vP/bWjT37lX/Iv/vjf+D//Jqtf/Cf8pvf/+7/nt/lb3/41/87J/b/uv96v/4b/6j/7/f6E3+Of/Ncu/4bZf/8X/yv/1Pr//K2r//4v+73/t//wD/pv/7bf7L/9C579pn/jd/6Xv/73+of+zN/h9/sb7t/9jb/8z77z1/9dv+d//7f/Sf/3r/G3/Pv/5N/8f779937st/vr/v7TyZ/6P/5FH/8bf82/+Zv/F3/r7/MP/9V/8z/w5/w7h7/xL/mtrv/lf/IP/Z1+1X/1T/7Ov+nv8n/9PX/73/HyD/r3/ql/7j/97f7h/+gXJ//h3/vH7P4pf9H537x8ce/P+bv+67/o/i9q/5Sjf+9f2f0dJ6/++3/xxSf/5e//m//V/8b6i2f/80cPfpv//uO/8JO9P+lv+iMmf/Hf9Z//adO/Yfef/8V/5x/9u/0Fv/Hv/N+1//evsX3/i9Pv/MV/avrRn/DX/Vu/zn/6d578G3/flz/xD/5xn1/8ZY//i1/96m/6e/+Xr/613/Xv/IN/+xe/5sG/9930T/k1f/zX+eV/+eE/++8/ffZP/933ftvn/+o/+s/9Rn/xH/b4nxj/+umf9IN/8s+b/p0/9cv//M9G/+Df+hf/Hf/K+vf65OKP/s4f9Xf+1b/+X/DX/dg//fHf/dctfuF/+4/8S//wb/j7/fv/9d/52/6hsz/hb/n3PhnVv+4//Bvc+4P+7n++/c3+m3/jtz3+B//Wv37/3/7XXzz41l/7H/1fv/W/+p0/5k/4O/+1//Kv//3/3N9r/vrv/jf+xv1f/Gf9rv/af/Sv/pe/z5/2t/x9D37dF7/+X5X+yb/qu3/gX/pPZ9O/5Pvv/pjDw3d/3V//n7z9oy9+3eM/6aP//M3v9GvV/8dv+ot+v6sHf/iv93f/1ae/23/w1T/w8OKPf/Lr/H7/2X/6y3/lX310+N9e/gW/8//0n/+Rf/hf9yf+Gf/cX739z/zV/+Kf+Vv8cae//a/43f74f/K//gt++Zd//j/7p//9v/5vcvoLZn/70S/5n4/+yvUf+Nf8+//Mf/5n/+d/8l/w7J/4pee/21/wS/+Kv+k/+YP/85/5bb769f+Us7/2d/jz/8d/53f/VQ9+nd/5j//u3/GH/OK/949a/Pf/afEL//Q/5Nlf+09P3v0aP/jXP/3jP/rz/9h/46/+7f7s7b/tv/od/of//Sd/87/43/27/ofPfq2/sfn9f8//4/7/9Jv/y+Vvcecnzv+N8f90/tmf+i/f+68e/an/7U/+A7/T//Hg7/if/v6/7rf9bT/5nf6d/+yfefxP/9i/+Kd9+T99/L98/Ff/79/9W979gd/+/tHv8enxn/tH/nYf/+q/9F/6A3/qr/19vv/n/bK/8N7f9nv94NO/8Lf5M7Pf+a/77f6dv+9v/TX/+P/+3/8H/8U/4JMXv2Ex/rO/Ov4Nvtz+E36Nv2r2B/y1L/6VX/pv/xf/9H/+8M0v3f2vf59/+t/+Te58+if/lX/NT6/+65/8d3/Xl//Lr/kH/aV/0a+8/0/+3v/1v/kXpP/A2z/7z//DHv6j3/nFv3r78rdd/d7/1r/1T//Cv+jXfvZL/9dn/91/8Wf/NT/9b/wOv82f96f8KX/5t/+xnX/yT/wL/+v/6/6f9rv9p3/ZT/51/8pf9lv9+f/FL3/6L3/v3/6v/o3D/+yT3+rbj/6Cv/L/+KL+Hf6Hv3/8l//Cf+of/hP+tV/wWz7+O//u//vXSP6pf+1v/2v//N/vD9z7z/+g3/OXfvvf/B/+yv/t//zprX/h8/v//ue/8T/7P375k9e/4n/+/f7Vf/+P+KP+pt/uz3n33//EX/LLXv+69/+l+nc9PVx8668/rH76D/gn/uB//uDu/Y9+98e/e/qv/fGv/oLf5i9/81eW/+tfdP7Vr/cX/p1/5b/y5/wjf90/V+z/o//Gn3f6u/52+7/2j+//E4//1X/nL/3pyY83//VP/V+/zb/+N4z+9t/gr/8zf9PF4R++Xv6xf8Ff98nv+oc//bf/4X/4x9M/4bPf4B/+q//8+68e/3V/T9P+5//cn/jmrP0Xf/Pib/l15ne3f7df79P/63f/7I/66O/7Y3/iX7r/F/5a3//n/+p3j77877d/g3/q+f9a/rt/3Gz1g+af/Kv+s6u/snj1T//F//7v+Mdv/zu/1rPfYefs2S/4b//V//lv+NX/6P81+lf/x9/se//sb3X5y36Lsz/qN/s1Pzv7BX/f/3X/P//qH/ln/oK/9s0v3t/9k//av/Rf/rN+wW/1v/29f/F/89/8Sb/f7/sbfvKP/sN/xH/5n/0BP1j94MF//P2f+TP/p9/3r/hvr//TP/3L1ds//H/+H//Rf/E3fffHtG/Xv3r7P/vP/63HL//z3+dPm/2Zv9+f/7//Z7/l//j7fe+X/E//6T/2U4e/wX//t3/vz/292vof/uvHv8PRb/A7/z3/6Z/wp/+L07/lf/3sP/hfV3/p+Mmf+OoX/b7nf+d/+kt+w9O/74/5d36vv+pv+NvPXnz0d/zkf/RbrH7Dv+CP+bt//E/9/b7973z8Ry1+xW/3V/xd//Nv89f+kv/8P7v+7m/7G/3Pf1P6x/3mtDJ97//+NX6DX2frH/4b/ofxL/yTxv/c3/aH/czf/V//8r/4P5z9tns/80v+04t/82de/59/+c88/m//oOQ3vPx48bf+tX/AH/Trv/w8/ROu/5o/9Z/+ayi8+8nLT/7z3+cv++k//Pjf+X1/7X9ocv3jv9v//K/8PX9s9Rv8W//u0fTvfPIf/gfZn/q//xt/2+8wefZLT/+hX/FPfOsv/h/+mB/8V3/CxT/8H/5G/8Ny+Wf8ksXf91f9ln/wb7T86/7HP/HVwa/9K/737/4dxe/wxd//t738d3+fn/pLft3/+Df/bSnNevS3f/6P/O+/8//5z/1Lf93v9Z/947v/zt/yxZ/+G/3gz/9L/9pf9C/+Ln/CJ3/1//zlH/UzD/6n//vX+L3+tJ9uPv/Fv/Sf/RP/1l//1/wP/8F//o/7737f//Tf+9X/5pM/48/5nf6XP+Hv+TN+xeIn/9l/6Bf8jn/um3/t8Z/5d/2iv+M3+O0u/oVf9E/9t//yd//qo//g7/qt/5ff9o/5FX/1//Hl3/D93/8/OPxnR//L/t/wn/8df+if+s/+5v/W5a/9N/1af8/v8tv8b3/oT/5vf/Bf+3/+tW/+rr/r9/4Tf+w3evmf/ff/wpO/5OIP/xf/i1/yxff+laPf+Xf8pz/63v/6p774Wz8++vw3/UWrX/Lpn/j3/vL/7Fe//s7/8N+d/VV//Yvf9Oxfqdb/7v/4t/xXl9v3fqPl6uB3+e/v/YLf6rt/0//25X988u/807/j9n/y+/70+O86nP4zf9H/+Mf937/Go1/+L/4G/9udsvxL/o6/42//HRZ/yv/y5m/Im//mH/0bvvxrf+lX/9UPLv/CRfbb/pmL3+7lD/7Uf7r6q//a//zspy++9Sf81Ocnf+7/9Nv+weXft/cb/2v/wPf/hb/qH/0FV3/Gr/FH/YHrX/+Xffbl3375j/8hv/B7f/vx7/bP/hb/+b/1G13+9YuP/oP/4H+9/+c8/VM/+T9+o53f9O+/uLP11/4Jv+Gf/W/9tXm+/Z/+kfknv+3fXz35m3/qH3vyWyd/6ei//4d+rb/7b/zt/rd/9ff6n/6bP+r3O/7s3/6dfur3/Eev/vU/8X/6E//66y//qMff+2v+tz/oT/u7/tR/6m/9bPsv/t3u/h+/wf/9a/y2/+k/+bc/v/Pib/3v/shXf/+j5J/9yR/8pn/M3/dLil/rny3+0m/9fv/c8Xf/7H9i8vu//D3+vl/65333L3zyP37yP/7Jf+zv9AfMfvkv+EP/3X/nr/res9/uD/4TPpn8G7/rH/yP/+C3+q+f/Tn/0v/y3/ybf/rv8/ud/l2//q/1N56+PPldvvP3/1brv/rX+ZN/+V/9r/xZf/K//kf9q//OX/bFr/Un/PRXv9V/9if8lU//y788/fYf8Ps9/Cv/mjd/yKM//dVf/k/95b/Ns7/2V/2r/8i/9gf/on/nz//b3nz6U3/0H/m3/sFf3PmH7l/9s//UXzb/b5fTX/D64Z/2v7/+7X/RT/16v+tPPP59Xz//yXv/4k9Nk7/rX/oL3v1Vv9/Ro9d/12/9O/4bf8kP/qZ/6t/7Y/7wP+1X/jV/11/31Z80++o3/Gvz8i84/m+O/va/fPurP+kH/+pv+Fv8V3/O3//fffdv+nf+vX/m/O8o/49//lf+qb/Gn/erf/lf/73f/7f8qf/wi9/u7J/+Nf/g3Ud/3N/0v/6L/9u/uf3ov7z/R//VxX/xH3/nb/ht/4G3f85f8dvcu/r8+7/T7L8ef/ev/m9+r180/c//4//kT7j8p0e/7B/7a/6xP/W//uN+zedvv/jof8zefv/R7/YbPf9z//W97/7Of++/+ad87/f9b/+cn/rv/4hf9Vf+cX/gP3v4B/99v/SX/IE/9fdX/+nZR/nv8Gf8OU/+71/jt/oz/vs/6bP/6fpvKLL8d/4T/qn/NNv+1//E3/PP+Vf/kV/1X/5ef9jFH/qH/nG/9Is3f/w/8Yf/ZX/z2+2Pvv/kP/ubf/y/+1//lqN/+N9a/kl/8P/2n/3E/p/0j/7C//DP+uN+rd/uN/kn/uC/+vf5a/7Q3+1f/ov+719j8XcQ9/3zv+e/++9s/8l/8l/30//X0b/x5/6z/8r2/v/56/2Hv+PTf/Per//n3flvfr1/6N9t/snnv8sP/vPRP/Bb/L7/4i/9N/+e/+Iv/iv//d/3z/j3/95/9s94+Zv+Db/dX/Xxf/jn/PL5r/idf4+/6u/7O/7J//Py9/+f//pv/+6f/x3f+6N++/zvWP7W/+niH/qT/82//NWz5fP/sv0bf83/+n+d/tl/xSf//h/w1R/0u/y1W3f/71/jT/zuV3/Zf/3pT61+j+xv/2N+wcP8t5/+iukv+13+sX/t1/vlf/jv9vTf+p1fHPzWf/Bf+7/9st/rX/lf/sxHf/zf8u1H/+Rv+z/+/v/L7/uf/s//+Fd/9m/81/+7h3/SX3z88R/87/2r//3k7/77Fn/Hn/xb/IO/7F/+u37i9/v+X/Yz2d/5R3zvjyJ/a3n3d83/uWc/+eafvfi7/stf66/6b3+/z/7nj/+oX/OP/x9+3T/8L/6Pji/+tH/qVy7/yv/pn/xX/oSzv3P2R63/6r/87/8XX/0bf/t/+Bv/b2/+1L/u9/slf+vL3+mP/b1/vV/5L/4V9/7J/+M3/K3/y7/gd/vf/sy/4b/9xX/9L//Lf4cv/uj/9Df/j/6Zf/Tf/wf/yP/r1/5V/+bvvvgD/u5/6sXZP330V/4bf/virzv7J36bv+NP+O2r7ee/+x/7p/7kH/O33Pvv//o/+8/7W3+L3+dP+L1+yz/ly7/7r3/7dvrHTf627fY//Sd/7T/mX/87/9X/+U/8M/7O7/yTn/71/83Fv/Pv/uY/9W/8S//pb738HX/L//oP/e5f/Lf++N/5ncWf8I/P/5L/+h///h/z4//kb/fX/tjbf/WP+dt/p6O/5C//mz75J3+Tb+V/7L/z1/0Gf/Nf+J0//bt/zB/50b/27Z/cffWH/Sd/2Ztf7y/8W/7yf+pv/y12/r7my9/wO3f+9Qd3fte/6OXp41c/Uf91L//df/VP+NcW//yL3/aPeT752/7uP/HOr/md4k/8c/7WP6b4BX9b8+vf+eov/XX+tS9/jc8effWv/G3/xHf+sn/qb/5zf/d/8Hf+1l/2Z/yX/8rf8c/8zz/xuP3X/pB/8vcY/fr/yl9ztmz+kE/+ivkf/N9/9R/8a7/gX/tVf8g/+cn9f+CLr/6Mf+vP+W/+g3/st/xX/tp/Ovvvv/yzHv7EP302/72nv/NP/2n/zstf9Mc13/9rf+8/75f/H//1Hz/9J37Ri//4n/p7fqff5i//y37//+Cv+A//+9/wP/vtfu3//M/+I3/t//lv+MEf+Gv8k7/rP/c/7v9lv2Jvd/r7/QN/xslf8e+9/r/+sd/0f/pX/pb/7vDov/yjH/yj/+7v+W//L//C4a/5/Rd/0Pov/E3+q+ov+69/y7/sJ//5O39a9Qd9+6s/6h/+d/+CP+Tv/21/9cPf8X87PSi+80/+RX/xP/Gbtr/7nb/+z/5P/52/48/9T37j3+d//iV/1X/w79HC+Z+x/O9+s1/y2/5F/8df/Wf8fr/+n/vH/zN/6b82vf/f/dd/+Z3/6zf/c/709j/6K//gJ//5936z/+Q/+O9+2W949zf42979qvp0+e++W/9pv9H//Wt863/4V/7h4//sqz/sb/vt/+vTf+JP/if+4b/ob/rxP+bf/Nv+5dXD3/pf/t3/rt/uP3rzP/+Tf+g/9FfXf9O/9vyv/SXb3/2rfuvLw9/tt/tP/ob/7n/9Kxf/0H/yF9Ms/D3/bvrfv/qjfs//+9f4FW/+otf/+O/1p24//cOe/Zp/9W/1+o/6y3+NN3/H4e89/6nLf2f1fxbFb5v9pX/M+td59Z/8QX/TH/QTf8zv+4OX9/6cXy/9nf6VyZ//F/707u/5W/+TX/4jf8i909/62WS6/+f9xOnO9Bf/y3/M1l/x7X/kL/mT/sbf6id+z997un3/L/2tfuL5n7HzF/3Tf8VesvXX/J4P/tlfp77z+C/75X/JH/Nr1P/QH/Fn/tM/8b/9y6df/Fu/6W/2V/2Vv8E/sfWX/LF//F//6/812wfP/pI/Zuvv+r2//5f8+X/QwV/yx/yef9L/9Ovd+Yd+jb/tJ179M9/+/f63v/LXPP2t/piTP+hf/I9/r3/8t3q1def3/Bepl1/34CdOf+1f49crPv/O1l+2+/nJ2elv9Qe9/PWKrb/kz/pd/u9/+/8BwspbNaVDAAA=" />
        <Entry handle="30" bytes="H4sIAAAAAAAEAO29B2AcSZYlJi9tynt/SvVK1+B0oQiAYBMk2JBAEOzBiM3mkuwdaUcjKasqgcplVmVdZhZAzO2dvPfee++999577733ujudTif33/8/XGZkAWz2zkrayZ4hgKrIHz9+fB8/Iv7vf+v//o9+jd/sO8/Onv0av+av+Wv8Gr8m/fdr/N//169xePLq9PjNl68epRez7Z9e5Rfp5e54J91aN8XyIj37zufpd16efp5efrp3Z5T+onVWFu11+ll6sJP83//ur3Hya/x6v86v++v9ur/Or/fr/bq/3q//6/96v0HymyXJj/1Y8lv9Jr/pb/Sb/ba/1W/32/22v9Vv89v8Dr/z7/67/A6/44//Tr/Nb5OO0h//hR/f+dad3/532d7Z3tr53bfubAHIr/nr//q/fvIbJL9lkvyWW7/Db/M7bL3383//Q7/Gb/4b/Bo/8Wv8xK/9a370a/xav/mv+Wv/5r/m//2P/Rq/Cw3y1/01+fk19Pk1f61fm/D99X+DH0t+Q2rwt/9mv8av9Wv+2r/2r/Xr/Nq/7q/76/w69O0voe9/jV/nN/91f4vfdff41/stfyL79T/6Rb/V3h/8J//Fv8GPP/mb/+Hf+tW//D/9bvcm9R/yY8lv89v+dr/97/C7/8KPt+58a//+pw8OHj46eXr67PNvn33n9ZuvfvK7v/fv81PTWX5+MS9+umnXl1fvrn/wh/5hf/gf8Uf+UX/0H/On/Kl/2p/+Z/yZf9af/ef8JX/pX/aX/xV/5V/1V/81f8vf+rf97X/H3/l3/d1/zz/yj/5j//g/8U/+U//0P/Ov/Kv/2r/+b/yb/9a//e/8x//Jf/qf/ef/xX/5X/3X/83//L/8sl/+K/7XX/m//ar/HeP6NX+NX/vXNE90XL85jevX+nV+nV/71/n1Ma5f89e6QoPf/Nf5dX/X3V/vtzj+iV8/+0W/5Ud7f/Bv8Fs9+ZP/4r/5H/6xH7/36n/6rSf1v5z8Nr/b/n/8u//PGBqP7HYD+0O+1sjswNy4/p1f4zf6tX9Nmrxf+zf/NX6PX+N//yv+mK2/6Nf53/+V3/IP/ol/9qN/4g//8/+Qv+o/+1N/37/sf/8X/vK/9m/7a/+i/+6P+Jd/7Nf7X7M//z/8H+7+lX/3//FX/5kv/ty/4N+9+sW/8+V//J0vf+v/7N/8R37/ew8e/RN/5e/2h/7Vv+3oD/2/ftXv+5v+K3/Nb3zxvX/1u7/0z/6rv7j8rf7Lf+rv+T//i//4V/y3//u/efg3/oI/+i/4Q/6Z/+I/Xf/u/+f1X/BP/28vf/Dde//x7/Fb/btvV39Zvfgj/o/f9C/4jf7LX/8f+OSv+Oun93/39l981P7nX/wv//Tv8yf8zlt/0U+8+fY5Ifdr0f9/k4//yX/zr/tf/u3/evdP+XX/6e2Hv/6f/Nv99//bX3D0B/0bL/+8f+/X/nV+iz/qP/3Df+l/+e//+v/K3/J/rH/R7/4P/mPf/n1+39/u3/m3nv1T7w4ePvw//pvv/zp/2b/6xW/5d736Pz599+/+iT/1H/2Nf8wfNvuP/oO/8l9++Y/+Vdm/9vf9Db/33/kv/Q3nf+rP/Ld/+5ej/+7dX/av//WTv+Nv+ZO+N/7Xf8M//v/8t/7N7y6a3+H0P//1j6vf7r+8uv+n/9W/7+nl3/W3/55/8Jc/+bv8M3/fn/eT289+4yc/+Nv/m//wL/7N/7F/4fXv+9+e/sqf+Rd+rX/nP3j7e/1TVfp//mt/1dXsf/7nf/Hv9yf/zN/zJ/z5v+4/85v/sr/he7/g7/9v//m/YfS3/Ll/7n/xT/+3/8bf+3v82n/1n3j27p/6VT958if+K3/33zJ6/vf/nb/7n/+X/T3/Y3vxZ5999Vf+c//B3/xLDn/nnf/69/r2o+Sn/vf/9B9Ltv6SPwj/f/xX/if/6x/3P/6S/K/+x37s17l+8Xn5O/2J/+Xv8zvM/oPF3/Bv/1bXf+V/fvdf/qP+r7/9v/3f//w/7tEf/uf9Gf/mr731n/4vv/JvfPT3/0uzf3X86T/3m/yL/9Gf9hv91b/g//rT/5e/+x/4Hdr/5v/MPvnH//ov/8Df8I//avXP/ia//E/5we/x0fzB33fnd/rp52//pd/yn/7r3/6G1x9/+e//nr/B7/Rb/PP/0r++2Pt3fu//9W/L8i9/z7d/6b+S/+G/33/8zy5+p9/od/mJf+Pvqv+8v/8/ufjvf3peT/7aX/17XP7C3/i/+FN/97/uX/6nf/yv/uP/vV/rD/1L/pz/pv3Fv2gx/61+o9/md//jv/q787978T8c/F+/7i//lX/1T17+i3/5L3n1lybrN//7Xz79Q3b/1D/2+//+P5/9K3/GX3Ny5+Cv/U79yd9++Gf/7dn8L/2tXv9mf/rv97/8F4ff/gXFvzWa733xe/8Lp81fsPP3/jn/wb+y/8f8e89/t99t57O/+kHefGfnf/1Tf2L733r3h/wj//sv+o3/1ntH937li09+4l+f/Xbrn3z9b/1x/+afX/zN/8F//YPH/+ZPnPzt//4f9Bt993f/wf/yyd/8P/1n/+qXf8Vf96f+c+fb//L/+t//Hn/6099/72999It+73f/yuJf/UGZ//u/37tf+smf+ewf+Wf+yl8n/fG/8B/52//6/377P9gdbe38o+lf8Lf/07/7n/Vn/uN/y+jP+NWLf/a//8/+gN/lB3/Gv/m9f+CPffMnf+/q3/rT/qY3d/6l3+QP+Vv+uDv/+H/XvvlHftnv/k/9j3/5r3j0j87/tb/6p0/rT/+Dj/61nzz8U+u/8c948i//zN//8D/5i/7Q7//rf8o/cXV1/mvPf/LOP/W7/bI/5q/9/G/+Pd78df/Gf/U//id/7G+985/8re2Pzf7c53/E2V9W/M7/xO+199/f/ys+mf1tj//rv/bsr/jdf6u/63/9S/7Y3/5P/9t/x7/rrxuNl//l73ZS/Y7f+c9+k8u/6nf7v3+Nb/2n//n/9kf/JX96vvsv/A+//Z/8ev6r/pj/8vLhP/k7fu/j//Mv/Ct+8R/942c/PvuTf+t/+Q/+jf66vd/gs+Pf+tf8V/+7f+6L3/5v+zt3/+bf6Lv/7O/7Wzz6naZ//d6f+Ojf/AfSn/r3/p2//u/4s/6V7/0Xv/ev/Pe+8wd99I//nf/c5N7/9U/9k581/3j1v338j33yn/zY3/7bp//e3/E3/1M//kd8+hN/+j/0j/6Wf+LrP+e/nv2r/91fNvlXfup7f+vvNPvbvtP8wX/wv/uv/jF/yn/wb/wH/3byvePf6jsvvv3H/1p/yB+Y/PqX13/B3/h7/FF/xN/1d+z9B6Of+Ed/l7/ws3/4W7/l8stP/qH01/jsB//63/1Lf/f/6vIvnvwv4//iz/3f/vSPft0/6p/8ja7/x9/vD/7sL//7/9FPvqx+o7/uL2z/nl/vx//rP2fye/8+f+W/97f9nb9f84/9Ac2vevnbXvx6//ev8Vu2v9Wf+8++/cV/+Ve/7z/1T+z+4f/tH3T9v/73/83Wl3/0X/ALfvev/uK/6+mvPf6Zv+kn7/2ydfor/pHf8p/86f+2/D8O/4qf+uev0r/1D/53/vN/9u/43/60P2j3j/9L/4S/4D/4Fdftf5v+wb/un/83/Z71b/X07/r1/8Kq+VX/0u/0L/7d/9R//Q/+Zr/8F/+z/+4v/t1+rz/qf8h/16env95//k9N/62/4J/5Tf+PH/slb/+uv+4n/uNf/ev8mz/+r/0ff/lvcfKb/qm/UfbkL5t+PPo1/ofmj/tff/tf8df/xf9S8+f8Otu/1U/8nr/mX/LHbP0a+v9f8y/93//Vv+ov+YN+h//z1//X/sBH69/q5a95+lu9/PX/73/7/wHYBGP6HwgAAA==" />
        <Entry handle="29" bytes="H4sIAAAAAAAEAO29B2AcSZYlJi9tynt/SvVK1+B0oQiAYBMk2JBAEOzBiM3mkuwdaUcjKasqgcplVmVdZhZAzO2dvPfee++999577733ujudTif33/8/XGZkAWz2zkrayZ4hgKrIHz9+fB8/Iv7vf+v//o9+jd/sO8/Onv0av+av+Wv8Gr8m/fdr/N//169xePLq9PjNl68epRez7Z9e5Rfp5e54J91aN8XyIj37zufpd16efp5efrp3Z5T+onVWFu11+ll6sJP83//ur3Hya/x6v86v++v9ur/Or/fr/bq/3q//6/96v0HymyXJj/1Y8lv9Jr/pb/Sb/ba/1W/32/22v9Vv89v8Dr/z7/67/A6/44//Tr/Nb5OO0h//hR/f+dad3/532d7Z3tr53bfubAHIr/nr//q/fvIbJL9lkvyWW7/Db/M7bL3383//Q7/Gb/4b/JrZrzn6tX/Nj36NX+s3/zV/7d/81/y//7Ff43ehQf66vyY/v4Y+v+av9WsTvr/+b/BjyW9IDf723+zX+LV+zV/71/61fp1f+9f9dX+dX4e+/SX0/a/x6/zmv+5v8bvuHv96v+VPZL/+R7/ot9r7g//kv/g3+PEnf/M//Fu/+pf/p9/t3qT+Q34s+W1+29/ut/8dfvdf+PHWnW/t3//0wcHDRydPT599/u2z77x+89VPfvf3/n1+ajrLzy/mxU837fry6t31D/7QP+wP/yP+yD/qj/5j/pQ/9U/70/+MP/PP+rP/nL/kL/3L/vK/4q/8q/7qv+Zv+Vv/tr/97/g7/66/++/5R/7Rf+wf/yf+yX/qn/5n/pV/9V/71/+Nf/Pf+rf/nf/4P/lP/7P//L/4L/+r//q/+Z//l1/2y3/F//or/7df9b9jXL/mr/Fr/5rmiY7rN6dx/Vq/zq/za/86vz7G9Wv+Wldo8Jv/Or/u77r76/0Wxz/x62e/6Lf8aO8P/g1+qyd/8l/8N//DP/bj9179T7/1pP6Xk9/md9v/j3/3/xlD45HdbmB/yNcamR2YG9e/82v8Rr/2r0mT92v/5r/G7/Fr/O9/xR+z9Rf9Wvb/3/oN/9k/q/zv/7O/4L9488f8Vr/jn/3v/Udbv3L/19z9T/7iv+fv+UP+jd9y+5/7l//R3+y/+R/+4d/z//ji+ss/9uiT/+NfXPzHf9cfevmrf9+/9p/8P37d3/SX/R5/+vX5X/9Lfslf+8//lz991Xz/7L/98dlv+hf9V7/Hr/niH/tlv+B//uv+j5f/0z/w5/x2v+Tv+vf+qX/wH/21fpvf5S/8tX/F3/BTv/o/zf+y5//s4i/95/63//JX/q1/2P/5a9z/z/6Qf+u3/JN+3ebf+e92/9G//t9+Npv/FX/Xs+Q//ZP/l//1x//n//POv/X7/nP/6+/zSx/9+7/2r/77f4vf9J9o/u9f4x/7l3/9f/LveP1//al/8S/8Pf6tv+fHf9Vf/+7P/6fn//R3f7vsH/4Fv+LPXf2q3+lf/Zv+hn/xb/ylv+D/OP1Xf2b2d05+uz/nX/lP/rVf7095+Dv9Ln/a//1r/GZHf/q/NP/9Pv6X1//Z9l/205/+yu/94K958M8d/TXXv/X/9I//eX/jL/iLf6c/dvU//ee/z2/y2/1Bx7/z//y/vf4f/4z/+9c4/tf+9H/l98n+zP9z9uqf+Lf+qc/+4d/qr7v/4//jP/ef/Sv/5j/zH/xa/9uv+GuL88Pqt/j4f/3T/6L/9J//p36f7/7P/8Tv+D//H//tf/UfJv/bX/id//nFn/d3/j3b/8q/+Jv/R3/Dzj/1S36Dx3/MT965V/8x3/mpk2TrL/uLft2/7OPf+ruv/sG/418t/4P/5n+d/RG/zq/+F/7LP+Z//r9/jd/2Z776u/+u//DX/yP/1f/uX/pD/9BflP66/+K/9Lv8vf/XD15+8hf8nX/tf/tTyz/xt/hn/5rf7x/+6T9u9Vd899f+Rf/r7/x//xrJf7Ku/tj/67f7Wya/6y/+c/++qz9m9Jv+H7/4t/5l3/2j//Zf+K+vf+9/6+/7O/+dP+XTx//+P/7HfeeX/q+/9//8r/7to7/6D/tVf/dnv+nff5j8l3/PP/0//5tf/va7/9Wf+Tf8sb/yz/3nfr/f4zu/5C/8J//G3/Q7/9vf/bf8A3/QD/6gv/H/PP2ZX1Vd/e5//r/0Z/w2v84f+sf/lX/XL/9r/oPf9U84+C9/rz/qX7q+9zf8R3/p3/w//B7/4l//a/3d/+tv80f+z7/pP/K//wf/cP7XPvndfumv05z/wo//r1/3j/u/fut//Y/4dWb1J//R4e/4J/+uv/j1//EH/Pf/64//Of/Nz/ym//N3f///6a/7m/+y7y6ayaN/98XV+LM/8av/Y+t3/hf/9q2/4eP/+Ff+Y1/8+D/xZ/yj/92f+L/+4v/p7/0L/pWTX/Zr/jd/5f/2h1/+pX/5R3/4X/LHbP0a/f//k//zs3+w+I///d3/8e73/sof++1+9b/y4C/6i37tf+zf+T//yD/yb/sn/r5/Lf93/u5/5KP/5X958Jf8Cf/F3/eb/uN/wda/9jOvr/6e/+5X/eQf1fzWf8vv8qf/kn/6//qFv/L3+MNf/c/P/v5f9Nf/B//0X/3f/KvfevYX/eG/7//xJ3/8F/3fv8bD+//M7/3nn/zjv8XDv+V61H51+Pwf/T9n/8E/+1999t/8Kb/r3/tn/hf/2vbv+vf8Nv/un/P2L/2/f41R9jv+Wb/4z2v/j1/0U7/m8W//a/yJf/0X+V/+U//1n/GP/IZbP7n1y/7UP+Gv+yVn/82X/8af94/+Vv/Y099q6284/Mf+qY//5z/ij/3tf4/Lh7/jr/ru7P/8jX/Ro7/yf3z8B/7lv/h7f/f/Of/Nf5O/4t/+e/60//1v/uv+7P/71/jOv/QP/B5/3/R//H3+1r/zt/o1fu9/6x/4S3/R7/ab/U2/5eKf++k/8I/6L//kl//4X/On/Z2Pln/VH/+7/yV/8z/5u/x9f/Df+6f/X3/pX/67/8l/8vqfv/+f1H/uxy+/ffT3/YE/9Yf+E8Xo9/vd/sGzP+J3+2X3fsWv82v9pv/t7/nP/bV/xL/9yR/15/09f+g/+pv/cX/iX97+hb/p/3HyVxc/9a9N/pH/63sP/7L/5MHr/+WP/O//5P/qB9/d+r3/gl/30e+eLj+uHv+S+a/93/2Jf/gf+Nv+d//H2bf+65/6X/76P+Hv+CsvHv9uf/1/9Xv8Pb/k7/1f/8bf99f/8Y/+waPqb/hzfvk/+lc/vfz3f6ff/Z/4Tb/7a/8R/8fn/80n/9X//Wv8wb//b/Ob/HW/6//0f/8af9T5P/8//XZ/x9/V/F9/5//5R/we/8Ev/+z/+vvzv+RP/ezf+/N+8rt/1K/4Zz/79V/84n/23/iPVn/U0S/7O/+iv/bP+dP/u9/hl/xx/+ZV/Rv8R3/U8vKzP/xn/sf/5A/8Lb74Txbf+d4/ffLHfvtf+Kd+s/q3uvhd/uhf8Xv8x09+x9kvuPc/f/FP/HX/y0//Dn/ff/DFX/b7/mV/wP/xN/+J1as/8NF/+of/7f/C3/ib/Sm//LO//U+tt/+0//jf+8Hf/Tsf/aH/8/2/ND//d/77/+Y//H1/7f/zzy7/yf/ub/6T/7G/4WDvN/+vHt39L3/y7/v8v/xH/4rf97O/6J/7b37N33/57A98/q/+bv/k2/niL/mx5K/7ia1f/df8Gr/1n/vRb/P3/0F/bXb8u/5pv/Kf+ic+eXH2/M/4h/+t7B/4b+/+xf/j//V7/PGTf//F8e/8Rz3+HX6Nf/Zf+9f+4eZ3K7/8nf+h//bFL/sFv+zJn/0b/PZ/xx/wXzX/wo/9w3/1//Hs6Z/8D69+/d9k55f+pf/H//Wn/9l/8T/z/Jf9Q7/0v/uX/5b/62D/1/yT/pa/797or/6TP/qd/sa/+Z//PV7+4T/5X/2zv8E/tvd//c+f/8rmX/ulv/5Hf9kf/+BX/Jd/zN/0J/0Wv9Uv+D3/qzu/5tGf+Fd9+Vf+fb/tp/f+vt/2J//Hv+fByR9y71/8r5r/7Xf43//a/+i//Md/g8f58t+5/Mv/jt95+Wv+sl/zH/kXfo+/7x/4I/+17/4zf/RP/wa/22/05n+f/crf4Sf/oj/zz6j/vgdb/8x//dHv9Jt9/n//Gn/DH/T8V/+nj/+Vf/O3/J/+2n/ib373z/6ev8/v+9f89M6v8Xfu/om/3z/32Z/we/z5l//aH5ts/SV/kP//Oz/99/zxf8ef/Vf+i7/4F6d/wn/wW/97/9wf+C/+1K/6V//xvyD9u//no7/q3/wzf/38b/nPTn7zx8/+wv/kF/85/9UvHf1vf9Z/87//Uf/qYvbP//F/7+w/+p9//H//C7N/95f9jeN//d95+9/+We33fptPRv9p+7/8pr/q4nf5v3+N3++v/s3+7d/v3/kXvvxt/5vf+3f/U0/+jvIX/ZN/wX/4H/9+f+Sv+7cc/1qf/w7fevaH/vRf88f9GnfaP//od/wNt/76v/5f+t12/4bf+nT8169/m78w++zf/4f/3d9q6/t/4t/0V5z91C/94qs/6Qdv/ui9f/G3+Kf+wvUflD1f/hF/0J3fd/VX/it/17/7j/8u/9OfX/xhf+C/+Lf9g//cd/P23/r1/u7f8H/8Vb/T/p/5K/6I9f/52/xB9+7+0l/9F/7gn/sL/+L7f/nPXH/8H/wty9/xj/k1/tLHf/lv95utjv+F08X/9rf8J59Vv9ff/m/8+D/57/ylv/9H/9Vv+hP/UPXL/ptP/uy/5w/8c/7yf/WvfPfgD/5ln6f/zn/1g9/89/xnftFf/Rv92G//z78t/pzTf+IvHf+WP/ab/ed/2fKP/b9+4Z/99q/8p9ftn/Tstz/5ZX/Xn/DH/rffP/wXF3/AH/Lxu7/070xe/g/lb/Mr/sn/5Povyrd++X/7i787/9c+//jx//Cn/u5/5L+0+j3+91/+b/3pP/73/RYnv+HTf/af+ftmf8JP/8N/yr/xX/+i+f/0Jxz8Bqs/8Kf+wpO/+U/54uzl/zD/M/+LyS/+A//3f/7X+uzFr/wnfupv/GP+vt2/4vf+D/+In/gd/ov/+A/+h/+u9P/4y/73X/Rv/GV/8x/85K/6KvlL/6Lf+dfN/vp/5PgXLeZ/6D/3d/+F/8Ozw63/5h/7X3/tX/Ff/9Tv8F/8jf/nH7/4jX7yX/o//8o3f8/R9//yv+n3+CV/75/6X/2lf/X+H3H21/43/9Lv8x987/d+9if+ol/yi/6Zf/y3/89fri8/+4P+z1/85rv/2a/7C//43/DZ//XP/RHF3/CX/+oXf3V99e//vn/yP/sX/DOf/Vbtr/UX/+t/3uLxf/Sv/ub/3E//Rj++t/jVf93D/+PRH/gT/1vyXyz/88M/8f4/uN65t/j4f/xF/9v/+n/+nn/D65fT3+l/+Pv/4P/0v/727H/58n/943f/kuof+OP/rvO/9a//DU9Xf8uf8Bf9F3/47/aH/gl/+0//dkd/4J/+d/6J/+Nv/sf9K7/mR3/Ud/6Jp7/Lnf/sJ/+yT8e/6y/7849e/0u/5d/5e7z6QfKHz/7IL/74P/tfuP7dv/uv/v3nf/t/8Bf/DV/+Lf/Mb7P6+//pX3X669b/VfXv/gZ/zD/1+2Sz3/m3P3v4f3wx+w//qavfcvmH/qH/yl//vf+t+sk/5t6v/t/2ru/8t1/9D5O/+29f/Z2rP+zhf/Plr/9fFX/MP/l7/U//5T/++n/73j/2k7/yf76Y/Pl/6z/+F/zOv+lP/J+f/12/9f/61R/+7z34N15+/6f+qd/tD5n9Jn/Co50f/2P+t59Y7fx7f8r1r/MH/Jv/0v/9a/ytf+Ef83/9m9kv+o9/9V/5f/7nf9cv++v/lh/8xb/H3v/16/yX//Nf9i/9+L87/0v+mNNf97f6id8T//+x3/fiH/u/f43f4hf+oX/Jn/Wf/szv++/9IX/Nr/mf3W3+9//0f/5f/4Z/5tlv8If/WX/Qr/+7/Tm/6k/8J/6dX/buz/3Hftm/9+O/5U//9f/5P/QP/ne/ya/5f1z/Hn/8/h/9p+5W4z/jP/g3fvGv/uv+9J/4837wF/yjv+yv/01/nf/6N62W/+a/+Zc++Df/yH/uT/09/pHf4w//A3/N3+cX/bt//sXv/8f8q7/93/q3/GN/6g/ukUPwf/3Ob/+lxZ+09dv9F3/VH/Ltf/WP+WV/4x/34NUv+UP+2bM/6P/6X/6v5zu/8+Vf/bv8a3/iP/P3j36Tf/2f+Jlv/63fLv/7+81vd73/q/7Qv+DRX/qb/Qb/15tf48958mf9dU9//f/x6T9x7y+c/sn/+2/++u/+h/6qf2X+L/zF9cv//Bd++788+W+S//T//jXyv+T3+fV/+tf4Sy9JtP7df/+vXS/qX+/3+/X/vc/+4f/4j/zP/4+/dvk//+//5u/x7n+b/p6/3d/5z/0W//l/9C985zf6Q//P//yz3/RX/Y+/96/84t/429YHf8Z/eZ7v/D2/y5/x8t7fdvWf/l3/61/35/9ek+/807/Rf1D/QUerv7z5Jx//Dr/e+T/14B+8f/CPTX+tv/T4n/+9d/+IP+CfW/1Fs7/w99z67X/J/V/vb/5X/+U//Y/9cusf+UP/j0/+gt/jn/izL/6S+//ML/k7v/rzsz/67/51f9X2L/+tf8Gf/7v8O7/w7b/7h+39Rv/9H3P3f/xdvvyL/vrf8A/6ff6+f/cvOv+T/vc/71t/4vEf86c++99/0+999ut+t7x68GMPfuUf9gfe/eX3/43/evd3/uTFk3/8b1jm1b//V/03/9kv/13+zI//57/h9bM/4nf8P49//E/593+b+//s33vnx3+NP/BP+uRf+uUHR//qL/pf/+0/8neb/O7/13/zv/+fX+zNvpz+Rr/gd/lX/8b7v+SnFr/sT/+NH/9b/+2//ROf/5Xpr/ndv+93/ct/37PHf8//+rf8Wf/a3/Bv/thv/p/91D/+7+z+D+9+t//931j+3b/ZP/A/f/eP/OX/9fXf/sWvrP/i/+o/3/2bfpd/7E/9/r/7O939rf7prd/vd/6r3v6p//rv8rv/ra//t7/39Jf9D7/j67/p7/5z/s2Xp//5n/5Pn/0a/90/+6/+5c3f8tO/6f2/qPgzy3/0P1//zr/mb/Ub/BP/+l/27/6uP/63T3/6f/jd/+Tf/ff/T3/73+O//G//nL/zr/69/p6Tv+CP+Jv/h9/+H/nPf73//q88+BW/9Y//7n/b8//o6q//w7/6Q/7tv7z5g/7S+7/fP/G7L/6EX//XOf+L/ufTf7T8Q/6J3+Uf/IW/3X/6r/7tv8af/s/9Wz/xK97+m9d/2Z3yz/t71//kX/Rb/yt/0Z/1vb9uZ+/f/qk/+H/5G66r5k/44vW/Mvk7/9bf/J/85Dd5+PIHF//6P/D3/7V/wD/+O/9zf8H3fpe//1/6C/6JP+Sf+0env+vDv/PvOvsd/6Zf5w/5A4/+9p/+N/7P//WPuv+77/0jL36D5V/y1/z0T/4W//bRcfa7NP/nv/N7/+e/1x/0u/5dP/Pw//41vnvnV/zyo3/t1/zpt3f/pn//dz35B/6NFz/xt/6Hv/Nv/PZ/+/Lln/qP/oL0b/k3tv+sP/XX+YP+nj/hv3qX/W9/yE//CX/Gf/DTv9df8R/8of/h/LM//qf+jj/uP/5P/vQ3f9qv+r1/k7/wv/wr/8svfot/8W/978eTv+9v/2P+k3//7/xHv/XrP/ud/+Hf/re+f/0X/kOL8j/8337il//b/+76n/iz/q/vfvZ88af8kb/qT/xH/v69v+wv+sv+crFsB//hH/O//4v/6+d/6N3k03/7f/hF1e/y+P/497/8z/+cX/X3n3/v8M7f8Hv/kn/8P/rBn/ovffcv+5nrf/3/+lf/xn+n+EV/5z/99hf8yt/lv/87fo+/6Hf586//st3f8O9/9e/8W7/stzr4c37/5v/48V/2X/5Pf83Tz/6FP/cf+W1+vX/2y5948GDvL/x0+t/8k//Ho+/+xC/49X+tv3X7t/3j/te//rf73//13+L3/vc++U3/8T/5dz55+g/8Hb/T//iH/0G/4H/7T/723+/3/Af+9hfP/s//+Jf/ZT/+L/zMnR8s9//73/Wf/qd/8cUf9H/+xP/2f/7Gixf/1i/8u7d//U9//+Jv/79/jb/wdz77U/+rv+XX+vX/2z/mv/4r/7Tf6l/863/tb/2+/+BP/SN/X/bPF//eP9D817/v5d/yd/42//tf9Hf/7X/2v3Xwf/7nf/d/9Xv+zt/9l/7n3/M3/fuXv/Ef8Pv+hX/Wv/H3/3t/7p/543/xf/E3zx7+SS93/6e/4b/4X//KF3/FT/4Jv8G/+M/9l3/hX/57/wm/x596/7f+k3696/P60z/xT/pd/sv/65f813t/6d/9t89+rT/pr/4df+uvfs3f4Hdp/8Bf8d+8/o1+2aP/KP/yyZ1/9b/9Lf+d/7o+/QP+kN/ub/hT9v/sv+M/+zNP/rw/4v/6nf733+Rf//0//zf+9b/hO//+P3Xy7Rf/yT/58OO//6M/4Q89+Vf+j7/0o3/gN/3znv0nv8ffdfhLP/5V3736K3/Xf/9f/Pd/+d/wi794cfzZ//1r/Jm/6v9a/6v/1p+39Q/9F3/2r/f7/1F/4L/8K/773+Q//Z0OH/9Gv/gPWv2H/9T99b968Mc/+S//on+8/g8Ov/zf/uR/fPUb/IfVL/od/7jLX+e//z3+0p/8e/+9P/q//0v/9D/wjz/5pZM/67f+Fb/Xn/in/nGz7/4FP/03/1kf/8l/6i/89D/61T/4pX/27/IH/Q1/50/8uX/on/dv/vZ//bd/v9/zt/6bfvC7/Mwv/xf/0z/m1/jH/p7yL/jpw/U/+/qi/JM+P/lX/vrin/r+H5z+of/1q1/vP/gLf5P/+9f4s//Fv/e3/K9/33//L7j/O//k//gTf9Iv/c+P/qv/9Xf5P6v/8nv/+//xf/8a2f/03/+jv+s/9rdMfvf//S/4B/+Kt/u/Z/kzD0bf2vnn/tCrf+1P/uJP+2Nef/uPb//G/+LO55+9/bv+p3/xj/gr/s39//ZX/7W//R/5Z/6V/+R/8fzdP/PHXfzFj3/5/f/83/xjf7fXv92fm0wP/qHf+b/9A/+Rv3HrT/n+n/Ltv/hP+mt/jX/yT3r3X/zJn1cf/eX/3NH3/vv6u3/jr/zD69/2X/r8ovnP/+nffvZ//ZZ/3uy7T//V61f/2G/623/53371M8eL//XP/f13f43/4O/7E/+brd/tL/lT/ti/9g989NHpP/53HP11/+D/+dP/wR//j/0nv+Ff/u/8Nsd/+//5a/7fv8av+L9/jUf/afvv/qXF1e/0d/0zf8Jv94O/+r/55K//V/6lZ//mT87+hz/u1xxd/Otf/t+/xu/9X/5Pf8Vv9Mv/xD/sd/hD/+v/4MHf+Wv+Hf/Of/iX/tQ/9Zv+yn/tt/nyP/v8P/39n/4Jf/r/8mf82Y//jn/kzuTgL/j1fst/4i/91f/Uv/1//qI/5n//c/6R/+Lwn90aZ4d/yZ/96/wxv+T4t/+t/qyP/vHf6ie+nX1x9ebVv0C6+k/9t17/tX/a//aX/jV/4Ox/+/E3f/73yj/xd/lT/sKfPPi/nv5Lv/4//x/87v/6P/i3/x8nf9VPj//D0d/yt/4hv/ju8f/+a579x3/R82f/8T/wf/6j13/kv9X+xK/6Ax/95+vf/nf4L+btv/Vj/+Hvsbfzf/0G/+Tr/+2X/w3/yj86O3725K/6NZK/9d5f+Xf80l/jL//X19/e/3N/7H/4H/7c2e74f62qX/ZP/qdfLf6Kf+rXu7/9y3+nX7r+L/7B33Jd/O1/fP07/1r/7tHTX3f29yY/+Dv/p7v/xef/6S//iz7/q7/3+/2ff8c/8h/8x3/q9Nt/8P/6K/6JX/xq/8+6/+TBu3/9N//x3/G3Wvx21fGXv0/+40dnv8ez3+rX/C//nf/47R/42/xvf/jn/8ff/71/8t0/8N/9Yb/l//HHv/0inf/KO7/qF/3jb/7n3++j//nTP/5q77f7T/7cf+5v+5P+5t/uV/2Zf+J/++Zv+3f/q//w9/rD9v/QH/yhv+Nv+d/8lb/+r3r56/yZv2Xzz2dvf4vf6jf75/7I3/EXPvs/f9H/+fbZf/2/nP3Wf/ov/qMX/9kf9+ctf7t/8S//tX/H/+Qnfqer3/sPf/JX/Ae/BlH2jz+rfvpv/6v+/f/zL862/9H/9Nf5wW/+D/8uf9H+n/EfLX7lX/Tr/1P/we/7m/yjf9VP/d7bv/a/PXrxO/4F/+nf/Ffu/9Li2//ksz/gN/2X6j/wT/7rf5sv/ppff3Vn71/+47O/+j+Y/5vjP+iv+5P/zn/2d9sb/2d/0g9+sx/8G//6X/HnT/+a3+/f+Q+KP/Sf+aN/39/xj/1u+Wf9k3/Nn/rP3vknPvv8Z37FX/fH/3Q6PdvZ+03+1V/+13/5a/4Tz//Nvb/gj/qLv/vf/IH/55s/pvq9/vy/7t/8l4o/o1rX/+Rv/w/9xD89/bd+ze/90t/hz3355/wHv9cf/53f7r//1/+nyR9+Nv5L/8+/9L/9V/+Ef/2f/a9/0W/83Z/81W/+0E8vL2bpL7/4H/7DP/zyF776o3793+qf++f+71/jd/n+6Og3+9f+rL/g9/m1tn7F5B/6Tf+Nv/Ef+pm/d+sn/sRv/UG/yz/zd39/efLX/29/4Zf/yvE//7f/lf/79//Nv/t3+UVf/qf/fPs7/On/0B/xY7/3dOsv/yP/o61f+/D1n5b9tX/iP7j65/69//mnfuKn/9q/6r/+l3/fv+rf+f4vzX/5Z//45PurH/ud/4X5r/VHHf5n//B/++f9G//Fn7r8vf+ET/68//A///f/sf/+V/4+f8df+E/+Mf/D3/bb7f2jH/1BH/2S3/n/OP1Pq9/03Q9+p//ku78s/19/53/xP/qt/q/1v/kzP/U//Wk/+PiPS/+Wv+NPXPwJf/Ev+i1/z7/0b/q/dv+33+W/+OTif333r/zfv8bffvS7/m9/7O/3Jze/9R+y/Zf9+v/nX/IbHPwfv+2v+Ov/wT/2T/klf+9/8k/+kX/dP/yryv/+L2j++z/pD/yHXm39qj/zH/s1fuff73/+M//iP/uf+j/+2z/wH/6D/6I/5D/5z3+Nf/93fPZb/U3/1L/w3/3fv8bJ7/u//nX/Qf7v/Yn/zX/2f/3t/8780//i3/2H/5DJw7/770/u/V//yO/yf41evv4tf+/p7/Bv/9P/wz/zB/75v+/fUX36W/zd//0//vLf/H3/+b9k9Hf9w2fPfskf/+A7f2H9u/6LP/1jO/e3fum/eP27Tf+H//LH/+vvf/ePmP22n/6vzW/5y/6df/o/+6f/hz/+T/o9/qr/4+2P/2P/0//xz279The/y1/4q+7f/YPP/+9f44/+m/+W6R/+9578dv/3r/GL/5q/8Ff/t7/Vb/TLf+Nv/fv/wL/6h/wa83/h3/jd/vdf9E/+a5O//5f9x7/kP/wL/+Pf8d3v+xfu/cv/wb/3f/6a/8z//Wv8p3/523/sd/1V9/f/5D/43/5Fv8N3fv2/+Ff/9f/7H/z7/bX/01/zP3z6D/zr2//pH/Dq9E/4j1e/+H/56/+PP+PP/c3/69/qJ06//Y/8fc3/+sf+a3/G9uF3/tU/7o/5Q4rf4bsf/0W/9q/xS/+y/+ur/+7ZPzD53/7vX+Ov/h3/w1/w+Lf/5y5/0e/2ncPZH0/u8H/6b/0fd/7i32v6L+6/ffaHXP9n1w/++U9+5l+Z/vq/8x/0O//h6z9nNv8T/97f5cGv/BN/4d/97z/+5X/Dn/BP/knf+qPuvv1z/pP53/M7/+v/xx/5f776PyhB81v+gj/0l/0Nv8s//Ojk//wjf/WT/+N/+Pv+3j/zv/8tdv/bfzP9A3/8i//5P/8n/9e/4e//K+c/8Vv+Z6f/159c//p/4P/wJ/6y//b7P7X4Y+7/8b/HH/by1/3f/vOHv8a/+s/956ev/vi/+ff68X/px3/D/+Q32PvffvD7/Ennv9fv8+N/1+//v/2Gv9H/9Yf9G8/+8+/9u//4H/cH/45/+p//S3b+27/wv/iN25/6S/76f/3P+1//+1+ZP/kj/+ff7m/4XV78eX/7X/Fn//j/+Z/+lt/7p/+v/+UX/B5//a/98d/z1T+dLo7+0j/mn/vz/7Lf7+TX+wV/3CfP/vP/9tH0TyZb86/92v/At1/9dV/+xL949Lcf/cn13/pffJp+5+//yb9w78/7E//613/3v/KX7f31//qf+lv92V/++N/+u/75p3/e43/67v/xy7781/+o3+Wfuv/o5E9+9e/+ZX/Sf/VH5Xnx8Z/3h7z5A36zP+b3+Gv/9t/zy9/p1fZv/7//mb/Nn/JLf5d/4W/f/53/1//rdzn69j/2K/f+tJP//eJ/+i/+lr/9y//tV/74v/6Htz/19Gjy7/6u/8xf/vf9nr/RL/ozll/+ql/5F305/Wv+lf/kT/hn/oVP3v1vb367//rf/A/+ht/39zupfsN/9nf7gz7/Hf7M6X/16//UX778a37LP/y//r3/gp0/+W9I//Z/5T85+DP+r9/zD/sT/uW/cfQH/pn/5fM/5ff/9c7+2Otf8Xv9qX/Hf/oTf9I/c/Zf/ga/yW/1S7/6q9fXv9Vf9w//+atnv8E//xv+dn/E/p9w/zf4o36tv+p3/oP+mr/z1/ld/r5f83//l3798R9Vfvy/HP+f/+4f/3f/yl/7D/3f/sT//Ce+/xf87eO/99f/s/7g/3j6O/7Fv85//z+++alnf/Kv/Yf+a/VvOv32b/AL/qV//6f+qb/5//yf9v7Bn/ofHm+/+1vn/8gv/4/2ftdf9lv937/Gb7j1n/3Sv/Cvbx59/s8++B9/k1/z8fnf+Sv+/M9++d//m77+17b/vdF3d37Vl7/N0S//437PX+eXnv85v86f+Af+n39O+5dm/9M/8+/8r1/9Y//7n/avfP/oF//x//jn/9U/+NfXR+nf/dv+gb/N3/fdd//k7r/1b/1Zb/733/y3+7/+7r9x8T/90j/n73nwh+//+Qe/xq/71/91v+hP/h9+q4tf8c//zH++uPz4X/2ZX/LX/hn/xX/y+Ztf+Z/937/GH39W/s+/15/8p/ymf+13//Kf/vT//jUm/9Pv/4f9RR//xnu/7/cf/B8/9o/8if/y238h//3/nLt/xdt//eh3/ScW41/+vd+kufjL/6E/7Ae/za/7D/6vP/0H/KI/58/4lX9ne/LH/1v/3m968if8EX/Rv/yf/apPf+Xr7/6Vv+9f/Sv/ur/20//lf/zdfv/fb/5rv33zJ/73v81v/Cf8Xf/X7/tv3pve+973/9G932lvJ/sT//r1n/w7/xv/2Q+a3/eP/+fO7/xnX/4Pf/Nv9Wt99s/8Ny//27/yP3j69/5p3/7ub/8PfXT67/2lv+w//Z/+hr/zP/4V/+0//J9+8rv9Gb/nP/Lu33n8J/yhn/xdv+b/9lf9jY//pfFP/bJ/KPvT/otv/6X/3j/4e/97v8v/+etSSvG//tv+2L/sb//Xf/k/+5cf/lp/z2/2669+pz/wv/vL/tXf/S88+ZdPf+vf/Tf4wXf/CUqG/4//13/4n37xk//Rn/y3/w2/y6//b/1Ov+m/9N1/63f48/6Tf/PF3/N3Pf4N/pKL/+OPePsf/5LiL/97/4KXf9h/8d3DP/dfuvprnv5T/9q/8vHv9Wf9YX/zxfm3f50/7uJ3+Vf+nt9u+Vv8B//B2V9+8CfcH/2T/9Kv+ef8l+1/9Lt++z/9nX+rX/Mf+of+qp/J1+m/8tG/+h8d/AX/+/Fv97/+xD/7u/znz/+U3+PXOf2Ff+n1H/jXf//X/gf+m+d/3P/6E3/Sr/+rfvnf8Hf/ucWv/Gv+nu0/598qXv4jf+mvsT36W5rf87f5+/65P+ZP+H1W3/o1P/6tf6N/8S/Y+s3+6f/iV/7jv+jVb/7r/D1/3MnBH9H+3cf/3X/4i//vX+P8b/gz/pvf72//F3769/wN/7M/+x/81/+pP+LHfo9fQL7+P/EH/6m/7/2L3/cX3Plfm1/1J/12f9nBX3D3T/4n/5ff44///P6v8ebX+R9/rb/9r/97f6Ovfp3v/wuf/NS//Hs+/OzX/V3/nEd/z/Vv8++s/67/5k+qqr/27935v3+Nf/Ly3zh/+71/7B/9Hf6+f+oH/9hf/dv+n//LH/MP/kv/xulH/8xP/THXf+Kv8wf+h3/gL/s//tu/6V/9Z/7G3/mf/vf/xL/xO//5r3X9v//jf9kv/SM//j/+r9/6X/59f7/f/Q//8/7N+jf9u/7uf/Kv/u+2fqs/4Q//Xf7z/+hX/HW/17Pv/YO/3b/3e6W/++gP+L3/1N/lP/xFf+r/+cmTf/4//9W/0y+sfsU//uv9j3/Dw7/uT/wN/84/9zf+z//TX/Lf/rl/5C/65b/+r/2rXp79y//sx3//+e939o9f/Lf/+5/25/zSv/gP+O72r/Pn/mN/0Q9+jYf/x8O/evm7/ToX/8YfdO9/+B0f/u8/uTf55M/4w/6C3+VPP/oVf/nhH/+rm1/2g69+x3+2+UW/4Lf67//k65/8nf/4X6N9tP8b/viv8Q/95v/e7/Bf/w/tH/F3/b3/07/x5/wpf+qv+7/+lcnfNrr3B/0m/8nxf7fz6Lv3/qP/9m/82/7mP2F25xf99v/ob7T6Jf/4Dy7+8L/4wV/4Wz/+bau/886v/+8sv/c7/x3/+B/0B9778i/6N/7Lf+mX/sK/73f4A//Iv/2Tv+UX/Wf/7t/7X/5Xf8U/kP+r/8zv/TO/3b/2P/z7x3/G9W/w5Af/+Z+b/Z/3fr///n/+K3757/1/3P83fv+D4jef/C7/0y/8tX/V+d/32/4Tv8G/8Qcm+4fPf+d/c++v/vHf40/8Zft/zON/8fnf/uAv+Ohv+dt+7cP/7E94/Et+0e/3J/7Pz47v/mO/cX78q7Ldf+T3+I9+g7/0f//u/f/pz/g3f/Xn/8mf8Mf/dr/97/+3/aq/8A/5Q/7Av/z3/5+3/6W//38++pvb3+Tp31n/Zr/k2X/6e977+Lf/rf/MH/wFP/kX/5a/yZ/wt/8Vv+Nv/fnv/eP/7B/+T35Vvvz1/vw/+5/5j37l3/CLf+8v/sy/7g/8+37Nv/7vffAvfHL4+3/5Hzz7D/7u3+rX/Pf+j0/+1P/+d/j+v/7n/oLH//wf9Iu//Sf8hf/cX9/+4GfuXv1lv/cXv+Nf9Qf8kauPf7t/6BNyPn+X//j0X/wz/6p///Tf+yd+t9/lf/r1ftP/40/7N//S/+rv+Jf+ieoP+NN/4g//+/+1f+rv/SOP/7z/+9f4qfnz//3Xf/EX/vef/jb/6q/4ZdPv/h//xE//89n/9q3s9/jDf/m/+Tv9wb/Zl7/6P/tP//ef/M+//S9U/8n9f/Hffvwb//Vf/HmTf/9P+wP/ob/r//rb/+c/6M/7c//q13/Hzh/4C/7Av+hv/Ov/gYN/75f8hf/xP/CX/6l//H//O/yB/+l/RNL7v/3v/9z/MPov/9o/71//6Pf5+3/6+tf7W84e/YN//OUf+M/+/X/Mr0PZ9t/8X/wV/8df87+8+Dv+13/x3l/4Z9wf/YHJX/sf/XZ/7n/36j/45/+5P/M3+X3/wn/iz/71L37813352/6V97/z+X/2r/5lf+p//l/8zes//+l//T/92D/3xegP+I//17/gzQ/+pXtf/S7/+V91/qf8tT/1H5w2yz/1e3/Xu3/3L/7L/oIXW7/WX//P/Xn/Rvkfffuv++v2/so/5LOf/uf/0dm//mz/1/yj/8Bq/96P/QHTv/vdv//H/Wc/+F1+6s/5V87+hj/gl83+4D+5+eP//Td/4fS7sx+//1v+vVvJj/27f95/+ncUv1H7ncf/3L/xD/yZv+mfv7/7a/5zf8qv83/8C5989Au+d/9fffcTx//G/n/y7Pf8s3+7/+vX3/+1/r0/8velKfjbf/lf+pf+C//d7/E//qW/z+/9X/z1+3/uP/Hl63/6r/tnf9XP/F3/1K//Xyz/tD/2d/lLHvz5f/2f/eXv+hN/1P/9a/wDv+inftvf63/9P3/qP/jXftmv87v8A3/mv/d//xq/wf/1t/+F//Ff9Nv84j/6N/33v/13/x//eDm/82f9ZX9X9Q8eVr/Hiz/ol/7+/8Ifkv/df+Nf/e/9hou9/6ZeTf/4P+uXfvX6H/2ff8mf+exv/cN+xe/9T/zSv/JP/T/+m3/+//zbrv6Ou7/Ov/v3/Z2/3eKv/PV/+7/8+a/5B/9Lv+gf/7W+9d/+Nv/Jf3M//bVHX/z99/7Dv/l3+aPu/4kXRy//3T/j4E/80z7+q3//L//Rv3z5L/xv/9R///v+G3/dH//r/jP/3uf/wotf9D/+e7/09/gX/qBf+Gf+Gf/9n/PTv+mf+8dMdla//Ys3v+zP+Qt+zV/2L937q/6n/+MPKNPf6H//N/+K/+OjP/a///1/61/nL5v9Pv/1+Jf+EWe/xv/1e/1+1//xf/47/Tb/0K/19/6Lf8R/8NG//H/c+0/+wd/qv3n0r/9nl//S9t/+l+3+Gf/Xj/+Rk1//v7jz9//Bv3P13/94+0//R//u4e/2e3z2r/87f9Uv+Lt+l//zF/1+1f/8t/6fv/nPbP/lf9Vv+J/9nr9s7//6tX+X//3H/qqj8f/xk//Tv/nH/qV/xH/wr1d/4L/8d/52f/lv/n/85X/Cw384/V9/6//8u9/9Zf/N/3Dx2/6mv8ef8Xcl/8I/90/9g88e/pP/yp/8k4f/47/9X+w8/kXb/+0v+XcPz/6Kj//V//yv+2f/2D/wd/0t7/79/9kfn//M7/Qf/U3/wu8x+u69v/i/+Tv/naf/y9lf+fv+08t/5Z/4l8/+zv/tT/670n/jn/vun/TP7Pwuv/7v/GP/2cvfaPmP/vh/9/v9db/o+3/gn/gP/Cb/21/6xR/xL/yXZ+t/4z9d/6Mn1S/4HY7+j+af+pV/w6t/5/zv/LvP/pLJ3/K7/kZ/5b/0x/zXv+I3/aP/r7t/wva/8e/8UX/45y//5Gf3/sR/5A96+Hvv/7G/+jf8s3/df/xv/1fG//Kf/LuN/t7f+zd586fs/pP3X3//9/13/9D/89/46/P/+f7/9ZfOT//Zp1f/53/yN//hH/95v+xP/ME/+6/9X28ffvbu9/jrf43f93+b/+qf+e5P/5F/2V9MS3P/wJ/2N/6Kv/H3+Tv+mIePT//a3+0P+pN+tz/iP3727v/8z65/j5/6n6tf7/f9Davf8r/+V/6CP/bRb/l//xq/JPlf/4ufqP6Tf/cP/z3+l3/ln/ht/o+Xf9r/9af9w3/B3/o//fu/8t3kd/s9/pd/5vf5LsUuH//v/+br3/fqH/3uv/Dn/+AP/Uv+vYtfdvo3/BN/2bf/lz/w33ky+Qt+jW9//gvW/8rd/+zH/q8//X/5137vf+HX/SUPfvXvdfYnJv/Wx7/yb/ix/4MWmf/4n/knf+yfJbn9bf/o/3z9rzz9zT/9jf67j/7Jv/H+v/pf/8nbf/0ftnv31/zub/3P/Pt/4t/+3/6vO7/JT/7Wew/+tf/pk7/6N/1Dn5/+ET/zJ/ztr17+LZ/8bn/Q3k76J/705f/+N/zz//yv0fzkl7/wj/6rvlz+hvs//l/8u5RO/Sf/rv/ztP1Nd/7kX/vX2nn27uFf989Xv/KL6ge/1b3f8z/c+exf+1dHf8Ovsf0bfP+v/uP/5z/xf/3yJ/633+W//D1/m7+s/NfPf7r525988Qt/nVcP7v/mD/+av+k//L9/jb9s/7f9Rb/dn3vw6jc5/mufLsp/5bef/Fv5T/09f+Fv+Bd/7+/6fSmH/Pf+X9/+J//379799X7r3+Hv+Qt/o/9h70/76jf653+dv+Yv/ff+iX/oD3z0B/ydO9t/zNkf+Dv9pr/r09/p7/6df8+/7o/9Va/+k//h9/ldX/3Nv83hb/Xn/Ul//9/yS376f/0rf4O/6d+4/9v9xK/8Vc//5//hV3x27/c5+Yv+svlPF7/Gn3v4L/2DP/jiT/4T/7E/7//6Q/6e3+v5b/CvkYb967Z/vcf/7r/38L/67f/Ax7/Dv/O3Hjz+3/+lk/2/4uCn/vl/rfo3v/xbf/Ef+Tv+U7/rV7/+T/5u/1Hyd/9O//O//71f9Tf9Hf/ZP/3yl3z74K/75C/+X//H3+x48W/8jsf/5cH//WvM/89/+fmzP+2/++f/kGc/9jv9Mf/i3/MTo/x7f/Ff+6/+eb/ir/kt/sKf+j1n//bf/cdc/Z1/6l/55v/6S/72P+BX/yd/y9/+2/1bf/Dv9jPf/vP+0O/+8n/73/iPf/xP/sX/0+d/8S//iy4Wf/mvO/vjf5ff9ct/7g9M/pOj3/V3+v3/qb/0D1r+pr/L//CP/2b/11/x9/73v8POP/0LPv/oL/o7/9R/5M/43//4f/8//GPL3/1f+63Hf8Vv/uSP/4P/kb/on/7PLv7k//aLP+zL3/Gv/u9+5l+u/8Tf5OTOv/D5T/9Xf8P2X/e7//3Ff//X/0k/9e3/7l/+hV/+M3/3f/S7/KJ//PLRL/yj/sx/Y/Gb/REHH/34//X7/A2/x+/0K//77/zj/95/fPaf/SuzP+a/Wv+FyU//Pb/0v/ht/vtf9Ov/H7/8D1v+H//kT/w+/9fv8nd879///X7DT3/iH5j+53/c/zrZ+U3/y9/zj95/+/v/7f/h905/0cd/2p/yT/1Vv+9f+Pf82D/x9vK//Uf/ln/3f/vJxe/zP/x2/+7v9Yu2//6/7/Tzb/9bdx7+io//vF/8O1R/7P/xoPmP/9j/7a+7+wv/w/2f+C8uf8M/6F/8U45+/68O/qN//eO/509ZHDz5U//s7T/03l/z1/7nX/2Jr/+Ef+IPuve3/cpPfpP/8Ad/89WfWv5f/81P/+l/8q/6n//dv37+/b9h8ef+gj/iD9prf+Xu7/eP/ad/1cO/8S9a/9Znf99387/r1/pT/+1/4S/7Bf/bn/V3/i/3f9k/dvFb3PmVf+Nf9Df8Lv/XL/wPfoc/91f/S7/vn/h//BF//P85//V+cPGP/sZ/1f2DP/nJXzX/d3+NH/whv8dffrX+L//vX+M3+g//r1/46K/5X3f/sT/wu3/j7/kX/9G/4JNf/eLT/e30au+f/j/+jH+g+GP/x+/+K3/g3/Y//h9/8N9W/e//7d3/5ad+1V/9bz39G/6z/+kv+nPmf8a9p//n//XX/+Lm3/rNf4e/MPvH22/9k/f/4P/4z/o7fu+/9h/8D+vf+/+6/3f8jr/znT/oV/70H/4n7v/Xv+O/8hdd/hd/8G/++z37hX/nn3Lv//jOafZf/y//xb/x2/yB/+Cv/d/9Hif/5P/2S7/6u3/Xg4Pf7Rf93r/m47/3V/+1v/SPTf+93+Nf/E9/z3/+7Df9y5/84F/5xz/+s5O/+b/5fP/f+Mt+vd/vr0z+5p8s/7w//6/837/6Yz/f+z3/7oef/caP/pvf49NfePxv/lX/+79+ePYnf/zvHHz3v/7vfsmdX/Nv/83+z3/7t/5X3jU//WL2p3/1l377j/5Hf41nv+ffUP/Cf270tvniJ9/9bqftH/f35VcPfs3m3/vVr3/tP/vP/+P+xevmj/+r/oUftL/qj/5rnvwN/82v/M1++5/8d/65P3Xx6z35m/+jv/t/+Cf/2zd/5l9+9hf/S/OT32H9T//fv8Zf8cf8Hidf/mvjL/76P/j3fvfnfPnv/5X/2r/8l/zC/b/6T5xu/V9v/qnpb/uDf2j7n/vJf/SXTd+cfNr+V3/pv/rL5//pwW/4W/wW/9j/9bv9Of/C//Tvlf/rv/If/FO/xy++/M//71/jP/rst/qlb/7vX+M3/6f+w3/7L/l37v2yf++f+pv+0P/uy9/jL/rrD/7kyR8//eN+jb/q1/itfoO/sn70r//Yo6/+2b/7P/l9fubv+JNP/vff8s1f9pft/d2/5p/wG7/+zf7Fi9XF3/qr/uH/7J/8b7/7Rzx482/8o7/yD93/Nf/d/+07/+l//3f8Sf/8f/44/xOSv+k/+x3+08c/+Wf//X/mZ//Dx//3r/Ev/2F/4Hf+h1/+6x391C/7l/6Y//TxF7/gv/1Vf+B/+/f937/G/37/r/5DHv693/sj/qBfNcvv/V2/+LtXf8m7f+U33Hr1cPuf/if/8tV//9Oz0fE//BN/4X/91R/6n/6h/9qq+G1+8e/0e/xm7b//l9756F/77r/zX/yxf93p7/Z3/Bn/1N/5P/9a/+yn//xf9/f9guPf+j/7i/6N//EP/xd+k7/s3//H/9rp//W//9T4k9/hd/jXf8W//j/8mb/NX/03/H5ffPaP/+f/wu/255z83X/Ifzn/P/70L5pf+gsu/tCv/q6/6Zf+Cb/9L/q//hWK7Z588vk//q88+D9+/O/5fX+Pf2j67Pf4/f7Af+zf+AV/9sPqN/93/tl/+u5H/+V/mP7a/8c//7v+pT/1r/6xf9LRX/K3L3+9xb/1B/4tf+Cffv6P/5a/+z+X/+v/+uxX/Ut/y5/8d7+4/q3/2p3/89/+v3+N9v/+Nb41efgX/8O/3t//P/znr37iP/7s//hr/7J/5tkv+jf+jW/9T7/fr/gff8u/6fe6++v/U7/4t/0X/69f6x//PX/Bn/4//e3TP+H/+lUf/Rp3/5Q/7zf9lX/u//H2X/5v/9n/6zf79773/f/wP/y9ir/t4z/tr/k9f7t/8p97+69tTT7/Y/6vf/UP/b9+tx88/OV/zpf/56/z3X/2z/zvzqu/5a/4pc0v+yWfffLf/I3/zu/z4N3F8z/wf/j3dv6Pf/P//jX++t//3j/1j//7V9P//Hd89mv8Tq+fzP6NP+a3uH/8LyV/y4/94z/5R/4xf+7j17/b7/Pl/d/8r/z2Tz/+l37t3/vf+PSv/9V/7R/18e/8J1Cq7/zhX/M7/HG/3y/5y/6aR3/C6a/9O5b/6G/x7NEns1/ym/4e/+mr+y//lj9z+3e8XP87v/Qv/T/+nL/vX0+f/oo/f/3r/RejP/Rv/N1+0//ik9P/+s/6L/6g9G/9B+Z/av4P/e6/+Nt/6Z/4j13+DX/Bv/PuP/9X/4an9Y//F7/eP/Gv/t7/4cXnT65f/zd/+9vTf/n/+qdHf+avt/iv/uW/5b//J37TH/+t/uHf7o/9Bf/Jzr1f/jee/Uu/9Lf+b/6Wd/V/+Y/94D87/yc//0N+y53X/9ff8Qf+nn/p/3Z88J/9r5/9xs1P/Va/2Z/4m//Xf/Pfl/0lxZ9a/wX/969x/5f8of/zd3b+w9/wb//bf+0/uPiTfo1f/uP/x7d+r6Pv/DGTf6f86578dfP/LflLf813//3L+d/8p/+hv/iX/Nc/dvl/FH/zH//vjP7lP+Fv3Psb/4uH/9ezv/57f9Bf+Wv8ojcnv+u/+Rt878+/8+/+4d/7E/7A3+ztl/e//O7f8eDy7u/wB/51v93sf/8TivJv+Mf/9b/s1d/4aucf/Zd+5V+U/OAv/9u++2v8j7/GwX/1D7V/zW/zr+z9F7/9i1/8a739zn/3y/63f+P7/9nsr/jlv/of/Rvu/EZ/7q/zO/ztP918fP/Zv/GLHv15/9N/+6/9gT/1d5e/KP2HPv5s/mv/3f/Tf/sf/2t/wec/+If+59/q9/xvfsu/+df+XeZ/1i/6v3+N7/8Of8cv/wW7v/ff8z9/9F/8zP/9a/yL13/gT/6Lv+Kv+A3+4dlvuPpz/4Rf8/Dsf338k/f/jy9+5381X335u/3iX/57/PXLf+4POT365f/tX/br/aftX/Tb/wa/7j/wd/1lP/Ev/kUf/83/x1979Y8e/5H/7r/2V/+Of/0/9dv/37/G9fwX/7nzF7/p9n/1rf/iT2zu//f/2J/0U9/7VX/K3/bu2//mn3H5u/0av/5/Mv+1D//xv+jP//W/s/wNfvO/6vf4fX+X/+mv+wN/k7/hZ87+yv/j7/07/vnf8Tf/b369H/s/f931f3DnX/of/rpf/i/+d7/6P/ot/pN/5cn3fuM/+e/83X7F7/wP/W6/5Nknf8b/9Hdt/7V/7h//9z37437pH/aH/KW/6l/5HT779f+Tz/+ofUoWvPurP/6X/6M/5Tfc+tc++uQP2v0n01/zH/qJP+HX/zf/jb/5v/g97pA4/BtPf+bf+yv/jb/9rzj4o//Bf//3+Gf+rD/h3R/65/zKw/9sr/ilv+Uftz78J7/839d/zN93+Dv9Mb9y+/r/+hf/sv/t9/lD/6x/+6M//+/8g/+U3+Bv+xP/vJe//l/8f/wuf9Ov/q3/h7/4T/qL/4Lf/Xe7e/xP/40v/8bf9X/7sV/4V+7+6/m//sf+Nr/rr3P6p33yW/2z61/7L//Br/iN4IDt7f1fv9Hf8Qcc/fe0Gv8v/dQ/8P1/8p/7pX/7r/gL/8m/6vk/8Gv86f/gf/nn/2OLX/Xn/YE/9as+vfz2yeO/7rf+vPnix/7Uk3/lz/snf6t/6n+fvR6f/96/6/Xs4Omv86c+/1P+iL/9r9n+47Lp7/g//G7/8W/5v/+FP/39x//e9t/zx/6lf8/JP/3ZP/m3z/7rv/lv/89/2e/3+/5Gf/Ov+pt+8W/6H/8u/8bfWX/xa/9Wf84f9Sf8ole/wx/3K/6i3+ir//Mf+1uf/fpb/+6/+V//1PVv9Bf9Ccd/zQ/+mOur3/yLf+v/+Ov/z2+9ffbP/13P//M/6b//PV78h395+guKP+z1v/Wv/uLf4ff83h/3W/7m//ji9/6d/41/63e+/DdO/6p//7f/5X/9L/lt/4v/5Y/8nb/9V/y623d//B979It/kz927w/8r776Xy/++D/zv/89fpO//U/7XXbf/va7//ev8TP/xT/w+G//Bd//58Z/zNnZb/33/OB3+N+vH/+S//g//5/+sv/p9//97/5Z/9J+/mv8E//d37DzY//Jn3zxz/7vP1397X/en/qP7P2F/9h/8Zf94X/3X73/T/2n3777W//Csy//2T//z/uD/82//6urb/9Wf++fl/4VJ/u/89/yZ/91f9T3/rsf/Ln/+L/yO/6Ff/5nf9b6t778d/7b/37n3vUXv8Mf+gd97+//iX/jt/rb/9B/6h/8b3/Xj05/j5N//tf4ff7e/+yrk3/lr9v/Q37v3/qffPZr/OuXf9mv9/1/52//6/6R+ef/7F/w5/8Df/rfOv3oO3/173ax9e9/629N13n2p392/Nf8Gf9C+8/+/X/C2d/5J/2f/+PJf/t//R5//q/92Se/5+O/4e29f+w3/o2uvjs5/vHf49/57f6gv/af+PR3/af/j//289/zx//zx1/d/S3/vX/n3/lvfts/5H/I/6hv/7d/58P/8bf4A//wnc/v3v/f/7I/6zc4+O/ffPx3/SnFb/9n/adHf/5f8zv+uX/U3/ePPP+n/u3/4a98+Ff94f/Yx//XT21/9E//Or/vr/g1/o3/8A+/+/s//Tf++r/91/2x9A//R//0H3/4D//6//tPPvo//tHP/ur/cPdX/22/5r/33/7gH/tz/sM/6m+s/vI/5jf4df77/+svPvjj/8D/8/qfPvor7//Zv+6f/9edN/mv9Y//Dnf+lN/zr/+7fq2DX/v3eP3if/r7//s/7tEf/7f+t7/rk/R3/UN/k9/xP/9dX3z2Jxz97f/Bf/PoF/zxf+n/sft3/JLd//RP+W/+h9/tz7j6F37fsz/179v97+79cb/p9Pf8E3/h6dHqs7/m//jvf/Wf+st/j3/mr/m7/+2/7er+7/Zf7v7B/83Wr/VH/Id/1nf/7nd/yb3/9Q/8TZ/8Oj/zve//Fr/7we//K3b/xqN//T/5k/7J/+I7f82jP+dXfvnbf+/63/nL//C/6k/85//taX25/m8//Q//69/zd76glYNf97/7bf6cv+c//Kf+xL/9P/3N//Bf8h9/9784+Od/8O9ff/kP/Ya7F3/Zf/PP/FXT3/9v+9Yf/sv/EVrs+2//9b9q8vnv/D//4D/873+X3/R+/k9851vf/j1+/de//2/73/zNv/39w3cvPv1Dvvdb/8rf/4/967/4L/+I+7/Xam/2d6x+/X/gX/39f7P/5jf7v3+Nf+zf+5v+qz/2//iv/+LdX+PgH/onTmfv/uh/+u/4Y/69P/Cfvfg1/s9f/xf+Hb/p69/7B//yf/hX/9Rf/X/9Vuf/15/2T//Cv+mLP+ni7/1d/vN//Pd98af/Rr/d//Ky+Yf+6j/zT/jTfqNX39p7+Fff2f0n5r/5q//1dzn61/+lX/LfrX7Jb3z+b33xZ7569x/8XT/+7/3kv/w7rf+63/APf/uL/+7f+vPX/8Vf+W/+XX/xH/yX/Wt3f+r3/If/5e+/OPmN/pjT//bV3q/4U/+A6d//+/9L//nsL9j91379//LfpXTKX/jX5//OX3D6+//N/97fOXr92/9Gv+mv+j+LP/i/+sm/4Hf8W/7Of+niH/iTfq/RH3LvF37/X/g1/8s/6Ne9/n3/lHv/w2/0j/3V/9f//C988u/+7b/Pq7t/+G/74Pf84/6H+T/44P/+NX7t3+93+N7v9uec/qXf/Uef/9J/9Rf9Lr/yL/m/nr76/f/iv+B/+R1/0b/0M//c7/Gn/97/0/qv/X3/m3v//W//v/z3//6/+K/+if/zX/m9v+K//W//6l+9/Ld+j2T+Z/82L36txU/8Qd/6I/6K/3j/v/1TflD++C/7a/+G1Sd3f+/f/S/6Y37zf+P3+TX+j1//9/hX/uDf8nt3vndw/N/9QW/yf+2fev17HPw33/p3/7hf49dffvLJy2d/TP53/X5/1j/6m/+7/9L/9bf9QX/bX/Qv/+5/z5e//Z9w/Kf/Hn/l3//pv5P/2Xu7f9cv+Y//65/8bf/g3/Of/11+o9//n/3L/8S/9T/8a3+713/an/5s9dlv/IO7f8jf97v+xf/H2b/2t79dnP4Nv9Yf+3t//Hf+Bb/l3/4n/RF/8u/4N/76f9H/8df+kf/Kb/Pw1/h9fuJ3+/3/h7/r1/mlf/t/+wf+Bhe/Denjv+iP/z3f/N3/6uz3/Gt2jj5//X//Gn/r7/BLfs3l6j+483/+eX/fyeR//PiP/B8X64Nf/3f93Y7e/IN/4z/zB+7+fr//X/2/ffz7/Svr3+1v+tfL3+1v/7t/0d/9E7/qd/vBH3f5N/5Lz7/7J/5f/9Kj6z+4/V1+s2d/3+/z713/ln/eH/jPPtz9N//n3+WvP7t6/Hv9o7/Lb/o7/3d/3J+Z/yF/1faf8If9hV/+9D/+Z/86L/7n0fwPmv1mv+4vvvwzt/6dl//mn/G//Tv/7H/3g3/vH/uNfre/cOev+c3/2etPfvf/JT3+I9L2bzz/n1/8WX/GL/21L/+dv/RXTn+XP+tv/Na/kt77b38y+fVOvkMLcP/j7/HbbP8p/+p//Lf9Yb/mf3E22vkr/8s/9f/4q37zX/Zf/J2/6b/9X/7hv/6v/8/+5O/xR/3zx79l9af++n/Rk7e/1z+Z/sbX//rv+Wv+xG/7a//bp/m/9Vd/cu8HW7/Ln/1//xr/7avf/i//j//b3/9v+29/8k+eHv7nT/+Pf+83/W9/v3/0P/n47/8z/7G/5e/4M3+LL5pf78/8HRfn/+Rv8fxfWFF28e3/9H/9Lg/+sX/j95392Ff/96/xP/55/+D/9U9//z/4+/+as7/83T/7e//dL7I/6t/+t//p//pv+z2b//vX+BMf/Uu//l/5M7/pn/L2T/wNv2xWv8Gf8b0/83f7Bb/oT/jX/6u//R//Pz76ff+3X/ivVNvTX/Zn/2f/zt//6x/8X3/6v/Pqt/gd/qO9Pz37k9599A/8rv/m4hf+rf/G+jd8+2f9r4/v/W1/wP/9a7z7TT757//X//r3/+RnLv7Vf+Cf/k//+Oe/5h/+J/9jf+3//Wv8Wi//wD97/1/6s/+Lv+Hv+oV/03r0d/y1v/yP/V3+7L/hT8j/nf/gX/8Xvvhl/+2rP2D2G/8hf9Wzv/h3+lf+yuevfsFvnKzmv+a//Ju9OP51Xv1Nv+O7v+7P/4X/0R/79/65F7/HL/qnv/yL//rLh7/Vb/AH/ZL/5l/8N37Xo1f/3B9697f/F//j/+Bv+13+84d/1cfl//zv/uW/xsXv/U/9Rr/43r/6p//KX++v+7X/UFKhf9uf8Qv//fIqffjv/nm/+S//q/6V/+NX/b2/2x/xxT/5N7+68xv923/nn/TJ//L2yb/+D/09n/0tf/9/e/Rvv3nwa/1tH/1Df+8f97//ca9/7b/h37z/Mz/z2RcPrv+5P3Py/Bf/uv/kL/upX/bf/YI//e//63+t//Vv+sEnv/n/8Sf+ivt/wnd/rb/sb/vBd/+hf//jX/17/m9/xau/+zf7r/8GWqP72/69P/H//HX+zbuLX/BP/bb/51/yvV/28G/8zv/551NE/Lf9+fn/8Nv9mvV/+9v/l//bk7/w//rW3/VLvvPv/dTv+0//Wn/SP7L35jf/D3+rf3n0z/65f/ns+7/Lve/+bX/i3/LJw//rL/yn/o1//J8s279u/nf/m3/5vzj/7q/6c36d+e/y+if+wZ/55X/1F/f/idPf6Dc6+0vePvyZX/1Lf/zX/5P/6//71/g3/q+v/vLqW9///O/+pX/YL/iL/qW/7NdLf+VfUxXbf91/sPgLP/n3f/3/5Z/8Rf/7v/Jr//X/8p/wr/xF7d/49H/6nf/Nf/uXpv/bT71a/YLf56+nEOuX/vif+K+fXv+CP/6v+y2vf6vftNj53f6jv+nXn//vf8onf/cf8z/9O3/g+X+T/ke/z+9//MnvsviPX/wev97+P/y7/L7f/ex//rVPf0H6P13+tX/Ff//P/vM/9m//X//bf/4Hvvzkl3zv8jd4+Ov9ec9++vc6+gP+p7/jL/k3f+r7f9vf8Af+4Led/onPfr/f+N4/+Wd89Mu+86tf/Yn/wen/8df8E3/7X/l//xp/wLv/+9f4/f6Vf+jf/Q3/mfF/9Dv/HX/XP/1P/qd/zr+6/t7ff/R7f+9P+mdOX/6Jh//bL1r+nb/f/r/6uy4f/F5/8l/4B7z9tygtvPhb/qX9f/zX+Ov+zvNnv+AvXv36v+z+f/LnnP6j/9sf+I//Hd/9+K//2/+Rv/l//7X/xf/69/sj/+e/9Htnj6/+yn/kN9j9t37qfzz4r/8M8hGTk8d/6T9x78f+vpP2n/k1fsc/8nf5w7/7B/06f+s/+Sv/qf/r6f/9a/x3//pfeH34+/77/+ydh+Pmu//+P/lv/yW//OHv8a/+78mv8T/80t+KrNG/8T/d+5t//9/l1a/zB/7qn/zb7//zz/6d3+uf/5n/4Hv/9Pbf8Bf/gas/4vf+J55n3/lr/ryrX/1H/i9/9f/1G/5jf/Ov+jf/uKNv/9u/93/5L1UkPX/Jn/rL/ro//7O//n9of/En1//Zu78x//Wyv/+Xnv1Gf9zv+wf9ktU/+if+4Nf8C8/+t1/v3/qpd7/Hd/7wH/wGx//HP/17/Bt/T/LX/uX/0Hb7q3/vX+Of/DN/i7/yP/vWv57+2r/fj/3qk3/rN/gVv/g3/Jv+vi9/zdf/AwWu/+uTv/9/+Pv+zf/0H/hz/9d/8Mf+ycu/dLvY+vjf/t4f+r//J3/Ob/lv/ao/4r/e+bf/hvp3/yf+1oPf7w/+M//vX+P4/r/+/b+8efkn/m9/3vcvfvV/+Ku3f+LX/ad//fu/4FvLf/A7xa/1B/95//x/+n/+qb/35X/1+/4h/8D/8d3Pf8v/4Y/+fV4c/9Ynv/e/+kv//ep/+UV79R/5v3/1RfJ//M2f/qu/1t/w59/7Pf/44uEv+BU/dfzPfy/7c/6Qr/6i2W/1x/9Tf1nzB50d/Np//+e/9T/26k/8k//hf/HFD/6lX+e/Wv0jf9vnv9anv/Mff373P/j1/rbf+h9c/4+/5+9w9Yeu/9w/8fmD//ZP/D//nL/5r/iH/qh/4x/5mX/pD/4//4ff47c4+D9/0e/9b/6FW8nhn/d//VZ/9rf/lH/05d/7h3z6h/yGf/RHf/i/8Hv/rv/E27+6/Pv/8L/vn6v/+t/uX/jBH3Lwe/wzf/dv+JN//G/b/AV//9/8vf/1V/561W/04o/9v/7m2e4f9yt+xz/qn/wVf/Gv/a3/uv77/7HX3/nVf8ff94f9VZ/9mX/7m+zv/MdGv/6zP+h3+df+jV9++d9Wv8U/8Zf+Qbu/z4Pf7O/6N3/8T7vzv/xzv+7ZL3/4F/3Jv/IvmHzv2//yr/H9Z7/nZ//N4ff+sL/7D579cf/TD/7E7/wDv953/5x/5O/7QxaPpp/9Tf/+jz2c/dp/+v/+m/wnf9Do9/pH2/sHo9/z3/2Dn/8h7/7H3/U/+MMu/q6//NVP/kH321/2hzzY/T1+6t/9B/+kL//S7/+7f9Hv/pf90X/Ur/03/8Tf9bv8c8l/+d/9u7/d3/CH/l7/zsXiH/pd/rTf5Jc8/Ct+/X/99/v1/rU/4m/+j3/jX/B/fPo/Hv3bv91f+DN/wP/1l/ydb/+Zf/Did/49/713v8F//S/823/mF3/Xn/Lv/YnHf9ef/H++/Vf/x/Grf+XfePtH/1mjn/hdr47+oN/oz/lD/sU/75fe/W+efPlH/YFvf/LX+uTsJ//hv/nf/31+zd/t//zt/uRXv/cX/8JvfP0n/K1/7T/91/4H/+G3/7P/4e+7qr883/67funf9Vv/2/Pf4Q/6e/6mv+Pv/hf/wxe/9O//Tf/bN3/QP/0//+d/5J95+Xf+BgfTf+GTP+V//k3+xl/0V/30vX+x/s/+uf/qT/5Tfslv/Xv+Ln/Rb/3v/R+/57/2F/9t/9LP/C+/9tnf9a27f/X9//J///f/vD/21/3L/9Pf9Tfcn378d3z+q36rP/i3/4P+57/gV7R/07f+ol/+ayR/8X//k3uX/8Uf9Nkf+4+O2//xj/ipv/6/mR3+u//Mb/k7/3N/3N80/j1+6+Z/+zf+yz/83/3y7/0L/t3Pk9/4H7v3T/zBv9vv/2f9QU/+h9//J/7g3+fv+eOe/aP/yP9+9Kf8NV/++evf4U///f7yxZ/6z/2p//ev8dFv+VP/YfLff/QP/M9//5/+7/3G/8U/+jst//M/6h+98+/+cb/5v/WH/h1/8L3/6nfY+kv+pH/kb/k/vvgrx3/9X/Qf/t5/07/4F/7mP/Er/pvf4/f9yb/8t/uLftM/5lccNr/Vn/Ljv9Zv/+VHf/e3/9X/6xf+yr+AvJlf/Jv+43/97/KrP/nH/86/5q/9o84/mv9ff/y/+Sv++eunP1H963fz3+W/+Wd/3df/7R/8z/8+f9ZffP1X/eW/9S/6M/+Yvz79FX/RrPzHkv/yb/9rm9/ov/3Fv/7f+C/8utUXf9wv+up3++Me/S1/0z/zF/wGf9Fxsfo7f7Mf+61+xX/74k/7N37nv/qXPPoVf/2f96f+jvVf+W/+H5TULv/UP+mz/+q3/y3/uD/kN/h1fvJn/o0/+jeZ/dG/5+tf+S+1R//XP/G3/Tl/UvJr/BH/xJOzP/5f+P4Pfpf/MfnX/rjf+U//0//X6u/9z//mf+hX/33/8Z/5X/+3P/njf/e73/O3+Ft+8//hN9j/Nf+lfzf/7/+sj//DX/vH/5uHv/Wf+NeOxyd/0f/57/5B/+wv//Hf49/4i/+Q/+L/+h9+4nf+w8q/+Vf+SX/8X/RLP/7ff/Jv/+//xj/71/snfo/93+jNX1j9ff/gX/zj/9Nf9k/+lr/Nb7v4T3/6k9/lF33vl/723/1zX/7i/Fv/zH/2nX/o//41/mbyCf66v+W7h5Pf5Y8v/rcf/N7/3f3vFf/F4q/+e4t/cvXu//i7/7LXjw7/rn/mb3/5d/9+n/zi13/YX/W4/uTX+n1enf3uf/yL3+/x8j/9K37w1W/25K/7i39s8mv8zv/83h/wm97/s/+Go/8q+9tfXX2R/vr/57/8h/4f//NPPX/2L/8Jf/5f/Wv+weu3v/vf9le8/T1+/z9n9//4J/+3r/7Y3/Hf+h/+pr/uyT/9X737F3/VL/9rv/vbffatP/wf/0P+hX/8Pz383T/7cvor/rJf71//u/6xP/Sz0/YHv+jX+CP+xz/mP/6P/u6/5+/4Nb74tf/ZP+EPv/49/vz2L/id/96/5+/+Zb/xP/93/tv/0m/2m/2Wf8bv8fu/+Nd/zx/8lf/QF69/9e/xn/yCv/MvP1z8kS//6PH0F/x1v/7v8U//tf/y0eF/+4d+/r/9gde/U/V3/Cf/2x87/1X/5a//P/4uv/o/+13+hX/gl/6JP/FLfv1/4nf49f7W3/wf+hNOfstf/Yf+U//XP/jnL/+vf+kfGP2J3/uff/e//o//4/7e/+6/m/z66f/0+/2eP/Z//BG//n/56tXj//CLP+7f+/3+iT/0L3r4e/zh7X/wO3zvX/zf/qzf5995ks9/93/vj3r0H//d/8nf+n88nL/6Z36vP/OfKn6Dr/6Pt//OP3jxf376C/+1v/3vpVWVv3z6x/0Pv9Mn+f/2u/wRv8fu7/kv3v1Xf2b3b3z3h/5jv82/9P3i3j/zh//D//Yv+i1/gz/od/o//oN/7S/8bf7H/b/3N/9t/8hf/nf/Gf/Lf3Pnj/s3/80/9o//I57/ot/h1/yXv/vx//w3/p7/23/4P5c/9Uf/8t/0N3z++Jf9aX/P3/vH/Z//4lcn/+1/84u/+y/8AX/qn/KP/an/3l/wy3+Nv/zv/uv/xV//393+H/+ov+5Pyf/9X6e8+NN+8Jf8xv/YLz34J//T3/s7f/d/8ff+g3/E//q7/nN/yj/z7/66/+of9Wv/4Nlf9viP/9/T/+OLX/vwF/9vy/XvnG9/9Cf/Y//O+g/6Dz9a/z5/5eK/+wP/xz/p1/9Pv/8P/kOL8e9d3f/eX/tHPX/xR/3Jf9C/f/bZl//X4V/4T/x9/8Y/8ot/9d/44Lt/+6+3+wfu/62//J/+d36DN69/+Vf/5xe/+N/8R/6sP+t/W/yNf97iwZ967w/6xd/6P/5QMikf/89/0V/wV749/a1e/XY/cfpb/Zr/2T/4t/16f8if80f8odUf+Lf9F7/e//KfffJvvm1/jz/4d/nrf+a/Xvxlf/0f8nf/sr/8z/4Tf42/+1/4l/+rT/777/+BX/yx3/2X/4b/7hf+9mf/6Se//LM/8b/8Y37Vx6/+tj/lX/gvfvH3/vB/d/T8J/7gX/Fbf/vPaP66h+lXv8+v+/v9yat//dVP/LLfYfZn3Tn89G9tfptf+nv+Wn/i7/mL/py/4w+7+HP+qT/4n/x3L/7Mv/f3/c1+jz/zf/nnf/ov+I1/7Tv/zf/6h/wXv9Pv+o/9sf8M5Uv3/9m/9VvX9f/03/7Dv+CP+Nv+81/3r/3kqz/oL/0N/95f9Mt+k9/tJ/7D/+AP2v+x3/nOd//kf/yrv/Xv+t4f9jv9sv/jv/n3ft+Xv/bxP/xf/HW/53H2J//JX/1bP/Ov/24/8wu2fu3zf/+f+fZv/L0/t/jXPvrJf+hP+O8f/yVfXvx+ZHN3f5/V3/Gf/7V/5yf/619//18/+y22/oM//r/6R//k33P7n/rbfvHi0fYf8Ff8g7/7v/Y7TP6zv/d7z37B73n9D/3D6fq3+z8++fFX7/6c/+UXzf+Xz/6OX/af/21/7N/+x/yv/9Q//Q//9f/sr/gd/oE//bf5i6t/+E/9tU7/67/j+J/8b/+P//m//X3/5X/qd/vN/5CDf/i3/oV/5F/x1/8n33/3Sz/5Vb/pb/zb0LLT3/b3/S7/2i/92/+5//pv/vbf9Pf9rX/c47/y+ugv+2X/++pbn/16v+y//x32/52zj3/mT/2Lv1x//F/8Ln/R//Hf/tL//df87T/5g//gf+XP/nMP/ut/8s//G/7k/2Pn4//m+v/6S/7GP+I/uvjLXyUf/Zvr3+4/PPzzfrc/+i/4T3+N3+Vf++pP+bEnv9V/9L/u/xp/yn/0yz/6c/6w5J/+C77/nX/pf/izp3/B3f/x2cPf5Q//3t/y9/0x/9mv9Vf+Ov/rX/Qb/96/6qO/vfyxn/yt/+Qf+0//mH/5b/+T/od/fP/X+yP/qMW/86uP/+7f+2/9L5/9Ov/0n/CPv/gD/4y36b/9d/ydvyi/Wv7Y7/WX/7r/87/9R/46v/T+v/z7UAT4G/wTn3z8jzz4B/+nP/Hdn/Kf/DO/5+9w8Dv987/B4//8t2t+1ex3+Yf+lemz//Wv+JOLP+nRn/db/W1f/GN/wh/+J/6ev8cv+D2Sv+If/M3H7V/4a538Re9+5p/+jX7l7/iX/4N//3/13/13v/S/+QX/0K/x6/30n/jH3f3r/4c/7s/4n/+5f/HP/Pf+4Xe//S/4B//8+m/9R/+zp3/Q//m//pe/4A/5Q/6Yv+UP+g3+m9/7f2m+/Dv+4L/yT5/+2n/jT2W/6s/9hX9b+6t+5g8vfq1f6wfnf9I/2/zUX/73/93/WPaXld8aP/pT/5W/55Pql3//F3zvFz/7Hf/tZ3/h8j/9ex/+c3/D7/Eb/6P/1U/+3e+Wv9uf8Yt+19/tT/9Pdv+vf/Nv/I+//+wPmf5f/+rf+ZO/41//3/1Wf9WP//n/yoPxf/hP/9I/5A/+nf/9v3q+n3/v93z8tx3/TvOX/8P5f/Xr/y9/41/0t/2Ov+6/8svffvJb/eq/438eXf+KtP4DH/3Pf+Cv9/v8k3/N//Y3fvFH/Db/4a+1+/f+uf/qf/ar/8H/7X/+/f+Zv//ffvfb/cV/9G+o0vNr/II//Zf9if/9b/of/5N/679Z/u3f/k3+rbu/2z86/YP/wd/p/3r3L/6Xv//n3z38T//B3/h7/9tf+4/+nb/D4h/6Nf+F3+0P/79/jb/rP/2T/sC/8l/6c+Zf/C6/6/M/bPrZL/rnX/1ZP/lf/I3F9p/+n/0b/+Zv/qf9GZ9+65/5xb/57/1v/vhv/g/+S//6b1Y/+i2u/5U/crn6/v/9a/wWb9/81f/0r/+Xv/qf/p7zf+8v/F//wL/6r3/w++7+RbPfZO/hX/U7/iGfT3/yF/xFv/Rv+w3+iT/nt/lb/8x/4Y88OnuY/oE/9tf/BuPf5qtf8Jf+jf/bv/pH/fbpH/eH/jt/zWd/9R//d37vz/vFv+AP+YP/zH/x9/1z6vVf94/8yn8s+/E/8b/5qb/sb/sj/qMXv9vf8+f9Tu3pf/17/o5/xn//x/zLf9sv+et/BWXT/px/8Hf8T4vf+fTXOPsrd/7lu7/77/WH//t/2X/w8PN//1/+Tae//L/8Xf7w3+tvmP8F37v+w/7OP+OX/nf/0fJ3+fxX/srf+af/s8nhH3ud/dm/9j/50X/0V/+Pr36f7/97/9VP/JI/53+e/X3/yu89ufMvX/1903/5z/y7/q/f/y//6N/4a/6L8R/yOz7/NxbL2fwv+N3Lox/7Pe78R//zn/hP/k9/w3/5U3/YJ3/eH/An/vR/+fH3x3/Av3Lyi5b/6N/0J6z/xF/2Gx3/n5/8RX/rn7385fvjf2b2B5WTH/s9tn71X/nx3/hr//K/+Mf+vF/6909/tz/xd/7X/4qjf/PXu/xD/6HVD/7qv+bv+O5P/Pv/xE/t/MSf+Uf+8X/X7OgP+8l/78/8zf++P/kv+u7RHzA6ev0P/c7/4l/x9jf8vf/m8z/t3/upv+mP+e8//40eHfzy6qd+7Hf/Uw//xF/71//b83+/+Jv/3j87rX7h7/e//S53/vc/5u+evvs7/45/93/97/6k3/lv+Av//Y/+gi/3f83v/Af/yf/yr/5a7/65P/r//M//y//j/7r/t2d/4K/zd/2qv+MvfPbX/DG/5Dc++61+0d/8z370p/63f9zv8Gv81//df/7r/3bpn/jXT9/9BV8e/Lv/7aPVv/dv/C3X5T/6l/2h/8Bnz+o7//I//Dv9Tf/d7/4n/6b/QfKL/t7/+b/9qf/589/q7zj/t/6i3zv575O/9Nd4/etM//1nf+ef9I9fn//a1ct/+v/6t345hdztX/fw+3/Zn/zH/WX/w//45/zLf+efNL/6V36f/+C//NWP/uO/5Xf8v64f/FX/61/77/zlf/Svs/8n/9i/9Mf90S//oz/5fzg9u9j7vX/t//b1P/K3fOfP/fyf+fN/+p/6I36zf+vbf8Iv+f7f+uXP/DX/8bNv/4//zh/02/0tv93f8Uf9kf/iv7L7X/+P3/8r/tDy7/h32p/Y+xX/53/6d1z/2n/jr/rf/83Dv+T3/nV/0S9q9/7Df+RP/1f/7Z/6vf6q3/fkr/zef/bv/Qf/1Ee/xi/4Q//B//qf/E+/+C3+7f/+P/y12n/+z8n/17/pn/3H/9M/6j+mteo/o/iT/8l/7U/9/f7yN/ufPfqdP/7O3/Y3/Z0v/+bv/RM//tv9r3/tr/jdf93f6id+T/P/X/Dwf/47/+H/dv/i+3/LHzv+Nb73J/36/9Hv+L//Lv/IP/AH/ms/fue3+of+uN/sr/xV3/13/83f7PPHv+lv9U/9gge/7u/ze89+s7f/xe/xx/wHv3H1m/43L/6ov+7f+SX/wvO7//V/85f973/if/7mz97+BXf+43/895j85K//O7X/xxe//5/7u/3PX/19h7/g37/369R/3ef/zU//c3/kr/Ov/ubf/89+jf/08b/6u/0u259f/0avp+/+0d/kjzv46K/6p/7Nyz/0r/oL7v4kJTD/0f+pePCLXp6u/taPf79f/Mf8hovH/9Kv8x//3X/F9j93+sf8tX/I5y/v/Jr//KP7p9P/5Q/5TV+e/hq/99/5Z//+f9of8It+6uXf8R//Mf/Cn/DJb3F1/nv/h//u33/2B/1jo3rnF/yVf/2v8VN/4cs//ff+3u/zH/8NP/ar//0/6Qd/6vc//dN/6T/3pyz++L/ij9n7rf/vX+PfOfjP/qr/9X/8ff++nb/kD/2N/6bf9U/8D//Uv+t3+U/Jnfvr//y989/zT/p3f40/+rf/J7Z+7Z/83/+F0f5f/Vv8cc0/9E8c/9e/z//0H7z4Q37vJ3/NP771G/y7f8LeJ9W/+PtM/930v//j/ph//P/6p1dXZ9/61vp3u/gr/7V/6ceX/9e/dfLjH/1xv+Y//gf8h7/n8f1/89/6r//Mv/Pot/kjX737hb/6o3/wT/mFv+hX/v2/x+9KXz07Tv+YX+8XffrP/q0/9Q+++dV/ZPHj/+Gv/X/89D/+L/1Jf0X2B/xOv9N/9Cv/17/qrzt6+/cf/4v/wS/7Y/7Cf+gv/L/+9t/7T/uP/rU/+MVnzz771bN/7ov/89/4T/62v+RP/r1/47/uN371B/zxv/JP/71/8Jv/Ob/3j//hv/8f9hv+d3/d6a+xON76iX/6H/oV9//yv/w/OF3/lvuj3+e3/jv+h9/5N/1X/42/+7/+6I+of83f6Lf81X/533X/78w/+t0++R1+jb/m7/+1/qdf9+Vv8d/8Nn/sX/2P/cd/2m/xV/6Dv+j3ufyN/6r/+uKf+uNP//W/8id+o7/+j/jyV37v7/xP//Hl9/6Of+iXPPpj/o5/42/+Z/7mP/OfWv9nO//Nb/zJb/WX/8V/+O/+K/62f+b3+ql/j5bo/50//k/8J69++V/13z//8hf+R3/Zb/qT/xnlRn7J7Hf9/H/51/6u9OJX/3Nvj37D3+uP/rHf/B+b/v4/8U/v/97fHX2e/rJf/5//28YvPj/433/1v/k3/8xv8D/9u99/+6e+/ZW/KFv8pf/LX/wv/vgvXv+T/9Iv/ev/+9/v4j/+63+97/3zT37Dw/a3/P1e/F+/79t/7df+9/7Cv+hfvP8r/sI/4m/7xb/kN336t/+rf/0f+K//I3/X9r//Z/0vv/f/+cVv/Ifc3/pL/pg/5Q/5Y7b+ol/L/P9v+Zkv/qJ/+92f+J0/98t/7S/5D3+dP/QP+U1++9/xb73z352+/Ynf83dJ3/2r//F//iv/0Lu/25/w3T/lP/kXnvzMH/1H/Ud/4vP//d/89a9/wT/y9n/496e/19/6r/91v9vf+q+lZ//9f/bb5dlf+I/94Hf4VX/pf/IP/iN/7//4m/5u/84f8af9Lb/ffz39M771G55ROnv+a/5Tv/J3+eNfzf62d3/bv/LmF375z/y5l//en/Lwt3767/3G/9jyP3v9m//u/9qv+Q/M/4l/41/86T/6/A+4/Of/gsN/9Q/7tx7/qS9+2W9x/Lf/EfNf8z/+u/+p+3v/4G/95T+b/he/7a/zB7a/4i/+hensD/mNf43vb/8JP3j9n/zpf95//GO/9t/7B/7hX/2J/+V//nf/tVu/51/0G7/9PPm1/sYv/8uf+pN/s9/z3/nOn/zvfffBb/xP7/26f/Tv9ef9L58f/2//xr//t/4Fv8av8+f8Gv/GH/H7/J6/dvpvFv/Tr/6Hr/6C/X/tD/lnfmr7F/w2v0vxZ/1G1f/4N9/71/73//0n/8R/9E/8w3/l//XR7n/w0//t7/5n/Jn/5l/xb//C3+W/+0P/pV/8F/6j/8Y/8Mf/K3/bf/vF+B/55LOj/+DwF8//iH/tj//1fo2/7N/6Vz75O/5ISh9NfuPf7af+if3/8y/4vf+w3+jX+D3+yf/gH1j8z//mH/Zf/k//wV+9/df9wX/Ov/9Pv/vdf/x//Kt/j3+u/Rv/6j/x/h//n/yFv+m//e6Pff6LD/+z//af+fav/8//jj/4Y769+F1+4+8//TeOftc//fc8+uo/Wf7vj/7E/+Zbn/wl/9Dv/Gf9e48u/uK/8en/9gf/x2//wd/0p7d/vb/4Nzis/+V/9k/80//Jv+Yv/C//69/vl7z79f6T01/nz/5LftWvvfiz9r/4v/6l//SX/bW/+T/zh+W/92/+3/30X9f8Zf/Mt3/7X+NP/1V/+M4/+ps9/Lf+0v/6H/+17/8nf8rf+I/Xf/L4v/wD/prDP+cf/sP+kt/8D/oDf5vf4z/97r/yE7u//Ve/3f/6V/z47/eP/O/X//nFv/Xq19j5g/7EP/vv/xf/8uXx6vf+A/6Lv2n7L/+1/vbFv/cf3fufDn/xv/pr/ep/7+/8C3+rb7/43ug/+If+wD86/aXrrT/tD/sd/61f8tN/2Ls/7u/9nf62P+H6n/wDf89P/q3/67f6mYfXv8P2xT+283/82b/pb/y3/ol/3y++92v/W7/oD/7f/uXVt/+ro9/kf9v/r3/yD/x3/vc/7XvV//DdX/kTf9N/8dv9i//Lx7/ql97/r//RP/j3fPno1b/22/xWP3H6a/T+/29+/x/6Q/Z+05fFv/by1/8j/o/v/2+/ef6f/F7X/+PPbP1L//Wf87fWk99jtPd/nfznR//pH/Or/sJ/4vf4Tf6Pn/iPvjj6N/7Tf+zTX+s3+Bt+5z/593vwW/wazw4mB7/9v/jb/7d/6H/9+//FT2fNV3/jX7d997//C/6D//3f+R3/3Kvfbv5X/J7/zX/48t1+8k/+F+/+7t/t//yPXz/9z//E/+Bv/Dt+5sv/6df/h37wX1/9iV/8qb/Xn/0P/olf/qn/7K/xf/8af8/x7/+v/H3/4u/9f/7p/8Wz83/p73vxKSXy/oPjf/E/+Wf+wL/88I/5J//Fn/jryv/t8F/8B37636sf/XE7v9Gf/3cmv6L4B8//wd/5ybf/kF/55M//7PQf+2P/j//0r/1tfo+/9c/8E37Tf/az/+CP/C3+71/j3/zH/vj//Tf4r/+9n3z8t+z+jn/hr0h/l+nrP3Y9/ZVn/+sv/Pv/02f/55/7P/7Bv/5P/s+/7t/zN67/9j/4z/q/ys//l7/x7H/6F//hP/DH/qs/7m/5vapP//Kd/+uTf+I3+gd/5T/1a/zS67/kP/2bf9l3/9C/7zf/6/+3P+Mnfps/8Q/473/B6jz/5Hf4Jd/7K/9j4tf/7Rf/T3/g8//pf/kn13/d3n/zU3/Qf/kb/YN/z8l/9xv8l//NH/itX/Ebvp1vZ7/3X/+X/Am/3Z/5h3/7X/vWn/gX/dZbv91f/ov+rZ/+G/6DX+PXeP1XUaKDlMNv9A/+ZvPLX5D+K//lv/orvrf+c/6d/N/5h/6Ez/+uz/74n/mX/+eT/+h/+Jv/4r/1P5j/Zv/0X/1f/0UXs9/rz/5Pf8F/8+v/87/id/nTf8l3v/17/sI/6Pd4sP2X7Tz+n/6Z3/53+31+03/mH/11zv+6v+6/+fwX/gP/zf/8J/6jv3/y7m+799/+Dk9/4/oP/M//i9/8P//n/+9f45fc/fh//uevP/1bf/Xe773/x/07v8sftfzv/+H/6s/8RaO/6Jd+8nf82Z8etX/UH/2b/hr/5X/wt/31f8nrX/mfvfzs777/3/6B/9M//3/9bn/8//1rrP+G//rFP/jf/25/zB+Y/sblf/37/63/wV/11/0ef9v9f/Z3+/2//bue/1+zl7/N4z/i3/5L/7if+aN+7//9H/zfvnvyH//7vykR89/6I5//rX/Of/LiD/urftV3/5sfJL/yr//1/6O/8Y/475K//Vf/vv/N3m/yl/xk8hf+yn/m//41Xv9+f/Jf+V//Gz9Y/y3/7r/1vZPFr/U//Ra/W/Lr/0d3/r3R9b/4Bx391v/O/F/8nf/Xv2P69/+Dv99PPj7f+hf/js8//g/+/s+e/Xpbv/Zv9bcHXsI3+f/f5f/+t/8fTYhhx7dKAAA=" />
        <Entry handle="28" bytes="H4sIAAAAAAAEAO29B2AcSZYlJi9tynt/SvVK1+B0oQiAYBMk2JBAEOzBiM3mkuwdaUcjKasqgcplVmVdZhZAzO2dvPfee++999577733ujudTif33/8/XGZkAWz2zkrayZ4hgKrIHz9+fB8/Iv7vf+v//o9+jd/sO8/Onv0av+av+Wv8Gr8m/fdr/N//169xePLq9PjNl68epRez7Z9e5Rfp5e54J91aN8XyIj37zufpd16efp5efrp3Z5T+onVWFu11+ll6sJP83//ur3Hya/x6v86v++v9ur/Or/fr/bq/3q//6/96v0HymyXJj/1Y8lv9Jr/pb/Sb/ba/1W/32/22v9Vv89v8Dr/z7/67/A6/44//Tr/Nb5OO0h//hR/f+dad3/532d7Z3tr53bfubAHIr/nr//q/fvIbJL9lkvyWW7/Db/M7bL3383//Q7/Gb/4b/JqjX3P0a/+aH/0av9Zv/mv+2r/5r/l//2O/xu9Cg/x1f01+fg19fs1f69cmfH/93+DHkt+QGvztv9mv8Wv9mr/2r/1r/Tq/9q/76/46vw59+0vo+1/j1/nNf93f4nfdPf71fsufyH79j37Rb7X3B//Jf/Fv8ONP/uZ/+Ld+9S//T7/bvUn9h/xY8tv8tr/db/87/O6/8OOtO9/av//pg4OHj06enj77/Ntn33n95quf/O7v/fv81HSWn1/Mi59u2vXl1bvrH/yhf9gf/kf8kX/UH/3H/Cl/6p/2p/8Zf+af9Wf/OX/JX/qX/eV/xV/5V/3Vf83f8rf+bX/73/F3/l1/99/zj/yj/9g//k/8k//UP/3P/Cv/6r/2r/8b/+a/9W//O//xf/Kf/mf/+X/xX/5X//V/8z//L7/sl/+K//VX/m+/6n/HuH7NX+PX/jXNEx3Xb07j+rV+nV/n1/51fn2M69f8ta7Q4Df/dX7d33X31/stjn/i189+0W/50d4f/Bv8Vk/+5L/4b/6Hf+zH7736n37rSf0vJ7/N77b/H//u/zOGxiO73cD+kK81MjswN65/59f4jX7tX5Mm79f+zX+N3+PX+N//ij9m6y/6tfD/P+Uv/Qve/UV/3D+9/0f/TtO/9vDX+PX/k7d/5L/xf33rf/vu2flP/mt/yd+V/Tv//r/y5X/2r/0r1eT3/deuLn7x7/37bf/PP/kn/8df7P8H/+1VUf02v8m/9O3f6H/7J3/t3635p/6P//af/Rv/gd/jv979W3/Jn/LPFL/nf/13Tf6+//vX+E/+zT/hZz77n3/Hf+T3+/5/9vqnfvrP+OP/3D/gx/6df/eP+vf/gme/9D/5Xz/76b//z/t7f7O/9l9d/puf/n2nv/rFT/3j7f/8v/2Bz/6uP/vNn/QL/vNf49f/C/7S8o/826cnv/rL/+bv/Yf/wid/x29+8af8xX/r//1r/MXf/SP/yb/in/9N/onnv9NvcvIbXf5F8//l39v5Dy7/xl/0+d8yWf/Xf8Nf+W//Hj92dPe//gt/s79hPPqP/84/51/5v36rvd/uP/vq1/zTfuvf/reb/OBv+huf/r3/+i//1b/wk6vr32j06I8sf/Pf/8fevfre3/gbvr3zV//Xv+2v98nf9v0/+G/6TX/7X/8v/qf+m1//p//O9V/9+/2H/97ZL7pqRn/rt+t//u/97f+PX/+3/kV/0X/wX9z7x//xn3n0Fxb/9H/yf/8av+kv/L1++n+d/i6//F/66s7R7/q//eSn6X/7k3/27/S7/Ae/6f/8N/5x/+x3Pv8Pmv/tz0ke/nf/+i/9h6/2/vf/9r/7Jb/kF/3Pr/+Rl7/iX/tP/8Bf+dt/+Sv+mr/+f/5D/5Fv/YH/6a/4E/+lv/L//jV+69//d78uf9s/+U/863/DX+dv+U3//af//Z/w3/xl/+r/+hv+Xf/A3330R/7r/+L//Jf+I1s/9sv+ht/xF/zBD//vX+Of/G/+wf/j7u/yYz/4/f/vX+M//M3/71/jf17/L//s9/6Zo1/+4vf4j37hn/UvH/wLP/EPfuuzP+7kv22O/qYv//ij37z+Nf+c/7j59/+QX/R//xp/4r/23/7Pf+w/8uv/X7//7/1LvvMH/s9f/S/jf+Lhf/rL/7Kt/+Av/MvvTn/Bf/wr/p4//0/8m9L/7W//j3/sz/21X735v3+N6z/tDyS8f48/+ui3+Jlf86//qV/rl8x+fxpS8ic9/O3+ij/uv3z4L/5L//J/95v9kvqX/MSv/I1+v3v/03/2F/1W/0b5J/yB//Vf9Nf+S//tnzP7j58/+Df+h9/0+e/xU//bF9//m3/lf/h//e/39/69F39Z+edkf+Ln+3//H/ln//7fp7f+kud/ynT61178K3/hn/pfvf2Pf+/7f/+rf++/+OS//tf+71/j7/8L/8uf+jN+v8/+58/+4v/zn/gb0//9n/gjf9Vf/+W//h/Wf8ajz37if/07fskf/5N/z79W/ve/yb/75/5Z/8nHf+vf8cl/9ku+/E9+5R/9X/5P//y/8Rf+ovV/8fv+Xv/Y6z/s9M4//Dv/Wv/7n/yrvvun/vSD3+Hv/+f+kV/83/6zf/V/9nv84t/o8//lr/5fXz36XX+/3/K7f/f//lv9Of/Fn/Hf/dbVX/S7/fJf87/53/+ev+WPeP2nf/Yb/I3//N/9C77/F/2T2/9Z+Xv813/p//1r/PFXv8dv+H/8xH/6j/3Pv85P/YF/xP0f+53/3N/tn3z80//Mr3f4N//kj//lX35y/4vP/uxfeTn/6w5/09/8v371l5z+wr/1r/jsX/rV/9Sf+RN/6l/4V/zSP/1v/Z3+6I/+hz/+X/83//UXp9/+/m/6l/xJv9Ov/Mv/ouz0t3r5a5r/f/uf/LU//ov+8r/mp/65v+I3/tb/8NW/8JO/8Mf/l7/ot/9lX/73v/b//NF/8p/+3n/q6b/yN/wOv+P3qj/jJz//J/7L3+gf+mV/4hd//3/7X/7Xv+LP/gXT/+wv/fYf+Pd9+fv/K3/9u3/gv/nen/vv/rV/9O/zx/6zd0Zn/8JP/xl/5u+Wbn37n/07Xz35U//PT37xX/Vv/07f+dYv/dX/2u/2ry//kh//wR/wF/yH/9mbP+m/efCbfP4//LK/sPy/f43vfO8/f/Db/svXq9/rb/7BXzj61b/4J/+HP3/21cnZ8j/+DQ4mf+Tf+J+/2PsH/rs/+9m3fo8f+/bv+x/+xb/L3/Pr/3G/7I/5/f/O//C//KPe/NLf/z/+qX/lt/l3fuwP+T3/mE//h3/rF/0ff/WfcPn5f/H3vfoNaML+pv/0V/3kv/knNn/Gf/DsD/h7/v7LX+Mf+/V+8f/9a/zJr/7Mf+DZP/ln/B67P/kP/Mu/WfLP/c4/8ffs/vF/0P/11fK//AXFP/n8N/3Pv/h9/pifavf+gX/z3e/xn/9J/+n/+df8wes/+8/5A+/+s7/bn/Cb/I7/96/x1//UH/5LP/+n/ru3v8vZH/c7/tV/wr/85/+Xf+G/8Kf+4C/5j8//3Pl/tZ3/sv901PyTP/Ff//6//7vf9B/+33/nP/OP+Ov+kZ/63r/w/bPi+7/2b/Of/e//xT/w5G/9NT9++Uv/2//jr/gH/ub/7Xf+6//An3730b/z8epf/ak/9Xf8437Zv/YX/re/z7/5U7/wj/+b/uhm/1/46/+Pu3/Jw3+2uLz+v3+Nv+GT/+u3/h3/t5Pfc3X8r/x1v+r//jX+Cvrz7/mNx2//jP/yD/zWf9f8gf/TH/auvfgdvvob/89f/bv8x9/+md/0P/5H/+9fY+ev/f1/9f/6e/wjf8/zf/nPefiH/hmf/QnZ//Hr/sd/56/+d776B//P/+n3+Ef+oj/zP/43//D/7Nf5nce/+Z/8b03+nv/mSfHLdn/xwf969OZ/+5X/0d//4B/5bf+eX/Iv/BnfObn6L5Z/1P/9a/wm//6f/0//37/G/H/9G3+nP/N7f8TH//Bv/7/+2vf/2z/wb/9t/t7/9f/+NX6b47/yH/9dZ3/b63/ixd5/fO///jX+on/zj/hHl3/9J/nxw/S/+Humn/4pf/c//q2XdfUX/7X/59/+O/7yZ//HP/i//2t/YHF39gf+U//3r/GHH/07/87OX7r1D/7pXz76y17+rX/Uv/nj/87f9vy/+FP/8F9++vDuq+fL7/5DD/+r4h/5X3/8n/gn/o8/fv07fPcP+9u3n/37v/sf+t9l//7vNSr/5z/kF/27v/tf84/8b7/j733xG/5n/071X37yX/zj/9of+A/9tb9H8Vv/vXf/rX/2V714/O//u79G89t//H/+O9/77N3v8/xfzH+3P+mLP/7v/U9/9+/9Lj/x/a/+xT/4b/+TXv3mv/Ff80//ws/3/vH/5c+7+NX/+p/9u/yjv8tv/rv/Y3/M4g+4/m3/qgc7v+x/+x//6nX2i3/ff+W3ys//u3/ur/rb/+w//e/8J6/q3+VX/8P/7u/x57d/zt1/7Df9zYt/7h+c/et/w+rw2//4H/nf/sTJf/yL/6zRP/zpb/Bv/q7/8D/5Z/+CT//T//a/ffkP/hF/++vf8Z/6c37w6778vf/kxye/xh/4D/01f/9f9gv++D/5nz74P+78Bf/l//Rv/qc/83f+tn/Sf/0ffPxHN7/rm9/rL/qHfo3r/+Yv/qV//n/7H/7Hf/ov/KN/tz/6D/0n/pvf/vf+nf6Q3/Tk9/91/skf+83/hn/v+i99/Cf8NZ///b/k7f/0ye/z5373f/qt/6K/6/J68YuWv9dv8eI3f3P11/01x7/7P/cn/Hn3z//D3+1PPP1L/qT2L//r/oR/6C/5Y7Z+Dfz/r/nBP/I//Cv/46//f+5V//l3v/V3/OX/96+R/uq/8X//z/7vX+Of+pc+/pt/1X/4n/zjv9bv8+SX/5a/w/kfuf1P/IW/7N/55//4//R3+i//TeLm1+/+pl973fxd/9GP/fG/8A9d/KX/fPlH/O//1/9651f/Jb/Ov/N7HL39zh+//S/8VPF3zf/5h3/f7/83/Nv/3ulv9Pr3/Gf+/b3f5U/8N/7O9n/8Lf/b1//Iv/Tif/0ff8s/7k/7Xf+m3+B/ePjXvfvlf2NytvrrP/37L/+Gv2z1H/zef8Mfe/a3/E//yO/7a6z/2D/kz/qP/4R/7jf/9958/m//h2/e/Ou/1/Lj/+N3+9//ke/9uRdvm1/z1/h1/tHpr/1X/oE/Xf5fH//r53/zp8+3f+m/8OzTRfmb/tK//eLNv/R/fPbJn/3LSUgu/ss/5vLlP/Rf/k2/xv98+n/98f/x3/av/uv/3a/4L3/b5Pd497vNkl/yb/7a9//K/+Hv/Z3+j7+9+p9/u//9n/jr/5r/5n+f/eRvu/jpv+NfPvoVv/e//kf8Jr/B//Dlr/zjz//93++f/B3/oP/oD/2D/4+/9q/8Mz//n/65v+P3+K/+go8/ufz1/rt/6r/6zf/+v+XXa/6Vv/s3PN/+pf/z/X/mn/lj/6U/9B/9yT/tP//1/7Jv/7U/Vj34Rd/7iT/sn/i3/umDf+i3/t7zz59d/07TXzT69f+Nv+37v+fy133zr/3S7z389v/6f03+9r/l3/tntn/mk7968T9MdrP81/wnX/ztf+V//A/+zv/NP/AL/oKz9s/9M/7g//CP/H3/pL/+X/2XfnXyn+3/5+fV9q/xa/xGf+p/+71/6clvc/Af/tqr1d/9W/3M7/UTf/s/9S/8p//Xb/tH/jH/xG/67/wB6S8++79/jX/8zV/7P/+H//jv/X//Gt+7+Cf/GpK/f/zfTP7nv3r6J//E3/Kt//LX3idR/V3+jj+z+Qd+j1/w9738I7d/9z/z//xlH//fv8Zv+52j3+N/+/N++S/+TX/1f/L7/1/jv++v/d6/M/oL/8Qv/4tP/oK/40/8xb/2n9f8K3/rL/pjLv/mf/mLv/uf/LP/jl9MRvkf/K3+o//jf/3t//v/BX39K7/X//yf/uN/xKe/IP9D/rPf/E/6U/4zMvP/+Z9c/Mt/zeGDl3uf/H6/uP0df+nz3+mrv+YX/Xd/wH/zt//rf/bf82f8xeu/4af/1t/v3/+7/5Tf58cu6h/8heW//snWL/tF6S+ffu93Xf1lX/3Gn/2B/8pf8U9+/5/4y//aX+vPLf7M//T5r/mv7v/Tv91v//Toe9/+/f+3Z9+q/7I/4fDNb/N3/genv7z5d37fv++7u78g+QP+wt/vV7z+l+fTLz6++4unz/+36if+0H9m9q98/Gv+E//ZH/DdP+/qv/1vX/yh3/7Xf/fXv+h3/uP/0d/5371a/r5/yG+y+2/8heO//6/f/o/+zP/+V/6iL/7Rrd/g7/+b/6n/5K/8c//x3+G/+0//hT/15d/1qw4u/p2/618s/+ff+/f7K2ftP3D6r//Zf84f8ef+1d/5+MFv83f+et/+m367P+P3/RsP/q/1n/87/dS/+E/91O/1z6X/yH/+T/6z3/+df+Uff/9X/SV/2O/85Ks/Y/d/OfvD/+nf7n9/89v80p3/+Q//Z/7O/332N/y1/9of/jv9knd/3X/+3/+O/8rWv/MXfvQn/Hd/yvnf9f1f+FsfvftT/7nf8c/a+Rd2/sD//V//k3/xL/pFv9W7v+D3+VN+4X/6Z/y33//Wu3/1e59+dLb+8b/vH7j3B/9D/+S/8jf97f/3r/Gb/Qf/7e4/+Zv8xT/z+x38u5/8eev/46/9vZsH/+Pvlh1979//9PQv+62KP/FP+8f+opN/87/+/b/8v/75T/7vX+O3+uof/cG//3v88r/xz/rlf/pv/kdf/k1/wHd/tz/xL/4b/+rf4/x/+5l/8Nf4M/+7Xzn+A0//2r/+f/ojftuf+iv/2lf/SvJT//lnv6eV+f/9D/rn//R/6Ff80f/gn/zX/ta/8X/0z/91/+H/8OB/+Yt+03/xy9/hn/w7X/2Df/zx4m/9m367v+6//XX+7r/rj37+2zx49Vf9X/t/2N/0f/xDf/3f+Lv8zX/k7/+v/8zf9Gv+tttfPf7sr/9v/pz8b/kn3z7+6Bf8vT/1W09/1Z/zb/ylf8Gf90f9Z3/FX/rP/tWv/ot/5H9/+3f9zX/Ff/AH/f1f/tv/7r/77/w9v+Hh4V/+x/3a0+Zf/b/e/Z3/2+v/7H/+H/+oxd/wm7/6vX7hd3/F3/Yn/h+fnP+H/8RP/Xt/zR//47/P//wv/jZ/1e/xl289+jv/ld/jj/prvnX53fNf8s//8f/O73P9L/6l/+H1j/91f8HJH/7f/4e/3V/3q/f/jF/xf/y1n336i//oR3/aH/7b/4v/2Sd/0+//O/+3f/M/+8v+3LPf9ZM/9Mf+4E//wp+Z/lp/61/6P//kX/rr/I2/+x/yU//u4e/0h/xJv/Dz//SP+Tv+m//+n/3f/qz73/m/f43f/J//PX+vf/E/+xv+/NWf+C/91X/83/J7JD/5t/29/8rf8Pv/9//Gd3/yn/q3/u3/4h/5Z/+Cw9/ik7/8y9/27e9R/uqf+BP+oX/m2W/3x/7e/8R//Mv/yd/5W//gH/Uzn/+1b/+Nn/h3f/8/t/mdFn/3d/6xv/gf/B//ontPf+ff66/9S/6yv+rffTb7Q/+LZ7/Tr/2HfnX/7v/2y/7Af/RX/TF/79//D/yLv8POr/E3/OCr7eeTf+bLv+r/mvyd1bP6nzz73V79K7/BL/t3/p7f4I+anf4ev+xf+wO/9Y/8q//9f3byX/xjv/av9zv9of/44t/9a3/z3+Lv+LV/+19z//PJf/Pf/JP/9K/847/60/+e/+Sv+71+5b/1r5/9Jns//S//yX/+X/MH/EMn7f/9a/y3/8bT3/OX/KX/+X/95/xr//rv+Cs//l3+yz/nn/9bf8e/4eGv+Ot+97/uX/43f6/vPP+v/5E/+bf6s3/5X/tnlr/zH/Gv/Ab/zqNf8q2/+p/6p/7bP/kPffPn/IZ/4oMf+/S3+uX/6f2/+5/9e8d/8v/yp7w4uP9HLx7/J//DT/wmu3/fv/Hn/Rl/yp/2/V/25/1Of8iv9X//Gr/iv9n+1sHkX/t9z377d//m3/HfXfyNP/gXnv1Jf8vf/ZfnF3/t7/eHlP/9X/F3/ZP/wW/+7Pf/Xf6kv/anPv1z/9r5v/PHXf0p819Z7+387r/g1/81/q+/4F//73+P5Bf+y7/Lyd/9p/xDJxft7/TX/oZ/9K+9PPj9nv13f+Cf/Pv90ff+6+cP/8IvPv73/9O/8eiv2P2rD+o/v/2f/up//Ozbv+pf+C//yf/9n/77nv0Jv+O7P+zpb/4bPv2zf78/73f6G/7AR3/Gr/4n/50/7u/4b/7pi+I3+lsu/rk/4K95+hf+wb/vb9T8q//G3/8b/pO7P/PZ2z9y8Z2n3/tLHn76Z//4X/R//Zf/8e/31eXjH/9f/+hf5xf+8n/sN/1n/vn/4jf51l/0X//T3//H/5i/8vH3ft9//B//3/7w9k/66N//r/+Ov/XP+vx/+Hd/zcv/+U/4Z//F//Sr/+4f2Hr7C6aH3/up/+UHv8G/+hf+H/Vf9e//jX/Y3/c3/z2/1z/09/9Pf8vv8If8Lv/byZ/9+Z++/W/937/GH/TZb/z6H/xH/pk/9q/+p//nH/+Lf8HdP/mv/y1+///u763+vP/z3//3/sBv/Yv/wP88/3N++9/1//qn/o5/9q/+8h94tvfol/+1n+78b1/897/1+H9Y/huP/48/7Nn//Wv8p7/ir/oVv9fv/2v/5X/Zf/Gv/O+/4m948hduXe/V/9Z/+g/+Dd/6j1/86b/8y//5XvPX/ut/6S/4V/7rX/pPr/6CJ3/p9OGvf/S3/4oH/93/vvs//Sf/1v/+z/yT//ev8Tv/1K/6Iy//nPaPPvon/4vr/+g3/tV/8P/1D/7xv+Qn/qfx7/Lxf/xP/Pl/8B//H/0e/8Uf+72v/refOPj8B3/cL//N/5U/44/55M/75X+ICXn/4r+HQqPrP/Df+z3+mb/ir/offr0/4E/6A/+WP/BP/zV+6R/4fzz9Pf+Dj/+N3/rPnT+4S1T4Pz75j3/1Zy/+1X/u7/qff6OfrP/QP/i3PP7x3+Wf+0U/+X9t/ZV/6n/y9xe/fvr7/h6/7G948h/8Xr/ob/vN/uJ/8vf75Pf5hf/rxe/+4J/58//l/+pPevdbPv8L/oD/5X/7e/6t3/q/+o3/tj/9r3r8yV/x7/7pp//z9t/3h/9dv93f+af+Mf/L3/uPLn73f+zw8n/4F//5P/j7v/DP+JuyX+M3/Ff/lb9i/7/8Jb/bb/3xL/jewV/wJ/wFyb/8F/yTv8W7P2P/H/yHvvX4r/zWP/q/X/2Pv89P/YF/6F//F/ynD/6dX/5jP/1H/so//McX/9Av/gP+z0/+9L9n/tv8vr/Rr/3vvfmF3/5Vj3/xv/HH/Na/x5/1XzZ/yB/4Y//2f3P0Y//qv/If/yZ/9n/y917/9b/vz/wN/9Lf9fCX/8P/8F/5039B8jf9ic9/WfkzX/w6f+bf/IfM/qB/4v/6z/6Av+DR9Jf9Db/e7/Hf/Ud/2Uef/4W/57dOf5vf90/5o//Jn3n5V7/5O/+xBz/5u/xTZ5M/5Z9u/+d/Nv1dH/wmv+nv+3p9/Mf+9r/0L/1Vf8zv/Vf8Hc/+/d/+5S/615I/8dUf8L/u/db/1S/6F/+TT37pH/Gb/if/1p/6/Pf4r/7o7/7E//1r/OLf9vf/+771R/xZX/7bv9VX/9W/+lt8/hf89y8Okz/wN/tbHnz85/y1429dv/uFf80/+y/9q+k//6+/SH8liey/vv3gzz7+Pf6D/+tPr978w3/nP/mDv/Yv/wP/ht//V/6Df/ns/7r3t/yF/9Of8Ef9U3/NP/Zb/vNHH3/3T37y5/2y//rlP/RrFme/xp/3K/7av+enf+0fXx2k/8Zf+ePHB//ub/QHrP/Zn7z8C36dP+fP+2O+/dsf/NP/x9tn/+Pvcffjv/Ynv/9X/h+/9F/4TX/Vf/v6d/0nz3/xn/kHPf7xX+cHo3/z77z3efuH/9O/5mr3H/mf//mr7/5+v+W/8uf8h//c//Lyd/k9f9v/45N//B/4Hb//03/iLxr/uX/53/cb/I1/9pd/zu/4N/7af/P/+lv/13cX/+mv8wf9bXXxv/xg/G//Hv/bX/M//c/fefnX/Kt/8n/78he1f8Yf8fkf+w/8Zn/2X//ir/yLf9+PVj/17fP1b/8P/Xdnv/bf+d/+fm9/0X/8xe/9X9z7X//AP+k//aMpuvxP/pr/8U/82//E3+L3ejf62//rX/Af3P+P0z/+jzr5kw5/i1/yB/7Uf/ZX/NHZP/Ev/Nhv/wv//m8lyz/nV/4Jv8P/8lf+c//jb3n+B/76/+32b/Ov/17NX/j7/Ke/y6++/5Nf/rr/zb/0a/5pf+fvcfafEqy/9rf4n0/+kX/8j/6n/quf/uP/kN0/Kf+3/rhf/s8//Naf+b/9Sf/Rf31QXm3/xT/9e1W/xZ/1H/923/+7f9lvRuT9wd/8N/5t/+zfe/+X/c6/+Z/+5e/26H/+3//1v/bfevVb/Oa//Z/2u53+XZ+9ePu7/rHf+Ye//0f/9r/TT/7Nr/+bf272X//y03/3u//8n/8v/xM/9hv+n2//u9/jDz35XX6Tv225+2f9+O/xq37jt//pvzv7DRcHv8t/93//Gj/1q3+P/7h8cveP/N9/g9/5v/uPq3/h/l/++88Wf+j/9u//CX9T+5f8wafNL/iTfuL0t/o18P/Xv/vv8vf8gX/xX/mvzn71H//L93/N/+m7//hf8Zu9+y+//7se/1r/+f/2f7z9Hf+R/+B3/RN/r79j55//S3/qP/i1/t0/9J/5fX+Xv/LX+cn/8p/I/8U/4Vf8T4/+z7/4//41fvm3/vP97b3/+9d49cf/8X/aT/83f97v9Kf+X7/1X3762/yZ9x7+1X/37/bfXb38maf/6l//27/68sd+7z/l3//tfnvkR/7b3/t/+2d/r3/tD3jz+/9GP/X0P/tDfuff6z//8v/8lb/v47/gt/g3P373R/3tz+/8+n/1f/kX/uXlv/O/Nb/PH1n975/+0j+IYqfzP/13/B//tz9h/a3/5b/6E/6GX/lP/uQP/oy/YHT/j/+tfq//bOtPuPOv/c7/0PjX+F3e/Sb/4V8/+d7bH3z29/3Rj3/wG/2i7z+t/5R/8u/6U3/FP/tLfvrwT/wN3/4FT/6F7V/nj/on/5Ll6Ogv+k2+9WOPt/+Gv/5v+RdGf9Zfevlr/tG/y+938Ne+/Ev/lWfjv/ztf1f+t//A/r/y+Hj+O778n/7df/IHv8nzP+qv/I3/4f/2z/yVv/y//+pv+/K3K/6e+//Mv3jxH/+vv+4f8U9P/53Lv+cv+Af/yb/gT/9Tfubh3/DHvvsrfodf/Pf80//St/7m7Ff8dv/pX/7mX9v/P5/8I//CJ3/uX/sHju/8jvNf/3f9W/+8eve/f7H/X5d/4X/y4Cf/ln//t/jf/smXf/O/cf8P//v/lV/+T/910x//L/+ov/HX+Y/aX/Un/v35T/8Nf+WL3+7X+Zm/9h/+7/+pv/ovHU//vX/01/prfvov/J//i//71/gjf9lv/S//dluf/2n/5fp3+i8vf/Jf/Sv+7H/rH//NX/61/96/efxr/O6/6+jZ1R/0i/63f/PhX9rs/9m/4m/4E37LP2pK9P0z/tA/8R/614///d/y9/mpp7/Ff/an/tdf/W7/6f3JyT87+9eL3+M7f8Xk4qf/yv/zdzn4L3+Pf+Ovnf+nD37s//qVv/yv/hWvf/Wf/HL+H/63f+r/+T/+17/P7/HH/bd/5P/0xX/16z3+R/+vf/OX//W/8f5/9E/94tlP1p88+x//iZNf8K3/9S/8hf/GJ+mv/sd+8q/85Hd81/xNlyTIf8b/PP6r7/47v/VfMPrz/vD/9j/4G37/J//B9Y/9rr/237D71at/9Z89z37Xf+/f+wvuHPx7v+hP/xN/0f/2nf/rd/q7/t5f9Ff8o7/ot/kr/uo/75/7NX67//Sv+O1+9f/6N77+g3+P+q/99Hd4/jP/3KPf8vf/1rvm+//a48N3v/JR+xd957/92/6Uv+bdf/vv/Q7/9Z/4j/8ev+Uf/msuf/x3+V//hd/j//qFf98f9yz5y/6Lf+/ys+Tg7/pHPv0z/su/4X/7L/7Tf/RPLl78Bd/6ff/d3+zJX/In/31/3u/y9/zYr/Hn/E+/+J/8n/7Kf+d3/9W/9V/xV/wdv/of+HJv/9f/Xf7Qn3zxd/41P/07/Ou/7Ps//eCL/b/+T/yPf43f5Nf4r36N3/mv+cP+gre/+Z/5Lxz8V5/8tb/pH97+x+f/3NvJ3/0f/FH/2t/35/6j3/n1/9zFX/2n/d+/Rv5b/t+/xh/zV/xb/+J//Hrr9/7rf8Xv/vB/+KMpevjJp3/z3/dH/cSf+58f/Wt/8j/0L9/9Tf+3//63/mv/on/3f/uzP/nN/rTLzy9+/N1PPzv/+//EN9v/7uTjL3/1f/NX/Tdf/sdf/q2/efbb/I3/6z/4H9/9nX7xH/g7ffpLPvlNfp///H/5X/+If/rHf50/6eFf8e/+o/fu/Em/2ZO/4N1f+7/+Nlf/xfmLv/1///Gf+vSP/+9/gz/8d5r9VYd/5A9+9ef/8b/yp/1PH/+R//Bv93v8AX/n//1r/Mu/1+//2/w+f8b/8hf/+n/td/7Sv/JXf/W//o9/6G958Ye1v/uv/QdnvwbFu29ff+/pn/DH/S7/2L/9tzx69S+fNn/BH2RF/Pf/Hx78K3/+t//93/jX+Jnf8X/+65//0t/j3/xDV1/8o3/h//Hu3/wNs9W/9GtM/q4/Y+8Hf9if9Df8gd/65V/+Cf/N5H/74//6/+HX+C+eHfwe/+Of8x+1f+0f/of+F7/4e9d/8MNf9Z/++r/Ln//2s7/j7/6nv6j+6s9+xf/5T82f/+AP/7d+t//l1/nv/6/7f/fFH/h7/Bl/7t/4N5z9k//H/1r9z3/Ndx/9dS+vF//nn/4H/Md/wq/5v7z623/5//nkx3+L3+N/XfzZD3/j/+uv/kW//K/+Y/7Af+q3/Du/9Sv/yD/wp7//j/+pv+Avbn7Z+vd/+A/+E3/2//k3/8yPz//x//5f+Cf+m8f/xv/9a/wO//Lf/69vX6z/zF/9C/6Fj3+7f+Gf+pfu/B+/xl89/hV/7W//b67+5f/uP/0zf7tf9dHv+Q/+Gd/6v3+N//4f/Qt/r//j/Lf67r/6T/xlv/Avvfrb/uc/8W/7m/+vv/03+lt++39t9G823/5r6t/6vxjd++W/8G//H+8fvv2Tfuf932vrL/+df+bv+pPf/F+/xlffv/yf7x+++zN+571/5Z+Z/R73/uHf4S/Kfvlv9Z/+g//Qmz/l7/wn3vxhf/Bv//If+xt+8F/e/95rcj8e/h6/6X/xrX/877pT/c1/yP/wK36tP++f+st+jf/mN/js+G/44//lf/4XH/7ZP6gfX/zzf9Rf+8n61/mD/5h/74/J/vN/4q/8dX/l7D/5q/75v+If/y1/s7/hv/0L/pnVnckf9OQf/tP/rb+w+XM++use/tO/16vzg4d/1e/+O81e/wF/9l9w9cf/T9/+H7/M/uFf74/993/zt/P8p//R3+yP+9d+8OB//89+ZfVff/lv/Nj/8uv/G3/pv/wP/ht/5b/5v/9k9Z8++jf/pz/hj/+bfoe/7O/8Pf7BL//63/O//2W/6PXv8yctf8v7f/U/sU2R8nce/6u/459SLP/g37Y8fDX9c36N6f9U/BF/2fLvv/PH/6t/zq9R/eDJwV82/duWn33r7/3+X/Pn/70vPpv/un/1Z3d+9d/+vf/+T/5Df9ks+bPPP/9d7vwl/9Xl5L//a//XP/S3efWf/r2/6X/7pvnuf/8//6+/8B/+VX/Lwf/xX/9Rf8E//3vd/2P+xP/kz//8/3r8yf/wuyR/8Z/4j/4OT37BX3vxG/wev/If+hv/qF/+D/0Ov/Ls1/77/5Vf+//+NX7JX/9L/um/dPzv/4J//PPjX2dKHt9v/c//vv/DP7z8Z/+0nzht/vz/2GZXi4L47+H//H9e/czv9W/8mge/45/7F/5vv+N3f+wv+n2KX/nq0X/w3/zVxR/6v/wR/+I//6/+S7/D//gHzu//k//Yn/8H/Cb/2V/4f/ySv/afW/zuX/12/+X67e++/kv/5n/6N777l/8L/+H/9Zv/h7/xP/NPjX/m9W/07r/8XR5QQPS9n/ylv9P/9D+//Oh/fjr6+//Ef/5f/L8e/n7VL/7on/2dvvMX/9n/8D/9f/y30y/+7Okf/dWf/oc/+WP//r/7H3n9+/6DP/bvff4f/4O/6d/3X9x5/MUv+E+Ovvh7/55f/X/8aX/zu89Pfq8/cfzf/mN/893f6U/79/+Xv/Mf/Kf/lb977x/+0//83/yP+o3q3/M/+Wv/6D/06F/7z//E3/Pw3/jz/tT/8M/7h//p3/8/evRHPf7sL/onVz/+9/7Pz3/Hb5PS/cX/8K//P3/nL/7r5//Gp3/Gb/Hv/T5v/41fee+fuP7Dfv1/+rf7+E/8037xL13/wf/rn/Xrnfxmv8F/c+efmL/5Q/6tn/i3/pzf6nf/P/6j/+Iv/Ld+978j/Xd/7MFy+X/967/w99r7P3/6r/p7/vg/7b/L/rYfvPk7fuVv/vf+ur/+L/x7Xn9++Pde/c0//V/+n9V3/uD/7df+V+9/9i/8zD/65/wRX/5d3/qj8t+r+t/+71/jz/2v/89f94uPf+oP+Vf/r9/jv/jf/8Dv/AWn/8JP/+B3+L3a2duL3+xvJOZ5kf+J/+3/+a0vmj/q1/83/uJ/+cv/8fV/+/v8g3/cf00K/i/7D++c//t/8F/wa/y1/8Zv/if9x//sb/mH/Lqv/rZf/Yf9Mf/q3/Tr/0ZfPv9j/vXfqfxj/tP/6+j3/i8/u/P3//OP/sD/7VeV7V/xC/6KP/g3+Mcu7v9Of/w/+TsX//y/9sf8CV/+9K/xp/zWv8UfcHT5H/05f8Tze3/hn/YHrL71z33n1/v3/rz/44/4ax+8/hV/0fe/ff7H/24/+ZM/8cf8s7/Pb/T5r/M/Hfz1F//D21/vP1ouf3D+t/6ZJ3/JH/L3/6uf/sd/1s6v8ZN/2ujon/+H/uFf8dd98em/f5Be/ePVf/D0x//Q//zg1/sbfuFXP37+333/X3r9L/wb7bv/c0l+1L/0b/wD/+W/+q/+s3/T3/Hl//BP/KW//Lf+n37lH/oHHf34v/RH/vX/3h/4v/8O/+a/9z//Rs/+0H/ru5/90j9y+WPF7/qv/cTpH3D16/5WP/F78v9/17/8r/g7f+rX+N/+wv/1j/nD/+L/7U//q/6M/+v+f3Dw383+wP/pbzz8n/6Lv/MP/Mu/+N3+jOq3+B//47/zn/jj/+v/8z/6JZ/8e39gQbnfL3/9P+YP+Nf/mMN/51/8DZ78w+9+8j/8Xf+JP/Bb/9Nv+Wv/u2f/yJ/ye5x87+Cv/sd/3//s1WrxO//F/9sf/tf/1Ed/3+TfOP2v/7nf/OL//jV+z7/+e7/LH/VTf99//PxP+inKO/6rW//3r/G//TG/7O0f/Vv/Jz/+6/xO/8Vf9nf+fX/+b/Xr/pO/4F9P/vDD/+aP+G9e/Dv3/vXFP/C7/jeXf8u3f5t/5V/59u//n/9Jv9Xx30sy8yt++V/1+/+TV7/5o7//r/gLf/oP/02mv9udf/K/+Pv+zV/jz/yL/okHv+Xf+1f/Vv/j3/43/v3Fr/jB+dF/8Ff/B9//mdO/7++++7v9Ob/7n/jn/R/fPv41fpf/4+pP+Pfv/KX/ye/8n/5bf/nf/k/8ibN/+jf/52a/2W/wn/2F/8Mv+6f/x9936+958Y/9Ob//3/67/nb/2av//W/feffn/JXfy//n3/g/+Xv+rj/+b/tzf+8//B8p1//R//Af/UHPvvsn/P1/7Z83/4n/4b/4836j6z/h9/41/6XZf/lb//Hvrn7ff/J3u/iT/80f/69/6n+tf62/9nf7536tP/E//hd/6l/50w/+4T/1J/+yv+xP/un6+R/xl1z+n//W//6v/mfr0W/3t/wf/+jvdvGX/57/+Xf+xD/rl67/7n/meP4H/qt/xT/5V/7yv/bLf/X+s3//X7/7l//Tv8Zv/m/+T3/tLy1nvwt9/9lvePX37K3/83/ux//br3759Ff/a//UP/77/uv/0788/ld+7K/71d9995//xn/nX/nT/8J/8Cv+hT/r9/lX/vMHf/3v/ev8O+/+4f/xp/7X3+5/+af+qf/s3/z07/wb/53dn/xd/7W//PPXf9sv+h9/6vf9L9p/+6//Pf7Z1T/yF5//l/dPf8Wv8b/8NvnDo1/+h/yKL7/6Pf783/bJf5b/LS+u/6p/6z/6TX/qr6toyezH/o//+nf4n7/8n36Xf+GP/Yv+s/O/bPrT/9mf+B/99F91/X/89LeXf/K//Ef/+off/rX/+p+89xv9n//Gf/rv/Pn/9N/xd/xO/8ev/ef8w3/23/Rv/1+/07/xr/0tf/Uf/yf8jn/lX579qj9o99e9/pV/3X/Rvvypv/UXn777sy//lKd/+P/1U//2v/Zv/p+/w72/a/aHfPtv+Ol/5b9+/Tu+/PV+xT/++539bn/+H/I/fHz/F83/mb/mX//zr/7R/+of+wf2/qU/6Zf96l9R/dN/8N/4d/2R3/nf/sf/6K/4E8d/83/6q3+X7S//1PMH/9Q/tPpN9n6Pz/6Kf+Af+xt++n/83u/8d/3u/8Pf8Vv9xOnkMmDj3/df+vUu/qh2+/Af+x1+8b/90//Gv/wv/tqX7W/03X9v9jt991/4pXf/t1//r/59/t5/9j/+p3+b//U//Nv2futf992vOCeN/G/+/r/nu3/2H/8drv7w/T/iX1ufJf/Eb/Jbf/6TR3/IP/DT//ODf/JP/M3/w9/3D/zH/rbv/d6/59F/lfzH/+K/+Zv+Mf/Kn/NnnvwFf+tf+b/+nQe/cfMP/zt/xR/1j/7q3//5p//wn/Brjv64H/s/fuyv+4v/ij/o4A/7pX/63/mf/P6/03/7H3z0x3/0r/+KO7/wj37xH/25f+6v8b//L19MfsP/+s1v9PwPfPRf/V5ffHn05e9/lT37C36Nf+oP+6V/2u/4uz/8haPf5R/5k/7D3+tP/BV//V/41/8uyz/td/kV/+Qv+2v+lqf//p/wq3+LP/gP/k3/l7/0v5v/+v/73/iff7v6y36n3/6P/j+KX5cE/V+c/qp/+S/6/h/7v279s7/RP/5//FWf/l7/0u/6l/+2f/yf+qv/r3/wp37/v+MfuPdf/oGPfotf/xcd/ZP/4r9X/Qt/6Ow3OPjJf/Hf+BP/TkrmfvYP/vm/1v/+e/4e/8Yv+9/+1b/pb//oV/8Wf9yfcfKnfv5v/Zt/yy969ef+kz/+f1a/7C+ufpf/6wd/4KP5/Y8+/enPd//L//bsf/2t/vvf+ff5bZ/+ij/tl/5tv+P/9Gf9xun/OZ+f/VN//f96//Wv/I1/l/z3/x/e/JVf/WG/02//+X/7+f/6x338l/2zf+E/8af/y7/f//1rTH7L8u/61X/aL/nTf9Gv/OL5v/kv/Qm/w0/87//qL/0Pf82DX/YH/R//9fwX/G9/Yf78l/yjX/zq/Yu/5k/+3/61v7D84/7EX/HX/u//2vl/f+//+pt+6d82/+Sf/lM+/x3+iV96+l/+B3/eyz/4T/n1j/713+DvPvk/Jn/i3/ZX/zf/yB//h1/8a5d7v+mv/bt85w//7/7i5u/6i37j//6P+dP+ub/sl/zH3/lbfteDi//kL/hP/t7v/UZ/57/6/F/8O36D2Z/+v//Hv97bv/l/+hNpmes3f/srf/N//K/8r//G3+r571n8Z7Pv/6UHH/86fwjlZf/C/+g//G3/w3dfvvzF//zu4vf7ySd/2PO/7tnebzr5Pf6eT/61/+Ph//wrf/KPePM7/Ad/4dvtv/jHm+/9+K/3E3/Bl//cf/l3vH34d/wDv+VP/8yf8r/92//d7/8bPf71L/6jv/53+8d/wb9d/Rf/zsWf91f90z/++OJv+PX+k0f/Zv3oJ3/9P+xnvvgr/re/9Du/13//rWrvo1/vP/4T3vzvv8s/9W/8T//17/s3/Mp/7Vf8AX/KH/MT/9ZPbf0lf/KxZ+b/ltUf90v++F/jZ/7QX/3t/+1P+P7JP/G3/NQf+meNXv8zX/33f9fhL/tVv8P/8ld9tPUX/1m/xT/5V/8Nf+5/8s/9BRd/wq/4R//8f+jf/wd/2d8w+cV/8G80ffw3/1e//uvv/6Kf/PzP/PQ/+w//6t1/+LOtf+p3/unf7ez32/sXfvWvd++Pa/+q3+gPWtff/k//yv/8Jy9+6/pfzv7Fv/74/n+284t+/Gf+gz/kz/g1Zh8Xj9f/1P/5rcM//9GdP2rvd/k3/rA/99/6y/6Tv/Dv+8ce/fl/83/zz//vr//jf/Dv+DN+z7/3n/kv/6Dv/XZ/1b/67I95lvwx/9w/+Rf9vn/OV//KX/xHPPntf5/f+7L8Y/6Gs/9+8h/+rX/7r7j7t/xB1//ZL/jD2v3/YPcff7r4p3/i73jx2/6dP/Vf/R+/x3/8e/3xr/7li1/zn/kz/oknf97lX/Xn/mf/25/852X/4l9y/lvf/Z0/+bv/gf/tev/3v//3/XXv/uu/7d88bP7jv/47P/bpb/dn/9H/9f/yF/5Pf/nv8Df/yS/+sH/5T/6DfvGr//63vvwvP//Xtv/lP/+//89+12f/6R/22e/xrT/02d/xd//r/9w/m/2O3578Q6tf7/K/PPoLT7765/7eP/m/+8+evvl1Pv6d/pj/sv43Hyy//PFf9PKTq+/+yb/83/4F/8F/8eD3+Yd+9d/1N5z/G79P+ud9+7+5/FP/1H/84tXv9Rf/63/4X/E//Ht/8l/3b3zyr/4av+nrN//DX/fPNf/5s1+//Mk/7NEft/db/hFf/uN/+G/7g7/vt3zxD979Z/68i3/jbzksL773U3//P/c3/nl/x7/X/vWHv/Nv/Tf87b/j22//w//hJ3/Qr/l//Lcnp9+7+Fv2fqPf/nf+px//8l/jf/79/sj/6c/89h/56n/+J/6Cf/6X/WXPnv0Bf+nv9kv/+796+7f+p/+Wf+sf/d/+8P/4f/vlX/zU7/hb/57Jk99w+tnVzv/1p/+Tf/3f8zc3f9y3/oJ/4G//r3+P33b56pf9k3/PH/uP/bt/8m/3F/0fv91f+N/+vof/7n/xW/xF/+ZXB//Bv/n4j/nTP/sv/ri//Y/9+Df4J//nv/g//gt+t9/ou3/ov/S//xt/xl/4O/y7//5f9mfu/tk//urHfu3P7n3/N/lb/6r/+uqnJn/531f/ZX/Vb/Kvz/6h//I/PPrX//p3/8T9H09+0eKz/3D6t/6mT37rv/rv/mf+ki/ai9/md/43/8ff9S//3h/1y/6Q3/PoT//pf/s3/PX+vd/jO//Iv/EX/1j73/2Vv90v+Ad+xf3/+L/L3/55v/zVX/vJ7/DffvQ7/M2/0X/xC//93/6//FX/5vbv9K/8E6u//k/+89q/9n/6/t/5+a/zW/73v/e3/ui/9Tt/1u+z/Sf+3v/b7n/y+/zM7/Gf/rVfbv/Ni1/6j9x5/Tc//oP/97/5b/xbf9u/6B//pb/k3fl/9U/+df91/Z/9Wn/mT/xO//vP/Cf/wP/xr/zlv+yX/70P69/kf/uJv/W//dN/vb/1r/vb/+5/4Lf5rw/+ln/9t/qJ3/vPz4w8vPwPPt0+P/qj/slf/lf/8a/+jd/tN/uvv/sn/JO/xtN/7//6rX7sL/x1/rf/pPo9/rH//U/9MyjS/Rd+yds/5+/4e/6E7/0v/8sv+xN+6z/wW//Kv/nn/xV/35/+L/0pP/XkH/ov//rmBz/z3/46f/C/Xf9Dv/z+v3znp/7J3/k3uPP9v/Vv/PP/9P/oN/jN/obPf7evfsu3f+Lf80/+zz/1B739d//mv+d3++1++W/9g3/k/7z7C3/vf+tbf8gv+lO21r/x0d/4W/9Nv7p988dtPf6Vv3L/b/knfu/f+G//i//A8s/4h+vf6j9b/Z5/zW+Y/hb/8Ys3/8Yv/2v/l7Pf6W9f/fUf/27//J/4G/8Hv89//T/8fv/7b/njv/af/mv/nf/1F//z7/yv//m/+o/8m/+of/L//I/e/tl/19/7d/8+/+u3frN/7D9qforWIbb+w3/4H7//u/23v/qXXP+Df8Mf8af+4//Gn/C7/FuH9f/+9lf+yf/k7/gLf6/2b/wD/7ff/y//6/6B3+wPefV3/W7/2afN//Hjf/vP/J/3/5kf/9buf/63/jH/62/6R/5+W7/Nf/C7/BH/0t/6G/+Vv84f8eO/02/yH/7hz/aWf81/8Yv/7Oy3/C/+3s++9cn+n7z6TX/BX/6L3vyPf9v8H//Xfvs33/olf3j+D/5R/8kf9Dv/sj/vN3319tf7Zf/kT//Kv/k//hN+61/y5V+/2voFf/yv/vO/+r/+0F+7+JWzb/2Bf/XPzH7Tk9/3d/mH/sbf+ODv+Z9//Du/2X+x/ncoIGn/gV8x/Yn/+R/5v3+Ni3/vb/xz/rG/7cU/+O5X/np/9+//h/6CT/6uf/Vf+Hv+gunOn5Hn/97/eVT8pr/ir/+tfurpX/HXHf/P/+bv9Xv9pr/ts1/rr/r3f60/9U/8J/6+f+P01V/5n/8uf/7l7/Hb/h+/57/zd/4xv/W/97/8yd/6C5p/9f4/sv9//Ga/SfPfv/ln//g/ZWvxrfrv/mv/5N/73/vT/v2/9T8/+tt/p92/41+/+BX/wr/zD27/H//Dp3/Db/Vr/rt/zG/9J/1lf8V//099/vbyf714+8nW7/KnX/2HP/Z/TNq7v/kXP/jvfqfR07uH19/6R//V/+Dv+9XXH//KP/KX/oF//z9/8A//bcs/7M/6p/+v//ofv/9X/eXj7/8L/8av/r1/hz/jr1xf/pd39//wf/Hob/tDTj/6u/6sP+e/+IX/zN988Cv/+q11/Wf9lp/QyvG/8lf8BX/kn/vd33j7X/5Xfptf5/X3/9Lf8M9If9Mf/NN/4k/+wX/+m9/jJ/7JX/9v/Mt/6u94tz7493/D33r9e/yXv+qrO5/82/d+l+nWX/tPz3+fP/o/qZ/85n/OP/lv/PU/9fqTrf/+X/2f//p3o3/j3/pTfpdf/Av+iL/o7/qTfrf/7MEv+vP+jfX4P/2r/45f8M/8jX/Xv5D99f/+7/Y7/ea/+h96+Av+tV/1p/+l+eP/6Bf/5J//K/6xn/5z/5g/pPmTftF/8Ldc/P3/wd/143/w7/tX/jV/x/7f9ov/uH/vH/+3/rK/6j/8k//5X/oHv/sF/9Hv++7Bkz9t9j/8TZTS+8/u/43/4i/5bX793+Bf/TtP/qn/8+3/8H//Gn/ov/nsf/yP/4U/4r+7/t7v/af+L3/8T/83v/+f/mnzqnjzp3xebv1lv9Xf/if/a+QQ/Rr4/2/9B/+nf+8f/PY//uzV+X/1N09/WfoH/tR/+D/+vl/+E9/7C/+Wn3nwb+T/w2+z+6v+mT/0f/9Xf+pvOf/vf5ufOfjP7v9jn/+Nv/3/tf51/40/8zf6x/6W/5zWOf+be+1f+i//9L/8O3339//Wn/Ff/un/4tbv81c0/+Nf+i/8Zb+q/I1/Mv+7/tY//eqP+wX/+r/2h/4Ln/wuv/ef9ft+50/6J+79bf/LH/itP/of2f3Xf+f9t/9C9af/Of/zTz/7Zc+f/pn/41/0a/wu/8xf/Hc++e9+p//zX/4P/tri7/gnf80v//3f6U/9qV/y2/4Jv8Zf+Rv8sp/+R3/zn/o3/7Dn//6Tn/zj/847/8Xf+p//a3/5H7/68p/7wVf//u/1m/xZ/+Iv/dv/2NU/+F//mse//i/40/6as7/yL3737vQf+V9O/6m7v/E/eudP+exf+Pu/9d//A3/99fK/+B0v/p3/7D+bPvxr/oz/+W/5x/7xzz/+y988/fd/tz/3n/wXfrs/8d/4y/+OXz7+zc/+7u0//o/9+9+++VN/rbd/9q/9m/yOox/862/+gv/5v/jil/1dv/PB/V/nD/+9vvVr7P5xf87f8Uf/zX/Jv/iDn976+JOy+HWL3/a3OPvxX+vwz/ld//DsX/yTf/Xf8oM//T+9/zv++/948h//uX/h8cs/98/+yylx+/d+91//a3+vf+w/+U71V0++93v/Z5P/5df4F37wp/4bf/H/8rv+fk/+xl/wr/0G//6f+Vv8Xv9bsvoj0oe//f/+r/zULx//N4d/75/9K5d/yeV/+lt/9bslZx/9bXd/8y//97/rT/+3/qd7f85f9b/+L3/xLyh/4vM/8dXb3/6vbP6eP+1f+0v+umffvvxn/q+vPvuTf/fZv/h7/pO/9YtX/9y/O/l3/8VXf/tf/Ff+Q//wr/F7/NTLF//Zv/nn/M07f9SDn/4LDle/3m/wn/yVf8Lj3+jNP/PrHfwNf9Y/+dc+/q//9Yvf46/+3u/23dXeb7TM/sJ/7if/xT/yX/rr/tXf6Qd/4E/9ka//ll/9+/7ev86v/zv9cf/ao9/yH/hz3/0Bf9of+Nf/E7/dL774P97u//WHf+6jP++X/04/+PN//L/8D/6W9V/ye/7k7/f3f/KL/qjZf/37/D1/2VH+1/4B9cO//q/4G3/LP/E3Hf/UH/3n/en/2d/y7b/49/ij3vw9v/TP+WWP/rZ/8qd/8IN/7U/5G37n3//v+o/+jT/+z/uz/6G/4aeLz/7FV3/ff/5b/8U/2P8Nf/s/7jf5tf6jX/rVr/gv/7v/uh4f/Y4/9Tf8d3/bq9/q6N/66rf+X/Y///Mu03/zX/0D/5Z//V/+A5P/8Ht/wZ/8++7+X7//f/xTP/n7/df/9B/2B/59n/197V/+l/3Od97+ab/i1zLrWX/fP/q//nF/987P7P1rv9af99vu/qZ/4//4l/6NX/6Nv/X/+VcvH/+Dv86/+4/9jr+g/LP+yb/ht/+N3xz9bhff/Y8u/pnf/L/87//4/+rX+9Z/cfAvfOvP/5v//V/0u/73f87f9j/85r/9n/U/Pbz/b/yJ41/8l/0xP/jj/6m/84/6w//vX+P3/kd/rb/69/knfu8//h8d/xN/7W/79p/9W/67X/r7/k+fffL29/rjfud/8U/485J/9j/90/+Ef/x3yb74O//u5dY/9hN/+O/81xz+kb/BH/kn/+Rv+mv8G7/gL/mZvzj9LX6bf6/5F3/6P/j9/puD7Bdc//Z/Zv33/S1/0u/4h353/9+9/09d/fb/+7/+va0/7k/8U/+lf+P/+A1+68//8tmfee/v/nd/8mf+2j/9t/4fP/8zf7P5/5b+F3/rX/9P/tmHv/av/PP+jN/jX/jb7/9Gv+PlP37++3z63/5t/8TB67/wV/9n/9q/ePbbPvlf/qD/8+if+d6/+0f8Xuvxd/+4X/NP+aV/+l/7e/yR9//q3+23/5v+nqf/96/xN2z/k//1937/X+dPXj6+mP0Nf/Ef+p1/8teZ/ZL/8Du/+vf8t//t3+Z3+7d/6nepfvc/8B/54z/6k36vP6e5/K9+Zu8v+F3+vj/qD/wn//B/4398/VtSTu5vrV42xc7//Wv8HYv/67f+X/+5T/+M3/L3+iP/1f/+1/id/z4iRvK9v//Bcwpv/pZ/7j/7BT+Dv3/rp3/Pb//3/Ja/+G/9j//r7b/hN/vz/+e9//P4t/5t/s3/9D8/OPrX/7vf43f+6//7//7v+2r5Z/xL/3jyO65/9+nLv/Tx//pb/xd/1y/4Q/+Xv/4//Wv+7n/yW3/BP/93/QN/xO/2Nz/8r/7Kv+DP+2o6/+/+0V+5bH7F3/BH/vp/4PHf+V9/57/6RX/WP/Tv/zt/6h/9E3/jX/9nvv61/7t/8Tf4p/+ov+pX/MN/dfZn/s6/8fy/uf6//oU/8+o3+nX/gH/rb975qx//KY/+td/r3z//2/7HVw/+5L/qT/nPfsVf+5t/+ot+n3/5l/w3/9If+Vd86y/5H/KDf+vP/yNOX/497R/x3/w73/3tf82/+Vf9J3/jr/it/8y//jf7m/6J33v1O/0u/9pXv9fTb/1e/8G3/+t/9Nf/437zf+mP+9fGf+4f+c//K3/Kv/D0z/hXPn3x5/56v8e3mqu/5vPf4x/5Fyb/w2/xt/zWP/4n/Om/8Z/2h38ve/zH/Ov/+n/6+NEvf/w7/CPNf/7v/dW/4h+vf4/Ln/oFf9/v8nf85c1f+neWf/jf+Bf/Hvnhn/fl3/BTf+bv8o/8w7/0L6P1lZ/5zy9+4ZP/67f+H36Xv/XX/bf+2H/i3/w7/s+f+d/+yP/qd/o3/vb7f/A//fm//9f8iX/1P/mdnzr9r3+v3/eP/GusFv5l/+N/n9X/YPYv//V/y9Vv+yf/zf/b3f/tu//S/V/22/7337/6e3/ff3X7b/5Hnv3+v+x3+T9/+u/56f/l2W/3R/50+T99b/fPaP7Hl//N33Lv2d908iv/s4P/4+Ff8U8++od/+l/5Pf7GL3/q7/+P/9k/4o95+F/8XX/7H3LxZ/1mf8Xpx/P/9K88+tf/5V/y8MX+3/37P/47ns1+h5/5k//Jf+LLv/rX+tsX/+s//tsd/5t///f/kP/hF69e/ea/4J94/Ff/+v/HT/9xf9O9v/fv+bt/o/oX/Tt/1Pi7f9ObP+ev+ev+s0e/z+/5qvl9/4W//OH19/6cf+vPOfwLR3/k8a/4rf/F3+8P+Vvrb33rnz15/rvf/+d++r/+q36dnz4t/ur/9Lf+F/6d//BXbf3Wf+bBXzv9yeP/49f7a/bOfpO//Lf/Z7777I/4i779t5frv+73ePxP/MN/5K//O5/+vn/OL/vvV3tbn/yr//Nf919/90/57f7Pf/mP+Rf+0r/3wV/86/8G//Zf8Kf/6t/j2e//T/4Of+CXv+Kv/79/jb/o3/y3/vkH//vr9Md/u3/qb/yT/8CL3/tXvvt3/sXLvd/uL/w/Lv+Bv+yP/v0e/xrNf/NP/vW/5b/9u55c/h//7IPf4svf7vf9k37Dnd/+F/zpk//mJ3+93/p3+lMe/p/f+jP/7X+n/Nv+1d/2Nzj5q17/1//Wf/Gn/XP/yrf/3L9p9x/66/753/w/+gd/wZ979cf9+C/4M/7r//PtP3P/k1/+t/ye3/5n/4I/5O9//Z/+1f/kH//r/4H/3t1f9tP/8//9a/xm/87f9/fmp//eb/UH/Or13/BP/b2/5//y502/9T/+WbPf4V/9zu/59NV/+Tf/J3/96V/9q/6E3+rX/B9/33/qj/u1/+uf/O/+kL/2D/4T/s+fzh78khd/zp9253/51X/l8V/95//v5V/3V6Z/ffO//4G/zX/7ve/+mv/g3/JXfPzH/Qmf/Cb/1P/9a/ylyVe/31/15/0e/9C/+Wf/5b/ZP/uDr/6rt5/+63/Lv/9jf/0v/r3/uD/0x//w3/mfH+e/7j//8ey7f9Nf/VM//effv/zVv+G/+lv/uX/DH/Bv7/yPf86/++k/9dv+7n/0//7VL/5rf4OLP/KfXfxDv+A//e3/hp/+s//4X+fP+fv/xeY3/Uf+7D/uz/lT//C///f5/f/Rf/X8H/61L//TX/7X/vc7//6f8NOHv/i3++v/4zd/3N/08rOf/tfG2//pu39j/w/4P3+v3+QP/Bd/63/7x5rjg7/w4e/3p/zlP9X+N8s/+/f5037fP/S3+/6//d//3j/1N/zZo/Rv+q//uD/4z/mvf6s/7ZO/+clvtvun/7c/8dP3fpcf/4Vb/9Yf9Pk/95v+4M8+/Wf/4jc//Wz8T/95v+JP+7f++Prtv0lO4Nt/8eP/5E/4c37D//j8j/+Hf+U/tvc7/M9/0bevf81f43f6z37N7/+H//A/+z/+LT/z5F/6K36Pf+R/ufN/TLL/86df/30/df4vHP3vf8rR//Rb/W1/yJ/xd/8J/9Nf8sds/Rr0/1/zL/tP/oFv/59/1f/wx/0Dn/3ef/Svmv4dz39p+cl/e/nf/v6/1S/9l3/b36/6xz77vf/H3/g//xv+xb/id8v+mH/lz/gvj3789/7L/4vrp1v/5p/5J//D/+Kf8ff9Of/N7t/2B/zkx3/E5JPf6U998D//eb/pv/J3/iF/0MPf6d/cfv6Pv/ozv/Xdoz/xN/xH/tR/4l/+6q88+v3+qV/yp/9t/+bf+RP/7j/0d//J/9bW//Hik7/uz/yHftv/+nx29pdcP/kftn7s//gH/vuL/+23+R9+w9/jN3v2y/703/vfK3+jf/LXPPvxP+/P+RXf+2d/9fd+r+/+3X/Gf/E7/8Fnv90v+mW/5LO3P3j3j//kg5/6Bc8Of9e/+g/+a/+7v/Dv/yV/zuPtf/kv/TO+/Zf9urM//o/Z+eyP+o/+5d/tJ/6uX/Nfu//7/Gt/5ff++Vf/6/qLv3b0L/yn/9Xv/Se/vH/9q/6I3a++85v9V7/k4jf6z179w3/1v/GPff77LP6r/N//r/6Nv+6P+28+/ZN/3//s3/gTf6M/8k/6/G+//G3/ulf/3v/+5/wX/+Nv8p/8ot/nP3774n//c//L3+fyF/ybf1j5f/wxf9Of/9f8C7/+i1/v9/ipP+bx3/Lt7/2bf+N/+lOvf8/yj3my8y/8y/9j2fxxf9wf8xf9039s/YNf7/5/85c3//F//pf8zf/1X5is/93qN/7pv+m/ebD1v/wjf95v/cf9Wj/4xX/y7/f3/YW/bfs7/7lf/OX/26/9d/xjtKr+3/7n/+31T/0Gv94/8h9+52//nf+33+Nndv6Gf+D3/qc/+Qt+8f/6J1V/5vS//t/+r5158tf9g/k/mPyjv/5/9uX/Nf7L/tD/5B/8I37bX/cv/gf/of/q049/l//t//yZf+Tu61/9T/yJf8fdq/9z/r++/G3/9r/mT/z2//an/ydExHd//P/43/1hf+zyx3+Dx//Qr/kf/YVPfsnbP+W3/c3/gj9h78Unv9m//+O/0W/7n/63X9z7x/+8P+Ten/cr/vrtxW/+h/5l/9m/+2f8F//qZ3/fn/Uv/Kv/9Z/64o/8p/6j07/zL3j2G09+7D/5nf/JX/DL/+rmd/iP/tpf4wfrv+izP/dv/1PP/4q/9p//w/7tX/43fOff/53f/FYf/3p/e/U3/J3/zt/y1/4hX/7O83/1v//OP/KH/2pawP3J++P/rM3+w7/1r/jX/p4/+Xv/5O6v/udOq//6j/w/f+vmz/nr/pq/9h//ff/m3/EP+M4va579p2c//t/9Xbvf+rP+7n/6r/+T13/E9Lf+7f/qb/9zk7/0n/yt/6Pf5S//vX7Rv/zsX/2tT/+b7/3a//Pf+Hv/y//Hb/1XHP8Bf8j/8OP7/93eP/a/Hv2hf/n11vR3+qP+0b/mz/tj/te/8Tf86b/zd/gL/tzlcjv/ff6YP27vL/5d/4lHv/x//zf/zj/sn/i7j1//kt/0Xzj4Q//If/3R3/JPvP43/+z/5u/9Bc1/Wv2mv/CPvvotf+pvvf+3/Xu/xg/+0H/xd/nL67/zF/02f/j/9vjX/j/+2r/7f/vTm6tm9Gz+O/yO83/vW7/tr/PblL/ln/wn/6t//S/6TX6vX+vH/vuf+mf3X/7M3/d3Plz9e7/z49Pf/Xv/ztbf+a82f/6f/GuWf/I/9Z/e/xv/o7/73/kX/7G/p/2L/pc/9T/7Jb/pb/1n/1V/8K/1+A+6+s/e/GD/X/nr/4/f4jt/+a/R5v/UP/nb/7fff/PXPvtr/p7/5t27f+83/n1/589f/JLf9F/Z+vMe//Q/+nf980d/6+N7B3/P//R//mH/Tf27/eG/9+/wr/51/8QfQk4VAu1f+3f6j36LX/wb/Zv/8F/4Oyx/3X/xT/g/nv1X7351+Tf/X6/v/5L/8N13/p1/4fOf+B1/l3/lH/w9funWt//5/+TPv/4Xrn7nJz/zf/8a/+G/+t3f8N/+t/6Rv/If/x3/+/p3fvRb/xH/zsE/8ev/1qs/4nf6z7/8Tz75k//Q13/B0e/+6/xf9//a//iLV//2+if/xO/+B//GvzL+1/+AL/+Zf/t3+uWf/a2/38k//OLV1cV/9Sf9J6P7v8NPvPypH/+7/6df8iv+8D/ub/mFf+Vv9u4vz3/dv+N/+Nbhf/rH/Fd/3+/1S/7jf/bv/7T463+/33/vN/sttn6vv+N3eXzx7/52v/5f3vyW/9Z/9cue/im/93/4T/1FB7/FHzm5/Kv/mx/8Jv/av/vH/1pf/Qm/z2L8F/8Fv9vJR7P6H/qN/oK/4m/8b/71v/h3/N3+7D/yf/0Tfu3f8quv6j/tp371H/f0x3/93+1i/3/+Q771h139z//U3utfZ/V7/nc/nf/df9gv/92+++v8xb/7X/r5v/rqH3v151W//fyf+OkvfvXf9Mmf9/f/brM/5t//+7Pf9Xf8Tf7j3/u7//ev8a1P3/0Nf93e3/rt/+lv/aMf/PZ7nxz+K3/84Xce/K2/8F/6vX/5f/THzJ7n/9Zf/8dt/ePf/aNmv8M/mP+2/8KP/c6/+Lt/52/d/LJ/50/9W+4el7/Wr/sbnD3+ZT/5k//U9M//i/7PX/d7v+HfsfNb/cy/f/A3Tv6nv/EfWlQ/+a+++mU/8ff9Mf/YP/0rs9lv8vm/9kf8DX/k7/47/4uPHv+K9R/9n/zCf/azf/P/+lW/1V/4B/yL6//71/gH3v7XW//gxaf/9h99/y/79//735zWd8lI7v/af371F/7v/8Uf+E/8lf/OP/S3P/urf9mX/+u7/+H3/D+2Hs3/r//p//hr/+s/+Fc/Ov0L1n/D7/Hv/R7/6Xf+wIuDX/R//xq/61/6f/8aP/O7/M9/8b/xR/2ff/z0v/jyv/uX/8//mD74l//PP/f/+peo/b/4v1383v/3r/Ff3fsn/8/m9/hPv6j+7X/71/jd13/Sl3/A9Pf4T3+vf+f3/OxPn/3MP7z95z598Fv9Rn/BX/T6J+s/8nf6T/7+e//Jd/+Qu49/87/qtGqf/hm/8tf8+/7uX+/XOPi1/44XR//T37j79578zv/oH3LwL5x++sv/nt/6wT/3753/7Xc/35r988X3sj/gxa/4I5fv/snv/Ml3z5O/+dFv/e/+e7/gb/8v/4vf6r/8yd3/nLRk8p/O/6O/5l/7X/+Gf/M7/+Tx7/bP/Ph//g8d/Vl/1dN/9v/8v3+Nf+Vv/nf+6z/r//iH/pXf8A/+D3+PP/369/jqz/n3f5ef/lv/mt/il/53f+Z/sPjtnz37fb97+pe++2f+71/j7A+f/B2rn3i0/Cd/xW/9z77LFn/j4+Nf6z/8p/+Wf2Lnn7+T/nn/x1/5a/8uLz/5+/6Bf/1n9v7XB/f+2Le/69bBH/7b/Fu/0S8ng/bffn//b9r76f/63/pfdv+84+N/+l/50+//bn/fv/AHfu9//nX/hb/5N/57fr/v/HHp9//aP+43+l9efPkP3v9T/75p+of+b//mT/+R/8jf9O9875/4F+f/3d/39/0Rv8n3/tT/65+//gv++r/286v/5Mf+87/lj/8D/pbf7jf4Yz79Q/+gX/M//RP+o/+rffMPffHxL/wn/7D/5NFv/Nf8xF/5z/yhb77/Pz3/7PQn//a/9/f6y/+2p7/v2a/10e6v+Hd+j//9X/vV/+zf9e/8+//If/Y3/87f+gf+8N/m3/6z/uR/9+P/5f6//gf/of/2X/jZP/a33/lnvvuH/gN/5H/1m/4j/+5f+Lf/H0f/0l/+47/Ov/NXXP+vf8Nf8/f937/Gf/Sa/Ivf6Jf/oTv/8G/+V/0uX/y1v98f/P27z979SVd/DEn0q62tv+SP+TVmf9He3l/wx+28/U9+jz/+P/ht/8Kz//nv+Gv+1l8r/Xv/gt/rj/pzP/tznv0Bv8ef/kv+vmdv/4z/+X/8Q375//jbF4vil/5Zv+j/+hteXr/+k/7Av/z3/d3/mX/ur/lX/4ufWv6J/+Ifnb77E/7p7/52/+Orf+yjH/9N/qI/8S//xX/gH/tLk//tz/32n/7P/2nFH/j2X/+ZP/+/+0f/Akpm/db/5e/wR/yJf+Af8Kur8j//w/6Ev/df+2P+/Wd3z5vv/GV/xp/ykw9/xZ/w7/3Vv8bin/ovF1/+On/r9/7n6urRbzT9Hf+uf/I//+6nv/A/+h1/7X/vX/nsr/lff40/8Se++mf+uH/9+vPz6f2/7h/5fPan5f/W3/wv/ODPef793/U/+mt/6fpv2v5P/qH969/wz1vc/1P/0Sc/9W/993/5n/vdv+xPm/747zy++OP/gdlf82f+sv1/9o//s/6GP+Tf+h9/nT9p9y/41j/54h/5W37vg4/b6vXRP/bmr/iv/8U39f/6i7ae/x3NT/3kT//U09/g7/vBv/FP/af/6p9zefAPP/7F330znf7Tf/Uf9V/+V+vfI9n/s/72f/GP+h2++vP/oX/u8E/4j//b/+XP+dU/U3/yH332C//3//LsH/wj/vd/5Mtv/Re/5Z9Wnfxxf+BP/Yr/6g+cf3Z58KfP/tW/7t//I3/y8O/+P3/6W/9qfXX6H/+1z37sr/5dvnz1b/5zn/+vf8S/8U/+H//If/cP/s//4/9MscEf8Uf+GyRRv23+f/8af+If+Mfn/13+b/3X//s/f/Rf/qt/29/+y367//MvXv8tv+n/8R1u+Vf8if/O7/g9coG//xf+X5/9X/u/+Lf/9f+Nv/ov/PLl6c/QasVv/Bv+DX/A//1r/GN/yz/7f/8av4CEfvpL/6U/57/+r/+Kf/s3/dX/7f8x/1/3ftt/468mL/rz+b/807/fr/OL/4r/5O0v/I3+yP/mn/0L/89f7x84+te2/5z5vzL77cv2b3z2P/+L/9i/f/VPfPqP/Bv/2z/5G/9ZD3c//5f/nl/Q/PK/4bf8C/7J3/pv+/H5v/3nrd9+/Pov+IUf/fon/8yf/JO/zl/2C47/+tFf+Po7X/7df/1v8Xf8I+tf9Xc+u/oLnr37y37bH/+7fuu//J/+H7/ze7b/wqP1X/qnffa3fP83+o8f/5J/7Tf/5X9p+7v9l//s7//P/I3X6W92+Z/u7//0X/rn/Zr/4+kf/t//Nv/E9PPyxc/8TT/2y3/r3+hv/l1/9d/9z5d/7OXvtrfz61z+ir9+8fE/+lP/wl/zH+//94/+i/rdP/MXf/QX/1V//z//S/6yf/VXvthdfP/fyr5oj37nf+XiH/zXtv+2X/27/YfN6j/6dX/BH/qn/u+/9u/3l/7H/+Mf/A/c+dd/+9/hl/1Tf/Mf9Z8eFevyD/wPf72//7/9j//Gf/R3/uQf/tbfevrn/vFP/6rf9PAX/JG/3cF//U9+/Hf+4I88+Ef/4/3//K/+ff6GxW/+r707+fb3f8N/9Kd+6Z/1m3zxt/1ev/3RX5b823/Zr/1r/Rl/97/wr/11fx3FYr92svWX/EH4/+/w3fsvftl3/ua/74u/8yf/pH/qr/zXf9F3/6q/6MHBf/sP/hH/wG/x9/zZ+V/4+bP1w1/ni/S//K9+h7/7b/wF/8eP/0//5//6h162v2T/5K/+df/933H0t3z67f/+j//Hml/+N/7kX7b/r/05/9of+WL79/lL/5Ozf+B3eEdL8Y9+91/1q/6QP+Xv+Fd+s4f/xC/973/wh/+D/90v/ydf/MH/6nf/5PFvf5y/+z3/nV/y6N/8lz//C/6+f/Vv/sn/5tv/wsH86a/68X/s9/+1f+bkL/+bH9Xb/93v/8v/ud3qn/q1f99//F/8R6vf+t/9G37/p/9g9SsXf9nv8au3f8nfe/zyXfqb/49f/OSf8tHv/Xt/9if+4X/gf5z8z9/6Ff/S+sv/49f5U//vX+OP/qv+sv/pT/yj/qQ//9/5BX/l//1r/EF/yh/4h/+Sfyv7o37FH/97/I9/8hef/k8Pfu/J7/Hmt/79/v0/+Vcc/Mqj5NEv+Fse/de/wx/1f/8afyctwid/3H/96C/5Tf/c5//g7/K9K/rrV/9L//X/+vv/sv9y8X//Gr/0z/w/vnXvr/i9P736vf+d3+Wv++T/+q3+r7/pV/+G/83v9Xf/Tyf/9r//V/+j//a/91f/8t3f/Itfff9f/MXF//1r/I//9t/49/+Bf/P+n/mf/23/7G/xS/77f/X/uPOb/pG/vPm/f42dv/Y3/T9+/S//p7/yv/8//rD/6Zde/MOT3/6PaH6jv/S/+SP+4N/ov/zLfos/9f/6j//Gv+93/Ecf/fjv9Of/wn/y//o/Pv7fXv4Dv8O//Nv+yX/57/1f/l9//7/6f2z9r//X8a/4Pe79x7/b3/b3/cyv87f9XdVf9vRf/4P/0p/+6/+Z//qn/uD//Xu/x//23X//7V/8X9/5le0/+5v/8r/zy//pr3725/4BB7/NT/5Fv/jpP/gfn/2b/8uv+4f8A//d/zb5XX7D/+0P+QN+ox/8Nn/NP/S//9S3/8C//Ht/6D/0S7/15/0nn/3ar//FX/2Tf8pv+n/+Gf/Af/K977X/0Lc/+on/7g9689f+Dnf//a9+l+Pf69/9W/6M5LN/8Y9+/R//kX/c7/THzf/MP/T3+A/+kOP/+9f4W/71/+of+M3e/cP/xB/4t1L6/u/7G36P//WnfvWjP+b3+3dOf8mLX/+f/qk/8B/6G3+r3/fbf8gf+Lf+w7/9j/9uf/M/9Tv/73/M//DL/8Z/+7988e1/7b/5qT/tbzn69b56/Wv/h3/SP/L3/zd/3Ju/5285/5P/0dd/4sl//uUv+D9+wb/W/p/nh7//b/x7/4vN7F/+Q/+Lsv61mz/vL/glf++/+fv8T1f/8e/8T/y5f9U//Vf9b3/Jv3Pvb/9Fv9XD5d9X/+AHf86v/N+/8zuf3c/+iT/st/wv/uY/7j/47f/lv/DX/dv+q9/k0S/6Y/7lP+Rf+A/+vV/3D/kN/tNf+6/4136tv+5f/n3+3N/7+eTPkFgL//+1/+9/+/8B4y7ddbQ/AAA=" />
        <Entry handle="27" bytes="H4sIAAAAAAAEAO29B2AcSZYlJi9tynt/SvVK1+B0oQiAYBMk2JBAEOzBiM3mkuwdaUcjKasqgcplVmVdZhZAzO2dvPfee++999577733ujudTif33/8/XGZkAWz2zkrayZ4hgKrIHz9+fB8/Iv7vf+v//o9+jd/sO8/Onv0av+av+Wv8Gr8m/fdr/N//169xePLq9PjNl68epRez7Z9e5Rfp5e54J91aN8XyIj37zufpd16efp5efrp3Z5T+onVWFu11+ll6sJP83//ur3Hya/x6v86v++v9ur/Or/fr/bq/3q//6/96v0HymyXJj/1Y8lv9Jr/pb/Sb/ba/1W/32/22v9Vv89v8Dr/z7/67/A6/44//Tr/Nb5OO0h//hR/f+dad3/532d7Z3tr53bfubAHIr/nr//q/fvIbJL9lkvyWW7/Db/M7bL3383//Q7/Gb/4b/JqjX3P0a/+aH/0av9Zv/mv+2r/5r/l//2O/xu9Cg/x1f01+fg19fs1f69cmfH/93+DHkt+QGvztv9mv8Wv9mr/2r/1r/Tq/9q/76/46vw59+0vo+1/j1/nNf93f4nfdPf71fsufyH79j37Rb7X3B//Jf/Fv8ONP/uZ/+Ld+9S//T7/bvUn9h/xY8tv8tr/db/87/O6/8OOtO9/av//pg4OHj06enj77/Ntn33n95quf/O7v/fv81HSWn1/Mi59u2vXl1bvrH/yhf9gf/kf8kX/UH/3H/Cl/6p/2p/8Zf+af9Wf/OX/JX/qX/eV/xV/5V/3Vf83f8rf+bX/73/F3/l1/99/zj/yj/9g//k/8k//UP/3P/Cv/6r/2r/8b/+a/9W//O//xf/Kf/mf/+X/xX/5X//V/8z//L7/sl/+K//VX/m+/6n/HuH7NX+PX/jXNEx3Xb07j+rV+nV/n1/51fn2M69f8ta7Q4Df/dX7d33X31/stjn/i189+0W/50d4f/Bv8Vk/+5L/4b/6Hf+zH7736n37rSf0vJ7/N77b/H//u/zOGxiO73cD+kK81MjswN65/59f4jX7tX5Mm79f+zX+N3+PX+N//ij9m6y/6tf5f+f8/4r9599//9f/Zn3P+Y7/Db/zP/ZN/09/45/7M9371t//Fi7/2n/5t/vC/7K/7O37i03/1d/9H/qO/8/l/+vY//Rvmv/Z//cd88l/8ksP/9S/6g/6jn/6p3+0//df+4d/ux3/Fn/L3/PWH/+uf8D/94f/O5Pf6Ja/u/F3/yG/3n/z2//sv/V/+/D/47V/y2d/zx/yyP/cP/GP/gd/mT/tdi7/yj/3B//AL/oDjP/H/+MFf8Bf+dj/zm/2Lf9t/e/lfff4r/7Kf+D9/+s2f+m/9K3/57/Cn/QMH/9Yvf/TJn/6H/pP/wW//d/3xs7/jX//vz5/9V69+zz/wry9/n//2p9b/ya/3d/x9f8jv+Ut+hz/z0T+4/Svu7f9Vf8Vf++v9Gn9j+sf9F3/a7/AX/TZ/zHfu/Z6/4enrf/1v/Iv+1dEv/Pv+3l/yJz35w/+9X/1r/jm/6lf/1P/5V5SLX3G9+OV//bf+k1/8e/9bf+Of81/93ZMf++1/uz/1L/8NXx798X/JP/Dub/4//4q/7fn//Wv8Y//o2b82/QV/9W/xB/4+n/zlX/47v+k//Lf+3mePf+Ev/+f+oj/51x794n/3v3rwr/6tv+Ff8I+f/sx/8h/+bf/Fn/u//iF/7V/yH+7/Ab/if/kzf4//fe/v+ft//f/07/hj//q/5Jf8Cf/ML//2u7w9/hP/6X/x73/+n/3Fv6AoD/7xf/7f+fhv/pd/3y/+yn/s+7/gD3j8K/6uP/hv/hd+xctf///67Cf/u7/vl/zHf+4/Mftjv/u3/Ra/9t/2l3577zfOf6/f/Dt/4z/8yZ/56PVf+T9/8jt//7d+9a++/Nv/3t/+7/i7/oSf+G/+yPvLv/3v/rN+4uzP+X3/1V/jL/n7/tb/5Oqf+P5v+A//ln/7n/xb/P4//Wf9i3/yr/GT//Y//bt8+nv/5v/Sv/lj+a9+WXz5J/4d83/nD/m1/83Z2f85+0v+oV/yO5+++9P/wv/+d/mP/up/7Vf91X/17/l7/ov/wp/8G/3qP/Cv++v+0l/9xf+2Pl//X//cv578er/r7336u/z4v/l/5r/Nr/1ffeuTf3j6f/4VPzP6L3/jv/Kn/6P/+9f4N3+7f/B/++9/8k/9X/+Uf/W3e/iHfufv+4//pl/7n/iL/tN/84++82+9OPtdjv/l3+83/Mt/6b/8g6f/y3//9/+rd//TX/A3/xN/4b/xnf9hn2b5N//X/u03v///+af/u3/7P3z6e/ylv8PoH/vL/uz/6s1PLv/8v/6//nv+qF/vn/nff8M/6Aflz/wbf8S7//Hbf/G/9mo2+TP/mF9j6y/5Y36N//T/+uRv+6v/oy9+4j/+df77P/qP/TX/z3//r/y/f42//vf/9f+bf+eP+ff/vj/uD/7qz/+7f+1/94/5P3+Hv/fv/GP+m//g2x//8bM/5vhv/5P/iJPf9Du/6t/8J37/v/X0b//P//t//L/8I9fT4r/4nf+Rf/u//5V/0C/6P//T9H/87/+DP+cP+Jm/74/7scN/8re+/7f8xX/XH/vP/upf/Ud88q/+7X/hH/T7ffqvfvXvfPLub/zx3++P+1u+9af+b7N/886v/4fe/+9//PVP/ut/25/7d70a/SlPn/+z/9Kf8Hf9Ja9+5e/zd/yCv/Bv+2t/u1/15788/e1+7b/zt/4v/vc/7+3/+Rc//Ik/6Xt/57/y917/ja9+u9/h8z8g+V+OD/7Gz/b+1r/5/F/48hf+3Tt/cvFP/63/9d/15/x9v3vS/hv/5V/+M1v/6vmf89svf/LLf/8f/+ivfnKd/ilf/i5/+A9+11d/zx/2k3/Uv/JjF//U893f5b/863/R75/8D7/xP/An/c2/dfrP/AfT3+L3+Hv+yX/wP/1++2f+VY9//7/k7/2d7oy//I//jr/vz/sXvvXuL/tT/6ufaf69f/sP/I3f/auf//P/xJ/7i39J8uBf+LW+96v+0V////zPj/72+3/kn/AzV3/F99N/bfln/Ce/5q/8w/6lz3/LX/pH/37/afbX/Ftnf+W/e/6f/MJf7/5/9Cf94uT3+ev3f/F/+Kf/R3/bn/R3/iV37v9Xvzr5m3/yj//y7/v7/9eLP/37/0fxp377b/ttf+ov+LNmf+frP/oX/Ba/91/1n/2Xv8Zv+p3/7u/7Hf/n1//IL/3Wb/B3PPrr/77v/qb/0B/yn7z54//pf2Hnt7388v/+NX4/4sD/6499+1v9PX/7X/63/Dp/7D/9u939jz75L/6qv+5/2M5/i3/n9/rd9n69X/X7ffqtZ7/pX7X/P32V399684O/Mvt48S/+bf/g/Ht/9V/8P/2Wj+/+Hb/2R3/bH/8XJP/D73fvf/znf+YX/dXf/6l/796f++bNb/zjD36/P+jP+ZV/4B/yf332+/82v88X/9Hv8Tvc/Xce/1f/zL/77337V23/Qf/Yf/kn/KX/+f/41ePf61ff/2/+pO//ix//keuD//IP/rP+rP/4T/nN/vJn737HP+7P+4+u/sYn43/83j/yn/7es8OLH6/+huLv+eP//r//L/87/9zf8df7h/+jX/vf+HsX1X/0X/4J+//X7/6v/B//0uE/nlb/+Z/zn/6Kf/83ffOvJP/kX/dTv1f5vT/pb/lD/u7/47/+95Jf9I/8dp//Q5N/70/6Te//d7/Lr/8zB7N/5X+ofp36N/sbfoPf9ew3/GfX9//TP/mf+Wce/Ge/02/y53/yH/xfv9l/898v/uMfn0+y3+2f/7v+jl/0B/8ZP/53fvb2z/2df/ff6PF/vv3XLf6IF1/9JX9m85f/Pb/eZ8/+mX//T/ut/+7R7/G7//PV7/szB7/4j3qV/Vr/1O+0/FW/16/9v3/34V/37/1Rv+I3/m3+wP/h7Bf+gb/VP/6L/4w/8a/5d37jb/3b/9lfcP///Lf+hd87+VW/71/5mz77S5Zf/pW/eH3x9/7Z3/3rf8Pf+3++9x/9sX/+p//5xd/5d/79f/Cf+Sdd/TOf/ze/6PXv998c/fjf8jf92f/d/d9+8nf98b/Dt3/l07/+z/g1/qSHv/7f/4t/q7/gd/uX/7w/6z/7s3/vX/w3nNb/wN73fsM/+7//qX/sH3v5V/86v/Czv/av/O3+0me/4N/5w8//nf+6+Qt/09f/zu/1b//rf+U/+L1f8Hv8x3/hv/Plq7/57337e/xW/9aP/SMP//j/4vmv9x/9SS/+pb/ou3/fu9/jP/lt/uD/9LNPP/+Xq7/k7V+49acu/4W/5KvD5lcef/xv/i9/45++/PsOLz79S/+6X/+P/u3+un/sD/0V53/db/Cf/b3/U/VH/fd/+/bvcPGH/yX/zu/z5n/6h/7zb//4P/jr/Jv/0r/y1/01v8/68V/zp/2q3/AfOPoH/44/9x/7N/+K//j3+Fd/6z/xz/nnrv+FF+/++9/vB7/Gf/onffJf/4+/08/8Ll/+Uf/rn/ELRv/T3/6P/D6/73/4j/wtX/yav+c/84/9GZP69/k9/5vDy7/xzr/+f/167/7TLz/+HeoXn73K/68/7N/84n//7f6C+n/9nz9d/SN/3u/66i/6g//7n/qpX/mHPT75i37P/F//5f/sHztv/rZ/6s1//y/+m7/dX/en/ZnJr1H+cZd/8a89+qnv/YV/+5OXf9C/+0/8xu3f88//6f/Yn/O3/3v/ym99/ur3+q1/jd/kH/j3vvvZX/Fb/qJf8hv9Pv/E2e/2f/56f+Bfvjj7md/m9/rX/9jLf/JP+u//2f/hP/0T/s//+s9+87/9Xj+4+4f/7X//8sc+/lf2/92/99/6Sw6aX2f8vx39hVv7f+bv9zv/m//dH/tL/tJn/3r2T17+bX/SH7j7+/23v3r/3Z/47F/5+36PX1z91b/fP1z9otGv/oP+5D/kf/6DDv/Nv+t3/r3+0b9zur3+y/+F3/RX/6K/o/j+XzL9df71/+Fnftfql/yB2aM/5Ve+/JOeffXH3vk//tp/4H/6lf/Y7/9bFK/+5j/x+3/K4U/8Dn/bT/9LT//tjx//Fv/sf/3H/Nf/968x/99++V/+P//Gf8q/dbr47X/vf//P/ae++jX/lr/6j/tP/+e/8fDv/Fv/hO/9jpN/Zu/lb/mrkl/8Rz/47ec/+P3++F/9e/63v9nT//6v+al/sv5rVr/95R/3J3z2W333L3r34D/9K/7Iv+Gnf7N/6z/8J/6dn/llv/Pf/Gf/BsmL3/PX/t3+xD/wn/kH3v6FL/7I4j/49K/8m/+Tv+rzt7/V1b/xp/7U31z8Fi+/+xv/hT/14hf+Bf/Gf/lf/RY769/or0z/uD/kzr/+3d/rd/uv/44//O/5VXf+wn/qq7/mD335l/5WP/F7/pq/9U/9D//Cf/DfJ98//o3+qx/80S93/s+f/ud/q1/zv/wPfrf/7ff6j7cvf/vf4vt7n7z6D//xt7/Dsz/w9G/87f7n3+W/+xevfsfrP+e3+at+4Z/4e/w3f9nv8unv8R+Mft1f8hPf/j1/+V88f/Dx9r/9v/xuP/Xb/MX/8V/2q8d/8ex/+qf+vp/5u/6AX///+PV//M/7L/7kf+7e97/3L/x3P/ntX/vX/Z2P/td7/8df+9++/Xt/7/FfeucX/Rbf+Qv+uHu/77/xV/9Hd3+Tn/41/uz9/+ovbf7CP+d3f/kHvnz7z/6Nf1Dz5/7Vv/1P/3P5F39n+y/++r/D3/8PP/32+fxf2/pdPvnN/5w/9P/6Lf7Jv/nv+b1f/O3Nb/wP/2d3/5z/+9f4V//r3/d3+RP/9t/wH/yN/7df9tW/8t/9Zb/FT33v39v7/L+Y/U2//+6f9pvsPPo1/52/58/+mR//K376k8UvufrN7/09v95o9z/87N3f8Du9uTj9qye/8Ff8O/9Y/U8v5+/+1t/7L/gvn/9r478xv/gz/+nyb/7d/sJ/4+87+uR/mvxxu//Z7se/7G/8/f7nv/1vPvrt/8E3v9tv9kf+qt/hf/kbf+x/e/3qf/79/t7f5k//S/7x/+LFvzX+596d/lO/zl+4fPvXbv0xf/rDs79/+fv+lm9fT//jwy/W//PvcfLb/DNXf/Qf/bv9gVc//nv85b/kf/v1f+p//hv/kP/71/j1/vr/4zdf/Tt/wV958Pf+63/27/nqL/ut/rjsD/4n3vyC49/5V3/3b/kT/vT/7nf4i3783/s37/+nd3+d+e9392//X9b/7G93nv3K89/8b/yz/v4f7P46f8Jf8ff89Nav/V9+cfG/zv/V3+1P/s/+lV9x9pf89v/MP3n3n/tN/86f/mt/lz/4V/yHv9E/+Z/9kj/on/0t/qBf54/6r/+QX//vaH7/70z+1N/6X/xj/tF/8rf8TS8e/MX/wC/4e//Rf/Ev2PpVf0bxz/wtf/l//rf9wX/qX/G//dP/8P/47/z1f8Vf87v/cR//BZd/wqd/xn/9v333X/o3L3+bv/Pkt/3NPr/7q//R+//zv/hPvP3qX/kH7vz+3yuW/9P3/raj4o9/8WtMf/xP+D1+jU/+sT/zN/2/f41/8e/+t37FT67+wv85XR+l/3P5g8N//Hf4qb//H/09Pq6yf/FvX/7XP/ir/56/5Y/5H/Znn/86//3D//TX/13+lb/58W/4f/2Z//EvPvsb/rSzT37tP+Pxf/mnfv8PffrHJ8/+mr1/6A/6dX/mP3/3r/xhf/8f85N/2u/3N/zqv+Bv+x3/zP/xbvtv/LF/8y/77/6Cj3+bf+c/+Fv/1z/oV+d/bnL9D/07//xf+F/+Pr/Df/HX/59/9eUfPf/L/75/6K/5NX793+2/+Dv/9n//4f/wM0/3/9it1//9d6+e7Xz7v/4zf+3f46//Jb/t//Tv/ke/3x/5H/8Zf/u/dv/e9v/6V/0xv90f/Z2/bf6Pr1af/qH/3q/85X/jvzR/9Ye9Of97f/w/++l/7U9dftz8T3/t8z/32//bH/iX/D7//q/1t/6Tyz/4X/vz/qP/6Df6pX/6v/Gf/Dl/6H/+X/7yv/In/4rz6o/a/+zwH/sdyj/jd/j7/7IHl3/jv/67n65+k9/gn/qnHv+y3+/3+k9+j3/73/1HfvDH/Db/6h/3v/4Wf95/+s/+Ab/l//JrfPfv+Inf83f53X76//41/tZ/8I/aL/7yv/D0L/js9/rtf/O/4Sf3fs3/9E/55+79w3/jR//GL//jT/7RX1n/W//Ny/3v7vz5f93f95v/yf/kT/zJv/9f8mLvk3/qH3g4//S3/fTfuKr/naf/43+xOP/kn/6P/8Tf48+/+Km/82/+Q//c7/0OL//R//P8rys+fvsXjs7+ot/t8jde/4K/+nfc+6snf/C3f4/v/MXVL/klv8Fv/Ov+in/t9/tzf2H+fz37e/7E3/6/+m1+8rt/0//5pz/+29f/9K/92/2P//3v+2f8Vf/BV3/et/+YX/vhw+X/9s8/S5Z//f3Xf86vvLv3l/4O9//PP+aP/3P++1/ye/22j/74f/0//SP/gb/vL/gvfs+d36H4vf68H8z+nD/jd/6p+b/+5vf6X/7gP/if/uurP/ToN/gT/8lfuvvF0X/z+Z/wz/xmv9uf9xf/Gn/Bj/3af9Lnh1/+9P/+N1R/yC/9Df7cF3/Mv/mr77xMf43v/DF/8L/44q+s/s6/fP3w9/5P2r/vX/yTxvcf/sI/6i9++C/+xX/9X/hH/D1P/55f+ce3f//Rb/BP//4Pf7/fd/pr7v2aH//PH/0Df9Lf83/+hT/zu3z8v/+V/9pHv8d/93j6f/8axb/5+/xHv8sf8b//pn/Iz/yT/8pf8if/D7Nf96eu/44/8584/iee/AkHv1Xz6xT/9p//x/891y//yd/uv/pjftv/5bfeTv/yv+rTZOsv+YPs/99e/O2P/phf41f9tf/J3/gP/8avfvX3/rX/4+Qv+w/+yXtfPvzz//v/bPon/UZ/7h/1a3y8+Cf/wZ/+Q36bZ3/nHz19uPtXvfrsv/2vP3v64N/6K3/zP+7vPvmD/7fv/vP/2O/26l/4W36tP/N3/admP/7b3f9lv+q/qf+43+e3vPf45Df9C//i3/+f/D+e/TZ//Z/4b/0v/86/9e/8b3/If/Qf/fu/6q/6K/+C3/Mf/U3/q2/9dX/yr/qT/77Zxbt/+G/45D/6Xf6o3+Uf/T1+65/8Z57924u/6p/a/rdf/Br/wb/w1/z9v/Sv+Bt/t7/w7z34ddqjf/W3+tv+2D/u4q/6y//G9m/6S/6YrV+D/v9r/sbXF3/iL/1N/+vfb+tfH9+f/QXf+yU/+fTf+h3/+H/w3d/5+Hd5/fv91V9k/9Rf9Jv+OX/b4Z39T978y8t//Q//5//Of+a//Js/e/d//J+f/OV/26+zmDT//Ol/8o/94uq3/Q/+z7/9N/kvf9c/6T/9Nf64X/PLv7X8q3/nv/aX/Uz5S/6Cb/3U8t/+X9vf4c/4BduXj/+FB3/k5//bf/qX/YvX/9hv+ru+/A/+uH/39/w/v/glP/PX/Qa/zu/0h+x98p/+37/GH/dn/Ebj/776i3/V7Ldvs//mz/323/gX/wO/0bs/7t2f+w/9Dt//Vw/e/lG/6+91/at++//gj/qL/+h/8h94+z/u/e//wL/5G//Yr/pd7vyxf+TvXvz43/eX/Cl/xt/7m6wwmL/uy99y/unf8yv+xH+7uvqj/tHlr/uDP/R77R/2i14f/NWn//h/92b2H//uW//Dn/jHHd35rx/9GX/wf/IHF3/N3/Lb/SP/xa///D/+J/+TX/9n/s2/8Kd/s+t/52f+sF/yX/0J/+M/+qf+fr/qV7959lf+fv/S//LoL/pd/rdf9m/+Mb9b9lf8XX/s3/z9f/DP+uvvPNn/T/7S33rW/Jt/7aM//e//y/79f/sv/59+7e8/+m3/sX//4b//N//W/0b2B/7Vv+7n/9cf/vtf/pUvHn33v/jv/7B//q/4b//XP/Wv/tYf8Pd8/i/+Rb/Jb/rL/8Z/+Tf9DX+/P/73+kd/6ov/avEfFn/bH1P+7/8DBaa/xf1nf/5v9ROvdnQq/P//mn/KH/eXTv+G3+ST/3Jx/ev8fj/+r/0b//nll//l7j/0C37FL3/93T/4Z5782P/9a/zY3/8v/4m//n/+X/6Cv/fP+fvK/+LBX/IXTj7+m/+oF//qn/z73f9P/vVf8hv+J7/u3//f/T6//y/8L37DP/3H/8S/+2/+E//b3++f/oVfHv++v/4//lny3/xf/8Lhf7v1G/0pT/+63+XX+bX/uF/8f37yz/3T/+23vvrvP/5Lnz791b/LP/rbkoX4R/+e/N96+Mv++r+0bv69v+r+X/n7fv4P/9n/+Z/7H/8Lf9zFr/Ptv/nXSf+CP+vX+G71+//kH/+H/DFbf8WvefpbvaT//9l/0W/6C/63v+yv//X/mMV//nd/+e89fvfsd/n9/6+/+a/7cz9/cvb7/RF/z9/4x/3Lf/Xf9jf9qb/G3/Vnf/4f/5F/w4MvD/6d3+CfOP2ZX3D15Z/52/5zv+Qnv3dU7j37/B/7xb/p3/HuZ/6Zv+9v+/V/+e928ave/IV/y5/xN/5n/80P/tc/6n+4XP6y/+TX+b9/jXd/x+roj/3e3/lv/CX/wz8z/11+uz85+WW//G+4+x/9D3/8X/2//eL/9Hf7/crf7m/+82df7j/6j/7wP+H7f9+v/Rd+53/9W0a/72/94NmLf/6z3/Te/l88zl998q/973/Fn/Hn/P2/7qN/4I/6XzhX8Yee/sLi1/xlV//963/i7/6L/8Knv8v//lv+m3/sv/sH/lPPnv/KX/tXJf/rl//OX/6P/Tn/6x/7O/xms9/8D/2D/69f9m/+cX/Rj7/8A96Vv+l/9slXf/M//fo/ebhor3/qj/s//8E/5h/4b/+33/UH1S/9bf+3X/Jv/Wd/+Z+3+3/9xO/+M/f+kz/tzi/+8d9s9c/+k//gb/2//oX/3X/1vf/rt372J/69f+K//1cc/QU/9eZv/St+05N/df6X/DF/yh/SSZ38Bsv/4cf/tr/jT7n+t363n/irr6b/9u/5T9//z8mn+Cf++l/wT//lf+KXf8Tv9Vf/Vn/6v/8n/pk//j//en/PP/jH7v2q3/83vf9v/Iq/9c/6A/+zT//GP/zf/cm/++xn/ta//V/97H//13/3X3Tvv/q9/sM//t/58/+xv/zxX7X9H0//4T/+9975v3+Nf/KP/8m/81979b9//g/s/ar//sfzP+9//zf/0C9/6erX+PV/0X/x1/1v0+/+Bf/k7/d3vPvL/p0/4R87+BW/3f3/4r949+v/UX/oL/oz/rGz+Q/+17/3P9n65X/1X/zsD/vT/8z/7Z88/W//4f/y3/lb/8v/+af/qe9876969z//i7/T//1rPPqv7v7lf8y//9v/D7Onf/SX3z347f+q//4v/zv/3j/s7Nf+3f7mP/D6xenP/Ou/w5/2V//DD1//g3/2b/s3/zd/4K99/5/4137m4H/9V/+iP2b++/5Jf9Z/9kds/6H/2v/6W//Xf8k/MP+X/6N/7Xf5/f+O/+uf+vX/++/9wb/js9Xhf/k//Y1/6S//Hw//u9/mP/zp9N+7fvtf/Ob/6uWv9wf+1P/++/6Dv+V//x//T//OP/En/alvX/3zv9VP/H5/cPbtd3/5X/Pn/K1/1i//e//J13/I3/R3//r/1681/7UPf+p/fvYn/yV/xP/1L//9f8Jv87v8I8f/4n/1yR/xr//S+/Pf5o/7yX/n4d/w7f/rd/8nfo/f97v/zNHWv1n9tv/Yn/P33vv1f+H/svzyr/hlX73+iT/l3d/58B/9xe1f+/L5d4/+oH/zZ65+/T/2f/xo8d/+Fv/E0e/9NzV/4et/89/4C8b//mTxx/79//pZcvjn/E+/4l95/gft/zH/Q/NP/Mf/+A/+x3/kn/0j/8Df9O//+/663+vf/Qf+5b/g3x69/c/+1n/v7/6HH5/+j3/N0R85+if+6rvTf3byp/1fO//wu/9g5+PXf9vW70wU+zv/4nd/zv/6O//iL6+3/4R/6B/7uz/7Nb71+V9f/bN/ffE//4e/4fnf+4e9ePHp//A/fvc/f9pmf1D96N/8M/7m3+wf/Xe+88f/hb/X3/rX/yvr3/+TP/9f/u8//TN/83/vH/6d/qW/47/695av/5tv/ePX1T/6i//df/Hv/D//5N/u7/9b/pf/9k/8e/9Vynb8fn/573/xh/zjo69+91f/xlHzW/6R737wJ/zG/97J7/tH/nF/3x/4l7578Z8c3L/ze/973/6x3/vf/Bt/u//71/jNv3/9N/7pf2DxTz//pZ/+if/nn3VGTPJb/L0f/Q3/wu/zd/wZf+Rf+h/+zC/6V//N32P6N/3Z/+dvOP0/3v4F/+D/9isu/6A/arR4+b/u/fjv8p/9il/2j/8Tf+1v+29NfuNf+3/8h37V3/xv/pV//9G/8p88/G3/s7/j6sf/xt/l//zBP/Am/xfH/8Rf+Mf9zOv1X//f/vov//6/+7f89/6z6W//j/zq3+jf+O3/9fNf9vwP+43/+X/8p/6CX/VRfrf8PT87+G//939t9X/+Gb/o7//T3/zKX+dfvfdL53/t+vJXvv07Zj/56//Bf/K/8g/8Of/nn/N/VNXRn/qb/hHjf+afvPpN/49f/B/9Ln/+k/b/+LV+l+/8qn/j8L/67/6GX+vf/av+gM//ucNfcPA3/LX/8eJX/4f/x5v/6b+b/wXf+yP+rP/sD/w3f9u/ev73XH3+707+jD/mW7/JH9TRpr/2H/K//ccP/tT/6d/8fSa/6M/63X7/f+HB3/iH/1n/w9/16zS///pnyn/5b1z/h3/kn/Pn/wV/1l/+P/zM37H6Q//a7Hf8E//Jj/6B3/Hv+dv+nn/1f/hzfsNfXfz1//nJ3/6H/VXf/ZN/xV/7R/2mv/lf97f+NX/vr/vb/TfF//IP/7p/3+/Xfven/9VPfuZv/uN+0Vd/RXvwq/7IF3/Rv3b8n979R3/hL/1L/tx/7fl//TO/z3/yVz/+/Bf9dm8+/Z+eHf0XP/gLf/9/4y/5n/7HP/p/+PuO/pW//u/5o/+Un/hn/tbVb/qfvf0LT3/Tf/n7f+Jf8of89Ju//e/50//IPzN/92/9Hv/or/27/Ne/73/7G569/l9/33/gv/70+a/8D//t//Ef+zf/Hkox/q6/87/yl5z+Ts9/z9/uf/jj/7vPPvlvvvqvf/87/9c/++jX+2t/lz/2f/gVn/yxv+Mf+4sP/tLf8B+Y/zPL0d9w8Ov9A3/d7/ytv/g7v9Wf+bvfn736yd/mj9n6a367n/wD/6jfcfmH/tUP/vK/jfJjv9P9v/j3+Q9+1z/6r/yX1lt/6b/wK/+OP/m7v/bf/fr3/F3+gl/6u05/4d/+Vz346/+5P/L//jV+wf7f8X88ufP489/o7/jBf/5//v3/zuNX/+Qv+uhP+k+Xq3/s4s/59m//M3/eH/Hr/e1/9OiX/4a/5Hrxx/x3f+z4L/2d/oQ77f/42/6Lf+nnf83+6sd+6n/Z+/V+k+TTf+/X/uO+u3fx+//Er/jnn/6bv/mf+f1/5fN/bf3R3/rXP/mt/6L/+Ce+/1snf+tf8av+kl+RXv8Vf87r3cv/4H/8+/6OH/wWzff/+T/yH/ti8hs/+iT/vf/vX+MX/XZ/3MN/4tu/9u/0f/wD//o/9Zf+u7/rv/fX/4Jf8uDXfvnbXz3+c3/8z3jyj/3fv8Zf++QP/NMvvvfrP/l7vvPXvf6b3/y3/9pf8T/++m//wt/7l/4LP/WH/T3/5h/6N/yK3/Ef+iv+67/x+7/9H/Rr/4nje3/CZ//03/i9v/F3/D//zMXf8Nf/0l/w5f/6916nv+zu9//T3+LOq39m8sf++r/+f/X2377zT/zmf8Xf/Qf8dX/4nYeHf/8/9tkn//mX/84vOf6f/7Lf53/8Nf/L/+vX+NN/xe/zX//+n/7Sf+3R4p/8X//6P/x/+jsv/47/5T/7jb/1N/yeh9Nf+xf+bX/Cf/a3/he/+g/6pf/Cn/341/6/fuvzf+PqDz388tf/Vf968W/9dn/abP0XPfztftUf9NfO/r2//6/+bx78tn/yye/0zyWn/9Kv+2v/m//SL/7X3/zpl7/Ro//0v/3iN/nD/o9/4a/4k/Z/jd/s0186+eN/rf/sD/mq+L1+yX/8B937/f7KX73/7/71/+I//ot/n99+73f94/+p//Wfe5X8L3/Af/Vo75f+Ot/9O37pP/Pb/Pd3/4T/8W/46rf7J3+nT37Zf/oH/+l/0vov+w/+0M//zf2XD/+Sv3UL6VD//0/u/b7/wz/4H/2Nv8l/+x//g3/7/uLo+jf5A3/wb/zLf+b//Wv8A3/UL/x7Hm392v/ML/zffsP/6I9e/kZ/xb+y/l3+vZ/8Pf/BP+Pf+Zf/1v9t9z/6xb/v9PTv+JP+93/2N1r837/G3/Jv/qU/8Xv+Tn/7X/mP/o+/wb/zn/4z/9O/8cf/yf/ev/WPEzP+G3/eL/id/uX0//41fuIvLf7m//RX/xl/1e/xJ/31P731a20t/pM/+NPj3+HpX/jvnya/x3f+DBW/v+zHf/zX+zMoT/v3vf6f/t1/5C/4hZd/6pt/+b/75/67+l/9/NeZPGn+vD/j3/li9Wf+h3/rX/mH/eeTxfk/+Af9Lv/xb/kb/dI/9vf7t09/jXd//V/43/2P//H8n/zfT/+Fv/zu//l3/t+/xn/7k//83/gP/Ye/zj/065W/36vf47/8G/6J/+vt7/cX/14v/pO/+R/7ff6PT/6n/K/49H/7A7/4U3+XX/av/Bu/8P/+Nf7tt7/fv/sP/9Lf7u/4J//k//i//wV7j37rv+WP+gP/u7/9X/qJb892vnda/Q7/ZPU7nP4O/9Nv/lt960/8h978az/xe/66P/Fv7P+125N/4vf67Dv/zu/4517/mr/u7/57/qe/4tf7G3/i9/wFD/6qX/ov/n6/yd/zd11Pf3X5u/7Riz/5n/mtn335B/y2f/AXf+z/evU/Tf7gv++/+Y1/xZ/1B/7P9/+7f+313/ULfq/f9B/6XX6dz/+Nf+c//79/jf9g/Xv86u3f90/8j67+4H/1/8p++j/8H0cX//evkf+NL/6SP/0f+Sf/gpP/qfmHf7Nf/i/997/j//lf/Ti1av+v3/F/+jv+2P/47/r397/49N/4585+5T+385f8Nv/7n/5r3/+7T3+N3+onvP+/Ov8z93+Nn3hWYJXit/9L8eucnId7+Pb3+/7//I/+J7/1P/mH7j/74hfsjv/q9Nf9/Nf/A0a/3rf/4f/+L/jXfs3/5rf67j/ya/8nv/JP/O//h7/gy//+n/xN/stf9Prtb/J7/PLk3yejMf8Tf8d/+2/5Y//OP+ZX/IH/zp+w/3//Gv/S9K88/+QvLH7i9/+d/pu/8G/7M/+Yv/LPP/qHF7/xX/Nr/jP/x1//p/6Tf82bn/wH/7aLP+7pv/xH/xn//r/+Z/1au7/df/t//xq/xl/yDzf/3d/zyX9x+Lv8cf/A7/5b/qp/de/st/w//pNPn/6+v/a/NBu//Wv/5v/tv/0tfuH6s73T3/Bf+0f/zN/jz/yt/8Vf8Uc19d/5V/83o7/wt/3Wd/6+H3/397ef/RN/zP/yf979T6/+0Lvf+VV/zh/8t03/nf/sL/sD//m/9m/+Vx/n//Hf//zuv7X+779V/+Bbv9+zf/J/+Y2/9xdUn7z4Nx4l3/ljfsc/6vy3/yPe/Ek/+Et/7f/jr3n2+Hf4dd59/E/+i3/Mn/N3/pHj17/X//QPHz84+xt+g3/62T+bf/6fHV79jb/13/a//ev/6T/7LFmf/7m/89M/5h/8l37y7/zvf8PP/ok/8z/9a//c3+c//dMnf/Y//8/807/bL/7qDz7/7X6dX/Gr//b/7J+4nPziP/Evf/W3/2H/Yvav/h7zf/C3/amDX53/9X/5P/Mn/L1/Z/OrfvPvX5AynP/Gb1//Md99tP6r88d/0b//v/wJv+T//Gv/y6/+nHt/0D/03S//o9/w81/2P/6Pv/2/cfB7f+uv+PI/+If+gF/0+/zkz/xNf89nv9Nf8ae9/U+mL37R33Pxd/70f/i3ffa//um/1ZfjP/G3+oP/t8NjCnV+wW/9k//i//rnXv8Xv/df/i8nv+1//Ht//Nv/yl/13/5Tjyc//unqzq/9u/15v9H/+cmf+y//97/0X/5rf+of+Wt+r3t/0q/x23/2G/9Wv+Of91vmF7/Vnf/4F736K3+vtz/+3/2S3/I/+cP+zr/jf/73/tnzv+LHfr1n//Cf8pv80r/9r/0l//OXv+e/mp797V/+bf/us3/ut/3F3/p1f/3/+af/k/2//scWv9O/9Q/9iR//C7/W3/Ab/B5/+uL7/9sv/G++/T9v/1l/8m/wq/+u8//rT/9f/qd/bvdv+ut/t7/0X/wN/ta/4ff+fX+3//of/zv/2V/4J/y9Z//bn/wf/85v7v5bv+K//W3O/6s/4if+wn/l7/nF3/unxtPftPrWd/7IP+mfqX/jd7/gL/2f/ot/4fv/wS/9kw8e/y//wE//gR/d+Xue/ZG/8A/9Df/Rv/xv+5v/yb/rT/nrf/xv/vX/r1/n7G/4py/+pT/kV/7V//Tvce83yMc/ePaXzP/33+l3+lf+s1/wR/x9R//h9/7NxYt/62/4D/+Ef+L+7/HPfffz/5jM0e/3G/5T/9G//qftv7j8VX/Wb/i3/Zf/1m/6g3/jj/jFf8Rf+7v/tu3/8U/9tX/av/lX/Hl/+l/4F//X/9qb1d/1J5/8Rr/Zs+O/+pN/5/E/9Ff83f/In/Lu1/rzv/jTfr0/7g/9l/643+HX+FW/x3/6Z/5jv+lv8f3/9s/89N/57H/+m/7VxdnLH6/+7H/qn6if/aY/8b//m386JUB/q58pzv/b/+y//VP/jsNvP/hff+X9f/P/WP9PF3/0/pe/9X/w+35e3f8n/vR3//zvVv/4r/0n/GF//F/0X/5vf+RP/y+/5e/0P/0e/+Jv9cf8o3/r7/pb/9Tu7/MX/JP/8b/47/yG/8Rv87f8qkd/8B/zn3//8q/9rd/8O7/kl/7X/+J3/rv/6H/7t/+Td//xHz/7vfM/6Zf8p3/7d4/+71/j8h9Y/sG/8O+vftfVX/eP/vU/+HXubf1Ry89+/d/t3zz6aPnb/Oef/XN/7m/4e/1m/+V//6f/K4/+3H/w37n7T/zm/96j0W/z3/xW//ev8Tf9gf/rd/6cf/d//UP/5z/+v//b/pm/43/9b37b5F/5H37P7z78rz5t/pW/7/f7Ff/K9/7u3/GP+y3/65/6qY++93/+Gf/Tv3jnj/+n/7j01/g//v1f8ujyb/iz3r79C7Znf9pf9mf8O3/BX/zxP179dvtP//G/+o//t/6pf+7JH/ub/om/3+O/+R/597/3D1/+pX/Tb/AX/g3/6u/7M9/+i3/81/8b/uW/8J/52x9/8pf9Hn/U33f66/3Jy3/2d/pTd1/+Z7Nf+w/5A//yH9zfev3Tv/oX/JJv/a0v/sXX/+r+7//vZP/L3/zfHv1Of8rv8fv8Fv/ZX/gvnX7/T/hTf/XJuyf//f/67//2pLz+snPSsafX/8Nf/T89+Mf+pF/v0//61/2Pfvnv+Nv+Hn/ud//Cd3/qP/x3/g6/1X/9m/zdf+Vf/tf9Kb/kX7o8+h//8ea//X3/mj/sd/+f/ql//1//U/793+X3+6/+wN/s/9j96/+k0d/+9pf883/cj/2+v/CX/tl/48f/51/6fxz+9f/h3/Lf/D2/+1/9D/wd8z/9931av/n1fv30N/ov//p3v86f8+qf/Nv/+4s/47c5+dPnf27x+r//Y3757/FH/i6/1f3/8Df56b/j8qf+/P/u3/zfv/cX3vnH/7E/8cd/zb/tD/5Dzv7HP+Ffv/ubbv21f8Zf+wv/u3d//b/2z/2b2//lJ//4R//TT/ybv84vOf6Lf+Gf+Cf9nke/4n/98h/7Xf6QX/A7/c9/+b/z05/+Wf/q3/A7P/tPyz/4t3lx9k//Gr/RX/CDX538L/9+9b/m//pf/5de/Cv353/D7/0b/VH/zmd/2f/1u//h03++OfmH/9bf8ff9g/6uf/dv+7/W9/+0T7Z/xd/za/wm//WbX/NPJG36S3/7f+Pv+6z9n/7bT3/L7/1Tf+XvlP2T/8Vf9sf8qf/I33z/n/i7q3+1/OK/+PTz5/Xv8afv/K0Xf9N/++8s/v6/+l/9T//43/r3/+/+5P0/5je5/uSf/73/5ce/41/99l/6p8d/bvFfPPkji8nlH/LuP/0L/6q/4Zf+ty//jP/ifzj78//oX/8//7U/+3u/+xf/H4f/25/52/7h/93v8I/8L//6X/53jme/0V/56/wWv9UPfpf/4d/8Y8ff+dP/wsN/6f/8Lf68X/Tu9/17/px/9J/4X/6Wf/V/fPjF6//4v/hLlz/2d//L/9af+OaP/QP/l9/6D/31/ojR3/D4nz3/M37s89/uJ+/8if/o/V/+/b/zn/hdfuN/4R/8By7+xD/x7/mn/nvY9z/uf/tT3/wd//rPnF5dv/0t/tFf54/7y3/i2a/xj/zB/+rv/D//Oeu/9Hf46V/+X1z8mf/mP/affOv+H/MX/aXLv+Pef/+3L37xl+m/+9Pf/eRP+Cdeff7L/oY/8vn/9hf/J3/+/T/zn/u7vven/X5/zT/1a/74f/uH/r7//j/7R/xRf9L1r/PVb//9P+HLv/gfz36HP/Wn/oofrFfvfvrfefNX/IX/1P/+O/wz/+Y/+nv8tu1v8Ff+G6MfL/6Tw9/55Gf+q9/z1/8f/4Df6Wf+9X/q7e//tz77g+vf52/7+5/94t/mv/+7f4ef+N//rr/uH/yDf/Cn/Rm/dPfTn/7PTlZ/2W/9L/72/+2f90t/61/+R/0Xf//PfPb5q9/2F/+Ff+F/8W/97n/IP/b3/KJ/d/1f/cyf+Df80n/uf//P/5rD4gd/39UfVv/mf9Hv/cv+yb/6T/o3Hv9fv97//Lv8EX/Rn/Af/I+/15/1l/xGf+Yf9tv/mr/iv/5zfvXJr/Xn/M9/2R/z1b/++3z58h/96G/4yx7+63/2n/Hr/86Pf6tf9R/9qb/H4ePs6sf/m4/ufPRn/O5/bPpH/1Z/8b948q+9+t9+9z/vf/sj/p35P/E/pn/mw6N/bP1/vP0fqt/8/zj8n/7OP+q3/iP+4r/4v/7vf3z9p2//pb/pv/l7/OLl23/hfzz6tf7rv+dn/ov/9B+t/7aLh7tf/BH/4v/y2/3XX/7Z/+of/pf8DRe/39/6j/8b62/9/f/Wv/9r/95/xr/xP/yG/+yf/h/8R//D+r/6wf/9a/yKv/Zf/u/+j1/0lz//Pf+kf/o3/5WU7fjO//Q3/nbf/w/efeu/2fo/Tn/HJ3/Kn/Q3/zO/yX/+u/2Xf+KfefBf/YHf+ht//T/6D/zb/rvlr/dH/h3/xS//Xbf+ut/gt/+H/8n/4J/8me/+k6/+2j/rD/hzf+bvOfv3/8Ppf/gX/I6//h/9nX/1Xx//kf/Kb/7f/j1f/SN/3u97+if+r3/z//n2D/2ff91//q/73/++f/781//T/6U//Xf6Lf/UP+d//r3/vt/rb5z/Hd/97i/d+pv/hK3f7Jf+93/yn/ZnLN/9R3/qv/m7/PmrP+eP/Mf+xd/s+7/v4z/jl/2G87PD6ZNnv375H/2Kv+G/+df+5+s/7rM//y/N//XDv2L1j/43/9vD5tP/8d/5J/+ln/rj/vjf+R/a+k2S3+Qv+Lvv/57Xf9z/8Lus/tPLb//j7z763/7bf6z+A/7cf/bP+AV/0d/9f/3tP/6/0fLdP/uf/8O/6K/62/7Iv+jZn/QH/tR/8ft+9vv9G/Xnn/+v//xv/b/+Pr/y1/9D7v7xv/KP/Otn0z/z1/yD/8vPfrs/8b/+/q97/Uf+d//zX/nf/Bu/x2/y3/8mf9+/+uf+07/Pv/VH/2X/wT90/Tf+CfUvnvz9R//AX/PH/e7JT+9dFb/g1z2788U/c0gZtE+e/Hp/zyd/8Xd/jb/6v3v7a7/+n37/P3L95J98+S//d3/l9j9997f7hX/P77D1a//z93//P+T/+o1IwUz/1T/8z777D/6Sv+Uv+Zt+jz/mL/jkX/j7vvjVv8e///nbw3e/+M3e0dHv/T987+O/8ld/65P/Otn5je+c/l7NT//ef8yf9jf8Rf9988v+03/8d/lN/o/X//Ff/bv86te/1588/f2e/8V/ZvGfPvxv/5x//m/6yW9/9HfO/6Grxf/wi//4v/Kjf/D035r94h9890/9P178b6/f/ief/N1/+x/79k992/7Nf8p/+nt88gf8RpdHf+Qv++uLv/2f+7v/hJ/+M//zy6Pv/rI/8tXbv/h/+8V/41/5h/8fX/w2f/3v9gfO/61//A/5E3/Rn/jT/+S/uX/96/5zZBj/83/nu3/sj/+lf8B/ev/X/fP/ul/0j/y7f8vvc/2P/+BP/+h/LLZ/00d/7h/7+/7LP/gLv/y3/o+r/+mX/1e/zv/0+/6e/+evnP4u/8Lf95f+p3/nH7d4/BN/4+/z6Z/98Z9bVL9l9jf90v85+QP/grf/5I9/79/9d/+37f/u6uwXrf7jH//jn9Vf/OCP/wf/4S//qE9+q9/i1/tX/5l/+g9587f93T/xP/7qv+c/+WP/8h/7/o//9f/EX/Zn/JW/8X/xR3z8583+4t/lj/ypv+W3+n3/g3/3d/sDr/+K3/c3/d9+s7/x9/wD/5D/4N6vsfwT/vF/4ff4w/+y//vX+E8++Rv/t+//T9NXf9v//Os8+iv/6Oe/4W/9N//Cg+n5P/tb/GWz//zzv+qzX/yT/8pf/5t89/zJX/npv/hL/5Vsvv/vzv/C//F3+wN+h7/7D/6vv/3r/40/tb7+J7Pf6/W/Wv7th81v8he//a3/uad/wF/2x/7Jv1/xn/yBf8j//uv+72fjPzr5r//Msn5+/NX3/tv/5U/9b3/Vv/nXvXr5r//rf8wf9u/9bn/57/wv/y9f/ol/36//1/1vD774U1/+vX/8svzx9PHf9D//Tb9Ncu8vrD/5w/+Wf/2//x/+mN/gL/zd/6//6v6v+G3/+9/6rx7/uf/T3/qT//Q/+s//59/61f/X//6Y8jG/6sf/kU//4V/x9v5nv9n/8H/snP6if+0fef2f10d/7q/9jx38PX/69DuXV5fjk/Hf+Ov8d7/yj/kLL37/P/vPuvg1fun6j/wD/5M/95/+L6u/5cGf+duWs9/yf/83f8n+77H4Y/6bT//bj/70f/pv/D3+tf1//Y//9C/57/7sP+/pr/93/9e/z3/0nyZ//d/9uzd/5dFf/Uf9w//Ezl/54J/5P/73//vX+JN/jf/5N/mL/q5/v/5P/91f+Fd++Zv9B7/Z8d/V/IXN75/9zO/+v/3+f/H89/ut/pZf/Mfu/13/wN/9h//CP+MnP/549S8ctv/eL/7u9W/6R7Tv/tzdf+vZX/aL/87/7d/8wR/22/7bR7//f/t3/Yn/5R/4i4+e/59/fvav/+13/+jLP/M3On978GteTf699sf/9z/mV++8efkP/Ul/1e/9Z/70n/Cv3z/83f+WnT//7M3Vn/v3/jJalPhDnvypv9Xf9vLX/xd+j7/9P/+v/q9/9l/e/x9+7O0f9uf+gn84//3/29/343/49/rdf9sf/Pn/8u9Sf/aH/s+////1t/+Su//zr/0f/19/9H/6R03/xJ/6g/62P/kP/Gv+pF/w+m/83/6c//kv/E3frX/md7z/f/1pf9wv+/X+5C//nF+y8+1f/t/9h3/5u1/1K6qLP+RP+8n/7pfv/T3jv+J3vf8v/bH/ybM/Zv03/ti3f/y3/1P+vV/1Z/2K3/7X+b/+kL/vj/2H/oPf6o/9x/6Bg39l//x3/+jvvih+gx8/+L3/7f/5X4Kj9Mf+UXf+yLe/2U/8wz/5v/+Cv/0/+XP+vl/27jf9T/70v+GvX/4ezW/1L279k7/H7/b3/km/6T90//rvu/fH/spf8Dt8//7nP/mLTv6Dr/7Mv/hX/Al//n/0u/yG/9ZPnS5+vT/24j//i/6hX7j7p/4Pb3+/f/bkXx39Wff/8j/+7/vdrp7+41/+Fb//yV/1X/+vv/LP+Ov/nh/7lx79Li9/+t//JT/xn/xRv96dubdOg///9X/Vk2X5V/5Bv/M/UC5+wS/Z2/1z/tazZ//IT/+X//Tv8lv9H7/7H/gff/Kf/pd/7Rd/5b93ePB3/Tu/56/z5/1H/+sv/x//g7/r3T9y9J/8xr/k1/7VX/zz//ev8Vv8+R/9e7/8+vf/8f/6b4PO/uwv/e+f/+a/5y/4Q/7+P2b9V/7UX7j/H/7J/8Wjnb/06Pf+7f/B3/B/+G3+2f/k9/gj/4o/7df6a69+u/T/bH7/n/nH/4jT7N/7tX//v+DR6B88/59f/Jnpf/rP/r0nv/9ffPnrr//4v/cH/8Rf+cv/xm/94r/gT7v8+B//hbu/1+nxsaTYX/56D/6Yv+/hX/HuL/3On/ri3/jr/4F/ef6//TNV/l8d/05/9a//V/3O/+1/8bv8Lu9+k3/xHzr61v/9a/zRr//Ut7/oN2v/+D/6Fz7+W3+j2Z/y5b//N/71f/y7v/G//23/iqeLcr39b/353/4jq7/mj/8n//d/8+hb/9c//W/9ir/lzun0L/4X/sTf7m89ePHov/i7/8bf/vf5e5d/wa/5y/6m/2D33/7TftH3/td/7ukfNP3t/4r/9hdd/x2/xW929F/+i7/q1/79zn+Hv/Jv/av+7F/52/8Lv/lk51/5Y//rv+boT//ffuv/5E/7n7/8g0a/+/joX53/If/B7J/6p/7d/+UP+T3/6z//r/j7f4t/4MX/+Wfe/y/+lb+v+qv+q/r3+N+P/qI/evQH/Hm/xk/Mpn/iP/6H/5LJo+/+Xf/iP3f6l/wxd36Nnzj9rfj/f8Tf9/af/F//iH/xH9+7/viTg1/nb/yLk7/k7//T/s0/42e++jvn93/x4d/2e/y3v95v94v/p1//f/kbf5fHf+W/+If9qX/HP/mX/2n/4p/5W/yZzZ//t31MXuHv9wf+z3/ti9+n/dW/17/09/3FW//kv/sH/R6vv/8r/ujf/c/97L/9Tf+T8pPf4w+9+3f+Ji//4l////p3tn/m8ie+929P/oB/8xf/kv/y7/8T/8p/8dnbf+q//z3Ov/glf/sf+Ef+tcUv+oX/7R//aLr4Q/+4//7Nn/i//81/4x9AWdL8izf/zv/2j373X/3t/+bf+Z/7hevfl5Kn+e/yT7/9b/7i3/8v/+xf/BO+9+v+Vj/x7Uxnh///7fnvdv7nNP/On/4P/U9f/jvnv++/91+t/td/77/8v3+N3/m3/k9+g3/r72n+63/8F9/973f+7X/jb5v9ft/7jX7R//1r/Jp/42/zJx6Vf97v9F/8/eXe//nPPCYd8Y89/Kv/wOZvfPZP/kF/653/85NffvfsD/h3vv9n/87/8Zf/56/z3X/47/xzXn35B1af/hdf/Ct//L/3q3+Xn/7V/+i3f832n73/+k/6Xb/8zz75Q/6+3zf/q//tF2d/yX//W/3E7/3nEFK/J///+g/8J//5w//+l/7mDx7+rn/97//uv/yf/q+//b/+Vf/id37Z//1r/PHf/Zv+nf/tF/4vd/7Ff/HgN/hD/0PK4HznX/hrXvzG9/7W8Z/2l/4xf8V//Pf/y7/s8d1f/a+fP/7X/9o//Ddd7P2vW5//11+9+ujHP//4D/lFP/mv/6UPf6N/7zf//X6rq9/jzV/zd/+pn3/yH/+Ov2r/D/yj/oLf5e/74/+Y/+S//acnv8nB+Vd/498/Wf1Xf91f+bv+Eac/8zv/or/4H/xf//Y/71/65/6Bn/r+51v/Qr3zH/05v/oP/UfrX/Xv/CZ/1n/2n/3tf90Xf+Ffk/zK4l//40//h7/1f/nnLn+9v+O3+O5f/Tv+wn//j//O1l/ytx1gheTX+Jd+49PmW//ob/Sn/IP//unol/4hf99v+I/9g7/zxa9++i/P/4w/6Y/61/773+L5X3f2X/7bf+Tfvv/n/lu/6R948e/+s7/Zr//3X/+d//j3/i5Shz++Lt78Dwf/5e/8yT/0K6o/5vf73f7Bf/HP/av+6d+BdM2nf8Dv8apo/8I/6m/6+/7a3+av+Yt2/9N//uUf+Pv+qb/f71e9+Nv+pn/lDz/4D/7LX/q9b/2iv+GvfPWTf/N//b/+0//53vLxb/5v/Jk/+Xf87f9a+8/+sZ/8kf/nv/cP/Vq/9A/7zf/3P+af/jMO//rPv33+r/4Vv/nf9sf+PXeeff7T/+WLP/U/+bs/+r3/8j8n3fmt/9ztP+Of/KV/+//0Z/2+j+r/Yv1b/Q6/5Mu//B/7vf6y797/53//P/T/otW6P+wP/E9+t9/2H/x3fq32f/k//vavfp3Z7C+4/hv/it/sP/vuP/cX/HZ/67/+t/3GP3n4q/6zf+qP+lP/tt/yj/jvf//v/N7/wp/56X+9/wf+on/i9Jf8G9/7Y/7Xf+bl+uG/89/8zL9w+Jv+d3/e7C/9Z/7s8z9m6298+R+79eb6zr/2R/ypv/Z/+Q/+jj/zB/xr/+m/ufzb/vvdo3/xd/rdxv/Hz/yT3/rsX2x+3xd/7f/861P8uPzbf+zv/hd/zZ/8u/7AP+rvvPptiJX/9r/8j/l9P/6z/qxf9fnv8tG/efS///n/3p/5e/1m+e/2Kw9+l3/l70/qv/Sf/Wv+tf/8z/w7/u3f+dlffXX0l/4ef/7f97f9hf8hLRC/eX5v9/Avf/LlP/h//xo/9bf+FX/P3/9H/Mt/xb3vLV7/nfNf9A/+q3/Ft37HxeKPe/enPP67fufTxe/0/Lf4W/6tf+LNL/z3/+2/ZvF7/5//9W/1Jz7/N//un/kN/rc/9K/6nX/yN/2NfvrX+Bd/zVeTP+03ef1f/Fc/uKpe/Ou/7B//N/7GH//D/pedP/Thx3/o7/en/uq9P/tv/L/uLP/sXzn6yX/uH/2D/82tX/yTv/V/84/8or/5r//Wqz/03/vVv30x/62++2P/BjJiP97+jb/l//wX/hN/1S//91/9t1/+K4s//T/7g/+Yw39m9198sfMf/tT/+uf+Ef/2r/PH/5//+se//G/8F7/8o17/bf/A7r/xO+3+Ov/+P0sW5+8o/vFf87/9d/7Jf/x//M1/v0+2/v7f7Hf9b3781/7f/83f8Q/8T37V+seO/7W/4Rf8zC/5V//gP/n/uv4bfsE/85P/y69R/Vm/yw/+gd/8X/vjnv2e//0//lvfefaXXf8+//of9o//a//Il//O7/nfTn/j/ew/fnjyL/2ro//iz/k1/pP/4h/973+jH/w2v/7v8kf8Bn/Z//Tv/TXt//qbPPmj/sWHn/26z+7/6h8f/4c704N/79v/5C/7G3/r13/a7/af/ta/+Hf5xa9/889/y2d//k/9q//Zf/Hf/Xc/9ef/Zf/nP/xH/DsHf8fBn/w3/wX/2O/03X/tH0we/55/zq/8w//6/3D5Ty/+oT/ob/yLvvq1/41/YP7H/2F/8q/1l+39Tf/UR39/9b82f/6/8Ut+v3/7T/yndv7R//nj/+OTv/Q3/f1e/JWffP7n/vn53/Zf/0f//rf/jn+n+G/+x7/0s3/hz/iT2t/qb/+v/sLfCnT6iX/ze+d//M/8k3/b9v/x1/6yv/DN7/Yf/jP/zC/6M+//77/Lf/Jv/i//x4O/6u/8y37hP/j47s6/OfolX7z6tf77v/e3+eN/67/7n/4v/oY/+Q/Lk9/zx3/rv/DH/p0f/z3+++9+Wf21v88/8k/N/tB//vR3af+8X/q3l3/qv/H41/6r/tHf5Q/6V/6b//rv+EfL3+X6f6WI5Q/P/62fefGvjH/F/b9z51/8nUb/+KtXf+2/+Ff80uovv/7+//B3/9J/4+p3+CV/3n9x+GN/7i/+PX+r3+k/+i9/+3/iF/8Fv+KP+ZP//H/2D/vx3+mX/cl/zK/6t1b/553v/GX/zd8/++X/y2e/z/m/nv6lv938z/gv//W/c/dv+5N2/onj3/7X/zf+/pN/6E/9Vf/X7/C3lv/lr/HH/Yl/9d/4R/wJf+Nf/ff/tZ/8/v/M7/kf/Ua/yZ/+K37lf/e//xdf/uF/zu756N/9Tc7+y9/j3lf59eP/5Vf9M/Wf/j+8eLDzJ3zrWz/2U//kX/Yvn/7W//1fsDJm5tWrf+UX/Gm/5v/08T9GqvC3/S1/71/7b/yz/sL//df6Nz++/Paf9Zt9++gv/WP+93/3P/nyH3r75W/53/6pP/3vfPU//01/95/76z395E+f/Fa/5j/0T/6V/+3vt/ir/q9//j/4+Jf9g//y3/47Ft/9N/+A3+Wf/2/+tb/tF/6Tf9T/8o/+GZMv/+p//ujf/nfu/Kb/wz/6x01/+3/8F3/xD/53/+F/8memX/yBi9/sV/xbf+Wv+uz3+yP/1+LfvPrz/51//2/5Q//Df/r//jX+u//q7/kN7/0j9e/9v/y9n/+VP/W//of/9i/4D/+5//nv+MtXn//m/9B3f9mv/X98MvkP/9fZ3z/6pf/yf/Lb/c//1z/3u/2B/92//t/+h8kv/e3+67/wN/3r/4tf/bv9Kb/v7/fl//V3XPyP/+Zv95/++B9y+L/+Zf/Wv/LZr/PqXz799j9CSjP5wT/2F/zkn04h5b//B/+7/8vr3/8v+AWf/IEP/rGf+lP/93//O3/g//zLfv+/5M/8l/7YP/fOf7T8U/6Jf/kv/Mcm/8Bv+b/9xf/R3d/8XfWP/Zn/YvNX/FP/66t/7n853c9/79/6489+qz/l0Z/wt//Er/2n/q2H01e/+Hf4r/6if+M/IX/l19r9nU+mv8s/83e/+8/+rT98dvab/z2/2T/17Pf4ztWfd++fIDr+mr/Hf/yTn/w5f+YP/rL/+XTve7/ZX/t7/Dq/9Hf5P3/6n/nq3/uzf53pv/Ln/S9/5L/7vzz/PT/7S6v/6S/+zf+8/+t/+LE/8V8h7ZP8BW/+/H/mT/99/vnf/eO/45/42/+Iv/7dn3Q9+fJP3/n1f+v/4R/8Wxb/3L/5U//gH/VT//E/+x+//gX/4b3v/ou/6B9+t/db/Av/9d/6f/8az//c/+OT/+p//LdPfs9//a/7Tf7Gv/q/+W3++Kpof+vsP3j2e/8hXz7/z1af/8RP/NO/9V/zU3/OP/tb/tRfdv3xL/w3p//VP/wvvfpXXv1LE0jBxbs/5J/6bx599p//JX/Hv/Hn7P1F//vv8L+9/id+l9/08Rf/8V//5Pf+G375P/tn/yev/5d//tfJ/9Hf6C/4pb/vf/pX/vW/5H97Vvwp/+hv9U//LfN/5en/9d/+VR/9OZe/5Xd/j4d/zBe/w1/1Z/wb//lv8Hv847/hb/pfv/pNP/sH/vM//9/9Q//Pf4tWqr7zq/+vPzD5337Q/Nm/fPtbJ//N//qL/sL/4s6//G76e/6R/+dP/pF/+V/5q/+OP/lP/K+/+hd+m6Nf+0/4J3/iT/+H/9jn/9rv+F//9P/9a/zH3/2L/6X7//W/+yt/6hf8Ff/h965+l1+9/Uv+51/wp/6Vp3/i+B/5l3f/z3/rzR/4nb/tT372h/7Y77D1v/4ar/6L3/B3+XW/97/9Lv/4Lxv/W/u/4d/wB/4Dyf/9a+xS6JD+T7/iP/zD/4/f8K/4r3/wh/56f88f/eL/+E1+/X/ul/zzl//WX/YP/WX/7h/wp//hNOjf9Q83vgD9n9dh/lL88Wt566J/xdnvcPbbn/1We7/gL/pX/6u/6Depf/U/9H/9dv/gn/yX/X3/0n93/if9L7/Pf/Lr/Dl/xO/xR/4Hv8Wf+D+8+wNf/C7/6z/23denv0Z2+h//Lr/pP7b7C/7E87/039n9yb/4X9r/q769+3t/7y/+X7/zr/4lf9Anv/uf/rf8kn/qx3+X45/8NX6NX+PX/7X/8u3fyvp2P8v//zX/73/7/wEoU4cSxTUAAA==" />
        <Entry handle="26" bytes="H4sIAAAAAAAEAO29B2AcSZYlJi9tynt/SvVK1+B0oQiAYBMk2JBAEOzBiM3mkuwdaUcjKasqgcplVmVdZhZAzO2dvPfee++999577733ujudTif33/8/XGZkAWz2zkrayZ4hgKrIHz9+fB8/Iv7vf+v//o9+jd/sO8/Onv0av+av+Wv8Gr8m/fdr/N//169xePLq9PjNl68epRez7Z9e5Rfp5e54J91aN8XyIj37zufpd16efp5efrp3Z5T+onVWFu11+ll6sJP83//ur3Hya/x6v86v++v9ur/Or/fr/bq/3q//6/96v0HymyXJj/1Y8lv9Jr/pb/Sb/ba/1W/32/22v9Vv89v8Dr/z7/67/A6/44//Tr/Nb5OO0h//hR/f+dad3/532d7Z3tr53bfubAHIr/nr//q/fvIbJL9lkvyWW7/Db/M7bL3383//Q7/Gb/4b/JqjX3P0a/+aH/0av9Zv/mv+2r/5r/l//2O/xu9Cg/x1f01+fg19fs1f69cmfH/93+DHkt+QGvztv9mv8Wv9mr/2r/1r/Tq/9q/76/46vw59+0vo+1/j1/nNf93f4nfdPf71fsufyH79j37Rb7X3B//Jf/Fv8ONP/uZ/+Ld+9S//T7/bvUn9h/xY8tv8tr/db/87/O6/8OOtO9/av//pg4OHj06enj77/Ntn33n95quf/O7v/fv81HSWn1/Mi59u2vXl1bvrH/yhf9gf/kf8kX/UH/3H/Cl/6p/2p/8Zf+af9Wf/OX/JX/qX/eV/xV/5V/3Vf83f8rf+bX/73/F3/l1/99/zj/yj/9g//k/8k//UP/3P/Cv/6r/2r/8b/+a/9W//O//xf/Kf/mf/+X/xX/5X//V/8z//L7/sl/+K//VX/m+/6n/HuH7NX+PX/jXNEx3Xb07j+rV+nV/n1/51fn2M69f8ta7Q4Df/dX7d33X31/stjn/i189+0W/50d4f/Bv8Vk/+5L/4b/6Hf+zH7736n37rSf0vJ7/N77b/H//u/zOGxiO73cD+kK81MjswN65/59f4jX7tX5Mm79f+zX+N3+PX+N//ij9m6y/6tfT/ydWv/Df+95/5je//e3/s7zT9uz97+1v9b//it/+vX/5H/k+////8N378v/3D/+nnX/7m9//yv/XOH/Kv/vaHf+Toq9/7D/ypX/Yr/uf/81f9bqNv/0O/+Nf8Pz/59j/8U//dn/sfTv+rL3+L/+0//b3+yCd//5/y8Bd+96v/6A/6u3+dP+mzt//lP/UzWfOf/xGP/vb/9cvHv9v6d/4X//j/4W/46/+Kv/PP+O1+5u9+9pt8+1f8i395/clvlP4J3/1d/sevtv6y3+HP/2fe/Ru/6s2f/m/87b/JD37mT/43//539/6JP2f9T/4Rf91f/hf85//5n/ZH/Hv/5fLFb/cn/tSv+j1/t0/+iYP//d/8/C/63/6W7/8W/9hPfe8vefwH/GfLH//X/sIvf/A7vf6N/8S/+h/8j8f/yj/4X/61v/Qv/E8//z9+97/nu//Hr6j+1f/j7X/xh/7PyX/1f/8a/+zf83/9dv/3r5H8pv/YJ//gr/qP/sG/8n/7if/uX/r+X/h7/d+/xj/yvb/sT/hb/s7/+v/a/wP/ke//Zf/3r/Ev/uT/+Xv8E//A/P/+Nf7wP3z9f/8aj3/N/+PX/99e/aZ/1Hd/n//71/gTf9Gv+k3/p7/03/6L6a2/8Lf9rx/+37/G7/0f/pX/27/8f/8aP/ZL/9T/+9f47Hf55f/3r/E7/Kq/7n/7v/6rP+5X/Rq/6N/7Tf+nv+LuP/Y7/s3/968xmv4f/yT6ao7+yX/ln/wnfodv/9+/xp/xN/7fv8af8H//Gn/8x//HL3z05f/xy//A/+OKcPxL/+fkf/w9/psJtX39vf/kN/6P/+vf6Pf/swjZz/6c/+G3vfhX/u9f43/6s4vf5ZdRV//zf/g//6X/12+5/eP/1w9+j//r8P+6/8se/W//16/83/6TP/J3+Yn/67f6Zf/p3/uP/B7/6b//e+z+X7/V3//n/M7/9i//i//nv+BP/A+++3//Gv/kH/hP/Dn/waf/8p/5f/3UP8ivvH73v/zXX/2xP/VX/0Mf/4n/96/x1efVf/rP/tn/6b9X/n3/wC/6I367/+tP+8X7n/yt//Uv+k///N/2d/lvf7ff41f+izy6f+GP/Qt/xZ/ym/4N/+H//Df+Ob//P/Gn/q9/x2//f/8aR//67/flb/cfPLiTjB/+04Tw/zof/wt/7n/yX/7Rv/yv/+4//jf+br/h/l/9W/zhv9uv+59+6x/4v/71f+zv+Gsn3/uj/oZf45/8XbaIOv/i3/vnff/f+6cf/1N/73/2T6z+g3/rr/r0+E/4zf7A//DZX138Rf9986/8X7/5//ZP/KPP/ueXv9cfvP5bZo8Xv+/qr/slb/+dP/c/Of/DftN//+/9+N9+/X//Gn/M3/in/nf/w0/9E3/go3/7q9nv9Gu9+CV/7//50//1//zr/UVvftO9vS//FpqtL0ff+3t/y3/w5L/59+/+k//7L/hLL/+M/3b0J/0z/8fdP/9vm/1fv9Hbv+GP+89+rUe/w//2p/ymv9m/9/f9WX/GF3/LH/hj6W/0u/wz/8Bf87/9xH9y93/79t/3cbX/Rz7Y/c9/t//6//wvfu2/8m/6re/9Md/7TR78N5ftT5yev/yJ09/q1+j8/9f8n//Bf+wP+Ed/33/wNzr7RY9mf+p/85f83X/sH/Bb/V5/13/5J/7Pf8O/+J/8Y0ef/zF/+7f/xZ8YLf7CX33+G/+iz/+QX/I/f+8vmVx89q9Nnnz6T61+yW9899/5M3/1n/irfod/4DdvfuV3/5e/svz9T/+Pv+rukz/q7/l9f8k/+X8Wv8NsVn7yhzx79Dv8S//OP/jv//7/zJ85/7/+m//rzX/3u/7Jf9Lky7/89/jt/4o/+V/4db/z6/9af86v+efO/8cXf+lv9Wv8Lf/9b/N3P/4Lj7/6rf/IX/kb/76/35/14x/9+f/kr/z8P/89/5g/+3f59/aXL//D/+bf+Rv+6t/vl/7Er3p18fEfdOf3/h3v/ZX/53/8a/7mf/A///v/fjuf/TW/76/18Nf+X/6y3/DFP/J3/Uv3/rXXf9OdXz3/d7/zD9d7f/fj9q/6G/7z33v7D9r6vf/Ufyn5W/+gR//Koz/0X/q1f8Vfufh1m60XO7/H+uP/rPiN/oM/+ej3+B3+tfQ3+Uf+3D/4v9r99t8w3fr3fqP/5U/8E//iv+wP/uf+zp/4zf663/w3efH27F+vqds3r36Nv+Y7f9Bv+rf/Gn/+P/er/9C/+0/65b/7P/m//I1/1R94/i99/kf8jX/rr/yZf/yf/L8++/13/pY/9Hf/u/6H2a/zf/3tv+Lj/+4/+bP+p/JP+c1/5b/3f/0J/8nf+ot3/4E/8q/7l09/6z/r1/2tfuL37P7/d/nWz9R/4j/9P/8Lf8VnTy/+71/jd/3dr//VP+4P/uW/9X/zu/xtSfk//+P/8X/3P/2hv+rpn/6f/6O/+3f/q0/Wf9Of9J//5b/dv/hT9e/68ce/2y9+84eMiz/uD3hZ/KJX5V/+m/8p9/6Yye/6G/7z4zv/3W/wW/2H/8n/sfVr/NvHv9+f9h//K3/GXzVOf6s/aPav/pt/8pd3/tXf6vdJ/tNf4y/9rX/hP/rt49/5r/pbfut/7Cde/ONbr/+OP/W//T1/3a2/4v6D9a/x7R/8y89/4+98dvrb/oa/8eN/+U+482/9br/8r7y++K3Tk78z/dde/Q2/1Z/zt/9tf/Af9zv8jQe/6+rf/i/++D/yt/hD/oblX//3X/3av//v8zO/zh/6z/xvf+D83/rV//3v+n//Gv/U3/j7bz39RX/gr/F//Tf/5a/4G/+mX/qbfP6f/x9H/+pn/8c/+n//Gn/y7/e3/Bn/6H9z+bcRB+78JX/M1q/R+f+v/V/+pv/O3n948Udnf+bvdLb8v3+Nv+Sv+hs/+kP/t9/07/jk3/0Hi4O/+Q/8K8/+7b/kT/oD/6v7/8lv/ud961ef/51/4j/yh/2m/8vDf+8fa/6VP/XX/u3/6b/62W/3n/9Bv/Av/Ju//J/+1b/p9/0bfqsf/Dmvfsdp9ie+OPhrf8/xw5948f2/f2f3yz/tu9/6t6udP/8/+zN+/b//27/+/aNf47/6Nf6K//63+ld+wz/u3/29/s4/5xf9J3/KX/X0j/9d/uzf8Nf97T76i7/9O/49f+d/9tOnk78r/df+guv93/vpR7/+v/jv/4H/1L/y5179X//tL332V/yWnxb/1y/6FX/JP9wc/Sd3Xt55+Y/++v/KX/ebnf3Tf/Wf88U/+4f+xF/wt/1Gf9wfU/xOb/6y8z/3j/k9nx7sP/+7//jdP/8/+Nf+l53iN/3p7z/57/6gT/6E/+LP/E3/m//wT39+8Jf9wj/9j6x//b2t/+xPfv5suv8H/9Gf/K1/3P/+X/x1f+G/+N/+xJd//J+/+51/9PTb//D/9a/8Ov/rH/YX/h/vvvtv/4O/4XT33W/6ndf/9u//f/8az+7/TP4b/Pt/9bcPf9XHv+qP+dXVP7zzf/6F/8jf0/7SP/kv/Nf+1N/nX8z+3D+NSPtrnv5WL7v///X/qP/rX3n5X/yHz//c3+U/+PKf+2N+1f/+u/7qv/j/+mW/6b/xD/yp/+dfkv37//E/+/A3+M8vfuL/+G//i3/r+uRP+Bf+w3/h7/gj/5HxX/bP/G3/++mv/zv9q/9689/+5B/2j/32+//Tncvf4ft/2S//hX/Vk1e/4G/L/sj/4C//b5//ev/yl//4/t/49/8av8bLX/c7v+Vf+fff+aP+hL/tH6+/9a0vP/nX/tXv/GY/+C/+pN/4L/+dt771e/7Tf9mvv/8bvSr2vnX8r/zJf/iv8ez3fPzHnH/r5d7Wv/3t3+Cv3vsNX/8zv9P//J2/efaf/c+vPvqF/9H/8tO/4R/6d/+ev/Xjf6r+Rf/KX3vwj3/0b/xlP/WDX/Xn/H3/wR+y93v8xO9fv7t+/Pf/Fv/0L/not/6ff5s/5C/+Fde//qt/4Tf7pX/6r/wFf8bfu/+r81/+x/+Bf3q++2f8VX/JH/MHJVt/Se//j//F//Q/+wXVH/Ib/t+/Rp3/Hn/pd//Zv+Mf/XX/yMV/+G/8A3/r//Yv/y5/9n/0G/4P9/7O7V/1yXf/6b/pj/vtf/2/4jdefJn9lt/54/+L36b8Vb/kb/72b/3lF//aX/y/7Hz5C/60X/7j/8pf9+S3+u3+iX+l+Gd/m2//O3/ef/GX/6b/5PGLs8tf9sf8vb/FP/N3/FP/8V/5m3z5E3/c//rfvk5+5k/5H/77P+5f3fo9f50/58d+u7/0t/pX/40/+M/4fX7mH/sN/sF3//ub6Yv6+g/7C/+FP+dPePNf3t/68//+P/CnJr/Dv9P8z7/6Lz37X3/93+V/+af+rzf/xZ//J/6B/8af9i/8+//gn5/+a3/1erGf//Yv/6Df7uK//snf7jf+99q/6J/6Jx/+8/t/zujX/qt/4wf7f/df9Ov+Wn/Kf7P9L3z6G/05v/5f/8nvcfS3/RHf3fmTmv/87/ilf9of8tHn/375g9/hb3r4X/7v/9rsz/sL7vzeVx+9+6d+59/gt/7q1/7rXvz+D3/Zb3Lvv/6Dv3v21/yrf/eIZOBf3X730d0H/9i/8Vf9e//D33v8v3/33/1f/9LF33fyL//6/8vf+Mf8A7/DX/nn/qefPZ7+bv/Bx7/8b/zb/+Pf7o//A//93+Wf+Zv/pH+SlFf6W/3E6a/R/X/9u/zWH/2yn/n1/9o/8X/4h3/8l377X/9ffqs/8L/9K37BP/t/vv3v/sVf8I/+l+/u/dTzi//zN6n+z9/mX/+f/9Y/cfy/fvV//B7f+lf+gn/ooz/4z/mT3/1lv+6b/M9Kfp0/6gc7/8df++aj7Nmvm7b/5H/wf26N/sL/4P/81j/9N/2nv+df9hv9ZX/S77hPc/idn7rzB/2Rf8zz//1f/fv/hd1vX/6B717+Gg9/q+mv98f/y7/83/+9/oHH9b/2Bz3/z/6VP6H4rf/Tj5N/9OjP+kv+2D/ob/uJf+WP+TXu/MZ3f9U//7u++4f+4WXxa/xLq+KPu/6L/p5f81f+g9+ZfucPmv2d//Wrf+tf+c3/6H/+u9U/cO/Vn/3j1d/zq36Pk584+xN+058+/Z1//X/47/rj/8k/4Zf/47/LL/tf/vr//Q/+/ed/1T/0u3znf/vV/+sf+Mf+c//zv/8HP/6PKnI8/o1/4B/+rf+4f+intv6Sv8y4mf7/f6N/8Lf8K/7vX+M3/m/+6f/zvz37I/+vg7f/yd//7fJfP/+1/9a/6/98+9//9dlv+F//tv/0v9n+Fr/G7/Ef/cJ/4Bf+m9mf+quf/a/zZz/1yR/9W/+pf9ev+qP+rz/9L/t1nv41v1vy4uC3+vx3+Ss+2f0b/qjqV5S/6c/8Mb/uf/3L//rxp3/8H/SH/Xm/7u/yxz/+/E/9Q/+Ov+XX/WXT3/F7v8t33v395R+QXB1Pz37X3X//8Hda/Pj//uYv+hN/6p/93r/x+Df7RS9+dfbr/w+/w8/8U3/u7/D0X1n+9n/df/h3/Hn/yx/x5/+vf+m//RsfzX6b+0/+6N/69R/8p/4Hf+Z/d/Jv/B7/1L9x8vv9x83f9D//nv/g0R/2E+3v9Ff8k//WP/Q//IV/8l/26V/wx/8u/9nbj//7//Jf/ge/dfIz/8Ef/yf+5b/t8T/zz/7K3yb/zsHsP/4jf8NXhz/zr/+Z/+u/8uWz/+Ov+tXF//BX7v++D7/46Jf8V//+//j7/BH/0//9a7T/UvWb/srf+Bf+k9Pfa/UP/wvN5//2v/5H/Ef/zL3f5699d/kX/kn/11e/5e/3J5P3+O/+L3/5P//vjX76d/ylv/pf+9cWy1/jn579df/oL/4nf4M/8FvT3+83qv/6X/Xq7/md/+y/4n/9b978x3/mn/zm9/njvvMn/83/1d/3r5+N/7T/+9f4tS/+6y9+2Z/9R/xbH13+Sf/7H/PFH/zf/N+/xt/6px3+fRfLf//y3/1tyPL80b//7538qj/1f138Hdl/8m8f/8M7/85Oefl//mfn/8Cf91v/aX8nGZhv/Z5bf8kf82t0/1/8Gv/l4z/09/vsP/2/f40/9OXbB//qT//Ub/1P/61/35/0Z7Tpn978b3/qn/B//vo/+F9//T/gj/rn/r1f97e//8v+wX/s7h/9g7/8//obP/sz/tTdv+Vv/TvPn/ynf8p/tvry93y28wc++qt+4X/whyz/yT/pf/sT/plfdvJv/A1/29/7K37y7/6D/5g/4yf+4X/0N/8L/oJ//c/7U3+PX/KX/k+/9e/xRz3+/Nf+b/bu/Q9//9/1e/y3v/vv9p/9eX/e//rZL/t97v6Nf9z/fP5r/O//96/xK/7a7/82f/yf9qee/0V/+j/49/2Df9Jf/dtM/sA/+g/8Xd/89evvFZN/7k/+26q/4M/9sf/rT19+8u8f/Hn7f9gf+A/9xvezw79k9qf9CX/DX/hH/Vb/969x+H/9OZ//72/+5n/vv/rVv/TtH/x//xo/86/9s0d/9B/8q//z//Lf+Wv+2b/7wS/5Y/7Z3X/yt/jH//dXv+Ef8X//Gn/Bn/x//emrL/7Syz//9/jWAwoeftm//3t8668//MP/mWf/yZN37/6p/z356s/+n/+5P/mX/unVP/8v/y+//r/zW/3S37r+HT87yn+9O39p+X//Gn/hT22v/ou9x7/yX/wtTv/E/+03/l3mv+j//jW2f8v/5af+zUf53/Uv/rP/5N/0V/yxv+Hyzy3+l93mxz/+71/8Hv/5X/YH/in/8v/6d/4e/8Rf+Kf8G3/zv/rf/yH/Zf4bZuV/+A//8+Nnv9N/9U//tnt/wZ/yOWH5N/5vr+7/a//QL/nf/u9f43enmODf/tW/7t/1L/xm/9dXH/3Xl//Ds+n0v/9jPvtzf5O2+eevtv7Tf+7VL/nTi79w/qf9iv/y//o1PvlLFr/w3/1s+vp/+Ide/fHf+jUJhR//v3+Nf+CP/N/+lf+M2v4FP/OX/skUspT/+LN/9Yt/8+0f+B/+zf/Xb/0v/wN/9m/wH5399r/H//ib/s9/1X/4/I/92/7a//vX+CW/6f/8F/9DP/NP/Zd/3L/6m/zM3/nj/9ffDcL/3f/bL/mfftlP/c9//R/2Z/4Zr//xt+Wf8mf92f/+s//oyV/9H/3m/9e/9Nfd+yubP+xP/t5/1fyfb7/3e/4bv+Jv/I3vfPGt//k//qP+5voPy8/S3+g//Z9+6/Fv8Xf8of/F5//KX/ib/B8/9le++/jLefnLtv+5v/C/vZjU//7hb/F7/lePfvDdySf/4v/127z77/63f+Df+b3/hr/4f6n++n94L/tbfrtf9C8e/5//8ff/t7/h4hf/N4f/3k9FbBb+f+e/+ev/1t/r7/uZ//Pf+n3/71/jP/0r/oGd//kP/4f/iP/wJ//83/uv3f8ffs1f8N81v3/+7g/67/+l9Y//12/vkFr6jX/my/85efn3fPEf/urm7/y//vCfOvmPy+//xF/4F/9Xv9Yv+0cufvI3+DV/i9/uf/lFf8aPL3/Jr/7X/8Pf8N3vt5j+3v/q4i/+4x79e7/Tp//JwcHHf3/7S3+HP/Kf+d9+/7/kbzj4C/6TV7/k/3p6/1/7mY/+tjv/yV/77T8r/0/+7L/ls6Of+pfvXv5H/9n/OP2p//Q/Hv2vv+jP+FNf/MF/0C//zSnUm/z+P/Pw3/tN/4/f6yeO/pg//Vf8eLr8S+//tv/2X/zx0U/9l//12U/+D3/06pf8i3/C//gzv/5vVf5D/+5//3v8D3/w7/Nbvtv99Z78Eb/LH/U3/q2/4nf+LV/8g3/cX/+v/22L/+vf+PVO69/2L/yN2n/6f7j6x39R8zv8KS/+pX/2T/w/f70/56/+9f+e3/qv+Dsu/pl77z77g37Vb3jx3775hf/TX//v/ZIf+79/jd/jj/8ll//3r/Eb/m3/yz+4/c//E7/k3/4D/7c/52/4pb/1v/Nbf2v5l//T//evMf8D/+f93+9P/s7ro0///n/1P//b/vS/pPkzf8E/+Pxfb//uv+fv+PF/9k85/bX/5T/+B//iP/EH/thf8Uf/J3/73/FHlH/kn/hw+n/9M7/6F/+bv+Yv/FMf/v5/5tvkj/wFf/P+q7/nX7v8w/+T3/Av/iW/1dW93T/8b/lN/pMvp7/fH/LH/tqf/xe/6q/68V/xN378D/7Nf86vn/yWe7/gyZ/wK37H7//+v9vh989/89/kL/3xX+tvuJ//zr/gL/nTfsvDf/dP/K2Knb/3zvnBf7Vz/X9+64/4S//Tw9/7P/ld/u3/+df/U//uP+AP/Id+8rf9Ix8/+t//tVf/4n/x14wufqdf8dknP/m7/Fq/75d7v/vf/4998eN/08uH/+Xv8Yf/gn+lyurj3/r1P/F3/jdnv83/9Cf/D3/b3/if/v3Px9O/8w9/8Xv8vf/3r/Fv/g1/7Zf/0+d/5B/2m/w5f8E/sPgf/tPD7++tftPf47/7Hf68/+13/Ef+8Hf/88H/8S/+37/G7/iX/od/x3/yK3+Tn/xnX/xr93/x7/YP/urv/yN/9otv/z6/wa/9x/3P//y3/6/f+V+7yqrlP/g//tcUs/7vh//xP/CH/sff+wN/g+/9o4//5X//1/mZ0T92sfp3/oG/9vu/+b/0M7/Df/lL//X/47cCJT97+Xf/hSf/+W/wM3f+un/v3/snf+u//1//V/+p/+63/vzPuf74T/z9Pmn+r9/6//iffs1f8Bf/J83byz/wP/8T/s2f+V2e/DPf/hv/0vtffPL0b/lXqot/afob/9LfdfVn/Rq/+f/yF3z+a/8Dn/wTy4/+mP/kv/iv/pIf/yv/mXHyJ/4nD/+p/+OX/Tm/6A/5U/+l4h/4K3/zv/p/+13+sb9n9k/907/kk9Otf+7VX/d3/z6//t/4G/+Tv+Bvf/3Fv/Y//ne/4nf57/749je/V/8JL5p/9288+iP+gT/1f/tFf8U/evUX/Yu/8X/zV//Nz7f/lukf9rj9nf+uf/zdP/nf/8Z/ydEf/p98/xdevfzL/6Bf40/88j9489//L7/lv/5v/fI/8N/+j/+Y/+3P/ImTf/hXH87+wH/oL/0b/8Df+ZP/8n/8g/673/KfePCH/up/45//v3+Nv/if/P1/zz/mj/kHf7PTf/83PP2tfjKPBWa//dGdxV/w2xOs36b5A/+rX+8f+F3+N8pw/M/bP/Hv/+V/EonkP/IP/Fv/87/2F3z3D/3b/4z/+9f4K8/+wV/+6/2Nf/T/9dGdxS/4bf+bX/sf/G9O3/6mf/Af+9cc/v2/66c/M/6f/oof/G3/wh/4v/xO63/p//jxv/vf/U+/958//jv/nX/vN/2nvvvb/sX/zbM/8I/4d36tBz9WHf5V1f/2ayX/4P/0z/7ef8xv+kfdu7P+df+GP+9P+Pyv/L9/jZ/6G36PH9v+Bf/9//zr/5NXP/XJH/v9X7j1F/xnO7/F3/Z3/yP/07vf7rMf/OSXf8j/9bv99INH/+C/ff/v+u//nH/935/+Xn/WWfr3Tn/DP/VP/H1/6W/9x//Pv/aLv+fv+ft+8d9/5+hfG/9lv/Hqj/4z2t8u/e9/4s/75b/gz//p3+XX+a9+yz//J8Z3/6O3h9+enf2p/8Kv+/0/+9sH/84v+vd+h1/6Lzz+C/J//xf8p1e/+Nf9y//S7/++f9e33yxHXx7/Po/+8//993/36j/5b3+vP+3bv9tXu4+aP+9P/7/+iL/17/vys7/gr/5L/v4//F/7cvtv+0/f/qrZf/Zr/vL0X/+Fv/j7H//H/8ef8e88/fJ3ujz7LT46OvtH/pbf5D/7C/6Qv/k/L/69P+Nf/i//jT/pf/uL/8vTP+Xw7/tNfux/+Sf/t6/+zH/18e/zu/8L2R/zH42bP+Uv/D9/+u/7B3/HX/5vTd/8Bf/Yr/pv/9H/8k/46ZP/+d989uaf/vZv9r/v/0U/+Tf8ZX/vb/7P/L1/QfY//xb/zH/8P/4N0//5t5//Db/153/GP/8P/+o/9P/+Nf763++X7v+3v+73/4lf/hf+Yz/5L/4Tf+Hv9O/8b3/nP7b7/d/nP/on/tq/bVT+jh8nh7/kkz/q7/zb/vXq9/xt/tc/9Vv/+9+y87v8M3/mZ//BP/En//F/xn/5vd/5f/jz/7J/99/5Z+f/4v7f+2d9+u/9lv/UP/k3/v3FP/rX/L6/zz/+O/6xn/zV33/47/xmv9P/9bf/M8Uv/W3/9R//+/6I4p/7xb/Vn/Ldo//wO//dH/ev/uPN3/Lyt/5f/4df+3c+LX67X/bTv/y3+vP/ts9/61//j1r8EX/5+nr9G37yov5rPv/kH/pv/8W//dNf9o/9Nn/jj+38kx/9e3d3/4Ff77f6Xz/7Jb/o+8//naM/t/4nzv67f3j5V/4m/+iv+h3+mb//f/r+H/7P/bv/ff6Lf9H/+S//Gf/X+V/6b39RHr37H/7xf2X/L/wNf///+r9u/trf/5+5+/v/whff/et/n+o3+d9+9z/tD/6rzv7Vv/qT/+v+X/AX/Pp/7m/3xdNf93fe+0v+jN//1/59r3+L3/yv+kP/8H/h0z+h+KvO7v5h3/3iv/oX/5Jf+lu8O3z+9/5PX/2tv/d/8Hf/nb/p//K//B5/1z/wr/97//B/9M9++8/9L/6u81/wh8Hs/ae/8cf/xN/577z4c3/Bn/32F42+/LF/+N/9E779a7T/x7d+xT/4j/39P/njv/pX/9v/8P/w7V/7d/nLn/yZ50cn/93f+h//3r/mb/xbLrJ/6b/4m5f/12/3X1199w/86T/nX/j0z/vz/7mTT3+7//1f/xP/yD/nD/nf/tB/5M/56l//J/+c/+WL3/Ev3G3+tv/4n/kVv9Pl3/Bn/LKzP+b3OvvNDv/EP+0//Y3+wH/ir/zz/8PVd/7Jw+0/5L+u/6F/7Nf5O/7QH/sdLn/Pg//r9/4b/8Lf46f/xt/s3/5vjz7+V0Z/3e/2W/xZv9Xykz/k3p/96/+N/8rf+/v/CY/+yf/jx/+D5Bf+6//5b/vsy9Hf/F/+drPf+Zf9N2//kf/jx//if/Hq9/hf/4W/9e/+o//vX+Mnf5f0L/hV//1/89N/zn9x+Vv8D7/4T/yHf5sf/yf+h9/0F//k//1r/Mt/9O//NPlV/+h/9M/+yf/pP/5P/+p/47/8v3+Nk+/8779n8tU/kP4J/zAJ/GlM4H+nv/Mf+yf/7f9o8Qf87//ud36P//mf+Bv/xL/vJ37Nv+9/+hX/yH/5f/7ev/Ff+G/+79/9N3+X3+Yv/Gf/p1/wV/6Pv+Wf+H/8or/2P//Jr/6cf+Pd753/1L3/449ffPH7bf/Y3/8T/+J//eDeF//T//5P/GO7f9Tv+E//9rPHl1/+T7/ir/8P/8hHv+ef+0/8T7/v3/5v/hl/84t/5r95dvUzf/8PfvW/+Rf837/GT/++3/veP/1X/l5/4d/6j97ZXb37z/7A3/Nb/+uf+J/83X/bf//6v//2o797+sf972/ufPTnHP1XX/7YP/o7/ZH5v/qb/iW/0//9azz6k/+P+7/jdP1v/0P/VUJT+N/+Y+1/+Mf9m//Ov//v/c3F37nzl/2yP/CvffaTv+AP/av/ob/hD/29/uf/4G+tj/7pv/rX/p3+o//0B//lx0e/6lf+1n/d9OFP/9l/6i/6/m/6E3/iP/on/Qm/7r9cLf7B//MH/9j//C/8UX/GX/Cb/OuzP+H6wW/1cvdP/qfXv/JX/hXvfvBLXvzH/8vf8s80//6f9Sf/H//N7/FH/aZ/7cd/+N9+8D/82b/Nr/3bHf6TL09+rcP//Q9+/btv/w33p//Jn/9Tv/hX/4b/9OJv/J3+7Jf/B0Wo69/vt/6f/v0//z/4c3/nf/9X/SkXf+r/dvzjv8vf+Lf/on/xt/4P/sp73/7V/+Xf9Yv+7j/26Oz/OPsb/smTf/3P+ezX+xf+g3/+f/33/9b//vAf/od+p1/5H/3g6i/50//G//F3ePHfPn07/iP/iu/9N5/+E7/jy9/0P/hVf8L1r/ODf/P4b/uNft3T3/Nw6x//Rb/yf//b/4U/8Q+s7v/qf/IX/aZPXv8dv+h/+On//h/840fLv+Ev+Tv/+N/kv/5Nfv1f///4JD/4Kxd/3F/+29/7y3+7+//iu7/w5dvf+MWv/+3f6J//m37R3/s7/4t/81//P337s0/+nP/5j/vi/n/3vd/pn3ieXf0m/96f83f/HX/GH/aP/uK9v+Z/+3P+03/gz/8T/7ff5f/+NaZf/t+/xh/2l/xnv+mf+vzj/+vX/79/jX/r3/wD/sLf4A/67X/JL/0v/4S/8u7/tf+rfulv+c/+Vue/1+/8g+//Rxe/xfLHf9W/+Xv8bX/y3/rHvbj7f/0Wf+8//p8Vf/yv+r9/jf91/6/8x6/+89/nu2fNn/R7EsP9zX/DX/V/HP7Pj579zB/7z579knu/3f/1N775y/+n7/6Jf/3f8i//u9/7zl/6F//7v93/VX31L/z3f+9v+63/brVXfPSv/PPV//DX/8/1v/Lb/3a/5b/0m/9f95f/w+/xG//0b/tiMfnT/9J/+8/4p/P/46+9+P3+p//xj//47/xf/ob2n/q3fvN/4RdSovuP/Rvy/+OTv/H3Kf7Uf//3/T3/jv/6N/2f/sdX3/vj/tef/he++Pgv+Zf+sr/vX/zr/69f76f/5t/01/mvf5sf+w1+73/tO7/537n8J//H7/2h/+Tf/4M/49f8Bf/6L7v67/7hX/zu7/ju5aO/KP9TPv0t/rHf7r/8z3+dP/VP+Af+kn/gT/rj/ojTz/6of/7p3/kv/an/5NHj/+33/W/+gd/mX/utf6vlP/Wn/yb3yN3+rf7C//z3++3/40/+4V/yH/9ZD36jxx//s9l/9Xv+Lv/p7/8H/G9/xj9892/7p3/iH/rx5c4v/i/+gSd/xD/5q3/tf+Kn/o0/6rtl+d8//r3+3V/37/hf/9P/7e1P1//63k/9V1f/4a//71Z/4uJ//g9Gf+B/+t/+/r/Xv/nP/YU/9r3qT/jv/v5/83f53/73f/NfnfwV/+A/dvDfUVJhEk1R/yP/x8XiH/g1/4Ff+U+Rv/tT/0D2N/3xf8N48sekP3X2G/zx3/3X/oJf95fc+Z//nS/v/kP3/rj/5V+hyOBP+Nvf/R7/6C/+/f+O/+3vfPHH/dXpp7/sT/xfr//6//rw6Z/5d//S6g979O/95Je/6BctLto//s9+/Pf/ZX/LH/ov/tLf4//86r/45/+i3/v3+/f+qT/jX/78N/vj/vv613/2Pzz6xX/M//5/NX/s3/1v/47Jg4v/+p//mX/4r/mnf8P/7S9982f865+e/O7/6N/5N//Kv+bss9/uT324eP2PPPuXf+N/4c//8X/0F/0G/8Ff9pv9mv/kv/Tdf+UP/I3+y7/jf/7yD95f/OR/8rv/6p/+e09+/A/+lX/zJ3cf/ov5b/2fXd373f+BP3Z9/1/85/6GP/wX/V+/9E//7//AX3v/9ykf/8Z/xclH//3v+B988Vf+X3/P3/1//W0vvvWb/p5f/rnNv9b+u7O/429/evwH/zH/5T+wNf4ff53/5ju/xq/6Q36TH/ySX/E3/E2rX+NvfPy//e1//fGv94f+Vb/PP/87/aOT3+2P/11/7Yv/8Lf77f/F3++zw3/jN/83Tj/7E//Un/n8f/3+7/h7/QWHW4//3H/l3/3ewX/6Vz6//Kv/8r/jD1/s/7PFrzf5tR/+yn/6r/k3/51P/+r/5J/9F/+OP/l3/sv/1D/+j/rj/6R/vPmTvvz1/81/829f/ztf/hF/+2+8/F//yW//7fOf+Y/+43/2n/q9t37f//Rv+uzfuvzrf/U/8If8A//k7qd/cr77b/011//VAUVto//j4N/4N/+kv+/yv/wff+2/90/Yefv3/s//5h9y/zf9sX+v+GX/wT+//Df+x4/+4//0/OA/+8Ff9Sv/mj/lv708ny/+kqu/5+/+RX/4HzP6bf7T3/lv/WLr7z/953/3v/no3/hP/u4/8bd78eN/3x/3m335T/0mv/6/9m/8te/+iH/izn/2R/9jf/W3dr/77Nf4rf+A61//z/kvH5/99b/nr/xvf/H53/B/Pf8Dsj/oP/vP/vff5Qd/9T99/+/e/WO/fP2v/Lv/yb/5R/7kyd/z7/z3f+KTX+/f+bOPfre//H/5Tf+7xW/ynzz/Fdf/65/2u/ypv/bv90v+yn//f/tTX/9xv+Pbf/4X/vu/d/unfP4b/9+/xl/05/y7f/P/9Bf+MXf/7Z/84g/88nf+J//MH//N//d/8vf+1X//P3//0+X/8b3/pPgPf5v/6b++/Kv/6//8n/pN/6tf8cWv+Bd/69/r7/79v/qjP1/94f/Q7/LX3yVp+81/xdFHf8s//SvIAfyf/563P3P4P/8av/o/+Ohv+S//rz/nd/m/Hnz3n/81f+rZb/rH3P8Hf7P/+ief/M/r3/rP/iP/p7978nv8WX/DvZf/85/wt/7V//bj7/7PT/+vi38v//X/8//j3/1vf78/8a/5md1/42//DV9Xv8cfNfpzfsF/+s/9Hv/H8q/+6f8g+QN/4/mz7/25/9svfPcH/ut/2ORk9eXDn/h9vvPP/1ev/pb/sP43/6Hf/7f66S//039qtP709W/1N19/59dr/umf+G//x9//9/93/qR/6W84/EW/6rv/5L/zm/5hv2L7k9/3X/77Tv/Xv/b3/1v/uv/57/3Wvd/mH1p9+dU/+T/97//mv/6//35/6W/2r/42xX/2G/y5v/WvfPA7P/vp2R/85/ypf8N/9ef9gv/kH/i9/7d/ffp//pn/82/4+b/2L00++bP+sPEveTGr/qe/8S/+H/6P6V/6D33nz/7n/si/8p/+Q//Pt//EPzj/w/+E//Yf/m3+nb/v1/jT/86/Z3Tv31r837/Gf/fX/EX/ff37/Nn/07/5K4+O/tV/cvEf/YHkEf95v/Mn//n//Wv8uv/A//jbF/fu/vvXb/7Q//af/yVHf2H7S7711/4f3375O5PV/d3/8IjV/QXf+9XHf/cv+I2e/i7/+KP/+9f48d9v/T9961/+y/7Nu9Vv/wdeLX6zl19O/pn/9H//7i/+1Sd/5//x+tO/9v/8r//N//3f/J3/p0f/679e3v9rL/6cg7/i3/9tfp9/q/nn/qz/9nv/8C/+M57+s1+8+Gf/iX/nz/xfr/7QX/H2n/+3/qRf96sf//f/td/lv/z9H/7Xv+c/8A99+c//h//t7/dv/s+/9FeMHv/al3/j71b/2J//e6Z/wh/47k//j//37X/87/vt/5Tit568+L1+y+/+zr/b7/4//fnbf/8f+r/9of/4o5/8I3+D7d9g/ef8kr/vP/41/53mT/gL3333X/8Hfpe/40/4D/7p3+b+v/PX/Fp/8H/9J3zyj/wDv2Zx/j/8O7/yH/9tf4OT/+C3/HX/ruxf/k3+1T/5f/sr//Jf8utP/tzsJ/773+fNn/4rfqev/tjf/p/8qf/5N/13fvwf+83+up/6pX/873jnz/jP/90f/HGzP/wf/U3/wP/4b/zpv6ca/7Z/4On9/+X3+Me+OPnV3/tP/vT/9J85+732/+3f4S/4J8d/2f/11f6f8Xf+jtOPfvdnu//k7/nrvv2Z0Z9x9g/s/5M//aec/zp/y/hN8y/+ub/L//ZvvPnd6l/y6//Wf/uv/vTzv+wf/93/wz/m/id/9H/46uEf9Nf8Y//cX/OX/bXrX/93fnP5N/wx/8u/8o8dv23+vV/64//b5b/7+/3Li3/lf//x7b/97/tnR3/V3/1PH/8pP/jNfvD6Z+7/pe9+v39i629Y/HWLxe/5a/74n/L7fPnZ3/Tgt/zn2//1wd/xg7/8T/5z/pn53/C7rj7/Z45/53/41/9f7v8X//ev8Vvvv/3eP/XX/yff+1X7/+lvXvzan/zWz/+Pv/Jf+03+9X/yzu/z/T/nH//+v/W//IW/Y/En/dS7//b3/cP/kpP/8vmvvPMn/Df/y+6v893f/q8//Z1+6q//a/770yd/aPrL/5t//T/8P77zm33vp49+m3/gj/mvx3/KL97/2/+M/Mf/y/l/8qv/yT/1X/tzfln1u/x6v9Nf/a3/6+Vv/+v/lf/c27/iN/nl/8Mf/af91J/8V/3Tf/nZn/rj/+5/+X/9A58Sd/xe1cVfufz3F6u/5p/847b/2d/l//xz/o5/4Hd813zxrz/+9Hf710a/y7/4x/8ff/9/8fpX/wu/6v/60//ev+b/2PuXfsVv9gv+g+/9sb/9r//s7Lf/g36P3/Mf+Qs/+99/wz/z+//C7/lf/1f/2OT3+XP/vcPf5b/9cvELR3/I7M/71VX1P//1f9n/9vrq1/4D/+L/7S/5/j/wJ86/97v8eX/av/1//Y7/2x99NP/7Tn/Lv7H8d79FDP/L/7W/9P/4y/62X/3n/YV/7OIv/OJf/nP+h3+h+Ev+rN/p1xt9+/988cm/+Lv8Yz/4+/6O/+Uf/kXvftnn6T+6PCXl+L/+zp//x3/lH7X+HauPvr/8D//Zj//0rb/w//j+H3D2P11+/+iTP7ta/95/+Z0fm//Lv1n9b/92/9V/+R/8zX/V3/3n/yv7f8Qf+/pfHP2KP/7Lf/7v/KN+v39q+vv8tr/B7/kr/uvff/G/ffkTf9O/9vdt/5Xf+2++9V9++j//Ef/Nw+TwD/nkv/gPf92fOfx7/tW/8V/96u//xb/Xn/UvLb/9/X8p+4P/oz/5T/0L/oI/vfnH/4HxX/CvTH+Nv3f3t/6nfuzX/o9+k7/gT3v26Bf/I8v/8eS/+rfHf99nf+Xf/Sf8dtv/7B/3f/7X//Q/+W9+/Mf8x7/0F54t/pO7v8H3/+vf65dk53/r3/Hyn3/0V/2Lv/OP/a+/9S/7P//CP+ZvP/xj//O//dmf9/kvSn/Te393+Ws0/+H/8fbf/6UP3v3Sf+MP/CMeNf/1//jLnvwxp//c9Lf/nf64P+93+QN/6u/9K/623/2XffxX/6M/8zv9/df/Y5v/Wf/Ft8e/zd4/+hf/l4+/+2/+zf/nP/zLf+v/5eN/5N/6S/+QxW/07Nd7+s/+Xf/7n/fn/O//w+/yK97+X//VX/3X/ku/6N//E/+SP+aTj/6QSDL9N/0F/+df8p/923/xv0U5zc+O/8bf5X/6hX/kX/Xf/P7/zvT561/9N/0t/9Sv/kf+51/2C/6zH/wOv6L6d774X//rv2f2S/7Z//JX/A0n/9C/+bv8W5R///u++9f8p//Fu//0D/5N/+5f9tv+73/Mf/MXf/Uv/77/1T/z19//ifpv/Wf/j69+yfVf9x+e/RWf/Yp/9N/5d/7mP/5f+qf+8au/+h/+Tw/+m1+3/v1+9z/xv/tH/tUvf9k/8+u//B9+z88e/s7/wJ/+r/zXP/Hr/mHf/k/fHuz9U7/k9/7j/sJ/42/5Pz77td/+X7/73/UP/hm/y6N/43f6S/7Qf/Vv+EX/4q/+1/6a36MYL/+6v+tvvPgFX/0tR3/b//Q7/wt/2N/zC/7M7D/+b/+pi7/t73yy99dMH/57v/g3+03/wO/88n+2+dV/8x/87/wDu//6/t/8l/1X23/Df/V3Vn/l7//kP7z88b/99/4D/rzf6Tf6Fb/2P/jT//b/dPXf/6Z/w+/zb+8/+vN+8t8c/6W/4Y9/8qf+h3/jv/j7vPkTx3/cR7/qbz/6W//+f/pv+zN/7d/jzv/11f/8f/8af+Jf9Pb3+GO++1cuf53/+T/7pcu3k7t/wi/Y/jer3+/woNz+63/P9Oif/vX+0z/h1/8P/9e/8eB//hv/2PUf+xf+5t/7/f7b1fd+wz/qb/mz/+Df+9f77X7849EvKf7h/+Wv/RP+zYs/4HeZ7e38Z9O/vvlzfr8//28ofvI3efzwr/1nf40/8794+wf8d3/Nf/lXHvwBh7/J3/4b/Q7/wV/51/4+v9+/+Bf/23/24q+f/sb1//knLX/tf+3qk1/1b/z7f9hf+7v/fXunf9Jf+Sf/qn/j//rvv/gNzv7x3/kv/O/+w7/xv/kL/53v/hlXv/HdP+NP+Ksfb/+uv+tv+Dv9D7/2wX919p9+9nb6v/6VD+7+Nn94Vaz3fyz9C/+53/vf+6t+0a/+6y5+51/8f60//49/97+J3O7/4X//bx7/If/Gf/bP/Pp/1Ve/9i//rf/SX/2d/+jsP/47fvyv+fLf/K9/6+afefRv/Su/0f/y5/5P//V//C/+pj/1P1zNmj/+nzz4Vb/t//Gtv/FP/D2L//U3+/bun/Dr/2v/+h/1N776L0//+H/zN97+4/7Kbx3+oX84pbn+0v/k7/3lf8a3/8e/7nf/7q+VHj/8VS++/P3/hb/iD/2Vv9vf8+/9j/9cdv2v/jn/9j/+O/8Jf+7//Lv8nv/qf/en/IZvf6+/+Xf4jX6N3/wf+r9/jX/pW5//b3/l7/TX/06Pzv/Me2ef/Dq/6Y//9y/P/qH/6A/+qbP/6T/8xyf3s7/m9/7vsr/wVxW/z9/zf/8a/8j/+Fv9fv/WX/eL/ps/Y/zf/Lv/0O/4v/wG//Uf82/mf/d/+e++ur7/F/5m/96v/V/8fv/o8q/8275z/Lv8UT/9V3/y03u/cPZv3m3+q7/ln/o9/vrpP/gHH/34v/Xs8d/6G/8zf+Ov8Wv9e//XX/LXfvqn/8+/ya/9R/9tT37JP/y7/B/f/30vfpO/6i/4fa5G7/64//Df+a//lt/3H/3rfvrXOj34p/+uP/B//ht+k9/0N3v3Z/7Gd/6+v+svePib/ZX//Ce/4P/67//771/+tfl/+mN//U/9O1+k/9RvN/uDnn3+f3326n/7/f+Rn/pn/u2/7rf9HZq/9E/+E/+8P+TXP/on/pLLP/Vf+tv+ur/94Hf8409+vz/sj/hTX/79T3/pP/If/z2/dP3v/G9vT/7mf+Bf/eK//1/+vn/1t/7d/rY/7rf7L/+C/+wNmeA/4m//3n/77T/iz/8r/tk7z9L/6G/8ff/Ptx/9p2f/89/+l/+Nf1L7q/+qv/4f+oe/Wv+T/9cf/vp/+mz9O373p37nf/yv+pf/+/b81/oNL1cvzo7/5H/1H/jkX/nr1v/tH/ib/R+/zt/zvbd/4N/29/8F23/Z7/uf/kZ/yd4v+pP/r3/pb/yz/px/97t/yLf/o7/nj5n/Fs/+id/nj7j3v/0Ov/xP/HXf/Rm/7B/+cz79a/+iz/Nf+Bf/zv/pb/vv7Tz5Xf6kqx//1X/Bn/9f/Wl/3p/xR/0F31tv/x+/+7/20d//9/9t89/kJ5Z/5q/xX/4xv/qjX/tX/1n/969Bq5L/wLf+t5/4K37f/+rP/JPu/zv/3d2Df+R/b0nr/upX/+af++5P/Gt+0//8O1d/y9/1Z/wP/9jfRmvi0WjiP/79/7a/7S/+A/+WN//rv/cf/sm/9X/xSz/+1/7wf/Af+T9/l2d/3F949N/8F2e0iLeePfv9/6U/53/8v3+N4lf/wb/Rv1Pko9/m4Y/92n/Dwd/4m/7rP/P5xV/1L05+fPRn/B1/8s/843/Qbz/5S3/8l/3Uf/NX/naPqj/7v/2X/pkX3/lFP/FT663/7S/5b/+7P2fyvb/4o+/9FW9+wT9a/5t/77uT//h3/yv+wv/ov/pdnv9rH/8Of/JPHP7Rq18//Y1Wn/21/+Q/8Nv91//L//YP/ienf/+/9if/+H/95/zS/7Xa+dO//xf/LtWP/3u/ya/49/6Pn/yf//F/8Y/5H/+d//DJ3/tLjv6Rf///+Cvar/65v2z2P//3f8jDX/9vzy//83d/zt/+l//Z/+lP/Q9/+9E/+DOvft1322/K35xW1/7bX/HX/RH/6n/+6vj/+s1/1b/5l/zXf8ZP/uSd//wf/zX+rV/vNzn73f6vv/3X+xv/8u/98xej/+nv+Id/hz8j+6//4F/xV/zXD/7af++3+lP+pf9ksf5j/9nf7uhfLP+Tnb/y4f/47b/z6s/8lf/r//L7/b2/15/xq/+x9V//537ySfZX/I6/+p/6s773l/73/+Ef+suaP2b8t//xv+M/94cv/vrf7d/583/nv2X3f/83fuZv/Gu/9X/+Cb/sH/kLPvnb/6fLv/Vq+lf/u3/b3zP+y3+b3/3Nb5/9sos/7k/+P//h/+Dv3P8Hf+3/4K/79s989tf913/mD5o/8K8u/vPFf/PZ//pXPPov/r5/8eXf9Ue+/Lv+iH/hv/1ddv7D3+rv/o/+xvQP/PHv//l/+5//t3zvo4/+2d/sJ/7EP+PZf/kr/vq/9Lf5d/+zj77Y/heb/y3/j3/x3d/49/79Pj/6S3/r/+Bv/5kH3/mv/u3fb+/X+P1+zf/qTfvf/77/4H//63z0Sy7+kT/pn3vzt/x1v+rJL/lL/sa9f+WP+Mv/0v/tn336F37+r/3nP7H9z/2ix8u/+B/4yfU/9av+1u8/+Cf+wr/9wT/299//K/+kv+0X/Tv/2a+1+88++7P/z58e/af7f9bv/8Vv8lO/+h99efSX/69//9F//Nf/sf/lD/6EP/Lhr/j1/42/+Vf8ib/uv/dPXuw/auf/zX/aHH3vT/0L/8q/6W/4Kx4+/He/+/if+F9+t9/5x3673+nffP2X/s7f/6P+17/1b/njf/nn1V/x7q88+dv+lf9+8X/9B3/YP/GH17/dD/7U//bVH/iP/P5/2ej3K+/e/4d+l1/2T935+Ff8jb/dv5r/2v/o3/Jbz36T3+wP/lP2fvp//EPu/25/37/6E79r9l/8+G/2H/3B/+d/+vv8E8n/+nf957/wT/8X/ptf/U/+O3/E//o7nP/h95r/5W//R36z3+N//jfu/5m/6D/9XX6Xf+/X+9683G7+pf/8f/n1/7Offvhv/yW/x9/3J09/wV/3i774vf6oP/L3eEvpvX/oH//9/+Y/sX74b/+561/0n/63f+fe7/XX/bs//pv/CT9Gy5y/01/1D/zz/8m/+Yv+17/+p3/93+8/+l3+r3/kb/+Zf71+2vz4X/h7/kP/ym9T1vP/dec3uf7tf9lP/W9/wR/4q/6s32L/9/unPv9d/pyf3P8zf0H6d/59n/6Tv++fcfabfuv3/H1/p/X/9Tv810//qHt/5u/7J/+Jf//vu/y7/6q//G/4u5e/2W//O/6mf9Lf9x/9AfVPX/wGp7/vX/VP/51/1Z/zhz362/+9v6r6H2d//o//7n/TP/QHHn/v//rt/t63f+zhf938QRd/wO/xu/8Nxd/+t+5mv9FP//t/7PI/evP7/YJ//eN/5f7v8rf8fr/Zv/Fv/ka/98E/ce9X/N+/xh/0r93Z+mef/Dt/z+GvfvDv/oHlP/m3/UX/5r/xd/z66z/tN/5v/tj/46/9z959d/GvXf93/9C/+W/8Pd99tP6b/+9f46+Y/qpXf+O/9Mfkf83WX/J3//Oxdfnf9C/8PYrf9tf/3r/yr/1B/9CzX/Xr/8W/+m//j/+ev+CPX/yBy+mT7T/vz/vPv5v+hf/K3/9X/q9/4p9a/dF/23//D/33/8u/dfF3/k//5p/2WyS//H//7tPf4hf97v/+b/9//fb/2q/4H5P/+n//I/746W/0C3/D//Sf/0/+8P/gD/qd/vff8l/Y/dfWf/V/8sc9/aP+oP/8Jy7/kM//g1959Csu/ot/4tdMr36rf+Lk7/zLD/7xp1d/1x/7T/233/nH/tzf8Z/6n//8//V/+Y1+8X+//5//fn/a//XVH/nP/pMnv/yv/zX/vD/+V/yn//7/9uSTt+tftf2f/4EPf9s/41/4j//EX/pP/N3zn/jP109/8nzy6/0a/8Inf+m/9tdX7S959r2/dv8/rO78s7/r73Hnf/3xx79i/1f+m3/pp//46G/7o37Xv+cX/aEf/WO/5q//D/wGv9PV3/D7/PSvuDP/2z7+15/+Hv/O3/PZX/53/3q/93/yG/6uv/5f/Dv+XX/Dv/XPfPVP/RZ/1W/3P/4Jn/yJ/9Pf8Md+6/f9A+c//dvv/YV/z2/3P/wev/9/+f2feDr5vdJ/+r/9x6uz3+f3/aP/lH//3/1z//E/+C/9ez79Zf/If/L0T362+of+s6vf6m/5d/+D7//0R7/yzb/+C/739cu/6vf59D+a/oK/8t/9X/7KrV/z9/yJP/jLf/H5+d/+n3/xy36LP/c7/8hP7z3+HX7fX/ZP/l9/y/1/6v/4x/+A+W/+7q/93r/yn/59f8fs9/59//vf97//3f6n3+QX/W//5knzY3/v3/QX/Huf/ht/8u/56/wbv/CP/fX/2P3f63f/W/+WP+XHf62/4+Wf8uDX/IN2//x//+Cv+qv/+V/ya336N/+pf/W73/Qfu/x17vy9z/74v+eX/qqXv8s/uv69/6d/4U//T7aTP+Bf+t3/vD/27/ot/or/ZPcvaP7NP+df/tf+xD/2b//or1//Vh9X/37yz/wa/8eDr3b/iv/tT/o7d/6xw//yBxSff/Vn/u5//r+S/7Lv//QXv2T61/9vf+RPrv/+v+/v/Fv+hJ0f+w0f/Ul7n/1Rv/yv/u4/9Lc++D/+uT/jP/zD/tn/+9f4x/+N3+Yv/23+6r/yp3+zL/+a3+e33/4TTv6y3+Qv/QOfX/w6/9ff9s+f/OTf8uf8+t/b/h1+8fWLT//mf/iffPzLf+Lf+dN/9R/5F1df/cv3f+dPvvpD/o1/8bu/zx/2R/2O/9yz3+jX/Kf/0z/i6E/7J/7Wf/NP+8Me/QVf/n5/6P9R7N/5c37lP/Y7vPtj/pnf+w/4Y3Z+93/v3fl/+fFf+Xf9Df/xf/x3PP6jfv2/svqf/to/7OH/+i+9uPz3/pff51f89c9++//g079n8s/8oj/vX/3vxv/Zn/HPvv5zvnv36g9Lvnz5V17+ov/tu3/ZP/2XFL/u3/k7H/0W/9h/9qf+Dv/3r/GHz/7b/+B3/Dv+zPyf+PP+2Ld/53/+J/8av8bBwe/8N/+7v8ef//yvPvvk3/vp4pc//m/+ncM/+6N/7jd8+Pt/9S/8xu1v8+l/9/j3qP/Nf+EnV7/qD/69//O/5+5/+t/+5K/4a3/x3/J3/Bt/zvPt6jf61t7//Jv95f/CTv3ss2/9D3/4f/zv/pnv/st//Y/9707+/L/loP4/fvCf/c///U/8dof/1l+5/Zv8Gz/2m2Tnv/qf/HP+9//y88O/7e99/X//Gs//yf/lb/yT/tHz/J/6z/6CX+Nv/Bv+tt/z2Z86/01//9FX/8Z/lf9av+K3+onf+3eI5dZ/wdX//Mf+wz/2n/z7v+5/8Jv+mS//9mfv/sTf5dNf8+C//vf+4N9/5+gP/2v+4U/+oe/9l3/8H/Mnffnkk//hd/rBd3/Hv/H/ePwv/4q/9r/4e//s3+/OX/g/lv/jr/rX/4mf/Pde/J+/6Z/2J/yJf81f8lv8D3/XL/gv/tq//q//Vz/6E/+2z//Fz/7b//rvPvpN/+vf5Df43l/7p/8uf+T/9t3P/8p3v+E/+r/+5Mt/9//8Qx7+Rj/96/2v23/q//6vP/wb/pB/7Vf9lv/dd9Nf1vy2/+3v9Tv//f/sp//a3/3H/YX/xD/wj//+v/781/4r/uzf5A/8D6r/+a/49/63w6d/zr8zP/3j5r/bkz/8D3742/92/+JPffYX/Yt/4r/7nb/vZ/6IP/nLv/P+7/T3/Mzf8Zc//if/+N/n71n/jX/5X/a/3fuL/ubf/eLvfvXiF//k3/hH/AO//fzv+W3+oj/zb/5Vf+Zv+xv8Bicf/0//0+fV9It/7fnv9Wf9qj/gL/uf/6b/cPWH/k3/wk+fFs9+rX/vHzv7rx7+jX/pL/09irPmP/od/+if+DXe/XYH/8Qv/Qv/jb/vj/2Pjv6y0T/w0T+5/E93//3v/Wm/y//42/+W/8edv+ZP+Dd/xz/+X/h9/8lf/Af/6n/rH/ypJ3/mH/rX/c+/6b/wD/wr/8uPP/7Tfqt/9df5A3/ZP/fqqz/8n/mZyV99/Sf+iv/5D/xP/7X//s+8+Av/tpO/4N+7/0v+zP91/vf+E7/HTx39s7/p//HLfpe//vcox6//09M/5r+rl7/r7/GHvnm9/a/8Xf/++tf6H/6j2f1f8hf/r7/3H/hf/ln/59t/7A8sfp+/6I/5V7/zt/yev86f8nv82X/wv/lr0NLCf/3X/Ju/7m/5T/4lD/6av+x3/+d+nT/0V67+9d1f/B/9Rf/0fvq7nP/jP/gT/7t/+S8f/S1vv/u//EXfevyXvfgHf/m/9Dv8r7/k6h/9O36H/+DP3P7j/7Mf/2f+1N/pD6l3jv+vP+DVuvxff5c7/8v3Tv7qv+UP/i/+sV//P33+6d/53/4h53/Yb/r7vf0P/sV/+J9//OlP/l//2W/65Z/5f3zy3Sf/2+//lxX/yj/1b57+j7/1v/lrzg5+7b/y8fRf/RV/5X//Jz/+W46WO7//7/Kr3v2R//Uf8Zf9XX/73/Nn/Hp/wtlf8u+8O/jnf8mbx7/uf/wP/O+/7+//K//VP/CP/13/p9/2j/hVv8u//Yv+wP/wi/9r/+//m37V9//FP/2vK6uP/qjPf6N/9g//nX+9H3z1R/zN/9r3fp2/5T/7JW//q++//o9f/Inrd//qT+3/GX/wH/Tr/vjD3+Vv+Om/5f/48X/1l/3z//0//Cv+6//rt/rX3/zCv+z6T/xHf9Nf78u/4X/7w3+3v2/7f/29mv/i4b/4Kvk//v7fdPr7P/9H/pCDf/23/Uv+oF/34t0f+PRv/Zf+ut/mX/mHP/0nHn78d9//qz757f/ZP/vP+NMpfv2rf7uIm/lrvJr8GX/Mr3Fn9/c6/TUor83/z979G//YT/9+v92/tv2d/+GX/Wa/0R/4D/3hP5P/Fb/v93/vf/43/vf/uP/i3/lff8H0z9pa/JVHf+Sf+C/8A//Fn/br/brf/nV+83/qb/zT13d/o//6T/4PX/zVv9UffNX+st/0L/99f5ffc+eP/Mf+xT/qr1k9/r1++1/7H/y3KRn3v/37z//B3+qXfnT3//jnfvPf5a//+36X/2P51/8ef2T73/+D/81f+H/96vu/9n91+a2DP/4f/B//0q/+mT/kP7n7j/+Ff9Rf1fyff/uv/X//Gv/ub/B7/G///u/9J/6nv+0/tvsr/8b//nv/7e/04+Ts/uvP/uW/7l/7Rb/9//1r/AN//NP2rz35P379/+t//0v/5F/3n/+z/oG9/+1/e/DP3/9j/8Qn09/lV7/4u3/JH/iPPfo3/+hf8Wv/gf/Jj/2nf0r76jef/rt/+7Nff/Xr/0V/7T/7V/zUf/bH/5G/7K/6c1/8nb/b+N/4R1erf+Iv/NZP/TH/5b/0+/+t/+uf/b/+Lr/2X/ff7fyb49/7//qN/q3/a/1f/+t/8H/0yfyvf/y7/5Wnv9Z/f/xb/Hm/9Nf6e5J/+r/5J4hEafIb/CV/zK/xnZ+K2PH/+9/+fwDi0XDqjzQAAA==" />
        <Entry handle="25" bytes="H4sIAAAAAAAEAO29B2AcSZYlJi9tynt/SvVK1+B0oQiAYBMk2JBAEOzBiM3mkuwdaUcjKasqgcplVmVdZhZAzO2dvPfee++999577733ujudTif33/8/XGZkAWz2zkrayZ4hgKrIHz9+fB8/Iv7vf+v//o9+jd/sO8/Onv0av+av+Wv8Gr8m/fdr/N//169xePLq9PjNl68epRez7Z9e5Rfp5e54J91aN8XyIj37zufpd16efp5efrp3Z5T+onVWFu11+ll6sJP83//ur3Hya/x6v86v++v9ur/Or/fr/bq/3q//6/96v0HymyXJj/1Y8lv9Jr/pb/Sb/ba/1W/32/22v9Vv89v8Dr/z7/67/A6/44//Tr/Nb5OO0h//hR/f+dad3/532d7Z3tr53bfubAHIr/nr//q/fvIbJL9lkvyWW7/Db/M7bL3383//Q7/Gb/4b/JrHv+bo1/41P/o1fq3f/Nf8tX/zX/P//sd+jd+FBvnr/pr8/Br6/Jq/1q9N+P76v8GPJb8hNfjbf7Nf49f6NX/tX/vX+nV+7V/31/11fh369pfQ97/Gr/Ob/7q/xe+6e/zr/ZY/kf36H/2i32rvD/6T/+Lf4Mef/M3/8G/96l/+n363e5P6D/mx5Lf5bX+73/53+N1/4cdbd761f//TBwcPH508PX32+bfPvvP6zVc/+d3f+/f5qeksP7+YFz/dtOvLq3fXP/hD/7A//I/4I/+oP/qP+VP+1D/tT/8z/sw/68/+c/6Sv/Qv+8v/ir/yr/qr/5q/5W/92/72v+Pv/Lv+7r/nH/lH/7F//J/4J/+pf/qf+Vf+1X/tX/83/s1/69/+d/7j/+Q//c/+8//iv/yv/uv/5n/+X37ZL/8V/+uv/N9+1f+Ocf2av8av/WuaJzqu35zG9Wv9Or/Or/3r/PoY16/5a12hwW/+6/y6v+vur/dbHP/Er5/9ot/yo70/+Df4rZ78yX/x3/wP/9iP33v1P/3Wk/pfTn6b323/P/7d/2cMjUd2u4H9IV9rZHZgblz/zq/xG/3avyZN3q/9m/8av8ev8b//JX/Gn/In/1lb/8Wf8nve+c9eTX+rf/Rb08M/8r/8vf6Lu3/9zm/1h/zi5Pfc/dfe/Ja//79z8n/9A//Fb/AP/oerrT/kf/13mj9qnP2Z/+c/+Rv/H3/V7/Lj//5f8k/8kjuff+eP+2f+oov6D/4fip/86uGv+jd/2V/0Z/zvv8Wvebrz7d90/bv88b9g8if8df/gn/87/EH/++7zX/b6V/8jf/x/+3/+5//Hf/W3/oZ/4l/6W/2Lu5//5O//L/yJu7/H3/d7PBr9I//p//zszt/7b/7qf/ZX/SvV7/8/3v0vT/+s3/dP/a3+rL+i+l3+g9//X7Dv/OPbz373P+7//jV+h/+rvf6r/8J/4M/63//l89/2dzm998//ib/6v/5Vf8zj/+r//jX+gb/wz/pLX/49v8sf81N/4j/3JcH4vf6Lj3/ln/nL/pJ/7up3eXbnL5j8gdd/4KPH/9j/9b/8X+3v84f/k//y81/2W1Jf/7K2GB/9KX8u//qX8ovU+S/53Xf+mT/0f/sz/6///bf6C36a3vwf/2L67M/44978Uvzx6MtHv8f/+Ff+n79862/9Df+Uf/knrv/n/+w3/m9/1b/6h/4Rv8udX++P3fm7/vetv+QP+i3v/8b/7K/5W775Ix/+8t/6t/6nf+K3/B9+1ze/0Z/633/5B3zvL/sXfvHv92+Mfub3+Mv++b/qp//VP+qv/1f/zd/tb/74D/o1/sa/8HH1P/+x3/vXf+Gf8h+e/Jm/+vDL3+j3/NYf868c/Ip/9tf+Y/7Z/+0f/E/PfubL/+TOX/8X/Rlf/nf/7oN/+7e4+DX+pt/u49/l+//6P/Rb/j7/wsW//5/9qt966x/+6q/7G3/h7/d3/et/+4/9eX/bv/OH/3t/2Z/3p5xP//ff8vd6+9f/9OXfcv1n0CfP/74/7jt/4D/xV03+oKM/4Oyv+1f/7l/+L/7GX/wNv99X03/z//ix//lPfP03/11/zL/6j/2R//3/+sf9w0//kvu/yZ/9v/4aF7/i/i+///f9IW9/7+Xij/5fPv49/9Mf/5N+g3/qb/xTj36bd7/k7zv5T7+39fu8+Xee/Myv+mPbX/M4+wv/sV/z+7/n//avX/2m//jf/93f61/91/+G/atf61/4V36LX+P3/s9/z7/4z/rF+e/0S+///b/j3/5X/6r/+9f4zf/lv/iP/Bv/u/96+wd/4bO/5Zf9wx//z3/ZP/w7/4M/9cf+Xn9K8bf9u7/P8i/e+X3/vu/8K//EH/iH/1O//e/yF/z0v/BJ+zP//h/xS3/9X/aX/bv//f/+5/ypv9Xkj/h13v2T5f+1/wf+Q3/gT13TX7/bg9/lv9z/Vw7/71/j9Zf/+K/9R/wayd3Fr/8P/KW/xj/1L/6K/U9/q/yP+rX/tT/nn/s3//Z/djH6mf/+v/j2i9/61//rVz/1D/7Rf+Pf+Lv9Hg+f/ou/wW/c/sv/6Iu/8ff68T/zN/9j//Df+u/+r7776C//8/+m//O//2f+wl/5+f/9a/zUX/V7/Sd/7K/7q//wP+sH/8nf98/8Xn/1b/93/8y/cnbvN//j/pRH/+ZP/0PPDv/Wf/H6z/tz/p6f+gV/wuPvXvx9P/M3/IHJn/N7/Fb/9V+3+s//tP/zk3/8b/8Tf/N/+7/+j/7IP/0vOP63f+P6wf/16E/7u3+bf+lP/13+g/t/5b/2u05+Mnv1+ydHf9kf+fv+q3/5P3T2r378N/9Tf+1//dHBr7vzD/3vv8P/9t//H7//X3OY/+5/wC9e/Cd/W/sf/i7v/ox/4ff8p69Wv8Z/9eDil/91/+Wf8W//fr/wl/+yH/s9/ujf5af+0D/l9/z9Pv+7/9LHF9V/+/v9rv/xl3/8L/7Pfq8/8Df7d3f+2V/3l01/7YNf8eN/zP/6xb2f+Nv/9fI/+bv/pj979kf/k7/O+nf5qf/or/0j//yP/8cf/3v+go9+60//vb/j3f/1u/wbJC9/6//+r/7N/+Of8+Te7/3v/Orf8acfXP3q3+Ov/x3/wX/7//zicPE7zn+7P/cf/Lf/0t/jv/tX/pM/6Y/5NZ5zy2//Ov/lb/XfbP1m//zf98f92t/95f/CV3/Lb/pTf+V/+Mv+2n+n+verv/75Lz/96L//rX7i9/7Tdv68//n3/Sf/sT/2r148/l3+6vt/0/b+n/RnTX/tX/0v/i9/4r/2x/zXf9B//Rf86//4//H9P+G7/9Nv8lf9S7/F7/7H/zp/zXf/qm/9w3/w/7H7xZ+bvVr/R3/v3/bu3/zD/q/f7rP/6488fPvb/K1/w1/6v/5JZ7/2n/bFX/xH/ZM/83/9zm+/9+Z/+wP/kv/6N/4D//p/+q/4/r/3e3/+G/3S0z/6d/x9/+Zf+3f/uw7+x3/377/+xT9z/D8//ZN/3d/hH/8X/qG/98d+p4v/45f/Ff/u//bL/rF/6e85+Nf/y/On/8u/9jf/+n/C7/EP/eTP/FO/+q/8M//T/+bol7Z/wy/+BX/u//S3/qP/zp/+9/5+v9fb6+y/eP6Xfe/5p3/TP1H/pf/Wf/YH/Kd/+3f/lce/4X/8f373+E/7hX/KYn3nT/6/f41f9Iu2fp/f9fDdj//n//Qv+D/av/HH/9B//M/5Ff/6v//X/It/ze/3t2z/k3/+P7D7d//Lf/R/9jf8+r/Hd/7bv+Fv/w9/85/+O3/y3/np/+a3bf7rX/nF33H2Z5z+KQ/+uP/ot/5n/sQ/7Vf8R3/Bf/J3/zWT//THfp//ajX5q6Y7/8Mv+2v/t7/1H/ifXvzx07/sp3/wH/7h/93iz/kPvvxbtv7cn7j8Zz/9Zf/MH/wH/8F/6B/8L/7Uf3z0u/7MJ//Tf/mHt3/8L/7H/o5Xf9v//Wvkf8yPJ8tf55/8Pf7sX/C9o//719j9P376yz/mH/hd/7W//ff63idffPITv2T8H/zrkz/lJ3+nP+zX+uKv+uf/m6s/+L/+Ez755/72v/d3/qX/6fHf9Xf8mf/Yb/H7nf1Vu3/v3/V3/IZ/+p9Z/gW/98Nf/0/9l/7vX+N//2u/c/DvfP9f/LP+8X9h/df8sr//P/gv/+3f77f4B37Jd//hP+c3+Us/+fX/nP/mH/mxP/8P/hd+n7/01R/4+qf+rv/su7v/09/x2y/+gd95/tv8mb/Z37b37/7b//hv+Mnv9H/+a7/27/Hik7/ms7/2b9l79d3Pf+e//i/6537ij1nf/TV+5t/7Xb6z/Mlf52/Y+UP/peTt3rPf8PDXPfk/vvh3/uiLP+Y3+Knf58/63f6A9ce//d+4/z//Ln/07O/9u2Ynf8e/f5b8+g//+r/qJ/707/8JP3P67l/+9/67/+H/OL4o/7m/5vkf/9+9/fP/jcfZt/6Rf/nf/dYnf9N/9Kf+U3/Dp7/XL/vP/96Hv8YP/pj97Y9+2e/z9/3+v/BB/i9+/Dv9pn/1f/XJv/on/CZ//tYv++f/gq+eL77zN/4Zv8HFvzO++zf8Rn/j3/1PH5z/Hv/p9/6eiz98/Ct+rd/51/y3/sA/9rf7Xf78q5/6bf+I7fZfe/Z3/XP/6m/yZ/92L3/6N/0d3/2rz/+nv/4P/fLyv/mFv9Pv9mv+Ef/F//HZJ7/9f5o/+O/+q7/023/Am+/+bX/dP7f9+ef/8uOP/8q//3/4e9u/9jf7nX4j0tV/6r/57/x9d/+J//vX+M1+t3/9b3j+U6f/4L/11/8G/85f9unv/H/+07/2L//L/r6/73/+Xf7xu7/Fn/Xf/8d/yvPdf+eP+U3/zOVf9is/+/X/0//6+7/xv/iHtf/ir/M3/RH/+5u//1/79/7j3/UP/0P/6d/1v/9f/rg//bf/Fb/yb/hzjv7bv/3sF/9jb/7zn/gv/rj28X/wz578a/d/rX9l79Pf8a/d+fHf4z/9qeIv+6//jXT7n/sPyv/wl/0Lu3/qr/ov/p63f/yP/8Q/UH36P/8O/8a/9X/+U9P/9n/7c/7BLP91/5jF3/kH/fjV+X/z9l/54/+66/rP+xv/kr/5X/x3/t1/b++v+pv+ld/gt/uP//KH/9Sv+K+/++v9qX/tP/gLf8dv/4t/0Xf+qz/7335zMf9P/40/+Rf+u//Vvf/x9/qzf/kv/G//6n/+i7/oP/x7/sK/rfib/sV/8vf+J37T/+Wv/f1+y399/Zv++j995/5f+s/8Sb/N//mf/3l/2V/zNx398f/er/yvv/9bXf3e/9Uv+u6f8d9f/J5/5m/++bemv87Of/N7/BN/y1/1q/6T//R3a/+lP+ev/OSv+MG/+Uf+il+8ePt7/SH/+7/135/9+v/cH/nXPFj9gb/Z2+d/4p/15/3mf8G//p//X7/Z3/VHfvvv3y7G2//5f/Lt3+k/+y//5l/v739y59f5k/+LB7/Rn9f+F//AL/37f5eLH/+v/qo3X01+u7/0t/pr/9R/9y/86w9/6z/+n/+j/qm/7Mf/mD/pj/uX/44/9g/+bf6dL/6Kv+LfPfs7/qAf/yc/+huKf3D9D/ztv3/10V//e//xf81/+FN/9t//6/2x7U+czl7+B7/i5Pf5m7/4vV783X/rn/ZL/4d3f84v/N9/s89/xV/7f/43D7+b/kf/6R/za+21/+Hev/e//Yn/xC/9Xf6+/+nf+Aevsl/8G6a/z2/6Z/xb//Gf9r/s/OL/+ff+zt7b//73+G3fff78f178wX/o6z/8N/wT/+6d//jf/AW/4j/5B9L/7bf+q44P/44//a/+d85+7Pe4+xf847/dLz35rf/cF3dP/se/5X/46C9+9Iv+hN/13/5L/8n08m//cx7+AX9q+df82z/53/6hv/xvfP0/Pf39s//p2d/9n/yHv9m3/5Hfcf6df+fHf42/+C/7avSX/tp/w9mv9Vf+q//Ab3b8l/8nv/Kf+B3+/T/st9kd/5e/2T91lv177a//v/wXf99/+J/+hf/YP3v3Nz99+x//jz/21x7/x//u8b/4O/7M//ov/oL/7bf7na//26erf+Yv+1P/lMf/3a9+8Bf/5NG/8If8/f/7X/AHfvzH/opp+7/89f/0t/6Z6b/zz/wGn/x9f9fvfPhb/jn/4//163/517z7a//J3+GX/Hl/1a/8jd/+Tn/u7N/5Sw6m23/3Hzv9U/+Mg9/lJ36/X/wf/y6/wX/7++3863/xv/q3HT78hVeP/+Zf41tXv9tf+Jf/kr/3f/pD/+N//E/8R//933ryx7/6/k+tf5ef/rt/+//s//412h/8mv/k7/w//wV/+9/3P/3yV3/Ln/BX/tN3vvMrL65+nbPf6Df/x3+zX2v/5V/z2R/0D/2Vf/J3fv2/6B/6nV7+0p/453+3v+5POfn7f8Xv+Ob+4if/wxd/3N/2n/22/+Q/8xf87b//P/Y7/PP/wJ+6/L3+pnu/+f/yV/2No399/VdXf+Wf8fv8hf/5iz/wN/kP//rL//h/+hv+2n/w5I/8Lf/YN//GH/5//xq/9f/2p/xe/8X/8md88Uddf+vwu7/w44v6L/+D/rg/8Lf9Rb/Pn/noD/pTLn+3/+WXTr/6y//ef2fny5f3fsXf+Ev/jF+w8yf8kf/8v/6Pf+cv+3Mviv/47/8d/tPv/X3P/oS9v+O/efZ7//Kf+D/f/uv/0f/1z/9P/8Gf85v9U3/TP/Hr/26/4g/8b3+/0//4D/yd/t3/+rf5LY8fPvy1f2X2+c9898f/ky9/+9//p39l/lf8+X/YH/A//f1/+C/61/+Rr/6xF//i08vX/8Trf/T165/6p/+Cv/g/+R//6H/53/knRz/57o//Nf6TJ3tv/9G/9Je8/k9+2z/2t/iXL37h2e/9P5z/Rx/9Cf/l4x+0f90vufrqT/kf/tN/5tW3/6/1L/zTm1/4p/zh/33+pxz+0b/eb/gX/6PJf/VH/Ba7f+Lv/tmv/lNHb/7cr761/q9+cf5P/O3Zf/TfHvx9n/xP/8u/9/v9t69+5z/lX/zj/7EHT84Ofvt/8f/4db6b/0fVH/l3/Dtv9n6/t5//9//OP/8v/u//9vf/6B/7J09/+f/4+zX/0+/3y57+S//4P/8//FX/+a/43h//D/79P/67/7Z/wV/wXz7+Pz/5txc/8+Vf/uK3+ut/+fV//V//fi8++tO//eC3+yv/mx8c/PS/9t/84n8l/73+wl/zv/5T/ozdz/6x3/3v+cNXn/+3f84/8/f+b7/0+Pe4+Pv/qd/5L/u1//fk3/03/o+Lv+S/3tn/O6/+ql/rj/uPr3/h3/f6n/z9f/u76x/f/jv+4L/n3/h3D37ZzoO/85f9448f7+5d/lGT/I/4qb/1D/zHfmr9J/xRf/z/+Vf/Vf/27/rr/EF/85/yz/2Bv+af88v++JN//Cd/83/q9E/5+/78X3r+L/zG9d/yx/73r579XX/3n3P2Yw+3f/ziT331T2a/0U8/uPOn/wN//yf/3l/6rPjF/+Qf+VN//f4vH/2+/9tf8L9+/o/88X/3f/23nf85f8//9dc9uv4j/69f46ff/cyf9vt+a+v3+M5f8PAP+ZV//f/55/8JF3/0H/eD3+hv/5//iL96/vmf88e9+cFf/Lv89T/4bf/Qf2D8+duP/vFf+p1fuPPix/6Lv+tP/7N/59X02a/M/pw/4Yu9f+K//vaf8pv9dX/gH33wjzdf/aP/xF/xX/23/+h/8q//D3/iX7u/vfwXf9+/9bf9Hdr/+Z/5Q//HX+P6d/nDf3ryDxz9K7/is7f/8L9ZrP/yf/+f+Zf+6n/6H/5VLz47/SW//f/03/6Tf8bvt/ev/tLPf7P/5if+59Fo91/8q37Fr//L/tvf7zf55Nf/1ov/dvpfrf6tv+tf+8lf/Of/xb/Vn/WX/xOH/9cv+NO++1v/C//tj/0xu7/Xd7aejx78Tn/M3zw/+sm/6osvF2d/0+gnTn/33/Mf/Z3+1dlv9/rFX/FP/8rf+DdI/r7lx3//m3+9/We/+Kl/7R++/s3yz3671T/7yz87/d4//F/8ab/2T/76f+q7P/E/+vKPXP+dv+n6r3r76//66RdXv9tf9Ev2/vXvfef//PP/j9803/pT5n/D3d8g/YN/tz+y+k/2mt/vn/iDfq1667Mvf42Xf+7vef5fPfoFf/p//Kt33/4l//W/8WfsXH3v3U/ufPlX/0O//f2/6Nf7sf+o+b3+lT/tf/qL/tf9v+7v/DX/oMV/+Vf9i/f/3L/xv/mbiz/jj/vvnv2yX3n6+//9f/b29p9T/Ha/xq/77q/8437F//r3/b2Tv+47v9Ef9Mnf+GN/5Povqydvv/WL7rz7Y3/qT/lfrv6U7/5u/+u/+NP/xd/+vb/jj/iHFpPfoflTf/nv8n/+ojfV3/g7nF3+BX/Yf/JX/be/8hf+Xv/6H7b6k7d+l7/iD/zrf8nv/q3v/IZ/+u+y/fv/Zv/l6o//Z3/by9+jPf9r/sPv/x3//d/7d/+XB79i/5//Tw7e/Fr1r9r+5f/3r3Hw1/3dv/u/dzb9px/+DX/Zn3Lwn17+sb/p7u/2W1z/1t/5H/7L2eK/Kf6WL/7w/+JvvfiTvjj4iT/nz/7X/vOffPQ3/Wu/05//b9//q37X/+NX/pe/8ydP/u3f6/f6L3/B//mtP+73v/cb/N+/xh+2/ut/ncPf6tf8l9q/+i/5G/7Yf+xv+9v+m9//j/iP/qJ/ZvfX/zf+gv/9L/uTP/+7/7LDP/I7/8yfs/pj/42/6jf+N/cuHrd/yV/2r//302/t52//ztnv+/f//X/uqz/r1z//pf/en/ev/7nf23/6O/6Zf/C/+7d/+h/87n/43u6f8+f/Fb/df/K3/eHj3//dn/O3z/7Pf+tP/TP+kf/+1/nvf/m/+Fv9E3/qn/fHvfn1Xjz6135pPm/qv/PvfvhLi5/5R7/6Y/+V6lf+Jf/rnWf/+D/2p/2h/3D6r/9Vy9/7wX/wX/8Hf8vVv/Yn/9P/4k89Lw7+mz/hL/hX/rNHe9/5rf/1v+eP+O1/6z83/fv/p7/ib138Nf/VL9v74//df/1P+pN/xev//k/4D37Fd377P+Yv+Nv/peKXnV795n/r3/UP/wm/6I/4v3+N2f/64//V9d/w07/8X/tLz6+ytz/1+b/8u/wmf9/3F//J/5l88ld995/9u3//f/9f/G1+6X/7J/5Xn/8ef/z6iz/o9/ynj/6v/+tP/18+/0Pu/7N/4q/17t+691v8G3/Df/D7/td/3q938i//rf/d6g/8jb77b1xe/djV4rf+536TX/Db/6XfffLwn/mT/6S3//n/3H72x/2N/9L//sfd/wPnf/fv8wvv/KIXf9nf8OZ/+BvW9y+yv+Kv/Dv+qj/qX/zOn/NvTf7UX+sHW3/JX/Zr/bkf//v7f9uf8kv+1Se/1t/0P57+2n/1X/nVH/Tv3PnX/rTf+9f5S9/u/O5/16/1Z/w1/83VJxf56H/4D9vJn/Pdy9/9n/ln/svf/H/+Hb//e//Fv/pbn372B37rf97+yV85vvzz/uDvf/zHrY+bq/0//G/9M+7/l3/OH/4P3f2H/8a/8h/6l978J3/in/3P/c2/yRd/2Wf/w2/44i/8H//E//Kr+2d/7H/wT/3iP+93+Ze+uvoz/4K//Xf+1/6gf+H3/9eSX/7n/eAveP7d3f2/dfln/ad/0R83/V9+6z/7d/vzf+mf/tP/1F/2d/4Wf+2fd37vT/znfvLtn/Hr/MH/7h/zL6x/i0f/9b/89/9Jf+o/+798Nf8X/qXf91d8dudvOSge/33/x1/wt492/+9f4wd/1+/75/37/+JP/mYv/+jlb/on/Vo/+AuKf/XFm6+K3/03/19+k5/+tX7qP/qVv/Xf+bf/q3/67/T2N/nz/u6/7Pf6M/+uP/XH//L57/mHpL/+L/3bf5/Vo1/04uLhX/9X/9tvf/xb/8KrX/nb/ON/x5/0h579ff/6F7+8+ut/66d/wF99/2+e//0Pfsl3//2zv+dP/Ok/8r/7fab/3F/6z/01v+ov3f/7/5rf5W/J//hf/pc8/x3++j/nweuvfrO//8/+i3+nv/u3/sE/8h/9+O/6G//TB3/d6c989UfN/p1f/9/4c/+UP/nP+RNHf8P6L/jxv+1PfPM//W9/3+nvUfztv+bs1/7f/qS/8H/+8f/lb/x9Sfxf/Dt/4R/5H37+d/9pv+Of+5v/Wf/wf/MvX/zv+en153/4+F/6Z//zbz/4y/6Yl3/ov3D8n/7v/8Wf/R8tnnz56/7M7/XFf/fqX/un/qWj63+urP/KX/5T/8sv+td+yV/yi/67X/zup/6M73z7f/8v/riXO//Yn/gff/aP/9p/+c/8Oxd/39/x5D/5y/+Qv+Sv/gP+4j/4/m/1E69+zS/+1P/hz/mpz3/1X/GH/bqrR//Kv/Tod9j56b/h1/pP/vi/7S/9y3+r3/fX+fE/5j/9vz76/a9/h6s/7R/8xx7+F3/vr7X6Td7+U7/04//wTx39MX/9n/RX/s5v/8of+wU/+Kv+y3/s9/oz/tzHf+b3/+67v9uf98vv/zO/7z/ze53/bX/7H/1P/+m/6j+9/4f/+F/wK37FL/9X/pij7/x1f/d/9o9f3/lbz/6e3+3/+p/+qt/nj0/LP/31rzz8V/70V//1v/x3/fv//e/0B/+Rv9G3/r7/5d5v8flvfV7+Nocvvvu3fzf/L//kf/wXvbn67Hd4+e0/Yv8//XOuf8lf9gdd/+Xlb/JH/KX/5MN/Pv/Fv+Pf8fDN35v/ib919p2/6h/6Nb5a/Bd/4r3/4C/c+ct/QdX+nf/An/xn/ZZfXf05D/7V//VPnN4/2/4Nf/e/+sG//kt++XK/+Vv+/j9l9D/8pb/ku/9BcfI7/Mw/9/v987/Ng1f/xV/86/2Ff85PP3/xG7zb/wf/+J1fcOf4r31V/vP/8G/6u/zUu8eTv+SvvPOffvbX/t4v/snPvlP8tX/uP/C7/N3z/+FP/Y3/kN/0t/5b/+ff5t/9tX+vf/3NxT/3a935Df7T/+In/pf/64/9ff+FP+k/+33Hv+bj/+Lv/01/v7/9V1f/6L/75/+jv/Df/lP+s1/6a/yN/9c///v8J/f/1v9h8Yf/b7/DZ7/sP/4v/pr1H/jrFw/+uP/8P/vF7W/xW/6f/9Nf+nv89e3fd/lf/37Hv/r+T/8R/+k/cvV3fPlP/+1/3s5v/9/96n/wf/tzfsX/9Zu++NP/l1/xl/7Tn/6Jf9FfPP7p4o/86T8j+WP+8j/kbzn/y/61nzj99q97///67x/9OeSY/Uu/zie/17f/tr/tH9r6+Nf6Y06++DV/63908Yc8++Wv/sDv/E9f/i7//q/6W//Ff/F//u7f9d++un40++9+k9/xt/vnf+ZX/Kef/vujv+x3+U/+xi9Hf8Jf/+f9dv/2L/47Hv+7X1V/9j/wV/wts4e/6Kd+8Df+7//Eb/2n/eC/+Af+lP/rv/5lxS/+706+2P/b/pW3f0753/8hv9mf9/p3+s9+h9df/PQ//ef/5k+fvpr8Bae/3V/3372t9+78YW/+uTt/b7G//0/8xJf/7tkf85O/4R//l/z5f8z3/7bfe5z+lcmv8Vf+mm9+4T/+O985/TVe/Sd/zi/8T/6Yq5/44q9M/uXf/u/47PTgNxpvvfzp//wP/2t/328f/Krm+7/ZH/+n/ws/9af8vX/L/i//5PHf8nd88q/+8n/q1/0X/8j/8b//vWePf7t/8j/5jX/R//7F3/JP/NZP/pO//9f/R3f+hz/+3/xdrn+D3+NPb/6TvF1n/+n0t/1fJ3///G//51/883/ib/mP/C2/5v/1P/yB/9tf878/bv+Tf+An/rff+Op/vftHX/7Pv80/9Cf/gt/pB//HP/v7f/cXvDh993v/V//OX/zf/AF/+bud//7VP/qv/CV/dfZf/77P/9vf/S/5Y771e975G3/lF9s//n/+q7/nb/bXH/5W//pf+fr3/O3+sh//k35x8lN/41/19/7uf/g//OU/8OOLf/D3/UVffPJf/cb/7uvf5R9/8Cd/+ufv/6KDC/L1/8Zf938+/vd+t89+6fSn/sW//t/7d3+/F/mf/Gf/Xr/1n/Rb/qqf/AV/d/23fu+Tj//ni1/1b/6Df+hf/N/9Kxd//E/9fT/9/fXj//bN7/H3/8y/8fv/1L/+rx//sr/ws+b3Wf+3/+Af9j//pf/z7p2/7PUf/7v+Dde/87/0253u/zHXf8Wf80//ub9w/4/5zvrTv+wv/g3++V945z/5Q7b+pt/3fOvX+gv/mN3v/MO/6M/6S3+r/+Mn/pjL3/CP/7X+vN/mL/h1D3+rf+3pf3bvt5rQd1/9Myd/zsnv+Vf+Nf/Jn/6Tf8Ufv/cP/eS/9l///j/Z/Gt/zd9x8t//xcW73/c3/evbf2fx9/wTz/6lb/3hf/nf9eZf+KT+p4+ynzr7t3+f3/w7D67O/4Y//7f95/+CT/6e/+lX/tO/4V/4tPrPf99f8of8x3/4+u9prn+w/kf/92dv/8W//q/57LebX/8e/8iv+vRnfq9/+c+7+IX//fH/8cUv+eP+0uST//R3+SMW//ev8dv++k+q7/1d//ev8ef/kr/gr/xjfllz/5+9/1+1//n/8vf91K/96unOnT/iL3vxp/8XD/6KP/IvOfpjtv6yX+vlv/a3/fG/52/+C/62lz/4l9/8oX/AX/ODf/RP+1f/yk/+z3/0L/xn/vo/9V/86f9y/edP/o3/+G751/+XZx//ITv/yrf+vP/+X1j9Hic/9erFq5/86C/70776s3/Zf/kn/o//6rf/9b/zj/qZf+0v/C92f/Uv/xf/69/3H/8j/rJf+Wf8K3/09N/6g/6UP+aw+XP+3P/kj/9Xz/6T+6fV3/Vn/af/M+WB/+K/4vP/vPjL/4j6v/+Tvvyp//2v+cn/7PN/4c13tv/W3+Mnyr/3t/jyP/19/u6/9u/8H37q83/x9/3Xf/N/5e/5Bf/k73T/T3r1O/zUye/7rxz+Afv/6hcH/+oX5//8n/Sn/fn/9fyv3vqNf6uf+D1/3d/qJ/7dP+Ef/Klf+hf9Vv/xyz/71/rzdn+tv+wnf7t/4d2v+Ev+q4e/z9ZvNfmz/4u/6r/5r379v/sv+hd/ux//L1/8gf/Ob/3TP7G3+lN/lz/mT/7Jv/iP+epP/qN+nd/lL/99/+ir9d/w5/zEq3/tP/3r/r32N//x3/2vffJvjB78x8//iJ3df+Nv+Ef+0o/+tj/195rc+Sf+h//u71z+fT/51/+F/8w/8rf+AQf//l/wh/z5V3/dv/Nv/SO/z793+J/+Ya//+eZfuzz8qz/579a/za/8zf7xP/IvePrH/7Z/yr/4r/z1P330u/5N5Ao1P/Hb/Jt/x//4yed/+289++0//vG/6G/8nf+N9b/9K36f3+L+9//Zv+CjP/av/pX3//q/6H/7wf/+y/+yf/N3/4v/uN/lz7j/H/+Bv8UP/q/f+p/7v3639u+c/d7/0w/Ofpc/6nf9Mx7/1X/w87/of/+tf/z/ePtf/Y1/6P+1u6j/qeJ//1P/zH/gD/q1/obv/Zm/4D/9d3/r//Tq7/if/qu/4zfc+/P+uX/4L/51/oL//k/8z/+Y/+6X/oJn6f/8p/9h/8Y/8+bF73nwv/+y/+0P+Dfe/Te/6K/+TaaPf6e//It/9+/+5b/e8X/yl3/nj/ol/8FvfPab//M/8x/8O7/gv/nBT5+d/lavfrs/7f72j7/8g/7Yv//X+xN++R//5p/48//2i93/9N+f/9e/w9lv8y/8Nv/7f7n7j3158Hv8B//H3if/4v9x8C9/7+QX/07l7/f7/Pjv8zv/W3/KP/k3/i5/+en//ONvfvXFH/3vbP+X//Tf/uv+Gr/yX/w9/qmf/OIv/w//7X/8X/+H/4Bf63t/98/86js//lv/99nf9N/8Vn/Dr7z4Y7/3m/2X3/3iT/7P/oLRX/jf/36/299bN7/sP/qlv8ZP/u3/2O/37M9O/uA/5Df7Xf7Fv/C//X3/9b/3d/zz/4C/dfkH/Cv/2Z/6X/+FFH9+78/4LX+bj8o/6C/6pb/vd//qL3+vH/9T/tIvPq0fbP8ZR3/779v+F3/53/XwT/+bf+Iv+NP/vn/7nz77/h/97S+2P/27/9xH/8kftv+vvtj/V1/+8y//tJ84PTs+/a1e/povf9/Hf+l//gc/ePg/vv5X/5Mff/wv/7P//F/0sP5vfuL3Ovyvf7O/7W/8jab/4V/4n7/6x//yP/Sf+5W/6nf5909//H//6u/8Df/eP/zhr/iLkl/6j1/9jn/df/eb/zv/9j/+K3/pv/IffvFX/h5//tFXf+fq03/3Tzj8m//LX/6X/fff+eT3/pf/6H/x0f/y9H9f/zV/05/1VyVP/tQ/+Jf/1b/rq0d/zJ969qv/zd/lV/zz/+Cf/Fc+/eSv+c1f/tTv9Kf/jn/uF3/GR6//4H/8e39Y89XL/2jyV578i7/vm3/6z/lX/+ifPvk7/o3nv+S/O/+7/utP/+gHn/7eF3/5+t6/+Dv8nr/6z/3ffuNf9Kf+e3/Vn/Sb/uC//Ovvt3/Cn7O6XPzO/+Ef2v63d/6xP/Vv/1t+47//N/3s7d/06rf61tZv97u8+ORP/p/+8f/sJ/+cN3/Ld3719LPrv+6vv/gnfssX//evcf6v/vjkN/01/6Bf9ef8JV989F//wr/9T/47/5P/8hf//a/+iX/h1/+Nnv2yj/7Qf+nP//v+71/j0a/4/f+It7/VD/7Kv/Deb/zf/Fr/2G/6V/717/6DP+u3fPK3/eL/fvVnj/Pf/vc+/vf+s1/x3/7X/9u/+Rf/zEd/zi979a/91H/xnx//kn/0f/if/tr/7pPf6Pn/+OKf+NuK36No/qs/6094ufvZ6e/9h/3rv+Grx3/xH/c//5P3L/+9//n3/+x3+8F/9Tef/V6n5y//tD/+X/nzv/2Dl3/QH/Wv/Q5/2F/yG5797tM/6K/6qb/y4z/nv/yZX7Iq/4+P/6rvPDz8NX7nv/b3/vzPOfvt//XLP/TiD/r+7/fn/rP/9N8wm/zzP/5n/rO/05/3p76plr/2X/vJ7/RH/Lq/9y/4j/7X+7/PX5Hs/Pq/y0/9xb/owe/xU//7//bqbzl68pf/4p/+Tf6mZ3/g1e9w91/6NX+fX/lH/U6/2Z/3S+78K//0n/ry8M/5D3a//Z//6Rc//ukvvvjJg9/+r/njfqff6Tf/x98e/qkv/65f/6/653+LP/yfv/Nv/KJ7v3L6V/0Vv8Pf9T//Ef/1P/4k+yf/wH/l7/4vz/76P+F/m0x+ZfrT2V/9/d3nn/zeB3/b+snqT/rT/rTf8k/41/69P+FX/I6/w7/zn/wXf8af/ff/0j/tP/pn/sA/6ifa3+ZvevN3/Gf/4/IXv/ld/9ZXT//h3/dX/zHFX/b8T/+Xf9ff7U/44tf6Qw7P/6DfuPjFf/a/84/+Vb/H+h/40y7+hF/+g//l0Q/+jb/5b3n4n/2527/33/3Ff/Q7/Ta/3V/9T/zn/90nn17d+Y3+lN/199j6T/6W3+Xl3zP9w3/6z/nb/7X9Z3/a1sN//2/9a68v/8m/oKEW/+nr9l948Jv+9dlv/Xf9Wf/D6B//E3/ij/mZH7R/wvWvf/Tv/ZuHf/1X/936r3nzl/7dv/t/8Ffe+89+vd/tF/zbf93Fn/Hs73p19Vv+Bb/V7/BfZ//qf/+f/L7/3nf+2v/tX/97f+LXufeH/av//f/xT/+Lzx7/G8s////8r/f+9epv/a1OL6a/+K/63ke/74N/+6//Iw//+O99/6f+yc//uZ968+QX/0Wf/m3//Z9w9Kf/rR//kf/Zn/LP/ftv/8xfuPU//2N/4NXv8ednv8/8v/+r/5vfcPGX/Dt/76/1b/0L/96f9NkXT/+av3b++87/zr/r3//Wb/j3T37V7/Dkf/kX/sk/7k+5/D8/oVjvL/gd/69/6l/58V/2a4x/z4//mH/4f7v4n/7Xz37Bvz/+G/61P/fP+LX/kL/rH//Bv/63/Dpf/Xb//e/7W/81//7v/d/9lb/Jq3/lz/uDdv/gP+ZvXfxL/3r+L/7HP7n4e36H/+hP/nsQo5/v/EW//C/5Q/+VPyj9pb/in/g/fp8/+c/8h//M3/V69M/sHP0Rf++nZI3+j7d/xT/wV//Hv+o/+mP/zH/iV/zaf+Ov+i/+zr/ov3+1/Wf9J79l++98/s/8Kf/in/J7pv/JX7P/h/2Kv/6z7/5ef86/c/30F/0Fv91/3vyyu3/n/T/hP/6Hf80/+Pkf+K75/YsXP/3T/9X/9tN/21/5Yz918v2/5uOf/pk/7jf4j/6zf+13+9f/wY8mf9K/Uvxl/8qf+o9//hfM/+6/5MmfM23/on/lwXfGP/X0xb2f+NP/6t/hz3p75x+/9+47/+hv/63f5o+9/9N/1mn9nT//X/ivvrrz9/06f8Lf/mv/I//R//zn/Mv/7p/z5E//U/+K9p/4S/b+vO88Ov9Tfvs//3f7Nf/bs7/4r/pz/rXf4xf+rav5v3y2d/p3/XG/xu/zb/4uP3X17/xF/9f/9H/8N3/tv/3H/5W/c/GH/FP/+1fj9b/0xen/8M+e/5+//q/9J/9Lv+h7v/QX/E//69//nzz75C/5r5vnf+Qf8n989Kf+u/9FmXz5G7z7yS8m//3k5W/ze/z9oz9h9df8g6//g7//7e/3v/3hf+m7k7MvPvlH937X+Z/59vddHL75T3/n3/R3+9X/yd/y5/1nf9t49w/9qV+Q/ye/x6///f/qd/m7/427v+tv+4c/uP7Nmj9x8u/9ob/vP/tTo+nP/Oe/9S/5t37tX/X6V/yPv+3v+99894utP/k//9P/nn9263f5i/7r3/ef+5W/xb/3T/0+//6f9Sv/xe/8Db94e/27v64Wv/Ff/bf/hof10+/9eX/i7/enf2cx+a//71/jX9/7S/7C4zc/ufuv/S9/+/l/8Gv9dzt/5O/ynX/63/wz/om/+S/9nf/t3+Vf+O//zPPz+//Gu+b3+XNf/Bp/+Z/zxae/9Pf94/7C//L1/zb9h/73v+PvPvjN/p2/5/N/8n/8Hf+YX/n7/7o/c/df/eV/1r/x9p/6w35l+p8tf7c/+Pf5zl/73yx+u9/9b3n8y57+T+f/4H/y3/5lf8+//uAfnn/5a/92/9Av/8d/8R/4h/59v2P2F/+73zr5Xf7HX/SH/JN/ffuTnxa/0bf+5K2f+K8eJf/KH/E7/QH/5vZ3/s4f/A5/1R//R6S/xk/8Bd/6d8a/6f5f86d/60/45M948V/81cmv/1t/9g9+549q/+q/6H/8ff6Wf/qvvlN86/f8qWf/9emPt3/xr/m7/GD+8jf9BX/3X3n1F/2rV7/41/wn/re/8x/6qd//j/o7z/72v378v3z7L/h3//OHn/1Tv92/+J/+fr/Hf/IH/pH/wJ1/+Q/9p3/nv/9v+Ft/+tc8/NMv/9k/+L/9X2gF8n8//jP/5H/69/ipL/7aP/UP/+1/xf/4/Te7f/vW4q/+Z7/767/4O/6Wz//xP3P74nf663/nX/G3//N/3P/5r/+Zf/D//q999O/cebG9nP6pn/09v8Ov/h1/n3+p/fd/vx//bf7ybLH+7X+7//O/+bU+/y9/v8V/8pv+wb/0F/xrv+E//Vf8s0d//r1659f5o47+2H/8B3/b3/on/hef//nf2/pj/7ff9Nf6JeP/+c/c/ce+929f/zWvTn+3L/7oj1a/5B//wU/+5f/Td//xP+f3Ovyv/s3/+ff7qx6v//i/+Zf/03/DT/2v/+E/8e/8hr/Vv9b+u//ob/bffGf39/8X/t6/+M96/We+/hN+n9/3P2m2/7s7f8Mv+u9/xV/f/s8v/oJ/5foHf8Ufvvgvrub/0B/9f/8an/0Vf/7/+g/+hv/+n/in/F7/7G9z9Nf/l7/p//ln/J2/99/1z05/7A/4L3/nf/mP+Ef/zV/+V/1Tv/Jv+KP+q//1uz/29/yrP/WHHP9bz3+d3/9X7/41/+J//O/+w3/qb3H6e/zFf+cv+b9/jX/lb/wL9v6b2X/0n0z+PJKFv7PJ1uSF/i6/zb/yT3z2+3z7r/lLf53/+Nsf/0tv/rY/61/7c36zZPfF1j/65/3mX/w6v+Uf96/8Z9tvsn/zr/8d3/12v/3D/+w3+bv+6r/oD/l9/vPf+y/+4/+yP/0f+G+2/unqL/rri/13v/yX/7L7f+2f9rf/k0df/j6/6X/8Txz9bX/OH3Py6s/9t/7RP+bTP+Pln/zsX/jvVn/x25e/z/eK//a/ePtbluns9/xDx7/079/9Vf/6F7/XP/7PLv+I//DJH/ZTf+1vtP+X/y3//a84+K3/6e/8rb/fv/D7/T6/36sXv+TF2z/lL1//zn/Cf/N7/z5fXrZ/zn/4x//CX3wy/cv/4r/9b/1d/tHf5Xf8Jxf/1q/+D//4+t7Z7/Yv/j1nv+Dk//qX/4VP/vJ/5fFv/9f/9F/+S//Rv/L3/af/3v/i3/+b/uQ/9H/8/v/wx/5Pn//+f8+v8R/8fZ/+s/9e/b3/5T/5uy6+f+9f+sN/ky/+xF/wv/y5/+yv+ey/+xX//O//N/2ry/G/P/lDPvoffnHyv/9ex//b7/yX/zu/9dv/+i/4z/+X3yT5A/7Ae7/fH/2X/m93f69/5T/96m//2/7ob/+Pf9PFL/vrfudf/Dv+Vf/AP/nPH/1O/9tXf91PT37hX7D/h/x7v+zP+Bf+wNF3/6Z30//46M/8K7712T/yG/7Zv9Z/+hsd/It//Q/+sUf1r/Nr/EbT//mv/ZP/3V/3t/vHp9/6x791/tv8+X/5529/u29/9O1/7fIn/ph/7Y/49z4+/gv/xvvX038ye/WtX/P3/mf+0vM/5tdd/1E/+DV/+V/9p/+iV//97/xX/6J//Pw/O/yNfuLFP36Q/L5v/oqX//Lr4//gL/3Hz36Df+gv/oN/9+3f6k9Pf6s/4s//9vzXGv/yv+03/+d/u7/i1/4i/W+//Md/19/q1/gj/tTf6u/an/xBP579Bf/2/3Hnd7j/T/wGv/6/9cf9a3/X/vTXmb3+N/+u3+fe7/jV//Qf/Il/9d/4v//SP39x8H//GuV3f/yv/j/S/+mX/F+/d/FX/Ea/8g/+g/6vP+Df/Eu2/omzf/L3+yv//k+vf4v7v/Hv9sf8Wb8i/U3/jb/m/sXv/Gf9/X/OL/lNf8e////8C/+Pw/Hv9+/8ytd/6L90/Uf9o//3r/F7/nXX/+DF//IX//F/xT+492v+q//cH/t7/Me/3//6p/6ju//nv/uX/i5vVsV/82z1m/ySmpZQvn/6r/0Lv/dP1//+73L4F/6hv+AX/u2/3d/6b/4Bf/ov+R1Gf+Cnf83f+bskf9987xcc/o5/2+/yH/zJ3/09/rdf8Ut+4T/z9++c/a9/0V/9e7S/6E/4Ff/S3/qt/+q//DN+rT9y+p//2//Ab/e//cVHv/KPHP2H/8HDP+IP/LP/sr/zf6v+k9PqV/022f/9a/wdf2by+S//G/+qP+vXePjr/E7NH/PFn/0Tf+I/97/+tf/Xv/bXT3+P/+6/+eLf+1X/1P9x9D//in9v8Rv/+f/AX/iX/UP/96/xS7JV86v+9pOLX330+/97//Q/+NW/8a/+zv/67/rw//hf3v7Xe3/kf/5vvfusefJX/9P/3uG/sfdPfvUX/HH/zm/3rdW//gt2/9Kf+fX+p3/+bzj6t3/3//zf/U3+uX/mt/q/fsfmf/83q7/03W/5j/7vj/7wv+lf/U+eHP7J/+J/+f13v+Gf95v/if/Qv/Lf//7f+Ue++st+5cWrv+JP+Zd/+3/5v/6fn/16//iv/Tv/mb/2b/17/Cm/xq/xa/6qf/3v/2v/hD+M2PZvv/zl/+Of9wd+61/8dz4dP/mt/8j/889Znf7yv+bf/B3+jr+werf9V/7df/xF9it/x/RP/m9/+V/+x775m/+Mw9e/9X/+9/6xf8o/+2v+5G/3p/0NV7/ur0g/+aVvmt/4t/k7fpN/7T/60/6jg1/xO//Vq9NP/rjzf+f3ff13/i7f+X1f/V2/8a/1J/xr/91P/B1/0O/44ne+8+m/8h/9S7/GTz/9r3/iP/kL/pI/6Hf7y/7yv+RPolDs9/yN/93f6+/4M/6YX+OLv+3PLf61l7/25b/8d/z5p7/Gg8Xv+lv972//vN9k6zf8Bb////wP/iez3+M3bX/PyU+M/9r2N/jb/9hf4w/+v/7lf/FX/Sf/wKf/82/7j/2Bv83bX1n/vr/f2+/+oR//Uf/Jn/ZP/KX/7m/4B/9+/+yv/oniX/yr/o/f629++1f/Dp/t/ca7+Z/+f/5hf8qf8uv/3b/2b/36P/oj/+Bf/gf+Tn/7v/7P/xt/4uLX+0OLP+uf/Xv+iD/jJ/+JX/p/7T36Q/+3yd9a/2v/wx/+u1z9uX/OP/nHfO/dP/uPXb769f7Q7//rv/kf/C/8uv/sf/q//PM/+G3/yH9wXv0O//VP/rO/7j//j139M79Gcv7HH/8ur37bX/i3/wM7P/Pb/h3/8t/2q//E3+zd3n/3+xWrf+AX/kGzv+3xf/o3/qK/8K/8qf/u//41Lv7BP+z/+gX/xt/3G/05f+cfVU7/vr/r7/1T/7Nf9lv9zn/Qxb/5Wf17fOtn/un/bvKv/T1/xJ/4P/+l//jVD36/P7j5RdXyr/zqX/uN/7yf/q1+5h/67f6XH/yBf8cn/8ovHb37Za/+pz//n/zD//tf/l/9p8X97/1jf+efdPAf/VpvZr/of3j7z/yD87d//O/xD/+Cj/6n0e+w+FP+2N/5Wz/593xvdvhr/qPPfvFv+r++/S3+2//k+H/7y//nH/+HV3/8/b/u9C//7+rFL/s7/9A/4l/4wW/6nZ/6c3/q7l/8y3/bf/xf/AV/5x/09/3m/+df9c/8Lf/ht18dTD/7DX+Le//7+d/x+N5/0v7rP/NrT/+T3/6f+Sv/3J/+W//p/+p3nP9uv3T9y/7K//7Lv/rfe/dH/hN/x//1O/9No//6r/xH/8vv/P1/aLn9F/7q//yv/Zf+gV/vpx+d/+X/06P/4D/8x37Lj36fZ//ib/RX/OQ/9E/8r//Q/7lVff83aP/7X/fH/9m7v0fxJ/7mf+y//c//5X/5X/u96z/sL/oD7v2djy/+mP/17v/2/cuz/+mv/L9+i7978U/9PZM/4PfK/rjf/g/69X/nH/zMP/vPZ+/+3H/09/8Nyl/+O/7X//Hv8Oqf+pt3X//23//H/tO/6D/5B37J3/QbNn/Zuz/w+b/2+N/8V/6Tv+tP+b/+k62/e/rb/Ja/9Nf/nf77k9/rz/kn/rT/6lefNv/yL/8T/50f/8f/93/ir/sz/ow/49M/+0/6M37DP+jyr/p1/tR/9V/6Hf7q3+O//93/k3/qf/z9/v3t8s/7o3+jn/k1/63/9Ff/bb+6+h3/j/t/+x/yX/5fv/m/+Jv8e//wX/N//hnzv+TP+8f+0GL+b5/9br/TL/+Ff9c/+Gu/+0v/0T/jJ36f3+c/fPfoP/zqX/vj/8kHX+68+r3/7h//337T53/C//lX/RfferP4rf8OMl6ffe+f/D1+wePj//hP+1e2/5Tf8eIf/Av+5fHyD/01/6h/9q/5W/6q//Rv+t1+h//gf9v+n//M1//z//VXN3/p7//XfXr1X/weez82/TX+iF/78A/+7f7vX+Pq72y+9/f8EX/o//SPvv7z/v3/7Q9u//F/ffZy/OPnv/F//g88/H3/5H/rP/ulv/U/9DO/x7/6y2lxZP4r/8R/+B+595d/79/5Lf6J32nxH/69f8Ff+J1fdL73xyz+q1/8X/yd//Gv+h//vtNf9/84K59e/i3/yO/1J1zt/U2//l/5/M/5z37mk/9o8Qd++W/8bcXdv/DLxb3nf8r0N5r/D9/+Zb/2n/JvffIP//u/6+/ynV/xJ/4nv9Mv3V/+2n/1//rX/ya/V/JX7X7nt0p+6z/tD7jY/9t+jT/gB68Wf/mv8wv+yL/+d/wjH//y//b3/LG/44//2z759f6z3+lf+S/+oN9y8TsWV7/Rn/wn/8nPPv/lf9Gv88lf8Mv/oskf9wf/B3/cn/hTv8ZPbf0lf9Bv8Wf8MVu/xl/i/f8vW/5pr/6lX/+P/KX/6v/12/7d//r/8Vve/7/+3F/7n/1Fy9/qn/rN65/52xf//t9/NP39fp//6Tf8J3+w//v99n////TlH/07/T6f/+If/3X+7n/qZfMn/ul/9H/0C36D/+MP/yV/8O929tHf8vf8Eb/OH/CH/gd/3+//T/yFv+4/+Lf9iuJv/01/k//mx/6Kf/Hj/+A//M3+gN/07/yt/7S/5PIn/rzf/5/476f/1N/3nX/pv/o9frO//W/8Tf+3n/zJv+dv+nv/1Ve//leL/+bTv2zx9/6Jv/IX/W//xn/5D/+Hf8Lv9zv/T3/nH1z+bb9kefin/z1/0J/8Z/1Jf9Mn/87f/3v8x3/kP/z33v2xL65/yV/9/X/gL/9r/v3f9U84+3N/zSd/wd/77LM/fPXn/JP/3d9/8Yv+2n/v9/193la/7l/2J3w/y3/dP/Pjg3/h0auf+Ju/+mv/kR98On33z2w/+E/+w3/8P/xNv7f3/c//in9+8rv9+O/42/1a/+RfcPrV0W/yL//SX/B/rP+Vv779J/+uX3z4xdH3ftV/cPHr/Oc/+fpP+PX/kuR//ed//D/+Q4o/8DdP/+ff7cHb//UX/+Lf4285+elf/9//tQ/+y//5r/sDf8HP/K5/3//84I/5H+//tb8kW/wF/8m/+9/9xY//lsu/+Df6Tf+vP2x+9Tf9p6/+zM/+xr/4P/4Lfqv/+Zf+8Rd//f/21/5jf8HvXjz/e/6aLxY//Vf92f/RH/fJL9nZ/b3/nl/413zvP/or/t6/8sk/9F9+9Ucc/C2ry7/lOz/4pV/9tw/+w7/18Z/5Z/yv/9Kff/1bHPxWf80f/Nv/l7/bn/q//6mvfu9f+s//nb/Nn/HF/PHJn/VTsz/7T/v8H/7kTzr8xX/Od/6LP+Wv/uKf+af/q5/51f/J//hH/u//4R/21/9tv/qvX/7Wf8S/8yv/rH//xX/0aP1//OM/+AP/xF/vT/yP/sLf8X/7A/6kf3V+9y/9Yy/+5O/+jz/+t/61f9OvOLj/y7/8x3+XP/Ly/3r4P/0lxW/6e/zJv1v5N/5O/9Y//dv9OtNf9Uu/+qf/tz/yP/rDfunv+j89+9P/0p/+wZ/94N+Z/Gl/xH//3d/+9Z/wG/yTf/P/8d/8ec//05+68+/f+89/yQ9+j9/kH/3rq//pL//H/7n/9fzXH/+bv+Hf9tf++f/eb/qP/tb/zrtf71f/x3/Gn/H3LP77f+Wn/5b/9l/6Q36fX+PXu/e7/lO/yz/6X739B//O//PP/M/+8N/tq3/zX/uzf717//kv+OT3+kf+w7919lO/8G/99f7iX/TX/YZ/8m/xd/0v/8zq97rz8geX/8IfmPy5v8O3/rVf/vx/+mf/xF/7v/0P7v39//PHf1T711Z7/8rhP/2X/akf/zrLP/lP/C/JYPwO//UP/sB/a/3Hf3H+y+7/Fv/zP/Yv/6f/50/9zL/1e/yJv8ef/oP/8R/9XX6N//vX+Ed+6//4V//zj97+xe+WefH9//U/ffi7/Uf/1/qP/p/+2v/46X/4m/59p3/17/dTPz353u/4353/e3/jF3/v3/HL/vu/69/4k5//l3/ef/Lv/s3/7e/6i/7Dx//mr/s/n3/xE4v9vzT7Tf7iX/RX/rF/6P/5F/82f/6fuvqXF4eXv8Zv8kt/yd/92/3Xf8Gf//bvf/gP/19/+z//v/2F/+gnf/3v+1//yn/jV/6dP/noj/+jz/+I+e/9G/1nv/W3/qE/5Df4R3+Hv/Mv+bv/qfof/E3/9j/3zS/5Rfu/+t//zvw/Pv3T2z//O7/lb/2P/wO/xn/1mx6ePfzVf/8//uD3/N/+9PHf/tf++b9r+df9Dv/r9+6M/9Lf+/7+n/ZPvPmL7qS/4f/yO/1d/+1/9e6vf/C//ZLf+r/9bx48+gf+0qtf9Ff9h9/7JX/yf/7kr/rxP7H+O37L//xXnH788H/8V/7S/+lX/qP/5b96/69/8OYv/Oov+C/e/o6f/y3f/mf+opPf8bf6L//wX//qf/g3f7c/53j6J/9PX/6J5//S//UL3i1/yff+u1/20//7v/ZF/bf8/j/9G/4W/9Rf89u2f9x//u732PlVf+BP/Zmv/7c/8q95+ze/+6X/6ekfvfgzf/Uf8Pv8fqPvZn/K8+vyyd/1263/0T/h87/rb/jzf+nv8I9Wf8m7n/53/tmXf8Enf/2v9+v9nX/I5Df7I58lv+O7T/6Fy9/kz/prf4v/4+hP+P6DF3/0r/i9/s6/92/9B773nx7+qus/+R/+ff+Q3/r3/Cd+s99k9/lv/hv/g//Yb/MX/NZ/56PXf/zbX/30v/5ffp/rv/vf+bf2fu2/t/o9/p5/9Jf/j//bv/4P/jH/+9/+v/75fxE596/+zz/nf3z19/9ev/Xf9S/+73/SP/U//N4/+J/+rP/j7eHx//S/fP//+Opf/5knf8e/+Zv9Y3/yX3fxz/92v8/Hv8Ff+19s/fiv/gvv/kdv/6b/+eKP/Ov+jy//kn/+r/hvfsd/7MXJJ//E6p/6R//SO7+Css+/xj/yd/xPf9kPfuv/4c9vpn/Df/CP/bXpn9D+vX/So3//v/xb21/1vx08/hWPf/L+f/mP/Rd/+/98/x/4s5vs4nf48q86/Sv/mj//9Jf+S7/Rn/Bb/R5/6t958M/+0j//7fI//Id/5YNHf/if/x/8g3/d7/vTv9Y//of9Gf/S3/GvH6f/1f/4B/1Y9Rf/2n/qP/4H/MP/01/9u376N5/+df/h/T//r/iLf5u/9Dcqf7O/+d2///t89eeef/uf+RP+rP9m/mv+tv/JV//Tn/A//Kpf/uv+Dl/8DX/Jn/Mzf+sf+/f93eOfOPkN/tcf/FMH/+JP//L/7S//Lb71W/8Lv8Gv/1dO7v2Lf/m7//AP//t+7Jf8gb/gr/9N/ubml1z8lb/XX/vX/6s/9Tf8e995+fSfefbmz/97/6SL/+oH3/1b/snf4dkf80f9Gr/Bzq+f/Z6/xb/y6l/+PX/s9zr7vZAYD///7Pi//Zf+tT/t3/k1lg//hTu7/+7vfOeX/07/6R/6z/+2v+mf/AsOfo31P/lL/7Xf6Df5T/+nX/FX/L5/3d+4/E9+29/8n/pn/5e/+bf/h//3736c/5K/+vT//Evv/+f/zd/2k6/+tqejb/2G/8cfc/x//Lu//K/60/61L37Xs3/x9d/4n/5L/9mv/lf/oN/uX/zBf/bj//PhH7j4Df783/Tf+kO+9bf9ebNvv9n5P3+TT37qN65/7M/59y+//Rv9K/tv/6H/6K/+8c9+yV/95C/5k/7zJ7/ovyqX//D/+iv+0h//i/6bX/L2t/lPf78/5rNv/zuni1/06T/y6/yNv8Mf/zf/l39F/flf/Nf98Q/+8X/o9/wn/vd/5T//zuiP+93/nb/3e5P/4bP/85/86d/5zZ//h/xWv/A//cW/85/wn/zgD/g1/40/aeezt7/J//1rfO/b/+lfcPDqy8f/zh/9bya7v+y3+Ev/wd/3j/kv/77Dv+Hv/8N+i7/9f/rX7t5djn+t3+4P+av/ncvf5tc8Ln/Nv+3i79z/82cH2X/xH/1nV3/ff/qf/9f/45cH/+2/9ZOXf/Zfc/pX/dT1//zX/cm/7vnnZ7/Gr/v7vPgNDj7+i3+9v2n/9/8t/v7//L//X/6pf/o/+/P+/r/h0d/yx/0P/9fbL/71p//IH/dn/xv/2e4/9Ph3+LF/Z3X9N9x9/j9v/2v/xqf/dPtX/Zn//P5P/2//1T/1L/5tO//pf/N7JD94+93/+9f4d/7c8cd/xL//9/2Ho9/zP/3WP/o7n/ynD//Jn/4Lyz/7r/zX/5zLiz/g3/on/+7/8rf6a37Pj3/9v+Bv/5P/kn//X/yrir9+/w//bX5i/2/+I37BH/Pf/aV/4l/0W/+pf/nv/9/s/fSfmSz/lLe/4ff/2dEfsfMH/QO/9L/6h/77P+Q3/Y//uH/90V/9uz2d/51/4I//9R//RQd/0X+6+i//wl/2z1//r3/hf/Ln/rd/bDG7+1v9CT/56W//2/3mv82//2/+Cb/nP/lT//XPHP7VZ5fLv+jv/pPP/5zf8g/91vjX/HV+k9/jp36/f/s3+et/7B/+8fY3/ov+gl//4V/5m/7Ef/A37f/5r/6T75+8/iN+1auD//7f+nX+4X/hzV/z5/0Fn/03/8Of+Nf91H+T/fN/6385/dtmf+Df82/9X3/av/Y/PP2r/67/ofjD/4q/JPs9/6PpX3Hn//yr/vrf4Hf82/6Cv+v/uPOLXvwlf1DynZ/6zq/xU3fuzAMXwroSf/lf9t//nr/B9W/9Z/7CP/43PPkDf7vLX+t/OfnxP/nf+u9/7f/718j/+uf/8h/0ojj4937R8vB3+nfevfqXq59c/Q+7f8ib3+nX+10vf9mLv+1/+uc+/d//kH//N/yj/61n/93//I/9C9+5M/1T/8l/7X/+rw7+hj/2d7r6S6t/4y/9t5/+nT9V/dV/9NEf9zf+Vf/nXz2++CN/0W/80Y//SX/93/lX/rKHf9U/+B//jn/b228v/u3/bP6XfPf7f/d//of+GrRM2R78l/t/2MXf/Vv94oNf/2//C0/+9D8w+Ud+8vzP+W/+m9e/29tf8Pv80//OX/Pv/hGf/a2/1185/21+8t/8j37J3/D7LH+b4+aP+Jm/4Mf/7V/1B/zfv8a3/ptPxzuf/4I/be/Xav6vL+7mv+5f9e9f/+3Tvf/w9/oT/oN/4T/5Df6z1d/6T/0vf8Znx5ejP/DP/8kvf+N/6+R/rf7Wp7/r/Lf6a/6W3+i3+Ct/+1//v/2Dv/d3/Xb/+K/5e/52v1PyN3x776uzH//z/9R/9Lf5G/6d69F/9G9/+p8taUntl/xVv+B3/KP+ua/+x/Ev+Le+/bv/Nv/5v/AvNX/hP0uu2/d/m3/n9/yLfqPf5E+rT3/Tf/eLP/vyf39z+ff8zN/xLz/+Y/6Ue//Af3T96/5bf/M/+Z/89B/+R/4R//xf9slv9Wf+rV+Uf+3f9I/9qn/0N/2lb//Sr37tg//x9/oT//rf6W/+dX/y2//F9H/6+773+55dr3/8D7/zO/62D/+4q1/7f/+/fuur3+tffv3lk4/+5P/lX/j9nvyBf9R/9Jv+V5/8AX/VR3/IX/Qv/7O/+d/zr/70P/HT//WftP2P/3P/w6/9t/1Hv/5P/me/0x/wBx4//5f/trefffKL/o4/4v7FxeQ//j1/j3sX1b/6f3zyvd/q1/wXfvG/9Bf9Pb/9L/s7/9Lf5o/Z+mt/s7/tJ05/jd/qT/vb/rRf49W/8upf+jWx9tL9P60N/Bq/cOsvJ0/zj/mprV/T/vL3/Sv/yr/8nX/od/+t/rbX/Nnv0Pye//yjP+bXzbZ+q7/t5e6dOXHWFnPX1q9p/xj4/6/5e/4lf8yvsfXfn/5Wv8ZP0P9fET6/nrq0v+YWffNTL375T/yev6FF5vS3+jX/73/7/wHptYbZ9TUAAA==" />
        <Entry handle="24" bytes="H4sIAAAAAAAEAO29B2AcSZYlJi9tynt/SvVK1+B0oQiAYBMk2JBAEOzBiM3mkuwdaUcjKasqgcplVmVdZhZAzO2dvPfee++999577733ujudTif33/8/XGZkAWz2zkrayZ4hgKrIHz9+fB8/Iv7vf+v//o9+jd/sO8/Onv0av+av+Wv8Gr8m/fdr/N//169xePLq9PjNl68epRez7Z9e5Rfp5e54J91aN8XyIj37zufpd16efp5efrp3Z5T+onVWFu11+ll6sJP83//ur3Hya/x6v86v++v9ur/Or/fr/bq/3q//6/96v0HymyXJj/1Y8lv9Jr/pb/Sb/ba/1W/32/22v9Vv89v8Dr/z7/67/A6/44//Tr/Nb5OO0h//hR/f+dad3/532d7Z3tr53bfubAHIr/nr//q/fvIbJL9lkvyWW7/Db/M7bL3383//Q7/Gb/4b/Br/8a85+rV/zY9+jV/rN/81f+3f/Nf8v/+xX+N3oUH+ur8mP7+GPr/mr/VrE76//m/wY8lvSA3+9t/s1/i1fs1f+9f+tX6dX/vX/XV/nV+Hvv0l9P2v8ev85r/ub/G77h7/er/lT2S//ke/6Lfa+4P/5L/4N/jxJ3/zP/xbv/qX/6ff7d6k/kN+LPltftvf7rf/HX73X/jx1p1v7d//9MHBw0cnT0+fff7ts++8fvPVT3739/59fmo6y88v5sVPN+368urd9Q/+0D/sD/8j/sg/6o/+Y/6UP/VP+9P/jD/zz/qz/5y/5C/9y/7yv+Kv/Kv+6r/mb/lb/7a//e/4O/+uv/vv+Uf+0X/sH/8n/sl/6p/+Z/6Vf/Vf+9f/jX/z3/q3/53/+D/5T/+z//y/+C//q//6v/mf/5df9st/xf/6K/+3X/W/Y1y/5q/xa/+a5omO6zencf1av86v82v/Or8+xvVr/lpXaPCb/zq/7u+6++v9Fsc/8etnv+i3/GjvD/4Nfqsnf/Jf/Df/wz/24/de/U+/9aT+l5Pf5nfb/49/9/8ZQ+OR3W5gf8jXGpkdmBvXv/Nr/Ea/9q9Jk/dr/+a/xu/xa/yKf+JnDv6Lv/LX+QP+gD/5l99/8t1/7E//1sMf/2P+lf9yd/If/ap/6jf/o791eP7X/v1/2N7f8G/+nv/ov/TLXvym//zv/eLZsy+2/5nnf9H//jM//ee+rv/E6U/8bqt/e/Sn/lP/8Zvf6G/9m/+j3/QHf/svrv+kX/u/+J1+l+/8p//HF3/D9/79+d/zh/9Z/+Fv+bc9/4v/rN/oD3z0Z/z+n/6RWXa9uP7N/ox/5d1/8cce/Pu/46/32/8f3/pXd/7x61//H/nvf+l/+MW//Av+jf/4e9d/9p//x/xJv+e/8Nn/+df+fX/oP/Z3/Ja/89/773/5V7/4PXZftz/xL/+Rf/lv/Of8i7/XX/Xv/Vp/wl/2C/6sz376J3Z+xV+x928f/Fb/yuc/9df8yvQ3enP+H/3gX9r7j/6AO7/6nzj46/7XP+8X/fOv//X1X/vFL/w3//tHf9h/8Obhv/v3Fo//r9/lO7/n4lf9XZ/99J/3N/7S2f/5r/0xv9nv8jf89Nb4T3k3/XN+4b//O/0xv/2Xf9WP/zF/0otf/we/xu//t/30b/iv/fhv+lf+37/G7/cX/rr//r/2m/8113f+9me/3r3nv+xX/xd/7T/9g3/u3/qJP+bX+AfuX/1O+7/GL90/+av3//M/8k/7r06mf8H/9Sv+/P/yP/tDX/1u/17yBxR/5sN/4af//T/+Hy6OJr/nX/eLfo/f+v7f9m/9j//C/Pf8wZs/8L/5V//rF3/d4fd/6b/3j/0lp3/A7/lr//if87f9Pf/8n/3f/Ge/5PQw+c9+5b/8T47/sT/pL2j+4P/29/k7vvxj/+q//j/8H6Z/0K//a/85f/nf+N/+S3/ln7adH/4T9T/c/Al/+h/72/6xP/annP45//7L//4/eflu+st//I/5M/6gv/Zv+HW//+o/+rX/oV/r7/4vfo0/9ad+y3//l/w113/54z/jZfPv/C1/9t/855z+rn/K3V/vb/23390/P/sd/+b7v+GfcPCX/RNvFn/lH/KX/S6/6Pe9/Gv+mv/rd3/zTz79L3/Z3/AvPPn81/6t/9Gf/i3+nnd/6x/01/3ev+5/9sv/62//9v/K7/1P/Jr/5N9e/G7T3/mTo3/4e//8r/oTf53Lv/7v+q3K3+On/rLzn/xf/ujfpf3X/64f/0d+k2/9nn/7t/7G3/r3/O7Ov/KH/bv/0G/9i378n/7tf6ef/Mv/ij+32j/8z/786cN/4jfY/1f+rj/3b/7d/pc/6D/9+O//zt+69eKT3+yPvPp1/63/4m/85D/59L/7Pf/a8l/4J/6DP/93/hv/jH/zp/7yf+Z7P/XxX/2f/4l/01/z9/yJf8J//Pzfebf8x/+y3/nxv/Hy3q/6N+8t/srTP/BP/ws+f/at7/1z/82//z//a//JX/W9/+16+id//28c/7mf/Z2/5v/xh398/2/61z/9Zx/8r0e/6z/4x/+V+R/26332O+T//q/6yd/63/zD//Z/9Mf+5P/4yZ//Y7/s1/wb/tf/4p/8F/+l//4v3f2Hnsyu/6DfuvkV6S/78l9uF7/rXzT/G7fzPz1f/cX/xnf/mf/rbx//m//S7/v3/ZV/0tEf+0t+xz/pb/pd/pI/+dt/z9Ff/7f9U3/Gn/rf/87/0H/9/fFf+h//6q3/4Rf+5vf/kT/oP/uNnv+H/+n37/6hP5P+OX/CX/jux/+ev+eP+0t+i9/xn3/4T//6v92/8Eu+9fEnv8M//vv+sm/f//Of/NN/39998rf8Cck/eP/vnv4nv8+v/LV/nf/8d/z7Xv9Of+0v+bH/+tU/+Rd//8v9P/YX/LVXf9Lf/X/+D//m7/JP/eQX/9cf/0sWf+/P/K+/7NfY+/Yfduf//Nb4z778W/7uf/PffvdHj/+Xv+E3qv/GN/ff/uqz5p/97p/5H/y+/+xf+d/8Nt/6X3Z+iz/hz310+d9+73/5/f+2X/Rn/Mx/tD7Y/1cnf/O//h+8/Tf+jp/4I/7uP2v84rf6Tc6O/qCf/PyP+R+yf+OXf/p3/pn//N/+T/8Hf8J/NPud/sCro//rX//n/u9fo/iHf5u/8+Hfdee/+Cf+msneTvJr/s6f/wNvpy/+hH/0u39h+7/8+//if/ibPfver/hr/oS/50/5537x9rP/4d84+Dd+8b/9X/wGf8wf+5uV3/qDv/tf/s/f/8f+5Ovz3+rX/it+8b/5/b/+3cXJ3/Sb/TXF//6n/Q1v7u09+pP/xf/lr/vnm9/zX/3r//v0z/gPz/6B//O/qH+d/+o7f+EvevOv/yH/xW/6f/zu/+bJP/tr7C1+u1/1vb/xv/ypf6f6436L3/O3+e+Oml/5B/3Wn/9e//Jf9Pf+A7/3b/Kn/+DBD/6ZP+j1+q//9X7H3/Hf/Ds//R3+uPIv+01+jT+p+R++9Tue/Vt/7+/73y/u/wZ/w/Q3/g3/2r/xb/+p3+tP+vV/6//yJ//Vs7/879r92/+R6V/1F/z7f9ovXf8r/+5/++nVv3PxFya/1+/8j5W/zbMv/4Lf5l988Qf+Yb/6d/jb/+q7J3/J27/pt/q1rvf/t7u/5699/5/7nX/y1/iD/r6/6jf9N/7iP/b3+2P+i//sHy7/itPf/x/8+PT3L//3f+W/+A1/5//su9/57m//H/3r/9S/c/Z668d+4j/4+/7n/+PN6K/8DfP//PFf+hevf6Nf/z/66ct/82d+/7/q9/xXfs+7f9yP/1/Xv9Yf83v8mn/wm7/+X/vyn/p3/+d//h//5/+IP3g9Ov/2Mvk//sji1/lf7v0Jn937fY5+l3/9o9//N/23/46/9N7v+Gc8/3t3Rl9+9i/+K3/T+tv3f/Wfe/l//ct/29/3p3z6O/9ur47/mss/55f+zd/66z79N17/SX/pr/nkP/o1z/6Bf+hv+MFv9d2Xv+/v87f9GX/D3/Lx87/xr3958R/9L5/8kX/K9vm/8Oz//Mf/ueeP/vt/6q/+69d/71/1+27/8r29X/kH/H1/zJ/yL/9rD3/V3/Ov/k7/8z/8V/34X/DwL/ktnv67f9Kv/Mv/pD/k4Lf6Iz49/xt+m//sf/ifZ3/2//U7/S7/+ff/un+sPPrb/6Hf7Y/7v378H/iZ/+Xv+r8mf9Lv/Kf/qf/Xr/wbD/76v/fid/wDf4f/fP+/Pvtz/4v/63/8FX/9v3v9e/52f83T3/Fb/+yf8Bt/+4/88b/89d/58Leud//kn/zoX/v27/Rr/I5/wd/+b7673H78X/+l//3v/uv8vX/C1Z/6+07yb3/0159cj4o//PHFZ9/6S6cPf+E/8c/8RUd3/t0Xv+Of8ydc/I7/+Is/bPHxr/Ov/Dpf/R3/zL/w3//pb07/2Xu/06+x89O/3d3//i//d/6oX/0n/u35P/gn/G1/fvJ//efj/O8a/ct/y2/+a/1a9ee/+vf97m/7u/xjn+3d+ZW/QfX7Xjxc/IP/7P6zP+w/+Kt/23/hr/vFf/9f/zf+H69/afbuj/7JSfOtv/G3/2v/nqf/6z89+93+lj/iF/4FH//Tv/Hq7/s3//R/+2cm/8rnf+R/+UeX/+PzP/gfeDn5Y6v/9s/5C//Rv/C3nPw9/+rf8Nt88tv/nf/Dj7+9/t7q81/9t/91f9Mv+6l/65/+177/nf/9T/jLf+zv+bMeffs3+V9e/Gu/W/1L//R/5/84+Nf+49/r7T/5/X/3yf/xD/9pf8I/+Tv/tf/Q3Z/5xb/jv//P/C/F3/qtP+PhR7////W3X/4uv+k/8LsWv873f+qLxfp3/Ht+m1e/+vv1r/k//N6/+e/z1T/6r33nv/8dns3/q/3/8yf/md/x77j+G37zvT/8xf9w+K/9Dn/sP17/3p/8cb/gv/wrPvlDfsHjf/kv+zN//L//q//Nv+Q3+QNfv/4Lf/v/6l893vq9/tXf8L//jx4vm//+j5v8Lf/rve//xr/vn/qTJz/zB2R/5D/+gzef/pe/8uw3ff5//xq/x7/wV/79f9r9v/d3/fi3++9+0e/7D/zdf+3xX/W//YnP/4Lf8E/c/+1WL37Pf/jf+8XTH/+f//rf67/+o/69X/O3+4f+8vO/89f6K//oH//2r/jnv/Wf/5mf/p2/+Z81+/G/+fX//Wv8N3/jF//Tr/uX/JPV3/+b/hlPXzz4U37xwW//uzz/Y/6Xf/bP+DNf/ivr3+tn/pZ/Mb/770z/oX9i+uO/0cP/4zemAa4f/uV/xL/8U//Vb/0TW1v/ym/6e579Q//3r3H1V/3Fp3/3J7/uf/cnzv+uP6L9JX/mb7D3z/yFR+9+j9//n/nr3v0z/8pvsP9276//Xf6sf675Q//NP/j3/b9/jT/2V/y5W//3r/G3Pv2Vf8af/Nv8Ub/Fb/jX/Jb/46/8u//PT37bf+zf+ev/6P/pb/8L/8y/6qf+qH/sr/8X/93Pf9/f5B/+o//63/d3/ud+1b/6C/+VH3v07/2ux+f/4q95ff9v/E9/7//0D/zt0tP/+O/7Mx9P/65f7+/6XX6D/+a3+Wv/kz/2zrO/svytjuq7/9R/+j8f/A1/4j/55/z1f89/+y8/+v2e/nr/+D/89i/6sf/yD/2Dvsi3Dv+cf/iv/41/4+s3/8w/9Ev/9P/8z/nLfr+f/Fvzv+fxJ//Mr/rd/4Szf+c3ffGn/zt/xV/yd776o/6U/+Lh7PGve/L3/4PJf/S3/7d/9en/8Of/Tn/KvV/3z3n2n/2m/8Pf+Jd/9Wc9+MV/zp/zh/8r/85//Wf+Fs/+mt/t9/4X/tU/4f/8a//UX/K//hn/4t//Dz+tP/27t//D3/4g/er//P3+28u/8KM/9V/7q/7vX+Of/MOn/03zW/46f9mv9Q99+z/7j37x//7n/DZ/yLO/4A/93f/x/+Kv+pP+0Xt/1D+bPf/pP+Y3/Z3/1n/+B3/CX/hb/Rv/xp/yj777zukv/LW/8x/9rXd/nf/p5H/+V//r3+/4P/7j57/hX7t681v89X/bf3H661z8q7/zJ//2L/8dD5Z/392rX/rP/Pej7337H/sbjh//77/pf/1TH/39/9b/8De8+df/tj/rt/lHftO/7ad/naf/3L/7+/zEP32Q/IF//7/66/01//UPfsnf/5f/53/p7/Pl/r94+Fv9Hn/P6Nf4H/7J7X/yp/6t//k3+gt+vz929i9/7/mf8N//C7M/7a/+j37Bn//3/tI3f+Fv8tctfsVfP/nq7/+j/5l//Df/Rb/sn/qzHv7OP/ZP/te/18Vfdef0r/3d/+qT5//y6H+8/8f+4X/Xb/nor/qlf+rBb//r/Eb/6f3f+H/4E6vf6E/4XX/xH/YL/oLzP/AvePvi38iKv/H3O/2tDqff/ZO/+19MftHf+6/9iT/9x/wPX/wr/9S//0v+1t/nr/9HfurHf/3nf/xf/1/8PX/c35X/ut8++If/6+/+23/Pn/M3/gH/7n/x9x78k5/8H3/Nv/sn/mn/0u/2k3/e//Xf//Gr32bx57999dnq9/w/3/6Df/bnf8bbP+hf/YcWX36Vtn/Sb/qv/Su/9g/+4b/l//rf/vqDP+9/vf/nTnb+7f/1r/2nVj/9J/9G/+HfPJn+en/bX/x7/O6z3/vTj37rv/y3/D/+kr/6N/jbfpPTrf/9z/nDfo/fqvqt/qG/ebX6Fef//v/06337P/vq9/pb/4i/8nf9Z37pb/XP/cv/8X/w6W/3b45/2X/zB/75v+iPqv+Lv/dv/O2/93v9wr/9F/3n/9j/+E//6r/mi1/0LxV/539/97d58PS3/L9/jcd/7v/xyb/+l/zrf/KPzYvif/pb/+vvvvj1k3//p//zP+Jv/oV/6KL6z0/+i3/+aPbr/Pl/8e958Lv88e0v+F3+1f/+r/+Z3/Rv+Af+5k9+73//t/gr/p07f+kfkP+Tv+8v+nf/xH/uu3/B//bHfvcPOTn/O/6b/+2P+Z3/sr/g3i//6/7mr8q//rf5zf7Ee//a//Cf/8//wV/8m/w5+7/6rx//+3/Ib/Rn/zp/2d/5e/zh3/9X0z/09btq+6/4g//t//Rf/FO3vv8P/cn/1H/9+73+9f7mx3/QP/Qn/Q+/7Nf4Naa/8O/5/X/T3/jJP/Fv/Bevf+v/5p/69X786cmftLr+37/72e/wr/yt/0Xyt/2pv9ef9lf+p7/jH/i3vvtDfu//9ekf9tH/8TdvvTz45b/1P/9P/Xd/0N/y5/3mP/Xb/oP/znfv/bl/7N81/s/+9D/iN9yf/Tl/3f/63fNf+NG/8Uv/wl/2z/0bf8uf/Jd99af/Ufv/7B/9O373b/oP/svkP372S+79fn/wX/vP/x3/zk++/kN+/D/6v37r//J//ckHxS+Z//eLg1/zn2h++//0z/nv1v/Gb/7J6S/86j/4Xf/2b/+3//gv+jf+tz9++jf/i++mP/Fn/Kv/2N3ro/96+5/affGbfvfZb/fj/+H//Wv89b9X9Vf+B583v+sf8vCn/rW/97f7p3+73+0P/OPf/DFf/u6/3aM//bf/J1/8in/wL/vf/vCf+Ev+8L/z7/rPf8//9I/7319/9Vd+8R/8Wv/5l/Vf99f/L//D7/Qn/Rr/5b/xl/3r/8Xf9ef8E7/+n/L8H/17k7/m1/jtk88++5u/u148+r3eHh7+Gf/Oq//712j+4ie/46/x6W/ye/7nL37x7/TVZy/+r1//X17s/2+vXo/2/r4/4d/d+Qd3fu3f/n/8V/7eX/KXFvce/M7t7/If/8531t/7T/6Wf3j/b/71Xv4T9/74v/tX/Cd/79/4W/5vn/4TD//kv/4n/5uf/F/+iH959Fce/M67//j1P/CH/jXfL67+6f/sr/63P9kq/4Z3/yI5+n/v3T/6d/jz/ufft5j89v/AyU//vX/H/1r+hf/X337x8P/6X7a2t5//Hr9Z8bv82//G5f/yq17/bn/CvzX5J/+EP//v+uv+3N/xz/4n/trqx//i3+zZdfYv/Hq7/86f+9f9t7/tv/mLPq9+0Y//dtNf/Qf9Jr9J0X7xk5/8zv/wv/cb/6N/8h/35/wTf/33/7s/9q/8bavrP//03/iLq2bxd9z5tT/95f/Uf/X5P/fJn/5v/u1/7h/1P1z8Eff/qK0/+e/e+rH/9n/8yd/h9//0f/74T/jtf/yP/mP+uD/5n/wPfr2/+/9c/8rf/8UP/otn/9f6j/ut/4O//G/5xb/k8n+983f+k7/ooz/gP1v8Q//XV/9O8fvt/s+/xr88/l3/2K/+rt/7d/u1f/Cf/RZ/4O80++6f8+z6b/hvn3z7j/xD//bf/hd8+6u/9N2/8Nv/Q9M/75f/zl/+x9//l//O6Z3f8dE/+Met/8T/7s/93tN/bZx8/M//GX/Al1/+vud/5j/8F3zrf/7Wf/M3/Bs/9bf9V//x3r/9eOeX/x5/fvO//2l5++c+/Kd+Vf67/dW/4tf6O/6v3+bZn/Lf/Mo/5Mlf+tv8Z3/Di73j3+ov/2f+on//j/7us//j8vf73f+B3/YHf83bf+7H/uS/5Q/+cz/7xck/+Re+/p9/5z/u9Yv//e/7637z/+Pv/+t+7ONf9lv9nf/X/b/v+0/+i//gt/uTf7PDrX/4P/1D/82//Pz3e/dn/Jev/tXZ3/J3/eG/85/9j/6qv+jX+Ed/57/rt/pP/pJ/46/6Hf+MP+cX/OH/0e/87Bf/6t/wr/4b/sKf+Qf+gN/+H/qd//6/9q+4fvav/pP3//H/Y3e1/8/+TX/gf/kX/V9f/ev/9M4//Fv/l//av/L8v/reb/iLvvWrzv++/+Ef+R+2luvi4z/5Jx7/57/99A/+1/7N9f6f/VP/yx//E39z9tf9Lv/7u5/43/+cP/yv+p3/gT/+r/7e77f/x77d+2de/hr/7i/+yX/k11v+nv/49X/4j/7CX/tXn/zOD9Lf5a//we9093/5V5//GX/8L/78o53f9Cd+6jf/B/+ZT36bf/9/+XXn/8i/l/xlH/3vv8sPft9f/K/9xJ/zZ65f/jZ/46P/8s9Z/03/3u6f+s9/+j/9Mb/kTxz9bb/9n/43/K7//L/66/7av+OLX/QXfvnT/8hv/vl/+RduZ9N/a/Tq7/gD733/zd+yePvn/5X/xb/7D/8u3/nPf/mv+uf+nL/v1zz5g/7d+h//9n/5O/1r279P8W//Nv/H6//o3/0Tf4t3v98//wf8cZ+v/sxf8J2/e5r8Gr+6/u1+p1/xD/2Nv/b//Nv+kfd/w8WTd9N/9a9499f//v/0+K/88Yf/5O//V//Wv/xf/+f/+P/xj/r3f/lff/TfP939mX/lr/1L/uS/6zc5O/gX/6a/4d4//nv82C//d3/nR7/zk//71/in/sx/vv4j/5l/5k/6Jf/zv/G3LfZevW3+8b/vx//y3/5v/JX/3l/yj/zNf+F/+hv/Sb/kb/4T3v4b+3/8o3///7j/V/03D/7M3+Kjn/q7nv3J/9i/9ev8oX/Cn/DoP/rqz/1d/sjf4fLP/Uu/99OXzW/3l/x947+8/l7x+n/8b//5n/j7/sF/ff8f/E3/tz/087/g3/l3/7sHv9lf+sk/8N//Y7/e4e/9g6v/4x+/+PiX/PGP/7nJP9z+37/G3/47/i8//uPf+rf/zN/5D/wP/ou/5F/7Lf7HX/3gX/hDfvHf8iL5W/7s7/7fv8aT+3/57/ZH/5L/6O/+8X8u+aerf/lP/LXfXvyJv/Q3/a3/0ovRg1/wW7/6tf6v/+F32Rk/+gt+jV/73/yr/7I/+8U/+ev/J/O//fDX+Ze//z/8jf/G4T/1b/2Df85/+l+k/+s//Nkf9cv/mh/853/ev/l3/gF/9u9+/dWb8fce/wF/4B9+9Rf+tv/HH/kv/R+/2f/87Df/P/7u3/of+H1/wR/9f93/27P/6J/6z/6N0d/2l/4t/8n/+j/sfvKd/+xX/fSf9wf8Aeu/5r+tf/Kf/OO/+Ev+g3/2r/yz/9QXf99f8Jv9R4//qb/79/1Tfs9/+Ff+tf/Xj/1P/+c//0/81b/xv/Nvf+dv/kfHv923k7/j9/wXf43f6D+b3v9v/oPx/3Z4Mf0DxuPf+/P/4vnr//O3/xN/gjy3P/Xkf/ot/7fmO3/r3/+v/orDP7j6wff/5R/7eHr31/mf/6W/8L9++mf9y29/4u/5u6r/7lct/uw/5d/4z37rJxfbf98f+i/8Gr/On/D3/ze/4Z/7d/yC8tea/V5/1Z+1/D2//2f9Wod/6O988fsdX/2V/+Hf/a/9rtXf8ose/Nm/0Z/7x/wR/9Rv8kse/vr/R/EX/I7/+l/wvf/+9/7T/5BP/umf+E3+49/uN/rH1umv/r9/jeOzv+13+7P+yeOjv/uv/Kmf/m2PX/0Xp9//K39w79f6xYvn/8Yf+Y/9g3/k37HzH/xuyb/5Vycf/T1/79/77Tftv5i8+9//jbt/9N/+2/+u//Nv8of/oj/ld/tjfs9/9l/6nX/V7/cr/uv/8Le+/8mf+3+++jd/+q/53i/8C87/gt/1F/72//tv9mv+9v/DH/idF7/yzme/6Z/1n/1L1V/yr/1lf9vv/Zf/PbOPf63f5c89+F//23/13/mrj/70e//c8d/6F+z9k+nf9A/9F//An/C3/W+fXfy1/9Xlv/PH/3M/+T//bf/T3/aX/xp/wLNf7xf9eb/Rv/H5H/4P/M7/1n/9xfqvK777d/42f+dvU/6hya/6Tf6GX/QnPvnsj//qX3nynf/yT/n2H779Bzz5tf6kf2rnN/lF/3z+05/+SX/T1e4f8p//u3/ev/lX/B/P/uXJ3/Ht//EvWf8H/+qv9e++3PqZv+Av+k1+j7s/9cv+2L/61/qbPv7zDv/Ab/2Wv91/+GPF77L4+//4n/yXvvjVv/z5df63/qn/6v/4B/6FP/Urfsff6zdY/G3n3/07/oSDf+R/+fa/+8f9ln/c//Vf/4O//O4/8Tf/0t/yv/kzfvK7v/mf/Rf/0X/Zr/6p3fF/c/AvfvT3/uJ//qf/nd/wx/6yT/+lv+av+Q3+2T/2T/8tfuGDXy+59z/8pi/+tTt/x3/3G8/f/vQPJmf/8Re/81/yt/5xn1y8/db61/lN/5N/+y/8/b/zr/1vX/6l3/nf//z/9pf8eb/17/33/lOfP/xP/7r1s2/v/+rtj0//9R//1/+w/2A5+19+nT/mz/3Ff1D9S/7bv/Z/K/6Gf3v7//rL/u9fo/zbvv/f/iN//z/yJ/zZj5sXz/+s/2r1Jy7/5nd/zH//U//CL/wPf/zX/pP++z/47/3XPv9jfsm/8Sf+Af/4n10urv6Xs//lz/yXfvVXf+e/+Qf8sd//u/7ku+U/+S9+/Bs/+jXqL5//OX9z9Qf+9OTPeP27ffkb/hH/+e/9m//5f+Xv8i/8Jdt/5r0/+l/5dz75hf/aH/Pr/gn3/9Tfbes/+o3/gT/oJ3/Rv/EX/A//ye//t34//UNXb37Vg+XBf/+//+u//2/2+/0Df+5f+++evq3/ik/+07/ni3/2n/md/tPf+fq//v5/8Bf+R7/XT0x/pz/kf/utP/3iZ/7iH//W3m+y+8f977/yL/83/pOHP/a7/MQv+83+2D/qz773L/6zf8x/sv6Fp3/Tv/bb/8H5L/sj/ud/9eOP//If/DZ/+a/79/8dP/Vv/C93/o6z//zv+U3+ov/06K/8l/7NX/On/9nf7Z/9tf/J3/Ev/9f/4V//3ce//sGv9wc9/Qd+vT/j8Be1/+zvePo7/tb/7O4/9fG/+nv88Vc/+St/l4/v/yv/1v9x8Lf+HX/79//M/3L2Z/wt//7eX/Kb3ftdyot/4+/+55/8C598+4/7k37ffzL9/Df4px79Ic9+yS/5q/+UXzH+3hd/0sO//ve6/rFf+0/+ff/9v+8f3Prr/9ln/8yv/cVv8G/+0X/NL/nXX/x6v+MP/vU//9/7TX76H/r7f/GvfPeX/at/4ds/Zv0//Zrf+tv/0j/gjzmfL/+i3/+/L/+a3/N3f/EH/uCf/nf/nb/pl//pP/bX/rv/xZuP36W/4T/9+/8ef/Dv9G/8in/8H/oT/o/mj/uL/8X//Pf9M/7cnUf/+F/9+3z1L/2dv/7f9V/+5U+/+mf+/j/5v/49kt/xD/yjf8VfPrn3X/xTf9cv/+1+vb/uZ05+yX/w6/0tv8ZvMv6z/oBf/Fv+Pn/hj139lX/i+i/6t/7d3+0v+xN//7/np//vX+Mf+7V+0z/0H/kT/ub/8J/6B/+Nv+Hf+V0/zZ7/Dz/zW//lf/W3tv+Pf/q7548+/S/+4f9r/c/8H2/+zj/ll/0jf0/+D/0af9Zf/5//5H/52/9E+mv/79/9iR//i/6nX/jn/XZ/w0/+N8//gv/tn/3ug//07/3bv/yN/q1/9w/7Zb/g2//DTzy7/l0e/8y/9pe//dP+189/7O3Fn/9r/gVfjr/9+G/6t9Z/0p/wmz785J//3tvf5nfY/TN+g5/I/pd/+N//nZr/6Df9ff/Un1r99O6//b/99P/6bxyc/nNfXPzt53/cf/xr/xZ//T+xqh9Nf+vXp//63/C9f/i7q+9/+Qv/sy/+pE/+1H/o3/uxX/tfevOXfS+/+0ftfvl//sH/8Y99/w9sn/9Vf9yDX+PbP/YX/Niv/G9/v//4f/pvfr2j3/Vf/YV/5v/4S/6c3X/hl/yCv+/tP/l3/vHr/+j3+A3+2tnf9+C76X/6N/1j7/6vv/2/+11+07/92+f/89Gf+xu9+O3/sN/g9/5N/u3X/9f9L36LP+GP/E/KP6H9ePrHnf5Vi//0X/obf/Bf/I9/RfH4s7/ke8t/7MmPzV7+4I8YHf9fv/9fv/yZ3+tP++N//NUf++v837/GX/HsH/2/ftXv8R//vn/7f/bH7P+SX+MPevC3/RZ/yC/5w/74P/G//c73/8nf+ff5vb73r/5l/9r6j9/5d//d3+0f/e/+3u/86a//kN/9T7r6Gx//q+3f/Tf85X/fn3Hwz17/+v/D33b2Nx9//Mf9Gf/rf/37/Zl/xe+1Xv91J7/xn/dbfvm7/eQ/9u1/+S/+A/7sv+D58p/8zj/66Nf/o/773+Nv+4P+pb/x6F/4R3+D/+XOF//e3/GbfvmLvvP7nXz+F7z9bf6U+//9X/vFX/n37JR/xT/1L30y/Tc/+/y3/q/++b/8v/knv3rw6J/7ydX+v/OT/9u/8R/Of81fe7z32/79q/9r6y/4339s/7/9xf/U47/6o+2/786/+Dv/nv/7//IHfue/+S/+59/5r92/2v33/snmt/tXT//q/+Vv+Xe//0d96zf9B/+Z5t/9Y77/7O84+oP+jj/gL/jt/qZ/8cu/5e8iS3z+9/2Zn//Jf+Y/+nf+NYf/bPK7/B/v/u9f47/72//r/+U7s/9p+Rf+br//L/sf/rE/7j/6T7Pf5d/4+/6Yf+O/+oV/9C/9u37V3/df/dvf+513fsFf/Te2P/Hv/Zf/wMf/yORf+ut+/E/7a/6pX+uf+W0f/0m/95/4X/9+93/JP/3j/+ff+h/8/X/ofzI6/1//12//1n/KL/wFv9+/8t//wX/8H/L3/Z3/+O9w/1/4U/6Of77+n/6e3/fXa+f/7kd/8k/e/79++3/yd/pz/rAvP/lVP/Hn/lX/6ehf2fpv/tG/41/9c/6bX/GX/11/9F/w6579+b/9yd/8W/4V/97f/J/+X7/Pn/fd3/J/+s+nf8p//jP/8Y+Prnb/gd/s7sHD/+Ef+Xu+/M1+v3/+1zr8pb/8H/uvfr3//g/6A/7If+j/unv8f/2i3+uv+uxPfPI//0Z/x//67/yCP3P57/wDf8Hv/sct3v6i6z/zj/vvf+fP/8x/8jt/5//0z/wX9/+ef+CX3f1Lv/1//Hl/5G978Rv/iy8+uv+f/5mf/Bf/259z9e3f+F+53v0t/4GdX/Sn/7f/5h/zl/7Fx3/g+q/5fb/3b//7v+9P/WP/3NW3Pv+Tfr1f/Bv/I3/uv/V7NX/X93/Pz/+633frz/rTL/6A3+Dv+gN///nf/dcf/Bd/0D/80Wf/2B+d/gsn13/k3/mr/8H/8v5/8dv8ol/yJ37/Dylmf07+J3z/n/+7f62LX/+v/A/+xuf/ynj69/1rv6D9o/6iv/v16A/+836LX5r/8o//tf+r/ZP+g7/yt/5PvvfJn3/y+/wr/9nf9oc8+yN+91/z3/11pn/KL/5P/42//7f94t/4c/79X+fen/34r/rl/+Qf/u0/+h/4v/6PP/j//jX+zb/kq7/z+d/8xR/6d//293+n+V+y/a8cPfvyxd/1V//Of8IvWByd3c3/rr/jD/8z/7k/+T948o8uzy7T/+hX/+a/7y//HcZ/8W/8z/+lf9/v/Zv/83/fn/e//vt/zq+Y/R1/9J/+b7/4zz7+z3+dX3b2O//5f9mf8uelP/MbTU7/xy9/v7/klz77J/78v/bv+cv+2scPfsGX/9byt/iFv+H/8eLf/olf9d0/a/znt3/jj//lf96f/Lf+vb/lv9D8st/iN/3PTn/wS/7erb9jtvoNvvpVz37p/5D88r+mHv2ef8pv/gd+67f+p//dkz/qj/gd//JfY//pb/69P+f6F/0O/+O/8Pan/4V/4ZN/+p/7xX/pH/fr/vt/yt/9z48evXn13+z9u7/9v/zrTH/XP+jXvqKM/Z89+hN+i7/rd/rX/6B/9k/8+9/8wj/o9/ydfrc/+I+q/8E/6H/8iR//LY5+xe/9x//qX/W3/Hm/w3/2N/+iX/zX/Xv/yJ/5t/67f823/qTf7H/+V/66f370X/1B3/4n7/+5f+XvO/19/9xf/0/97f7F//rNH/dHL/+iP+eTf/yP/hUf/dv/afP7Xi/+9z/u9S//z/6U/2D9J+2uP/4jftuf+Jt+p//rH/zDf+Lf+O7LP/En/4S3P/ZP/o97lw//o9/lP//qr/8bf/zt2/wf/ev/kb/11/rLfq17//3ry3/2v/rBxT/yZ/+b/9dv+UdfPfjn/ofP/7X/7v7bf/Lf/HZ7+G/9lv/cv/9b/7J/6p/8nerf43//1/+Jdx+//sW/6W/1j/7Mr/fV+W/05lf+ur/o+7/+n/grvqp+g/9m8Rv82Cf/wdPv/Ql/9+/0f/8aj/6Bf+p7f/rf8A/+gf/Tf/Jvjf+Tf+R/eP6f/rt/zn/2931x+eLPnvz44m/53V5nf+z03fjv+7X/2z/5z/lvt//Kr/639V/xd/0ev/jVn/97/+r//rf7G+79Y3/nT3z+f/7x/8sf8tXv9pv8pn/gf/Br/x9/9f2/9u5f/C9+72z05/xOf+Zv+Lv+sn+NoP9lv9Nv+jOTv+KP/j/+z9+h+OP+5cO/5v/4d2d/+t//2V978o/+lj8+/23/7n/kXzhJf/wP/TvPf4P//Se3//B/6Pu/+V/ya3zyn/3Zv93vtHz9p/6h/+0/9df9y4vf6H/e3y7+489+m/Ufffn7/nu/12/5Z5z8U9//y/6Av/Cv/ht/6n+7Wr/N/5Pf8Ht/WPLke8/+l9/6t3v47/21/+G/9W/+yf/bv/Dfnf1H/3zyuz/+3f+1v/7f/OyrP/Af+Xv/xV/33/ujHr/+K/6JP+uT0c4f+V+m/8c/9Qf+5T/13dl/8E/+tf/Hs7/rT/hP/9FHf97fe7nzdz+/+EOuy+/+tn/93/zlr//uB6u/7p//z7/4l/73L/6Ev/CPb3+X3+JX/rN/2X/7J9Q//nv9U3/6L3n05/yXf/HsL/xHfsHv9Jv82O8z+fv/uN/lV5d/4D/xR/7Ov/7v8uO/5Yu/91979lf/9v/y//Bf/h1/yvx//l3/6H/kz/iJH58+/Gv+jL/nv/xjquX/ePov/O1/9d/3i36NJ3/bP/23/QnX/+5f+NN/xj/y7f9+/d+2f/Ife/6vP/jNjv7r8b/3f/3t/8x/9W/+KSe/5K/+A/+68Uf/yK/1R/46f+1v8nuM/pVf9Fvkv8dvv/2v/je/zd/y/ef/w9/yh/zb/8Ef9uf9Wo9+8H++/cv+jf3/9pNf71/9y/6WP+7JL/xX/o//euev+btX/96ft/W7/J8/+M8e/+S/8tn/+aeMnv+72cPf7Xdq/sJ/4+/9B//o3/wv+QP/gM/+4n9s8Rf91ZP/4O/+h3+rP+VX/rG//4/99//Gb/viP/jt/pWTvyn5n//Zv/DP/It+7P/+Nf7bv/Fb/8rfuPuX/fT5/T/5D/37DvLf9w/a+y//yr/6n/xdTn6/P/qv2P0L/5H//c3f/OmP/zEPf+3/8h+Y/ve/6t/889/9Vn/d/375t/6Gv+V//k/8r7/7H/W//13/5H/2r9d//F+y9X/81O/0u/xjv+G//nf/vX/P//I//+d/1R9b/V2f/IX/7e/7K//4P/iLX/sf/cd2f9e/+E/6v/72v/g/+RVvP/4H/s5f40/653+H3yb7p/6dX+M/+j9Pf+J//ld/7f/4L/yNdv7J//3P/jX/hc9/0e9z/69+++b8//g97v7Cv/HiN/gNf/Wv/qv+08k/89f9Gh//e7/Df33/D/ht/o3v/zd/9h/zu370X/x2/8Kz/+n3+Hv/xz/nP/n7Hvyi3/2v/8/ufe8P+d3+hK/yT/b+6n/qs7/lk7/hX/1XDv/aL178F//3r/HPVeN/a/FH/XN/15/6K//Yf+LzL3/ff+mT/+qL9d4fuPziwZ/xh//U7/ZrPt/6x/77X+PP+43+gKu/9n//8f/gv/qrf5u/+Tf6yfqX/C2/8N/6Q36z7/xae7/Jb/tr/M//5h/zT/wZ//2f8399/3/N/7zpb/Bn/pqXf8jf9d/+Cb/4J3/1v/2X/WD2h/wbv+tv+Tf8uX/Xf/EH/I6/6N//u9/8yumf/K/8OX/7H/2L/6uLn/r1/vzZ3/33/v1/+9/5+R/wj+3v/g8//vDgH/lTDv/N/C/58rf4JX/O73X9U7Pq3/8j07u/7p/5d/z6f/n1/b/ib/2t/4I/9e/84s+Y/2bTOzu/xdH/+J/8Oz/4Nf/7f/Ovv/z9f5O/8X/42+89/lP/71/jr9179i//CXu/xuO/4Nf95Pf+y//az37dyS/7H37r3/Dg1/lffsu/+n//6rPrZfnLr2d/0x8zXf8L//if9Wt9+eN/01//G9//B/+T4tf47N/58/+T//PZv/MPL37df/ZP3/tbf91f8+xf2P1zfpt/6N//s/+Zd7/0V/7U3/UP/Onrg9/o8i95/Jf+dv/I7/xv/9f/2r/5nb/pt/u39r73z/+d5//p7/qn/vhfWP2yf+Wv/nP/qL/jL/plv9Vv/+t999/7yf/xz/oH/+3/qPrt/5fjf+Knl7/RX/lr/1+/6g998E//57s//j//1r/vP/Cf/cb/6o8f7P9n09/pr02zf+7uP/lLf/s/8J/4u8/u/86T7/2bf8Ins9/7D/uDfr3Z47v/5sHv8Yfv/lW/7Pf7J79aPP6bvv1Tv17yj/1mZ7/G//y//St/37959uP/wu/26/67f0T6m5yeF7/FvzB6/d//Zz/2b2V/1O/0a/85f+dn/9rv9WO/41/7Z/z13/mb/6q/9Lf+i1/+Yb/T92ZXv+V//Nv/Zw/Pl2d/zR/yH/0mv+KP/k9/8T/6W//hf/QfMfkjfq+//ff/0/7Tx7/g3hff+0v/hL/938mmf/O/9pf+Rn/Yf/Td7d/2n/5Pft1f+6991vyqP+a//h/+8l/vt/zn6//4//41/pO/9O88ONj6h/7C7/wrHz/8+I+azXZ/l0e/2+P/6Dt//J/4q//rt7/Ff3D+R//HW+1/+A+8+Mk/8M/9C/6+3+av/aX3/rzRH/OH/UeLj3/5X7df/69/x9/5ax/+Y3/93/Vb/pM//W/88Yd/7R/2V/4zf8I/+w+//l3+ty/++49+8p/7vda/+X/2P//Tv/W/+b/976N3v//v/6d89Wuv/7PxX/B3/Qf/0f/9a3znl/0ev/G/9xus/9fLX/0fTPb+wj/gN/3f/s2/4me+/3f/37/GH/0b/efTf+evOPi9/sRf8o/9l//zP9+++LHf7eLHPv23/8nTq73/4+HW7J/5J//6T3/9v+K/+if/t5/8Pf6o//vX+APXxW/28S/+5M/6X36Te3/45Df51t/99/wu/9Mf8d/8Zr/Wv/tP/FV/yy/6V3/B7/Nb/QO/8O/5c/6J//Uf+fa/9Pf95Zd/0O/x7/zRf+Dv98mf8fY/uPjOn/6f/Ml//l9+/VecffS9P+p/+b3/kD/61/kT/sCTr/62/3Hr3/33Pvn3v/Pd3/m3+Pd+o//0r/wPfut/5j/8D/6bX/T7P/wtXvz2f+5f9E/9+1/+nf/G0T/6O/3Jzx//E+t/OGn+xL9+8i//5f9D+w+M/q4/+O+795f/5X/bv/mb/CWX/97f8pv/QavD3+TX/4+///v90enf+j//gj/rq39294/49L/9Fz69Qysr3/lf/vvP/7G/9ad/hy/+gb/gf372N/3Dd/703+Rf/nt/t1+j/sGf/I//4Df9I3/fv/KP+uXX4z/t1/nF7/7of2+18xO/+E/4837yb/s7/8G/+M/7D/7Iv+X/+PLv+13+pz/+3/ujfu//63/9Tz7+h/+H3+vB//1r/NTf9UdV/8HdX+fdyz/iV/+Zf+af/Jv+E1/9Hv/G33m09fvu/dd/wU/8jn/0rz68+Ff/4P/r/j/0l/+b/8dP/Du/0fR3/4v/tb/h7/rxf/0v/fG/8F/42/6av/O3/u1/n7/k+9//63/3f335+/0XX37yz/4h93/dP+uv+E3+i3/qX7z/L/47n8//nr/+vzn52/+Ng3/7X/znvvfb/cP/7R939d/+5K/4S3+j/+t3/bt/r7/rt8n//T/ut3j2a1z+8r/m05/4d/6Gv/v6d3r5+X/2p6W/7t6f9Ot9/pd89/Ff8Ff8yf/WX/+f/FGTP+S/+Kd+6z/qf/wT/7nf6c+b/vr/4H/8v/+br//Tf/q3+Be/+J/+tj/2P7v77/zy5m979nv8Owf/wi/90//Zd3/Dzi/4Z2fTP/yTX5k//gP+51+29X9+8ov/k3/jz/3dfuJ/+33+gD/+J37LF5//C//0b/mf/y7/45/63/zgF/3zX/wrf/Lv9R//zf/tn/ML/tLf7ff4Tf++f/1nvnXxa/zKw1/3F/3SX//v+19+5sF/8qvqs2f/6r/7h/4P//q/VPx7P7P/e//EH/VPjc/+u8s/53/57f6P01/8l/y7P/1n/B2jv+Cr//Lf/jde/rN/yuUf/4/+gj/v3/zq9/9D/7Ppd37yT/7r/+etv+wP+nv/5t/0z/9nfv2TP/U/+Lt//9/+t/9N/8jHR7/P7/T53/LFH/Yn/KY/Tss+b/7V6lf8s7/X9T/7N/6p//kf/Mf9zD/0X/45f/Vf/+78v/lv/pl/5t/+C37y91r/ru9+p4tf53/6or7X/vKDv/A3/m0e7P7hv8v/8m83v+w3//eu/snf+r/6tPp1fr/f/t/4y7/1F/z0P/wL/pF/cvXwF/1bv/qP+Sf/lZ/5bX9J9fgP//jNb/Su+dMPfsV//Nf+1P/6DxV/we/y933/+E/4r/++v+zu7/i37v6jv8W7j//rf+VP+cEf/Dv/K//u49/gv/30V/22v+4fdNj8ab/Ob/SbNv/7dz//j/7E3+DuH/s3/CFf/tV/7G9Z/BU/9nvt/Vo/9s/+Zi9+8fS3/tOzz/6c/+Y3/1v+4PTXffF//ncvfq2/8W/4Tf+j+b/xP/zmv+13/5R/+g/+4/7d//7w/Dff/5P/o//h1/73/vf1X/HnfPd3/K/qv+dv+Aurv+z7/8G/++//+9/7D8b/6e/06uRf+mX/6K91+Jv/8+v/+9f4jf/6n/zkzyj/5P/rj/sb/tH/8y/6R/6u3+BXbO/N/7V/4M+980e/GZ39Fz/zz/6TDycPf/t/+rf+V/+3X/grTv/y//2vm939t/69X3f7j2v+pIP/q73+TS//uh/s/ut/3eJ/+Ier3+MHv+By63f7pX/XX/ODf+Mv/Sv+mzu/3v/2N4x/weM/5SLZefdf/6G/72/zd/51/+Tbv2T+6/71H53/GQ8v/8jr3/F3+fuzf/Pq9/jjT7L/9f/86n/4N/6DT367P/7v/7v/7j9g8jv9VekfcPH4//jX019x8W79ez/5A/6o//TX+AN+vdXOtx7+zOlf+bu9+nu/9df9u7/nT/6yP/rX/jV+kz/oF3/3z/gX/8Dm7/rj/pG/bPY7/81/1X/1i/6trw5+xe/4b/9nb36ff/vqd1r/lf/M73XxV/zT/8m/W33yM7/tb/Mv/Me/Xbv4t/6ZP/Wf/I8+Gf1vf8n/cvnRb/2f/h0f/fjv8Wf/DdWzv/3POfxj/+zl3/H3/jq/Y/MvTn76b//PLn71Sf33zv6q37H5Jz/6a/6Np3/n5freuz/kv/0X/pd/7Ff/Tb/+P/cH/ea/73/xV/+n3/tzf/G/vf3PnP3Cf/SP+x9/7d/jLz+7+jX+ln/wL/h1/4D/6/f9w6/unvyh/8bfdP/7D//Kf+MnFn/yX/ZnzP79v239L372e3zrt/lLz//KP2r9vT/2H/wN/+3v/4+zP/Bv+1P+0stf9If/t//7v/HJf/gf/HHn/035J/3Yr/rn29/mf9//Ox/95J9fNL/OX/PHNr/6H0//kF/zH/o/vvW7/DbF5d/xO/yf//nf/tf8U3/T5z/+rU/+jm//mn/Ub/+f/kvJX/v7/IbNv/Hv/Ff7H/85f2n1B1a/8/+xenReHP9b//b//rt855//Y/7HnT/5T/3u/p/xt/2JL/+It//Vf/Yn/2n//cs/6E//df7T//F3+Nv+hj/gX/+j/vY/65f+m//JH3/0b/3Ff9K3n73+8f/id/qf/5BPkv/13/veP/YvP/l9/pSHf8KP/e3/5F/52//6f86v/B3/w9/03/+3/p2//V/+V3/5P/l3/hn/3u/09/1z/8Lf/X/97v/Rb3b9N4y//V/+rf/Ktx/9cb/ev3D+rX/pT/sP/sP/6aPPj/69f/3J3/i3/u7/6n/5kw9/44/+nQf/+l/8Z/xn//Rv/Tf+03/3v143/+Hv9G/+gf/zT/3Ep3/Kf/Jjf9zf9Pf/dc//und3/+B/+B+//gv/2P/hn//T//k/tvjj/tnJzh/3u+W/+1/49y5+/bT+dcvv//7/wff/t8nZcvdvPf/1fvB3/h7/19/zb/67j/74//pf+jO/eHLnV/3Z/+v0D/wj1n918yfdnf52//ev8Qf9lv/nt/79f2zyy37vf/mf+C8Osz/m+X/6d/1Rv9Ef+Cv+m7/iT/sj/6/f7J///t/8h//iv+qf/l3+p9/m//41foe/8Pf696r9//LP/O3fJL/JL27/rz/9j/3T/7N//rf5J/6Mv/qvOP1Ff+3Jr/P3/iP/9Lf+6sU/9if/qf/j7/sv/IP/E+VgV9u/Iv3uL/rxn/kD/6O3f88/8E/+r//4X/xr/1/f+/iX/dZ/5V9z9//44hf++r/6X/vsDz77S/+ZX/8fffsv/m5/8C9efvk3/KvfO/qpn/rf/pB/4t/+o/K/8w/57f69P+w3/FN+8+PH6//63/h7//Hf/0/6N3/rv/ofyf7ny9/ld/un/qr/6E//8T/+H/g/f7D+S36HX/gb/x2/4vDLP/q3/S3u/2l/8d/zm279Rv/rP/In/k9/w9G//T//R7/kzp/1m/6ZP/F3H3z2f/8a//r//Wv88evf5Tc7Ofsr1v/sJ7/u5Jf8QX9D/p/+5v/bj3/7q//s//wb/qM/7//+Nf7db/01/8ov/DOnP/77/u6Pz37RH/J7/u5/4q//f/6lv8+j9b86/usv/6nf9+84OPy3pv/FL/jDLv/63+O3/JP/71/jx36rv+h32vn3fvH//Wv8zP/+k8/++PVv9egP/y//7NUf/ff/gf/lX/bP/of/55/8e/9eZ7/vf/Un/MP/ye/1V/wpn/zO/9S/+0+cTf65f/cfvPf9L//43+h/+Xferf/Ks9/qd/6Nn/ytf+gv+wP+gj/7//jkz/qfR3/H//KPFv/ZP/c3/pH/1V9/+Et+6a/85X/DH/mPv/ob/9e7f+Tln/R7/9f17Df493+PP/F3+cf+yc9+0x//Xb7zZ/wP/8z3fsEf/jv96p/5Nf7kP+l4988c/SYH/8In/+j9z//R33fnP3/6R//v27+43flV/9eP/eEv/r3Hv/5v/9/+yr/7b/zt/+ffYXT5z/0zO7/RX/iv/D0//Xv9+9/+L/+K//N//cHv8Uf8h5d/+E//46vf5+R3+ceSP/Un/+5367dbf8bv/S/n5//Mn/ZPl7/4f/1Lj//o6f/0v/4Z3/3f/vu/9A/855K/8T9J/8nf+1/5p7/4Z/+LvzP9nf7Qf/E//n1/2Xf3/9C/7c8d/7v/4e91cb33e/87/+gf+Ml/9Pf8Xkf/4Sf/1e5/+Hv85X/A/3H6p/9jv9mv+pP/oH/0N/4nf/dv/9d/6H/9v333u//x3/WfPvpP9/+MX/PlX/jnPJ/9Xb/2r/gb/sD/ZJr+q3/l7l/zW/zCV7/21r/325Ij92/+Tm/+if/+v3n1i3717/67/Ab/7Z/8Wxa/07/0R/8j/8R/n/74r/fsv/3j/tB/5+/5q//cL/+B/yn/8//Ff+sv+hP+m7f/9faf9unJt3+N13/XH/C//JoH/8fbf/7/SP+7H/+D/9Hf+jB/+L//od/P/4G/+Hf7C367/+lf/1v+lH/ik1/9l/xav/af8o//qb/1X/nRT//Hv/0v/ud/p1/wd/wbf8bv8M/9tb/TH/Kf/Jp/+5/+j33v2Q/+5D/0v6p/j+Tv/4/+jN/nf/gb/9L0D/9T/6Df9nf+sft/8Pqv+m9+7Df6n/+hv/cPPfybF3/Rn/Rj//W/+gf/G3/ju9k//1u9/vt+n9/it/unft9fcPx//em/7l85/Uv/zZ+5c/UH5n/p6Bf9vr/mr/Wd3+D3/qP/71/jz/jr/7X/9a//nT95/q/9bf/qu//kn//23/23ffrH/xff+av/tt/ir1z9i3/gn0F5o9/2v33wv/4bv8Nv8Tv+0b/DT/5t5z/zz1wftX/+P/n7/etfPv0LDv+NP+/3//Y/+pv9tid/3//5f/yJv/8/8af/Wf/ug9//H/3e9/+d7/2x3/4Nf4uzB1tn//S/OH2T/0t/0bNf57/5O37t3/kP++P+w7/ikz/nz/iv/6g/4DdN/8L/8uU/PPpTXvw23//P/8DvzP7Wv/tf/kf+ur9z93f7n7/82z//5/7sf/Lk3/rXv/df/NH/+d/5T/8BP/jOkz/o1/ydpv/tT/xvL7b/xHe/6I/7J//D/6r4M49+l7/re3/i33Y2evvb/wHNP/27/an/xLtf+df87f/cv/ev/X5/3R/xX/z+v/zv/lvqq7/gp/+DP/j+//H7jf7V5fYv/2P/2L/6r/8X/5w/5D8c/Xd/7J/y4tf/T/7A5B//+/7k3+NvH//eO//0n/4P/vk/+AP/4cO/7E/9T5Z/2l+4fvVPrD/+7A+8/C//93/1T/jPP3356M/7c/6Ivzqv/4D5f//0v/obfu/Ft37rP+if/Td/5//k9/rX/rW/7/iv/v4v/Pf/xl/0C3+D/+qXTv/5q+/+N+2/+ff8zOg/vf5z/4Df9Q/+5/6i/+iX/b75X/L7/HWHf/Zv8l//dn/3P/ML/su/49f8T/6aX/JHf/lX/y1/yn/87V/xV/9347/gn/mJZvl//b5/8b/22/z4j//2v/yv+4v+y9/wTzx+9bf9ueVfOfk9v/Xm//rb//rf9I//8W/9s/9++b/+8ZP//YvP/5EHj/70f/6f+fX+rj/8L/0DfvyzN7/oT3j3Xz38lff/8z/jb/mjf/nf9Z9e/ZI/5ft/Xf2H/85/0G/3T/6Dv/Dv/bP+yt/4P/r1/7bHf+ef9T/8dn/CX/pb/yP/1R/8Oz7/93ePfuq/+c3/lD/w3/53/8X/5a/563+rP/m3+s//+j/h9/jH731n/Xu1xW/3h68e/q9/w//6W8z+p6N/8p+e/fb/x2/ym/6Kv+HH/8mXn1d/3d/4p734F/f/+3/6v/9z/vtf/o/9gf/byf/4m/zYr/fr/pf/3vT/+OTRH/ibf/VLf63vj9P/4Nf917/zJ/69zW/3v//nX/zE3/EP/IdHf8blH/VnT/6d/+13r59d//Xf/+gX/v5/5E/9vX/N3/yP/3O/0bf/q1/vdyIP5e7jP+zf+30Of49/4XdL/8t/9df7S/6v/5nm8U/5T/7T/+sX/q9/w/fqv+6fOvsPvvd3/Q1/41d/9x/9txf/1s4//Pi7f96/9x/+1X/3H/+H/lpXv9avd/343/j3f8V//8v+vXvbf8Nv95/+EZ9968/7U5/+23/+7/2nP/5bf1nyH61/r3/wwT/xXz356A/+7f646e+x+w//l//tPz//s9ef/u1/2l/09E/9XcbXv/W/8Lv9L7/Lb/lTv+Mf/eMXv9lv+eO/5h/+k7/qj/6/nvwpv8Nnv8d/8vv9u7/44eUf+jf/F//In9f+8v/jv/1T/75n//ev8Yf9Lt8p/6Pf8c/9437xH/jX/vX/96/xW/6Sv/xn7i5+4V/21/8Rn/wFxz/+L/3SJ3/L+uWP/29/4F/8m/8f3/3ux//TP9b+N3/vH/On/K0Pf5ffvPpi+Vv86j//3/k1fux3+lOa3+fP+f3/iL/93/3V/+0fWv2lP/3q89+t/Iv/jX/7n/r1/+Z/4ehPf/u9//kX/KX/8V9//hv+tb/H3Z/5M/6bv/QH/8Nv99/+Q3/9Z9/9T7/7x/3Hu9/783+fv+M3+Cf+t3/5N/81frf2n/rt/5O/+U//F/6o/+4PePdnfudf++/++u3sH/g73y1f/+7/+v/243/lwV/7O/xrf9X/+jv81L/z+31e/0v/1n/3Jz/7A9ur3+K7f/L/8df+uf/G//HVH/jX//v/51/68k/+y//M3+7f++/O/s+f/uIX/m/f+Vv/0me/1l+3/Xf+Ov/zf/Pr/o5/8y8/+oP/p3/pj/8/fvc7f/Kf9Xf+Gb/Wr/0vtb/w7/szf79/dbz82/7p/O/84/62n3j0P5b/57/3h/6J/9kf+K1f/j/+Oj/9d/ybj9o/5+l3fq+/7BfW3/nf/6rf6Xf5337jP+D3+T1//3/k0a/+T3/lL/r7/+5f+euPf/3/+I/7v/70v+w/+CMf/9J7Xz79t/6vX/CvPDn4JX/Gv/wX/5N/1e/0x/zz/+ZX3/vH/pzf7/f+i3/df+rgn/rs3V/zO/yJf/x2u/5X/qLdP/uv/7/+yd/2z/qn/9Fn/9Y//NtRXvsvvvpr/ut/8/In/pvq1/69fp23/8U//rv+vr/5n/JLftNf/0/8N/6Sn/pzTg//nP/9F925fvjb5v/hw3/rN/33/4bX/0n+D/8R//Tv80ec/FN/1fWv+I3/+fx3+aN/m8v/5dv/xt/z+n+Y/rO/7a/9e/zFf83/9cn//PDf+PseZW+v/pgvD87+zt/on3l98Rv/Sb/GP/UL/4pv/aN/3O979eCX/o7FT/w3j2Z/63f+rV/9+Nf5w/+v/+s/efbJ57/nn/I7f/q7/Kb/Yvub/tv/yd/3Z1z8+J/6d9b/61999Fve//v/wj/kV/yxv/rf+Hc++iN+t+f/96/xt/13v8dffv7f/Ma/y/86/vN/lz/3F/zKX/Zbv/6s/kd/l7/y/l//f/5r3/nyz/7zvv+P/2f/4E//Kft/2F/6z/yhv8Vv8gd//j//5B/5R04e/DH/1O84+1P/uF/7z/sDfovV2a/8G1793n/D93/mr/pH/5o/4rf/iT/lxR/4l68fbf/p/8t//Xc+/5/+qT9l71v/xO9z+Z/9sn/1/p/9tz76jX+vf/Tf+Od/wZ/3d/47f/kf8tv9xf/L//p7jf+Xf/IX/05/0K//2dvP/vqf2a12f8uf/pN+s4OPfsPn/9df+cf80//a3/Z3P/l3/8q/8OLX/G3+qz/xd/s7f8O/a+e/2f1z/unFb/PP/Bazv/vf3P7Xv/yf/tHf8p/+P3+N//Onn7X/0hf/8fzP+E9+z+X/8NuMPv3NRj/zW/4Jf9AP/tN/8Ad/7e/xR/19D//4v2n+x9/5v3753/pbvP3yH/mJ4pP/+Pf4rT79c/K/7+/+1Qdnv8N/8mv8NX/VD37r//YP/Qt/8B/9d//Jn/Af/A+f/vm/7/JX/0V/3K/3f3yx/0eX/237+/z1f8Uf8b/8D//Ov/dT/9g/Ov81/pQf+6//z+Iv/epP/af+iP/wXziafv/6N/4LfpOj3/d3+r/u/6lXf+3f/Pf8Ef/Bv/wT2y//hF/vN/lP/8dXv+rf+Dv+zT/5n3/3/I/63e79uj/x5/+Vf1zzF/x5X+1/57s79z/6J3/i705/p+s//l/8T7//H/7Dv+p3+2P/yU//1L/xn/un3279R//7P/GP/u//5u/4i/7Xe/X/+Gud/cL/9O89Wv56X362++f88uoP/pO3/8M//n/4Xf7Z7/9Nv/fzf+tf/NUH/+Ov+Ct//eLX+TP+8Mt/9vf59//sv+w3/8f+oT/+v3v329dv/8Rf/fmf9if/xZ/9tn9D/Zv+K3/PL/nOP/9f/Mvjf+XX3/7xvfzX+i//ii+uf9kf9OU//+jO7/Sb/1P/5H/51U/8N1vbv+Gv/DP/ub9174/+8/6X41/z7/nq7//0P/p9r//lX/93+1ua//AvTf6Jf/vP/u3+zocP//rf+Ftf/q3/3m//m/0WT37Lr47/r//lF66Pfpsf/J9/2l/xX/6jd3+Hv+mf+0V/6p/3n/4e/+X9P/ov/Ud+0z9s+e9+/IP/4PN/8l//4qfndz7535b/wemvPfuX/q7f7Tc9+b9/jf/mr/v7v/XLv/fuB//7v/fv/LOfLv/T8X/6P4x/zf/06G//K37XP/v1d//kf+J/+9d/33/v3/0zX+78Z7/L33D9N/zKf/RPXH/8h9/9A3713tmP/aG/6x/6B71c/tq/2y/4B//Iv/4X/X4P/7h7/8T2rzz6hb9091/9L/6Tv/f//jV+7TGFZP/BX/bX/Cfnf8e3/u7/6Jf8H//3r/G7/u//xoO/9V/6N37/3+D//jV+k3/u//41/qc/4u3l5N//K/7Y3cN/4H/6i1f/4d/4U//x+tf73tM/+X/5qTd/2m/9L/5P/8cf/yf/iX/9D36PP/zP+PbP3P9PPimmf/Lv8B9/9Jv/1b/f937TP/VP/MF/cv8f/E3/my/Wl7/OL5j/sj/49/kNf93f57f9jR7U7/6bb1V/9U/8W//Jn/uPPfgzv7v64/6av+FX/Me/3uG/+Tf8B9/5jf/T5t/6HX7Zj/9Hv/pf+7O/9y/+TX/4vT/ld/t7f8/v/oq/4f8q/oBf9s9+8Vf9Puk/9J9eT//3X/u7v/33D/+YX/Sv/95/5k/8A7/6/p9b/hff/VUvf/Dn/Gf7/8a7v+/3/aN//E/8e/+I//Rv/J3/27/k6d/05/x3z//3v+zVr/vbffUn/MKD/+Mf+qvSP/Gk+s3/4YO/5+//M9Z/wKe/W/Jr/IrHf+F3/ox/5Fv/zi/4g3/wv6//sZ/8N36HP/3f+Xd+z+mT33B39ef+Xf/e4eWv+Ot+09/6//41zv/d/+38N/xs/Cv+xskf8b9+/2/5k/+gf+ar1e/5v/9nv8tf/rv8Fv/e73b5u/w9v/k/9D/9mr/LP/uH/Obvft///Xf67p/2X/3+5Z/xf/z4P/2f/xP1L7rz46v/9Xf+r//5/3D2m/3xf/7/8Pv+z//d7O1P/qK/9df/vf/j3/fP+0V/3K/9+/5p/9i/d/bjf98Xf/+f0Pwx/+3jL8//1W/9fQ8u/4X/5i+//Gt/p/9r9t3f7j//Z//0y9/1D/4v/qJ//bf83f/mq38o+U3/7n98/nt/++/4E66e/S2/xh/3l61/p3/j9z390/+BZ4d//0//ir/jP/7k7/qN/4jf90/5Tb/z6I//b37x1T/6S/6Q/+Y/ePef/OZ/xN/yp+3/ob/Ob/Of/on/7G/9+/0j52SODv+xf+Yv+wP/2V//9/g9/7M/8L/7R/7S/+mr//lv/Vf/gL/7L/j13v3Uw51/5o/9437dX/NP+D3/hWf/8Z/8F/wRf/z4v/m1/+O7v+Wf8i8vd/+Rf/dvefgLLtLmX/zq//ir//l//9/7Z3b/tV/2N/5m/8g/+d/9xu2//Bv8Z3/Hy7/rt/tVzz4/+j/W/+cnf93/9O+tfq+/6POLT/7U3/Af+2d+g9/+v/ryv/19/8E/5jf6U/7xv/z08R/6z/xe5R/xTz7+m//Fz37VX//9X/Cf/dR/9Wf8Kc/+sT/qT/vP/tPf/tf858/+0oO//rsv/oJ/4b//V3bO//B/YfKn/3pf/Zt/x+/xj/w9v/OPH/+9/9r+3/bnTD/6yz75W/+ZP/6P+C/+y1/1y/6Vv+W//LvXf9pf++/9XS/PXv61f8zf/Ff8t/eK/+g3+PhP+zX+3X/1F/1Tv/F/+8f8lr/jZ3/pP/yTxd0/9Ff8vX/sJ9/9m/6Yf/af/SNnf/f0d/13/sntP/W//9//jV/nr03/lcX4x/+Xf/3P/t0Pf/J3++3+nX/0r/ydftH/+P1/8Q/+78fbv/S3/m9/vf/97Hf7c5rf6c/98/6zPyk7//3+wH//o7/rN27KX/rb/e0P/7Szv/mf+q//tj/+//jV/+Xv+gc++quv/+Rf0h78hn9989Xf9af9k7/zL/+L9v64rV/y5//9f9dfv/3JP3f0C/61n/p89O/+elef/pKf/kv+rf/6n0+vq9/tT/o1dv7mf+R7v8sfnf7kX/8n/luLX/7v/ud/9MW7f2ur2v/DP/4b/4pf9Op7B//RH7v/F/59v1Hz7/8mf+Cf3/45R3/0X/Ev/k3/wX/zJ779sT/gL9v//PGv/uV/1T/wb87/3D/+7/jz3/6FZ9//z/7F/+Zbv/Hf84f+GVt/+W/2m/27v/mTu3/n7/xfnVz8tSf/0X/9t/2Fv+E/+0v+41/1H3zv8G/7zf+9X/N/+TNf/mO/3j/83/95v7T91/+nv/7v+Ov/0v/zj/lPfvc/5if/uL/vD5j+5n/Xv/jP/Qb/9b/653336HHxS37TP+L1l7/uf9r8Zn/4P/k7jf/P//Bf+LP/8v/2n/+N/7Y/9e//j+5dlx/9UZ/+3n/qX/jP/G0vl2//tD9y/y/+aw7+/OTgT/hb/7N/9nf4rX/zf+o3/Z13/so/50/+j//V2bNf9vGf/eI3/ad+q9/sN/3X/vU//tG/v/3XVcs/6uLv/pP+rK8+f/lX/tV/za/3b/3Jf+Hv/uz3+Ad+1V//9l+4++//Xq8fFX/lL/5D/8W/8q/7/X7q3/5L/65/4l958ev/Lt/5r/6Pj//Tt3/+r/V//SffW/wO/8q3/4o/7B/6h3+Tf+PlL/oX/sDkv/h9fosH/975m//19K/9bf6ev+3yX/m7/5c//h9e/7u/7A/9g//HP/hP/Df+7r/0L/7r/vbxT//Kf+Wv/2f/sd/wL3v+V/8Zn/87J4v/6/f9N3b/lb/0T/offq9/a/UH/v3/xt9W/ZV/zid/5ulv+Hf/afnf8Sf8Ye2/+K/8rX/in/N7/FG/9Df+6uPL323nL/qNfzL9nf6uf+HXfHXnN6JY68/5m/7kv++nf+r3+Pt+zX/8+5/9wj/7j/v3/9XPTv7R7/5Vj3/Xv+yf/LvuffLP/Ql/6R/ya/67f+J/+1N/wS/82/+k4lf+mZe/12/9t73c/96P/wn3H+88/Pjhv/jlv/F3/4F/5H8z/ut++/9i9Ff/2Me/9l/18F/4A7/z3/2K3/GvPf+b/vW/5G9u9s//3fHv+4ff+SN/u8fro3/9r7/4xX/yr3t+/fv9rX/DT78s/tv93/Z/+FOu/7g/7tf6q/7Jv/L4+//3r/GP/AZ/7u//r/6KH1v/Ph//3X/y9sXs1/vJfyj77b/17uhv/y9+h7/03/3sD/+P/p4/+V/+vf7C0Ue/1u/13x/8C1/+2n/M/3D0a35xuf7t/5K/9S/4XX/83/3nfsFv/5v81v/kn/Ef/vXNf/Df/Qf/zu9w9Fv9bX/Mr/7yf/7o3/+L/pxv/3d/3N/8t/4d/+Poj/x9/6Qv/44ffPcvePtJ9b/+Pt95+B/8vTt/6N/943/DF+vf77fd+/f+gb/zN/7H/5X/+t/4T/6ZV//Wf/nP/xO/yT/3v/56f9///Wt89Qfunf7Jv+a/8/v+uv/iX3n8nf/9D/vJP+zTf+fTv7j8W/7Zgzd/1J3t/2LnH/7rD//Y/+1v/OgPnVzf+8P/sb/yb374y/+vv/0n/oz/9u/+gx/+j//87/vss9dvf6M/4E9q/vn9X/0b/6XNd/6l//FvHD3+1YfVo9/43338j/8Bv8bR//Wn/yv/9e//m/yKd7M/5X84e/Xwq9/oT/7oO7/J/3D0X//2/+Vf9Tf82Md/1+/5T/31f/uX/9Nf/U/+ir/hH/2P/6+/5N/4M1+dHf4uB9mf/Of9l3/wn/B7fOev/ff/rT/39/4P/r6/6+/+n3/7v/UP/Yl/5Y/9/Nf673+jfzT7+G88/PI/fvP4F/3Hf/Xy/7iz/c+trl8V/9nv9Zv9xB//N/8Fv90v+fV/6//67/xdfqvHn739HU/zv+Lkv5z9Eb/7VfO//Zu/x3/yF/5R/+RX/9P/9dcWv9G3/+D//vd7/Lv99IPlP/Rr/4l//cUX/+yf+/r3+bv+9nd/7S/4Tf+K3/Pv/Hv+9L/9b/3xP+mf/zMf/3G/5r/2F/4bf8cv/2+//Zv8Jevf5l/96/7Lv/kP+SX/xL/xH/8jn/wNv/R/fPmL/sWf/hf+jsu/81/5L/60f+GLf/8f/l/+s1/yl/1R/+qv/rt/xWf/7fee/E//xF/xL/7O/8Ff/Vf+N3/kty9+3T9u9d/v/Ua/9h/0z/2ev/2v+Ocvm3/1u4vf6Z//vf7if/3tg9/iH/stvvcH/qbvfo9nf1T9V/6zv+x7f+Vf/Tv9m7/lf/Jnf/F//Mu/1y/8y4t7f8kv+p1+m//r9/747/pVzV/w5/+3/+bflv9Lv+1P/94/8/hv+pN/2T/29/zh//PBr0x/vf9r/S//Nz/9J/0+//i9//b3+w3/pf/1zm/46/51zy7+99/ob/q/vvov/+7vvf7Lf/r6D/wjx7/i1/2f8j/+L//LfuPql1z8bn/rr/2LfvMfGy3/oL3/7H/+F/7lP/Ef+bs/+bE/49/5N1/+CV/8Zn/un/uH/Ya/01//C3+bH/+7fud/6598/Bv90vv/7e9//uhP+wfW//2/8Tf+gdUf8hf/AX/H//In/4l/VXr3//rDf+/f4n/7/f7r/+jv+1P+2c//pO/9Ov/0L/k9f73y1/7Xfqe/4z/8V/+Yv/Y/fPXl6E/5bf/kv/hs/Ov/OX/p/De6+gW/OPk3/94/4e3iN/veP/3r/Ct/05Pf/l/7T3+X3c9+3d//7/8Tfq/v/nH/w7/6n8xe/vq/zp/+X/4Vq2/9+f/+f/+nfvL4f//D/ojz/+xXpYtf/7O/6/f4F/7c6d/9L/79f9fsP/k3vvhL//h/5c9782f+Oy/+qY8+/cW/2176z/wFf9Gv/J3+9f/8Xx/9melv/5/Tysuv9ef87//Jx//7X/vmF/yXf86v9V/+xH/8H/5W+7/fb7X4Lf7Ln/gH/vY/byf/O/+c3/1/+c/+oR//Hf/Y3+h//wP/97/md/4D/7F/6c//6N/5h/+68V/6B47+lF/wG/1O/0P5m325/MU/+Kr56/69f/Iv/3u3/oRv/8zf/geOv/2v/69/6p/33/9TB//HJ7/Ff/uP/w5//n+3+sdH/+Q/+wdfPvvj/rE/7Pf9L3/tf2n25/yVv/Af/n1++//k31n823/n7/MXjP+r/+wP+U3/tcnf8d9nv/ff9k//nk9/i29//j/8W//lX/GDX/2Tv9Pf+W/u/XnXf9wv+TP++n/3+8/+nPU/99vu/eb7f/h3lr/On/pv/v3b/3j95X9A0eD+//o//d+/xt/15/2J/8Kf8yt/8v/+NXb+jP/mv/jJzz79O/69X/rkr/ony//s//iD/sK//sWf8Tv+0xf5628//JP+7fHo1/yNtv+yP+lP+Cs+f/x//W3/8V9z9Gv9u//u6e9w9/f89b/zp5d/+uHsf/8LvpX/7f/1H//3/a9/xe/1J5/+lX/3n/RnPPx9//fXv85v8Q++/pP/x5/6v579ZnceX/z47/Tq+tf+7V9+8Wv9F3t/2Oj3+MNe/VG/4X+2+He+XH3ye/+uv/Ov95v89PH8Xzn93f7RX/M3+4/+pfE0/Xf/ntnv9eOHV/9e8+qv+zV/z9/+p/7l+Y+/+/2e/Id/3+/0B/+3X/3Wv/Zv9J/8QX/XH/Lv/6F3f6f/5M/fX/xOL/6ZX/oH/Kb3//qr3+GfHP97v/af8K3f9o/9wX/0J/wG//hP/+l/3J/76f/1O/wz/9fTv+mj6z/+x7eSX+/s4x//Xf768jf4S//V7b/vq+rdv/wPN7/TL/7xP/w//E1+/3f/0W/ynzW/zy/4BX//X/iPPjv8Y3/DP+Bf/S0+3f11/+zf7geTv/o3fPtf3/8d/+l/8G/9L3/xn/kb/S9/5B//R/9+/9mf93+1Z//e3/a3/91/6Gj19/77v9vf8d+O/vJn/8p/9gft/Qa/2/Q//K3/1v/oj9r/73+PV3/IFz/1i//yP/yrP/T+n/2P/dk//mv/9r/yL/6P/u5f/Pnd8u/96u8e/VYP/8/mj/m7/+OLv/vv+Af/+L/4X/vxf/mPuP67/tnf5if+2z/8t//r/vvFF3d/yW+w/8/+4mL9+8z+nN/wn//O7/GtL/7m3/Xhr/NX/6O/08Vf/F/8rePyD/uj/pt/41/Z+TV2/6l/+Hf5zr//x/3D/+df9n//Gv/OT/1z/+Kv9729f/ef+L1+j3/wn/tHf8Vf90/8uS9OPv5zr35R+q0n/33++/6Cf+x/an75X/yHnP/E3/zyV/02v8/v8t//TZQB/vP+3b/lrzpc/Kf/6//9a3z0F/zK3+Z3+0X/K6Vppv98+vf/wb/nb/5v/ZW/87/1G/0rv+Efl/zdh//Dn/SbPv2pv/fX+ej3GM9+r7/zP/uD/qHf7Df9r7/6N3/iz/qNnv3Jz/7Sv/K3/v2+ePIr/pbH/9Luf/Xr/prN+f/1b/1zf9W/XPzq3/uvevhb/oqjv3J0/Vf+3v/2f/BP/gZ/zE/+7X/Ir/Uf/1n/w+/+Lzxqft9/7O988Nf/yv/yT/5b/6t/4i//V//d2X/y+/yp//w/efFf/Dl/6h/7Xzy5/Ol/7lf8hr/b37n49PAX//s/9R/8jh/9W//s7/PX/eN/4l/5F3/23/6tf8S/+O2/+0/Y/70oCfd2/tf81tM/5Hf5W/+RX+O3+7V/zc9/6/9i9R/8UX/bJyfV493f67/4bf7L/+JbR3/6T/+zv8+/lq/+2L/6v3n9B/6tlGD85M6///f+LX/q3/I3X/wT3/2pX/qHXv1n33/30+s/+c/85776u/+03X+y/F/+gz/ib/3v/oHRf1hc/s//+F/xX/1U+Yv+sd8r/bOf/8E/9t/8nv/Rr/2Pt2f/8ff++Z/c/fh//QV/+eM/7OKf/7v+pPT/+Kf/ut/59/+P//V/8d/58d/nP/zyX/2XfpOTF3/dH/g7rf/i3d/3n/o3/q/x//bP/uTP/P3/3c7d/A/593+r3/Sf+x3+0b//f/79/6j1t/+5H/wFf/1f9fv+k//3r/H43/mP/5Bf8//6rw7+hr/j3/yHf4ff6nf/A/+2x1/8Jpd/xifVb/M//AX/2R/8+/wOf8Rf+JeO/tY/MP8N/9o/a/o7/nF/6p/+x/3J/9B//Rdc3//2i+f/xW/x2/yBf9av+gOu/un/4s/93f+U3/xP+m/O/ru/5G+f/p3/zn/2l/8dn/8Bp7/Xf/783h/29Hd58af94/9c9hs++SP/9P/zzu/3b/+J/96/8/c1f86//3v/cX/f4z/mpx8u/uQX/9Lxr/WHXP9zf+GDl/M/7Pf54z9Kfqv/6OLgr/pX/qXf5Vf84X/Wv/nd/+z6z/iHf7PVy+ZP+NbD9u/42/6Q3375+qf/mb/8P/0Djv6nf/q3/z/+4d/q9/1r/47s8x/76lt/0W/6S3/F+e+49W//1Oe/+x/zn/5509+6/Ps++Zd+iz/wW3928udetL/f5z/9Y3/3T3z05D/81u/yj/2Xv+rVn/W9P+X3PP4Vf9l/+Au//HV+8cu/fv/PfvJjr+rf87f6df+xd3/2b7DX/AWnh7/BR3f/hN/2by9/+ve4+Lv+pr/zN/zD/oz0t/y1/7i/4eHH/+H9sz9l67//K37n3/Dur//Zb/zVX/8Xf5b8jv/bP/MHPfyH//L/4Hf8O3+Xf+NP+d1+1W/3J/2m/8pftvxNDv6JremTT37Bn37+r/2F/92v/vP/sf9+9Ov/7T958Dv9CT+9zv7PP+fX+J2/9+e9+u3+3B//dPmd/+Mf/Yv/muPv/U5/QPK3/GP/55/0n/4bf1Hyi/61l/vFf/Dn/ft/x6//gz/k83/yp//WP/BPPEz/mL/03q/5F/7X320Of9v/7F//H/67/+iX/ffj3/30l/4Gz/7df+Vvubv+77/zX/zHf/lfcP27/8n/+9/7d5//Hq++OF3/Vaf/+f/5J/02v+mf98v/k7/4j/+tfpM3/9mv/Iv/1i/+6J/6T/7zf+lPfvDP/wW/3rf+vn/gF/8u/8F3/rH/86d/0W//S/6iX/Tf/PR//1f8Wf/m3l/3E3/TxfIPevV3/bm7/8ff/Of9eX/On/Pr/k5/0KM/4Vf8Hf/76O/4N//vX2P6d/1xf9l//If86dM/7nf4Y36v9u/80//kP2n5+g999cmf9od9XP3zW7/G//pr/eV/wq/7u/ziX/wn/vTf8zf/Sb/2t1a/+A9+9Ze9+J//o//5f/zix/6pv2Txe/16n/z2/86j2b/66/z6f8M//Bf82X/9b/6bH/x7/+hHf/5//gf/Ib/J7/nfnv2xf9Yf8p9+8ad80v7pf8cf9O//Gvdfbf2Z6T/45Pqv/2//rL/0F/8B/+4f8R//iX/mX//q2w9+o193/9/6zf7ry5/4d3//3/Ev/g3+7O+ln/yWf/Cv+u6Xb//a/2b1h33vwaf/9Z/wR//h/+cP/o3v/LW/+9/zF/2uv+8v+C/+sj/ht578Rn/mr/F/fuun7pz9ub/lf/gfvvi7/v5/7Z/4D//Xv+z8r/j3fve/5d/5x37Z73/4j/2q5Mf/xL/rv3n41/3nn/7Rf9ffVPyif+t//u6P//3Hv92n/+u/9AdcZX/PH/R3/erfa3H0+bf+53/2o+l/Pv63/8m/8re+/B1/4Z/y21/93n/Z7/lPPP19f51f9Xf9Z//FX/d7f/+fv/rtfo2/5O/4Tf/93+6f+HV/8m/9aP63//p//9/9p/8ZB2d/3G/xi/7BH/+1f9W//Df9vv/Qvzb6z/7w//l3/+d+n9/5ye/0r3/+x13/Hvd+29//J/6Dv3D1D/59//5f8Jf+yd/5tf62X/8PffGP/Xt/2V/yu/7LL37JP394ffyn/DF/6N/x6/30ux//df/g9A/+r7/8k0+2fudf/BN/wN/99ss/78/9fV7+Zsf/9V/wn/yZP/kn/JbT88mf/kf/L3/Un3z2L/wb/94Pfulv99f89B/+e/7mf9Lv9Evf/J1P/7qf/hv/kMv/6bf5Y3+T/2L67Pgf+u1+wV/y1//D/8u/8w/80uX1X/UnHP/HLx41r/6KL/7WxeGz/2H+6+z+3td/5K/za/ym9z/5+36v3+zf+g8ffvb3fnXyC37fP2767735S36b3/e3/DN+/T/uX9r9Mz//bf6oT//4f/ef/vce/af/yl/z21z9vru/6vOf/vv+0Z3//nf6q+7/hovf4930v/49f98/5rc+vPMP/Xq/2//0e/z5d36d3+ThP771u75YNb/nR3ee/WOTv/LP+b3/8t/lfPc/m/15v/y//vIveP7s9/zt/vmnf+Kf/mv8wX/yk99+7w+Z/AH/5G//l/1bf+0/9Dv+kX/9t/7w1W/wO/4mD3+r/+7TX+/X+Cv2/+jql/7fv8Z/+tVf+D/8hX/5b/X6v/nOv/3b/ZZ/4D/15v/6rf/q//vXGP3jv9XLf/bP+Ef+ypNf8dcvfv3/68lv/gf+g6e/1Z/8G/xX/9fv+n//Gv/08b/2D/63f9f/9dW/8E//37/G7/Jb/N+/Bn3zH/xnv82f+39+75f8gX/5zh/411R//W/18g/7p/7Av/+X/2V/6F/8l/wxz3/DP/mX/x+/7meH/+fWX/KXL3/it/oLf8lP7/5rv+T0t/rq13/z+y3/+P/rv//JP5Rem/8lf/mv/eg3/rX/mv/r9/in/nXyLf7EX/wn/so/8K//rb5a/y4n49//7//fkvr//jX+6t/jO1t/xefP7v/gH/xX/qT/+9f4635q6y/+jcuj3+M//St+3//71/hrv/zLf6s3f/8/+Tv/Mc3//Wv81r/Nf/g//w+/9G/7iZNf53f7C//bP/DX/j/+m1/9f/8a/9TD3+M/+Ev+mN/wT/gnquwnfq//8L89/a3+qd/pzj/4v/wv87/kT/s7xod/8r//S/7hX/Fb/06fbf0lf9jRX0rLht/6p/6SP2b6R//f//b/AzlnuOkORgAA" />
        <Entry handle="23" bytes="H4sIAAAAAAAEAO29B2AcSZYlJi9tynt/SvVK1+B0oQiAYBMk2JBAEOzBiM3mkuwdaUcjKasqgcplVmVdZhZAzO2dvPfee++999577733ujudTif33/8/XGZkAWz2zkrayZ4hgKrIHz9+fB8/Iv7oly8+/42T3yH5NX6NX+M3Pvv201f080/C/3+DX4/+/S+f/Sd/F/0Ytae/d3tS51lbVMv0TbHIf43X62W6e5B+Z12mezs7++nu3qO9g0f7u+n2zv2dnYP/7O/5MXrv12/Pvjj99f+1JPl19n63v+M3+q1S+ujHVt/+fZpf49f4DX8L/P/X/Ff+/V/6f9CHv87F8RfHv8av8Tf/ib/h/5H9ur/Gr3Hyn589PX7z7t/51/78P/pP/ff+ifU/8fs/+BP+4d1f+d/9C//Bx2d/8u/1nT/tJ3+3f/xkb/17/xn52W/9T//Nv/Wf+frFn/fX/B/Xf8Obf+bsW189/Nbv/vGf/ua3+Cf/ht/7zxh95y95+sc8+Lt/27/7721+7fk/uPw1/tY/6xf8AeeXf/fh3/vkq9/yb21+jT/+f/hd/oFf+fcvf43f7X/677/37X/kv/2v/sOnP/idf+UvOPvf/v30N/xT/43/+O1v88t++9/rf/udfou/43/+63/qX/tH/4Z/aPzb/Cv/5f0/+N23/5Tv/HvVf774J7f3frNf9D/+7r/1HzT7k/6U/7X5y/7M43/x7/pLX/6Tv/Rf+sd+60f/0H+ZLv7a7/69v9s//Ft+9+/7p/7LX/DL/8g/9lf8W//mn/z9P+Fbv+ff/6/9Fb/L1v757/yHPJn+A7/j3/nv/36/1+/7V37+a/7Pk//rz/g3f79/7n/8U/6AR/9K+jvf/4N+8Aef/Pj/+E//Zk9/wz/wyz/53/hf/sv/5b/9y3a27v6hf8h/+iu2/o/mwX/84D989Cf9Cb/F73n2D/xuL4rZ7/2P/IO/dfHF9Oj3+kPO/oOLf+9P+a3+mv/kL/pF09/v7/2xv/Cf/Id//X/px776236TX+PzX+cv+0v/gL/kT3384vf9vf+Yb/2xv9Hzv+1f+o/+rfk/96t/4k/6RxZ/8N/2e/zdR7/o3/4z/rrfaTn7nX/dX/gz//23/8fDv+nX/r1++fq3+oW/xd/6e/z2/8PJr/tf7/zW85er/+TN7/brPPnDl+/+tV/wP37+B37yR/5df9nz7d/3B3/1l7/Bn/gb/eG/450Xs+0/8Lf5db+VfP/P+wP/mH/2//rP/s2T7/0mv9cf/Kf8I3/6f/d7/Sm/1bM//MXv/YM//U/4D4s/7Xf4F3+bv+Ufv/7k/n/8g//h23/yP/L0X/8Vv9Gfubv+U/6WP+/Xe/5H/+To9/1H/oO/evd/+jf+oOXLJ7/TyU/8HT/5+17+pv/mn/vgr/3jf/Hv8jdWR8vr3+93fvRr/sn/8H/93dmv+8f+Df/oP/6HLt/9Br/Tr/X0H/3Jv+iXHn08fnr6u/5Rf8hffPbf/l3/5l/9t/0N/8Vv86/+G//d8+989hf8ePkzf9jf/Zf+9v/Fn/Bf/Uf5b53+Xb/nd/6Mv/D3+02+/af8gn/it9v//u97/w9eHv2u7eLP/6v+xL9g53/5j37yH/1V/8s/cfkr/tfLf/X6j/v9F3/Qb/r5b3j5exan/8a//Cv/0vQP/2v+tN/qP/lPfs/f4VtP/9FfZ+s3+QX/9j/1R/zuf83Oz2z/o3/J7/5bffbXvv23//G/7eHv8Tf8tX/lP/unffGn/8O//T9/72/8y36Nf/Y/+iPu/zr/xF/5J/9hh7/w8H958Hu+/aN+weRf/r3/kD/lH7v83T763/66f/3X+lv+8N/zr/89fq3//F9+9Jf+nb/L3/H3/Yf/9/KX/LJf71tvfuvLv+jHfq/f8u/J/pgnv/sf+ff+Zf/db/wH/FO/8Bf/dr/Gb/xb/A3/2c7v/skXv/7v9r/8Dn/xP7392977K//K3+pv+X3/1z+nefjmt/tT/6Bf4484+Yvv/FZv/po/5K/4q3/Pr37dN0+O/+G//S/Z+rV+l+/817/nr328+BXZL/0P3/1zv/a/+Mv+2P/27/qXkn/jT/hvf40/4vP53/2/Xf0ab/78f/i/+Na//j/8Hh/9N7/id/yN/8t/8x/83n/4n+x89Qf8+n/Ravsf/d3+2te/x5/0a/wRv8G/fPxr/2u/4S/4t3+7z7/6OPljf4e/7j+f/Gft4v948rv+n//Nb7H+C3/nX/fi1/oD/6Sv/uTf4I8/+Ut/+i/6K1/9Ab/3b/Nn/d2/0+/9l//E3/RPfvwPj//EP/SP/se3/ozf88uL33P3i/TX/D3/3j87+U//5n+2+Z3mi+r4l/3T079q8dcd//f/8a/9b/3S1e/y17z95Pf+yb/4H/jbf+yP/6nf+M/5qz7/Tf7v8f/1W/zB/8tv9lf88b/+m//7v/hPf5v/43/9N9/+uf/3f/ruP3j0S/+xv/+3/L+/82v/PX/xf/Prvvqv/uTf5PSP/01+i7/o9/tdP/kX/tOnJ3/aX/Dy1e/9zxX/7uO/+c/b/f0+++LP/7t/rebiJ/I/7rf6a/64v2L+J+39xjt/6+/zT6W/2x/+j/+Wf9Kf//v/nqu/4h/a+q2OT/+AN//sr/fP/x2/+e80+g1+u5/46tf8l5a/7S+c/Nbfev63/pq/31/6ay7/+uSv/86v++f9N5/+DX/nX/x3/C+/wd+x/Pf/sH/y3/wH/6CP/87qH/lf/5s/5jd9/bf+2G/8m/yW/8Rnf+I/9Kce/kX//v/1z/3uf+H/ff6X/i//8p96/t8e/W/pL5r/Dn/TX/rtX/TP/Fa//r/yL/3r/9Vf9Gv8Kf/xH/07/m9/6slX+/t/+N/0h739/f645sd/1X/52+7XxR998E/+S7/Bl6+/8+bX/tP/ib/t+d/0Ez/xt/ynv+Wf9Bf+/n/Yv/d/7O58/k/+Q7/Dn/trTP+y3+inxnf/tD/ir/lr/qpf6z/+i3/D3/BP+bWfzv+TX/Dn/MG7/9OP/9m/6W/xn/7jp4d//F/8x/6Nf/5P/7q/w2/wE4v//Nd88z/+h3/of/+rr7Jf9uf+jdl/+uf+ji9/n+M//Ml//tc8+G/+pX/sT/oj/5o3v/9f/N/88f/iZ7/if//43/0Vf+Ky/Oof/DV/l7/sN/tL/qtHf813/paP/vG/+jf/h37NJ+1v9mv84//8H/XP/q6/12/y1d7Bvzz5fce/7Z/xZ7T/y3/x5/27B3/6r/WT/8buH/np/u/8r/yq3+k/2xn957/tn3C8XP6ae//q3/on/QXf/zXeTpI3b377P+Y//F1/gz/r5Z/9D/2Pv9G/8Wv9n//Fqz/17/1Dft3fZefNb/9H/H7/1D/6P/3j//pf/Tf/A7/ev/73/p1/wK/+Fxb/1pPTH/xx6WfP/qK/IJ39ip/+4q969af+wX/rF3/a4YO/6v/61f/3v//X/d//6q/45/+Zz/6nv/iP/kPv/A7/zpM/6z9J/5e/7Hf4Hz95+qt/45e/x7v/bPfPGf/+v+Vv9Wv+C//6//yv/NH/6bd+8cWv9w/v/uZ/3ptf40/4889Olj/96z178ef9If/HH/2n/t4vfteDX/YX5T9R/Ea/9hd/0i/4NX7tf+Dv+XbSvPxb/t1//d4f96u+84//8X/Hv/pr/Yl/5OFvlP2KP/2P/Jv+6L948Z/+st/jH/on/sx/8w/4P/+J7/5N//S//tf8ftUf+rf92C//F37nf/1/+7//73/3p/+P//TiT/w7f8E//Js8zf6o3/Df/Jf/pV/41/7E3/b0r/27qt/sv7/43j/zP/1uf/jo9/lFf8l/9EdN/prv/A//6D/9n/z6f+s//9/81n/u37T7O//l/+i/tv83/Uu/2X+58/xP/xP+wj/sX/4vf/8/7B/5W+/+Qff/6J+e/uW/7sGbf/0P+ft/y6N/5F/9pb/kX/r1/8O/9cEf8sf98X/4zi/6ZTSJv/iv/PV+h//+r/8b/4E/6F//E//A3/C//Qt/ya/19jf4V/6N//3R/su//b/57X69h9/+Hf+if+/v+Yv/nP/7//hn/96/9nfJ/o2/4zf+89P7f9HrP/k/+5t/t+t/b6v4rX7xv/jH/i+//M+d/8rT3+LxT6z+kv/gF/46/8Qf81v96v/j27/0v/73/7z/+ZdNl//94ad/+N/3l7/8U54d/C9/+W/xx/35j37jv/W7v/8f+W//nf/hH/mf/Nv53/TxX3n8z87+8N/+r/hjPvpqa/7J5T/1l3//N/0H/8U/LJ18//rPv3/4G/96f87/+c/9ex/N3v1bp/e+/M1H/8pP/1rHd0//7M9f/3G/9bO/77/4p//r3/cH9T/+h/+939v+K3/Nf//P/Muf/rt/4Mud//U//z/+7d/0D7r8tb/8DV7+Bn/ib/9b/V5/6f7//Q+/+a///U/+sl/1H281L/7s3+oPP/0qffu9nT/kPzj/b/6Vf/Zv+t/+0b/w9/xV/8hv/Tft/Mx//W//eTv/+OGdd+0//Cc8KleT4+R3+LH/+7dZ/xN/zyd/1V/3+HD/n/zNfrff6B/9X+e//W/3O6z+kP/4N/rNfrc/5h98/dv9Xr/1Zxfn//C/9Cf8tn/Lb/9f/rN//X/z4//V3/br//3jX/bf/7r/7OuTX/63/Rq/+z/843/lf/Evv8yf/JX/y7/1T/4t/+u/96v/8l/+L/6F07/93xz9I//Mb/OD3/nX/HL86//nFy/+4X/ve//jP/zfHf4uv+f5f3zwv/95f95v8FX2R/0W//f/+l//ff/oH/JH/8b/22e/dPRbHf8rew//5Ifnu3de/m/pf/5v/JZ/wG/85nf7jS7e/Xn/2q9TtX/ew3/yn6z/7f/ku3/7f/HFH/knzv6J3/TPbP/Cn/in/8Lf47d++uWv/fLuuyf/6O/0Kw5/4i/8Lf+RP/UfePUv/P7/+19w/Es//Sf/nH/21zv9v09+7N/6e3690z/tl//Vf+bf8A/9I7/6d/lH/qk//J+d/E9/4l/R/sv/1u82+eN+8T///d+4vv6Pj8f/5//65Z/1y7//+PL0yz/6T/3d/vi/5u1/8cf+Gv/ul7/GX/PVm7/0Wfrgnxvfu1geTf/Fv/7X+vt/9d/1b/81v+fVb/fHLj/9b67/lF/4+/7Kf+/5L/51t4qf+mh8Wv2V/+m/9F9f7f2PL36bP/Ddn/53/Afbf8gv/o3+4d/1Fz75k//x3+ht+z//Ov/c7/t/jp//pf/L7F/aufprfpP/+uWf/+O/7V/zv/5O/8kf8Pkf/3d9/reUO7t/3l9+8V/8S79l9ut999/+9f6NX/73/+af/kF/zv/87/3RD0/+/Is/4vf5B1//9X/jL/+PP/2nD37lq7/i1/6153f/pz/rJ97t/LO/w/Xbv+5/+lO/++3/9P5v+G/9Yf/4V5//5f/I1p/4F/6SX/P8H/zVn/5pd3//X/d3/OwPnvzUX3L8j+7+eeM/4E/4S/7Df/uLd7/sL/kfP/8dfvIvfvLH//Lf99cc/XOP75e/9t/4t/y6f9wv/vF/8zf//e/9WQ8e/fX/yB/29qf+mb/+O//nT/4uv8Hv/Sf+yl/5G/3Ly1/zO79D9j/8lY8Xf2u51f4nX/6Tv+wP/EV/8r/+N/4lP/Ev/OG/6ye//y/4Q//o//w33PkV/8S/+9E/uvdPfvw3/5rr3X/5v/4r//P/62/+U/6E8pf/u3/tk//+0ed/wh/ezv7t/+iPfPsf//F/yx/wJ/xpx3/n4g/4DX7z7/746qd+6T9672/c+fLv/7P/tD//b/4bq39z+eRX/ll/4m/0e/0rv/rkJ/6iv+rxP/OX/rPkBv32d/7Xvywf/x9/wO/2f/6X/+y/9Hf9WX/JH/BTf9g/+pee/Jp//H/6j/3df+zOr/rfv/cnHV7/Dq/+8T/lL8z+5OW//tv/wtHTf/T+6d+++iOqv+cf/U9/q9/sj/6Tzo+/9fv/Qb/VP/KP/R2f/pL7/8lv+8f/T7/JH/DP/QUf/Q+/97f+/H/6P/zrH/yDy+t/7o/+g/+of/yvy3//9i9K/rXf8C/4n/6c3/n6D/iXkv/4z/4Xf+/f8H/8z3/5P3j0G//zv+3rP+y/+vf+x9/7Hxl9+Y/8On/Of/ZP/5v/wR/23/3Rr/+i7DufPPuT/+k/4d/8o//Q898u/Yl/9h/9e979dp/+Eb/hl/uP/8hf8s/+kZ/8Vv/ob/WP/rY/+PQ3HD/5z/6X0fYf9Bv8gxdf3Lv4K/6ssz9z9+RXP/71/pLf72jrb/gbf+Vv/Rf9Zf/1H/1f/WHz3+nxX/IX/S//XPPut/mLf8Wfd/xHTf7ju4u/4K/4L3/ZTv1fXP9Z/9jf9I//83/LH/NLL36zd3/Er/Wbf+tP/FP+iV+y9Rv9fb/Dt3+//Df4n57+iffKn1n+Tf/yb/tXX/4O+//oH/Rf/KG/+h/4LR6++LP++J/+3f/FP3tr9q/85W//9H/i/p/4N69ejH6d3/3H/oq/6zf79Dd7+of+Gn/a7M/5S7/7G/4zf8Tf/Rv/Zr/y8W/3d/zSP+afacZ/2B/51/6Ji++9/KnHv8mfWv0Dv/af/Vv+Xn/JT2z9xv98/Vd+/pv91//Db/ZLfuy3/I//2ZM/6Pd9/Ms++zV/s9/jL/yn/6Df+R/4A//x//bX+O7f9hv/kb/BP/r3/iW/43/y1/wz//u//+/+R//6X3v8vT/6L/iJz/+s703+isXPfPVX/4E/9j//yj/3+B/5D892Prv/e579Fb/PX/Bv/jcvf5e/YPF//ga/8b0f/AW/12/wJ/4L//E/fP/P+nOS639u9Av/w//j1/zPfuIP/t/+89/mzU/8obu/4K/+X3+jP6L6U/7mf/W3+nd/7Z/e+wP/pn/idP7XHOd/xE/9me8e/kf/8R83+R3/l58oj37q3/+7/sDf9vX/8ew/+97o/hd/30/c+/P/9X/g3/obvv8n/kP/8n97+fav/td/5ed/8H/2D/8jf9fb6ye/4k8++e7/+qunf/jv8ff+Or/ir/2vrv+5l9e/0e/7V9777X+7v/d/+dZv9Wf8/r/WtH3+l/21//Lf9K//1n/BH/Hn/TX3fp1vb//F//tf9Q//A3/0r/8//Kl/wC9d/N7r3+D3/DP+0d/px/60P+KP/MEv/buT32G++gvK37NZ/Ou/y48n9cP/42/56te7ag/zf/1//Mnf8ep3Iz/64Nf7X3+dl7/Hf/hb/vm/0x9//vtO/rBf9ff/0//Kr3/3T/0n/ttf+Af/Tr/Lf/k3/yH/7u/y3/1pv+Zf/pdf/MXt//xbt//GP/mPHXx58Bee/iV/fPsPZX/Nb/v48a9+9Rsud978cX/gX/q7/Ce/7D/66+7/Q//jH/kT/+Mf9Tf/FX/WP773S+//Z//Mr7365E//O97t/IOf/av/6rfu3P+N3v6fL/72/+tv+k33f3GS/5+/xh/zG37/f/mtTtu/7vO/6l/85D//R/7xf/Yv+1W/35/wt/zYb/Kb/Pp/1Cd/4h998cX5z/xO3/kv7578D3/3b3v8yW/1f/5Lv/XWv5j95f9t/RN745eH/8o/8Bv8Fm8nf/Wv+9//4DdY/yn/8G/13//4//En/cJ/4p/53/6+3+ft4vT3rf6zX/kX/Ka/ef77/cV/1b/87/2Sl//gL/335ouTn/nfvvPqL/4HfrPf/df83f7aL3/f/+pP+fjb//g/9l89+Tf+gl/9F/yav8cnv+Wv/LOOf8m75/9H/sf8obN/9+Xv+Svu/H5/16/1T/xrf9zv8dlv/of9lb/0P87mv+dP/A1Hf9Y/8N+++h3v/f5/+G+y9zv+u3/+n/KrLv+J3+Vv/jf+4b/2J//h3+f7v+Yf+Vf+r//bb//Htn/5P/zv/ct/Xjb7G776c//CX+e//iX/3m/59AfXf8lnv+bf9t/+af/+qz/9//jVv/uvvvvb/t7Nn/0vLn7sP/+Ht1d/0m/0z/1Oe3/q65ePr37sX/m9Lv7xf/y/X/znf/RP/EUnn/xZv+R//p/+8X/1V/4J/+t/djT/HQ//jl/3j/z9/8m/6d1f8Pvf/wv+9L/4t55/9vf9pv/C//7X/F1/wPZf8zu/e/Qn/U7Ns3/13/7zfuV/ff7Vv/DP/Wef/Db/6ZPv/SXJP/5r/muf/Lff+V+OnvySX7p//3/5+OLf+3d+x9/gT/wLf9GP/UF/0x/wDxS/687fffFn/EX/27/zvY/a//nPvvhH/pCzX/Hjv8Xf8/R//dPXx//09eL//i1/m//hD/3tfuGjv+7XWpw++uUv/4nDf+Y3/G/+yN/sf/5Ff9u/8yve/kfLxY/91j/9+//k5//Y/b/hp/6N5pf9DX/6P/CL/9pX3/vD/7O/9/f9T/+RP+t3+rP/nd/rb/zF/+l/ujz8E/7Qb/9V/9Lf/Sf/e//Knb/zf/2d9/+ZP+M3/8NGv1/7O/xlxb89mv2Fv8fd8z/7dPv3/Tf/xH/1r/tlr37lH/y33/uL/5Ev/9b/6R/4l/6Vf/lv/jv/hT/8T/wN//Zf8Nf82v/+P/zvvL3+c6b/3X/wZ/2mv+Xv8jv+K8nv/k999gf+Jj/1Vz35H/6LX/ju3W/x7t/6v/6Gz/+hf/jRX/lnP2h+v1929L/t/+V/4N/6H8x/4b//P/87/8A//env/Ue+/p3/5j/zD/mnkn/tnz34J//gH/8rvvWdO7/kP/v3/7z/67v5f/Hn/VZ/Zv7r/AOf/1W/6R+4+HP+pD9w+dvv/ZX/4h/yL/yXf/c/tn3/b/pTr3/jPy/7BX/Af/zn/0H/wOe/Y/OH/zv/2C/9Iy+mf+Kv+X+c/SF/6U/8l1t/yn/yf336G/3+f/2f/kf+R4//g/+puv/f/Fm/9Lf5pX/V/K/8V/+dj//cf/33+D1/5Wf5H/r7/h7//i/633+3X/O3uvpnf9G7//Anf3n95j/+Jb/00ff/9//5o7/mTzz7o/6Zf3j3r/5NXyR/51/y1ya/94//pX/SZ7/s1/q9P37xq5Lf6jf5bX7BH/43/dZ/xK/32/6j3/0Pft37/+Hv/A/8O//8v/gv/ld/TvVX/JEPf+G/9je2/9x/9+P7/8J/863z2W+6+599+of+Bx9/9Mf9un/KX/Kf/dmv/7n/4jf8E/+GxU/+D7/XX/Pjf+2Xv//dv+yf+Id+y1+y/R/+rf/B+jf9N8mPvdf88//Mb/0bffXod/kvz37Xg0e/6fd/p1/wC/6J/d/4j/tPtv6yf+IX/uOP/4R/6hf8Y+/+zX/hT/plv9/v/kv+w//hr/kN/pw/4t958V/mf8ju4V9W/HX/91/zh/xDf/Jn//6f+Nv9vf/3//lv/Rq//h/9cvevqZ4/f/KtP/XX/itf/Zp/4n/4d/1R/8x//b+cf/xLt5rf7nf87H/41//DT377v/rLf/O/+eP/rl//0f/0C/6T//N3/sO//Rf87b/t3/ifPn755yX/9G96OP8j/+bXv8PP/IeX//a7/+r6D/tvfrP/e/e3+9bf8NUv/RMf/YO/6S/5mSf/3n/28Z/wh/2Jf+1v9r/8a7/Gf/fn/pn/0e+497/9d3/v7/hjv+H//Bve/6P/w+T+//3XHSV/7F/1i/6qZ3/Ob/IL/8HL/+PB/739P/wvqz/6k0f/3G/+8f1f9mv+I/9m/i8+/F//ifn/+it+/3/v9/tVh//W3739R/3Kt//er/07Pfltft8/6e97+Rv8ST/z1R/47/37f9n3/81fTcHGl//83/Mrfvdf54/8w/6j1b/+H/+mD/6j/+l/+qePfuvf+p/68/6C0//07A/95L/+Qz7/Nf7kf/S7f8Hlr/8HnL75Hf/U7//z//0/WJW/5j9++Q//2z/5v37xB/87v+Ldf/O7/PrTn57/VX/9n309//f+gT/6i//gPyn+vp1/7ckfvPXxH/aLvvPHnf6N13/zn/Wv/N+/82+8/uXj7/7D33v55LdOftf/Zu9f+UW/6/Of/Iv+rs//+j9q9y+6d+d/+SP+8//ld/y//5A/7pM/iIzSu+/8Wl/9nv/i7A/+6Tu/KP/+L/7v/pD/7s//C/7Qg//6z9759f6vf+4X/4f/5+vso79o/Sf+Uf/mr/67f7fv/89H/9sf/L/9g//Fv/kb/9G//tn/9Iv/xf9m/R/95L/zG/9W3378t3/rN8j/0t/v7f/8r//L/93bP/AXX/yKP/Nv+kt/z9/123/fP3jyW/8nn3/rYjb5E89+19H/8DfXv/O/+tv+l5//Lxe/7b//T/wWT07+jz/p1z38n36DX/cf+c3+iF/67cc/9mv/sX/W/5g8e/mPbv3Nv+1v97/e/3V/k0+/vf4L/pK/89f7D/7gya/+B7PfuN55+j/+7Z89ufv0//wjP5//Wf/n3/F3fHr8H/+p/+h/9Pmv+zt/8u8lT36f37L58//Tv279F/9J/8r//fYv/V3/il92/R/Wf9K73+OX/Xo/9qv/gn/05C/9xT929V//Hn/DX/LvPv5nf7P1H/97/oXf/pf/2F/vl/0Tv/zv+F/+t3/i4W/0/b/kf2p/59/02//8b/1/vH7w2z384z/7347+2eNf8Vv+jX/Kn/Ff/vH/we/xM3/7f/uHbB83/9Y/8iu3/rv/+J/e+bW3f/Fv8j/+c3/hX/1v7vyy3/jX/x/f/Mn3/pd/8p/+zf603/IXvvifdv7l3/7z3/oHf/ef9nf/77/pr/w3/q9f7/I/+rFf/ef+kX/zX/Wn/9evfteHf9g//lk9/muOnvzB5+Uv+99+i7/tT/hF/+Nf+q/+AX/Tzps//y/6R/6vX/c//J3+gr/vy7/sv/2j/tD0F+//Jr/6b3j8Hz/7u3+t3/qn/r6/5Q/9H/+wv/B3+n1++fHVV3/Av/Af/7Uv/8nf9df99A/+K56/fPVH/Ha//D/7+N7/eP1r/pa/7D/+RX/S3/bmL3rye/1Ho//74jv/95/+lz35iT/qyS/7nba///v83n/jH/uf/6W/3r9z8Bfe/xvPf+9f8mf8Hr/Hiz/o1/6/Hr35C/6mf2XS7v+5v+lv8hv99b/Tl/Xlj/1Lx//rb1y9/VMmf9Gf9U//pf/i2R/7p/zCj37T/Lf+e/7H87/nL/0TfvHDreV/8zf9VX/W//mt/2Ny77/4HYuv/qp/8U9I/vCfmP5GX/1Xf/qr/+Jf/wf/wb/zf/0N/6vf6o/9l779+Z/9X+39y3//P/Jn/kZ/4p/xr/7tf/S9P+be37j7/J/5d+/84r/zf/8N7vyr//PFX/DJ3/Jr/YeP7/1bi7e/yx/1vzz99G84/1V/+e/4P/wNV09/s19w/w89/8Hv9XDvv/77/sDn//Ff9eiv+U3/wD9s6x88/w0++p1/hz/uyf/2+/3pf/T/9Z9+q/0tvvqvvvv3/K93/9x//rf57l+888edfvY3/XVPPvrjTv/V/+3v+pd+91/8F/1r//mr/+I7//Rf+y8W//AflP0p//sf9cc//Lu+/P0OHv/M7/1Lfpd/4pf+r83//PR//c9/oz/tl/zTf+w/9U/8Mb/R7/B3/kf/0M/8S7/fn7F6/kf9hX/bX/eTv+Yf8/Hf9Bv8/h/9cb/5f/f8b/ut/7g/8V/e/TVf/1VP8n/xz/6lf/Wf9v3/69/81W//71/vMPmtnvxW/+Uf+us8/V8OXv6Nv9fB3/bX/Q35v/Dyv/zr/pHf5d/8LX+78/vHv+Qf+8N+/B/83u/5F/9DP/XF//0v/Jrlf338L/wb2e/5C/+R3/YX/Pn/yP/5L/5+v8Zv8DO/2T/+b/yXf+sv//V/+3/i6S+5+p9Pd3/9n/wbf+G/+Hv95v/hb/ir/tC//+jbf9Z/cvFf3vnFv+bv8X/9pv/V/r/yL//fv/DJL/3LfqM/9bfe+s1/we/3L/zWf+vvNf3rjv7qf/mf+nbzh/zvq7/+Py7+3j/o1/8Nf9P8l/6Nv6L6r3/t3/h7//HR//VP/Qd/+//1T/yi7//K5n/85/6H0dWv+i1Of+LL3+tv/s//qT/hP/2Vf+nZv7z/7T/vLxr/S7/e8U/8Y//Vn/lL/5t/8//68f/z3/ql8z/4l779Q/+24z/oF377v/2L/ubf8t/8E7b/rh8r/9m/5Xf86o8Zvf5NX/1u//iDP/Pf+zcf/w///We/crf5L//m/2z8d39U/Ju//m/3118+PDxs/ssH/+AvO/wvj36TP6H6s/6hP3j6L/8Nf+Cf9pO/2R/0u/4699rVJ9v//a/6R/6u5//WP/Nv/7V/wg/2/qd/4D/6J99VH/0Nf9uf9DP/1d/9i7I/5td48bf8R//en/1T6/rv+Jf/sb/5zzxNn3wx+/y//6t3/oFvP/4r/71/89/+La7/nt/qf979tX/BL/tr/oS/YPRv/fntn7H3B/y3b3/6v/r1xr/n2dU/8Hv96n/86G85/vjXfvhLLv7NX/hTyeHv/4f+2X/Kn/O//q2/6cf/4PQ3/E9OPvm3fsFfefSfPv7BX3P4v7/5B/++X+83/69+o93/4PBPOPv9//En08d/zg9+8Pf973/Yr/GbXf4t/86P/Wdl+wv+3r/5o9/8+//WH/67/nv/5v909l/8gcfpn/l3Pfp95n/Qj/+qf/5v+s1+t7/2H/zx//bpH/vL6r/57Mc++jt+2T//7/ym/+uf/Jf+b986eDd6Wf2v/9Nf2v553z7+5//O3+TsP/yzztPfqvj7/oFf8Hf+3dnv+qf/jq9Gf9hvX3z+d+18fPbrfPfL3+J//bv+rf/8i5e/0Z/2xS+8OLne+ld+z9Mfe/or/+of/0d/2z+h/r//sN/rN75/53/9i8//0P9k9Sf87X/OP/Rv/OQf/Jv+iWff+fcXv2D+Fy3+uP/k+g/7NX/n/+Gz63/rn//z/pr5n7j70V/6N/+hf8e7v+0vefd7/9s/+f2/7ZecrA/r7Tt/0D/58Hf90//Kf/a//b3/43/iXzh6+de++Of2Vz/xl/x5v97f8u//dr/Df/1f/CP17/Bf/Vm/1z/4u/1Vy9/t8nv1j+/+Wf/Jr/1vbT35R+//qf/l+T/05z/6XX/5s7/8f3z8L/2fO7/NL/qrnv8Rv+fv9X/+kf/j7/OP/jbtX3nwt1V/zL90/Tee/Na/8qd/8Pw3e/t3pn/Pg7ufH/1lv+C/+e2e/0nvfuO/YOe3+A/+zZ/4Bb/zH/iDv+9//cN+jX/p1/rPfs3Zx3/u63H59/7Bs7/lN/xPf53sr/zD/sH2+fh3/d3/2b/1P/m3/4Gt47/yP/5HRqv/+85/9+f8Hu9+vX/k1/vHrv/HP/UP/p2yv+viH337F/5R/9D//I/9sn//6H/76/62P+4f+pnf5S/5y3/dv/u/+rsffv5r/3n/2a/31/5J/8Hf/O/9Wed/6X/z2/+Rv+T3+e/+l1/vt/pt/5ff67f+L/7bP+PX/85//gf9CV/9M7/l68ePz/+qP+Gn/oc/9vf+H/7YP+mP+0Of/qP1r/EbNh/9a4vf8K//j37Nu/P/+P8sm1/4G/xbn/3mf/D3fuNf7/L5o9/tT3h4/Bc1/+qv+ff8ib/1v/Xu7/zy9F/7Hcfjf+pv/63/+1/yV/02/+qzevbv/1m/zp/6v5W/W/In/plbv+LX+if+uz/gr1nl/9Zf90eN6+m/8Kv+5f/mD/3x3+z5vzX5t/+lP+Bb//uv9d9++3/93X/X3/CP/g2/9U//I7/wxfj3/bd/2//4r/sDf4Nf8Sd+8u/9tn/1f/fv/5J//M/85On+b/1r/CHf+9Znqz9g9If95r/drzf+5Pf6Q/7wf+ef/lW/+5/5F9bTv/lX/kc/9uO/65/07N3+L718N/9P/tQfTH/t/+WP/sf+ho/+nf/1F935b37wF/13R/9Z/Qf+Y7/B9t/9a/+u//Rv+/f8XX/j//Z//96/1tnftfsr/7E7//Fv9M/e+TUoofbP/tnjfPzr/Pn/4P/5L/3rv3T7yZ/z23x5eP5f/jt/6O/y8d/239//y/+D1W//90y/98/+gl/j323/y5Of+mu3/qU/63/6C366ePXr/n6fffUrXiS/xr//Bz/+q/+yP+O3/hd++i968rv+kj/tb5q++a9+l2/9n/lv8Tf8ln/KH/Tr7/36/8nf8u0/41f9oX9Usvznf8Nvvf21//q/+9f/K//QnV/9x/zgP/+n/oWT7/7q+xdPH/++n/86/+q/8OiP+cN/k//kf9n5H/+N8njnH0z/so9/r7/iN/xvvvcXPP7P/pk//jdf/sl/8Pw3/VP/8suDv/HP/9bDvzL7L3f+gZdP/8rfe/6vffIbf/E3/U9/2Nv//N3kf/q3fv9/5g/4Q37y4R/3Sz77zf733/Nf/AtG//wf/Cv/qz/i1/iTHv6Jv/Yf8IP29//4n/vb/vN/+Hf4O/6yX/kX/QF/8eXf/Vf+Yf/1/7nzC37df+jP/63Tf/K//Mf+0P/kn03/4F/vd/o/vvxO+vmfdPzsb/yzjn6vP/8v//RX/t7/1J/yr/xW2X+Zfv9f/ON/q79v+Tv+4f/0f/9X/89/8l/6j/5994rvnP4Vr/+Uf/9X/InPf+qrX/Of+P3+h9/gD74zf/XyW3/1f/Cb/fX/x9blv/q7/E6/4cO/5jct/6V/5Df8E//rz/6oP/Qv//U+/hd+9e793+Sv+jX/vvXv/E/8g7/7X/Z7/djfe+83KP/+/+T3XH3vT/ze3n/55/zR/8zv9tv/dt//3f7yH/sjf9Fv8+f9Dr/lf/Y3/8W/zeyf+g9+8Gv8hr/nH/BL/qTf8eXlP/LJF9fZ3/utP/vj/+F//Oi//r1/k+SXf/lH/p6/7G/fa/+G3+K3+78/+V3+iN//H8p+53t/1v5v/usffOvF//4f/ZbVH/pp+cXf8if+xJ+1+J1+9at/5Bf/J7/HvX/o13336N/cKv+Pv+nX+nP/xz/jt/q9/7nf+D/9r3/1+R/7O/ylf/T/9Au+S37p0X/2r/86f9BP/q5//B9NjHL+F/1vv+Ef97f+ot93/uCf/mV/2Z/8537vJ0bTf/i//y3+uv/r73/3a/1ff9lv/ON3/+h/qa5/k62//g/+Z/603+VnXv3Pf2t28Dv+o7/+b/Mf/Oa/0d+W/Ll/45/5F/1ff2ryh/2yN3/PLyzPf/GTP/Nvfvqn/E//2F/+2z94dvDXv/w7k3/81/p7dn7L3/jlf/RP/Ak/Uf8pew//93/5v/lvv/Nf/sx/d/f8d/2Dp/n/9tEf/K//gX/D7/nf/uDX+E//wOvf8Y/4Bb/1//7H/Ub/6H/5a/wOf9p//Af8/Y/a/+Gf+0f+93/w1fzv/90/+vf/ol/87/4Ov+sX+z/+F//F/+1HP/XtH/+T/pk/7k/88//Gr/6EP/Bv+3v+5x/7rf7Dny5Of6M/bfKX/jbTv6D+/X+3P3P0x335V/22v9PTX+en/sc/7Xf9c97+w//Y7/8f/sF/8X/5L/zR/+Of/h83v9l//+//Xb/B1f/5yb/6N/0vf+Jv9H/8h9d/zd/51/xD3/6H/9q//g989Zv/af/bl/d+o7d/0q/8zsPf9t/445/+Z3/tb/A/Pv5zHv5d//Zf+kf9or/jH3z1P/8B/94f9wf819Vv8wf8Z7/4q9/uV/8Lv9XByd/2H/6lP7P8m3/RH/Xpj/9bP/hPf0H5M3/gj/0l//j/9Sf+nr/89/jTPv4lf/az3/Rv//Hzf+/pv7H+x3//f37vN/s9/4k//Ivfc/9P/pt+kztPf5+/8zdqH0x/r9/xb/oV/+nf+3v+Dj/+8pf8y3/o//KH7n31y//uX5H9Lf/qL/mDT/7Pi/W/9YPFT/5Bf+W//W/+ysWv/NP/lb/t8T/wx/8H//Xen/+HPf/Xft0/+9/9C//43/5v+c3+oZ/43f+xPyL9rX6nX/fy4Nv/Q/OLfsW//J/slX//L/0d/49fdfcf+Z/+2N/qr/nyD9v77/7vf+/y0//gt/kf/vO/8zcp/4F/Jv3f/vvv/1E/+W/8p//g7/N3/Vv/8t/ym/4ef/Ov+JP+rv8x/62/9dv+4Bf+Uzsv/87/9J/4R/+j5p/6Z37mX/k7f8s/5qM/6r/4H5/83r/jH/xP3P0r/qG/8C/f+d8//53/oV/jv/+LDv+73/Sv/a/f/Kb7/8Ff93v+6n/0N/hH/uvf/jf4bf/Lf/0P+Pt/v7/+18hO/4M/7Lf6H/+Ue3/nP3v1n0x/89/wz/7+b/Kb/L1//tt/+B8lNfVg9lf9E//On/o3/eDv/Y3+0f/wf8r+q3/6f/qf/rjdo9Ev3PlX/q9/6g//6//O3+sP+ftP/qg/4388Pmj+2t/jf/q9f/J3m/93f8Nv8vf9j5//Boe/1j/+J3z82/7hv+JX/KOnH/9L/+2v/Fv+iX93+zf4zZ8eNH9781v9G7/0+X/2l/wHf/vf+Af8ib/qL/hz/8972U/8ob/nf/rgd/+3fvD62//ui1+j/CU/9occ/qs//bc8+YN/xX/6T/xz/9fp//j93+arv/e/+y3+x7/nx/+gv+53evPf/dSv999nv/ff+mv+w/99sfryj/yPfqeHyZ/7e1z9Y//qsz/gv/t7f+f/+bf/Q//FP+Bf+Xs+/kd/6+z//O3p81+W/nm/5X/0R//MH/WTf+bv+uf9/X/97/U7/vLl3/+HfOuL3+zwP/yvf+3v/H2/7f5vs/ebv/pb/sc/9l/6H7fa5Z/xB/znv/pv+M3+raN/7S/4jX/Pv+KP+79+l9/+t/3P/pX/7W//A/78q9/3P/5bPvpdf/zRr/X496r/qp9+8F/89n/bH/6n/Tl/+f/4t779hf/EX/lf/9Tv8u/8gX/cP/gP/av/8Os/50/59f6D+e/88Jf+OZc/9R89f/5H/xGf/KP/zm+69b/9nVt/3N/32/1Bv/iP+03/vP/zN/lz/+OXf9If8Bf8Q//F3e/8S//HP/Rr/pO/9Q9+s3/3dP4XzBf5v/nn/JX/5i8+//H8j/9Xf8Xi8k/+L/6Hv+3kf/0nr//hFz/zq//2v+o//T9/8d/9qw5+sPtTf8/H/+z3/9Pf82d+3+wv+UX/8h/8Bzz7o/6e36M6+VWjX/3fJeWv8y/u/+F/+u/yVfpTf9F/9PIvvvo7/py/5bPVn3H6N07/rP/9l/xDf++//Bv+Vn/q7/XP/Hvjf3L3d/wND/6y3+Zv//f/+R/7Xxd/yV/8b/0Tv8Ov8+d/evCnvn7y/Lu/69/1X/9Df/8/uP4D/rP/9jf/437m8E/6Yx//9z/9nf8l2/99f43mT/6H/vf/Nv9d/4zvP/wL//zf4Nf8rf71v/Nf+5/+tcu3q3/wH/9Tf9vf73+jnPmf+Olv/7f9xb/db/s//5vf/6emP/63//W/xcVv/6//Tnf/j9918vf/Ln/f3/VP/BH/6O/7m//jf8noH/1Lf89f6/OXf+9v+H/t/aF/6R/43/yhzR/ym/5fn//Kf3v1n/0Vv8cXf8B/+lv/po+++4t+9z/+5bO/7Pf+V/6Uf/3fzP+av/Rv/E//+//id/rr/s0/6+HBr/PPZn/br/Xv/4b/xj/9N/5dv+5/eP8X/oPf/rEfe/jl//0n/8P/a/mv/cbP/95f889ui3/2j/2HTv+yZ5//k3/4n/W//kX/52/yD/0jv/Fv+k/8g//mH/YX/5MfPfz8/3z96/9uz5Pkb/zX/p7/7B/6b778a/6WP+zX+t3/gT/v7/9D/vSrnb1//498/e3/4S+8f/zb/vp/5X/8f/+Rv9Nf+ev+u3/Qr/9//9N/zH/12/1B//u9n7ycn+z8Nb/Vv3rwu/9jz7/65F85/ZV/+B/xz/3Rf9Sv94//WPO3/dSv/VO/42/+F/91v+Ff+3+/+SP+m+/+zG/3q6e/06949x/+u7/4L/pt/rnf8E/+3//V3/W/+n1/m78z/Q3+8zd/3l/1N//lf9C/+o/+Vv/T3//nbP+V/8lX//jfPX7269Tb//Xf9J/9S49+q7/x9/sL6+y/+O3+iX/ut/3P/pbv/7Jf85/7A3/7v+gfPfgbf43f7G/9c8rf6Y//7//b/+r3/5f/pvLt6xd/5l/x5Pf9W/+mX+/P/RsP/qW/+6s/4o/+Pd7+wb9y50/9Z/+nX3D+j/7vf+0//5t+/9/63/7O5H/7Ww/+97/xd/+31r/Xf76+/O2z3/7f/a9/v1nxj/0mf/tv/Ef9Rq+ePHnwN/4bv+Nv+Gv8u7/t9E6d3fmF/8uvk/ylL/+Mv/iP/73yv/n51r/4q/+Av+AP/pN+q3/h//wnPv7q1/ij/7R/9l/6pVe/wZ9x/jv9dn/gwz/sv6H8/W8y/fV+xz/8b3n3Fzz4v/7WX+dXfPeP/g3+6T/3oz+r/Gt/rV/0a/8Fv+u/8tf+4//6b5H+j7/01/l473f9/X/m//yJn/ixX+f6j/rrfsO/9epP+Xfbv/Tv/5/+vM//zT/8V/8Of0zxT/8fB//0X/rbL/7D/+w3+N9/+jf/H37L/+r3fPfP/uF/+T/4yfF/f5J8/n//I3/mL/vXf9M/9fT3+nX+jP/7L/6Nvvc//uEf/TO/xd/wZ/3hv/qf/Q8u/9b/+tufbP85f/dv/i/Wb3/i6vrv+f3+yV/zV/zmv+eLf+cf+/3/9n/z/7r/H/3Rf92v/Jf/yL/2V/yK3/g3/6P/6V/7v/3z/+yHv+Zv+A//n9//h37Jzp/3t/59//of8tf/nU//s7/j7/ixv+af2/srfvUf+mv/B4/+l9/373r9R/4Xf/x2+kt/rz//v/2D/vhf+b88+P3+s3/k3T/yOzzO/oTf+q9sH/wB/9wf+Z98NPqfs7/3D/+ff9Ff/+v8oj/pX0i2tx//Q//Ix/9Z+gv/+JfttPiJv/4f+cHkd57/g7/2j/951y+Pfss/qPkn/s4/6Ytf8fgv+EuO17/yH/3r/sg//c+9/Cev61/jX/9tf9+Hr3/d3+Qf/o/+7r/u93i19R//er/nf/+rfrP/4ff8RXf+qj/tr/o7fs1/bfFPrv7sf/jxd//mJ3908Rf9Vv/62R/3H/7y1Z/4P/yG/9B3/q5f72/+Df7bf//583/ob/2JL/7hP+nv+qW//u/6l7f/7Kd/9++7+LN++rf7wdEf9F/8jf/Y2ae//i/+z//P9vXsy3//6e/3C//3P+Yf+/V/zT/pr/+3X/wBv8bsp/+6f+ft7/pX/r6/91/87u/4B36nL/7OP+TP/U/+ot/xv/p4+r/l//i/+Usf/vJ345/4pT/+j/5O3/oT/8j6P/5n/4df9uuUf8Lf9hf8lrM/9pf+Hf/eP/ob/Lv/91/xm/1x/8Fv/5vU/8jqX/5V/+HFP/sfXP/av8Phf/Yn/PJf/Qs//ud/8fYf+Ov+K+t/7G+Z/NRP/R2f/Pj3fub58sGnv+Pf+it+elH8dv/I2f/xJ/9Lf9fOf/vrzH/hX/fgH/31X33x+m/61j/5N/y5f8Nf9C//+80f8gf/TX/jf/fyr7v/Zz74H3+nX/t//GN/1/3f43/+6579R9//G//K3/b3uvqp/2Xxfy/3/8Rf9Xv8q+Pf8Pf5I4vrP+R7f/6jv/bv/Ds//TfT3z+59zv+C/9lMv+3nvw75X/8V/wuy3/uD/57f7uf+h22/rh/+4/63n/1X5z9BVtv/9Af/DN/z2d/83/y4//jb/6vT//A+Rf7/9a/9J/+yX/N3/Z3/Ku/4r/7OxZ/z5+9/G1+2b908cuO/qo/8G/7Z//j3/HF9a/3r/zj/+Vf8s/9D//zn/Gv/56/0//yV/2j//zv/5/9Z7/J5W/zn/43f9ef/Nv8i7/P3/y7ffcX/1vLf+T3/od/9d//N7386X/oT/2Xfru//b/87f+pP+T3/iP/1D/oL/vqL/zj/oC//hf+gv3/8G/+BZ/9W3/6r/fJ7Hdpfqc/9o//e/7X18Xezt/wG54dp+f/6Q8+/t9/g9Gv9Qc//oOS0/Yn/7Q/8t/4Nf+RP/vF//YP/vd7v89fuzr6w9/+xr/j3/On/v6jf+bX/6//4//tt0j/sr/39/7dP/vjf/Enf9M/94u+c/HkP/4F/9x/87f+kf/m6l/5g37lwR/6v55+9/u/avyP//jfevdf/f3+wH/31/ot/s7/4Hf8lX/5H/a3/Hq/6e/9z/2l/+Hf+Acf/sr/4Tu/89t/9s/9S5p/+wd/zd+9c/RLf+1f93/4vap/+Nf/5Fcc/oePPru8+nX+j7965+i3+L8OzuZ/8m+381f/Of/TnUcfnV/++md//5/5e/w9f+5v8Rt8+gc9/dN+v1/yR/yz//XWH/kLfs+P/pi/8e//zY5/9S/5RX/B4t9a//KLP/RvfPm//Nt/3D9W/ma/+/j3+g8+/71+9a/za/3+V8X13/M/VOU/8i+Mn/+Cf+VfeHpx55/5m/6kf+/X+if+nOZv++X/89/9T/2Bv8Vv+Dv9jp/9Vr/5eu9PuCz+iT/+z/7Xf++zB//R7Pf7VeN/Z+/X+89/sz/yX/lH/67//Z/8K/+AP+g3+xcOf48/8Tds/pN/7B/6pf/wr12c/67J04c7v+irP/Xf+Lse/h//4H+X/Z1/yC/4V7f/8n/pH/7iH//3//gvf60/4n/45A/b/7Xz3/KP/kW/25+xzv7X3+Thb/P3/Bu//O5n3/+F/+HWb/jgt/nO7/rF5P++8+Dv/+/+2N/3n/rN737y7Okv/H3/9j/zl/9Tf8uzf/A//4tW//bf/1f/Bv/sP/8b/Ge/9NEf8a0f/JW/6N/+A3+9f/4fP/r1fvDf/sP/+N/8v/zRD9P//tf7sX9x57f4V7//W/1uf/4v+4n/7h/6Xf+1n7j/3/yFX/3H/8B/8L2/+vf/I/d/9ezf/71fPP21f6tfe+ufK//h3/0//if+gcsf/Hfnf/wnD/6Kn/kr/5p/8q/e+1d/sx//D/6109/97/7zfv3f7S/6XX+bf+r5+OPlH/0f/MH/2fd/g3/4z/+bLv6jX/Dsb/3b/oT5r/hn/tZf56f+zF/8Z/2rf9I//7//9n/F7v/98d/xm/3t//Cf/jf9prN/65/cefFb/aGf/713P/7P/4HyN8v/4d/y//7OT/7a+a/9yR/6e17/nv/xP/E7/I+/+j/7+//If/Y/+0P+t3/4x3/Nf/PX/ef2f+v/5B/+3X7Df/zLX/Mn/vdf786f9jv8Tb/3P3T2u/8r3370rf/21/49//bf49f5t/7NX7H+leXv9Nf8i7u/96/+i//S9l/6O/7e/+V/++pv/6t/rd/kX/41/pN/75f+D3/qp3/sL/rDf/O/Nftd/urv/ql/3p+Y/YLfv/yd09/ruz/1H//qP+lP+zUe/Bp73xv/+n/Yv/HH/8Hlv/aP/xr/yH//n/wr//tf/nsc3Ptff/Vv+ov+79/g79m5/i3e/Om/6R/zy//owz+NEjV/3pPf+ODX+btW/3D6d/8Vf9T/8Of+Jfu/5p/699Vvn736TdP61/1t/4x/8df6y36vv/A3/o9+m+lf/bf+Pv/n73jxB/wazb/6r/zLv83v/FuPfvlv9wf/C5//u7/GX/jxb3r4b/5Ff/Sf/fmv/Uf+U4/+tt/3V/wbv9kv+JX/zj/2qw5++W/0x/2X/9bnf8R/9/v+pU//vn/hT/lf/vmrP/Pf/Bv/4F/ry5/8tddf/G5/zz/9L/5nf9vLF7/2f/wPn/wT/8bv8Rv913/73/pb/QO/2y99t/Xb/Kt/19/6N/xg9vd8+iet3/13f84f9df9tr/wDz75rf6oP+rX/C3/4t/+V/7k//Tv/OPf+hdP6//83/z9/tf//lf95B/7C/+6f/C/+If/jb/2p9t/53/6vf7gP+/v/Af/y7+7+DMO/5F/YHf2F/8L9z/+sT/uj/1f7/+qX/DvXz39u37NP+4HX/0lf+pf/VPlX/Gt3+1Pevqrf8+95z/+t3z6q/6jt7/xv/Zr/t7/4O/0p/zf/8Tv+WP/y//wz/42/9KdX/nr/knjX/3n/7p/4p2/7k+epH/z3353XP1+/8d/80f/N//p7/4LHv8+v8Uv/tW/77/5m/yn/8wf/rve+81/+r/4vaff/vLNf/+t32f14k/Pfrdf79v/2uR3/fbfe/9v+bX/qG//4cf/+ZP0n/or/70//N3//mv/Vr/fu7/refbLvvpNf4fqz/xP/vA/57/5G9+k/85f9Q/9U7/X77z6+Pf5XT7/5/+zd3u//+iz/+wP+sX/3B8+v/9bfvbv/Ed/87/3p88++vf/yN/t3/31/tnf4c/6Z+78Fo//mt84/wc+/2d/zX/iT/k1Pv4tDv/S3++3/j3/5D/zv/hnf/E/mf0RP/gHf/W//u/9O7/71uXvf/l7/uv/+h/+b/8ae3/l7Pec/b271//T+j/8/f++f+TZ3/jl8f/0Z/2ef9Pv+Iv+1H/8zenh7Nt/4+/10c5f8oft7z6f/kN/6G/+W/7uv82fNPrJv+UP+tv+/E/+0T/l1/3PP//3/pA/50/9P+/95r/Jv/xf/3urv+j/+vHf9A/5e5fL//5P+St+jTc73/8j/uU/8/A/+ux3+hV3/u4/5k/9w//0u//RX/M3/Fb/zvrt7/Q3/Lp/wa/z9M9Z/EnFf/aHHP7J59t//d0f//azy/969Bcn//5v/2dl/9S/9R/mf9avX239N//m7/lr/Qb/xvgP/8/+zV/rzfo3fPxvb43+zI//iD/uN7z31/9+v9tf8fpP/u3+qp/4qf/+P/zX/tzf9i/8nZu/8Bddt7/gk//wn/5H8v/91/nP/5I//n/7zv1f/fIv/wN/s99g//x3/Uv+mV/wH/3zV7/Tv73zm/23P/5bPPgXLtP/5Rf81v/V73z1K/+Jo3e//z/21eL3G538p3/83r8w/W8e/Q2Pft/RP/zv/INv/qL/9Yvf5dk/8F/82v998ef/S4u9f/7g//jP/pBf+8//b//y32r+7hf+Kx/9Do9/zz+7ff3XfL/9Tf7sn/h9Hv8Rnz/+pf/V8//g8/WDP/to/Of/t//yP/QTv+Mf+e/+Mb/kb/lP/u4/6g+u/7tf+7f/bc9//J/7bf7Vf+JP/7eX/9xf+Dc8uPgbfpc/+3//j37VX/WLXvx5f9z3/pWP/7Bf9/s//tf8MZf/2H/3nX/uf/9Hf7df84/6l09+g1/wa/9l/9bf/vt8dPjx3/Rb/o7/+9//8i+//A3/57/13h/0P/0Dv84v+0fy//PzH3v03X/9F13+Tn/a3T/k3/sn/sFf/Jv90tHv+cv//F/jO3/l7/0r/8L/5i/+c/+RX3z8M7/Pr/Hd/+DRr/3b/ca/YLL7m/43Zz/22/xp//Avqn+b3+3xzn/7V7R/8r/ye9R/329z9vds/ys/8Wf+PV/+V//Aoz/kl/wNO//l4p8/+p3/qb/3b/xL/uZ/6a/+Y/+Zv2fn1zp7PP9Dt/7bf2L2B//vD/7N3/H/Xmf/2vVf8Y/929e/zz/21R/0T/7Df8q/+jv9a//Kr/p9/4R/7k/4Df+CX/Tf/xN/1S/63q/3+H/56u//9Z80k8N/4eB7//Tn/+Wftfr9/8pf/Pv+WQ8P/7inD47/y7/n1/5vf49fkf7UX/b9X/Rv/fP/zoN/5jf7P/6gf/h/u/rDf69f/Lt95/9+/u/98X/TL/tFf97u82+9+p+qw1/0y//iv2Lnf/p1Hv9Tj37vv+eP/q/+mX8z+6t+8h/9M/+Gfyb5D//2X+9P/4sPv/wf/oHsL3z5t375+du/8O/9E67++7/9z/7T/9k/6fx3OUz+1s/+5H/4j7r+5//zP/jVv9/8Nu/+uF+Q/PL/a/ePOvoP5qN/72DvV/xf3/7XHv+X3/lt/pO/pb73l/x7f/q/+Mf81/9O+vf8hc+vvveb/V6/+rf7n/6u5W/0C3/8b2h+4nf43b7/43/6xydf/Y/tb/sH/7bf+ytf/oH/6B/+v/7nf8o/d/zyb/y/p//Un/zud0x/3z/n1//T/8qf+e3+z/Otf/YP+pXJ7zT9x/7T/+iz//T3/Jte/hn7v/kf+vmv9Uf+Xv/SH/D71L/gzt/5l/8xf/+j+nf5K/79P/uPbn/Fg//0efPXfXH/1/7t/+Xyb/sX/++n/8L3/pBfsvqP/r7sd/kdH//bR3/Tv/Z77k1Px//cs9/7z/jDf6N3v++v/Zf8nf/G9/7Bxw/+m8fbf9u/9If/Lb/nH/0v/mcf/et/yh/86rf+qb/9j718/hv+jg9+99+jnez8xX/XP/HqP77zDy/u/eZ/z5Pf/Jdc/5d/9h/zD/zgH/zqf/npJ7/vr/pP/sxfsP83/j2v/sn/cf0Lfvsf/Nn/xa/+rX/f3/K3ffYPbP8lf9uf+n/+wX/OH/VH3Pk9/qM/6Mf/tt/3zcd/9c73/4t3q5+8mP3x5ar9Cx/9Xv/O04s/7O/5I/77f2Lx2//3f+if+n+c/3n/zJ/+F/6Lf93P/EX/8Ov/7B+4nP2Foz+o/G3+mT/kj/w9X737R/+c5a/xP/zrv+Kf/8c/+fzF3//oFyx+wW/7r/1vf+C//uf/qj/1d/wn1//k3/uLf5Nf4xf/ous/+i/+q/7W2U/8ab/17/Nb/5V/ytaLr37p2S/9vf6a/+V3+c/+wj/2k8vZxx/97n/3qz/5v/un/pYf/2/+qP/hD/1Pftc/+T/5X36/P+UX/6I/+B/+5375f/wr//c/59n/+Gv83n/KP3vy+l//1//QX/Py1/znfuZ/+iV/43/4i//9v/X3+hP/kT/tt/9Xmj/6t6//9b/upPzXf4M//+/93f6n6l/6q89/k7/gXzv+0979Uc/+kD9+/g/8gl/zL//Fb5b/4s/821/8GX/ab/X7/yH/4C/7B9/9zf/z7/dXXv09O7//r/MHLf7zv/tP+9N+jz/yL/6/fo8/7S/7lX/Jr/PVn/tf/N/7/+aPf/br/IX/5R/wnf/sH/qF35m++5eyf+JX/1c//cv+ifbXO3zz5/8Xf8ji/vd/6if/vv9ma+f3/2PKf+k/++8O//Cf+a3v/YbTX+Pf+TP+93/s11j8n+ffO07+z/QP/D3+9f/773v3f/5v/8E/efl7/Orf8vf5P6a/+2/+a/5v/9E/9wf9oTs/9sd9b+ftb/in/8af/nr/9W/036STf+L3/Ynf8E99UP3kH/7nnf2zf8Ffc7b3P05+j+N/5PJ3epz+K7/jH/hPfft/Pn322/1+f9Iv+i1/07/y4X8w/fMm//df+4fe+9v+5793/Ff/jf/m7Nf8H9/sP/jtf6dfdvc/frz+zT/amf5ef/VPpL/kj21/7T+m+at+0a/zbPR48Zf/w5To+3ezv3f7X/2b/qf5/33xf/7a/8qv+u9/8T/7b/6Lv/mf+u3f/r98/OD1d/6Jv+rL3/H3/IuTh//jP/crfpP0r3zyl/+fv7r+vf/Nv/NP+A9+u9/p8G968Hv88r/qP7n7n+wc/ev/09Yv/l1+vX/1z/r1zn7VP/IL7/2lf/uvefaH7/4lv9v/nP7Z/8Hv+bs9/N3//d/lv/2ZP/r//hV//Oz//Efv/tp/4d/y+01mv+w3/Y/+p99v+rv903/Fn/XXHf46W7/O2V/7L/+Zv/Pf8neM/ul/7z/87u/2iz/685af/eB3/ud+5YNf+Pa/+PiP+eX/4e/1H7/93uf/9r//N/wr/8jJr/kLfvf/7L+6ePMf/I9/xO/yV/9r1+M3v+T/+Icnv//v9af+l3/NX3T3L/8jvv0XnP09v8sv+N7f86t+9a/xF/xL//eP/dZbs/q/+21/l4tf+z/5zX+f79X3/+bqb/gfP7ksXv6+/+e7//H/+L//u1f/x2/+B/xnv+e3/rg/9I/8zX73f+V/f3r5R/30R3/tv/K//hf//M/s/na/42/86U+/+1P+tT/hX/nt/ulf8Gv+04f/0Lff/bm/6b/+a/3Jf9iXn/4fj37X//NXNn9J8tdU/+Jn67/39/qD/o+/9w89+F++evJv/If/3Z/yb/+Zn/wrv+T41/mF//yf8Bc8//3+kL8r/+RP+fv/lP/sT9z9JX/ob/X3/a1//N/yX/7Tv/HBm/aPfFH9gvbv+/y/+Q/+9H/jf/u9/9gv/rTJ7/hr/QH/5u/zf/3rb//af/wn/tuDf/LX+Mf/m3/1z/glf+F/8/SP/J/+rv/z/MlP/5a/979XX1z8XX/Qv/03/4b/7O/yP1zX//e/evef/Yd/jz999F9/tPNX/03Z7/Lf/6a//fzP2n7+L69P/o5/7fe88zd+/B/8w8t077N/4u/6W//K//mP+EW/fbH8R//L9G/5zh+R/8uf/EWPfpf/4i979E/+c3/tD/7OP/kX/o6/8h/5d0ef5T+5/vRP/Ef/y7/r1/npX/63/jl/2S/e+SN+yz/o5Pf9H5Lf9rf4rf+y5rf706YP7//NafFnvvs3/4rRb/cP/z2/7Hf/0//wZ3/O2W/yVz3+r/7bX2Prp67/o1//9/3p/3z3r/hr01/+7/z6e3/gL/t3f8Wf/s/+Nr/g3/zz/pt/bfs/+tue3PuN/6Lf7i/b+T3O/8a/6Y/c+vt+17//H/h7/8dPvvtv/H7/7i9e/Zv/8I//9P+296f+aX/5v/NH/3p/5b/y7PlfvfNH/x5/3O/3e/17X775La9/43/qV/yl47/y23/R07/un/z2r9wtvvPg//jov/nnTv6w/+KPv/sT/8r//Zf92r/tr/X8J1/8j6N/8Hf4v//l3/lf2z78D3/dX/IP/e+/1sHfUP2Xs//hbvan/a9/2K/6F/6d9g9v/pX/6Lt/xu/85p/4PX7HP+Gf+Af/vjt/6z/xu7z+rf6t33D1t/zL/+azX/aH/3pf/pd/1592//v/xs/823/Wv/g/vf70l/2T0//w9/8//6D09/pL/4Evy7/nn/jX/6/y3/2j/4S/Mf/en/EX/Ml/xE/9xr/Zf/n47F/d/6+/+yv+nT/wr/+N/+//9Pf/bX/ZH/5Pnv6f/+Uf/Xf8l7/dH/7bPPqD/qm/bP8f+M3+hP0/7Xde/EM/9o/9BX/1v7z+F/+n7/6T/8jv9O88/rP+ps///b/p6O/6s/+mX+vdp7/lqz/vn/unfrM/4r/8rf7NO39h9sf/nl/8IdO/8u/4Dfb+wUd3vrX89X6PP+M3Pvv0P/in/6E/8D/9y37lz5z+Wz+z+uv/u8//md/kP9n7J/+Of+1f/43/xT/0f/mN83/2x/74f/HHny9+0yd/6S/5Bf/qd/+VP3s8+a2//c/8jcWv/N/u/o1/3T/w4pf/b//qr73/x/0af8zv/F/+G//UL7v8NT/6h3+Xf+JPaP+tf/Lq4Onrf+JfqH6b3+sf/Av/63/gf/0XH/63v9bo95j8RfuP7v4R/+1/mP4G/9Lv+Mv+sH/w2f/5W/4rv8Wf8Ht8/DN//T8y/Vf+rMP/8Y/7i3/Zb/TfnFz8VX/4P/lr/Tq/+v949A/9svzF/5bf+1f/4PVf8lt9+9f5F/6F3+g/+kd/y9/6z5t+95f/gl94+v3tP3HnP/8d6x//Xf/+P/M73/9n/7Xf6n/49v/5dzf/25/wf/6xf9s//Q/9u3/Wb/Zf/D1/05/57o/9Df7hv/0Hv+O7v+nHXv2j/+l3/pyf/Efe/pH/03/69K+8/qPXRz/4Jet35d/61/3kP/WTv+Lf/h/+pv/z7/jz/6vf7nf79f/kP/Y7D/7Nf+R3+ldf3P+rXv6a33r6m/8l/+mDB0f/7P/6P/47v+xu8fA3/c1+57/oyX/9F/32f/P/9Bfd+bX/x3/nt336d/9dv/6//vHv9ef8z//g7/W7/Tv/7b/0S36//+qP+tv/069+49/y1fZ/Pvufvvoj/6rjv+S3/NtGv/Nv/Ohf+e3+sr/3z/5Nf4/6J/+c5nf47f6cf/kPm/9Zv9FXn/4lf9xv+6s+OvhnP/mxP+7vS/6U3+PX/Sf/3stf49f8/f/6X/nki09/0T/zm/7pR3/8X/wP/8v/xXd+u7/w8z/x7/o1fqeDv/J3+od/83/lz93+w379N3/kb7X67x6dvfi/J3/748v/4d/4j37m1yFF+Hfmf8+/93f8+Y/+3r/pv/nsr/mDfuU/+ff907/Xn/Lr/HZ/0m/wJ//Ut/6af/bf/8P/8P/ux/6R3/Qf+U//7X/stzn8iT/35b/+01n1X/zVf/Ffcv6X/eN/3i/75/6c3+Evmf2m//pv+esXyzefl3/FX/a//X2/1x/xcfan3X/+Dz//s37zP7f4q//7RXv4Y3/hv/sPn/+Se7/y9zv69/6h3/ef/1P/4Ed/w6/5b/4DvzT7N/7Qf+K3+BtmD379X7H70e/523/8j9/5477/Y3//v/UL/+O/6NO/7484/9V/zj+avfjp+Z/3G/5Bf+T3/qiDP+5v+83SP+jX/4O+/+P/3S//b7/63/+bi09+x7/wH/3Fv8lfdue3af6Kt7/vf3dR/iu/fPlr/DHHv/3/+R+fvvyP/8ZfO/21fr1f4zee/5W/+j//x/+Ff+/f++f+1L/mB7/Fv/DiX/hD/pIf/Nq/8e7xk+/+J//xH/vP/Sl/0U//yX/yf/An/tb/9G/6nx7+Q3/jr6yf/Xq/y/psffSv7i7+sL/yj/5tf/ffgXTU3/6b/MLf4tf5+G//YxZ/8H9/+Tv+st/sT05f/OX/4Z/67/yP2T/41/5fy//rv/t9vvpHfpfXv/Fv+38lf9U/lfx6v+Xb/+l//psOfpN/85/+L/6nf/8vG796Mn/zG/yJq//pH3p78OeMf81/6Tf47//Hv+i/SZ/+nb/b3/3L/9rsf/lzr/7M7/6J/+jFf/2Pvv3z/8fXv97273T9t49//7/zd/6j/o7f8Df798//xl/5L/9xf/fT32X/737zv/yGv/q//C9/21/5T/83v9nv9O0/+/f4m7/49//E3yt5dfWLs//+8N/d2v99/8c/+x/8NX+X7Lf93f/Rew//63/w1/9r/tY/49Nv/Ue/1T/7rd/79d/0b8z+jzv/7l/zO/3G5V/3a06+tf93/M3/2D/466//oz/sL9/6G/64f/M3+if/u/9856/45/60H3v0p/7Gq7/uH/rD/+9f8K//1n/ef/WPJ7/fT/7J/8nvuPP93/3xd//Np//Rr/Xn/Xtbv+k/efg7/eu/Tfq7tv/ob/cvvvyz/o47//r/8n//y//Bn1tt/41//6/7P/52/8hv+dd8+Rt9+b3/4L/9C7b+pf2/8vj3uPuHvZz/M//Qb/py/s+u/vF/8d5f/r8t/8N/5P/4P45+4n/8I7+7/qv/+je/29/w8e/2J737N97sThb/8kf/26/3+a9z5+jX+gP/y3/1N3px/Pq3+b1+yd/wz/33h7/12z/ht/wbf4t/7a98+vf9qv/5X7z/X1z8zG/4vzT/2p35y//0P/ulv9F//OU/88//Oauj3/zPyP+jnd/px//53/vPyP7c/+4P/bH//bf5I/7TT36nZ3/Or3vnH/i1/8CL3/kv+qu/9dcf/Xp/zk/9tV8u/uM7f/G/+R+tfsM/8aM/8//6Df6n/+N//1f++Qd/2Y/9Nr/NH/xfJ//8T/4GX/637Z//3y+v9v7Nv+if//F//3/5K36fP+Mnfudf/w/+Y//Q3zj9LT7+I/+Tw717v9fv8vF/8mts/W9/XfZH/Hqvfpdf59e78yv+r1/7v/+HHvyDf9pv8Q/8Ov/Ab5L9B//cT/y2q/av+Bf+4N/81/rP/qHVH/DsF/6Vv+Yf8sf/nr/Vr/2dj9b/8+kv+l8PX/61f84v/WUv2r/04O/6L+7/ov9o/n//E3/Wx7/kl/1W/97dT179/r/O7zL/sf/o3/51/qrlb/8r/uP53/N7/tHf+k1/s7/qN/nlf/mv++v/8/9Gkl380q/Oq7/vev2fb/9vj//c1f/wG778C4/+7Mf/ze/wX/7K8nf8Sw7//L9u76s/+uUf/mt89ObH/8Zf+Gv9Eb/5xR/5f/zMxfIv+J1+t8nv8VX9+/3Ed8v/4v/6W/7sf/w//g//il/r87/nP/x9R//33/f3/kl/8tkv/87J7/hPPTv/g/+wf/1P+AV/z7Of+E8evt3/6R//W4vP69fH9Xf+7N/8r/xbfvov/TP/p3/8F/8l2d/4D//N/9Mf9I/8VX/Nv/HX/u3f2f/qX/plX/0a53/rL/yd/tdf9x96/Y/+z3/Ov/nv/Jd33v7yX/J3/eSf/2v9kf/dzp/w+/8V//Rf/eC/+c/+q1/94MF/8Ide/Yd/WPP7/d7/5N+9/R/8lt/9HZe/+J/6B17/Gn/4L/0X/64H/+o/+b30yb/6V/wLv9E/8z/+m7/s9/u//+o/7b/Lnvx3u//3P/3r/ot/2j948pf8B//kR/Vv+CdcPf3zf/x/uPhbfr3f7L/+E+7/Ff/y4X/3l/747/qbvvx3f7d/8u/4bf7RvV/rj/9zz0+e/43/7M4f9l//3f/Sj9/5rf+qP375a/zGf8Nv/Mf/S//bX/EH7/7q3+A3/Tv/p4M/8u/+a/7l2W//K47/oH/o+s/4vYr/61/+B//6X/bdf+D3/vf/j9/pn/8z/vC/8q/6b/+dX/XZ3/CH7P8Nv+KP/vP/i8Wv/uzqN3z5G/3Ez/zMf3Zy8Ef9d//TL/jF/+fx3/iv/y//zPlfedX8gf/E+S/+Q36X+T/zN/1zbfp7fPZTv/9vffEL/rpXv+o3u/hTF8VvU/0Gk+Z//cP/g9/nP/xfft1/4jcs/o8/7o/5tf7Q3+3P+wv/81/4K6/n7/6iT3+bv+Df+Wt+k2+9+OP/mNc//Qe8+f7v8Ht8/nuMf+zub/47/Ya/2f7+936DFz/2B977z579ktXf9tWvsfXxn/I//L1/4/J/+v3/wr/3/v/22/wLi9/jD/kn/+y//tN3/8O/VfwHd/6gX/jn/58Hv+4f8n/9Zn/exV/9r//6X/1Rf87v82v/Gn/y3/WL/ujZf3j3f3307/+6P/E7/0N/9r/yTyT7f9rW29/i9/0tdv+uv+x//VXzv+Anf40/4dd/+e/88j/q//z99/+qP/R/Ov6H/uTf/i+c/fK/+c/9xz7+5/+QP/87f85f9Xd/+nt9+i/9ldNP/5F/6D/5j3b/ozcHd37fX/kb/FH13/Sv/Xq/3a//m/6v6/z5b/fXvPjLf/VP/aF/6Pk/+789/g3+xPTXPlj/Lh//rf/gr/6V//n3/sbf97/9bb/7m/+Cf+L3/oN/6Ze/zr/4l33rH/27/o3/8k/4O/7eP/9vOjz7g3/mN/0t/rqvfoPf9S85/+k/8fdJf8O/43tPfpMXP/nfvKmWf/Hv9+ZX/Fp/6uRf/sXrf+bP2P/N/pu/9VeM/5G3/1D9y9799//enX/yr7v6/f7+7f1/8fA3K+//Gr/xn//7/u5//1+z/4/+d+d/13//i3/XX+uv/L1/nf/o4N0f9kf8YQf3fus/6+Pf+Df9Q/7QB2+O/6jv/Bp/5d/21/yhv8n+79T8R29+zce/+//xH2bb/9LP/NO/4+/28Fd8+l//zp/9YP3f//M/9U/9xi///C8O/sqTf+7X+j1/05/84g87+vLgd3/7Wzy++o3+5Rd/3R+5d/ZH/31//ukf9b88/jd/4T//j/+RL//41a/9G//mf+Uf+7+X9//e1fXv+hc3v/Pv9z/+7feL8193/Z//Mf9S+Tv/8X////QXP/rDv/MX/6P/9+5v9Af/3f/yb/v7/dv7f/C//0/+zJ/3B/71qzt/+q/x2/2Dd3+H3/ujiz/r9/7Hf+K3+e1+499w/+/7tX/TP+Qv+Yf/4V/y5nf4dX79P+ivXv8e+//Swbtv/Tp/xPf+87/6n/41/o/fZed7/+1f+a/+2f9p9Vv9Z7/t//gf/t7/d/IPNL/Lv/MP/Ql/x2/2F/yu/8ff/zv+on/8N/zxf++3fHeZ/EVnv9kfX/5Pp7/77/mXjZ4mf9q3f+8/6nf7a/6V/zz7++uf+pt+y3t/672f/pP/zF/9H/1Pf90/++1f/ft9mvxl5ZOf+Dd/mzv/9V/4r/62//Z/+Sf/YbsPf8Fv9ct+p//4o9W761/7N6z+iH/nxff/qd9g9Lf/frvf+9X7f8Nf/Pes/tqdP/317/SXjv+Zv+aP2339bPHH/Te/97u/6C/+d/6iX/Wt//h//M5v+GX+S/6CX/P/+J/+jd/68P/+v//tf+8P/L/rX/Vv/M1/7R/6H9//dX79//Twv/plf8Af2vy2/8hv+ev92P945/Hhj/1L+3/Uk+bZb/aX/Et/3k9857//5Ys/5k99+tf+qSe/9K/4W9/+or/71/9H/48/79/8e3+3v+Y3/22+PCv++j/xznTnb9/9J37m4Z/0m/02d36H3/0n/o5/cvR31H/Fr/eLf/ujy3/hb/hj/8Vf59c8+it3fuZf+7Fnf8Cfd/cv/bX+wmd/xt/wu/wOv2V+/Fv85b/2/L/60//J/+3RX3XwG/xE/lv9+v/X1T/8N//Bf+OP/2f/zh/+l/3q//l7j//PX1X9jX/9L/l1fvx//eKvffSDP+o3+Z9+o3+p/If/i3/uJ3+73+2P+08fH/4m/+Lf9sf+0gf/97/4K/6Gf+7X/l0+Pv69Ls7P64Mf+49+h/zP3//i8D/6A/7LX+P1b/sLpmdf/aa/4Ff+r//iL7/8P8u/+Jdd/Yt/zH/8+//3f+avuPc//T3jv++3+zX+sD/j/Omf+D/8Tf/ivT/lHzl6/OVvsfOnjv7x//Sv/h9++3/hwb/6S/6Vf+7/+J/+6z/+r29+2a/4I6vtrbf/2r/45/4ef/X/8Sf9+3/1b/fp89/j29m/8pv9Br/Lr/dr/uH/Qv6vP/pz/rg/8f/8zX7nf/3X/yP/q8u/7S//8X/u1/gXfvc/4y98/Bf/L1f/4T/wN/9fd37PP/y/SL769X7rv/LpP/5rvv7uP/Jf/nW/xl/wd/yq/+5//kv+rO/9H//Kn/8P/Ee/8rf86Pf/hw8OD//c3/XpX/Tth7/Gv/oP/58v/sp/9Q//Lf/S4z9k+vf89//15eX//St+3//17/wX/+n/5q/81V/9n0//jN/tN/ydf42P/tWd//x3++LVH/Rj/9E/Xf/av/n/8PGf9Rc/+DV2/71/8+//Z//of3v/1/vbr7f/zn/v+ff+uY9/6s5f+tv/0Q9/l3/mT/upP+xbHz/8H37HP2D1u/zHu//R6u/9F//2/+UP+Bd/3Uf/9G/wm333T//dHoz/pl/+7z34Nf6Fw3/z3/w9/sif+DP/hK2/9PoPaf7Q32Tvya/9R17/4f/Tb/RHnlz8LX/FX/+fN1/+R3/3d3+Nv/34t/pt/sK//fhP+7UOfvs/7y/69/6a3/zJv/6H/ql/2J/4m3/05i/7F37fv+B/+MV/w5/5D/7yf/XNP/DL/6zRX/hr/tM/9c/9q3/YR9/+fX76t/qn/rann/ypP/EX/2P/0B/2u//Nf9b1l7/xwf/+N/+zf9HHf90fXf6rf/1v/tHv/+p3+Ov+tP/4d15996/98T/ub/zDf/vmze/yG/0F3/lzf43Fb/EX/xX/+j+Qffrn/7F/8Ef/7F/5+/yX/9nHf/j/8Z+1/+D/8eu9mf/Ov9+v/4f+TT/4o/6ZP/Q/+j3/2j/vv/kDfvCb/0d/9Cc/dvIH/pW/8V/wO/+6/+Xv92vv/8Z/yZ/8l/wfv+pX/arf6netf/rX+c3+oo/y1R98+C/tP/1tRr/xqz/nd/tjP//Bv/3H3m3/q1/2L/4v/8nf/ef9Vb/2H/Dv/EOvfs3Hv8azPyd9/Ef/B1+++rX/hD/ix/6gs/IX/HF/8/mfcDT9Yrn4ff/2v+R3/D//6j/g6cf//V/1xU/9g7/X7/Nb/yP168Xf8Tf95L/9Z/wBf8B//5v8tvO/4S/7g3/9P+q/+Vfb//ren/LnP/6JP+pv/Bd+G1om/N1+/OBf+tv+k9/zr/2X/s0/+J/8h178928u/r1f/p+eXf/1v/jX+hf//l9v62f+xP/plzz5U3+bP+RP+xf++X+++JN+s4/aP2H1u/ySH/+3/p7Vn3zvN/xT/tc//X86+Nv+7X/07/8//qf/+M3/9Y+//kt+5vwP/qN+j1/7vzn/jZ7+0T/x0Z/x0/O/6dVu9hv8lr/83/gv/+Ff8uy3/E++9Wv/Ob/vd9/9dPkP/St/4v/1743+lL/p1b/0p/05f8/e6+z4P/lHtv6E3+z3/mz+z7356/+1//2LP+f7j/7Z/+X1X/hb/x//6G/4f/7Hv3X7R/zmv9P/9h/+VXu/wZd/+F/zh/5H/9DV+n/6105/4m/73U/+x7/2n/7Bb/Zr/OH/470v/vg/6/WP7xf/1o9/+6969hv8Rn/O/r/3H63/nf/5j/gjvvWHr9a/yb/QXv0u/8Pf9OO/+Lf6A//Xl5/9zA9+wR/wnTv/yOzNx/k/Uf7uP3X9W/yt/97zf+VP+xN2/sz/89/8C8f/0u/63/7a/3S6t/2X/9Gf/9e/3z86/c7z9T/9V/9k+gf9UX/uP/Db/Fp/8b/9e+e/6h//Y0eHf+fzP+Vv/D3+w61/4D/8637V3/OH/mPfevGf/w5/ziePf5N/4E/89X6DL/6NP2Bn/sf+t8//2b/iP3z97n/4+Pf8T9M/59d79Yekv+5P/2m/z//9G3zxO/4Lf9+Tv/xf+U3+rt/5H/+v/9dvP/j9H/8rZ7/J//gn/+t/4v/6P/0v//LD3/3qH/1dXu6s/94/6I//7Rf/wH83+e4/t/1v/Z5/6E/9gn/lj/vHfuY3Gf1Zf8xf95f9hnf2/+ePP7v3r/1B//rd3/rf/jV+i3/tW1/8Db//xa/6w9/+bp/9z//49m/8Gz/7E9Z/2m/31a/752f/2+/3t/+hv97v8I/8ZX/w8bu/6U9881cu2t/6X/j3f/w/+wV/7l/3i37bX/FLl3/qv/ZPPfy3/57f//f+vf+h/+03/WOP/5F//n//9m/w+o/4Z2a/83K/+R1Gv+H3kn/mX/3Ff9mfOl79rv/lX/Bf/25/5C+4+F/+5z/773l88PH/9j/8Vhd/8q/x8Nf4yT/zO//2X/5f/AVf/V3/w8lv80v/oV/4J/81f+br3+YHO8/+7V/jT/vLn77+yZ/4yV9e/C27/9z/8sl/eVr/x//ZX/T3/Wkfl//pP/M3/Qe/xq/7j3x79z/4O367//iv+os+/yN/vf/zd/wT/qeD+X/0967+yke/zr/5yR/+T/6fv/QP/C0OftPn639n/F/8n//BP/FX/8Rf9Z1/4OGf9Pf8+8vk48f3f+nlX/Nb/zN/8G/1D/06/9zOZ69/m9//1/4D/8Zf/Pg3+ef/+b/ki9/k8pf99v/RX/76F/3L/+6f+6/8kuaPu9z6q/61j7b+tY9+87/313sy+18n/9If9urHXvyZv/ef3C6++Gt+zT/nr/9v//a/71//7uzX/T3v/Orf9zf57l/zO0z3f4PkD/ldR/v/3q/1+sd/z9/kdyj/veVv8Mdc1n/NH/OP/pf/yD/19/0aq9/sL/m3nv/jD/7BxV/7H//df+P/9If9tv/T8eLf/XXv/E7/13/7qy5+tz/np37nX/E//8//09++/D3eHP42f3/17/7dv+i3/fgvePdv/h0Hv/jv+ite/cy/+5f9ol/9H/+Hf9g/9I/9F//NH/zXvvh3f92f+ZO+9zY7+rN/o39l/y/6J47/0b/k3/j1/sW/7N+p/vV/ZfIn/TvPX/x9v+/yN/rjfqd/9d/5D/7EP+nyV1z/Rb/t/5j9W3/Hr/3qz/1Xf+dH/+Ev+ov+lC+K//j//uP+w79x8cfenf1Z09/h1z/+mX/wXy7+of8j/Yf+6Lv/zj/6ty1+27/st/srPv2r/p1/7k/7xX8CvVz86t9o8Qt//Cd/1yd/xx/ymx0t7539z2//3f/r6n/7B/7n/+vX/g9/wbM/6N85+nf/rj/5e3/Xl//jH/AXPv0nP/7z/9y/44/97X79/+E/+YvXf+6f/fYX/wO/8e/w5BdMVv/En/+X/ZG/6C/9Lf/Xf/dPm/5Ov+9/+gu+rP+8f3Kx+M5/9gv+yJdf/KGz3+HgN/3d9//j//Xk1/ir/vtf9nf81f/4wW+5/5v8LWd/zb1/+tdPfvX/9m/tH/zC//yv+gU/+NuLf/eXzn+Nv/2X/A9nv9nz/+Wv/A3+7l/yn//Rf+cv+gd+8z979fv+8b/qd1n8i5/98n/3L/w1ftuf+jPeZv/i8m/4Neg5O33x9G948gf8If8PJDkmOo5EAAA=" />
        <Entry handle="22" bytes="H4sIAAAAAAAEAO29B2AcSZYlJi9tynt/SvVK1+B0oQiAYBMk2JBAEOzBiM3mkuwdaUcjKasqgcplVmVdZhZAzO2dvPfee++999577733ujudTif33/8/XGZkAWz2zkrayZ4hgKrIHz9+fB8/Iu5+KzmpVtd1cTFv063pnXRvZ+fhKP19snlV/a7p2XI6To/LMuXvm7TOm7y+zGdjemmWp2UxzZdNPkvXy1lep+08T5+8fpo+l48fJfO2XT26e3eWX+Zltcrr8TXAjpd5e/d6XdzV18ftuza5zOumqJaP0r3xg/FO8q27SXG+1V6v8uo8/X2Ov/3ll5999hF6OS+W+eyjn/mZ35U/vPOLL7Nav//Fv+Twl/Bv42W2yJtVNs0/O18vpy2B3ZKGx59l9cV6kS/bZnT62XJdlqOT0ZPR08Pzqt46+Wzn8OTx8bjMlxft/PDks5NPdu/84qefbX300SfH3zv5/p1xsyqLduuj8Ud3Dk8/4674xSefbT393s73CUH+7KM7v8fuo53DJ4+fGlBPPnsCUKffe/q9J9///mf682d+hjA+NX8d/pJfUuftul6mp4e/5FDGUVYXbgRPR8ejExnGE+l8fFXMLvJ2/Ly6uMjrQ6LXk1/4C5/grTu/WGHxX/rq4S/JyyY335xn9Ad1ql3V+UXRtHnt+jsenY6eSn9n2l++vBwvqtm6zBui2rdHn4+ejU7Q7+969r3j79/5xfj3s1+sM9k8+t73R5N1Uc7wG83Nk8/w/eG3P3s61iaHn9Pv3OTwmddFCUyW1OTwCU/lZ8f0i77y2bfpd37ls8/dp814tW7mW9++Y77UDz7HB4usWJ6UWdN8durN87POPD+jGd56QkSi4ZzSXI1/8vTV67MvX1CHp+MnX509f0odCgXt5Gx9ZGGnRZNa9kypm1QIlRLvjD66yuolMY2lNo3SjZf4QIkKitnBM9EcUWiif1JJ4KbIznNvfojSP/MzYHDLTPhynXUl4uSzX1zkj3ZGkM6Mfl7k07cV/bzKJ2+Lln5ZVJOizB+xrGRFTZ9Ms5+mlr9k9OSzZXZZXGRtVY/XpBaOL0iuRsfgh627v9e333zx/O6dcZs3LZH1zi8+GQvIz3YPf8nxZ5iVdjrfunu8WpX5d/PJ71W0v+/dre/9fr9v8/1v3bl7B0COf+EvPP7e7ve9V1dZ3eTPyiprt/gbtLqbfsEY/r537/qdCdqffcTwP9KJ8/p9Ub0tshfU393vf0u78147JnGm2fLxnFWT/PjsVQ9JvEV0Ma9AGAy+d/wOvwSBv/f7NtTh4DB5Evqj7EJJvyiWxfd+v8MNmHeH+8Xrs9Pft9nil/r9Fnm/0x6Iz8EZ0eEzz9C8eo3ry0fc8Pe9E+tPXuh3iccDckKMtoEpwIcRICoRJ4e/ZOvO4ZbH7h3bsPXRui3Kj0g4WYvSL/m7bAFu4Y48Y/O7fvaZb4h+/2m1PC8uAlWsn1nVNTqO6bPR08/aep2Lznxy5xcPWx2MlBTSZ589gQUSXT2p8+ytsBjp5WPRcE+EbHdorKqWsuWF9o1f2cj4VPDtBxqMnn320feqyU/n0zY9ruvs+vsfjU7cR8/0Tfr0+LMv+bPxqq7aChQhG/q9j9rqdVsXywsi4GVWrvMvzz/6Pg30FxcNg3tk+/7caqvjsXlpnJF8XtNXn3322bPDXzIqmidVVebZMvaaTsLn1PajiTT7iN8xSN6+rxN+7wUptdg76EF0JzdaTPL6JnyW3OqjX/gLCRuSzjaH7cHrQrPI61uf/8JfaBwcBiEUJ9fmydgNidrfufMzP6PWmuDJWG5Cp5Ep4Te+Mox800uO4+m93//s9JQG9ax492jLNyCkLO78HhbQ2ejbwlKfj36v0XfYvH5ODP3541PD0J9/9jkY+vciP+fz7x9+57Nvf+/3+j6zvz/I79z5hb/wO78rKa/fi72I3+v7n30HbO0QvvOLf8kof0dS5A3iO9TlGYvK7/p7kT/4nTu/uJ3X1VW6zK/S07omVD6SV8jXIdU4G6Uk3FmTp9M56R9yVrOWrPNHGXm3s3xF7fLltMibNKvztFhOy/WM/FxYbYzv277h/CWjzw+/7cTgs9/L/X74He9zYPJtkkzvszEpCpqc9ZSsJg3yO+NmTSp9yu6JD4ZG5f0ZvPXZsf8nkXag3e/FvsyZqJnPaUipUOvJeJ41X14tX9awN+01TSIx2S/2kKSZIl/tcxiSJ2PHCFteE6I8fTvK1hfwprtMTrwgE/MdmpjfKzIxx5Omqid2YsiNK86vg2mwlP/c89nPRs9H3/7s8+/tMQt9+xf+wm9DN5NKlUGefbZ3ePb4c8N6Z5+dMet97/PvnZHb/R35aawjXngOqgiq3yZM5e/f6w7eeY4XnvdIgJF5A38JevgsqQx5NsCQx/LaLQf+vYDg7vfvj77NovZtGu+3H1vymHF/+7NvY9yfi4WwX3/v2zCPT8bBnKlSbOdFM2KNNVsvVp6iGD3XEICE7cVn5J9++dlHv3g8Hv+Sj2giPjonYZA/vvjso1H60eg7n32UfnaUfsRBAURceoEWs8r1k4+MP0aNwJdNmy2n0EJPszb/mZ/Z+mhJseUbGudHmA5Skx+12cULstvytwfKwenqTNPk29Ajzz/j70WTbz2/c+f3eP7onlFCbKX4lRdCsI++RzMg7LQz+r0+c+z0+PcyLKWvmsERW7nXt54f7dz5PZ6MQUj+avR8e/fOoy+NS6XN+KXDX6J/fSGBxwvt62iXwVWrLdfko+9/1AHx0S82iApdosL9ObGkxe3sk++wc/PNI38j9r8E2OukvBj/dFUsKa4GwzXrSdMW7brNHdv9JAWXGts/h2EZvRq9Hn01+gkw4Bl4Dfh9NHpJ3PbR6HPiyI9Gbz6jLkYvmB6Hh3d+8fPPfpL8m6Y9I7l69+U5zDGh+Pzxzp1frI7U70UtCv32DfE5f//J7tFnv5dtckZNGD9YU3w5+r3uHL767OzwK/EPvvPZKwviJQP4zhHR6xd/RZ+7975DLENv+R/tsBp5TdbwFasyGuzrz77c4mEKK3hT9PqO5ThhVnzw+jOdpdcj9oHPlu3WV6PdnTtmqr767Kuf+RkStReffWVx/IJxfKE4fuUhtC+9vrbe0mewM+aPn/kZeefGTl9/5iBg9lXXGm2gX7wmc89/q0TKeD76pdsfffITykOffLT9Sz86/Invmb/JIBG0nwzmY4cm7ZPXn/gf/V4g9S9h1f6ZeXV79/D5ETklzz8DL/9iwKjzVYkQAJr5VX5x+m61xb0/527vjIihPvkJ0v6fgKc+uvBY9yeJY6mrReBLtfW1VUkW9l0KWz75Gfr/73b3YsSsPuWw5tu++volo0VeX3icL0z/nc/Ix/i2Z/g+/+zbOprRmdFNMHVGIXW0Ohmib0N42TRa3MmnGpWkYj1n9gUEjeSLWP7FZy9+5md2YDw4ZpC8z5ckbN8ho/u50Ro6g1/SjJ0R9375fWab3/XMt3VQ3WrvFnk7r2YuMwIyGGYQXv6CIH1Blo4APfd9rDO1TN8eQb2QG7n1e935PZqc5JkGQIHG1vPRizuP6IM3xSKv1i3/fSgj/cWFNnr0e1G2gmyL5+WzKMHcjU2jO794Sn5hbQHDDDLX8scGPD6l/A0c6p9EmBPz6AODJ3680sv8qQxv/tRgB9YHyaGu8v5s67jzied6fz7yOOkX/sLPu4qfkmGeA+23ZurbqICUOTkGAOA5j54v+O3vk4+FNjQLTztsRqlT5TEJERBRj58jAn1yaFnyM/sbe0vadOOX4rfTd/LLoRffmkTl1kecS/5oxB+PTNbx0UecP/5IMo+PPtp98PDhR78klghAOPP7FzOK3NeYeS9e9z6FREASNN3LAxw998PnhffiOrNxP74bQ1GMZpDlOf558dnd36/d+j0eZZMy/5nZz8zv/G53i9Hv/dndaVVWNX7/vT67Ik1dXY1n1ZQFf/RdCgrMH6dlzp9RVqu6onTCU/38o9GSDGJ+nq3L9ieL/Oqj0SX9Hb700aj97KNptVhl7RfkXBF5CMj5OYnP8/y8ZUsqf76pyK6uzV8vKRbCyz/12Ucr/vUFv1x+5lw0JAuMewbnsJnWVVkK1ML8yVB/4rOPKM/yhAg7I5E4KQuC9woR7+iKvzkh9MgLmL1urykJM8oI4XWNTvUDMvsnr1/vnvAoPhpNP/voSTZ9a/68oOaIoj5CQoN/E5TII/2IUpVwFJrPPiLq/34/8/v+vs2dj0Zv8ddn6c/8bvT7V4TAR6MVjbJqCnDJR6Nz8m6Ld6SxRj/52Ud1TnqzuCRwP/3ZRyWPraJhY1T1Z6TkZsV68dHoFyEtUdNCCEb/3WLWzj8avTKfEQn0o6efLSTTNzqj3yRVSMp+IWkxcmQWFGNT0vlptfjsF5989frNl1/8/sdv3rw6e/LVm9PXj7Z+1+9C1I9b4q4J0evO7/GLPyKL8NGjj+btonxGv42UEo+e/ZJHv9h++ohb6XdMm0cXv4TyvV7Ydq2rJMej32f0g9E70frXrDGvv1dSQvl6TJmNhVUk16zMNYVw7eUdKD11/Nn14TVxL3WgPPjk+mxG0BjmL/yFBGoGH+PYh2acBfr+9xpTYH7nF1+Lo/X7fMZ/f++YFhBg/t6Ra/75Z7+Pcc3fkSX85JN3jOnv87133+/BxoecKAswvx4/Jdqe/uTpizev0dU1sKWsgcqM2KqPpA+OPYgWPyAf1EPhuofCD773A+uz8CQy0GtCwFniH9jfru1vmnDqCoKvwn8fHqDoiO9dfd+p/+/l3//e8vv0ETUCnDvf+32+78VY38tcW0Hp7PT3D3phHNEBiAQcYn0HECbszHw+kr9+f/MKgxjZPzt2t4+618M1pmCL2egcCV1aR7smUW4aTu9+9Eh7aqsTYt4SnARmfUcBWoOuvnf9/dHvw3EnTcLv81mfJviORvHus9+Hmh5aVnhHds2S6rs+qULcuLPD5qrAuOnvKaWSPqook1y01x89evfZ7s7OIRxBIHRelGQ8mu999PT3PltkF/mbOls2xDSL8RcFKcSmOm/Hx+Vqnn30/bGCMO7hD8Sd9KBsUYoKTe90m9Jg3Cjuon/GSYj36BrSSHQR6h2qgaCP+3Skzmjcvwf+IdLwWo96UluOuD/zM+/YSSEG2bozamIsMnqHhbMId5jWo19MfsXq0e8zgm/27pcwq/QhMau86U/D70MZCpmG7hg+h7+yujO6JqoRaJ1pnat33blCnOdcs99HRqjUJm80/OAzof6Wvv3ZR59cf4tI/clHdyTJ8fsQ0bAaTT+glp9n1+QtOiA/qEiL7xLRJKL0J+hdfIL0TdIXpEE1fvolhkU/lCT07zsnX8RlH1n5osXzoGfbMaab5Pn3/n1i+eMhZfB7ix4g7/ulmtSYw9xRHgTho1lBq+zZ9Ud3fldk1atlTjl1bVYsyeURX3kkfXR45vf63uX3v/cTEQFW8f0BsSgZt+Nno+PT0TGtip/QEva70fGTz77I2vmYqFLRys3nut5CALVjbxQESowb9UM+6fEz+i3//uEPnKo3btlr6whtHT8j73WoBTkG3ID6/d7xk63j4+/99PfvjOS36vt3OD3w5hf+QjgFjw+o71NK+h0/xT8nnx0/+177fYqNXhMEGvvoF0GWzR+vWOPhPVKpn8qa0glRdcpAdgBkRxI39Dk+5iafU4uaW9gI/3NE+GwL3+mXT92X7+TLX3L8Oa08bn92fEoDoYU4+u0pv7L1+/zMz/wANMP3n3z2A/n6k89+n0N55TOMFL/ckW/0b7cEaTTc8edWUQ9M7zud3ieY2B/ILMJEb5hJsubX35t8f3T9vZeUGTZCFJ9FTPQN8yhNiJpbyCcb5+7o/u7DO78H4qRHjNOdw6s5pX+3aKnk8++tkX37AdPmc8Lk8AdMnc8Jn0OeMOBokS+nT9iZbGhOfnBHJq8rQ9ejFWTnnBLANHSvp5/iKI9WFZmBP/9e8f1D4vzPEcMXnEyPiWNFcRXJxZXI42XRFBOskG7ECngf/8zPHD+RgRErPOFh0S/HhLMM9p2O9Pdxxvepaf9Om3vfUUL924ZO3qsCzRPfrR8wK6FB+GmfoX4AfjLKLdBOYKbfxyUj3nW0Hase+pSX2tVQdhTh7yOq0CRg0EWoPm/bxe6tu2g6KpoU2+8zbI5/79+HbHHVPHo3WlavcvI4Hv0+1hyHYH5gggIz4R57sH2Rj62JJ+XwA0r+NqPfh34qcKjY71mVYYcYuKAE7qfvQJm41OJgw4obfh9y/o7F5JhjD4rRphJ7/OQhMt8rUgc0KJJH3zBpKvh3PX5KPEqKTxSFMxqy1EotKF2Tvdg6fgKOIqj4+Rl39ZN3fo+dRyytQbNdbbYbNnspzY6f0vu/qywsk6eL4Y74s+3jE7A1w//ko9U7jTvou92wfTXiz9B+l9vv+u1/V/ZtIwMNev6Fv/Ad/8GfURYq6AZf7sqXPBafXah/Zhgym4ZjwHlgml8izOeYhr0Syxb07u8z+p444d9XTg04zLKp6eh7aDr6fbgxjYQytF3/oS8++OR6o+V+dwcBxulYwI0t4C34tYFmuL6tzIE1OY/Bob3vjXSlGYmZVVVLw63g3W/nxcXci8KHX5aW5m0Nq5sn1ycmpHdAYASfQT7I0yEP5ykY87PnnJGi79hxOX5G6wPf+ojNFdmZ38N2h784CPiZn/m9RFJODE4U+/4SoT2txHz+2fGJF98TIm8kEQR/ZmQMBDnFjB8HzTJLOyMYIBM5Xz8ms/DJJ5Jn+AFFqxTIEYrkQ3/PBPjf/wyfir07Pg212u9jh2hDaTIMI9Nthysj06qTOv79zSuyEGr/dBBYo8rSrDgX7Fq8+4W/8PcRzlL62dQMvfCMZOw77HxTLjOfwij/PuM2b1rEXcJ19AnZ3iefXH/y5I5dqXnyye9Df9Kiiw0BTKxPqGWz2fuOzbyiY+tD+JCx/a4dAjIwT6iDl0bHWzTST6gBOa4QpNgI63xBnsf7DtJ7S8cZhXM9Un3x++hQyWn8gSa7SAWyAYkM+FoHHBnWNYZ1bJd+nBLmnknN5O9Iy9Ca3x0/UghBix0jTfyDKOW4C8oOwANlqlkl14OEDMpH4DRKcPmZQiTd/L+3Lmgl/OLRs8PrsdDJfSOrHcG0/D48LTzAPusMzMw7NzPuxdEvPq+rBSUB2urR52Q/Ep6nGGA3UezUH48Mb/7Am6snn70bA+Ahzdo7WnwUjXWM8aspt0uQ8Eg/NybSiAB6odeMNGIWnvyukjwcnCuwwe/zGQnpDzbPOXU4evIJgbozpqi2MB5Nt9UxZpVbEKDd0Y68M8hopEt4/ZzYyZOhiBRd5LRMQAt+Z7PAL4Sf8I50//W62KYmHx12rKloYs3RuvQs/SHK/wefvfskulryySc8L5owzr/fTf4iDuzYNoMgjewHn8AQc17Y5Ud/cCtT/DM/8/vocqF8aBdOoQRopZGWABta1fJVCScJncn7fRA5uz/fSXLRSwVs/T5gN1LUvw9lwuEolfCQWLHTulmbFcuGdCUxzjvR8eZD511o2wVWUkzoaJwTvPO7/q7D3xOUX7j7aV8oMcvF0rTelK/9/bmZUxkk4pqr5S86pOkMnsb++3DgyIzz+yDjYeTIUXfrHbIOv48ZbsiInpPgdwUf5QlSMdfiq5A8e47Jk88gQb5j8qTjmDzpOibv1DF5MuiYWD/kBx0/5Afih/xAZpX8kB/oDAMtpEh/8P1DyeLJAN99753nnvyA1xfYbw/9k3dmeM4/eReQxKcIrbn0Zi4YiLRgX9r7x/ij3KMPTdSmhnDXoA2prR/c+T2Ojx9dcS6euB5GnubuBBleWd+583u802y7yoJ4AqA2ftOmMnYyNnZ13yJO5Ke0QAlekhDM0PxzSjl9/ti8S9Qmu3H9PbOIguSPffF7n39f3g1zPqLSnaMOQhr+73vSotkoMdhSWPPFz/zM2Z3f4/caT6rZ9VgWJvWN7wZ/Ev9w6mCRvbO+RcQLv2MUk3K4waIXC9yEhLxgcOC/bkBBo4guBiGGXRQ+/6zJy3PyMEnn6kBpWQ0JxELSdG9Ivf2uT9lx+H0+++yLO7/Hd8dTP0JRpP3P7Ex0MIjSwEdARun65+77PQucoGP+qNuv0UG+LLEkhfkv5l/Vh3DCVa64qVtNc2tDbk3OdRAJttj96ViTQiLyAJAoKN/OBoJu3edr9l5DuxfgwEq6i5jquG8QrWuSdPIC6F9ykL5a0Zr1Ca1fbJGD+Xn4wW2RfVnnl0W1bl5TFrFYXgzM1udgBKxfBI29qP79pq7TaZBHMFZMDCJTx3myAqI7sN4Y2FlGRy/yd+2tRrZ0Db/2qLzOPnREAd52NM+KumlPCO1ZOBgbO0XxplUz8xq1vPN7+B/4C4spCfwQAiGMLjYdwn6N8fojs8N9ng2NNgZyEwVKA0kJYP8eHH+EpQIoHQw3zXd3rN6w7FD57zpfhq7YdbiQ2KUTGpBVevd70PLgI/K2Bibv3ciCFEfqd73+mZ+5Zs//8+8ZV+v7noOvBr1rygyOt+Dt3vy68dkh95dzOoA/h0upgKzl/ZwcWrXKeGX0uW+18UkUOi0EvSdweiOETR9w5LJs8rp9kpP3dINaj1CGGOx3/Rz/h+GLCgS+Gft9MGjb7/E5hXTfZLf0daD7nIKLIRK0DBf+uD3Fe/lyxnMNVH6Jl1HtJox7nN1fuaNgaOPin1vouOi5YZ8Qtv0vjZv4yTsz9cv8KjXpZxKUa/b1DzkfbiP8gN7QPgbyyVev33z5xe9//ObNq7MnX705fU3+8c/8zOfIG/gJgs+tuoiD7AHsATT6aezDEEH6/dvqhDyM0oNoSDs7NJ+lnyOWt3P7g66noJ+/+97vQ91t4QdFyybt+dH2R0hfbe/+Hr/Po9/H5lbubm99L9umcOzuRUFDYFQu/BRKDyFO5iEa92ITjr9tEtYmX+eEgVElv89nrlPV7ausJTFYNuOT58evX//+r05//zdf/l6nL16PPvp9f9/fbfcjyAAgfIbJJVxO3622Gsrdvh19xdG6p9UsqEe/+NWXX775/d8cf/7o7u8Hqf+Zebsof7e7xajTx6O7W9/7fce/79bve+f3/f1+39/t9/3W7/vJ7/t7/L4/8/t+7/f9/u/7i3/fXwJyYE6c8YnH/59j1bf8/mef7VKcB/nEwhDT0Fu69YNGtQS/j1vkZ1p87+r79OUrXnr7mZ/ZIZ6Pff+LzPeg6beZ6i8k4Y248Q5oTCEg/f+X/JJrWfU+vNbVXON10lecfXn9mYELWItxRVyUaXBNHzqPlfla+PC16DBq/3tLrzRUuyx2UpVVTfz46vMnnJYxrIiFYO5B1utv3cU7ZFrri0m2tTNK9X93PkJ/H7V1tmyQyVm2H4Ud/ZI7JAWSPlu3Ran6wPV0Mno6Oh5RqN3Oi4aQXX12csi/XusvWF/Uj2qomM+eyh+Tqm2rxWfH8ldJWuuzJ/L7O/0FC5j60RVU12cOyLZ9Sb6fs/b6zAMsLQgfGkQPfXLWq7Zqr1e5TXy5ER0bVtw65h6OPrOdUVJB+n/s4YIPqR9tRr/hA0FCm8kfd27ABAqM8jUOEYvHVmxcd7615XBw9LhzUzcFUp9NPm1dR6fCKycuiDedUCyPrkZP9StK47pO6Uv+eWd03PlaUKXvdeSjJx3QwJS+ZoTBmsdHn538wl/49OgzmyFj89Mbh2U3SsP7JlYs9uaBr5cB43YGbVCPDNogPTBo8/XgoA3oYNC3G+XmEbXVazJ4y4sIy3wkjdNf/NEnH9FgHqUffWKG98lHo5SHYD/kv/CxYG4/lz/xBXC2H+MPfChCZz+WP/EFS6v9nP/65KNf8lF8OBdmYduN4qlMzbPPvNbqrtCC+9M7o5PPnpFaGZ3SD9LJT8fV+Tm5FZKkOebv7IeaOnrCTW+i+mmE6i8rkhhPO4wkrSgtymx5gZxyXWfXpDju/OInnx1T74fH9IO6+yVdOONmTVZhCk8AmqehTOiUsg6SRQS1Rk+AwujYIUFuJTmO2p+DNOrhf+dwq+NCPvEISHT5SDJS5D9+NHpm/oK7+NHoO599JNr/RTXLPxr9XmQnQLaPRt/97CPK8zzPrqs1/XVGzd59NPrqs4+qVTYt2uuPRs8/+yhbt9VHJC0fTdg4AyJPxUdkc/Uz6lM/emk+eoUO9MOfNB8+YY7TT19/9tFl0ZBLTRj9RGijRi8Ir1xQPP3soyt54duffdS012j+hoa3rtH0tXzw6rO7vx+3+hl57Xe7O/qSPtr6fWffG/++s+9/684nW/niZ/J3P7N69zMXs5+hBcafubz6mcv5z1wufmY6/5kF/bv4mWL5M6v2Z1bTn5nlFz9TZ7OfWTQ/0/zM/Ac/85b+/7vf+cW7v+T3IK/oi89+MTGq81B+79FPGQ/lo49G2We/9/fefJ8iAqi9nyKL/BV8jCeGvxldegXumF0IzMjzzIzT+Qt/of116+wOLbmzk5K55gLr7PT3P/nyi5fkKT/l0Mb0EX7OyLlXvxQnJLvjtyc/ZLEip3rGuHECoHiXl/6r3L9zH38fcem/ZAF0hPipUS6EmHz2U6BB/v3R7/0ZWeB5Vh+3Wzt3Qtf7k5yEZUISsrV7ZzQljmNoH33ye1Po89EKGOD3DDSdgZaTzz57fucXzwj0lGk7C1P9GXy47DNu+kqGmdMwf+p73wYi8jlePeK2s23+Y3tGIzRNnpvcPqaEP/x9KN34u+rXDtQE/ej31pfKPjkToogDyxweZRG2ZOiB2eS7BPf3JlDjH1TkK+0e/pLmqsAqDTWfEpXSzx/9PsRPx2alhz/7SXwWaL/t3zvIgm9333jKUJ4Fn730oDC2Foj+5drbaTdjZP7w47jfW0aX8ehGk89+H4zt9/r+6Kfkt9/7+4e/D+j1e33/s586zD7D72OeYdYR9ruJUd+WmF/QymnhRc62p5/igEpgM1/81Gc7eInn76duZG3AscP6KbNWQKqooFXxIA1l+9PMvYyIViZ+inv+qFjO87poP+Jg7XvfsQxBM/h7oMmj15pAgq/fAaz9C7J+MKADo7DlJ3ymisFg5BinEZjy96Yg9qfI8lBDQ8w++PCTb9OSfwav8peQ2f3Fv+TwRJx8deZPjB9/Ii78yfdOyd3/3ovvf/bF2KoAeoe7lM8Y8OEJxe/U8CX++Un881Rf8QSE3lvwDL/hHuX3V9qv/PXE9C5/wvYIGGENgnBp502+cPN4COQt4T4zf1Fn4QfcY/iRdBt+hr5P3DC9OTnsqV6KiNxnPg9+9sUhR1xdU35C9k+9vY/IlJtQlvwaieLJ/Dpbf/jUzeBnv/j3Ov19vvvlq6evH/3iCWUK3j76aGdn56NRU5SXlC/7aLqD/z4aXZAH8+ijgx3899GIuJkyMR+dn59/NCLKVpSeou92+M06n9E3+G21rldlLt/grfP1dN4UGb49B8ScEqIf4Ss0Lgta7Plo55x+rcriMpfO8M11XpbVFXqjP5bZ5TWjyBAn5RovAVybZ6VAwxfZL1pngHb+0S8hhH5/YltKTlBs+/tubX1vZ/vh9z+58/s23xrR/4f+vIMEBr05p3TM3d/vx38P/uJ4+9n3f/EeTcDgH+6te0h36Dec6WHhceJ3KvlkbyrGgqgYn1MyPqef+d+KqJ3e4eC+8xr1x7kgfQ1R/NZHn3zvmGT1d9sd7X5K0Qh+3XO/3sOv3x//NPmKW+SSf3Tnk4/uuND+lPQG9+fwpeTHtwN8DN+Q9v2Zn/n2YR8pjIWR+vYds2LK+Lil9t07v8dHOx99gg8fvVgvJnnNDe6Q+8noxlrueS337pB3x6OJtbzntbx35/Dbn33vc8rZbIEEz8wvp/qLocRHQt5vK7zHn2LU37ZZtD7Z740++t12OXPG71GOLnBEf+Ev/LbLBv74R3ce7wAg/fbJty2xv01T+7y6cjlFSqtgNVwEtibnvaGQfOujWbX4yHfrCZXRLyYhbQqI3974wRgSsaYM8qOPdh88fPjRLzEwuPnJmhYwF6eXuR+uPB2dcDih6RmKGk3+pZlSguqzk5/5mSvCv7rSD8mILW0ipikulhkNIf/smNJw0Z7Gz89ev9HW5K1NKf9KCH/2PclRejBp4QMsQrz7+/8+X52dnH65fG3af8S8RZQ9VTQtJBlMJ1rzet86HXHQRGFUTnSV6JSWkE7rmjSfJAUGSMSIk0848O2z58dvyN8a+NaG4J/9YourkyQEcCci/Uz4urqSZDqw2vrobHmZlcUsRcw3IYWc0hJC6oiXtlX6sYnWqYtPPvpYmS9CmyjBsCCZKxZKFG9uxqt1M9/q0NTORa3v0Yuj9TIyuKejZ6rYrIPCPXiNjymWvSOLjqefyYIZDXFLItIdsl49lEQYD588Pj785JMnxuJ1m33vCXMVJYpObNqO8VEq/P6zvMwp+U8R/OlnYAm3EA19B6r4iywxbkHHvxdxL6mdISQx9tNf+AsD1jaE4D4B44xgjJuymOYS2pMzwks0zWgHy5JoSCme7yh14qLSJ4BA3ELqyZs7mXNmMx5Jw9R+Srz99PEp0VOzKV+wj8V9fXHnF39HCWQDmn7/z8WPeQ09obyHXzlf11EPPjpdKTKpCBPYnCkhj3aQLTnjNElbX9PSxhfj86WQ6znx4BfjavLTxEbTDAHPs958PeO8oZGvZ4g/eTB9WFaURmcdqN/uQf12APXbgEof8DSR7flcWD+klQZBhte2PidNxi90ZIjEorvGNygKoyc8iZRN2t49fHKEf7a3+2zeE24oXmXGYyyZSFNPNZnZ6MnWMbMGyZ68QmHB+fLQ/k5Ei2iSZsX8eDzavcP+hPin/iAFl488nkBa8KOOfhvhM0g05bps2pCZrZPTdWoqSMhB2/I750uznkAIK1Nqiu4rkwqgMf4e4MVHauQqsrB1MctPpH/yzAe6DFP1LBbBooERiw7AwS+In9huBWqUCe1ntmNvOr12fAtkIyscmsO0yfYtQ73PjlWzgX6fgcM8XLxWdwYn5lbp6Y9c+/QXp9SXnXX6HRnkzoDxdZSGP/MzHy0r+LbpLyHnlpVbVzNS5N35xMcH0vBtVcNGcfMv3zG/fG5+OTW/nJBqlfy0fvDE/HKs3zz97Bd/em/v3t6jewcj/HLv0f4O/7L/6N4D/uX+o3sP8cuDTx/du8e/PHh0b3+0d//Rw1+iVkjTv8vL8Zoyfvnv8dE5rfM3xfKjR/LbR9zu+UA75GsffUTxU/2RaoRf/PLL589ptfbNq9/n9aM9CrBG/MHZizenr37y+Dl9NDp9/mhn9Ob3eXn6aHf07MWjvdF36d97o69ePP/y+Onv/+WT79Afx0+/8/u/PvmS2uyP8Mn90Zc/efrq1dnT00efjqwifcSZnqJ5nZ1ndfEowFGWLUfyI/pV0Zydhl8U+ej3x8pVTb6TwP79ZwSXf3v65Rev8mxGeRlM48izhPpJ02Z1e2be9mbfKnML29hKfMr0feFzyxfj35/My8s6L6tsdty2GdkQEoXDEMZnlPIwvW29EPMTkJqTKdXy+DIryozS2w6l16MvRz8xejV6afAI1xlEnrZe37nze3zvNXJHxq96QYz34vEXxkd58dmLT3bv/OJn4uv94mL26AtKyYzOl4++HEHafmLUFbBXo+k8n74VOr6kwOKXqPvhMY26+T4xMXoaCUNZtjoLZjAvR1+MXoy+VN3sjdd8Y/x2guDm0Lyt7xrlaRrc+cVE3TeUSyAG7yZJXn6msQy9JK9+aZXsy89eqDJ7+dmXRP8vxDt4OfrIQP5oRH7fC6CzY/Re0LO4NNb+KYKYyt8/m82eI4hb5l7+7Usa5O8zej367mginPb7/MzP/K6/D3drdb4oHuvc//5F85OIDSgALXOForH1T4nDZiacQhdaNfnSTPibxz9Jnt4b5DmV2FtfIuenGCAf6eczjdcXYy7T4SuBRKbutKQPQdNXd37xl5+98mnjT+qXI286ev6pTxAiml0AVT8dJPhdv4zQ5aP1EsL20WefffELf+Frcq3QL/mv3/uOjv37n33PArbOj/PEX9BsE5jv8hR817LDi89e6zhefPZd6l/Yxw5gajGRCSMx7o0IlOEgdEpsMHoNPQAomcHnJfEH44RPv/rM+L2HZ9/76vu0XmLmfN3kz/OLbCr8BSLpBPyEnQD5/gxpBv4e7/7EZ59t7/7Mz3z5u372+fd+4vvkRd/5xT/x2ec2kvrel+Ni9skX3//sJw7xveD05fc+qpYf0affPzzlD79/aD8Kxt4bK2InH8sNxLgz+gmQ4pegB9E/mRUncs2Fz5tiQZnD49mMmeIlSYhxyX/vnkv+e4veoSU5UlpGzISZLBcpvxgWl+kfRcXyBSlYIgVUrO9i+TLs2oysI09fP4NdjQG8GdzvpeCMwpPBDAMMgXWGzuAUpydk4L8eSs+jKA3CuwGj54JRh08cBGvS3kjw+8XoJ0dfQUAOf/KzU1oFMKGtVXBfkoL7ic9+0jD0l49/ghQcKYivPvvJ733JscpXv/AXfvU9xoa8lO9DpPVP66F8//C1+QxNjCS/unP45rOtN6ROoL2/IAF6yQBJwXzxvT2ChH9J2VmN+UZWWTwx9Enzpe8zkCAQQbI2P5ttvbjzCeseOMPVefrke19gRciuSX5kSUrhXeDzoyXsSqgaAtMYeu7iNqnrLn883t99+At/4RZW+advSXu+IFd5Nintn3fcnMf55ydVC43ejH5vbxQvPsMiO69DgOSejYDpNIZlyJq9UN32XWfNfuKzFzrJRIafQKj7Ewh1v/uZAOlyGmkVRu4X/sLvugmCBocB+UmysD8ZWlgGQgsVF/lpmSMFQ4MTrxAMGxqYO79YEDKmJUDo9/7sO9Q3KPF7/8Jf+HuTwiUi4pfd77Np+r2JZz77jIj2HRMW/wTC4tDKhdpKrKzNO73+zGaJvnePO/J4BYZLJuD1nV/8Wsj++xPdT8gFzcUyyKTxmF4ffUbZlVeUXXn9ff7gd6Xp/11fDbkdHRP0wpqgl1EThO8PRUZPVXS+NKSj8MF5JT/x+A0J7U+Adl/6tGOgp88NBflPRB2GkvwBCSzT88uAnjbZErcor5hbmBSvnOBbLS4m5queifmqa0c08QH6OTAmHeI+xYfJmUHwdW/CoTXe0KzmnvB+CeEVhfHluOUvyYyPm3qqDGpBCPs3FS3UvSEf/UU1I6dTxDb40JPbO0wRojMR9h6Rd7yk798Q49ipfzGWlQu8SAMVihDnG958oUv42UX+eweABWW8Tt9wpE1ztfO7stjgc9IsBPb3/pmf2bGuDcI4+vITx66vpzUpA6yU8jqI9vmF6/P38bSc9PmCcnno8/fhPl9Iny+ge77QPn+ffp8ven3Sqq7fpQ7z9w77ky9lbg0R6POR/8HvQx98X95+lZek6WfdGfaIVfsthGjsiL6QpZjPPlpUJHyI1YWIbWWYwKrSTlOK27TteU0pNdPauT6DXHMhcZPHiRKWEBfSx4bYWBh4Sjhv3RnrC0Q2MJU0QxRleaYjRV8Yzn3h6CxvUe+UAFx1zZhZvaCvXtYVTXKmn4vHt6pzvPA0P8/WZSuD6LQNgMGEd4EhZu/CN3YKIeBympdP1hOKX8yKwSjstt9D+D066CDq4AsRyAiuc80x/RKehw4h4NMr+b8063FjBik831XG4nLDzOX1IS3VI6KGQLwcOwuyw+qWxEVSXhDQakmGez1tq/rOL1Y9+pLeUThd0TiZZ/VJV7sYvn6bX+O7n/kZAqvtVAgj6RxyQ75Ii2X69A4Y9yk7N57kh2bMdad5EN8hfOGiqC8fvzj88rMvkeYQpM7ULWQvzlmQl/ZPNjg/Yf9Ug+OM4peOBHDIRs6Ti+qkYmYm58VnH12vi/yyzdZtVcy2P/oEy1jHh2gDefHo2neJespb/TqaOeNx/a7O5fqFv9A4S7/wF/6upBmyixfZIuffM5rE1r1EDPC7ht6mJ7gdazfKS56AR79YuNPLkdnGxv/74jPPAfw9ZhTBgN/EBWRd9OSaXN8v7jzC1E7LnJiDQXu5gV9iM3YiBxvWd73kDCbtzuj3h68W0AyT8G0surP8Ci90w1Oait+/BhiSzYEcHs1NHSagLLv3oLEe9zJS7ndBwv3tomfpOfBSDPE4BaUptOeEFE3WyCAsmHUR9qlJyDxTnqCpIbcP6Wnngtu8Js+Fzdt1vu1mMGXpXGbe+YllNX2bzwxHuM/F5oIq/KcjjKr3MGFo3v4lHkw3ea8/+115De53ZT936+Ro5xf+QjO+IyTmxGvWhPsbl7b4Scor8YRRhAgA340uxPQ+tRmhrz77rrf6wn/1Vl2+a1cVvxpx6zua9IHD+RMUTH8JxKCxKCE7+uIzgzhysyYp+xOfPaNcLDD8CWQlrU4vt36C9AXndl4yqj8xdilZ/uDbP/MzL8dLwuR1MSlJ/silfw3/mJMslHQBXJ05GcQbSm/GPn9lXyG/wWFr/fYA2y+B7ZutLp6c5TnZ3ga+r0VLv7DjJf35AoHTCwRObsC/608Qyvw2pabVaX7Bi4e/JMop3XDyQ3g54DZVfCM/LgwNjy5bfxlPwP8EJeB9gtx59BPKvOZTE7A2ZNzf3CHO+MIj1MvPXjtCvQShXoJQYlleI6RSL66T8RJXkH6cL0EzAvjqF/7CL+l/xClFOYOr15geZELd52ZuX9LcfvLJS5XNIDD2mxMSTAVwyMgfT8RrgTSOXhjv9sVn3zsbfef7bvLYYmiQzV/bL9EUiQ6R5KFstE/pL+88+tKmiCjapBDTGMTDn/jsJ4w38JOfvdB48yedA/GaaPKVyyi9fvwVEeK18a1+EqEyZO8X/sKXnr/wGaWJaFg/8zMYhX7BngP5MipGvxiT8sj/Dgst+jeiT6y46J+0YPZ9Stv9NJk4+5Gunn1/xCve5mOXxBoV7Be9/iU8GaqUt17pOO78Hq8eCYePfn8hspshZeIXPQsmuoqy06+IIt8xuTfiURPEv7Y5EKLwawniv6RcmhD1S/hx3lLL91546Mq6S/CR1bFfQJuM3XKiYQT53Mvb/ZJfgg9szo4SXi7D/GaE72h27ow60O4cAkMj8F/KL1/Ij+/ID8LtzIiI8SUDIfySHEmb03jRk0HpmTuWqVY8yVN1Xf6Sz+Xni47BF5KNjDDQoHTKENmE4bFv4f3IzrXaukOpp+A9CnFv9dpO+Jr/jjg81qszv6iGIP/bfjWpZtfqbiPqMgiQoOgfGMUdG1J7TUZ+C09P2JwmUdQ1Nr/7jbXZzggj+SXIh1ycnIYeplth6PhKGl1RLpy5ycys84mdesMCzhcwsN3GW/iGfFxYf4u+AcwOGjffDNO12+IlmJe89hgmgv0hYaQkowFHxccmPHv74UXabxrhLN8wQqzqwgj4rWR8vHB14/joBxn+7sLu6VdGhTkn/PQrWlP8jP71ljXkQ15W0W+CJRb5Gksc+q2/2nGY3P1Wapeh00nW5LO0WqZXVf02ndAnT/NsmZ7OrrJ61tz9TjVfpq/ypri4+wVN5bzImvSLAoF0+q27CRGLOhC3OLISanrpL6P1PP3esqOu14AqSyeNUwoWWmvIP1pRtEcI/P6zuviMlsutp+SRFaHmkgRctcJHJckXvRV6VgrDAWO1hj9MNLVUjSehZf6OJvKXjKjByy+fP//9z168OX31k8fPPU+OvjJJAfvr4/t79+/84hvwxYDrxo2YEXjd0qihhT4qJW767LO6oYWOaQUZaXP+u+su3jyoDUNAM7d4uSmCswABL3zN2AGxAvhOjEC8lbEW+NaYC/wei2Lv4J8uy1Du65LCmNrFShC3oVaUzarainOOv/j3//0psfH75/i6YS9jJJ806wlp5WICf5A/th84jXQ8Ohk9G52qo+lD0tSs98nP/Mwvljjqaf+77x2zNX565xc/HdtutgT2YaLLAO4lDzUflvex7ezJQAP2ZJ9Qv3d+Mf5FSPdL8Iu6e+TcnbBP92zUiRAfnbKPNlovI/Q4GZ2OPn8/ahz3vwNuJyINzz47/t4J0+aZ1cPPxl7fW+jQxHw6YLPqxsRGUu6YLYfnes+z5surJfKllE+6pmlE2u7JZ09+4S88/t7T78fga99PbKbLhFde22PfzzgOnRMf5DFcIdVmnByyL31OiLwn9Z7a38/ilDz73uc0yY5A3/7seMxe+M/8DNrzq6efbdGHlGMlc6dssyFh9fno2zTP8S/Hz54fU0SFTj97gu6PyRa8NkM/IUd3kk3fErEdn8t7Hnmibxz+Em907yEAzwYaEILKVoZVkFM6eWzTGZ98chKgufWMOJGi0hH/JNnQXzoJmEMbvqQgAs00MmOdeT4dPR2R7ni/uf48ojdOJefwuWU2sVQyhZqmESrsHj57bDPnbozPMEaWeZdWf0ZBhhnD55zYG2erVXlNE/8ErEvS0xmPCFgPvfinrHSMbMTWjH9Jzzc67kd3J/oR5NnX879Xfm28HWcLno7OiGOfSf7uqZEG/HHm/3EKy85LydT0md+nB3X8e53+Pk+//O4LofLnmwTlI1pCIPPVNJyaZkLky4zWYcTV3viqNjTvzYrmli+alh9xmu3EpRmg454656KTzX56h3OdaP/Msim98bknAafGQwg+hEycikqhn9Oqrinr/xp/UnMzBem3ZVGYaT5u5gUFTr9YfzGpKvkuK/kb+hF+Pm3rEl/gp/fNlwKDJuizzxQekkX0un5Ev3H2iF7TTwQSZu87lEA6w0JPM3oOagXZmeO6zq4RH1gN8XuRhvi9Hn9hpOf3+uSTO7/4O5998b3f6/uHz0mrXrgFJQqsAe87n332HCTk5Pjz0Zfe2j7TMf7WF723kBPx2Md3ckAcn7Pu/GLoT+L4Z6NvR3hOgJ4Zdapf6bpgwGqdTrp9dJIGfn8Brw50qBMoL7SVsKjfpaiEjzzBS7/30ScyWZ989P30o0+emqWhT7aeUr719/joe/ismNG3Hz36CGtBmrh+MiDJh0+MLH8GSSVHdPmRfPbVS/5kvdK/P/vFx8/fPNo9GD05Pvm9fv/XL48pFD8YnRy/fP37P//y5Pd6tLczOvnyxZtXXz5/tPtg9PT0+emb00f7n44A+9H+zuj0xdNH9+7TD3K0H+3eG52+pndPH+09GH37yy9OH937dPT89NmbR/cejL44fXP8aG9vf/Tiqy8E9u7+/ujl8eenvz8Du6d/fPXy0b179OtXr08f7T4cvXxFTvzrk1enp9Tf/ujV2effJnAPR/QRPHwFdH/0+ttn1M/upyMZw7290ZvjJ48ejgDu4JeIby3EonwDyFSTJsI0ftQP0n4xWb6GJuvRR3vjB+Odj0aTNWVWH320++Dhw49+SR/OdTavqu1ZtdhWiKLCRqkFlBpIqYBKLazk/wFLNyN2FI8AAA==" />
        <Entry handle="21" bytes="H4sIAAAAAAAEAO29B2AcSZYlJi9tynt/SvVK1+B0oQiAYBMk2JBAEOzBiM3mkuwdaUcjKasqgcplVmVdZhZAzO2dvPfee++999577733ujudTif33/8/XGZkAWz2zkrayZ4hgKrIHz9+fB8/Iv7oly8+/42T3yH5NX6NX+M3Pvv201f080/C/3+DX4/+/S+f/Sd/F/0Ytae/d3tS51lbVMv0TbHIf43X62W6e5B+Z12mezs7++nu3qO9g0f7u+n2zv2dnYP/7O/5MXrv12/Pvjj99f+15Md+29/yt1+O/+/fmj76sdW3f5/m1/g1fsPfAv//Nf+Vf/+X/h/04a9zcfzF8a/xa/zNf+Jv+H9kv+6v8Wvs/utnT4/fvPt3/rs//1c1v9V3/5R/8m+9+1ev/8Pf4rd48lukv+vsd/wdy50/4H/84/7EX+PfHf0mv8sf+9vf+zs+/vt+8//29/jn/sFf9Vf+n+uPLv/Af2v91/2j//Hf/Hf/Eb/jr/Nf/Z7p7/YXf++n/+r/8d/55/6bf+G/WP+vv/hf/9f/yN/kT/jj3v01r766Wn/193/5S+79h7/PL3j3v/5z09/7u//3r/yj1v/+p3/if/yLl//cb/F7/X5/5/6vHv2jv3Tnd/pP/+y9//sn/8Lf89f8L/7pv/V/+DU/+93+ir/sV/8Nj/+Of+F3+83+nsVf8ev8Ab/eP/3LD//df+ffO/pF/+5//Dv9suO/9Pf6/X7bX338O/2z//U/8Gf9R//yX/6X/S2/x4/9qv/4b/mdfunbf/ffufx1/6mzxf/yB/8n//rot/+t/sb/4m/9e/7TR3/2+F/96vf8U/6c//s/3/urf9Vf8GN/xeI3/lcuf+1/6sd+p7/xb/niyV/0C/+d/+K3/L3+7t//b/hz/72/aP/v/I9+t9/5t/jvv/zt/oFf9s/9wX/bn/9r7P3jv/ujv/xP/pv+p//76G/+5T/9v/7Zf8Cf8g/+1ff+1L/2Xzn+U/+lv+7j3+hXr/+nX3N28pf/Bb/2P/Tpr1kc/jr/8l/x233+X/4Zb/I/+R/6q/7pP/cf+PRvPP97k9/id/kN/7H/8Z/+Zf/yn/53/GX17/an/eXJb/Q3/pP/+P968PgPP/3+d7P/Zf5Lv/xH/v6/PF385b/W3/3rfv5XfvQb/WG/S/0f/8+H5Xf/wU++/+f91X/ZP/Ff/GVHv9Gf+Id99Bf/ZX/X3/Kn/eo3f9Gb/6r9n//Uv+GXf/xvPvjn/47v/MHP/4fv/BO/+y/8w//nk09HL+78t7/4D/4903f/1b/0F/8X/9f/9X/9C7O9f/uP+Tf+7r/j7/ht/rh/8j/9v/6Cv+Av+CP+mD8m+d6f/PgvKH/p6JM//ff43/7t/+xf+9f+tT/kX/wv/9hf/w/9h//0//q//q/Pft/xf/j3XlX/y3/yj/+xf+zf/HuPfqN/+w/69up/+d3/6j/gv/lT/vjjf+bP+wWPv/prt//pf+qf/78+e/3n/aXNT3zr1/nWb/dr/s3/2l//3X/jX//X7/9Gv9Fv9Mv/u3/7b/0r/8G/++++/vV/6nsnJyef/CGv/sSd3/Xjv+A7f+O/+fbX/kt/4Z//mz/9836zo5/6U05/89/hk9/hjx//i/R8dv2/zH69P/P1X/qX/qVXf+Qf+Ud+/JM/+ZO/zf/81/7m3/6Hf/M/9K/8i/6xP+0v/3u+/+v+0V/90//Zf9Kmi289/XN/7E/6TX7Bb/9P1a9+6z/iz/gt/ow/6Hf9Kv2dfsWv/l//+//2v/0f/odf+pf/rX9rc/Hd7373d/xrnv+G33r2O/8hv0X6e6/+/Re/TnL3zr989Kv/sf1f42/+tX7sD/rvfve//OlHf/Lv80/+Vid/0U/+Zn/Zr/qn/+l/+rf/w3761/oz/81/4S/8PX6PP+Zv+uv/4dfzg9Pf9bf9hb/1t/7r/+H5X/7gD/riN/lbHvza6YP/4Tt/z52/ev/3+ZP+qfyX/JJf8o/+z//pP/n7/9f//X//2R/2D/3yv+Rf+dt+8rvf/Xf/od8s/av2L/+XX/1/frrzt83+pPnv81f9Wr/57zb71uM/7V/6jf+d3+sP+93+1r9s8ev8a//7//6/7/09f+8/+Zv+Lkd/39Wv/B/+/V9W/FlP/qffKv39vvNn/WWP/vNf+8f+gN/yd/135n/Qn/cf/cl/8N/81zz61uj/+uWv/oo/4PXrf/VPuPoPf8mv/OyPK36/k3/zX/unl3/0H/xX/3V/3T/3l/01f81f8/wv+b//57/1t/+L3vwBz/+nv+nsd//o9/wNfqs3v9Mf9fSj3+rHjw9+p7/jt/w/v/yj/9d/+eJf+T1/99/8r/jD/+g/+o/+n3+P/+t/+0//lb/xH/y//vfD5Z/7T568+u+e/k1P09/2Wx//SQfP/p3f4v6/8+0/6M/7ff+M8T/xE99/84f/rl9N/ponf/lvf3D53/1bv/jX/01/wX93+iv/tT80/XV+LPlDfr1f+6cO//V/7V/7Nf6J3+N//VP+ot/1D/i31n/1+J87+0V/3vNf92yd/XVPfqPf8p/4Pf+mv+fvSf7il1u/9m9593/+Zb/XdDr9Lf/Mu7//P/DL/t3qH/w//76/6W/6n367V+lvvv+bv/trvv0o/1f+4L/tv/7pv+0nfo2zd+1v/Qf+K1/91X/DH539x7/7X54++WX/xH/0H/1Hu7/Oxd1/4tG//xv8wX/hf5T+Af9SfrxY/PW/8W+8/ftc/97Fv/XFv/3x7/5n/OW/3R/6j/23/8fv8ffu/Fp/+L/2G3z1T/56f/Qf9NGf9V/9gf/OX/CTf+XOn/HfPfsbv//3Xv6P/8pf/nv9Hn/pH/s7/pG/1bd/oz/573nz1dm3/pQXf/yv8elv9pf88b/Gt//Nj8bf/zPar36L3+n+r/sf/uL/8e//ix/8B+/+01/n1/snf/Vv/mdd/mH/yMm/9Jtt/Wk7v97f8g//xPf/tBfZP/Nr/nG/45+6/BP+0x//9f7oP/2P/lP/k//lP/ln/9l/9jet/sN/4Jf893/m7/9Lf9Xd3/fFk+R3+J2f/zVvp39W+5v91X/83/Pf/C3ln/39/+E/ffgP//h/O6//kz+n/Vv+4YfX/8t/9g/9S//Sv/QP/q+/8lf+j59/91/7E/6Ad//WZ7/5/l/15Lf/x//i//6v+Vd+q9/i3yz/tLP1f/IX/bl/2h/9uz75A/6Aovinf/Ljn/zdf63iF/2i//k//j9/9a/8v//o3X/lP/yJP/v8P7rz9L/7T9791X/Pp3/1s5/+W748Gf2zf8p//J8//jP+3Heff+tPSP6EP/83+5P+iP/xH/y//6/f8Nf5L3/nX+cv+0P/od81/4//rj/iH/qHf41/5/f77r/+R/yx//Hv8/Hffvo//U1/9W/2P//fv9Fv+Qc//Zd+s9/zT/vNfoff8Xf7Y/7kf2XnH/8v/4v/4hf8Rb/F//krv/w9/s9ffu+X/tLf+m85/mN+z7/jo3/67/ndfp9q9tf84+N/52f+8t/lH/n043dvVv/av/VH/MF/9U+++o1/m3/yj/wX/oLPfvX/+cnf+Pf9Lx//On/Zb/4X/8+/2dYf/8f/8f/Sv/Kv/Fq/97/zh/wJf8Kf8Bs9/ssePXr3x/zGf8I/u3h0/z97+h+9/uOe/c+/4+/+rV/nr/rqN/yz/r6/6q/74t0//4f+3qv/6s/5C/6CX/qH/UWn6d/5vT/mB//3v/+H/MSf8ee+/k3+oOQP/iN/zcm7v+Zf+at/h+r3+08f/Ic/0/wO//6/8W//DX/D3/B/vjv5P/+6g3/+n//nP93/u/79X+/s1/0n/7TjP/x89Tf/1f/Sf/gv/5/j45N/8x9L/+df+x/+1Ttf/R1/+9/+3/8Ov91v9xf9O7/8f/vrv/d3nqeHj1f/zX/x9t/5L/62f/9v/9OTP+nHfsHvs//d73/1W88++fI3/vX+yb//P/ylv/q//5Wf/wm/0/Xv8p/+2Zevfuc/5u0/9VW2++//5O/89/3Bl3/QP/eLfpOLP+Sf+8sm9/62/+p3fPnrfPvv+b//7smf+nv+Jb/+57/k9/xXdq5/0S/+3tXV1R94cXHxy/6n/+l/+u3+nr/td/uv/trf6y/7fX6TX/17/T0/9pf/Gv/Zr/Ob/vr/3E//fX/pP/HwN/ryv//1f5efWf13f+zdf+B/+03+wr/h5Df4Df7x3+N//Y3/st/ur/z7//7f+X86/7fTP/lf+2d/h+nf+Wf/3n9M/Xf9A7/9r/s7/Ye/1X92b/Tr/KZ/5i/81//Fv/J3/Wv/4V/8r/yx/3N297f5P3+X7dHoD0v/zT/+r77+y/6Jx3/Fr/dv/iXVt//mX+PP/nN+9/b0lz//Rb/T3/Kf/vl/z9/4D/zv/80/+/qvfPHnP1v/23/sv/Lf/66/6q/4V37rv3f06nf5yT//1T/0byef/Fa/2/qf/ptWP/P0n/nHfvW/8pv+yb/L7/LXvPjD/qrf9A/9n/+nf+vf+rd+yz/5wV9xdPL3/NJ/8w//E779T/8tk1/jW7/eLzj8F/7jPyz5V//3f/viL/wl/+f//E/+Ln/qP/vf/G7/ePZnnv4Nf8x/9Bf/3n/kH/NfvPhrXn/nv1j8GX/3T/zuP/ab/o1/6+/wi/65j/+Es9/09/13/4d//+89/Jf/9F/17PPPf5c/6N6v82f8o//rX/K7fuu3Sl//xs3Rf/5P/zr/7PzPJ9317/+H/9L6//zt/83f8Xd7/Kf9V3/g5e+z/G/Xn/4rn/3p/+yf9y/8y//0X/6Lyqd/+f7e3/A7fPvX/jf+sP/hD/xt/4e/8R/+j37wG9X/7c+8+Vt/p7+j+mN+rb/6f9l6+2eu//K//lu/+7/+B/waf9ev/uf+7Hv/4R/wE//n1l/ze/3Wf/CTX+NP/nd+s4M3z//L/+Sv+1P/vsN///+4+Lf/vL/hz/7Fv/W/9If+7tnJn/TTpGkfrX7///QP/fV/02cv/+T/5L/+91/8kr/6t/+F98f/zstft/5D/shf/d/9U3/Mcf37fPr4v/obr/7Cw6v/4ff4TX7nR7/8F/4T93/rXyf5R0/+5t/kH/9s7z/4kx/8K//1H/F7vP0v2v/hxS/6zf/93+UP+fZ//+/9GeM//Sf/0sN/9w//TbNf/d//u3/n/zhP6z/mD61f/MP//frv+nX/qX/t8V/86R/13/xHf/O/+jd8/+/933+Dv+Af/of/4V/7N/gT/sR//7f5N//nl3/Ju8//jt//P/9D/8vrv+ln/pq/5g/9o/71P+rf+bfe/FGr3/4f+lPefvzkX6t/xX/zr/+7v90f0Py5v93v+X9l/+bpb/0//vu/xiz5c/71/+AP2fsD/oVf4+nub/r3/PX/4F/yv/x9//j/tPpnH/6b4+bwz/hz/4Bf9fv85O/8T/65f93f/Tf8zG/2E3/Js5/6E/7of+Uv/GXT3/Uv+3X/4+Q/+Lub/3L8X/2Tf+6v+Wf9uZ8mf8wf+e/9WgQp/3t/8s/4318W/201/+1+2e90Mv/W31X9Jg/+iPqf+0//jt/8l1//Oh//hX92+urv/U9/i6f/zX/5m/9V32kvFu/+xl/7wfLf+7t+/X/71/5df81f/mv/9l81v/FPHP1Bs/wv/hvu/qZ/7Z/Yfv9X/IV/4P/1q37/o//jf/pHf4//9A9/8zf/L3/T//4n/bt/yeJ3+8eX//t/8/dt/U+/1V/y9K979u/lT3/mb/xz/vc/9O729h+++zf90t/gf/gn/ovf9nf6TR/+mn/a3f/hJ37Hz//13+LP/P4/+jP/63/3b989+t//q7/0N/2r8j//7Z/5+/ySv+t3/PV+6y/+7r/qb/h7f+J/+fX+gW//Gb/pR7/ff/lH/ol/7x/zR/2P/9pf8lv87X/dX//X//N/4p/4J3558n/9Pif/2d7/+Mf/i7/+n/QvrP/pX5j87X/DP/mTv8ubP/8v/fjFn/e//W1/9V/9V7/+wz//7+9/+//+L//bX/4r/r5/4nD5z28//fO+/Ye/+b1+/X/zi8Vi8Rv/lr/lb/njv+yX/bJ/7Xf+x/758nf9s09+zz85+d3+9c//y79n9mv/1f/+zqOdnX/p91p8b+sv/MV/91/14vf69f6oX33nr11/9lf8jn/rX/zsD/74T/8D/qu/4o/88T/gr//Df9e/+xf8en/sv/Hdkz/pN/rr/+C//R/4TX7yd/sj7iS/518++T9+5t+4Xvxa/96L//78v/m/2v/uT/3TX/2Zxb/8S/7Kv3m1/r33/t6/YPwf/Lfnv9kv+mP+6D/uv9jf++rB//Hs1/sXf3px7/4f9m/8gf/7f/1XXvziH/zg1/vtf7v/4T/7F/7PP+OLxfd+x9/kN/33/7V3H/26/9S/8+h3++5P/q6//bPf86/6rU5+5Z/2e/4tf8ofcfcX/1X/zm/7+F/78/6jkz/zj/0b/s3Xr3/j/+DP+annX/1HP/Yv/a/1+q/f+/OOf4ffbP39xT/9X/7JH/97f/Xv/9//XX/EP/2L/6N/6A/+O3f+uoP/8z/9E3+P/+vjP+uf/K9/r9/9f/k9/47kP/+D/vK/96f/yld/5p3/9W/+13/93/D3/Qt/56Of+d9Oxr9od+fPO/ij/osXr//cX/NP/K1Pf93f56f+iP/tPy3+qGz02/+Ff84f/L/9d6NvPf8N/vRfN/tj/vF/5X/6vX+Tv2T5L6d/0365+72/+k9598/9Y//e7/S7nf+Xq1/y6/4af+A/eTL+s3/P/2X5x+39568/+nv+yt/3r/s3f/k/+5v8Af/wX/6b/9b/1b/8T/1T/9Toz/r87/5zzn/t7NO/5Z/7sfT1H3i++Pea/+7f+pu/uzv/vx60P/HX//Qf/Xt9lf4xf2B7+r/+Ld/9rf6VL/7R53/C7/Fk/k/8gt/zv/uff6vf7c/8M3/zv+Kv+rV+rz/7t8h/u7/n7/nH/pHf4nf7C/65f+efefZ3/nuvf58/eOf6j/0H/4g/7/f6Z/7Hr/613/vbf8/f+rdN7r+8+y/+t//m3/j7/+P/0KNf69/+H36vX/9P+an/7t88/6N+nX/qzurP+G/+1OKv+YfSv/5X/Ht/d/N//wm/6F9M17/e9N2bX/ejv+o/m//Rf8s/evKn/PF/8+9V/syvNfnx//Q3+/wP/5v+4r/4Xzl7+Bfv/m5/zF/51/3t99/8Fb/utz96+cv/3l9QX/1f/8q//+f+uf/OT/9+/2X2b776w7eyo/1p8vv+Pe1//Qv/sz/hTvOv/oGP/tunz3+Nf3ry9/6mf8Gf8O+++nv/0n/nv/ll/+hv+nv8zP39/V/+8X/zR/w1/8jJX3PyL/1Nv9af/d/8zD/za/6md16Uv9U//Hc/+CN+eudP/B9+4d9x51+a/5Z5+k9894/+Vb/u8z/2P/qL3/4Vf8Nf87v/PZ/+nb/ZP/27/lsf/YL/5S/+5O3f8Df+jX/h33353/8703/pX/y1Jr/Df/7f/Ff/yL/3V/2J/91f8hO/5H/5z/7pv/jqP7j+L0d/z1/57P7/8BPf/21/0//ln33wO/xtv927v+7pb/FbvP5Xf7O/++Ef9zf/83/qm+d/61f/0X/1e/4jB5/81h//9ZN/6I//zX7dTx78Rh/96//aD37XX/M3++v/zTdv3uz/xZ/8vb9Z8of/JX/RX3j/i3/zv/uL/5bJr/NP/dX/ys5f+W/9X//5n/n7/1+/9e/1/b/xJ/7EJ3/D/5j9Qe9mW3fX//xv/bv/w7/lT/2R/9Sv+Hd/u//yj5s++8P/57/l7/w193+9P2lr/id++Xv8mr/p//XfLv6qv/Wrv/rP+83+58v7v8mr7//Zv9af+Pf/Zde/zs5f//v93fV/fvRnff/3+f1+6/9k8vf9d//63V97vvgD/8Jf+R/+gXj+79/sH/lPfuJP/yP+gP/4397Z+kV//pd/8YN/7Plv8md86/y/SH/m//xtfrd/89/4Nf69736v/Kt/4s64/tW/yT/x7T/25a/63/+vP+Vf+/b2v/HP/t/Fn/8/XP/g/E/65/6tX/K//4Uf/6H/0G/17/2Df+D//S//G//Gv/F//7l//p//1ed/96tf8Mv+rr1/5urX+6P/7n/q7/m3/7rf88Xvfvff/zV+z1d/0U+9+Qv/wV/+v/6v53/1n5j8Fld/0KuLf3jr7/6zf62vfuEPqt/qo39z+Qf8Qf/cr/tHX/xT3/41f/K76dGv+HX+j9/4N/7tfsdf9489enP0u3/3r/yL/+Tv/Gk/+Rc/+j9+5o/6J/6zP/T6N/no/i/8tX6zb81+rW//E0cP/+FfRmHAf/j4F/0n/9g/+dv96n/tr/7Lt/+EX/x7/+G/9x/dnvyi5I/8+I/+j/69P+K/+p++/zf9Kfn4T6jqv+Tf+qPS/+Vf/zf+4L/zb/grRuU/86v/6j9k+mf9Vr/h3/pP/P5/8PK/+3f+9//9B7/BL/9X/9uHf/o/tff6n/mvf/A7/Df/zt/3d/3Df9v/+qd+efSrSnI3/8Y/9X//r/6L/+Anvv97P/zX/sk/4//+Db+bPnqUXP7x//Onf9BfNPujJj8x+jX+uT/or/wrkp/5FevT+3/8n/U//NXJH/fn/THP1m//t7/p3/yX/7riQTW587v94heff//3/PP/0iff+j1fLH6/3+e/+Vf/zX/zQftf/HN/9m/5G//Gv/E//9O/5Df95Df9e7d/6/Tf/5em/+Yf8bv/9f/UP/4HPpnN9n/Jb/9vNH/qX/X3/ME//U//kv/qX/j71n97/gdv/bJ/6bf/j/7j/+F3+a9/1R/3f/xv/9Kv/ok//G/4S5K//g/+t//4f/pX/XbHv9bsd/gLfvyfXP/rf8HRL/nf/9lf+9f/Tf6l3/P3/Bt/6t8d/euf//kv/obf+988/cd/+T/1n/+1v9nf/Yt/071/PvkXv/eX/BpXv8Xv+tPL7xy/+cMeHv9l47/81/qJf+Rn/tp/9D//d/743/HB8g+9/it+79/rL/uNfs//5bPf4u/59G/85/6lP++v+Cv+ir8AQcvvNv53f9lf/Sf+eT/21/0Bf9D/9NFf+nv/K8l/+Hf97b/kj/2v/vPv/Gu/waOHv/b/9Sdc/k8/+d3f+tf9k/++f/Dv+WeePtyd/z3tf/FP/swv+/2f/rFPP3r8xd/8L/zpZ3/S41d/8PPf8qO/6Tf8ax+u/5t/7eM/kiKwP+Y/+nXevGv/m7/0n9v7iYPH7a/7W/6pf9Mv/b9+i7+h/Ev/mX/4N/69zg5/4Xf+hX/x5C+6+u5f85//g99evfv+5c5rck9/q9/6r/mN/vAnr//Rf/Qf/U3/ocf3yj/h1/qnf5D+lT/x2/6a/83r/+W/+HOrf+BP+JPe/KIf+722i7/57/3W7Pf8i/7pP+WP/Wf/pv/1T/xll3/mH/tb/BHL36P5bf7Cv+AP/5/+xz/zd/3f7lZ/5r/22/21f9y/9jf9wT9x+J80//6f9+f8VZNf9Af8Af9R+kt/xW/7T/0F1fd+yRd/2J/36p949WvWf9gf+Vv88//+39r8l//C+G/4D3/iH/6TX/+Xf8beqz/tf/8v/7D/+xf95n/Kb/jP/kmfHf/qX1b98vnnf8Qf+Q//nX/pb/2tX+9X/4b/1z/w333y9J9If9F/8Ff91n/f73T5L/3gyy+/vPtT/+3/9r8dfPa3P/qjvv1n/y3/xH/wq//hv/u/+H3+8L+q/h//g7//1/+J//p3+Nce/YK/4Lc6+/Vf/M3/zW/5O/4Df+I//it+0c/U/8nf8A/+sp/5s3/bf+MP/Ad/nT/4z//+f/RX//Xj/33rn/mLTr73h2/9pr/B71T/Pn/d07/md7j/4MHf+Q/+n//rv/vr/2bpT8+++is/+tOaH1z89F/x26e/xsWf9E/9kn/9o7/4l/xvf+gvePiLHvyjf+mv/Ve//Ev/r/23v+34ZO+3+bf/m9/339v7R598+vf8T6e/wfT/+O6v+L/+3l/3t/3vv/qtX/2T//Jf+6f+5F/9F5z8wX/Ur/cH/wN/xO/yf//2r5Lf7T/8if/kNz/7HX/tf/oP+HdekJP+b/+b/8F/8A+c/D3bD//Hvd//9/yJX+M//sf/iLu/7z/+e9a/+ehP/OrfuvoL7/2lP/P7/4PXv/6v9X/+4n/4H/xr/9b/6j/9p37X3/NP+/Kv+z0f/db/zdmv+pvP3/yuf81v+afs/kn/zT/x3/2jf+7v+3u/+I3+tuk/+Sf8rn/N3T/p+G/9qX/1r/sd/5Jf9sv/iN/7+g/+zr+w/eQ/+ye++Jt+i7/5r/8X/sFF9m/81O/0b/zff9evs/7+X/hb/Wv/5U99+rf8M7/br/3Tv/VfQoz4J/yln/+Jf8rv+Of+Ib/vH/Sv/e//yOi3/S/+tT/5n/sb/vj/gZ7/5V/+5/6Dv+Ty9/nT//E/5Tu/31929Nv+jU8++q3+nf/mZ/7dn/xtfuff5W/95Lf/P//ev+ePOfoj/rA/8k/9TT56vn/2j/61/9vf/n//uv/nH/t//C2/3z/38e+V/Tu/7V/Ytu3+9L/+a7/4wz//w7/94M4f8pv8Th//1n/J5Bf/dv/6r/+f3P3p/+ive/DTv/Zv9Pv/Pb/J3/7v//l/w+R3ff3b/qZ7/8wn43/l8Nd4+mv/Hocv//hvFf/Jt979NU/+nT87y3+zv76Z/gMUM/6Pf8Xl3df/0n93/ulv/O//un/Nb/vb/1//5W/87b/ubyjXv3Txe/2x/97v/Ef8NR9Xf/Df+Pf/7he//+/65//3v+rX/PTOb/6P/mHLv+43/+qP+oX/y+/7h/x7V//87/CHzv/9/+3u4a/4Fb/ivz/+6L+d/Uf/3Piv/c/+mH/027/V5MH/+O/8p3/H7/dTf8Pv/meQ8vmZ3+Wv+Xf+nD/2F/xz89/hu3f/8T/of/k7iTS/w/S//hfav/5v++6f+rf9it/zn/g9f4ff6/df/G8/fvSnv/l9/tPRl3/Dn/THfvS7/C6/5P/4s37qxd/56G/8O/76P/xv/Pf/sP/oT/5D/9fV7/qv/2V/7p/yC3/xt/6ZX//3+9bLR//6H/CLfunH/9ndf+LtH/pfjX7rJ//mV6f/+NW//3v9O8//mdd/1O/zr539d//MX9/+/f/iH/v99upv+bf+0rM/6vf4C/7g3/P3v/qJ//Df/MN/+3/lj7/zPy/+oN/v3/v1/+3/sfll8z/jT/jLdw5/54f1X/aH/we7f85v+gse/M9/4t/3F/1rf/4fffKn/e97v/vv9+v9iy/Of/d/43f9wR/45jd8efRb/yu/5Pf78//tk//izl/+Z/wZf8bf8E/8E//EX/OP/+Onf86fdPzk1/mLfo1f55/5I/68qz9r8l//sf/Bn/J6+//8y/+Gf/sv+bP+tz/y1/uP/vH/8r989f03v/+f85f+y3/Wg//2D736Y3/Bv/y7nvzGez/2m/yXi/V6/UsoJPyNf62n1es3f/bOr/cv/z3/9G/19/3e/93bv+y/+A3/9r/lX/riT/73//k//E86/R/+uN9z77f4O/7a//H3/3P+1tPf5cW/Nf1ffskXf/zDX/3nvfn2P3H89/1pf8HTP+2f+a/+9eRf+83+yt/wL/rb7//Lv8bv8ODZ//jRP/6H/uR/8/v+We33//B/ZHb11/9Of/a73+eX/Xf/yqs/9eE/9/bX/NY/1l7/7r/1H/U7/PO//q//6x+Of9+/6/f8T/+J9o/7t/6K13/R6P5P/f6//9+4//f/23/Xv/R3ffxf/q2//F/46/7IP/H1X3r2+/85n/xef8Af/Vv/ev/r/Ff+3Xf+5P/6F/zgz/47/73/fLpe/+l/xB87/0MvXv6+f9bv9nv9n7/L7/1LZv/zl5/9wX/JdnE8+8He/ek/8Xs1+d/8+b/68qf+yH+z/Fe/GtXJH/mP/mvH3/tD/tRf9a3/809Ofp309/29v/e97/2tL67b3+y3Tl7Xl7/JH/DwD/s1f/k/+1v8Wd/7Y//jX/u//CuyR3/hf/3kN/2Tv0Vu7k8d/2l/z+/5W/7a+e/83f/rTzz6l1/P/6f/7vIXt5Pf4U/55JM/4Ksf/LF/Q/ZL/uV/7n/4y89e/w+//R9x+tu++sse/ON/03/99/2vf8Dv9Lt98psej9ef/Z1/61H5h/zl/9nv+s/8nv/nH/hX/vc/Nf8ff5PfKPllf9xf+AcWd36v8d/4b/2tf8Nvffg3HP2Hv9Xur1dN/rnf7rf/tf/q3/9/+rN+k2/9t7/4j/kb/vDf5K8/+eX/wW/wv/39n/1Hb9/+2//T9a/3F/76f+m/8avqN//Wf/vf/Pezn6aQ4Nf6JX/cn/c6+eS/+iPXH/9H/+sv/mv+8Ys/M/0H/o5f5+wP2/qD/uC/7R/8yx/+uv/y7/W7/iu/4x9//Of9/r/GJ09+yX/wz//av9kf+1f/2f/G//n7/8RP/MO/89/yxcP/5J/+DX+zX/DPvfo3/vbf4/f+2373f/Uv/d2/e/Kb/b2/x0//yl/3f/nLf9cf/Nf/Qv3H/2sf/8/zf+Yv+MHf9bL5Db/6i3+tn/jf/qu/fe/P+Tt/4R81/8X/8z/8nSf1b/zv/9v/1G/36+z8nr/8b/9LDn/D8r/+qxd3/9aPJ3/Uyf/xT4/effKH/G6/8Z/7v/yt//L8T/t7/sif/iP3f9mf/av+9D/+v/kX/rnf9l/a++3+mV/0b/zlf87f+Jf/mv/zj/2ev9arH9+ZP6n+nD/mz/wr/uVf8Xf+nX/IH7n8rT77de/+Lb/DX/5X/tN/6b/9z/8nf2vzm/13/+H3/rU/6OTvvP4rfpM/+C/48//87/9rv+TX2f/x13/87/In/R7ji/+r/cX13/P3/IZ/41/xux3v/c5/4Z/z633yx/1m6//+2/98/b//Wr/W7H/+rXb+2//2f/3vfud/7a/+4/6vX/nr/KHXf+Rnv+3//gf9s//2f/9v/2n/0z/+7vf8Fc9HX3znL/nj/vF//Xf5kz/+vf+Y3+FX/bv/7v/0J969//J3+9V/TPo3/03z3+P66P/44z57+J//hj/55C/9pa/2n/0Lf8Ev/sHis7/13/93/5Xf4C/4a/6Tv/Kf+Fd/7A/69/7C/+Av+L1/39/3L/ujf5vRH/nr/NJf478v/7w/e//evXt/7a/e/bv/+t/uT/q1fvHf8y//hX/pl3/i31j8yn/1j/9bf8GLf+cP/tv/zn/g01/xn332P/70n/YnXP13f/b/9Nv+mfW/82P/539/+Opv+Pf/t1/xj/yy43/hd/3Tfr9/Yud//C//oeynf9uX/8Q/8d9e/ju//y//VT/zix7+pw//7z/qv/7Dvvjqv68P//k//7/7J/+gh//zH/Af/Mwv+s/+lb/i4h/6HZM/+G/8m//hy+Kv/rv+qn/v4d/5G/9xv/DPe/Jv/vm/57u/avbX/K3/0b/0D/wtnz39e/7pf+r6z/9f/q6/5+/5c/6yf/E3+E3/zz/5uP0n1v/z7/7r/lp/MM33b/JX/Of/3j/63/zR/9Pf8he9+3X/0H/4D/i/f42nv+Df++f/wOq//o0f/VXf/g/+nd/hf/qXf7fnf9mz3/35n/73/vV/3N7d3+GL7//4H/yn7n+59RN/c3X1Z//Svd/xd3r4B05+p7/+L/lL/pCLv3Pn7/8FyZtfd/L64z//7/gFn/3gl/92v+lv9w//Vv/a3/+dv+pP++3+qB/8G1/9guvf+j/6A/+v/+F/+A3bX/TbPf9X/tvf6O/76vh/+lf+u//xD774t/763+evfvAb/O7f/a//+eM/+e/7+3+Lv+9fv/+brf6sv/nHf//f78/6X778R07+27/59y7/83/mT/9k/9G//j/no0e/7Z/xlz/90//0P/2f/aOf/iN/ym/51W/7U8nrux/9pa/+rt/oF/yBv+PP/AXp7/bX/U2/+nf88pf96r/8P/yvT/9SUlZ7v+vp3/L3/mB59Wf9V//An/yP/Evf+wP/q8Xxv7bz3/wv/9dXv8n/8If+nt/9n//T/6z58h//V/6Kv+3X+t3//t/v7j//u3zx8V/5i3/dP+SX/Ab/9T/yr/2m//Z//S/831dXf8Xxq+//m7/m0d//N/6tD/7WnV/vj/01f70/4v6TP+g3/kN+779sdueP+d3/yj/uv3/zu/+iP/2fffG7/9Wvvv3qj5l+/qf/Lj/xj5/90v/s81/6Vyf/56+x/Sf/JX/I1l/9G/wGf/Wv8dt863f9NX+Lye+5szP79Pw/vPizfslf+ov/nsP/8u+7/jv/y//1v//F/+Ev/vc/u7f/D3x19R/8t//D3/kf/Op//uF/ufwv9z/9X3+Xx+9Wv9Hd/2b6F/z1b36zX/QT2egf/MOu/s3f5m/6dX/id//ir/g1f7Pf/7f/3/7C3/Eff/7r/R2/ze/6T/7d/8ff/PfuvXhz+Vv9+7/+X/xHX/xNv9a/+X//Zy/++X/2l/wdZ7/ub/zX/v7/zosvv/xNH9y//y//YT/4bR79eQ8Wv8WTP+LP/D1/o79g61c+/Knvfe/w8n/7n/7j//jl1pvf9U/9Pf/sv+pv/sv+gOLf+nuS/+Hf/42nv+2/mH93683umzv/2q/75W/28Pf57/6Gz8uPf+L3+ZN/+s/5E/+bX/sv/rP/mp/5237bf/Bv//3/z//r1/s3//T/80/9Z/+j//h3pfTkf3V8/5/4T+Z/1G/xG/xDf9lv/xf+T3/8H/nbXv9R//zf/X/9iv/236z+yx/7z//W3+h3+2v/lH/qv7j8g//vv/wi+0/+k8//t9nvtfM3P3/7632+/1v/xZ/9xv/8Ijv+j37yL/nun/urHv9x//V/vD/9vf7T7J//+/+K3+L/+A9/5qf/6V/w+rf69Z78+/8C2aF/+a9589X/8cf9YZ/9Y7/2X/Zo9Q/8g//gX/gb/de/wX9z+mf+Bv/ikz/7d/9r9z75j363P+Ef/Z3e/ce/2cH/ffTr/Mf/8v/1u3+S/g1/2W9T/iZH//ar7Dt/5995+F//Hn/B1Z/xd/9Od37Br/0f/sF/5T/8q/72+pdd/M3/0z83af783zb52/7EJ9O/5q//6//4X/Mf+0eyvX/+1/mH/uqdw60/7uJ/+M+2/p3jxbt/+Rf9z+d739v6U/+zv+r3/nX/r4vf5KcO/6y/8f94/sue/Nfb3/71P3v7D/8n/8o/9X/83T+2+lt+yS/81z/5ex+//J/+0d/2b331T/4tf8af+c9d7P/ntPTyZ/8D/8A/8Ov/Sf/dJz+1/1f87f/Y7/Gb/6a/yb/703/3X/wX/8W/eDab/VG/7JPfaO/Pmv3zTz+5mzd/d/o//pO/x9Ov/tO/5ff7l36vX/PVePYb/o//6V/9byf/wC/5xb/RP/sv/XV/3PW73+j/OH37vZ96/m/9O//Oo+Sv/k3+yX/8v/iZX+svOvjLfod/ZfQvfvn8+R93dXn5m/wtq+PHT/fe7f3Jz/6vv/LqD/6/f8df/M/9pv/H+nf88x/84t/l7/21/5j/+7/6/A+4+8/9i//Np3/JX/mD3+ff+43+/t/vP/1Nf8Hj/+oP+cP/pS+f/aJ7f9mnL3+nV3/1X/o7/Q///X//3/9jf+znW//73b/3z9769f7sX/aXtL//8z/3n/qd/6eT//mf/T3+8D/77tv/+fDtP/szv+BX/sT//pf9gfv/9t/7H/2Pf8HH/8Bv8g//j3//H/BL/4F/+pf8Y39g+ZN/4N/33/wr0z/6j/836fk1P/4909/6L/p1vv2X/Mb/2O+y8y9+/w/4BX/8X/OL/9a/9W/9S5+9+vb/+jf9GX/5b/7b/EX/97/7H/4h/9Bf8Nkf8Gv/56/+1H/8n3v0G/8u/2n5+q9rz2Z/5G/5x/zS/+XHV3/ab3Px6/yJz3/JH/1Lrv+S//13+B1+h//m7/+ZX1Xf+93+yMPf7B/Nfq1vv/nt/t1f+Fff/exzSkf+G3/0H/HVb/qb/kl/3e/zF/7Rv8Pv9Xf9Jf/8b/rkX/5rP//bfruf+qm/9Vf/m5/9qf/ST/wf53/rw3/4H5z+jv/Z//2f/aajP/Mv/X1+1f+y/kdP/tHTvT/u76TnT/gT/8Q/9a89uPdb/xXf/1f+hV/ym53+Vn/qk5/6K/6sV7/z7/w7//Pv/tKtv/d3/cW/xm/+0f+V/au/5J/+h+796t/1f/x7/8Pjr/6r32++/qv2/s/f9nf8P/+v3/vi1/+3/o/xb/B//ve//x/6lx78/r/PT/7XT378O7/z7m91fvA7/YJ/8td7/Tv//v/jn/Q7fPLjd375b1n92n/0/3l859Vf9Tf8Df/Df/EP/JJf/Rf8zz/4+//y3+rq9R/2R/02/8Uv+5t/+//tz/yb/7sH/9R//0f8J3/h3/8b/a3/5t9w8pf9vb/+f/Lpn/on/F3/5L/+m+z9Qf/QL7j6Pf+nv/w/PP3Tf+nvWf/U+d/6G+f/67fu/gZ/1RG5Rb/4b/x9/+4nf/B/+e6//vG/5m/+rX78d/g9f5N/6e/7k3789/+Z//n0v2z+xc/+zT/jz/wzv/ut7/yuf/bv+uf/D3/Xb3f4H/z9//OP/d6/4sEf+Gv+kr/x//ot/pP/+Pf5Z//L1//MV3/eX/eTh9t7q9/jb/5tfvL//Pc/+Xcm/+wf9z/kO//k57/5H/Tdv+IfePdHPX33W/yNv9uL//I3+8V/8W//B/87v+7uF3/pH/zV35v/s3/GT/9WV6d/yW/16v5/m/+av+cf9/v9B3/Ep7/nf/Sr7z75j//9H/x2v/rf/C3/i/97/Sf+wb/Vd37w5Mf/6//0N/09/+3f4+//hb/iN/zz//hf/if/9v/8b5T+db9X/ZfttL/sv/jnf8d3P/V7/4u/UfpnvP7f/6Ctv/p3+82+/P6vlf4zv+3d3+/v+6Nfzf/Dv+KLP/dP+TX+kn/uj/zFv8X3/9m/5bf9W36jP/mf/I1P/8b/47f/w/7bPzf7L/6Nv37/p7/1ebb31//M6MGf+2t/53/68z/7I//Xs3/2H/t3Fq/+8t/0P/y3fuLbv8ucnJ6TX3H6m/+GP/YL/uVf79Xl77b3O/5Tv95f/Xe8/GN+46e/7T/5O/6Jf/G33v7ef+fy+7/xf/Bvffyd3/X81/+n/7KXf88//Xf/Nb/dP/N//ee/y1/8X375J/yef9ff/8+++T3+8x/8g3/SX/w//oLV7/kf/4+/8z/xk//m//j2t/i3/pvrZ7/yt/jL/8T5L/ubHh8e/l7r//3h/T8t/eqX/NH/8H/xB/2Hf8xP/Lm/6pf8y7//R7/sp5b/4//4P/6F/xYtJX+189uN/tTrv+FB8/RP/xN+/MUv/kW/5v/2K/+HP+Tf/hff/q6f3vtL//i/7q/d+6P+7H/+N/7Bmz+7PP4f/tb/5u/+73+T3/Y/+wf/p8d/2t/3v977m37D//jP3yv+6b/mp77/G/1ZFLr/9G//D//Bv/3oXyWv/d/9J//E3+X3+EP/yT/l/zx59vEX/8Jf8o//4PnvsPsX/WN3fud/Jf9s93f+s/6q3+Q3/hv/if1//2Bvb++P+t//lr/6b/lb6t/w6E/6U3/zf/6P/IP+k3/6r/zP/qk/4E/57j/yV/0N//av85//3//H7/DL/8///G76qPhd/4xnf8PZR7/lb/B//Pq/yZN/+u4f+Bf8on/o+z/5k//HP/Bv/e//ye/+J/4Hs39z7w/Z/wEl7O/+T7/4z/m//7nyd/mbf+tf+Cf8I3/rL/mP3v7pf+bj/+5v/ed+8d//d/wef3hBy7p/7t909vuX/9kf9Of9qj/3Xx7P/9l/7rf/03+bf+4v/0t+o1/ry//xj/y3/9l/82/7sf/q2Z/y7X92/+Rf/u/+rD/9n/rff+Z3+9P/szvv/tfr3+D//Ef/xX/4d/2ziz/rj/9v/pO//Df9G/+Wb/8vf9E//Nflf8rvSTmavf/63q//x/4T+/ey2V/8D/6nv1H6Z/8O09/nd/i1/uN/+A/99ZuvvvrqL77/9t9486d+/uV/8Js//O//2Sfp7HdKjn+Pf+P3e/Xr/MH/4b/3m/7J3/uNf7M//7f7A3/5avZr/4n/5G94+nsc/Eanf+M/8Nf98b/2+a/9J35n/T//KX/kn3rwY+/+ir/yr/z87u/7d63+G1rH2X73v/9xv8m/dPJ7v/n9f7c/+s0//277f/41/ujv/eZ/yZ+28xsgff73UiLyH/nL/qT/6p//D/6p+6u/4jf7l/+dnf/7D65+z3L+O/0lv/Yf+hv++//Xr/PX/Vmnxd/2p/zb/9k/8Df8IZOt//1f/Quf/F9/4h/4J/0Wf0/6+t2/9Q8c/CP/woN//frd1t/5t/1t/94P/tM//sG3//fnf+jv+7//T//oT/0tD//lO9/64/7F/+NX/iW/1b/yd5ycnPzJv/Hv+Omf9hdt/23/9D/wmz0/+R3+7t/nP/8tDr7/B/1b//Ns/r//Jv/dr/tH/h6/wZ/8v/4miz/kz/zj/4vf86/9W57//b/97/wXLi9/gz/l2frP+2d/7C/4a/743+x//8f/wj/0//63/8q//J/92//WP/jz/ODef/2P/kd/8fbZX/gn0lrDP/g/UP739/8j/8hf83f7X3/tP3r7b/7Lfre/9Q+e7fzRv9nv/q/99v/8f/Af/j3rt3/8f/g/3v2Jf/xf3flTj/7s3/PpH/4//ts/9Rv/BX/OP/+b/c6/4A//t/63/+0P2d/7W/7oN79n/uf+8X/Av/K33vu9f4N/+L/8B37jf/xv/D92/66/5t/4c36tP/nFn/LX//eT/+b3+tOO/rS/+T//ravl8h/4Rb/8v/qJn/jfd/71/Ox/f/lbfC/79D9O/4pf/e6//kf/uvbv+bP/1r/hb1j+T//EH/87/pcnf/HL3/5o9gePfru/8fd5/sc//yMf/23/9g8Ofzp98yu+u9P8x7/F8z//H/wN/uRf/x/9NX69X/vX/2f/9e/+ZX/Nz/y5//6P/Qf/zU//Br/gl/7mf98/+BM//uf/GX/Of/+Dy3/87/kbfrc/6N0fRatu3/sX//zDX/m7/vGj3/Ov+ed//Hf8g//M7/wu3/lLfqP7f+qTV3/uX/UP/AO/9Lf7jf+bP+WP+WP+mI//rG/9qX/3v/LgdfZn/xHP/6I//Xf+H/6cP/4/+iX14cHv+0v/qD/hTyz+2flv85f9IX/w4nf701/9NuXv+I823/93/ozf5vAHf81f8xf9T7/6P/zD/77f4/Fv9Df87X/tX/7v/4b/9j/0j/7aT8/+jf/yH/2Hsl9y9Hf9zp+/+xf+vKNf8vf8Nr/Nb3zx+/3v/9PJb/e3/OWPX/34T/1hf9SveP7P/nE/fXT+h5z/pv/y/j9Fy7f/wO98ePnX/Ya/zq+V/zW/2X/0k3/fv3fx0e/62/ybf9Z//gdf/Orz/+m///d+vX/hD/non/9Hf93t//lf/tf+mN/9F/8T/9in9Z/15/2Pv+eP/x6/2a/zP/4Tf/yf9Pl/9DP/49Vv9t/9xr/Df3SezpLf9N/9Y6a/797f++v/nX/zv/t3Vr//s3/9V/yuf+Xf8+bX+KP/23/4Lzv7df+kn/7kb/2j/7b/k3yJb//SX/pL3/37f8/6v/2JP/zX/eoffvfXv/sl//zv9rv/CyeHf9RPVn/Pp9Wv8R/+Dx//w3//5fbRH/p7/beHf8y/+Hn7G/y+f/bf+Te8+gdOfuy//RV/6F/7l/xa3/sjf3X6P/7l/+Gv93//sn/w113+bc3+d/++P+ZX/j7f+qd//HfM/8y//e/59v/eXl39hw8v/7t/61f/oX/oH3ryOz3+6/7rf+Eq3bv/C79378/60978gn/m3fe2/uO/+tf+bf7K67/s6eU/kbR//uPr/+Wf/Vf+lX9l/Uf+Jr/z//6b/CH/af677uW7/8Tv/Zf/sj/4D/hbz+78DdPf4D/4T578T//9v/vr/gf//uHf9if9J3/ynzD+Df7Oy9/zL/tbf8O/5C/9T3+zP/df/f6v8e/8Xb/4r/01zv/03/bkX/+vVn/o9u/xa/wP/8mf9Ov9Nf/t2z/93/mv/u7f+Ht/5Plf/Gf9Lbt/Wv4//VXP/s3rv/TP/l9/87/oD/69/szx9+dl+d/94f/4f/G//06//m/83/6ysz/7l01/+e/77B/4V/6x45/89F/993+9P/Y3+59/zf/6b/+v/oGKUne//R/2V/1a//q//eA3/wWHd//g3/sf/2P+lD/ql/6L7T/01U/+U2f/5l/8q/+i5C/+2y/+hP/lN3v3v/53f9nvmv1Rf0L6e/6pv+Vv9jv+jn/kr/oPjv+sz//Tw1/w+6za3+wv/PP/0S+e/47/4N/yi3/Jv/PfHv5av+5/9K27v+Yv/n3u/Fu/7H/5h37zj77M/oG/7e/7Q2d/6+WLv+83+UM/z3/lzq/4y//Lv/uv/e7f+Ev/iP/7P/o3f8//4D/5W/Z+5ef/+//0rT9otr33C363w9Grv/bX/MN++evn17/+X/O3/M1XtFb8H/6Jv9PDP+VP/G/KP3f+8p/9c/6X8u/74/7He//M3/EH/eX/5r/05/7f/9E/er7O7/zSn/h7fo3nk/yv/r/+nt2/4+Vv9tv85X/qF7/H7/GH5qf/9h/yl/45/+pf9zv8Nf/RX/6b/he/3d/xp/yN/8Cv+i/+3P/7N/6nn/2t/9Z/+Y/+nX/fr/G7NX/g7J/+Z36Dj6uXf+tf/68d/SW/zW/3jz/77X7H3/HP/cd/2z/3p/7BX/pL/vB/8j89S/6Nf+RP/GP/5t/tyZ+6/q3S/+s//uf/hn/0r/9fvj37RQd/yH/++a/xm/6Bv/Nv/fg3Sn/7x9vb23/7X/Vb/19/6W/7W/7eb9dn/+Tf9+ZfzH+9P+mf+Yv+i9f/yJ/1byx++1/rn/43/uV/efePuftb/o1/9V/9+/yhr7b+qd/rt/1F/+y3/p2tP+EP/ddnv/tv9899568o/8KT//zX+WN+/T/qf/wvs+3x3p/zJ//Z/8S/+fv/gf/nH3r+/N3fsPVL3v2jv89/t7//1fdHv8+f/nv+Lb/qyf/xP/7Yn/75v/xL/qf//Nu/2T9OiZZf/BO/1t/9aflvvfyD/8Jf++/7i8tf50+Yv/ze//K//Mk//g/9dp/9/n/P2R/2+e+U/ZXP/6V/6p/4u/+IP+KP+HNe/HkH//N/jJDiP/37L/6nx7/WH/VHfv6nHf0rv/0feX7nzz979Bv9Vv/XvX/3F37nj/z9/qRn/+Wf/bv9NX/j3/g//hV/1m/4V/0L/8CfcPc/+cn7//Y//+v9Pv/8t9I/8z8++5W//T//O/2ef/UP/qzf/jFp/s/mv+z/+Bf/yd/lD/yZ3/p/fPjH/5N/7I//93/ar/oz/sx/7Zf8zr/3H/RPfev3/PSP/d7iL/xDfvm/8s/+Ny//sZe/xZoCzt+afKvXO7/4r/zrTv+J33bvd/k3/+C/8MvFmx/7E3/t3/Mn/5TkF2S/6hf9Mf/8P/q//+Bv+s3vvSON/Bte/At/3q/6rX+/P+GP/CP/zKOPHv/Mv/ELfu0/4+zX+rP/9T/lfz38VW9+t6/+iLu/y8fff/YLfo//8d//e69+j98q+c9/16d/7f/0m/2Nl3/T0//+9/7t/+bfP/nenX/zT/lnftVf/nf90u/f3/3j/o7f7fo3+AXlr/sX/uO/7J/67N8f/ZV/z7u/Pd//Fz/e/mt/j9/y4g/59J/+pf/MF98f/7a/5p/22/0r/9Cf+Sf8G//6v/7vf/yrf4N//ff57f/tp8W/v/8bz+vf+hf+Pn/s8//8l//T89/vN/0P/8l/9F/7N/6j/+gP+GXfq/7+9f/6y//rf/Uf/Ed+5V/4j/y3/9x/8vBfe/2tv/V69uP//W9//Kf91Q++8/rs6as/6tl/8V//53/2/j/8f85fv3796/8O/8bfdP7P/zlfzX/8P/99Fv/F73D8J//X1Sd/8pv/8eNf+4988Ged/un/+L97+If887/lf/s//o8VaYX/7K8mWf0lf8Kf+ef8I7/sfP2P/j7/xn/44+N/82/+92Z/5l9e/m5/0vzNx386JR1+z6d/zfaf8Eesf/X/9D/9T/t/x7/wx/zLv993/q6/YOdb5Z/9B2//gr/wX/jpP/E///af/YN/7k/6jb/4p369z//wh5/9Do//tX+x+eX/1b/8m/7027fVn/rv/Cv/8Z99+l/9bz82+ev+6fGf8Lf8lf864P7uf9Jfc/YXfvs3+ujvv/7ye//98S/+xb/4V5Pr9Av+oi9+q//pV/+f+Wz8R//Wf9H/Xv4d/8r6zq/xm/+Nf/Obv/+fLn//P++P+F2/93/8lX/OF9/+n/6Av+D//G/+2r/xb/j7fuV/8Iv/73/73/v3/r0nf+l/+2s9fr74p/+jf/rfmv82rz/9Tf70xS/8Dz/+Bcmv+dHn//mf88t/1zt/2a/9e/5mv/H0N/zr//6/7C/7x7735s3T3+zvnv1+n83+2b/s9fLP+UP/iL/9v/ns3/oHfuvvfb7/Z/yKf/p/+rX/wl/yv/7b/zil43/Jv0TB0Jf/01/0cOf3uvwTf40/8Se+bP6Uv/AvfP767/gFf/cf/7u9nPxev+wP/3bymz/9wW/aln/xb/Sf/qLy4T9Hhvyv/M3/+7/kN/g7/pX/5X/+O588+qf/qf/xL/npF3/cT/y6f8P+873f8Y/8+//Mf+5v/52+9zf+47/pH/W3/Mntf/Af/Pa/3W83f/yL/9f/7q+mJcf/+9f6BSc/8ev8Ff/Tv/9f/E+/759y9Jv+z39refYn/PaPf/uTv+23Gv/7f/zv9hNP/sXf4uny7/ze6+Kv+wP/qL/sN//d9/6Gf3n80//4r/XfbI9Gv9H//jP/wG/xf/w7f3X9U/k//jv+Ob/1n/63vnn5V5//Bn/Mvzj/L/6z3/PP+2P+4X/xd/vHHv8Jf/2/9dfOR3/h7zn9VePf7+LP+SM+/uX/xm/zD9/7I//L/+Xkt/pnf5Pf9C//y/+YH/sD/upfuPV//VpPfqt/83f9Y/7Sv+2P/m9+s5/4ff+I3/vi4r/8Db7zl/7i+W/5j//EX/+H/09/2h/0z/2uf0eSfvWH/zP/a/4X3jt79t/85P1/+ft/3t/61/0OZ//mP/y7/pV/5u/8F/7S//2//r9/we/xS/+P9ssv/8Vf4w8++T8PZ7/s5T/xt/yn//F/fPhjf+Zv/Qu+83v99m/+kd/go9/vz/+Jg//64G/8F779O/zL/+y//Nv8hh/9cf938c+/++fSP+RP+y9/xQ9+w//p9/749/+xn/nL/6mf2vuv/6rD3/4P+sk/5b/7d/6TP+tP/+cOfptf/Kf+9gf/xx+w9ac+Ik6ezn/8PzigNbJ/8C/+d/6af/yX/RXtX/2X3v+X/+efuveX/R07u3/7X/47/E7f/23ebW2v3/wWv+Cjr/7DX+tv/Bcmf931v5h+9Bdt3b9//zf+9/7eqz/x1/u1Pp7/nr/N8T/zT/6nf/7f8n//9O/zj//P/+3/8s+n9x49u/+3pb/jX/mn5D/+O/6R/+O/mf1H/9X1f/d//Z+/+u88+lX/2Z/6r/6Pf98v+xf+7b/j7/i0/o9/j5O/duvb3/+Pj15/79f5Ew9+56/+i9/q3j8+/v6fkPz+/83b/+Xtf/+n/sL/+L/93kX6m/1F/9KPjf+wf/qP397/Tf/7Hx/9fqPf7u7v8O//fn/Ob/N7/fZ//H/7l/yhv/5v+j/8u3/z9J/8G/51Mjf/+D/6y/7qe3/Kb9T8Gf/2L/99Pvlvf/nf+v3/aOveH3f6G+T/w3/25rf49h95508Y/UY/frD41x7/Hn/g//V/LP6Pv+5XbP2pP/hL/qzFu//h5A/59f7F3/Q//fSP++k/4a8e3fv9j/7ZX+tfrH/N3+0P/aP+wj/s7h/6T529+vV+w3/qj//N3v1N/8uPfet3+eP/g//04g/5pz7/gygR+Js9+dua//v/+j8P/9q/5q/5N/7T3T/8z1r8bv/8uz/q3Xfv/R9/2k/9or999Jv+Cf/y0z/wT/8d/rNf89Vv/8/8J7/8N/xFv9Zv93D79Kv77yhO+CM++e7f8O/9Y//EP/Z//8l/6+/1f/xfv+svuPdH/psffXX6P/1hd/6n3/gPPvlH/9jf4E88+FNftn9Q+o/8rX/ZfzR68Hue/2a/+xf/zL/4z/6zzX9z+Sf8wj/+N/s1/pRvj/+62W96/ht/9DuPfuPf7d+7+/RP+jt+j1/xr72+/72/c/nv/2H/05+e/R3/86/xZ5/9+N/xL/4Bf/O3/uin83/rH/irfur6y7/q+f/+P7369e+d/hr/1e928X1q9/f8u//Wv/Vv/Z6f/dO/zm/yXzz87DuzP6v8nev/6cVf/Ge2f/U/+uBf/OLkNx99/Pif/Y1/sz/wN/2/jv6+7/xe9e/3h/8Wz37tPzp98kf/JWe/8K/7mf/9v/rH/5nL/zr9u3/RX/iX/RbHv83v+Qf9NX/n4t/9X2fr9a/43/+Rf+QfqX+df/pf/LV/tz/kH/szfoff/q//t//M49nf8Vu8+dfvbP1Dv+XH//W/8h/+h//hH/oP7X/0+Pf/O/7Ov/NX/sm7z/+j/+hv//Y/85s9zv6UR7/Ob3L043/ox3/I3/Enlzvt6Vf/xl/6a/xR/+Cf+Gfv/y33iqff+uP/jl/ntzj78V/rj3jzO/zuj/+Ev+w3y/+UV7/On/nrL/7Sv+S/J19wvL397/9dv8nr4+Pjh3/Bf3Pxm/3Zf/2/+2f+8//sp7/2t/f/E9K7ky9f/pH/4b/0L7188Kt+1//uv//v//p/8Jf+nz/41f/Zf/afHfyhT//Mg+zPOPv+v/wr3/0Fv95v9lePyj/9n/7f1//cs3/1z/yt/4I//df59q/7J//23/5Nfq0/+k99Nv73jz7615/9s5+dvSp+vYNf89l/8yfU19fX//G/8Ocf/rW/+V/xG8//oL/x2Z/1x/zM0e/yL3/3D/oHf/U/vv7pP+3NJ8/evXv3B/1j/9Jf+Bv9gv/mPzq5f+/4l/3DfyQ9//v//r//PX/P3/v3/o//+r/xb/wW+/9a89f9it/iT33zu07/rP/kb9qd7/yWz3+HnV/nN138un/1j7/9/u/+d/95f2j+k7/PX/Od7//Ts9/tj/+z/uS/fvHLftkv+/N/79/18jf/3b7z9/zxT3f+7l/+V/8ts0/+5D/nX/2H/pXsLz35JVt//v/yN/8jf8if+6D6G57+p7/4N/79/s5f61/Pf/Pf7084//zf+av+88//lOe//j9x/Mf+bn/7r/+v/pqTv370/Df/bw7+zX/4z/6Lf+H+f/+fnv82v/F//Ef/1//1f/0P0MLXeP+P+sX/07/zW/4G/8Kv88d/8S//YY8e/wn/0W/wn/4Zv9Hv8LdU/8WP/YJf7zf+D/7Av+Dsd/77vvzTjv7TX/HH/UPXs1ef/+Sf/cmf/6/U83/89/xffvD3v/hvfsOf+pv+1j//z/nDJukv2nn4i37/7935vf7J/+hX/Tt/xj/wT/5zP/kvP/rWJ5+c/RbX/9S/OvrOX/Ob/Qd/6F/25/z1f9Vf9U/9/q9evfqD/vT/8l/55B/9I37lH/UX/zp/7F/yO/wOv+Pv/Dv/5S8e/57/9N4f/U/+cf/RX/67/CU/+LP/0f/wr/run/V7/q47f8mj/V/2aOfX+f3+sOO/9PM/8F/7Lf7gv+S3f/gf/0+Pj37bX/HPff4//z2/zp/8V/0V/9h/9Hf+Lb/07/it//A/8m/8hz7/0/+6P+Qfe/B/3zk8/r1/arv8x//H1z/z+Mnf8rf9rb/hr/zT//Tf+K/9nX7Rf/zn/3MPf/Grf+jo27/Jb/8X/Tv/5b/4H//Bf/I/8V//Fn9B8Y//w7/5J//TT/zC//of+5mdX++f/o22fuv9v+TPPfrtHz9r/sH/9E8Z/SG/2+uHf9/f+Rv+Po8//Uf/ob/jL/r1Pv/3/sDZn/5n/ob/dPLtvb/0z33wD/zjf8J3/t6z/+JvvPMffPln/GN/zH/2T/5Zb36zP+p/fvbP/0HXo3/oN/9k+8/8U776k57+WbOX//S/9lv96t/49xz/ktm/mL7+7f+S3+rX+pP+yH/uP/nx43/i+Df5Y8vLP+DFH/rjP/mT41/4b/83v+nf/J//E//jv7v3b/36//Ev/kv/lj/5q7/k3/pFH3/61+c//eJ//Xt/o9/hD/qdfr3Pv/r23/1nlb/er977p//iP+T3+hX/9j+1+snf/c/+3SZ/4fVf9c+lu7/2xx//xf/xv/qf/hp/0n93nf8rT/7yP+TNn/Tbn/3OP/47/lH/4R/zH/7Z/3C2/+xP/2X/yrM/4xc8+INm/+Li1/mD/+TPft0/6R/4z37zP/Wf+fTX+kP/x//0j3n7T/3Sf/ZX/fL/+3/8V747+ff+gJN//deg5+z0xdO/4ckf8If8P5U0Flt+MgAA" />
        <Entry handle="20" bytes="H4sIAAAAAAAEAO29B2AcSZYlJi9tynt/SvVK1+B0oQiAYBMk2JBAEOzBiM3mkuwdaUcjKasqgcplVmVdZhZAzO2dvPfee++999577733ujudTif33/8/XGZkAWz2zkrayZ4hgKrIHz9+fB8/Iv7Hv/cfPF8vp21RLdMvvvj9q1W+fFJ/t1jOqqutdp5/9er56KpYvsgW+eg8z9p1nTd3kl+c3r17uTfeSX7siluO8dpg88PklyS2j9d5Vk/nv/cWAUl+7DKr0/OqXqSfpbNqul7ky3Z8fiifv82vr6p65n91kbenZY5fn1yfzbY+1iYf3xlfZuU6pxfv3s3KvG639Bvq+seKc/PXuMyXF+08fZzu3kl+jLr/MWn88csyz5o8LZardZtmpufxx3j9x4Df2Hx0Tqg0W3cO0zqnsS3T86xs0O8vSX4sp98EqsO8rYvF769/+jgRUumW7cegtZsSWgwhQGwAr9shBsx+CehCZPhdtfFJNctP5vn0rUXpTve1u3fdIH6v/Pp0Oa1mxfKiQ1fGoGmF+ulnn32887EStqymGaZ7PK/zc4Lx8d18ur3I6rd5e/fj9BM7uZ+kH4/n7aL8+DBO0DTWy95gL/O2XT2isS5WVd3m9Tif7u2Op9Xi7mR9/fsTLWfNh/e+q733h1idn+f1N9DDvWEq0lhW2bLIb92LJ3mDs09d3f0WT+g05ApPRF5XdX09SknEiR2BMSOWXlfr9Lwoy3xGH6dFky6rFr+dLi/KopmP00C0um+7hvRr09L8KG9vki79rq1Z4H/Jt+5CFoIPadBu1JOqegvGI+H4xaqs8nfEG8usHB/PZs+yy6ou2nzL8M7V1ZVlm49H6cenJ3u725+X1SQr0yd7T9IvmIlXZTbNP77jdzSdZ8uLXNTbm+tVvtXgX1Zzd+82eZlPW0LmXVzpNfzaM/r0MO088kJLsF7n5SZteLac5e+O6zz7cgWEzmbvmJjNVdFO54oNCDilCdn6aFVXs/W0/ejOI1Y4Cl+Y8LOPdj46TCcE6u3hL7Fv0BjKgea7keYkcgOt9yKthbGH3rjnv0FEJ4oSKUkhpdukuZq8FSIJFd9kk5cyuA3U+qjb9iPQKgBC/W+it4PwmgnTff3J+vpWbz8Bnbovnwg5bgVA2wIIzXZnWONpmTUN7DHB+uijQ68F0N7wNeG14VvttNfiNvzWm6cQynRd1zRKO+VpnwXDSbr168qSwRzd+mWPQ3vzdDMQMK2b4Sft8uappUaWMW52hj7SJsoG/iSI3oyKvcOHLNB1mY8n2fTtRV2tl2QnyqpOMZ4fP3/wYLIHGYy+clXMyHuhdrv3dlbvhlqdV8v2dfEDJtBuvug3U/OXfiQqNFXeaD4SjTjIC+8/jBtG8SmP4naDuGEM4E5oqedwPTbryPcbwk0z8en7zMQNgyAh8cdwk+r+Zgeyf/+bG8iJcZ4Clvol4iZ1I5ST+dvfe6ua/PSdX6y+MXjPtmnm1dXv/yRbLvN6a7lejKjXfDZKJ/wJ9MAdipDSVxn5G4tU2sERILO/VXy2c1g8RvvD4pNPRDhT+IEE57PPClaZhNzdu3hb+/he8X0d86xoVll5/dlHOtq050p09IJDidzEreKT3TvpHf/VKNw0/SUpu6c8oz+2AZcyo3eW1TL/WcAnhJ1C9tPAo61z9sPekENH4dSX9cXrth6lb7Ka+hylJ+yQpTbQLOAfjVKKtmgGUvbC1mVJrxC2H39MXVzNizInQFvc8jOBN+Y/vjzfErAUKh19lu6oTnUAzG/kin/8iaIybtaThkJAipt2RgzmjnyvmGFU0pIA9F7hFz6RXjVEBKGICMY7li4/IYDychBnczDypmjL/FW+IiJtTdbnTAr6Sd15pMM3o/Sj3/0j/LN3n23OUKNfKI0+3djoY2n0YGOj3/cjabW3sdVdRWrv2aZmH/8B8NR//483NfmlNzf5XW9u8nve3OT3u7nJt25usnVzkzs3N/ns5iaf3NwkvbnJz9zc5Hs3N/n+zU1+8c1NfsnNTQ5vbvLo5iajm5uMb27y+OYmRzc3+T1ubvL7toTx5ia//+//Pk1UD9Hn0DzJ3bu/z1dn6XeLGSms1Cki1eRfQh89L5pWMn+/z/G3v/xyvCQz0LB2+uj0hCU88jm8AQLJX5+efCYtTk8Of7en+vu6Lcrx02pB3/9up/5np5dkdfDpV96nhxbi+DUlisr89bSuyvKzZX6VGqQpVwD78Lv9Pv57+GSWn59Uy/Pi4rNfPMtpVI/2Rs2KTPmjvZ1R02Z1+9R8ykDP2nxxQp5P+2j3lxy286IZz/JpVWdt/pntKstGk+zOL86yzmhgOOnLO4eT7DNCOVutyuuzc7KfP/Mzv/iXjCwidxivafbZL/4lgmH22ZIMw2iVrRvqhTMo+DzPeIS/21fjk3XTVgumzdZH1VKG/9Fomo249ShsMn72/PjNncMCPY9N6zu/OM/YVE3rYpIH38CfgusQtvAICx+IzTH7QfRqh1TsFRE5MOKcfEYyyjOig+dHNE+u32QXcCG2PiqLj+58b+f71O0v4a7ZrGeOund+MWHOtLjzi9WPo1aZ6fVNtfrksz0mUDn/jJAhdz3/dl5czNuf+ZmbOh2TjaXcgzQHhXywv3s5f/zZ7p1fPKUEWH22pIwTuaNbM5pPIsx5UeeUrPXbEzUI1ptikVfrdusCTDFmFvvW7s7ODsbHWF4EY/um8ZaPtulvv8nRZ+X8zi8mxqJP7EjOGUNmfkbudzsdCzN/tKiI2tVlXn808lAVfuQEHc1Ut/W6jTQW5qXWPcI4UVPqTB0Hfjb1GO9L/dAkRqfZ4S8BAziBcuScZ6MiY36ZZ7/wFxb0f2ShqvO0yCgpS6EAZfA+dvy74oynvPC7iuiW5NaN51nz5dWSotcVJU6vAXV15848+97q+58V+JeIZVXnnNCB6mR5WFy8rAqQl/QuOah37/53f+xf9t/9RX/ef/sX/3npf/M3/UH/7V/+t/33f8jf5tTqqs4vNUR2WtXB2N4+REaXfFn70WPjtQY97e0cslOJiMaH5xpB75p1leBTP2hakoXYgM4nn/TQOdqL4vPNoLPhdRsOLC5Y33y2y7T+O/68//Yv+sv/+z/9z/tv/qa/8b/7o/6sRKOBLbNSNJh1JaXqdfTxJwbsnXFTT2k8mnDBl99zWHx/TL+/rqeHXwf0Jx8dL6fzqt796I5ZGRjqJeOGH9TL3u17SRAqks+wIOlPM8qeTqG8KReWntcUB+fSLbVigyR/pRsy2sOowSFhh8AEbQoNmrVp2WbckeDVfCFYiTWJNAYopDQUOVp3ycrq4sViw6htG7wL3rYfmBW9o/QeeFyW9Oy3nznoGu5ReEgNKTb8aDwef2RQwZpMB66JRT9KP7rz2Wfbu33gaRR6unufwdN/n/S/py+5T15K+dqTEdhrC2VKOZaW/ccXtO7khnLnjrLLN9Pfpjnijuzbn/BsBYqJ8bj/3/xNf1763/3Nf9h/9+f8Tf/tX/23pf/dX/Sn/3d/5R+kE2BePrpvCS65I54pfn1v97/9W/6o9L//E/+6/+7P/7v++z/sb0r/uz//7/tv/pa/n4ClO/TFf/fn/X1Q4//tn/jH/bd/xd/ngCoOn32252bS+3hHOQHq0FnAj3qq9qPRfTaC4cKXrEc9k0X42VYr6QtZjhLtyR+1mHvOTHPKePdscbFJJHVRf/ZaWn8cvr33Xm/vdd6+915v37Nvz4rL3du89/s7dOmVvVu94nCkV+7d6hVGTKydUPizz4wVcTRW6/CRXbHOLnK3XE1MQAvmdxdZsbxLacGd3d+fFoEvinPWDY7U7wdk7/cnp64D5d57Q7kXQAHpw4wdIE1o4fqt+X6v/73N6YGmw1+7NXJHyb0Pp2SPCF+LlN35+NmhpE+pCCEDQm+mZISW9/7fQstvhi3djHwtWt7AlJbUoGVk3b8l6W+Mtj1et5VoKVofaPgr53c2+PY2mgTtVJfwO3ZBQyBu1PcBBh/QtzUWH1FGYPXRJz4mVs35H3722UccnX2kzPU1FPTX0dBfS0Uz8jFmsfNtzbLIDAHfQ2fqKVqJinHUBhj3OjB6DXZNg7gRZy4MnYJNs//R6N599g98dnlGK9ZzSiG1FB5v8R8Ujozk4+9i+U1/lxSA/vGTWc2MjNUzttttzZ8f8ifmL4jLY4mXU14YL2affTwt6cejp3sPTp4++fR0+/j006fbu7vT8+2Hnz452N7f379//979ffJjdj5Op+QqTjLKAHyswj+rrpZllc3Gi4zC+UU+KzLWAqv15C6FetO3V9llfneaTZq758DgbnPFP8n/m/w4ZSIaGvFnn452RnsPRwSflxc/+xjOsBsv/OOP0zkP1/tOxs9fHn3UGecnNND08Sqrs0WKlOVnH1OMUeQfpyIJDgiR9rYQLJ37UPDpbcH8onVWFu21BTKnUQy9ly8m+SwldRvBOFVACiFdleuLYkm52Qs3O1dXV92JuajuEqPyHEAa8vrjFMmUzz5G1qUgr5wm5O67bTt329z068/M47s8iOgAH98VXjRfWvVwVRdtvmXaQqo6X338+OXxq+Mv0hfHX5x+9tFxWVZXlE4qVu3xdJo3zUfpTx4//4q+ycqr7Lr56Ii0ShoImSqD5xXR7En1ziliioG+XG5SVSVesb4nmp+fb2p/lZdE95zfUJ+a8nTFNH9+U0+UKXlTPQ+6817d3Cu/+8K9LeaAWp1U1duCMo6Uxqs/upP+rp+lSEqnv/AXptEvPzLWgumyyc8RSgxa7wSxmEtAqF1wqYbfTSn7FXX9eZ3NhGA3JRFSA+F2WQTTK/kq6Ie69QaNT39/GTlay9o/da2NXepgd99kMCwc28gG9tToE5M04AVymBR/kGezj28XmRvYGphzHj3PP5+E2NNHv//FRFCP0PL2PtsC8lr//lAKv/9Hn3BPNBDjwN292x3Dj0nPPm2/Tfz+VV2GCIKyv/+6LvsoavOPbTbLYPnRJx40QiJfOpQ/sm4Co0jOzcMdZ9B7FPg2Qe53AP1oIc7bRQkqHH/37svXvz+yuEV+Ncanmvihf3zR3SQMgZzeGEdtlDDr/Q4JmOn1RvQspBuw8xzqIXeaJrXUTMeHedTTEND7OtVDeHwYBj8U1xr9vo9bze3Vpb579zZONb/xTTjUd7/1wf70Bmeak5u96bzRox6c+qhTPQj/Q9NuIPLXS7m5N/eU6W6fcHPv6vy+J8e9J8O9P7/9vzzHdvfuB6QzbswN3TrLRvHT/x/ybD+71Lx1pu1GapILhqWbH6Xbvpl0G5GTdDdpWV/N5tO3L/KrpsxbWih5VtULZ4tpfR6rYFZ/hO1UK9Ww+Hd/v+/tbD/Mtn9wvP1Tv+/27zv+fX//73/ye/offf+T33ccNvn+J7/bXaN4flf0NF5a8L9/TuQpxVRTPEx03arzOzrpaulfljnlNdKcF7szBOfFLD3dxotpNqOl0qYZi+saB35Oo2q2uEGdU6qHVlYz4jMnxNIbv0xBwqJouXHoYp0QEjUc/y20Y8LxC8YT+ugjtmrJ3W+lJxQiXFT19XNaaEppGrqR7QuaRdPm9XoC4/klGc+pfrQ4m6np8y1r/N2tjz7xXvuEqPDRKBUT+2MDb/jdhIb4Fi8AL3Lg8VFbtGX+sd/9HeXISTZ9e1HT2t/sZdUUDJros5PugDU3vO2MVvPk+k128YKSMhj45Ud3vrfz/R67fwxp+Dg6hCdltnz7dUncffkWNO69ciORN75hpNJ89gbESjkQH6CdSqj5iACmvKbtXr+BukY+LR7yEmci0fKOW0afVetJmX9052jbeA/hO5uZYPveg9W7XoD1XhD2DgyExL5II+7rw49C0hfLovVlc8tIMUUMn+0epsXjz/bv0Y9PPtFxhfQuiL/z9rht62KypkTXR0wR4oXChM1h42q5qCiyptQHshkGiy1KUNzApe28aDBdva4ozfBLNna1buM9DWicGzpKJPoJmarX90185SaX52gDBf12P3vEi/XyvnS7oQ9YDrIDd31mS7919/8BuLiAWDZAAAA=" />
        <Entry handle="19" bytes="H4sIAAAAAAAEAO29B2AcSZYlJi9tynt/SvVK1+B0oQiAYBMk2JBAEOzBiM3mkuwdaUcjKasqgcplVmVdZhZAzO2dvPfee++999577733ujudTif33/8/XGZkAWz2zkrayZ4hgKrIHz9+fB8/Iv7vf+v//o9+jd/sO8/Onv0av+av9Wv+Gt+m/36N//s//q1++9N3xfmv8Wt88cWv8a1f49f4NX6DX+PX/zV/i1/j16bffk3679f4NX+HX+PX5d9/jV9j8mv+jvb3n/41t7TNr0X/7OLfX+N3ov/Xv+Ye//5b0f//hD+y+DV+HW3/l9H//6VfI/k//qBf49f4+DczP49n1SRPX86rtmrm1So9eX0v/W6xnFVXza+xt7Pz8NHOp4/2DtK93Uf3Hz7a3SMQv8av/Rf9mtLv//1//xq/xl/0axn4v+af9Bf92u73X0OeX+/X/LUVx1/PH8ev+QvcOH7NX+iPg2hiYIx/LQv7t/hPFd63dSz8M6Dlr6G0/O9/jd+Ix/T7n3zxa/xa//f/8Gv8JvzXrzH7g/iNf/fX+MN+jd/oN/gNfoMf+w1+ox/7sd/oN/8Nk9/wN/+tf9Pf6Df6TX/r3+63/C1/69/yt/ztfvPfiB/9EX9+zd/4N/wNf+Pf5Df+zX6T3+Q3+61+k9/kN/mt8M9v8lvJK7/5bQD83//Qr/Gb/wa/xl/0a/xFv/av+dGv8Wv95r/mr/2b/5r/979PQ03+73/s1/w9CMtf99fkR4f8a9Pgfp1f99f79X+DH0t+w1+z+yXR7Nc2X/5mv8av+ev8mr/2r/Xr/Fq/7q//6/0Gv+6v/Rvdoy9/81/71/ldf4vdX/f4J7Lf8qNf9Afv/Xq/1Z/8F//NT378d/utX/3Dk3v79R/yL5/8+r/7n/L6f/qP/+dpc/+3+Uv+lj/0Fz79U9/MTv+Rv7T99Lf9V776T/L/5W/9w/7Rf3X9n/6yZx//aX/ZH/63/en/2L/2n/3yv/xv/8f/9f/8V/zk+eUf8Wf8FX/HP/Fv/Bf/64PPv3tx9Uf+mX/l3/lP/pv/5a/8zX+NX+vXImx/Hcbp1//1ft37jMLvuvtb/DqEwS/66Lf8dff+4D/5twIG//Crf/l/uve7Tf7j+g/5U05e/9bTZv9//t1/PSDw6//C+//Iv0JI/KW/7ez0q0/b/D+xKAxj8LFD4f/+d36N3+jX5j5/81/j9/g1fvmjf+ej3+Pwb3v3v330t/2uf/M/8OjH//hf+nv86c9/78lv/+vu/CW/1T/yx/2Nv+Ff+WN/SPvbjv+Us/RP//jsd/vT/rI/5ex3H/0p7T995zu/+9nu6W/05tuvf+L3+G9+4vjZf/bx3/mP/v7/zB/3nz34o36XX3D0Y/9w8Qf+3//SLz//O/+uf+3d//1r/ODez/xJf9aXi8d/8p/z6/+j//R3fu+/5J+6/qt/nX/4bOdv/A3/sP/6D2l/i7/sv/7d/pA3f8rZ7/aX/25/ytmds9/tT/nO7/O7/Smnz78z+cvevDr5tX6Pf++P+K//9d/qL/67vvyVf+Wv+5f/3//yL/8zPj341/63dx/9Op9+9If/rtPf6J/4o/+RP+DP+4V/w29EuP0h//m/+vHzP+TPPNtr/7S/pf1Tzr7znIC1//Tv9qf8GXf+mPYf/612t6r/9J/+zf+Z3+TFb/h7/d//yi//O/7r//l/eZ38xr/BH/z4r/uN/pA/6ckv+ef/+n/+1/+7f+Vv/wv+5V/9L5z8vXf+9f/sX/+9fodf8Dv9TmX63/xLv87f+n/9eyd/2F/4zz/7PX/JX/RL/vq/7L/5U//W//Y3/a3+4d/2sz/3D/61j/+S3+YPfPOrf/N/4m/+z//Bi1/8z969/lP+4//u7tu/9u3v8af9h//+0+mfnP6af/W//euPfo3f7c//9f6v3+SPPnvzlx79tb/oj/+P/6F/8vx/O/i//uj/4H/8D5f/+q//X/5ff8Tf+fbv+SX/2e/5r/+9v9ef+zf+72e/1x/y3a/+jT/9f/hH/oZf+dv8B3e+9W9cvPxH/s2//z/+239w/m/+tr/n7/oXVf/h//n9v/bj3/Sv+/d/4uMf/9fW13/23V/6G/8bn/52/80f8Pgn//m/8pd8+e/+3f/6D/65X/mX/k6v/qTfrX36t/4jv9uv/W/+T7/s6p95+Vf/J7/id/hb/tjf75//57Pf/Q//G36tq19a/cv//q/6a+6vf8313e3Vf/DPfjH7g/+iX+Nf/C//wN/1N11+/+/48u/9jbf+x7/zX/77fub1X/fPPPq7/oF/7m+6/Fd/8nf+I/7St3/Bb/jtf+d3+nc//j9+h1/86I/9a+c/sxxVv+Wv+S8crv/XP/J3/++/89/87f/X1q/8j7/7gz/w13/6l/+uP/FX/tX/5vov/+t/49/o/h/5k//Jfzz+m5a/4q/6t3/1L//b/8G/7IvzX/zPzn/5X/Rv/Zf//L++vzz6s/7k6V/6y/7A+3eX333zF17+1n/Av/tLnv41/+b6d/h9vnqwN/ob/tP0j/9N/sN/4Zf+h//ZX7v3G/wmxZ/09A85+F2TH1/9Xd/+LX7PB1/9b3/zt36T//npt37d9A/5v3+N//tf/eV/x0e/7q/3p/0Pf/Mf91v8p7/g+//qP/s7frn3P37n3/1zvnf01/7any8//+S3/Gv+4O/+xN/yx//P49nf97+Of6PDf+6X/hf/+d/45/zPy69+3b/+d/9DHvxZf/Lv+E8efvfwV/zB/8S/8Ff+hevz3+dP+N9/h//4//hrf4d/4tf8v3+N45/6z//S+nf+7NGv+p+f/ebzX1b/8j/n3/w3/8pf+e7iT3nxl/4vv+8/90ee/Sf/9i/6H//i0dX/+v2/+zf9b7cX1//49H/If9c/7T/8xX/B//1r/Hp/zN//B/+Df95/+X//Gr/7L/h3fo1//leMjv6V//YX/K//2K/3t//xv8nlf/1//S3/0H/7/ee/4ujP+pU/9W/87b98tvtv/Re/wfgv+Sf+gT/xX/jfv/cL/pm///O//ff4rZarP+nfWv6B/+B/9cf+gt/n1/wTVn/GX/H7j37xr/4D/7o/9V/65X/G7/P7v1j/tvcW/8Vfd/Vr/9N/7Gd/+9/xB/5J/+tfMvub/5M/6R/K/7nF/7j673/r3/z3+x//+632O+U/+Ff+R//F//jr/ZnT737v3/0b/qP/5vf7/d/8Ls0v/TP/q//up//uiy//lv/x9/sFJ8u//p87/wuf/v3/wV//N/znf++f81/+Xz/9R7z6tX/Xv+Vo8Qf+V5/+rj/2O/2iX+N3+TO//D+3/tP1879iln//e79y/+DPebD/B538gX/OL/5Lq3/l/2r+j1/xh//Lp9cPx3/V37X7Z/3qv+V3+AP+h+u/8NnfWv29/+q/++K//+//17/233/2Kx/8t7/jf3Pxr/z2X/0Rf+Le2//71/inP2p/8s95dLT9x//B/+0P/rE/63f5cxd/+md/5K/8c//Sr/7m/+of++SX/2Nv/9vf5k/+Bf/F7/Pb/4F/6p/2d/1t/9ff+vYv/y/+/S9++9/nN5r/8v9mvv2L9j579en/+dv/+//D9O/8v3+Nf+NPe/H7nf7ev+Kn/pN/4j+d/S7f+Zf+lX/lV/6Zf+j3/obm1/+7/4Z/+5e/+Zv/5t/h//oz/7U/Ynfe/AU/9lv+pafrP/K/+7++/Lv/xav/9d/4A0//ln9y/fi3+Tv+nv/71/i9m//gn/0F//Lf9bf/9b/4d/4ff+Uv/n3y3+8//M//itU/9j//M3/kX/mL/7vf9R/7e/+Y6b/7h/+FP/mPLf7x0Z/3e/zKv/4X/Jnf/tXNX/sP/KPff/NH/ptXf+Uv+I/+oV/2N335dy7/9z/nP/9b//C/cPo3LX7p7/kb/6W/3a/3t/zL//5f97//fn/pxS/7HY7+zP/yr/tzfq+d83/jzb3f+Fc9fPerf5e/69cv1+X5P/Hmf3z9rze/1//9a/z3/9qfVV3963/fP/vTv+Nf+3f893/v7/PxH/C/Vp8e/ld/85/7+/93r2e/1g/+/D/6j/v8f/sP/orRd39s9Rv/Q3/yn/lv7P7Hf8f3f5t/75/8FY9/cG/xu/8b9/77P+3XOP6Dfu//7i/+J3/ZF3/H3/x//Cv/4T/3x/w3/8Q/Vfz7+b/7T1WLv/3/+Oyf/TP/97/u3/y3/43/dvvX/Q/+/N/27/qV/+q/en/nD/zzp7/d3/Hldw/+jTf/7fy3+T1+g7//b/+b/vy/ZfTv/Xt/xO//u/7fv8av+Mv+ub/54/Q//m1/4l/7jR/8p//3r/Ev/T5/yfQ3+AU//vt+/uSX/L6PH/8uv/J3Wv4LJ7/ov/2v/re/47t/w//20T/6L/59j/7dn/kDf49f9tv8Fb/2X/Dffes3/Hf/tv/uN3v4r/6y3/R//bP+pjv/1N/wP/xx/96jP+/8j/vj/+L/+9f4e3+fX/jf/HVX/2fx31a/487/+Wf8lf/FL/0T/s1f4xf8V4e/9j/wJ/6yP/lv/ff+6v/8j/61/s5f8Rf+j+8e7Lz4hd9tP/u7/u9f4/L//jV+r9//v/k7/pg/+PW3ft3f83c8/b//tV/+d/zVf8S9y//kX/ryj/7Pj/+qP/jx3/xH/BXL09/6d/5fH+/+8X/E3/0f/IF/73//v7/4vf/Gf/S3/df/wsWf/mv9u//L7v/wN/2p279k/Sdf/K3/19/2X/y1v8vv84/+N3/FX/vj/9Z/++3x//UTb//Yr/7Av3b52//G//ziL/gv/vY//e98/WuXv/9//5O/6J/8I3/bv+s3ffu/P9//W/7FP/b3+Ns+/x+/+2/8FtPLk7/g3/07H/5L//t/MN7+30//hN9x+z87/JV/RvX0b/wd/7o/8j/+z37DP+ef+5mf/Nt+09/nfyx+0S8+/yf+tcu/5e/4Hxd3zx/8st/jL558+tv9Hf/tzh/6H7z9K/+aH/xp/+Ov8dv+Nr9p/t//yl/yu7z+r/5mIu0/Pv1v/oTf7J/8ez/9qf/o//zT/87/8G/8bf7zf+M/+g9+j//h3m/1v/xV0z//d3n5N/wO/9ev/LV/vd3Rn51++5f/73/X3/UP/r3/w+f/13/+X/3vR7/x7/x7/JVf/ZFnv+hv+Pv/pfLyv/yd/4Xm3/sv5//Gr/7z/sd/7ruzd3/Vv/4L/tzpH/Un/t2/ya/+Z3+Tf6L5p49+w4N/7y87+/f+3PUf/uzH/6Zf4/Hf+Pof+ev/wZ/6b//mv/3sl774rf/cv+z/Wv1zn/69f+Gv/stf/9+/xn979r/8Tb/H7F/+Y//Vf+uXLdY/+Ss//Sef/ZcP/8f13/nw3/0l/+DZP/vlj/+Vv+Hf88f/kt/zP/hf/+2f+Gt++1/jb/s7/sG/rZr+7f/3r/Eb/69/56/+v3+Nf+i/+z9/h7/8X/9d/sG/6qf+xV/9x//Biz/0P/mP/sf/48/5u3/sz/7tfsO/+bf7b//L3/wf+Zf++d/gn7iX/sSf97//gb/3//xbZw//t//zN/yr/7N/69fN/q+//k//bVf/0U//jb/T9/7Pv/d3+Lt/j7+aBO5v+d//yH9jdPRn/+l/wj+X/Sv//tviN/5Nfptf/PcfT/f+gl/5Dzb/55dXf/Of/gf+Yd//u/76P/OX/H75+OKvO/pn/t1P/ro/5Xf4lX/zP/D3l5f/yH9Y/TX/xv/9a/xrd3/H//2P/BV/5G/4l67/jf/wX/87D3+T//GvnP8pP/23/c7/ev7fV//Av/jl+q/7m//C/+p/+L+W/9o/ff6b7/06v/Pz//H/+HL5G/1J//A//tv9yT/17Lf+Jf/b//lv/9+/xr/8x/5Xv+rvH/97v/7kq//2D/rv/oa/4b/9m//G+Z/5k9u/9X/3H37vHzr/3//76u//B//53/tvbH/m8if+tf/9Xzz9W36XL/7e5dtf+kc1VfVXNic/9Uv+uv/zk9/+//jD/8p/fefv+aU/OX7w8pf8D3/rb/mb//f/wt/wz/ySX/3n/BN/7q/9b/9Xf/v/+Pf8lff+w//9H/yvR//HP/7P/bu/4h/9b/7Cf+ev+m/O/7x/+V//8/79f+1f/uK3/fS//Wt+k/v/xh/wv//e//bB31n++7/f//1r/B//27949lv+eb/dTxz+of/qL//f/q6/5G/8A/64P+PX+8f+wD/2H/1HP/7xv+RXjP6FP/tX/Kl/2X80mfySv+If+Ov/yN/rb/3zrqq/6uifffu3/O9/3a//r+Zf/e/r71381d/7v3+N/+HR3/2vL//B//5XHf2tv8d3xr/rf/foj/4L8xfNL/kH/ovf+K/9w/73f/rf/N///V/xF/zJf+H3/6zyr/+P/8vf4p9e/PHZL/g7Pvvur/7pX/G7/O+/eO+v+8X/7a/896tf9ubf/Or+d/+t//P1X/cH/nNl+fce/5K/8V/8S/6a//In/o6/9nf6N6r/68U/u/zrf49fb9U8/wu/+9v+0//Xp//cz/yHoxejP+AH737pH/g/X/3iv+Cv/F9/8j979Q//3n/NX/Iv/bu/4a/x9u/42/737/2Sf+A//Jfu/wP/2L//+vf47f/PX/hXHPyGv8uf9Ovs/Ba/9u/1m/49/+J/+G/9m3/rxf/yr/0Df8vftj/9dw7/zJ/8pdNf/Af+N7/TX3Xx5p/5v/6G/+Q/+/U+/Sf/7n9k8cf/1D/7xZ/49uQf+DP/jn/yb/3VxZ/1n/wG/9gX/8e/9uf9LX9a/ud89A/8Xo/aX/73fv/HP/o//oY///u/8u96+D/c/R3/oF/r5Pf9Lz49+SV//5/+l/ytR3/db/j5t6d/wX+9+BN/8V9T/Q9/5+W/9X/9q//Or/7JP/vl7NeY/Vm/8+92Wf7Hf/KfsfVbXk5/5//jL/y//3VyCn6dnV/8G0//wT8m/fKTX/tP/RV/+6+49xf/u//g937D//a3+k3+81/9T/xx//ev8df/73/sx3/Jvf/uz3/wV/+7l3/CX/0rf/J/uf9/Tf7W3+OX/3c/+Ft/xZ/zD/+5f+6/8mjx4s/49/+UxfUv+K3+oN//b/2Vf8e/8at/y1/+G43+4xff/+3/th9Uf+tH/+yf//f8zq//7Plv+Tf/X//rv/vLv/8P/IO/7F//u37BL/j9/uhf9Sf+9r/zu3d/1x/4P/wOv/2v/7vc+8d+3f/pn/yDfvO//d/8bf+vv6z54//S3+Uv/uW/0b/76/0b/+l/9m/8t7+g/Y3/+v/hb/l9/9Nf9dc1P/WP/8vtf/dr/rGL//Htf1j9DVeP/74/6j/4/X/Jv/CLP/2D//u/9b//HS/v/fI/8C/9v3+NP+4nf58/9vf5G/6m//jvOvod/ovf7NP//nf5s//WX9k++4t+8d/1R/0On/9j//ev8Z/9ab9P84t+rV/jr599+b+9+k8u/tE/8g/643/w9A/8Y3/Bb/XXlTu/6e/2539V/fH/yPSPfvWH/id/xj/wrb/3p/+e17/fP/PX/vLf6T/6NT76A/6Pf/3X/BN//3/nL/zTzu7+HX/Fv/Rf/Hbb/86/8vv/8ukv+zt/8Z/xJ/+N/9pftP9P/EW/+V/56//pr/+lv+u3W/3Gv+qf+VN+i//wJ3+nP/lXtf/3r/FL/ojf5NP741/+V0+Lv+7PfPw3/4PPvvxX/p1/9b//G6/+l1/yx/5Dj3693+mXnP9D//X/efILTv/u9X/yn09/33/lX/kd3/4Tn/1zzYt/9pO//a//W//t/+u3+Gs/+2//q7/jX/87f7s/4r/5ff/V//l3+xuTf/bv+ef+wf/5L/67/+fv/YPl3/IX/dSv8Qf/fifz6V/6K/+Of/N//OLP/lsv/8Hf6d3pd3+vf/lX/AN/4q948Jf/kt//X3j4/fG/98f89C9Z/DX/3L3z//37f+d/9e/93v9T+Sv+/n/x6pf9ub/Ht/+OP/R//Vv+3d/0X3n0m/4u/9kf/uC3/zX+j/aXnTQnf80f+Ef9G0e/wa/zp/5rlz/z6/+3f8PRL/m/f43v/+CP/03+8v/hn/57P1781n/w+Bf/zn/7n/UX/Lm/z9/7B/61X/6Vf/MPrv71u3/tb/9n/d+/xld/zX/9S7I/4S/5937fv/Pf/b2L6R/xX/z9f8fr6fc//dv/tX/7f//yv3z7e//bf8ff8Q/+z//4H/Or/4N/59/9/Q4Wv+Vv/O/9l//pv/39r/7F//Lfzf/X//5v/L/+3d/vj/wT/tlf9yfv/0f/xn/5J/+df/Rv/qv+6X/5b3r3B/8lyb/93/7Ejz/5HX6P3+e/+8V/8//8P//U7/Bvfv8PGP/C/fnobyQd9fv+A3/jX/Jn/hu/9vR//wWvf90vfuu/+a9fL//6f+hv+2P+g3/yF//ev8ef9K/9rY++97eUv6L+s7a3/5x//E/4Rb/D7/wu+79e/K9/4F/6B/5Lv9e9v+z3/t9/w/Gv9c/8CX/jb/Q3//e/8Nf7D3/md/j3z//7f+bdb/ebVr//n/L7/v5/4q/8c/7V3/53a37Bb/n6T/z1/7R379a//C/+3//8P+vuf738J3+35T/+t//zv0ZDxuqvmP6J/+ufP/09/qa/41/8Df+C/+p3fvR//bl//i/+t/7Df+k/f7z/5t//d3+f7z34bf6Hv+Vf/Mubq7/+v13+Rs3v/Tv8fv/l/zW9/hP/w3/z3/3b/8F/pl6ufpPf57f7b373/+b//jX+gdl/fvbbTT7+i//Iv/S/+1W////9b/zyv+Ifeftf/y3/xR/xt/zzf/z/8R//lr/Hzp/6S3/X3+rO+I/9nX/vv+SP+5f+mf/mF/xZf/xf9ltc/x7/5Udvfo3f9Hf+O3+LX/pj//4vn/7j937Nf+d/OvyLr/6ev+rX/ivPR3/y3/kP/Nu/62/xN/8m/+o/fPoH/XO/5L/6i37No/lv8Wf94b/if/qJ69/1T9j9t/7q7/yxv6L4BTtH/8sf9Pte/r7f/jU+/x1+13/rd/9Hv/iJ2dbjH/sLf6s/5E/4Z/6Gyz/o1/tj/5G/5QcPfuq//j2+/z//73/mT/4Tf+u/9NnZn305+1f+0UX+F85/xS/4v3+Nf/3vX/wN/+vD//vXuPi//sD/6zf+xX/f3/7X/4+/9j/11/03x/l//xv/br/x//1rvPvT/uPf8W//U/7kP/qP+h3+g//+z/u9/u0//Y8b/yVfXP7q//bu2z/rv/8bf+Xf9vf8tT/1z/4+v/wf/Ed2f+e/fvs3/7W+/IWvf1Hxe/x9/+E/9Qf+st/94Ref/EM/82f+t79h8/f8kf/bv/IP/52/9m/y7779r//Oyb/+p65Hv/jfORn9isXf8m8e/T3/7V+5+Mkf/P5f/Ir/60/8Vf/5f/M3/Fpf/uNf/aK/4C/5ff+Ty53/af1r/7u/0x/4e/+1/8C/ebz8i37li4/+2n/sp/6pf/aP+Sf/hz/n89Wfcf3od/uFf9uf+RN/4y/89f+9nxj9lr/m7/knzn/z/yD/NS7PfsdftftX/0Fv/v1f81/7e/+j13/qX/bxr/U7/Nn/0p/4Vfm7/N//5i//I/7FP2TrT/ttfquf/NN/1+mPffTk8o/60/7Rb/8uP/hFv+r1d8f/xj/23+7lZzsv/pDvPv/vp//Jn7+f/un/yvM//3cf/Z7pH/oPv/m3/qVF8d//PV/9o//w75nXf0DxX/z5v+VP/i1P/qnn/8Px//R7/Jmnv/tv+nz/t/iHHvyC/3z/P/znHvzHj/6iv+ff+cP+tv/gv/yf/s3f7if/6z/x+W/+Vz36w3/fv+Vs97d48cf885NP5v/Liz/5X579en/5i9/it/zN/7Inf/JP3Plr/60/6S/6j978+//p//W3/GH/2X/0t/2DCP4P/6lf8k/9c5/9i7/2q7/2b/o7/8X/8f/+NSZ/81/0a/49/+LH/+l/9Jf/qb/V7/OH/GW/1a+ZZDt/42/0h6x/sz//1/kb/vy9b//uFLb/7ndO//qPcs4yPP9T/qzf5p/92/+1Ox8//4kn//jui7/kJ45/6mfebX35u3378Z/w5t978of+U9t/1r/+9/0fj1//If8KRYT/9v/93//2Ry45d2+882scPDn74tf5dTj58+v/TkiY0S/82e/On/1m/9X//Pv+srv/8G/3F/8lv/jir//HZ//638Pf3eXvvvMH/P6/JmfOvs1/yvMvEYDf89dyf/92lIqb4e9f8x+i3/6mXwc5pt/041/z1/jpX2P1a1zYVoD6a//3/Otvpkm5X9P85B5/IX/3mzi4v8cfpHj+xvwnRvAL+O/fPvz71/5l/PePmfd+TXkr0T/4L0pf4kl+DZMG+7X4zV/Bv3/717h7fk7flPTvr6dvySd/8Z/959hP9vjfn6J/zSf3+d9t9wnD/N/49xUlFqPPr/1f4etv/jse82/Aff9mjNev8Wv9nvJ//e4X8He/jv37d8Bvv/Z3fw2DPT+/5p8k//81fvNfo/k1ql9j+msUv0b2a5Q0xuWvkf8a7a9xRZ/Vv8Zb+nTJU2uo6T/eZxbaUAP7/Gbu8+W6LH8N4dJfb1Ktl7Pmy8lPT933r6bt7q+hA3lDLF5WS8tlz/Pz1v/7SVst5O9f80/idy/m+j3//es1ZTHNm58snzeAH/Tz6/J39MtvQf//9fmPs6ce7F//oq7Wq+CjX6+qi4timS/XC/rrNzp9jZe+5M/o7984W7fV5/kyr7M2n6H9m+tVro0TaYxP8M3Z4iL9NX72x/9rr+vyzenv/cYBB/HDT75oLvLgk18vK9s32UXw2W8yzem9/F171nz7zRfPJ1VV4ovfwHwcNP6xeVX/4LgsLgylflMZ/LfNx/TRrz/Lz7N12aL5ZV63keY/aT4Om/+Gk4uTqqxqj7i/ubzw5HP7BdB4US3x88faavXlum1yn3BJSYTsffobTaqWCNr7/DekKZ53m7OMbcl79P9f8/f4n6Qxf/6b86+/pmqq34r/4oUL/hvtf43f4v/G3/T/v0j+/2v+R7/Grzn6NXhh47f70UIG0+ZHCxk/Wsj40ULGjxYy/v+9kPGjhYwfLWT8aCHjRwsZP1rI+NFCxo8WMn60kPGjhYwfLWT8aCHjRwsZ/39fyJDc2O/KuZ6vkO9B4uc3/TWOf40ZJaEnlI5Of42Xv8acfm/p/w3/tqIWv+UNLdJf4+TXeP1r3OMEEvcg2e9f/9f4DaSP//s//k3+zHnbrh7dvbtsxhkyaONptbj7Llvd3R3v3P01Hv8e71bZ9G3eppOcMrufffQ//r3/4EdpMfvso+/e/2Lni9VJPi++/YM6f/2DF2+mP3g7fTj76Pc4Sh+/e/RusVrkbZa+W5TL5tG7zz5i4I/od3x896OUm7RvP/uI83bp7/3Fy/SkqvN0f7y7Pd2592m6/+l478GnD/Z2RukX1TJ9lk/S3Yfp3s7Og3Rv79H+zqOdg1Sfj6jLenb+6NXTZ9oh/fXZRzqyq6ur8dW9cVVf3N19+PDh3Z29u3t729Riu7lettm77WXz4wbC07yZ1sWqLahH/J1RUrr97KOPzDiylQUbJZhpOJvadivKO3Pns+ndvMwX+bJtqO2ubbsyC1hx0PbroAPq8IsvNuOyWNjWbXHu6BE0xjcB4PxdMdAU35im2erRSZ1Tbv8p/f+zj2hWHm7vfLq9d/Bmb/fR/YNH+/Tng0c7O9L0i2pWnF9Hmz58tLsXNCXumGVtdqvGjAIluSkDb/jIrQaevL6XfrdYzqqr5qN0Nn10XtWLjOayWGQX+d2fXuUXH6WWto84W054Uqf3/M+/XTTUwzWzAEj+6GzZtNkS6yOffbReF7NHe5/u7x8/efjppw8/3X96urv75NnJ6ZOdk+Mnz3Z3P73/7PijFDR+REsjNPMZOOuzj3b1w9/7Vd5U5Vo+JFan5+4u/tXvf58bvndff7UsaGx7+vkL6ucyf1pc5A0+vf/paO/+A/r/Af3/4Wjv073R3oN9+j99drA/un9vh/6/S7/T5wf3RnsPPx3d29kd3ds9oP8/HN3fo//f26PPCM6DHfo/tX2Av+/T9/T/e/v39g5Pn56efvr00yf3do9PH5zeowZEir1n+09P7h8/3D3Z/ygFAz16WbzLy9/7aUFy0PCw9jEa99XvE/2Kp+c1qSKan+1d/TAc5b1PDz7dH+3vPPx0h/8l/B/s7sm/e/yJ/HuPPrm/K232R3jrAf97wOPY53/pk/2D+zv87x7/e5//Jbo8uEdUw78H/O9D/Huww//u8r97/O89/nef/73P//K7RNn93X36Fv/u87/yyQP+9wD/Ptzjf7nNw/v074O9A/73If6ludrffXiAzx/yuw/53Yf87sMDtHn4kNs83OV/9/jfe/zvPv/L7wKTvZ3dT0c0nyPigdGnowejg9HDEZFmd3e0uzfavTfa3R/R/FKj3QcjYgbSxUTKPeIQYp77xEfEBsQxxAiH9w/2np3ef0b6+vj+yen+g539ew939p/d3zvd//Tek53jj+6Shr2rShq/WhNxZLT4j54fPT96fvT86PnR86Pn59Hjgsx8SZHlFYWQ//f/8Gv8JuzQ/xqz3xOh6v/97/4afxgFrLd+fi33/Nr2Cb7/Nf1vbvn83//Qr/Gb/wa/5p/0a/5Jv/av+Zv/Gr/Wb/5r/tq/+a/5f//7v8av82vs/d//2K/5lxCav96v9Wsjbtfn1/8Nfr1f99f5sV87+bV+zV/jN6SPfz30b7+kr37tX//X+g1+zR/7NZLf8Df7NX6tX/PX/nV+zV/71wZGv9av92PrX/PX+rV/nd/81/0tfr3f9df/LT/6NX6D3d/qeO/Hf+sf+4knv032u937bV/9oj/4t5v8yb/7yV/8N/9Pv3C/Tn77f/hfvv/xf/z60z/kf/5T/pKnb5rTZw8+n2599ZPf/R3+ln/kX/lP/pfZH9r+qX9Y/pf+rf/ov/qf3jk4/2Xrbz189O2z7/zev89PXcyLn768enf9gz/8j/gj/6g/+o/50/70P+PP/LP+7D/nL/vL/4q/8q/6q/+av+1v/zv+zr/r7/57/rF//J/4J/+pf/qf+df+9X/j3/y3/u1/5z/7z/+L//K/+q//m1/+K/7XX/m//ar//TcHyr/Wr/Pr/Nq/7q/z6/w6v96v9+suCOXf/Nf5XX+LX3f31/s1Pvotj3/i19/Lfqtf9Bs8+YN//E/+rV/9xZPf5t6P/c2/2z/8L5/U/9Nv+x//Ifu/+5/y+rebPv2f/5K/5Rfe/+3ffHo6+zhp/tA/9VkLfL/K1z/54A/7wxnhX3bnd/jT/rK/7R/71/6zX/6n/+V/+z/+r//nv2Lr8++eH1z+EX/GX/F3/BP/xn/xv15c/ZF/5l/5d/6T/+Z/+Su//XvP3/1Rf9Zf9Xf9U//Wf/W/PTz7fYrrP/rP/qv/7n/63/6vf9W3Hn3np376B3/Mn/PX/D3/zL/z3/zv//e/82v8RjQ9v9Zv/mv/5r/G7/Fr/Lv/zZ/we7yktb3F//Wr/8Sm/Ot/v7/oz/rHf6sf/AV/xu//j/7LW7u/6jf4/l/2J/zF/82dn/7T/qrf5e3v/2tf/zrf/fX/rP/yL/uTf+cf+8/+/JNfffRP/3P/+V/55/x6P7Xzl/6mf86f993//jf6DX6PP/Nv/Pyjf+93/9t+y7/4r/rpP+JX7fwvvzr5k45/9ed/5uu/+t/8C36Pf+gX/6V/zm/yF/5xL3/Nf/X/3PsT/8b//Z/9v/6h3/AvnP9uj3/97/zHr7/zF977v/7G//xf/dc++VX/96+R/V+UFv/Hf/2/7U/46R/8fn//o3/kH/zyf/2/f43/+df6D/6d6b/yV/3jv80/8PcffvQn/daf/2d/7P/9a3zvl375q3/DX/3tL84+e/yH/tH/zdn/8Wv+93/H7/af/uW/weP//S9M/qs/7i/8Fb/vb/or/sHf47//H//7P/o3+Msf/dt/cfW3/tV/8vYf/k9RCvz//jU++l//xe/9p3/CX/YX/e9/4eIv+OwTYs3f9x/61/6Rf/L/+D3+g7/x//p3/oP/8ad+zf/2X/0Pk1+x9ZsufsXxP/H3z46bP/C//r9+5f/w1/3M3/N3/j7/0i/9A3+XP/FX/J9/x5ff+28//nvW/8Pf8lf9Tf/gr/i/f40f/MpXP/P3vPqj/8qP/8Tf9//8N//aX/E//tL/9t//xf/h3/Mrf79f+T/8/f/m/SfXj3/TX/kX/mD7xV/32/6bf91f9Gv+8l/wX5199vv9af/tP/gDr9Hf/6v/xrV56/dNfu1f/h/937/G3/cH/h2/8g/4x9Z/yV/6151++3//1X9X+iue3Pk3f7//89/4e37lP7j+H/7+//Hf/8V/A975o//wP/F/+12ufr2//+P2X/npg/U/9sf+T7/k3/0r/vd/6PN/7Xe5+vX/xvUf9Cf+k3/nr/nL/tvP/7oXf+fv8p/8Hv8htfvzv/riN370D22//QP/yF/9T/79f+fv8Cv+zt/+b/y9/6i//R/+lf/50fc//tN/0V/7V/1x+3/Xx//nn/h7/Mf/96/xWx399//QH/qv1N+686/+kqc/+H3/71/jy7+KlgT/z9/j3/3Fr/7Kl3/j9578Br/zs1/8p/9d//vf+Hv8z7Sy9Yf//X/fX/YX/DnZyb95/NHOm9/rcfYfvfyrf7vf5uyn/opXyR/1n/8af/7WH/PP/UN/xO/36/9Ov/pfHv1uf/zLf/lf+PLP+lc++/yf+49W/+23/9r/+J/6/k//pb/2v/FX/pf/6+yX//P3t/603+9P/+P+yV/2G/7Gv3X6vT/3d/9n/rlf43d587v937/GH/S//nVnz7/9t/2qX/VL/8O7/+L/+sv/9P/kr/7rzv/Bu7/Hv/1f/qpf+i/8qb/sr/9jf63fIP2Tjv+u9K/+L/7T//mf/Nv/qF/8g5OP/ue/8c98/tWdt//3r/G3/YV/4//2u/xv/+Hf/i9/+vnpv7D1e7d/4V/1e/0R/+l/9eWvnmLG/te//uwfP/jlf8pP/Ek/+L//pX/v89/2T/gL/pJ7v8d//w9/56//y//bn/7eP/78j/9Vp7/4t/0LvvcH/j3/6Xf/wP/pV+7+e//eR5/+cX/bn/aP/HF/4f/66/9z/9LP/O9/+PZ//xf8nr/TT2S/0+/9H/2Bf8svffJX/uf/yv/46373T/yD//J/4sd/mz/2d/2LX7z4O/b/51f/2Uf/xtYnf8Bf8gd+dPJb1f/UV//+P/t7/PH/9N/y7/wH//Tdj/78f+Tf+5v+h+/8r3f+tz/t//jO937r3232ax7/xHf+gj/xr/vL/+Af+9tfv/nB1d++9dd98pf/IX/OH/Rr7v9u/9q/9Kf+Met/6OQnfuOn//K//kd+56/6y//kn/7Jk+tf57/5x3+X7/2Of8bv/jf+iw/+91/9D/xd/87+/I/a/ZN+g78yaf/dv/av/af+lj/0P/npv/hv/B1+1S//ZS/+jpe/xz/0+/+ff+LH/87nDz/+y//k3+g3+QvS7/27/+ef+Kt/6R/4n3z2l3/2yU/8Q+1//2v9e3/ir/gf/69/6A/8J/7Pv+m/+GN+8Pv8L//1P/9rjP756i/6Df/AX/kXfPZXHvzW//W//lv9Gus/+9f7K//T/+PXoIWO/+mzv43E7Ojv+n1/+X/59k8//t/fbP3fv8b0//qV/+Lf9s/99D/51/yNf/bjL1/9Q3/Tr/1//or/81/6n/7r/+of/6l/4M+/+D9//E9c/1p/xZ//rZ94/W/83v/GP/J//xr/5v/1yf/9a/yW/2PZfDn+O/7L/f9253f5g//7v+UH/9Zv9d8++hP/ot/lf/wH/8a/47/9L/+N/+v7F7/WP/If/Nf/5t/zX/y1v/TLf/X/+vjfP/srf5PPPvsd/rX/5vGjf/Z/+PM/c0Ly3/7yX/k//J3/Rv57Pvw9fv9f+Te227//3/rX/sFf/p1/wy/9b/+N/90Ix9/4i3/l7/ff/gf/579ppcV+8F/9Qad/4j+4+m///cnsx/9k0gU/+L9/jd//3/+H/8Zf8NnLP2b13/6Rf+/697ON/5Jf83//1f9+8W/+Ub/Ob/aDf+T07zr6H/+VJ7/B7/YLPpv+ol/1f/2F/+Pv/z//jZe/3p//9q/7TX6P3+Nf/T//23/3j2le/H3NX/A3/y5Xv/NP/JF/4U/8Uf/Kf/jf/lt/4N/5+A/8+/7Cq3/69e/3N/7Pd3/vf++X/oH/1u+y/p1+MPtj/pDf9Cf+8u/9sX/ir/wn/+f//l/4U1b/ze/03/7Vv/bv8lf9Xb/Hf/tb/t+/xm/2S/7+3/wf/p3n2Z/4L/5VP/GXfvuf/S3+6ovLf+mv+T1+t/+5qt6+efW9P+i/ff6X/1m/7m9/8N/+ztkXn3zxm/96j77/nd/ul/zuf/5fd/7n/p/n6a/7f/8axa/97//Ff9Uv/Mnf+Z//P/7IP+n//jXu/Kpf8fv8U7/uT3zxE3/gn/3Lfo//4lf9Jn/WX/77ffmr/8D/+f8iRfCb/u3/7D/5l9V/wr/0gz9y+/f8A7/4fX//1Wh769G3/qVfcvDn/JP/zK/xf3z7d/w/foNfOfvi41/+55798v/j9/hb/9n/5b/+K/+kg1/rq3/tzj/5h/7S//D3+Bf+/ntfvfztf+3Pfsf/81/5dRe/6K/5r//aP+43Wf7yf+zPWP/+v+In/szf/7/5/G//iee/2R/+pxX3/9P//Ff/gf/iyf/6y/+Q+W94dfIf/Pp/5q/3u/z0//1r/Gnf/V/+69/91d/3Fxz9Rf/h//kH/so/8Z/6X+d/5e/82/xTO7/0+3/g//0v/3tv/rU3//qf9qf8FT/5p//J7bO/7Fv/ePJLfpuD3/WPf7X10e/yh5/+2v/eP/wf/2Unz9/+nvUv+fLfeXH2q/68X/Ebjf6UF//Of/7T/+qv/U/9mv/Vr/EP/S6/64s//7/+V/+VX/9f+x1/k8//o1/68P/6B/6Vv/X6X/3Lf1HyNx99f/yX/P7/yS//az/+Nz8+Tv66f/S/+VW/0S959If/Pv/kf/7f/FfT3+H3/SW/X/o7/jd//X/35/+L/8o/9c/+37/Gb/7n/af/++hn/sF/5W/+p375T/+Ju//yP/In/nV//Nn//WvU09/+//pz/oRf/7/4Z3Z+5p/5l37VL/hb/pE/7A//9NFZev9P+FM+/2/+5v/9t/iLftn/efd/+Ft+h+T6l/9nb/+gn/kTX/xLf+K/+J/937/GP/X3/5XL3/lbf9RXf+1//a/+fb/Gr/G9/3r56/9vf+A/9X/+FX/Sf/ab/Gm/KF3ff/an/dr/+y/7v/7Dv7D8m/+iv/I7v9nVd//qP+2v/af/wF+R/oX/6+9x/H/9z//9n7n/+l//D//wR3/+b/Hv/Sl/4C8km1eRyPz3v8f3/ptXf9CX/9tv2j7+was/5I/57Af/7OLzL3/Ff/rv/5HzX/XL/6Ls7b/2J/0e/8Fnf+e//ut98YN/7g/9Zf/Xv/vv/3a/av1L/9a/6P8gtl78zf/Lf/vvz36t/+I/+G//9T/tzb/y55+TbP1XX/zgDTmP/+jf8H/+tyJK737D/+mzX/3X/4o//83d//3/+nd/4T948d1f68+vf+Xf8HcG9qhnoHof/N7f3/6n/vc/8O//xX/X/X/4v/nDrn/FP/rv/z1/o23zx/+T/+X/+Q/+vXf+l//mT9k+/fwX/M2/+u88+3v+kX/kH/sT/8n/4/O/99/8rX+nH/zK3/s3+Jt//N/9i37Vr/hLHv89//BH/96v/atIoq9e/wV/29+1/9/+5r/GH/uLf9kv+hv/zJ/K/pxf8Qf9sX/Ib/B//xp/8q/+t/7jf+X3+fXXv+QHf8Tv+ff+1f/7zn9KDP2v/rt/9B/xO+/9o//iv/o3/Hv/5It/4OH2b/3mb/7T9z5qfp3nv8bf9sf8pr/q3/7uH/Ldf+23/G/rX/Lf/XTz8u1v9/izL//Z/+zo3d/4nZ0/9uSP/vZf/kt+/X/uB3/hn1H8q8//5f3yN/ze0z/kn/lvTn78T/5VP/k7/X7/4Z/wG/wff+JP/8v/+j/+6//m//l/+a88/M3+8H/qV/+mf+bzX3b3Y+LcP5S0xuK//6lf8C/94A/4Y/6QR8Wft/oD/8pf///8B3/9//O//Hf/of/psx/P/rH2X3yZ/O//2p8++13/9D/tT8/z/+Ov/bXX2f/5+d8+P97/6C/65X/CT/xjf+hf8HtcfP+r5Hr3r/19/vQ/4ezjv/qv3fmX37x+95/8dfu//L/+wd/zx/yxf+Of8Df/Fhff/jd/vz/zd3vwN/6Jv/RP/Me+94f+1n/rr/HH/Ol/QP23/x6/wS94+8f8qc9X/8QPftl/9YvXf8Z/ffYn/zl/zLPf+Nf4Hz7+3/7wb/9af/d/+hf8g//3v/Lv/dSv+3/++B/c/F9k337HX7nznX/sJ//8k9/sj9n6bKv46Pp3/uiP/wWfv/3WR3cuLx//QX/NX/Rn/ML/8E+cf/8P+avP063/+me+9eJPf/l7/ZZ/TPs3/cVP/4l/9rf653/XP+Xv+W1+8k/47X63//Pvuf41f71fcf83/3MP/+r//Z/87f/vX+PXy/6p//W7937HP3z2G377e3/042//ql/7//otf9VvevTHp79h9fEf9VN/653f6tf4j36XP/sX/IG/66/6C8d/2t5v+p+c/co/6feZ/eG/xz/zV/2W/8qf9Ff9x3/N/C/5nZKffPz3/CbT5fXr1R/2B/6xf+cf9l/+bX/e7i/7Vbu/4pcf/YHVsy/+r51/4Fs/8529v/Sf/S/+0v/tl3z+Z/7b/+Zf/L3v/Z/V//R//KL/4b/8E3+/P+on3v63/+pf8/Ff/tv+L//Ef/F//xr/Uv1L/rJf+Jf9BX/Bl/f+tb/0n/47/44/61/75X/5r/fJv/qHvf0rdn6P0R/4H/z6v/a/+1v8eX/wv/l3/c2/av3wt/3O//UH/lv/96/xR/6Cf/s//tf/9fXOL/j+xe//nX/v//41/oZf8q/+0f/17/1bp+s/Z/cX/4X/9S//Pf6N/+u/+/d+8Pf+heO/9Q/+3/7Xf/u//T1f/3X/zdEf+n/+yv/tV5d/wcd/7frP+w1Xn/2rf+P6T//1/8t//3f8y3/zv/7X/ZI8vL/ykTErf90/9Xf8Z//nH/gf/P3/0p/zf/75B7/u0X/wd//qv/F7cbtz8wf/0H/7l/3Pv/zo33v9+/+df81v/uLv+tX/4Vf86X8L+fqzfu9fvZq1f/a/efar1n/8P/S3/9+/xo//+3/w//Lf/Pmf/6Jf9b/+J3/h+O//N36cvNP/8+X//Df+xJe/cfUr/qH/+9f4A+7+gVf/x4//tb/TX/+Df+K/+QO/++nv9hv+u3/s/0Um4p/8D/60/+LP303/mr/g7/p7/phf/O1/5jf6B3/v//TxH/U/HPwpx7/q9/hvvvt//tG/8r/5b/+h/+0P/Ef/l9/lv/xv/qDf4I/4K36Xv/o/++zo4v/4Q/+KP+av/TP3fouz6vf7S5Zn1V//f/8af/XH/87f9lf84eRv/DN/yvHop9/+a9WP/yWf/rm/9eO/b3n/2X/0B/41r//xf+j/+D8//xX/6//wJ/1Hv+X//Jv+Hkd/ze/91/4Oq1/+34z+p893/77tv+TZb/s/Hf6Gu//7n/gb/fV/wJe/+vf6vf/vX+PJL/m7/oR/+o/8Z/73P/F/of/+83/1p776m/6s6uT/ov/+j/89+6v/+D/tb/l7/vQ/4Nv5H3By5//+NX761/vHfrPP//Y/5vjl8V/1X/9Wf81X/9SPf/bgnzz73Wf/9fM/7M6f9O//Zb/0t/jt/uTf64vHf+T//Dvt/tXn//ev8Wv+9//Fnz75o/6pf+/X/zP/6v/l1/4v3rV/3pN/9dE/8Q/8zJd/0i+Y/R9/5C/4s5uvfuyrg9/qP/4z/oQ/Y/fzp3/8r/ip+dm/8j/8pr/WT/3Rv/1f/gf+r3/l0b/x+/wT05O/8Vf/5KM/97//Pf6zX+sP+pk/8tt/w3/2+/xuv+vub/Ebf+v3+Ese/4v/3J/zp/6yz/7A//tf/ff+xt/lT7z+zX/6Yv2X/SV/90+8/taf+p//Act/mXyEP+Vv+Or/+K9/+d3/9c/+Jf/Mv/ov/NZ/3/7v8Ff8p8f/+f/1Z/1PP/G//pf/0i/4S7bS0V/w43/Hn/UH/lG/6l/9pz//T36P88++/V+f/MavPvqz5j/+0/M/79f5U87/gLc//d1f/eT3+cl/5Lf7s8j3/Fv+71/jr7n7K/7XP/ov/fgfOP/X/oOT/+lP/Juu/8I/+//4q/+V/3nr93z16/4rf9s//X98/t8fnfxnu//t7/fnFX/ar/sP/or/7Df9FX/XL/i3mp/8r/+t7/7H//X/+if/Bb/9j/8Zv3D+nz371/6Ev+Kf+8t+0T/8f/2R/1X1K36X33/+5/36v9Ff962/8k989pv/rb/rT746+bX/lT/jt/tL/6n7/9HTP+Jv/W9/t1/rn/51/qHf+2/70/6zf/sP+AP/2d/1d/0D/7U/+X//JX/J1dv1X/rn/OP/2c/8k//uf3P0M7/kl/xg781v+a+lf9l/8Bd8/q/9iSf/y3/8X//X/0b1C/7oP7tqfrt/6d/4jf6O6p/5t/+g6eQ3+Pv/8P/zX3/xF//UH/B//xp/6F9f/Ev7/+Znsz9+vfN//xq/33/43/+ff/u/+n//Gr/B/n/9z/2Gf9ev/V/9Hb/2//nf/p//479zfv93+xVf/cf/2t909Mf+X7/6//wD2+rFX/hH/aLl3/qn/Pq/+n/8lf/hv/kf/pm//Wd3SND/8N/m1/gD/+bf47/91X/1f/v7fu+v+6ce/oO//Fc++49f/A2P/iQyef/ov/v0V/wPf8uvWf/6f8+ft86///Q3+Vt/cfWXf/9KBOt7/+1Hd//XP/FX/6b/29/49/zN/8t/8888/t/Jj/zee4jkkPf47/3gHzr9o3+Xf/Xf/Yv+zb/in/orv/+Lf+VP8Zf/0T/yn/6fy1/yb/1Ov+K73/+9/oQf/+t+v//+X/n9/qa/6bf98f+ZxvXf/vv/8H/8b/49f8Ln/9ovbtev/9G/bvSH/9ntH/J7/7m/xtFf9n//Gv/AL/gffoPf+nf7T//6f/JPPf4n/4Zf8Rscf+ur//zv/PhXPPuDfsnp3/1bfPZP/pv/1e/x2z7+1cs/53/7P36Pf/H//BP+/p/47f+J7/2q3/SX/YX/0/q3ePNb/lr/1Iu/tf6nvvinf4/v/aW/4Pf/C//h//L//AOXv/bv+Wv+x//tv/KTv+c/9+98efVX/qq//wfln74+/Rf/9S/+wX8LcdBv/hf8+F/x6/0u//1//ff9pn/V7/HfkdL6q1589oMXv8av+E1Oj/b+sl/6p3z+v//fv8Zf+Cv++qq685f+2v/Kxf/21/5rZ7/wN/oHHv1pxX/68tf6m96+eXr0F53e+fX+m9/0f/0F/+3/uf0r/tf/5S9+/Xv/87/jr/pd/rY/8E+7+O//mz9l51/5df7Ql//X9L/7Pf6z3+Of/Rt+63/tr/hD/pR3f/X/uP+v/5p/4B/17b9o9K+9+SOf/sn/8j/7m128+6mf/Fuf/3t/469591f8gv/21/6j//NnP5P+b5//qQ9+rX/of9r/P45+6S/983/y3T/3m/09/+Sfmf37/81f+ke9evzX/uN/4m/ya/9lv/OrX/o3/oo/9Df9lX8pOUL/3X/z4//oX/Lbf/6L/sq/8Pf/v/+1f++vvvir/po/7V98/cnv9Qv//PRv/lv+kt/0O//k7/TTv83BX3L8y7/6NT//j37xn/7Lf7fp07en//ev8Zv+c3/B7/Z//Is/8dv8nX/6v/6X/fRf+L/84Dc9/l9+58f/yt/42/4ff/D/9R/8H+SyfPG7/keP3vylf/lv/ejf+jX/z9/jP/n1/4/v/tu/+E998jP/++//2/2V/91//X/9KX/e3/Nn/85/2Mu//A/9zj/0J33vv5n+0b/+3j/zB/5F/9Ev/fbv9Kuf/Y9/xR/z6/6+v+oP/NP+99/0V/wmf+Y//tt/9o/9y7/+X/irfv2/+v/+NX7iv/5PHv6av//v9Hv9p394+Xv/lte/+4//V//qzq/1f/8a/9Ff+q/8g//J9f/6Z/9pf8hv/8///r/qN/1b/4//48v/5b/+iZ/+43+Drb/yf/0L/87/49/79V+8/Bf+ln/ir/3J3/5f/F9/+rf4J/7i3/a/+rX/wz/6X/oDnz36g/7336X4Dz49+Ws++vX/WXI7/tz/43cZ/2l/5G/672799Y/Jwfu3f5d/8b/81/6s//qPu/hn/rq/5R+7W0z/7u/9X7/2X/23Pvs3/o+d3+W/+yV/x+y3Sv/j//P3+Nf/yb/20d/0U3/cX0nR+0/+Hkd/2T/yV/6KX/ob/6q/89f7D/+gP/Df+tUXf/2rP+h3Gf/l6X/2F/7XRN3/4Y/8E7/z5id+z/9274+lJNBv+iv/w/9x+h/8i//Io3f/8Q/+pM/+pV/x1S/4JRc/8Qf8+v8ZuPXf/fh3IxfzL/s1s2pBcvcX/R+/+i/9QfuX/K7Hvx+ZvhfsEV7+tX/Vv/t//oN//295/G/8Q3/jq6O/8MvFL/8vb3Yhb/7g9/2dl7/HP/YH/gN/59//V//F/+3TN+s/8t/98x/Y7/+Aj/6xP3H5G/0Jf+qj/3ry+O/5J/7TX/Z/fvZvrV/8Xb/dP/w3T/+S//KP/T+/93/8Gp/+nf/7f/bv/gf/6J/zMvkVv+R3+ceKf+36x5J/6q/9i37pH/iv/53/6h/x+Bf9k//qf/3f/0OfPPuFf+X/+fs+Kv+OP/UvS37TX/GL/pv0f//F6z/iB//qn3j0N/1m5ef/0v/9a/xj/9dn/9vqrzz7y3/73/jf+C1+8vu/192//I/5n7d+24//5+K3+qV/0e/xN/43CCP/tD/t/u//b/9f1a/4pf/CX/V7f3b/L/gff/9fRiL1R/73//Vf83v/BR//il/z/D//fb74l//h/+Ov/SW/3e//f/6df/vWf/Sf/S6/7Fd8/uskv8u/+5//aw9/3T/7D/7f9/7Dv/B/+t9/9ctf8//435//p3/HP/DnT7f+tuRbv9uv+df+9utX/8g/+sf8ol/xU3/3v/Z//xrL//C/oODuH/4Tf43f/wd//D+8+1f/n7/LP/ZL/sC/5Oj3/8f+wN/1X/+n/qfvfu8PXHznr/rl/9efTHL8+X/xgy/+2d/tn/74z/7d/uTz3+if/89/o5/5w/+s/+Z3+9v/h9+LsPs/fvVP/Vp/zu/68vW/+s/+Jf/KP/c7/t7Tv/Hf/Bf/iv/9Tz377v/9a/xav9a//K/9jn/i3/3H7BWzX/h//xr/0y/8C3bfURT03d/sx//3v/K//Hf+qP/j9/6j/+Xvfnnyj/2SP+x//tW/6X//X+//E3f+wL/tv/tT/7c/6L//Pea/09G//n/++X/g//2v//u/6/yv/lt+4rPLj37X3+if+gd+6v/Y+zMu/8rf8J/70w/++dO/7K/+i/6PP+2/+PbRH/nqf//7/+nf794/9I/8jn/GX/M7jf6Cf+CP+b/++F/2H/2HP/4n/KW/+W919Wv8iz/9t62+9S//7z/4W67/9F/1i37/P+tf/H3uvPnBH/iP/Yn/4r/++T/4nXf/55//avev+qt+50/Sv+I7f8Df+Hv/Zf/U7zn/r/7gT3781/5n/vbXv0nxn/74n/QP/pe/3R/4V/9Ov/qTP+XJ//k3/4L/8NP/5f/4+7/8F/+gX/U//Vf/wcE/lj3/R/+u//LLv/C//K+Oft8v/9k/8cVv+OP/wslnf9Av+NOe/po//kff/SW/+V/0H//kf/jfffmv/Xu/uvrOX/Hb/p9/6v/6y//i3/7P+zOqv/U/O/qH/9U/7vf8df7u/+tf/pv+71/jN7n+v3+Nd//rn/8v/qL/+l//Z9cP/qtf60/8h36X//nL8m/+63/970x/py9f/Gt/0D/82/1Zf/Pv+e9tvT7/0+7+ur/nf/buf/zf/2gSod/3V/9ed379v+VP/z0ok3fxV/5Jf1r1m/05vybJ7L/1X/9D3/5T/qDZ7/+b/1r/zOR3+Tt+3f/rL/jo3X/2f1Fk871/97ea/W9ffP4v/on//X/9z/9ed37NP/w3/Wf/yP/u//41Hvw+T0d/7fqj0//9v3mx+AP/m4P8//41Jr/+3/9J8sf8R7/8f/+LP/7Dv/s3/Ke/02/5f/6Bv8f/+A/+m7/y73j4q9b/xX/64i/b+rt/7f/zV/6C/+bFj/23f+D4L0v/7n/wl//fv8bPfPa3vLv4E7/33+78Z//u//6r/8af/InX/8t/e/+v/yf/jv/9uxQF/uq/nsXn/Dj7v/7Bo3/3F/79B7/uo//yf/x+9R4GcfMHv+Ff/8f/37/G3/j3/tX/y3/zh605Kvxd/tP/8d8v1//qX/kriKy/yz//D/4bv/JvX/7VH/1rv+i//c1//L/6S//PP/pv/j3+u1//X/rFf/tnP5j/Tb/v1r/4L/5Vf2P9G/8PX/6bfyE5nUf//u/7O63+67/l7D/9J/+6q9/o1/gD/8lf8x/4y37T/+oP/GsoS/onXv3Fv/3v/2//G3/0r/MT/2D1E7/9/sPf/y//Vb/Lv/SHnP06v8s/dfTv/fqv/oK/79nWu1/xh/+Tf+3/+Qf+0t/pBy/+k7/mB39k+rf+2v/X7/E//4N/5a/+Xa7+691/6r+59/f++J/1y//oH7/89f+x40d/9j/wh+//73/Kl//V57/H//j7/Yd/Ubqzf/QP/jf/y3/7T/1jv/H+X/U3/qa/4vpX/DO/92/xp/32f/LP/Iof+xf/4L/t7/5L/67/4jt/2Pf+6D//9/g1fvDd/+Yf+iWf/dez4tuvit/lb/yff+aP/Mv/wP/k7//B6i/5x367v7H9Q/+pf/Xv/C9+yR/4r//+L/7UP/2n/vx//9//Y//e37n875a/91/41+7+Hq9+yZ91+nv+Pb/nX/Q7/7Z/yu/9Z0x/8rO9f+Ef/P0p5v/v/66/82//8X/2Lyvv/MS/uv2d//1LUiG//6/4+//akz/pl/zgdOev/8H//W/8e//tb/tbv37zD/+vv9/pX/3H/33/9O/25X/y7md+6V+6++f8N+nTX+s//6eTX/9f+9V/2se7o+o/ff2PHvwLb3//b13/hX/mL/hL/tiv/rS/6396+5/8G3/RH/fqL1j/47/+P/ef/sW/1l/wgx/7y375P/3Fb3Lxnf/mn/7rfmr3T/kXzsb/8j/5B9z5a/7cP/hX/q6/Tv43PPnrf8Wv/t3+5I9Pf+uf/PRP/98++Q9+/X/uV/2J/9VP/m3/+Je/yZ/4W3z7d/6j/7W/5H/5C3/nrT/s//gj/9Q/8MWf9sv+ov/03/xt/sq/4C/4ye/8ae2f+Wf+7v/C3/gL/8ZfOfmnfsMRmZyX/9Cf9Af+jX////ZHp7/ep7/uH/gP/y9/5Z/5b/8b/1z1O/7Wf9Jv9h/+x7/q3/wX//v/+h/5rf+jP/D4//rffvFf/J/+K3/UP/7b/pXt7/Jf/Jv/+w/+wX/3l/4ev+Bf+S3/51/wF375j/3gF337X/ls78X4p/753+rxH/KP/je/4Hu/2U/++PLX/9f/wd+p+e/v/Rb/2B92QIFuSssFf+hf/u39v2r7V3/2S//D4//rF/wVf/NF/q9V//Vv+5/+sb/mL/81fo3f+vNf/jv9puXv8Jv8y//Q+uXZX330S77za/9Xv/7//h/8V//+Z7/ZP330/W//On/9H/On/Ab/xx/7h/5f/17zP/5rvy4lR/6sv/o//tf+81/yu/5ef9C/cPqrfofvH/8uf/Uf9b//zf/gb/vr/Ye/f/Ffv/53fvEP/oG/7l//g/71f3P/zYPf9Y/6PX6vA8rP/DekCX7p5PTX/J3LX/f+o3+w+n3+kd/s9/jrf9Xf9eAX/LujH/tvf+nv+Oof+P7s+Ff9X3/BL/8n/9m/9h87+Av+ll/8V37J8lbTisI/9L//6n/1d1rnZFj/1//wu7cQpdt/8Hf9uTs//n/+UZwt+cd/0596+E/+3u9+l+/9qf/n0R/6f33yP/yqz17/zpTx/Ff/xF/xD/4n/+Dv/0v/yr/x9/sb/8rvr45//f/qD/x3/8T/+Rf8yn/0x//E3+9X/YLfOcv+sn/3//wv/6c/8J/8d/+gf639k/80sre/4W/yB/6b//ev8cf84r/rP/7Xf/DHUfbmV/6H//F//y+9+wV/2w/+sf/+D/i16z/zf/+lb/7P5V/5P/2B/+h/9Uv+h7/g7T/51/8T/96bP+ZP+Ju+82e8/If+iFfvsv/r3/pDf9VPkk/xS3/9oz/yr9n7V/+Lv//z+U/9xC/6A/7a//3P/+P/5M//zT/j//oH/6Pxl3/nb/hrUm5/ev7x//b5b/mf/2vFf/57v/wdfvF/+62v/prf+6e+/J9/823Kbn75K/7Pz/+Pz/6uP+Zf/D//yn/k8T/4L/63/9dv8rd/9eSf/Z3f/rf/V/Xl//TL/9XLX/vV7ndf/9W/92/xG/z4n/uHfPbXJL/9t7Of+Fd/tz99dfxX/t6/8H9+81eNf/LH/q1f+vcWf/C/+H/8e7/GT/22v8d/80f+Zf/X7/m//+q/58/84/7Xf/1P/VX/1+/3D178Lt/5FSd/+T/96/y6f+q/+Qf9HtVf+e/+o//df/3H/DW/7R/9z3z7j/vjjv6i//vXePY77Tz+I17/bx/9R7/69/7j/oa/+E/719o/5qtv/Wc7f/F//Ses/663f8Lv+X//Gn/87/LTf+nBb/Vf/1Z/6B/5+//f/+a//7v8D//oP1Fs/Sf7f9vv9+d/+/d+/Cue/6Z/xXf+7T/o9Se/9j/1e/463/6lf8j/8Wff+0fS/+1f/fSv/gf/pF+19b/86nd/4b1/7ff/T/6QP2Trj/izfsnjf/Gf/xP/wn/7H7r+TY/+/Dvf/W//LzIi736X//kfLP6yh7/2X/kX/Tp/zP/xv7/+l7/6p3+nyY999a3i+D/5C97+yb/93/7Pvv67PvrO1e/xr//Gf+J/9rvk/8qzv+E//9f+6z/1X7v+P//SP5gszbfa4rf66/7q//jv+o1/27/4f/nVv+lv9kv/hb9g8pf/EZPf4U/48id+/P/4M/6iv+ZfXP3SP/nsv/5j/qLf5X/6V0jlHP2r+3/DH/RH/5m/yz928Eunf9T/Nf0v/5V//I//fX/pn/wv/k9/we/xJ/9Hf+Cf/Kva//x3mvxpf+Hef/CXbf1to892ft/fd/8f+r/+6t/jdz36Q3/17/+v/juX1W/1E7/pf/2D//3//Avv/oX/3X/9H/0DyR/0j/6Kzz47+g//wn/2f/0V/9XffvbpX/G7/1l/7t/8C/+z/+vsd/tz/6/P/ttf4we/yV/3T/46f+qrH/yiP+6n63d/O+Uqft8/8B/7nz77Kx5/+VO/1h/y5z8//uf/71/jr/w/vvx7HvyCP/3Z1l/6V3/772n/1t/wT/1nKPqv/rPs/7z7y3+Xv/BX/AN/28O/5g/9E3+PX9b+ZZdbH//xu//G7/fFP/2f/YV/9f/1D/zKf/R3fvmDv+Bv/av+d3Jd/7VfPUfm5i/8r/+vX/Dv/reTv/2f/AV/6x/yb/zND/7Bf+N//fj/fPvv/ruz5F/7Tf70P+YPfvKD/1G9zH/jq1/+x/7e/x6c4N/q//pD//3f5Mt/9q/9E37tv+Hqd/k3/89/8HchYf3X/x7T7j381fUvevsf4jOawt///6RUx78JOf0D/6vf9Ff/m7/6P6Rf/56/++//u37b//2X/oH/5u/yJ/wSeuPf/xNJjy3+yf+jwit/0//1F/73pNJ+McD9Uf/g//YHniDLNH74D9I0/Yn/8//xq1c/WD/59X/fX/I//jW8yLiq/qpf/5f/hf8r+Rg/8T/8o//5P/lX/Dt/0H/5H/8e/+xfNybV9L3/6g/8q37l+rO9f+TPP/1FWFH97//1o++//utOf/t/OBn/0n/wX/pN//l/+vGv+T/873/Iv/QX/G1/0Z/xD/23f8if9Z/+Rj/2W/42/9Ff9A/+sf/Xk7e/1j/2u/yKTwnz/+CPOr//V/zJ/+1/+a//O39U8+f8qus/8K/97/7bX+c/+2f+8D/tP9j/35/9Gr//b/3P//V/2e9d/Je/4pf+gUf/3Z/2O/+V/8mvoEF89688+yt+3b/3D/7vf/kv/z/+wX/2X/3eH/tP/LO/6vf7A//dX/BL/qo/7l/6c375n/Qf/8H/9d+0+jZN+S9++Vf8kX/j7/Fr/msPf9t/6R/9P89+/P/8gx7QQsw/+Hf+ab/y7tl/8Kf/Lhcv/5y3H/8Rf/Hj/+nX+vb3f2r2h/0Fv9frf3Yy/T3+9W9v/Yd/8q/6X/+vP+E/+afaf/B/+T3mv+xXv/s//vfFv/frJv/tX/17/FmUnf23/9H//F/9Iv9df+9/593v8j/c+YN/xbd/3b/sD/tT/5F/7R+/3PlT3/56f/ez/+N3+Sf/zv/4T/kr/9Ff9Fd8+eWP/6+/y+/xP/0ff8/Z4zc/2T76S3+Xv+2X/KX/7P/xuxz9g7QM+L//SfXf+X/9nf/3r1H+2P/9a1z/yq3vrH7wx/xpL1//5//KH/On/5KP/u9f4z/+v/6XX/IX/Un/2V/44s/8R7Z+21/w/aN/9dn/svfRnau3v+5Xv87f+ts8+DV+zX/60//1j/6ztkb/xB/U/h33R//UX/TmT/1X/pjf+bf6J7/zW/8pf9mv/dfkfyvl7P+eJ7/0T9z6P/7Bf/kP/Fv/z1/yl/7gn37yj/zJ/zvlc37573L39/g9Xvxx3/rx3/kv++1/yS85+hf/wn/xn/1n/82/+m/61/6pH/9Xd37qD/sv/tntf/tP+13+sfoP/c+//F9/PdK6f+YfXf+z/84v/f3/89/p0fXsF/4x/9AeSfo/9e5XPPrz7/wH//1v+bd9Uf3Lv8cnzT/5W27977/o//zLf5f/9ldnf+zf8Nv9Wp99/qv+xF/1m774rT//i37Tk9/v1/8//tP/4y/9q4vf8J8Y/zNldf7r/j6/6f/+z/1lf+gv/1//pfQ/+p1+xX/xx/+bZDUe/Pf/zZvv/NY/8yfc/QP/pX/wv/nrf9Xv8ef/tiR9v/x//bd/9z/+16T5/VX/+5s/6Nf42/+Pf/Bf/6//zf2/99693/FP/RW/x7/5f51Wl2nya+z+6//eX/CXbf39f+Tf81v+m3/kq5e0ZP7f/6X/xv/+z/2lf/If+C/SUt6/e/FX/sQXx//tg7+npTwQWPunx5//8v/jV//L+79zmfwFf+uf8AV5xr/p//YX/sq/sP2v/4W/91f+DX//v/mTv8u/9Af+Hb+ADNp//Yf/wX/nv/k/v/0/v/y1/9hf/W/90//iTx38zlfV//zj/+ef+H/85P/1f/5+f//zV3//mlIof031K//E/+2v/Ae/+5//m3/1L/vsavp/kevxd/z+9MGbH6z/m9/l9/u7fo31g7/qP/wTSdf8Lr/4f/nt/tvf56/+F3/fv+4//G/+xV+dw6L965//lb/fX/oH/ra/39/8f/8ab/7Af/c3lZf+nt/l9/t73v7Bv+TzP+Q3/U//9z/xf/qVf/Of+o/+9fd/z7/+B//jl7/69R/49/2B/9hv+oO/8Z9a/z0/8y/+fv/K7/HX/oH/NOH+m33+D373b3z5C/7+v/wP/MtpofPvhvT+N3/B33/8X/+bf/gfzJaYEp3/+G/wK//TP+k3/f1+p2//t3/m37/+B3j9/k/8337JH/jbghZ/8N/1D1JO6R/6N8kfF/WxWv9d/+l/+3/9yv/xD/iXfsVf+o/+dUf/3n/z55OG+Td/39/79/0D//r/cfonfrX+1/7Kf/Ov+8m/62/+j36X//af/D3+zf/z7/x7/837v/P+X/Sv/PH/06/4g/+hn/in/vVf9bv8wf/Xv1V//vf+1b/b//zfPv+tf+av+QP/zN/7d/6z//A/kfTbq1/3z/w//ybyvP/o//W/+jUu/sW/4vf+U//XH6x/i3/jd/sDv/zf/sa/8zf9Rx79u/kP/vH6j/vOn/u7/MMUCx79hf/J7/Ef/J//1a/x07/BP3n2n/1uRfaf/xu/zemf/uf+E7/WP3P8G/+2/+tP/Sf/2D/2B/6Nv/rLX1391//DP/Rff/Yf/vp/I6mYf/FX/2Dxp89+6i/6S//Eu7//3/p//Id/61/x7Nf57E/81f/t6g/8Dz7/2//a7/zV//Vf8c/8BX/pt/++v+v3ePa9P/FX/Pf/4v/2f3329/6jn338S3/t//6//ivyf/DX+H3/gtH47Pf4vX7N//OL//Ov+fX/xX/2r/h9v/pF/+aT/X/84K/6a87v/wG/9D/47Hc5+13/8H/w3/tjf8M/6j/6A67/yF/xd/3v//Xv9Kv/8i/+xdnJL//7/sP/6w/6Fb/Hv/IfHf2S+a9ZPv1T/u9f4+3zu//nr/9f/R5/6T/2q/7Vv/H//pf//d/iTy9//f/tN/y/fo9f+G/+yl/4Tx3/lT8x+d/bv/Iv/iv/lL/4zzj4M/77v+xv/S2e/GW/6K/6W88++XNHv+hv/M/+gs/+zOf/zR/z+/yLv+pf/Kd+03v/8p//95X/2bf+5//r9/zBX3j8r/zhv9uf8OvMi9/ub87+ih/8vb/19ef/xcGv/YO/5K/8P/7Av/YX/Yq/6Zf/6qdf/Xl/7T9zsPr9v/yzf8Xv8U9d/+CX/wF/3V/zndM/L//7f+nJv/QH3vs//p4/8zf4W+79gX/dr0H69E/8lX/sr16e/OSv/ddu3/81/7X/+L/+6nf5l37T4t/9E7/z8rufHTzZ/8f+wL86/V3+V0oV/Y+/9N/6M/+p9fR/bv/bL3918Z/9vb/mL09+7Bc8Ofg7/9N/6Telqf7b/sc/7/Xv8R/910/Tv/o3Ovsr/7c/8N/6Ff/twz/15d/7l/zNaf0P/KHLg9/m7/m3ftP/6Ve+/Nv+ty9/1Q9e/WX3ru7+qkf//O/wl/8Rf8ZH/8e//Uf+H9/5D//3X/w/b/8Xj/7t5Hu/3l9Y/T5/+m/8T/9H/+7//pv9gf/B3/0rn6V/zPrv3/7PPvnX/rTfqflVf/fjP/DLf/Lv+KMpUPwv3v0mf8tfSYmAf/UP/h/+yH/1r3z9u/2F47/lF2uKp/n9fv3/7e8mRsp+8V/4v/6C/6b+pSd/7R/3G/2iz/Jf49f4Nf733+Szf+nP+S//2vV/qJ7p3/Dxr9j6v3+N7/+Jv/o3+fV/9T9NDs2v/Jv/ob/gr6l/T0jB0nquf9RvM/oD//Xf7A/8d7d+l//5F/yvL379n/orf8Hf9zf8DT/27Df6tX/rT/+PvT935/f4T37Tf/A3+/w3/zf/0F/vr/9N/8Lf9+//b//6X/En/Of/xx/z5q//u36dP/1v/bUOPvrH/uT/65/4D/77f/Tsb/zqn/31fp3Xf91fQCbb+MV/w2/6X3/rP/yX/uvf47/d/bX/z/+YZOf+7/zV33zyb/4eP/hvnMn+Tf+V//C/3/4n//d//n/7v3+NP+WP/NX/4t/7i36X3X/j7/pd/uT/9i/8e36FiOkf+2v+ivQP/BsW/+Mf8Fv+Q+u/5g/+L/+1y7/pd/tj/yTKCHzv//z7/67/9T/6p37VL/+3/9M/4Xde/4+/5BfToupf/yv+oP9pQQv793/6+D/9Nz792/+p6l/5A//Kf+33/2N/9d/0v9CQfoP/6D/8TX/i9/nO//QH/pu//v/+J/63//1/9PZf/+1+s0d/bPq7/sP/1z/4P/9ev/jv+hce/S//2eu/7stf8ev/H9v/17/7f33+P/6jf+Lzv+uv+Qv+4t/rv/4DPv+P/pc/8B/7Zf/k3/vL/7Rf8YdUv9O/8JNPfovfb//Fu+/+J//Ri1+f8lKfk37+P0/+md/+1/jWt/6y1S//1b/HP/+v/8P/82/79/3Lf/8v+aX/4S/7v/6Dv+T+7/SX/Td/6vPf4C/7a//Z3X/lz/sTfq2f+u93/+a/6zf4Hf7vX+O//cXt8z/tL/nzn//MH/m7/Iv/6i/7K5//Wb/vH/Gv/zt/6T/3P1G64n/5r/+Bn/rD/op/7W/76ad/5u/61/7uv/a/+E/9l//9v/Rb/G3/7P/1+O//B3/8v/7vf/kf/5f9c//EX/t//Pgf+V/+t//Xb/pnfvFnfvW7/KX/82/+P1//X7/fX/gf/6pf/mf/VX/37/an1me/21/4V//Cf+I/+7+++D//hue/+X/9L09Xv+pX/N//yr//F/yhv8vxn/wbb4/++T/2N//t/vAn3/2b/4w/Yrv8tf76z37whzc//vv9t7/VH/tX/Vv/+z/16/zq3+VffPxv/Gejv/o/+VN+4+Q//gfv//Jfkf6r//m/dv0b/32/7Wf/8z/4h/2a/8Jf91f9jX/pD/73O7/1r/rl//PLP+Vf/da/8pc//tv+tr/u5O0vGf2Kf+y3/CuuP/7j/ra9v/EX/GHPtv7C/2T5j/8Of8s//b//Fb/nv/KD3/Qf/V9+jf/sZ/7pf/r/+v72n/rmD3j6m/11F//X/S/3nv2m/9SvffzL/tN/4/f+df/7/+tX/y9f/v1/55/5k3/UL/rs8Nlnye/xrx/8+v/n21/9HUqJtn/5b/zb/YV/5usvf7fftPwHf5d/9i//zf+nzw7/0d/ij/qX/7P/83f5gw6K3/vf+tN////qL/qlfynxze//75z91F/3W/2B//i6fbk+/Jnf4z8mO/ln/zc/Mfk3fuF/+Hv+Gr/L6e/yh//E//Zr/7vtr9H+N7/FP/d7/+/rP+v//D3+rf/71/gn/sH/5Jf8qnd/wZ/28V/46s33/s8/6O/8e37B37Z39t8++rXf/ol/9eM/8G+CYVr8UX/DD/6u/+bLv+Pv+Zv+2t/s0T/zl/4Jv/E/+O/+gX/9//BX/onf+c2KX+MX/L2/4g/82/7C//U//b8++R9/7//m3/5V63//X/zf/8L/9R/7Xch4Tf/Nv/HiX/0bfvq//SW/31+0/Zcv//pf/r//zX/Xr1NjffKv/st3f7+/47f7Ren/9S/8Lde/5f/5U//3r/F3/tr/5//477d/51/83/zDf9r/9Fn96/wuf/Gv/39O/8Af/Df/+u+MpZO/rvhnv/0f/qd/0R/41/2Dv/+vOvgLL5fJ73H0V/3d57/Hn/n7fPZv/rW/IvB4j7+q/rJfsz77m/72f/p//wt+j4//g3/64z/6v/3Xfu0/6L/9g89/i2/917/ub/e7vPzf/9rf5Pf88f/lt/vF//6v+ertn/yvn/2uf9BfWfy3f9LL3/7P/V/+jX/wV/+a2f/41e/2a/7X/8Y/9Bd//G/+Vb/sxf/8L36RPJ39st92/B/9W0//qF9z9B/+t39q9n99/O//67/m5/W/9lf+sv/67/yT/4xv/6Vv/oa/5l/733/Nf+3PP/nJv/Cf/xv/r9/m7//7/5U/62/8M198d/+//Qd/8N/+kuwv+M+f/Fr/0d/9L//Vv9af/+DX/9fWn/yGv+nV89/hP/2df+K/+T1/jT/vP/2dm1/no7/q6u/+NX7jF29+m/TXOPubfqL5v36t/+C/fXL2F/03/3rya2z/m7/f7/1//cF/4//9a/y6v+4/+F+9/CX/4+/1g/Vf//a//TcpUv5LHv7fv8afRD7Lv/SP/5Jf/eVf+5v8/X/tv/zl//4P/Ad/19/xd/667a/xm/6KX/yb/5+/wb/yO/7J/+M/+u37//r/8ff8z//aL/or/4Y/85/6N3/df23vz73/Z/6F/9Pyi7/uH/0/Pvvv/uvf/jf8Q//1Z3/ry+/9+N/wg9/jr733B/4N5e/x747/5P/xp/7+X+O/+Xd+ydl/+zf9Nf/g6a/9f/6Rv8d//3/+V3/Ku7/g7/g1fqdf//ed/bZkLf6m3+O/+yX//Zc/tfyd/4DfafUH/h4n//ev8fRXN3/im//437z7g//235/8gf/6//WP/vv/5G/yZ//JX6x/k985+0W//Pf47z77939w8df9Ov/Wn/74r/4v/kNSCn/N7/8r/42jf++3/zX+hM9+8b/2C37nZ39W8Tf/73/s//T5v/Qf/l+/8P/6909e/ZIf/Ct/zG/xyZ/wl/7Tv/x3+W8psf2L/83f5M/9A/Z+09/kb/qnf8Od3+gfe/YPfv/V75xSlvn0j939L/+n3/Tv/elf8Pv8HuM/63/6c//ov+j3f/2vPfoj/ohP9v7J//IX/4F/3p/2UzvHf/u/8bv8pb/gD/zbyKX/Tav08j/5137/43+SElh/7l/zh/yxX/3E61/2H//q3+Nf/NWP/sjf/fjPXrz6qae/zm/1i7Lf7Xf5E/+d3+nun/i//5X/0v81uv5f/5d/8i/9ex79Wu/+xB//X/+P/+tnfvAX/6k/8cn487/xz/rVR7//+M95m87/hb/2j/zjf9Wf8NX/+ZtWf9X/9df8R7/gzb/1J/70X/wn7fyVv94v+P0p1/6bnv3Zycv/+fU/RMmxv/V/+a//iPXv9Bf+in/wP/jv/6//+b//vf+X//rX/qXjf/D//lf//fJfv/8Tf/Rv/dv8BX/Gb0Gx1dlv/X+8/EPK2eSXvP7Xzqrf94+/nP6fv+4f9Cf9H7/rb1e/+Ku//G0ef/nP/mef/Rr/0P/59z/7B+78yX/ar/sb/hb/00/8Qz/4C//sX/Hxx//dP/nl33b/q9/qP/rLXv3mv+Uv/bt+px+78x/8G//ny3/qd/iUjOL3fv9/5+F/+nn6t/zK3/To1/9f/7hf/g/82O/2x/+eP/nf/5W/9p/8q/7QP+Ev/F1/cLb4z/7gv/ov+A//yzsv/qo/+n//ff/V7/ybZNj/m9/3N/2f/tc//Q/7Z78//u1+8OB3+Xd+j3/m0fd/+z/+D/9O8Xv8y//xr/5NyUP/k/+VP/Uv/Ud/t+YP+rF/5a98+vf9nz/2h//yv/v3+G9/+hf8q/t/0S/4Fd/68r/7P//S/+Nv+69/xR/1J31np/pb/0RaaPsbX03+kH/+b/iLHv+iv7b4V44//9P/u99j8Wv+tv/H//7n/le//v/27/6741+x/8f963/i//Krfvn/8jf86X/dn/5r/NJ/5Zf8Hv/6P/pX/+N/ztmv+9/9xb/nV1/9n9/6S/6hb/2x/+evS073r578af/kT/1r3/v4//rkr/69/vc/8lf/Lr/yb2yXn/0ev9lf8m/+df/M+D/9P//IX/2P/4v/x5d////0+/1pv9HdV5//Pb/gr/n7z47/qd/lf/wH/jxSH//rP7v+pX/rr/4rv/dr/WW/yd/6q6u//JfwEs3Zg69+l7/6n/+D/68/9Fd/8X/9Q3/g3/er/4O9L3/Nf/Nv/Yd+0WffgWvwa2b/19/0v/7T9+//1//S1taj/+4P+qV/CVmhX03m/4/843/Tf/23/b/OKJX2i/+1/+Cv/Gv+9Nf/+Oe/72//46fnf/PvcPz43m9K+Zdf67N/695v8eu++xV/yV/zF/0563/vF/1XX/3nf8Ovn/7NH/2Xf+o//Cll0e6f/cf/5p+8/wf/qb/f3/K9f+13/GWT3+Pf/ZP+wP/ks//m7/orf/KvePtf/pu/9Ff8G/97PEv2B61/m0//k/+4fJgsVn/gv/nj/8F/+8f8Jn/783/tV/yz/8Hf8x+yYvttV3/Uv/Bv/i1/yD/5nT/j7a/5S3/r49/tV/9bv3X6m/xt/9jW6N1v8jf/tX/to3/vD/zz/rhv/zl/xj/5x/70r/d//CG/9m/y2b/zh935i/+j5l8/ocTXR3/pX/cf/Nf/uu31r3v1g9/gT/ulB3/SH/jm//oH/9u/8t8k2/L3/Ge/9e/xZ/67/9e/+Gb57/we//2v/j3+rf/27t+z/qXsa/xRf9eP/4d/1/p/+Et/s9/gb/7ff5f/9df/P//Iv/MP/is+/+L1v/k3fOvL/7r6134PSlxRkP37/++/+t/+Fb/To3/p4z/4P/03KcfxT/6f/90v/l/+5//mb/lN/p3/ff2H/+Hkule03vxH/r1/wp+6/u3/8f+++p//71/jl/yBy7/6P/03/p5/7N958jf9ga/+z+/8jf8Gce8f8u7X+V0u/+n0T/hs/ov+8h/8I//kk/9gZ/QH/l7/7uvf5Vd96z/+vX+Xv/6P/Adf/YO/7e/3u/2hf/C/duf32vl7f4t/7H+ul7/0D/sN/9T//h//i367//p3+9P/jbPPHvwLd3+z3+NP+vbf+b//H7/6l/4eR3/O7/Kb/9d/3//yx/0eFGH9nSSRf/+vfvlX/IV/51/zd/3zP/iH/tX96R/0t5ymv+Hv9ur3/Sd/97/x7b/zj3//D/yNRv/ov/sH/9q/YD/7h/7Eu7/iB+0/NfnD/4w//fU/dv27/Iof/M//9V/zN/zZv9+nf8Gf9rf+I3/J//JP/Bv3/tXf/5dt/U6Pv/vb/BZbf+ev+Jv/17/4d/pDfovv/Hr/y9Hn/92v+j/+wfwHX46++tf+5//8Z/7JP+tX/9Lf74/8X8nT/9f+/Vd/8i/9C/+jv/T/ekH5uF/8J+e/x3/83+z9UW/+5v/6f/81/8Bf+Tf+r//l/3X/v/+d/sLf9tkn/+q/9mv/1//XP/p//mf/4b9ztf8b/eD3/kP/pt/kL7zzn/w6f9vf8t/83r/Zr/vb/E3F7//f/qd/3P/1G/8Df+V/9Zf+H+Vnf/HlX/6b/9Lf43/6Tf/C70x/4i+69zP3/49/8Z/6A//a3/nFd/7uv+JPPs7+09/mqz/6D3r3L/8a//Gbg8no1/83/5svP/53j36Lb/0pv/7V3/gXfue3/3d/t7/g31n9J7/HX/h6Ov+3//n/5F+pfsWz9Jf+gX/Lv/NH/qf/c1X+Dr/qwe/36/4Gv/WX//a/9pd99eB3/Qf/rZ2/81f/U3/Xrzz5qf/pv37ya/xWL3/Fn/3df+3L3+Z3+Zf+0H/xV/+mv/hv+DX+63/1f/qD/431b5v+gX/i3/MLfv2//jf5tf/qrYdY0/mj/9d/+T969Hf+Pn/mn/p//bL//m/9R//Kv/Rf/a///X+jav9r8Xn/o9/hb//OH/i3/9df/m8pkgNf/Iv/+7/xK//q33jrH/jzf7D7U3/3L/uP/9f1j/+7v+TQZqqyP/NP/Z3+wP/m3/styfZ9+fvQAuPvSWvH//7Ob//3//r/2w/+0v/yO//7X/g/rf/cf//RPxgkt9q/bOc3Ovrjfs3f5b/9zX/R/zj7zb79+Af/UvoHff6bUNj+d3KTf+kffPB3/mv/zj/0J/wev+3f/fhX/6+P/55/6W/8C3+/v+sf+HN/2dt/9//4Mcqi/Pf/5D/48l/5B76//Ev+tl/23/6Dnifxb/z2f/+3fvff5ff+E/7BX/Xr/Rt/0h/4T/86//ev8Tf/yvaf/lf/sz/wX/s9/sI3f+qvsfPb/y7/DWW2/sPf7/N/6Vf/lWG+/K/banf/qP9z+6/58f/z9f/yD/63/8SXv3ry2b/3K3/jP/Dv/D9//6O/6u//y/7KP/PP/N//ge+f/8oXfyNj99v/M3/tb/Z7/4Z/4J/4f3z+b/67f81v/Gv+2n/Fv/UH1Z//3n/Wf/ML/qR/83f6a3/Nt7/Lr/h3/s1f/5f9D//or/+7tf/2o7/r1/79f8UPfsW/dLH6h/7wV//gX/VbnP1ff+fvcjz9337l37P1F//Vn737M/L0D/rsB//xX0FR9Rf/24//V9tkkP/a/+W/fvhX/sS/tfoD/9G/8H/7E37J3/VX/vh/+W/8Pf/IH/if/n7/3n/zR/46v+Av/fHffPX5X/4Pvvz4v/kDf51fUn7+K37l+a/9C/7+3+f/+Psf/aMf/d6/xT/wl/+Dv/7/uWz/5P+t+sWv/5WzZ8e/051/tflj/7I/9H//zT7/1b/2f/9f/fO/6T/7V/yBv8Uv//d+/d/td/npNxd/49k/tP71fuJXT//Pv/yv/7/+zt/jf7z8X/+X32Hnvz78E37Z/9r+W//D//R3/Skf7/49v+Vf/qf9L7/uf/f5L//W8d/86/1Hf+Lf+Lc/+upP+2uTP+FP/btn6/X+8h+kZdqf/tOa/+vf+k3/23/oV/6u//Q/tv4d/uH/8n/95b/qxdFf+N//g//Zf/i//Yd/2+J//gV/5t/4m/xp+6tf7/ff/8v+uuR/P/0Hf99/5de4+1t99//4E//7B//y5//bv/VbNZ/9pn/EP/jb/18ntB79J13/8r//tyr+tf/t+P/4v07+z9/7v/4n/5n/5bc5/zW/+iW/+T/x9/1u84fJX/q//77/3l/4V/8ev3/5h/8Gv/HBr/o//vcf/D1/zJ94939a/wV/2g/+6P/j9yaL/bv8z0f/TvWH/fL/9H/6nR8+OfgHf8U/+Kt/6fb/9Sv++we/33/zU7/k9/i3fvVf+Vv+K//S3q/x3+4/IbXyR5MWo3zIP/9P/rW/x2/+r/3pvy0tef4nn/0d79b/wF+29enfdf470RIjycTv+ws++9tevPtN/vrX/8bsN/0Vv+6X//t/9Cf+yr/0//41fvP/4Y/4C9b/9X/13/4pv8H/9Uuav/dP/O9+bWL07P/+NU5/zf/h7/oV//U/83f+ObS0+Df/vX/q/Jcf/Ov/+x//B/9tf+CzHz/7PX5/Whq8/LX+9J/+E//Mf/df/33+5r/ij/gr/8R/+//669Z38j/+za/175S/x9/21/0dFCn+Qf/7L57/tb/FL/r9/vx/4y/5Q//I3/cf+5P/wr/sj/oD/w0klH71v/Fn/F+/5b/xK/7q/+gf/Ruu/sF/9S9cS6T5e/+2/+bjP/5/++Ofnvxfv1H5P/5f/85/89m/9x//Vtd/HlzLf+t/+JP/xL/i9/hn/sB/+t/4Ayn3Za3U7/RXPn/14Jf/8ZSk+vjf/zNHf+l/+a//vv/y7/R//Im/3x/7R/0lv8svW/we/9VP/I///J8x/WWfXf+6v/mv/0+t/9R//wd/pxXQ3/lP+HP+rH/w3/lP//Tf9H//b37i3/w//5P/69/77f/4/+tp+69Ofu//6w/4E/+nX/CX/eLqr/yBDY7/qL8r/T9/A0p8TemPv+p/+qf+qr/+d/x7/tDf8Lf6e3d+2xe/0cVf+L/+Ib/+//6f/rt/wl/2J/1Dv+hf/FX/+/mnSXIv+av/yv/8P/8//p5/6uKP/K//syd/4F/y53/+f33xD/798z/wP/5v/q/RL33xm/7bf8Hf/1/8/v/IP/Mf/rdPKYdR/kW/+H/9Q/+Lz//73/kX/2O//h/08f/y2S/+p/7L//o3JG30/I/5Pf6D3/5P/NX/5D9Y/MQ//k/+fv/af/ATf+F//m88/G0ufo0/+HfY+52/s773m33+n/7yv+pv/U1+0//td/nFr/6Qv/2v/vX/mr/pT/6D/qJf40/4e//E3/ev+u3+mdP/IflrvvWn/wHlP7N+++DX+cX/81/yp+z/37/GX/ur1n/7v/aP/D3/96/xZ/4fv//v+39s/YE/cUWrgYe/+f/9a/xu/97dX/1P/j3/7Y//4b/+f/5v/PLfdO/L//Lf/G1Pv1d89T2a+l/7//xv//f/8D/41/7Un/oL/r7f83f6Nf7bP/HvXf9+f9fen/rf/P7/2tFf+C//kf85Flz/x1//P/iH/5fHj/7l3/qf+t/+nn/sN3j8J/63k9/0X/vNKTD//O+88+JP+Qs+y34RZTJ+c/DWf/uf/xt/zx/3S/6eR3/p+rf7Y+/9kuv/6x/8V/+Pz/7DP+b//PN/7//80T/51/5eD/6z3/y/ef3LP/oP/8df/3//XX7wa/2D1fOHf9Gv96f/gj//5E/+PV7f+df+uuSX/Ypnf+d//Yv+z3f/0f/5m/6dr/8TWgO9+okvTv7jv/F//2v/1eNf8Df8uv9j9Vf+Hj/xi//Av+GX/DWvT36/v+ZX/Va/7L/9w/60P+G3/uf+uT/tv3rxF+Uf/z6/y+///Fu/0V9PUvw//8r8T//p/T/kn/zP/9H/9X/6r/+OP+4//rP+69/l9/hlv+i//juK4g/4B/+I3/Tv/lP/r0f/+h/8n7z6df/h77xZfPx/nZz/Lv/xf//kr/sb/+d/4E//5b/f7/Hn/oF/1m/6d/4Vv9v8X/nDp//af/DX/6P/y+/yX3783/23//e/8e//HX/On/DnHP/gO//Vn/fn/sm/9eTPufOH/3fbf/Wf853vkuPxT939Pz/7E/6D3+e3+r/+ut/tZ/7Nv+sP/JP+719j/Jf+V5M//q/+j1/8pv/03/vlr/r8l/3X//uf+7v8bp/8yt/6b/6nf+PHF//N6J9/9V/875O/cv1v/va/zm/6+j/8zp/435TJgz/79/6v/rA/9Hf9v37/vd/kD7x79Gf+br/RX/r7/kN/2O/yL/5nj//Bo1/7r/6n77359t/w5K/56L/+Y2hmH/xGf8C/97tN//c/8NX19J/+L//d8g/+bf6C2X/2q/7Cv5O0zH8x+c+uf5Nf4/o3+cs//99//f/tT/2/fuV//0f+1//xP/lX//J/5J/5J//Pv+w3/VWUbfon/v6/9Xdv/9O/8nf8Y375f/yb/S1/4D9AiP9fH/87v/Rv+Ad/i//z7/+9fmL9a+CTP/kX/5W/yZ9x9xf8Zb/7X7f9P/6T/+W/+Sd876/+MV4k+Tv+l//m3z/7/f+Vz/62d7/iH/hbP/5X/88/kNzhO3/if/w3/o2/7x/9a/wWX/xBv86f+n/+Gv/Zr/43f6ff5LPf90/6NX+3//Rv+M1/rf/g7/iP/7L03/1f/qrfgxIGf8Ov//H/8eU/uPtrFL8TWc+/5s2f/zmprV//T/pvqr/jB3/g3/C7v/k/vyKd9Lv8yn/wF//Vv9Nv+lN/0ePPf9/nu7/Lr/ypP/Bvevl7/Ad//f/4g3/3f/sTf+pf+gv/kUf/0b/89I/5F9bf+qtG3/5Tjv+Av+Q/+5/+oV/y6//9f8RlOvkH/4D/5i//zY+nL4/+1X/j4Hf9P//y8+uv/r3r3+FfefAb/V9/7W929uv8QQuyPn/+r/6jfo2X0z/yzZ9w9I//bn/Si3f/+6/4M/+xP/C3fP57/Fv/xB/4X83/xb/nv/ld/qHf41//Vb/iD/yN/u9f4x/8HX/VH/jn/g3/R/W//QVf/q+f0ErH3zD9D//2u//Tb/pf/l+/9O/8y/++v+z3+Gf/j39//Zf8/v/b//AH/lv/xF/4P/8av/hXfPd/+z3+wp+i1af/8V/8zx79w6/+lr/+8T/2z/+iv/gP//umf/7v9+eu/sB/8t//T781e/HP/Zv/5l/xn/8mP/6Df/qP+cH6z/vd/qFf87/4/WgB6v7//Wuc/erlX/t/fEwh4d/8r/7Bs//71/ilf+Dd//UH/+sf/Q/+p3/L//1r/Gt/4//+5X/41/yD/8gfWP3q3/kXP/8L/8d/8T//N/82yqT/zn/kr/4N/sj/4/f6XX7xX/MH/vq/7L/9d/il8d9P6Pz3/9e/QwD/6H/wH/zqD/xDf9Wv+O/3/sB/8Pf4k/7bX+e//ujP+p3+uf/iX/1L/qc/+Y+9/rU//wP/lT/wX//eX3j15C87+A2Ofpe/8M/4wfL0D5hWv9n/cfKv/ou/87f/57/5f//n79I6KC00/XG/uHr5f/2a5Bv9i//qn0PDf1r95//X8u+hvNfvc/57/C+/M8X//8D/+df+7z/+N777pX/Df/h3/o3vfsv/ZVb9iv/8T/u/f41/+Zf+yr/uf/9N/61H/+Ef8Q/8lf/rX/jLfsX/+Hf+kf/tf/r6//41fr2/9w/8l/6xX/0rKcv/j/8bfx8x3x/51939nX7Rl7/lH/Z7/im/9m/4a/xFv8b/8bct/oCDf5BWAX7lH/B7/Xjy55/8Hn/mX/hm64/+aOcnTv6EX/BLv//8b/pdvlyYJRHjXz2b/sd/2u/xq/+G84Q6/d0e//j//Wv8QX/gX/x//xq/4y9eXf31v8dv9h//rz9o/+X/88G//r/9jn/iP/Wrfpf/Zf0xnLlf/xf8hb/i7/+33/2Kv+I//jd+l6v/mtOWf9W/8mv9dd8//R8Xv9f/9Vf9gT/xf/0bv8fvQu7OT2/9YPJ7/to/+Uf+def/xD/3G/ytv+Ef+n/+kn9r8vff/9em//j/+fc9+qv/43/t6j/+B//NX/u//hf/tz/wH/vFf9f/9uX3fvtXj/6R//a/+b/+QgoX/ucv/8Z/9T/4I3/Bn/WLvvrs2ehP/vv/ib/iF/5Hf8Kv9eBX/Ma/Yvt/+FW/W/vPf3X8y4jRX/7nFy//+S/n/9Lv+Ogv+XeePvg7/+p//t/7q/+P3+z3/D9+8butf+hn/s7/5b99/q/91s+Ti3/zf/3l/2r69/79v2r0F/8Nv/Sv+Df//n/x3/wLf/rPTB5951f9zvvPj/7B/wSZsS/f/rZ/4tl//r/9gBbS/97f8flf8Jt/9dVfXZz81k9//+d/e/1r/zd/zK91+ofc/V//s/89/T3+jL/pfz38u/6k/3b3n/w//8q/8U/5E1//X8f/5f+6/l3+3ae/1o/N/q9/8Vf9qf/V7/HP/Mw/8B/8BZO/7q8qfu2/9M/6NV7+yf/orzn/j/+Y9Oz3/td/zb/5J/5AWvv8C7782/6K/X/l+Hf4W/+x/+xP/W9/vz/jr/tbfttXv90f/F8d/Jr/9f/1N/6Lf+W7n/4Nf63zP+a3/w1+/3/9P/3Nv/3F3/jP/qP/6T/4r/4vv+nf9j/8wd/+l/6xX7r+Xf7Fv/x3/ad//NUf+qte/x+/8/Pf/9c8/U9+77/r1/9v/pY/mJZBac30F/+v/+jb32n++X/3f/8av8eXf8Of8+f85D/43/zqR39h8mv8md/9yb/7d/neX/3b/C7/8j/0a/zq82f/y7d+8Ld/69/Kfmr98Ku/7Y/9Q/7Af6wh3fMb/ol/5d/xY//ki4/+/N/zX/2dv/23/xn/3i+9u6z+r9/lv/8//7Vf9Dvf+f3u/7ePfsNf93f5j//Hf/KzX/w//4K/jPTSn/h3/Lt/4nf/my//1X/3+7/4r/tnKYvzmy7+go//8rf/0A9+xR//f/8av+gfO/nlf/1f8Pv/ir/xv/ryV/xbf+z//Wv8dZ/9W5d/yL/2L/6Zv+p//2uvdr4cf/x//KG/7L95/gf+tf/nH/BL/o5/79H63a/4c//dX/L729D4j3/93/zm/+iv+nN+z7/sD/zn//Zf8U//X//od/7d//NP/Dt//B+++F9+7V/1P/3O9+78Vd/+P2iOftc/9f/4e/7U//4f+AsCN/yv+tv/wv/iN/i/f42vfjeSqd/9i9/u9/gff/1/90/+mfUvJ0f+x//VB7/Lv/2v/mt/8P/xT776+//OfzVcLf8dSBcsPvlN/7os/11++X/9Z3z5v3/87/5J/+o/9vLd7/RL/732n/8n/9fxL7n3q+/9a3/Q8a/xJ/7Fv+3v8t/+Lotf/j/9C3bZnl//Y979H3/zo1/7/KP/6j/8b77/S779H/53v91vevnsX/mHftUf+Kf+Nd/+c/7lP+13+lW/5B/4/g9+7Gf+5d/tz/ib819x53//a//Qv5yc1j+Gguw/v939/f7+3/G/Pa1+/1/xC/6WX/03uoDi7/pb/tq/9sd/w7/21/rL/sCXp3/i3/+HHP86v+i/ffrr/brf/of/299ofDz/nf79/+Rv/6P/93/6t/8/f9P/6x/8j//Bf+wX/71/wm/yD/7Y//X5X/Gf/m4/+en/9kf+sl/w+f/xR/6X/0Y9/g3+1//wxa/4Xf7dv//Bi79r/4/6C//qf/0P/Df/gN/0V7/9D/+Df+RP/Yd+wV/z+3z3j/1N/ub9P+bb3/rt/8Hf9s3bP/Cffvpr/IH/7q/+u14d/Kt/xSzf/8v/wIuf+A9/6t//R36fL/+bVyfF7/Fn/prVH/AHPqaF/7/z1/0N/uKH//Vf8u3/aPff+G1/24//9V/xX/4rv+7f/X/9mf/6f/+P/0eP/upf/+F/8/jP+73/kMWv+s9I+fxv/+dn/9b6P/9lv9V/Syte/9av/rf+k0eLf/Ltb/IX/7P/+x/5n5Jb8+Vf9OP/53/2i//Bs89+UP3p/86dP/Z3/Zv/3l9y/evs/La/zi9J/uT/7X/9K/7gP/Oz63fJL/ib/tnf7k/5X/6JX+N3/U3/jN/8Vxz/0u//Htu/7a/+Z/6vd//lv/+v/en/ffVPkcdKevMf/Vdf/MV/8p/9+O/7B//5/+W//mOqf5GyRv/g2z/zf/rlf/b/9dv8t//3v/Tv/03/2tmb/3b057z5dX7v/+SP2f0rtn7Xr3756W80/cP++Or/+rsf/7l/ypd/83/wB/8Of8tf/+5f+1P/sb/w9b/2B/4n+3/l61/zH/mDfpNf4we/5r/65/1a/+H/+Gv/n//pv/vr/5Hfmf5v/+SXu6u//v968H//Gn/U//rnfPnH/uW/1/ef/Pkv/o9f81f9Tf/p//mf/Af/dvOf/5f/yh/1v/2p/+ofN/mn/sL/5B8j6/L3/+H/96/x7/7iL+78x//tv/4P/uafHfxV/8pf+hf8gf/Gf/abXP+dv9Ovzv6en/jt/spfsP9/ff+csoaUJPw//7df88nP/O8v/9Jf51ekv+l/9U/+n//p/3Xnf/jz59e/4s//tX/v+jf9336zz/+z/+v4f/13f9Fn3/vrfuWf+n8++Qv/t0/+3f/zP/4zafX63a/4b/69L/+R36P6ff+d6e/w7/8nf9Lv/WuMfuJv+DL5B/7MX/if/c//w198/3f49X7nrSJJ/jQynX/++rccvf3Vf/Af9if84//5L3z4e/w+/9Ef+18f/Wm/1j/6f/z6f//fNPrFxfE/+uN/zV+cHP61f9Wf9x9RWmb6R76a/jm/6y/+p/7Q/3rx9O7/+RtXi7/lH/yf/oI///f58d/p913/WWe/4y/9M0/+r7/1Dlmro3/3W//oH/MX/A2//Ze/3u/c/Mq/4a9nrv/Nf9M/5W949n/9849+gz/4/7j+3f62P+UP/Jt/g9/qD/yb/9f/+r//oz//c3+H/+vk1/4//v69w/9i+p/9JX/hn/1P/19v/pvf/+/4eySm+O3+nN/yk9/zd//j/oW/6nebn/zVf/p0+pd//y/9B/6mP+x/+o3/+j/w8l/5d07+60effOdXffdf+ftf/2NP/oud//Qf+7X+tr+h+G9f7P+3H/89v+KX/iVf/Z93/sz/86vf99f+v85+4Zf/+4//u3/zH/iX/C5Pf4//4r8m9+Zf+vyv/RP/87/wf1n/BcVf/Ff+ET/1x/zR0z/kN/jx67/yL7j4vf/iP+K3+9P+vj/ln/3xP/3b/+kf/1v9GZPf89f4fX/1X/LXHn7roz/lP/uXfs0/5ew/+jV+2WeP/oc/+S/9p3/81/3jj3+3P/X3/DX+6d/tz/s1Hv+LX/xdz/+v37D+lz7/0//dP/uve/EH/raf/NO/0+8zGj/7Ez85Hv3Jn/7Zrx79M7/9X/lXXv3xf9cf8Dv8R//nL/n718XV9N73/oN/55/+jf+hX+NPX2/9I3/ft/66X/Nf/Lf/lbef/Orf+F/495f/67/7by23z9LHL/6W3/XH/6jf6C/7Q798/J/+lVXxv3+XyfePnP6bv+Nf+b//bRSu/Sl/2p/4v/2Fv/j1X/6n//2/6Vf5v/bX/QN/yZ+f/aW/pP3b/rtf+g/8br8xmfaf+Mv/wf/sP/4fftlvvPdPHf2SB8t/5y/+o37Vf/07n/2v/+GXbKaNGvvXtv6t45/Yf/7kn7z7q57O/qRfY/Lkn/szf4///ierX/Ub/OrrP/jdv/wH/Q+/3e9BgvngP/9X1h89nD35xV+u/u9f49f8Xf7O3+Mv/H1+97/+L/1DHvwZP/3XzP+SP+63uf7d/oL9P/63+iW/19+789Xv8t/+6r/mH//kT/prf8ff5uj3/AV/w6/8zZ79df/L8z/mD/2jf7df4+hf+cF/8+jfKX5i9kf8/o+Xf/G/8u3f+r/44/+1/+W3/93++N/nt//yV/x6/8H/kf3JZz/5U7/5f3v85b/7b/wZ/8nHL//lf+Avf/wb/Dp/6P/6m/8Jf/ev+qf/4z+AYs2/4Q/+9f/P2exX/vW/1X/y3/5ff+Pf+tf/b3/6f/w7/tJ/5g/8I/78X/xPP/zff8/f9v+Y/emf/+p/ZPQX/J9/+e/xH/6Ff9Mf+Bf8+dWbP/IP+wP/tv/71/hz/v7sz3n0Z/xtf/V/8vt89Hf/nn/Pv/V3/fi//tv/bn/R7/oP/hv/+7/77//Lf+nv/Ff8PV9SvFKP/ok/4e85+Rt/k1/4D/yl/+yf+L/94L/87Yo/efZb/yZf/eH/xJ/+x2//b9/6JaN/6K/+j/7Y/+mX/Nd/1LNP/uM/5k/8237F7K/9q6rf6l/633+N3+Pf/m//4D98fPLTv/h3+e//3h0yA7/k9/gff8F/99v9z7/V7/zuL/k37/8exWf1m6f/57f+WgrYyUX+I//+3+LL3+IH/9NXv9Nv9Zv8PX/gX/Qr//b/5k/5zz//Z/+67V9+9D8c/PK/8K8a79P7L//A/+xf/b9/jWd/4a/8E6s/9Cd+2X/zV/5Wv/y//a3+0D/xfyWr/Acc/4L/4e/7/Pf7/X639e/8f/2h/+cf+L/9ib/08Zdv/oCf/vwnzv/3P/Dv+D/+wD/6fyev6Xf54m9/8t/9jv/7H/x//bJf9Xv893//X/37/2G/5M8vVnf+tZ88/8k//l/60/+A/+DP+J1+83/y7/yvfrvf4Y/7BX/O7/bXz+tHf+Tjt6//6r/45d/6B/1e/9Bf+kef/t1/yq/5v/2B/+zn/9c//gf+lX/vX/rb/W1/xP/1L/5T//vP/In/7H/5q3/wl776Pb/zJ/zvq19B67K/+tH//S//+3/Bn7f6S//PX/kv/abTf/M/+sGfOP2t/q/f/z/6r/+b35ySur/k//zsr1j+ztt/1NUv+Aumv8vf+X/9vb/pr/xDKRfyyV/wy/6VP+1/+wfHf8Vf8O3f5X/8u//Xf/g//Vf+tP/oB5d/wj/zJ//N/+UfnP9ff+V/+y/+b3f/y3+n2Pv3f5+t+w9/xT/5L/7Vf+w//b3/8w/8T37pP/g//tJ/57PPfvO/4S959yt+7R//8//R7D//K/7EO3/KX/YX/eAv+Znf8PUv/EPTn0z++X/od31579f4ff66h//7r/6lv+H3/tw//E/6d/+hf+G3/eN//d/kz/l7/r3/9f/8B/+R7/27/9gf/Rf8PSe/w3f/zz/xz/6L/uv/rR4//PX+sd/8n0r/l9/gx/+Q3+B//TP/8j/2H/n7f/e/87/4Vf/o+p/4N/7Gf//v/s/+2j/jD/mD/+q/+Lf65bujv3391Vd/yl//2fb+7/Xj/+Rv8dv/7svv/9tf/Va/xR/4F3/vb/vvv/u9/+A//m3+3fM3z3/F/env+Wv9MX/Kz/zzv/6f9E//V3/pn3X13/6C3+ffGV/9+f/Yw7/zj/ur/pU/5K/75/6JP+Yv+dt+rb/yn/uTfo1/8ewX/L3/4/Zf/m/96uqTv+tvbn/Vo9/2H/7uyZ/4T/8nb/+UX/u7v/MXb85/+vf4df6l3+t3/+zpb/0Tf+1v9iu//7v/dr/Z9j/zf/6Pf/rV7/wn/K//wT/zH/+nv2jvt/n8p/6lP2j+r/86v9ZvsP9P/nMvf/nv9c/+vr/6b/lln/7bV3/PT30+Ov8Pfs8/5dl/9NO/0T/y1z75Tf6M3+iTkz/m5b82/ejTf//f2//Vf/Yv/Kv+iB+78w/8I/mf8O3fff0n/dm/+0/O//Lf5A8+fvkH/c9/wMkf+Nd99qf8fj/12R/95vI3/uv+gD/uD/hFtMj7Vz758//G5k+8/H1+t2//M+8WT37sb/jy1/4Tv/UHHv3pv8uf8nf+mn/Qr/PH/rF/1e/xLPsVv/a/87v8hX/m57/gDzz6g7/4q/+0f+aLv++3+e1/+r/5bz+6/uQv/Wv/z3/6r/wrv/VXb/0J57/Gn/Wn7H5r6yf/pt/v9/xdfv/J7/W/pV/8XX/LP/HX/Kdnv9Ov+b/8k3998U/+ql/+a/zbf+Pd3+0/+Meqe//UH/Z3lX/K3/cb/6Z/0W/9a/0Fv89f+eKzv/Hf+a3+z+LveHD5n/3Mt/7z1z+9+N//j3/tb/snvvqD/5v//K/8y+79w8//hMmf9OxP+c4/8zv/U7/bnd/t114W/+zf+xv9vf/Df/p3/Fvb/+Efsbz4vf/h//T3/OLH/vLT+SfH/8q/UP0X/9b1997+B1ef/k2/5faf/7f+Mz/5F/30t/6eP+QPPfk9v/g1j/70f+LRr/N//fjP/PnVn/xv/ff/7u/15/+77/77v//vufyZf+uf/uS3/Y0/e/5n/Xl/xL17v/IfzH/iO3/681/R/u2/1b/y8ux3+qf+hf/of//+t3+jr07/gv/sf/nN/7Pif/03/9Z/8E/5Jf/Af/XpX/ib/Rr/zT/9V77c/4d/nZ1v/Z6/4A/44978wX//n/MrX/+fzV//4I/6H//Xv+qv/zu/9wu/eLL3Tzw4W/9X+b/+7/1lv9Uf8A/9qf/Z8T/9a2T/zp//l/82/8l/9xv/i3/Lv/ub/+6/8VEy+kP/1e9ut//j/l/5W/4+v/Xv/Pv/e//oP/aLRv/9+O/65X/Kkz/2d/xTV7/9v/fwl/x3f8fiH1z/tr/rfzD527//0R/6U3/GT/0uf/rW21/V7vzbv+rvv3qR//v/6285m/4x/97D7/4bZ0e/46+7OPmD/ur7P/U7/Ua/w7/5F//gz/iz/rev/p2zP/0///v+xb/i2f/56gd/0O/6N/4zfzUtyf5N/9rfcvU3Jckf9xv9oH3wR/z4f/zX/rZ/wD/58dHf/+v84j93vSx/j4v//vv/4K/76o/7TSbfat/9bn/Cn/X3/feP//XdN//sf9n+L3/Z3/af/2Z/0a/za//yv/njf+tP+UeXf9Pf8289+B3/zT/x/6g/an7yL/qLfp3kJ//sv/pv/NW/86/5d/6S//bq3/1V/2j+7/ynf9Yv/e//rq9+3W//1J/zZ/xGP316/FPJb3r0W93/r37vf+rf+Ff+k/l/8U/N/pY/+uT0xW/1z79+VfwrW7/i7/kn/pw/6x97ePEH/Br/+5/yS/7I9I/5vf7sn/zttn/FP/Pu16TF/D/yL/7b//V/7NOdz/75f/8/+hP+/Xd/a/FrXP+md/eKf/nyn/zX/+G71R94Pf9b/7Z/ZfHv/If3H/5zZz/x67z5V/7FX/iw+O5v8dtcfzT+Z3/qr/5L/pnv/kGfH/0T/+qzf/af/f2Pt//c3/A/+4v/5Sff/h3+2r/x1/hX/46//b8Z/e1/wYP/8m/8D/6NX/3H/M5/zXf+xj/m9/51f7d/4rf9R//ij/7+/+j1b/Ufff7s+V9+9mT6V//xf/Sr12/Sv/S3GP9lf9qq/VP/z9/jF/xDf9E/+VO/3b/435OH81dfPP/bfvf81/lXf7v/+9fY/a9+4b/75/6du3/yv3fnj/5nfq9f41//iVeTX/hb/XH/6r/2r/6Tj/6s3+zOH/dP/47/1h/02/0Zf9fv9H/+kj9q/N9t/wF/69s/6jf/E+d/w7s/5NnP/G+/9F/4g//c3++X/ZL13/3X/+n/6d/4j/1r/9Dv8Hv/2n/wP/KX/om/07/5L/5F/+x/8U/8llcXR+P/9Vf8Jv/6n/0f/m5/7nrv/st/9Tf9O/+cv/LX/iP/qZ/4z//O33nrT/9rtv+Sn/ndf6v/5r/9v/673+sv/xP+2l/8m/3i7179HT/1i//gf/b18se+/fiXpH/eH/zjf+3vdv6n/Se/W/4X/y/7R9//9f7P/+Vv/g+q//Ov/i8Pf8lf8WT5D/yZv89v+If8y8/+29/tn/2p/2n+p//Dv2Dy1/6X//Jv+H+9vP7z/vxfevfv/5v/55/8x/+P3+bP/eRv/m//6vmfs/5T/+E/+a//S/693/wn//XTP/F/+cv+pL88/9239/62v+jXbX6D3+87//Pd//M/++//+v/47/7Pf/s/57f8Fdu/03/zU3/aX/PXPnvz2/zFf8Of8r3f6dlf86t+xZ/4Dza/17/79/6xv+CX/p2/1x/8y+989td+60/9qcPf7S/+t7ZPf+1v/UXb/9Cf/lf+5v/6H/4f/b3/619699/6if8++eO++p1/wd5f+8nv84f/pf/07/a3fvmTP/0f/xnz4nf7c36Lf/bX+BP+lt+7/dNffee3/Z3+3F/8R1QP729fnvzdf9l/9yt/w9/h7/2Fv9Z/nf6WJ//EX/Mb/9L2f/lvf9fL/7Ge/f3/xezf+s//1m//97/fxR/9+/4W33v5u9358T/8t/tjXq7+qn/6v/pH/vHf59d9+q/v/0/5X3X+V/0l6U/+w7/h8e/2r/1h/8E/8lfc//P/gj/vz//4V/yav/x/Teb/9m/z4BdfUIz3Y/f/4l/9G9/7VeuP/7J/+sf/2d/h93v2r3z8j/26P/b7//J/5G//Xf7C4/N/+a//9x7+xv/1n/dbzL6V/5P/6v/5b/1Zf+beT/wav+y//id/yV9X/9J/6bt/9I89O/5nfu3/7ehf/Dt/u7/uL/53/vvf4I9++k/8af/L8nf+13/84PHb//JfOpz9Xf/e//B3/vf/0P1/9W//W/6bv+Gn/+zlP5/+p+lvcec//19/xZ/6t/zKP+P1ZPGn//X/+P/2n/21f+7+L/qT7z+/87s//g3+5zc/+bf987/DH178zn/K4da/9mts/1+/za9c/Inl3/nv/4//x51/+Df/o9Z/zu/wW/5Jf9uv+pn//T/8tPo3/7y/+2/7sf/uv7p4+yf+Rj/9a/w1f8hv/0//Fd+ab/26xV/4Z77497/39/70r/wP/tU/8t737v4x/8C3/pm/b13/K9/6J19c/OVt/qfsv/u3/so/4y94c/5r/lm/3u/2+/9Pv2Xz6/37v82//Hf97X/d2e/9nb92/Nf8G3/kP/sn/sm/zup33v7P/s//5pdO/u3pP/h3/eD3/Wv/lqM/b/u7/9yvtfvy+C//4jf9C7/9xb/5d139Jnd/8f/59/32v8N/nf0Jf8Mf+o+efPHyX/yd/rY/5X/7df6kf/rX+ckvf7c/7O+a/LN/9dmv97/+zf9r8Xf+2//2v/i3/7fz3+zhT/61v/k/9Mf8Z7/lf/6P/kX/w6/4u/+Hy5/5h//jz5vf9Y979BO/9d/05l/5i/7g/6L5qT/mT/js8//hf/xT//3f9X/+b/7BxeRX/17rf+0/qQ//ii/a32q//bt/37//i/Hu+f4v+y//lj9p+m989y/+R17/i/9V8Xv/Npe/0Y9//i/979//z1+c/Bf/QvtH/O//6Z/5v/7nf8rv+Iv+vX/sL/m1fvlf9cf/hq/f/GHnf+iv/Vt/9Jf8Dc2/+ff8vn/kf//P/erv/52fVr/xb/zP/9v/3Ve/xbf/4U9OPvnD/upv/2n/0d/8n7z9y+7/xr/by8vRn/0b/+N/3F/9x/wVf8oXf++f/Gf8un/4R+u/4E8oF6/+27/in/onX/2b17/XP/Lf7qx+zzv/0G/zn/67r8v/4Df+0/6rf+of+VW/5t/4p/56v923Pv8zTu/8E3//T/6Hf/Z/8J+u//Y/eXbyd3z7H/o1fuM3f+lq9U9+/Ovcf/f6n/nzf+Hf+u/+NX/NX/nuL/+lv+Pv+rt/dudv/Ev/iD/6L3j2h/xJr3/89Lf6K37v/F/9zf6Q3/8nVv/tL3/8q79/8Xf+Jf/9P/E7/lXrs7/4j73+c/6zP+Y3/3P+uFd/5F/yS/7F6z/ji/95ORp/5x/9T/6q5/9y+x/9Dn/oH/M7/Rt/6b/4l3+++h9H+3/XP/V3/K+f/i2P/pq/9Ksvfp/f+1/74/6U159/8VvVf8/v+cue/RMPf/c/49nnv8Hf+Tf9tp/+J//V9cXbv/d7f8Tf93f9UX/dD77zN/wN93+38z/yn0r+mP/rX/jjf9V/+wf+TW/3/93tj3/T3fXVv/rkL/49f7df69mP/cI/4g/9w79V/Al/8x/4l//zf/S/9oub8g+4evbir3n+t7/49E/83f61d3/P7/DX/Mo/4o/d/eyLp+u/8Xf9vf+i3+pP/sGf9odf/qn/6n998ov+h//wX//n/8M/++7f+Rv+/f/Av3/6t/xT/+xf/W9t/z6/xq9b/Kmv/4SP/oK/bP23/Zfj3+8/+/v/yvm/+3e+/Tsf/Im/xT/9V9y/+F1/99E//Ef/Q//K3taPldmXT/6O7/5Nf8cf8ePTn/xfT19Mfuxy/Zt89Pzf+7N/cPqn/NW/21/0x//Sv+n0d/iz/7K/6vr3KD//yw7+tP86/R3/rc+qv+V/uDr82773O/zUn/x3/31/yWe/3h/yx/2Ss3/ot/rn373+8d/5N/obftWfmv+t/9bH/8V19af9d3/yP5Tvbf/ev9Uv+INmf8rqt/nT//U/9ORfaf6qX/xnnl+d//t/7b/3i/ee/0F/5T85+8//sdn8b/nX/urTP/kv+ev+hN/up19+8Ru9/tef/MtvXr/4U5791z9+59f5Q89/8te82vtf/oH/+p/5M//m3/t/+Gv+gh//J37n3+c3+cvz3+2P+y1+zb8q/UN+g9/lb/pD/+WLX9j8A//kv/jnzv7dv+If+1/e/cQ/M13/ye3f8zf9mn/Lr5k9+ct+s+P0f/qHf53f6Hf8a//OX/Tn/v6rT3+LMv/q1as/69d79tf/7n/CvV/jL9j6L369P+fXe3b/6OAv/3X/hn+6+Yf+wb/3v/8//vZf9Hf9Pn/sX/bnv/nb27/+4F/6Vz/+Z/6yn/m/fsnv/h9c/yf/4sW/9y/8h7/7X/r3/OX3/6b01V/0C/7l/+2v+o1ffP4X/Vff/qk//Nv/eP47/zXF2//4t/6t/vff8Tt/37/yj/9nf9Bf+hf81p/8mr/W//1r/BHp//VL/uQ/bfT81f/6z/wRf+R/9+v/HrQe+If+d//VT/3uv+ZPvjv8j//0n/7b/uNX37rzv5S/9A+snv6N/+mfeXX5m/yf/91f/y//HVd/+Kt//V/+O+7+7n/6X/mX/nb/253f5Nf6W3/nP+Uv+8t++jf4C36D6Z/53/99X/3uyb/wL/zn/+mv/9U//ev9xH+5fPNv/x2/5I+t/oF/98c/uftH/VXf+4mjNN/+q/61f+Vv/63/mn/p5f/0lz/6Q3/J3/pf/geT/2I8//f/jr/+v/kD/qc/6y84/f6v+TO/zdlv3f5av8aj+b/2u/7T93/rv/7sr/6Pf+VvvX78y3/n6j/4F/6d//MHf1rx5/8pf8tP/3N/yN/3t/1Z/8f60b/21dmvM/6rt0/+7PwP+Q3+4u++/bX+hd/wd/yDfuM//k/4X3/JH/mL/oM/5/X5X/PR899mevz6H5r8ZX/h39T+tv/F77f4t39Vlv6Of+zf/Rf8vn9N+tf+Zr/xb/g7/Em/xt+wV7/7tf+CP/3dn/d3/B6/xx/9F/9z/8lf89v8tb/zn/qX/wl/w5+y/k9/3xe/6W/yV/5Z//kf/6/9tX/1f/79bz/+E+fj7b/yb/27/5x/4z/f/xd/xyL7r/7Af+bxP/zLfuff/t/+D763/PTP+Df/jfqP/Nv/9F/7zq/49f/Nf+lP+HWuf7PPX/0uf+4f+OLzv+ev/k//lT/0X3vw9/zvX/7XH/8rf+Bf+at/rz/wj/zlR//+73T83/yx/86/9vjRP/Ef/mX/96/xD/wfv/p//qc/W/xdv+K3+In1//1r/IJf/1f/hv/LH/hv/eK/89v/7n9S/Z1/xa/6l/+8X/gn/XPt//lrfPxfXf/vf+Df+N8/2flX/7z1V3/99/6qv+Ufz3/Nf//H/9Y7v+J3/uL/+jv+qF/x59IKcLX8a39w57M3f8NP/WW/yV/0zxX/6eIn/5zv/ka/46/4JX/Pr3X0h/3W/+adv/n/+sO//Nt/7K//w3d+W6xG/F+/4E/9X3+T3/rj//UP/Fv/zf/7X/n3/41f/y/5xT/9l/8Zv9bin//s2d/2n/3B/9fyL/59/rrf4z/6v/6J/+Fv+YP/z7/ox/+L3+Of+T3++X/pN/4dfuFfPk3/jz/xV/2mv+p/v/ojvnX5N/8Jf8W/93/92X9x+3t87//6q/65f5YitT/i4nea/p9/xD/4H/+V3/lP3/wLf/bvMf8r/7dP/tW/7uU/8Kf9Bj/xf/7Mf9W+/YOqX/53Vb/yTyz+7H/89/5z/oS/8M393+31//or7v+uj/72b/91f9Wf8Qv/oz/ky09P/67//e/81f/Q//oPZ//wtz/+K/+13/w7/9H66Ffm/9Fv+u2/6Xc5/W3+99/0f/pf//y/6jf+9b/3r/+1n61//z/pL/3Hf+Jf/JP/xj/zH/78O3/I2V/2L/0vv/Vv9M/+Dn/4t//Rw7/18Nf4NX6X1//jLzrZ/sf+6d/ok9/nd/yD/tvX3z+evr3/7/+z//UfvPfFJ//Vr/fr/05/wR/0O/9bv+Pf9L/8W3/OX/dr/euf/W7/yxd/2J/1r/0lT/+2P/Hbf8Xf/1/+AX/97/rHf6v4hZff/33/jD/hP/z9PvvjPv1fv/+n/Af/xeG/8pf8nr/OH/Jn/+u/37/zS5//Gv/kn/w3/sRf8at+v5/++/+mP7f8Tf6ASfboD/odvvMr/9T/8vf8Z85+61/2U+1ocfSP/jt/9//yZ/0x3/pz/prv/O+/0fV1Uf/Nv8HvfOdv/q/+5Dff+dezP+dP+fLX+qsuHv3hf/g//9f9xn/Ug9/5z/m//rnf8c/+iZ/6bX/mt7r/z86SX/Rb/y//5D/7F/8F/+Q//zt++l/85D/x71z8Xn/WX/pX/z6/7m/yp/1F07/2P97/T754du+//Zd/8Kt+x3/re7/+H/jf/1X/+99b/A8/8+IX/+L//N7v/b//efc/+3WL8tW/ST7ZT7z5L6a/xz/yhy+/89v/gr/gz/mFf/Kf/tf8bl+cHvwBu//ZX//nXv3b/+OfuLM8/Jk/6b/f/cf+4X/27i/9M/7K1cl/+Jd/8dv/Ub918ht/8o/+Vf/jv/cvTP/z/2Dy7/ybf9rf8cf/O7/jH/9/Ff/yX/Ib/Id/xe/8rfZv+0t/+a84+Gs++jPSv/un/tVf/y/77tP/5M7f8Tf+fv/in/Cn3jl5/Xf/nb/eTzz4bf7zf+z1d/+lf+PN4r+a/OW/+vf9dX/d37f9U36v3+3Vvza9uP/in/vOf7D+6sHr/+6f/POWf9m/d/VX/Re/19X3foPp//Sf1H/dX/Lki1n+uyV/0D/6e/6y//6v/k8epf/Z77j1vy6/94u/+/f+8X/n9/7sv6/4T7/7k/Pf8/s7f+mv+wv/sL/4f/6Nvzj8h36n3/TJv/F7tfnf8U/+vtX/8Q/8u3/M5b/wj/82e7/eX/PH/2vjT3777/5u/9KXf8Yfvfzt/sVnv/1fd/2tf+6PO/iN/7vD6u/8d3////HPvf/X/7Lf9C/73f/43/Q//QN+zd/gl37xJ/5tv9bjf/Lkx37l23/+r/3Tf9Wf8ct++icP/5g/6h/O/q8/8nf8LX6jv+gHf8Mv/Ufe/Am//l/yi/6Wv/Of+M//0f9xtPilv8eP/2l/zV/3T7/5K+79+G//1/5Vf9Wf+fHxn/SLfuPZb/0bf/LP5H/L7/En3ft9/9K/6A84/Rv/hy///cs/93f86/+G/+TOX/THT/749Z1/5df4yd/3r/6t/vLPtg7+0C+P/uLtP/aX/vujq7/37R/79q/+C65//3/0F/3Vf9bf8/Av/bVfvf0T/pu/4Nf57m/1X/2Pi7/vn/yf/rp/rvlrv/ir/5K/4C/4LX+jf2Lr//gf/tJ/5Kd/q1/rb/+t/p1/81/7I/+b8t3f+Xf9Gf/rv/lP/u3f+j3/kx/7q/7qv+g//fLkl/037/6dv/Ef+BP+z9/3t/nX3vzBJ8//gt/h7//uf/6rflX7H/89P716+M+d//Qv+Id2/vXFT/9znz75Y5v7v++//C+//vwP+VP+hPZv/HN+8Af/J3/Mb/df/9V//l82+vavcfff/BPL//6/vi5+0U//6vvf/UVnX/0lf9G/9jO/5z/0V/3av9ufMr9D4v97/cb/yL/zKx7+sb/Xf7/35L89+kt+q9/gj/mT/rM/79f4rX/6p3/Jo3/z//41/pqj7/6P/+Af/3f/kv/1B3/z//orLh+0P3ny/H9Z/r7l3/3kl/92v8N/92f9I//G69/ri9/nT3z33/zuf8nf+Et+8Lc/+9//4X95tf1n/8w//t//B//yv/iT/+7nv+IPe/Fn/jb/zZf/9c7v91//1vf/6l/3e7/mn/b6D/6t/tO/4O/+T/+ZX/A//I//wb/5HzS/wX/+u/wVf8q/8d//I/9Ge/ff/i3/6f9470+f/Q9b/8Xf/lfd/+u/9ehv+k3+xF/1+Z/777V//b/78l/6l36vP+3f+1Nmf9WDn/zor/lP/ozv/Fef/Nb/7Ud/2V/zR/8Wf8mf8+f/Zd/+z/6ov+p3+Tue7Lz9xX/kw7/xT9oe/b71f/qd/+Q/+DX++t/wT/hdv/Mf/UmrL3+zt//ln/Q5LVP+rr/6r/67/sM/4r/8rf6QT//ev3f8d/7mf+c/8nvf/70/+TWSv/73/OTL0W/2g7/t9//lf/zpn//f/OBP+If/oX/qd/2pv+43+hW/1f/8T3/rt9/9VeP5f/aX/sl/yB/+03/O7/Cr//K/7d/+t0//8D/rF/+T//Pf/M8W/9zZ3/If/PXf+ed+zX/yH/sLf7Psf8n/xX/ql/z5+Z/35/3Lvy6t/PyL/9zf+/bX/Y3Lf+4v+pPf/Kn/8bf+wL/sT/wTfvsf/51+8OO//e/0z/+S75/9dX/NP/WTX/3kr/eb/sq//bd+/cWrv+Gv/6tnv+Xf+2f/5n/y3/3b/PjZ//69f+/v/o3/tt1/8j/+PPnrfo9/5Nf4tf+7v/I3+Zv/mf/kf/kvrr/45//xf+5P/EU/9d+c/+5/7T/2O/ypP/G//PL/6nvf/7f/7qu7r/6Lv+p/uffVf/aty7/hP/8nPn3yl/xlf+tP/nG/+/e3n/5pf/2b//FX/yl/TPmH/EHf/xva4u/+9H/9Hf/Pfz/L/rk/42/5h/6YP/nf+z3/99/zf/uZ0/R3uE7+xj/pl/2Nf+PJn/EfXP2Sf/dPqf6jv/tP/s/+nH/hf9j7z/+W/+S3+clP/tp/7r/+A+/9Oa/+9r/8B7/G//LwevZX/urzP+n//FsO/6m/+fed/2v/8cnv8j//A3/yf5dXP/0X/x+v/rYf/Eb/55//7Fc++Bv/oz/q9/o30rO/8p/7V/+P//DP/PzLv+7v/OPffP+3P/mzLj/5iT/2t/7f/qhv/TW/yV/2m/8r/9lf/lf8IX/1X/DkzT/+ez3/h37fP//Bn/BP/om/6Ls7iz/57/z0ny//0r/li/Hv+Su+9WO/3S/7+Jf9i6//xzvVn/rx3/ln/Jv/3Jd/7G/27h998Jf83S//9aPv/IN/ZnX6K3/7f/ff/fzu3zX5x/7TvX/97p/5p/zVf8Gf8Jd8p/iL/5C/52/4bYq//vf6SWLU785Gf/kf8t/+H7/vn/TZH/fxf/7X/zP/xj/+N1z8HT9R/rZ/16/1Y18d/FP/yy/4+4r/8l+rFv/C9z77L/6zP+PP+Dv/uuo3/NfPXv3aO//i2+s/9Tt/zL/yD3z/N6/+rN/j93jwJ2aXv81//L/9vf/Gn/7n/uK/8dNf+vrhb/q95b/wT/yLf/R/87b+Lf6zP3n3F/8hf9of/of83qvfsX703/yVf9mfMv9P/5y/5s2T/+TbP/HP/+X/Yfl//nn/7qeLP+Wf/Pd+4//9zv94tfWfPHj5737+e/41v+0/cO8f++1/t3/l1/7Df7eP/tQnv92f8Bf/pte/9H/6d//N3V/22/yn//13v/XPVn9n+b/8C6P/4e75X3vvt/81zv605Df/rX7qz/onfu9f7/LX+JP+qb/yL/pff48/8vAP/Sse/bc/qP6Bv/5/+OP/t7//H/+j/91/9T/7m663//g/bfHX/sF/9Z+Z/LN/2l/zj3z26ad/xV/zN977nX/J7/Zb/JPJv/5i+r/8PX/nH/s//3f/3a/+8/N//vA/+Df/tubX/+T3+b9/jZ/83f680R/76N2/8hv/kj/kO3/Tr7n/N/+6f8z2/Df41/+ln7x78Xf+gmf/+X//X/6S//yo/fc+f/j58vf7+O/4A3+tX7j7K/+sP+Yvnqar5K/6k/+Y/yb9r//rH/+fr/7zP+N//O8Xf/ff97f8jv/sx7/eyd98+dn54b1fcJn84Pn6/Kf/1O1P/pjRP77+nX+j/V/+l/7uf+I/+w/90v/k9/5PT/+0f+oP/9N2f7c/p/m/f42/83sX4/9w8SctVn/av/U//Mt/0j9x9gf84b9+fWfyvZPf9b//df6Urd9z/3f+LX5x9j/8E7/in/8zfse//3/9Fau/pdn+4/7oj/+Yv/gn/rLf5MUf/du/+XV/k7/l1/7r/7Rf4x/7Q37P3+1fe/Hf/p//51d/x+Fv+uv+uX/u7/7d3+irXzX/q37lb/TP7v9zvyr5nf66/+R3+E9/v1/79/ubfvtf+Fv8+T/46/6b3/G/+eyP/JV//Z/94Df+U/6Xf/0PePVP/+bzf/zXf5v+Nf/1//ULfqt/8k/+K58sv/9f3Pk7/ob8b/oH3v6Vv+HoHz6///FP/VPzf+f//jX+2I9/4q+vP/kn/9rP/tj2/G/+41/8a7/97/DH/ORf/K/9Tb/BX/Zo/6dHkz/5N/5P/4KPvvyX/+Bf45d89p/+qn/3r/8bfu0/+y/6dX6P3+FP/C8++03/7X/j9fiX/V2/z5/1x//t/+7v+if+4b/Jnf/q81/r6Nlf+jf8/t968M+/+D3+2q3/4p/8R3+7v/5fPP0T/72X/9x/+t1/6/Mvfq9f56u9f+IP+62u7//k9/71f/wP/+9+yd/93/8P/9Kf+j/+L6N/7me2fq+nn//GX/1uf9DP/B9/z9W//x/8AX/Kb/Lq73j77p/8E9vfYvUH/kHf+oP+sd/0f/0Pfsmv8wf+Fr/4311frP78P/xvbn77X+evObwo//h/8u/4Wxa/8fZnX/1Ov+n3fsGjv+ePuPgr/5Df9c0v/S/+lt/+d/2Tf8V3fvs/67f58S/+sN/vP6v/hP/wYv23/A//69/0W//P/+X/9Jd/50/57f7rf+2v+9YXO3/db5ckv8bv+dv/VSf/9r+4unr73/+df/b1L/1f/7Pdv+1v+5//oz/lj/ntj/+AP+6P+IN++n/Iv/XFT/1lf8iLrY9/ovo1/469X/6r/4K/5e/41g9+39m/+Pv8aX/tX//XfDv91b/WX/m//XF/+p++/k3+5n/yd/l37907/JuS03/xX/23fsn/+g/+jX/HL/4N/pPt0R/yx/xWb/6b/+N3/T3/k7ff+TX/pT/m3/2Z//Nf/btO/t7fa+c3/8f+nb/s/Kd/49/lj/tbf6fXZ7/bn/qP/tH/zV/8D/45f2LxK76c/q//xj/2z/6KP+P/+Ef+x9/nzg/+r5/5Bf/pX/3v/u1v/u7fd3z/v/6Vv96Tv/a3/e3+6X/59/rWm3/zn/nTf8VvvP/kPzn4Uz76sb3fbO+7/8Ov+Gf/vX/8b/5f/ov/cfEPlv/Lv/PX/n4/9tFv8Yf8KfenL//PP+7X/a2Kl3/lP/dn/ILvT778D/7VP+fv/r3+7L/77/0zq4ff+7PSf+BP/vS/+GPO//A/49t/6V/2z/3L/9df8lv8hn/+8vf5A5M/7Pf4Y//ao//m+//y3/FX/T3/YvFf/KLv/TF/7i8q/77f7x/5h//lf/bv2h399I//s9nf9G/9Pd/5mT/89M4n229+i3/qz/qrf+3f9Re0f8A/9Y++zP6HX+O/+Owf+L+++NW/6G//u/+W+YPf5+7v9tGDf/jzq9/9+D/6DX6Hf/jX/48/+sMmf+Rf9+f+57/zv7n4Q/+M//Wv/Xe//48vPz34O/63P+2f+fP/g9/tJ/6SPzL/h/+Ab/9xf+j/9gf/NX/ev9b+I3/hL3z0H/6dV4//rC/+zj/j2z/9Vxcf/1+/8R/+p/72X/1xf8hP/3Z3t0/+0//8r/5Dfve//s9+/St/97/r7Lc//Uf+69/vt/0LnvyH1z/9Dy//x//+r/0dd/6N//0f/ZP+yV/75a/zX/+Ckz/qV/1rv/z3/r/+q//l33z4P/z1+d/+H/y67/6l/+0XzWe/7q/34g/5h369o8U/9K/u/0X/ze/7r/+1v+Pf8t/8K7/xv/Vr/vL//d/9n//PX/KvT/+qX+9P/+zTX/nr3Ps1/9G/6OJv+zt/59/ve3f/2D/hr/rH/sN/+H/6rX7vP+f3+cmP/tR/+vPf+vT3/Z+2f9+//N/9F375//1r1NNnf8u/s/PX/m//4N/8e9z9vf/xxWL1L/+hv8/5xUd/1298+uv8wf/5T735E3/qLzz6Q37ff/Xv+X1//9/33/4nd1/9AX/n7/2v/cFP3tz7zX67f/N3f/uX/U4/MX/89/ypf9Ph3/nb/yn/7m//D/6xf/dv9U/9m9+9/OP/wF/5djn7U//7P+Huxb+2/Fbx9/3t6//2x3/3r75z/Kf8Zv/aH/XRP/CX/I//zcmveHv9n/9ef+wv/m9//9UfsPUn/ff/9X/yz/zd/+bBH/fHfOt//rX+2q/+tV/y6/2mv9ff/fYv+O/+h//1r/0fi+Uf9rf8vst/5d1v9nf9q//xv/vb/2n/+l/wt01+7f969cf+1L/2n//Mv/kP/g5/79/4l/9fn07/qv/93/wl/8Of9kfu/gN/9e7v/If9u//BX/g7/v7/57/1e/yT/+mf+9ue/Z1/7V/wr/yb/+nsHzn9o773r33xG62+fTH5zq/z9/6Wv+zf/Fbz5WdfjP/Pv23xj/07//bf+++++3X/zX/8/3y0+ye/++TdH/4v/vTfnP1lv8aPHfzmv/r7/+LjP/G/X/9tv9Nf+8/9jn/X9/77f/jH/77//S/+Hf+33+Wvf/N7/97/+b/0j/347/w//DV/5O/zV7/c27/6/ZbJ3/8r/4zf+zd69uiny3X6Z/zOH/8P26e/9fGf/e+f/Ra/y//y53/rP3zyx/yD/+q/Nf3TF3/O9l/w7/3t63u7f/H/8j989BeOf6fPvnzyJ67u/hu/NP8Hfu//6jf/zX+bv/Rf/Nt+h//j//rWr/1f/fpf/r1/7H/+k//ev/39qz9k/Y/8eX/Hf/MX/Pb/850/6I/5A//2v+gv+b9+8y9/o+JP+Wv/qux3+2//hD/v7Df/o3/8J//kf/enfq393+Z//WP+2X/3n/0//81f/Pf+ev/tP/Lv/sG/6X/ym//kYva//sF/0O99/pf9Ob/myZ/zB//L//r//Wv8vf/u7/dP/rO/4/X//rv8jlf57rv0v/7qf/rXfo3/rn7yO/wNf9Kv+bv9a2+Kj/+S//Bvu/wXy8nev/1L//1/9H/47579pr9o+Z3nf8VP/w7PF/vXf83jv+uf/5v/2e1f96f/tT/xb/rOw//mO7/ur/HP/27lr/mv/Xa/5X9X/d3Lx39nUy3+2e8ezv6Wf+sf+qd/+/NHyfy/+9f+tv/hX/t1f8mv+Qve/De7//b/+h/8or/l7//7/8vDz/6L3+7BJ3/Zn/Lyr/pLvvpT//H/84vf9K/9W8/2//L7v/kf96999y8t/uc/9R/8a3/xX/tb/oV/8b/35rc6+Pf//b/9d/9Lfuv/+k/8X07P/pS/6G/8ff7Tv/Jv/GP+lOvzP+fPePfX/NW/25/w7lfsfTJP//iferr+F/++P/93+da/92//s/m9f/rv+Pd+vX/1rx39dX/bX/On/Bq/zm92/PoP/cd+wW9978Hf/vv9J//iv3j5i/+43/FP/9t+UfVp+ff8I28++Uv/tV8/OfvWySef/DF/0m/8G/ynv+dv8DN/+n/we/93/8Gvfn758J/7Q9/+S5/+gr9n+gf8KTOK8f6cv+sv/t9/m+988fZ3/C3/4T9p53d5cfr3/bF/xxfF37b/y/6Y3/GPpMTbF1s/9qvrX/rPrH/nX/zX//0/9T88/if+jL/jH/uTL377P/pf/JN/yemf9Zv+8r/r9S/7G//K73z5x3/2N/66v/Ev+m//uH/v3ynqP/3em//+z/krq6e//Z3v/tPf/aP/pP/715h867//9X7vL3+NL/7qP/Dv+Owv+i//gd+vmPyfv2r+D/7Vv8MfvPUrfuIf/r/+9f/oD/xLT/7zf/nv/Nt/5t/7M37ZX/Ddf/AHp5/8Nn/wn/in/nl/28W/9Nn9u7/8r/k9frP/6r/7+/6oz//yv735P/+k7/2f/9mv9dk//tf8Zb/lT7z4K/+Uf/Y/e/u/rv/gfzr/A37zv7765//w//vX+Ld+379w+Ru9/mv+jb/+f/pP/6p/c/Hp21/y2cd/6v/16e/x4vO/9zf/U1/8Nf/OH5x8+W//G7/9b/xn/B+/9Dr9/f/P/+Y//BN/8e/06MX/1vxryZ/R/A7/3p/7O/6h/+fRX/Lv/eJfunPnpy7+ml/r9/rNvvzib/n9/4lv/x+/+f/1K//7J9/9X/7rv+I//deSP/f3/Xf/99/0V/6D/9vf+Lfv/h8f//f/9Z/w2/23//e/+u//LX/hr/49/rvf4z8Y/5I/4T/7X/6b3+NP/Cv/nD/wL6Llkv/rl/+Sv3L5Z/zj/9Av/1W/zvmXv93v9Ov+Dv/+n/hfn/42v+J3+d/+4F919C//vcXv9qv+zb/8N//rf68frPf/uX/nD/knfp8f/94f/tv+zb/Hv/7n/BP/+J/7y/7Pz/7mv/JP+Bv/2L/8oz/s1/rkxZ/3az76739F+r0/6Tf+v/7C/+76f/3z/uf/9vf8U37dH/ye/+vf9zf+Nv/8X7f+3b/6a//nf+Z//Y9+q3t/6vT/+h3+of+1+Wf/md+x/eN+8z//N/6/fpM/9Pf9L/7732X8/Hh/75/4Tf/tv/b/+D9/4Q/Ov/yVv+Gf9Wf9L7/jzh/zY//X3/wvPzn7Xf7CX3nxt/++/9av/6//O3/Vb/8//YP/yD/5f/z7v9Wv/qX/96/xn/y2/8OXv/0/+b8c/1+/9I/9+8s/9Seq7/+Hf+xf8ZMXf/Vf8t89/j1/z7/uD1z+vb/mX/DHf/f3/G2/9ef86X/i//abTv+o3/r837n8Z//sg0++93v8F3/Lsz/wX3j0x//udxf/3Pf++T/vZPxn/s2v/7P/6Z/7Pf65H/z1d5q/5fX9+188/h9/nV/+3/+6p4//5d2z3/XP+W3O/oA/4xe+Sh7XW3/A5//Sn9j8Pf/2H/1r/xP/1W80+82Of9mv/+v8Ln/bL/pvf7vffzX/417947/r7/Pyj3i1c/zb/zo/8w//1v/14W/7B/wXf9PhH/PHrl/NfvrP/ORP/Gv+0r/63u/+9E/+7M1v9cVvsP/Vr/cLX2+Pfvm/9Ef92b/Df/X6j/1d3n4v/9v//r/5z1z+Kb/u/37xk7/VR3/b9u/3H/9+v85v+fLdL//9/rx/8pf8nf/Dy+X//O/9g//6P/HP/GN/yPEf8Lf99/t/+Zu/6l85/scfPf7sz/97f5ftP+sv/+nf57/4E3+XX/jb/rZf/Tp3PvlLHl//1Jt/6j9485O/wX/5T776a/+p3+Ov/Pd+r3/2V/8Bf8ff8af+Y1/d+6N/39/yy/1Hv+hX/9j/8b//+dd/5btf/M/+W3/c+B/59/6hP+7X+N1+rd95/Z/9kj/sN/1n/4bv/Zm/xx/2T/x3R3/lP//f/zk/GB39irO/81v/5d6b3b/m33jz591/evDf/ZLTn/r07/ry33v9z61/41/7n1n/Nr/+f/s//B2fXl39jv/k7r+z3Hv893710f/0L//xv+e/8Rvu/E6/yW/wK/6JX+O//u//zdXf9Hf85//Bl//gv/Of/Am/8f/6t/5vf8Mf8sf9B7/5b/CH/5G/0R/6X//7f8rbf/lP/3d+8R/8y367X/K3/zl/8h/0Z/wDf+Lv8tXRn/Sb/8z/8Jv/9JOtv+urX/bJL/rlv/af+Ad89s/8i//18m/873+ry79053f5A/7j/+Ov/tf+9L9t+ex/+Vd/+h9o/v2P/tLf5W/7V7/7y/7G4//wn/u3/9v0f/tX/90vf93y7/qvs394ev5n/dW7f/sXv/bF3/y7rH/Ps9/2f/7Pit9ta/G//+l//S/+XS6O/s1R9S/+eX/bL0j/m/M/4LNf+1317Fd/9bf+qvb0f3zzp/6Vf8fj/+hffv4v/01/55Of+Wv+gtEP/sz/br1/9Bf977/gb//7/qnz3+unf8Uf+L1f45f+g0SS/6D5h3/61/8zf99/8e/6+/76+Q+Ofpff8u/8Lf/Ff+Ph3/PkD/xP/t2/b++T3/4f/HV+cvI/r0+r/+3X/Kf/71+j+h8++pW/wz89/Q//+9/t//41fulP/Y3/R/7nrY9+8Rd/173/5W//7373f/Bv+fv+wP/tX/nx13/9H/p3/IXf/Y//p1/y23/37/j0v/9qeXrvf7t+sL++/8v+1X/tn/709/9dT87+pD/yH/rX/uV//MWf9p/89PzP2PmD/ud/4a/43f7UP+LwT/i/f43m6p//m//D/+Cf+KuyP+3pkz9k64/5x7/46bO//sf++l/6z/wmf8/u317/8X/6n/h3/pu/49G/+8k/83f+Zr/9P1z/dc//hL/mP/lzfs/v3//qLz/6d/6Cz37z//3f+dP+5P/if/r1f+/f5y/8J/6W3/vbv9Wf+pf/dr/Wm0d/wm/8D/wF//mflf0Bv+X3P/lf/ttf8D/87k/+ld/uH/5XX/+e7/7gX/Zfvfj3Dv/I3/GP+3e+91fvPvy13zxY/P6//7/y5p/6B2avP32w/PT3Ovyd/uZ/6g/8j57851/91v/ig9/0n/z1/+3f+E//0/+xX/1n/HvLP+Bf/eX/bP0PTf/Q3+uv2Lvzn/8lf9uvfvTbLH/xX//X/w3/7N/3l//x//Sf+t/O/taffPjbf/vx2R/86//PP7b1m/67//W/3P7T+Y9991/5Xx9978v//T/6Rb/qv/wLp++yf+pf+/ufvf4XvvM3/w0/ePzZP/33/s9/1j/4x/1vf/T/9K/98n/tr//7dv6t32j5u/yOf9xf8Xv/Gz/17/39v8O/9ub1v/zq1V/09/09/9wf9od/70/5sce/+o/6VdPy7/q7/st/9o/6H/78P+t7v9eP/70P//rf+jf+NSc/83f9ov/2d73+T6//9r/tf/0b/vH/bvrmwd/05E/+3X761/2p09/oq68+/x3+tT/nN/39/po/5uN/70/+L3/hb/fvHU3+yu2//S//U3f/1L/kL/+L/7o/42/9rX+9X+8v/93+xr/qnzr5jRaf/U6/1d7nf8X56i/+TX/9v/D6t/pH/uG/7t/8J/+eP3rxN/x6f/h59pf/c3/QH56c/aW/zf/ya/+Jv/cf9Fe23/tVv+5f/6f999fnz/+Ub/2lv80f9+Qf+rtXv+6b333rH/tX/rxHf+XRL/8P73/vz/w7D3+vz7737O/6a/66f+L//Pd/n+TP+6m/+xf9Cff/7h/83f/RX/qv5//mf/JXzH6HP+rXO/5v/s6j/+XqT7v8q/6O/+un/vNf/e2/fO/z3/rP+87v8kf89Vu/ZvXP/Zu/4Pd99I/+B7/0P/zd/71f9U/+uXf/8z/oyS9b/pZ/93f+zWd/9W/3h/8ff8af/fDxD36rR2/vfv63/+BvXP+v/8bv8p//8b//y+qfOyr+53/rf/i7fnXyz/1xv+Of8df8BX/2T//Xv+7lL0j+nl/2F/zF/+y/8vxf/t3+0t/pf3r17b/hb/0df+9f/Rv/sjd7y9/pH/076//+X/w7i7978Vuc/tV/w/pbf9YfvL8YP/nfyj/uW5//Mb/9P5788p3/7I/+Uxf/+eJf/HO3P/s3/9T5f/jRn/fX/DvFxe/ze//Gv9ffsP0i/31+q3/523/YXzf7zf6t//o//E9+v//gb/hDf8e/+1ef7P5xf8Gf8v1/86uf+BP/3X/723/Nb/Mb/ZJf+uhb//Rf8e/9ab/8f/tvHv3Bv9Zff1T/Bn/m07/57p/45H/76/6+X/17/Q+/9S/f+xenf/P3/r1f73v5b/zRb/6TP5n+Bv/05Ftvf/uHv/79R3/ND7773/8F/3ZTvf27mt/9X/+rP//7J3/z37X/k7/nP/bP/Fp3/qJf6/fc+Uf+kj/0i1//2f/6qPwrTn7zv+vqFxz9FX/Co1/yl+z+1n92+iv+5eM/5Y/f+7MP/ue/7bf+vf/3B7/gp/6t//if+ntGf92f+T/9ma/+vZ2/73L2h3zy1/6Ov/2//M/+vv/tV3/Jn/JXPvkz/oB//n/76b/9L/o9fuvf4Hd69Kf+K//Bf/Of/JPNv7/9l/9xn+f/8d/2p69+px/73X6DP+6P/cf/oPrX/s3/p3/tt/zH1vP/8/f4B+88+C/+xX/73/170z/5+d/+V/wGf+u/9s/8i//pr/77fsnVv53/R7/NL9r+y/6nv/VPfLkY/6Z/3y/5L37JX/D9v7D59z/9p85+h29ND/6332f9u/7yf/z3/I//83/jTX21c/zP/Y4v/um/799PZ/Vfkv/z3/rr/4rjf+Lv/ouP/u7/9tf/536//+6//ZmfbH7Hv+Vv/lt/p/98+W/8E//mf3z16338u/yO/+TZH/Or/+TTv/J3uf9LnvwOl3/VH/OHv/jL/qjn009/0/O/67f9X//JP/3v/Gf/2MM//l9p/6e/9O/6k3+/B9NXv/xf//d+q9/hX/o7/+x/9ff78d/54f94dfi//PN/w386/Zt/6uw//ecvfsvP9+e/we/93/4lf9Tv+8e8+d1/+rf9id/pN/lF/9Lv+hO//9/yD9z5N/7Hn/rjLi9+13/w7d/6q7742//Wv/If/xf+tN/uz/nzzv+lf3bxf1xN/tX/4j/5U/6CH/yr3/8z/4jLv+KvyP+kV//Iv/P7/ta/7p/+p333tzr8O/+uv3lx9tlf8/v8o79R/S/8Tj+9+mW/2x9fTu//hn/5b/Cv/eu/w7/wbHX8a3/56T/63/+W/+O/8r3f//f6u/693/ef/3X/5pO/5N7v/Pf9SX/5f/PP/Abbf8Pv+TP76f/20/N/65/6XX/3f+93/sf/9r/3e//pP3h9+rf9uu2vGv3kP/7X/wX/4G/4p/yV++t/6V/57Sd/+n/7l/5mv9dP/NZvfrOTX+ePe778h/aK1a9dX/yzj//mv+t/+R8f/S9/9r/3y3+D3+3vffk3/JWv/ox/KvnpX/PX+VN+3d/gP/rpg/bkn//7/vO/vbn4O/++/+HvPfo7/q4/5h/+Z/+J//Yv/0P+59HW773za/yWf0i99e5X/I3/xueP9v/88a/xd/4b/8cv+lW/zf/+q/+5v2vxa3z2j37W/F//yf/28g/7j//bf+Uf/Cv/3l/Zrn/Bf/Nn/Mz5T/3tl//Ff/5P/Jv//S/51//wn/5v/rJ/4t+cNPu/4rd6+73ffVT+xE//T3/6/T/w6tdOv/tv/OFn/8r/8GNf3vtf/oJ//5/7yd/gz/xt/qvqr//Pfp/JL/nxV3/Pb/bv/PQf+Bv+4f/Sv/5X/cV//bd+/c//vT/zX/wd/8Fv/Q/1/b/+3/sL/96/4S+Z/8I/7m/+l/7p9Fu/w593/9k//5/c+a3u/zo/+cf964//3d+lIbL9kr/8T/73fus//fCnfqff5D/7o87/mr9291csf3n7J/2Zf8U/8/pf/Px3+gNX/+z9x3/8b/TnHO/+dX/OP/AX/CeLf+ef/ZX/4t3lzr/97O/8jfd//d/zJ3/nf+w//w0mxR9y/zf9qdd/9V87+/d+xz/z4d/6039u/af/9b/u3//P/+7jP/6rX+uv/ehP/7X+7l//7K/8Nd7+Q+uf/pv/h3/uN1n98z/xB/+L//G9v+1/+nt+t7/9t3v89/96P/UX3Nu7/ug3vf/r/LK/5I88Wf/9f8Ov+Sv/xH/w7/0b/vv2r//v/7y/+eF/9Ls9O/njfqedX/BL8t/jf/ze7/jXfzH9Jb/Rf/VX/GH/+Eff3vvW3h/37NkPfsOrf/7JP/CdP+d0/X/+M7/nX9+8ffef/6n/2r/5v2//hf/t//Xr/9v/67/2p/3h/9pv9NP/96/x8fGf/998//U/8a//0z/1S//Rf/3O+f/17j//Ox784n/27/30/N/9Jy7+pn/35PrvP//0r/lrf/yrs+/+WX/qb/x7/0+/5F/f/5/+yZ/44suTgz/yf12f/vje7/Mn/hv/6EfT//V/+A+b//z13778bbd/p7/zt/l7fuoP+s3+nn98fvwX/27fffjb/5Mv7/+D93/f//73/Q9/053f56+6+jv+vv/5N/vJP+dvu//r/ZLf4Bf8+XeLX7wc/1P/7p/1S/6Zt7/gO9M//K/4x363r37j3+7P/e1/k52zX3v6reR3Pvqph7Nf/Hf+r3/7r/c7Pfj7P/+b//i/5T/5xe/+07/0t/+9/pxf+gt/+nc++e//ov/zT/uv7vy91W/72/66R3/HT/1tq7/uD/jzfuK3+p1//Ff9ef/Hv/jdz/7WB8++93v8zZfn1erwd/oXfq/iv/9v/rg/4i8+L/7BP+xfefon/LP/W5H+8b/dH/qrjv7nP7f5d//68u/8/r/wb/xzf+Af+7v/c3/wL/3nyz/wT/6r/tvx5V//H/zK+t++/MX//T/0b/zv3/u9/9j/8x/4Hf6Yv/Bv+zV+8Jv86jt/y/17/+l/M/1L/ro/5Q959J1/6Vv/yV/x5/zev86f9PjVT47+1n/yd/z8t/sr/pDf+8/+H5796asvf/1/+z/4J/+jj/65P/5bf/Qfe7dIf6d/jWLBnz7+tf+NP//X/7v/uO9/+196/nf8D//Sr7P8j/6yP/iv+MP/mt/zL/pXfoNf+Pf9mr/OL/8L/u3f/h/7S3/7H/zbv/p3/PhvufgnfuLzX7j3O8x/+u1//M8cfvvf+Mt/qz/2wZ/w1Z/w1at/+X/7o2dv/71f45f8tf/+4jf6J/6d3+3f+k//3t/nd/pvfrc//M4v++u/9a1PTn6/H//Lfsff+X/7w36/Lz/e+2cn/3O69WuMfpff4zf5c/6lf+lf+UvP/uG//vQ3ffbd/3j5L/93f9/fePH5v/Onvf1f/93f4u9+cP5Jnf/Vf+U/8flv8p2/a/Rb/4Z/9M98/mf95Ovf9p/54jd+8ugf/ct/ndmv9Wv+nX/Tg7/nF/8J//jib/oLfr8/7b/5D36zf+R//l1/0ze/7x+f/dd/2f/66726f/737f5rf+1/9/v9s//8d3/mX/v7/v1f41/+Z/+V3/CP+i//5Od/wOEf87v8Rv/k93+v//0P/31/s7/tt/qH/+L/6s2v+p3/td/qe7/JH/x3/uu/3sWdP3nxD/+93/pL/6lX/9lv8Wf+k9/+Vfk/NfuX/uH93/wf//Fv/bM/9se9/bvTP/RX/K+/83/2J+R/5tWftfgtv/f5b/dH/Fu/9Sc/9Xf88Xf+pLPf6Tf+Rf/S3/rv/Q9nf+ifufgXd/7d3//3uvN3/31/wH/zv8//ii+WW7/nr/9H/RU/8/fc/fO/+NP/hD/zb/1ff/LZX3z2F//j/8NvtP6lz36vv+HP+elf56/5Y37sr/kP/rPf9Lf+5F/7S//BX/7yl/xxv+pP+Pf+gX/47zn+Xf7Xf+XJP/MPfvoXp7/pn/1r/MG/7L85+M/+3b/8j/1z/tdP/uzP/6uT1Z/wX/5vb3Ze/ZP/2V/+B/8ev+u//o99e/uv+l3+mj/3D/ybf71/8j+4/7v+9b/Bf3v/e7/OH/rf/muX/8f//Wv89f/9v/DnPv78J37P3+g3+D3+zf/zT/w0/dX/4K/1m/5+f+rf9Zv8pb/Hf/03/9+/xm/+T/5nv9kf+J/8kv9u9V//bn/6v/4X/EVf/l/zP/Bv+Pz/+HOq/+uX/ff/29//qPyZ3//P/OJf/L8W/+B/+Eu2//vvrP6bv/F//k3+ojf/12/6K37/X/kn/Pp/53/6f3z/F/6yH/8v/83/+1/79/+Ov/C/+T3+wz/wr/lfD//UP+i/+jV/l1/zX/3Pf7fqk4/Sv/fBr/41fr2/4Pf+U/+hr36nP/V/+wX/yj/1D/+a5//xv/JvHX/0h/6bf+U/9M/8AweTB3/89dX//Wv8CX/Dr/k7/N+/xl91+r9vUUD5K47+lV/j7N/4D3/z/4USVxf/5l/+e/5Bv/13/8i/8W/83/++v+ef/u3+vj/0//xF//ev8Zt99nf8W7/wz3909Jv8+d/9P/7HX139yr/5v//kF312/e43+UN/k//mr/qtfvVvU5/80v/ie7/17/Jr/TefNd/+jf7I/+nv/BP+0f/zr/qD/7v/+9f40/+lf+B/+Pt2f8c/8E/9P/7PX+f6/zr5XUZ/02/9P/wFu//HP/0v/pW/6b/7L//EP/G//oL/4t9t//bf6vf+ff+kv+yv/Kv+rH/t23/Fn/Gn/EV/9B8zyv/TH/xRf9ls8kcd/Xm/7y/57J9q/ruf/B3/uD/6/n/2O/z5p7/mX/3b/aff+bUe/+9/xF/3q/7cy3/7P/4z/sPq7/2x3/LTv/Tf+ev/nFd//z/0r/4aq//qJ/63//n3/HP/3Ovl9r/4Z/wFz/+Ik9/69/pt/sS/+zfc+av+mn/hz/mrvvXTP33/D/2r//H7h3/Rr/WP/Cu/y39dzX7f//bBv7S4/N76b/kN/qM/+U/8jV5+/uTX+D/+qd/jT/qvfv///pf8Pf/Dv/u//td/3+/3T/0r/94/8of8OX/rX/1X/Gu//Z/4L37nT/r1f/mf+NWv/R/82B/87/6Sv/bf+tW/uPy97v0Bq7/3Hz384/+JX/XPvP1jvvVT//ZHf86f/Z1f9/WXZ29+tz/mx/+A59/+O/+L/+t/ef2n/V9/y//9a/yZl4f/7q/4Xb67/deV/9ov+92Pf/3//qM/7P/4p//b3+Thr7r87//aP+/hX7j4d37vP/8f+A3/7Z/45D/7rf/43/Ov/I9/8q/5G3/57/k3/ODJr/gbftvf9N/6/h/+B/3bf/Zf96eff/qHPvoV/9L93+/3+Id++g/75f/b//7n/FN3/pPf+pPf7fd88/c/+OP+3N/i/i/6F//WP/5//x/+y+m/XT04/PZv/l/+YXf+0p/800a/1Z938Vv/jf/bD37T+p//w//K3V/2W/8R//wvqf/n7/2Lf91Pf+en/5q/+A/49f6iz9d3/ts/r21+9be+Pf+VX331W+/9Bn/1X/VX7fzyN3/zH7r60/61v+ufmaff+wt+yW/+T/z6v/o3/UU/+Y/9jeP/8Hf6E376f/gf/rH//U/5x/7C/+IHf+7f/ac8/WPbP+W3+8d//Nv/6Ve/4I/5q36N/+vkL/on/pK/8w/6DX+L3+Y//8n/7A9umr/s9/tH/st/6w85mP/0r/cH/uv/5F/0t/2dv86f8Pj3+NcpYfZf/U5/3J/95/+Vf9Bf/vT6r/yL/6nZ31z8Vj+d/8l/3Kt/+ru/xm/+B/1ev/Uf85etfv3/lBa6Hv5D21e/47/5V/0G/9Xf8OW/82v8Hv/c+sEv/sX1v/n3nv+7v8Uf8q/8bn/CH/Qb/alPfu/pf/fZ7/l/Tf6kL/6o/+2//vf+tv/5q9/g1/30sPjO7/Nv/sSf8yf+6n/477z/6t/7W/6r68//ogef/p3/6l+4/MUf/eR/+Rc8/P2efXH6l/1Zv+SP/4//2b/wn/0Tv/ur/8mn/+sv/febv+/Op3/S3/QPvf1v/oLR/d//n5v8/V/lV//Y7/e3/5H/yS988A/+nb/eL//3vzdd/42//5v/8af+m9/1//jkd/1D/pk3/8a/9q/9Hf/WP3Zy+tWvu734nf7tb5//ZX/E//yvffYfPPmPf9N/9T84+Uf/h5/8P/6v//zfqxd/xr+++EV/5y+Z/8Hf+/tnv+df9O5v+L1/i9/x+Df5t3/iD/7Or/hjfstf/Hv8M//yLz59+y/+m7/6n//3/4b/4dN/tf6Pfqt3f/6f9Tf/ETt/3F/8p/1du3/D7/JH//WP/tz/+fAP+B/+md//T7z//T/8d/+xn/ltXv+i/+xv+Vv/rrM/5Qej7K//J//7n/4d/ut/5dv/+uwv+afyO//+5E8++3VP/8Vf8F//D5/+sr/jn/4X/uq/dfS3/b1/wq97/I/8cf/OT53/xMkf8VX6J/3g7/zbf6d/8O/7J//7f+3v+8f+11/xN/8p//F/Vv5mP/Eb/nW/wT/2m//pV69+qz9x9Cv+pt/2uPp9/s7f/598/Nv8J3/1P/X8X/+7Fn/7n/2Pfvef+e9/x3/nl/xNn/yi/3r0x/3Lf+uf+YPv/N5/2fQX//t//3/8Nx4s/ui/85f97f/5n3b53/7Hv9ejR3/c//Rn/l4vz//C3/zH/4Y/6lf/4n/gn/57f3We/T2/V/sfPP5t/pR/4r/8nf6Af+MP+vO++62/5sUPPvnTvrf3l/yNf+2v/E3+rz9w+2++/vN+8uhPr/6rP+XP/6f+yE8Of5Pf69f5q/6Gv/Kr3+MP+Rv/h5M/8/Lbf/cf8s+e/zq/9C978U/+a79g69f/z/76X/35y3/9H/hHt//Frf/hZ/6Zk1/3j/hP9n//J3/lb7H7q3/7f+nX/l+Wf9if/x/8b//dx//48+WTP+HP+BP+gsU/+b0/8jv/9m/x5/zm97/4A//n4rf5qb/yz/tv/qR/ofibs3c//i/9Bn/Tr/Or03/3Z37xP/iLPv5Dvjv5mz75r//pv+j7v91Prf7y3+8frE5+43/vp/77/+tf/Kl/7/g3evu7/6v/+F/zx3zrX/xP8j/6P/3+7r/63/0u1enh1eL3+Zu/n/1Nf+e/+adMx7/8n/0f/rw/8I/+u/6Irb/5b/mHv/xj3v27/80v+Iv/4r/6d/sL/6pf6z/8sv6F/+7f9df9H//w37f4NU+3p3/0X/tf/F6/1u/3D+bf/av+2Hf/9l/wL/5pv+oX/1n3P/17/+u/4bf4C37P3/XX+j1+5V/z8Pf41g/af/l/+ZV/07f+0v/ge7/4byy+9a/8hb/uv/mLv/z1/4S/4i/6J3+Xv+Of+OP+9dPf7OFP/W+TP+oP3/vT/9Xk7/q/f431X/y3/+33/7Vf/fZvfXr59/7z/83v/U//vX//3/0n/7Gffu/3XP7jv9t/8ef93n/i6//ltzr9Hz/fe/7g7/87/4z/6E8b/4d/x+/zj/0xf/W/8xfc+f3/tdWv/xf+Or/+vzT9o/+rv/T87/39m3/x8/ujhz/91/zaP/Wn/bF/7t/wT3715tXswe84ff2P/vE/89+Xr//o//YP/CP/1V/36e/115X/7H+2vj5rfrd/p/43/oPf/ez3+7e//+bv/CP+ul979FP/y//1O/zJp//aT5/907/1v/Ib/L7r3/g//GV/xn/3Pz2+84N/+W/9w//n7//2f/p/uXXnt//T/+G/dv5Tv8bOj/0O/9Zv+7v/PXf+wO0H//pvffFPfvHn/53/bfsv/rmf/Y9/zj/3n/w3/9e/8ef/9J/52/35f+Cv89v/z6//pDc/9ff8zT/x+//+T99851/8i/7qv/l7/9af+Kt+7bd/yn/45//KT/6p4+99+e/9V3/Ct4q/8b85+xP+2P/pj/nW3z//dX/mv/3Xrv+Hn/yfHvymi8s//h/4z//2/+A3+QP+lKeTv/Tll3/Zr/VT/+A/9q+f/4n/yS/8C978R2+/m/xtDxf/+B/0T+afvDj87f/UfyH7n//u0R/zX28f/wl/wz/9+tW/+ZO/1j/0x/4r/+p3/oWDj/7bf/6f/Lv/gv+l2P7r/of/4u/8E3/f//kf++/+2v/j+V/znT/xn/tP/6p7P/3v/id/zz/4N/+df1f9Z/wvz/+o/+73SO79Gv/EP5ie/bezv6/6vdf/wj/7b7/5e3/DxX//34x+6b/1j77+yV/yx81/vx/8Xf/lX/Xr/dQ/97f+m//U//jV0Yu/Jfsv/ozv//40X3/8p7/2b5j/h1d//T/b/pJ/43/5n/+C//3Z9z//g9LVF49/rb/qH/oFJ//lv/GDz//ZP/fX+7f/1r/in734O/+yX/wz3/l3fs9/+tf5z//C7/4W/90v/rP+zY//1/b07S/7V/6Jv/Uvu/dP/dV77/I3l1/+XX/Ud/6Uv6751p/76LeffJ4s7299+nf9gv/8v/rrX/5Xv/uv9xf99NGzP+2f/Ct+7Lf+5X/j3/jy1/k7/5atP/0nn/zmf/hv8kt/15fzX1L/mn/lX/Xr/7W/wf9Wffo//MX/9q/+W3+Xv+t/+rvLF7/gz1y9+s9Wv+mf8U/8m9Of+qv/2r/q/n/+j//2f90fcffv+stPvvi1f4s/81/5X37H/+tvXP2Df/df+3f883/3f/+v/j7f/3z7X33yk7/nH/fX/5W/1+VP/ytf/Ca/98U/9TN/zz9VXfy5V3/nv331e/2Sf+afmZf/xn/0+NnT2fZf/ckv/PN/z6+Of8N/9A+u/sKn//evcfU//Dl//z//dze/6o/5O/+Uv+bvXV38Lev/5Q/7jX+3v/23fjj6w/6Xv+bpH3t5eflnfWvr7/7ff43P/ul/9/zf/23+w+xi8Zv9hr/Rzl/yX/5ByV908b+++RW/SXX4t/3qf+C//rv+g3/mH/8fxsvf+Y/f+70O/9Tf8+DP+Tf+oF/yh/7F/+j/+Wv8yn/w7Zt/8e/+Zf/W3/XpX/mn/qZ/7F/5+b/3r/+mv9ef8k//Hb/2r/n5H/lP/nW/97vf4qf/t7/yr/9Df8ff4c/8q37vN/d+y/rgf/3N/q+/p/4Dx8/+3F/yp//Df/df9jf8gd/+6vU/9if/+X/Nf/HHPPkzDr7/e//Ov+lf+O/+B7/0v/hVf+Hlv/ff/+Q/92f9+E/8p3/K3/Bf/HY/+bv9ZZO/7jf8w37r8W/1a739l5f/zW/8X/y5V3/r7r/17/1d//Pk6uCf+u+2//nf6+Vf9Jf8y//D1n/4W/9u652/O/kv/syP/uW/9c7//Wu8+vxv/gf3/vvzXz35C37x9Ht/7C958Jv/5v/km1/yH/2hv+yn/tW/6t/9U//Ov/zfffgX/Bv/xv/06t/4L7//1/0z71791F/+G/xff+y/8pf+Z59/9Uv+nT/34pN/4xf/yqv1/1X8obNP/4Ll3/mb/bKPfq/f6n77P/0Df03yv7d/9k9++Xf+jX/xu//8xW/8r/9vv1t98cf/sc3f+R9++sf/ve/+jt/qj/lPfvcfvPktfux/+9P+1X/+p/6i/+Of/L3/83/uF//G/+bd6t/9G/7xy7fbf90/96f/xb/mn5b/dr/2n7P3J33+Cw5+xX9V/2///d/06b8w+Xsn//mv/IW/2+yvvffn/qe/7u/15W/dHL4+/eN+yT98/ORPOfm9ftFv+Xu9ev6Hffs//qN+m2/9+v/mv/V7/Xl/5y/+b3/xL/l3fsfDP/43/8eLH/8t/r7f6zf4t/+WX/Lr7dz5ZX/jyV/w9N/6X//rv/F//fX/gb/jf/7d/4L//bf+H/6j3+yf+2P/8P/49Z/35/yFL/66v/S//Bvf/qv/wz/3V1S/5ef/8W9FgvAn/Z//6O/12x//Z3/qf//p7/dv/bef/cmn/8lf8EX9uz/+W//lf/07//Jf/Hv/O5//a2/+zqP/iBzL6/qLf+A3/N6fffw//y6zv2Vy1Pyz68M3v9GbX+sP+i3/nD/gd1j/yf/gu+Xyi3/nP/lf/pXf4h/4rX7mn/27/qpf9mix+O8WP/mH/Wt/0Lf/pD9p68fuf/T3/zb/4R/9px/+O+N/+U/88b/zv/rWf/bv1P/KvzG9+turP2r8rUfP/oo/46/9XX6nv/23+K3/+L/lJ2Z/ym/zh//49tZPvv3jf6N/8t/6lf/e7N/5E+/+WXd/4U/8XX/Eb/xr/Zt/35/zh//0b/off/LyH/uX3vxG/9pv8pf8g8Xv+IPf7+J//3N/g9/pv3/+x/2Z2y/+ob9t9If8FX/Q3/VLfvff8699+ecVH/+l/+K//+/+nfNX2a/8Tb7zD/6uv95/8O+2v+PD3euf+dsXv+gv/+P+zX/2j/rp5395+/qf+4/+4e3zV3/1n/Lr/F6/xf/+5Df8c3/xH3V9Uf17v9Hf8S//Onv//t//T69f/u1/yX/71/xav/7vvPXr/SU/89f+fr/zl//Hv/53/Vv3fq/f/W/6lxe/81/zl/4Wv/TOr/VL/9Lkf/rXf9f01/xf/qJ/8af+m//40a//d1x99/vV7/cf/du/+sEnf95//X/9A3/dP/Pyf/gL/sm9/+S/Wh189x//K/a++iv/qfvLJ8nf9k9/91/9L+b/13/w5390/fGf8Re/2vnnV3uXv+zPvfwNf+P/4h/9M//Gv3PrP/0P/4Y//fnLn/jj/oTf8eVf8y9/+19Jjv6K3+3XTc7+or/y5X/xr//Tf94/+XeXD37mn7342w/Lv+Pf+cP+1d/m9/yT//TkO7/F7/07f/5Tf/iv8Vv8Y//yT7/9l/+c/+03/wc+/Rd+x7/7f/9Lf/qzb832/u6//3/8HT77Bf/pX/IX/7X/7lcPH//7n/z3/0e5+K1/0V/wx/8Zf8Ff8Tf82O/5F3z26/3ev+J3/N4f9Cv/rr+j+X3/l79y9/nf8veMLv+6f/2P+1v+qd9m73f7wW/9l+Zf/cH/ytsnnz//X/6y7/42/97//Wv8M9/98tf9+/6Ov+J//l1/w/Qnv9/8en/MvY/+rn/p9/zT/7U/5l/7tZ/84N/6XZp/+E/6d/7t8s/4D/+5J3/bnz3a/y/+hL/nL3j40Z+d/uk//vm/9Kf8I89fpZ//Np/813/nv/rH/uJ//I/99f/Y1d/xh/wv//of+71/5v6dv/i3/l12ml/9g3/6j/83fsc//i/4X//b5T/we/6Zq0//zJfHf/FftP/r/AH/0a+a/qV/4d/1N//y7y/+p392/ebL3+ir3/rhv/8nf/rs7/pbv3/+T1d/4N/6F/9lD/7mf/DfPv2T/srT3+Uv/A1+5W/zb/3zv/BX/w9/wr/3x/zjr37Hv+mv/V++fX/3//41fvCtf/L//Dtf/xP/+eLX/+QX/85/7z/70SdnR//B9/+vav2Xf/f//M8e/Zr/15/513z1V/8N/9G//8f/g7/bX/Dl3/dXf/sP+m9/3d/tz/s7/8Jf9b//vb//H/Zn/32/9R/4e/73f/XOv/Xf/Ez1b+X3frvFv/g7/Ub/wvm/96f969/5F/+cv+ri/BeNf//f5bN7f9d//Oq/+W3+mV//73vzK1/9G//D+Bf9g7/t6/0//D/9/I/6C3/lv/y7/Bp/5f+08wc8/hfe/gV/6z/7b/25//0/8J/+u3/9X/3XLf6M3/V3+ltOD369v/3P/97e3978Pr/ZX3z05C/5s37nj/+vX/Rf/Ddbf8ff8Y/9oz/+6/6V/8zF/7L+FT/+x/69k1/0P/+jL47+vr+q/Et/l1/xD/2vf+O/84u/+jN/0b//PxT/4e/0rb/0//x7f4s/8D/983+bX/2r/8Df/R/4F/+m3+fX/vZf/ndf/R6/bPFr/C6/YvUX/LX1X/jxn3r2H4x+r3/jz/lv/psf/HE/OP4TzvK/9q/9Y/6OH/+N/rVf9I/+Wmf7//evsfrj/8onf/XH//P/8It+8dv6D/4fnvxv3z75Lf6xX/fV3/0bnf1Fv9V/+vv9zT84/Hv/4R//3f/kP/Cv+pN/n1/j9/y9drInf1Hyp/5Vkz/0T/zu3/l3/Dt////6T/x7P/O3/DN/93f/3f/t2T/91/03P5n/U5/u/Un/xl/3z1z/Pj/5l/1N2f/29lf/Y3/uv/wb/IN//2/zn/2Of+Dv8MX+f/xX/sS/+uWffufF3/Pr/x2/45/x7376j777Df7eT//lt3/j7/xLf4f/5m/8F796+8v+63/tV1/85Yv//F/73u/9F/6vv8v/+Gv/ib/yT7x6+BP/xr/7z/5V/+Mv/z3+I42r/8Hf7Fc/+oN3/r7f/z/+a//Pv/Nf+83/r//w3/2Xf9Fn9/+3f3D85375X1W/4k/81f/m3372D/2K7/5vf+TLi9/2zf/9a/wh/+7/+St/dVV9/o//kWd/4m/5b/7f//q//+/8Do/+tvw3/mJn9ORv/O//5l/nz/2Dfu2tby2//BX/68H1R3/AnfSf/Bf/oo9O079o9y/4C/+IP+fN/j/1D/0zp3/NX/76H//H/8F/+i/9Pf603/+//wv/+19w9If+O1/+97/Bn/wP/Kb/yO/xz/yB//R//a/857/W/X/p6Pf4PX7ZH/gX/tV/8i/9y6i7v/NX/4f/x9t/9/vf/7G/+Bd89d/8vr//f/n5//6f/p//3S/O/66/4C/8XX79F3/yH/t3/9+/xq+1+L/+kf/y33nx8L/9R/+g/+Zo+pv/Xn/BP/af/U2/4k86+Ylf78mf8NOL3/Iv+XtGf8uzf+QvePkb/PK/77f8r9fZ5C8//gX//t/xd/3i3+uvWk4nf90f95t89vif/C++9ehf/8//tMM/4T9spo9/+l/+Z3/H7d/gr/qrf+e/8r//9f6w3+WjT/71n5r99O/2V/wZP/37/JJ7r7+4v/+f/Cf/yfx3m/9lv+2v/z9/9Bde/9rJH/1b/86/9Nf6NX+X7Lf+Xf7Zv+6zv6v48T/l2/k/+pf+1r/HfP/3+Ofa9dEn/8oXv94//8//53/lX/k//xXfrf+0v+TP+id+m+/8XfP5f/1f/wl/5N/xV/+u3/k3/+Tf9lf/rv/o937Z/zD6lb/W6S/5F/6Nf/sX/BUHh3/4L/0t/rkXv/QH8y//mT//y3/gX/p3/77DX/f//M/+5J84/3v++/1/9tf56vf/t/+6P+nxH/zXP/7f/81f/Q/+nfu/9S/5Z//d5l/9nXd+r3/7d/zX/om/8+//Q5ajP6ys/vF/+N0//bv8R7/kv/j8499n/2f+xn92/o/8DaM/4P/+Nf7an/4D/+F/8/Ev+cf/vcmf+xdc/zO/9z//m/0Pf+ab32X2L/we/8hvevzb/HP//p86PfxNJ9/9V5//z1/+Xn/f3/Gv/qXP/vPf75//s/+SP+bpv/Yb/Cff/vP/tP/713j5T/5bf2T77/4rv+TPvPrD/7Xf+m3xS//FP+gv/J/+y7/ol/7Tf+9Z9c997zf6lx9+93v/VvHln/fH/Kb//a/zJ/z1v+Pf+zev/6w//l+9f/p88uec/QW/7+L79/7me//qf7Zb/gF/1Z9w+uv+Kf/IZ7/Gb/27ff/L//2/+LX/87P/9O/+d//13/xv3/od/uDfKfkHTh//b//mX/eX/Je/+Oyvu/q8+Def/+lb/8y7v/af/CN+/X/2Dz9of+1//rur8vr3+E9+j9/jy+/+S7//v/W3v/7P/4Q/qNr+mf/9b/ob/+jfO/k/XvzSP+RP+Nvzb3/87/3bv9Mf8eBf/K3+pMf/WvtvPflt/qrTb33+0T/5E6OPz/Lf4W/791bHv/I3+sV/4vVv/M//af/KP/Hsb/61/tqX/8YfN/uPf+L3+zX+y7/uj/1fr5Z/wb969bf9IT/9vy3a/+FP/3V+i7/2t/3Hn/yaf/GP/7K//F37r/6y/3DyP/5+/+1/ffTL/t1f/es9b2b/c/ub/w9/zN/zM3/av/Kv/hWfL8rkf3/8V7z9nf/Ev+B3z36bV3/FX/g7/X5/4T/169R7v9Xv/nv9Eb/Jr/7s71v8zF/7z/95f/kv+fs++T/v/d1/1G/9a/zXf8Z//Pv85n/WL9j6DX/ir/6TfuPmO+u/8Q/89Df+H//Chw/+wr/jX/j93/3x/9ovevefPUwff/on/IkfffKb/Cb/8OEn/863/+KP/vbf4Z+tKCH05//t//Zn0z/ov/kl/+af90/OLn/y3/3t/sp/6F/5V//j+d/81Z/23/4Rf/Hve/nb//RP/81/7Lf3dv/Tv+o3/N3ePvo9/up/9m++SP7Zv+B3/Dyt/4N/9B/8D5rf5t+f/9d/z7/4N/5jv/u//Q//G//OX/AH/7d/0d/68k/5Df6hv+gv+dd+wXn1+/1XzR9573/5+//EO//Dr/yTz/6Wf/eP+j/Sv/mvW/4Dv8Mf/if8FZ/9rv/I7/57/ka/6W/xT/x1v+bv+Jv9zO/w7/3ef8G/9b+d/QNb/+3WX/U3/a3/6f/+Z/6mf0fxz/7kL/nnyp3D6Z3f/Td+fva7/aJHu//Uf/qP/XN/0ad/9sGv81//gv/pb/33/9jDP+H3+5WvL/6cO7/fm1/yj//nB3/x/3n2Zmf/r/rsr//LVn/Vr/7Bf/Un/s1/5t/xM//mf/dX3vt3/vnfaPXtP/f5y+Tv+Iv/95/8H978Mf/S//H2r/qf/+L/6Bf9S3/7/3z3B6/+71/jb/mL/503f+u//o/+1l/8elfNv/r62S/7NT/5A3+Hfyj7Bb/V07////zq/vPf6jc5+wf/pv/71/i7fvXv+xf+t3/sP/u/jGZ/6T/+mx/8k7M/8ff/z379f/tf+nP/7f/zf/k1/7v/8sHx7/bf/O5/wi/+w1+++AN/cuuvuvPLzvf/q1/y7/7Nv+cvvXP+rzS/0+LTH6//zX/iT/hnfud/7uEf82f/RX/Sj/9mX/xnf8Vv83f+8v/1N/4HLn7Bf/Lv/Gl/9b86+s6X/84f9Lv8Z1+++gX/+u/0B/63D3/mb3n52/whV7/W373/p/8xf+G/85f8+b/tL/gv/r2/+eN/4sVf8Bf/EX/1L/1PFv/sn/tvfvuP++3/s4O/9S/4YvkH/Xvv/oK/4/D3+w//y1//b/4nP/m37jW/8t53/uU//9f6df7F//0P/I3+51/1X/8ef9Ov+B2av+O/+KP/+9/jd/t3f7e/9B9/+1f/9F/6J/7X/9s/8pf9zB/7m/7Kv/hf+WP/8z/t7/r7/+p/6bOHf9v//E//Wr/X2ff+2H/tx9d/ynd+n//q7/j7X/+bP/0n/Ra/zr/+1d/+j/+F/+fr3//f+V2Wv+4/8Z/+C7/vP/93/XNnP/n5f/oP/RF/WvF//CF//a//7C/4nz/7K/7l//7f/N3Lf+MvXv9lf/L/9E+/+pM+/ev+97/1/pd/9d/49Mv/4u/49X/87/jVj/7S9h/+jT4ulo/P/+2/4h/7N/7Vf/F3/PwXvPoTy+k/+MdOf/c/7J/56Vfvfnr6p3xx2u79nb/x6vf8M//+v+bv+zv//v/8l/+7/9n0V/8zP/a7j3+D+1v/yt/xR/56f9pf/Oskv+i3+m9/l7//l/+7/8On/0H5Z67/4O/+yvv/3Mtv7f3Jxx/9Q3/B7zb77lcnv9bbf+jf/BPu/Mu/wT+zPD7/P//Zf+f/+H1Xf+C/+3//Gn/i3/2H/IaPftX0r/ulf/e/92v89T/19/9af+DO6vf4R/73P/U//SP+4z/xx3/juvrWf/Dv/LPP/6Q/8vjks+2f/Of+8e3f6C85ufgL/oLH1+P/5B/6M/6m3+n3/XPr3/l//jP/7If/yj/3j7z8d3/3vyT5v9Kn/+Jf9TN/wl/3m/4ZP2j+/E/bx3/2P/Xd/3b1uz14/fv9M7/n31j96j/xt3v9y37/3+hf+5/+xX/2L/v4J3/m7n/4/b/33/zVv/bftHP9z704/C3/nl/56X/zjy+/Vf6N/95P/OR//8//nX/Qn/sb/yYP2ul3/7H/8D/4df69+l/7z37Xv/KP+S3+ijt/1fi/+y1+z394+av+h6P/8G/+H/7dv+Nf/UVvf/z3+nV+8/3yb/vkd/tTfv3t3/Hib/1Hf629s7/+5D/96M//7G/61d87+u//5v/uz/3nftv/+W/8177c+2d/x1/rd9j6S7d+/E//Yuv/urP3B/2l//HuH7L6R/7Mv/kv+Hd+n//67/lvV//5p/e//wue/IXL//5v+8tO/oy/7k94/Nf91jv/6Nkf/1f+JX/DX/GTv8Xv9f2f/FP+2z/iL//83/lnjs9n3/qv/q5//OLv/n3+yb//9/mp/+F//lse/7J/82/+6b/st/i9/5a/4Nc8/q3yz/7RX+PXfvni+f9w+Ol//HvcXf65f8Q/vl9/Xi3/wL/tD/idv/e3/1p7//PoX/9r/qnD3/S3+Mk/7i/5Kx/8bv/249On/9b/8df/7stP/46df+aX/4o/6Z/+cu97/8rvvP6D/7OXn/8mf+br/+3of9n7x/+Av/vpn/PvnP4pP/5f/Maf/9v/1z/8L/7ef+zf/bf/63/Zn7i4+g3/8Uf/12/z6/wuf9sP/s+/9Hf+/f+Bf+lf+Dv+y//tn/+XDv+7v+lP+Vub/+6P+8f+7d/+Tzm586d+8u3/+Sf+tb+5/n3+9h/b+qc++pW/0W/wK//IX/yn/5X/UvNfHvz3v8arT37xX5bc+Yd/42//X1/8fn/Pr/l3/Pu/9Jf9r//gv/sX/AH/2m/0d17u/Zn3//rZr/Nr/6r/9V/97/+bP/6TpvxbDkf/3J/yu/3lf/q//M98+0/55M/47nf/z+/8V//Qb/b5g1/wv/wrh9//zq/5U3/Ivd/vd/lb/7rf6s/5lSe/xd+w/rX/sV/06/1d6f/+J/z4X/p7ffwv/H7/6+Hyb/npx7/wt/h7/sLf/uyP/8v+qn//f/nv/7o//sv/6e/5m/6mf+V3+GP+6//krz347l/zN/xVf/J+8of/3Ze/4M/Yrn7Rf/Krf69/5vf4/u9wdvWtx3/cP/e7/hZ/1b/xd//01id/3a/7a/ybX/5J/8mdf+1v/Pgf+Pv+13+3/FtO/s5/+Hf7RR998vv+dr/vf1XeGZ28m/2tv/kXv9/FH/w3fvuX/uX/26/8t3/nP//P/6f+1/Nf/Zf+Df/Qf//nPf+Tqv/uH/u3v3P5T5w/2Ps3Lv7rn/jd/8npP/fyb9/+jZc/9bc//lP3nj3O/77vvEv/wz/rV/2Lk39rO/23/o4/+9XbX/Vr/p2/5x/56vSvuPdHlP/6n/5b/UvJf/Hn/FH/8b/822796vU/9/f9q7/k6p//HX/53V/v3/2x3/bVb/s7/G5/7pt/5td8+hf9K3/9j/8xf/Ov/Xf8Pb/mf/Kt//Y//yd+8Hfu/i8nf/df+/Z3+zdH3/tH/oY/4rf4HV9+5/Hid/6df91fp/gVyV999uLP+6W/6d/9V/5Jv+uf8K/+Kb9q+dv9kdW/+mv90n9j9M//H//0f/M7/8rf+uN/8L/8D+Z/15/2r/2fL/7k/+tP/4mvPv/Pfo1f9curX7r/n3zvHgnm7/LpL/30t//pH/9zf+n679/5Q+7f/fGf+Jf+8//5z/6d/rC/7rf6LX6dN/t/6+/147/0T/tq9O4X/MO/0/988Lf958tf9O/9l39A8m//vn/OX/A7/DmffvV//nW/56/9z/1Lv8kf9n/9uz/1D/yn/+L/8Qf/rf/uXzz5d//yv+gv+q3/+7Of+Pf+03/qo7/543/q13r3m/zJv/Pf+Hfv/fZ/1F/57/2Wf8yfvft3H/3z//2//V9/8vvd+1//1n/z38j/poff+d/+kr/6X/1LfvqP+o/+xr/y+tf43f6q9f/1D/wLv2r5j/yO59/73f6Vj//E6m/5jf72/yH5LZ6++vxP+t1/71/7vzz5l3+Xg//hwW/7J/3S//nP/Im/80+9+vf+qR9c/q1/25/0T/1Dv+DX+Zf/tD/5P/+Jf/mf/d/u/ql/0b/37z767K/6y179aw9m/+Sf8M+++ON+5o//9f6j/+u3+pt+8u/4Sxerf/nt8f/2C36XX/F//uP/wf9wfP+P+K/+3T/8/ue//Hf4k65/8rP17//P/1V/4L+73vnVv2VT/T3//W/23//af8vJ3/1H/Wc//sf/7rv/8j/4u/9V//ev8fZf+t3/j3/27/zbvvodt3f/rf/kzl999VdefPkTv+7e7/N7/sP/UfpP/eRPnPxlv0byZPaX/oO/099Ca27Zf3/072V/9x//V/wPf8p/8M/9Wn/gX/G/n/wu/+I/+L/+8uZf/Df/6z/wF/3M//rf/hU/9jf8W3/VL//jf6/57/Kn/Nf/1Z+y+Av/lNXiP/yD//y/9X/+I/6Cz//Kf/5//A//pH/3N/yZe//kX5f8/X/m8d/x8Z/58Df66369v/B/WfyLf9v//Nv8Ov/+H372v/+7f/Af/yu3/vb/8O85/G0f/T1/6OLt3/bP/6b/9r2zpz/+3/8Jv88f+B/84Cf+jub3/lv/17/1l/xnf9W/82d+9/Bv+y2n/8Jv/tvf/dW/2x/ze/zKv+FP/Q9/rf+5ffh//xp/zv/9a/y2O//2o2+Vf8KD3/Xf+3u/863/5nf4Bz/+d/+11//kT/zuv9foH/j488kf/2usf9t/5fvP/tq//h/+if9h8e/9r0f/QfPn/+t/3T//O/3Xf+fv9Zf/GX/6b/07fPm7vPz27/Hjf9yv+B/Lv+PP/eyf/Quvj/6Z/+vfzv+2X/y//bGf/OQf9hf/G3/lr/ML/o2X/+jj3/Ovf/bo3/43/7P/44/8nf/9v/d//fP/+D/sbz/4a/7mX/53/Dn/3G+y970/8a/8z//Bf/dX/2P/we/5+vf4Vvk/PP7T/8n/7k/+J19//vf+xr/87/vV/9zuX/iP/ct/56/+13b/gj/sX/zT/vw/9M/6Y/+jf/L7/9p/8lt9Nv5v/tTZ4s/7P3//P/KfKYrdN//6+tf5/ONf68/4fZrvXf52v+JPeve7H/11v+nf8ntUl9/7yV9Z/eI/4T/7v/7yv+kv+L3/jb/tr65/vc//rB/75Hf4pb/0+8n/+e/8F4f/+P/6a/8Z/8Xf+lv/Mf/dv3P8yau/56vf+k/4Tf/jX/h7f/X2f/0TPv5Lftd/9bOf+Orf+ft/7D/4e/+XP/njv+7f+/fzP/Xf/ergT/uj/ql//qs/4q/8S/7p2dVi94///E+4/gP/8H/+d/qX/8/f9/7Wr/0rftn4l32++4//s//ef/7PHD79y79b/YNnJ//Gn1X/M3/TX/jy/h/ym/7pv+Af+L3/yf/r8//sv/67/85/9x/4A/+L3+4n/sLLf+c//4P/kr/8p//lb/29/972wW/5H/9J/+i/8Df/wf/b33Pwu/yzd69+r5/4k/77P/+P3S3+ql/4F/+7v/pv+bN/w9/mj7nzj/3tv/fv+4f/Gf/Zr/fX/uH/9d/w+b/5j/9fv+A/rX7p3/Gvf/u6uTo++0P/6R/7FR/9wf/m//mf/Tf/59///D9cL/7z//wv/POuf+mL/3byJ/17W3/Dr/nXUoLxz/2Nf5f/8bPf5A989Dd99a/8d//8X/h3/eHPJ39mef7f/M9/6z/2v/9f/8nf8Dv/07/xo3/5XztNf4e7p+Otf/Jbf+5v+Z/95O/yF2a/S3H3d/3+v1r/rf/Tv/D3/lF/6G96uvun/lWv//fj/+YfzH7n3/SX/k+/4y/5R8vvffqf/id/YvKv/Md/0h/6j/8Zq1/rT/olb/7JZ7/+Z//Q//7Lk//j3n/zv/77f+4/8af+rb/ef/yPbY//0X/mX/vHf5+/4+m6+vN+8Nf8d589/73/mf9y8WNnv/Gv87e8+buf/Wv/3X//a//Vyed/8+d/z+/0D336f/4tX/yR/9Vf9j/f/fFfN/+r/qf/6m/4Df+q3+U3z45/4vj3/If+y7/o47/l8V9x9Uv+i1/w0//nf/6b/pF/5/N/+C/6S3/79X75480//OS3+Mf+0FdnT3b/9b/uH/xf/8F/6y/8X/+T/+t//p9/5u/5Z//Sf2363/8Hf9V/8P2Tf+MP+gtf/V9/4Ef/96/x3//9f/eTN9O/8fAv+rX/rvXv/Gf9Zv/G3/1f/k+/8T/wD/5r/9Mv+e9+7f/yXzn7DUZ3/ut/7fNPf/If/Og/+h1/2T/8f/yCz//OH/+dfjD/n3/n3/MX/Q5/cf4b/TfH//vf9Nuk9V+29Xd9+n//Gr/gl/wDn/zUd//63V/x2/83v9Gf8l8nP/Hjv9/2L/k1/8Vf/Wv/wn+w+kv+m/3fjQKp/+6//lP+7fTX+D3+9V/23/7f/8Z/8Jv8jv/p9H/+Iz76B37v//4X/hnpTzz9b5vf+Q/+O//97/yVf+H/9l8c/O9/avan/l9/76/347/8+J/85X/UL/vVv/4v+69+iz/97/z+/f+zvvd//ub/V/N//D1/9m/89L/8b3/84O/8l//7j/+l//vX+Nv/iF/5k3/8j332D/5n//V/9W//bf/a3/niT/77/61f649e/Zn/56M/8Mf/zxd/4d/4t/1tR5//lf/63/wPrce/xV/xE//V3/x3/We/5f/5+X/0H/67v/Cv+Lv/6//hN/xV7X/62/63n/62D/6P//P3ePw///L/9c/6n4/+/PJ6+lf/Tf/tb/KX/ZW/w5/0p/7i3/DX/hV/76/72/zKZ3/57/BH/uU/8d/8Doe7//rR8n//V3/Bf/Lv/cn/+5/4Rx7+OT/56/yOf9XzP/87v/Pl/978AV/+K//X//LdxR/71R//x/6W/8RvRcvev8nf9Jf+4M989t/+PX/DT4/z/+vVzr/4k7/H//wP/2Wfnf0tv9tf/fv8Wv/b//K3/iPJt//hf6P8H87+kj/pN/vL5r/53/Sv/m//5b/34//Cf/wH/nXf+1v+idNf/Gv+x//57/Cv/dL/4LPZr/w7fvc/8Rf+d7/x1qPid/3tHv51f8Pxf/xf/6N//e/3D3z73/wrDv+BX/03/s7fOfknv/h3fvX/+tv9ZPof/CX/7l/4u/2zv9PkH/r3/tb/+tf6D3+/z/7Lf/HHn/yr/8sf+K1/7j/5w/+O/7b+A//L3+I/+xX/zH/Y/sLvVb/o4X/z7/xOf83/8Ct/z1/zv/x9/r1/6Zee//m/zm//7b/l3737t9z5X/+N/Hf7i//5//7P/+//mH/iP/uv/6m/7V/7s3+ny5/+4386u1M//dt+2V/86/yS9d2/+f7f/Xf8+5cf/wN/++/63y+3f+c/7Vf91rOf/l3+pj/hD7n6zX6/8vf9N3+Tf/2X/uV3//oHv8Gf/G/+wd89e/UX/R//2n/yF/z93/8j/6k7f23z+zz+N37q0c/84T/xl/97v+p//3v+0l/3t/pl/+Svc+9ff/HLvvz+6Kf/kT/tyW9++uf8h7//P/73/yf/4C/8y37y3/hf/4x/7r/6i//6//TX+ut+zd/t1/w9/6L/+W/8Z/+Pv//8z/y7/sRfdP1L/u7f79f5k/+Z/+D5P/HHfPvX+Ft/i9/7D/53n/+i//vX+Pj4qz/we/9m9nf+B//Uv/1n/+//1X/6Z17+AX/Hf/Gf/NX7v/Hv9LdO/uq/9V/76uGv+xf92b//T/3uv2TU/u+/787f9PF//d+d/Hq/+tf9N/7Fv3f5Z/yi3+Lv+Fd/r9/sX3/5O/0T//D6N/2v/pRf9C+9+B//jOWn/+evnvzbV7/jH/w3/C//zm//757+2B/3nb/u3/mNV79z+y/9iX/hs+pvO/w7/tb/9P/6R//5yz/hF/wJf+bv/uf9w7/kj/gdF//Kf/a7rf/iP/Wzv+v3+Z//tlf/5u/2e569/r1On33rW7M//Hf4hX969q3f+e7q1/y3rn9yXP/7//31L/1PfvJP+FcWX975iX//P/4n/71/+O0f9Pv8bX/V5Df4df+a4//4X/sL/7nf6b//Rf/9//BP/5J//t/4k/66v/Pf+Ienf/jv+y//Rv/q7/Ib/4b/6uiv+Xv+/T/ttx79Vn/QP/uP/fq/y2/wD7y5OHqyfPEv/Vt//l/+e/0xf+FnR//CP3fxi+4f/tI/8X/7bPx7/Y7fffm3Pfz3fsn543/xq9/pn/iT/5fffG9+56/5bX/J07/lD3nx9/9b/+v/+m/+qaPrP/DqP/+Vf9Lv88f+ZX/8P/bH/3V/7a/513z6G/+ep+2f9Pandn6r//QP+f0nv+Tf+Pt/5W/a/Bd//5/552R/9N/5u/wlf8r83/mt/6d//V/+c5//Vf/U7/Vr/2V/z5/8na/O/obf82/4m/7+P/pv/1/+z/U/8Hf+Cf/Qv/CP/Wm/6pf8+X/3vd+x/ge28rPJb/GffnL+Vz77E97902cf/Rm/xp/wd/ydf/kf/t8tP/svx//q3/O96vDFv/v3/ru7b3/xn/VbnP7jv2n9h/yi/+Y3/vzf/TcfP/gTfr+/59+6+uf/3enf8yf8mZ/+mb/p7/hr/sn/zj/2a//Ef/aTf9jqP/1H/9m//k/6B//U48N/9q/+O/+Bf+tP+VMe/XkP/+1/7bf73/+ev/ovuXfy+Z/28K//N/+4n/7i1/nDf4ufnP43v9vbX/Lkn/hN/75PfvU/+yf/ndWfO/5P/pQ//e/53//MP+DX/IvzH/sNv/t//rW/xu9x9Pf8pr/y9/yDf+UXf+af82nxB/zG+S//iV/rH3vzyZ/55+//q//7t89+xV/yy/+a/+1fqQ8nX/yn/9Jnf+Yf/x/8n9Xv829970/9NX+fv6X+fX7JH/x3f6uoH44Wv++/9df8cb/k9/rHn/4Vf8xf8Nf/Fn/+v/GX/4n/7p2fHP83v8bv/uDot7v7T/yb/8Iv/o3+1z/zX/59jj/6F/7qX/Sbfeuv+7X/iF/j7/xFP/U3fevwjz/9Nf+XX/m3/8/f/+//yF/8v/6Xf8723/i//t1/5yd/1V/wr/9nf+uf/af/B5/u/i27v+G/89f9Wr/Zf/Zf/VaP/qw/4M+98ycW/0nx6b/63/3Lv9Vf+lv+H49+5vlf/Z9lL//nF3/L9tN/9pM/5CeL2Z/8l/16/8Zv9O63+U//vd/k6pM/u/on/uu/7pe8+Jv+09/ur/qP7vxXv8av/df9ud//C/6F3/mv++/+gt/xN/w9foN/4rQ+/hv+0tf/xdkv/Af+ge//Ft//9//1v/f//jU++fv+13/x9/8DVn/7v/3P//V/y9/6e/wHyR//T/95f8lv9xv9Vv/S+cU/9pM/+Z/+rv/0n/lX/V9b2V/xl/4G/8Fvffe/uHj5B23/n//Mr652yr/jV3/1f/2K68s/6X/4bX/i3ZOtf/cf+5N+q9/kr/nPf9Ff8pf/Nfd/h5e/9qsvX/7k//zP/Mw/fvUPLB7/3X/n7/1PH/2r2e/xx/2r/8w/8Fs9/c70/Pf8FdVv9of/1O/80d/zx/7G6W/yh/+Lf/ovqf7ev/d3/On//m//t9t7/8Un/9Mv/hO+8+f8cb/T/Xb/o7/xd/n+s//pn33zt373n/8y+eLpv/TX/FX/+v9+Pp1W2d+4/JX//t85/feqf+G/3fljfvu/6C/6k/6In97723/Pv+QPmf/rv9t/+sf8cf/lX/xn/r1/3t/69zWf/st/+9/wT//aXzS/7r/xl/5msy++/c8c//Tf/Wv9tb/nr/du9594lP7fv8Y/9xf/lf/uy/bfu//6T/59/sw/9N1/9tds/Wu/7h/yx/2jv+Df+Su/84v+it/nt7hOr7//O/ye3370S37hP/nv/ZP/3e/9e/3K/+Lyj/89vvPjyR/xy376f/sr/r7dn/q1v/wLfvBP/ot/37/0p/70n/in/jr/yi/922jp7b/7S3/N+e/6a/yi+x/9Zd/9z/+4X/DXPPjxv+uP/vX+l+/9t7/qP/0Pzo6n/+jvPPmN//FfdfTuv/5L/7P/9fKv/d3/57/zP/2d/obi//pn/tgf/Mwf+o/9o3/Rb/7yl/2nP/2DX/bxj/9e/9AXv97v/I/9NX/Ff/an/BX/969x/N/9jX/Gf/+v/Jt/wfW//uv+zHf/tn/3P/zPn/22P/Z//XZ/4n//37z4k/7pP/C//zN//F/4x5//2B/4d/1jd/6Jv/nPvf6xozd/2X/0G/2qn/l7/s5f8Jf/W7/93/A3/le/6Z/4e/97f/93vvv53/W/T/P/8XHe7jz+rf7H3+vv2XpR/M3/8e//p77+I/6Uf/C//88fv/1X/sY/4Hf6xX/Qg8V/8u/+0v/il5Z/zr+d/H2/45/2L/0tf+qr3+iLv+jBv/Ufr3/T53/i+G/5za9/8Mv+9Mvxm7/j7/0D/uvm7zhe/XG/7q/5+7x8+OXfsdf+nX/Db/LJv/LH/7Lf+rf6Z1/9TS/+57/++4//tL/9N/jj2i+//Naf/u4/e/Wdv+vX+Pd+y//9yx//C9e/zR/9uz75r37sJ3+d3/I/+/yv/N//gf/gj/3il//NP/a0/q1/k7/89/5Nft0v/+Tf5T//X/6X/+qv/D/+/H/89/oz/63pvd/rt/tT/s7lT47+xm/9vv/8L9j7+37Jn//ye7/WP/87ffXlb/TH3f2HXv2Sf+rv+8NXf8e/+0/+K4ev7vwbf9r/Mvr7/9H/9Y8/+V9/k7+kaha/w6/M/ve/68/4W7/32dv/4jf/1d/7X36dv/r/+Gv/9X/38qde//eLv/Rf/funf/g//vIn/oC/47/8ff/j/+bP+Uv+kD/zv/9Lv/Pf/DsHv+hf/lf/t//4j3m0dfSr/7v/5lt/4b/2r3zxu16kxe/+N3/5B9z9u5a/77/4D37/3zv8/r/4M//JH/fT3/mrRy9e/KV/5au/6H/5id/z4F+6+Pzh//a9n/wX/+nf92+cFr/D4n/9d9vFX/3db/9G/8xvtv1rJPf/66uHo3/iL/tX/rA/v/g7f+fvP7u3+2f/E2/+iD/kL/0d/4x/+l968+Qf+mv/8fu/dfmv/S/P/qM/5eTHP5/8Hr/gl/01/8Tv9nf97X/73/XH/TdnP/6Tv/6/tveH/n5/9x/9d/9z/+vf+Xf+HX/Lr/W3nN77i3/BH/57/zF/4PhPP/wd/7Mq+xXn/86//4t//4v/bPeX/2//57/9+uT3efWrfqf2t//uP/FvTP+Nb//jl78w+R/v/zr3//bf/E/7jX+3P+mf/cv+0d9x/Ge8/A/+pf/h3/sT/5Zf9uv+X//+H/h3/yP//f2/52/5g/6616/+9t/kz/zk2bd+49Vv992f+PX+on/1L/3j/9B/7/eb/ueLv3X97/yvf/R/+nv94r/jJ3/3f+nbP/GnvX6T/TV/8J/16i//0//qv/zbf/Fv/V/99//Hb/ff/XH/63/5b/+FH/3Pf/fv+49f/hf/wff+1d/1b/6v/uvfcft7P/Gn/PPnv8Pv+6c//hV/2r/25cv/4X/513+7+R/87T/0N/32o9/mP/pNf9Hnf+8v/p3/gv/w76mf/q//61/96/2bP/2n/s3/0l/8E1t/2Z0/4PFf828f/X1fvv4r/+bH/+wf+Hf/d7/ff/Zv/3v/wT+9/vt//7Of/mv/k93r2V/7h/wzf/p/8q/9vls//rv8Bv/kV9m/+3+e/AX//M/873/Vf/3n/Rk//rt//mf+h3/+v/s3/c+/9W/35/w313/V3m/+L1f/zj//d3730T/7Wz/5a/9Vykf+fX/tP/Xb/bHv/qHsn/y7r6b/xe/1veqn/8nd7/17f+m/+1P//Z/6d61/1z/zzW+Y/lY//ifWf/CXv2/7a/x7Dz/9X/7Hf//v+ruX//s/8+3/Yfkrf69Zu/7Wf3w+/6N/nft3/q1/7N/8Vz/7Xf66u8v/7m/8z3/VL/v47371xR/8h/33//vib/7T/vnFv/9nfvVH/Ht/9R+5+LP/uH/+O3/27/rb7P4X/+R/Of8D/7hX2Sd/6m/++/xOf+k//fxf+uf+mP/r7/x1fv31P/s7/pV/3//1b9b/wJ//X3z/b/4r//jf7c97fPp/XP1x87/2J/7SxW/80Z/9J/1xO/nv9ge06+Jf+N5v++//h//Bv3D9r/+z/1P1Y9XoT/7e/uvf4P/6s3/h0fZv9qf96T9z+kf/43/fH1P/Od8/ufod/rD/+9cY/V8/3f7fv8bPtP/Fv/Df/Av/4P/2y/6vPzL/t/7d/3b77/2f/vW/67//5/+4f+o/+V3/2F/0j/9+V6e/6z/5r/4Bu/96/eVf+Nf/NX/M1eWf8S///Xu/5jr5a37X//W//Hf+g/P/7H+4+Pd+1R/5g/+y+g/+2KvzP+mf+ut/y7/2T/1t/sJf92//7X+7X/N3+EP+ote/65/4a7968g/8D7/43/+n/4P/+H/5yX/xn/mZf/C//6f/7b/8b/73fsF/8gvP/tJ3/9rz3+Wf/P5v+Fvs3rv3609/39/qp968/PV+j//8f/y7fuWv9T/80n/4L/6H/5P/5m/5X/6A//ryf/jf/4xv/d6/+1/10/Nf9Kf/7Qf/+5/zx/zFv9nlH/Mn/fVPs7/sb//T/sSf/iX/+d/2t7z9nf/8/+F/+G1+10/Ofo3f7Q9+9c/8dr/m7/fxr/8Lfslv+3/+h//Dr9yqfuW//Hf+O4//+eXv+ncv0j//d/3t/6Q/4y+f/92//f/yX/1df+DOF//av/7v/srZYv6f//2f/vpv35z/7t/7Q3/w7/+jf8qf8pv9k//nT48eX/7fv8av97/+vf/uP/vlb1j9g39v9h/+bn/xH/i7/db/96/xG/6CP+Lf/Wf/tl/2j/4O/8e3/rL/61/9v/7Jr/6n/+X3/6//r//wf/8lR3/Bf/Zr/ZJHv9dv9Gv8mj/xL//T/9f3f83Zr/p3/+c/4G/7m//R3/pu+Z/8L7/1b/nPfPuP+VZ5fu+TP+mvush++f/555z/2v9z/dk/+Uv/u7/5//41vvf7tV/9On/r7/23/EEHf8o/99f8Hn/2f/P8f/1bn/5+/3H9x/0vf9fv/a/8d/d+y3/o1/gTzj4rF7/s3upf+Sf/g7/33/ibf+FZ8Qf8Y//9H/2n/N6/3d4Xv9m/e/Bv/+n/8v/w1R/73/5NP/6H/o+/42d/w9/yp//dn//0H/VX/yazP+3in/rf/rpHv8Ov/o//7qf/wH9U/amf/KHJP/pr/jrXf+Kv+Ru//WV/4/Hy3/1Vx1/8W3//1d/2D/zC/+HP/1vP/uh/53f8S3/RP/rH/NPVf/W3/C//+sXOv/xv/Jf/5b/wn/y3f/Of9Xf/Vb/FH/KtP+6XFv/R7/Mb/Snf+VNe/arf7Ft/6x/x+v/8R/+k33/6H/ydv8cv+jt+9f/6pzZ/5x/09/y7f9qv9eBf/e3++H/93/v0r9n/wV/9e/4Gv+QX/mXJb/Yv/Iv/w1/3+/7z/+z3Hvyt/+4/8K/8Sf/d33n10cd/72/xW46yv/zes3/6t//i1/jL/p5f81/755Kf/q1+nX/tN/i/f43f6v/6/X5m+b/9m3/sX/Xf/Pn/7O/z9/xl/+j/mPzOf+ff/7ce/re/6x/1l/2N/8S/8j/8kn/1D/3Lnv8H/9Y/O939zq/4037v3/fX2/vWt/+Vv2z75Z/+71z+ot/hv/4F/9Tf/w//r//uX3D93/zHD/+Yf+KTX9SU/8s/9Cd98rf8zX/Mnd/kj/6Jv/A3+l8e1j/5Vx//Rb/xs7/yL/79/7b/4H/+1dl//4f/pfUv/S8/+w//ld/v81/3X/szv/wd/p7Rr/zN7/7Rv84f/Tv/Pj/+R+z+dr/p2a/9W/6ui4/+0L/qH/xt937sX/m/f42Hv+zPX/9er7/8hf/hv/8P/ge/5G//w/+Cb/3Bv/uv+0t/008+/03+j3/rq3/tb/3H//Ozv+iv/cdf/6t/1PeXv/3Ff/Sr/8B/7zf4F/d/9dnF3/9P/XF3F3/fnd/39d89e7L4H36rP/TJb1D/O3/wX77/y//Mf+f6j/zoV/+ff/f/8s+9uvPv/o2P303S//Vve/GX/A//8p/2x/whv8POX/ztv37d/pL/6/onvzz7l3/iV/3kb/a3H/6Xi9e/8e/w7/8Z/3L+rT/+z/9Dft1/8N/5Y/+nX/KP/l//0unv9Of9e+2f8df8O99pfs+Dv+j//jXu/j6/5q/8w/+uP+M3rf6Iv+lve/u//ba/9d/46y9/4V/4j/7r8/bvrJe/yR/2H/xvX/zn93/n6X//5/+Tf8L8l71J/pq/9LO//Z//mV/+t/4b/+kvqP6tH/wfL77zR/zkH/5H/xq/1+/4j/0b3/343/vv//nf92/N//lf/dW/8W/9KVv/4B/83/zx/9ev/jO//bv+1J/9r/w3/+h3/6k/4rdO13/s4z/2X/h3/8y/88/97/+MX/G7/SaXf+5f9Vd/6w/8B/+Af+PN3/PdX/c/XS8+/t/+0Dt/0fRf/5//k/q3evjfHX1y+Cf81X/NX/g7/7n/+L+U/8//yz/zC/78//wv/qf/5X/8e2e/259U/PH/ydVf+eefvfo1X//Dv/KP+jN/s3++WH/2l/3Lf82/+Fv9cX/crzf/Z77zt/8mb/+k5t88/uv+h+1f+Rt+8nv96uL7f/3FH/67PfnFP/23bJE2+0Of7Lxb/Tc/8Ufc/Rv+oC9/xdu/8//8jb78+3+6+v3+/N2/4vAP/Gf/r1/wN/1bv9aTP+jX+Pi/+jX+j//71/gj//6/gJKf//GvsfUX/be/9i/7a//PP/FX/4f/4G/yp/5e//m/9mO/x9O/8L/9E//33+4X/+Do47/sv/yj/uu//3f89ts//juf/9Vf/kt/4v/2h/6fv+nf+Q/9jb/JZz/4cvwX/2t/0VfPnvzUp//An/F3fvRv/vK/85fn/+Cv/l1++qP7099v/78+/LVf/eD//jf//X/kt/jn/p0/6884H/1z/9i/96f8e3/Kl//an/Ll3/zP/UG/1q/xH7/4g7599k8//K//m1/z//rV/2fz3/8R//gPfp/f5R95dPnH/pn/96/xJ/0e/8nnf9vf9+t/mf7jv/4X//b2P/rH/yP/zW/9W7/5S/6Gf+Zf/ol/9uXk6u/+j/+8f/I3PvnHf+c/+NEf870/cfm9f/v3/X3/5L/kF/5P/8c/Rapm62/87//rX/gf/z3/9r/1+dnFl3/VX/Gb/e0/9qvnv90f/Mt+/C/6D+/9g//Ln778LX/nh//Ef/13NScv//Tf7J/7w77/e/9en/1W939s709Zvvmv/85/6ff/C8//jV/99De/c2/89/zfv8Zv9hf/Ln/S5M7/8b//ev/hL/vsP/vHf/Lf+DL589rf4Q85+lf+4D/4V/zFf+X/9oPvHL36O/6yP/tbn7z91uw//6P+jL/m9/kN/+T/5u/8G75I/4zf5T/67G/8zZ79aT/2W/xVv/rRL3z7z/7Zv/g/+7svf/Xv/Rf+s3/i6W/xt/4Nv/J/ePU3rv/N47/zi1/jn/5j/u75f/3f1n/W//pn/Ou0YvlP/pVnP/7n/bX/4n98Mvl3frP/5W792T/9J1d/7v5vvviXP/tf/8Hf5A/+Y/7S17/BT/5tf8Wv+0v/1X/t97i7/ct+3X/v7/3H/7FffPVH/O7/2pt7f3mTTv6iP/Sf+IP+57/oV/3y5Q/+y8/+nr/pz/29qslf8+/8jb/2L7z3u/xef8Kf+zv86X/ar/iT/5E/7Tt/85/9V/8Xf/hf8e3/9K/5V2b/ym+Qj45/5e9YXf4Zv+0v/uP/+3/sp85/i4d/wL/2yfd/n7/41/uzf6fPHv/vf9avuqj/g9Hf8cf/Pf/Md3/x5R9z/8kf/Kf/Qf/qH/NX/9a/xoPf4Sf/kr/ts7f3/pZP/t2/+x/4/f/7f+an/uHf/dX/+C/8X3/qx3/Ky5/55375b/k/Pvrz/off6yd++a/6tf7T//o/+wf/lf/mN/1X/4Pr/+Ff+k1+8n/9Z/73b/9TP/m3/tt/28d/5uoPevYP/s9/yaP/4tk/vrr+N/+DX/L33PmH/8C/8b/48d/tL/gl/+DLf+Uf+EW/379+9Kf/Nxf/zJ/31ZP/43/7D7/3/f/md/vD/84Hv3jxx/xT3/rpN29/s+qP+yv+g3/25Ku9Z+1/+H/+s39G+jv+ov/+b6yqH/+/f43f55//S/6P9OjX+xe/9Sd99gecvfyDf/9f/ud/61e++ifOf/U/Un0v+5P/4L/nP/zv/717P/h9/769X+8P2P0nvvMn/35/49/b/qef/K//+Onit3nxtyT/9t79P/v3/Wv/9ZPf9o949Ad/7/sv/5fRn7z74E/Z+3e+99/8ff/WL/off9PLf/aPutr6T/6M/+CjP/p3+Kj4hX9Z8RPf+V1O/rHrX/Hn/+J//a//J/71z/6xq2b0J977p3/hX7T1m/yVv9t/+q+tjn6/P+u/+oV/4eJN9fv/6b+6/jM+/zNfrf+B3/QXfff+b/T7Xf4h3/klf9u/tv+//8Sbv/b6r7n4w/7cX+PHmv/u6d/5X/9tv7r5Jd/6q/7VX/G/PP2L//hPfp/17/Jv/dq/9F/4Q/6Xxav/8T/47xd/0t/86B9c/+P3/qvf4a96+ui3/QXryT/4d/4lv/3/8Y/+vb/gr/1d/oG/9L/66Yc//Tv8zn/20YMHf/d/9u4nf83f/+/6W/6td3/N6pe//Fd/1fmf+eLHf+s/43f/Y3+zn/rpP+XX+t9/zXu//t/y5/5OzX//6/95v/tP/A3/9fc/+q3/hj/rX/6nLn/hH3T191z/0t/qP/0L/qLf/+/7cueL4h/4G//O//nwT/9b5//5X/CX/Dn/xZ/y2U+kP/Wn/u+/6J86++u/9S9+Z/L3/5q/8+Ff8N9Xf8T3//6/9Vf/rX/LD778W/6ry7/hdyj/iN9x94s/99/9VX/9X/vln/YX/3v/1p/zz/3iV//yf1H/Wf/oH/vn/AM7/8hfkVz97t/6Hf7C03/t+3/a9J/7N37m7/4f/sTt5e/7V//NTf6H/g97f3i7+0/9qb/V/M//qb/+dzj6m/7K//j8t3/5r/+q3+y7v/vv98uqv+X3/U//1l/2T+7X4//qz336u/8nf9rZb/QnffLX/Vf/9Omf/q/+o+Od/+YP+5f/meKv+k9+7ME//5/v/4d3/4HP/+Y/+j/6Y3/Xf/d3/DMfnv6Wf9XnB//8P/q7Pfzv3vwdr16O/rd/7k97kfwpf0c2+fxvvvo7mrf/6y/7U3/Pn/5bfu/Pf8frX/n57/1v/eA//tP+uP/rX/hTfvFf/3f+Or/y5C/4d7/4bb74Z86++3/+bn/bn370+3z+6/92v/yz37f6X36jf/+3+/f+8C9/5r/7m/7lV//Dz+z993/+P/75753/NX/GT//5f/Gf84O/ZvRXHP0Ov/DP+k//wX+q+d/+muvn/8S9b/05f8uv+a/8Y7/4n/xd/v713/6P/aL6r/9Vf+3v/e38yd/2a/zYn/KHf++r+1fP/rn9f+PP/9P/8tMf/DP/4t/9d/0dv2Xzh/813/on/55nHy2+mvzUrz9Kft2/4U/4t1/+zqfr37j963/jR//W/3jv/3jyZ/623//s/vM/9Z/9rQ//ln8i+0P/9P/0n1r+sb/jD3787/5P/4LP/uN//G/+g//LP/oXpL/VX3D/9/gz/8bf55/9Jb/iJ37qy99t789Y/X1bv8fv8eXol/+Gf+W//5//9O/5h/+Cv+GvOP27/oTf/V/7d17/N0/+hN/6t/k//sK/6B88+sf+yn/kD3n0Nyd/6L/5F/0Of/b/+Lv/ZT/9+73+z36Pf/0P/lf+mT83+89+l3/ip98W/9Hrf+5P/sf+li8++rX/t1/nf/tPt//P67/zf/+//tnf7d//A37r/+k/mfzS9tf+P/7Kv/S/+rsv//O/7bf/K7/6BX/Amz/5//o1/9X/7PAX/DH7/8ov+3P+yL////hT/rL/5g/8N/7VX3f2e1X/6y/4Vz/9r/67n/7N/uD/5cf/j7/mBztf/CH//m/zx/3vf+6/9of+X89+55/4bX/ZX/W//Ee/6T/5p/zy3/xf+Uf+yb/1v07/2j/m+nf7zp/1n/yOH82++1v886M/6r/+z87/5l/rH/4Hj/6XX/Y//M1/yS/73//bsz/24H9/9eZP+K3/53/yT/pdLn7v3/hX/vu/xX//j/67f8y/84f9MX/nP/PX/Vj6L/3Un/M7/CnHv+yvePQX/cwf8Z+Of8df+Xt8+n8+/U2uf5f/5Jf8F7/bT/4xf9Hlr/gX/+5q9qf+Gv/pX/xH/mfLX2/+S5P/4/f891/9NR9d/Opf/J8//UV/0xd7//Tv+Hd+7+Xv+VNfPPuv/8byn83e0mr7v/Qb/IvFP/jsV178e7/jbzX9vS//+7/hH/jTf63/+E/4Pf6L/+qX/bff+ju+/2f8xH/3+d/xK/+X9Bd8+t//vX/yH/cn/fO/1q/9+/+qv+n3/Ce/9xud/zfpv/cf/jq/9Heo5m/nf9lf+Dv/679z9if+4N2v8av/4M//zP/23/vi8PEf/P2/7nf96/7hf+Kv/MN/hz/r//41/vr/8bf4OxY/+Uv/q1/9x/4dv92/97v9mX/n9ut/9NXvu/tPPP7H/rD/6/v5v/l3/cQ/efXff/l3/Lt/zb/42/8pv+H3Zv/K0fbev5v+C1/+en/0z/yRv+CP+eyL+X/23/wff8Hy4e/xJ/6K//OfOfvtD37t33n6l/2tr3+3X/7rXf6VP734/p/56/6C32X1D3/v+9/9e776q/7m3/vf2vod/oo/93f/3f72nZd/2299f/nqT/h1fp+f/pP+nr/3p/+l5a/5v27/5//X7/8P/nt/3N/5k/W3fvd/sPmbf/q3/ou2Xx79+B9UHH/nV/3y3/C/OLr4dz/9M/62v/Uf/OP/sz/jv/5D/pJfZ/Q7/Rlf/a5/7n/8a/9dP/lX/pG/5r/xj/yKP+3gv//HT87+sH/vb3z8d/1ZT/c+/+1/2fM/7avf/PX+7he/zm/+L/6Wf9Ef/zv/SfM/4Mnf+S/9n5/9x8+v7v0+X/zu/8F/8Gv9e3/OH7L6DX+tnz7+3X7zv+DhL/h+O/kv/o1/d/2HfPYPXv3uf92f9of8mn918g+9/M1+zV/n5W+x8+4X/O1/6/81+dd+x4vz/+Mv/Pf+ri/+xv/0T/gjf/Vf+7e+/W/+ku+s/5Cf+NP+qcl/8IN/+lv/3f9y/df8Nb/VP/njh7/Ff7bzG1HC8ff/W37L//B/+Af+w3/r91v+1nv/59P/5jf+RX/x7/fHfvl77t35R3+9P7/5Pf7HH3/7t/13v99/9T98+jt+8ev8Lp+X/92v8Ze+bX/3P3b2r/1Nf+mbP+df+oPetb8+RSJf/Wvl0R/2v/37/84//1v9yb/H8if+19/o3374vd/nFzz//f7jk7/jz/jn/vHf7F/8O3/ff+rv+LVf/jq/7L/7ff7Zx//kL/gf/4XHv+Kf/Yv/4O//7X/9H/Kb/qn/5P/+D/4tv+8v+IMf/5f/zKvy6D/41fk//w/89s/+/X/lv/unmn88/+t+6//lt/4jf/wP/z3/m3/19/jT/sz/6Y/5v/60/+47v/If+09m/+x/+qt/yR/38PoX/Wv38v/0q3/nd/zBTz99/of+Q2//kj/izzj73eZ/0tEffnn+8rf7U//HX/AP/C/bv+i3vf/f/cm/4V/96/61//2f/Xv+c7/Z//W3/cF/7/G/cvZbUUD/a/xO6z/992i//Mv+3D/5+g85/9v+yP/mP/kPzn6LP+31x7/6T/yxn3r4/d9z+8Wf/FO/1tlv9bv9it/vsz/6783/mT/w0Q9Gf8Pk7/8rf/XdP/nv/wP/kN/6T9/76/6cZw/e/vf/xy94tPef/Vu/HRn73/+f+c1+jx//9/7gv/33+ct+j6s723/9X/IXLf6Sq3/l1/+fv/M//Id/25v/43//8u/5ff/p9a/8o7/4J/6bJ//c3/vn3fmr/9b/6cmf/Df+sr/od/71Ke32m2b/3X/wF/6q7b/nf/3Jf/Qv+qf+051f/9f+Ox78+D/6p/3z/9kv+xX/av4rP/ut/u3yH/99f9Xv+7f9rf/Gv3b/dPbX/RvntEL0+/1f/9nvcv4r//5/9c++/k2rf//BH/2n/F7/4e/we/81f9Tf/Fd9+8/6aOvpr3n6W/1g/cf9ge9+k9/33/5Vr/+9f//fvPi3tmd/5HLnePc3Hf2ph2eP/uzfbfq7/eF/1r/+R/+yz36rf/9X/Ju/+t+c/vf/wt/17/+9f+pv/bv/gv/wv/8lf/t3/56/48V3/vO/6J+ebt27/3c9+scu/5W/5Hf4d37wx5z+6X/Jf/7Hf/Z07zf5Xf7g/+Hf/gf++1/8t/8Pv/Lv+Lf+vV/v7/t3/8rf/MU/8NP/3R+b/urjX+eP+b9/jd/ib/pf/pvH//7DL6//7U//h9/33/87f8cnf+4v/W/Lf/Xf/Qf/1G/9vc/+of995y9aPPzdf+ffuPlj/5T/6/f+6uCv/1f/57/z77j8J/6Ff+d3/P3+0r9t/ivX579l/V/+t3/ln/gb/2l//b/9q//e3/aL7/3Bf8bfuvvF7/ULX/2dv/2f8Nf+k1/9o7/zb/HP/Mlv/8Sf+D+/+JnZr/yXvpj+i4///j/w7/4fXv/xf9i/+9f9yc/+0p/6o//i+nf7NX/sX/rr/uE/6c9M/5zf4fo3+Vt/2//hf/iTf/9fXfxzf+/v98//bd97sPt/vv7H9/+Ef+QXzn/h7/kv/xl/8ne/99Fv9t/8zX/Er/WX/APnf/uv/j/+oV/6oPoT/sH/7rNf9vf/nX/eX/N3/V3/64PvfVX+N//77/3X/mX/6MUnP/3Lfqtf/It/0R/wV+1VJ7/z7/Rnb/9tf/3906e/7r/y+/9Wf/XWT37+O3z++/37zV/x7/59/9bifz2s/8Lf7N978bu//it/6td98j//vVuT9p/+g/6KP+zNb/3XP/v9/8O/+3ep//Nf/vf9ufX6/PeezD75a09+m9Vf9xf/Ub/G3/Jr/fTO/OTXPPlj/p7r3+Ov/Ff+vf9r+/86+s//lF/6+/+Zv+p//w0+/53f/U+/4r/5p/7vX+NP+5W//z/59/9ff8B//8/990//pO2Pf+/F9//lf+Bnvvjqd/utX/9n/8C/sv13/tG/+veePPhrfuoHf/8//J/92d/7X/+xn66a7H/4+Ff+patf/Aue/n1/+G/1Z/69f9cf81vMf4Nf40/98Z/8+77143/Rj9//j/+1P/S//9t2/sV//u/4p/75z/+If+fsD/rnv/07TP/G//5Pmv6rR9///X7Tf+Zf+Bv//fv/27//3/87v9nsb/4Vv9Wf9d8td/7FP+ov/yv/qX/6Tzn4mbev/qV/+rujX/bF6Nf9q/6r3/O6/XVP/5h7f/m7j/+9H//v/8udxf/0L/7t/8uv/t7f80/9L/d/pz/9X/3r/5p/6Nf4NR6WyX/2p/6p//Lf+ff8H3/93/P7/rv/4+/7r/ydP/G3/aJ//HeeflX/X79D8VN/ytnv/Nf+GX/Rr/Gt/2j9+m//Vb/qv774E/6aP+Mv+fa3iv/87L/+L//wf+b3+o3+5b/r3X/+x//Df8/fc/D3/Mn/1NH/8q3f8f6f/Ds8/M32dv7iX/8P/gV/wK/4o5v/4bc4/eiL3+gPz58kf1L9G/xTP/5fPP57fsP6397+qX909+jP/Z2f/gW/1n+VjP/AZPR7/EX/6+9Kiydbj37D7/++v+0v/Cv+0v/z9//P/qt//V/5X8+vfs3/6w/6e6vf9Cde/3p/4G/5t/6vv+xf/e7v8Sf9kn/hu3998/t8/6+Y/jFXv/F//m/+kf/o68/T3/Zf+VN+6t/7E3/Rf/b3/sZ/+b/9X45/37/79O3D8V/21/ynP9b+0fe//b/8j5c//q/9iX/mq//klx39x3/H7/F3/nv/af7J3/Af/9Z/2u/+vX/9v/vL/pR/7w/64u3v/Z/+nr/k1/yPfs3f+af+71+j/R8+++f/3X/3cP75T/x9v8//+mf80t/o9/tv9//0X6/8E37Pf24++3P+kJ9++Kf8xb/oL1wksz/nwe9+/8/89f65039t+g9+8vss/o+/8+9ePv9z8we/3e91+hOnP/XTv+Yfmrz9qz/5iT/n9T/7L/51f/1/ufhXr/7L7b+wOPuV/8Th4//443/lX7/8G/6Ul3/13/DH/Br/2e/0k3/fb7z7rzwo/rvHv9///Pv9g//uV//6n/34T/kVf8l/9t/8zX9X/pf9MX/N7/Rf/1P/+V/yz5z9l3/cX/ff/9ajr/6Y3+hf+2f+uD/11/vd/6i/99cq/q7qt/0di/+g+kv+hP0H//uvffSX/EY/ePlX/Cbf+s7/9NN/yN/2D/3H//Jv82/+Tf/w3/snfP/f/d3/jN/n2b/91/+lf+K3szvXv/Z/dv7H/HZf/Um/1u/wtz/+8ie/+yf8mX/ff7vzN3318qv/6A989geffu+P/2N/xz/lD/6J7z7d/o1/v0d/wp/0a/7Wf9t//ff83v/Tu1/56774+/7K3/pf/SdHr3/yH/wt/ub893j0R0z/yT+++Td+4qd+j7/r3/wdf/BF1ZS/6Iu7v92fcPy//KXP/tp/9A/f/a9+8Jv8Jb9q68/9XX7Jv/wr/sPyX/+X/tP6b381/Uv/lL9664/5J/+E335y9E+Uf/kv3fvpP+6XPF7+9r/3H/FHl3/Cb/9n//pH/+Jv+uOf/rd/2+/199f/XfW7/z1/xP6//mf8y//zr/OTv+Yf/Z/sfPHt9Nf6wW/6j/8Pf2j5+B/+TbebP+9v/sff/ee/3l/0t/3L/8nP/Lr/wd4/9Wv+w//MH/ebnf3Ev/x3pX/EH/BL/87f48lv8L//X7/B3/Xj/177xVdfvp5mP/gT/u9f49/9v3+N3/v//jX+vl/2P/6z/+hf9rf8qj/wr/1X/6rf9H+nRfffj1b4/ywTmP+t/9N/+N/+Lj/9+k/8z//Nv+x/+W/u/qlP/u0/883iH/ujluOHf/Ov/6vH/+Af+t//S/d/85Nnv9OjF1/8dn/i+B/8v/+lf/9v+e2nv/Ff9Pf8EclvuP0//MM/9Q+f/Vr/xT/+9/8J//7v/V/8Wf/N7/H58b/ze//0r/W3/arVf/2//sJ/6df/y/+tP2X0m/+Gv8tf/Pjf/cN/l/+k/OyvyH7qP2v/9u9954/7Lb78i/7G//0fPPor/tYX/9Ff1k6Of7c/4MFf8Bf/AS//+kX2t43+l9/i6M/4tf/bX/W//nm/7m9f3Plfk//71/hz/9rf8s6f8Ef/Gn/Au3/9b/sT/4U//bOdr8q/7pdO/uLZX/sn/Dl//B/yT/7W//M/8hd9+9Vnv9/+3hdbf9iv+Uu//CN/4v/6S//b//7N9/6yf+Ofefr8n/s9/vLv/NJ/6JP/43+/8/f+5//s23/jt/gX/ujf/tf4Tf/Vf/2nfpNf6y/7V/+ve7//X/jlweJP/jv/5//5b6v/5ZM/+U/+y36f3+EH/9af8ez7D/7V3+k7v9ev80d/+Z/8Z3/hP/9//mV/979fffxLfq/f9fQv3/or/4/f4+hP/33q//XfLn7BH/EH5/Xb7/7W/8cf+Tv8pr/iF/xpX7376578S29++p+Y/m3Hv+7rf+wfvHj+67zIjv6qf/JP+Gf+sT/4n/ov/+D//nf4cnX+Uy9+xe/2S3/8L/jj/8q/9W/+bf6Un/7b/tjv/KW/+b/zd/1u19M/8fQf+Vv+wv/+L/v9/6Lf5zfb+er/+Kl/+G/4Pf7Wf/Fv/uP23r7+/cd/yR/9r/7Df9Jv/j/9yf/q0e+/ffxH/KP/2f/yd3/nr/qr/ub/7X9P/po/56/5u/+sP+o/+uM/+kV/1b/z3/3ef3fyFx+fT36NX+dP/u/zv/1v+ze/+5P/67/xP/+Zf/a/92v8pf/cv/l/fvWr2j/lf/kf/oN/5l/4L/7X/yL7nf++X/RnnD/+NX7t//PN73T2D/03f/Qf+Gf+i0/+x9/p7j/zx5Aa3v3b/vmTv/1/ffE//Xt/1x/z74z+sIdJ/i/OPv6L/91f/le//J//63dv07/0X3zz7d/6z/jH/vjvvPhTy7/7V/6lf97lr/4bqz+3+nf+iuq3+U/+m9/uz/99vvMX/sYn3y5+v2/91P3f5Z/6437FH/IPXv3SJ//+4rN/+f/8H//+J3/E4fc++aP/0vwP+Ef/8T/5z/hdf//PjvPmz7v+E37nO0ffbh9dXvyyH/+n/rKH//sf95s8+C3/ph/8q3/nL/sV/9rq89e/39/+d51t/U1/1n+X/7Z/3t/++N7sr/mffvl/N/uTfus/4Tf7zz65/0f+Lf/Ct/+L//Rv+cW/e/LnHo/+le//+7/PP/HXzf+e2a/7b//x905/k3/t1/5jX6ft7/orf5c/+bu/5Ff/I/9s+2f+9b/R7u/9b/+H3/5nfs3FL9r543/rty9/wz/rT/tTnv1Wv8Ov9YO/+Tf+D/+B+vAP+av/mv/l9T/2L/whp3/Ebzf9vbM/+Hdrfvx3m/8Df8lv+Lv81b/b//nwV/4miz/38W+z+7/95P/85/wOb/7UV9/+x798vfyf/4HvL1/90f/j7/br/DF/0K/xF/0a/8Uf9Af+eX/qv/rb/n6/8re+ev0//uCf/x+P/4S/+J//ydnf9Kf9jhef/IKz/+anfvIfmv41/8B/8xf8mb/jfpP+xX/Bb3P0p/7lf/Jf92vf+TV+s7/1B//5H/V3/4nFH1v8GVd/zNZ/Ubz86+/8J3v/0p/x61z92v/ln/RsfvqDL//Zx//jL/qn/93/7t/97//+v67550c/9uv8wf/t7//r/o6v/prf7Bd/+3/5h3/93/rX+/Nf/4v/7O/0X/zn/+Hvce8X/4Yf/52X/9d37/wZ/8Ev+VP/kH+q/H1/p3/tt/4t/rX/4ff+b/7qv+kn/vs/5jvJ1W/1X/6uX/4p/9Pnv8X/9m/9+O/7V/0Bxz/+C//+v/tv/3f/1z/x7d/xe9/9G6d/wr/zb/wTp3/Xn7Tza330G/0Fd6Z//u/+07/3v/bmD/iT/430V/+9v+Tvrf6vX1n9yl/8k//u/t/5Z/67f9pvWvz2r37qB3/dUfIXPVr/tf/S3eLX/qP+hkf7v8eDB3/lL/vN/7t//y/+N//93+s//PPP/ub/9f/68b/5V/8ev9Gf/4v/xH/7/m/3i/7Uf/Z//M7P/OTp7r/7B/yLv82v+Of/srPf+Bf85Ovf9a95+mMf/fX/+X/0h/7Ov/r13/GLP/5nf/Wf8Sv+uT/vz//n/sw/9d/7t/77//FX/MYHv+THfs31v779G/3m/9qf8Xv+en/IT//Yf//L/4z/83/+9/+v//nf+zf/lv/lf9z6Zb/y4//+3/g3vvdn/Pe/2d/+ve/+id/79/6wP/Xp7/Z/vvmLfo2/4R//Y/+qv/jX/nv+rt/tV/8X//ev8U/+37/Gn3r9Z/8vf+HH/8Dn/9H//if+pb/ob/lPP/0H/pF/91e/+FMvj65+jz/nzyz/gN/vD63+47/qr/pf//Nf8B+X/8J//jf+k//pv/9f/jV/7V/1V/xR3/r+37f70R/0u/2v/+af+3eP/+3f9T/7B778u/+9Bw9/5uziT3n92/xR/+o//kteHf72v9EPfvwn/4Bf66/5m//qf+Kv+Pgv/wf+0//luw+Xv8U//y/8ef9h9Xcu/uTf4C/5O7/9Z7z+3f7E//gX/ln/2m/wr/+Kf+Yf+h3+1r2//uC/fvnrPzv8Vb/jr/hd/qnf4Xf5k7/6Jf/kyd/S/Hb/wJ/wN/63//6//rc9WP4P/8Ln/8eP/y5/FiVpf+s/9d/95d87/zP+tn/8e3/hX/OHHv4xf9w//dnjL89+naOX/8of+a0/7jf81f/8L/v1v/XFP7P7v/zyv/dPq/65v/bqt/qbn/75/9wf9Ov9Pr/RH/bVy99q+nv+Y/d+5/2fevNH/y7/w9/8z/5O/3rxz//K3+kf/QX/3v/8v/yr//bZb/S3/B7z+vf5Bbu/3f7F7/qvjv7S3/N3+Hv/mt/zvy3/xHe/67/xS9e/w7cefft3/1PeFX/RH1P89f/5n3HwJ/9uf+q3f41ff/3yH/s1Pvv3/7LLr36yfrP6rf/rv+yP+O3+/b/s23/at/+9b/9af+Uv+2++/Hva//H3+5X/w9//r4/+71/j0e//J/7Z/8M/8V8//j2up1df/Xp3f9v/+b/87f+u/+X3+eP/5td//F/wg3/+n/5NfsU/99/9dY/+6T/hn/7Hv/qt3vyW0y9+lz/53/i9/7Pf5zf7t7/zF/4NL3/Jv/XwX/lXJ//FH/s3fPXnVtcf/wd/we9+dvJr/M1/1m9x9T+8+rE/4N/5q36Dj/7IP/7z33v6K/+F//Xf+R//3Iff+mf//D/g33+19fDyzn/27vf5DX/7P/wf/Xc/fvtH/JrJ/G/46g/+9X+rz97++N/9v/+rv+i//7/+tP/2f/hlf+1f/Vf8uW//1/H/9N/9zn/2H/eX/iEP//HFL/j8b/yr/6f1b/2n/Ov/2md/9V/2J2793X/kb/aX/OBf/e9/37/zN/oHftmf86/+Wf/d3/Cr/sLr//z3/pf/8F/xp//tf98/96//Dr/P8jf8g36N//Tf/Yt++vFv8je/+PX/huW/Xz/7j6f/9J/3D/4L/+JHf8d/+Hd9/9//3l/yB5188lN/1D/9u/1Pv+uv+Dv+pF/32R/6+/34X/q3/h//1P/6/P/83f+nf/ZXtev1L/3P/uHzb93Z/fv/9b/vb7n4rX/dn/4d/o8/4n/56/+dP/dv+DP+nj/hO3/Xv/Yvfn76x/17/+yz8uTs0Z+RfPeLv+hPLP/OP/y/+APr//M/+A//kr/1T9m/3v7o+6cv/vQ/fPZH/aEvfqN//rf/A/+kf/j+3/j7/MP/3M/8Hde/17/zu1z83b/f7/Vv/ed/zm/3P/zn9R/8B138+X/G6rvf/a2/+nM//+d+1eu/9sVP/Ub/4euf+e3+tz/zX/17/+U7/+l/+Mu/9+C3/O7f/Vv8BX/DT/1Zf9VfPb/z3/61v+jv+of+sb/u1dnJ53/Xnb/oT/ur7vwXf/i//u57f9YfW+5U/8F//sv+y93f+7e4/FsPR+tf47cZ/57nv+Kf/uP/rJ/5oz7+E0/urpZ/4C/61dU/9TN/e/Plf/BX3C++OPtL/rG/8jt/8D/6Cz66s/+Xv/lX/4jf6/s/+Xv+sv/mP/kP/8L/7U949yt/989/g19j+tn0v/s7f51/8+C/+pt/5g/9S/6v3/Xs3/i3//I/4Nf7d//77/+p27/nZP+X/Anfe/gn/pP/wv/y+/5mv83D/+Pzv2D05d/8D955/gcs/pd/70/87//XX/UP/d+/xvO/6p/7Pf70H/yazS/5B//1v+D7f97v9O/+D5f/3S/9J/70N//XP/pX/vV/4U//U7/6r/lD/+Ff7/qPSv+n4z/5j/qbfqff7Jf8R7/bT/9a6Y/v/87t/1L82J/x6vf4o2h94a///u/xZ/8byz/3k1/2O/7i6c7v9Tv+G//K4n/4+/+hr/66X+t//PT67/jPf6c/PP9X/6//8dv/7X/0x/1fvyT9XX7Jr/m//ib//n//9/9N/85f/vf8jX/Yv/rv/VN/+//yJ/5jy9/lW3/t7/Iv/g3f/z//y//ht/jV/8Fn/8G/80/9pr/9ovyPJ4//891f65Nf9mv+S7/of/mdf6e/8c/51X/tf/r7/eL/+Pf9JV/+Tb/6L/2r/s6/cPIzy7/qv/3z3vy9v9f8cvwv/ov/w3/36739Nf+PB7Pqdxj9Bf/eP/6f/zd/62+1+K2u/+wv/oD553/MF7/7f/f533Xyb//3/2X7d/3KX/rfrv6U3/a3+dV/899796v9b62//O3/xt/kX/ljfv3/4vH//k//j3/fr//xv/1v/eJf/+Lv/PueHv1To1/nF/5pf+n4j734X/6j//bH/9Rf9hf/N3/g/zL/Z3/Jf/jdq7/g4L/9v3+N3/W/++P/1t/7x37949/+d/6r/qc/f/tXvf1PH/5Ov+P3/u2/8D+4/LUe/qF/2n/xW/0Pf/Of/gf+B/nf+H/8n/9S9T/8wXf/jz/84b/wr/2hb/69v6T6M3/m1/gD/8U//83v/8/9n//sn/Lv/oX/3C/+2x78wt/yd/ze8Z/1D/3Kf+Kf/2f/k//qv/k1fst/Y/Y3n8zfvPrqyZ/82/z9n9Y/WP8Zv+Hv+7e93v5Vv9sv/jN+yT/4d/4R/+2/88Wf88/8F/m73+3f/d2f/fgf9JP/8/Gv9w/Mf+Pf9J/7BX/uf/nrvvvsX/z3/sa/6I/+M9p/8A//gx7/Xlt/3L/2M3/WH/Mn/sn/1X/6f/8aB//Ho+k/cLL+v/6Tbx/9B9//N/+1X/6X/M1ftX/zX/vv/uq/8OHnf8nn/9HfenL2vd/q6j/6t3/P3+NPnP2Hl3/vP/J//Ll/3+/z2/41/+7/8Ov9hbM/+Xf9J/+dN3/BX/o//v1/xr/x1/6LP/MP/t2/2/Xf9e/88r/9s8mfc/yn/i/f/bX/sl/4B/5dP/hD/7Mv/5f/4d/+fvbF3/0/7f8ev+s/sP9v/Ov/5k+Uj/7Yf+W//JW/zT/37/6K3/7RL/kn/4x/5z/+T36z/6L4Tf7Zv/75H96uvv2v/KO/cO8n/+Rf4+U/8e9e/tt////yF/59/+4/8T/8r//Kg0+qr579WflvcfGvTH+f3+MP+9/+memT3/PX+fav8fCvfPL9//WfXf4X/+DfS+vw//0/9U89/GPzv/OPyf+EP+3yj/81f58/5s3Vr/0b/m9//JcH//SP/85jsi/LX/lP/qeHf+zf8Xf87l89+Se/+/f9Pb/6t/+z/tF/7J+v/p6/5t/+u//On/7fJr/Ov3P2p/6Of0Hxe/7v/9t/2vzyX//f+V3+vsv/cPufvFv+jn9d8Xv/93/Dv/3b/e8/9icVH//nf/Wv8au//d/8hZe/1z/13139B7N/58//g/6U/+Zf/t2O/5us+at+5p/6fT758vf8wd9R/fmfHf/Z/+Nf+Mf+/X/uv3n4B94//kP/6fvjw6uTr/60v+Kv/Wv/kr/q+3/s7/33/iV/6e80/Uur/a9++9/hZ5qT3+rv+X1/tz9u/Jf9Fs8e/+pf9A/8w/8s5cH/h7/zJ//73+2n/pyPfqs/6PM/7vHOv/0PJ7/3b7H7E//l7/e3/KF/3qd/94O/4ff99y7/t//izZ/8B/3gT/r2/7n3C/6sf6H9V/6Bz//6xzt/7m94+T98/4/8+3/xx7/pH/PTf/5f+m/+7YdHf+rlf/b4r/kb//i/8Jf8G//mf/q//id/3e/22/7VP/XH/H1v/7K/7u87+at/w9V/+h+0/97/cPmTf+6f8B/+bf/s/bt/wx/2V+x++Uc9+a3+gZ/5m/6RP+h//hf/yt/7H337t/97/96/9R8sz367//33an678j/77X/sN/wTH/8J/+n/9tOf/eDv//3/sz/lV2+Vf8J/8k/943/vo3/wk7/v7/yF/8tf/E9O/qff++//z/+2/+XP/7P/xH/sv/+dFqdH/8lf8c8sfvDT//TV0W/7W9Trv+mfuv/soz/vrz7/L3b/x9/ul/wv/+F/9zf+yn//r5z/Lf/er/NH/Du/3t5f8jdt/c7/7u/yY+nf84f/Af/QH3/2D/0rf/8X/9e/99/9mX/G7/j9/+K/vP4D/qm/9Z/6tQ5/19/4L/uN/pg//de587tR1PKf/uf/+j91+Rf8D3/Zv/X3V//A3/nH//Q/+rv9jn/g2//8v/0zfvt//Rf8Dn/O3/rtX/6//e+/z4//Sfv1X/79n/mfn735Q367+3/Uj/97Z3/T4l+pDv/Xf/lv/0e+XfwNv/lPH/zBf9Vvk/6qnzi+/7/8V6f//O/4933vtx1Xf+4/9x/9dv/9Xz/7wS/4df7r3/XNH/pPvv7N7vyXv9/f/lf+0//5n//P/n1/4vVv97f+U//Mr/WH/A//zr/3h/82P/FX/9F/0+/0a/6Ph//9f/+nz3+ry1/1S/785ui/+K/+qd/7b/6tf+Ff+V/8zP/+x/+b/9ZfN/4//vtf8Pf9W//uH3v4E3/H33T4L/7ixd//V/8Z/96bv/n1v/bmP77z4Df5qT/zt6r/5OM3//K/8s/8a3/im7/hJ5/92F/2O/5Jn/39f9+/9/3y3/sH//7l//qTbz/7z//6v+5v/d1mf9LvtvsX/5Lf+rf/Nf6lP+aP+9/Xy5/6W/7m/+IXlP/5P/D7/Xt/47/zby7//n/gj/gPzv60O/M/o/htPvsDHhTf+r1/y9/31d+/+Df/9l/6W/3Mz/y7//7u3/73HN75W/7rB3/Cv/Pv/nZ/9O6//J83v/L7//j3v//7fPULP//4Lyz/gtG/9Hud/Jn/1OyvvP77/rT/4Md/u2/9Me3WL/hVf/Pf9av/6n/h6t/7l/+uX5b/A//Nv/F3/srf4r+587v8rz/91/xaf90PfpeXs69+zfm//jec/dP/7d/8O373b/4H/r3F//Fn/u31/X/jH/sz/9z8r/v1dv6X//vXKP+7f+77//n4z0n+qf/h9/rpL/b/+l/31/grn375N3/64t/4b/6+f2b9V/zDf+0f81f+9H+f/4W/8x/6T/yr/8Xe7/OrVv/JX/u7/z7f/+qP+av+hn/6X3z95l//T3/89/nxf/Y3q//kf+o/f7P1t/zRzezfr37VH/Fv/Y//7j92evU7/jH3/ubTP+6z32pr9Vf9Gv/qX/57vv49v/1b3/9P/43Hv+zon/w76r/iP3r4+/8Bf/b35n/br/u7nv7J//nur3c5/e2L33D3l5T/+J/xl/16+7/Vb/U7/8Z/4G/26f9FSzqze//6q1f/afFff/rvrz/6T+sXv/zP/uP+vutv/eE/8b0/+p/85/7Y+9//dX/dF9t/yl/yB+z/+J/0d/7rv+i/++R/+Oq//3vLP+nfefbb//t/5eu/+hf/ycmf8Jv8o7/mn3Xwrb/v2//ib/JH/n7/7H//d07/7OXf+dt/5x//HX7qb/nDfvDX/Sm/fvXH7D+cPXvyO/8Rv+b+f/pTv/ff/n/9C7/oxT/5f/wZ9Ref/Jb/2N7/8s9/5w/8S/7OX/h7/K//wX/c/O//9F/3B/70P/jb/nN/4G/7q/7vX6P6fUaf/Ia/wf/9a/xLv/f/+n/8if/T//kXTP/X9Zd/4f0f/Iu/6Ccu/9fq3b2TL/72B7/gN/wd/4Kf+T9fP//Tfrt/evdv++Xf+6V/5W//+I948Mv+8//yr/1DPv3L//I/7PHf+tf9Q3948qfszf7Kv/3v/RV/2p/3txd/x6/xvfqPOP8T/9Hf6l/7j//Zb/9Ov9FP/Fp/6l//7/zB3/nP/rW/6uD3/x//ym8tV7/sr/9f/9ff5/XF3/13nj3/51/+yX/WP/KPvPxzfod/6p/7rf7J3+Ff//N2/qK/5G/+9Zu/7P/66ldcrC6e/aP/brP81hf/+J/4j5y+/s7f+yf+9l/8nn/vH/IX/ra/169z/a0/7he/+u6/+df8a6//3X/mf/pn/9Pmd/63l7/1X/9bN9/9O/+8f/Sf/fQP/Pv/xz/j1/ubr7999Fv+Nv/TP/tbvLn/1erdr/db/9b/8F/++ev/8KNf/Q/+M4//+1/68Ortn/KfPzj46//Ru3/CH/MX7P0Tf9HhL/wzf+ZP+N1/6o/40z/6i36H3/7f/L/+w//9P/yff+1/68ferbd+r//8X/3Fv/TP/gP/jd/jf/yl//6f+J/81w//k3+w+uIf/t7//otf/iY/+Ff/pOJfe/hb/Ffjf+qv+C9/xc7v8hcc/Dr/12f/wF/xx/9Dv/wfTf7m+//k7/9//8v//n/y2/9F1V//rTt/57/x8K/4/f+h3+bX/Hd+4p/6Xx+sV5//N7/LP/eb/q+Pfq0fv/O7/Nu/6vq3/L/+xS9/sz/rN/2Xz3+/X/9f/pP/8f/x/9r6I/+dq3/jkz/5//i/f41/+7/+fX/Q/jG/9os//8d/7K/6t//cX/4n/mt/6X/9B/5P03/xb/sn/rbf7r/+Ff/bL/pH/+rVr/G7/TZv//c/8tf4zf/Av/Ff+b/+7ce/6Ys/pf1X/qz/pn32z//yj//P7A/8h/+vv+Df+vGPf/yv/bX/5D/0X/2l1cef/4n/xHff/Bv/zN/8+p/8df6qv/gP/tc/e/on/y2nv87bf/j6N/xd/tX/+9f4zT77Bxe/zp/yz/3Rv8W/8eTz/+zxP/1//xq/x9nVb/j3/uJffPaX/11/6vPv/GF/4F8x2fo1fsXvcfeXtT/13/4tb1//+PPfOv1DDv7s+99+/fKP+53LX/btf+Orv/0f/Dd+4lf9r3t/zK/92/3Yn/KP0dt/5k+c/vP/0Z/9z/7Xv+Fv9lv985+8uP/x//nmv/oHrv7z+uLv+U9/0eLf/1u//8Wf9e999Cf8mb/oiz/4H3vzr/yb//n5v/t7/75/+P1nb3+3v231nV/29/82R5/+Pvns1/3H5t/+db/6o36H/6X84uIf+Ld//9//H/uXf5+3u3/07/RbH4/+mCfjv+TX+I3+ib/ou7/1/l//7f/m8L/8VX/gu/rf+C//jkXz1/3qP/GP+Ft/u780v/6NfvNHf/bv/+3f7U8/fvbTb/6l3/I7v/aTv/h/+k9/1z/pn7169t/+lf/kv/kTv9FP/tv/7Z/1rasvfsc/8qf/65+++qXnv+bfevTv/KP/5G/1C37nv/dP+gueTf+bk9/mz/1v/q4/+bN/6U/4DZc/9e/+fb/3v/Xv/fM/eHrxP/3Bye/yO/yDj/7p3+4X/JFfvVv/dr96NP4r/4vFv/Pu3z/9y37yk7/ud/hvpvt/+h/2N/5JP3X6u378L/4df8Hf/8nh7zU7/zv+yn/6v6cZ/Ft+yd/73/8L/9R/8zf8nf/YT7z4Zf/q3784avLZg1/3N3nxhzxa/8K/4Xd6O/1v/uqLf+Mf+vx3+192ftut8rv/7J/7l/8d//E/9at/8p/4tX/J9//0//Mf/ZN+zX/lVf7H/+l/9H/0vZf5X/RPvXz8J37+9/2nf/sXf0fzX/zX/9yv+wf/nf/gv/vf/0lv/vjv/K///bf+lj/4H7vzkz/5v/y6f/Qv3//OrPlz/vbf+Q/878YH//evcf1//xq/y/n/9G//ecnL9rf+u//B/2R98Zf9Tb/6z/v7fvtf9V//53/8d3/tP/Qv/OzN3/BvFHfu/Lfzrb/s26f/w7/y6/2Nv/Gv+lv+6l/4j/7bf/z0b//F++v9Pyf77X6Pvb/uH/kHx//OL/0lv9Vv+tv8r5/9E9/+937NxfL8p3/VXzV79ev/i//AP/gn/41f/fP/y3/7dz344nfJ2r/+l/4H/+Lsf/q7/4e/7t/+K774W/+sv/iv+hMe/Xvjn/iVf8PVvc//5H/ixe/6vxz/xPO//jf44vSf+bP+4N/m1/sP/os/cXldLX/JX/jn/Ed/39/6J3zvs3/iv/0VP/EH/6sfvfvN/+Lv/tZ/8a//d/05r/72/+bX+ZXf/XMfzP6DX/Wb/LfLfy//I/7vX6P4W6tf7+mPv3n1S978LZ/8xX/58a99evCvfvujP//X/Zf/j7/vfxz/s//dL/1j/sK/++99UP+vv+C3/Bv+3upi+dd99Qvy//l/+hdPdv+93+73/lv+1H/yT/on/qWf+Df/7G/9on/tP9ib/SlffPSfn/7Tf/c/+qubf+Z7v80/+c//1f/Mr/6tfpvvfvfvbf/lh1883fmf/r2/6F/57/7Z3/Of+Lt+rX/g3X/1d/ym61/1y/6cv/vP/ZP+3D//4Z/zX/6iv/nf/Tt/8fV/+vvs/3qv/5N/4m9YP/tj/vXZb/VX/8K/4Pdt/s6/4X/6x1/9x7/sq9/uf3t8/0/61u/2t/zL//pf9Df85X/ln/EX/15/1B/4z0z/1cPRi9/ut/gH/qT//Q/8Bb/qH/47/oVf+ZN/9f4f9Nf+G3/Qn/Cv/J7/+C/6R3+P32P89/yTf9+/O/73/66zavkrXn7rzb/+B23/+Q9/53/rX3j2yZfjv+DRv/EX/ODf/3fPDv623f/0F/2KF//Jn/fuJ/7jrb/tb/qH/qs/48vf4u/7j/6af2vrX/3l/+uf+zO0JPUnf/Lqfzj4Lx+f/epf9E/+CT/47j/zJ5/9or//H7376/4Jn/7CP+uv+ote/qb/zF/5R/6zf+n2f/eb/2t/87/59//qv3H9P/7S//bf/8X/4d/zK5++/VV/xuLf/js//4d/jz/1t/tnVv/Eu0f/zV/62e/wF/29D/+dv/v3Pf+v5v/Q7/R3/F3/03/2m/+fv+nf/fm//b1//d/9P/+1/+zP/SP/ty/+oy9/1T/zx/+2pJH+tZP/8b/49/7dv/Nv/Qf+o9/7b/zHyt/+n/zzn7/4U/7VX/Yvv/jb7/53P/j7/uj/6/f9/X+n/+Mv/gt/h3/wF/5fp3/7vd/qd5/+8f/rL/2Hf7PPf6c/58mf/mf8Td/9U8bL//C//UV/4fd+r5P/6+/78/6Tf6bY/bc//Z9+aftn/OD/+sf/paN/4e/+B/+ef+f5//WP/y+/+9+a/GN/7v/6n/2zf0LyL/2jx7/q7/qT/tW//m/6wb/5VxS/8p/8vdrZL/6V2X+/+M+/+7f/Pf/q31j8Vb//uz9gdf2X/mH/9Kv/7v/4jdZ/yn/y+vf44qvx/vV//Wf8j7/Jn/9st/7OH/sHHP3Kf+7j5X/x4mLxtzZ/zn/w8H9c/tj/9Of/mz/1Z/95f9C/8xv8xn/oP/S//x//+3/1V/zD/+zf+e/+kdv/y7/09/9Nf8LFH/LP/Lq/3u/5V5793i9/i7/kO3/6b/0Lfr+/cPzHXPwL//1f+HeR8Zv9D//en/771pO9/+2/+fN+k0d/8m/xe/3Ev/4Tu//0m3/2v5z8Ov/87/fJ+Php/j//pn/Vf/nv/aX/3f/1n19cF3/v4u/4n//k5nf8o3/7P/p/+0Mv/+Avtx/9km/f/18++z1/j3e/859a/7vV3/E7/xf/w8vyv/ij/+LTX+N//Vv+r7/40d/3K/6bf/73/PFv/yf3/vWrf+27f+6f+xf+k//bH/iP/5J//l/+d//g7/zP/+3v8J//XX/1R3//r/W9/+LxP/A//nd/4J/473/v9PXv/Oknf+vf+2dO//t/77/77z/f/n3/tF/+Jy3//r/7J//UT57+9v/xH/N7fO+f/ie/9Rd+9Wv8hRf/xv/yj/7t/93P/Nv/wLf/sH8x/zv+xY+SP/j1f/ztO3/B7/Yf/aZ/57/4R377vyv/iv/iN5n/Z//9H/w7fvH3/wf/bfmn3P+xf+Uf2D//2/+XX+sP+1P/l//ln/5v3xZ/xx/x6Kf/nP/sD60nf8Wf9qfvv/lP/pbf7vf9+/6wP/On/qDH/+tv8MWf/vpP/VU//h9+9mf+oj97+kf97X/aH/wz//yP/UO//D/+Vf/m3/CX/gP/5E//L7/vR8u/6W/9v37zv+rXfv1//P6/7W+aHvwff8+v+hf/wMd/w7/xH/x2f/6//B/+7b/dz/wXJ7/L7//3/F+/1//w2Z//p/+z2U//F3/4H/Hr/8a/z9/1V/+5v93eb/WP/25/5V/21/6Jv+aXv/5f/Kf9079TPj75zZo/98+9Kq6n//ZvcvKHVld/zOFftfiJf+Z//fN/01/7+T/zj83eLh/+1v/UP7X/3/4an/21//l/+wsWv/pf+MV/+i/5+/7RX/ef/e//l//gn/0t/q7f5B/43a5+83/3n/ivftNi93dv/5zf4Xf49Df49f/6X/zoN/2bf8vJr/z1v7f8Y/6Of/nsj//3/7cv/5NXf9m9L398+q2/9i/5y/7GX+9bza/8rT/9K//8P+/Z/d9m/Qv+jPQ3/UW/x1bzW316+L/+0z/zL/7vP/H7/hPf+6P/+3/t1/4DZv/Sb/l7Pv7f/9k/8Bdd/o5//v/9a/zJ1/9o9hO/z99w+av+9L1f/5f+If/0v/dv/dZ/wK/58T/15/0Jn/2S3/UP/FN/nX/tv//XPvsPf4s//Ff/Vb/69/r1fsVv8fv+ql/wY5/+koO/7Df5y36tv+aP/63+nT/wH/8Tf/n/uvWr/9m/9sHe//LP/pb/++//e/5Hv+Qf2P0b/7fTH/wT/+Hf88cVv/7WL/vOyx/7B69/14f//G/0G/y6f+DOv/Z//O+/zS/9qT9w/Bt9/k/9B//tv/s7/8q/9Ve/+iv/yr/zf/0t/txq/JN/xZ948S//D3/Uvd9n8Zf/yX/M37hYvvxb//P/ufjiz/4nXp38zg9/i9/tf/7yd3786A/6l/7hP/hn/vT/4a/7P/7af/bf/PP+9l/8t/6G//3f8uR/P/7T/omv8le/2/NPvvrt/vW/6c0f8s+/OPizftWf+Sf997/y3/8v/s1f8oeu3n7vv/pH/rU/7Df67f7iv+bTb/8Pv/Zv/1elyf/0X/3hf+DDX/XX/N+/xr/yT377+LujP/W/+m9+5l/4a/6VP/kf+dfXf+Lf81/8CX/PX/T5b/Zjv+E/9T//+J/++3/n7a9Z/vp/95/5P/x7/9Sf9w/+c//dH5T8h3/FZ7/+H7Z19Eun/9q/+tn0D/wPfvBr/6J/7vf9S3673+LX/cP+7l/xC3/i9/9b/6D/8+//qc//seVf919//x//l75/79++86/9kref/70P/s4vFn/d+X/17/9W3/tk+a8sf6e/7f4vzj/9J37Jt/7Wnem/8nf/u3fOfqu/+V87+pt+2V/3x/91f8df+u7H/8K/84//3//ZP/f6T/3p//NXXv4bl7/6j/vrf6fz7279ZWf/ye/6G3xx+EXyn/5Wv9V/+9Hf/Zv8q2//vv/sH/ju3/tL/o5fc/9Xz+78rr/B3/NnvXvy4Nf9q1+//A2O/vb7/+3vf/dP/Ndf/R+/6P/6A37xYfW3/bLX/0r5H/yqf/ZXrJt/9q/5+M/8Nf/sf+4/+1+/9Uf/o7/3n/5n/KG/+2/0V/zfv8arX5Ns6XX2z/9t/+Vv+tNXv+Ffn/7Tzd/+l/8z/+r+n/ybn/+T/9Y/8/nv/Vf+M7/NP/9P/1//ze/z7/zVH33yS/6Z36v5ZX/8v/2X/Na/+qs/7Vf87X/E//CX/Lm/69/+dy5/4W/+g7/uz/i3/r2/65/6Pf/vX+NP+BX/1k/9Nwd/5Kf/969x+Z1f/+/77f+m9Z/wv/wzl//bbzH/d/+X3+Q3/VWP/vm3f/reyS/6bf+TWfarj3/nn/7e//x33vlj/51/8J/9Zb/qb81/5Z/7T/56/8q/+wf+9r/0v/4v/tq/5G/8G/+YP/eXTP6nf/e/++9+1dF/+Nt/+dXv96f+k3/Xf/qX/1pPX/5t//mfcfbb//iz9T/9L/7SB3/p3/J7fKu6/Cf/j/p3bf/Zf+IP/wX7r37jx3/CX/O7/Ok/+GN+yV/57/x6/+XRf/y3P/8r/6E/4+26+tt/nz/6o7/rr/q1/oG/79G/9Gfm/+Mv+c//jV/9t1b/6y/4R/793/7f/7P/wU//gp/8U1f//T//H/6de+t3f/4/+of9Cy+/87e/+bsf/9JXf8zv/df8R3/tH7H+1/+qB3/tn7T8sV/wP23/Pv/yH/bH/GPfvvf7P/rf/82/7r/4U7b+iz/+P/5Tdv7lnb/41/kD/sTv/GD9K/6Af+F//B9+2a/6Tf+Pv+3oweVnv/Sf+xv/mv/uL/hP/ut/4U/57/6G//Cf+E/u/MV/6Z/6W7z9X3/n3+R/+fd+1Y//cX/Gd65/17/4b/jn/snf+uTkt/gLf536333xJ/8TL3/1vau//R//5/7cX/of/wO/3+/2G//yf/If/ddf/g7F/l/yV/1F+/vnH/1tv8vR3/Tl//jr/p3V3v/yN/yyv/V/+df/sD/zzq/4S/+x3+D0J/+D3+JfufebfXv0a3/0a/8Vf8Wfvv/f/Ln19Z/0z3znn17/+B/ym/46v2D5Y//7f/gfrP7ht3/Zf3bxN6x+3//wp3/nP/7f/W//r+Wf/Bv/BX/tX/JP/Uvf/Zf+sr/1uy9n87d/1R/wh8/+lOKv3fpv/uK/+q/4Y363P/FX/m5/zu/zn3z11e//evfXaP67f/i//0//lN/+L/rT/uDf8p/4Z/6xf+nX+Ov+sl/w+Nf9Tb78Nf/Lf3nx9/9z//L3/51/7/f8w//yP+FN/mv9ZX/rJ7/ey1/jn/7d/qBf47f/+Nf+6/+Hv+PF//nbf/Z3f/Hlr/cb/qLj16d/51/13xz9J3/lb/67/Wavvzj69f7CT37dX/jst/n2t/7mX/Ev/Q5/8G/5j/9u3/q9/uLf4y/8mT/+379sft3/9p/6lavf7j84/61+kx9Lv/3yb/nz/ojX3/lDfsc/+K/8/n/1bz/8w5ej07/ue7/kX/mnf6tf++/6J09f/8e/fvKf/kZ/3Cd/2V/9+3309/2mb/7RP/Wf+b1e3z89ffrX/bJ/7Yv9X/bP/HO/19/3r377X/nnf9e3/97f+51/7D/8b//A65Nf9+/5a/6y+d/2x/+ev8bP/EF/0e/yt/51v9Pf8/deXP9ul7/w2eQf+1V/ytnv9n/9e//mX3r/5N/7rf72/d/jdz78DR/8fn/g3/f3/i5/4L9ZLv7h3/v33T5d/lt/9V/xl/2bX33v43/9D/lPP/kt/6l/4n//c7/3C778m36nv+9v/t1e/7J/4p8tftP/7Q//9/+Uf+/Z4z/j5Yvf6g/8K15/eXz8r/211b/wL/2z1X//Z+7+h//ed9d/07/3+/0b5//HF7/2t/71P+v/+JP/8LP/ZP1b/gV/3f/4e/z+v8mD3/jP/mf+s39+/+Cf+8nx37v9vd/jz/8P/9HP//i/7M/4e376D/sDf6uf/o1W/9Dv/Tv+wf/XP/rv/ab5b/7n/Df/yn/wGz/7T85+69/q9R99nvz6v+U/9ue8/uv+mn/wz98u/8a/cfzHbP91u4//uJ9e/VV/+R/96/1Bf0Dyb/71v/gX/+r/7Cf/x//x8S/7bn7+5/6Of/t/9ef/Jv/+v/OL3uz/ab/3f/Wf/NH/yXf+nb/lr/0tvnv+068uiov8l//ZSfob/Bq/8s/5nf7cf/qwuvNTv8Ff/y+d/V1/1/959kf9Dz/9J33nb/ydt7Z+jd//T/qFf+XfsPrFf/z/cP7L/sV/9w/+C/7rf+57z9v/afEP/zV/0a/xB/33/+jv+8e/+n3+qX/8O3/9b/uX3/2Hv/X4j7j4z/7Xf/lP+YP/kH/4D/2H/8ff6J/46p/9w6v/+B/9dX/ij/nb/oA/5He7+qfy9Lf5v/7M3+NPnP+S/+DP+B1/vyf/3p/xE9/9c+Y/8Xv8q+/+4F/2f/3rv+Nf+vv/vf/53//P/49/z9978u/+7T/+d/6df/ef8uX3f8Fv/if8of/99W/5v/w3v/p32Ln/gz//7/o//u7/68/833/D3/Rf/PuOfqNf8uv/d//tX7y39TvUX/4XP/gj/qHiT/uDKDb435r/68H/+p/s/m6/1i/6V3+d5G94/L+Xv+A//J1+8O/+qvWv9/v/S7/Hv/l7/PJ7v/jVX/i7nP2H/+nv8d/8L//t//2v/Pv/wG/4i/6v//n/+rf+wH/sF/9O//Q/+Rf9Rj/z6//b/+p/9rv8zz/+f/6P/+5v+l/+r+3f8Xv8Ye1/+9tSlvhP+j3+gz/rF1Mw/E//T//qX/23/R/f/j3+o3/0//rdfvGLd7/gT/td/qDf9M98/S/9Sd/+/f+1L/7g/+sv/N7f+X/8IZ/9Tb/e2eNf//cjp+OP+uW/4f/6190/+V3/uF/00T/7nb/t3p/1X0/2Hv9L/9tf9pN/9V//V/9x4z/s7Df6a/6Y//vX+O9/nd9l8hf8fn/K3eQ/2vtXnvynH//Bf9U/8ifunX7y5V/4e/6C5o+p/uq/+V/5h/6Rj/Z/4tXpb9r8Tf/Rr/lX/Rr/x9/zN/7+f8af+++U43/zH1781Nl/8Ns/+Oz7p+efn/zpF//45PFPFf/Wn/jXrR8mf9ro6A87nf6Tf/df+O/+8X/+8u/8Hf/+f+L0r/l3/6qv/u9f48Wv+Bf/nd/qd/l3/40Hv/jv/Qc/+xP+1enffvq7fvfvqf/FLw/+079i9z/7F07/wH/lX/1Lfo9/4//8s3+ff+OX/LF/24N/4rN/6Gd+k+Wf8oN/6uH//G9m/83v+N/9st/7V/3rX/41v8N/98XTf/lP+gNHv+m/9ov/jL/zP/j9/8hf+m/9nZ/9Jb/oj/5L/oC/8p//fX/jb/+j/8Xf8Fv9X98//vP++n/+9f/yd9777/7eX/E3/w9/55//e/2mH//Rf8Kf/fL/+HM+zf6P//3w7/9F/86b3+7Ff/QX/1v/0+v//v/463/b6af/xT/5N/wX/+S/9PJfXv4Ge//nxZ/x7/2Or3/rkz/vr/tL/pDf/M/8J//1//6P+3V/t3/tn05/42//9J/4J/6v/85/8J/8zv/jn/mX/z3/+Z/9d/4RxV/65/yz/8j0t7y3X/6ZZ7/Tv/Av/xEfn4z+lkd/82/3S37nf/t3/vJX/7YPfve/8OCnyvTks7+ePPaP/rm/5q/96J/OR//St7795tf4r/6lk9/xr0rfnb/4D/6Nv/LJ5//0qP7z/9o/8t/7Q/azP+iff33yJ/9Jf/2/Nan/hr/p76pH/8Rv9df/3v/D3V9R/5I/5X/Z/scf/IZ/7u/87G99+p0/8b/+K/7A4qf+r3/hT/zsn/2Dvzf/W/79X+sP2f4vX/4Xf+F/tZy//V9+4+c/87//jX/d//X7/sRP/pv/8h/zR/2Vv9Xfvn7zzz7+LX6s+C9+74/f/Rk/ffXr/SsnW9//zh/4rc//7r/kn/l3/4k/5rf/zm/2z/1F/9If85u//I1/g//lx//Fv2797919/Dv+sX/Ur/PHPDncSv+13+G3+NZv+mc9/vyf/YsP/5O//df99f6P//Gv/1v/1v/ln/hzft/z//Qf/h//uu//kvvf/bP+8u8//tX3Dn6j5Hf9Xf+4v/mf+m2++nX+8P/zb7j+2/+pv/8f/TN+yV/6p/6Nv/L3+iVP/pMf++v//W//Fb/BX/D4v/xn/6hf8S8++Rfni//+7/5D/73P/sbZ3/ev/Bt/5qe/cv7f/Ov/w+vF+Nd9/A//pb/p+D/4q5v//H/8D6Z/7+/wx/7GP/XffWv1Z/1zf8RHf8XhH/Jb/J2/899V/2m/9Q9+uz/o2d9dXP9ff8ev/FP+vT/4d3td/iv/3j/26//hn/ylf+Lf/Jf+5O/yT/2KP+YX/Kf/zhfV339S/KLf/6/6w36v3/I3/a8/v/fjf+D9/+rX/2/+vt/33/0z//Yf/K3L13/I+b94+fv9Q//osz/m/r2jL6+y/+pf+3Uf/EZnf86/9+/94t/sl/3W/8nvU/6O/+d/+gv+rb9u+bv8Hv/yH/4v/qpHW//Z//lXfPFP/jnXv98/vjr/9/7617/9//ZX/nF/4J/5L/71/+Wv/NN+0//zv/jn/szRr/yrf/+f+A3rf7D6jf+G3+rX/Y9+0T/+9/8vf+PiT/pjP1mkv+aX/8tf+Pv9vXf+gX/in7z8Bz/+7P/+Nf6z3/nuo3/0N997Ndv7m/+5v+n+83/289/5P/59fuxP+LOuf6f//Y/5r3/j3+3v+L9/jd/56J/5O//Zv7z4Xf/gP/XlT/x++5Tq+QP+wKM/7Pf9y6cf/aPrd39LcbH48V/jP67/wD/7//p+8ux3+L9/jX+8/f3/u/nf+H/9ipf/wD/1t//D/9ev+j3+x9//v2t3/qf/4Q/8z9M/8O+jZOG/f/njf+N/+n/8DX/a//1r/P7/y2//e/zvf+9/8Lcf/1//e/Ur/+L/+9f4PX/Ff//b/h7/4y//v3+Nd7/HL/9dvj//p37Z//X62R/4V/6q3+kf/T//wV9V/f3/zd/5f/8av+Qf/NX/0v/9a/xFP/hf/9x/8Ff+d3/g//jx//WH/rf/Tn1JuaOTP/B//8P/qv/71/hv/sFf+tf/nf/T2f/1y3+P/+oX/O2/1z/4K/+zP/B/3P6/f43j9te6+sHkwZ/xj/8Hf+7v+PH++j/8x/+Of+G//of+jX/49/qN/uXXf03+Pz38jb7/6svRL9sf/8v/+KvTv/tf+Q9fPfxfv/Wf/4W/Y/Xv/a///b/yW+X/03/xR/9rf8onb9bZ7/nrvvsT/8W/6OODL4q/e/F3/urP/rG/5r/7l/+pP+63+s1+vb8s/wPOfrff4df6RX/er/irnn/vT7yofo///F/8n//dv/av+dYf8P1/9+88qv/N//7RH/XH/i6Hk7/zxV75hy++9/SP+fF353/xv/h7/va/4nf5fY9/yX/5z/7Df9fiP/gfmsv/7Y/5pX/E8qd+n1//r/ir/q1v/Yk/9Uec/Ikn/8av973Tv3P5C/7V+s/4R375//5fPfyT/sn/69/4Pf+5f/3X/vX+mv/29e//rfXf9Tv+j3/e3/67ff7b/7pH21v/9V+yv/sP3fld/sn/9X/6K//dv+wHj//X3/A/fbn9y//OX/A//QaLnW//I+d77/64n/7iZ/6Ft//oX/c/LWf/3q/1t3108Pft7P+rZ3/5wes/kfLav+qP+x9+8Dv8D3/rf/Nv/ePr3+1v/5P/h//mH/5f/7W/7V//rf6C/T9x+eZ3P979F77zX/0Jn//xz/7Q7K/933/xn/VL/oS/+U/5nX/1n/Wb/mH/yb2f/rt/t9/ll//Ei1/wd/+n//W/9uv+yj/r3/8D/u7//OjN8S/67f+u3/av/Nu/+jP+oCf/8N/0M3/wX/mb/n5/7W/xJ/76v86ff/L3/8pf8Xv9YX/GH/uD8q//C//wJ3/Kb/Nn/L5/+C/4A+//+X/Ow1/jf/71/oq/4i/6S5/8pr/bi8X/8DN/zi//G+8tDkcnv/Hbx//jP/pr/tTBf/rr/4u/+5/3f/8af/t/+1sv/td/7Zd+5z/8u/+Iya/9l/+Kv/5ve/Lnrf+6f+WfOf6Ptn6L3/W/ffbZ7/Kb/ud/69+2+6v/0N/l3z38Cz/+U/+Sf+If//W+/On/6K/6hX/tT53/Sf/ib/0Lvvu7/t5/QPGf/fF/ye/6Sfbbvq5/7Hf5cvUr/4G/98/7M/7U/+U//8N2/r4/bvrnPPsNf+rl37L11/+af+M/8oN/6su/97f5p3/d//MvPPgfrr77R/9Gk/nv+upf+6eT/+Ff+6t/l3/iH6w+/3v/1r/lz23++k//jv/03/vXv/eH/KH/8N/2d/wbV03+v/yp/8S/kv3Nf9v/9jPrnzy++Kvnv8PZX/F7/+EHxfSP+20/+a+/9zf/2v/ew7/le//+/3j1b/zkT/zb/8Df+0f/K/d/6lf+zZe/4fHLX+M//UN+0e//Z/4+v/Y/d/fv/F/+zz/9X/93l7/BP/If/LZ/xud/+fT0dPvV8e/2LyV/0uN/4Jf8zH/5S//Aq1/4r/87v+TX/7cP/9K//X99ffnrfnn5b/wP/+ef+7f9Fn/xf/uLfu+/Z/lv/4v/ypd/1+ufOfmT/5Cjb/09/8IP/rdf9sm3//i/5vf5qT/nxxa/9clv+ef8he9+51+d/+f/4fLX3/7f/uhf8W9uV7/13/f0D/lPDn6fsz/lz3vyl/yTf+nv/duf/yu/yZe/9/1f+fv+54v/+9f4s/7+f/f/+rt+g7/st/lt/tr1/X/uH/qtn/0p//Hv/Rv89M4/99//wr/1t/+Ff8zf80f997/zT1z947/xX/h3/r1/4j/4v/+Nf/29v/vf+ed+t1/8z7Y/kf1Nv+Ld//7HrX/nr87/2z/rz/70r/jNP/lf/sP/4ff4Bb/6D/3st/qtfuKf/+hv+i1f/DG/7r/1m/9R/94f+0v+1t+3+YX/8uKf+8V/2d/x55585/53/qDf5id/+xfpf/3ql/9G//v3fs/7f8XuX/j7/Scf7/zb/8uf8KvX/8zf+/zB3/vv/CPtyZ1v/Q1/5W+xSv/WUf7H/BV/+b/xe37/yd//S36jf/BP+Sv+27/k9/2V/9Sf/2ce/cSfufvVn/hv/b1/xl/4G/zP/8zv9K/+x//tg9/kd7z3J13+q//pH/FX/Bl/7fbZr/Mn/wN/9m/yN2f5p//0X/j3/fl/2t9Y/TOHf+Yf/Hv/1v/lH/cPHPxdf/y//kvXyX/3G/wTR78k+/Lf/zPe/fX/4Z/7v/6r939h/occ/86/wT/yZ//mf+5//uSf+st+p//pV/2KX/KX/yH/86/6lX/MP/Tdv+6v+4V/92dv/97/47/5m3/F/3T5Jz67+N3+gF+0/vfXf/ffvP+X/sT/+ff8H7/ff/2df+e//UP/gF/nT/u3f1D/xv/if330v/yb/8N//vjz2X/xi3/i//xb/v1/4p/8Pz85Pf0///Dv/XWvfvU/9vv80+Nf9s/8yv2/7hf+G29+l//6z/g9/8lftfcriv/wn/1lu7/Xn/6/fe9//m9++tGf+Hf/1Pf/9J/4Y/6qX/IL7v3Olx/XF/NP7vxtf8Lv8U//lX/QX/EX/+9//R/4L/5dv8e//3v/gt/lF13/Td/+07br3+6X/PG/w87v8Wfd/7++/8Uv+Lf/mT/xn/qd/pqf+BXF3/6v/Mzf8jf8N5//Z6e/x1/4U7/iD9x9d/W7/P4/81/8d//nP/KL/um/47/9bx/8Nv/yf/ir9/7G5/Xr//wP+CN/0z/0T/2d/67/6Cf/tq9+05/4c/6x3+tX/ua/7K949+//jn/h9Zf//dO/48/9K/+Ov3f7r/zj8j86+zN+7HMKP/6bP+5X/TE//ht//L99+8f/up/5lb/Nv/I//LP/3u/8L/yq7Df/zr/yj+9/8Y/d/623/u9fY+/7L/7i/+z4dy7/yP/5j/zPLv+lX/W7/OuHn/+B/3Hz79b/YPsv/qH/2D//b/3i3/+3/Km//vf5235l8/ov+S/+5t/nN3r+3+29+a0Wf9LZb3zvn/oLHv5F+e7f+yf8kv/k9//0f/nL/8dvVd/9d/N//G/7a2e/W/br/HG7v9tX/90f8I/+bX/+/r/26x3/9b/nf/u7X/+Bf+Df+R/+HX/v7/W/nf9x/97enT/9zX/+u/2V9Z/8jyX/xp/+n9x58oO/+i/84/7A3+HydylO/o9/7//6bf7zv/Oz5ccXl59e3P03vvpV/8f+7/33/HH/xn/47/zif+BP/Jt+0b9ysfuv/dnf/mt+0d5X//2f8df/Tb/sL/7Dfq8v/5t/9Vf82v/h1flf+Iv/89+/urv88W/9m79j80cc/fF/Rfruf/9XX/6qX/BH/6rf+d+c/YdXv6x6tvP7/bV/0M/8k7/oL/4rfuaX/4q/6l+8+APv/t+/xh/2B/6zf+1f9atf/4P/wO9V/Xt/5T/zf/6qP+V//KX/8H999w/7B3+nnd/iv3j0f/8a+eXT3/n3/XN/6V+6/pX/5i9Z/neLvX9jefRX/sNf/F3/dfGn/s5/a/2P/EZ//S/e/vh//uoP/Pv/hD/0t776Y7/3G/7G/8z3fgkZ1v/mv/uXfvff6a/+4vlP/D7/2h/z5/xh9T/9V/0On/75J3/Ufzv69K/9e//Pf3bxh/zi//ZecfXRn/JP/Y4/8fIseXv85J/9y/+r0zd/+2/wTyxO/obf4z/+fdeHf+Kv+cf+N7/x//w//YOL9f/14Jcsfvr/+hv//d/x351efvd/fvwL/8U/9t4f/n/9d//9v/c//Gv/1vf+0On/+Y+Pf9Mf+4mXf/xPPG1+vd976z/9236Lb/9Xf83p//G3/3N/7x/4K/7UP+N3/w+2f59R9g/8wX/+n/xP/St/yenv9l//Vn/Vr/HmD3m3+m92/ov/4OTf/4//83Hz4vf7937y+//CL/l7/uPpn/B7/0n/7eUf/cv/+PO/5/f+U/+I3/Af+y//tV/wH/4Rv/Nnv8s/9Rf+ab/zd/+1f/2v/q1f/KY//if/U/mv3Pun/rniPywX5Rfn01/4x735Lf7Z3/vOb/Hr/lr/zp/zB4zv/qJ/uWp/1V/8d3/yJ/2qP/LP+qge/8u/9Uc//if+sZ/8Nb/r75L/Xj/zB/2Nv++f+r8e/im/x7/52/57/8NX/3nxn76e/A//yz/3N/5P/9vOj3/7P/67/o2/7Nf5K//s/b/x7Pf7G//bL/7xP/5X/b1/099z8Zv8E3/j6r//E//Ud3/+X/h73f+p3+4nv/tvf/bH/RY/88e/+cE/evpbTP+nP/H19p/zH/+a/8qXv/6/++f9w//cb/PdX/BvLP+9f775dy9+0d+8/4/92j/17n/9t17+zK/+87Z+1f/8X//+d+pf+p9O/8df+k//0//G5z/5H1/8c3/1r/Vn/FZ/47/y7/8f5cEf/Jd89N//Of/qr/3X/1t/x9/wr/x7v/zwL7z/d1/9wu/+tt8fX/2CP+3ev/Ly9b/4W/yrv0H+6/05B//+H/K7/c3Hv/G/+vrX+u+2m//xz/xz/4T/NLv/h//1f/wf//f9UX/S3/0H/N5/6E/9cf/mv/Sn/nnT//zfzP+O7/+p7/6Of/9//JW/5D/4X3/73+3v/qN+1zev9v+l//UPevEb/Nq/9Ud/5b/51+z8+3/zP/tH/HuHf+hv/OjP+s//sf9y73/7t3/8wa/7O/yRP/76Oye/9v/5+Pf7X/7dRf53/y1/y9/z/I/+XZ/9jf97/uv/H3//HzD+5X9i/nf/D5d7yeMHv8Xv+qvml7///9L+zv9Z/Sf8S/fv/On/3K/3+Z/5j/51/9v/8Tf+dn/cP/uX/K+/yfTl3/m//0m/x1/5t/5V2//awZ/67f/5znd+1b/6x3/yv/7y3/7v/nunv/0f9vB/+m9/6ru/9V/+yZc/Nf1L/93/8N/9K/++q3/ynzz6g/7J8vc9+k//xcVf/z//bfP/6lf+Y7/64rf//p/+z/zn9/6sP+0v/ov+yf/kb/lTXv5u//r+//b3/Mq//M/5yV/3q2/97n/i8z/uyX+9+7v8wsX/8Zf/7c0/ePDP/73//vFv/H/+5f/s/b/rT//Xf/Mf/yXP/4U/56/6Df/6N7/or/mr/6rf+v5/+7v+kn/83/+7f/Uf+L/+s//uX/tLv/+3/D1/97/zK3/D+9/7O/7gX3D2C37vf+Qv+fx3/am/5Z/4z3/vP+/X+O+2/ok/5I/4K5u/8Jf8if/an/6v/en7X/zK+3/b4nd+/uWv89d+94//s4v/9r/+C+78Wv/07/SvNQdnv9Uf9NXfdfS/7P1r/+j93+i3+OTyr33zO/wxO3/Nn/PH/Wb/0JvfZfff+F1+/9/9n/87f/Wf+mv/E7/X3/Mv/8Gv/5q9X/uv/vXTv3r/D3j3O7Xl//1r/JlH/9E/9ur/+PP/0r/8n/43/s+//febTv6H/+P3+/X2fs8/4e8cffd3/JN+8Asn/9CPfe+3/RP/6j/51/0T/oo/4T/83i/+4//+//5v/bv/1D/pL/tT/oPtnzi9/g3/qZ/51w//zO/+23/9n/a7/J4/+LP/r//uV//hf9rRf/2P/7r/3P/+8V9Y/V3f/iP/1LN/6z//pf/hb/w7/YmvHv2D/6SsB/8Hv/Pf+Jv8Pb/93T/zf//7H1W/9Ld4/X+++79/jelf++/+zf/H9z9+/N3//r/+m37pH/gP/eJXf/dnP/hy/Bf9U7/k1/4//8Bf+bdU//2Tnzn5y/7F/3n9f/+r//4/8Jv+k7/6f/wn/+Z/7c/7wa/xT/5Dv+TP/+zk//41fuv/+9f4xb/g33r8g9/nd/lH/9V/7Pf/GwHvP/n8b/tD/8p/9Y989Rd9+if9gX/Db/qrp//9nzj+036XP+x3+TNfrH7p3/IH/o2/+h96cPSv/s3/y+/06H/54/61//m/+vQ/ePdv/OCP+zdOfnx/Nf0Lf+y3/q1pAffX/WtO/v7n/8xf3P4zf+1/8Sf8Hqd/7vf/t//jT7z4Hdf/xJ/+t/0Rv8727/HH/D5/0C/4fX/9f/YPfviP/x4Xx9//v/75v+D3+m//2r/61/p3fsc/4I86+z+e/HXvZrO7y7f/+X/x6C//E//c3+dv/W3+13/73/rV/9brxW//13z5+L/56/+5f/2T7/1Po7/t7R94/fq/P/27Fn9l8+f+838DpTKvj8khX/+hv9+v/A92/oP/9Xs/+Fe/+LOrX/lX/3Z/4L/49/9mf89/90/+NxQ+/I3/5X/7B/7Kf/Bv/Lt/8MkP/tXf+ff8W//9v+Zf+8m/8i/d/p++85f8qff/l3/3r/2L/plHb05/i//x9/1jTl49/Zf/xd/n87/5V/7Gb37Dj87+qm//86PsX/x1/uYv/4C7V7/5f/9L/q7/4tf/O3+rj/+hV89+g9/48R/wf/8aP/7ln/6DP+3v/4P+jN/xf3z38Pe5+9vt/ZrtLy//iPxv/7P+uF/wu/3Jv/+f/+jv+fv/zz/6H5394L/8m4vmH/lL/tTf/uif+vd+09dvdv/Dd39T8oOTn/pTftOTP+bOz/xt/+x/+mf/Qf/z3/93/8o/5u/93f/5f+93/C/+6d/9r/gz/q7v/V3/1f1Xf/ujb/9ff9JffP/X/qP+2wd/9x/yz/wT/+Wf8av+jN/4H331U/f/sH/nz3321/zE+rv/4tlf9VtNv/M7rP/GP+7v/lV/zU/9Bnf+lbP/5qef/8TJr/Mb/LJ/fv+X/dbf/o/+kN/uH338t/zTP/6Hf/Xy9/otfo3f9lf+OX/Jv3Lwp//7/9Rv/tefffxr/Jr/2J/y7tc4+Df/huZ3/LfPd/+JP+hv+xt+z2Tv7ODX+DX/lLN/6Nf6y/6C3/nj//nw7737+d/9N73+A771n/2l/8L//Wv8dn/JX/GPv/ndf8nvt/2f/FP/xr/2u//Wd3/1n/SX/NV/2V/7l/x6xT+097v9US/rL/7G//6rf+Pfr+7/4f/J7/fsd/gX/5HJf/rtH/w1f/znf/sf/PoP/of+0N/vT1n86r/93/87/se/8+jf3f3iH/0nT/+4/3b+X/137fb3f/vfp/63f9c//NE//8t+5X/8L3z5l//SR//di//tv/vj/ojz8X/37/39f/bRP//v/eLrX/bm4Z/3W/12P/Mn/LbN//DXfPev/av+ir/iz/h9Hvz0l3/ib/GTv9fvPPvb/vtf+euO/pU7Vf5L/41f/Wcv/rl/77/8e+q/4Z/+jS7+9P/4b/4t/vFf+Ed8Pv4bf6dnf9Cf/O0/6qfTrd+u+Bt+zV/7r/4N//3f4/zu3/17/Lt//V/65/3df8H1H/g3/Kv/wxe/1b/8v/2xv9sPfvez89/hz/q1f59/+ItXe3/3q9/3j/ub/sbn/+Fv93+N/7s/79f/ZXv/2//5r/6KP/evvPcn/UOv//u/4G/4H8vf78Xv9k/+9ecnq49fZod/w2/0u5/+13/83n/8+/8ev9G/9Ec8vfc7/G7Hf9W3n/8hf9///C/+uX/+f/m3/My//8/dmf4O3//bfuWno7//X/u9/6+//r/7Y/+4f/P3/yPe/Gf/6vd/0V/xh/6lf+Py//yb/+3Lv/Dv+/V/Yf3v/g+/xd//x13+HX/vH7f4d3/yz/p9/vL/6uTf/fI3/cd/k1/31/sbf6Otf/2v+ev/jX/pq7/+d//q+1+9/vO/fP0Tj//7P/Bf/9V/y9/77/4F5a/5K//QP/nuH/k7fPTn/bq/9v/6m/ytf81/9tv/FX/O+T99/vH/+qf84Hf8O/Ynn/3tJ/m/+tf/N//en/jffPHmH/kv/u9f40+tsj/+X/5jf79/9vdLf9P/6Tf5I/+Pv+fP+fTP/ZlfNPoD/9PP//Krv+X/+hP+91/5D67/hz/nb334xzz+rX+dPzv5V/6D3+1bf9Sf/Df81b/wz/4f/9M/Zvcf+tf+1//9T/k1fqe/sPp3v/dPr/f+0d/sf/g9/qkf/PI/4f/633/jv+ff/h+WP/Yv7fwa/8nZf/Tr/7u/+tGv+ct+x//xwZ/yF5z8Xo//rH/m2bM//s5//Z/9wi9+o3/8j/29Xv6ef9I/9W/+7f/mt3/tP/i/e1397d/7h/6iR2//lL/9r/5d/qPf6c7/+m/+Vf/Nr/6zfuVv+Ff/dv/o7/rH/A6vv/Pn/av/xb/39n999ef9+r/nd5f/0d/5Z/yP/82/8E/+O//ur334J/67v/g/bcu//5/8g/7d3/GP3f2d3/xv/8fRxf0//q/6J//RP+Wv/6nTP+Vv+usP/qrz3+iP+R/+xPN/5d/4m3/L/+67P/mTv+O/8a9e/93/7v7fWz74zf++P/kv/7Uf/fiv961P/rh/9Q/+X/6JT/6lL9d/wv/6Py7+vcVft/xtPvm3s/Xnf8C3fzJPd/+KX/RT/+nRL3n9X/zX/9dP/vl/8un/9JdOfvmf8U//+3/+H/i9/+B3fPD3/C+/8z/5E3/3X/O7/bP/8d/xPzz5ff+MO//T2z/yL/5n//k/7q/+p//Jo09+l9M/Yf6f/QV//vTP+M7V//lr/NX3/vW/8u/71b/vP/AfL3/ff/zv+rf+/bvjf2/xz/70j/8O3//XPnn7b7zZ+al7v+1f9frlb/eL/puP/tx/57/9u66/9Y9mf8vf+wf9jzu/35/7F/5m/82b3+2Pf3T8F5db3/kttr7zq9br7/2iv/W//zs//a///b/wD3jw+/9Pv9HOv/9r//affPHH/1//8x+32PoX/rz2X/nW47/t1//W7/4//a2/xk8d/ha//r/6H3z2/b/8H/zX//1f8tv8jX/J//w7/qP/+h/xL/9V/9W/9vhP+HO++1/+a//sb/5n/aO/6b/2m/+K3+G3/f7BT/9F//p3ftVP/m2/av37/P7/3O9y+Zv+j9/9/Rbf/s9/+X/66f/6+rNXf9D/+fE/95+9+iP+vD/5n/zoL/xN/rE/8A/9xX/h3/+n/7t/zH//7/4H/8k/+2d//O1/+Fd99Gf8Hv/8P/nf/be/9f/1P3/vb/o//+t/9hd/e/lv/fX/2Z/2J/55f8Jv9gdu/Yv//X91+N89P1z8hX/o//kTb/6q6Z95+b9+9ey//qf+5r+p+KX/1x/6i17/p+v/8E/5bX+XP/GP/PJv/ef/lP9s+Qv+++Z3Kn/67/g3fq3f/VcV8z/29f/5t97/wW/yy37nP/vf+T//qP/8zpuf+B9+5d3f+f/6wb/xB/zp//evMf9jX/zxv+3/8r//Zf/yv/Jn/31/7m9S/59/+J9DmvXP/BN/5z/mH3n5V/+D/9noj/lP/4/f4Og/Jf3+n/3r//xP/k2/9h/11/2p/+vf+k/9h//RX/nqL/z3/5P07/tjr9t/9N5y77/81z569hf+x7/OOnv4xd/5d/7Kv+Of+6f+5S/+qL/ob/z2L/rq3b//b/+db7f+8OXh7/GH/g1n6V/1gz/m9/k3fvoHf9Zfc+ff/1fe/d6/dfuvbf8Bv+Yf/h/9/X/vv/vg4C/7bX+jH/uT9l/9ev/Kv/z3/Et/0G/wF/9W+99694d++Rf+Pr/zZ3/4n/HL/tbnP/53PPtTtv6Zf/E3//7vNVq8/L3/kN/g/m/9G/2Vv853//N/85//W/+v3/qP/Xv+pt/7yz/7P/xd/q/75e/8t/9B//b33/4rlNcqrv7yX+/f/Hf+rb/m9/2Fv/WDv7KpPvtHv/d3N7/wD/kjfrs7f9k/9W/8R5fLX/Dbf/y7/vt/yq/76t8rfoOHf+fVv/cr//x/ffl3Lv6Rt3/uP/zb/br/+eXlX/kn/bW/xfzOH7T7p/63/9If+u/+83/u23/78uwP+Hcu/7fFX/87nP+uH50+/Yd++7/kD/rW2f3HX/7U3zn9W37V88/yX/j5b/n7v/4T/6n/9K/5r/+W3+7f+W9+n78g+Wt+oz/+N/qf//V/6d989eVv//ukf81f+tf+4b/bH/+v/SF/w1/0J3z+N/07/9R//T/9nSd/xWn1R63/1x//v958/x//N/7D+7/0t/s/fsmv+g3/9hf//F/2H/z9f/6/8Tv+3pf/wsnf+L/+B7/J/b/yf9j+e/+4P/S3/Xd+7+//57/wF/4Ff8jf86fe/fzv/Y/+nL/on/zqv7nzk3/KH/uX/c1/758w/rv/yNXf9e/+df/Dcvkf/Ce/1W/1r/5u/1z7O/yaT3+j3/s3+XVe/pp/0OO/54/666+/t/xjr/+9y//2F2eLw7/7D/iX/5G/bf27/fmvfut/5Wf+8d/uX/vJv/3+f/PPnf/X/84//lf8yX/RP/+v/vNv/prnL//+3/If/Y3+sF/ym//lv/Vv8ff94B/8G/6UX/9v+dP/i2//s3/V21cf/bL7f/Xv8qf/+v/bDx79mX/y3/D4493/4Vv5//Lr/ga//n/24i/5/L/77Ks/8l/4D/+Qez/zN/1V/+1/8/wf+L/+6fWf/gf+vv/Af/lH/xr/zv/0P3zn+d/3O/6p/9vDP2P+f/zZ5ed/wk+d/6N/8R//r5z9+J/8u6V/0O95RNqx/Pv/+d/v21/8y//93/Gv/X1/zH/37Mv/5l3+G/3gf/6f/s7f+fwv+oOOf+ff8x/4T3/16v/4V3/hv1/9gde/+1/2v/4R3/mlf9bqH/7l/9of87f837/Gb/AX/zp/zC/44z79h/+dX/3b/iV/z6/863/wd/72f8o/lu38Wz/9+/62v//i9/9P/vTf++8b/eq/8Bd99rv9L7/7/d/qN/7d93+fz/7Nv/u/KX76r/3i/sGf8pf8Ja8/+dbf/mf96l//f/zeX/9P/Mq/d/k7/hv/8cf/2z/+z/1z/8Vf9p/+xD/yazWnP/WtP/E//ol/6U/96X83+3f+jv/2s7/hn7n3y//X/+kP/61+wXe2fu9/9df4U/+9f/IP//Jf/Cv/+f/0b/pfj/7vX+OffJM9+A/+2X/nV/+Lv+NP/EZ/2586/ZVH/+E/cf6f7nz77M/4rf6v3/X3evy3/Ud/5+/xd/xT//Df/ev8gl/yH/yjq3/v07/7J//T6h/8c/6DP+Cnf6PlP/0XfjT/PSmm/3v/9r/tH3j2R/w3/8bD6Ud/2vo3/hP/uV/wB//9f+j//ON/ydGD3+vv+cWHf90P/t3f9F/70//uv/+v/pP/sn/qf/x7/ph/7l/9j/7nP+t3+Oz3uf5rz3/JP/vn/rm//p/wj/4n/03xW/wNf8l//+Vv+yf8hf/Gf/vb/W6/0//4O/2qf+CXjXb++3/3v/hfl//9X/+f/SbTR7/VH/qd3+If/63ut//am3/jT//4Tzz9X3/fv3T6Nz/4Nxd/752/8+2f/q/8Db/2n/Sr/qrf8NXnv8PvkPzkn/8z/9fRT/2BO//c7/67XOX/wG/zM/Nf9bv8uf/d3/gn/p//6X9wmPyR//mv/Ke//+f/0f/Uf1f+l9d/wE//yqt/a/kP/H3/1r+9+6f9df/85//6/3T8F/5T/9p3v/sPj36X/+Cn/u0/5C//n//mj//9P+lX/5X/w5/4K/7rv+MX/8Z/a/W/f/aX/BO/xR/8a/+3/9qLP2n+5K//rb/66tm9P+9f/asf/Lt/4OLf/DP+lP+x/ff/w3/y31/+bv/Gr731O9z5qd/iW8f12e/xL/8N9/6Rv/L/+sU/8w//M//H3/sffHbvq9Fv/p9++l9+pz3/Df+aT/+HX+uP+PGzP/If+8mvqt/5f/y3/9x/effNr/nqWz/I/r5f/Gv9DX/Op7/W//h7nf0a/8Cf9vJ3/Q9/jz/z1f/yN/w5/+Xv9m/+JR9V1dm/8o/+6dmv+Mnf6a/9Tf/nX/8v/MHDX/+v/bWf/Ka//8vf43/7Yvnv/3P/6/86/k3/9N/nz/ve9u/2/d/9b//09733t378q47+l39//135T/xHf/XL/+w7//Pf8Xv8On/Pb//5f/03/Lb/x6/+Z//Gn7n+76rf71/5xRfZj/9X/97Vb/C7/r1/evOn/+G/w+/wf/7xdy5+6//l5Q/+oX/w7/0D/46P/4zPftmv/BPrP+Lubzn/d5d/wyj7U3/nv/7xH92c/Jdv/sh/9I/7V3+Nv/l3/vy/+87P/H7/0P/17t0//Ef8yR//ZX/tr3r4b/4+v8Nf/Bv8Ln/zn/Lf/U6/3n/4Z372Y7/Ob/r7Xm//44cPfsXk+lf+bv/9b/nl3/tL/s1f+L2/+Oy3nf5dP/H73/87/5Tj3/7/+Dfu/87PfvU//4f/Hf/0r/xn/5i3j//JX/h//xo//V/8BV+uf51feve/u/69/8K9H/y75f/0B/4bR7/qV/xj63/1L/ir/tT/4hd+67O//j/8d/+bP+fX+VO+9TP/7H/yK/cf/Ut/yeF/8T//bb/sJ//pH0tHf9W/ffBf/N2/00//a0d/0a/+Z//C8m/4Pd7Vl//qj/9Ne6d/w4//37/Gp//WH/7r/0v/9Se/6uWv+hX/4t/4i8t/s/iVv+0f+Mf87h89/D8e/hNbn3zr1/rPfvDHZ//L4//m4E/4Y36nX/H6zT//W3/26OwnfuInRu3/9Pof+eNH//pv+c9/9I//Rr/ZP/rb7f1e+3/LzpvTX/fP/qN+jV/8p/wp978qfrffdfISLu+fcvaY1r3/qvw/v/6dJ3/47/XP/Xe/xq/x5m/9LX/PX+N3Ir/3Fx38t9lf+Md9r9n+2x79Ln/N3/F/1X/O3/m7/Fl/xb/7J3/5p/yT/+Y/uv27r3/dZ6/+nr9x63/73/+e4skXX97/6N/4o/6dB7/mn/bX/1G//n/w2za/4lf8Hf/5P/9//KO/+OKjz/7aF0/2/qSv/pCtL77z7DdY3P91/oBf8a98+dP/6z/7z/+5/+7/8PLfrf6TP+XwX/vbX/1X/9Ff+7v+yX/Okz/ur0z/hr/mN6vv/Bt/5//5n/47v/X3/sbV//D77v9rB3/ZX/mPXf6JP/1f/lX/y//0j778u/+af/F/PP8vr/8b0mm/31/+X/8Xf8lffvC//XPJ3/zjv+sv/O+q//HB3/3ln/mf/rv/3X+3/DeK+7/X3/nvPPunvv0vPf7t/qrf/vRbv91/8+iv+fbBP/Tf/tn/x//9a/zzf+ryV/8Z/+0f8C+d/Mcnf+/v/8/8LX/Qz/zk//5H/9P55V+f/A1/+L/0a/0h91794Fn7O388+x9+k//hv/2nHv0Rf8Zf8A/+Tb/oe3/In9v8Af/1X/O/vPmz/pyHv+3id/lPf/v7f+3f8Nf9KQeTv/Rn8v2/eu+Pf/E/3/vWX/tbVud/3n/8C//J4p/5e//V5sf/tH/7L/vD/rH/7E7zv//9f/TpT/0p/84f86f/R7/mr/Gn/PpP/4N//3u/jEL8n/k7/r4/97f4p/+5nX/vx/7T3+i//R3+5F//vzn7q/+tP+i3+id+u51/+lvf/jX+p/+2XP0X3/7H/rg/9rc8+x3+3md/43/27X//X7v39E/5t3/mj/0df+ff9a+7/1P/16/6t7/43f76s7/4P/3Od//LL+/+rX/D3/tP/Tt/yP1f46/66z/5/fb/8Z/5r//bf+3h7/H0L/yfsv/71zj5TZf/5D/2f/75O+/+r+9/+kt/x/9z+t9/5xf9H3/PL/8Lvv97/pm//O6v+Lv/719j8d//b//Xj/+v7Z/9D/z4v/l//2v//r/zG/zF/+kXv+/n/9dv/Ds/+SWn/+B/+qf+mv/Xf/hv/fv/9j/9z33+q/7Av/Av+t1++m/7rf6k1a/6v3+NP/ev/KMm/8l/8nt/70/8x/6M/+sv/CN+w//+j/iZ//zL/+6/fjP9O/+T3/nRP/HXtw9e/9c//ke8/lW/zi/6xf/XZ3/57/ab/IW/569x9Lf/N7PpyW/4J/7E4z/0f/veH/sf/h9f/up/8+/4479V/Kt/+1/1T/+Tr//TH//eD/7IX/9//xP/5//1z/prf7D+A05/3S9f/q0HP3j833/873z1j/7GT7N/9A/70/7k83/lu2+W/8Df9Z9973/6h/6Qz/7e6hdt/3X/wO/2/J/5D+/+L//7n/Bn/wN/0x9a/+2/98d//PcPaG3qT/qff32Khn/T/+IP/JvuXK6/fPM/Pl79VT/1M3/d9/7U4t/86/6WH3u63v9NP/+z/8lvffu3Ovoz/5C/5a/4d/7YX/oXXp/9d7/JL/uF/8Xf90/+7V/+lf/YH/eP7/1Lr3+j3/53/FV/+H/83/4bv/H/+d88PP+N/+i/+/f6wd/+b/z4n/lP/J0/+HP+5T/z+V998p3/7N7//PEf8eivSv65f/rB3/qb/1//5F/4vx79L5NPfv8/8/cu7v+X/+Jf+uX/8Q/+Yb/qT/wz/8/Xv9Fv9OW//Tf88n/m+Zu/4M5/9XeM/+N//Q/8p797/dWX/8fv+O/9kv/x0z/29188/KP/vZ/5/X6t3/Rv/yv/xP/jD/oL/vJ/8e/9q/6MX/YfvHjzm//fv8Zf/Jf/q3/h37w4//V/1Z/0exz9Hb/+f//n/QWf/Lb/+i/5h3/lw4P/+vzFX/HfffvfOPjPit/tl/0D//o/9Wf95O/9u/5rv8O/8Gv+Dv/En/a//3s/9X/9T//kn/Ef/V1/13/xC36f/+m//2fv/HuLv/U///K3fvvkD/yn/8m/4Y9s8n//T/8rv9X8WX/Ofzf6Qy/+vt/q1/lTXy9/+V/zx/yq//0/+kX/5Jsv/qff8qdP/53ff+sH//vv9Mf+Y3/W9h/zp3/2x/95f8r1T/yuX/27v+GP/SP/yP9y+E/8Rf/83/3T/9X/9g9+64//h3+NX/3P/oPv/s5f7z//v37P/+CnfrNf+jf8T3/s/B/6rX+Pv/b7f+Df8rv/gf/cn/A3/fj/8D/+bR/f/9V/7T/7l/zX/9Df9O/+o7/fP3P2a/zSP/zx7/r6xb2/7Q/8kz77Nf7Bnb/px//y/+s7/+u/8G//Je/+43/iP/k7/7R/969dPP4tfre/+Q/8tf697V/vf/hHfsnf+xfP/+07v+s/9Ruc/l2/8Y/9Ln/i9G75N/yL+//Lx+Plb/FrXfwp/9rJ9i/63//kf+O3/Rv/uT/9X/9fH/yed3/w6X/8T/+C/6q5/PeX/83f8Tf/fv/n81/32z/+j/xZf+wf9cv/1V9na3Hwy149+jvv/pe/8d/++//M//1rjO/+j//8aPJX/KU/vVz+Tf998sf84f/ZX3/0B/7kv/9PPf/tfr//+TegxeH/M/mrfuUf+xde/fP/0OL3+2Wf/hv//V/+C/+I/+Jf+03/vD/wr/pL//u/7vf4F/+6/+NX/5P//R/4D/79f8z/+d/+dv/a//TPFu++/Gde/BO/R/7xr1r9V39O+yd+Ndv6Pf6c//HL3+D8r/rp7/+V/9Nf+Nf9yn9tvfv3/RG//M/6D//Ed0d/yyd/468Y3X949mf9kt/zd/jv/69f8J8d5f/hf/zn/lt/wR/wm/yl/9jf9V9878/69q/623/1v/d//Ut/0S/9F/7Sv/8P/TN+4R/6H/4Hv/+f/Hv/b5d/31/5duen/6/f6m/6vb78L/6x//S/+ME/cP6H/S7/5P9W/x7/yeJ//G3+0V/wt8z+yn/2L/548t03/9TffvCrZr/xr/s77d7f/8Fv/p0f+4V/3j/ze/1Bv8MXz//R/+aLv/9PWf7LH/1pf/bnv/i3/P3/qaT91n/+7/7Rv+8X5X/3+Hf7ib/s9R9+9jf+sv/q6f/65b/0F/4Nf/ff/z/+43/ib/O//wWj6v/6nf7vX+Pv/JX/w9/+5/zP/+TveTe/ePvX7H38G/xPf//93/h3/N3+q3/ud/odfuW7P+Nf/XP/62d/xG9z/tXf/n9+93f7D/6h3/Dy8ODP+E3/mt/i1/uz/5rf9Jc3/+h/f/Dxf/6vNf/8L/7T/7E/8/f/e/+50+1/6V/7Rf/j7/aLfvWv93v+qn/zL/on/tP//Vcf/av/5+/6L/1ev/d/+2/+g//a//1r/H2/+n/9E//r3+Tv/+vW/+2f+N/+j//O53/ub/K3/41/w9/+m/7Sv4QyaT/4X//BF3/VL/sv/9ef+kt+jz/p9/kNLn6jP+lV+ef/JX/a6T/4/E/7H7/43uvRHz35Jb/H9f5f+789eP0/jv7+P+fvOPmn/6S/7fry7/1zv/tX3X/56/93v8b/9Uv+gL/zP/ht/oef+B9+p//6oz/pj55Wf+V/8Zcd/ha/x7/72/wuf+azX5/88L/xd/6fLv6qH/8b/vIf/A7//T/wg7/tX/9X/qm/+Hf7K/+Uv3U5u/O7/zGn/9c/9pd852//147+zr//V/2vv9H/+r//F4d/4uWv+tP/ktX//MWvaH/8nxv9Mf/6r/rj/sA/96/+bf/9tw//+r//j/7Pf/e/4Pf4Td5Wf9G/9lf+Udu/4Z1f/7/8yd/6v/rq//r9/t4/9Lf90/+3X/ab0CLdb/+//LlX18s/6m9tv/0P/Wv/6b/wU3/L4z9h97/58aO//I/5O/6EL37iH/yvJ3/dX/Tv/96/xq/8+z99/e/+sr/29/29fuw3++Ltb/7H/31/7pP/+qd/5l//mz7/M37TX+vRb/V//vt/5+/4vb9xOfk7/oj87Z/7i//tf+yv/X3/ir/j3/jTf8Ef91f8Rf/T/o//Ufu/x+/9O/2f5//+P/X57/+df+4//iX3f6u/4vNv/zX/ye/6R/4xq7/wq+//1J/xH/3bf/j/+Y/+nX/GL/oP/pF/6Z/+Q/+z4k/6pb//f/R7jP+W33T57/0Pn/67f9nf/Yf9a6tPXv3av+nJl//OZ7/p7//o7v/2e/82/9xf8k/+37/G7m/yp/93f89v/Vv9p3/r/7X9B/zh+W/wG/5fX3z3bz289zfvfnv9u/8Zv+e/9d/8b7/V73j3N/93/r1f/BtWv9nf9lv+u3/t3/FX/E9/0Mf/xh/xp/83T//z7/1pf/ff9g+8+1e/80t+r51f8Of8QT/9S7//01f/3V/5F3/+k//+//GX/h5/3u/yT/2H//nv/u//j3//D/6V7/6Hv+R3/wc++UX/0q/8M//J/+Pf+M5Pff9v/gf/5/aP/Ed/QfPrv5n+Nd//S//t3+47v8/v8r9d/n6/3Z/3m//q3/oX/Wuv/tbT/+Gv+w2T7/7O82/9N3f/srd/+Sf/5Zff+d/Xv+JP+N9+4//jH/sHPvkD937pn/oX/Y+/6R/7S/7Is7/nF539r3/b9/7NfPbP/Xb/wj/53/z7//RP/Jp/zhd//b/15/5e/8PHf+0//J/9S3/p//bxT/65v8uf9Cfcu/87nz79Pf7u//5P/df/np3v/42f/9blu3d/2b/2D/5PB3/0r/F//ra/+nu/+T/8n/0u/+Qv/18/+s9/1fPt1T/03f/4//417v6ef0LzBy9/i3/6t/td/sm/8Ms/8q//sT/wz//47R/4+B/4t/7HF//u/3byb/yFv8W3fuXH/+T2f/v3/P7b//K//dlf/q8cvv2Z//Hf+xf+nX/7t/xP3v5P//5f+nce/sI/8cHf9V/+27/989/v93v312z9rX/O6s9+/kvav/7LX/sv+5O/89f8lau/599b/gXzv+SP+Dt+xT/+6377L/r1f+Hf/5e9+R3+nN/8923/yNm/+3f8xv/AJ9/7d//af+TP/Hd+z0d/3l/z58/+mF83/enXT+78e7/xvX/5d/of/8D/gtBKfvv/6/f+c7/7lx89/Jm/+N/9xb/XdPnX/QP/+J/44//mr/53/7Yf/I/n/+s/+NPV3/93nvxpf+Fv9Kf9u3/qL/5P/84X/+U/9D/8xv/6H/Rn/qNn3/2t/qc/7p/58dd///nf+Wfnf/Jv+z/+kn9h6y/57p/56/70j/3Wv9v1dx+/u/7uv/gv/qX5f/4XfO/v/bv/3j9l60/42+vf+as/6qtq59fbOvpHX+z/x/9y+d/9+f8sdfzy/1r+a3/6b/fX/8t/2z+w/F8//+p/KH/JZ7/Vv/v5r/tv/qrf/0/8C3+Ht//T//Tr/FV/5fO/4OjP/e3/jX//yz/rL/vj9v6pn97b++rb/8yv+59966/5Nb/z9vq3fvmnfvLn/KJ/+nf7Vf/mv/Y//41P/uzHv0G6/dFf8w//Zv/6P5r8Vr/o1/5n/qDJn/f47/nkD6SFuj/1P/yn/8D/vPpXf//f/h/4Pf+PP/zf+/evf+F//j/8Jv/Cv//b/XY/+Hun/9l/8e/d/3t/k1/69/3j//1n/+6zf/cPvfrdzv7O/+X3+Z3+ud/nj/7x+e4//dUXn/+v/9H/+c/9E1/85n/N3/+3/AX/yO/9H/1dv8a3/5nf4Q/6N/7sj/6w//0//Wf/ssMX/33x9/27//x69nv/I3/Kb/VX/1Z/9a/xO/zB/8Sf/4/+8b/pP/vX/OAv+HL/l/1zv+3v+Rdc/xX/8i/+r/6Xf+ZfKf7+P/yX/zd/+//9axz9K7/84t/4Lca/wf/1l/wH/+e/+ff87//UH/iPTD/9O37/T/6Pv/AH/+UPXv5zv/oP/OTf/rd/p3/vt/tj/qHf/c0f8af+9f/xX/Tf/F1/7R/wPz96PPlrP/lb337v1f/yl/+N/83f/vf/07/Tf/7P/x2/+F/5xdXv+I/8bn/nv/vpt7f/s+f5v3L20/d+v0/+on/pf/9Xf+eT/+PP/Kf+3j/y7p+4/nd+w7/0N/4vCIkHv+jsL/jX/oyt/T/v5R+zs/6r/vlf4+F//C//xn/jn/rgT/6/6n/rn7r6Lf+rf+43/XMOv/MX/E2/6tf9PZ/+k8vfaH//P/x7/vCf/D23tv6T/+z3+e7/+Uf+ff/yyeI3/ff/leov+a3/9v/rr/9nvvtb/W9/8j/9T/7v55/9Af/MP/pLHvwHP/g3vv/PFz/z8M/5ja//+mT/D/gd/oTP/pofe/zo3/vH/5v/+rf6879688/+8//dT3/0d/2Dv8d/83//Gn/lP9D8Bn/5wW/+4L/7rP3f/sVf46+/+PJX/sX/+md/4N7f/lf8kT+z/jN+vz/vH/3x2ad/RvU7P/6XHz38A//j6z/qW3f+5X/77Nf/J/b+xrf/56/5K//UX/CP/beLv/aX/h1/0s6PNb/jr/H5//wX/zr/1w9+/d/79/mVf9nv/af+kv/89/qv/qhf+Hs9fPknvfvf6k9+jV/6L/5m/+p//9/8XZd/wst/8h/4O05+tz/sUfXZX/UP/2l/7l/7G//Df2L6N/46f8av/+/953/3v/tvzv/9P/j3/R1/n7+ZIpp/96+b/lv/wx/1X2z/QX/t7Pf/d/+v3/+v+/MX29u/9//y7Z/8Hf6Sk51f/7//y3+/6//st/0NDn7lv/iP/bF/+/H6//xL/8+/4O/5Z/6Xf/nf+sOav/A//j3+87/yp/7Mn/k7/q323z/8D//PP/vf/N9+1d/yW07+5+s/5mf+hPHP/G1/8xd/yl/1T/4Po/w3+aW//U//F3/I1u/6ZxyPT//NV3/JH/Lb/te/+Ff/V3/j33n49/15//w//e/+Nr9s7y/6C779x/xdx6e/8e+4f/4H/Wt/3NZ/8oP/7OO/7/f9B3/T3/1X/7H//O/0D5b/y+/47f/i9/nxvd/s9/3L/qm/9as/6tf4Lb+b/dRv8jv/9l/+57/X3/If//v/4Ed/52/zv/xVv+Jv/L3/u0f/3h/+Gz35i/6R7939e7/1by5f/31/1G/9x/1Ln/8xP/3ff+f0b/9bfst//u//g/+v/+nf/UsXf9+fPv07fuFv/H/+Rz+5/zfOfvwf2//lv/svv/iXfsFf/pv+PZ/+U3/uP/h3/eq/4lf+wmf/5t/5t6Z//e/x6j/++36zX/oHfP6f/Gs/+JP/l/82+xf//T/of/unTv+Yz48O/4z8j/4H/oFP/uvX5//H7/8n/pN/385//6f9Nr/Of/s7vbv4L/+vX/r37J38I//wb/ALfvv/+C/4Xe7+svUf/yt+nV/8p//4y1/vn/kD//r/+9fY/t+Ofvkf/tPtX/03/rv/5h/1u/9Bf9V//Q/8rz+Z/ia/5v/+H/5Pd//77/yrf9TvXPyjb36tf//pn/5PffW3/EXkOv9W//ev8fv/5f/w//rfTf6y/+x/+q//0P/5F/yD//e//u//HX/hf/N7/Ie/9Df9m/+9v+D7v8aP/0ePfvAH/U+/x7/xf/8af9Tv8j9/Wfy7f+Lv9dH/9uW/+6/+94/+vR/7jf+29F/9v3+NX2978lv9ga//8X/xf/vFT/+JP/8v/U8+u3PyR/wuR3/rX/pbbn383/6i/+t//ezv+EW/31/4u/z6L+a//p/2H/6Ff+O/+RcWX/6W/+afmf4Wj/6MP+oP+wuf/F+/x9/ye/wnf8F/9fv8tf/zL/jTPvqLX37nT/y3/+Uf/7/+gP/zqz/mv/v9/9h//0//U/6cP+PP/1v//MUf+Rf+zZ/+6+Wf/M/9q9P/ZucX3Pllf/Lr32B2/DP/wH/wnT/m8l/7G/7Sl5/+Xb/Od/6Cf/5//JWHH/9dh7/VnU9+ye/+y/+Sf+erf/y3O/uJ3/7+//Vj+3/Tf/yP/On/zW/xq/+J+g//C/d+9et/7lf+xr/D/3n57/7Y3/cH/1Vnz/6IP+L3/Nt+/Fd/++Qv/qvSn/zb/on7J3/tP/dX/bb/xvb/9Q/+2v9n9j/+Jb/op36HP+E/+Lt/y/v/zt/we7XX//ev8Wf8A7/tnb/gV/36f8q//6f9qX/W1qe/4J/85//53/+jf+Zf/ud/9xf/7a/9a/4Jf+Ufe/zr/JHP/qqr3+P3/Jv/nf/gb/xFH/8D/+blv/H7/pnV3/FP/el/zv/yP+z8XX/Vr/W7/GuTP/A/TX/JPzj+K//Av/erv/7f/5V/14Nf/I/d/Sv+g3/kn/ji2V/2W/ybv8tf9tfc+V/+jS//qZ/53/+O//FPvf7t50ePrtazV39bffpv/L1/zv9y53f92/7pp9M/6bf8Rb/k2//ZL/4n/q8nf/DH/+Xy9R//hx//g3/sr7r/+e9T/Q/f/0eP//v/8PHzP+HkN/5bfuZP/HN+sz9w/t/8Xf/3r/Gnr9fj3+vyV35x/Mf/Dn/Ln1n+d//b5E/7g/6JR9/58/6B3+e//ON+l//uV53/5X/UX/jf/kV/4JdN9R/8gl//j1z+529+nf/ti8f/2J/4Zz39i//PP+z/+g/+5n/xf/hr9x8c/oWH33757p+uSmKQp3/fH/Yn/nN/zf/5t/1X3/q/yv/t9B/+X/+Ff+jff/m7nv4Hf/71T/yJf236a/wOf+9P5//NnX/9b/yHxv/W//GP/Yb/Z/mH/tv/96/x7/8Lv/zfq/+DX/Z3/N1/9d/+9/9G/+B/ff57/oHnf1n17/5Lb//H7G//Px/c/1/+1//+t3j5+y3++9/xD/wr/pAnv8fyj/7u//Jr/y+UtRv9vf/tb/8T/8df/En6703+kn/wd/0H/ve3f/nf8ezf/iv/iX/5nz34p//zZve//yvv/5Z/384/U/wJj/7c3/AnDu/t/BZ/y6/zE3/1H/Qrf/3/pfrWP/vb/ge/2T89+bVO3/7d/8E//7ue/xV/+sn4132x/m2/+q1+u1/vr/yd83/gV/8Lf/L/8Ltc/lf//d/561/83X/3v/3X/a5/3Ef/5j928Xv/wb/wD/qv/9W/7E95+xf82p+lRzv/xd/5B/7+f+Du+K/8t/7Pf/H73/l7/9Gf+QO3f5O/6t/53nf+sv/0H/wj/+nv/kn/7v/2zy3/y3/uP/7dzv7pP+X5X7f4O/+Xf3r/D/pT/scv/qnvH/9a/8D6D63+/b//L/8Pr8bf/6P/wat/t/nT/7W/5Y//qT/o9/nt/9LPf6v/4+N/7I/6g/+z3/GP/st/8Pv/M3f/rv/+F/y3i9/xD9x98Q/+fePrX/hv/Hb/wp//u/856d9y9tv/jb/tX/N7vdpr/6ff+q/8bvG7/U6/5Pf4D47+wf/u6M/4lX/Ct/6x2frx/s98+78u/tb0z/1Hf9//6bPHr37sL312XfxUkfxW/9pv9u2//Tf7zf6cP/y//xcf/+rxv/fn3//Hfuff+69//MfTCtTjf+sv/VNP/9GnX/3eO7/1J6+/s/ob/uI/8c/8vb7/26d/4H/0xW/+O/3UL29+7f/rwd9e/K/f+2v+3X/hwd/4v1N+4Pf85b/kr/gf/8//83f51f/w//1r/EX/+3/y3TvLj//J//D/KH56+//+Nf7uv+BXfu/3/4/+1P/zv/oD/6XPfvrP/Av/x3/qH/wPvvd//SH/9R/6e/wdL/7Tv/Lbe7/H7Kd+i//+y8d3vvqt/qXDv+HP+NY/8hf9tb/r//HX/lp/xT/67/y9v9d/9rf8SX/f7/pfvftD3vyh/8c/+Gf9V39v/e+8+K9/i39y/R//Kf/gj/2af/Cv83//Gn/Hv/hv/fSj3/T//jX+5d/49F/81X/hH/Mf/sH/x2d/Y/WP/9N/7f9a/Z+TP/b/evkn/mqK5P+iH/zGv8nZn/kv/qKf+gP/st/jl/+2L//q//0/nvwLf8Mv/Et//Fe+/T8e/2e/01/yT3/n1/pV/9hv+Jv/Af/q3zVaLn+PX/CvHf1Pf/1s+a/8xh//Y//Swe/yrX/zn/3L/ub/5e/6/j/3e//T9e/07qf++V/z9//Hf8/H/+LrvX//9/2br//byT/7ajr/A/6gf/ajf230K37sN/ujf+xPefZX/cn/+h9y/2949+n/8Qd+WX7vf/zX/9Xf/O+4+NP+nOTlb/n7/Xa/9l/+4Gf+kt/yH/vz7/74H/Pv/+Rf9js//3V/PUqm/2+Pft1/9tf8RX/Vb16Pfyz9d/+Xu//8n/i//wf/2H/4Z/6eT/7JP+Kv+RUv/sCHu9fJX/in//1P/vg/6K/+p6d/67/19//Bp7/Xb/XmT/3yF/zi/+5X/uXt9Q9+rckf/3/8FX/O7/Cn/T6/7Z/yJ3/7x36bB7/yT/0H/pV/78lf8O83u7/tX/LwL/5T/uM/evTr/5G/92/1l1784d/eP5q9/hN/77f/45//5/97/8B//7/83ofN7/X28eUfs/WX/dHtv/d3/lF/xB/0b347/c3e3fn1/8if/Hv/rcPf9OLy/D/4p8r//n/+Q/6yf+93PP87/pIf+8v/iX/t7PWLP+QHv/0f97d99eZf/63u/Sv/+qt/7dXf9fdVv+Nf/bt8+Rf/+H/w6L/7e/+B//pv+g/+4b/7v3/wx//G//udX/MP+vV/o61/6I/4dX6zn/mHf/2/7m/+L37jPzL/LxZ/z396/h+Wv8V/Wf7Jf/DWP/YHf3X/J3/d7/xN33r3m33+3/1Xf9J/+g/8Rl/9iv+ymP7qX/8v+Xv/zN/j3/jf/vB/5uW/dv53/OXnj8r/4/7v/e6vmf45f++v9bf/83/qX/H8b/j0b/61/5LTP/mPaH6Tv//Jk3/od6n/vv/rf/j876//j3/37oP/5e978G8e/Y6/wX/xk7/5n17/Br/P/n/96Lf7HX6Laf6vf+fVH/lXHf27/9a/+Z//C8Uf+mdd/6Z/3t/w6T/75W/9/O/47/6IfP4P/7Wnf9Xf898++6d+rfyX/NZ/1eT3/G/+4T//D/+3/vB/6cd+tztv/63f/w/+A//qv+noP17/L7/z7Nc+e/0HH/8bf9zv8j/9Ld//G3+d3/Fv/VU/8z9Wv+M//r0//d/5/X/Xy7/0bz35S/+H3X9r9F/+3uf/1V/2+/yJf82bP+GvrP+1X/d3+qv+tW8//tW/YfObffnb/Ft/xK/7q//gX7X6v3+Nrx79yb/qt/3HfrP/Ifmvnvw2T37sl/1V2Z/4b/8bf+r/9Y/+/b/pD/7uv/A/f/h//LX/0f9V/uLqP//9f+JXLH/1X/lv/YPj/306W/wJ/+V//ddd/ld/Vf7f/n7/xr99cuf13371f/0j/96vePkP37/8l//FV//F//Lu4d/82/9Rf8Zf8ud99vv+S//GyX+c/1V/xb+d/q77/8Nv9Htkv/7/8Zf+Ff909Vv/Nn/pP/qtX/rv/DGvf9V3/9rf8I/8v37Lv/D/+O+OfsefOftT//P/+9f4zv/wxf/9a/zNv/hfHf27f+fif/2V/0T1J/yff+qf/o/+yj/ht/0rfvz3/lP+1E9+4X/y3/7x//Yv+Phv/cv+2X/jX/7is/N/5x/757/31a/7O/7Ev/ib/nv/wr/+8if+tt/7F/z4X/no7/kP/7cXX/6yX/tXLf7+/+nvb/6nf/TvffSnTn6HH9v5c//Iv333l/yZf97f8N8//m3b6pf8qd//8uWf/Qv+g3/v8C989Of/kX/Lr/4TD1//3Tt//B/51/8hf8Xf+9P/2e/60z/2l/yh/8N/+U/+5L/y+rf/7/+U/61+9Ff9p9/5L//X69/l9//9H/3yX/Bf/I5/4G/x2/3lxW+6mG/d+XN+0f2/ofiv/sA/679tD7b+4j/x7b/yn/81v/tv9K/9dr/qH//od3j067/7ff78/+T3/kv+jJ8qfqfr3+1v+tf/9z/8n/71/91//vD/LP+Mv+rv/xv+0+82v8bP/De/Z/oHtH/y9u/6O/6+v+Mf9o/99h/90X/In/8bfOdf+1f+4D/mT/1T/69f8Af/cb/pd/+7f/5f/nv/17/gu7/H3/53/Be/+N7f8rv/U/nlP/Af/Xu/49Wv/Rf+i4uzv+Zf+XX+2j+3zH/Zb/fv/Dv/3m/0p/8vJ7/Bn/1X/36f/unTl//Zf/2932H5d35r+z84+/FX/+Wvsfrt/9N/6E/8Xf/bf+nqz/zrfpf/9i/+Qx7+Z7/59u/75/yXf+cf+Tv8oc8++tN//b/4f3z3E//8b/Ov/3uvfqM/4/jf3vnX/7NP/v69v/Qv/Dv+pOIX/daj2V/7+/1jv9bd/+5PXfzpv8vqb/nyr/zjfvKrX/FPfP7X/oI//Ff/93/vX/HP/z2/x7/+z3z7D/6fv/qL//uDf+RP+Aeu/8H/6W/+Bf/Cb/jl/3T3L0v/wten/9ef/6t/8ScvPn710Xd+5X/77/+Jf9Cf/Ff/Q//aX3/nH539df/Zv/WH/03/++9y/u/9S//w37j4h3773/x//hX/9C/75b/Lf/w3Hv+P1W/2V/zbP7P+c377/+06+ei/+Av+yn/zP3v0r3z8b1V/9a/9N/7iX/n7/bf/zS/5v3+NH/tH/vuf/usu/pev/rc/8w/6R/7lp3/63/XP/ZXXr7/8M/6GP+J3+CP+6D/zHzz8bT/65b/8zd/yY5N3/9lP/WO/3uf/2ff/oO/923//n3D5G/8Jv+M/+71f/E//F1Xyx/09v9Wf/Oq3/yP+kuNf/1/8g375b/+//De/y3/5YvH3/LsPfsd//m/4Z/79X/ef2voPPvk1/rFf669p/5o/6fN/58u/+i/6Zb9G8yt+venf+Af+uZ/+G//i//D9v/rf/tV/79/wd355+fLyW//D//m3/u2/8rf6m179Bf/kH/LXpt/6F4pf9K//aX/8H/1vHf6TO//Sv/n3/FO/Udv+Js/+pF//7/tnltkf2fyv4//1X/kn/td/5jf+T/7D5af/12/1t3z++pf/Z9v7P/3rv/mf0zt/3N/7J/xN/8u/+Gf+xn/jP/DbHP4Z/+Xi+tN/8eoP/E//7L/47Nd4vfrrzn6TN//r8b3f+ge/00e/w+/w+q//u/+Of+OT3/GP+Md+4j/+rz7+q/76P/R3TP6hP/3+f/wX/OX/8t/40U//Od+e/iZ/zZ+Y/4b/9Vd/02/zO/3if+jtf/tn/w9/Q/53/9lP/r4/4m/7fX/TF7/G//1r/OO/4l/65/+Sf+Zfrf6mv/Nv/tv/5L/sT/itf417//kf9Z/s/Z5/w29y5x+a/iW/4f/xT/+Rv8/LX/ELPr7/925d/PX/4V/x9/yN1a/4o/6Kf/qrf/mPefTP/dl/8V/37/323/lnDn7hn/Dn/AN/6O/8x/8Tdz6arX+fv+yP/8l//H/8H7L/dffv/K+v/5T/4t9d/Fm/8F/8i87WX/3kv/ZX/9XT08m3/rp/7r/8j3/81/yj//pH/+Q/+Pf97/Vf9/jPLX7J3/e9v/WX/fp/1L/0b/3Xl9/f/oV/xJ/z7OWTv+ejZ0fp/B//Pf+Kv+aXvyY/8p/8if/uF/xL/+z/+vv9d//h4fkf2n7xN/83f8fse5Pf6a+7+xMnf9w//a//03/WP/Uv/sl/wp/37b/pi+//5v/k8V/0T/31/+mv9Z/8Y//hv/dH/49/4d7/+Dv+xv/AP/53Lh78j8s/8+3DP+0v/kv3fuPkt/pz3tz51/71v/i3/o//tZNfOfnP/oPf77/4xf/A/D+4+uf/mk/+7tEv+Ld+z9/td/iTf7fqN/9n/+Cf+m1+h1d/+q/3533+C/6G//3JL3n6f53937/G9dH//FXx7/4b69/i7Hf7FX/d3/jL5v/ov/kf/QOvx+d/ya/zx/yhV+u/41/6p6bf+vE/4Kf+uv/kd/n4D/4b/5c/Yf+LL3/i6W/1H/xff8gf+cv+x8P/63+42vn3f/Uv/Tf+qn/sX1z8gXt/09FP/fJ/6h/8k3/j3//v+PvrX/0//oHZZ3/i3/Mv/4dnv91v8yv/3O//vb/r7/JH/WOzP/q//a/e/FW/S/b7/35/0R945+if+kv/3f/wzv/yOz77O/6WR+9+9Sd/w73/7Tu/zp/8j/z1L5pf83t/wr//W+3/y3/Gf/xX/il/6O/yvb/ol3zxR/1Of2H1f/6n/+ud6rN/4A9t/piP/vnpL/kd//bHf+mf/FO/8Pf4A86/88v/zX/vV//Zf9G/+/f/G3/fv33+Z239e//rPz19+W7/b/p7Xvw1v8df9hP5X/lf/pN//Z/5u//ER4/+zn/5H/gH//v/+9f4Xf6T3/Rf/Q9+7C/9rX7XP/OP+m//il/2B/37f+Uf/mgxelr+Cct/6I998C89+mXnf+ev+F1O/vvfM3nxt/1vX/4vn+385X/7H/ZL01/0K37nk//9k9/lv/pNf/W/+Xf+qX/wf1v9z7/Jn/tfHP3p//ev8Wv+k7/6D/gl/+Dv8tv81w//kx/83//Gv/+3IDz6A/+a//XwT/2D/pvf40/8Ndr/8/Pf8fl//Tv8Jt/7X37pH/NrPPqz/sJ/5K/6bf/XP+PZb/CX/4m/5r/yXx3f/zWuf/kv//79p3/yL/utrr76Pf6bf/6v+1d+l//twX/6f3z2l/0af8yf8b/9if/7X/2v/EnPfs//+N84/fQPbB9/+eXf+I88Wv9O3/7yf//HKIP6+/87J//kX/M3/pr/2r/2f37+f1b/21/5d/y7f+J3/tP/7dc//Xf/8//iv/uH/7s/8Y/98//vX+Pvuvqd/qeTP/aP/WsfXG7/Yf/Zv/NX/L2/aPKX/0OT+R/wE//cn/6n/92P/7zdf+QfPPnx3/B/+k3/5r/z7/jV6//gv/8X/48/92Lyh/17v/M/8tv+k3/KP/GffD79r/6aP+Yf/wdO/qpf/R9s/zv/7Ox//Uv/vd/4n139yT/5b1/+uX/Y/V9W/KU7f8mf+F/f+3v+mt/0P/no7/pvv/j7/8q/7X85/AeL//Wv+C/+ij/j9K/4b/75P/+P/vd/+1/rt3r05g/8Lf/9f+t3/pv+tH/hv/gPfo9/+5/+5w/+zo//oc//lf/rf/9Ff/f/8Cct/tw/8e6/9eiP/8V/+L/6j/2D2zv/9PYvvf7q9/9f//1f9PvP/q3/4cFf/5f+uQ++/W/9V//OX/eX/vl//2/39/3P/+hf9qf+o3/7n/8//6l/xZ//U//g//Jn/sP/4v/57/wPf/5/u/8q+Zm/4A/86f/+p36HP+K3+X3+wD/kP/1fHpZ/zD/+fz798s/5gx78b3/y//g7/9L/+c/8k//2X/nJf/+df/TN6p/95Df98jf/03/b//V/W/wb3/0l/9rlvz39d67/yes/+du/z9+Q/eFf/sn/05/85//X/+tv/5P/4H/XNv/XL/ofHv3Gf/P//ODv/Wvf/he/+W/0R/yrX/y9v+fdf+5XffGP/hn/5OS/uvOv/u9/69nD6f/1r/xh/9dn//hf8K/9219e/Q8ff+sv++gvOfwLf/N/4Pf6He7t/p9/yF9Y/M5fHP0vv98/Ov3v/8BHf98//+Vv8c/9Y//ggz/9z7j/a/+yn/4//6Bf8f3f45/+P/+b/+bq9/8l3/1Vv+V/9xf/u4e/xR/9n+zd+dP+9X/xz/oX35ymf8R//n88SS5+3X/gD/qTfo8f//f+zV/5J777x//IrX/k8//mt/8ffsf//Pf8k/+QT/7bV7v/2q/5K1/8nX/GZ//oX/Dxv/b4N/21/u1v/7J/7fd79Zv+W7/Gj//lD37Zn/RX/B3//n/1G/1Df9wv/Q9+8d+0+8XB/5H8cef/3l//e3/5v+3+ZaNf8/f4Q/+7v/Z/+E+P/th/Yfl3/vq/3u949Vf+W//K9h/4n/7+/+Jf/OA/+FP+0f/mv3v4C/+jj+vf9/f93X/p8z/5/u/x0//m//JfkTzc/SX/8cnf/3/9gl/+3/5uf9O/+cXfsftnb//pf/ofMf83jr/4k/+df/uv+a/SP+Lb//lP/sRH0/wv/9N/u9/0X/lvTv/+f/wv+B8X/8p//3/9J7/sd/3WVx//yeevHv8bb159+8f/9+M/+Ff/pq9/27/1t/2f/4Nfnf8zf8zvtP9n/E+/3e/wD3zxG/4t/+r/+V+e/S7zz37nX/XxT/8f/8Zvevjd3+v3+lP+vd/xl/7Y1t/xf/3U3/o7fv4n/bOT//qvPJv8OX/q7/z9+/t/+7/2P3/5W/0Lf9zf/Df9a3/d5//qv/f9//g3+Ov/hr/+J/6Zn3q+/vZf/Mf8tb/587/p1/vD/phf+/V//a/93b/iz9z79/7t7x+++zNXf8Of9Wf9Qf/cX/SvFa+O99M/+X/9BX/k7/Tm7/4d/p7f/S/8+Nt/21e/0T/2G/wa6z/wt0t+nT/l89/1/I/+9/+G9i/4Pf/3X/0b/Huj3/z5q//g1T/1e/zrv+fP/F//wV/2O/7Cv/cv+Le+uPo1/oQn767/1X/tD/2H/rz/9C++N3/6W/wJf/1/93vUf82/9wc+/WMO/8C/+Vf84t/93/sd3/xRn/22/8ffn/yvT/+y3/LBn/0H/k+/5r/y9/47v8mf8Pf8yn9w/T/8/f/jv/+LYZT/6x9/+jP/7r/46a/8B/+dyd/8t/2H/9FfcfmDP+X3+If+3N//3/7b/tNn//zs9/hjvlv923/CH/XX/zX/xz/8d/8ef8rx7/B//Tt/53dGf/ivO371x/ylv8v3frM/58/4a+79Vv/yn/KT/015/JOvfvvv/96/1m/wn/3mf2D+N/3zv9tv8Zf9y/d/t9cvf/Dp3/13/BH/w48t/obf8s146/P//e/6wR/6Lx/+cz/xByb/zH/2N/8RX/yB2e/zE8//lt988l//Vn/Yj//p/+mf8Xv9lv/bP/iv/on1F3/bP/Gf/Ac/9o/8qz/1h/5fv/Qv+nv/t5/6Z/7X/+Zf/eppvfdv/mu/9h/6qx/99PTH5v/Z7I//z/7Y3+ePOfkd/uyP/pffeDz5k/+Iv+pX/FV/a/HRf/rf/vf/83/y8o/5k/7KP+pv+I0/+yU/ePrT355+cfIH//Jf8Vf+lb/f3t/4r/7Pv+q/+Cf+w//47f/12a8++09/31/x1/wxf8zf+Xv/cX/ln/Qb/+GkU//C/2p5ffQrj3/Vr/hP/rd09V+v/41/6+/7/d7Wf/mnv89v8+4v/sv+nL/md/junf/4r/6r/uj/NPlb/9pHf98f9Uf953/br/EP/1G/4jdOf/W3/oP/Ybz91/1e/+6f8tf93r9W8/I3fveDH3z3f734i3/bb/3UTy1/x7/pj/mf1x/9xX/A3/WX7vz4n/DTv+dfP//k93/8a/8bf/rv8T/9nf/Np3/ij/8ff89PT//4V3/2b/mf/f3bf/BXv+Hv+of+pT+1/yfsvk3/mN/xF/1Df+f/9qt/vb/1t/k7/o6/+q+m9ab/7L/56u/86vv/yP/2rX9p/if+d//Q8neef/nf/wV/3A/+7X/2//otHv6D/+3f8fv/sj/q3/7fDn6Lv/l//j//wn/p7/9X/+Z7v/GXX3x2+vg3fz39m371//g73/+ZP+mv/fzz3zC/fPMTv9vf8qef/G5/zR/036x/3X/qX/7Lfp9//dnP7P2B/8G3p//HH/xfb/9zf+xv/ndcHvzPv+f//Wv84Nf9/Jf9+N/41178bb/kk//qx//Fxd/36/3Cf+A3/Y/+t9/pF/5uf/3423/kPzHZ/eW/xV/4n/7Z/8yf/w//Ob/eT/3Uu7/8kz/jX/zOr/jXP/nFX/7e//zhH/Gn/Rn/a/V3/mZ/1T/5P//0//1rfPyrP/v1Hvwzf9///Ff/b0/+wD+Nltb/uvt/92/xbyWjR7/Wb1T/M7/iF/4bv+5vc/Gn/Dq//397+Us+/9+LX/BvnP6m/9t/9nf+Ov/zr/UX/i1/5P/xH/6Fp3/rv//dxR/yT7/7Q36vX/qv/J7/1x/4z/6Vn/2hT/+Rv/F3/X1P/+T0T/jTv/gH/sYf/6N/v//wf/rqj6/+r3/w77i6Pv4Tfru/77/9/f/tP+HPqP+9X/+f+Lv/gj//L37yf83+zV/18pf+B3/p5T/w+/6jf+j/9Tt+/vv9zf/av/avn/7Gv2SU/9RP/kV/TvKH/NM7/8o/sfWf59/7pX/KP/pf/6I/8Oo//9W/5Or3e/wn/Sl/zF/2V/8v/9pv8E/9ih//ZX/l8+Yv/6//xOX//nuPi08OfpO/5A/7r37Xv+mX/Jr/5F/8e+Q/+FV/7v/9a/wjf/+9P/arX/Zv/qd/x7/3e/+1v9nif/yj/6zrv6DI/uStj//Cw3/3d/6zf++f/GPO//jJnzMv/ur/9Lf8dc+32n/vN/xj//5/7u5f87/8Zm//KHrzyzf/2e/9ty2utv+P13/hf/bXPPrXf/1/+zc9Wf5x//ev8U/8i3/U3/8P/i9/xZ/49/4v/37+xR/5R/6a//N/+1c1f/8/+29/74/8RV/+aX/lP/4v/ce/6E89/hP+of++/AP+0cm9P/t3+hv+z//us3/8u7/JJ9V/Ovkrt7//+2/9Rv/z07/lO3/CP/5b/rP/SfEf/bWv/6/j//Uv/F3/le/9uX/XX//81/rOn/En/yN/1e/09h/7C0dbv87f/L/8zr/kk3/wP/707/8D/4zf45/+F//Tf3/8y//r8T/1bz/85//Bv/cX/yl/yq/3T/345N98l13899v/6J//h17/q9ner/jTftVf8zuM/rrf/uove/Y/zf+M3/cX/7PJn/WXPcte/LN/z7//veNf96/9/Y5/q8/+td/kr/9r/rI/5377p3/2H3z12/03j/6LP/4PXf6D/8Df++/9ev/29S96+C//1f/pu3/mN06/2v9vfpPf5I/5Hf7w8s/7mb/xTzz84/7xf/2Pezb+U0b/2G/3rd/jP/6f/5O/+j99+Fv/NX/IH/Lqj//qt/rff5d/If/zf/r81/lTnv0t26tf43/9G/6N/+S/+G3/3r/g9W//9y5+6p/+V5/8o3/47neSu//5//rLX/9dv/e/9e/9kl/3r/uxvf/+f/6vfvM/+G98efJn/Hp/xN+++OK/qH/RH/Tod/ybftXH/8g0/Uv/+e/O/tuf/Au+/Yv+rv/97/n3fpNnf+H27//Pjn5sf/+/fvWn/+sf/e6/w1/+R//4b/Rb/b3f+l9+yR/+N/xFv23zt/0df/OzP+cPPv8NP/rTfv+f+i2/+Ojv+zU//uN/zYP/5snf/Pcu/oF/4eDu//AL/6Q7v8Ef9y/9XX/y//EH/a4nv/5P/6L8N/ypn04v/pqf+r/yf/HP+Pf//v/y3/z+L/o7/5tP/trf/9f+1//s//4//Inf5NlfU/yBf+Q/Ovq7/73/4qf/jr/8L//un/Mb/Nd/0+Hnv8+//k8lf+0//k/+fX/Z//q7fW/x9/3lf///+Gf+VX/NL/z3fvwP+61/jZ9OP/8dtv6KH9v74st/4e/Pftv/4A/6/f7Hx7/6n/2d/sa/4+x3++N/vX/1/j/760/a5J8d/XX/+j/1G/7Wf3vzv/zOd3+PP/NvfP1f/i3/96/xO//Kj6f/0d/67/6Jv/mf/c9X/9w//Y/9S5Pf7V/6s3/qi7//T/wn/5O/ZHL0y37n//TP+zf/9ldv9/6m5I/4Z37pH/ZX/ge/dPq3/h3/5fd+5z/hf/kXfmx78rd+Uf6n/9HevYf/x/ZP/JXHf/nBX/DZ7/xL/v2/+8Ev+vv/13+z/i8W/+Av+nv+iP/9F/+q58Vv/hf9ydnTP+53+aO3/p3/4/jVP/byD7huf9F//ct+/9999fJf2f+3/r5/4Tt//u/79Hf9G//x//Rv+Vd+j9/11/rqs0/+wN/i1/gL/9K/9a/+P/6bX/k73P8rP/r+3/YHjyd//H/9U3/t3/Jr/rLf+r//P/6g/+Pv+bP+zNWvvFj8Cb/Wv/H6n//N9v/Sf+JP+S3/82f/6n/4q/6Uo//gr/4ff9U/9dX/8E9f/YXH+d/54t/6/t/5+ugf//f/rv9x/7f/HX7mj//1nvzg9/0PfuHf8eavePcHXv4FP/XlP/h//lN/2ej1PzX65x4+vPsrp1/83Zf/QP13/k3/4P/8L33/H/nXvvXVn/bb/funb/+Q3/HFb/Cfvvi1/8jf+w/+lf/iX/gzf+rV//q//I/v/p1f9y/746erP/27v8mf8I98+8/6w/+KN3/DX/fXrv6qv/jHf+Ff+uiv/dt/+n//M/+OH/ybf+t/9ef/GYs/9B/49D/4r/+kT/6kf/UnJn/Ln/bL8jt/9O/0p/11//iv+kuyX/6t/+x3uf6d/7lf/Ov8vv/kP/vn/g//8NZf8x/81O/1m/2qe3/xb/AH/jv/wJ/6v/4Jf/Nv+6c+/Et+v5f/5fi7/8Wf9WP/+t/5H/6jD3/VX3LwP9Maw1/xJ776V/+Fv+2v/N4/d/qn/5PfnfzVzZ/2W/6Sf+PHf/z08z/9L/pr/sqzb/06/9u/98f95j/5E//6sz/pd/tTzn6nP+1v/Wv/9+Nf/uf+6v/sX/47/5w7/8G/8tW/Wv8JP/EH/0V/6Z3f9Q/+6+88+Q3+27/3i+bX+Zf+yevf8L/529rv/uSv8ef8pb/GP/N7/hp/ym+Q/ker//aP+4t+q9dv//zf/w/+xX/I3/mf/rJ/6lfO/5pv/aa/yd/2z/ze/9F/9hu1/97v81O/cNb+yb/BH/A7/3aP/tzf4q8/f3X8rX/oD/0/f4P/9a/6tf72X+c3/9fv/5F/8a/zu/ytnx3/Vf/Rr/l//Ut/4H9Aayi/+X//b/2Dv+3zX/UX/p1/4//9b/77/8q3Hv3tf/t//Vekv/f//hN/7n/1B/47J3/g7z/9I/+UvaPd3+8P+ol/PP3t/7j/+b/+9p/0T5+++Jvnv+gnXv7Ff+Uf8Jf9UX/x478s/YP/gP/xV1T/9S//X//YV//M//63/6a/8Yuji3/z//j37z7d/Rv+nN+5vPe//II///yP+s1+/Hf7zf+bv/Oj//AP+j3+g3/y7/nb7/8O6/ZvvHz0p/0eL//vX+OX/G9H/9bjL7/zW/7hj9rf5a/+TX/1t//L//OP/Nv++v/5F/x9f9+jP+cv/Gv/zz/wV/0u/8fniAcm/9sP/vLf5b/8o/+tf/13vPpLHv2Ff8N//ckf/3v870/+u7/mr/sHfupP/6l//nt/5L/1Z336V/3Rv/t/9lt+8ds0h2e/+9/963373/xf/tL/4Cf+z3/9cvb3/hf/QfYf/GV/zD94OvnNf9P/6e//x/60/V/1Z/2nv+h//S3/jd/ul/xvD35V+ff//f/58vf9IxY//ov+vX/2n/oH//Hf+a/L/6pf+uT3+einX/5rf/B//a9/vv7j/q1/77f9X/7zX7X7d/9Ff8hv/S/8D//Dv/5vH/6Cv+Pv+0O+9bv8lr/XT/ztb//rrZ/5w09+yd9z9r03/3E1+V9+i89/7f/g6f/4f332X/79v++fOPsXfumf8u/8I8W//jN/6J/8rb/19b/5t/+6v+TX+G9/87/7p37HX/yb/r3/49/13f/mr7n7N179dot/+0/8Lf6Yf+m3/qn/+a9s/7ij2Z/T/sw/+Kf9/dN/9n/+v3+Nn/kn/rvf53f97/++v/KP+ql/52f+3u++/Xv/ry/+h3/k//pPvvz7foc7/+Vv/Df9qx9XX/7no7//xe9y+fv9C0/+vb/08a/3X//uv8fBX/xf/WP/x3/33/x+/9j/+Jv+Cb/qL/gH/pv/4/Lu9t/911795L/8z579Cf/0fzb/nz95/cf+I//mP/vVT279tf/Lb3Fy+uu29f/2Z13/9if/xN/wF/03P/5vffzvkLNc/Oe/3+rv/A8e/NV/2e/1u/2df/r9b/0Zf+mjP+j+t/61P/0vf/cb/Q6/4Hf+9j/w39X/xn/7z/8ff/r131z+z5//7v/pv/gb/teXv+FXf/yv+B3u/QEPfq1PvvPH/DH/5V/x5R/ye/xW/+p/+uCnvvz0v/wrj//dX/zL/uGv/sG//I/88d/k9/pd/ti/4p9885N/4K/17x78OX/MH3Dnd/vL/6K/4q+69+W3/tt7Xz3/v/6SP+oP+j3+h7/y6MHjauvvqH+Xf++3+dN/s1/rL/99/thf82/4/Ne/P9n6S3+rl7uvfvDlf//g71z9L7/JP/af/Me//q/4Q/6HP3518tNf/Svf+0f/+N/gn/jTf72/7Ff9vb/Tv5Qk/+HWP7D/3/8uf9rfv/x0/F/+U//Zav2//XF/2N/7h178D4+zP/4/+0f+h90/4a/9J//R7fXv9Ff903/qP/rm9M1P/jV/1v7yv/k1P//8q6N/9O/7k/+FX/xn/nj16zd/yx/9u/8RT3/zf/Z3XL37Fb9e+pv/T3/XR3/Nv/1r/3O/2ZdPluv/7N//O/+CT//Af/97f9if+Dv+E//X7/bq7m/1p569/PZBnv7Lf+Zv/Tv9Bukv+IP+xT/od/ntjk7/j7f/ZPXH/7n/1vf+xuny6O/9p/+1f/jP+nd/7z/+rx7/9N/z1/76f89f8wu/vXf98O3f8ts9ft6++/f+g72/4Pf43Q8f//X/5R/+22//t6Nf+Cu/+xc8/PzPO/93r7b/mn/mv/md/+3f6i/748d/0C/Y+dZf81t//6/5p/6xf/mv+vX+lOP/5b/6U/+dv+Db/8Xf8BN/+7/36T//j/wvP/a//hV/wL/81/3Uv/hH/q7756N/6i/65K/69c9+t//mt/4F67/z//xbT07/4H/vV//kd+a/wb0/4D/6M/6Wn/zd/4Mf/Dn/zO/wd1/8aT/9H/96f++3/vC/KflLf1nzP/6Cu//ln/M//JOr3+LBj3379/89f+3kN/23/8n/8t94/t9/+m/86uX/+Lf+bbv/x0/+R3/zP/27/9m/3Z/6F/z2f9Gvcf2b/p1/8d4f+rv8gp/6a/7af+6//03/jV/87Nf83f7Z3/V3+/7f/ht/9H//Gv/tr/5d/5zXv9Ev+q9/6//l//zzf8O//r//w/+1X/bbTH6r//J3uffL/uvF55//ur/Rb/jli9/gjz97MP2r/+w/69//s//E33b63/0dZ7/Ds/G/94OjP+S3++//09/82eHnr/7+f/Wv/EEQYPz2f+dv+uc+/Pu+9Uv/zn/m1b/8V//fv0by6Itf5w/8my7+1+rv+o0//d7zP/B/+kv+w//xi3/5N/nXfuaLf/SX/Jn/1+/01/5f/8vfRpHdi9/x7/3df/8/8t/9u5//GXu/9Z/zt/wpf+E//dutx3/z3/C3/T4//RtN/+xfd//5v/hX/lftL/sn/7a/t/3N/r3/4N/9hw9/89/xwX//y3+Xb/157V/5i//ev/tv/nf+xvF//5vt/1d/+m/9z+99q/gv/7I3/+p//i8f/vX/9Fezv+b8b/gb/uo/5W/4a/7iP/Sff/xn3P1df41v/V9/0l/zW//E7/lr0POb1k9/8r9NRj+R/t7/5K/x6A/9+O/9C/6Hi7/r7/qz/r5/7qfPftn//Wt898/8Z/+q8+P/63f7v3+Nf+D/+NVX/+jRxV/2n/99f8sP/tvf/3//D/67H/9djv6+3/sHv+Lu7/In/lP/+X/zr/yRv+MX2/nv+wf/Mce/wfdPf5t/59/7M771x/xRv+nv9if9Gr/y9/nL/oh/4979f/TX+eOu/4I//+/4O//uf+DPX/x1/8nei5/5I//KP/tf+DV+weyXPyj/hL/pn5v8st/qt//n/rlf/qf9I3/wfzD/r/6A5vXhP/Uv/dO/xR+d/5p/wB/93X/m7F/5ff/c7/2Jf+Pf9Ff8t//gT/2Li/t/+V9z77f9i0arOy9XB3/BL2j/myf/+f/w8h/82/6Bv+Pfq/6zP/7x3rdPH/3R+z/+8a/x6h/46r/6I//AnT/wj/nzP/llv9dfffUXfu9//ZWf/4q/cFH9Tst/9b/7I//r3+kfPJ/8Af/8P/o3/+Ifv/zv/rs/4bf9sb9750/5/Kf/vt/3j/0zfqvzn/gbz371/N//k/6sf+mP/Ov/13d/4/bL/+3P+21/rT/tL/4FT//CH//H/qVf+ks++vv+i+Lv+Of/keP/6P948Rt++jd868W3f+1/LvmXfst/8o/6Kx79b//Cf/43//bb/+Cf8c/8Aff2/8XTP+sfnv21/9Pf/dMPv/Nn39l799f83X/VJ//1X7b1+/yG//B3X/w33/7dfovP/rC/6if/mv/wN/uHf/Xnr/6cv+Xv+Wv/6r/mT/6J//UX/B37//ev8Yf9lf/r47/3t/xVf9d/939868vf7ezf/vt/y3//773/F3/vT/9r/twf+0P/yf/1l/wOB//gr/fwf/+/f42Xb3+Lh//Hb/nf/Yvz+//gn/Cb/qPf+tN+D1r9+2P+qz/1z/qX/8H1P/vo/1g9+vbv8e/8Tf/3r/G7fvZL8j/gz/5W+kf8Jffe/Zd/zMM/6f/+Nd786b/2X/0P/u///H/3Z//Lf+nVH/9H1n/Kb/qf/8v/3vJvefan3P1H/qHf/H/9nWgh4C/+Pf7Avb/ub3nza7z7N/65/+7P+fsXv9mDT3+Df/J//u/+jX/v//pj/vZf4/f4W/7Boz/06p/+v/b+27/q7/m//pWj3/8P+K8PP7v3h4/+5b/p1/5D/vHf4Nf6P37DP+Wzv+5P+D1/0V/72W/9T/+WW7/bX/2v/qv/1z/3V/01P/Vf/1d/+h/5b/9Zs79mvfUb/tgfevJb/J1/yr/zh/+b//Mv/0//nV/yz//47u/2l/3Sv774VbP/6b/6R7M/Jf+7/pR/7zf/j/7r0S/9937Nv+AP+SX/w7/+9u/6Zb+8/lv39/6z4r/9rXY//eU/8ev8QX/QF3/XH/KL/8C/6T/9Eyfbf9WzsvzPf+Lf+83+xv/j7e/xz7W/0X/x6/1Zyz/3T/97/87sT//ev/i/bf0ef/J/84f9g//x6fd/69N//3f5Zw7/89/55T85/S//ve//Hqd/yy/+a5f/2cVf+pf/Kf/gL/hzf9tfnL34z/+EP+Fv+b3/nb/kz3j09//Ff/o/9df9sb/jX/Wn/kHH//sv/iv+lz/2d//T/rL/4/f6k3/V7/AX/uf/11/3K37p7/On//W/8o/9idd/8X/zV/6yX+8v/Bf+/J/5+x79mX/j3i/5e/+df3/6r/1vZ//Af3jv3/md/2iShN/yZfbTf+Kv93v94uXve/7v/CV/4X//r//pf+X/9K/9Z//63/Zr/YY/9W/+r7/pV+P/6o/9n3+LX/+/3/9vfvLPOf6NXv1z/2FyZ/q//pq/3z/wj/wuv9E/8Du11f/y3/9X23/3//y3/qd/wu9QPvvX/90/8Xtf/QX/3r/96V/x1/8Hf/4f+ff+Lc//+L/rwZ/xP/8Lf/n+/d/+d/oTXv01n/zDv+lf8ef+jt/5Lf6MP/3H/5D7v//0v/973/6df+fL3+LoP31y9gv/sj/mX/0X/qy/+j/+137872t+41/xq3/6z/kDfqtfL/mLkl/jX/ur/uPX/9Avuv9P/rv/8v/5X//5//qf/Nf98//Z6rd+lfw1V//k7/C//ed/6p/9n/wpf8pP/SD7BX/v//4fzy9+rX/s9y1+p//rsz/zl734D3+jy7/p9/uLPvmFf//vdv2bHd//Vb/Dn/hf/sv/YVo9eP37/3v//as/6V9691P/8C/7db/z1x/9AX/Er/5F/+r/dfVb/V3/3S//k/6R3/Ef+Vf/0a9+g9/2byv2/+D/4w/4Jfv/ZJr+gX/k3/aT/+az/+Tf/v6/+Ev/nN/lz/91f48/67/6D1d/6/e++Mf/0j/u8rf5jY5+zz/nX/1f7v+Vv9f2L/sHV3/v7/ibv/5T/oa/4M/5K/7mx7/X7/VH/Al/z2/wyX/7n/0ZX33xm/0T/8Hnb/74H7uc/OFP/ur/49/6xeN/59Nf/Nf/J//F4buXf92zv/1P+qu/9bf9gj/wP/q1/va/+r/6lX/W3/2n/KN/Znn+9/5df/Lv94u+2P31f81/70/9h36jP+83+lO/82s8+jf+2r/9F/+r1//r7/JPV3/yn/1X/8f/xH/y4Kj563/xb/jX/h1/x6Mn/8Lf9X/81r/uZ7/1r/N3/R/50z9i+/pn/oF/6y/6p37Ne7/GX3//9/0zfo3f+zf6r0id/Dv/6+93+p/9uV9d/Bn/yO/4q3/x3/29/+0vm/xzv/0f9Nf/5r/7/Fe/+4P+0P/y95v8st//7zr8H3d/9V/8P3zxyz7/rQ7/+n/hX7/Kln/EX/n0O3/NXz6dfvmv/Sm/9Z/79/7Bxe/wByUvm/+t+fd+8+n/mv7X//Gf/U8t/vj/+W+tf/t/5vv/+N/81/wv9/+uv+fP+/MP879m77f4N/6Go0d/ztVf+4f/0v/0H3/zN/9f/9npuPzj/ronf8F/Uf/Tf+Hl439m8eo//em/59v/3NWv+dU/8uf/mk/+m/Rf+k/+qhe/8XzvN/iv8v/u//41Hv6On/1B9R/09/8Z/+Yv/lv/lNM/51//8/+lv+t//g3/jH/pt/+9fqP/+gez3/zP+81+8Lf9Ob/pn/KnPfwdHv5Pv/offPsv/Gl/evtX/BE/+Pv/zt/v//oD/pTf9Q//Dx794J/8E37vv+yr3/VP/lPqf+Y/+iW/5B/6LevR3/Ttv/Nw+R/9FaeL4/z3nT785OXnf/KvW7z4W/6Wf/Xffzf+i/6Uf/Zn/u0/6+Sj+fav/ef8Zy//pL/u+Nf/536zX/Hr/zW/6/+V/y4f/+//7N/zvy5/w4vjf2v/8G/9mV/x+/2f/8zJH/Wrn5+++slfOP477vyi7/0xf+Lv8ed++87/vPd7/ab/1qu/992/8/lP/1WL5p/+7Yv/7uqj6u/7a//uf/9/+BP/1s/+jn/97/p9/uIf/F3/6l/97Xf/zsE/Pf41/7X/6Cf/oB//7l/32/3qf/oX/7n/7P/xK/6W3/u/+wP/jd/gf/iVf/1fu/oDf6O/bnbw7Nd7+JPFr/Gb/xt/zB/2r/x1s5+6+Oz1r/vFT/9Tv91v85v8dr/13/In/Zu/3q/8bf7+v+7z/+x//h9/4R/0F//HJ//G7/KXvP2tfu2/8//8fT87+lf/jf/sD/xn7/5dF//D3T/i+1/+SX/DX/XH/K27f/PWT//gb33wu9X/7PbkJ0uKZqdf/ODxd/7mf/bo3/pTf5e9P/3q3/jd/sHf5lf+c//jz/zdi4fNv/cvTP6I3/pfXVz+J//1t36Nn3px/9M/7z/7sZ/5PVd3Xvy9v/uv/EX/xT/98G/9d36T13/337X6lZcv/9w7v8Hv9nf8ta//47/h7/mDfs2d/+2Ll1+8/c//5f/ur/mx0W/8W/1Vv8PDV9/+93///+q//uhPWz/64r/7Z/6N3+O//dV/zOSv+c3+mX/71/vbf9WvePA3/Ra//rMnb/6Y3/y/+U1/83/tN7jzXxd3Jn/pX/nH3/mr/4A/Pv0r/5jf/Xf9XZ/+8n/ir/2//pVf/9/4lf/rrz773f6Gf+Xef1OTWf6v/6r/5E/4rf+Erelv+Fv8Qb/G7/Rr/ILvP/trfvO/9reu/49f8xd/6//+Nf7IB3d/+af/63/3g7/qO//qX/Mn/xN/3w/+73/p3/+/f43f+rd4/XvWf/uv8Vs9u3P8Y//3r/Gn/TF/8eR3+hP/ObI5r/7Av/EX/BN/5m80q/6Kkz/nqz/xL/rlv/rL3/Ptm3/5t/+7ftG/+/v9y//NL/ml//C/9kf9l3/Gs+IXfH5xOf4vf+K3nSy//Df+vf/w3//OX/XyLz799V/8E//cP/eP/amv/4I/f/KnfPHj/8Z/8c/dvVxe/9+/xu//71z8xF/1x/wmf9pfff8/+cGf+1f/7b/hn3L8e/wb/8f/+ev/HV/+Tu1ffPC7/H5/3k/+G3/c/5X8sf/3r/E3/lP/96/xmxb//h81+TX/298z+Tv/3X/tH/s9v/O9r/7FX371f/2FX/6Nf8cf+7v8mf/d7/x7/BZ/yG/wL/73n/303/p//E+/eO+zf/Z/+e7f+PdQwvL3+ZUH/9ff/t/8U3/FX/Uv/Rff/u7v8ff9sl/1O/x3f9Tn//nv8O1f9G/94HebjH/tX+vv/LvSi7/x328uFn/vn3L15/8H81/+z/+SP/D4P/uZg+lXv/8/9bf+3b/L3/k3zP/P/+VX/u3/wf/5D/3n//4f82/8kst/d/nv/V4v/7V3/+Zv8TevHv81v8XWP/yr/tN/9tf9c3/p659cX/0v/9V/80v+/te/0Z/8n/3SJ1e/zff+5r/mj/1Dfp3vNW//09NPf+Pf4PHv93cX//W3ftv/8y/+H/+7xd/5+37+D/zqf/wf/P1//A/9Tf7lv3P77/pV//SPf/V//xr/wU//N790+lf9j6t/9z/7z//vX2P28Be/ffcv/ol/33LR/uv/y59w///8Pf7Wl7/3v/VL/sq/9F/+P/7iv+a/mf3X/8C//Ve8+3f/u//6V3/nT/ipolr/9B/z5/+lf+xv/Sf/jf/F/7z9mDyuf/j//Mf/wne/9bP/4rM/4rT61z793X6Xv+k7/9r/+bf/Hn/rX/0H/g//3R//m37yP/7Nv/X/uft3vfklf8Vv9Tf+b7/+f//f/Dv/xu/1U//c7/EX/bZ/8z/4e3z5F//KX/NPOv3BP3X/T/pVf8Ef/hv/oX/zL/z3//W/9a9v/9Xp3/yv/Wn/9eM/5enf/Of81f/O77N/+ludpfkf/3v/er/7P/X4N/w1qn/oF1//Bz/+7/6nX/66v/a/d+/1f3bnT/ni4P/883+j64s/4y/7D/6H3+1//6N/h0/e/J5nv9W/9tPzX+PX/4N+2V/9u/wZP/je8j/4B//hxV/1i/7oJ3/7b7335u8/+3N+6u/+Df/u3/vP+J2P/rQ7yR/7D/7Hv+b/+mX29/9+v9/f9l98/1u/VfJr/rK/8W/4wW/+P/6+f/Pf8d/fmac/eVn/66Ofnt/5r4//y//6X/1H/9V/9I//t/+3P+7pT/w6P/2//l87//Gdf/3Nb7n/P//7/8Vv8d9e7xe/xvxv+olf8b/+qd/7fZe/7W/7G/3r//K//U/+Z79pMv1ff/k/+I/8Cf/m9G/5W/74X+N//j1e/xq/6d7e2z/1O9erX/bf/jU/9T/9qr/v/ps/+Tfe/9t++e/9H/0VR5/9Zvd/4d/yR3z1r/3Ff/nHv2L7n/yPfsFnv+o/+cv/9n8u+wc++uf/yf/yp1a/6ge/4O/8jf6j//Df+uf+ma0/5o/+R/+l4q//5C+4/58c/Qt/xE8/Xnz1G/yp//D93/7i8d/3p/2rf8a/8mP/yp/31b/1rf/wf/4V/+vvdP0X/Sl/zp/8X/9ff9Yf+C999pv8xX/7n/PvPfgjP3rzq/703+OX/7avk//84G/7236X//QHP/iD/69/9//4y3718u/4B//R3/2X/sv/1/Iv+OiX/dP/CS3QVv/7b/g3/FH/zL/3+/zP/+v/8R98i1Kqf9P/+T/+4r/+b/xz/ulf/fmv+nv+9bs/8+fc/bf+w//yv/1L9v7vX+PfLn/R//1rfP+nv/t//tf/7n/4D/7jnxED/HG/4m/8n/+787v/27/5q/73//b//Gf/71/j+eL//jX+zb+GHL5f/Cv/t7/y/7j3f937N/7Ef/NXvfs9/ue/4e/6D+//X3/pb/MH/tf/+e/9f/8af8Pn/8E/9bf+L8UfOPm/f42/8G/8tf/A53/d/V/9vf/j3//dLptZ/pf9M//G67/8x37rv/u/+/P+uX/17OVf9rf8U3/zn//ox/+AKfmWv8e/+W//Hf/D9r/xvd/7L7v75g/+9e7817//73f09//m/92z//4//vv/gt/9T/hTft9/qv7ev/Ybvfydpr/gl3zy5f/8Z/y6PzV6/cmv9ds//9uf7nz0j/1mf0D6h3z2p/+Bf/Qf90f8Gf8guvxL/9Ff8Y/9Zj/5O/ySv/7/Wv7R/8Z/94/+5H//z/3n+a9bP/vt/7Mf/DPXv+uv+Qf8OX/GX/H7/A53fteXv94f/ir5rf+mf+XNH/tT/8F/9s//Hf/Fb/jffvuv+KP+lF/jXzn+T36DX+sv+r9/jT/iHzz6i/74/+af+C+Lf2+5vdz/Q87yH/+Df/IX/mG/6e/6n3/5rfbP3vtl/xCR9f/+Nf7o3+03Pf8dXl63r37/f/G73//HfuFf9Sdnf8iDP+O7n377P3n1L/yH/+23/pDys//6z//xV//cP7T13/7Tf8NP/thv8ds0/9Bv8tlv8ksWf8vHv+wf/wv+jN/zzx61/+Xp7/av/l6/00/82R+tn/1J/+qv9a/+9B//x/9Lf8ef+z8d/6+/xX/4oJ293fmxP/if/M1+zY9/j6Pf/pf9la8efKv+5X/wv1qf/+X/3hd/+O/2B33rN/7kr/zjP//Ti//29/sjP/2/Ppv+37/Gb/MHjda/6Kf+iX/j//gN/8ajf+T3/09+j//p3/m/f42//b85/T3+vn/wP6Zc2eJf/73+wJ1f8F/8Hr/z//Xp//G3/g9/XfsX/E5/4pv2y+J//Ptmf/gf8mf9yl/449l/9tf8T/lv8Ml/89v/yr/y73z0x/6Sh7/yd/u3/9Z/9G++/6/+om//WX/iP/O3/Te/0b+X/TH/5Z/74//uv/of/xn/xf3qf/13fq8/8Fu/4n/+K/+cv+Sv+FuKn/5vP/5z/oq/5W/4fX76r/lvfvp3u/7pb33rr/ndir/m47/g9/kNH/+tX9z7W+/9FmeTs1/52/+X/+Kf+Pp/+zX+gNV/88v/wP/4/ve+XP0P/+F/+cX/9B/8xv/g3uu/4bf5K/+uX/nr/dLrx3/F7/7v7n//t/23fvmv+r1nv9n//mf9ZPJv/Ue/xp/05/zlv8Mf/zf+9//W77b75W/1137/O//Qf/rr/y6Pf/mfuvrjvsjXP/YH3P+Lf98/5k/471Z/1f/9a0z/xr/hJ/+Zv/qfnV3+E9/6vf/bv2r6Pz351+7+Tv/Wf/1f/Dmf/kV/8l/9nbOP/rO/6Lu/ZPfXXv21v+J//8W7/8H0b/s7/72/4U/7R/7Ln/jXX/5Hv/Zf9dP/0L/0i/7C1//ys394+7//F/7l83/2F/123/p7foOts9/hN/nz/vzJX/kL/tC/7qtf+PSv+ZP/svz68b/wu+evf4e/9/o3qH+zv/VPe/0rfq3/4j/813718z/tW7/WH/Lb/Fm/0x/4z/9fv8nf/wv/5nv/7f1f8uwvm/yDf/oXv0fxX/8tf8tF/u7P+cd+7F/89Nf4r3/bv+V3+Z9+wb/27C/+vX/z/+rR6eq/e/nX/i7/+P/1m/x5l3/77/zmr//+T3z5pvg1/ucnv/fxb/VPnJzXv/6f9pv9PePf9Hf53q9e/q/zf+3Zn3L6N/7R/8np73Hxncs/6hc2v2jUzH+73+nX/Bv/wr8waf+Q/+73/X3/tX/77/rW7/7n/zd/zt/zx3xa/NTBX/L3/qu7f9hf/Xt/9fqP+uXNr/gv/+2/419c/S3f2/vdsicPkj/1nzz6Ax/98t/pv/jFZx/9ez/+J//n49kfN/uD9v6u/+WfTNa/53/4P/2lf/y//ef+27/LP/23/uf/5+/3m1R/+1/17738Fb/gn/wb/6zf5jda/eK/9u/+dPu3Wf75f+Df+B9M//X/OPvld37X//V/+K/+71/jP3md/DF/zh9471/9nf7u3+Sv/0/+tb/pH/rX/sCdv/Jv/Auu/pf5v/UvXd79ZW/+t9/27/jp7E/4S/7so2f/3eJf/onf6B/8L/6D3/gPv//if/9zv/93/y3/5N9JBj/77/7QxZ/4j/97o3/lT/8F6f/1+9By1ckvnfyF//Xfsf1v/AH175r9X7/i3/2/fr9/4G+9/6t+i3/uv/t9/9a/efKP/YX/9IOPKdL8G/+H3/uP+E1+69/uv/2d/obx3/TFD36z/3381V/9H/zW/91/v/VHTf+MP/vfufOX/2F/xl/zF/6+b/+zP/xf/mf+zL/id/r9/oN/+uHf8zf/93/Tr/Hr/fXrf+rX/4N+1b/5b/7Fv//f+ev/4//h+Pf5Y3+d/+lv+3N+i6Mf/4k/6fj/+Ozu3/sHLv/15W/3ydbf9L/8a7/7L/mt/rS/8dt/4/cf/TF/5NP/83+//iv+jM9/9+//wke/9u/8u/5D/3vz3/2Zf8bf+J/+rX/GneWf/jO/7V/101v/+Lvf7Nf4nX7T3+VRu/VfLv6axb/88d/5t1z+lv8EzeHf+0f99q/OHh/v/w3f+vWf/jX/wJ/zN/whf8MPft8/7N4//Pv/hvO/6k/4yx78+b/3L7n/Z/xuf8vf9J9/+3f7zf+p//Tf+7t/w9Pf7dv/09+0+wt+q//4X/t117/T//Tvnf3O/8zev/BX/GG/4Mf/1//5V//M//57/mef/sJ/6p++2HpwdDL/7/+df/6f/GN/0fjw4dEv/OP/lr/tT/n1/4zf83/+N36Df2Py9E89/MEfW/9n/9eXf+v8avGv/Af/ytvf4Oq3/zP+meN//7e7/Jf+vV/vJ/+2/+jX/+9+51//b7j8JX/GL/63Hhz+8X/Nv/8rf7s/cfZH3P83/r4Xv8Of/p98+d8f/f2/15/62/+hf+Iv/Lf/9H/sP/43D/7nP+sv3Nv9237DP3P+Z/9a+1/8qb9Z8m88++N+3W/9fv/Gf/pf//d/8i9qF//4X/13/Zn/9a/5V33xxV/yD/w9b//KX7X+WxcXv+LZL/93T37FX/b6H/tX/p7/+r/+G/6cv/p/+Rt/338n/z3+8n/zT/zL/6zf9y/8n/6PX13e+fiPePTu7/rtfp2f/q/2/ob/5vf7q/6Gf+af/Qv/xv92+w/+ff6cv6D41sf/zL+++I1+4y/af/23/nX/nOK//HN++re9/i//7D/rz7j61/65L/7pf/Bv/d9+1R/7B/4R/375H/+Hd3+bf+vX+LV+7C9Lfo3/6Nf4jf+gx3/QX/7oN/1n/5n/42/97F/++//CP/Ov+/3+pz/l9/qzPhqd/Sdnn/wpb/+U+gd/5e/xF/xZf97vePkv/Lv/1p9/8a/9o7/xT/wh/+jJb/P6d/3b/tc/7F/7ieUf90/853/GX/B3/i5/3F/+x/6WJ7/zL/w9/5O/+m/7q/6kX+8PvP97/eX/0JfXv+V//9W//q/8d7/t3/tX/Ip/7hd89Hv9rv/K3/LP/Xb/2J/8h/z2f8Lf8buv/5w/5w/4ieP/5Af/xD/47tN/t/hVf+Ly37n+A/+Mf+yL3+jN1R/xG3/03T/tD/mr9rd+8l/69X/B/frgN/nr/8Nf9UtO/+5f+tH6dx//S//iT/zL//kv/Pd/1f/+x/+P/8Df/Kf99+lf9xf/M7O/aveX/1Z/2pv7f8ov/Xd+8j/+Rb/d/5b+BZ9t/zp/+4/97n/un/R//c//7r//P+f/wy/8v371H/+3/fW/y7/6j/yuf/Cf+I/8U3/dP/d7bf0Lf+bl5K/8T5LTz//M3+fsv1v897/yb/s//u5f8K82v9YXv/U/919Qavaf+Fv2/po/6I//R1999Nf8yV+M/qF/6b/4+7//2afP/sS7NMxf9L/80f9V3e7/quTs81/wnR/8Xf/K/M/6Y//87b/8D/rx/+n4F/zPf/x/9Gf8O7/PX/9f/NTv9Tv+6T/+X/zGv+nv85dfrH/d//7ve/Bn/It/zX/w5ruv/5u/7lu/xz/6r/3U//5n/Vf/9e/3V+R/9l/yx/zzH/8hf8Ff8jd89Xv9e3/XX/mX/wk//Uf/Wn/wv/CnTX79//Tf/ZP+4j/5X/+t/vjP/7U/6Pco0t/03/03/8o//Xf9/E//R+c/8efcmf7q3+q3+APTH/yxJ3/SP7lM6n/r7/lvnv/Bv9dv8F/8pX/Vn/AX/17f+4m//C/8J/7xv/jP+w1/n9/3k1/7H/61/91/5R//7M/9V9792b/mf/Ib/Pgv+wV/6X/x6ItFU/3i3+WPLh595x/4a05e/2fFP/R//PG/6T/7N/7f//K//2/8NX/XT/5zf8Xv9j/9y//QH5J86w/8x978N3BBfp/f7f98/gd+/G/9x7/r//SXLp79LX/qTx79lf/HP/oH/Ve/3i/7sT/nr/nb/qhk65f/Lv/l0S/5vf4wyg7+37/GH/DZ3/HvPfrB7/HH/pV/1B/9P//J1V/86/+ff+Iv+FePfod/cPyn/Q2/3S/4K3+Xv+j3+I//+z/it/o9xn/aP/lf/mt/zh/z7zz+Jb/lv/ndf+0f/fzz53/5f/lX/1V/8vSP+d1+/f/mn/vH6l/6B/0mZ//R7/ur3/4jf0rxamu6/eOrX+PNX/Dn/jnvtqd/xi/+s/+Mg9/qzd/6O/yav+r//jX+1D/6f/mv/o7/4S/4b//p//wnf+p3/rt/w+yv+vJP+YV/4+VvkX9r8uCLn/jN/oFHv+6ffP3L/5s/6ff/Fb/p9Jf8g3/6X//f/9v5P1D9Nj/x5z/+zX6Xv/B//gP/0P/8X/v87/vVf/Avvvxbfuq//4n/87O/+a8aNz/+m/x2/8t3/sTv/J3/3Pqv+S//uX/vFzR/2x/4Z/261e/7n/+1P/1fv/hv/v3fOf+b/47/86vv/6b/zp+z+Lv/zL/oH/lH/tT/9E/+sfLP/+zxr/od/s7v/LF/6++19fbf+kP+0of/59/79/8d//Znf80fe/l3/vFf/sG/8T/2r/wa//pf98f8C/P/8B/59ptf92f+8Ef/0B+4+l//3r/gD/iVb/77P3P8D1/8Gf/Ob/dP/1Z/WfnXfv+oevIv/vt/zp/zb/wF3/0P/51/8Df+3//Hv+sH/+C8/Pt/xd/yyT/4dx+++gt+p1/6D/0N/+R//l/8w7P/6Xd5+0c9v//Zs1/4U8Wv+PY/+js//Wv+25/4df6lb7/8bU7+x9/6f/39f9Hf+eL7/8Gv/I3/0fLf/+6v/PP+s7/tv/mnfuff72/86/7Iv+r/+qj4y/6I3/o//Te+W/1+/87v0/x6//Df+VP/w7/7yW/8l6S/zb//t/9v5Z/2xa/xl/8Gv0fyr37rzb/643/k7/kX/uNf/sG/85/8P/+tf/O3/ppPr37J6Z/1X/17/3nx1/0Hf/713305W/z5/9RPfn6y/emnf+lv/ndt1bv/0n/6t778tf7g/+ZP+XXO/oA/8emf9Nm/9hf9oX/B//lv/tu/6h8snv6D/3nzu9x7+rf9Ee/+8//uJ/6q3+Y3/e2///yP3H/1r/9GP/3bnf/lP/MH//e/4L/8Z/7cv+yP+Gf/rF/xv/xjf+Lv8xe9+3v/2eJ3/c63/7pf4xf9MX/TT/3Wv9W3ftHv9Wf8scXin/8H/9af/sv/0n/s+Dde/353fvI7f88fdv/+//j4X/5jf+n/8b//B7/LX/3o9bd/7f/5f/yd/txf9A/+/f/e9PdZ/ln/2N/4D2W/5+/yu/6T//39//bO5N/+9K//W2d/9n//3321/AW/09969fB3+wN/y9Wv/nWP/oW/57/d+je+9cf9Xf/gX/9X/9UH/+C//pO/z/L3/L9/jV/r81/9By7+x+e/z+L/ev4H/kOP/sE7W7/P3V/ynb/xf/vy9zn8df+B//R3PX3xV/5fv9a//LdS8vSn/6o/7S/8X//3j379//Dv+NP/1d/oT/w/vvi/fs3/61/8yf/i9X/y73/vH/8/fvN/8/8kc/w3/5vX//vit/p3f5D+g//F//S3/Tef//K//0/835r/8Ser7/59P/0//0m/4r//Z7Z3F3/Vr/+P/hr/9ae/69Y/9b+mf+1f+ofWo6/+4V//L/wVf/9f/2/8xs/+hh//S/6iv2zv7/yz0l+e/Vb/zVfVf/Nr/t+/xvLuf/cL3v0Ff9k/9NO/5n/7D/7S//aX/OL/8O/5lb/fr/wf/v5/8+//1X/j+o/4K37i1/3s6T/5X/9Ge//MH/hv/PG/PbkCn/0H9//N3634b/6hX/qv/qv1P/hH/lZ/yh+Y/Km/+tf9wXf+u4N/ZvEzzV/4r7/86b/me//zP/evN3/TP/i//dd/59/62f/8ty+vfu1/uv0T/62/9C9Zfu+Lw8/+2l9w96/+B9/+gj/jF/wzP/jsv/5d/u6/49Nf//LNT/xr//m/8lf9s6e/0598+r/+69svfsHD3/77f8r3v/V7/Rr/7C+a/AZ/9/+aT/+ef/+//6c/+t5v/a/8E3/FX/J3/86/+fL/+Hv/jv+xPt7+X/6Bv+sf/rV/r+KvevgX/4pf1f4Oyy/+6L/1r/r4r/jL/6J/8p/6U/6JP+5X/NR/+8lf9hv9Lsd/2O6fcv7r/nU/9p/+2//6X/A//t3P/4Zf9jz5U/+4rV/9M3/Pj/0Pf9/f/jd/7+y3+vTv+CN/79/6p//Wv2D/r/wt/9f/6b/+B/7U3/rz3/Ov+9ve/E3/6n/7azz843/Pq1/r/9j/469+/C/8b//7/3r8l/1pf+gnfzMtRvyVz4+nv+7f8if/un/PX/S4+Mf+r5/5A//CJ7/fP/47/La/2x/2B/1e/+pv/er0X/jT/6zdX/u/+T3/rn/wb/niX/tvdv7Cb/0u/0v7yX/+H/9l3/9j/udP/q/f7w/7TfPf+cd+8G/+uf/Xb/Vr/h3fuvw3/5e/6v/6A773nzc7f/n2lz9x/Ef/GX/IT12d/WO/+s/8JeVf/zf/R3/I+vJPOP1T/8f/64/7a8pv/5f/1r/9d/5v/+Av+r3+jr/9b333R3z2u/7Bv9V/+lN/0h/4T/9+f8nf9au+M/3n/41f/e9d/bP/8Y/97X/L3p//e7/621792O/y+A/+r//Nf+q//bc+/6u//Ov/uN/jP77zq/+aP3H5f/8aj/7BP/G3+2f+ni//7sX//G9SJuZv+6t/t9/m7/+tX/432//i33P63R//r/61Xz359pf/2/Nf8l/9Od+ltN6DL/6pP+T3/Iv+p1/nF/wDf/0v/p3/8F9w8u4/+gf+wn/0l/0vP/kP/YVP7tR/8x/zR/11v8e/9of8kf/1//lL/rz/8Q/866u/9T/8Rf/z9j/yp/6fW//TD36T/+VXLP6Hq3/+7/pjfoP/4fe6+7//Pr/eX/x//SZ/+cVf8j/9G3/vr/2P/Td/y1/1d/7L/+DvRe7cP/P7/59/4t/26V/56jf9k//rZ//RP/A7/Xf/wfNP/q8Xf+q//of84//iv/Tb/42/4n//9X7P/+Bf/8d++vf8Ve13663f9H9f/pX//V/3r/zLb/649m/+e3/39dPJx09+j+XFT/wuf/UXf8Of+Jf9vn/oP/4P/JH//t3FH/dXnb/+0377X/3oJ/723/+P+t3/9+8++clnv9XRH/lH/NLPf5eL3/fv/V1+l9/99Hf+dcufePwXXuz/y//cT/z2f8zpozu/yb9z/Lv+1v/Jr/EX/kX/4N9f/rJf50/5vf/Y1y9/q1/9+f/x+3/vv/hzf/LP+Q/+nfZJu/vr/QW/57/6e+Sf/7L/5g/9Pf7j01/9vV/9D/8ff/L/dfH4N/+zP/7H/9Mf/JO/x95f9eq//vKP+h9/wd/2117/9ZN/5OBf+XP/1H/y1/nVX/1d3/4P/9Pdv+mf+IO//Kf+zf/j//xt/7vVR//Af7j3f0w+/xv/rTd/8K9685v8A29/l3/mv/zPf4/f/2e2ftV//z//m//Zr/zp/+hX/oL/5L/9H/6Gf+8X/zF/Zf2f/q9/3P79wz8l+eyf/1sefPovPP8nvvUn/vh3jz///Y9+vb909btPX/9t/9Of/Z/+4X/y77v7+xef/r1/1V939Ru+/av/tb/t21/8nv/pP/TH/Il/y9/+V37+f/zjf+e/t/x7t/+v/3D+3/ydv8XWX/zT/8pf/Ie+/Ff+sp/80/763/iTf/Pf/PG/4vIfv/gDf0X1vV/57F/+p//V6aP/8O+4/IX/8n/35//Zf+q/+Ppf/5f+i7/28o/4Vf/Qf/orx//+X/fX/0OP/rr/7e/5d/68oxe/7Z/y5/wl3/7P/vB/+tl/9ot/wT/7L/yOz3/PX/K4/uc//ou+/+P/3e/2X/6vv/a/du/X/zv+vX989V/+t+d/yL/zm9W/19vfY/4b/on/zj/6l/7Y3/y/fjX+J37Lv337+8+e/C1/yV/zF/zgz/m7/5SDP+3P2fsPfrv/+j/5E7/7J/wa3/8TR//Yn/or/tfjv2/5y5b/+a/zJ/01T/+a3/Pl2//5F/1uv+ov+AUnf/F375a/2f/yX/2Bv975n3G1Hv1jv+b/9D8lv/6v+U/+0Z9t//Sf/9f89F/516y++iv+7L/8b/rfx3/F3/MH/8P/54//ifnZv/07/JPf+YPu/Mv/xz/3r/zzv9tft/X7/LX/1/JP/Xf/2r/m8h/4Zf/iT/wDr37mT//ozau/7d/6Z/6+3/dv+5/+6L90/K/86y+f/+37f+tf/cknv+0f9z/9U3/ll//lv/0P/If/3C/+I/7dyX/xb0/Pf/LX/Ef/kF/6nX/kD7v+A/73//m/+muv/7N//i/8mX/vP/7f/+n86foXfvrH/cE/8Y//Sf/N6//yT/9lv/Yv+CW/24Ors//uj/+7/4R/7P7v/usumt/hn/mj/pv/5q99+9cc/Sd/efKX/Uv/5N1/589595v/xE/8ab/V6aeP/5Rf8tf9Tf/Fv/8f/K+/+C/8LfKf+MtefuuP+U0/Ov3pX3Lwp/7Lv/BX/ve/cvzf/+S/sf1b/21/yu9c/vZ//r/7+jdJf+dHv+df/hv8Vr/G//n3b/89/+Tv+Ece/1l/yf/1W/7x/9If+3t9dvBn/Al/TvFbpL/fr/UXnP2uo//9Tfq7/S/f/gf/zX/7J3/lL6r/i//gpP4Vv9sf+uzHH7/9PX/pf/CH/U5/5dv8d/k3/qHRf/Kv7P/pf82dv+if+su//asf/X7/+d9x+a/8c//IL/+3v/ib/+C/7o84zbPx+I+f/a2/72/xp/7jv1Xzj/2n/9M/9c/8Q//nb/q3/LuLf/YX/e3Z7/73/x//1D/0qw7/wD/oT/lN/4tHv/l/UP659/+PxW/8X/yr1Ue/+Z/zT/zt/8cf9Wv+wb/qD/lNTz/+2/6eq/P/6I/48d/5D/rOf/M7/Nl/7p0/+a/6a/+cv/i//Sv+lN/+L/sjvvWt3/Z/+dO//Nv/0vl/ePx3/ml/yPrwF/ySf+rP/fXvLf/MZ//F239+/Ic++YN+jZe/wV99/qt/6i/5B36/P2id/LI/8ncvf/Ef8Lf+7f/ub/Pt/3z643/rb/NvzL+d/Nn/xJ+e/kv/x+/zT3/22/7R//svW/9lf8ij9V/+1/xG//Bk/tf8H9PXf+6v8eN/9nR2/vF/dff/+if/rX/56u//+/7qi3/jr/wX/pJ/8J/77l/1b//dVfvqt0j/hsd/1b/2n/4v+//1f/l//rr/4x+197dM7zWLxd//H/0xf85f/Nfc+8V/5W//e/26z3/r3+Sf+kP+5OxP+Uv+jmejP/zH/udf46/8P37JX/Z//R3//RfLj//27/3Rf823/7JftJv+iT/1B/199/7Jz36H37T6O//zv//Tv/N/+anv/bov//U/4z/+rXZ+4Z//t/3uf+Jf3v4x6+y3+z8W49/xN6fU3D/yt/1r7/6+9W/9G99/9PxX/Nhv9OZ/+g3+jft/1Z82+lP/mn/3j/wDfvv/6y/7tX7JP/pn/pb/9PoXffbP/fV/ze/zO/3N+3/52eP5ztG/OP5bptXf9kf8E//Mv/Ev/Aef/Wb/+O/wl/z1Z7/G1l/+rfqX/qt/6j/5l32ZVX/0/3r06E/4a/7c4n/4/r/9E7/P6E/+x7/4O/+r/+Ddf/3v/NY/+a///q/+6HuvRn/O//nb/PH/7O/97/7X/92/ef7v/Jntn/2f/qmrP+Tf/61+red//Hf+5//t2SdfPv4T/qi/+0/8s363f2v7X5lfvv17/+3f90/6bX7rv+q3+mWXv/W/8pv+mcXf8Ese/Tp/82ff/VP+g4f/+1//q/6BX/Q3Lb711/0Rv9fv+Gf8ib/m3/nf/re/Yb71k3/O//Kf/sriB3/YyZvf56N/8z/5Ex78Rr/Tb/nP/0F/w3/6B/6h5d/6Jxb/zsWD3b9k77f/3b767376P/6L//Hin/jTf7dXf8Gf/Wv9W//L+t/4VX/XP//PPf6Hf/rvePVPf+vbv+sf/u/8Lenv+5f/89/+Hf743+bv+erbj/7+X/R//yv//h/xp/8Tf/p/9kt//X/z//wjf8WvTL/9V/5d69/5yeref/6v/ucP//c/8K/7Pf6DP/Fv++P/0b/8X/4F//G/+q/9wv/mH/2fTik//Rv/g//B3/9X/Kl/1Gff+l1+i1/+b/7dv/LFJ0X2L/z+o3z+t/9lv9mrf/UP/+m/5p/5I3+9f+lf/Wv/lrvJX/5n/9G/5pvf4g/8i3/pP/GP/JJ/4T/63vf+4L/mT//d/qef+G/+wH/4l/3Xv8n/+Pf92//dT/7xv/jd2U/911/91E+fHz35K/68vbN/6Hf+rX/Jv/lv/dl//3+/9y+Pjr716//ZP/nH/o5f/o5nn9z79M/6h1/+K3/2t/Lf7ac/+W9+j9/zyb/3m/8X/+Hf+lP//Xfy7d/nD/ofmn/oB//7H/BL/8V7f8FfvPgf/+xf+Qv+gD/3v/43Pvv0v/uHvrX1Vx/9BX/79H/5F/+kv+if/M6f/2f+a//uH/m7f/c3fvEf/cNfvcr+nS9/p3/26MXj0/o3/s5P/SWPzv+Kv+6v+vN/67v53/ZT/+6v/j1/0/xX/427v8/xb/m7//n/zt/+z39r6y//N/+7X/jX/Pr/7p/zg3bxz/4ff/rf/e//i7/Tn/tX/Dv/9eSL3+Sv/nVe/B5/2W/7e+3+2vu/1U/9hUd/xq/+V/+Gv+MX/CZ/7/Jff/0H/E+/8Z/0F/0Rf9FPzOo/7c/67/6IX/qn/KIHf/rFX/5P/+Q//guf/cl/9sXv+vz5H/RrZr/qf/3y76x+x7/+37v6o3/3f+4f+C1/869e/bO//W/1lyd/wr/6j/4L/+DRH/bv/od3yz/39X//f/8aZ4vfbPVXbv/lf9lf//b7X/zk7zS/8/w3+dPe/vb/VPnwd/3Ff8Y/fP7jf8onf+j//Wv8mv/tb/VXf/mrfr2zf+c/+Jff/t5XL//T//jPePS7/G1/4N/06Pf9rf69/+U//Wt/5id/2R/ye/wrfxct5n/8l//+P/n61/3L//l73/pb/py/Jv1r/pnf+at/5bf/o1e/3e94/8+rP/uL/8O/4G/53q/78F/5D+/u/sv/5NbpX/E7/i+/57/61z/++/6h3+O//K+v/pxf62//JP3x33f/9/7f/5o/+vN/883/+GX6B/+Bf/m/1vx3f8O/+cu/+l3+57/3D/9d/oCH5HM8+R3/w3/zt/z4t/oTfuH0//qz/tDjf+XXv3g+b36rv/PT7/zl+/Uf+OW//zf/UX/hf/P0n/kH/rmr3/q3+N7f/+t99/f4W//PP+aX/y7/9u/22/zKf+m//Nv/iT/1V/1P/9cfsP5Td/7L3/XP+Ov/rN/xr32R/VH/5x+4/OT3/DN+j3/pv/oHf/Xv8oO/8y/7zZ7+lX/8J7/qz/sVb//XB9/9O3+L3/SP/OrX/7d2Hv3k//Cd+nf/J/+qX/tf/Xb62/wff9a/9Rv+gf/0f/DPLn63v+SfefuP/7W/+geH/3766L8v/qHPv/y3/5XVv/QP/F3/6O/6E7/bH/07/2+/x1/9B/3tf/Df/9//97/3n/XyV/1Jjz759H/47X/NX+fX+j3/z7//N/oDft1f4zf9i36N3/RX/EF/0//6C/6r5a/7a/zaf+T3f/Wv/N5/+x/8n//m3/Mr/8H1//D3/4///i/+K774Z3+Pf3fxf/xz/+bf/Puuf+9f///8q//j+b/5f/7nf/9f/+/+qf/YP/i3fvn7/Lb/x/3/6h9c/6n/yL9b/QV/30fVf3Hn3/yd/9Zf/9/97/+7/U//jj9v/clv/n/tPf1bfpdf+Wf+yv/+n/4/fq9f/U9SXvrB/7L/337v6S/9Tf7N7Hfe++j3/y8++Vf/x7/t+7/dr/gff+l/++//rg8W6S/7V7/6g/+vX/Q7/Pp/5//+V/0Lf9vH/+e6+b/+3X/7L//D/rJP/sl/8v5/9dnff/y//0n/3K//m5/8qtkf+Gf+ZX/wH/snHP+dv/p//J/+1+yv+9/bz/+yX/6X/jt/2l/+t1QH//Ef8Ff84j/5H/rXP/nWX/MX/op/6OP/84/8267+l9/019n6T773f/zOv0P5P/+Wl//K9bf+wv/yX/oT/7u/8C/+8qf+4z/wH/lrDn/b5a/4C/+X2a/67f+4f+rf+D//junf/Xf+hd/5Fb/0X//L9n7dh7/Rf/Z//sV/59W/8eQvSEf/2Od/2//66Yu/+I/86F+iCOTv+91H/8Bv/x//K7//X378e/xrd+7/st+l+v1/9//x8r/+8nu/4//9a/wjP/G//m1/7h/7q/6N/+Nn/qm/5A/9Bf/sf/sn/knf+yv+oj+5/pv/6X/tF/+ZP/1P/KP/++/y9/77v/mf+Cv+xL/n9/jf/8E/83u/4Jf8kt/79/hP/t1/+x/9n3+b//Tf/Tv+rz/4r92t/9T/67fNvvMX/vd/4t/6Lx39lX/Gl//zv/v7/oH/xO/7B/5L3/91/+j//cXy1/6fvv9T//ev8U/8pb/HL/9Nf69/5p/56Z/6o/7c/+E/+fzpTy6e/uBP+nV/9z/79/59/rR/65d+9ic9+x/++P+9PP7sN/gv/5jf/uX/9k8lf/CvfpT89O/+W/+W77Lf9dXv8yf/rtd/1JPf6s//zf/sn/rPf/I/+t//gX/gX5x+8Rv+9X/E7/m//F/tf/U7//j/9q+8+0X/0u9a/pa/+tf9JUe/ZHvnV/8+u//62fdev/zWxdOjg39je/f0x3/D3/7XvnfvcOvv+vX+2bf/4b/9S/7x//nPufc7/MI//XHzp/7L//2f8S/8Hf/q9j/2t/y3f9JvlPwBv8vv+5/9H39XS9mFH/xRf/O//re8+kv+/iev/oV/6S/9Nf7hP386+TVf/6N/4F//q/73X3z2azz7c373P+lf/g2TX563/8rv/rf998m/8fKP+EP/yy//y//1+le8/L9/jX/+47/yr/gf/8D//O/+ZX/mX1M8/gv/savf4584+jf+2n/0j/on7/75//avvvxLf+kf8Bf/Kz9e/9NHF2//oT/89/y7f+M/4Pg/S+7+Wv/0r/PHfG//9/g7/rT/+9e4+xP/13/wH/zG//1f9xf81D/+S/+R+Q/+t3/5l/1uv/8f+/f9gf/d+J/9v37Fv/g3/Yu/+f/6J/xlv/Qf+Hd+/3+Gos/Vv/9v/h9/09Fv+D/+H7/xg3/nXzr/B35hO/voj6q36l/8+/+N/9P3qnu/5x/xj/zXn/9Z/8ibJ3/lf/XkT/wb/83/4C9a/Ja/69/wyf/1C/7U3++f/E++9/wvevOv/KX/y7/47N/9J7aX1f/1q//nf/Fv/WN+kz/01/h28yf8PXd+xd/+P/5vv8v/+Hf/yv/m1/wL/rb/IP1Pfs3feftvOfg3/6p//B/+rX+Pv+Lv+IN/17/qL/5Fv+Kn/qzf7Ae/5n/6R5dv/u9f43U1/+uXv853f6N/5fy3/Wv+pl/1u/yyX/Rf/a//w7/0z178Dqd/7B/1B82O/rDrX/ozj376n7//21wt/uxv/cI/4k/+80/+iX915yd+ve/8Gv/YP1T98tFXf8Z/+Oqv/Hf/pdHfcfWX/+a/16/5X/8Xf+W/+H/8g9W3q3/nP6z/nb/92//xj/1Tf8PWf0Ja7zf41b/ptz/7kz96ff67/DP/9W/xr/3E7/Xbjf6ZP+Zf+Bt/oz/qL/tzf8N/+4s/8r/8t/+K/+y3/49+q9/6L/1Nfpc/67/67J/95X/E//wr/o4/6V/+k//U//LlH/hP/0t/C61D/7f/0N/5v/8b/+Dfcvof/0v/3L/5F/2Gf9v0p/64X/HR//T8t/u7/vR/8B/6p3/iJ9Jf/0/8rypycf7GyeTv+FN+p3/pn/oD/6Tf+dnf9x/8Id//Z36Ng7/ux3/V3/oL/tTf8ff6jT75O3+T+7/9r3365aN/41/8xb/ub/7qN9/69f/E//7bv9Uf+Df/r3/n6u/e+Xeen/zOT4vf5S/4Pf7h3++Pufz+3/f7Li//4j/tt3r2b/zSf/xf/GX7v/Nv/Dv+uW8Xf/y/mbxe/r6/zccPf6PFX/Ob/8l/6R/xl3z7N/4Vv8uv858//Z/+iN/j5Z/wa/4f/+G/tfxnV//ep//l3b/z3/9nf8Nf8Ojst/7Vn//av+pP+CP/3T/hX/7bq9/8j/o7v/gHfsc/7He6/1dNjv7Rf+yXPl0fzf+hb/3Nf8Wf9Z9+9Sfc/+pv+dZHf/hXv+dB8hf9Gr/G//6bLv6Qd3/zP/2f/q+//O/f+mv+ml/jL/pffufP/+TZv/Z3/Kd/xH/58vf7A3+XP/m//++/80v/gz/3d/1D/pzv/hX/9F/c/OI/6w//H37J63/k6B/88q/7C/61H//rf/3fkmat/Wfv/MW/9e/yt63/73/13/9r/twf/72P//WXP/VP/KOvnv57f+A/9e3qV/yvn7376F//n/7AP/Kv+l8/+aP/rPFf+Tf+d//1f5H80//8H7z7F/6N/8Zf8Bf+T5//H//O//UX/Ct/W/H6O//Xv/p//dI/Y/TX/zH/6v/6m/6y9n/88t7ur/HX/b5/6C//I3YpT1f8xH//+I/6Nf76L//7z771bzyb/x5/wH/9Dx7+nas/96/5Q771O/0Pj36Hv+ujP+2f/zVf/+6P/7Vf9nv/xX/KX/Dud/7d/ri/5Xf8zX/xzv/+h/4P/+uf+W/+4vavePvwj/mbf6vHv8GP/0t/6MsfnP3d//3h5a9I/t3lp//It//gf23v+Nf787760/6Qz37Tv/Hbv9V/9ef/6aP/4N1/c++X/89/+Z/1r37+J//hf/Lf/Z/8K//ss1/xY3/Ff/hH/K/Lf+/f/3v+qH9q9of9hd//+P/4Nf7VX9X+tn/g8u/4TX/z32f2d7/55b/J7/GPvPmTf/UPfoe/+W/768+e/02/wz/z3/xDf/BXs7/hT/ntz3/N3/b3/HX/k7/yD/3ur/2//Nj/+lv/Ocef/Lb/05989r/81B/8f/zT/1Xz9jf/O7/6E//JP+X3vPNnpn/hi9/18+e/+F/8HX/r3+/Ot36j3/yf/t23n7+692dN9n6DP+vx7/ar9t/+rr/Xn3A3++9f/PuHn+++/Cf+sNVf/V//ev/3rzH/W3+fP3r/1/qn/qN/7Q/+qdV/+p3/+a88++ue/sQ/8O/9e3/aH/Bf/5L9X/EX7P0l//3v9PzvzP7Af2Tvl1X/7X8/++9O//2/7A+b/GW/9D/4Y0Z/0qf/5t9z/Nf+PX/Mv/arftP/7W/40773637x6eH21p/00fab58df/OCP+Vf/z4fZ23/vN53/yr3f7c/594tXx7/q+pcX/+wf9I8WP/jf/6q/+B/+j3//8Z/x/I//TcZ/z19R/MSve/r4f/kX3/2K3f/l2T/11/yOP/V/nvwav+4/8Ff+O7/eH/Bv/ubP/ppf/O1f+/f479qrk9/5L/tf/qn/6Kdffe8X/KXkvXx8/Mc/fp78TX/P3/Jv/SF/xT/+nf8l+ZMnv8GP/9v/2B//j//M3/e/J0/+iL/4b/lNf9UPLv/KP+y//eJbv+HbV+Mf+3X/4F/nN/w1zn63X332u/1ZR3/+9h+z9/vMH//v11d/1V97+RdcHr36PZvFp9/6Nf7j6r/6m36X3/PoH/hX/5C/+Q/6a/7+v//u5KIZ/RV/y3f/xN/kdxn/3V/8Tv/VH/u7/km/9m/5yV/8O+2s//Pf+wd/4Mvf49/8D/60f+Kf/Pbv99n3/5WXv/Uf+p/NfsnfP/5PfuaP+5NP0/1f+nf9y//nk1X5z/yO/9O3/8Gjf/bbf+dvdPyb/h9/z9HJ5T/1x/1G17/Gr/oV/9T//Wv8lv9H8pv+T3/vm9/0V/7lR//H0Z/7z/2D/8t/80/+N//HH/YH/s9/w9//M3/h//7H/Ib/96/xz/7Un/i//4r/8V/72/+vO7/HH/B//xq/x+/31/+X/9M/+fv/7f/gP/9v/tTf8nf+37/G/T/xx/+v7/1rf/X//Wv8e5e/8u8ho/Vb/YV/0x/4F/71v/Yv/n3/sje/+nv/1x/83/79v8+X/9t/evx//xp//v3f5f88A5SHgPIX/T2/ovo9/sNf9Af+/Q/+z1/7X3l9/c//yd//e3/fP/Uff/o3/2u/3Z1/9vQnDv/p65/+6Nf41v39n/53/vrp5e/0i/f/7T/l3/sffrO9e3/GT/15f9Cv92v+X3/y//1r/PpP/75/9Hf/t/6d5Vf/ys7fePqP/hb1P/oH/Su/xz/6r/whf3r9P71+/Q/9bf/Wv/+b/cO/0dn/9fu8+U3+rP/0zW/7u/wBv+env8u/9qvv/kn/zuM/5eGf8p0/4+P/+Pe/93/9uX/p7/3r/vLVP/67/OG/9W/9e/5vf+4/9fp/e/Qn/413/+9f41v/1n/4f/z3f83//Wv8N79p+5f/lb/6f/nyV/7pwLX56lf+6v/mW3/gX1n977/23/C3/xd/4G/1b/2z/9fv8c/+9P/9a/zv/+H/+K/9bf/3r/FLz/6v/+Uf/OW/7U/963/g//W//5H/53//D/5Xv8mf+m//m3/juz/gj/k7foff7h/+0/7p3/4v/6v+guvxH/XVHzr62/6mb/3F/+av+HX+3P/rs7/m7/z2/d0//N/7c87/ol/z//izfvn3/677//a3/435f/pr/e2/w+/zR//Hv+wn/tt/ZfpP/l+/x3//j/+Lf3v7j3/rB3ce/d+/xm/xa/+rf8a3/oG/4Y+Y/sb3P/vkb5/+E3/BT/3R/+Uf9+O/1le/1T/5G+//m69+///2F/97//ev8eXin/+tXo3/6j//V/+SX+P3+Of+5H/lrz38q7M/6Z/8jc7+6n/qn/0t7vxXW7/V//7L/6bf+O/6A3ezP/J/+yX/+C/6v3+N61/9E3/g//of/Ev/avW/FP/g5P/+Nf7Cv/Rvurq7/4f8g//1n0tz9vv+jf/bmz/yH/u//t1fdfF//A1/y7vf76/7b5//g/P/9cvvXv2Nb/7X5b/97/zi3+R3+jN+//Zff/UX/3u/4+9S//N/wj/yj/zJ/+yf/at/31/wy/+M4nd9+mec/jGf/kl3//v/8N/9k/7d7X/1jyo/+nN+rz/mt/zOb/Jrf/xr/Kl/8O/3Z/8F/8d//z//uX/+v/GL35X/za/3l/xzh3/0X/LH/Em/xl/9q37F//Lf/I//4R/7+//40Sf/xd/xb/z7v+p3/ld/x1/9l/+yf/ef/LV/4X/57/52f/z//Wv8oX/ur/v7/9n/0D/+J/1V//gXf8pf9lf8+X/cX/Db1b/V3/hb/rV/+PoPGP9Fv9mL/6H8H/67P3/69/6d7/69P+YP+kf+iD//96/+/cv//t94+Lv/u9X0L9hf/G5/8V/16/3pf+V/99n3f9v/4xf+pv/5xZOfOf2/it/u+//j//LxL/3vj/76f/vv/R//0r/3wV+z8/0/8h/4b3/b3/pvvfwHfsW/9/ts/7l/wT/6e/1df+ufevYb/zb/4V/8z/3Ef/9Tf90P/o03//Rvvd/86//E3/Lokz/jx/7Nf+Rfe/wH/OO/x1/6e/7M3//2X/m7f+aX/C7/yX/+a/+b//Ovdfp7fHTv//h7/vc/9Sf+17/hn/jvf6ff71/67/6Dv/a/+w/+xv9++689+bv+id/96svfZ/nXPftf/93/4Pkf9/Z3+p/+2T/73/2z/7i/4tGXv8XW9u/wz/xOP/27/Jv/1p84+99/rz/q6vv/wP0/9Vek208+/63u/1Z/0X/6F/6Fx79J9tv+Hf9q+e/+eX/jb7b7+/66f9Vv/Aenf/G//pP/8Z/4rV/0n/7Lf9C75n/4E/6Kv/Y3+bV/1+8lv8O/+7//wb/+v/5/PP3ef/t/fvZH/qO/96/1l53e/wP/1bv/56/5L/1Zf8V/9s/8M+d/6I//b7/L//WH/te/6+/1t+/9I3/Dgz/9r/pP/oTf9vd5+jf+NX/Fg/k/Nfv9f63Hv8Xen/E7/fv/6v/5B779C/6v//D4H/0tftHxn/hfHP8u/9QvP/tN/sUffPzkP/+17vz1vzQt/pd/+Pf4s3/n7Z/57f/UX/FPv/xNjv7YP+bP/W9/1dFf99f+4rv/5sV/Xn38f/xnv8sv//U//w9+51/5f/zln//fv8bBv/h/lv/tX/zFn/mf/Kqf+gP/53/1j/u1/u9f47/96b/+F//iX/lHF3/h//yT//ev8Yv/71/jL/7Br/zDf/Ef8x98/H/8p/T7v/hT/zY50X/y3/sv/hd/4D/+P/6RX13/h3/M//kX/s9/7l99efkr//Hqn/9b//2/97/9O37l3/Hg7a/8jQ4e/wW/TTL6pf/a//Zf/21/6+rN5OrT//Tf/63+9r/9X/rq7Dt/+7/99zzJ9tt/+Y/4M/6GP/97//6/98XyZ7Z+u9/zL/u1/u39j/+gX/gHvflVv8nB3/gv/iV/1f/6z/4Gd19+eflX/Of/zT/7C36bv+0/efLH/Pk//s/9Hw//4oe/9t/4p/0G/8pf83v8LX/Rr/nffPo3/e+/xtnRv3zdpv/tf/cb/9+/xo/9g//95//D3f/s7/6f/sL9f+7P+qMvn/0z//7/+Xv9/md/4l/+T/7j3/4v/5pf/Nte/Xd/z7f+l9/48d/w03/L7/37frH9xe/1p/wOP/Vnz5p/9vf9r3/nX/e3/Yd+svqpv/NX/Qb/9eM/+dvr3b9n/eV3fvdf4//41/7Cf/df/6f+tl/03ywe3Pmr/rDf7df4zn/4r/zev/S3+xP/xr/9f/8TvjX/Qbr/Vye/+O2/+Vv+tv/Z6vN/6f86/QdTSjz/j9mf+Dc8+je/U07+9q8+/bt/+q/94/7YH//x3/yrj/6If/X81a/1b/3a53/z3/nL/9c/5yd/g//zb/7df49/5U/44xdv/vnfrPjd/9SX+//bH/Vf/45/z1/1O/zxf9vTf+V3ePRP/+G/57M/+c/63d/M/5HJ+v6f/Zf9Jr/xP/Xx//zf/Rv/zH/0nT/o7388+63+4//tZ/7Bi6e/4z/+d/6rf/7uv/YP//hP/9N//W/3i/7Pv/1v/PY/8Yf8R3/Ib/qv/tf/8P/9a7z7X/++s//iN316+q0f+yuf/Oe/+/7vUXzn+dXvsfjyV1w8/t/+lP/71/jJv/Pf/Ld//O/9b3/p/3jvX/o3fru/9H/6XX/35i/+Jb/k1/89/4n//q/8fa5+vd/zr/iT/qo/4I/5N/8jyqj+5P/xf/8af80/+Df/un/YX76Y/Mb/2L/2f/0rP/g1q5/4b/+9/6H9jZLf9N/6S//KP/+PfPpXv/6T//w/5G/+qXfZT7z9n3+3P+6/u/4H/4/6F/yry+be6Fu/ybe+/O9+l//ul2f/7N/xH/9+/8tP/n7/0V/zexRkYn79J7/l//1r/Hm/06/5L/6n/+cv/T3+g7//T/vj/qRP/qU/7X/67NPn1Y//gX/DH/hfVf/bv/m3/x4X3/uP/tK/6m/5pX/r//Vj1a/8U//7/+jsd/6Ff+Af+Vf80X/ir/43/48v//a3//m/upf9pr////2v/fvLP+3/XPyf1f/1j/wH/9nDgz/hL/29v/yNftUv/1W/5t//D/6j/9fv9vv/O3tb3/7s7us/+F/91w9/nz/z//yj/u9fI3v7q7/4+B/9V/7D8Z83+Y9/7z/w2e/x3/9df+ff9t8d/Mn/6n9T//0v/vLf46/6A19+/qvf/i7lwa/7xQ9+0f/xJ77Y+Qu2/69f/d/+37/G7/i//oV/7a/17PPf97/5zX/3v/Sv/hN+4q/59A/JV3/gv/a//Vukp/+qx7/6X5v9tX/x6z/nl/8ff/Hvd+erfzJ7/fv/2//Sd1/8fn/+T3/1e/7tX3zyr/4ev9sPfue/dPJL/8Lf//O/9Z/8S/+0j/+Yv/0Hv+4/8VO7W7/T77z/F/4Lf+T/8eff+Tv+lN0/42/4E/7vX+Nvv/uHXP/6v+J/+jNfv/3ef/Pb/ab/66/97/xe/8Xv8OrLf+xbv/5/+S//Ff/Cj13/Rf/3r3Hy07/lr2r/yn//t/61Hn3rBzv/0C/515/8ql/3H/roN/glF/9n/r/81v/l//HZn/lv/+759e/xh/2B9/7lv+O/T3/vj/6w3+nvvQDV/6TT3+h/+Ie/+rX/3p2vfps3v9Hyt/4Df9c3q8/+uub01/oHvv9bfuu/aX7PX+Pjv/w3+W2ff/U3f+ff+Fd/h+f/xf9R/Ia/4Z/yb/5f/+D//PsXH/9zzx//87/HP/ov/+1/9G+4+uv/t9/qd/nPfpMf/Nm/9e/xp/zZ/031T/9V6z958cvHv/Zf/bs8+TV/tz9xce/qD/tf/opH19Pf+Df/M//Fn/wDH/+Kf+Z3mL5+/OY//7dP/vY/+td+mfxWf/NH/+V/82v96n/16A/ffvF3/Mnv/oa/+V/7Y3753/XH/zrzP/mv/+V/ybd+w/+z/Iu2/sH/7d/6xeNf+Jf9hb/fn/ivP/lr/qr/6Nd99F/+j9+v/sZf/Ct/P5vI+JP/3n/puthtL//Bf/+/+KumP/6//zV/62/5B/5Pf/cv+Bc+ff2XvP2r/8E/5Nf77Ddrfo2944tf4+Ev/sN+l//4v87/u7/wL/2/kPoAiP/6t/1z/tz/4W3yS36LP+u3+zP/j9/73/7LPv4L/9t/8lf/pue/zX/6dP03fPn0u//Kuz/1T/9fft8/8C/8K6a/8z/42/7fv0b1f/2KX/W//qXf+8Ev/2P/ysfbv92f8/f/zn/kX/LnXf9Rv8ef+ev9y3/ir9r6D//PP/Lv+B9+97/s6S/98T/xl/3yv+Gf+HX/lP/49/7jxn/gP/9//dI/8/f7Z/733+O/+gd+5o8nnv6lf8Qnv8Nf92v/m/9l9qf95f/nF7/xr7v9/G/4PX+nP/33+ctpev+lP/m/u/inf/O/8D+4+i3/1R/7sf/zr6MV2V/3B3/cL/nX/rzxP3lR/L7/bP2b/md/zD/2f/8ae//gP/vXvPpVzf/xt/3S3/5n/ru/8d/5VX/gn/bn3/3i3/7t//k//Q/7p/77f/+v/Av+yKv/8a//i//Mfzj7X/72f/Tj751+cfQv/nvvvv2tn/hv/+E//Yvnr/+sf/vP/eIP/c3/u1/yB/4di3/3z/3x/+Df/W/Xv9Wv/xO/zm9y9PT6V/xmi9/x//plf9Nf90f/7f/Bb/efXv5G/+xf/tv9Fr/uJ//ej/3H/9XnTw//xn/wP/6Ff+A/84/+Lb/yj/jJv+Uv+Rv/s//g3/6Hp//19K85/N6v/+/93n/0f/UL/5S/5nr6J/wG/+3f+u/+2rt/3p/wJ/zWT367+6//mf/gL/z9/43/6Oj83/5f//u/5jf43f62s8dnv9Mf97f/nr/Gd/+Vv/3+P/FLfvBn/t2/7Z/z4B/I/t6/9w9d/Sm/y6/32/2jl3/5b//H/g6/6T/+e/66P7b/O337P/7X//f/4/f8v777B/6mv8ef8R9+Xv0Pf+v/9of/G1/9jt/6c9/9a//pg/Gv+vf+7L//n/7z//1f/S/+zPmn/9j6d/lHPnnwm/zih7/Pq//i8Ve/+/e/86+++lc+/71Ov/yVv8Xftvprz37XyfYf8R9973/4X1/8hz+2+Pi/y/7K/+N3a/f+i+/9/n/Nv333P/21/oa/9q/7JX/V+g/8g9aTP/eX/r3/21/wm/6Wv/8v+eKr499r9Ef+X8s/6097/nv8W9/5Df7XP+b/+k3/ir//7/1D/qzf57f7Tf+Wv+v/+v5vt/g7f4/v/p3/9r/3b979Hf7U//Vf/T3+hb//8S8++1f+A8M9/80fRgrqb/xfftH/9s/+H//kf3P5285/5d//5fRfzf/3f/O3+tW/16/5Z/xbv/h/+P7f/fv/Yf/E+V7x+3y2/elv+/Ef/+/9jt/9+Ms/5W/4m/+cz//in/qv/qlf92L3j/8NPv3P/9hf8pf+4PTf/hv/oz95+eZv/Sd/t8V3/pBf8w/4j/61N7/mv1P8o7/1P/TXZf/ib/vn/cP/zP9y9s/9vV/8c3dn/8nBf/7HfPU3/Ck/9hv8y3/SV3/V7/U7/15/zZ/+P/wa/9q/8vf+A4//71/jo//71/jP/9r/+d/4e/7IO3/HLz2Y/uKTq9f//Iv53/nxL86/9ff+9N/89tXpry6Ky//ipw8+/Z0f/yd18rdk/+iv93/86j958fC7f+boeDr53f6if/Y763/pNzn4R/7Ef/tfu/93/eI//F/4xX/pt8b/1b/0r/1Lo+TH/+qDX/vlX/vn/IXb31/80X/L3/FHHOa/4n/99//tf+tnXvz4r336h/67f9vBf/U3f+8P/K3/hH/kP7nzC/+QP+X3+Lv+hD/0t/6j/4q/9J/8iX/oVzz6F/6ov/Tpr/gln/3Dv3Lvya/8N3+Lf/cv+l7zyW/9a//Tv9fv8Jv+U+s/7XL1+/4V/2pRXd/5xX/733l6+XD0H/+eky//7O3X/8Zv/Xv9CX/gf3rxy37F41/8E//y+tf/K7+/973/87/9P/+nX/k//G2/50d//rd2/6Y/a/6f/jq/9cX2j//av+JX/IVf/I//17/y6/9tf8vf8Vd+/Jf+4jd3fq1fa+vFH1idffav/Ac//de8+xvXf8xvU/+Df9C/8vf/wf/p//LVZ3/j3/Lff75//+O/5It/+4/953+H3+TX+O7/+hf+st/kT/njf42/+Xf5N8kPOvkv/8W/5PJP/Nfav+sf/Rf3/7Xf5e/6d/6yP/ov+N0nf9EPvnrzj6/+ol/7L/vNfo9/4j/4l5//Nb/bf/8f/eD3+Fv/9P/s7/hr/4L/6Nv/559HSbff/L/5az7+q/+8v/aLx3/j7/bX/Rq/xt/7u3z1h/9R5Pz8if/k3/q3/a6/+U88+zX+q99lq/jL/5Tv/m//1p/yS/+Dv/Dv+If2f9Wv/3u++d1++f/wN/5V//V/sfc77/+f438Tict/88//l+/8Fcf/1T/607/w8I94Of/r/sH/6D/+V/65v/D3+T3+pd/y//oHf51fPf7yj/ruX/pv/Mf/6vfq//L//JX/6b/zJ/9j67/jf/vBH/u70lr5H/j4N/1f/9H/6/5//5//9j/xy/7re7+q/Rcf/kf/96/xD/wfv/gn/74ffHn3Hzn6D/7B//tf//d/vz/9H/jz/s+vvvzV/+Tf/Vt8Of5LD774sf/71/juX/jl3/Zf/N+/xn//b/6f/9G/++88+N/+xGe/4T/6V/5Vv+m/+n/8BhQX/Kf/ztVvl/0r//o/8yf+rX/l7/0v/tV/5L/yH/2Ov/QP/Cv/tv/r+4//weQv+Mtf/47f/j3+zb/zV69+yV+Z/cS/+j/+T3/Bn/cf/8d/1i/99X+X//n1//VP/Af/6vp/+Jv/zX/ud/1L/6r/+9f46lu/3cvf+8/92/6YN//n7/GX/Cm/5H+//9f9sX/ed//6f+/bv8W//fd/+y/6P/7nf+V3+e//yF/+f/8aP/i/f40/5lfv/s+/x1/+L737J/62v/w3ffGrf/FXRz+Z/oN/Rfun3Ln7f+7/2b/t/1H99b/+3/E3/Al/12/yN/z4Z6N/9/hP+J/3/7wd8o/IAj76H/6pf/Unj36v3+V3/y//uL/wv/vTfvn9f/Av/0d/l+K/+7P+r7/mV03/8j/37/nrF7/gz/+3f5c/8xf8Wdn//gf+A//XP/Af/ql/9P/x95z8pn/2L/srv9z/F17/M7/G7/L3/vZ/3F/4X/32f+hv8Xv8k//q//XL/vvHf8nf8/Yf/cv/pk//qH/+1//NX/zp7Zv/4Pdd/rF/UH75J5/9+n/IX/dr/Yf/y/G/TG1+7b/9d/8b/8rPP/2ff/pv+1d/37/547/6t/tvfv0/5PwvePVnJj/xW7/4G//6P3b309/lT/j1/54v0j/gt/5B/W/823/p5H84ffeb/AV//1/5X1/9fr/yf/j7/82//1f/jWvku3/xf/j3/Mqz0f/0y84v//nf45f/dX/GX/Yn/k9/+E/8kb/6X/5fF39A+/v8D/Uf+Hve/e//xqe/+M/6n+/+r3/U3/eH/eF/4n/+4k//B/6ZHzy29uxP/dP/rj/6dzj7az5ar/67f+XP+rd+nz/48d/0avw7/h+f/TV/Qv6X/LW/yR/78d/yu/8Fb+7/DcW/+vS3+iuup3/Y3j/5n336b/zSP/Yf/j1ejP+Jf+8X/5I/4Q/f/q//la3/5Lf4e/6KX/cHP/kvvzx58tf9+L/2z/2vd3/8T/p9/rqDX+sf+nV/gmb31bf/ld/8r/1n/9I/K/32b/WH//Vf/pb/2n+4oPn5Pa9+5j/5j/+6f+d/+2/+k7/sX/wT/7mnf/LO/3H6vV/nX/7n/rJfevL4J/7C//UX/ON/31+4+peXv+U//vv9k3/Uv/nfvyLO+bH/5vBX/sJ//uN/+69ffuf/+ute/0FH/+Sv87v8F7/t/9q+Ofrn/u9f4/j/ogD1H/8l/9R/sPPf/Nb/0+/4r/7Ff+9f/Af/Ff/+7/Ptf+AP+St//d/1o//jt/lD/o4/+U/7P3/pX/TtP/Df/dU/9sv+4N9i8b/+dwd/3X/4H7/+v5Z/2d3FH/zH/uDvO/mH//s/8f/I/83/47/8S7/3+M5P/Eb/0rfv/k7/8tlv+Cf+N3/K7/rsd/nvvvr7/8lv/xcPPv/9/+hv//j/8t8Uf/Jv8/Tdv/sf/wHHv/o3efT0V/y3+7/32d9c/76/1x/xT//kv/Rb/x4v/5DX3/oD//i/8cd/zf/r7/xb//z/49f7+7/3p/9v53/8937ZX/6b/m+PftP/5R/d++//l9/n7/4f/5DvfvnP/O2/y3/82fj//FPaH7fk/2P/zH/6B3/Jp5e/y+/wV/45/+c//Bv9db/HX9fur+u/8K/8134s/3L6J5x8+SuL9cP/4zf7k3/V37r1f/8av8Znp//Af/fFF3/MP/Ev/aI/4z/7Xf7p3/pP/N++/V/9leXv+/RX/Ln/ZvH69/wq/yX/6B+9Pv/eH/5TP/in/prZ4hf+R//1H/PbHP1n3/9P/ufpv3P18S/6d/+jg//zr/k9/6+Lv2r6Z5Z/wX/6B/7bkz/xN1n+pUe/97/yD//R/+cf9Csu/oP/aPy3/Jd/xXf+ne/83v/xn3P65I/7df+1v/bBf/u7/Rqjs9/md/vVr3/Hv/tbn/x+f9I//+v8Bn/Kzk/9Lv/Lr/htf5s/6l/8ZO+PyN/8q79o9Rf9GX/3b/u/7/6v/9lf9gfd+1c/zX6vh3/5t//KLy/+oC//jke/3xe/7g9+0//lD/pn/6S/etpc/OZ/7C/9dX76t/2fjv7MX/DP/SfJR9/5C/7QP/PJ53/Xn/aH3PmpX/ov/Ln/3B/43/6Jv+Ifp7igqpZ/3P/02S/Mf9E/9ms9+qX/5L/45enZ7/Avfuvp+Z/x3ZfVP/XrjP+GX/Nv+d9/6V/5J5Z/z99677f+rf+i/3r99/1N/2jy9g/4e/6sP+d3+bf/lYd/9Z/0t/7Wv94//p89+Jv/99928vf9Lv/rX/j2Z07+i5/5e363nb/6F/6hxB5/5F/3r/1pv+H95z/9+V/+O1LC/o/9a37w1/9fv8Mf/0fSkljxV/0Rf9i/+df+o+UvePPq7/r1/sr/5b9+9c/9Wv/Uf/gffff//MV/we/x737v3/m9/8mrf/Yvvfynf+dPf637v+X/eU34/fev/qNf8V9+9Of9zP/+R37y/d/x//yr/4bf49/433/x9S/9Xf+Vq9/+1/r777/4G/7Nv2X3v/j3Pvld/uv/89f/337xq7/s4sf/it/91/mTfq2/4B/8v/+Nf/8P+XP+gR//K/63f2/+v/9ff9pf9/v/r7/gz/l3f+o/+M9++z8g+/3/5z/696A8z7/02ee/+T/3l/3fv8bf9S//l//ng//z1/1X/737L//c3+8P+XN/2f/++/11v/8v+79/jU8e/+Jn//Pf9Hv8uw/+j4v/49+/e/byv/yHfv9/5z/8L//r/+C3/4/+0//jT9j9J//X87/6b/4//tB/7q/4D/6t2Z/64//E7/E3/YF/7l/+E3/Pb/27/CV3yPb88v/2d/qT/ozX/+t/9NO/1+/7xe/+v/2X/9Xx7/InFn/b3/W7/Dt/4O/6r/43/9RP/gW/yy/77Nt/wrdP/tgn/+if9O7P+gv/yv/jD/7v/5Tf8TPKyP2Vf/Cv+9PfpYTx3/yv/il/y6//N726+8t/xe/3f/xfL/7C4p9K/5W///o7Ly//wn/3X/ud/sq/7uS3+/v/hn/hP/wL/6Lk9/grf8XR//jb3f+Ff/+9+t/5U/Z/w9/3L/iz/7kf/z//xF/+n/2B/9ivbv/Nf/Mv+8Ev+rP+5n/jB7/u7r/5r/zJv+K3+IP/xf/tj3j1B/4u/+a///v+rzuf/X7/9uf/2tN/6mf+99f/+d/8r/xn//Wf8ru9+1N+7//st/gnfu/7f9Z//a2f+KN+t7/qD/gPaWHrr/gjvvrD/9nfbL76wf7f93e+/av+9N/6D8rv/y7/0V959mPz/2b+/clf/cf+E//cj/3+r/6Wv+nX/1P+ur/sD/2/fuV///v/UX/Lv/aXTv+Pv/+3/LPyv2P1p/z1n/yqf/Ov/Od+6ad/w1/+k6fHv9P2L/9TTv6y3+zg77k7+kf/z1/xf/4Vf87v/W/8IX979Wf+Xv/94uM//fhfffo3/pb/14s//X/+y/7lZ3/yX/IP/xX33/z+b/7C09/mv/xXf8XRv/xb/va/26/8A8d/4m89O33za85/3YO/8Jet//zf4S/7HX/dP+jf+wP/2j+p+b9/jVf/4n/67/92n/8Tf/2v/vV/1f/+d92b/bpf/jt/4D//b3zvX/8D/8mD3+O/Kf/CX/Ff/vvFb/s/P/jvfpf/8r9d/7n/G9yB9b/+3/zfv8Z/+uf/Hv/niz/1//r7fvGv+Oj/+oX/5x/6f/yfP/hb/+9fI/ml/+r/tfx7/vXf53/7Y/7c/+uv/Gf/71/jX/sv/8O/Wt/91//C/+23/F//wv/91/8b/nbKdPyTv8P3/sB/7fk/+H/+Xv/Dv/aH/m//4f/5n9Gq3ne/+hd/9X//e/wHf+L/+Wv/mz/11/6D/+kffvf/agHgL/gV3/49/vh/kPOh/8Ff+yf+yn/nD/z7f5f//df/y/7947/mz63/pf/rX/sF3/mp3/4v+7H/sv4L/67ZF8++/PX+8sd/wv5f+Cv+zz/rn/yPf+G/+9nv/Lf9vX/wP/Td3+Vb//ev8Wf+JX/2079l+b/+Y3/Rv/En/6n/2L96/3cq/q8Xf9oPKAD9z3+/P5MchP+ccplf5v/74v/+Nf7DP/H/+l9+j/9q/Mevf99f9ewv/B8//7/+oP/2L/lVv+k/fv/jX/07/NN/4H/wD/xzv/p//XP/wF9JeZm/70/833/Dv/Gn/+6/8n89+/1/+T9Jjf7669/lV/3kX/p//xr/wj/9D/7vf+x/8Mv/3f/71/gHfxce0tuv/s0/jfKIhPGv/Tf8Fr/Xn/ymLv7q8rf+o//Vrz752/+g3+Mv/+KjPyL7P8d3/8d/Z/E/n/2Cf/C//vz//HX/jT/2+3/Q2R9958tfeP///HMeffHs9z777X/i8rf4XX/iF3//D/0Nf8M/6Nu/zv/9a/zB/+tf96/8EX/fnX/5O//mT/1LV2/av/LfpEW+P/0Hv+n/8d+RP/Hf/C7FncX/9X/8gb+SUr/HbfW9f/BX/nt/4P/4BZmoX/Ev/8xf/3f9lf/kf/h//PR/s03yeUSZmoe/Gzkxv8sv/22/2v7F//lv9dX//Ws8/w9/+a//e/762X/5t/yqn/qd/oTxX33nL/0r/op/6uP//h/+7Ue/w5/xF/0lf/Of/e9+7/f9v9q//h/+33/Tyb//Z/wb/8F/8G75m/3N9Z939it+wR/6f/4Ff+ly/u/d/RsXy7/uv3jzm/11f+mv8Qf+hq//6H/xf/ldLn7Pv/Lf/jtpWikz8Ef9r9/6n//Nf+n/+g/+0n+1/PzJP/jlq3/uz/0T/oHf++kvfPc//S+/wT9+8u2/+i/5zj9z/Lv+gvvno/0/8X/6L/+tP/DP/t3/6L/uL/7uv/Zb/mP/y7/4axT/5F/8V370D3+0/Dvv/na//2/1exZ/1Z/z8m/5N//I//xf/lP+ge/979N/8D/7a/7C//3ev/Xx//H63/jOL/3+d/7D//Q/+JN/6b/xf/8aD85Gv+/6X/sd/8z73/kr/uTf/8d/p4e/xW/w5/0jv+/3Z7s/+EN/37/tj6fk2pfn/+YXv86vXvxpf+Xv83v/019+6//4a3/17r/8u/85v+/3lr/6j/vkL9r/i87+y+/8qn/1X/zn/o2//5P//k/7O7eP/8BfdfET1f/+b/93f+n/8d1/5Tu/5C/9P/79X/DqV/5vf8n/+cf/X7/07/1X/9S/81f9O7/j//UHTv6S//C//wf+s1/8Kxb/4B/x5b/ze/zz/8Z/ff1//KJ/8//8hGb+6q/88f/71/id/6u//v/+NV7+rX/q//1r/N3T/+Cvrf6P3/RXf/5//tr/xn+9/r/+jz/x//zPSGV+/7f5D/+kP+T62b/+V/wF3579K/928Y/8k7/hPzn9K/6QnRd/9V/+r6++/OV/5//2q3/n+rt/xG/yn/xXf9nP/Nq/2+/ynxz9oX/Vn/vv/5o//hv/GXe+/+2/7q/8tf7Cf+jxP/1f/S7/1t/1X/+u/9y/ev4ft2f/05/e/ut/0tOXf8sX2//Zv/K3/O9/+h/29M6v9+/9uf/n53/zL/hlj/7c7/5t+V/zz/1lv+V/tfuP/pf/0u/4Z/z1v/2D3+Dqt/sP/sTyv/mHaLZ+lz/zb/wLn/0xf+zf/Nf8dn/wn/KX/+a/dvaf/cVf/Rn/5P/+Z1386eQD/wH/13/6b1+++4P+z1//r/6//uS/8pf9GpRp/qv/lP/wz/mF5//q+tf99f+ahAKoz/+3H/x+/3D6z/5LJ69/3d//T0n+tP/ln/jnn//Nf/Pv+kf9K//tX/e3/Onr9E/8bz770/+u3+zb//Lf9mb9T/4Ov/x3/+P/gb/j3//dz/7b3/KP+RP+nV/67/2nn53/5X/Jn/Lnf+//+Iv+yF/80//y7/Bb/y3/wT/02/+aP/7f/ot/z/4f/Fe/+Rv/y/9r+Tf+1n/v09/4d/+nf9Vv+r/8it/9L/2TftP/7bf8+Hf7A/+e/+h3+RX/4n/wh27/gX/r70JrCn/hX/nbf+9F/viX/Pq/6u/59ptnv/Q/+SW/79/5Z/xef+qvOPpL//m/63f61W9+g7/or/wrn/4Lf9zsT/kH/sq/7jf+jf+h3+P3+h1XR2Sf/nDSPf/+H/r6r/mt/uP/9l/7Y/67d++++oePvvN7//I//X//a/+x3+Qv/Sv/953f7S/4pf/Af/cnnnznP/oVv/iPXcx/p5+Z3/nyW+2/9Dd9//Pf5X/8A//n3+XL5Z/x8pf84NmPV5/+lf/2v/bv/Fa73/5ff5u/7/K//Av/+zv/+87Rf/WP/97JL/qv/7ev/uQ/+l//fdfjs+9P/q6P/rM/9vf57n9193/7O3+PL3/xH3/8L/6ZX/704vf87l/1u/yinV/3D/vDfu/fYvRb/9I/6P/+NU5/wX/4e/9rf8HvXPxl2R/0T/5Vf+pX/9ofdvxf/mm/4+/3nzz7nZr/c/uX/4N/53/6x+x98bL9Z3+vX/iX3P9z2n/xs/y7v/b/8Ncs/s/H/8u/+3/8gX/n/3X0r/11P/H6V//u/+cf+pf9LV+M/5LHz/7Kf+cH//e/+e/v/Wn/0z/4r+38+v/nH/Vr/5//47/3p2/907/60R/7n+7n//XJr/mf/S5/47/0B/6df9f/+oe8+LX/0t/gX/h1H13/Qf/T70Gptr//e//nf/nvXP7X5ee/Tvs//ua//J9Y/rp//N/9e/yJf/H/+qf/4b/93/Py7/vef/ff/N7/8R/5q//H/+l//WeTX/Cn/a7//X/9z3/76Bf+/f/Dr/H4//w9fr3/8v/8E/+2f+Vnvv/ul/6uv+y//Wv+8t9o+vYPnP2x/9cv/Yv+5//rH/rV5Z+z/u5v/dGf94M/avo7/Xu/y//64//X/m/69/96v+pXfPG7nf/5V9/+cz6580//Lv/DP/ub/q/f+kf/z7/z7/wNf/rZr//HP/r3vvXr/Mt/51/8X/9+f1jxu/xrv/QP/CdINv6xX/3tf/Tjv3T5Jx/+CX/1v/sL/4DJz6xOfts//g/8J776Tf67g//sT83+r3/03/lvv/1P/qF/7f/8W/5fv8kf9Xeeffmvv5v9x29e/pK/78tf9XuM/8w/7fjP+BP+9N/31/hvv0z+lj94Mfrxl6d/99/8C/6Z/+x/+w/+vG/94Lf43r/5X//H//r/XPzW/+ef/51f+eLP/2//pvL4//oL/o9367/5n/yrf8G/81//CyZBYV3aP+vOv/pP/12f5P/ZH/VXf/RH/YG/55d/3J/8B/6v/9c/97s9uvzffst/7u/+Pf7j/+pv+d3/9b/n9/3s4Nmv/789+gP/19//X/4Lg1gm+63+pU9+1U/+dv/Yn/kP/EV/0O/4f/8av/9f+ev/+3/7377/3+z/N3/IwT/69je4/4Nf8ef++z/4B/HGv/Tb/n3/81/4n/+qNv9Xf6df+Vd/nv7hv+Db/8YX3/3ff7Pf/df7X/+vv+Af/17+T/7X3/uT6r+LwtH//F/7xf/gT/2Bf9zv/0nyydV3//vf+m/87/+rj3717/8/USL66B/7Cz7+Patf4/Uf+eT3+Ml/5e/5H65/9+/94X/ib/9m9rf/4//oP/v8r/kd/6dnf+sf+L/+gn/6wa/6rf6tX/eX7f2m/9Mv+MN/37/w1/6N//0/72c++m3+xv/iTTv5+//QR3/aD57nP77/q/69++/+o9/jT/kjXlf/3T/9S36HP/H/+B1O/q9/99/+0//Wd3/Gd/+M/2vyx/0e49/jP/qv/pL/+We2/4l/5D9b3T/5VdTxb/qdPzD/+3/HX2ECt9P/9O//r/6C13/Hf/PP/BF/9B/4R7/+Xf7p3+d3evXP/J1/1+O9Z3/gv/uLf4f6j/uLf+nfs/OL/4Q/9VfN/sA/86/6e/+9X3zZ/G3/4ot/+D+5+1+0f+F/efKrH/2Gn5bf+tZ/+9G/+gf88v86/TV+yfNXxe/xe/3S3+1//SV/7+7uP/JP/tP/4D/ye/xb/9Xv+s/+12f/w2/xZ239pv/d7/Hf/fIf/+u3fpc/8X/6j37T/+0v/j9+l9kP/sU/88k//Fv8T3/lya/3L1S/8sd+p9//f/5H/oq/4vf4FX/o3j9D+uo3/ff+19/53/v8f/tXH/w1f+Ivax/8W3/ir/4b3/xfv232f/3+/8sv/2v+1z/0L/0T/ua/+z/7TX/lv/er/5Zf/q/9FX/Yb/Jn/S+7/8Sf8uN/+O/6n/06f/P/9U//q3/A7/Fv0LL509mf9Pmf9F//Rv/N3/76f/sTX/7Fv8Hv/sW3f4f/Pv+7/8/RF7/iD/yjf5v/9b98/k9+MflL/8on/8CXn/+2b//gP/Av/vQX/of/6T/59/+Wx6//lb/4T/nB+Z/zZ7968mv8K7/Hv/Z//xp/9YMHv8t/99m/8w/8Af/pX/anPPuj/stv/5P/26N/8q88+5jswe/4P/9f/+sv+VX1D6pv/3p/6V/3Wz/+1t/4r/07/+X/Mf6lf+S/81f9X7/g7zv4C/6if/BX/a3/55e/9v/5D/7tydajv/RnPv+rfutf/8/9JeXfQV78P/mr/8m/8z/97T7+y37F3/j8X//1/9v/6+/81f/h7/I//oJ/7Tcd/ykP/+rpv/l//0v//u/wp/9dvy0ta/1f/8of+Hv8p//i3/3pT/yjf9Xf/O4P/f3+tJe/y1/8f/8ai//rf/olf+Y/+I/8YPeP+99/+a/4sb/zV//a/9d/+Of+6uf/3qPv/eb/w1/5z/6V7/7E//5v+j/+hF/yV/yBf+xfvjX/T//Vv/rv/Lt+8nf5l36X/+0vLHf/+R+8/CP/qP/6n/jxd3/wP/hfL3+Pf+PTo3/1n/3Pyej+5v/N6g//K/7of/8n/9vf9K/+F3/5b7T4v/7J//3//jX+pv/1z/+3fq2/6H/+7OBP/lv/iPy3+51+8Mf9M7/B//5r/IH/4S/5Jf/tX/+bf2f9F/wpf+6bP/bhj3/n4bd+/X/tL/wn//d/ePl7/Fu/+lesPv/JP+bR3/Wn/lO/4C/4k/7Pz3/177L4O3+vR//Zv/av/av79T/76+z9Xr/tr/q7f8H9iyc/9uO/12/27b/5we/yL/3qv+Kv+P53/rrf87Ov/tI//t/+/n/66j/9g9M3693f9F/7A//m//Vfbf+Gey8//wt/n8/+zb/yEWT4b/1dSXi+9yf+b3/l3/Fvvfzl/9H937n5lX/D3xkkHJ7/b//53//7faf6Fa9/nd/p//rN/q7/9W/4j/6V33H2y3+/P+mnkn/x+uO/9vX/+t2/8k8sHv3+wRuBnP96f+6v3v3qxW/7m/5W+//L63/zX/p73zz+o/75b/03f9Zf8r/9CX/7m0/+07//n3r8qw//ncWf/k//3b/bf/vsn0xWv+y/uvPP/Zn/6rNf94/56M/6y/64/+Z3+x3+s3/1F/x5R7/k1/ldfvof/J//xf/rxS/4x36/T2g56M//tR7/2v/HZ7/B3//2d/jH/7R/6g/+LX/6B7/V3/Zn/g4/8Vus/7U/7Jf+Pv/2H/l//Kn/3Z/7g/P57/pX/y6/y6969FvVf8mv8/f+Pf/9/0Az+fJ/oqWkf/pf+mf/uwf/0n/7V/xx/97RT23/AT/4r/+LP2b9e/xJb/5rSnX+df/Bv/F7/wN/9H/1bufH/7Lf8Y/L//u//df89/663+C//hc+/l/+8d/pD/0//60/6v/4A//2rd/jf/xt/9c//c/8vfb+91/wZ/ylb5/+gS9/UyLhX8tD/G1/k3/5X3h18fav+qu2/oKz7B/723/6zZ/xJ3z7j/wP/ra/+jf8a/7o3/r3+qP+jV/r/q+5fPe/3v+3tn+3v/2P+X3+8l9j/88p/pz/9V/5B36/v/2/Gf2Xv/E/8jv/E//Jf/Dv/Pt/9Ld/wz/ir/rxf+Avuv5X//CD/+N//03+5r/l6NO//lt/6R/32Z/+l777t/6ts9/x3331R/wa//Uf8HtS4uon/rv/pv2f/9Ktf/7Lv/D47bO3Z3/YP/O3/8O/zg/+0H/pr/+Nz3/j//o//mvLv+T41/nXP/m9/poffOdP+pf/lD/43/8vfu9/4/SPevbub/9Vv9Z/9O/+W+v/5O/9LfZ/v19z/Nv8XT/+q1Z//R/4Z/7a/9K/cPjH//1/ydm/8z+N8n/kP//eb/dX/8I//df6C/+7P67dnfyif3l657f5Df7ye3/0b/cv/Cv/1q9b/zd/0W/1a/xJv+V3/ti6+u8OH//z+3/4nz1/dudf+m/+hX97+3f9zf/S/+bX+Tf+gb/9l/+q13/l71H+8r/2r/t1/r3/8N/9Q3/nX9j85Md/1foX/fb/6nf+rUf/yx/2f979Vb/On/gX/fj/+V/+u39U8b+2/9of/Z9sP/4nf5M/93f9K/7k2W9x9pf9Ov/An/Qb/w/f/jt/9a/x2d/7r/7Yb3nnX/sPvv/ty7/1r/8bf9E/9eP/0/Xv8T//gv/uL/nb/8bf5E/7hYd/zx/8E7/rD/7s8cPLX+fX/D/3/6r/9P/47F//yT/oN/mT/7l//C+v3/0Ff9cXv+Jv+j/+3f/zV/7qf/Hv/EH5v//y//DVf/C3/B5/+Z/5f/5NlBf8C3/6u8mjf+VnDv6b3+mP/OV3fwV59H/Hr/9/ffLf/4r/+F99+hf8p7/vL/+3X/57fycSiH/n/1H9O3/U//Wb/6u/4Okv/xdf/hv/4K/+H379o39t65/6r3/H32n9f//L//6TP+Nnfp9fI/kd/uV/+u/81X/KH/U/L3/p3/Wf/p+f/dO/xe/+T/3fv8azk//rXyIP9Zc8+87/+rf9Hn/J//1r/I/T/+sP/q+Pvxwf/DX/zp/zd63u/uDf+h3+71/jT/g9/qmf/A/+pb/n3/vqD/6Tf4//4Mv/89f9V/6rv+Df+pd+g//wj/yff9P//df/K9/9gj/i//41/ou/dvT5f/Hud/gn/+v/+9f41j/z8H/9s/7of/CP/j2y//vX+D2+86/9wz9Brsff9gf+uX/lT1/+Zb/w3/nW3/+dz3/VP/Xlv/q//1//1j/4t/0Pv/B3+n3+QG711/4Gf8Uv+Afn5Na//pf+lT/rV/3Wv+ef8Hu8+ZhApb86+/t+///q//41jv7C3/83/e6v9zf+5//aP9N88Zf/ab/Dn/iX/6r/+ff/Q//PX/cf/Bv/jt//H/sr/+O/8r/81//FP/Lli7/xP/9Xf/Vv8F//1dO/8tE/+i/8Ov/K7z3+y3+//b/2N/7JX/v/rP7r/z756T/lJ3+m+H1/kz/jH/ijftff+79Zf/rl3/hv/2s/9o/9/sv/7v5v873f/K+6+yt+28e/xS/9I//dP/9f/50e/fT3H/12f8y/+dcd/Nef/xnf/rf/hD/lz/mHfq3/NU9/l7/6t/m7Hv/qf/fX+jX+yuff2/nX/uF/4D/4C/7N03/8j/0Dv/xXfv1/8/96cvTvPvqrVo9+/3/r3W/5r/1hf+dH/+X//n/++v/Hd//dL36/v+PX+t//wl/xS39J/tv8Os0f+E/+q6Qo/+Zf+fpP/tf/lT/mH/kj/0RorF/2b/5+f+N/9Xv8u3/h//7gP/yb/9t/42/9r//N/Ytf79/57l/4v/4lD//vX+NP+SX/9R/0V/6W/9ff+C/+9X/IP0TW97v/3X+7TX7Sy3/wf/l9/u9f4y/97F/5Y/+bP/DiV3/2+/31/8eP/68E9d/8Gz/+38nT/VP+xf/zt/8f/7Xf//Wv/j3+7f/2X6/+49/l7/w//4S/51+/+380X/7vf9Yf+N/+h//gT/wef9T/9S/+rz/4Fb////b5f/9//xrTv+GP/c7v8e8X1a/6aXz3a/yD/9jb//UP/Fv/jb/m/5r/HtWv/p1/z7/o9/ktHv72L3+X3+2v+8f+1j/9wd/0D/4Ov+kv+A//vL86/3X/rt/0xZ/67/56X9W/Vf5H/6f/1z/5+m+ngPN3+lP/r7/iL/zff8V//+d8/D//hf/2//UvfvlvfPkfoeO//6/5A/+3//x3+T9f/B6/4r/9D/+qv/CfALY/+Fv+wF/j//wH/7v1f/BX/4P/6Z/yB/5r/+r//Wv8fn////5H/x8X6Pe//fh/+k3/3f/rn/z9/vUH/0f95f/+5wi6fxyjO/u/fs1f/Qf+W//tv/NXEAue/d+/xusv/88f/Mr/Rjr7/f66v/AfArrrv+YP/Md+gujwZ/3fv8a/+Zf+j//an/i//Yn/3f/9a1z89T/5+//Hvz+lNv7Nq7/w/3r4j9Ob3/u//v5f/K//lvLl3/iTv/9/9PtTj8eX/9sf98/+qX/Zv/HX/Pbz3/Nv+Tv+ht/ol/3m9U9c/6+/+G//W/663+Lid/g//q9/+F/6/M/6Nd/+Vetf8/f/Tf/N/+IHz37J3/9//xoUmP8DZGP+7b/wj/o9/qj29D++/lf/8st/56/7K/7h4+///ge/8e/2Xzz6wQ/W1X/4Z/5jv8NZ8gf9ZaMf/GW/xt/6e/++v/TLv+W//bf+g//+P/nDf5Nf9+zoyd/36PDf+Sv/2OqP+U/+i+/8Nj/9azz+5/f+wNEf9xe++Av/26u//3H7N//9v9uv9dN/9Z/8J/4Rz9Y/9ZO/0y/9Vf/S4z/v//y1fsHn/9kvPvsF/8Z//+OjP+Hp9F/8N/+7X/5//O+7f+Gf9dHv/dVf/Ce++ecOfof/9f/8u/7F//wf+8H63m/8p/yz//lf+qd99S//Uf/1f/5X/qu/49+294/9hr/ur/mXF7/Ld/7OP+tP+erlb3bwn/3S7/1df8R/8G/91X/CT/1Tv+O/9rv8s//Lr/pX/8r/bvw3Vj/xf7y78zuOf+Pf4P/4b//L3z/9Nf/vX+PwV/zYn/vf/+m/xh/3v/2zH/9Vf9Pj3/GP/YP+yj/2dynOf+w/+S3e/nm/PK/+k9/gTz/d/RP+iv/r//41/o9/5//+NSjU/U/+gn/n//w9/sL/heT0X/tVf+DR3/+r/8O/8Lf9P/7C//Hf/wuP/r77v+pf/Uv+6b97/v0Hv0nx+5z+C8/+it/rN/wTn/+L//lP/tp/wm/wB07f3vlvLxbP/ok/6Pc4f/RH/53fq//eP/9/y/7C3/pP/O/v/9+/xt3nf8Uf9X+NvvzlfzeWQn7iP/1T/8t/+Q/8Q/+X//Zv/FtX/0zy67/6r77zW/5X09Xo89/27/pP//2/r/wF/92/+r+u/+If+92SN2+m/+Zf+vv9QX/NX/LHf+uv+WP+4q++nfxaf9Bv9YN/4A/6DX/xr/kLPv43/+o/L/l1f7tf4zf5Xf6bz+pf+A/937/GX/9//h7/6cV/+Ed8+b3Jr/HxX/d7/I//4O/yP3959V//7r/0+3/A+e/0p/ym//u/+Tf/X3/h937x3/Xr//a08vsf/xu/xev/8/j//jUm/+X/dee//4d+x//t7/mLP/k/fo9/8a/6x//S0Zd/wv/6v//gz/0/q//ms//gj/z2//Dfzv6gP/Tv/Ov+tV/2+X+28/f99Ed/zj/1T/x33/7dfvDtv/vT//J//8XFv/5X//Xf+7t/8K88+u4/uv7vyvbff/n43t/25W909eT67/s7sv/9D/0D/7zf9jfa/u//q3/hb/rtf99/6f/8C/+L/3r0H/5l/8Jf/9tRMPxL/5zf7y/+Df/vX+Mfmv/G/+Mv/lX/9N/9D/4e/+V//4t/8U/+zX/OH/yfPPhfSD1+8Wd89fs++wf/xf/j//z8T/mL17/j69ff/+5/8+rkV5A0vV5+9vf+RX/iL3/2f/3+/8V//Uf8KX/sH/Vv/h4/TrD+87/27/w//tKf+L9+6d/2H/+D/8bRX/H4V7/8m/+AX/qX/l//wZ9zPf8rf/m/+r+2//L95o/9d/6CP2z1m/4fv/Yf9O/+hf/rX3b0r/1uv+ef9/dSoPgL/pT9f/4/+6P/r//l0f/9r/x7/82f/df9gf/Gv/IH/hv/xf/6K+98e+cHf8z0/q/xf/w9P/Gv/uaT34MW3P+xX3z3T/0Tf68/4OC3/k//1X/9IS0w/e+/7L//7X+r3639u1/8+l/u//eTv/L/+AP/g9/gf/3H/tC/7Zf/rX/U3/ii+BXr//vX+M3I4fsbf/U/9b/+2X/t8/Z//1P/nZ/5r//Vf+EX/Kb3v/h3/49/7lvnf9r/tf83/stf/h+//R/5q9/+6tP6P//xf/Kf+Ld+5+2/83j0B/2d/9Df/Xv8Z//Nmz/91/tL/oqz3/vfff37fP7Lf+If+RP/1//wfzz6d5/+T//a3b/yzZ/x5W/z7A/8/f+n6/WfvP3P/AXVP/4n/kv/0/L3+A9+yX/1P//X/9o/k/yKf+83+8d/wz/lj/k1lz/2n/2fZTn+4o/8Bf9d/Zf8eY9WT/+Yb/2xJ//av/zf/wN/3cH6d/+SHJJ/4P/6C//HX/Dv/Pif+JP/7YO/43//lb/PP/kv/YF//f/w549+vb/oF/y9v/JvgBP41/+K9Hf8Y391+cf8Du1/dP+//Qd/IA7i7/v7//IH/8dv/Q/+B3/i3/83/ub/66/4K/6jX/ov/M3/0J/zEeXZfgtSj//YX3j5J//tDz979bv/K3/QNQWBj5og5Axi0N/oV+790X/L//J/fvkn/AaUTPrevzJL/8Df6+3/2pz/O9v/5n9x9l998vf81X/Kr/in/vnf6jclDvgz/4q7vwYh+msTX375x7x93v7+//GDv/L11upv/+3vtE/+nJff+6cPf9N/94/7A//o3+Wv/hf/489/j//2l/ySf+V7f9kf/dP/3i/57AeXv/E/8L2/8l/5Y//d/+LLX/P/+hf/2b/8V/w2/+4//urJ9Kfnf82//9//53/GX7H/p/95f+I/8tf+Wn8zJbF+7f/zjz76Z/6zv//v+pP/mt/tW7/+r/GbPjn8JX/Nv/DrfCv7Tf7JPzr7/f/t3+93+TNf/A2Tv+gv+5P/0j/679v/l8/SP+Z3/av/tmd/3X/+4z/5B4x/z//o9/1Ni3/ir5791sv/4vGXv+oHP9V+78k//vK/Ov2Ff+h//uf8Jn/on/Pin/gnR//qX/d3/e//1X9c3P/xv/b3/B9+2/9l9kf9PcUf8I/9X3/GH3D69//5v9ff+s/9xG/wZ/+Gf/Av+78+/z//hD/kb2pO/6o/5ff8N/6W3+Cf/of/4d/jz/qr/q+nv+K3/nt/h7/pJ5+//p1/w3/pz/zbfsMf//t+699vZ/Q7fP73/c0/Xd/9A/6+3+/fPPrvPp3t/vXnH335e+z+/v/ZD/7i/+L6H/sff6+vPv0V/9Dv9kf8lf/cf3bxJ/5Gq//6f/9T/8Dpf5F+9RP/+qtfu/q97/zEb/fx//5f/cu/+z/4b7z+7/f/3Kf/7P/55/0x/+E/+3/+/n/nX/obXP8J//Y//wv/4H/1v/sffpd/5o/8Ve0f9u//wj/3d/1z/5q/9i/9k/M/Yv5f/97f+Yv+6/Ofevev/12L3+03/wN+43/owS/458tf+/Tt71Rv/3a/5f/1C/7Qv/fv/iP+i/+r+Iv/gH/5b/p9/8S/6Tch1Xj+e/xF//ev8Uv+r3/y3/n7p3/Jv/qbPf7Bf/kb/9gP/ph3//LZxV/wW728W//zH2392n/K73H0y/+Fv/h3+gt+jV/w1/9Ov8N/9sf/1j/9j/9B/9cv+e3+wb/yF/zD/+fZ/zn9A//JX/0//oq//9/+wU+//oMe/WP/4cn/8J/+ic/Xv/2/+C9R1PPf/Kpf8T/8Tbt/08f/+y9e/WD9YvvFX/on/Lr/4v9GHuGvnH75h63/zse//k/8W//Tl6QQ/uhf+bf/16O/8u/6Tf6y57/0f/2j/8pf61f8Vn/Mq+/9ktkf9of+5f/9//mGFjqWv8e//Gfd/Y+Wv8uP/6v/wtFf8uv+ov/zL/lFv+pP/P1/xc/8789/we/9F/7K//Bf/bf/oL/+F/0rDw7+yj/zJ2bV8z/sL/yr01968Dv9ptUf9yc9evFf/se/8/6LxS/9A//D3/s3/ZV/6H//6pf/BYTg+Z/3v/yB/+bv8T/+TgT3l+7+Y7/8Tzj5Q//N//tf/ff+lT/7T/z1/1tKif8OQOZbB3/Foz/6L/nsH7z4zrd+8u/+9WhJ/PX/9e/+ifPf7Xf5j//r2bM/7A/6wc/8Qf/u//lH/h60qvnyVz/7P36w+/v9Bb8rqed/4/f4n//Bcuc/efTd3/6v+RP+/L/00/z3+EP+st/33/2f/8X/4/O/7c/79b/8K45/VftX/IG/8nf54/+E3+Uv/+L6f/mn/7fZH/75X/4H/iP/96/xP3/8b6/+z1/8Z/yBv/zgfzr6D/64P+p/2v7qzv/+J/6p/+sf+Nf+H3//6a//r/12v+C3+01/5Z/8P/xzW//kX/b2H338gz/rN/7rPv97Hnzno8ef/z5/4m/ze/xLf+Kv/Ad/6e/yY7/zt37fP+TRn/Ib/9+/xr/1q//Kr367/f927xds/5+/6d/z4Lv/zbcf/Bq/ev4f/Yr/4W/5i//3P/F//T3+59+/Xf5pT3/6N/hl/+3Hf88v/y8RKf4b3/4XPyWb8Xv8m7/yJ3/BL/n+l3/m7/NL/lUJq9rTfxxB5H802v4f/70f/Mrv/+ohLYAP/qTrf+Ynf98/7U/5vX+q/RN+zy//t/SP/yN/+f/+V/7qf/Fv/b2K3/Yf/rX/ufYX/Hu/6//9a/z255P2b/p1/sA/6Jf/W3/an/jJX/bt8f+yc/rb/C4/+Sn5mMe/6n/9lX/Mb/Xb/Piv/Zf9scvf+Q/5qx790X/lk9P7j9u/6Z/8db7z1/zJf9Vv8xNv/9z6n/xffq9fcPa/vvjvvv/H/pZ/6r/0l2z9G7/b7/0v/cTnv8//qTH0n/PfrP6t//2f+Wt+8Nf8Vb/N+V/+2/4hH/+G/9HZb/j7/3PT5PGf8if+Rf/at3/t/+ruv/h3/iv/ye/9n777l/+q3/GP/mV/5V/+S47+hT/l95ouHv/L//zoB3/M6tf/g47+tl/2eyw+/2f/6v/xN9r7Dc9+qy9/0fRv2H/7f/8af+ev/+8e/1mryaOX//I/8R/+Fr/2//oH/ytXv/vfvvvV3/x3/yG/wX/10z82+ltf/0Vfja7/tj/5N/xxSlj8hr/5/3b0b5z8Xb/v02d/xfgv+CP/jz/yL/ln//o/51/4j1/8Uf9Y/at+63/yv/+dfoP/6vDP/Y1/4vPXv/v2k+JP+jX/4r/7f/5n/oGn/+c/9W/9X3/5v9r8n6d/9/+6HP8ZT3+f3+x//Tf/1z/gP/rlv90v/rH0T/+P//Rf/H/8/b/Js8//2b/qr/gT/rE/ZHSc/p9Hf9G/++/+BfeLf/9P+LP/p+Llsx/8mX/8X/on/Wf/1ePf87f9rVc7/+C/9Ous/od/8n/+A/6gv3Dxz9/9r/7Z1//uX/bL/8+/bLT87/+2n/mpf/J/Iffk1z/5TSkYO/kT/qbfsv4lf9ej7/z3P3n050+a/+1XZn/w7/dX/2uXj//C/wkC/yv/+3/5H/3rf8Ff+k+d/kH/119Jodx/+Hf+tn/Uf/t7/Slf/t6/97/9B/4Hv8d/+Af+Tb/yP/3HfsVfcf/jv+pv+fRP/79/jV/wB/4nf+H/fPTfHbR//B//e/8Ff9frf/3PufPRn/rf/HH/2Hf+wf/mL3m8Qxbpy7/qV/4df+w//sf/kX/hn/nv/ut/8Z/0T47/wX/0H/oTf+JfK//8b/0r3/kn9n7jx//U+V+Z/e/f2fkH/qQ/8N8h37j8/G//bf6W/+1P/pV/4Pyv+CP/mn/vH/+P/6n9P+ef+Ef+UnJ3p3/Fj33xJ3/3/6h++f/6t+z++7/fn/xb/ns/KP6s/+v3+Bv/D1qa++9+yV/9+/3Ov/BP+5Wv/4rf51/89f7L/+MP/Lf+gi//9q2tR5//rvv/7f/9r/37v9av+Ydv/eU//b/8ZX/s7/3p0R/3a/6B//Nvf0jrYb/4T/1z/5t/8n//rVpZSfqJ2eRfTH+v7T/wX/kb/89f/1/9Fd/6T/6H7a9+/1/x43/O71D9i+nv/d0/t/4lf+mf+d/c+98LLJ39wf/1q9+Q1o6Lj381hZx/0f/+i//wX/R/FH/1X/Pj/+df86ekv/TP+D9+8jf/3/7XP/qf+7d+IVH5B7/HL/9Nf6//9Dd7+erzv/J//wmsb/33v8FfQmTf+qv+wf/tX/kn/6+/+ff4n7Z+df7H/Yf/498uLb/zn/zmL//gH/8D/74/8Zf98r/0H/uJf/j3efnH/ud/8l/yB/2q//zfTP6S/+0//fF/5Z//L1Z/z5/4v/8fv/+//Uv+vb/l9Hf8Lf6ih//QX/wr/o+/5/cvfqP6n/09/7G/6p/+J3/V23/tj/lv/qhPvvX7Nft/8Lvf+0978hv85n/jf/1r/8o/81f8kj/w3/rVy9/uP/jt/vQ2+VX/5b/4v7b/2d8y+l/+1rfp9fSf+qW/pDn+tZ/9Zc//rz/07Z/163/8hxz9KX/hP/n3/NN/w9/+LYQiD57+en/Ov/BLf///7lfcf/r0D/zzp9W/+Mf+z6SZL3/x/L/5K//R/+N//0X7v97v/E8i3ln9eP5fPKNU4R/4J/2B//lf+ff8If/hP/oXUsz0p4//nP/j9/9n/8+/4G/9J378X81+/Bf9k7/qH/zfn//qf/lf//3/SKxr/xv/1tb9f/3/+Hv+hb/n1/yP/8XHv/RP/N9/r3//N/lLjn6X//Lf+Cf+wv/kv937r//3n/49/ntaX/ijj/7d+3/R/n/7S/6Bf/C/+T///tn3fq2Hv8d///f/a//Tf/yv/2t/1Ud//gXlB0jj/l9/yq98/sv/0t/5F/+r/+eXv7r633+v//Bv/Tf/5n/z7yJG/Tv/z9/9f/x9/tv173zx6/1Hv8viz1v/0s+uulqpp6bMB//1n7n/N/1tv/l/++v/83/d//ZH/V9/3vWv/Qf+bf/Of/jfLf7703/gr3/2F/6mf+G3qz/s/P6//j//m7/Lf/5f/6W/4Olv/Ys+/cPqf+zZb/j7zv+N33P8l/3+/3pV/TP3f/ziL/vJf/If/bN/kz/5T/3yb/kHfsnol/xF/9X/GO/nz72//bu1/8y3/pJivft7/22/7r/5O/05P/ab/A3/2G/1N/0uP/EH/oq//6/6O85++3/hD/n1/8ZvV3/Bb/XH/8zv/c+++Zde/1FHf/v/8l//tr/zb/Y3/vmvPv72X/4nff8f+zf/5j9g/M/9dX/tP1391//k3/pb/Pe/xZ//+/zEf/0vf/QP/4rf4tf4i379x29pkfjgn/vN/+K/5rfe++f+lN/qJ3/zb33yG977G/6M8+3/89ckff77/ztnf8Pjp//Sb/uXfvL9f/Af+rOe/3c/9mv8K3/h7/F3/uW/5W9e/YtH/+of88sn/91f9N3PMqLvn/ir/8m/97/8yyj6+Zvvffzxv/l//xq/kFJxv/4v/5V/wO/wF03/xq9+3Xe/4nf63/77//Mf/F9pKfq3+l//x6t/9q/5nX+PR+vf+f/I/+7fZPF/ffJ//YP/+1949Tv81S8//8nf4df6N+//t7/l3/b7/sZ7v8t/+98S+z/9XX7wa/7xe78HRdB7//iv9acc/zf7f/2v+w99cue/+Pe+/Yf+77/kD5z9X7/kP/gT/xt8+Qv/ul/60/8h5Vj+qt/6t3j9h/5l//i93/vX/fX/uT/0v/4Xf4+/pfrvn3zyBx3+4UcUTP8r/9Vf/uTPo8zhv/Xf/JLdP/THv/2//ZfP/pd/7Hf46c9e/fEvfvI//0t+0//0d/j89/i9fsFv+r/94slXv7j4ydWzP+Ifnf6q/5lyD//lv/Jn/dnjj97Wv8lf/Kf/1f/XV3/l2Q/+7Dv/cP7Tv8/647/8D/6r/5XjX++f+w3+p9Xx/1r8Dv/0F09+4oTc04u/5B+Z/tV/3dPfAfmOf/X5L/uXf///69d8+Gv80rez/+L//jX+2ye/xy/4D39s+/f4O36X//HH/4//8xcWH/1uf+Gv86/+nw9+9e9871978y//utWv/AW/8f/49t/411ZHf+h/9dv8X//aX1b/65//iWTpfucf/zO+3XzvD7z7n3z2B/7f//q/92f82X/D9v/1q//E/+2P/U3rf/SP+S3/tePf/i/+/V/8aft//S/6Ff/Hr/V7/Fu/4x/4j3/2l/1J17/8b/8D/9l/5Y/49f7jxf/1D/7qfxuL0r/ff/rr/+f/8h928Sd+ufPgV1d/4//x+t85/4//lb/rn//tvvuX/yt/4n/8Z83+xF/+b+R/f/W/zf/rP+g/+iXv/p7f/P/6x//FX/6/vvjyX/sPfpv/+9d48sf+H7/Hf0Nq//Pf/3/Y/kt+1e9193f5U/7vX+Ov/T8+u3/n79n+3378D/2//tE/8Vf+jT/9F/6RZ3/av/QX/BX/yp90cuf3+BN+j3+IgpI/sfjPfuvf72/43771g7/wx/6Tf+8//K//r3/3T/o9/t1fPP3rf8Udzln/27/Vf/173/81fsWf8Xv8Xt8jEv0T/+7/9fF/8C/M//1H//Zv/d98+1e+/jf+yN/kb/2r//ff5Vf+h//pf/+XHPwJf/2/8Qcu4Gv8J//hv/rvf/kL/vTf9a/5Y/7n//Yv/Ht+xRIS8TfM/41P/4/f5Vf+g//bf/j3/E2/7L/5Z37m7/nn/4c///e/ncD+N7/uL/kdv/pLfp38u3/cn3L/9/vHdn7b3/a3/fH/6rO/97f6g3/sr/qH/+v7/9yvl/+aX/x27X948if+VX/MX/y7/elf/cT93/Htr/NnpH/wH/B3/l9/5//xiy9/n5d/dVL/4Mtf9+/7a7euf42ElsL+zL/0F/Q6+nt+4T/0F/7iX+vvf/fntP/4n/UH/zV3/vU//Tf6E3+rv/gf+mrU/klf/V2/yx+0/b/9r3/Nr/cv/WM/+Qf9CX/s/zjdO335t/8Bf+Cf+Rd+8Vv9Vvf+9qev3v0H+3/Caf3f/fZ/4Nnf/0f8jX/17/Hl8p/+6L/+6C/6U/+Vw7fXv9Hf/Df/Or/G29/vT/8L/pW2+jc+fgxD9Hf9x//qb3H/p/7QP/L3/rP+rT/wb/y//rdf/Tf99v/13/CX/t3/xy9e/5If/Mrf+/f+t37L//PX/3v/hL+qLv61P+CIskdYPpvSAsy///f9kT/5M7/Go3/ki3/66P/4B/7+X/in/Ue/yV/yYHz2f/1Tf/ff9X/8n7/k3z/99n99uPqv/4aTv/pf/N9/5f/9ayz/wP/kL/jXfsXf8y/9Jn/Xj/1lf8S7//yP+rf/o7/tj/kDf4c/+H//Xf7hX+eX/IF/1f/6337r7/lb/s5/5PPnf/RvNHv0F/xHv+jf+Jn/bvdfO/lNzv/0P/D8r/ln3/yhf+Fv/PK3efQP/kX1b/AP/orf9v/6N/+Ov+7P/0uv/rY/7Vf+jf/oL/tdiKV+8tEv/RVf/cvL//R3/uP/yf/sP8TfP3j65sG/+X9c/4P/+z/6f/1uv/rTn3j16Hdf/s57b/7Of+kP/BN/9b/5t//Jf9yf+q/89n/iv/jr/Ir/+9/4937pn/33//7/7S/7v/5DSnPV/94f+i/+Vevf+Nc4+vO37vyOv/w//N//3V/2y2mp5rf5O/+2P+WP+13+zN/rz/yD/+uT5//Bn/tLT7Em8r//6t/zP/27fvnf8Vv+o5+NPv3Pf9P/+Xf43/7SX/R/fflr3PvX/ub/86Otf+p3Pfvff9Mf/73/wL+++e/+iv+9+iv/4D/rF/yyP/h//Qt/WfuLsl//X3tBZuX87/49/gDK0L74s3+jP/E//M9+9z/7y//uL/6f/tU/8R/6w38sWfxf/8a/Wf2vR//2H/If/kN/x4+9+L8+/u9/j//mr/zO+Px//i+ufv2/8w/61b/+r/rffsW/9gd+93u/y9/wN1KW8ve/TH/BZ1+9+LXXv/DX+1f+0//zF/1f/9b/9Ev+lvnpo5/5lXdffPJfN/8Xzec/8Q/+u7/49/pH//o7f9Xv/Pz1+e/0q//a3/SIfOs7//W/8foX/yG/8V//f/3KP/B/+yv/wfHqB6/+7t/qv/nOn0v55J/4A9vP3vwB/+pf90/9gb/Lf//3/8t//w/+wVe/2b/3vf/9F8//hL//3zj99Pf4b3/1X/1b/84Pf/u/9Gf+xN/n7/9X//Lf2azk/Buzt3/CL/1L/89f8X/+Hf/IH/mf/6t/0L/53/+3f+Hfv/4HBiXllh/8Q/998/Z/+uzv+kv+0P/yX//t/su/4ehX/us/oCb/wN+DhNPf9wf+jf/j9E/8avqX/Zb/xm969V9//Hv/Wf/e//1r/EG/8hf9wf/m3/MnEAP++7/2P/vX/5b/5b/xY7/pb/N//X1/4a/4I/+P7/77/9qbX/GX/9a/26/4w/69u//b/4kF+z/yH/wtX/8bf9a/9it+53/+z/w//8DLX+sP/cv+hJ/+J/+q5Xf+iX/yf/kv/sP/8ep//e8mf9lf8Of8J/9Q++/+it/tV7/8i37Lf/PP+0/+/Kd/8t+/9+B//0uzP/C/OvgF/8Gv9Zd/fvYf/lG/8+/1j/4b/8jf8s//8X/dg7/4n/qDf8Pf9986ffjL/8mP/tR/5N//6+7+n7/n7/EnLn6/J//Y9j/3e/y7n/+Ff9s1qbd/5e/f+tv/9F/7/t/3H/5b//Sf+Df9qt/lzzx7/rf/Tv/Wf/NP/1f/xX/+l1S/17/7R0+O/qr//Pf/nyiNUy4/+7P+nX/m7/zN/7J/+h/6E/+tn/knT69+0f2/7U/8Lf/n3/+//GX/9fab//Iv/J9IfU7+g39u8tv9Lkd/zF/+v/1B/+3//W/+e3/P7zD6A7717JeS6/mf/Lvk+/7av+qv+JXfOtv+x3/T/+1P/QP//o9/1f/+R/0nf8x/+OWv/vP+yv/zL6W1iM+O/tV/5T8l7f/PNKvf4O/4PX7hj/0e/+af8wf+N5/9Fdcff/RH/Mv/4H/wp/4f/+f2n/DJL/nx/+MX/YH/we//f/z7R//qP/zk6M9+98X/+fv/T8nf94v+rwd/2C9+8j9++nv841/+6n/l//41/sK//Bf9br/WX/rf/Jn/53/+D/7z/9If+zvt/AF/09Fv89d++79tTn7/P+sf/Ylf9O3f+pd8dP/Lvd/8t/x3/6TPXvyBf+Xf8tH/+It/yV/19PnOr3rzM79/9Zv8+P/6m/xh2W/zz/xjf/Gf9mN/xS/7i/+3X/ovPP49/tF/9fHOv/ob/tQ/8Hv8H//FX/M7/SF/4F/3+//H//3bx3/EP/gX/YG0cvF7nP3mH33yR/+T/131y9r/4k/+V//93+4n/8qjv/CX/daP/8L//c+sij/22zuT+7/681/1v69/663P/zisizx49fjlr/cP/vt/5f959lf973/gv/YPLn6bH/zfv8aMwXz5V33n5Xe4yYvkb/6tn/3WSfs/ffkn/P6/4h/85Jf+kr/pP/9vf//f9Ff9CX/bb3384//Y7/I3/Yo7P7n3l/yrv/b/9YjWg/7SP/Cv/Dv+6Z/+md/lP/qv/7V/5Xf8T/+vz//qX/PlH/yr/9L/64zE5u/5I378f/rlf/n8N/3H/41v/yP/zn/w1ae/xx/2B1Kc9fv+pr/0d/9r/6c/8A/9a/f+mD/0r/ul/+i/sfrNfjOa1X/6r/8f/oi/8nf4wb/1G/4ff+B//N8++q9/nd958o/9gSdwWP7tv/pvePR3/On/19Hf8j//X3/t//kf/eq/4Zc8+g/+9P9r99/46m/+Xf7a//r/+vX//d/kN/1N/sJXv8F/+lPr//B3+Tf/g7/n7/jsB7/yd/k3/8O/51f8+n/j9//Q6eoP/A8++9V/4p/5vd/qF/wSuJf/7X//N/yN/+YvvZVgRT/4u/7mv+sPOPqLmv9x+kf9t5//i38dsdnvslz/1G/6+/391f9MAn783/6bf/3/dfR//pt/1Wc/+Cf+jY//m3f/96/xa1IqpPof/pF/4M/f+c/P/oq/4XdeLdJf8uWvJuL+1r8ye/2f/6uzj//n34WWEn7v3/H3/J3+1ub//K3+wH/sb/pf/6O//t36r7n75/4u//a/8VsSB775v3+N/+XJ//1r/Mv/1//4H/5X8PBf/lf/MVZY/pvDd//s7/LmL/yXfvDbkov05dGf+StXv/dv8mv/n7//n/mT//1X/wlWO1bVb/ov/X3/4L/5R/2r/9c/8Kv/qn/zJ/5gWsP4r/+Sl8l/83v8rf/nX/CX/LP/0d/+x/6zv/jf+Uf2f4//9A/8ZX/m//pfXlHy6c88K36Xv/r//EP/j//zyV+1/28kv98v/TX+989/e1ry+d4/83v8gv/gOP2dfltSyOu//H/6X376P/yb/sC/8K/64n/9i8/+zZ+o/qL/8+/6G5t/8v+4/Dv/zj/t7L/6B/+2//vX+HP/mgd/xE/9YX/7L/2H/69f+hf/s//rH1Rc/DX/6V/w43/k/1l/8Z8Tlaq/6M/523/NP7Agtnr+u/wGf8r6M7T6c/6K/R//Q/71v/A/enLyB/63f+Av+wf+tbt//Isf+9Vf/qq/Z3LyY3/Ab/h7/C//9f/yF736H54f/1W/3l/9vxz83n/bP/ebZ7/6r/lrvvfTv/Ff9jc/+4/P/vf/8OXv8d/8/X/xl79t9ff82On/fv0nHPxLv8uv+AP/1H/1L/9T3n3vj/+L/9S/61/8Df7F5G8hdfKr/s1/8y/6J67+sf/l9/7Pt3/J51/+239o9g/97f/8P3j0j317/Df/lf/IP/m/L//Q54uzyc/8/v/bv/j7/9//0r/35M//G37N3+U/qv6vv/NX/5N/9x9z/K/d+TX/l8e//pe//L//37/85b8HLVkd/csPnv3mD37z//Jf+kP/1v/5D/zH/5c/6S/7Q/+PP+VP+yX/+vR3/HX+p7/41/3x3+3f+Q8uKEj8Q/69X/27//vLoz/j3/5n/u9fY/5P/LEUOv25/8f+f/U/Fn/H//7X/m2/8f/5p/zxX/zXx//5r/oL//Pf78//Zb/P7/+f/N0P/5uX/8Gfc+9//eV/7C//tX6D/+Ev/of+j+uf+u//r3/sD/xy/t8v/oE/49/Z/z3+nd/p76QFpH/0L/87r37/r+r/5e7/Ov21/7vf5b/8T/+Ng+/9n//p//Xj/9f9//7f+G9/4nf6k//Vv+/jV7/1//GH/qL//pM/5sG/+6/+N/N/9K/+A/6bl//hf/x//WpaJh792N/4nd/sv/gLvv/lXzn5Z17/73/I7/l//xq/+f919G//SW+++9d++hss/4on/973/s9f+Qv+rf/2l/xeJ7/id/nvfsnf8e6X//Vf/J6fzV599Tf+b4//wL/pP/2ff/n//qv/5vu/9S//r//Vf+/Rn/LZv/Qrvjr6/vnJL/q//s6/5zf/1//3f+Gv+E//j8//jj/xF8DW0Xr0f/BH/VX/9T/17579i7/J3/qLq7/8MzJ2/yYbu1f/+JM/8K//F3919j/8QT/59/++f87rv+EP+EPGn/2bf+RP/rf/4C+V1DUa/ZtIS/2PN37wD/85/94v/QP/g7//30r+zz9//ues/+Hf9K/9P//AX/W7/P1/0z/51a//2eqjf+xP/K9+yb+1+p3n/zPJ6L/x9/wn/8Q/+n/8gb/gf/11v/yp8+Rv/2X/7W/69/7yP+2//OvK5eJ/+13+x1/6P/x6j/7Nn/i3YAMpeZn8Jn/7v/Hbvv21Pv8v/8SrX/sP+m/+0u1/49f47N8mNdH8Q2vKNx79H+Sb/U+/31/8p159/H9+8U//379G9i/+6v/w7/2DX/36z3/LP+HPPV9Uf+B/2/xf/+j/9Hv8W7/mf//yd/o1/tt3X/23v86f96d/+at+gz/xf/pdvvxff8G//zs9yv+E3/AXfPbpv3afTOjf8bv8t7/JL/mr/rif+Pz5b0KJy//w9/9f/8P/9venyfuP/5Vn9//q//aPeHD3F/4O/8Dv8J/9vR/9+b/1b/6b/sr14Z/0u335X69+jU/+z9/uN736u/723+vv+h1+7T/ifzn6w1YU1vzn/8Zf9Pe+PfzD/rzf5F/+Qz47/k9+j3/2f/0Vv+0P/pPJX/RX/bG/+/HFP/af/0tv/uW/p/6Tv/0fnY1+lz/+x//1v/rzX/7p//VP/8pf8pf813/F53/nn/vb/sTvcP/dn3Twu/wvv8v/+oPq8m/7vX/33+uPulfcrf/kf+i3/FN+j3/m97j4M3////vf/n8AV1hDIBPBAQA=" />
        <Entry handle="18" bytes="H4sIAAAAAAAEAO29B2AcSZYlJi9tynt/SvVK1+B0oQiAYBMk2JBAEOzBiM3mkuwdaUcjKasqgcplVmVdZhZAzO2dvPfee++999577733ujudTif33/8/XGZkAWz2zkrayZ4hgKrIHz9+fB8/Iu5+61tJ+q309XeffTn56Xzappe74/uP0mdl1szTl2V2ndfpLG/pm6JaptlyluaLST5Lt9N5264e3b07KauL8SyfVstpvmrH02pxt7k6rxjYXQIdQi+adGt6J93b2XmQfp5X5+fp6zbP6mXDoOnbOi/zrKEO1ssZdd3O8/SLszfp82KaL5v8EaBpx1dXV+NqRZ9W63qaj6v64m4prZq7i6Ld1j/Gq/lK0LibFOdb7fWKuk0twp999hF6Oi+W+eyjO7/4Mqu975b5VSqIb905/CWRt8frtig7IDpf3gzDUuerTcDCViHUSKvPztdLnrOt3393VMxGV6P56Pe/P5qOfv8Ho9//YPT7Pxz9/tmdX0zo/K6zarpe5Mt2fJG3p2WOX59cn83u/OI6b9f18vCXtPOiGT89fXN68ub3/71Of5/Pfv/s9/j9s0cfCVecg1E+OuQ2zdti9ZQ//SwkAkC/yn/ROm/al1mdLahNvdUBe0dgrPB9E46Pv6CZKbJJmce+y9q2LibrVr88ruvsmr6j0f3+u3d+seCWt8em1dZHxKEfjeg7npBiFm1TzD4iwkmTq2iLq2LWzj8aXUmbebTNPC8u5u1Ho7k0+v3vR1td5nVDc/XRCOg72on8/aR8Se+O2+o1vbO82LozblZl0W59NP7ozp07OkfFsmmzssxn9IY3AwHnYCpCsEyn3/WqWM4qFqg6+4W/0PIEgfuFv7AHfLzIfrqqjx5E+XM8q17W+eqrZVlls8/aep3zyKc68Gw2Yx7Y+mhyMa3Kqv5oNKUBQPB+0We//4Pf4/d/8OijOdFMeco1/0XrjEZ8/dHoF+mshyRcN/npu1WdN82ZYPrR6DwrmzzaeFYNtAUav//0s63f/+DO7/H7HzxSqpTVNIMsxUC9K17ls6IGeWuC8/tPox3WfpuPPhLefBjlhaAptTn8Jb/kMEbmVV21FZTJZ7+4N/ZHTvoNc78r6NWXWTv/7Hf9/We/x0e5tNdZHUMgHv3+s1sSFpNKeI38hl6X+ej3PzezbSXze79//v3Pfv9zeusi/tbujlE5ae/V3Z3v04uGF/yXdkmM97Qz0R3Uepd62t2TrviNxr0SdiKvCOyfVA3jg79H4PcVvNVA1MM99LAvPcTeux924796//vha4O42ZfC9i+zog7eYZ7d/TRQffjsbX4t/Lx78BkD9DulNudVvUVt0mKJJnd+McEg9D4dl/nyop1//zP67pOPPvvoE/rye/Q7oa3YUSNBiTjq22++eN5H5uFnH30EFl9ml8VF1lb1eFWuL4jZfuEvdB8tikX+hvg3/qGiwTbKYL9Jgu84/WIGufXRF1+sWNcBIsndS0LibPlRVELZJISSQizOQ3ksLg/L2u/7UbYizSv64O677WZeTd9eZZf5NlvC3/ejtKmn1OqjTyJIo487n3xEjdh0DDUTuyINxX4MtVTrIk2b9rrMB7vGl9Lwo0Ma1SeffZQWs6HWZPsE5pKM9Y2NPlI2yyybidApjykvCp9l4DPqnTmK2Auw6VP9k4H9EoE27TEtcz6Zvp+uiuXWR79QtejuVFnlaEdhf8RTQVAaBT+VYf8S+fbuEf2ak7r/JlnrmATgMv+935+3xFO+zVxMaVQNt5uW9PPR070HJ0+ffHq6fXz66dPt3d3p+fbDT58cbO/v79+/f+/+/g49P8esdmR47TErWsNOi+qyyAnMZVauh8FYYcGECU/MbsFhM8MFYZ8ffcL6LOiVGjvGY7aQbs5vy3rnPdYLO7WM2On23PWor90VPsAnVss+JC17VReBldzbGdKIfTt9R9Xx3u5nm/zK73062hl9ev/7PCYGHPh66pueNT9J/teMMNi98wt/4e96Y7sIhsbLvWMEKpSSvlMmfkZM9qyT9Or5R6O8mWarPNZj6JzBU7aebVu0xMLhn+MGQePWzmj/AXEexbhBGKxoseZ33qmPFUFjOB+NQrjw4QxtXZD0Mz9zK+WjzT6A1mCC5Wcm8CQWoiCz4Tjiozu/x0D4x5z2iP45XFLXy7yGobdioYafxM84LOzmb1Cqvld753cl94BiB9Ozca/HFDaU2TQ6k8H7oKd2zH77gIscjXdcYGyk495m6dgh6dgR4bidO2M9F4B/91nvpe999No4DcJgH30fwN/9wl/4jhIpzbQuVsCPNMoNqAXNLfHubn0v2/7B8fZPff9nft/mzid3EW54X/6+zSc1ffHJ5Hs72w+//8kd+p5iSD+cJGqaiXS4k3apjy9otvwh2w+JRWb5uy/Ptz76LkdMTXpy+tGdo892hAjZu+qzXVHhe59+du/wal6QwNCnpAfqaxrnp598cohG7MKKJdUI39GKSTXu/EnKdO/TO4c3TiK10mn8JcRr0/lWfucXc4frsqTxyoCBi0H3vTF58JEP+4NAffrRLUaE8ezt0oCoi/FxWVZXr5kVjqdT0h6ffZSVV9l185GHEyzW3j2J3T/77FMbbNCHRAJg/HWwDYbNao6g/K5M2Js5GLh/7qzs1ke/m9VbhiPTj+58b/f75q+R8Ke1kUDdE/0BSf/990yoLYOnv7+3831B8vcgg93kZ8t2Sz6982hHdPuiWGrT3WjTXde0zi+54V604R43HETTBfIdte7wP790Rp9H8Pj8Un6xk6h6MGh11GtlszFuhAwKvwyCwpdHvVYhKKIAANGPLpiguUcDTo7+4ot+YtB3diaiP36Rs9PWVjSUNp7Of+Zn+t/MiSvZPdubfKZ8qEj8Ikb4FxnFP/vsF42b9URM4dauZTm4d8atLD7bOSweU1vV6ofFJ5+oKM2+V3zfe39npB9ZXfgZMetnn/EoLL92XjJg/Hc+2Q14HIHLsHmbUrp8uV7Rh03fsp07ujnr3jy5fpNdvCBib3305ZPvUPo1GC69pUPd3j0sjjD87W1I8jljDt9+PCsaBD+ffbSslvlH9uV37IBzQ+FX43Dgk++9+z65HQbFjwxEfOzh/Usw8F+C2bsps6jJa8dP/OnrvB1MmpOg2bSk1+Xv//uzl/77C4Bv0zpESenTACfTpCGlN/tquJ2mCylzlU3np5dE7K2PqqUAJp/w5imkeR8AMsmJyvlNoNwI7/iiZkij2dhfwpSL+31h7tdz0sJmbtzIniun+m9+r5hRwkgCKnr1J9Z5fc0i/pMcBt28PsDuAlsYXdCIjJnbuCWPWIv/By0MMtzgGgAA" />
        <Entry handle="17" bytes="H4sIAAAAAAAEAO29B2AcSZYlJi9tynt/SvVK1+B0oQiAYBMk2JBAEOzBiM3mkuwdaUcjKasqgcplVmVdZhZAzO2dvPfee++999577733ujudTif33/8/XGZkAWz2zkrayZ4hgKrIHz9+fB8/Iv7vf+v//o9+jd/sO8/Onv0av+av+Wv+Gt+m/36N//vf/TVO8NcHPQByY6Obnv/7H/o1fvPf4Ndof40//tf+NX/zX+PX+s1/zV/7N/81/+9/7Nf4XX6NX+PX+jV/nV+b0DXPb/Bjv/6v8ev8esmv+Wv9ur/2b0gNXv9mvwZ9T0P4dX/N5NdPkt/w1/g1ft1f+9f59X79X/PX+g1+7Lf8NX7z3+K3+q1/m+S3/e1+148+Pf6Jn/w7dvcOvnv1Z/xZP/4g+0Xv/og/+V/5N/+n3/53+90/vvd7/5F/8d/8D+8/OXn2+av6D/4z/5J/mYD+Auru1wdSttdf49f6tX+dX5fA/gY/ltD3v/9v/mv8mr/2r/1r/rq/9q/36/xmv0Hy6/8YkMT3v/lv8Wv8+r/l77r7W310/Bv81j++9xPZb/Pbvf5Fv+3vdu/Jyas3zR/8J/8pf+qf8Tf/y//a737we9d/1l/8t/4bP7Z//9NJe/mn/S3/0y/8Q/6If/gf/9f/44+fPvv2H/qH/SX/6v/8f/87v8Zv9Gv/mkSDX/s3/zV+j1/j3/k7/sm/9a/93/+q++Xv/Ld//vf/sl/6H/z16z/5+O3v+gdM69/nb/uH/uqdyey3+PhvePHF3/on/U3JX/Pr/8Wf/vH/9D+d/P2/06/16fZPPrr7p76a/OCnf5/k3/9Hf8Efs/t7/wb/y1+z/n3+s//2zX/z9OOf+Ct/59/uH3vyn/2RX7588Dt8Uvzls9/rT/p7fp0//dc5/Ge2//u/7n/4M5vf+rP/8g//h3//v+rf2/+9fu3L//X1zn/2H/zqf/Lv/nf/tP/+oz/mb/+dz178Zf/QH/pjf/Zv/ckf8V/+tX/qlw+e/h1/9W/0dz+qfuzf/PIP/s3/6N/i3/kFv+m//9v+nh/9D//Yn/PXPX59/M/u//L/6we/673/+j969M/8pf/N//g3/pN/xsf383/x37n3r/837/7vX+Mv/0cXlye//a/8j+9/9W/+e3/FT9/9/q/8DV/8WQf/+l/8W/3J1//kn7p+8d//Rv/3r/EX/Td/XPZb7z/PT3f/u3/3X9n/Cz/e/sf+tf/6f/4r/qG/8D//RfU/dv1jv93f+O/+Ay9+qz9x919/+d0vf/qv+N3+2H//3/6x3+rf/Nf+07/rb/hPf4d/6bf9e//OP/FX/l9/++9x/jO/5x/407/mX/hX/m+/x//2a/93f+Y/+uhX/ru/z+/xl7/+v3+N//N3/PbP/D4P7vzK3+XP+BN/+S/6i/7vX+Nn/tf//o/9v/7V//PP/J/+z7/wX/4//qpf/xf/37/G//AX/Z9/5D/6rf/71/h3/+3f/y+/9w9e/Vum+d/5v/1d/9If+A/84u/+x79m8Uv/2Xe/9P/8A/+ZP+wP/NW/9v/6u/xGf+3//WtU+S/90/6F//Pfzf7n2b/3V/57v/Snfo9/+Z/4Q//PX/bv/IO/wW/4e/2vv/8/+iv/17/4d/m//uHPPKCXFijh8L+t/+9f4z/97O/9pb/Zp3/mf/dX/pH/4r/+f/xVv/f//Wv8pv/3r/EH/4F/5L/7Fzrg/+Hy//h9rj7+lb/tn/FH/vJf9Bf/37/GL/n0v/yf/pC/7Q+c/R+f/d+/xk//Nr//X/p//cN/P3fwz/w+1MEfiA6u7vzK39Q2/hv/keRf/j//1P/pV/6ff9Xv8wf+TX9g9j/9M//g//Jn/P7/9fP/8N//O36X3+b7/8wv+cf/87/4//yd5r//f/jF3/t//WaXf+R/9wf+kX/hf/x//xp//W9Z/fI/8N1f+H/937/G3/hv/czu3/h//PV/5v/++t6vXPyR//ifWf+Bv+h6/gd+/jv8Lr/yX/3p/+N3Hf3fv8a/9T/+pr/Lv/NH/4P/1f/9a/xNf2P2P/0T/+D/8ncw8EsC/k//nwL8l/4e/ysal9L4b/xVP/Hg//41sl/67/1v09XP/PV/NgB//+/9n/N/7y/8945+6hf8i//Jf3ryf/3v//3v/4dt/4W/+nf+j//DX81N/8C/8t/6mZ2/6+in/rn/c+vP/tV/xT/6n/yzf/fv8Xc9/lv/71/jL/3jf8tf/d//ndU/8jv8C//nH/s//ff/x+/xK/7Sz//P3+U/ePDLf3HzH//x//D/8m9c/NfP/8F//9Pf5bdZ/NP/5z/8n/+FhMdf8Hv8r/8u4fHX/Y//1j/4m/yHhMZf+n/8Ln/jr/4nfvVv+kf8tr/+P/v7/IV/+d7//Wu0IN7Hv/LX/zP+wL/1f/u7f+L3+Af+3eZ/O/m3/65/8j/9w9+1/+cv/T9+xe/wB/7D/9fvsv6d/8R//H//A38Zzf74N/0z/9Y/8Du/+//1X/+dv3T09/6pv/oP/Wd/j//94F/+Pf6Bv/c7P/Ef/CnZj138zn9q+1eOf9nf9b//9PPft/xFv8mf+V/8208f/S9/+X/yv/zav+nf9tts//l/7i/7zeZ/3F/xa/zO//NX//Yf82LyN/2nP/ELZ7/f3/Ht/3lVfPLX/Nu/5Bf8z3/Vs2ff/+v/iT/gzt/4d43+8uUf/+bRn//p4d/wO/zaxcPf+u+YnZZ/1J/0i5/9kb/Pb/Gf/dcP/rR//nf42/+zf7j49+5+9V8f/vl///jP/nP/ob/09/xzf7Jp/t7/4N//3/+Hf/fd+u/5/tGdf/7P+hV/1hf/+l/b/l5/yV/0j/3Cv/DPefNr/ulf/PX/4G/9R/55f8U/8lf9Sb/Z73r2rb/1j2z+sT//H/vBzr/8P/zLP/Z7Z7/sD/7N/7H/6Z//h/6of/q3/IW/25/zOz95/Cf+E//qf539M3/Dv/43/74/dvrd3+h3+FPqs/PfYf/03/xL//s/8NkvfjL7p3+rf/irv/0XHf1Tf9Qf+pd/df3fvDn9R37br36ni8N3/9if+Ad9J/l1jr717/yVn/6zP/G7/gm/bfL4X/2z/rff5gflX/s/nI3++r/uj/1L/73T2R978lf+LX/W3/jH/dJHf+zv8xv/Tv/HH/zH/DN/0z/Y/M2f/K7/2fxP2P3z/ujRT/zDf+b4f93+Kz47/x9/vX/yL/g/fp9/6tnf89/+ib/vv/jtX/aP/8v/8M/8p//0L/lvJ//e5A/4C/7I9B/+a/6p63/7r/2d/vXf9g/7j//Uv+Kn/uW9P+HHL/75733xD/yly9/ijz++uvz9XvzxPzn/57/71/81n/0e/8yf+s/8Wn938fhfnP+hP/j9/ty/8S/9h/7Q+d/8+/yx//TH/8gf9o9/+vgX/WE//Rf9d8VX3/67nv5Vj/6a6unDz//Uv2jxh/wjf+n/8V//s9/6dX7D5V/ya/69//Wv8e6v+wdeHv8pv+hv/nf/qv/t//gjXv5Gf/N//dv/KZ/8dX/tv/IvJr9V/Z//y7/71Xf/wD/04b/62/0Zf/zxX/SP/Tb/yd/87C9e/Tl/4T9y2v52v+Q//QW/2Z/y5/4N/8C//Pf9sr/ir3n2X/9ds6f/yV/zN372N/83/8Ov/jv/4+bvf/l3/fSf+2/+h9/+1376t/ld/7V//48/+wt/6i/+ib/kn6r/5q0n98d/6rO/6h/6K14V//LvUP74PzL5nX7h7/PTW7/Bb/LX/Rb//V/3f/7K//JP/COv/4f/8e/8qz76BVt/0b1J+/v+M//SX/XH/bP/6V/6d/+K3+xV82t/56/8S36LX7P4zf74v+S//4U/9V/9BX/N7/6Hr/7aP+03//1/7Hf/O//J//Yv+fP+sl98+Sf8p7/x7/AT/9Xf/R//A7/hH/Wbf3v9m/8Nf+pv8ezhX1L8t//mb/jv/7uf/fX/4//9a/zif+2/+edf/Q7V937m1/nxV3/RF8Uv+AfH8//x3i8Y/W53fvPf/w/4b3/6r3/8f/8av8s/8B/+1f/Y4sf+hXf/9j/4B/9XR7/N9n/6d/+Bv+uf+id8979I/o6/+Xf9Z/+7v/53/0vO/+Jfkf32f9V/Wfz2j3+jtvylf+lfcvQHn/1xf9kf+tv8db/n/uJvWf5+f3L6D/8lf2Hyq/7D73/v7z7+y//qf/C3/2u2f40/79t/8F/6X//ef9UP/pbiv/lff+l/87/8t//9f/u3/Xu/8a/8Hx/+OYvf5h/86j/89f6PyT90+T/8Ba++/3v9Jf/ND+7mP/nR3/Ub/6X/wB/4e/6SP/jj3/zvT//wv+D/+iP+zfwP/Gd+v190cPLX/+Bv+FP+i3/46JM/YP1X/17/w3/+x3/+h/zT//k//Kv++z/gX/7l93/6b/ljf/rsz/q7/pc/8d/8iaf/7s/89N88+xP/7tM3//7j//ZPb/78+n/67/+eF2/+lD/x6W/1n37633z0D/8Jf/Rf9pv/5sff/Vv/4/u/9Lf6/c//9d/uP3j57/47/9E/8cf94n/rP/zxP+Ev/23+4i/uL//3v+vfu/fnbv1T/9af9m9d/9+/xvf+4N/pu7/Tv/47/zq/1b/6h/1O//3f/Bf977/tn/3n/D1/wl/ze/0F/9t//6d+Pluc/28/8Z8d/S0//ef827O/86/4R/+zf+Cn7/wV/+LfT+r6x3/sL/9r/sJP/sR//O/4p3/13/+//fE//Sd/59XiZ/756r/+6s//0/+7f/lR8iu/Ovoz/4u/8A/9e//VP+Pf+a1f/+Df/bfyP+fP+k1+5YP/5k/4Yz99tP+71//+X/W0/nP/2f/ov/lVv/pf/h3/0H8x+bvf/T0//uf/Nv/oL/0l/+Uv+fG//sF3/9y/+zf+bX+XH/z6d/+O/+0v/tv/np/+736v//bHf/m/nB8d/BF/77T8i//ni+/+0v/jv/4LX/9M9gf+k3/83p/zr/zXv9Pv9tVf8u/+V3//H/zln/eu+A/+k1/r4v/4/f/t//T//MXf/j9/qwd/099+9Q9d/Z3/YF39x7969yd+i//47/2tXt39c//zP/kP+ku++zf/Cd+a/qF/3H/06371D/5Wv/xf+Jf+vn/qn3999/f9Zf/l7/jHT/60P+KvW/y1f+UvSv75P+vf37/85//RP+THfvq//ue++FurP/t7B7/yv/s3v/g/T//lf/U//J+2/8TL/+Cf/VV/zp+2PPiDT/+i3+J//os/+g3+iT/qr/7jv/WX/4l/+Z/6F/7tv+Wf85e8++9/o//gf/07/9rf5Hf7bc+rP/CXLn79P/fu579Tffovrv+On/qz/6R/dff+X/3df/Nf/vhp+2d++9EPXh/nn/6Jy9+g+uRfXf+Sv7757L/4F37PP/k3+quPftW/8YP/+R/+RT/9l//Nv/3Tye/8m7/5J/6Qf/xv+G+2/4g/+q85mf39v82fe/eP/3P+sr/iP/gr/vdf/Q/+Yf/dv3zn1/tf/8L9f/ev/qP/BjL2/9L/8pf8QX/Wb/7i11tf/EUf/wnf/UfP//Tf+X+q6t89/c9+yW/94Jf/9H/+p39nZ//vXv77v/HvdZnd+afW//rf8Af8+P/0T/66H2/9WekXP/3H/i31/5z9Z//mn/B//AXf+y0f1dv/af1n/pV/9D/yd/8jXxT/2X/2r/3GR+X17Hf6C3/VL7zzm/6e+3f/i/b7v8ef/U/U//l/+Jf957/bn/vJn/8nHf8eXy7+jfrf+8v3/+Xf9s/+r376L/6d/7N/+PhPePRHr3/BT/zivV92/Kv+9Ee//N/5hX/hf/7r/v0/9df/5OOn/8Hf8b//Yef/5n9V/aV/8t/49o948nf+Tu9+sz8//5eT//0X/pH//veP//I33/6jnv7hZ9d//2/x+H/8F774ff6pX/GL/oU/74/65784/uqP/Yv/1r/qN/6lf8K/s/w/sz/n7//el3/M7/g3/v1/yz/4O/zZP/Hml/1xn/wNf+Av+G9+8S/7H2dv/pgnP/5v/6X/7n/y921958/+Y3/b//ZP+82/+3/8/n/JL/9n1l9Wf/zf8Qt/+a/8u375n/Psz/9v/8d//1/61l/+3/yzf9U//8+vf4etf3x58Wv8tr/1//jX/p1/+W/+a/wDf8XZv/SbPxx95//+Nf7qOw9/5Z989pv+ln/jf/JTd37LP+aP+ntm//N/9oOf+dsvvqq+/Wf8jr/eH/PX/Pe/xa/1O/+Vv/G//NW/8/wX/RV/zB9V/eF//7/9/X/2D/zu9/+83+2/ffY3vPijT09+p1f//X/35/0T/8ud3+F3LX757/VX7f5D/9lf+8f91//I+vkv+3f+3t/wZ7733/7gt/qTmuvD/3Px0U/91r/2b/+bfP+3Xf2vf2fyN/wG/9yf9rv/9X/V//Tnfn7wrf/kt/8Ff1DzO/8Lf91f/6f/+v/8+Kd+/dNv/fp/wndXf9Hbq/y3KH7Tv+73Pfr3L/+s3/8X/V3Hv85f8qv/uv90tv5Xv/gH/+7pL/l3iv/2D/yX/4/DX/zpd05/9+N/8D/6wW/6r/2X//mr0env9+2/5nf6u377r178fv/zf/nH/3V/QvW9X/zj36p/yW/9d/43f9Sf/jv+Zr/j5+O3f9Nv/y/9L3/I7/VvnH7v+Ne5/7v/gv/r1/3X/+P/8ic/f/tn/m2/y/0y/W/++7/7v/wTfut/9lt/1qM/4e989tt/76/7U3/8e7/Vp3/Kn/Wvv/no8L/5c//5f+Wf+Av+in938Zf82V9t7/+KT/+3X/Qn/gHtn/OdT/+TX/UX/If/zOt/53f/339q/Jv97X/Pn/3kv/s//vSf+e7jf/3R//Jv/U1/51/69/+THx//Ln/JP/B/ffU7/YM//RN/8tFv8f358unyt77/L/yOf9Hf/t//1O/44//UH/KX/FF/x3/zZ/5G6/EvefB//Op//tHf9Sf9j3/C5X/69//2f9Nf+G/e+Rv+29/7/vpv+Ov+ycPf/hf8xP/4j/8D//Nv/Fue/taf/jN/9799/7f68vRf+4l/4bN/pvrz/o/Pv/XF73z2z/3Ef/9//EZ/1x/11/zJf0n9a/02f+u//If9Z7/XP/sX7P01f9+f/t3zP/lX/pX/wK/zx3/x8YO/8R/8wx789b/X3/2f/ZZ/9//wl/22v9uzP/sn/6M/5a/5N//Mn/j0N/js//gt/o5f45/5zz7/7f7I5dZ/uP+v/Na/+Desfqc/8J//bf7SX/S/vvnjnux+57/5Nb/6U3d+ycf/4/fvVf/L+Lf64/6A8/a3/Cu+evf3/F5/4x/34PTX+w9/vT9n8bf84D/65//lIvlFf9Jf/dv8V3/x8z/pN/zlf9vzb139a/Xf9xvVL37w3b+kePPFn/vmV/7df//f9Eeu/rxf8t9W//M/8idevPz47/jx5vt/34v0T3v6i3+Nv/1f+z2e/z1/+O/7u/w1v+3v/GNv/qQ/+Q/4P37yt37z6h//L36t9b+29/Hv/5P/56/6BX/nf/U3/Cl/6Uff+0v+jd/+W7/gf/9z/9R/YXLvyctP/6pPf83f8W+efuvzf/qf/Of/rN/kX/8H/rHP/+yzv+d//x/+0me/+r/+3g/+1F/r133xZ/7bv/0f/wt+93/ht3702fLP/c3+yL/pn3/xj/zyP+qXJd/6aO9f+yf+rvFetf+H/A2f/m9/7F/1+376rz34b579T//j7/WvXv29/8qf3v7rf8NP/+f/5n/2X/wX/8ODv/Pv+R3/1/+m+Bf/8L/j3/tT/v7/qv3Wf/7X/09/8K/8Xf7qf3377/mTvvqP/7Xf9V/9K/+B/+kf+/O/+EX/xFe/5q98+Q/8ScXu3/1HHvyif+8Pefar6j/i3/9f/vnlv/2rHnxn+bf+Ld/6Y/7AX/ib/6X/5R975+/4b0b/878zev39f+ff/e//jn/m7/6Jr+79hb/0P/h3Tv+4X/a3bP/UJ3/j7/B3/Sf/8J/wu+X/3B/7R/yzi7/4t/jf/pS/6K/47j9+/d//p3/iJ4/uf/oH/+e/+z/wg+9/dG/1V/9z/+Gv/LX/57/4b/m1/t3f/NnP/Jc//ev/9n/EP/6bfe9P+Ef/lj/+7/gdf6unv94f9us+Wvz2v+/v+N/8ef/Iv/bvn/76H/0Ff/9v/B//oYt/Y/wX/nW/+/bOweXlyz/n9/jVP/k7TP/nv+fL//vX+P7v8if+/v/qf//n/b5/4X/+9/zv/9lv+dtu/7H//L/4+r/5Y/9b8rr/1//gv//7/96/6w979e+/+M//sCev/7B/4Mv/4Pf9q7b/oaPf6T/93f+YP+u3e/FLZn/J7/f8d/k3/u6//HL/7/lX/+r/Znzwly1+6Z/+d/xl7Z+y8+/8Hf/E7/sX/sv/6D/x5pf8+J/5T/0bf/xvdPFb/0H/+L/zl/0V/8yjz7Ye/a27f/y/+a8//q/+mD/ht/6Zv+cfHP/bz/+T/+Sf+kX/4Ztf+6/4G/6cP+Q//3X/8I/+yR/7B37fP/PP3P8ff4f/5cXbf/Gv+A8++6v/hZ+6/1vNfq8/9u+7/JP/3V/z1/wrf7d/49/5Y/6RP/tf/89/5b/25//mv8XqV/2Gv/lv/ubf+x/+9r/oN/vT/+H/45+u/pFf+Ve+/Lv/7p/5Q37v/3nnb/6n/vW/85f8/X/k3/fyo9/o6T/xT/7ev/DXGV3/6b//r/87/Mu/3r81/mf+gT/mF/7jf9+fcfo/VX/nv/bb/qu/258/Pv43/+G/7N/6Lb/47U5/p9/1r10++uP/ioe/wZ/y9h9595v8pV9s/Xl/8r3/7r/8E/7ZyV//6o/+9L/6M//6/+0ffvTr/sKnv/LNn/YX/ln/3dWz9E/+G/72X/J//fO/0Z/xvX/mO0/f3X/1b/xd97b/gz//bzmc/An/8z/5nz77g37nv/Sv+j9Pfu9/4t/64jd7+uW/fP8v+A/vPP5TfofVT/2+v1f7p/3+O48e7fz3/+q/9xd+9eYfH33xP/+h/8Nv9n//Gn/SH/FX//f/6H/0N734Z3/xH/E7/cm/1b/0m//Yr/vb/hl/yz/x7f/l7/qn/obf+rf9D/7egz9u/dP/6f7f+/v9affP/vJ/5xdc/1Xjf+HBb1//Pn/Hn/f0j/6df+Pf/vw3+Dv+lc/+4v/in/6X1n/bL/qtf7Nfe/Ib/sO/8z/5+/2y3+jP/Kc+/4kXkz/97/tvl9l/8Tv9W7/5r/envvtffv3f6W+8+yf8PouTnV/9a/33i73/7sd+y7/xX/6X/4b/4rebfv73/trXf97Ff/Svruu/cDb+zX791z/+1/8X/+6/8r9867/9av/5r/dbH/7b/+TRr7z7m/5WL/79X3P139T/xv3v/89/5PFf/cVv/1v9kT+V/QGr//S3v/yz/7Jf/aLIdv7if+8X/tG/87/6Xz9Mf5d/90/6mV/yv178Bb/st6l+8j/8P//A3+6v+oP/k98n/bHf+Rd/65+++Of+lD//p//xHzv8b/7Xv+6v+U9//Wn2H/2Kv25r+lec/Af/1K/8wV9df/k7Lv+Gv/DoV+X/3q/+hfmv9+iPXf5uz/61X/HX/Nhf+u3v/1Z/5t/zl/75v84f9df+1d999uv/u3/Yv/3PPau+86t/i//mN//+3/PTJ7/h37T33/7P/9lX35/+Oj/z6/2av/Py5d/ymz77Rf/EP/a93/Pjf/r7J1/8xn/03/Pji9/+n736w/7Bf+aX3/1j/vcv/9K//G9++Id96+rv+Ff+2vy3/+P+hOp3/PHf8i//T7/9e//Nv/uvc+/l3/rrJKf/xZ/88o87/RPL//P3+HN+qz/1H/w9/4y/8ft/+3f/tb3L+xd/wu/6m/8O/9LTP+G3/GL1Pz3+w3/bX+PP/nXf/BO/5Z/yV/7dlw//9stf9x/69Jf9q//DX/nTb1/+9P4f9df96z/9h3721X/8W/6Sf2nxXz/7Q9Pf7qPPlh/9Vd/61l9d/1t/xKf/4l/7f/1Xf+M/+D/8mv/Vv/M/J8s/5w/6B0fPjv6Zl7/8L/rf/4w/5689/fa/f/wf/15//B/27N/79f7A3+Nv/fjLP+Wf/Tv/sd//7/niP/zHPp/9r5cHv/d/9hP/6h/7b/+lv9bj/+bZ/I/9Q/6wH5z+fX/1x9u/zl/yl//7/+Yf9Dv9Z3/rn/hL/7H87/1j/tM/8xf+ib/W6T/5k3/8b/ovLHd/jb/8O3/BH/95/q9//Ft8b/sf+M1/4vf97/6p//Rf/M1+yy/+3B/84Q+zL/+BX+N/Wvx7/94/+5/9hX/+X/f3fucX/57/7u/7n/7E7/2vfvvsr372dx6//kf/8938Dzj/s/+if/V/PN7617+7tfPFxdl/+yf9pt85Wv65f97i7/gfrn76T/hjyj/m23/l3b/q5Z/0v/1n/87d3/gv/Gt/03f/dPsfr4v/4nf/a3/yb/gH/v2//M/4D/6DX+vX+lX/yGf/yX/+eOuLN39B8fG//hM/86/+rv/4H/+b3Jv++B/379z/d/6o3/zf+vv/vH/7J7/79zz6x3/z3/K7v/Uv+xPf/IrPr37FP/5r/hO/7e/2i/+8f+bbv9Hv/6L8d3/nf/jvXP1Vv+e/8+Z3/8u+92tl//Rf9xv/Jf/ln/yb1Md/z/PjP/SPy/+Qv/7PnX7r72v+4P/qB7/j4b3i1/yx/+XiO3/J3/D9f/kf/d3/lb/m73n3Z7+4/s//gh989y88/Xf+2i/+2O/+4OriL/5bf+/f/g/63x/8o3/F6G/7q54uZn/pk1eP/4Mn//Unv/6vePqb/L7H3/+1/vC/8vwf/o/+1L/of/8T7v07nz38T/+c/+Xv/iP/uf/oX/xr3v6eu7/uX/ef/Ia/z5P0t8mXP/17/HbP//nik1/yX/2Z//tPZK9+67//H/0LDl+++r9/jY/+9X/hr/rbr/+Gfzb7y/6iP2H37D/+Db746d/m//zxP/7X/43rvyT9o/+in7j/C1d/7D/1i/7Cy3/jr/39vv8P/ff//G/zp3/0xX/58uBf/Nf+8X/qt/p3/rq/7a/a/2+/+Kd/8L2/4S/7O/+8nV979dv+bcnd3/F7f8lf8C//xL/7j/2K4nf9L3/Tv+c3+63/2V9n8Vde/t7f+enFv/LVv/C7/S+TP/K3+cP+2fpf+d1+5eX53/5H/32Pnn7vN/4V//tf+Q/983/BHzv6tx/8xut/8/SX/Y1/+d/x9/9Jv/m/9OMH/9bp09/n1/7L/um/43/76T9v77/5q/+4v+EHzX/x5//r/9O//bf/g3t/z3/21/4hv9N//Xee/Al/e/V7ff4Xn/41b579Rf/0g0cPftfiv/ydnv3Jf/Pon/pNfpPXr/7+v/T3+4f+6L/hu3/PX/svjv6W/+Hj//JP+GPv/Mp/7Sf/27/5P/pFv9d//vqv/E/+gD/s1/nT/uDtT/7C36n9pz/69X6L32pU/v7jP/hv/Kv+xz/6n/7d/7Xyz/qV239a89/8x7/n7/3X/MP/1E/+J39p9k/8j//V2z/yv/rT/uTvvvojfvPf+PM/8w+5+J3v/Rl/y5/9d//bf/0//nc++Uvrv/fRT/zE6d/1F6z+6v/1P/plf+wv+gvy3/lP+C3v/45/07/7p/xuP/juT/y1P/i7x3/6b/Hk90j+69//N/wL3nzrB8/u/MtPtv+K//V3+nP+pN/0MP09/tt/4b/51T/9N/1XP/4H/9qPpw/+8H/2j/6nPp3Pfr3f9K9a/MXny//p+M/+Nf+pf2D+n/9u//74P3zzH3z7fzi+/if+3D/6D/kT/po/4o+//5d+5y/5LfKnv3mb/g1/+X/1d/2X/+bFv/ZH/g2/wYM//Rf8+T/5Z7d/7L/8N/x6f/Yv/R3+9Z+ePv7zF//kj/+Fv+bf+bv/uW/v/KO/zvw3+Lv++D/7o+Sv/YP/+D/29/jx3/k3X12f/C/bf+D/8lsu/5K/5u/6L/+oh3/Sn/en/9g/9vf93X/H//Tn/PP/10//47/3ye/+k9lf9uv9fb/lt/72//x/eXj+T/9af2P6x/2G3/rn/6jzf/q3+2dPm1/2P/ydP/FX/D7l6Vd/1T/2N/xJf+b6r/iX//btrY+O/6qzr9rf4D+//tU/8fQ3/+rH/5r7P/2P/dtf/qFf/Y5/yr3f6o/6U3/H3+xPf/Xn/a3/bvG7/V3/x5/1y148/rP+ud/kr/7y6A/6HX7HL5I/7q/98mx/8Q8f/mN/+b/9r/5O//1/9kt3f2L1u/0L2b/z7/0Pf/3f80/8ePa33P1tDn+7v/K//K3/4t//+E/7U/6jb/0m7/6nP+W3+s/+mF/4T+a/2+/5p9XrP/hX/Ya7P/W3/1N/+L/75/wzv91/+wf/1vu/6Nf68d/t2ZN/5e/6jf+oP7n+L/6u3+rVF1u/8OxfW/0Fhw/+4L3/9Pp3/+s//f6//tWf8K8d/I9f/dt/5fO/4Jf9c//kb7n369W//I/8c/KfPP5zf/N/f3v7H5j9kn/t+B+pfsvqYPK3/4v/6e//G/2z3/11f8m//1sv/9NP/pE/4j//Y3/F+t/8C7b/x3/2l/zP/+Pf8W+d/R5/4u/w1/+P/+bz0d/w3/+yv/Ef/6//y+qnf6df8ev+Vf/2XzU++T3+4x/8iQf/yF/y1/4xb/6vv/q/+1X/6j/23X+0Wv3ef/0//Rv+2v/Mr5g9+Xv/4//m3z/9437fwz/lD/hn/4Rf5xf/63/zb/t7JVt/yN/wZ/zpL9989C999Cuf7n7xF33nD/1Vo1/0N/6q3X/k//41rn/hL/03v/8f/t+/xp+z/+Wv+PQf/I+/+Pv+2//8z/w/5lf/+v/17/5r/+DrXzz5yf/hV724KO784f/r2z/tf//xf+T/+t+av/R3+av/h//wP/4FD47+jr/0l/z6v//Lf/v3+E+zv/Cf+bt/1Z949Zf/V5/8zz/z2/+Ly9/jf/n3/8C/4C/833+vafOv/vWv/4Hf91/a+Xv+5v/17/nu0T/+7/7bv+Mf/Tv/4r/q3/uH/qc/+f/8/b78C37ff/QfvvPZH/f9f+756p/5/X/rP+Gf+SP/5dkv+rf/4x/8H7/nP3F5/Pv94r/06PXhr/3X/cI/bXby51T/7Y//yX/17/hb/9l/zh/wj+dPzv6sX+8v+Bf/sl/xP/1Gv/2f/J0/6m/7nf79v+2v+Inf5HWd/qe/+D/+U3/hP/y6/j9/yfe+9SvKw//1X/lL/9qPfvuTk9ft//L039n/6f/kP03/kj8o+cP+kD/kz3rzr539If/FH/Pn/sx//Df87q/e/EVnv9nv+8f8Zn/1b/6n/1H/81/52Zs/4l/f/+J/Ofvn/tmHf+qfe/1H/m6Pf+VftvhlxV/6y7//r/76v+Xy//yD/5nvf370P138p7/FX/CH/C/3/4Z/4d//G8s/+s/+xb/wT/gb/6s/+5Mf+93yv+hv/Nuf/wa/96t/48/9jV/+tX/Kn/Lr/k73Pv6Fj375n/vHf+dPHf05/8Af8vBfffOvPv3+b/Lv/Ib/xL9x5xe8qH+DP+SP/jMO/6n/4U9+8k9+9nv/7v/Tf/4nf/+v+PP+0K3y3/6H3vxBf/Tv+u/+Ef/2b/4f/4vf/SseL//O3+cnFv/Nk3/ul/xbf8+f/Hv+Oz/+x/zTV3/aH/6PLH/PX/hv/42/3urLV+9+5f/8P/5rv/Pf/Dv8ZV9+5//4w//tv331X/3zn/2Le3/Mk+/v/Mn/xi//x/6C8k/76e//1VnxJ8z+2t/+j/vvvrX83f6yoz/r9xn9Bn/cb/qb/cP/zd9w+Utnv/Tvf/gbH/zPO3/DX/PgH3qy/5O/6fHv+j//Zn/L//x3/sW//ovf6qvf+Nf5W/6Bv/Pq1/lDn/5V/9Bf+k/8jb/unb/6t/w3/o6f+It/l7/gPx79Wf/D09/uy73f6F/+Xf/136L5V/7oX/kLlr/X3mT0R/xJ3/tXRn/M7/HX/Ub/81/8j//5vyL5+/6Kv+/f/+lf9Jf/qt/vl/2N7a//i//5P//B5J//q87q//YnV//07/rb/iv/xqvf7h/9x//Uf/mP+vF/7i/7u/K/N/+n93/hv/ufH/3O948//rG/6L//+MXflfzhf+ZvdvY7/U7/8W/2T/9O//pfdfprn33rT7779Om/+Me0/87f/vyPvPe97/8Fv+Wf8jv8yV/8WXf+sT/pb/pP/94vf/I7j//o8e/1+X+6/xvt/TF/z793/a9NH/4Wv/W/8Omf9ndnf+DBP/Bb/+ef/um/5skv+63+3L/4k99n/+/6O37P3+rf+EP/wt/3q+f/1v/0V/zef+LvWvybf8N/8h9+8Wc8/c9Of/yv/3N+/O4f9xeu/vG/4U/8k3/Rr/hd/4Xv/Vf/9r/xT/2lf90/e/yTf94/8Uf+xjvlf/3qX/6n/7kf/+//6PFveeeve/hR/tm/+53f4/f6a3/qX/j28q/8DT/5hb/zZ//kb/Jb/96/2/4/8u3x7/7w+7/0j7z/v37v49/5X/qPnv05f8jfcPAb/47Fn/yf/G6/7as3vzR/+z/+rn/Tf/A//Nn/87//K3b/7hf/wu/wT/+Xv8W/nX/05OzX+tW/7uzvmP66f+bDf+v3Lv+Aw53drd/8wa/1j/0t+d/5D//WX/0pW3/X8efb/8aXv+if+BP/4e//wr/q1/mX/5o7+//lX/XX/uHN8d/xR/0lf9jf97ccfPVP/AV/9d/84k/8/X+Hv+ng//gFo//1r/mT/uF/4s/9q/+hX7f+i/6gP/Her/OXPf2rf7r4lf/Wb/ziN/j2b/uPrf/UP+zX+8P/kL3/8j/9E3/3/+u3/8V/yb//d/8fv/hp+df+9J/45//Wv/Rverj/U3/Rg4s/9Bcnf8Gf1dyd/sTvd/8v+Ym/7T/4y54crPOv/thf8Bttf/rr/Gb/UvM3/Y//xO/xxT/65eTv+NW/afK3/GWn/+izP+l/++N+xyc//Zf+e19+59/6O/6e//lP+zX/m7/rX/kL/vGP/6W/9m/7Q5K/5Z+c7Lx58df8ot/iz/19/vA3v/Re+ff/8l/5rZ/5Va//3N/gL/tP/uDn17/B0/t/6f/40V/zR/92jx/+nX/hJ3/Hv/8XXP4un//b/+fHb777W/+xvzj5J/7Q5s/+s978Cd/6M5/8/r/Gf/zi3/xDXv+iF7/0N/ydqr/pn/nHf/Vf/1u+mP1H/8q//L+cf/ov/Ja/y5/5h3315k/57OP/9I/+Q7f+ql/4N34y/6v+0T/yL//Xf8Hkj/njP/np7zw8/R//o+v//Ccu/7sffPUPf/Rb/Tl/9Y/9g7/uH/Pjr55//294Pflzf/kv/Zf++r/lP/3jDt9M/qLf/N/+Jb/uv/Vf/9u/0V/+Z/wR/+7in/gV3/r1/4Hf8pN/8Rc+/o//s7/u9B//9D/9a/+Iv+YPXf8dF8//nuXV3n/5Z/+B/9b//h+kv/c//cemf/Kf9ee8+M3+/a1/9Lz543/Fb/Bvv/qvf5vJv3f+7/wJq39z8Sv+7X/it1r/E//b5//1b/ab/5pf/t5/zKO/5Nf6u378N/tX5n/Vn/ePf/c7f0nzL37xl/7Xf9r//if963f+kz/t7/4t/vyf+sPm+W/+q8av/pCnf3X6J37+x/wf/8PjF//cf/sHPfnVv9c/sfhH/4f/6vf9a37hf/ArH/9r/9ezv/sP/Of+9X/5X/rXf+VHv++f+PbvffTf/c3/8Z/ye/3U7/97/l5n//DLv7Js/tM/4Xf9PX7Lv/b8L/13f9N/78/9i7L6N/sTvvc//LOX/8Of9nv91/9NPrv84sd+k79ycv+3/Ylv/z5/wN/+P/3Ed3+dxa/8u7712/2PH/0vv/Nv/+Kv+gv+6X/2B7/m//HpH/Hv/Tm/+A/+nf+bv/0f+aee/bI/96//9PPfZvvLP+of+jf+3D/jzzvO/uPf/PLzxb/0e/8r1e/wW/wl/8j/8Y///te/zx/3q/6wP/LqD/sz/4jlX/Wf/Qf/9H/z+q//7/6T3/3v/l/+8Rd/2x/3T/71+b//a/4pf978k9/3l/ye1T9z+lN/88Hv+vnv9tv8M8n23/uX/+3NX/MP/BHfvf6pN//q33j8a/9Bf9Vf9ehP/51+4p/6K/688V/yu/6+/9XTf/2/e/pf/m2/8+/+9/yxj/6D5PqfPf+Lf83/+Wd+v1/8t376Kx7nxfp/+Lf/iey3y/7u3/jHT0f/3rPDv+f3/eq3/nd/nf/gt/7P29/0T/tX/oHf8w//n/75f+W/+cd/13/p30j+0H/q7/kv/tkf+8d/7//it/pF/8W//o/9GW/+pO3f8X//3//E3/nX+Hebv/Czv/d/PP5D//vV2T/x5/7Ff9xf/Kf84Hf9E/6AX/hH/BH/2t/6/L/66qv/+M8++KmdP+Snzuq/+K/8M//aP+6/++9/vb/8W//gr/Xmn/pTPvrzfvDX//W/+X//O/9FP/FH/BPlb/c//Q53fubkFx0+P/+Tfq3s6O97+s/9Yetf++//m//s//LBn/v3/gnf+8/+gd/lX/19/91/7s/80/+Lf+Hv/qv+7r/hn/jjv/jx3+qv+9P+tu3iL//+H/H5b/8nbv1bv/cfvPVX3Xn4+Jd8+oc9+8v/sF/5q36nv+Hwv3j9H375xz7Z++sf/ta/zp//r33rH/3Bv3762/8P/9Hr3+8P/zX+leTJX/3Ptb/i1/2v/7Dr3/v8L33x9/xlv9cf+/y3+1d+h7/hi9/uF/2n/9xP/bO/1+4vWP9Lf+K/84+U/8ov/b3/5t/17/ydfs0/9R+7v/Mn/VGP3/xT/+N/fvcf+5W/9+/6L33yK/719b/4W/63/8uv/S/lv+uD7X/29/nHPvmr/4E/5Tt/x//6F/4hv+nu3/HT//b+77T1P/8v/8Rv1rz6S/Ld3/r+b7P6n/7aT/+x3+rX+e//1cnzf/dPSv+AP+3f/uSP+0v/yH/81/5t/qR/5vAPefRP//pf/uTp3/g3HD999Y/+4f/qT/515b+x/ttf/tG/zW/8/X9q99Wfe/Tj//r4n/4t/t5f6/f67/+xP+ZX/3PPX/823/oT//Xd/+p3+lP+27/+7/xr/oJv/VX/5a/72//W//Y/+e4n/9bHf8Q/c/ef+Vd+x4/+0/T3O3r8g3/z5b/7W/+pv8Hot/wLf9N/+MHfvP2P/h4//hf91v/0f9Ju/Yo/+g/4bX69v+CPuPpBfvnH/Q57r3/J/7r/P/+q0V/yV/z1/8Hq15z+wWf39n7Jf/A/Pfv44epXPfiDFv/E//LxX/D3//L/+em/80v/9B/7r//4f/O/fPJ3Zk/+yN/iP/zL/o7/7OzP/C3b/+TjX/z27X/5Wz/803+D3/Kf/qt/81/65W/25331a//W63/9/r/9r37vb/y0qd79S7/yL0h//9/jD/vsb/3j/9Tm1/kPfuG//Xt8/uf/9f/+/X/mN/lf/8Q/8l//Z/7q//ToP/9T/uX1L/n9v/v9/+XP+LdP/tN//NMf/Dd/1e/z1/5jP/5//bZ/4b/xrb/pL/zP/uz/87f9w36HP/Nv/GN+xb/4R9793r/1x63+ui9Hv9Prj/6hL//iL/7E/+D8v/jOf/pP/o0/+Dc++ht/8z/sr/kXf/J7nx39cf/6X/Qf/0//1G/+j/0n/9W/82v8Vb/Hn/JP/g7/96/xp/5Od3/ln3Lx37f//v/9a/yqv/Tp//1rvH77f/1W/+6/ePT7/IH/xB/5S37///7v/71+xYO/4+PFf/78i+3f6S/9Zf/X3/Ho43/kV/7lv/xv+5NWX/5r//u7//AP/a//qUen/2j+F/zq//vX+OWzP/N4dvXd//hff/p3/psP/82H//0/+c/8nb/fP9H8T3/OP/FP/Gmnd/+au3/NH/PH/DG/3z/3l/wVP/Pp/3r0n/zy//PHfuW9v/Fvnf/+H/+D4/bo31ne/02/nP2Pl3/lT3367y+Pjv66xd/16/2uf/pv+Vv/l3/r6t/+p/+9v+Cf+Lt/UfOfPv/3//fq7/jVz37Xf+BP+KvP9+9++We/Lk9Xf8X+v/s//6df/O2/8u1//d/+hf/0v/CrfsVnf/2vuvqj/42/9P969S+8G90d/wZ/xS/9i//C//Ozf+AXnPw2f/Vf/cXvf/r3/uu//1/8L/xhv8vjf+83mP1+7/6cn/6n/sq/4H/6u37/3//xr/hrmqdf/I7zP/Hf/b+a/+Ovaf7CP6D923/j3+5v/13/5z/ql5xe/N47f9ev8fCLO7/fb/On7PwN//zf8Af/Zv/7X5j+MVv/xz/94K/7X/6cf+av+o9/t39/uvgln/8GxZ9+//c6m//1v+Gf/Of8a3/4n/br/7m//I/6o37wxT/+r/0Rf9Qf9ef8quYf+ejiHy3/kf/ir/5n/sTVv/Hr3fuX3919/pe++ZP/gD/1T/xHPv6P/9V/d+uP/HX/y3//+j/9o36ni4Of+vdX/9Rv/ev+vv/5n/6u/ge39/6Yw3/0l/xe//af+Yf9NS9+8V/6N/5f61/7t/nr/qG/5Y/5h//S//l3/C3+i/H57/1vfWvx6/+uv8u/f/6b/VP/1t/xY9/O/8Sf+hv/xn/m1/sF/+Ojv/4v/TP/+N/83/6r/8mPZ//U9Pf9J/6d3/uv/zv/6t9x+of8UX/Y7/sHf/Wn/+7Pixd/9z/znz7+V9+OHv13P/3V3/zkr3/4a/1Lf82/+NP/9V+4/5/83S//xt/49/k3f5PH9YPf7W/+BX/Nv/sb/wN/+D/+47/5xR+x/Yf8Fvs/9Zt+67/9x//IP/MP3Pnz/+F/91/778vl00f/7F/5vX/rX/6jq7O/56/fOvg9f+W//Bs8q/+iv6J+8If/ko9/n1/vbv3v/m2/4I/9E/+M1X+6+Dv+zS//01/8f/6Ff9c/9Af80e/+7O/+mv/cH5L8KQeP//DT/a3/4796cvbf/RP/2rv7v8/f8588/U0f/E//9l/5z/+V/9N/8Xf/rn/Vv/D6L/vpH3zv1e989gf87x/9Dd9+cfjHH/yxf8Lb/+Cf/d///r/vn3r3y/6zP/azR3/L//jf/j6r3/E3+fTFP//ke7/pH3/8J/0tv+E/8m/s/DW/z+/wb/z0H/9Lft+z13/8Z1d/yd9z94/4dX7l6f9y57//b/+GP7T9v37nv/m3+Ef3ftvjP/A3+Et+7IvTf+2f/Z3+9r/x6uDiv/379v+SX/a/Lv66n/zpf+NXT4/u/l//4p9fn/w2k7/lj/vJT/6bX/ff+nf/ub/ut/0L/uXf8dt/9X/7yT/22/+Cb/8Nv03zR979L/7Nf6L+3f7SP/3v+f7f9ObP+7t+RfM7/+F/xO/0W/zCf+g/ffVb/D7/9OqPffYHfzr+6O+9/OTib/ylv+jvGbf/9v/66W/znx7e2/p7P78z/iP+sP/uf/nT/7Lnb/72y9/67Xf+yfy3/aP+hl/rL/oD/9j/9C/4bX+XT+/96f/2P/2T//0f9tf8A//J4d/7p+bV+V/zT/2yNWWE/tV/9w/93f/SP/ef+Tv+mr/k15t866NvfeevefrHf+sX/vV/y+/45T//+Z/4O/yTf/F/+fv+h3/A+rf+y3/zv+ujv+Pv/yXf/2d+jT/zr/4Ff/vv+Lv8af/k9363P/uP+C9+4aOv/sHpv/3H/o5/7X/xz/zdj/7iP+0f/c9/96OL3+TfWP4F/81P/8X/5J/2ne8crf7Hh7/Z3/qP/PF/3v4f+9f+pY//tv/yz/yj3+Wf/rF/7Pf+jj/rpz/5+H/6Nd79Zn/DP/Uv/IE/9vv+e79b/Vf8V6Pj3/irX/L5P/kP/66/Rf5X/e9f/J1f/Jm/+emv/bv8bv/X4q/5t6rf/Ivtv+G3/G9+n9/nd/yr/sWf+Kff/jXPZv/rX/ab/eDXT/+0f2T9O/0X/0L5+A/+d/7Db//Bn5b/yb/wd37/T74Y/wN/1pf/xvEf8Hv9/b/y//j9/tl/Mv/Prn+Df2XyRy5+0b/39/276b/5G3/vJ/6ZP+nv+HX/vF/+O//U3/Ln/cuf/pF/w09u/ePf/lN/m9/13/5Pf7f/7u/5JR+f/oJfMvn+t7/1G32x+J/zv+I//9d+93/iJ3/i7/9Offa3/gl/1bf/kP/71/it/tDf/ss/5Df93f/W8X/6F1/8Zof/xH/2F/5bf/7V639y8Wt/+mu8+8Oz3/jXSu9/8a3Hf8Wf/uf+cY+nv97b3/aj/+wvWP2Pv2H68Ff/rV/8r//kP/Krn/6S0S/+Z3f/8vL//G3f/mbfrn/L3yv9p/+OP+av/dP/4Uf/9t/11/w1/8C//k8+Lv7n3+9f/mv+Tkr0/FV/x1/6y37fv++v+i3+rr/9r77/R937DX7H+e/wm/znn5bf/ujf/eLv/K/+l3/mN/9Nr//9+fyv+Zf+nou/9c7v95N/4m/7q3/Zv335N937X979zG/8nx39Oke7v9HH9/+s2W95/i/8ex9t3Xv3d1zO/sS/7l89/x3+/E//pj/pzuN/91999/kv+O/+2//+J/+6f6/9d37HZ3/7nT/1z/5F/8VHn+wSV/0pv/I3Pftt/ow/+A//3Z7+E3/Bnf+6+j2+/3f+FVeH/9mv+vv++F/5r2e/3n//3/293/pbf60/8ff9e/6sv+7f+y0+Wf87v+Qf/Lz+y77823+7/M1//m/+jvm/+R98fvyP/ZX/6FnzT/91v+Mv+pdW89/9O49+/J/6y//wf+b+//gH1n/Kn/TX/uF//N+e/WO//+d/97d+j9/wX/nqkz/hN/hT/+7/4DfZ+e/+nn/n5Df/Pw7/9OPf8Gf+mP/15S/86v/4wb3f8Tf/s5O/58/85C/63f7C3+xvevEnHp3e/4Uv81/7b/3d/rSHf9Ovvt77zf70v/LX+XX++X/9/NHf9df8u7/bi9/gj/wb/qP/6c/8Df6eP/Jf/F//8n/8/HtXv/p//RP+9//uV+0sfvHvd/9fz7//i8p/9K/7y/+df//VX/jpyR/3j/+h/+UP/rE/6osHv/Cv+af+sT/5o9/rF/7N//Hj3/LP/W3ffPWX/NF/z9/zz/73P/XTv+Sf+vv+9N/vl//Tv+Of+U8v/pv/5MkvPf6N/oTf/Xu/5/VP/Vl//e/3J37r1fzP/rPe/lV/6L/6r/x6v/tv8StO/8nnL/J/Mv8fVj/2z/0pj0a/3y948Bv8R//qH3Ly8t/6S/+RP+uf+TfPP//Ff+s/+6f9G3/Gn7P4DX7x+vSf+ud/14/+jkd/9N/133108Ff8J//x7/vP/vT3ftfzf+2/+q1/w3/kr/37f69/5V//a//Wv/vPXf79v9e3/vG/uHzzk188+Rs/+6v+ht/9L538w3/jV/k/fv3X/LH/1J/81/zWf8+/+qd8dO+3GP8uv8P133n/z/i1fqNf+xf/kn+p/XsOt/d/hz/8z/xrHj367X7m+R/xR/zVf81/MPpfnt3977/1D//2f+ff+Ied/Xm/7v3xv/rdP/HPvPs3/2l/2N/22/wH23/FP/EXfnb+77757Kf/gH/l6s9bfufX+mv+5dO/4h+e/k3/7R9375f/t3/A27/4+K/4d+/9CX/YH/OX/zXP/pRfcPZXfvZL/vSPf/AH/kf/yh+Z/Jt/1r/x3/7Kf3H81778s/79f/T3+8te/7f/+p//6eLJ7NmfMX3103/qf/Obf/T73v0nftEf8Zf8tW9+yz/tn/0n//r/6Pp3+N2//5f9+n/Bk//jT/pl//0f/vgPu/x1fps/5k/49f763/7N3/G3/6v1n/O3/UH/+t9+//zgf39Y/cZ/4u/yF/yuv9Zf8Bf94J88+A8++/P/nX/9b//bfr+3Dz76Q/6qz36L3/6//XX/gfzhn/Uv/Y+/zS/c+9df5B998dm7V3/Fv/Znvf4jnv9d/8ofm/3Wf8bv+8f837/G7/yvHv9a//pf/nf84b/t3/eDv+mP/eN/31/5R/4pv/XkX/hr/rWrRVGd/3v/4ORX/Sf/7t/2d/6S3/+/u3rz6G//1l/zz/6yv+z3/RWP/vOj//Qv/41/wZ/7m/+qvR//rY5+t//9b/0T7v/Vf9bf8Lf8Ef/VHoH7K/6ynX/3r/ij/qr//df7t/64P+kX/0v/yW/4/f/jn89eL/6sv/MP+bfSL/YWf98f8mv9A7/s7/oH/8Y/+w/4jf/4P+p3/wXbf+mfceff2v1H/sL9f+Pub/etf/oXPfrn//mDf+2//Kv/+H/w0e/5W/3T/8rv+Mf+ddP/ev0rit/3J1/+63/81n/xp3/0a7761/6TH5s//yv+rf/8z/4Ff+/f963f73/+z1+Vf+7l65/8w//s4z9/tfrdft8/4j9/9Cf887/XP/8fvz745//NF6//pj/nF/1hv/2f8jv8AX/uH/Ls3/1T/rjf/qvf/e//u37lx3/uL/4n6up//Qv/wOa/+mOb3+7Z7/c7/Qb/xF998Uuv/64H/+r5X5P8Jvd/yb/++vt/5z/zU+O/5u/57/+Kv+Hyf/s9fovrf+PvfPmv/e2/4b3vvv3Pf/Iv/GdOFn9M85f9i7/fT/0Ov9F/+Y9+8q9+8st+8K1/+Lcrsl/1B/xps7/9f/nFf9Xf/Pf/7r/eL3kx/Sf+6L//e7/xj/2CH/vbf+yP/w2S//rf+OLv+HX+sL/+F/4N+Z/83/xF/9fv9Tu9/b+er/7B/+DsL/zb/9mr//vX+C/++N/y//zib/zfXldH1/n//Wv8Dr/zr/gD/45fcfdf+w/+rT//7/oz/tt/7r//3V4f/7N/+m/9X/2Jv+E//V/9+3/uP//54e+/+Ld+43/zN/g7ftd/8D/7W77//L/8j8/+jf/wj/6Nf9kffu9/+9v/139xuf/PL/++P+urr/7uv2729Mm/9A+++f3+8F/x1/53d3+Tv/cX//gvevbH/w9/afOb/JZ//N7v+p/9qv/8n5v9sv/53/jeb/wb/GP/zN/1y3/iv/zd/+L/pvz4wa//0Z9/+b/+fX//r/yP/sXf4f/4Nz/+m/6m3+b0V/4ff9N//+p//hNWf/Rv+7e+rv+9P+9fnP9B/9yf8hf+yb/dv/kbHqx/o7/u397+6/6o/+L/+hN+6mf+g7/kH334i/6av+xf+Vff/mPzP6b67Q/+tT/jH/v4k7/79/mz/6t/afYnff7o7/mPf/Pf/Cd+23/jX/itP/2ff+cf/Dd//G/yJ/8Oj3+Hv/zv//T5f/u73flH/tlP/5C/4z/5Lf/0s3/2H13/quTf+vwf+l1/y7/hN/9d/9w7f8av+Rv9Q//qk+99+ccvf+/qN/89H/+h/+Gv85f9u7/jf/sv/MGPfoe/71d/50/8R9O/+R9/+Nv8fqcH/0D+q67/pz/5y9/n7/ujf+vXf/iDf+If+FP/oT/+b//d//y/ffY3/R9/9Z1/7Hf9JX/Fy9/yD3v+9/zM0zf/2Rd/1R/wm73+C0+/evVP/h5/4eH5P/rr/pHz+7/D3/3PXv/07l+7/0/92K/z7zR//2/zF/17/+rl9E/5Df/ev+r3/RP+3fKf/AX/0+/6W/yfX774V//MT3/yd/4t//O/41/7L/6F+S/4t/7c3+Hqj334t/9br/7YP/bdf/xv/T3/xV/yxz9e//jffPFH/zW/4nf+c37X6b/7+b/5O/6CX+fj//ifXfx59369f/zv/Ice/tFXR//+1ejTX/bf/x1/w++Q/Bl/ytHf9V/+ZWe/5Pf8b37qt/xrftl/8/de/lnb/8a33vwx+//1f//qP3n0P/0TP/YbPfn4t/5b7v9Le7/b57O//Z/702Z/0T/yz332rT/+T/qj/5pPf/t/5/f/n/7H8t96c1r95//O//RX/lnfvvf4r3739/3Lf1bzL/0XR6f/3ff/qV9d7Px1v9uX/+qX//6f+ht+/m//+F99/085vX//X/9Xf/f/4Kf/gj/67R/+W/wWx2c/9cX4W7/RH/Evf/V3HvzgF//vb/7YP+fOn/i/3/kLq39w+e/+rb/un/bXPvryX/23ftGvXv61/8hkcfgv/Nj2P/ZH/Lf/6C+498f8MX/S97//6O89/pN+4W/5R/xlf83f8xv8S7/6L6h+q7/vT/wP/7T//h981/5tv/T3+Zf/1Gd/xp2/6/f6t+79hl+++yP+5otf5y/553/3v/vv+s//m7/9d/t3iq0/59/6hb/B3/P7/vb/yB929Wv9EX/0f/cn/NN/0vcf/25/8C/4Rf/SL/yX/67/7H8Z/21f/ba/w2/86Ce++6+P/+9f483v+atPXz3/M/+Q//VP/OIv+73+6Mf/zW/9v975Tf7xg8e/3l/wV775y//UP+pX/30PTn+3Z7/OH/sfLl5854/5c/6Z3+Yv/R1+7Z/69p9fnvwX492/PPulP/OH/qKf+kvu/YGv/qbf60X7d83/m3/l7/hzfvNf9W/9Z7/+95L90X/3D4z/87/01/9T/pi/5Iu/5Mf+1Mt/vv1X0//j2f7oP/wNf+ZfrZZ/8d/zi/6o/+3p3/DX5v/VH/aPvhr/db/kJw7/qG//eb+q/hd+4tPf+y/6V3/8+89f/8x/8a+8evJX/na/zV/5rd/oH/0D/pz/+Df8B/6Uv+D3/nOe/13/5S/6df71Hzv+id/3zT+9+N1/1b/9n/9Tv+r3uP8v/TOf/m1/3J3v/5n/7U/8Vtf/9V/7R/6Xb/70v6H+p/72//xP+Ev/lX/3N/5n/5Lf9He5/w//+j/+6/5Xf8Gv95f+rX/Ar/rBP/mb/JaTP+T3+j9+u//2W7/v7/ZvJH/YR1t/yH/6h5z/zN/6p/+ivT/7q6+e/43/zX/1L/wNv/mTv/zH/5Yv/oT/4+ov+wee/h+/9296/Mf+jr/J//TL7/06/9N/9bf9u/Pf5Mezv+D3+ot/7Isfuyz/g+z/mP8vf+Dv8L9d/Ln/5F/znd/ur5r8Vr/uv/Nb/WG/8J/70/6t//Ev/y1+3+f/RXX8+cXf+leWv8XHf9W/+Fd98UcWf+3nJzufZP/p77j8d3/iv7r/q6o/8d/+ix7/z//Ul7/nf3ry7/42j/7ko1/n8e6v9ft98Sc+/d2f/k+vn//v/+73Pv6Jv+pf3vr8H/nr/uG/6p/5DR9/8hf9q/u/z9/0n22f/qq/bu8v+1v/szt3Li//uH/1y99s8vf+ZX/bs9/id/3d/sX/6z//H//Cv+ifXv3d/8Ef+2v+xD+4bv+dz6u/5z/Jit/4L3j4J1af/tH/5r/yu7Sf/k7Pv/Of3f8D/r13n3/nP/4z/sR/8m+Z/7fl3b/lf/ydHp39Hn/kq3/x8z/uXzr+M5//4tEf95t9+7d5+kf/0n/i7J/6+2fHr/7FF+/+17969nv8Xn/0b/L07/7qz/l97/wuyV+V/nfXf8Z/98f8fX/V3/wH/7qH5dXf9nf/Li8//fLv+Y1X/9Qf9Q9/75/6c/67v/ju9Wd/+b2/r/xPf+Xv9af+t//u71L+2K/3Z/yuW7/PP/KP/0Nbv/0/8c/9E//4//Xr/9R//bf+5uk/+Qv/9V/zj3t59uv91N/2v/2+H/0Zv2Txp/27//Sf/vl/8U/91S9+8Je9GP0H9/74f/rzP/2rf+Lv+n2eTv/Cv+Y3/iN+87/p+W+yc/ZvHv7Sv/bqe0//1v/qe3//33Ln8O88/7P+/T/vze/9W/71/+XWX/QvHf/Vf/rTX/dX3f/LfuFXr57/O3/Yv3r9b/8pf/6D3+U/+W+Kf+TFL/jT/p2/9n9o/9F/5787+DN+6Zv/4bf8zl/7p33/l/2j/97/9K/9Cd/91//Ff/sf//t/m//lbzn8b//43+MX7v/0P7ps/7Q/8PxX/bv/xi/4W/6G3+Kf/Cv+mof/7r96+Wu//n3+tvlf/Oo/++l/90/YufMXbL3+89bfSf/uv/a//Zf/hsmf/Z8lW3/Vn/tL3/4ff99P/x1fvf1n/tGf+Vf/zvovWf0pf+Vv8lsvfsXqO3/23v/9a/zBL36Df/PNn/U7/bq/7/GjP+nXOPpPfuFfmT/43f/hH//P/5a//X/+Rb/03/2PH/+Dv/9f9Df+U7/zL7r/D/wPZ7/zr/pj/5B/9U//9T76T/7pv+rof/o1fuunv9vv8Ge0f8kf87f/2j/5W/1Gf9Hif/q1f4O/6av/9LOf+hv+mv/h6l/4u//RH/y652//zT/+H13+a//J3/lP5P/Zn/qbTB//acV3yj9u/tN/2Z/z71Un/95P/ouv/srf/Pf91/7oP+z1n/4f/hX/5V/3z/y2f8r5f3T1q/7e7/05f9mbP/dP+OM//Q//vu3v/D2/4R/7y3/iD/0dft8/5lf8k7/TdP5H/sb/wb/6W/9X9+78C/u/6a/9a/7m/8Ts77n7p/5E8x/8xv/9X/DHfvyPHr38e77zr/69f/2/u/f69/392vKP/pN//V//t//peXnv9L/5I/+WPyv/wSfP/rof/4lf+K/8dv/OP/6PpAe/+Lf5Yu8/+gv+h9/5r/8zv/M3/MqLn/w/F//1n/Q3/Njf/tvu/et7f+fv8yf8Or9x8ZP/0et//dunv+MvOP89/60/5eN/8xf8lt/6y/6av/a7/+Ef8V/e+cm//n/+u7/30T/yB/1Hb/7OP/bv+f6/+G/8B3/i0V/+T/7Y3/kP/E93/rT/61/6JX/7f1ROnv7pX/1Zv91v8a/9c8/++dVf9S+lv9EfePH9v/37//Vv/b/82v/Ff/P7f/vv/pt/y//yf2n/+7v/1O/7T/4ry5/4037yJ36vP//dr2h+0z/l3/lXfrudX/sfy/7F59/+lX/e53/WbzL+r/+ef+XXWJz8g19+/+//6t/6z//av2v95yxe/Dnf/XW++tO/9Zv82N/xU7/oz//tf+Hv8h/f+Vt/p3916z/++37q3Z9w96/5t/7r//i//n3/jf/x+/9C9dteHv4Tb3/Rg9eX//zf/4M/cvbn/uRf+MVf/xv9W//d3/77/KV/+E+OHv3p//BvffqX/7G/xZ+T/Kd/0n/8h/ymv0Pz1/1Tv89P/0d/6Ozf/PeTe9/+y7/3n/4V9V/0W/0ly6tPPjv/m/6KH5vVu3/iX/vVv/zL/qo/bvaXzv7d/+7B7/o7/7H/wrPyP/zP/7SLv/ezr6q/5hf/5b/q/vf/u7/tN/mpf/6TP+R3+5P/29/szz/9ff+AHzv9937BL/3b/tz0t/i1T09/red/zF/yH1/+it/lf/vWf/Fb/n6vf8Vv9z//6v/gl/77v/t/+Bv8pX/uT/0r3z79s89+5rerd3/X3/Cf/6fOfpP9X371a/y767/1J/+5r37ryz/v+r/70//2j//ax7vf+ev/41d/39k//fv8G7/Dn/vt2ef/5i/82/6wb/15/+Xq//yzHv3y7/15/93/9Iv/07/5l//e/8A/8zf8n//u//h//tv/5D/4M5/9q//+jz2rm1/+f/67/9Rf9Rv94df/dv1n/vG/67/wf/xBP/X4V+T/ab764u/6T7/9J/wW3/roV/xP45/6N375X/1vfP93+BX/96/xG3z/t/jH/uRv/9RnR//83376z3z1rT/pT/pH/tjHV3/7H/DHn/95/94/cfrjf/9v8+f/5PX/9uf8jv/Qj/21oyx59Jf851/9+v/L7/2f/v7/y/QP/7/+l+f/59/+mb9q+NsHq4a/8i/6V/75b7f/9LP/+c/8V/7JX/Gr7/7Wf/7v+5/8Boenf+dn+3/5f/Nb/Xu7f/PZP/k7/J3/xO/3m/1Tn/2nf+TrX/yX/jp/5vfv/w5/Z/U3/NmrX/W3/OL/8u/89p+7/r3++n9t9h/+3s32o//5Wfntv+BPfvFXPvqf/rlPf42Xf/w/Xv1h/8VfVn77b/mj7vwHv9vp//rxn/rv/VN3l7/yn/5bfvxv/6N++cHf+dnf/Z8v/u5f72/4fb7zaz//O//OP/yX/Cv/9b/y1x+sr/79N3/ib/sv3PnuX/Fb1X/a4tPf85f9jb/5j+/+Bbsv/s9f9h+f/MWP/8z1H/4n/ptvqun/8qf+M7/ev3L4O/+2v9ez/+zv+J3+iZ/+D36H3/Td0/zX/qt/ndO/9S/7I/+Q/+BZ/of84X/ZT/wXi9/7t/5H//vXy+yPWf5b1d/wb/4zv+Sn/szxj/+m//Cf+hv/U3/jn/Lj42d/2j/71/8OB3/Uf/T3/O5/1dmbP+xP/vZve/aH/BW/9W/5O7579b/++3/F//zX/71/wt/47O/9q37b59/5FeO/8J/8q07/hu999aj83/7r3/rfnPxOv+1v/9v8B3/Cn0zz/nu//k/+vl/x6az5sd3/cPX9f+1v/RdP/7fJf334n/4T301+0Z/z2/6PD94umod/76/1vW/9bfnr//rH/qn/7K/59J9/PXrya/x6/+4Xf/vv9o/+Wn/Wb/Pb/JPff/P6v/7nfuo3/OV/6r/+t1z/E3/0H/wn/45/+x/7j/zN/9gv3v/T/40/5XuvRp+c/Tf5r/P67/n7/uWvfssf+wt/5z/jT63+vd/j1/vdf+Iv+B3+j3/67Bd97/f5w/7zv/0nfvrx01/0x/w1f+wf/8/8x3/dH538Ub/63eLf+N69f+0/2v9j/ry9s+Rv/Z/+4d3/8i/8bf7N//vX+OT13/F/nv52/90n/+vhb/Rn/z5//vNv/et3f5eLP/KjvzL5zX773/iP/jt+w7/kt/iJP+kP+pve/Pmf/7t/6d/7l78erf7mP/Tu//I3/Il/6vzP/M70l/xFf97+H/PXP/idvvhN//a/49mf/d3PfvJP/80P/5G/a/Q3/La/9j/f/iX//b/1v/753976jX7PP+T//Kf+/Z/8Jf/wR/f+p3/gx1789Ed/6vPjL37TN//SH/9/PGt/43/rf/+9f9s/97f8A//lP+Tof/iT/s0/+ui//Av/uus/8q9++/f+ev/kf/0PfPfPe7X4ePsv+TP/89Pf6s/45/6Rv/3v+Wv/69/x8x/8Vn/EP/Pr/X31X/SvTr+7+h9f/dSve/Tv/xN/4U98/uR3+N3/9Ff/29/0n//bf/Kf/hu8+bd+0U/8S8Wv/7d9uvXs9/vW3/3V7/RL/ob73/orR3/Fv/7H/JK/8he9/eN//G/5yTv/3N/9e/25P/HwN37519x99I/93v/UX//3/Ut/4m/8d/wFn/+pf8/f8Bv+Rf9I8pf85n9x8c81o1/95/4D/9hfvf1PF3/Br/E//NR/8Jf/deez3/0//U//0t/w93397T/8T/xt/5A/4fpP/1f+4LPZ3/6r/7h7f8vTP/Rf/v6f8+u9+2t/m9/t3/0Tv/hr7v4bJ7Odv+Ofvn//z/y/f41/4vBe/lf/67/Ob/97/o+/8M/8d/6c3/bV//I//BWv/4p/4OyP/8v+mj9j/fv9Mc/+jv/71/hH7vx1lz/1U188/G3+s/89e/vX/BG/zv6f9M8tfu/f6M/8jf/Nr/7Mv+cPa7/6h8f3fv//85//XSb/+t/x51//9LPDiz/7b/3rft+/7Cf/zfTN7I95+zv9ub9l+W88S/+w/+juv/Pb/Lr/xr/wW/3J//mTX/v7f/r3/5W/+rc+/6/f/HGf/OF/5nd/u//yz/upn/zXz368+IVf/fN3dv/6JPmrHn3V0hLW3j/xJ/8TD3/Fv/30b/pryn/tN/vxh6s/+p/46/+Jv+LX+Vf/9m8t/oHf8jf/S/+kv/V3fPsn/Kf/wB/2Z/9+v+VP/16/63/2L/0nv8Ef/a3f6J/+D36P5n/+t//P43/77/9t/5Xf7MXf/V/8Wy//6n//r/lHPv/u3/In/d6/5Z/5t/4O/8Dj9V97/8d/8//pt/h0/Js//fU++m/3Vn/Vv/Fr/M9/6dPf6eDf/6cW+//y7/tX/Dl/8ac7f8mv/5v/Eb/8k9/1L/r9F0/f/dlvno7+yqcv/qz/8i/4H/7lP7X81X/C9/7Hf/q/+9P/7P/64Se/xb/y5o/5rc/+6t/i1Z/3e/67f8M//Qf8Du2f8/v8Or/Pyb/x39z7y3/x2e/6N/xp7f/5b/+jP/mb/tT/9m//m3/0f7r31zz5rP1T/8Cf/Mf/+e/9LX/uzh/9F/0Vs7/97/qP337nP/vPfsff/S/9Q//Zoz919A//M/9O9k/8C2dv/94/7284+f6v/De/9Ys//0P/5H/l5Z/1d/7mf+F//Gt/tcr/6L9x/bf+039V/Q//Bdd/wi/+q//5y3/wX/zDf98f/Bt/8m/93/z5/+ab3/8P2vkdv1P+sd95/uzX/J3+qn8s/eP+vf/hf//r3v15v8XLP/Uf+Y//vt/7N3/zT//Cf/Tqj/g9fvvf9h/8E/7gz3693+FX/F3/1V/7t/zuxZNf+pf/vv/YX/xvFP/wb/7T/9Of9Of/M/f/9L9/kv4Hv+/u8T/31/8T//zv+2dc/vgXV7/P5d/1b/2hf9rf+hd+sbv7b/xuf8Cf/NHf/2e9+vX/wdGv++uu/8+f/mP+lN/h7h/zF/0Vf8GTv/bv3P4d8ss/6N/9m3/ny//8L/2r/oM/4z/9Y/6mRfGn/il/wGX6u/8nf8f/9jf9xNmf/rv+x3/sH/Y/zr//7F/N/+lP/7z/489c/fX3f/F37/1es9/34W/3xT/wm/3Or37X/+5f+JP/gj/mT/72P/1P/G5f/iG/zp/55/9p3/1z/5bTt7/mL6+Pjn/Z//yb/JPjP+2vv/qN/+y/7J/+d/+z3/wnPvtrvvrk6A///f6sf+7P/qP+ud/29/nvnv6y//li/48e/ZbHf9c/9nf8cb/VL/j8Jw5+35/5Q/+RP/zfu/odf/BnXh395K/+X/69/C9983f8db/qT/9n/4U/+yc/+Sc++9Yf3fzbv/Xe4U/+zB/yJ/1jP/3P/9Vv/tgHf+J3fvDnPPvqt/7Lf3yv+BsO/ulf9Bf9TRd/VfWfff+3/cEv++pf/mf+lH/nj/k16r/9f/5H//m/6dd9+D/8gU/PfuFX5eTf/Zv+vbPP9/61L/7R3/mvfvBn/T2/W/aX/Zq/+W/+f/5Df/i/98vO/uJf5z/7LR988o+3/+F//q/85P/y3/3TP/b6D/9tPtn9nf+KP3X5dz78L/6zX/8X/Nr/1Ud/0q/5d/y6v/Xv9Mc9+WPu/nZ/ztbst/51/uUfe/2Prf76pPkzft1/u/73/vTv/SF/9i/5df6qr773nT/79V/65tf7C3/xv/Ln/2n/8e9373f5a/+pX+P3Xv9b/8vv99/v/CXfrp7++3f/jj/h7/hP/7i/4w/4w/6t33/2/X/g9/ovf8m/+5/+hX/U4m/6S7/87h/xydVvMf7z/rC/+a/L/pez/b9h9C/8zr/wb/vH/ojD8a/3+/8G/9G3/+bf4+kv+sN+o7/j8d/71T/1p/72f+13f5ftv/8Hb9fn/8Pf8d+230n/udX8P/jpP/Ojv3Kn+JP++H/jL/+f/9M/9ff9Xf/k3/2Xz3+z03/lv/vv/9vf6Tf4XX737b/z8Pf7yf/ur/kFz9fb/+L/+Af+zJ/6158f/TGf/31/7t5/8O//ir/lv/ifPvnnX/23f8d/9tNf/Iu/4K/65f/knX/t8Jf+zK/64nD8Z/ybf95f8+O/9X9y78/+sZ/4R7K/8e//if/0e3/zf/X7/eAfePjH/If/zV/wm/4X3/on/8rf7eXfvfjr/r5/6n/+a3+b/+Yf2f01/+X/4tE/8Rf/73/Ar1j8ZrN/7l/5k//mf/ZP+0V/0x/6J/7J//Y/+7/+I3/av37/J/6ZJ39y9a/d+dd+6u8/+ksf/ZZ7n7z6a36LP/9P/Z1+rz/sn/zzf/3f4tf9G/6N3/PX+0v/qn/8T/3d/pVHf/JXv/FP/LYXh//qf/iP/8G/5H/8S9e/+h/99//9P/UHX/1Xf+5f8nf8nb94efx3jH/sT/73/uqf/P3//b9o71//9U6//d9/+1/53f+x8+wf/UN/4V/7mzz85H/4u/7d/37/vzv/ndMn4z/lP/urPvtdn/8+P/PLfpv/9g//e771l//9/8Vv/qde/nW/1Z/5O/xtf9bf/Ft+9gv+sObdv/3X/NH/x1/9b/0G3/5P/4q/89f9rX7//+K//BP+87/k1/lTf61v/Z6//a/5n/9t7d/6R/9ev/RP/fLv+K//+H9l+ubv/d5v/O3f/df60z/6Hf6uX/93f/m/ffTH/VV/0d/x+Z/6W43/sNlf83v/u4/+w3/jl/+N/+LWn/+fv7n6a1f/w6/4Z3/6b3/zl/yTP/308Pf7Q9v7L37pr/t3/07/8a/6p/6Yv+Rf/Vf+wj/tn/v02ejv/DX/9Y9/rZ1f69c7PT3/r6/Sf+nP/BP+9n/2e3/D7/qfffLX/Jt/+O9y9E/8un/9L/tXv/rLlvu/xt/7N/6zB9/7Pf/nf/bN6/Xv+/ZvuPxt/9I/8y/6BX/fT9/53X6dP2HxB8//yj/u7/4L/nlad3r6V/9Gv/3//KtfPhp9+9M/7+3f9o//C3/o7/af/AF/+t/+z/yJf92f/ft/9y989Kf/2T/5H/wP/+1/88uWf+2P/bf/yD/3Nz6o/v4f+2/+/d/iN36y/dVf8zv/I//Wr/NH/Pjhv/Xn/8Jnv/gP+HcO5n/c3/Ub/Pif+b3f9R95+gvf/jn/xO/1r/55/17yV/0xf8pfcvVf/JWv/oa/+r/6HZcP/rW93/BPKL7z5k//yw7+q3/iT//z/vI/5jf5sX/9N/sl4//j713/Ln/yr/mD/+Nv+0v/x8t/4ff8W3+b3/NP//cf/Dv/yGff/Tv/3b/qn/yDf5Pf6ezF7/lHf/qXf/p7fefX+ef/zt/67/ob/o7f5O+aPBv9s3/GH1b+rb/Tt7/48f/5n/vHf93f7PLfvXP41/6Hf/2Lf+Tvunv4d/z3f/df/1d990//ly+W/+u/8Hf8N3/d7/XTf/M/+Kv/jL919a/+F2d/5fEf+7v/Wa9/+s/45/+Ov/7zv+bNf/u/fPSdP/ajf6D9s3b+stEf8u5f+xP/hl/7T/11/7l/76cf/6O/+6//e/wfv/V/+0f+N3vf+33/q7919vw3/9N+u/M/55/+73/V2fYf8eWf+7//1dUft/xT/ux/+7P/+Y//2/+Fz/66y9/y/F//y5/++r/u01/9G/56f8nf/xO/0/x3+q1+/8l//bv9M+/af/fR//L3/1VP/prrL6q/5fuf/a//+en/nv57v/mTk9/rr/4rf9+/8p+v/8L0z/nd/pnf8ft/yb2/6t/+S/6a3+6j3+Jbf8l/Of1jrv/F/3H0N7/5x//c3/df/Kf+1T/zn3/7+/7jv8/xf/cv/yG//T/1b9/9XT77zX/Nv++P+HV/jz/yH/z+X/pj//z17/r7/Km/7e/2l/4Pf8Fv+u5f+mN/m/Pf88/4TbK/5Df923+/v3v5u3/vb/kX//A7xZ/+d/26Wx+9+TX/5ne/8R/5+3/1g9/ov/rP/+A/89f9z3/zj4pvf/F3/jq/3x/w7/6i+4vf/O/54pf9Ef/jX/zd/+6f/Qf+zT/x7/vsX/v9Tl/8qc2/vfdf/oNnf9o//1N/zr/8647/27/tr/2X/9wfnP7tl//Kn/tL/tcff/PvTJ4Xq//wl/75X/3hR7/2X/ZP/MOP/84/+uO//J/67f/ML37V3X/8x179CW9WL07v/qLf4u/8i/+pP735O/7d0S//n3/XP/6Xrv+kf/I3+Tv+hf/hd/4f/uLJ7/jf/h3/7g/+sN/2nzj6PX76+N/66vrLv/p3/rX+0T/1d/1X/os/4J//6i/5Jf/47//7/0H/7i/8o87/vn/9N/vj63/gb/nv/9t/57t/+r/+hz/7K5/+5f/yr/wv//N/8tt/+ZPs70hffefv/3v/nn/oX/3o79ja/j3P/9JvPf/u7NmfsPUH/Sv/67f/4L9870/+c//rv2Pnd/kj/oJ/6ie++uf+wD/p7/u9/rzyj/kH/pB/4dcu6t/i+Lf+v37jN//Mt/6af/zv+af/ir+i/Q+/+F/+jH93Wv7Xf8ffe/H7X/6iv3Dy9/69f8zfmvwh/+ffON37zp993H7yG/81f8UP/pLfafaf/4W/1b9z8p/++T999//+NXb+gt/3N/y/f41//3/4p//A//k3/cf/u3/nn/v9f+v/5hf9D//pH1r/iX/UX/rr/Jb/8unVH7D7tv1D/7F/5fNF+91f8uf87V/kf/sX27/y3/zq3p/2P/8Vf+7/+Dd8+isvyl/8L/wX//3b0Z/4m/+7r/7p+W/7G/wR/+lXf9Gv+y/uf3H62//mzZ/w+z/Y/rv/53/+b/s/Hv/Fj/+u3+PX+fv/7V969NVv8g/8X3/vD37dv+vNn/Xr/V0/c/Un/n1f/GH5n96e/Ka/4Y83v/HbP/1f+yd+9S/8M36nx8s/5vf53i9pXy/2/7f/8/l/+sUv+xs++3f+y3/707+z+erd33av/L3/xV9w7y//m/66g9/7xV/7B/9xf+2f8DP/5v/83/+Hf8Lir/w//qL/4+/6Pf6DvzOnVftfsfhPf9P/9PJ3/wvSg+9u/29/8O92/C/82//63/qb/4+LP/JP/G3/3e9/+nrxvb9j8df8sX/13/Fb/pu/5Ff+Iz+4+D1+vb938Xf+Z//tn/cfT//9P/0X/cWv63/lb/l3f81f8cf923/9H/XR+Lf8s3+rN0//mf/44f/23/+Lf8L6r/w/MIL/4FfO/sH/7Y/8I//Iv/UfrVZ/4W/w2/4G/2L96737L/+x/+kP/q/Lv+Cv+Qd+4b/zX/2Cf/6zP/0//LG//C/5E75//+w33vtL/ty3f8kPFv/A0We/7G/4e/7Tw4tf8E89+Hv/mr/0H/+L/9rzf7z9Zz/5i//mv+63/xv/mF/57NHfsPtv/qO/49V/+ucW//evsfV7jH/TX/n3/9t/4H/xu/yyf/Xt/v/2h69/7f/xd/29/pTHZ3d+ly//k1/xmxS/8j/+947+wl/r36r+zn/iy9/gP/8z/u5/+Z9Y/ZH/YP4///m/zb/4l/9vf+e/+I/+d+t//2///u/8H23/9bMf/2f/5b/gd85/59/vp/7+F//83/iv/5f/6l959Oc2Av/L8W/0B/71/8M/S3P+P//P/+v/9t//4O4f9hv+ued/9m/2963/k5/5e3/dy9dv/sI/tmp/j/lf8V9Xf9q//o8s/5xPv/qd/7Uvf8nlF8//m7/i6t9cNH/Ff/Df/af//n/33QfrN7M/7Xf+O8qf/ON3/6TV21/j7C8o/v2t/+qv/tP+iz/v7/4V/+4/+Dv9u1/+quNftfoD//7/4Z/9n//AP+3RL/57Lv7C7/99/+A/9Dc+/zP/91//P/qL/5NP/tt/4B/8Z/7P3/bf+Dt/6V//y47+xz92+2968K/+qr9v+8//Az/Zyn6XP/Hg/7j+N//tL//iv/zij/wn/7c7s//pF/21f+w/8tev/rZf/q//jX9r8U/+g4fNf/rnF7/8f/tHrhk2DeC//R//27/t6u3qz/uHjv+e//L3efA7/E9/0g9e/tH1YvGfPv6PP3r1D/yDf/Lv9Rvf/3d2Pv1N7/yDf+pv+xsmv9Ef+9c9/tW/39Mf+4f+173f6Ht/5z+2/8f+1qv//vQ/u/M7/j3Fv/IzP/3pP/93/Nf/0W9z8BN/9p/13/5Rf/SvePKL/7bfYOuvfPpbv/2//o57/+L4P/jun5H/L//A+Rf/SvV//xr/zMu/6W/5N/6j7/+n//r2X/G93/cv+d1+s7/sb1/8eX9b82f+5ufX/+i3/8s/4q/7o7/1rb/4/m//n/+zf8ZfnvyT/9Nv8F/+Db/ef/EX/+d/1i/8a//d3+Ly//oD/8Df94/4V3//X/LVP/uP/+X/1D/xj/2x//uf80/96r/tf/+D/+xf9y/7F/+Tf+Hf/W9/2Z3/43f41V/+vad/9at/+9t/WvL93+QX/OE/8elf8Tv9WX/If/Db/iX/5B/+m3/7n/0P6p94/Y9d/sN/wH/wd/wF/9NfW/+1/8HLf/cf+Q8/+6U/8a2/9jf5d3/R/Kv//c/9e/6Wv/b/uHv9+27/k3/QPzL+bf+WZ3/R3/cLfo3/av17/fmf/IJ/9G99/Uv/iYvf9T8//O/LX/x3PPpnvvwlv/wP/Y9+wV/yb/+HX/ySn/4vfs3/9ff7u3+LP/Ef+3P+6L/oz53/4t/3V/9t//5nf9p3H/33/92/cfrJu1/jt/uTk3979v3Tp68v/75/4W/7Jz/73f663/QP+SvaX/23/u3/ym/1J/74/Mu//Xf/a/7JP+1//nv+0T/kP/19f+rT/+p3/jV/13/kT/gr/ozPf+N/7J+5+Fd+rPkXn/7nf9ujkz/yT/4dqmd/xcPf9h87/H1+x//jL/9bFv/c28V/84v+i3/hX/9nvr34S2a/2f/+h/7xf95f/8f9FX/C+p/4Vb/P77v4K/7C3+Y/+D9+8Xf/vX//V/zDD5OTv+O//wtHr3/y7/wX/8W/8S/J9n7qz/vJH/stf+yfr/++P/XP+e//gX/58V9zNS3/8d/u0//iV/19f8vWb/YP7/9hP3X4O/4Vf8XOnX/5N/upP/LOn/T0V360WE3/uD/tTzz4l//o/+sn/+df8GP/yl/10//5p6d/3r/3a/2bP/F3/DPf+lOWbfk/Pv2t/v3f6a/5Y/7p/+rv+HsuvvyJ33r/36z+6M/+5j/sp/79vzz/j19N/rW/5ff7jf7rV8Vf86/+oX/1b/7bJn/pb//61Ud/ya9e/dX/w79TEdv9b7/qyfXql/72v/hv+T8O/q/f7D//C3+X6k/4N/6T/+0f/i3/hf/pH/r4k3d/FOUoFw+++5OTP/97f9gvyPf/5//zX//+9/62f/mr/+t33v0f/pk/5u3f+Pf+vr/4Hxj96vW//2//G3/O71z91OXr43/1e3/cv/EP1f/A7/DHfOsXfvcfXf5M89f/Hv/5j/3n/+AvuyTd+Df8h//qv/+vTo5+l3/sX/1Vv9Hi7/9u/nf8l4++/HP/pvyv/rcvDv+X/V/nn/t9v/jn/s8/5J//9/er1b/16s/8/X+/B7/1v/2Ptn/H9m/+G/1mR3/K03/57C/74/7tnzh8+Nv8vf/WT47+zT/4d33zL/zxX/wlP/4X/fI/5v7f/Vv/F6/+ij/g7/mTvnXvL9v6+37Rn/7y4E/+d+YH/9XjB9//hf/aH978Xn/pP/OP/Ct/+b/2F/59/93v8Zf8D//Tr/xH3vyX//Wftv3fV//Lf/lXfPVf/A//zejP+Pfz//K/+w1f/BG/yb/6u3731/0zf99v3/9n/vjvXPzZ/97en/ydv/Lpn/XH/17L7/23sz/1WfMbn/5Wv/zsd/trd85+tz/lB//p03/1i3v/yh/ffvnF/X/i/r/J//y+09/u3/zt/ondP/Hq7/iTf7unv/k/9Fsd/+btH3b6W/4GH330G/xRf/R/9Ef9eX/yp//Tz/yV3/+T/sff+Vf+xv/lX3C6/i9/39/9we+8/kfv/aJ/8jf6W56e//Rf9vSv+Wsox/kvTv6D3/xX/fk/9n/9if/R7/L3/Fqf/ZnVf1P8yn/y//41/o7P/uSjv/r/+Cf+71/jb/2d//a/61f/pf9Btv1v/q7Xn/5lf8L/+pf/mie/y7/ze2V/4e/4z/+S3/Xiz/xr/tp/4c/5fc//pD/9X/1Ff/X/dPifr/+zl3/g77X6j/7JP+341/nzFp9d/fIf+51m/8Bf89f8Xv/S9/6Yv+t3+Dv+/L/7W9W/86f/Nf/s499g9Of/4A/98qf/8kd/0J9w+Te/+Y/+/n/6t/sz/4JP/ol/50/5K6e/4N5v8Tv8I7/Oz/wT//q/8Nv9pX/R43/z78r/8t/0r/xb//Hf43/8b/7cX/f3+y3/x//91/oL/5df8vA/vfr9Pvuv/phf+6+a/YriN/iv/95/8E/5wa81Xb/6F/+h0x//4/77r369X/Lr/Hv/wD/+a/82049+wR/1K/78f+rZP/d3Hvxxf/Jf9Hv/zF/1U7/em1/0X/07v/JvPv3r3/zKX/Kb/Ne/47/zN//U3/mX/mvH/+tf/dtu/zbbv/Cv+03Pfuav/vde3PuJv+jvT/+t+/u/zW9y99f9vT+e/ZO/6Kee/jM/8Uf9ur/i7R+S/vTBq/Jf+yN/gz/n7/nW3/jf/gs/+O//hr/xN/hf/ux/4K/5J/+kP+tf+/if+Pf+xL9v9G/kJ3/Y3zj6Pf/80X/yhxb/zKs7f+of+w//Vf/13/zb/Rf/xD/+6/2dv/JP/rN/i9/uT/29/7E/fPsf+zue/H0f/dv/8O965xe8/i8fHP4z/+lP//vfu/Orrv7T36b9tRb/5vk//IM/5P6f8nf9W3/Mn/aHHPxB//ev8WP/ZPFH/aMvHv3b387e/WF/6x/0J/+dv/Wf9q/883/F//bnvXn21b/+n//h/+Zf+uRv+Bve/e//3a/+7D/4P/+cf/Hd//JnXvyif/Pf+y+e/vTy3/8zHm5n/+N/8PKP/q2+9Rv9L/N/4x+9+vIn/8a/9uwP/V3/9P/kf/mH/8Z/7tdt/pb6d/1brsd/6I//kb/xP/mH/qUfnf1N/8v37vytf8df3/yxn/6nf/vyj/9V/8xf/VM/8Sf/Xb/Hr53/zePf+x/f+vE3f8Fv/Rv8Zf/Zf/zH/QH/6l/6Z/wmh7/T5/92/iu/+sN/vPodvv1nrv/O3/GP+EP+m1/2n/wlf8nFo8+/87/8i//in/6f/TV/3v/6p/19v93L9e/1C/6E//j3+rF/8rf7Rb/Twf/6K/7b69/k7//1f8v/5ds/aP6lv+E/+90e/q9P//O/7i//N7f+x3/pv/j1/5Y/68Xv9Xef/W3/yj/wj/8Bf+wPftnv82v+e3/Fr/Hb/M1//uro8Bf/ij/nj/6X/sbf4GT97/8tf/Z//5f9k3/27/Zvlf/YX/Ib/po/9Qd85+Df+6XT+b8w+vQP/87oPzz4a/75/+jef/0X/Pe/8y87/c3/jX/lf/pzT//Jv+FP/M9+2V98/T/9il/x+/9W/+ToV/8df/gfsv3iV3785/1+f91f8/g/+33/lN/g8a/1V/2p//Y/9Kv+lz/jbx79rfv//faf9xv/efu//e/39Pf5zr/72/5xf/HvkJz/TZd/2D9w9Hv/9vO/91eXf+if8Uf+63/Gb/bu+Hetzy7+lL96vvxj/r2/evlH/Gn/2N/9p/92v/xXvl3Pd36Hv+arv/93e1KXf+kf98W3v/vv//Rf9Mlv/1/8B8vf8/Wvcfan/XG/RvKf/rr/w9975x/+077zh3zrp37d3+vbv+I/+wv+uz/x6K/+a/8dUlF/+8N/8p/4/MH/9qf8L//6L/if/+ZP/6g/9zeqf/yf/8+2/7evfsnVn/T3Z/9S88cvftcv/pI/9u/4k/7MP/mf/2eSh1vZ3/1n/sI/7LM/+099/Rv8cb/Ff/ybZz/1V/2H/+Uv+29f/L1/X/I//C+/8qf/z1/1W/xeL/72X/j3/VZ/d1P8mp//6bt/yl/56NXLP7v4o/74v+ufa/7j3/DFr/OT/+r44I/5T//yv/bJ//CH/pq/4MneX/0v3f/ot/nLXvzKu7/1f/vL/rfFf//uT/vv/q2rX+P//Of/oV/6l/1Zv9u/9Gf8il/1vf/54Pf9ff7VP+9v/+f+g3/6s/Xv9Yf+ntn/vvwz//5/46/6bf/kvy//FX/m83/l+//Qn/WfNh9/9hv/S7/d3/l3/87/+b/zt/yNX/zqv3v5j7/6df6cf/+3z/+p3/xf/7fTe9/54/67f/v3/dV/d/EHH/1mf8pfcvC//23/Rv2fLP6t/+HHX/5J/+Y/+vv9lv/O3/Ov/+a/R/J//W7/5d/xl/9df8o/9Oa/+M9/9Z//vT/h3/2/f40//I/8/f6Z6l+981v81N/wt/4df/x///v+Jf/gv/lL/4b/oP7zmp/+lb9F+S/86//Gv/5v/bF/6e/wR/0rv9s/+Xv/o5f/9d/7L/4l/+2/8vf/BT/93Vf/0ne+evBfLf6n32ee/NjLP/if/O//mce/4Hf4R7/791YX/13xX/z3v9a/+Vv+bX/h/NVP/Be7v+qL3+n7v9e/c/Dn/J+v/omjnyn+2//gV/3di7/lH/xz/4d/+Y/4Vb/Gr/4Lj67/m9/gz3j2t10f/Fd/zC/56//g3+53+k8/efvr/m1/8Mli98/4dR5+8dv8Phf/VDr638e/LcXI/9X/9Of9Pv/Vb/kP/nrf+zOWf8mf9Qv+q//+7Cd/v//9v/0zfvmfP9v5r9Z7f3j6T/7Of8uf98v/nrd/0l/+0V+Sfuvv+mf+mM/+0r/n3/uDr//C3+dvefqL7/xjl+nv8O7P+s8/+8P/kH/ml/4e/80/8t/9sp/5tK0++x3+51/1D/1r/9Xb/+TP3l7++D+3/qP+9L/mH/4z/rDf9f/8E/7kl7/Z7/bt3/m3+8t+17/6H5/9O79Z8g/9ol//H/+z/7t7v8nn9/6AX/HP/mP/8ulf86v/6z/pf3zxh3/vp3/F3/ff/An/8n/z1/+rv81/9Fcd/Om/7Z3/5R9J/o5f/o//er/v2eyf+fxl+8/9mn/Lf1Ls7f7mtLD49/wJ2T8yX/8Jf/2v/e//a3/2f3b0L/y9b//2X/nxv/CbX/zMr3p9+R/9M7/5P/Y7/DF/4+9793dd/63bv+Ovefrb/+n/1l/yR/y+y9/rPzh8+uv+13/D77/9t/7fv8b/9mf81X/x3/H9P3D1v/2ff+fvcuc3f/WX/g//3U/85b/k7N/+R/643+Tv//Jb//hf/tH+46P/6/f9Fb/l53/gJ//+f/nH/9n/6v958X//Gv/N//W3/Nv5P/er/pTf/Z9e//f/6b9+dfkz19d/2l/63z38k37ls//h5b//J5//Y4/++D/5x/+J/+uf3/pr03/0v5j8i/f+1D9pf/0H/9H3fr2/+a/99r/1Z/w7/9Ev+1v+3tM/6zf//p/+f23/0i/+2Ud/8vLVL/0d/4e/46//9e78sW/+ysVP/8yf++4f/jN+8ZPf9e/5Rb/v7C/9Q5//uT/xz/1lr/+dX/RLfoO/40/5jX6zf+kn/+W/7ePf8A/93b76JbPVn/Sr/o9/9t/8x39J9Y//rf/i//JHPl39k+27l2//850v7/+2f/C/+z/9DZ//Vb/rb/Xpf/Ff/huPftNvHfw6v99/+fa3L37s2cFHv++n/8Cf9Uf9Nn/bX1H+eb/0q4/+yMdbP/Njv+gv/zf+0ef/1e6f9ff9oVd/+h/7D/xL/8E/vfzv/5lf/fpO/Tf81F/29/wj93+TX+uPf1H+MWffvvPTv/pP/vP+3N/63/wt9k9/6b3f4g//O36/4p/4U7/7l338Ox9tH/6Of+Jf+uv88X/Mb3r/f/hLfpvdP+4/fv3n/Me/6J9/+N9v/Z//7H/5G/wvfy5FVYf/+F//3f96/Yv+yn/zb0v/9L/2f/1P/sn/8L+Y/Ne/99/y2/0906N/9K+++x/8nZ//x7/O7/aLf5c//8kv+JN/o//9d7n3Z16/+2v+hd/qT/hf/rC/b3nv7/lr/o5f9KZZ7v9W14t/9e/93X6rf/V3/QP+1t/19/3vi9/x7/wb/4rVv/jkn3n5X/6VL/60pyfHxT/w2/29f+W/Mv7L/vU//b/+q1//Fb/oP/7v/t23/2H14L/7v3+NP+CP/Rv+71/j9/hLfo9/+W/6/f+DH/vyb/mNfsmf+z/+l//7H5l//1f/tv/BH/kr/ox//M/78V/26Lf8P3+Xf+j3aJ/+6m/9h//av/o//on/969R/uLf6n//K3/Z7/h//XOX/+Zv+j/8iX/P3/jnPXz22/5z//jdP+HX+0v/3t//Fx/8ij/mN3v1v/65/9pf+vkf8Bv/x9sfnTZ/2fL3/kd+PP1T0n/uP/lfFv/XX7b7J//mz3/yn/3d/s72T/0PX/97f+Zf9OC3XH53efbdX7v9xf/C31j85Z/9WeO/60/7j7/7b/85f8s/8/r6l+7+0/kf/gtfPZqv/uB/9Iuf/kP+4j/hF/2y3+nX+5fu/23j/+Zf/2/rf2L3X179/c3f9Df+s//nL/ve//bP/A//zj/5x/wPf+Jv9qf9mb/hP/+//+X//R/4O2SzX/aX/8u/7t/zl/07f+Uf8M/8X//0P/LvfNH+2O/0k8/+srN/75989g/u/eb/2t/3+n/a+sv/tr/oZx79nv/en/rbfuvf+ht+x731//1rXPxr47/nxS/7a/7NP+z3Wp3/Uwf3/503/8ybP/Av+0sv/+zT3/z3u/7tzn78t/3JP/PZJ3/Q//I3Xjx8/sn51u+5/u3b7239I//K3/2H/VO/2Z/yy37fX7j6s/+JX/J//D3/8eXf/Zf+fX/cP/+t//vXSD/7N/+xv2Dv8ZNf9tP/6j/zZ/1z/9O//pdc3r08/au++2f8YUd/0l/w9jfMP/mTl5PfaP+3+M+/9zuRUP1n//Mn/9Tv/Ff9i8XDr/6VX/S//D3/YPNXfut/HX3nD/8zL/79v/cf+g/W17/rv/bn/BH/+md/9m/1Z//Wf/Jf+c/8tf/If3/x2/8Jv9Xf+Que/dN/zh/4S/612cu/93D+V/+1v+ff+Ov+57/t94s/6j/+k/+Fv+63+PVefve3/33/ise/5B84/O1/39//P7/3x/3MP1f/kV/8zv/d3/D7/9FP/uKfmf5Z/+efffWP/fX3P//++vDXfPcn/Ftf/mO/9y/6Q3/Hf/wfO/jBT/xR/9vsfzz9h37Jn/3mb/rX/o35v/Twzvg7//vf9df8+9/7e/+ev/P3qV/+9n/78rff+8+//zM/+CUfffHwN/lTXz04+J+O/6lXv8N//5v8Bp9efOt3+Ev//b/4d7z/W3z85Pf4TX/Hb/27//3Zr/3dX/M3/x3+4d/it333g/Fv/fAX/5n/6H/xL/yzf+OfVv1z7S/5Uyb/96/xP/3L/9HHf87f/Ov85b/w15n+zcs/92//z+7/5R9//Af+7m+OvvcPPhk9/HN+raM/7vf/zf/Tf+c/+0t/s7/lv/4z/tF/7M9Y/NV/5x/y5/2Z5e/x9p//J5/9st/qt/mv/t5/7T/87Bf/HV/9JX/o/7L1W/0bH//rf+kf1l6lf8tv9Hf9fT/5d/1z//u9y/3vLz/9fX/X1fd+/N/+bf7Fn/pv//jfbOeTP2zvJ37df+Hhf/o//2/f+tX/+3/3+7/69//if/wvePXo7/s7f91f9fx//rt//b/sF/8df/f5//mHnd//6d/9t/9b7//JD36ju/ee7P5Vn/1N+/u/9OXdi1/0p//pf8Ef8yfuX776bb/1x330X/1P12d//N/yL3+8/mP+9r96/T/8L//u8n/59//9Xzn+6y++TB/+Fnf+2Y9+/V/z+83f8nf8H//ML/p7fvnV/j/19I/4T/+z7X/2j/9dT//M6d/+H/zEy+8vfuXBl3/LH/LftE/+4V/8P/3h/+Zf+bh981/++X/mn/kb/crf9R/4E/+oX/F33l19/gf/0td/7r/xi/7Jf/lX/D2/3t/xb/zfv8Yf9fR3+Lf+un/pT/0F1a//+z394//03+i3+uP+xctf58dPf5c/5rf7r/7Z//N468/5s/6AP+c7f9+Xnz8gJfTTf+i3/p2/6+72//L7/qKP/767f/lv8wf+2bN/ZusXPt/7W3/zP/wPvvOv/7F/3e9S/k6rn/pN9qY/9df8puvf5s//N/6EX/snfsc3z99+8e0/+7/4u/6F13/hF3/2n/gn/IK/+H/+y/+zP2/2V/6T23/mf/o3/Lb//E9+fPfbf8W9f/Lv+/3zf3zyv/wz/83d9Df9XX/Rb/Xn/VN/8U//J4e/zdu/71/5PX7XP+NP+R3vzF79hr/Tp//8w1/7nzy5/NY//E//47/3f/kr//W//w/8vZef/wN/0e//W/y1/9Pyt/noH/0d/4Zf54/+zf/Kb2f/xqvnn/7uH/+C49/tu3/WH/fv/sn//N/9J/5t3/mn/uj/6Z/7qZPv/5m//S8e/bVbyW//+/32H33r48ff+it/t//yT/8v/+lP/7SfSX/Vix/7z/+av/u//uk/6D/8+N9sv/ruv/ib/TU/+Xf8zt//Nf6U//Pv+MP/qb/2v/32b/3X/3avfqu/7hf9e5+Ot57+Ab9V/bctf+O/6env+PgX/Hc/8dVv99/9oT/5z/3yL979n//9//Df//v/zr/wF3312//dH//kt+7/3eviv3z4Xxz+bn/FL/xX/4K/4p86m/9v/8yf9J/+Lb/gl/7g73vxV//YH/vH/8X/2R/1p7/8l//C//43mP6jx7/Z8fOLrb/qp/7U3+4f+YU7f/6nv/O7/+C/+0+O/vj/4S/4D/6n/+t7/8R/ufOT/96//8/9Y9t/7j/0p/7yf/U3+79++70/7/VP/rrrLx78uX/+X/8f/KN/+LM/6Hdsfps/96/7W//u3+Xf+AV/zy/4h/Z+7Qdf/aOP/5u/9ff5d/+KP/XyX/rrfvXn1//873/1G/3vv+KX/D15+mu++4O/NfrOX3fnX3/1R/1z/9Gf9p/+j/t7H330G/5Ov+tv+eCrf+x4/PTZP/2Xrv+p/+M3+z1/49P/+A//iTe/03/9T/7Nl7/lr/o3/6ZPfse/9K/53Z/+fb/1/3b8X/7T/8v/8T/8z//7b7j+y/7+f+yjP+L4j9n7g15t/SV/7ed/+7+3+vg3/+++OP3rfubdL/zk9/oLf69/4fTP+wfb3++3+XX/hu/8AYs/5e8u39z5yf/u8lf+w3//3/Pv/a5/w2+w9e/+omffz7+Y/n3/2J/2+f9U/fi//yf/Y3/Af/C7/XG/+Z/9J6Xb/+y7v+sH/+qv/+v8eb/fP/tb/Yaf/9uHf/G/eeef/TP/xN/jd/pr3v3Cf+7f+fN/zX/tb/s9tv750U//tv/wxe/xe/7v//s/+vf8r3/l//4b/vkf/Znbd36tP+r3bv/Rdw//68//wz/3F+//I6P/+E/d+nf/7d/pj//7jg9+wV/+n395f3X55G/9U5L/4fG/RcuhP/HfXv6t9dM/9Pf5D3/dn87/5uRP/S+/s11/8a2/fu/N7/BX/17nv8ef8/f+2t959Zf8A6Odv+XPuEgO/uO/4uXx/b/t/O/6b3+Nr36Dv+hPuFOkT36d09/p4if/hj/2n/9Ff/yf/Plv8fv+7Rd/0l/73/zkP/JH/uo/70+492f8ln/dL3z5K/7HX/+P/xv+nv9i93f+G0//qf/syz/0W2+/87/nv8sf+SRf/A7/0a/5Kw+fTf7hf3b/F/9N//6f+vv8iX/XH7r49/67B4tv/aWzn/hL//zpL/0z3/wBf9Xpn7b/B33rzX/9m37xi/6IX/Nfe/t3/OM/ePN3/WO/7/nnf9u313/L73x98j/8Nn/GX/+b/X2/11/yO/5ef/nr775bPfyf/5G/5KNf/vud/c2/8hf/qr/le3/pD36Xv/j/KF8/vvonf71vJbM/+L/5K05+x//hr/3ff9fTZ9v/5lfP/+k/L//2P5b8Otd/0F/1v/zYb3L0a/8Xf8nf/Bv9g5++nv9v53/K5//cX3pQ/kef/A7f/13a//rJX/Lyf/xn/vp/uf3b3/w1f+j93+Z3+Vv/q3/l7W9x5w999cd8+Zf90X/qb//gF/zuv+jP/Nv+qT/1L/4r/rd/4U/9Ner7P/5X/NVn/8b5P/V3/Ad/8j/1N/5W/9LLv+1v2Pmj/7j1i7P//e/4t3/tP/Q/nv/D10/+gt/2b/z0q3/vj/nlf9Jv+1s0v9P/+cV3fs9//q/9t3773+fh5//E7/sLf5vf57f9DX6tx7/o9dnhk9/zq3/o/MWzB6Of+K/+149/t7/+9/nLP7rzh/0He/9G/k+/af7Ff/03/LN+x3fTv/2n/prPf/C7/dt//D9Z/g4vRsVv8vf96q1/5Y/5W/6tv+fJf/zpv/Vn/23/8G/xN/27/8Sf+mt89g9Xf0abUJD3H/xZp//3r/EX/P2Xdz/7a3/HO3/T6b/5B/6F//Lv8l/9W3f/x1/nr/y3f72jf/5X/rL/8+Rv+Rv+zz/2fzz53//Zyb/gZRL+dJtJ+GN+yetf9cf/37/G+eHb//ZXPvkPPvlB9c/8Rod/5h/cvP3f/+4/9t/5we/107/Nn3H+z/3pv+0f+xf9pb/Pn/R3He7+dr/ZX/Rn/X1/7sUf89/8dWS0/4X5P/DH7/wJf+6Df+HP3f7TP/1HfvHf8Z9d/bHV//C/fvGP/PfvvvXr3X9256//J/673/zP/ZP+qp/4ff+sF//zT/zTv1Hx/Oh3+EV/7Wf/3X/6O/1bv9cf8B/+nv/yX/n3/rWP/szf+Rf9D7//+T/xKx/9b6f/89t/5tM/7pf+13/pw2/d/+3/1snyl/5ge+tP/vJv+A0f/t7/8fbr3+d3+73+kN/+p3/v5uVf8sXf9o/86v/hH/tXf/O/6rf+A/6B37L+p/+T3+Q3O33z39z/5//76jf5z/7Kv/87f+2/97f8bq//sz/hj/7N/60/8vlf+Zf+9//5b/1T1/9M+9v9CX/Xv5wRO//1f87s21/91j/x1W/wz336U3/433b64o/5a07/xD/31d/wT/3g+lfe/zt/27Or3/9P/tV/xv/65zyZ3P/1v/PH/D1f/rK/7q/5te//Sf/gn3/y1/8+n/3dv9af/d1//ON/6W//8T/k5E/7o/7a3+a3HP/6n/6J/8Pqz/xr/r1/YOd3fvZX/Ku/9e/6m/7N/+h/+K+P//CLf+tP+3se/z71T7e//p3Rv/njX/xR/9TJn/7iT3z+Z/82b1d/+Y//D4/+vT/tT/nPLv6Sz/6RKvkP//Inxe+b/xN/7G/wx/+bf9Sf/pt9+ZN/+Onv+5f81R/9Fa9/590/7c2/+N//23/m//aP/s9/77+0/j1+zX//93v0i/+Cv/G/+IvX/9p/8fGdP/xv+9v+7tVf8+R3/zt+qx+sfvt/7d1f+9ce/xWf/FHL3+D3+Zv/iOvpn/Wf/yX/7X97+rv92n/2b1h8kv0pf8Bv9ckv/Iv+x1/vV/8lb/7G73zxy+Zv3v4LL/7IX/j4L/krf9/tv/Zv/os/+83/5eu/+a/8M5d/+l/y6/wh/+Y/+Vf+iT/2dzz/87b+yX/0+nf8E/7e3+jP+tue/z1/8B9++sUX/8tXp8+v/t6/+j/48u/4L//C3+Xd3/nPHB09/jfe/Rm/9v2/5O/6U97+479z9s/9K3/23/zb/3Vf/IUnxfTfvPytfpsn61/zD/2x3+P7f95X/+0v+nf+mN/nT/qL3/6Zv92/kv/C01/2dyz/6V/7t/0df+b0f/l1/rsHv/t/+/f8kv/8s9/ib778x/7e7b/n/3j3x/9jf8qbF//oo9/qn/h9vvs7/RpP/qRv/czTB7/Ts39v66/b+rHf4NF/+p/8Gn/9X/Hv7v3e/9Tf8cVvd3Hnb3z1rbt/4pf/zj/4hxZ/7h/5+P4v/+lfcPzi+rv/y5fNv3H58cu7f+Tb3/Nb/81v8Iv+iX/9/s/8rf/Uo7/97/r3//zf9k/7436z53/N7m/3a//p03/ox//rH/tF/8t//j//r3/d3/cf/H5vv/yrHv4xf+/f+Vc++d6dv/7f+7fe/DV/2O94vf+X/Tt//Ozf/taf9q/99sXBL/87f+d/8nuL2T//W13/l3/6P/yv/Zv/yj//j/1x/+bq+b82/U8/+R9/s7/6f0t/8Ff/s1/+iX/zw+n/9J9/N/9V/9Av+Pjxf/6//Qd/66O9r/75v/bdf3v1J/xJ7T//F/+l3/2Zf+C/+1Pe/ja/4Nf51/6uv+1n/qJPX377v/vF5//Z3/bv/OR/efVX/6m/8+j8r/mr7n35a//9v9W/n/3r/86v+A9e/FfV3/VbHfyK/+wf+PX/uW8/+1ff/Fl/259xePz3/Wvn/8HiP/mzfvWv+nX/u//kD/rr/+7f7k/+rf7M3+9N+5f9c9fP/+q/avWLyev/K/6uf+IX/cu/5b/7P/7bf/7/9lf9T3/n0X/6P/xZf++v/nf/hru/9//5P/5bD/6R5nf74/7P//Ev/R+Of/IX/cb/3Z3f6+z3/bf+qn/y1/m3/+hf+DP/9D/5h/76e7/z3/OL/qx3f9c/9PxP/S3+rZ/48q/63X7Fn/BL/r7Ff/vk7/7v//fTP7v8l/+Dv/Tf/a3Wf8xff/lv/uP/zR/2l/3hv9Nf+o8t/uHyz1v8GX/Ob/sb/Xv/3B/94ttXf8R/8nf9B3/4r/39P+qf+bf/1L/hF/yVv+nDf+QPeP3Jn/6rftk/+w/v/o//1m/wn/+Jv9XR9/6+J7/f33/3d/uff+Xf+Tu33//xf+k3/YN/+t95ePkX/oVPfve/+A97+s/8s//08T/wF/12v82//Ff9sh/fffMLf71/5O+vP31R/qJ/4u79d//UH/Dr/hk/8Uf9u3/6P/n3/fH/TvXoT/w9J7/if/uJk7/2J47/+y//ld/nDx/f+xvOllu/17/03/57V//8X/0b/tZ/5e/5+2Z/5e+w+6+c/y8f/fZ/2W/+H/4Jz/66/+mf+/IX/AM/8fq3/ydf/L7kw/+yyZ/5j/2Pf8TyT/wv/4a/4b/7C/7T//HH/s/P7v5tf++vt1ue/GdffX//b/vb/rbf/W/6c/+Jf/bXz/+tv/ZPfrD12/8uv/Thb/R7/PG/6a/52/xxf9Q//Jc9+yf+/bu/bO/7//5f8se2f+2/+0//B3958ncuf+rf+OP//OSv/B3+/PLbf8U/M/lLv/r2P//PfnznN/ud/+Bf99f8s/6Hx7/e3/O7/Y7/yu9y9Yf9DUd3/vI/7Ld+9fqf/OP+gP/0T/h7/pK/7L/4y/6Vh//k9cs/82/85/+wLy/+hH/pt/61/5O3/+znf9Q/++S/eP2P//d/8T/zK//Ng9/3jzj5bX7yr/tv/s+LXzP/zX/lr/WT7b918pf/rb/Jm9/y1/3n/pDfavFf/ZN/y5/0p/7B337+6/9x5X/39/3GH/91f/Afv7j3U//Bi//+6s/+8i//hf/TX/0rf+vf4e/9vYp/40/5Sxf/6+fTf2D8F/2pf8mf/1f/gv3i3/wdfttf7/Bv/p1+73/iP/4NX/9WX/yrH/1x17/5P/V3/Tq/zq/7K/6Giz/zP/lff/FPvD76F/7c8vAf++9+9XXyJ/29/8L/9cnJP/D3ffHln/jb/oJP/ryf+FP+yt/nH/vkP/8n/uDqd/5j7/3kH/CP/21//H/86eyn/sL0+F9+8lv87n/HP/zpfz3/Jf/O1l/x7/8Fv+vlb/2X/O2f/hP/7PJv+q3+iL9471/+u7//k7/Nz/zZf9V/+o/9H3/It/+yv+43nP06/9Sv8Xf8Rh//pb/7f/TH/A1n/+7PfP/oz3z21/2f5+1fkj1s/st/8+g//Atn//x/dPWP/Z2v/rd//+/6ex+t/6U/7Ft/5l989x/8m3+P7Ff8DX/5XzH7E/+UX/3Z1t/0z/0e//t/8+t+9Cf/a//WL/53vvPr/cf/4D/7N/zqf+173320+K//4+2r7371H/6C/+Wv/3f/lz/z7clf8us+/f5fevkP/Jv/7l+6/w/d/QWPf+Ef+of89f/UL/ny7/+dftmf9hv9wr/g7/7P/p3frcl/39f/6n/4T+z8NX//vX/zT/nFl3/QL/4z/4m/80/7E/7qP/Bn/rFy+eX//Ov/gXd++s/4s/7Wv+bv+WtXf+p/8zf8H3/Fj//CX/Hv/2E/8Q+//kN//U//pD//x3+t3/R/+bP/hHv1/97+EX/En/W7/XV/8T/2H32697v/Y//8X/xL/4f/5d9L9v+sB7/wl83/6hfLO2/++n/t8nd+9sd/9Sf9C7/Jdz79V/+I53/Lb/n7/uv/5O/6G/yx/8j9b//Xv/l/+O0/fP1n/nv/xh/2m/+LP9n+Bb/B81/y5/3v/8v/9N/+j/9M+V/8fcf/05t/9Z/4H3+Lf+T6z/lH/vbf4u/43f/Tv+xv+af/4r9lsvry955l/93f/+9eLX/XP/1//SNeL7/73/1Jf/u/9NX/9Tf8h3/zb/Mf/d3/yz/5J5S/07Mf+4/e/r5/4/W/+af9Xv/Df/9n/v5/6IufKl//ib/Dj3/xd/+j//2rX2/nT/rL/uq/73f/hb/69/qjvv07/J7/3m/zbxd/xt/1N8z/jRc//rf9dX/HH/SX/9X1X/MP/GP/4h/yi//B//Gf+e/+xV/yt/73f+a/9dF/+w/+i//Vn/jLy9/2V/4hr/+7P/R3Of/Vv+r/+ov/7e/+0n/8V/7F/2f+N1/8Bv/Hv/CH/d+/xuf/02/67//mR//M3/kr9n/1f/p//xr/7i/4x83Cwt/yN07LL/62f/O/+RP+sP/uN6l+2S/5d//9Tz7/+/7sf+fNr/zWv/r7/qN3/uvf5Kfn8z/37/gt/oVf9Ocef/Tflf/17/sLPv17//5/7P5f+JP/2e/wR/6Fv8m7f/svPf2/jv+yP/7if/xffpfpj/8x//uf8+//Jd/7rf/9f/nf2U/+rn/8r/xq/Ogv/0d/wR/++/3CP/e3/OO//0d/evz6P/29fsmv+ztvNf/Qn/+H/Ud/8m/x9hf+Zr/2H/PH/46/6J9Y/jp/5vP6yb/1h/xZ+fUf8pf89E+8+LN/l+/9o//k/H/8J3/bP+3oD/qjX/2K//Pev/B3/TX/3du3f9uv/pV//2/0b/7kfzn7fX7Lf+tv/x2Tv/a//t++/4s++/bur/WX/o7/4J/91y1f/DNP//E/7tGjj5//wt/5X/mz/rU/6u//3p/6j/4ZX/6Nf/9/8C/P/vXzr97+Bb/oD/3ibx/9tff/6n/tn/2pX+fh/ev17/Dn/d3/07/+Ly3+8d/gr/rX6j/gX3j9P4y//1v98mX+9//Cn/z9P9v6Xf/wj3+/q7NHf80f8odsffInVn/i7/bFH/P3/x9/2f/6+3/3//41/qG/8Rf9a7/jk/l/9Rc+W/++//uf/Q+mP/Wn/2m/9W/66E/9yT/sn/91/syPtv7V8397efmXfPILfoP/47/7vP2V//u/9F//NX/Vr7319C/6l++ePf7r/8/fdPtt9V/99b/XX/2//j1/35/zO//dyV/77M/+R/6Ef/dv+k//xV/v+3/c37B/+lf/OX9u9ff9Rv/0r/7N/7HT9d+0+Cd/3b/pu3/Cf/rn/1l/5K/91//jv+WLd99/+F//X3/i6K/8B//Mv3Py6/8Pf0j7d/2qR7/273/9E//Fb7j1p/02/9F/+Uv+vTf3/qg/+df6hb/fv3m5WKw/vftr/Qa//D/75PO/60/8bf7Mn/xTf5+3v/1vVPyn/8bZ8q8Z/7a/zy/7Ff/6H/dP/D5/5W/4d5/+5f/en/oL/4f/5j/6g/69f+b7v+i3+Ct/i2//2sePfp3//Sfu7/7L57/fX3DvF/2V/9gfVx79Wt/5o/6SP+rX+KM/Or7zl/83i9/8f/p9f7Orrx7+R3/S3/tX/7N/xel37/zfv8ZfUv6W/+q//3f+m7/g4W/wb/9Ov/O/+Pf9l+P/7uT3LZ/9Ia//qr/yv/wn/v2/47M//V/6Nx88/Zv+xLP/svpP/tY/43f7Bf/EX/0f/SP/2G9Z/OZ/1cu/6ff+9p/2Z/+uv/Nv96c8Xx1//ntfL/6an/rJf/2X/2Z3f4d//3L7b/jX/5Xf+k/7O//ivf/8F/5Gye/+rT+i+vyP+C1+1z/r1/4Vn/++67/1T339ez/7R06/+8+/+eXpf/3t76//vL8t/Rv+2h/c/2v+24/2jt7+4f/Vwf/0r/95f8U/97f+o3/j0/U//5//y//XT07/z9/+8W++/Ue9/v5P/w+/7vf+yX/pf/9flp/8e/O/7o//R/+uv+yX/NWz3+Kf3frey//91/7X/9JXv+PfsP7xO7/lv/yv/IWf/LXVT/8mv3x++c//gj/87/0z/6rVv/fHf+uvXvw6//a/ePfXfXb5E3/Yb3/3T/3pv+c//1P/mv/hL/mN9v76reKL3+fffvdf/Md/7v/+b26Nt/6YX/zZf/jp7/GbXP7en/2F/8Hf+eA3+FWf/7If+wP/of/1yS/+23+Xf/x3+sNe/S7f/b1/vb/8xV/7O//Y7/13/qY//pN/xR/13/8uv9HqJ3+fo3/pzf/0j/7y7/+xv8+f+od/+z99/vf+xOV/8/cc/5LkX/9bi+/+Cf/Dr/z9T//sP+uXXv294/P//E12/7f76d/pYP+f/Qt+8fE/sf4z7/8hf/eP/UU/8Yt+7Df77M2T4zfL//Sf+Ff/lx97+F8v/r7kr/mv/4sv/srnv/rfnPw9//4v+yP/tX/vH/ov/6mfOfyLftW/8if8ovP/5S9f/3P/xq87Ofo7/vwXf9sf+YM//7Pf/Y/5J/6Qz//6f/p3+o9+z+/+uf/Fr/XX/Xc//mff+Y/+kY9Gv+H4N/ur/om//uS/yf7k46/+nvP/6q//d/+g8vrNd/7776e/b/PX/k9/5Z/3v61+9U9u/6+/29F/+6/9Ex89+q/+z4f/1r//2/z263/7F/5bf8+/+4e9WP3xf+dvfecX/k7tzu/0d/xBf+lf/t1f8Cev/pw//Zf82c//ly//4b/pP5398rsn//ov+L3/8z9/9+2P/wv3Dv+TP/tX/wX/1x//d/3U3/YX/8b/3F/2r43+pD/8F11//2/9q17+G7PfdPzP/H5/78f//Okf/Tt//K9+/leN/9o//y/86377f2f7z8z/nuZv2vrTvvMn/Pd/6b9055/9/h/7+V/zP/4tf/jv9dFf97f+Np/lf9Bf+O2/7B/9M/7jX3vrJ/6kP+jPW/2n/9lXv1n743/JX/aH/2n/2j/3+7/eTk5+o3/27/3zH/9xf/qjX/ar/te9/V/2S/LkT/k9f/KTV//m3/J3Tf/BX/c//j/+2n/ri//4N/nLfo/5H/nvfuc//l//8v/mz/h1/vW92e/7S3+DP/Yf+312/u1/+x/+3f6z47/z+pf9pr/f3/8v/Dn7P/nX//If/4P+09/yJ/6eP+3f+lf+yF/8P/wP/8Vv8c/+Nge//hdf/E7f+pP/jj9+/z/9V3+rN//i7zX+9B/9e1a/1uN/+rf+73/3P+1/+Ev+yvy//w3/uP/yu3/r3/i7/V9//595cvd3/e6/+hf82//5L/3l//WfVT36837xb/M//67/+me/12/2h/wv//wf/bv/ydk/9hv8Yfmf9z/t/zb/xL/x+/3D/+yf9f0/7B//p/7NX2v2Pz77+/7UZz+1+Hv/w7/yr/kVv/d//Tv/Tr9f8k/9pb/xX/mLfp+/7ce++ieevPhf/vt/9vLNP/vH/Ia/UfFn/aZ/3oPz4//un7gz/s3/2D/qP1utpv/U6Df5236rn9n/S//xo/TR/Df8o/6Hgz/q3/kbX/xef/i/ePqf/4t/zS/d/qN/21/wM7/61d//X/zqP+NX/Z1/1/pvXf3xD/+NP+vv3fpvf90/7tW//Td+6/7sz/z+n/sb/42/xj/01/3al3v/zl/XHv1xv/Dwn//xv+P3/Yn/6eBv+5/e/N7/1H/89/z6l3/H7/sb/yFf/HM/9ae+/dv+ms/2/oev2r/2T/+pL36/3/zsr/gX/uq/9Lf6c37mr/4Xn/9h/9yv84+O/9s/9t/+/f/g3+13/pN/43/6N/7t/9q/5M9a/Z9/9b/2a+29/W9/nT/ob/r2Z//J06fbv/f/+l/e+cN+38WD/+3f+XP+/eYfvPfv/2O//1/8W/2X/+Vv89c8fv3PLX633/T6j1n8rn/+v/ov/klv/tt/5R/5nf7JP+af/fX+2D9l//f/r3/33/4venr95qt/d/wT//Sn4z/jt/rij/xHf9Nf+vQvP/n3v/+X/Ou/+ScnL773t/xHv/DJf/RH/WOP/qJv7f3Gf9fdv/O3/yd/u9/tP/n0O7/ev/NXrt+db/2nF3/zv/3q9/lN/tt/+a/9I/7Dv+qv+Uv/k3/g8f/9a/yCf3f0q/+Av/fxv/P3/xH/6K1z8b/OL+7n4v/R6lfv/uAn/6i/53949pf8Fn/Sw7/6p3+vj/655a979ef+ib/nv/M/HfyiP/s7T36bX/rnXv307rf/lD/kbz//S//53+Hv/vf/jj82X3zvr//zd/6Cf+Vv+6kffPXX7v85P/Hor/uNX/yVv9Zf8GX63/7kq9lf8Zf+tX9V8pf8EX/9X/rn/Elv/sif3P3T/oXLb/+z3/7N1//K7/Z7/6o/9fB3/7/m/8tf/p++/NPPfoP//v/6k3/yD/nPX/y5/80/82N3/s8/5dd98x/+s6Oz3/nwt/zbfuH+v3bxX/xxv+Ef+V//bn/h57/9P/AHH33xC3/sj/x9sud/xJ/R/q2/zj/y6/7g7LOf+gf/3r/2V/w9f9rf++wP+9P/3D/hP/w7P/nsj/m1/6m/+Hf4LX/rs/3/6m//fX6Hn6q/+2v9jv/Zb3n85l//1z7/jf7d3+r++l/+dcvf9G/9y3/nz37jP/cP/VNe/GV/yR/2l/wFv/2b//xvPtv+L/7E3yL/u/b/tH//X3z8y2Z/7h8x/c3Pfo/v7f1jj/7+X++vu/83/cf/07/3T/1lP/n0/l/1C/+6v/BP+JN+sz/61/zXfvH/8ev+e7+o/o1/6v/8cz76M9a/4o/81d+dfvdX/hn//n/y7z396//Nv/Tf/19+t3/y7/gT//Yvrn/33/zP+xt+7d/sd/8t/7Lfs/x1/sy//Y/8rX/jv+mj//QP+eWf/Wkvp3/4n/9r/iP/5G/5p/zCRxevfulv/Kf+R9Xvnr/93//MP/kH/+t/+z//pr/Pv/p/bU/+jl/n3R+4+1O/xn/5m/2pl//l/h/2Z/x1f93v99tf/ZL/6tf9g49/u//jl7751z8/zP+yt6M/+r/6l//Lv+7P/kf/m9/6T6jG/+q//zf9uX/uq7/7r/9jXvyyi3/tV/6RH/2W/+Xq9X/wR27/Nfkv+bf+qT/ld3/1M//Ff/rP/I2f/U5/0i/+F/+bxbd/0T+c/46/5McffP4/bf9dP/Ev/d7/4upv+WN+zz/2n/5NXzz86Ff/mf/T3zj6B/6CP+Pvefwz/9Zv9if8uX/1D/6Sn3j+z/23/9f83/hL7/9rf9P3ds5/t9/8n/kXf5ujf+4/++X/6a/6p/7Mv/T7+//Ev7L9r85+v4O/5Hd4/O9+9fp08ff/xr/in/x7f8e/6NXfOH/13//vf/rf/Qv+2t9m8Qf+C4vv/a13/ofV7/8X/lv3P/9rfp3Pf91/+O7v+ccs/oE//K/8M17/OeV/9U//5Se/5U+8+Y0f/Ut/zy+8/hN+6R/4G/+Rv/bf8Pju//orv/v5r/cX/Ob/3O/8m/4b//P1b/Wv/IJ/+c/9o/7Cf+f63/plv9P//Wv8Xf/Kv/IHv/7D/rbf/M94+xv+wQ9/t39696f/rYPf+9f7z36nR7/xb//7/Kf/3W82/ev+2x//+7/37N/7Jf/E7/t3bV3+a3/ER//MR7/9Z3/Bb/+3/9TJTx/+yb/tH/1X/05/1vaf8nf9SX/T//5r/LF/y2/2ax//d1/+5X/+0fzf/rv/+Uf5L/77m19GQemv949+9tf+2//rn57/+9//Xf+pX/rx//Hu3/htT//V37r4nf7+X/3H/NN/0r/wn+7/Yb/P//Ef/KO/xh/3R/xuv3v9z/w3/+p//4f/0R//Rt//I/6dv2Dru//Bv//f/im/0Z+X/Fvvzn7sH379y//bn/zzX/6t/9V3P/1f7v7gD//Wn57+hX/pT+38dn/E//lTv+fTP+R/+Zt/939scf/y99799+f/52+4+GW/5q/1297/e/7Z8W/+/Tftv5v9aR+9+NV/7Z/26/wzv/p//ue/+3/9YPyv/qanv/zX/8P/ql/xZ979o66+8zN/8a/1X/+x/8Cf9df/h7/89JfM/7DsW3/qJ7918h98PPnH/6Pf5mf+8r9t8YuePvhjfus/+vSff/Zr/Pmrf+iv/k3/1v/5r/41Xl6X/9GTP+b0X/qr/t5/85f+Or/Ppz/49/7Urd/qj/nr/qO/+J//K/+eX/Sf/mV/5Hee//a/ZfE//9O/fHV4Uv9lf/vv+l+8/Hd/k8d/xPd/8avDP/S3f/bkzdUf8Uc8+XP+pL/7b3j4rd91/Hjnzzr9ldP5v/x//xp/4Ls/5W/+e3/tv//OP3v+D/6l5HL9l7/Br/MX/iU/+AX/6O/4W//4b/H3feu//73/kV/66rcqftu/5Ku95r/75O9+/vjbf/PdX/7uv/6X/8v03z79cw7Gf9Mv/yV/2a/1z/4Hv+/v+Pv983/Nv3r+r/+Lf+L3/9xf8Ec+/UPqX+uLj/7iv+H3+6sXWwd//P1/99d7/Ff+vqv9P+pvGf9pf8pv8y/9m8tfNP1r/4Q/Ov1ffp3XHz39hz8e//5/6J1/85/87f6tX/T3/Orf8R/7B3dXf/2v+Nf+r52/9l+4/3f997+g/sv/or/pr/iJ3zn7x//Nsz/+d/wlv+I3qn/7u3/4P/cvtX/SnR/85j/+p/xevyBPm9/mF/6f/8Av+F2aP/J3+yP/hof/xT/9d//5f9m/8+/+M3/X+H+///f+fb/9v/nF+M///l/zz/0Zr37y9bf/yu/+pd/7F/+ZP/5b3/pj/v7ffva3/GO/3V/3G/0R/3C79+j3/Jf+0Y/+7IN/aH+588f/Fn/QXzL9XX7q4g8//a/+rq+++n3L8+P/4j/4TR//gf/WH/dX/3V/x3/2m+R/3//+p/zYb3Vx8Aelv+bfc/Dgd/qbfuqv+M//siflr/pF/8WP/03vnv7hkz93+e/s7n7yO/6Jv+3v/Pf+tn/MbvuPf/ri/l/zz/3Rf/8/+6/85v/6/d/3V/66H/37f/bv9pd88fGf/u7uPzL6rf6sP+iP+Ff/l//8b/rjf9mf/Fv/nf/B/Ff8Mb/dn/PnlH/N6Cf/zC//0l9r/7/4s/6n3//X/Z+e/v6T//jT/+23+1Pe/Qb/87/a/P1/1fPd/3Tc/r2//T/yu/8m/8Kv9ZO/3T/5W/x6qz82/dbbf/rX/M6f8At/o7/1J//6v+IX/Rn//Kf/xm/60ejP/Vd3//Rf97/Z/y3+4b/wT/hH/4S/7Z/4Vf/jn/PyX/t3Pvlr/u6zO7/oH/8r/5SfWCW/72/71W/3g3vf+W9np7/N8W/7r5af/iX/6n/1X/ydf/K/9NmP7/7220d/1G/4G/4FZ//yD/6Sv+HxL/lj//XHn/7Tf9jJ49/+X/qXfsHfv9z7zf/pnT/mf/8s+ct//cvkp0/+pd/39/7Or/yL/6bf7Vf8Zr9D9sv+kv/wW4/uPHrzJ/2Wq7/oD/hf/qh/4un93+iLv3f3X/wn/ubv/zW/yXf+g19xvvibXvxef3f+z//S7/8+/+z3X736S/+Ef/4v+UW//V93+Nv+Xn/QH/nR7/DpL3v15//iX5j944tv/8P/6JP/4ceTh//03/b0+D+pX/zh/81/+e/9fX/Tn3v+J/25v/Y/+kf+iW9n3/+J3/ev/ud/5t9/+/wv/erfy/6T3+zv+lP+kO9//Dv9+X9m++xv/m3n/8I/8mtf/oIf/+v+ob/13/zdp7/HL3mYfv5H/i2/7Nf93vK//vV/7OG//5f9Xd/7l//+v/pveHPxu//g733xx/wf//Wv9bf8Z3/pH/I3/qPzJ3/Rf370O/6Nv+Hf8os/ebL9T/2yX/yb/LGP3uV/2R9++mv9Vpd/7Hfmv9bv+/Hv9k/+fsVf/Yv+2aPf4U+/97fW/+s/97/+or/9F//Gf8Q//Nt+///6A5/+gX/pH/AP/n2/xV84++1+9YP/8F/8Fb/JP/P3/q93//7f9L/d/mN/u0//nf/xN/4j/ssvfsV/+C//4f/Yb7f9P/2Xv+MP7v5hv+bsd/trf/fP/sN/rN3/a3/bv/Q3ePDv/nt/695v9O//Lb/oL1n+jn/NX/DH/J3/zR/4K37B//1r/C+rP/r3+O3+pD/lF5/+xA++VX730V/5y37t//0P/s3/wN/iL/lLfvW//Lr85C/+az//N09/7evXf+mP/W3Jd/6tv/Kv+2f+pes/878e/cd/1J/5r/5dv8/f9fc+qX6z6n/4/vkf99t+68/9K3/sd/0Lf5+nr/7Dp//3r3H34H/9M/7if+3X+lN/6i/913+n8s9f/rlv/sp/7Tf+i96crH7Xf/anjz/91u/7J/3xv+NP/Na/37f/2n9x9setf83f9IsnJ3/hn7/7t/xm//k/+Ov+Hb/zb/nJX/Uv/LPjb/0z5//I3/U/X/+i/+l3/J//6af/wsWv+7v/GX/8v93+Pn/1v/i9n/69/vXTrX91/n/+9X9Z+Uf97X/7P/3xL/7047/h7/5nP/6z/tXD+//4P/Ab3P+zfsWn01f/zW/+m1z+T3/1d/+sg7/lp375L/qv/7U/54vPsr/xN03+lh/7b376H/h3/6i/59d//Qf+vg//7b/2F735repv/11/wJ/zX/8nz07/wj/37//j/5wvd/6nv+mv+Xv/if/sd/wn//F/4Q/4JX/Er/nn/5o//hf9d9Pdv+3P//Uvfrdfe/w7vdv9z/+R/+bkq//gN/rq+OIn//U/9Q//237i8k/45f/yv/Bn/Qv/9H/73//5v+9v+4f+6b/h/5D/99+Z/0d/31d/xSc7P/VLTv+V7L/6J/7Zv+4v/Xt2xh8d/DM//fQf+c3+s5+5/H1/h3/ln9n/ff/VZ3/4r/xL/orfNt/7R//hfzN7/q3/5m/8I37w6/9T6fc++Sf+9s92/vg/97f/vX/dv+zPPq1+x+Q3/fV3/9DV3/OnLP6A3634Z89/8z/pb/itf9Xj3+YX/M0Pfo9v/U6v/vinf9tP7J79E3/bX/of/Pd/82/zl/7E3/tf/R2v/6a7/85f9t1/p/6L/vvf9z979bv+Xn/Gv5l8/zu/2+8+//Z/uP4tv/sb/W/Tv/rf/M3+vN/tP/lF/+7/+t3f6vQv/cWvP/qr//1/+Q/53V78IX/tX/BH/9+/xtFv96f84uYfrU5++Rf/7L/3h/3X/8Cf8te8/cHdf/pg+cVv+K/+Qed/evln/F7n/+if/J/v/3o/9if+9b/X7/ibjn/z3/7f/O9/g+Pf4cHOv/H7/q7/yHf+gL/5F/73V3/AX/uL/vPfIiuq7/zRJ3/5v/Mb/+tb93/7X/HH/sb/7p/87/6S/+pP/21+/B/60/7O3+Hv+k//66+Kf+tv+Kd+v9/wb/hr/raf+PN+6xe/409/e/7s3/kV/9Y/Mfsf/tTf6rf9u37wv3zrr/nzjv6c7x78l//jF3/8f/g7HR3+6//xH/3l8uw3/Pbv+st+28/O/q3LP/Pp0z/q1/91/t7f59d59uvvv/tb/6h/7Td5Mvtjri9f/mG/+PO/7P/86t/+a//gP3v18o/553+Lf/Xun/eff+dP/5U/87v/h7/gX8n+jt/99Hf8wb/5V/5L/9kf+jf+rvd+4ewnnv7S6favv/6bfsnp3/e7fvxb/sZ/yG/xN/zB/8g/97f/I9/97tbf9/lv8L+3p//VH/vf/5Of/UW/4E/4n//sf+PX/ntf/XP/w+//O//969/yv/hvf8u/5C/anf8uz/6R7Z/66//2v/zX+TMP/+Bff/q7/OFf/qV//K/87r/3C7/zm239zX/9/vl/9NN/1f/w3+99+af9wr/09/k1/6b/4b/4q777f/4dl3/Zb/jkf/s7Zv/mX/Qv/Rf/1J/95M988Vf96Y9m2Z/1X//949/yP/uj/+vfbv1v/kZ/++/6l/xFf9Wv9ekf9s+++KN/4z/1P/lT/7q/+y/+4jf/jX+D9Uf/8c4f+8v+yv/jV3z/j/j9/tT/6c//Ny7f/It/17/x1z76D/6c3/nX+l9+81c/8Yv+hD/4V//XP/GHzf6NX/hv/Lq/9W/y6/+Ok5/6bX/hb/0Lyz/o17j3a/9av/M//Z3/+D/59T79E/+zf+Sf+zX/sH/rj/qX65/8V3/57/zf/burj/6dOz/xd/w1f+XeP/1Xf/Wf/cTP/Pvf/fXS//Vb/9hf+Rd++p9/Xj/85F98VvzLf8J/8KdXf/w/crL+93+9/zT5s/+Jve+2f9ej3+83f/Kv/fa/7x/zUf37/m+/4le++8WXv/r3/79+3f/i3/xX/4F/6t//P3/Vb/4n/KX/8r/3j/8T7X93583k1/2N/otPHv1nf99P/om/9G//1m/3K/6VX/tf+MfOZ5/8ij97+XD772gfX//xv9+3/v3/9s949Lf9/n/a9/+Xp3/pb/zX/cHP/pT//V96+yu/evFTo7/i3/nvd/6Hr/6q3zQ5/IN+t/Kf/mN+y5d/+9/Y/vN/+W+V/pb/2p9/8Nf8zO/3v3/8m/2OT//zf/l7/+R/evpP/or//o/5/i/9zX7xb/mX/yX/57/w7H/6r/+Dd7+4/F+/+o3/2fu/y7/23/41v/SrX+cPefILmr/83/39/61f9b3073zc/smXv/uP73z/1/6LfvXd7/09//Sf+R/+Fk/+0c//7b/pN/vn//mPf/Hl3/9rnf5Fv9Uf+0v/jv1/96f+5l/05n9r/po/+a94/mfc/3ee/1sH/+nq9/n1/vm/+7c8+Gse/Qbvjv/5f/L3+/HV3/UTf97+1U/8EX/l6d/8P/wxf8kv/ENO/9df9p/9Wf/3r/Gv/hn/9q/88t2jv/t/OPs3f+KP+ev/9x/8PX/ov/TZ//Djf9a/s57/2B9+98/+x/+K3+hP3N/99R6//nPG07/uD/q9fvO/7j/7e2gt+if+tL/7T/0/Pv+nl3/vX/y9//5veP35s5/8v35l8ebv+jN+2Z/63/+qf+W//cm3f+ev+b3q9K/5X7/T/MW/34M//h/+607/o79r+Vsm//Of8Ff9E7/T+f80fvfX/Ip/6q/5zn/xG/9m3/+X/8Yf/1P+h1/y1/yX/+QvePgry7/77/vL/5f/8ru/59/45Y//1t/95F/7Pw+zf/gX/xt/4X/56/0pv86f8p8++G2fvip2/7pf85/M0j/kH/rf/5jfNfs9sp/8m36rP/f0X/y3fpPq9y6zX7R89lv9Y3f+0L/+d3n2C3/D/+DvvP5F3/tTt/7X+9/5T/7q7/1P57/P3/6d/3rnr13/xt96+u2//df/C/6MX/a3bv/XO3/Yf/ML/5M/5d5vMP9f/rIf/0P+01/y1/3jT57OTv/Xf/7H/uNf8/5/8kf9kj/21bf+hN/8N/+dnvxDv/q7r37h7j/7j07/kv/jf8r/5b/zF/z7v/Fv+ce0f/xP/Jp/5eG/8Df+z//3r/Gb/7d/0N5P/StnO39L9kcc/PT93/w3+I1/+qNv/8Lv/y5/3F/3b/03f/Mv/B9+g//kp3/7f/Kf+x/+z//k2+U//bv91F//5/yS3/YX/2vf+qmX/9nZX/Sv/RX/+ujf+cP/61/4b//g8f/60T/0p/3r/8H/8Wd+/zv/6G/yT/zgyW9553f7kw5//C/9y3+N33r91/wp5V/9j+/9m3/o09/2J/6yX/Rb1X/1P/L0n/jT/5mPHzf/wr/9K0//t9/91b/+3xz+M//Wn/jtrT/7l3z+r/7u8+/+r7/b7/gX/Rq//M6/8rf/6h/8Ab/dt//W//h/+pN/+f/5q189/e9+vb2/6G/+l5e/43+df/pPb/3Vi53/7Mf+jF/9d/7r6z/7X/qV//h/8e/+4E/+4vrP+cd++s//Nf+ef+rJn316+Uf8q81P/jX/7d/ya/znf/6rP/b1n/ob/KePf/Uf9f0/6O+qf8fv393/ff6R9j/5b+6N/pg/+r/+Z36bf+CnXv9Of9uf9Zf8l7/gs8/+3nL2r/8tz//dB/M/4sE/8hu/PPtbDr7K/7w7f9if9OWbP/Uf+WP/rn//q3/zP/yP/s3f5bf4Z/+av+SfWfyP//4Xv/I/fPjvHvw+v8Wf/JuP977zl/1dT3+rf+Zv+O5vsPVH/dH/w9OnX/46//Z/8R/+gcvy01//f/9bf0nyb/1B3/vj/sNX41/3u//Q7/BbHf8R/9a7v+nf/L3+jD/5Hzj9W3/5n/u//7l/6+pv/Xj73//L/tg/7hf+JX/87/vRf/r9+k/5e6q/5Tf6X/6Tv+Z/OX33P/+Fv1P22/6Cf+9b3/qZ/+Pv+Opf+JnHzT968hdeffV//r7/6z999yd+t/RPOfldsr/i3ru3k+rfHP9v7eTb/93WP/m7/fv5H/Pi9/9r/vE/4bc4ufoT9v+3X3L1vbd/5m/4gyL76vJf/2z3D/tL/5SDH//Hfr1/8cf+sNe/1e/+j/z0f/6n/0+/sv1fy//4X/tXvv+v/K7/4uPkP378e/yXh7/pT30x+j/+j9/vV/8h/+b/8b2L3/9f/EP+w7/03//f/u9f40/8P36PX/kH/qH/9r/xR/wDp3/hP/8n/nf/9ujP/Gce/qrf6++s/o5Pr37ZP1r+gb9f8n//Gn/l//Yf/o//4//6O/wOv+q3+QM//T3+1uxP+VWf/x53Lv/T3+dP/wv/x3/3P1z9u7/9r7z493/V//TdXzH9Pf7S8pf+g9lf/Df+yRe/bPqrP/3t7/5pzf/yZy7/w/Kv+x9pdf7xp//kr/iP/sb/5P/+NX7b//wP/E97sP7b//Wf+Rf/yX+UW/2n/+7/+h/9jf/Nv/t7/B//4V/57/93+/f/l9H/Vf6B5//o7/6//Am/9NV//y/+u7/j4a/6j/+O3+Nv/HX/wH+D4pI/8H/7+//Rk9//o3/xv/gn/9dy7/ff+i//8/G//r/+E//C//Vu8Sf+t//w7/8r/sH/8N//v36Pd//Sv/lP/a2/6m/+P//c34hH9bf/kr/5b/0H/4Lfcfq//0/f/Z//wF/9B/6n3Q5+/7L8H//LP+Lf+r/+vt/6//j9/6P/68Hf1H/7//41/oJPLv73/+n1//1r/I+db//O3/7P/n3+t3+i+ZWE329z7//+Nf7BX/cPpIz6d7uNfg/08Mf829TD//1rfO/fmr/9z36f/+Pf+r/++T/i9/rPf6f/4y//d/6Bf+vf/g//xd/4b/4Tf9l/9Df+X7/4ovPtv/vH/XN/3f8xffir/yci+PQ//N/+y1/3D/z8v/o/vjf9ny9++f/1F/7rf94v/o1/45/5Y3+PP/d3+bf/pn/6Z/7Sv/BP+3sbocQf9wf+hb/uH/iv/h9VZ1Z++ldPL/7Ax5/+E7/Hv/iH/IP/dW+cf/NPnHz1L/+pv8Y/8xfe/7tPnn3x9/1Lf/De6V/w0//nf/p3/gm/9Q/+1j8y+bu+/xv/GT/x1b/x1elP/oe/5H/9t08//be/+Fv//P/13z3c+1P+5z/6N/gT/rTf/J/56KNvffTR9N/6e8f/6uSv+mv+7q9+v7/m7/s/vlv93//2/wPH42RY/HkAAA==" />
        <Entry handle="16" bytes="H4sIAAAAAAAEAO29B2AcSZYlJi9tynt/SvVK1+B0oQiAYBMk2JBAEOzBiM3mkuwdaUcjKasqgcplVmVdZhZAzO2dvPfee++999577733ujudTif33/8/XGZkAWz2zkrayZ4hgKrIHz9+fB8/Iv7vf+v//o9+jd/sO8/Onv0av+av+Wv+Gt+m/36N//vf/TVOfo1f99fBQ//+ur/Br0v/T379X/fX/fWT3/DHfiz5sR/7DX+T35Cf3+Q3/I1/49/kN/6Nf8Pf/Df/LX6L3/w3/+1/u9/ut/vtfyf7AMiv+ev9er/eb5j8hr/1b/Kb/Na/7W/5m/6Wv+3vjC9+59/ZNLn5+b//kV/jN/8Nfo3f9Nf4B37tX/M3/zV+rd/81/y1f/Nf8//+x36N345Q/TV+7V/Df37tX+vX/fXpm9/218QTfPNr/Zq/9v/97/wav9Gv/Wv+Gr/Wb/Zr/2a/xq/xa/63v+K3+XP1u1/zb/zv/7H8zzENv/pdCMLv+JsR5F87gPFr/1a/5q/169z7PQnKb0Cf/5q/7q/1+/+F//y/+V/+kT/9t/xlf/rv9lf/7mffOnv1nT/lzZ8S/+OLv/VP+FMB9TcnqL9WgPKv9Vv+Fru/5q8tUKm/3+PX/OL6V/9tq//tv/tb/oxX/8zv83vdyUd/+Z8W+fW3/1t+DwL3OxG4XzOE92v9lr/mr737W/yuAu/XArxf+iv/y//ov/sPPqveHf9Ru79e+o/9dn/obzb5jSK//vZ/AQj3O/xmIGkw7N1f89f6LX6RGfWv93v8Wv/qP/cz/9uv+Cd+5Vfu+e6j58DmdwbJfq0Am+xP/jV/15/4n37z3/PYEO33+F3/u7/rV/zvn/zC3+V3+Nvf/sH/1MNfP/3Pfqc/9E+qf5PjyK//5PXRr/pnfw8zZzzPv9ne2e/2p+B/6d+7+Dv+Xfzv76R+f3tiiV87nOxf8zff/T1/V0vS3+yv/OzX+i3u/TV4/urf6S+Vafg1f51gFn7NX+N33f09f+IX/cWWbL/Z//A3jv/k3+hP/4f42/9x77s8PvBUMMD/+df8zX/Xn/iLf88/+X+y4/vN/o9/8Tf9E/+rP+Jf/x9+p//mv3zwO5//n1tvvvVbJ3/4k7/45V/V+eWfuvxNqt/vd/rFf+D//W//P7/M8I17AwAA" />
        <Entry handle="15" bytes="H4sIAAAAAAAEAO29B2AcSZYlJi9tynt/SvVK1+B0oQiAYBMk2JBAEOzBiM3mkuwdaUcjKasqgcplVmVdZhZAzO2dvPfee++999577733ujudTif33/8/XGZkAWz2zkrayZ4hgKrIHz9+fB8/Iv7vf+v//o9+jd/sO8/Onv0av+av+Wv+Gt+m/36N//vf/TVOfo1f99fBQ//+ur/Br0v/T379X/fX/fWT3/DHfiz5sR/7DX+T35Cf3+Q3/I1/49/kN/6Nf8Pf/Df/LX6L3/w3/+1/u9/ut/vtfyf7AMiv+ev9er/eb5j8hr/1b/Kb/Na/7W/5m/6Wv+3vjC9+59/ZNLn5+b//kV/jN/8Nfo3f5tf4/Nf+NX/zX+PX+s1/zV/7N/81/+9/7Nf4HX+NX+PX+rV+7V/z1/CeX/fX/nV+rV/v18eXv/2v+Wv82hiJ91DbX+fX/b//nV/jN6J3fq3f7Nf+zX6NX+PX/G/+vb/xe89+r7/o1/ib/+Y/57/5/f6sf+vZX/2fXM7//Nd/8N/yG//OZ3/qVz+4+zu/+vf+remffP3d/+U3oba/42+f/YVv/kEC/Qt+M4Ci/1vIv/av82v8Wr/Fr/mb/5a/7m/1WxP834C6/TV/3V/rzj/xNz39L//Wv+fP+XP+vJ+5/MUv//k/99/6LX/53/zXNv/tV7/wT/3bi7/wT0z/nP/jr/zuX/T7/JLf6/f+26f/2l/yj5X/XfJ3/Q9/BZ6//Fc9+cl/4M7vfw8d0WDpcf38Gr/Gb/Fr/lq/9m/+6/yuH/3EH8Id0RB/j1/zJ05/q9dP/uy7v/Un//mv8699+eSX3331xY/9xb/13v/8n/5Xf8Nnv91//pdO/pitv+SPufNn/Ne/4+9BEH/hb/5r/Jq/zq/5a/06v76DSAB/y9/11/nNf4uPdvd+q+Of+IP/5f/4f2LIvxYg/731v/K//C//y7+3/P2e/OvXP/6v/zF75V/wu/+1//6/Wf8Hv+Rv+t3++f90+TN/1H/57/+2j/+xH/xh/8Trv+vvXH/0b37yW/4ev/T//jX+gZ/8/sXv8Of8Yb/3X/DX//JtPL/jo7/y+Pz157/Fv/B//VbAYEzEIwR+7V/v1zPDwoh+i1/j1/ktf9ePdo9/3d8s/fGfyH6rvSe/6A/+Q/7h//g/UWL+er/Hr3U9+/Qf/83+7n/gH/3N//hPf2Lr7/5dJnf+t4//wF/7P9v6d/7qX/DX/7vfe1L8e5N/9l/6ff7Wf+qf/QN/608Wf/uLP+x3+Df/93cXL3/hn/CH/at/8ut/+u//a0/+jt/97/ks/+TZH/VLTv7V3+Kf/Lfvfbv+V04//lN/93e/4M/79E/9N/6u4ifu/Q5/wp/8l/1L3/rT/tPX/9x///p//BP+jT988ktO/qzf+Nf61s6/9bf8Bb/5H/d3/cvn/92//bcfpVvnv+x3evWfPDj454p/dPRH/d2/27d/u7/2t1wt/sHy89/tb/+rvvrrr/+1//7f/A9/i3/x1/7W08vJP1v/Nr/j6k/4tYp/6m//A//Zw7/9l/0e/8L//Wv8Q7/8J/6ld//Mt//if+mX/eS/9wd864/96vLXuPoDiRgf/Wa/Jmb41/x17BT/mr/57/pr7B7/xC/6zdLsD/6T/+H/2HDT7/G7/hl/0V95PP7On/mtv+bP+r3/jP/rVz/8x/6oP/3P+SPOL/7Tf+W//Q8O/qan9x/+u7/Gf/C7/Hbjv37yZ/9Nf90/svhdf7/f4C//U/60P/EX/vSvufPfnP3Y21/2p/yu463f/m/5e/+sveq3+1PnO7/x//T0//qfpuWT3+h//M3/ua/+o9/rr/o/fslf+of/rxe/1T/+l/4xv/Hv+ub3/w9+/9/iq1/rL/qLfovtv+qv+kd+4k//Q+7/pf/dp/Vf89f8Lf/07G/5fUZ/xk8v333547/Pj/0nv94f9Bv/mv/QH/DvGVn6NYD+b/bV7/an7P17f/h/9X//Gv/3r/HH0z//2K/xu/zmhDkNzfHvr/lr/Oa/6+5PpMfZb/aL/mDLv7/Z3/af/Kp/9T/9N/6af+g7/9hf9yf8s//4//Wn/Ck/ff+/+09+7we7/8u9v/QfXf47v+pXnP4a/+TP/EF/5s7OX/s3goFSCMWv/Wt4gk864XfdPc5+4k/+zdI/+G+2zPub/Xrf3/kb/q8/+O/6mV/j0z/sn/pLn/2bk7/oryIx/7uufus/5Tdc/w9/9+/0m+fTv/vP+p9/i3/oL/6r/tJf40+53PkH/6S/5df/Jb/hv/n4lz79A/7SP/g//i/TX/AH/Y7/9B/92/307/B3fOfxu//5P/1H/rs/6vEf/tuUf9Z/9a2/kOX/12Tp72Lwi9KfyP5kO2O/2Z/xz/8v/9M/tMj+yXd/3Q8m/9Hxb/Dm3/rlf+lf8Mv+g1/8j/5a35l/+zf9ZR//e7/yT/23fvNvvfjeb/nr/Pi7X+MPOjn7Tf6Mv+Kf2937BX/U03/iv5/t/qK/89f8T/+3H2t/z7/6X/3z/pDf8j9+81//7w/+8L1/+/yP3P/v/9njf/l//2ce/nH5f/JvpZ9+d/wf/m6/xehX//iv/p2qX+ujH/uTnv7Ub/63/fp/0nc//bf+5PHv8Cv+63/pp/d+3+L5b7d+8Pf82B90/Ov9zF/zF//E3/Rb/47f+t7hP/Ub/bZ/4j+U/lq/5h/z/P/+t/8fiJFtWPUFAAA=" />
        <Entry handle="14" bytes="H4sIAAAAAAAEAO29B2AcSZYlJi9tynt/SvVK1+B0oQiAYBMk2JBAEOzBiM3mkuwdaUcjKasqgcplVmVdZhZAzO2dvPfee++999577733ujudTif33/8/XGZkAWz2zkrayZ4hgKrIHz9+fB8/Ij4/e3bwMPvs1/hdf43/4pf+GvzsPnjw4Nf+NV//2r9W3f7av95XX31VltVv+pv9Wb/Zb/43/y7pn/s7/a5/yy/8Xf6s3/V3+qu37/5Z4/Hf/Fv+lv/yr/Fr/G+/44//Sz/+O/2r29v/8q/x1V/z+OTPeXz8tx0++Re+c/Tnnjz+V798+We9fPm3/L7TvzH73p9fr/6savU3v/jyX/qJL/+jn5r+i5Pf919fLv+FVfWfXP1Bf8Ev/kP/6h/8wf/qL/kj/pM/+9f+tf/cj37Bn/Wtb/1Nv9av9Vf9+O/0N25v/1m/x+/5tx4f/Tlfvvzzft8/4M9arv6mL7/8676f/c2T3/dvKst/4df6tf7V3zn953/X3+5fGN/9b3+tX+t/+AXpf/7Jb/Pfju/+C0en//nR8T90/Hv8suOH/8KXL/+V70/+2env988tq//mixe//Pf7A/6bxfKPu/oT/shf/Lf9NV/9NX/rL/lD/rY/8C/+g3/wL/+hv+Q//Zd/6R/8P/7SP+hv/sP/wD/zT/nT/+Q/+W/88/+yv/pv+JP+5L/yz/2r/pK/+M//m//Gv+lP/BP+xT/hT/rP/9y/5F/6c/6S//qv+LP/+b/oL/jP/pa/+Z/5m/6W/+Lv/4f/vr/wX/wX//5/+J/8O//h/+yf/xP/pH/tz/tL/tW/6C/8Z//mv+W//eP/hP/iz/vL/pu/+W/5x/7ef+of/nv/6//27/0n/7F/+O/7r/7hf+Bf/Of/hX/lX/2v/4P/6N//d/+T//y//pf/lf/i3/9P/9P/6D/47/7b/05I/7v+37/hi9M3r0+OX57ujXd+7V8TH/1ff/hJnWdtPksn1+mrIpulT7OLeV6P09f5qk13Hz789DdOfuPkrw6/Oy7LtC4u5m2T1nmT15f57DdO5m27enT37tXV1fiLddkWi3xWZC+zMpvm42m1+I2TYnle/Z4L+9XK++rX+F1/1a/zY7/pr/FLf40REAW//Bq//v/1B/3SP+QP/cP+8D/ij/yj/rDf7I/94/643+o3+6N/6Sc/efmnX7azH/8t//g/7zf7sV/nT/5Df72/4M//y3/L3+q3+CMfPXr20+fzP2P+u/+Jf/kf/1vOF5/8PX/vJ7/v7/Mb/thf9uf/lr/DL3x9/YP188NHf9izx4/GT769+DMui2/9uX/7b/ZbfP/7d8fjT/6Tu9/b+rF/+M//rb5VN1995/j3OPpr/9qd77V/wPefffbXPv7r/4x3/8q3/+Of/GP+kD97+z/+x/74P/RP/sfPfu32j9//p/7tf/TpX/An/rFHv3Tr4ZO//Df+88e/Tzr/9r/86yb/4FdP/61/6x/+Q//LP+ePePXb/Ve/5489ePFv/nHbaTr+V3Z+4Z/wW/yxv8cfM/qDX/+RX/5eh+dH//vv86f9QU9+bO/NH/Uv3ftX/ojf/S84/IV/226S/cLP/5FfNF7O/uPfbPQH/2G/+U/9ab/vb/TqH//iL/w7/6/qj//JJ3/oX/6Pvnr2xckf9ftMZ//6b/rj69/7P/jtT97+xB85Pph/66/7l//zX+vRb/L7/VX/1f/0D1/+pv/eP7v99/9x/9Df9Gv8w/9K+8c/eVc0s//lN/nWD37vf+c3/4v/+j/st/8df/9/8vf5p/+X9B/+DbaetL/O7/OP/pf1X7CXPZ//SX/Rb/z9P+Tvff47nv1L6a/3m/zp18f/zV/3t/2np7/Wr/Px+Wzr3/jL//C/47f8nT77417+wX/of/m3/E6/5R/+8Hf/n/64//jX+vV+kx//zrf/4V/r1/uN/uz97f/47/uL/5X/eeu3+41/7z/r1/xHL8er//iPf9C+mfzrefWn/8lf/fh/9Qf9Ib/e7zz/x44//0Mu/6FXf/Qv+OT3+d2/+7v/je3uX/TkP/mD/rC/6Hd489/9sn/0jzn+6tf8I/Nf8p/t/no/9if+Oj/+R/0O5e99fPpbfPu3+12f/qaf/Xfpf/abfPYb/aKnv3X55v+692f+9ud/0I//Jg+/N/+T/9DLX/78j/iX//Tf6+/7iz//BX/6H/Qf/2Hf/6Vv7vzCz37Zn/bwz/5NDp+f/OG/TXnw+/ypv+Hod/ut/vlvffff+KP/5N/id/6X/+G/LG3+np3/4s8+/xd+/PzJl//Aj/0Zf+Hs37n+3T87/Lf+gF/7L2yefecX/kV/2k+e/VV/8R/24q/5r/6Sv/YP+0c//kv+qD/h9/kr/uxf/pv971/9xf/xt/+eO8/+jL/n1/iv/8L21bf+q7/or/xvJt/6Sz/5J/7Wn/4r/4b//T/+L//Gr5Lf/g/7k/6XN//M27/+yz/iH/1Df+M3f9WbX/D7Nn/X3/yHnf6t/8p/9uv/Ft/+3X7NX/e3/um/7T/+k3/336n+vf/JX/rs1/k1//m/+Q//E/7VX+s3+ak2y3739T/2z/4Bv8tq9A8//6v/+b/oD3726rf/F37rX/+3z/+i7F//h/7Mv+kv/vV+k2d/3O/9V/3e/8HO73P2Wxz/db/ij/idfv//64/7RZ//vqvf7U/+c//K3719/uQ3+O1e/kH/zK/zW/5hf9Dv/3s9++3/vmf3f6s/J/t1/+B7v9O/9Y//Yf/qP/w//6m/6Xf+ueNfa/cX/lPZH/3bf//3/oP/vJ0/9g/4Nf6If+jzv3v3H/vrPv+b/uc/5rf52/+Zf+jXTX6nP+g/+nV/+z/9f8r+7F/we83+sX/st/t3Xv6ef8hvNfs1fskfsfNfv9z5Q/6Qy3/tF/1hf/Z30r/51/vt/4A/7T/65y8/+dv+pl/3t/nNzv6gP/i3+t9+xbO/8fHpP7f7h9S/2eM/4Pjj33n+b336Wxz+c7/sH/3NV3/Z7/rr/di/sZ3+Ew9+nfoP/nV3Hm3/tr/e7/uDN3/yn/w7vp7/5a9/n9/u3W/++e+++N3+4T/uN33yd/3B/8Rv97vP//Y/6rf7tf6Nf+f7i7/8j9r537/X/Fb/8clvPfmtzn+nB7/fy9/7x37rj3/jv/mP+J2/9fIvOvzxX/On/8j/pvyH/tB/44/6Df7t/O/7y//Inzr5k/7gv/vjL/7gneYP+Zf+xsk/9jtM/7DVZx//W8Xv/68mD/+4v/xPvfP69/33/sjf8ff4l37N3/rv+59+jS//udHJ4r/6Y3+Td3/Rr7f7h/0Bv+Mf/2v8wb/9b/G3/vm/Y/sHj/J/+4/49f6Rf/OPfPTrHP/6n/9bv9bv88+tfux3+z3/0d/lF/12v8Gv8ztmD/7Gf+9f/HXv/VNPfv3/9e/843/s+X+8vfin/vnfpP6D/vDx3/Yv/rpv/ux/PHn4L//BB+/yw0//oycv0vrPe/Kb/UG/+W/5m/3Dv/P/9Bf9+v/V3/0H/QYHf9Szg/JP+sN/nae/xm++//v+Or/+v7T6x371v/0H/Ibfn0+2fp1f89f8LVb/9W/x9L/613+HH/81/+DfrP2L/7jk9/mHf6ff9B/+w3/p+nf/zX6NDZruN/sj/6g//I/5Y/+YP+qP+q0+mv5gdfyHPXq6uPxzLme/4W/2Y3/CX/yXfP+P+2N+nb/wL/oTfqvfv3l+fPQ3/U1fPnp89v3zv+t89vv9rn/JP/Cb/cJ3bx79Y4/+sN/gn/oNfuyf/Yv+6r/27Xf+5uPT32tZrf+28eODn/675u357/27/3b/4B/1D/+j/9j4v/n09/kF/8z/+M/9kT/+vX/56Pf4vVa/5H//369/78XTx7/v7/vqX/3df5Pf+Yv5P/WH/Vn/0+/1h//5v9s//q/93X/Xvzw+3jv/sZ0/4OHf8o/+gt/ys1/95H/4ff6if/g3/B1/p19z/fft/Cu/3j//Cw+L3+aP+d//kP/y20/XD/+W8vf8O57/Pr/Wb/K9P+43+9W/3avf/8+++wt/8Ev+kf/o9I/949vHP/jbHv5R/+SLv2Dvoyd//N/842/+yN9z/ZN/y+/9N/1Tv+zX/A3u/2N/wj/0D/+tf+Mf92O/+f/1G/3O9//Q3+wfOfttf7fHf9TpX/5b/Pp/4n/4ePq3PPmzXv4Tf8Kf9OeO/7ZZ9mv8j09+y9/x3/nX/q1/+E/9J/+F3+o3/iP/k3/ms7/tN/q1/vDf4g/41367f/r3+m+//Ts//pn/5T/b3T344/+C3/m//t3q//hf+TV+nz/0N77/+/1d/9B/tvfix5Lfcv///s6//mf/ZX/mpz/9g//q3/qb/9Hf+L95/O4fmP9J07/yz/rub3v37/iLXv4Xf9GP/cb/3cv/6u/6x5r/8sVf8L/Uf8U/9NWv+D1/rT/81/+tdv6A/+j3/LX+sD/zD/1z/rf/7T//V//If/CXPv63/rH/4tf6jX6fP+9f+oN+/S/+pp3/6Lc5/6P+yh/7BT/4g36rf+V3zn6DP+NP+u2//yf9ot9rfPl3/WG//+98+a/9xf/kL/2l//E//OtNPl39xX/+b33vP1ud/rbf/9v+4tPf4tl/9z/9oZ/9Hv/ef/pH/GG/5J/6NY9/x7L9zX+33/Gn/7lv//hv/tk/9H89++N+00f/29908pt95+Uv+o1/6tf6T/6kf7z8fWd/8h/+2zz8p/6nP2T9N/9h//XJb/7Vn/df/JHfvfNL/vM/ff3Fp3fO/9zv/H7/5ZPf5Pf9ff/iX/c3vvf3/U1/yNM/4I+58wt/s4u/4a/+K/6ccu+3/73+3D/qn/m7/5C/4JP9v+evfPT27/mv/8o/6w/+Tb718tEv+Xvu/NXr3/+v/lv/y79y/PgH//Wf8qf+gv/mn/yr/tBnf85//Rc/r/+b4q/64/+If+Zi9y//I4o/7i/6u/6Ev2f25/4df8e3/qK/8i/8Q5L/uj7+jXaf/mYP//c7v8Ff8Sf9N//MP/qbPPmNsj/st/gnfr2/+K/+G+t/5L/5q54+/rd+z9Nf+O6/+5v/xd/tb/jHPvqjfvOnf9nv9Yf95p+mv+ave7z4x/7nP+CP/t//65/4I3+H32vrV779m37x3/IH/KG/zd/5H/22n//2+T/1iz7/djP6iT/6d/kP9/+oP+K3/43/wH/1P/77fo3/6x/5XSd/9OU/dudf/g1H/9DOyW/8U6tf8y/9bd6kf/Gz32m6df8P/vU++sN+0ep3efcbfPSH/7b7h7/r6Y/97n/YX/Rr/rq/65+0+2f/zu1v9B+f/2b/wq/6y/+yp+PyT/7d/4zf9/f+zf/Rv+rx1t/87A/4c/76v+4P+Z3+kJ/5S37F7/ubfjv7I37h4nf7Nf/Z3+Q73/7JP+K3Kv6tv/hv/PO+//s+/HP/ld+n/Yt/3d/qbOvX/2d/s9Ufdny89Vum/9Gvf/G9k3/o1/ztf/9/9fgv/02+8w/9yX/Eb/sPH+/8er/gj8wPf8fki9FvPP1t/6N/69f8I3/zB//7P/SH/c7/7e/6p/xD/+EfdPI//UG/7d/1j/3Lz7578jf9yf/Eb/CP/NV/0Offrb/1T/yev9ZvUv5Pv+Zvs/Pn/K7/4+xn/r7/+Z/5TZs/7Hf99/7Dv3r0Dx3/Tr/Zv/onP/39Dv+q41/vx/6R33nv9Is/6vh3/W2+/Gcer/7h3+BX/wH/2z/36/+BPxj9or/0t6j/sBf/+6/1u/9m/9fO7/j0N/tH/5Tf6hf/6id/yM4f9Z//Tf/47/0/tZ/+3r/B7/83nXz7z9j5Kx4+/49/s1/6F/0av/4/9C/9RQflr/ljv9bv+of8Dq9+z1/zx/60k1/n3cGf9/Tf+of/4D/2f/vH/sA/9Hc9/u3/1//4j/gdd49/o9/qD/i3HvxDf/If9jemv+Zv+Ifc+fV/nf0/6Y/8NH32633v4A8+vfwNnnz+/Pf8de7+q7/2b/kzO7/OH/Zv/cO/0T/9R/9Fv81f9gcc//bn/8Vv8mv+Mb/xb/R3rX6tX/f3/XV+/KdOft1f53fb+cN/yT/3u37+/C/6tX/HPy79zX7B7/kP/9jv+j/9Yb/lvT/17/hL/+ofP/y9/6p//tffffIHnf5Pn/8uP/jt/pDf9I/4n3/r3273H63+8t/s6a/1G/ypu//YH/bXfXr45tnv/Gs//KP+r5d/8J/8J43+sb/xyX/xa8ye/i2/1R+8SRf+4b/ZH/VH5e9++o/4E/7EX/pjv9nvNjs7+jOPf/BLHj27/Asuf5/v/9hv8GN/6W/2p/zRf/Ufc/2do0d/45/0R/wGf9lv9rt/77M/8zurX/L3PXr8cHHezr//47/pX/lP/VV/zR+V/ZLf68/8M//Gs8s/4A//df7Wv/Uv/7Hf9s3jRyfrX/z3/X1PDx999ub8fH7+/fS3+lP+53/2n/slz/+GX/noTfu7/zt/6b/1l/1lv+fveb3+y178Bb/o6h/4A4off/pH/oa/89nf85v9pf/q3/CP/eHXf/Rf8cv/4l/riz/yr/3d5v/bn/6//5F//T/86/+Ov+lf/e6/+VP/y9/rN3j6G+7/UdnJP/a7/qa/4/e3LndPfr3f64/+dX+LP+PP/q/+01/vz/nkd/78v/uj/rU/YvsP/kN+073f9+/6g578k7/JX7B397f8i5Nf89lv/Bv91eM/6ffMPv8rR7/D3R/f+st+h5/a/3P+2r/s/0pf/PH/yx+Z/qO/9W/3yR/wNx1P/8h/7o/K/5nf5o/7r/6UX+eP+Ef/pp/8Q/7nX/H0/PlP/h2/8/fXf8q/8pt+74/4Hbb/l5/+k799/o88zv+pJ+Uf/OTX+e9+w9/1p/+I3+dvb/7Jv/mPebz4S//r33Py8fhf/fW/+9N/3bvjv/T3+m3/wT/qd3v52/0Nv82f/T+/+i0P/oA/+g/5Q//Jk9/28E/62/7mP+bjP3H9lyx/7N/4M/7df+jX/i9+69F89V//If/5r/VH/BaTf+Xf+7v/1Ytf8tv9Rv/o7zr6PX+r6tf8I0a/6G9L/+K/5C//1vrxz/xPky9n/+r/9Mt+jd/g9/2X/qZ/JNn9vf/kX/e3/X3+gH/59Hf6C/6r7C/+Bf/JL/+bf8vf/h/8P3/hs99m9kf9z3/uo//2zb/+7Hes/qb/+Z/4HVb/1W569K0/+g/+w3+bvb/vb/reb/z7/md/1x9e/WG/67/8j/4mf+b/8T+d/Ga/19/0iz76nf+Yv/r/+kf/0t/hp363P/jX+c0/+/v+lz/mJ95856/+I37n/2b+a57+xvfnv+jX/W1//5/6Rf/od1/94M1ffvcf+J/+oX/0N/wXHv7KP+8k/w9e/+Xl2d90/EdWD/+Q61/3N979t36DP+NPe/PP/Hp/5Zs/8rPP53/263/mt/99/uzxP/QfzX/D0Wjrv/4L/6BfL/kv/6Lqt/hr7vxF5z/1gzd/8fjbj/7r5M/99b41/yv+gJ/431/+5X/+7/CHb/3ef9kf851v/eV/9F/wq77zV/yhv9/vcPHX/rH/wU/9VX/VX/wv/D3f+k2Pf4O/+A/7LU7/j//pv/5r/qr/61e9/E0/++3+4F/nt/xq5x/+x36L41/+g7/2zd8y3vrXf8Onv+c//Ed89Z/+T3t/5O/y7Df7XX+d3+izv+pXPflLP/vNspPf4o/+z/+zH/sF//rv/Kd9/lvXe8nbv+k3/Af+gD/0tz78x//h3/a3y/+o3/Wf/J1//V+V/fq//z/6N02f/U6/2/+V/KX/wsdvfrdf9If9jn/Of/Q//yWf/62//a/5hzZ/2d/yDz35jfZ/73/4H/8Tjv7wl7/vt36rP+o/+iN/q9/v3a/5R/x2v+sf8kf9ur/Niz9oN/t9zt79rb/2b/mv/Wl/8+ef/Nt/++7z3/Z75a95/hd8t/yTf93f4Hf6h/7Q3/zX+aW/zp/+G/2S/+VP/5t+y9/hN/pV9dPf8Re+3Dm+9+0/8Ke+Ovz+f/ZXnf7G937Pb+38Ji/LX/OP+G1/q/mf/8f8Ln/1X/Sn/EG/zu/83/1rf8Jv/C/8ir/p1/vtfoff7dWz3+Xf/k/+1j/0d/5F7/7hH/+z9me/zSd/8Wd/1W/++W//0bs/4o9Kf+rPn/yHv83j9V98+sX46Z/21Uf1zi/47X/Tyz/qb/6D6t/n8V/1V/42+//a3/XffPL8H/qJX+/H/oI/+C/4o36d3+6P+otf/44HB0//sd/hzru/4Dv/7T/zh/x1/+h/OvvT/pVf49f//c//xulvu5hn/9hv8r/+nv/7P/SP/U7fep7+H7/W3/Hy3/tNfqvlq7/5H/9n/5q/7D/+wed/4h/6E3/2r/vxz/zZf2n1j7x79U/eO/rfjn/r/yz9DX6jP+4fejf7Xf/4N3/U3/SH/xbf/jX2/8X/9g/9W/6nX/Nw75/Kx3/r6g/69X/PP+gPH/11f+jdf/1fPvmt/5j/6A/93X+DP+TJP/oX/aHf/Z3+l1/r/sF//Gv+Zm/+8f/kj/iX/uTv/vK/fO/XKP6ZX/sX/Ga/1p2/6Nf8TX/7+o/4TX+d//jHfutn//Sv+/gf+oN/u/Fv8Sf+dnvT33T/H/sjf5P/6jf7I3/DfyUf/zvf/sN+g//u5fjgN3jyh/9V/+nT3/bP+5v+oFe/0x/59o/+7f7R3/lfufzTPv3Hfs1f8ON/8W9457+o/5jfO/2Pf/Lxf/Xkt/lj/tV/7Cf+sSe/2ee/6Nf9Hf+51a/5O/0pf9iv8Qc+/8s++l3/4l/70/Z3/UU//rv+0x/9ur/5b7BJDf4Rf8hv9ru/+/zR0Z9w9OiP/FP+iNGjR58tLn/poz97/v3f5/u/06/9R/zaP0aq8Df7q3+z3+3d2Z/4J1a/5Hf7zf7UP/zX/gU/OR4/aX/mz/kzvv1nU6T82/6Gf81f81f8s//0b/ab/a6Xyz/pb/rql/zCf+Hf+iN/g98g+W2++Hu/3V6+u/zNv31IfuSffz75bf+Zf+6v+Od/u8vVH/83/V7Xf8C/9S/8s//u//0b7P3e2X/80R/52+9f/mMv/6D01/vjf/Nf8F//Kf/W7sk/+Rv9Br/JP/Wf/PV/yO/5D7/483/xn/hH/PI7/+jf+Bf+g4vf5qf/utUv+kv/2X/4t/gt/qaf+J/+lV/vj/7Lf+c3v8k/sfuf/jo//ved/xa/2f/1B/3n/+nnf+Hhb/mdv+DN33T8n/8xv/1f9E/9S9/6p//lf/bP+QXjcfGLir/i9/ptf7Pf9NUf/Yenf/Af9+en6R/73/zTf+qf9hf+g7/+//XF+V/37p/5x9/++n/Nv/UL/7D0T/3DPv/Jj36/7//gH/9Xfs1/9Nne1R/xm/2Kv/iv/BN/vb/zr/kFf9Hf9Y9M/oc/7pPf9+/6+/7db/8Z/81vMPr27/d3/Ue/6/Sv/e7+9//5b//D6fEf9zv/+B/7H/93f/Z/U/5av/7o9zn/+/6s7/34L/vT/6b/5c/b/scOf9c//Lf53f7e3/cf+qf+43/9j2v+mF/0T/zOv89/90/8O7/Ob/wL/772j/5DTn75H/Pb/f1/45/3b/0BP/1r/uG/yR/wr/x7P/YHU/Cb/FaTv+LRP/jr/tgf9/27ZfkXv9793/+u7z796k/9J3/n9uWf/If9Zv/03/8n/dq/7Z/1S/6jX+PX+k3bP+jX/QMv38yf/eGXf9Ff/Lv+9n/A7D/+w36r7/9J//If/lv/VPkv/xG/12/9L//L/8Tv8OY3+Jt/u9/yl/xPxy9+i8/+t9M/7Lf+s3b/qz/41/0d/4B/+Nfdevu7Hf9jv8nh7/kX/xO/Q/m3/V//8q/3B7Z/0X/x+za/X5Gd/iZP/7X52Y8Xv/Xf/o/9jus/6eQ3+h1/v8Wf/Nv/od+d/cN/+G/94I+6/N1/t+/+1D/ya/+mh7/89/zH/ry93+zX/EPnv89//6+c/xlP/+vf7B/7zX/6b/uX//WPz3+/X0Qy/ubP+Pf+gj/uv/mT/sq/9J8+/d//qz/nZ47+lf/iN9z5p9KT32j7zaf/5u/7x/7UP3L+l15/56/5K/+CxYu/9d/aX/zCX/lf/7V/8qf/zrf+sj/pz/lv/qu//i/5G376v/7T/+R/4H//q3/DT/Lf/a/56/6Mf+yn/9q/6e/+bx799F//D/xfP/hrfpPD3+j4W3/DX/Fn/DMnv+mz3+0v/iMmf/rk9/nr/tp/4Nf6a3+n3+Kn/6Xd6W9xlmZ/2G92/3//6q/9De/+T39S8Zv89N+U/RF/4LutZ29+59XOv3zy1/69f91/9vY3fFD+5b/lb/83ZL939qf+on/pX/51/6yy/DX/ij/gX/i//uZ/+Nf7I+a/+b/+2/0uP/OvHf/jv/mv/HUff/c33P2X/qLT7/+CP+H3PP7e7/anvXySvPqjfs1f77ff//V/m3/rLzr45f/Tr/VbfP/bP/Ef/yZP/89/6PM/7t274tnv+L35X/yH/8W/0X/z7h/+tf/5/+gP/+N/nd/y5f/0B/2W53/Uv/WH/za/9H/+Nf7xn/6d/+2/+ff+zX/JP/UTf8Sf+a0f5L/wD/1dyv/pP9r7887++uTXS/+o3/XP+m0+/e/+kH/0t/ldf4P/8l+e/F6//H/+w3+d3/3NH/VH/A6/8u//h578xl/8vn/yH/xr/6Zbv9mf9+/9C6uXv9Zv/1tf/+l/Z/3y4Pgf/ta/9Df9yflv/TPP/+Pf6MfOr9e/9t/U/OO/xi/4bbf+oH/p+Df4Lf6xN7/h7/Fb/WH/0q/7O/wf69/63xk/LP/m3/7Tv/7l8fd/lx//A/7QX/O3+0N/+vgP/Sv/wn/mDzj5Tc7+lJ/4tX7dX3rw43/wb/sb5PNf/3f8vx7+b//5H/Ib/0T7J/3Lv/cffu83/3On/8fzP+gP/3d+o3/hN/tD/8o/+X9If53f8fp/+82fJMm/+g//er/5f/Ljf8hv8+et/uB3f8A/+hu++4P++H/if9n5ncrf7T/69B/Ifuo3Xv6ev/Zv//f91985+Z9O/u8/5W/6Qx//rr9rsnXwbO8X/vq/5q/z3/yGv80v/gPS2W/xL/1Bv+n/9lcVv0fyx/0pf8If9Jv8xr/FH/pHLP+d7/3YX/TrPbj+dX793+jdf3X8L/2vq1//r/nfTn7N3/5/+4d+rP7X/ry/4R87/k3/5Pmv/etv/8t/6O/W/sO/4e/wL/1Rv/d/9Ef8Qb/x7/QX/Rqf/JrTR//Ty6d/+Z/3h/2Ov9Hf9Hv++r/wX/3DfuHvlP4af+jf9Af/pck/9GuN/6D/qPmrdk5/wW/5e/4av85vlv4af+mf9fTX/HX+p1/z1/m7/vM/7tf4Xf+hX+M3+gP+2Ce/Rv1r/Em/0+/5a/xH/9a3z36dP+jX+HUO/vGznV//r/72d77z0cZI+Y/4Ix790X/08S+5+s3+xN/sj/xT/shHn19evnt3+bv+Bj/2Y7/On/pLf+w3+L2///iPeXR0+EvqP+lP+rG/+A/7dfd+3z/kj35S/pl/1qvf6m/4zf6Cf+gf/r3Pd/6Yo0e/xx//D/wDf8r9Tz4Z/eT3/5Czz/7On/57Zr/dn/hj/94//A/9fuePx//E0T/zz/4Df8Fv8Bv8Nve3P9n+yd/nX/2lv9/s7Mkf/e2/+8/8/X7Xf/8v+KW/pHnyG/3p3/rs+hf+Rb/4P/+v/+Hf+ncY/Uff/6f/kV/3D0t/g9/qO//YX/y3nPz+f+7vNfs9v/2//TZ/3F/0m9V/9M/8b7/nv/X2d/3Dft3f9vfcv/47/5B/4rcef/dR+8t+7T/6D/nTxp//Fr/i5ck/+Zv8Dnu/87M/5b/7g/6JP+L4d17/7/P/6S9/+Yf+Bh//3n/bP/Xun/hH/os//ZPf8Xd495/819/5Q/+0+7/qW//y7h/6T/xGf8Yf+H/9h4/+rH/4D977z//co49+QfEv/QEfPf8d9t/+a3/fv/QfT37dP+4X/v5/4+/98l/6sd/mUfL7/Wvtf/YnT//6P3v8vUej3/s/+qNP/szf7df7JS//61/2l/+Pf/5nqz/tt/uxv+Sf+nX/uN/xwS9a/gG/0R/33+0lv+s/lv7myV/+z/7n49/nb1r9Qb/957/hX/Pm+f/6y//r13/lP/Wb/un/ZPvL/6FfM/+9ftvx7/vnHPzef+e/8K/+Gr/Fj3/nT0t/4snT3+A3/q32/o5f9N/8PVd/5q/8h/7j3+VX/sV/2L/4v/znzV/zG/3F/8kf8Rv/+Qft33f1j//6f9wv+jP/oF87/QP+4n/2D/kz/6Jf9Kf9xE+n2R/6Gz/8+x78i7/4z/zN/4xX3/rO6Cf+8d/xB//eP/n5L7z86/71X/c3+E1Xf+Uf9Gv/AlKB52f/2G/347/1m7/qb372O/4u//Y//Gf89o//kV/5H/w2P/Wf/Z5Pv/9X/56//r//m37n7/q/fuKP/IV/5t/16/4hv/4v+Jn/6R/+7sHvk/3av+E/+Tv/nb/2b0pO1j/2G3/73/uT/tE/bOfv+4/+kT/7P/vX8v/sz/nWr1j9Yb/D4q/70//xP+/g+z/xaz/95M/7s//zv6D4S/7rv/Iv/GW/9T/9X+z+y//wr/GP/mG7/9i/9OTpv/ifnf1nf8FfX/xvH/9FP/2b/PTv9q35p3/NX/2X/j7P/sg72Z/6f/3bf/Vf/q3sB//FX/HH/za/XvFn/JI/4o85n/9lP0h+Ovur6v/9t/oL/5T//Z/+q/+Cf+J32v38d169+Yv/seYv/zsuf/qv/8P/9b/r1/sdf3r/z/3HfvNnv/xf+kfv/ODF//6H/EYPn/7ed37LX7n9d37+O3/1N/023/8r/irEwuc7f9X4d178TX/xH/5bv/zH3v7hv82/kf1Zv86ffLST/f5/5z/7H1PM/C//Kb/6+W90b/8P/v5v+7v+eX/l8T/yn/3p6a/7283+pP/4L/qj/6f/a/EP/+G/zW/3X/xPv9XfOX3+J/+Tv2T1D/3Ff+xvv1j9mn/jb/1H/8ftP/Lr/YZ/1y//o36d3/3P+s0//xOP/4xf9Wv9Vr/3n1b/jbuP3vzLf2Tym83TP/Lv/Py/2/nDfof5P/T5v/xbf/wzf8Cv+Wv/8dv7//Bv8Af8Y9mv/wfN/7Y/+Q/9s8f/1OrX/fV/7A/6A/6I17/e3/0v/5E/9ic+/59Of5df/F8d/+G/yeP0T/63f+3f5Pf8579/9e//b7/W7/Pb/4Z/yuP/7M/+9Pf+j3+dix87OP4n/qT//N87/bV+t9/yz1p9/gvf/N6/9h/62/zOOzv/zL//D+2MnyRXo3/r2X9W/DPp//br/mG/7fLX+83/4tM//c/85PUfMPn1f8edP+/OyW/57/zW/9bZxz84++f+st/513j9z/6jf/f3fqPf9p/7tf7R32r68o/a/tP/8H/id//+P/YP/CO/4e7v+y//Y7/+7/h7/0d/0O/9u/1Bf3P6O579efXv9Vv8U98/OP41z35slP4Rd7b+6r/t1/5drrba7/0Ov/DJ//zkL93+x16e/JY/NfuX/+E/5O1v9xf/U7/J6n/5R36Df+LjP6ka/Uef/bLs6Se/za/1Z/+zv3f56/3tj/613/3f+ZN+m9/5P/pDfqPf/b/6dX/Pf+rP/DWSP+sfPviv/9U/+Lf433+NX++f+Pf/il/7f/yH/4Xf+q/7i7Z+m7/pP3qz2PlDfuWf8i/9enf/tH/ol/xa//GzX/OzX/Rr3nv6Hx/8oTu/66PfYvVr/la/9x/3nQf/8h/y2/z0f/Tr/45/0X/947N/6S/+5Nd68o///r/vH/Ab/s2/2a/za370N/1GX+7/Q7/Wx7/nR7/t1r/yh41+v3/st/0t/qo/6Lf/+H/+Y37/1T/5a2Z/35Pf9df6NaHYft2hxY4/bPzT57/rb/Yn/Im/2W9JEfCjN5d/1p81+63+pN/sx37sT/tDx4/Gf+lPX/7xf/6f/Kf8BX/xH0qe4E+TB/e3/35/3V/zF/wFP5b+vruf/OX/SDn/8/6ev+cvPvvsb/rs2d/27t3sd/st/p6/8C9Mf5+9f+Qvf3T+i/6Jf/JP/C1/19/9+w/GpPLu/yGk0J7+TYefL/6Oq/x3+JN+7O/7C7e+f/e/+sP+5z/qD/0v/q1fJ/no6c/8qo/+iN/4N/nt/qvf75/7u+rT3+zX+bHf/Z/6m36fv2L6T/7lP3X5V/zX/+l//j+e7izH/92f9F/v/8P/2G/78Oq/+Lse/it/6K9/57fdKV/+ZfN/+U/+w37z+b/2y/+nf/k3/xO2//Q/7+h//kf/kV/3P/r0F8x/8tG/snP6L/x5D07/kP8t/c6f9uv/5t/6ff6uP+qz//gv+isPfovJv/Zr/Nf/20/kv8GP/V+/+q/L/u3J/1L8az/2W775767/0vVf+yf+Lr/HH/K7/cX/yj/xx/3Z49/nb3j38g/6h8q/8rf4RX/Wf/df/VO/3m/5O9/97f663/0f+lP+8b/699yff/svy/6X6X/7J/7uv9d/9N/9x//of/lf/cfjj3+7H5//dx//e3/Yb774w/6r/+gX/WH/Rvbxb3X0i/7X3zf56e3Hq//mH7r+S//KP7H5L//63T/41/xFv+s//N/923/Ikz9o6yf+kT/2V979/f6Bv+o3m/76/8Ls95n/Rhf/9f/0D/0uf9yf+u/9J3/AP/K3/pd/9y/5L4u/70/6Df7mP+jfXP87f9Zf9Cf/0z/z+e/8r/96v+Ob9vjz3/aPzP/mf/y32fuHLpLf+tu/0W/+j/3h39n5j581/8K//Rc/+Q3+lN/7l/2Fv9Yvffkn/zq/xee/3e/6j/0xT367X/SP/QFv/7bst/+d/+t19uOTT3+dP+y3GD363/7z6W/2e+1c/Ia/wx9w8C//mr/+7/Tu//qf/uFf/7f+n/+r32309Ff8Br/hb/rPp8e/7m/1ksLe3+TBb/Yg+ROP/ojiz/nN/rDf+t/4w3/v3/e/+8/+yT/1D/jOf/0L/8R/90/7Lf64P+z3f3Lnr/gTH/8vf9K/+hs/+Md+s5Pf8JO/7p/+L/7Un3j08Dt/XpOcJH/W1X/yY3/szn/99Ftbf+7v+xv/4F/9tK3/0flf+r3f/lsXf9knv/dPzf/y1e/3rb/yT/hznvzdJ8Vf/kf/2H/5V/5Fv8nv8J//dV/+gj9m/uc9otTb77j+l/7OP/IX/LPb//JP/8V/5h/y9/xav9VP/3f/zh/xx7X/Wvb571j9XTTFJ//W37b1V/yV3/p3/vGf+Zl/77/8856f/FbJnUf/9b+09wf8wX/HX/bH/tN/8E//Z3/Qr/2bfPo//dknv+Ev+nte/tu/6F/8u//mp7/16vF3/8jf4du//Nco/rLt1W/2h/x6v9Xv9vgP/nV+/Z/4i/7g3+rX/nd+zd/hd/4b/69//7f7tf+aP+Mv+oknv8Hv95/9x9VvfvRb/cX/5O98+Sc9//x3/Kl/4+Uf+tv8Vn/4j/+aP/b7/2mP09/x4W+W/dq/ycPVHzz9+8/+rd0/5Md/q+e/6I9sfvGf9L/+o7/D7/eHQUn+e3/Wf/Fb/y7/3T/6W/x6xW9FXtRP/1fPkt/00/I//nWS7/17afY3XP5lv8aP/br54wefF8/f/cP/9K/1G/6+qz/41/5N/rlf+Ct+/Mf/sl/zT9n+6d/uP/7Pvvu9P+h/+od+rd+p/YNP/v5v/0W/6+nHv8Fv/O//k7/Tf/y//manP/7R7/fxr/hn/7M/+F/7J37zP3X3D336O/7ef9rq17z7O63+5H/03zr40/763/DXzQ7+yn/yN/ud/+r/+B/7tf7C/+O//A1+vT97+o/8Eb/ZT/xfq3/sd5j9bn/+n3b/D/8Lf8Ff+ZtffvtP/g1/t+uHf+Sv/1v/Tf/ZH/SP/7q/8f/xT/7Bv+357C/54x7/Xr/G3V/vx/7Jv27r9Gd+m//yH/orf+3f5I/5I3/tP/jHrn7Pf/SP+GLn9/yf/+Ff92/J/8Q/+uX/svMvP0v++NE/+Mfe/53/qX/kP/47/uI/9Hf7l/7h8r/5S3/PX1D+w7/eX/lf/WfJb7P6Pf/X+sf/xB//t37N3/b/+sVPf9+jf/kPHv9bf9CLz371n/2/p7/nr7nzb/2uv0n7T/3BZz/5L/1av8P+H/wbf/u/+p1+6//k5a+1+p1O7v39/9aTP+F3+9N+7b/wN/+DfrOrv/SP+PFfmP66v8P610w+efNP/kYv/vQ/fPwf/U/L3+E/+8M/fvk//bGL3+of+q3/kD/q9/z42b/0t937/h/8641+g9/qt/kN/+A/6Df+/f7S3/CL3+7HP/rb/qs/6jcsf83dL//a4xSryX9AZ6H4m18oPvx/AGREoXdTIAAA" />
        <Entry handle="13" bytes="H4sIAAAAAAAEAO29B2AcSZYlJi9tynt/SvVK1+B0oQiAYBMk2JBAEOzBiM3mkuwdaUcjKasqgcplVmVdZhZAzO2dvPfee++999577733ujudTif33/8/XGZkAWz2zkrayZ4hgKrIHz9+fB8/Ij4/e3bwMPvs1/j41/gvfsmvQc8f+Gv8Gn/Er/Fr/Om/xq/x5/4av8af/wt+jb/01/g1/tLf6Nf4a3+NX+Ov/Q1/jb/6t/k1/tZf49f425Jf4+/9NX6Nv/83/DX+jt/61/irfuGv8dc8+DX+1h//Nf62T36Nv/d3+zX+3tGv8bfc+zX+1ke/xt97/9f4ew9/jT8v+zX+6me/xl/1+/waf/uzX+Pv+71/jb/6/Nf4q65+jb999mv8rctf4++b/Bp/a/tr/G0/82v8vb/o1/j7fubX+Ed/jV/jH/uNf41//tf4Nf753/DX+Gd/m1/jX/s1fo1/7Tf6Nf7dX+PX+A+SX+Pf/K1+jX/641/jH937Nf7RR7/Gv7Dza/wLR7/Gv/PJr/Fvffpr/Ke/xq/xnya/xn/7a/wa/91v9Gv8V7/9r/HLfo1f4//4NX6N//l3/jX+y49/jf/ywa/xP/9uv8b/8uDX+Gee/xr//O/za/xrn/8a/+5P/hr/bP5r/HPvfo1/p/g1/vVf/Gv8d9/+Nf6L3/vX+OVvfo3/Mv81/tvrX+N/mv0av/zdr/FX/VG/xl/1Z/0af9sf9Wv8HX/2r/FX/1W/xl/3N/8af+tf/mv8rX/dr/H3/CW/xt//1/8af9vf9mv8HX/Pr/H3/K2/xt/39/4a/8A//Gv8s3/kr/HP/hm/xr/1R/4a/+6f82v803/Vr/FP/D2/xr/9V/4a/+7f9Wv8V3/Er/Ff/dm/xn/+V/0a/+Xf+Wv8sr/31/hn/ulf41/8l3+Nf/Of+TX+7X/z1/j3/+Nf47/6p36N//zf+DX+53/o1/if/pVf47/6L3+N//F/+jX+l//u1/hl/9OvYZ/f9f/+DV+cvnl9cvzydG+882v/mvjo//orj5fFImvzWTq5Tl8V2Sx9ml3M83qcPs2n+WKS1+nDT3/jZN62q0d377bzfJVd5OOmWKzKfJm342m1uPsbJ79x8leHLx+XZVoXF/O2Seu8yevLfGaBXF1djb9Yl22xyGdF9jIrs2kOOL9xUizPq99zYb9aeV/9Gr/rr/p1fuw3/TV+ya8xwlDAUb/Gr/9//UG/5A/5Q/+wP/yP+CP/qD9061vf2n748PDo6Pf40/7oX/Kn/Wl/3J/zx93dvnv3T/oL/ow/8tf5DX7jP/Zbf9Hhn/yn/B5/6tEf9cf9sX/VH7f9F/yFf9Hf/ef/LX/Ur/0b/Hq/wW/4G//Gf85f8yf/DX/9n3T3W3/4t7b+qr/t7/g7/8S/8OGfv/23/KO/8V/+6/xDv95v+A//I3/73cOHf8qf+k/95w//rW/92r/mL/lb/4U/9+/4u/6ev/Dv+OP+0f/oN/wP/qF/8B/5K1/9ydM//J/7J/+a3/nffLn/e/4a/+Lv8/f9oj/h9/x9fu3fffvf/UP+2H/wl/6S3/C3+Zt+84d/6N/w5Hf42/6IL/7jP+Tof3n15K/7J/6XP+ev+2P/oz9offJ7vv637n35J/3Un3/v917+tn/Mn/ob/9H/8v/ye/+J/85nX/weuz/9y6/+5r/0b25+3Y//i1/7W9X8Ly3+jV/4gz8l/1P+i1d/42/4F/yif+aPHn//4eU/+us8/H2/9/Z3+BvW/9dfOPr9fvlf8Sf/+N/87E/8vf/736nY/v1/7eO/9a/7N/7U3/tP/POTX7L/G2+9GI3+un/yz/vo+k9p/40/6K/5t/7iX94Wpz/12/++f8jfc/+P/EW/1t/+p/4p/9k/8K0/7Nf8E37bv/713/5H/8rvXD77A37NP+Q/+cd/jX/yFzz9L376t/5v/sJ/7nc4+s9+q1/0Ufkv/Ha/R/l3ffH63503L//Fn/jk+hf97f/MX3v6G/6O/8Of9xclf9Q//g+N/5j13/adi+oPe/j7/dRv8tf907/lv/DX/V0H3/0T/qI//J/5Nf/xX/3n/Sb/2fY//Xf+i//N//T4D/1Dsr96dv7v/cSf9v1/7Nf8bX7vf+uf+Nd+7f2/7k/6Z348/e//s//w9/oD7/9nv9m3/pX/bPKv/Ybjv+tP+iJ/M/uD//Ff/4+58y8d/9hP/kt/0e94/Nf/vv/VH/fTv+Zv8vmbn/hv/7GXv95vf/Zb/cQf/Ov8FvN/OP2tf4c/7eXpb/P7zv6v3+xP+vE/6Y/+z36X9W//x/zj/8Yf/z/9+7/lH/pbrP6o3/yf+G2+t/Nf/ed/8le/73/0Z/2e//l//a/9Lqf3nt3Jf/Gvdfbr/Ln7z/6i3/zZb/f7tf/17/7bfPX01/iXPnr+3+T/xo//Nn/1V//6L/wbfuM/4jc83Pt9f80/4rf9ff6tP/q//PV+p1/07X/nN/l1f8Uv/NOf/Hp/3fl/+gf8Pn/yP/abJHf+sJcf/6Ff/QH/8+/8+W/4x538GcX/+dmrf+XLf+M3/jP/7PPf4Bd8+mv+dr/3n/Xtv+bX+g//sD/8n/nxf+nv/1/+0eNf9Dv/en/aH/T677n49/7c3/f6H/qr/obf6Jf+Zn/C6z/pd/plf8zv9q89/3X/rNG3tv/UP/+v/Paf/w/9Vb/N7/Dy+Kd/nT/5Tzj/k67/5Oef/9t/x5/79/zhL8f/21/1J/1av+3vP/+bf99f63f8s36v07/n3Z89/e9f/OPfevp7/vE/+c//9Pzvv/cH/cO/7t/zO/zO/9L/+Ov9Rv/LH3fnX/57zv+af/Q3Odj6df+NP+d71d9y7x/5sd/iD/plX/1av+Vf9r3f+PjXLf68v2j1Y//q31qWf9w/9x/9nhf/57s/9d+d5o/+7L/+b/6df/9/4z/Y/gW/4H//r8s/evff/NN+4b/xD83/4+o3/o1e/tbnT3+XP+o/urfzr//jb5Z/x5vf67/+27/8F/6of+in3k4+/7M++3N+o9/yj/s3/uNf9ei3mf02f8Pf8sf+O//eq3//T/mJX3H0+s/+7j/4p/0nv/Xf/tf+IZ/9Pj/9V/9+/8af8xf/4b/ob/+T/um/8z+++C3/wl/7z/6vk79p/mP5X/qP/EO/4M/59F/5j774xX/mb/rn/lV/0Nkf+Mt+4Z/15b/9B/0nf9kfsvdvvvkT/uXJb5+1f9Pv/tf/D0/e/Rp/1z94749Jf82/62/5scnZ7/h7/kO/1t/zPx79U7/J937nf+JP+p//jD/vT3nzH/6t9/7AP+oX/iO/zq81rAP+kN/4W3/UNgn80d3f4w//k/+UP/TX2fqj7j48PDz6PX6PP+9P+kP+/L/kN/zWH/lH/hl/9J/1Zx0+/Ou3v/UX/al/2K/5G/7Gf8ef+dcf/YV/wZ+//Uv+qN946x/5R/+RP+rP/OP++j/7n/7j/sZ/4g//tX+dX+83+PV+w9/gH//WX/vn/nl/z9Gf+/Bb/9g//I/9E3/sH/vw7l/3T/+X//zW3/Eb/Ku/3q/3L/8rv8Hf/kf+W3/23/Pn/4V/zuF//N//Iy9+++kfdvb9T87/qD9s+6/6bb78BX/fD/7Nf6H4d//yT37Lvyv7T/6IP/nkj/gbvnp0/jf+O1/9oQ/u/oJf63t/1U/+ol/2j/3zH/3Nl7/9H/9X/95/2Xf+1eM/7D/6HUZ/2m9z99/52/7wf/j8r/n3/s5/8fO/9o/d+Sf/4r/k7/7pf/vv/m3/u9/mxcnLV7/Dy9/rj/3ff8l/cv5b3nn2x//R/9xv/fxX/ml//r9w9Rv/l//69/6kvT/zH1j8X7/1//mnJ3/V/m+9lz/4/X+3v+0f3/nr/+mf+sv+sJ/+T//xV6//wj+w/Yf/8K/+890/+y/5q378d/5r/vq//ODf/o/+kb/uN/nedx79C3/D3/MnPvxz/ulVuv6pf/0Hx//zF//Zv774I+/+Y//4y+zvfbuz/6/91t/5Bfv/0b/9p/4H//S/9guufrPzP/u//m3/k9d3fuzfePZ7/6W/4R/+t/79v+Ov9cVffvb7/8QXf9I/8A/8aX/9X5X+B+u/8U/7h/7pv+kP+jv/vvm/vvzn3/wdf3z+d/5Of8jf8Zf+aZ/94r/u9enoX/qj/uedP+Wn/9G/sPzd/5Pf5id+j1/+47/Bq9/+D/7Xf+e9z0b/8R/2mz3amT79neZ/1v/0J/yBv/tX/+if8bv/Wb/d3/5Vdvcf+/V/x1/y8s//V7/zmy3/rd/1j/ztf69/7ff89X6nye/7L3/38a//O+388S8WX/2TP3X6P/32D/7Ny9/x3/5tn/6Ozb/0u/6Rv9Mv+of+r3/qD/91f4vf8zf7h3+932G1+jXu/+1/0X/yE7/4f/i7f5vf/85/8hf9Zf/W7t/+K17+er9z87v92Oe/3e9f/sGnv3X506tf49f8H0d/2Fd/5J/7R/0r/8pv8tFPX/3Gf9b/+p//RSe//S/6037sL/1tf78/4G/+L369o7P/NP/Jv3bxh37/L2jXP/m7PJr9+a9/vT/l4pf+xNZv/Zv/Rulv+tkf+9f8bb/XH/zsV/xvr/6QvT/93/q993b+rOwX/na/3x/0P//Bv9av8/Tev/jVf/uf/6M/9Qf/M7/T3/U7/56/1/F//uc/evAH/Dl/9W/7m+//8t/lafOTn//E6T8w//VGv+fe9vzfPv69/rSz7LfLyl/zD7n+5eXWv/UHrP7m3+Iv+dv+5D/kq99/sfN37f76v9PsX/uP/uHf5veb/8Tv+dWbXy//F/Jf/W/9Ov/1z/y5v/E/9tv9fk/+qb/42W/+yZ/2p/zBv83v/TN/wL/zV/7X//yf/Seut3/Fn/2//7ef/dp/+8vv/SbfPviPn3x7a7Tza/7WX/1W/9L3/rx/6It/7k/5+P/6S/7cv+j3/FN/6a/803Z/5nf/n37NX//v+Kn1q+/8dX/SX/vH/sH/xC/5dX/Z839/8Rv96b/Pr/jtfo1/+M/9C/+Gr55/+pf+X+Xf/Bf8mr/lL3n5lx/84f/er3H22T/+2/9HP/gXfurf/Ft+9+//wl+48+N/+v/wJ/2K32d+5/f6z//VP+3V6G//G5/8tb/Xv1q//W9/tz/+p/7n5x//aX/Df//3/5n//h/1t/zYJz8xTf/z3+1P//3/4//mk//mJ5u/8K/51z65+k1/8ct7v+/vd/Avzv7qP/o7/9q/+Lt+9Gf9Dc//9j/7e//G6R979cf/BX/eX/70X/mnn/5Pi1/vTzr4J36dnR/7G/+af+k3+vf/yn/2n3n17T/4d/310r/vv/8Hftvf5Q/a/V1/5b/5W/6a/9hv+z/+H7/sX/xv/7J/9df450/unqW/xgZX4A/b/tbdh3/s4R/xJ/yJf+i3/hQy3Ue/x5/5S36PP/dP+jV/za1v/cZ/yh/9x/xxf/rhn/cn/Qm/zm/8F/3Rh3/Tn/Xn/qVbf/vf8Rv/xr/h3/XX/w3f2r77x/yVf9Mfe/eP+mt+TRL/3+Dv+lP/2KM/88/8U/6Ov/3v2fp7/76/9C/7Yx/+o3/6w3/oj9r6Df/T3+DX+S//q3/2n/vr/+h///Bf/j3+1X/t7/17/q5/7U/9y/+Rf/+P3f6jvvWf/oa/2W/32x38AX/R3q/z9/x5v88f8ul/+x/+gz/1b/1N//rv8OuO/sK/t7r7V/zHr/7Mf+4f+rv/4N/g9Ff94I/4zr9z8kf9p3/Dv/2f/ud/zV/yN2X/2N7f8Q/91qv0D/41f5c//d/+Hf/tPz57/Ef+Zn/zv/73/hv/7W/7d/6Z/9Ef88X3Xt77s//VP/Tf+Jmf+MHf+U//+n/9y6dN/uf/UXd/l7+u+o/m//lvMf8Xfs/jX+uf/S1e/CHr4rf5q773f/31f1j9p8/+td/q+er//L92t//Yf+HH/5G/6h/8t/6OP/3X/zt/v3/v7/7H/4TkN/xTfrz6q369/+bxb/G7/bPtv3Zv/gu//PX++D9r8Tv++NWjf+sfevm/V3/df/Yn/tP/xh/808f168c//ede/fHNv/Wv/w+/ye96ufyT/oO/65/7T//Vv+2j3+dX/k7Pf+/86fd+q9/r+//c3/xH/CZ/yh/3e/22/9Z/94tXF3d+l7/qd/gX/tPnf9vW3/Rnfvbf/Et/9F/yJv/iP3zxf/89k3/+3/gVf9sf+Yv+84+qv/Ldr/+nPW7/uf/sL/qtX/5HxZ/0/I/+rX6j81/49//W/+53/ra//Q/6tX/L87/pH372W734Df7jZ7/g+i/7j/+Qg7/72x//27/P/Nf9r/65w8Xff/mv/KLf4O/4rZ7+ju3Lv2ryCy7/qd/81/4j/s/17/Zn7/3EX/03/aYnR7/8+N/6zv6//fo3/Oj//Pv+ol/7t7p8+Xf9+r/0+p/7v7I/4jff+8v+gD/ni4Pf+Lf6iz754/6hv/Qv/eSTP/7H/93fd/33/55/2O/4+atv/5O/0y/6p37Nf/K3/8k/6h/6h3/Nf+C3n/0ar3/Lv/nz3/rj/3Fx/ntfvPp1/9STd5Nf+Nt//jut/rC/+fQ3+PV/g/a3+YP++b/tX/39fuGf8xe3f97VP/zv/RF/5B8z/Rd+0V/x6/+mf94f+eLz1R+y9wd87w/55b/F73Lx5//u/8Q/9Tt88i8c/5O//ad/3Z/0H7cP//B/7V9Z/Vm/wavf6a/+7/64V9/9TY6ff+cv/p2nf8Xf/I/c/y//z89//OGrX/G7/bF//a/3J3znN/m9/ts7f+RP/4Krgz/46e/8Z/wzv9l3/sB7l7/bX/vmv//Xf/Cff++P/Jf/0I93/thf5yc+/51f/E9/0h/6m/xev/cPfp3f8//683/Lv/wHf+3f/Z/+qX/93/mddnnn5dN/+R89uvsP/UNPf6fn/9Lf9hutf+e/5lf8zpd/1n/2b/2TT1f/62f/zm/49/zi/+bX/hN+w9mf9x//Ze2v9bu//s3e/Lff/y9+h7/1d/jtP/7e3/AX/Pl/y5evRn/S7/qP/n4/86v+juef/oV/yF/zn/5R3/rV/9Rv/U/8/tmb57/haPY//Wd/8csf+6v+x3/68B/9hb/tP/sPbv3K3/of/pce/gF/zuvf5T/+vX6X87/611j/R3/GP336g9+2+M9/+eWf+vs/+rHf+4/+8o//fX/Vn3T/t/kX/5vf+vee/fq/1b/0+a/7Y7/Of/lH/u7rxX+0/Uf85qff/f7xd3+LP+HZP17/b7/t4b/5h/9Rez/z7/3zH/95d+7+pt//Hf6pf+K/+ev/tj/gz/67vv83/77/zn/33/wmD/6h+R/2m/3gb/5P7pw9/qV/4m/3mz/8zf7qP+gP+l1/9X/3F/1Rv8c/9r//mdef/DW/wX9y9mv8Kf/Z3/LH/m6/5i///f6p3/SPSf+Gv/jz3+l3IDXwJ/1tf9Gf8ujgN/81/s/0D96kB/6IP4TiAZL/uw+/9Uf+KX/kH/3H3P1Dfo8/+/f4U//wX/NbW1t/+p8Iz+CPf7j15yE0+KPv/pm/5E//2/7o3/jv3PoNfsO/9+/8Df+iP/qP/eP+8r/8r/zj/+btP+/X/vV+vb/hN/6L/9g/6m//1r+w9Xf+xr/hv/n3/Wv/0N/88OE//lf+B3/z3/GtX/vX+S/+i1/n1/n1/vq/91/8W/6VP/ov+vv/3n/n3/yL/4z/4B/9K/7Rh9vbf+Hf8ru+vFr+zveu/qbxP/7nfvo//jkn5T/wS//q3+70j/m97/yiX+Ov3f4D/okXf/7fkv9bv9+v++f+7n/97/r3/+Df+J/+83/3u3/dv/x7fO/f/M1+u9/z4l/6g/7el3/it/+N5D//6/7Mf/T3+9ef/vG/w7/xr/zLv+H3fsPZP/P43/zN/+Dxz/zN7a/1183+lj/7X/3TXv4uv/m//18u/pp/4g/+r/+1v/k//RX/w2+981O/8G/9w/+xP7z6k//OX/B/PfmZ3+q3/JUfTf+5/N6/+df/q//56Pd//PKXvfxf/vaf/KcXv8lHZftb/c6/7eo/3fsT/5l/5/TN//zfj/71v23rd/1O+R9vff5bHj79o66b2dV3P/+bf73f/MWvc/BbL/6AP+qX/xrN9G979uWf9nf/E9/Kf/Hz1R/0r/6Vf1P6p/865V//F/wd//zf3P5t/3TzR/6Rf/W/vP6T/5mfeZz+LePyb7r8rS6///jeT/5ed/+Q/+hf/lM//h9O/8DX099k9tv+3b/177/8Y/6I7/7i+W/68I/7hdf/y3/1Z/8rf2L7D/16L/7mz3+zz//OX+Mv/f7Zb/TX/+m/fXLn5cs/7LfI/7K/+I/4nX/Vf/2LPv8t/4U/+X/5V/b/ij/6V/zLj/6+X+PH/70Xv2z+j/2Gd3+Td6tf73da/VPHv/7vfP0v/c1/5C+9/o/+4V/vt/rs73r577R/5Z3/9F+b/Yn/0JP/5Gf+id/5z/xDfvPZP/d/7f76f9xv/T/8w7/+H1//WX/wP5b8Rb/b/e8fv/s1H/zLf/A/+lv/lX/G/b/xL/qbfq3f5Hznr/4Lf8EP/rn557/j7/Wv/U8/lvzkb7H/F33x675o/7Sfefqv/LI//6MH/9qv+eN/zn/2t//PT3+z9Rd/+r/2a/3gL/5H/4Qvfs//4N/+cx7/xr/19evv/V7/3J/8H/7Z618je97+/tv3P/79/7c3/+u/+TO//K//y/+U33D5D3371/8Fv/hP+vjX+dbv9+//7v/l81//V5z+23/+/3z8nf/my3/+l//WyW/xZ/w9x09/0+V/9zf/+r/Vn/vP/Nr/0Z/+fLv5nbf+2Mf/zZ/zR//+f8Vf9o8k59Cpf/mv8R//Eb+g/Jd+3X9p+9f8wb/2373+F/+z3/Nf+SOq3+L6Lzn/336nv/jX+y3+sp/5W3/t33y9/1/+Ucuz//gff/NJ++f843/2i5Mf/Nif+/Q7/97On3P6F/6K/+nbP/id/5m/+9/8xb/lr/pVv+f/lP8Pv8PVl1uf/HW/2e/1e/wf3/5df50f/PG7n/wbx//Ar/N3/g9/26/3j/4d//zv8b//T//pyW/y6Df7Z/7qv+7vf3j42+//tv/tD179ksXDf+WfarZ3f/KLP+h3Pv0n5n/w4+9d/j5XW4s/9V988B/+c7/v3el/9pu8+ZMefSf7Q//Uv+ezk//9T/0nXv2Of8dv/a1nf+7/+nv/fv/Cv/Fw9W/9q3/Q77O4//v82Mnzg//rF/3ef8M/9of+7v/Jl/t/9y/9X/7pv/ff/vde/1svf/WfVj+f/o5//V+6de+n/o1f993bf+yv/q3/9u/8+3/eH//pP/YL/9j//M3Ly1/rX9j7u3+/f+G3/H3//u9lb/6Wf+Mv/CPe/NPpb/gH/9j3vv0b/n3Lf+o3rRf/zMNfK1vP/tVf44/8ddKf+TX+iGe/w7/6a/0jf+OT3+B/vvoFf//vV/3rd+7+n7/8T/mPmn+z+PW2fpffYKMq+CN/ybce3j06evhH/Ul/0u/xp/4ev+af/Cf/Ht/6c7YRHvzxf/zdP/PP/HP+3O2/4s+lXMBv/Df8xlt/7sO/4C/6iw//2N/jL/slv95v+Ov9xn/IX7n9533rr/or/sbf+Df8DX+D3+Cf/g3/hr/5H/vz/8I//m//Ox/+VVt/9x/+61CY8Ov99f/QP/aP/FX/+Z+z9V/9U//MP/fP/NP/1d9y91/9O/7Cu3f/y//21/t1/vdf/ff9ev/Jf/6f/WF//sl//Nf8+ccXf9OnZ3/t6R//H/yGb/6b32z15/5Xv/G/9zc+/Zf/sH/79/rTX3z/b8n/6b/gzl92+sf/O3/dH/mtlz/zz/2Vf+Of+3fm/9A/9cf/qX/23vfvXf6zf8E//p/8Z3c+3/pT/9h/4f7v+T8t/sN/rPptH/zV77b+pOk/fJn+yb/77/Tgn/0jH7/8+I/9XX/ti7/oe39ntbP76/1lv8/r/B/7E3/X//Bv/r3/s3/6p//pv+7/+nP+pN/833/wH33yd/2Bv9av/ef8LX/0v5GOfqtP/qx/7Vf/bf/p5/ff/lv/2S/9b/+d3+K/+wf/8uuHv8X+PzX+65Pf/mL5z/1a//j/9K9+9Iu3f9/f/J//L/+Wj/65P2D6x3/xZ/yxP/k7J799/c+M/rty8Zf+M/l/8Pf94MdXP/iF//Yf/C8s/5D2j/gbvv073f9z/srv//m/+5+ULv/S3/8X/7sn/3b7Bxyf/+l/8l/8e/1an/8Lv8VP/UZ//f/wX/1uf9tv+8/+K//hb/NH/ca/wd/z2/3Df+WDP/3//Oq3uPgTfoff7n/5D8bfefy3/VX/wy//b3/jv/Vf/v3+x3/8n/wXPrn4h37id/kd3/51v/kf/ls9/TX+4X/74hfd+Vv/rJ/4+37XX+OL3b3f+vVv+TP/bfo//UO/zo//Sb/mH/mHtP/Sn/z5L/jBf/U3/5O/46uDJ39xUp/9a7/Fgz9ge/XPtLO/ePpn7P1G5W/2h/zW3/uZ3/yP+O0+/if+r+yP/GNG/8nuP/6b/Za/3ul/+p32v/61f5Nf6x/73/6Lv3j3f/pdd/7g3+C777Lf7U/5Rf/an/nRL/iJX+M//m2y53/5/r/2+7b/+b/6x/zC//4v/1//4s//2y1KQXz/D/uL09+p+ZeyP/I3+4//5j/7H/3s7//vzn+rn/i9f61f/r3f59/86r/4jX7d3/d3++3nv+Dl1r/58rP//J//y//d3+vRT//b/+lP/yO7/+o/9GvP/6jf/Nf/i+78A//wP/r4by/+9t/o93rwh/zWf1z161z+23/Or//tv+RP/nV+y9/rv/iX/7Evf/If/s9/pz/vt/tf936Tv+FP+YPf/Uu/9eovyv7QZPwb/MXPfkH5m/23L//K3+6n/u7f6KcvL3/5v7z6Db/9azz7be/9S7/qyW9a/ke/61/87m/+e4rfb/lb/ZL/9ndc/93f+XV/63u/a/sH/5r7f/5/9g+d/FZf/h9/2+I7/+nlL/7P/5bf+dNf/O9/8Zv+WTvHv/Zf8Sv/tZM/9s/5837XP+O3W/5x//Gf9Re/+quvf+/f7O2/dfZ7/sO/1v/4m/2tv8+7vb/kD/ufmt/qN/4D/uRX//1fXl/c+9P+4ue7f/4nf+9//m+c/dbf+kv/p3/kT1r/V3/x3/Wf/hd/2W/5L/5h68t/5dkf8y/n/+av9Wv/Wf/I7/dn/BvXf9j3v/36F/0r//Sf80dc/xt/xSe/7eTf+h0fPp58P/0Xvvff/n2vHy/+9N/tcvLkT7381/7tf+6/+He/+8lvsPi79hb/6d/95/1GB3/5v77O/6DfIfvv/4rvzM/+nL0vv/t//r6/6dPqX/np//w//o9+8r/8K+b/6af3/vVXf+uf9Fv9MR//eR+Vf8G/v/eH/qX/yA/+5a0//f6LX/qb/2V/9O969Jv/Hf/hZ3/Yf/hX/aY/8Yf8Ov/RL/7d/+zf6b/5rf7LP/4v/QP+6PEvn+fZP/kL/tuP/qgXf8Ff+1/+fb/r/3D6xZ/8a/zhkiL4dYcUwR++/S0KDx4eHR3+Hr/HH/Wn/6l/6h/7x27/Md/60/70P/LX+423/pyHh3/F0e/xV/3Vf+Ef/meTcvib7v7Nf9Pf8Ef8OiT4f/fWX/rH/Ql/4p/8Vx/+yQ+/9df9kr/hz/2b/rm/9c/7Y7d+49/47/17fr1/7e/+S/7YP/6v/JP+pL/iT/jzfp1f59f+T/+TX/sP+Wf+2b/1v/1z/6W//+/+u/+N3+Df+A3/lX/gj//L/6p//08+/Jv/2N/4X/+N/qgfT/+pf/OvXf8Lf8bxn/pn/IZ/8Mkf+T/9DrN/5O+s/qy/+vf5v3+b3+43+/af8Af8Lc//m09/95/5J1b/zj/6R/6Kv+X//Hd+89FXv9vv8vD/+Kv/rL/ij/2dHrbpv/6P1//Ft/6c8fd/2S/4tf67v/zX+jN+fDL+VX/w6//4t/yHf89fdPD933X2K0e/wz/0/Y//49/+3/sn/vnf8ff64+7dX/5Ov93fPv/2xd0/Zu9X/KrXv+Anf/H/dfp3/w+/7Ld5/Sf/i3/8r/fr/Xv/x//2nd/tH7n8Df/jP3//f/qD/uC/7Y/+y3+3s//mn9j7I//9v/bLz/6KX/Z73f9T/7a/9jf5z9d/1t/0B/1V//Lrs2z8G/+xf2a594d+9Ofe+X2//fo/PfktftdH/2Hzy3+Lf+U3ff1//jvZ33Hn4V/5+5//QX/23q/z6O4f/Kd/8pu++Sf+sf/+f/lfT1/8SQ9/8PR3/jO//+TqN773499++Y//Xr/+X/IPfuff/w+u/uXf5fd8++U/+9+8+aI+ePrr/GZ/x7u/+R/5NU7/2N96Z/nr/PZPnv8uy7/pN/rjf93f+vf/d17+Ha+/+o1+48tf87f53s/8yb/mb3z2J/3Ff8TvVP5m//Jf+Hv9h//ab/Eb/+A//9O++ovWf+3v87v/W49/p/JP/sN/2/lf9Gt+/jvVf9q//GvP/45f8p/+i9//tX7j/+o76z/t1/03f69f97f7vf+Af/jX+53+oJd/+B/9+/1Bvyu5DaP/69c8Ofr29W/9+qfu5T/5l/7gj/un6v/o3r2f+D3/kD/6N9p799Fv9/v/UX/wH/Gbf/Jr/Ku//x/3+//l//qb3+933vvHz+7N/+X/5E/Y/21e/s2/7m/ze8/+5L/yt83+sD/5H0ue/br3vvtH/Eu/ztM/4/j8H77z6hf+/f/SP/Z7/jq/+3/0Z//jf+bkz/qL/vmf+G1/8Ov+Nsn//K99+0/a++ofufP6D/iFv/3f9Gv+Bf/LH/5jn//Gf9zf9y/91n/E7/9v/+v/0sGDf/9/+x3/qOb87/w1fv3f58/6u/7wPzn7k/7mX+vo+w8f/qfXf8Fv8Qe8/ek/8Hd996c/S/+rsz/81/1dV79o9pv/hV/9ZX/1n/OX/y0P/6C//vAf/6t/g7b8Xf+i3/O3/r1/31/zePybvlv9E7/9bvmvfvHqb/4bft03n/8zL/6M32z7q7/49/yNf63f8Cd/zV/z/l/yN/1J/9hv/r+M/4nfe/nb//P/6X/9t/zH/8xf8pf+4t/lf/wNfqOf+Ozv3/ro3/yL/s8/67v//O/5H37r5J9983v/MX/Xr/Frp7/RH/db/1p/5D/+p//ef+r/8Tf9Ov/+X/ef/54/89f+CX/ef/O//EG/1m/62/9Jf0r9+Ve//Hf50/68R4//pb/lt/j4n5//3R9//7/7t/+JX/5o8h9c/xf/2W/4av3P7/03v9+/+m/9Qf/kv/6H/2OPv/tX/cv/ye/5f/yZf95f92P/xU/+m//AH/Bo6/njs//0N/unnv+q3+Z/ePHZf/78d/rO3zd/8tctfsN/8l/7m15//t/+tfMvf438r/z+v/lLP/71/q5Xf0L+h3338/Pf8f7f8m/80b/yZ/7mrX/g//iT/ul3v+G93/LfeNz+sX/ff/BX/SP5P/Cb/+S/Nfqf/unf7T/4nf7c3/6f+jX/td/v7Nf4Pf6g+6//k1/84+nv+Wv8U3/bb/F3J3/+D36Hv+933f6v/pE/6fN/8scnv9Eff/3n/5bwBP6vP+BnfS3i8P8BbsdBz9gaAAA=" />
        <Entry handle="12" bytes="H4sIAAAAAAAEAO29B2AcSZYlJi9tynt/SvVK1+B0oQiAYBMk2JBAEOzBiM3mkuwdaUcjKasqgcplVmVdZhZAzO2dvPfee++999577733ujudTif33/8/XGZkAWz2zkrayZ4hgKrIHz9+fB8/Iu5+6xt67v7Gyd1vpa+yYjmprtLnxfJtk/5kXjdFtUx3xzv30q29nZ1744fjvZ076eZHYb2e1sWqTderWdbms3RynT69XmaLYjqri8t8PK0W6XlVp2enn94M66RaXdfFxbxNt07upLsPHz7cJnR20zfHv9fxi+PX3z5Lvyh+sH5bbIBkYbXZ22yZNcXvOc8WWTk+r/N8kRXleJmPf3q1EYD3CKztb+QxtM+zWVq0aVMt8jnNQX6ZL9PiPF1cp6fLi7Jo5mmbv2vTokmztCzatszTq7paXvyu6eG2mROF9Y08CuurJrvIH93YevNj8DpbNnndph8/boQ7mnr62Ue1cN34p5uPjh7flW+OPk6LZVul7TxPn3z59PdJm3zaEjOOHCxhiOy8zWvXrM0uiIhNXp6P0klODJan2fK6nRfLizQvm3wcx+v3qdbprFp+3KbLnJiVOs5ms/SjavlFtW7y6jKvPyI43ifrlj5o27qYrNu8+V1/Vw/WN/FYep2n19X64xlN+NvcoJWfnxMx8FdF466ZLZqtZdVSq+Vb+fPOCDRZ+rDw6sfVcmFG9NlHs0oFfosI1Nw5/OhjHuQt8LJw1u1nHzVttTKAGIjOW5vVF3mLKWk6ZA9gfROPwnpDwzCK56qqSYddFe2cdMz+6EXeNtNslX86+qL6QVGWWTqpqyviRh5yNiGKpNWyvB4ZWDSx6bJK87omLVVNp+u6oQZKcn03Oq4+Xt/QQ7Dw391v4AGU9HXetiQXgHmZ1WlNejr9LL23c5im9O3ZclrnWUPyQzO9bLfe0IzO8gtSl2l1LvNbZ8tmsW4zCOadbxi5L4ih0pr4q1jmAEyacGtWTdeLfNmOia1Oyxy/Prk+m1HXV8VyRhqkWvJ0fbbMr9Jn6yVrjK2P6rxd10tCd51/dMeMtpr89DF9f5nLaDE6+ghydTUvpnNWv63MOymEYilvZfT9ZykoxG89K0ndzNY1tAsoknGP0jQvF982banpt9e5/fw1fU726xCfv84IuSx47Sfx9f37/PVPZqV5cVrWX9YX3DW+OU6nVUmsqVoO3U/n2fJCW78pFnl99tRgyn+mZ09llgJiZmV5J/3Fv3GClvZDT08QNlZRHC+n86o+HGi8BnE8bWBb/5LfOIHyTTdNYg8FklYiTX6KiWi2+Mf4iy+/en365U+evkp/JvU/+erNnSGkZAQq9L//+4zEvDMwImH3z77Jhznfosh/iU47V2am2b4olg00rEw2+QLMBuOfBVxsp85OkIiQBOlMYTZZIIjL7fThESnZVeKapvKu+QSPlUFqTb977cEtw21ZNsfkOyj/eC+KkAg8aT9u2usS/mZppxuPygcYNm/PluREXGbl1kcnTNUTNN6689Fod2fHMNYv+VmddI/HYtOOr3/Ysx6Y9e6kB/MdpTVRVjWWPzt5Vlti6xQYAuMx+vWHQfKOKngvaSNuPqc/Mn5zlGbrtlqQEp+SLr2+87OAbl8UBen+xPSlUa3dZrkho0fxBGR0TP7ai2yRp7/rZ+nHxx+nv/AXpt1P4Wl/HPSBR/pA21VWE/R+JwZNH95n0svP/EzQy2e2l/BtPBNyS956UJlFbgCvg5jX+TmPIIr9gC7C09doeG6tbPC8t8LB80t+GILQs2/vo4F+ziShh/UNSko5Q+cp5I9hbrhJo+G5UavhCTUbnh/K3A74PVtIvdiQiEOgTlh05/8b+nBofPktFKMqxbHEqXFluKxmeUQbBh/fTh2+oFcGdKGFFirD4OMP0obdDn721eH/JxXhoMP/NcXl/3U6c3iAfXnZoDw77PT/X+0pPJkyU8YmWOa1MRMLNNeYxJ9VvzwQFDtrQzRfZG9N28OfVVrZjmKEwpdNqoleIVbzs0okb9iWRITWU87xUko1RUr4rcxs+nlGWSzIaVlVbyXVqtLxexhtigzO659sq1efP3FSIqmcrlmhT1/BrlAi51D//rzz9xPzt2Vi+YJSJB6gdjdsxp/t0WdblB1KtzmTdCf9lqSM7nLKyGt4T17+dvq7p5/6gsNfbBHsbQKG1+mDu9IklHd++TF905NvHWG7e2hH0+4d2pESjp8Q1L6wyruaB1Lwu3tR+J8PwJd+gftt4R/cCP+VB//J++K/tx+F/2QA/ufvi/+9nRvhf+7Bf/W++N+7eX59+E9uhX8cHqdCFZ75/Qn/3oNkvRh99YusnY/PSTxr4P3qzritXrdIu27tfmpshUIOm34+1PRJr+mTaFMl1atxmS8vaC2BxH33jofZRzsfEbXxR/jC57EXPvdf+Dx84UnshSf+C0+siOaSW+Yfn3DiPoT17fToM55Zf140HW1gaFb84x//WPFXrFxfv+Q3Tv4fWLk41mAeAAA=" />
        <Entry handle="11" bytes="H4sIAAAAAAAEAO29B2AcSZYlJi9tynt/SvVK1+B0oQiAYBMk2JBAEOzBiM3mkuwdaUcjKasqgcplVmVdZhZAzO2dvPfee++999577733ujudTif33/8/XGZkAWz2zkrayZ4hgKrIHz9+fB8/Iu5+6zdO0m+lP/0T67y+Tr+TXWavp3WxatPnxaTO6KPL3fG98R4accOTanVdFxfzNt2a3kn3dnYept+p5sv0Vd4UF9zi6Tor07KY5ssmn6Xr5Syv03aep1+cvUmz5Sz9/OVz83UztnCfZm3+iOFt7+xt7z5Mdx88urf/aG833d65v7OTbr2Zr0cpff4sn3CzO/zaq/yyaIpq+Sj9dG//U3x09zdOts7Xy2lLn27d+cWXWZ2Wn7XzohldjK4/K8cy0tGKfv3dRpX9AH9+Zt87HT2784vrvF3Xy3SZX6XV+Hw5LpZFy9/8ktHTz+7+ft/7/R5//1tbj7fGP/P7Nnc+Obrzvd/v6Pvf+t1+5vf78a3v/b5X29//5M7vdnd0Tu3G3/v9Hv347/u933c8oq/vHgLUZ9V4VVdt1V6v8s9+MeA+8rr+9p1ffPrZ6c/8zKyarhf5sj0szrdOx8tqlr+h9nd+MQbzvZ3vf3Z6iN/GZb68aOef7cpf02rZ5u9a+lLRx6e/hCCgr+o8Pf3ss88+atq6WF58JNT5/LOn4/xdPt06vYOePv+Fv3Dr8+/tfv9nfuZ3/fadO78Yn9BfQKkaT8s8W259Dx98n9D8JXnZ5Azj7DOD7Pgib0/LHL8+uT6b0cv3vs9wz37hLzwbF7Pf9TP+xBC32rozPi+WM+r8lwDQs8+qrbOf+Znv0TvP7FgsIZ6Nm7zMp21Vu/E9+yWChgX4bQdRvqHOq3HRPLMUvuN1b2DfGdd5Nrvmt5jepqdf+AtPDSJCeg8H+2uH9ua3X+LNAbVtj+s6u2Zk5LfTO7/H6aNqvMje5uYDYi4D9NFHH41++heBOR99xEL40agpfpA7VrHD8Pjgl4xoAjxusm0w8Re/B3fjmG/cQBLH06wstwDkziNmrtPv/5LRat3MX7fZ9K0D9mz07dGpYZpq69mdw88JVH755eSnCWEWMvrEUMEnCRjg2+A8zAzx3eeOiAFJP9kK/vw9Pko/Iirc+eTUzuS3N7z80fijT779yUdbH31y+slHdz76JYb8n4OmQvyAMr747Bx2SQMCjLPVqrxmpGjkgUiN8mw692njSF2N8Z28hc9/yYhGnb+LzQrxwlKnHowm0/17nJJ4Pzod8Yz8klHWtnU4CZ/LJJx+9uzQSfazQLKV4BcBjxDYX/gLq+99/jM/8xGAfvT9Lf0USo0pfPrZL/4lh6ffe/b9z75tycdk4hFZJM7u/OLzqt56lhbEWHd+cTUGuK3Pfw+Zj/a6zB/p6FnTrZSCBHf0+eiMeiMpo5FNm8ZXfM8Y7S3i1I+uilk7/+hnfga/z3PYm4/u/MJfuMrqJn9WVllLzPd4584vfvbZRYAlo0GARh9N1/XJ69cfUSfgP4983Ich2e9K4Cvm3o9+4S+kv5brsgylKl+s2mtSUsQIOSkVQ7Bf+Av1l3F1tczrp6pFnNK+M56SQmnzN9T7C1LdWxizTNpHHx0qhzz7mZ9hwngS7fHOeDovyhleDloAfXxrDMLv+tkBaedPPut8uPt72A9+MivX+SO2YSDG1vfwzfd5CixPn/6S0VWdrY7LMmBT7YwGKiwH/SyM2Rs7jbislvkWa3vTgmaMvsIYaLKI15u8bp/kxDu5hftLnpECXHVt9ueiTq6IBPnW56TR66Y9AT1I/j/z/3ZCbidJ5CYQVoztbEnYxoQwwuA0EQJGNNiybYgHlECwEXcE5HtDC0EIvkMKfVYtvsiWxWorqy+Yws2orde54wU3P3beP/tsV/WawGYSsVGj7khX/+z1F8ytsIg/a4zAhL99j/7PM1JKAQLc0nFVrFsh7XnrT/bPTk/jJYnT62JSks7lXjdQ1xnKn/mZaoscHDGxj773fbY0o6aqW/yBn6NmBbvMf/JvI9jNmGAa88XzIAIqvRnrTT2NxOrCgD1z5q5SL8kIM2lf51L5HlUHXjVeLwsyU1vwW1SxW8Q+9wybgv+cCHPHofBLSOtDTbjBWGPGHXVUAQ3zd63GzXq1IrIQ153g3dNLmpNf+At/VzhSv/cXz0kBiXTdUV+UAVVrYoBvv/niOdTR73om331Hv/P1lipqdVq3PpoVlx/dOfxOIED8FuPNuhxicefO4dln3yGuWEo3Rt9YL/mMPMpVmU3zrbsaXv2+s08++2jr93hEP3+GLc1Hdy9G5N64hr/f79t86y4++v4dmpL+NHRQIKFil52mn//mMX5bxsjk/+hbBJ2Crtd5eb51Z/SM5v009k1PX/ly/iJbkD357Ntkve3fZp5/iVC8Gs+yNttCk9FHOaanIRrCRcD3vxfcBHUZeBb47+/9Xt9nc4fW42wmRB79XiN88b3vfN/8ZMg00meffPJLrFIna3VelIGEdxSwz7CB708O0PiCCN7lXC/iOxWHGB/9kjskrePFumyLZ9whcXT0fff2M085frarzI9Xmf3B/RT4hi66etQUhq1qkoB2Oh+//PI1GeumRYxAJvfOIzAMT6A/yojh/LZvOL/9C3/htztWmiO63+PzMbuk5E4fbe8+4qCpaDgyMlNJLpRg+pGnGb79S7792bc9pXiIWYHiW1bhiIYCTvr83IxreMJCejOhmb9HH1E/TEZ1VmNNiVdEEZ6qsiPH+nvm9+3d7xMrX5DycBF1QFGZKp+oZlp/D+erM0an5IGyl/u7fnbKFmcWauib1WdeX4gbhKCZxDNCMZn7ToiIILHwPWfb2e/6u56CvyNE0fEf7fyS0TxrTsoscL1DAIwSsQPiKbDsZeY5hb8XT+LvJbGFU9ykrjhPwd9WVk9Q9x9VK7z4kZ1vCq7hpxcT0tDN+BLO6c/8zC8m961Z5dPivMhnv8epfPzolB3WX9IDKSHfR1bjm0g8n52BrUfPPyOz9wV9LH03o2/T75xt+Uzf3SZF+hHnJRBH6OghY7/EaKlnn3379zh7tDP6Dn5+svvoCyXh4bPH3wHfG7H9gpQea2GLw51f/HuRm/z5HQxC3OFv2y5+r1/ynLmB6GgDLGM7tnTYFJ75RuH3rcVMmOYXXjoH8/DRcr2YkHqhbsm+fLQhbIsFD7tWlWueRNjs9yJFebfOZkX1M9N5Pn07qd7dFcHl99H9HfWR+Pt89tlWKCAyltHvdefosx0o0eC7JU2kfKWyHE4xC1hnll985ovB73XnsNoyrKUs3h0s92QmZQC9F1H0wHXy1R0xsb/rC539DlRmt8+2dzXV5AB/9nv9ElaM83YRRlTGxnA6hnsj0fk99KdzJ27tPLBhkLxNN1iF7CqY7xatl6zoaCf2lelD6nNRXVIER47sLxpszSkjEkJKsuwiW8We6pDTa/VePPHkpVesK05anr/8aLQhWeVaj3+6KpZbH40+glZcbAjJAgPT91yj9l+8V9Lt4igNDdN4L56TTy+ZKMO99Z3RF6Pn/aD67DPzdzebYJqpj2q+eFZnF+yswqUzDud3RjdBGZ3dIUV45oVlqpuMyvv8s52R+uGq6z5/fHr4OXTdc6HJ7yV9fI7078hreLT7Mz/z+dHO73HWdVEfnUlC9ZlNbTwb/cCpPoA4NPRJf6+tF6MvLWm/gCmzKuHF6KM2m5T5R+zB2Y+/pI9J9f0eWy+8zHPz5PpNdsHff9ROqtn1R3Cnf+ZnXgRO/YvNcYC+eOfOoxckypy35yUAL3WPzxz2P7ApLMpT11NOi/109m7rF6/r8hF/NMqa6+X0kcSacLOggh991PCKy0e/RFUh+ZdlNcnKU5iPZ6yLfuZn5OeJJCPwp9UUbC2YxJ1sixe7imDLsMmp/SUW59xx8idY6MAyzC+BI0rdzHh85veOm/mdz6wIMml/8S8h1todnbmPlTOIoWS8n3NeSMzWd2C2JlUFxv0IawvfOfQB7jLAw29/tueZuu8EybrfNXDrv0M24juUukTzMwpV8Bez1vb2t9mgH3778dnht8HI1IICJtfXt79/x+T9rOVHfKJh6e/12XcQ1DynZQsx80CdZBhpoWK5znmx4Bf+wufkNQmazz8L0HzuLdwA0meGuMQsv9fP/MzWcyWT4PB7fO/7j8gTIiVhreLz35U9LX73+S/Bo/P1nV9yCAQnn939wfbvwd78z5wTUtu/xxXnS3+mWmXTor3+mR9U1eJnKEORb/8ekkm9W4x+kVuvmeXnGbmLP1nkVzyLzWeiwDy921av2Rs9tLj/YorEq+U56ePQ7cci2kr9QLuydm1DY7itZs5ieroRJXN6BzT8nhAxNS98/yO83s/ib3qXW8uLkiiImmI/YHuINLwhjuoCPwr+CCJHiWlylEP1Aa1k0xGd78gYOJEOMh/wG8nR+n1fq3P1uTo7z2ILar5am9NqlWo1N5Uh2iR59quOblONc+dQveKPoFzu/jSt/uo3mEOXd5EPgTzJaqBDOx3YbDeNQ2M01lufff5LOtlfUpV+epAyU76O4jyRobqXvPcWWZ7ZWaHMvf2dePUrQq8+yRpSbZ/B6/c/6K7afE75hmcaxpD+2iH99bkxfWK0RKFAAqEdTlUzIAJS5+VzWi0jGNSG1dydXzwhSrz9JeoQWt3TeYdUUfwtK/dDvYprgk4pt0Y/NvUsivpzxGaEwy/8hfr2d2gJ6Tuk9fBekx+ixSefkB78xU65fI5sceW5Lt+mZZvPeTVLXHVP+Z4Rz56RW8Gwv42kiTHuohExEhOj/MJfSMmqj3RxhtTjxCY5zj75aPXuo0dnyJBQcMoT/4vDmHrknAgsnSBIQnq0pRCp+eTuHd+Z+zaj6Uv2LtsMC3tMUTB9b/8eYbHb+/uTz/xv7ULkt9mpF1btYNbtLwD3GZaaLn4PTR15XwyNwEXkXaTFKVW3N6UAgEI+DuoH5IQVk1lkHJGXYMGRG3HHKvetkJjICxHY5sr3qL+N1TsT9ZOB7hpMWTiUBUCYS/crm89fYnjEpQbNm15LAPklnbVB4qrRd5T3nnnLg/jdLA8yWs9Hn3/2i1dVU7CJ+SibNFVJaYaPRpdFU0wKGh8tps+L2SynqHFW0IjJmnw0KavpW7ISv9dnDvjv8b2PnufnlG366BXD//6j7330plrR30+qtq0WH33feX5n5BQ999+lpNv5Oa05fxd/PjJ/fZsxZfMo/k8947Bd429l7d+rs9j3u9Kwn29/5q19EkewACFJtyIRQaLoEw5nJDH9Mz+z80tMJwvydAr4WM8/GQKhTboQWIsMd6zY81uffMQD/ch7+5ewSxrQgSSAUi1EK+PmgrmUp4zK+CJr5xSdvdvaGfGvdbUmd+P5HdvAQ4FYAvlU/tOxyhlHbcoMp6SWmLEOlXHUKRIH0pg3/RBzqCvZnLWSljb3SY7dRx/9Hh/tfvTouXjbnKjdunsO0twt7mA1+grf/K5k0bGaT3wMkMzPRqv/Ipjzk2qxIqacvQZmGjBEgH3Ef3z0S559BuOo2YCt7x1v/9T37yD23/7ddj+C/D6vrox9Y4/wi8/6vRBZ2McFHb4AVl+gyUtS8WSSr3mBGIFBj0o8aLSncXu2CZOA4EJHIHbGw/L33d76fa+ApJ0WP7D7smOU7xw+/ywESST7mZ/pfPQddr9/V1ojmX2ytXp35/f43e4WYj2eI1dFH6sP9Vx9qG9zBvi8JbGmtZg1+euLnEHxp4eRzzpYSDsB8hnFWTuE5+l4VbzLS6gGNljm629H4SEJ5LJ8Iw7UfTX9e0Gd/l6f/V7OifOCpN8r9NogzSQMOS3f5DMk+z77vbqB/u9Flp6sfCQFYMAzf57BY3ILhzZ0eUYvohebrRcq3v39HtNsfnKH1qZ+37u/x9HvdpeigHy6hdZhcvN7HYxpPWj3+3e+L/n4z5GSPcU/zz/rtvtI1txsgsBS6OXotb+W8DrIdr7mbCcG9NrPYfpt7Uhef/bakyEZz/d+v6Pvf+v3uPP73j3yGfWr0U+O3lhWfWME8/fbyiaT+mfof9Oq/JlicfEzxZLEC4HV259Z5G32M6Qns8XPzOufobA7+5mckJzdIRa983t89egnP/no6PHdjz55Qz8pzGcp/dLH6PeDzeWlwGY9EaRJA+7uxMT7Jz77Xb+U1Zsvz7c+elzBj/+Fv/B7u6OPHktWMuX0/6rMP/vY/PbxEdmtx3fl+6OPSLgCGGV+YWFQ/r2ckcqWN9xf9M6XlhiPKQ1EAcjPcI7kZ9rzqmpBl4ufmWarO3cNKM7XCBz9tdsxUjfUeM82fswQ9R3+1X93K3yZpKALb04JGwJ4rwuQelKg9VEMcgCFRhJHy76JsZJpWglM+1cA0dkX5IBf53WRlcUPcqENMfxj+r+8z7/QK9/bIRag/33/8LlL73z2EyREn7z+5Ce+t/d9XdX7CZK87W1oZcoeZBpCsSC4PhlRkeBXn90V/I2+fH1n9CJkIptZ+11f/R7PvbiMDID3F2X66V/Ed80jYEUCZuZY3/QafO/71sn74jOTPd/ePfyCkuqUlvmiu1D04ntf0NqxJt0IHP724Nn0O38+kNrCdxQ5dkhBShcu0nfnBY2eLFvO1qJRa/H6DpKbQWxq1JONZl9bxsf6PKJuStH44esveR0sTviEYKP62ssCfS7rP6/VDcK674JXAj8nZacr+v5iOZHrcxi/72j2yqMZPh/ZYP4X/kJyPbBiDg1I6Vjza6hDoBa70T6HPowVv+So+3t0/g6oje/uPOJ/rWfA7b10yi7Gi7jCJvs/H33vO5/sjshEUQptyk6lIxy/Hk94WFTJFzwLchCCgTGzp14IC1/Oz75TuC8u9Xd+5me+46F5L/zzwKr/i18iJpCzjZrb+c4dWDCEc4eff/ZtRFeIlJETJ5pzhnDcCtImlXN3XufnP0P5359hX9SmetAY4bBZTCIp+k6Qw/X/CpecwFSfI3b6Dq3wk7RI/ClrCwCJef8oSJR/Z/QRWyzwSdhLO6+rK34jXalDmE6z5cdtOsnT6TxbXhBqv+Q7NEDyZ0IGJKDEpwuBSfN2bNZ1TRLIEDL6LcNh3/OXGLSzCQ9PfY+zzyLveY2Ma04OzZm3enymq8ffsYga+d0iKG21VNstScKfEcL+DIQCpvsObPZO5GVyAdi2s1XHgDGt1PLCZmSJRB3dwxPOU8QTjb9swJdqsPEdaTX6iEJeqJyPiEt/icwmfeUNn2Tno48+oS8lAPctDGHygiaCLcyM+3v2e4S0o5f37jzqfmZJiGCRM9AXj047Y9BoQIZgwyLlt++MkV/+bPfwO6QPS1pH/GzL/NZZxs7K1Tz7fbe+9/vd+f63ft877O2QH4/g8oxcwN/rzicffUTwX2QvKMiiZAs339LuPqNhf2t3Z+eTj+64dXDTD6ZCfnMWzb6HNdzfQ7qRGNa21Vk1LQUxcl7gs96lvoAQciufU0rQDmJ763vZ9g+oQeG5jF/QUrGZ0xe92EbpJOLjcwpFy8UikpDeOu1QDt7hz9D/fzdZ8cUypyrMIJcsXPE9DpM+N2saooGCpKZMNC0LiqP8ueco80K4y+x9Tv7V52BBmqG8lvQvYoTPRd+LN/IMH25vmxyPp4hHmnby863eauMp5VufUbpIUTt9/OzwVG3ctymxSWi5LNipBUtpqRHbSz87dGoGuoNsgoMZMjJYHzQRvEnhUGhOeVi7/gO6WTPwu8IMfPt7Z9SAxqux79Cbrp1i+e1fMlovi1+09rD8vQyOHAdR9qytr4OV129TXGSXXb8ty67iAVRjLBZu/V7ENcxPv+spTN4vxr+fIeVC2XO23tyAcJ0ya58hiWBZ7hmtQRBH+dHndwzdEJtZb03S4CZADBbOftfT3/Wz3/U7FPl9+/ucL1VXBn87A/x5dxme0jR25LYXGfBpdMCk9rdOscYsJvLMUPnZ9wxW3//szPb3TB0J9S++h7z6L9Eg6+SzZXZZXGRtVY/X5OEdX2CtIoypqvGE7B99+dkvvszrBnnDrROjHcafbP0ej+rLnynan6mznynyO9/7fe8+Sr+/9b3fdzb+/iekLcRr3/no+9AboyY7z+ri0d2rfPK2aNXQn9wZwapmj+7yD/fpoinyR3fxr/2MTHmvVfWDoizpbf0laLs1pSxP1hbkhP+MdHrHfo81aw6of7FY+/jal/MEKOXPv3t5V9eQWLDgvJhrD020JHsVb75s59ScQig0eU0IciCOZYX88oY30KSo1o33FoCQ7G7ELNLRTa9Eemrk1wEi6LdbPt28QIAEirI8+I2+vAmCHz+MprKyP9CtdbgI5+Kc8gxE/N/jFIyPl1yax370XbKE1ZVdEXzkO9mnQXTyS5wd0wWW8yW0b9eyfJsjnNUWZ4mfie9qM0efOxNCyhAtkXh4xoaWlb5dEqK3WWm8brPpW3IlRUtSDgnLWSy3hmnFxX9TkSvAv32EGTUf6a8fjfzAjRL5/NN8enxO3dPr+PHRSM0pWOIj/f27BSUMbkuA70juqoLTZLTY78VazKzhH/5epMV+L6fFtn6vo53fg0c8LatlvsXZ8Uf44A5sEese6uvZ91V1VVvPv/d7UWh5dofW5L5j4iOXHO8Q7zs9kkl0BvcuYCP1M3nmTuFBcJIRwFzMs4s4gD5xIMRD5JVYWmM4waJRB6pbl6IGCv6OWR3b/IK0ce+01cVF2X3HrDYqk51i+X1SVUiiEpuxAxwujSlv/hLv8++d/h4fEXYfYc7R5Ufft636y3hq5OAFiZNIHPE9NP/+HZt/qLY++hYtdPAkYtjme54BC4oXKi9hbLyRYqLkz6cw5/zRL3GTEcZkwQdB3C3v0bTki1XrOVfATfAyGmgLTiR3f0dTRwzXUzz+pDvogWq6WUNYRcXvag6XFpVY9TTMoaZt+tMCw5gfTljbIMAu7uBzWsdhgUEaFCtKkKn5Zx/99E+s8/r6o09oTKNLEr9juFJE7Hek9mZbv3hKvdPC8S8ZwWMKWAmrQs+wSFf+HsePnh2KTnv2vbksK3wbegt/ffbJJ5e8eibrxQAH9+YXu9+pQ45Xf1deoHefgyafW+/39wi+ePRtw25Pu3htwEoY0sdiRrFqm6cB7MNTyoOzSjpFRsBvPqFw9S2Hcyx/HvPBR4JPm/9iuKEKFv2q8/i5rkt19AEh21MRcwLVw4u4hvS67/9iCmRZHhHDZxzlnFMQ/8lH3PAjHvvnxtcFYXhiPpeYREwXO51ek5Fv1+hLm4f6tnVOv42BOtd0lnfQ+rZZLTwluPwdf0SRyem4mRfnUNOKB0dKQJlmDBzKy2XCBc/MyvYvEX18vrQcGTLiqekOzq8suH80Jo2MpZLP8M/vQX9+gl8o9tQEEToQB5oFjOh+cUHJ4Ww5K0lFfUSmBFMqb33y0e/60eh73ybsJFR4htfJTuNFo8KeGQriU0jaqTUx2pwR4Xe4HcDdefRMqOvLuqJC2bk4DqPPo5rRdi4WDCYmJhzOA3KKJYDTUaYYx50e37G+6VgR66vQREJ8aFJ17RO0tm6XsEOfSlF0DPu6l0bomuVY+IYyKHbZDYlRrNMx26hGvxNhzxtpoG94BCAG/I2Tu9/6jZP0W+nr4gc/KPOUdGr6mtNcFTH6kpb783Q7vdwZPxzf43bpSbW6psmct+nezs7DUfpmnqdPq5+u0mdYgc/QnTR8RWAocJqlWIusCas8/eLszSh98vrpKCWWTD9/+Tx9TvlecsGaMd65+xsnXTrRksQWBVa/r/zzvd9v6873P/l97/yM/HIHv/6+38NX3/ve7/e93/f7lC/6/s987+OPvv+934/++RZ++xn+gn5B6+//zO/7+47pk/Tok1862vp9v/f7/r74+Ge+R39+/84WpexH9P87vwdlT56zv/Yl5/2Qtm0rTZC/ZoY4FCmzyP4+o69G2WSUTe/84mzyWTahYO/7h1999lW4XPuVlzPAamrw90O7OCqpwd/H5l1+n4ARdZKzCdu5n4Kv+d1Rdj7KitEb8r9oUfL3llD/FS/5cAKUVgY0IfHdz17Jouzvc4dyEhou/5QowO8ioQU8v0srSHd+8U9+9iq/OH23GvNsnyBceNceiqEAhj+lLHpEI/nCAv3F3jckJHu/kBKudV4SX1zm3/sp1ja/ODunuB2/f/JTiIW/Um1MH3fb/h7f++r7j54RQFWw1FZHYvq484t/n8/s15wEcCB+H+rr9/nEff1LuOPfh6hlbRpomOWfZdPf4xfn71b1IyJFtaJ+SE09Ot2i+fwlj56Rk0Pq2XzjDY6n0FsD8f949NXoJ7a+unPnkPp8ZpzELB+jl1GGJH3L6Foq7hBdis+oz3Mlx+/92XlGP39Jd7yM8vwzg0928Vkm+Stv5NkcZJ5j2VtIe2HaY+boL515+u2rXxK+t0WMlF0I8rJAlhWMWnZu/5KFgNfXyzZ7l+Z1XdUjkvI6n1YXS+SVU4wybzhFkn70yVY2/5mf+X2462+LHiMgMJHfk8R6ymb5+5Iq/l1/b8gQc6RGOxCswllsJzWybGRCrCwjNs+K72XZ9yUPdJhlmo6ST2nZS36h9yAhP/Mz8mcA7xf+wt+LVvblC1pBMqjQtPAnhm/eo9NIJzGwCviU6T9hYv0kmZ2tn7SqhY38nV9M8cvTNRbKaOFRWOSQoDWUt9SVIr9BQJ5dQu4xtdUg1GE6UarwL9u74J2JLsZt0Qfbo13B0OkeSiRy4itvnBJ8Q9Jp1NMz+gvkkH9Iwg9FjFzrLIO+mgg//9To92YWzjJPCxrMv0u6+CdJNVQ12RGD/Hcf/+Thd00E/fuYb7/33e8LpK3fmz5iDEkLiHIi2Hek+VdGs5X5uVVszFnNekKKln4xq9BQkh/9vr8vsebvDb9rC/92ku6/7+8r2fbDn6IuMUbqcev3lsGxhJusJM1Altn3HHr8supVkbifIp382ZuB9c1v2YWNXwwt9VMjVlxZ9kuExry04qg8I86BPH9Xhv6Tn+GTAlYD6ExHvw8h+lP0C/HplGOsn9jiX4yezWb4xiofy00TRBBn2h9z0dbvY0meTQzNZ3ds6lsob15Bm1E2J118+Ea5GJyYEROKuhEzeEbGN39m34C273wEfZ5hhCQ33x39lPjgv8+dX/yG1CKLuVUcv4/K/Z1fjNxXsaSvmNy/jxvW703STDJJ8/S939sk7Q9/byMm56xTv6JfiGy/N3UruWOyH9/9/X7X31W0cEZOcTb3FgqyHLg4RBi0qnaLGhplhVEJdw71BeUHwIO7yRJyIYxU/JJsRnPZYyeQVRM3v+sbT5gMfwHc7LPPfpKhvTF24D0VejYTzBUomMrqhuyXMFGwMNCoI9l89otZOh9976Ozpx+NPnpx/MUp/Xhz/PlH3x8x2o9+8dnTR3d/HF7e937fq993vbMz3dn+fdfP6Pn9t9lru0M59NHJ8+PXrx/d/X3HNzVED9Tue0uSmM/gBn5r8xvc5Pf9/t3R8Zs3r/Ai+YGb30CD3+PR1u/7+vf4jH9nCHe2xt/6Pe78vvd+Bh8BHA3xES0HRyD9vt8KBvbts+dEgEdb1bK8/hnKb/8MfLef4ezKnW3O0ogXjFTRz1Sz2c/QusLyk23q8ve9Qw7r6OWXr/E63sx/0c9ctD9T6tsCyLx2R6D8vjN5b+v3+Ox7vx+h8bsRCi9fn3719EsA2ThuAaCjVaf89zVO+e+79/tu/b5YHCX67DFilBKk8P8LWub5xR9xqo3yazblRjxAgkefzNtF+Yx+k9YSrz76xVirdvGNZeb0Tbg0/RHafSShobgx1NcnH7k32dL8lCgg8o3FqX7jLWaSpv7s98Yiye/7XV0TeXNn9PvwR9mEhXpCv/4U5PhNZ9U2tFGk3kVRjr5yBgqq8StolO+SQ2EWBik2gBrz1xTudAIC8hJ+Cb/1GYUCX5kvQTdC/c3vQbEFK5FHX+FPo8isq/kGWpG1HRHmoyOPHD8FhyLrkOMrjxwYcUgOcgV/MYbwe3z16KuQADbB/ZNEgDefGS/18Ccfvzn8SWeef+p7P8l5qt9HPvjuZ7+P5yof4tvPvusP76vf47uPVEWG/tatu2GYv/fv4ffzyP8DnTDRfm+PaF+NfsrQjIjm0ey7RDPF/Sc/e/7JJ4TDa1axX5n1P6KVehe/92dfffb7RCj15rOXv+TNlr8sRkB/kmzW702gqbtfeov+IrNFE/U1kOgsZ/mYUBaXnBjWyBYf/tpPjvyk55w8uT6bwU1CnE+v5jPgpP7Gm8+6Lbe+4jDTyPLv8b0333/0PWQBWWfbHn+STOxP+T3+PqE7BEYJOzUeBrk2v/dnkdZbP8kd+xL75rPf2/mTb6y4/t4kdB0dA0PyEWIWBvKLvxJTjYZ3rFtsvEZqtfN7wK4+Ig5jExB1kb+K+3dv0MEv4VVJcXIe/WIxewFz/CRUGovxdz/7iCwyYve+S/oJfSVule31u1Zlka8z+n0OySv6KuLr/D4SyP9+W7+PWyGh+AldeZ8A/p1xgRTDl5Q2uHP02Y5kAH5X8i/eCI3AUcbNoU+/8rwfSzn5e+RznKfuo0PrEPar0RvnxZGSOHwD+f9MPUtWEaYzfAM3Fz/v/B7gxkf4p6PY1ST7+MBhQhDw2UdkZi273d3a/j3usEVdsj385Ge27/we+POuuMBvKJlCr8ACk1x8tLf86Gd+Rj8jgywffbJLH5K+fWrMDxIw9M3O8pOPPsEf8gqJL15kCfqE/sXnu3fubGO0975P83jv+9s7v+QNee/QGVbEfol4NXYov7fyz+9jjOJ3P/u9ozRmDfdTyOCoEQe7SyDkf8RalEf02Ue/9DMOlfa/z1yJX8AjhvS/9y8xbkYfGZW8XQazrNqP9IN731ft9sosrR3t/szP3P39ft8rJRaa3EGnRIJn/FcYedo8z3ddIoZboWNo+9/v95GRWp7VvMMbUnkhh1pGVm97TG6XQYJCpp/5GfM5M4/3jcvNslvvkeNLT7DfAIH1UrJVbIfcHEIrA/Xm0S/Ol9mkzGdx12hWNPyt4f1f+AvJZRGH4qN5MZsRF1LyWBvdCILRHVGYP3071Fq/tI3F6e+0fuMvUZoWnJq0I7QfW0jySqzX3/V3feOtPPbWN72GYTvKjPgWhpWGBUkpC3DFTxo2o+Z5hqilD/fu/Ped3S1UVq3fgtVpyiRE2n+Ezz+Cn8ZzQZ5qNiuqWEP+wm/J5J1U72KNzXd+e+ISb1HAtcXnfrsVqfArispibc13fnvKjCyK6NjkG79tscguokjwFwEdcqQwYnTAF35LMsMtBZ+RpvKNa0u60k5JqNShWZ589ebNly9IBorlah3r+i5/8TPCjT+DiSM2zH5GeolNOli+fWaEk9mtY5cMi8Mx+CUjBGQdLoRvZbwCavRdm34i1ia7MQDud98TgGRGNrUgIGW3Q9fd4zdiNUYXw22OTBuye0ONpAmc6lH+i25uZNTZo1/cNQg/xZ6oCVC+YodrhGye6j9aEeAAxQL9vemV79JL9IrLEWOqkeXJimVjF00oiY755Izfsv2Zn/kpcl2Wef2GPpOcnvFkfhImhZyZEJ4YJYk00KLjSv4+MVfy90H89tlnP2WxVUMSmINf0vc2TL7upz6DZzf66rM3h81VATNIoKbEzR8hU/DRI/6Vee6jRxJaxiJLHkInAx3iA2cPa48MKbRW6HuaNflHYFy/lyXR7fY9eCAFHJyoR+KuYcGJ8pT08x5P7k9yIp4+IH8ywEWI/10sslLM7lsVE6ZvIXNd/GBKy5+weRQ6/64irGxtbHS0w5NHMe3EMxCHXx3eZlxfOXifffLJ7/1LfonX5We/D+NIGTqv1+1sqqNyw0GmU/lLmTPLfne0oHFnd38SnjT4IgzCPJnsLFp81YlXihlHK29ibrL2xxmQb33kZx14fJRsCDINv0TTblEg8PKIQDYiwMshJpL1uXMnjBXe3DmCdgsd09/HZamZ69+omykJIXLXf4/O3xRcPPp96KcEL78Hfn3EkZ/r/ydpxe6zN5989BHpEGazr+jH/vcPnU7mV39vEON3/eyjR/zLZx/9HiQNn30lf30Lf1rMv4JikC/I2f09mAI/FQ5OmvyuX/0e5Du/+V3VEXtkuvg9aEFAIf9+HcjQ5/LN78bf6HKESXdsmwjzjkPuZwyuUGfafmdkGn6yy00/+Wj7I82nhB6neN+aaXjzGUKK0XeJ6s6iUXgO3nUG6rv0ErQ64rpfIrneL0ziH/6w1YpfygoBf3HnF5v89Jff18UXm7H+8vu0eLWup/knd7d+j9+VkojfQyr2jvy+Rb/foVBKWtxh4Tp1yxvMil99xuuH3jJ9g5UrWWn8in37Nz3X/ivPtzYy9UsO2/r6F28AZhbzx+YXDd/HnKGFGmru/JIpRysv7vxiD8/f23A2cd/P/Mz3mKS6FPp7x1dCu1h4yH81+r2dpdPsiMljsJ1aLyZ5/VEQD/upDps0s1mMn0TGoZtnO8TnsYaOXjwdn2Mww5SpFlDST/Xjl1VTgCJ3fvHnnVmUXr8aeoGm8Bfu/x7bu5Lu/D12Hu2qSoVODZZE2VAoij/pQraPhIVYIX8E1hxCeRg1D8L2G/+v90TF9jwlz7LNX2XLizzo9btIE6kiHFdX5KMYcviv0OI/ieym7w9/UqMqsCbJMP09rcoyW5E3LPGlCbu4wVf4u9NAzOVPmml5UlHCLauvX1YFZa22uJ/x6zfHr978/m++/P1PXzwlerF7dgM1fm8ojy07YCMcHcrojGxhmWDx0R3KsH/UTOti1ZLRWeZX6VOscEPfvykWGO5X4tB9+80Xzz/76DE78ikvAX380Sc/+clHH989+ogH9MZ11Jl8IgB5jHndPsmpzxzz7zkIkif4Xe3LnczmT96BnkP2dHz21Bf+DanMaPLU5mW6LTlBYjXXd3+P744LxMuyKq3QvxsYQExsF36/hTgMbPZ/MivXucL8Pch7fXTB6dlD44AHQ7MW2y4khOY31nu/hfRuRvX7dFwbWor4vQPMvvtLfskbSlYtqsucZ4X49pfcodnvspM3yx12mhWXH4HXSZ/my5kA6bQ9qRbSllwXtiDDq/EmLbVjZ598Ll+FqH3tZaUNEMmIw9PU9Ne3NM74LiWz/RUWTyVzbuwnv99xTb8bKGryeDx5exMIR5Zi2eyzj3/846PHd7MjThP7rP4Lf6FOqP9hMHPdeR1saFbo8MKPfwQiOSduzFg4WnkObgTEaA/mB3Pta9FftM7r69e61nyM5ew+JzwbDSsX4YZQd6xS9ls/+/jN6es3INFKSPRVrzf4z93Ptj4a4z3LGp95nv8veeaLD3wpEqHf+7Pf+2d+xuDHSua7hut1ch+SWvgJchZorZ58FCXS6dbv3e/79yE9abwQUiTWXL+x3f2Sw2fMp59hypazQ5MW5b/xy6G/dm9MBP1On7PPluNT/Q3T8Uv86QhY/MQtHgy6CPEXYrN4kzz7M0ifmTlEyibNMYv04VH3G/O5ikAcm62P8vhsvhkjLBamt1EQpfvfB5qNlX/J2biqKeU4bmAz863d0c7oI46+aHiqW/hPX7tsWJnz+4yt0BnXZAhNVkwicb/E9Ji+5GXS32eUzbDEnE1lcigcJ8+st7CIJfRpkCihVfKZy5ToGrlMbzYje6PuuobzbzoK7o0XaR/yHxSqkJqjlXkkhkTNyqKPJCoElPca5QQgb9SXef37hxNip7e/hNuFtud3xfCG+rTtNVL+KcB9o8AEoV/CQ/oM3o6l3+ufN/STpcAbSKhs+1PgT13Sli4NRTljJD1YD9ou5PzUiAJU3wK7Gfgl/TnA8H4vT4vEQ43fYyDjsiEy2f30lwzkaWhYbygrhbclG/l7uF/pzUfsZUsY/RNOqr2UaccIvOmpT8OBICB0H5YSKecVhAW83hl+pJ1+x+vUZl2/K4volDT5fcBvmcXh9/heln3/UZYpc9DisY38OY2rS553sB73yWe/D+XpDmkSxmZlMWzMy7jI8dR5mbXFZU5T+XtQquZbHz16Y1n+p4jlKQlsOP6nHn91+FPgeFqtGf3k937q+94anVvdYxtXiY17xr+weTMN6JP83Qp/O8smH33vo0cfff8z+d0knH1jaD4by1JafMKq83Pi7u8WMzEVP/Mz5qNv58XFvMVnvyQK9LJoSOzzG6Ee9WAeDUDMlrTkgjW1CMhqfEHzslWNWwqe6mYUccIgg1+NCeril9hVMaLUYl22heSHHGAs4n4l+dI7v5gCtUeULt/isOuOXf+17gNa8xTNigCEhr1vwH/fpSQ7qSThNHKHvvu7Wsnlbr7rScauye9QkPtLvksZPhJ7m96hbijX7Mdjb8RoEmvSAjqLwVeaET78vQ/JF4P7zB6238Uv/IWffEIqmgio+sW61tRBI/p6YCwC+icPf5IYuZtd/smwj5+k5KAdDPlx3jDkt8Ny/Lr4wQ+ITZ6xJ0zMSktE7We/OPOXgc5Gz0bfHv1e3MOZ18M9rFG7Pw+s58HtiJ/OljSrlxm5tWe/62fkSp99VuK73/Xb44t1Mbvzi+XnZ+28aPi3Tz7B178XKZ8LGe/nn3378NvyPWWv3l1vfX7n8NvjWdZmn/1emr6r+E/C8SNGnbLDP/Mzvc9Gv/iX3Bl9x2s754AhbKufOd51ywViVqqe26P0GpOpubjI63z2e5hPBJgm2bL6glmt4SxdnrMUjOyndx5d/JI7h9/hTz87wySQcSOzBMet3br7+zaf3L3jsPpi9EKI8+VnL7TJR2Ny6V589uVYVvtBI6CMD9j1u0P5pZo+H/80ZVqkNQA8/+z0ey/Yxhusm1U+LbKSPH/64s4vjn6MiV2vJN94Nvq9Rl+yx/67Pr/ziwXeZ7/4l3DQ0XmZvgGxu5/1oX2mOW5lN+LEU7zzvGhooS2vOeTrfLb1YvSdkbxkrToHhkRHbqhxovlzixa8PvqEXuK08/PvCR9+n5jNIHhRVhPGTxJN5DBzap9WNqnho92RfP/oF2PVGbkDJyy/F4nKdxj33ysUFf9PJyrC5cqEv5djYhK5U5Dxcwb1bSLKxc/8jPFv8Kfxb37hL6Tc7zyrj9utHaIdJtcla8+QmyQQLEGCKXVy9snWt3mN0iRq0QNzzJ1f/J3Pvq28W5Pkyae/RDny24Mc+aVw5E+A4xxHfvnZT1iOxNcvTLb+o63f72d+3993fOejT35igEO/RV9/RMs8W/TzZ363Ox9xkP45pfeZHETfGQlLm6f46HvfkekLk84veejmjRdjXmrn5i+/L2MNgbykvBQYOcLzX8ZFgdYa2jyrZ+QJCf/+XqOfoNCG+n/m+rbe7O/6TDzYrgh8GRGLKORALn4vnc2OaEQ/3vpy5PjLKL6uuPxe41nuiUvwp4hLDArk5xlLxqFHSwR5Hh06RBDN04eFGYYSETXI0lbpcJ52hOOw+4WBgVVO1cW++YJMnhqLcsazT6aLtdQprJKK1RnEStZOPvo9zr43pyXCR3DfiIoz4guhxed3Rmd3Hrm/mDHtsttHv+tHWK+DvmEN/PlnnyuH74y2dxF35++m5bohB1U0C5tDNG/aavWyrlbZRSbGB4DFMoou+ly4EIJYjTn88S2VaSwkooSb+8O86VsqJgq3UUMFot/BvAlGP/Mz3w61l/+n1V7pxS+Bw92QC/fZBY2tJZNGodi3D38vmt9F9jbnhaet3+vO4e81Xi9FFZzd+SVn4+m6xlr7G9NeggfliW+HPEHC/h21o3BCgB8hSIMifVjZgAVvZR/d+YW/8HOawylR/C1xJ+nG7zHvfv5971cPmJMpOw5Z2WTWwDt483c9GxfN0/w8o+9f1kzHfLZF0H/XmxAQxWu9Awk/kXMD4C2TWHuOxFqnpYTNQAOde4zxmvhkhe6Fn5+RjkYgueRVF8xTEJgBwrP47D8bSbhIIiPk9myYwP4OmaDf6zPrplAA9pkBdF682/q9fuZnSvkT8xtOKUajPsbvxZLg2wX55LPn1jh857Pf9bmGBETU38vJCIM465uN57c2G6efbSlbASXfSSSX8HuCiUuLfw6FpZri2+TNfM7e0Xfg57L9UCsJ/ahGEswuDqn4pYdmUoTJuFPn6PF0iHv7exmGe8YfOk78vcbI21Bz5bgtEKynHVhOfy9ijTNaWpgVFJfFecSkL37JiBzoVfPoo6xsf6/8OkXW/GSOFTf+FRycTtYTihgb+tm2lFuaZsspBdP0UQoH44T4i1KdBWH2e+vP3yedtnUJcMHspyBECgNSlCkP5SWt3eXpeV0tNNGQKvnSt/k1A15QawCilThemkkrYtVimZUKkoaW/9787++Tgj7SiIP9nBfLze/anpb28nz5e+vP3ydlVkMHTT01OIi6StvKfHBZ0Drg1TzPy6d5SUOgcHE6/8iwbgqrWbxzYvJt8c3IUFiF+O1fovNPzpOxEc/uOP6yscyqUYYffefw80P4Xe6b721vE+N9+3vf+f5nz+gfDZkEWwRNRs2O3Vhcwh+tTRNfhQcv6tdOcWgfAQ3hWXpTBgDB958FX39mwf4e9Ish6aOgjeDGU/kZW3h2XoWlflf+QETvbHBJdXTqvppUs+tDA87C+WTrjMLNMc07rT0/z8+JNKTIT4MPdu5sU3wgL5hPFNLvYyH9PgGkN9UqAMR/+3D0AyUkcw6l6rbEOT9R3Wx+R9rmzu/h/iYyqSDcAZn57c/CV/V7ha/iwvQTEcR7+uln9sMQm2+PRbJdF1vmo1+4+3vsPnJ/7f0e97y/9n+PvUc7lIYz6YNvszJ5d+0k4Rncq9PPTn/mZ/rB87O4Kvwlh6cS/T/zfxCN9aeXFDCLuae/ZKQe8iMCns2uH/1ijh4fPRkZd9mhBJtq25O7/ugXl2RQzBu22enIM48UVwqaz8jWjaZ3fkkErgRkn6v0Cr+eUl7xWd9KfU5QfFuk3lvcII2BHluljlv3TEyP+AdifU4pUfJL2JicPt516GuAx3A/1xHwc6iqyGWUTiUYUZ3jmxs7b6SJU6PCTpmvmf0lTOQXjYoW2KeHFsXPpJkEF96n6uRQivB1my1Wn5EB55dIg4o3fGgXNt46BhKPzH6z9vIyeEdxhOpsK+7nF4cj8nmCEeg7c5+tD2Ue++MyUYJLbZ32KNb9hMzz6VheYDulTuWoY8UjiPWN+Hui1ukCuPV9h9Ox2PYnbPCF9IxczJmIYLnB5yB0uVG/01Gf7I/ejmJD5o839PHorSw3ZI6fNa48JTUS2CjN+IJzf1emoCx5k6ryjZ+44Z9DhaEN+1a2/TNh3mfi3kXze13V9kuMqP/iBS2/5SSU9aOP+FcMu/5oJB+vW/20zLPL/KNf4gSf9Wk3K3BKqbWO9oqprlFGL8c0V1xRUHtelcXKxtIEu794QgGtr94/H1k+I+8GWdCyymYf/R7ClMtcmzziv3nom3EkS0HtKVi6QyHniAB4CpaCdTud5lXJ/j4jQ+iIdEaQGd4dCi6BMIU1p3fUWHDbOwPzYxqlt0OXMB09I/PJuEpXHdN3G3Ah0U8ZWC9XweboNtBMJHeKOA408MB9W3xrH+rnNkNAdsFEjk6703pPL+h4FklJdHvHrBughqaQQAQ2SMVUFxd+XPm5mVY7F2Q2d1VGnz0+tUY1nHai//eeffLJ960DwpThGNum60xL3znnZmXWkG8GPD7b6nwAf+13fwbHrzt243B8r/MGIRFnKXJ8WMWTkzSas7wPT6lTBET5sVMApMSQToZf49vpJ5IKqkjvvsKXUOmcFDSO8KjSNB6yYtQAeT9Z8jkNKPZLRuwBeYI2JGZ31Df7RIyOWQr85PPDyvZ6Z8wiV2wJB9hGd8I/nUQqDrPCQ0H0nAdTBbnYEq72oJ7+Hr+Yc++KWYjYs1/yiKOHoCsSc+s0TMEPMtaemyZBveeojT5nk0i8SattNuU27LPR+qJTSpr8PxWv7TvGZUPflBWzodkd4t+qkSaAfAfL2wjpYXB48n4xUnKPfq/R+fLRd36JqOhnku6wnX2HUpFuBZYRlFWk0UcK/aM722aBq/vFL7EO6bNYIvFcU8+ihfDqt0fmC0bYZSxU436uf/8Sp18/d25b4WvK730Eyn0EPWjX8+/+vuO7F6OP/gAiq/0oxSc/89Gd77uVKyxGqJFSgXjE3Y4s7z+i+eiIkUm9WxGyv0pKjuXLAvDyrPYzn0SifroiKFlpba75a4+zQ9289RE3/UjmFczxTlN+lmBPBOt31r97Z3G1IXB/cWzwq62Pnn75xUlFaoc+I9tNC5j+mOx7sQWEyKvdJU1dTzA0gL/XWWFwmPnrcrFPsd7AUJqWPLkpZ6kCZH1o3PA1GiJ7P60WK6xDfORB7qxk9CF3x+KPQsKsoXQE/f2a0wG/8BeWn31WUt5jdecX++Y6VNw6kfBAb4S49VFJmYmPTI6YRId8vzcUOpHb2FtQHu0YkfslDvU7QP+XGNUOb6YcfcRu20gbsTBxSPrRpFzXo3PCpRmhCQlQU/wgH0myYyTu3ohN7mg2KeUXNl3wMeW39Up+gn/UwyVDaH1d+SWH3ZNf2eiNZBJGospHzXqyKNoRJTsYLv0k29w0+IXA53Vd1aQfNCE3+siLldVlPl/CT/Y9DqOKxFdl8wJ/SFxV60bxTFdbpZo14+D6XGeSeKdIEusSjOj63/Wz3V/4C/UT6l6Dg57r12thVl2o69DHa9arFWl6LKWLqzaYD/vcfUWZTmJq/WLrI5q6YkUMNPq9BpvMikv6/jufmbafbCHop0W1/M74QrhNs8/XhOysILpn1599tCR//SP6uFiScvj2my+ef/ZxmqaPy2L59u7R4xYZ46PHd/Vnls7r/Pyzj+5mH6UMB0JaVvUjWuU4PCcit4/A6IfkZk6L9vrR+P7hR0fZ47vZ0WPhiaPH1QqEOWpJ7z++q388vmu/5QW7o8cUz2UL6v+ufvAxk+7btP5AQ9EhN0+u32QXvFzz0bdo6KeD39JSjlpkLIZRDk1cU/rVBdzePBEvz2g1/rvzgsw+jSR/9HvRGkndtCfk2878POyoRd7y0e861DF/DddCssMyGOSvftfBV3TJEggPj9UAnLeL8nVeU0BJ8r0BKGbTvcUz9+guzdldcWxO8doxrRwUlCSk5tyAVrxGmO0XVb1g+OyuBe3w9UfwHcAQIzPpp8pi+je+3hnf/2g0bZpnzCK/6+9qmpiPRsKzp5eUDRQHYFmdlMSZrOgfsQM3qd59QZQv2Tn8JYefSyT/ERjp7k9nl5myPa/IfQ7HntwKnjCn8EVi3tAbyBRsfXRF2qG6Gn/0yXc++YhCFyyBi4ImT+yXPCORaPK6fZKTrsjhYHtMwIakpHy+J+BjNwgx7rqKjma/BIEU9IZgJCvNv5dvJ3/hL2QmkxFj4ahjQ2UV0ldhrmOfWOp59Nb89f2eefwlvN6H15kmvIzoEHFvknnx1ZosB27URYfPdZavilk7/8z8tSLjRdKFVP1nH+2u3n10GCwCBDP3HNbbTPxnbsD2o+fj6vycbOl3uYvPPtvrAPOJ/vxOVPf9EjaurF+uvC4Ma/4eH5nfPnokgiF/EGK8vvPZL/6I+IO+gyw+o9/glWdNQ5/wTwggfXYuEK6cFFyNHDT6Aza8WpbXj9iZ/JJ+o8xS9k5EllJL2bvn/CvJUV6WUEtEROqD/ngtf3w0qqsr+mJJIKor+nD50Yj0NvF4/u7RR/TbGX77CPksLzn0+8M0PuKP2C3gP72w8ju0ss5xBElbdZ5+TgueRIYa/anu1EiYARFn86LZ2Wefj7njL895rQ3sfnZE6yQat32ua75nI5t8P/zcfrpDodAvEYX/0eenbz7idVvrfz2zERPWbj/7Dq04s0owvqli+h0oHqNNaUmuQpIwW9BbtJz30csvX7/5iIy1WGQMgMiS/XT2busXr+vyEcXBBOXRt0eIjqDsZX4/4r8ffWdkXFNHqS9GzxnD56DPejolR+ejn/kZ/LWs2kU1K84LcrUREALQ1unvUW199Jjk5O7RR5zZwmR8QfzarCpSO9BRYxs5PRbNsjX+md+3ufOt3+P3vSt/HyGgIqVF4go/6M6j8H1O83MIym7h7zX6Xvj96Pnoi++LwxIE9Y01KJ6828BUiKgRuzY8ruuMnNQ73rv8UQSAJE2yla9LghSZGq/fo6JWbxVy8I04e78Eoy6RdhkAtCS5+4W/UBZFSODhv8xoDU/CvXk+fZvTupT6HT8DI0IZ5Oxu4a3PwM5DeikfdBcNfmZezGb58mdWJNVXVT37mYaystN58I4kCAi5YIinJjnz+WcmyUlGwqWmPpcF1N8D/zwCi8uwP7/DVFj5mbCz0bfNOH8xhvjoGY90dImliUdnNJmPIp9/Tp/DdksMpHHCR2B3CrbqdiS/VSv+5UR5m/84hZcu3wtTy+/ErXYpPfDcdQmOPPdnUc/d+e2Ubrxj4uWaV49cMoBQDRKekkXuyv/nWF/97HNSHCz/lkVFjFmAWX2MINGnIrqfj1Q4fdl+hnwr9fmaxSqe7auYfqcjdEWpDuuR84vfef3li+C1kRuxeRHp1Y9+uqmWeGdVNe83QloAjY6P9djtBigTFy6YclgjRBe41KAl3d7wsoP/wSPWi2U15fTxGK7f6KKsJuSxsXvmkXsq2QVRm8iwFvLS3XfbV1dX22QuF9sELF9OK04/kB0Fwk+BPsPKmuvlVH59N/eyr5am5fiYPrnMf+8vWb//Hoh0gk+2PvqioGi3qc7b8e/9xfNvv3nz8qM7j9AMf7Xt6lX+i9aQWoySyLVqaYDvFmUH30U5StnBfAfdD8X9SBxOMQbCA/qR80FHqQ/E801HmP6wC3yiffgN8YHCJRtQkCX//We6APrRt+5+iyzXCInsL9SuPPrFMlmeObrzi7/4zM4tk/KLUfg3vdOZ8y/uiDh+l7Kldz/7fX+PrV9IKVQyMq9GP0mx6Res3Sgt8hVZq/oka3JJZn/BKcRf+Au/GHsT+Qt/oZph+TbwGuQja5DlT7ZW8qsEVywrq49khf4zcQQk9ffFmLiHFCM89Wd3AI/+/uSzLf/zu7/v73H3zu/x0S8kN+z3+OjOJ/Qdg/uZn/kIfu8kg0dLTv/vQZQ0fsPvKr1TVCi/BD0wxorf7yE/PmHoNwD3RiTCHx3mR2SZHBmDzn/mZzrDvfOLv2to80n9ySduBrpofvKRl30ljfXZR59895OPfrdd0j8M8jMBHG1x6ONtIqvye9/1dPrvfecX/+Rnv/fhGTHBc/o/f3nB0ZeNe777fY2nfh+KpwhPMl3fDlzyN3A/ugTR7kAJTrGIccTo5E9ZnOG39Hv5iBYgLZuIl5mrX/9VZ6h3t37f3+NnfuGd3/+z8beUx0c06t+fhn9Kw9/j4YNAX32ytfXVZ/Lynd9jE399xC+DG9xwfHxuwaLykhJeLBqDEiVLrgwJK6u4Tz7prxw6W/6ReM4/8dnd32/r97365NEdchd/37tb3/v9ft+7v8ePf/+TO3dJB+RTQcQT3y7tDeq/8Bf+BPHmT3xv9/v0G/37u35mTQBJe1tR+udnfuYnvrfnfzEn46arJN92IWI8MzGnYEeyM2j+5sYE2OGbcVNPZUoEe/nmZJ7VFAfe+cVvyLvjXz/rfAVq/q7fFbS+1Cj5DS13I2z5DL90c8mO1UXtfEmEEH/Spal/5mc6HxDZAJDMWuwrl9G+84u/lCSBkZ/NqIAdDiOy8+0gXH5jPcoLZoLfS4eJ379D9CBjalQ2pWxrOIgUGVGiJkekxzSlf9n6jlwT+tW4vLoAEH/lDufCPXX0HYoQWjW036YRgU915WEb/PYRven5Cio6xbmxanEIZ+fbpsH262I5zZEB943h9xir75M2fjNfj9Kd3fQ72TLdffhgJ93ZecT/Sz//gqTyl8TA/97b+gGB/26BePuj0GUgHoy9d8xeBIZkxAkKTH2L77lPv/97RD/95KNRCsP+yH47NhbfJKVeixL9YjzhjBR8cHTh/qIlxC+8lbxQe2xvG/0xqD2qFdMkm2Bd0rKSp24F2ND7iAlG3/sOB5XguBeBrUAIHwjDDn/28s4vnlK+tT7DUgKCopd3Dl8Ku389/D17/nv9wl/4HZLZsNv9n/mZ35sksZXFFwji72WX4oaR+SWvPvPf+j3sb49ILc+JOTQ6ouzC7/GRrGw88lkZKwpo9qKybIrZEsMSZAge2ewBMHrlZRNorZLk6yc/E0hPMywQe+xGc6+M8lN3fvGrzz5aQevVggsb2RAWZuj3YXP9+3z2HSjnV5oaMAz9nETKSppduvopw4T+2H4fTElEBD/7fYzSPUPkyRNT6XIJB5aUNfnO6NWdX/Jc1NLvDYlX9pNeRLH8Ys3w0HPof4wxvPyMZNFO2IvR7j3VcDpDRzvBYluo04k9flfKkLzYcvxAnrV9l/4AgSDunJ1hteaksT8UDg5fM+6/q8XyBQ3GdJueScdkm2Qm4Bror1s/CVLcQtB0Do2sOeDPDXBjZ9hp0t+3mNI3gzfhv4X/NeVQ1cd3fsnIo5ILUJ5RxIulOyBMGSp8yakqpqV89Uv4q43IMlDC9NsIr0GLkeD2aGfkSaXXqwiR4va7PhvDyK4bWvHtejUkLJRgogD2Z35myzQ7+mxvZ+cX/kLz5+N7Ozvkn5s/aT1oZ9//c3dv755b8TUEEX066mgDP+V6KkiK//T5LWTT5pFCTL792WcdsTw1DvmzKD7QKQ6R79AMfS5C9iyuItR4byPU4wU46vEjhMpYZCM6gVSFyQLj8zuUAh6dfXb6e0AnCywyro/cX8hLQnxPf+EvPOutprfiNH4W6jYi1pzy3aG+IxCfkxPLEvuM84Skgz7z/+ZMGtppnHqGdLENUelzjMV4ncR8woZY3KHVoV+i30s6hyCX3/sop68++v7WR1sffXL2yUd3PBE4o3wPIt0g7yLpwO99/9BK77cJJcpyf/49kxL//meSIvnq1RmEkhYryBM+Q2T50SeRb77DaLn04Snx5un4p8lLqa9ZfJD0O/VXkL6tiU44efwbZwspfSmq2qyRP8Ma+anNTil0SvDdcWDprxDyM4ZoYeGDILXF7/8e+HfrziP+45dYgn0+/umqWG5RaOQC2Lu/+94O8t2fgLAS1i0oKzZajmaffe97FEcUF3Nyv2ihpL4olm9IB5nfn1RtWy3oT115ku/0D/3y+6PvfcTLVPYtrE/ZP14pcG/tyv0lXwKCrnh+9H1vVlsauJ3uX4zFFybYDJ4vySL89/J663vfH83s4sfpHS+hCoYAJb//2TOXqP/8lwRrOM28uvLlVlYivhMmXbNlQXEnrfBRMEXtPxrduzNC03Cuv00CKushyoSH33787PDbiDklpq5Yhphxvvft748+qsqZrqeRHtJPO+tsp+SKszdTYVXNvWrfg+jxWpyhk4GjEj/6vfD24nuk4clbw09BGo3PPsNCykeffP7JR6m3lvKGPpXF98Pf67Mz7tf1B2i/l9fp7/XZRxMyAG8/+iVnGmKRP4JuPvu9fsmG8dLKGBnfmwkXp8omQoJgRhh4tYP0czHzFmS+TStkrKQG5xjteY7RNJzjz3uofk6ofh6f48+7cwzfhtTz6e/q6Leh/cib88/9OfdItwEffS++cBsS6Pdvq4sLMtgsGfL7SD/ybKsuxJx+ZtYzwQaTqiK3f/mREa9ODh7Ou/fBszu/B+OqHaoE4yO3un7nka7pkAqW1iz1nlQLz5z+Hp8/MktCBbHoI1ljIjLrp9/79u8h4vpIZpS05S+RFTB/sgUTnm4M8ZeMzslAv6nCFQa3lhG8/otVa9Ei0QgLHuRCyTfu7bMRvDX1BcAezSrPsYKDD/3Fw++djsncrG1KjmIhGjbhzp8S8h0C/F4uRU2q/PQO5aifCyNg8U1yUrtE/hiFRt+RZVtw0RewUCIRZ9/74vs0pUysX/gLn//Mz+gHTETyX59bKvxe1jUeI20rfcCEbn0BAGJQKP1Kf4hpIEZg3JgZSWt4omx43GPww99rTIqkpoX/q8/ca/YzDslck99Vk5yRljwYDPmXEMbr+phmJyDbmV3RO3Nm40sKQ5jErz7DqgcJxTsyDL/X6EsW4LvCMD8DovwMSHVX1jBfk0V/9b3XiHSFo36P5yH7PXr9/S2jTiTN+HrcVq/Zbdq6YxKbv9/W9z7Z/v5nlDL93u87+2R7TGnHrfG37vxud++M3nz2CoPgFQhSczvA5icE0xefsQv3jLJg7RZSindGLz/7ie/dQyZn9Y4NyMvf9TP8yokh0Oh7X37/s60XP/Mzu3c+eXn45rMt+f2u18Wdb7059Bq/+eQl6I5MJgVm9AJ+o+Fuf/bR77G9+2j3zrde3PnkzS8BgIb8gq03oxejlzpe78PXWHcPVs6pL6yx0ffe8ppn+SuOKesGo3im08xCQaafEmcxDeEsi3EIt3cPv00e9OG3t7dlWQRWBevinzGH8WencBi+/X0Z/S/5nBdpyav49mhXEGb1rQjMckHhTqhKLT/9YvJIZvnT6mr5yHoNu3dG/OlXq0fWypjP3oi69RQSfQNVdLZ8ZNWMwBEV9eW69b5gYKTJPa1lFpNP/cVktwQeajKssH7brHAb1wiayjcA346bgIqXDT8idfyLjVZ49IzCGIphvv0zP9MzCJ+PZuuaA0ZacM2zhtj/kTT9Nmfqvebfpubf/iWHp2PzxmcQxnF1fv577DxSFLwvYVXXi0lef/R7uE8f8Ss8FuhY8/H3gZn9wiYMqS+ywJ+dWv126H7tJLVVX/+uNmloVK1jDfX6neMO4KQn+KevOX+JEYbTX2JI8ovLYkn5tJD+/qr66SfPvkV2p7lC66FWW1vbX2TtnMbQbH3+Lf715dmdu3t3PtkZ37/zrWefnBLTiHg9Ikf63FsGfSY5BmaTaoWPms9OD0XcIDfP5HcK+le0zM6yMa4owcDDo59YdxeGIjJzagAz9tkvXq9mgYVkYvq9kMrJV2HH/JEjGCMgYdeyutJoaUvmkxp+zyJmZxmv26SwEB0ob7kheGbL/zA0X+jX2LDOB87DUn/4l4xIkwbpEzNOvOThKPbLrpA4kIqJ+8B7SVf2QmnuAP4lIqueaXDW1iMh2hLHWIUMD/Voe3eHnt/j9FH49ro+ef06BuAOLBKGDDXvuz/ftkzUYI0NyUReXHQffXamXLWcffZt+XW9LNrPPtfx4w+1Y2bKjVdAbysXVo39jCR151DV1Bxejoknn3lx3SnzBAL/Z8LOdkxsZrbYcxXBGK/WDdI+pJ2Wd37xMkiaRpwyNVbGBH2HkPnO49/LuOffgWsOYfm9vvcdckjhCqmZ+c72Nhsa/lKbd5PqyzuHy88uiLUoVUv/hsFrR2Qggz7DUO6xbWs3d8JS3gweBq8DtmT3+WO1333RCMVFZej32KUsor5H62bGJed+7zBo0o6jMC77ZtEH7AH0GaXRDrscuedyfNs4HLmk1MkifX70WQDVWI9PQoZW1C1jEidH2XJXuZs1oJEBA1v9U3/MjL9yMn4Nskqxl/u61EB9RmqGgZB6FoPFnHbaf0P1WOBVe2oudMztbOmnzj50tGKsizCvIQrFBQEuRh6CaTVtdwiYfGOPlefwkVjkXkvlYJ/xnQd5NkzqAY48GwXNmY/PkKILofTiJ0E0TC3bYOE7n32+HfKcVaDEV9+5G+VSx4NwSuFVfC9oJ59Rkt58PWZngsIW/KC4RVyQj+58XxDkzijxtTPaDcdoOlSODhX0J2plSSi8Idz5lkFOXzJCYf1phAW/xLmjsOMj8UmbR+Rdk+b7dGeHXOGmfURLCyNj3R/t7+yoZFv32HnFdtZO/Smz2cfRKZAnzWCh+a+y0+deIzPp2+ZT35rDCep/9xmD/+SUTZpMrjQLG/wSE22YLH4vnU8LCk+q9RIp1JOyoE9ekQcu/j68Y7JQHWeVXYvv7Xzf2L9fjGBrZ1RSNvbRjhUgavCZxEP025hil7x+alBARtBaz0p74U+/5F8NAFnA1jwkQYmiumVSEL1+RlgvAVRaEvlOd9yU4SB3nKFQJhrrRd4fO6Pfy36LLLP7Wv7C6snnlN1afbLV5OX5eJVd5L+P4A4vcVK9o7WevMSs0tpFVZbahf3jzvbzkQSU560H4/feBMMg4v66s/17qaPFc3Amc/Bts/j+/44ptF8WxKhFVhY/yGcYYO/TLVlOsJM5+pxmTVq9zGqdz9GX+DCY5S+Ikl/2pvf3os947p/jS5HAnyzyK+KF52AkLNis23z2GkK1JWvGd0YvbJc0STTJ5i9Q+/BqTiuRW1vfoU9XjNALmiBy5b5D5vD3kh9k97/YAP/wxTa9bLlgdOb+5B6I8N8hkpOX++KTEBP3p2loKTir8oaWMI9nsydVTQuC5FuGX9pvnlX1m2xS5sfL2UlelrTeevf3a7fwyc/MfmZOiaFC8k/fMRn/O3cYE/bbyXGkBegJAyKUvguPbbSLldcdoNdrAzz9Rr/k2Wef96b0l/gDadaTtqaF48Zi+6W6AjS8nyyaYgJF+YWXrPvso0v5+KNvEM/Tz75gdwYGpYDMIBlQ52WGFe2PsJjnfwFDVkyl/98rnDHzJ3roQzwv3mHRGO9xLL3I3m192+ON38vTFoDWawSwthWrA7V3LM0vRJrPSBkYAn/2i52wxWJmT0CNaLMCfv6ZNR4sUc/c39M6J0urMoelncuPsNTxOeXrzkgwT0k1P1dPy64Ikmh+/Jhapvw5ZRKVKI+ySVOVJDOHrI0ORRsdynv0i0zXo/urdym1K2bpj1NUeairf/Q9xxCPdlfvDiVy4F8/OkJXR4/vev+24PgfTu/plORMG3320Y783cBDkL8JmZr+PyPU5J8a/wC/o48Pv/jsF1vsPjLofTTydfXI4DdS/HZGgshH1P1HI0VF/mBRKUqT4+NUNocBp/BLv7jzi58ZD+P7n31B/1A0WyxJ0X77zRfPP/u9Dp/TX7Sy3z7J6R1k+Z6Pz4u6aU9IK87uHH77s2fe3yTo3/b/PKM/l+R9vSZhhXPovvJ+Feetq84+2/rciRWJ/H118jZqts+2ztxLn/FL3+4GHYYII/ONlU4n7eoZ30IxBWhSj9vUZY/1P+OZCMZ5tpyW61n+BTc5o1VyY0E/23oeANyJwfsOfSZLpUxByiwcdkWZI7VfMnKmuePCvp91/pz8Iqfkntm/hqzS4PAoP+4pY5sOOjVr/QSeWB1BplHezza2BwLhC742/Fzk5dkv4TDAW7O3AtbJvpzRYiivJR+qdmRvybmjgRWzLqh+Sn+ffnb39wPJf2beLkprWD+HI2Vs6+8Rel2PDP8Qpb8D33L7s5/mnn2K4Cu0737Ho79DCWb4pPTd56OPQgvIX7K36X9rbR99/ewzxke6ZkCCmXYob/8SE1I9+yUjnwJd8p06t9Fr9TM/ExgSdahOka6MUevUkgoJNMT2NNtmwjioN8YXiQjDiepYGNeUmNxbSvneR8InH4GY33dLHN4S0UdiUD/65JQ5hZa9nfP87aj3nMK3Mx1+m1TURXytGR9+9lkpOYLPrBH9PUpr6bd+12e/x7dpJbq845l14qbOp4Q8JcJ4+RnofVuXotlfV/D8u+0BAcb3nv0eH3lxCoXkXsTx0ffDmGMoWqTuOpNIn5jO6deA1N+WBN7oI2Exj9xnbhX77PeQKXnEU0IyRx+84vceffSkainT9hGpGQRbz6urvD7JGqginpmP2Dx99Ik/Q0ESm3D6PVxSCCHFsxEnQ4iNxCZ/dOcRT54CrMjAdgD+XreE+Hv9HiqKhLcIl4WtSZfYEL6zqSeazN/DeVoUT2Qtpof4njTf7gl/8NGGufpIQlaMpztp3leOdSy7WFfzNqBHHchGfPxveq/HGsnrIsQ3vO4a3Xn0e30GgRMPVjLdnRn6jsyDyAh/852RLvjhXVIiWDb/6Pf4vR79Xp/wsjYx8S+5s3Xn8P8BgLijylLfAAA=" />
        <Entry handle="10" bytes="H4sIAAAAAAAEAO29B2AcSZYlJi9tynt/SvVK1+B0oQiAYBMk2JBAEOzBiM3mkuwdaUcjKasqgcplVmVdZhZAzO2dvPfee++999577733ujudTif33/8/XGZkAWz2zkrayZ4hgKrIHz9+fB8/Iu5+K329qq/fZJNJPnuZLfOyGf90k26nr/LLoimq5SP+Pn1Z09/5FX1c5lmTp7vj/fRbd3/j5DdO7t5NT6rVdV1czNt0a3on3dvZ+XScHs+qSZ6+vm7afNGkZ8tpVa+qOmvz2ZjfOS7LlN9p0jpv8vpSv+AvX+WzomnrYrJuCYU0W87SNXVaLNOmWtfTnD+ZFMuMMDuv6kUzSq+Kdp5WNf+s1i2DWVSz4ryYZgAySrM6T1d5vShaQiJd1dVlMaNf2nnW0j85ASrL6qpYXqTTajkr8FLDLy3y9pFFLU2/1UGvSatzg9e0mlH7ddPSoNqM8AXgbFJd4itDpGXVFtN8pOBSalM0aUkQAcjvewnsfMSo22mZFYu8Hg8iQ516lDHI0HBna0LwZwufVMc6q6brRb5smeYWIr15l+amohZ1uiAmqIusbNwc8OTx695Q3BBf5AW/iRbLbJEDr2H+ovG4pjw5RdtYVGg80kNVN4TKdUpQiLdoZFWaL2f0aQ42ItQWVZvjJ9GNmHRGOBOPpuf0BVPIQmyq8/YKfKKslzarfAq+o5cLcGQNjlsK7zWNGRm//+bbZ6/T118+e/Pd41enKf3+8tWXP3n29PRp+uT3oS9P05MvX/4+r84+//ab9NtfPn96+up1evziKX364s2rsydfvfmSPvjo+DW9+ZFIFX15/OL3SU9/75evTl+/Tr98lZ598fL5GQGkHl4dv3hzdvp6lJ69OHn+1dOzF5+PUgKSvvjyTfr87IuzN9TszZcjdMzQ+q+mXz5Lvzh9dfJt+vP4ydnzsze/D/f57OzNC/T3jDo8Tl8ev3pzdvLV8+NX6cuvXr388rWAwxCfnr0+eX589sXp0zFhQT2npz95+uJN+vrbx8+fd0b85XdfnL7CEILhPhFgz8+Onzw/lQ5pwE/PXp2evMHI3G8nREhC8/koff3y9OQMv5z+3qc0puNXv8+I4Iru+vLF69Of+IoaUoP06fEXx5/TMLduoBBN08lXr06/AOpfPmNAr7968vrN2Zuv3pymn3/55VOm/evTVz95dnL6+jB9/uVrJt5Xr09H1MubYyAAMEQ5+pp+f/LV6zPQUCj/4s3pq1dfvXxz9uWLOzT13yUqER2O6fWnTPAvX/CwiWBfvvp9ABj04PkYpd/99il9TjP/wozwzatjkOQ1UfHkjd+U+iWivvHGm744/fz52eenL05O8e2XgPTds9end3QKz16j0Zl0/91j6vsrkICnjrCTXz2mHvEEp2fP0uOnP3kG9KUxgyPWeH2mbEQfv/7q5Ns6BWOYlsusZutz+BsnxXm69bvi9ztijz5Lf/Ev8T8ef7eYXeStfKt/mEa/ceJ9OPZNHbU4Xy+n0DZbZNiguEZptWobGu0v/o2TH4Ocj/ULast/EoxT+cS8cufQNJ3l59m6bKkLar1zmIIt5tWVaM2iJo26Qr/p5DrVpmPzKunsGalUoPS971uAbTZ5Tb1MSa2dlFmDbz/yB/DGff+R/9K3ScPXQ2/wl0HzZ6S1m+Eu9Gv3Co/iJ8k/mJR59KUT0rJEGW3iXjwHJCUfvbNcl6X9bp413BEmhaxDbr+Yruua2hP8s+Usf8ektZOzzKiD3yu/nlRZPXuRXRYXbHowW/UaMKjl0PSPm7z9csXGbQvQdO7lJUjhuRglN6tkGPN3K3JYYDEyMok0hMUkr+8WwGwE60K0beX1ooVRyZap8gnz9I+BZdvrVV7hZ8g0d9LPiI4C8SNiwR8DD8oLHe56nO7g+x+Lsh2+oNHl+MkQfgyCNK3WARN7hDjBV1vMxvHujj6T16XPSKdbAv0o3b2T/h7mr2389UgR+iU8+MirHj7N1p3vdRqwKPwSMyFvwtkg40xGtb3GtDTr1apSOz4RP4cY25AevpD9bCrMKSCpeQMR9USSu5lmZQm3huYY3o4AXoHV1dMxkMm5yMvzVOALTP3qY2o7G5F/kF6RM5ILCOUQBqGMnV5m5ToPeSWlaVjmU2I08uQ8xukwzGaSGj3VfUsYnD/N2jabzp/kc5Ic8n2YCTbrzDFRva3AwV4XHUWq6hMY01/pL/yFqXI8/gKPw8tbXjCP/xh5yut6aT1HD+qT67MZgwMTaDP6Eyi+N4Yn86KcEbUjKl+xZSFxrUQL2w/pEyPGrMkZHlpc0S85sTz+DmSWPxkvKSJ4Q6hg2LsphVsv6IPx6XP2HX7/F18+PaU4SuTKdD5erZu5AmTZMQgoxPxd+5rUKhFQhcPQxgB4nznMZqL2X8CvDmlD6sx8403o74o5/JmfSX9X+yX+Qvux+4RmPPiANG1WT+dbSw4hL07frbY++n1/38lH6SeuD/qdP7tzJ/1dP0u3d+943IGBhj188lm3z98j/Yj+e5R+9NEdH+z7EKPOF2Qb/99Hj89upsdnnQ4o5Cuzad7pofnWUC+j9COSxxGodzPFnN30SVRNfpotKD7/Er8XFxSK5V+RaTwvlvQyqWvjWTHlXNvO0KCttyB60oLxJLUbtreCFusGFHfNv+fgfB/EXJu2KnhkEIolews/9mNVt/kAHJW9W/OWmLjP62q98onm0cP3Nu0AO1qpo9qNVgvfPTSUsRqlzJcX7VxG21EW39sxQzHfqFf2niMLWMFTqa185dRpexFafSaJeB9MhQuxavLa4HgvfKOAxu+JsXqo/NXP6aSw0xSdmN1vYGL8YQ7N0Mp86eZo5c9Rj1RuslYyWRbCECVWwXRJ8/ccifH9Q42c1bWOhF2LnutjvAfPFaFX9IcnFjytVu0U7EfTj8deM/r7k094uNzYgiR9Qo2+V3xfvWMdZMETjtnzZnB79z1H/cYFPREHy+BqRs1NhTChW21pgCFJ6HDDewHjKABvZO8zhpNe/NblQiPG6LsT7b1nX943JxrwROim/X2RtfPxolBBtcTS+R6khWGbm1Ej5+r0kt58TmnNfEnhRCzfkKMFXMRROqdEKUUd5GhkK8LQoNvW14ZFlenYD+1CF/4b+nZrUz/Mq4gZ06ADDg4YSge2+2Lro2oJh6IPnYGC9ykBP50T1DuUjrmRZG42qyV9cVIW07cB2UbQ9oYwmCCEb/zyViuxzfv18EVFuY0vLzuT0+vF95PRkXJH6+davm7n65BNe3133NJvrnubbxnu28vKaEIlRg/P0DnM/KzS++P2pFzfMCWDCaMevb4J9E6Rkv39f6/T34e62713uKHl65fHJ6fa8t7eew2aEllPq6swSPXHDYX/Nkf6Mx/TzxOKJTFq9qZDmiAGQUsKpW4xJLKHNzW2o/LjEC/JFpdFRY4CnrZawTPPJD/HMHqfOsciJ8qwSnkqaQttH364pT0oLoYJbs1nBK2qaWHnTZ2RDDVZ6dO9ripiFvzp0R74Bq0N3wFnvGF9iV5LAiQt0Ny2x4Sxl4S0AOwsvmQAQeqBm4Z5hx8zmYffNeyKptLmIgyoHjY8Wb3hi2uqg5Y+YHvSX2zx6Gcg0l+SevrdNmRXNf0lDIP/7ThCAULvM2ekd/izwLYFOoy14wpt/IlDjk7GjYHd2mILtI+mMEMfCWVEKjFYMxaC7VkrI7E0/JEwyJ2v0+UCpoEz9Td2a03Y+3e9oet1e9ue1228Y5ULUb8DiXorMJQ3/b1/79/7UXp2SqnAvFl+3ErmNUWmlBIOLRacKYVI3XCyPZ1d0wJvgTztNVK2lKld5BllJK6QvKXXFWidl9cpLQgQmQFBk8ACgvwYXgtmt4fS9YBR0BIt2mE5GChDMTLOtJ5skFbQwTKOfvasMKvkvN6jVofXhjVx3GoKOivgEbbzrCWPqaGlBIuW5qoZgoLNltM5Ps4usGL0Y/i/BtfsJZ9y8GOWU8xXx/xS8B2+HRB+nns738hb0pSzAGMS8XckmUn5y3gyUxWPj+QxURsymE3GlvDsX8NIz87afLH1kaHBR0b/MAN5ADTIUvA/1iGA2kMvDDNOi9FDP6bG0qcOqUw7PE6etdVzSvnXJ1mTb8miTPaRdvxjXbraLgV8xxbRxyoJwUhOORT5MZ2LzqqY14ghWL/c73rj67aV33W3qWdq3kM3daGQuuA/b9YV7JcMaKgPRWFCzuLNGMCl/FlCgJTEjBy3m3FQD28IDTWTtzaH1uGKhJZf1sxGnhVsVyYC50QE1Aizhl2c8V7rrkX+mHs5bAhAzKKkpr5Yk87T5Tej+vyltwrrkBxMi4Ueh4C9ONymJPyReDj/ruYtymfA2TV/Hm1a4fQ8V5EML0EZ5gAO9UvG0v+6kwtwYIhU/hzRK5JeyN5BbhubVBCIXg7hN/by3V7iqQPPZp9YYiWVQ+66DtuTZVUUjUtIDcWQaOLCoddE62nrxUMKS/C10FTxRmHapgqV//7JoiFXMffBar6QGlIAcE3LFrOiodUKhDUfLatl/pGnUFUgfuOBMLz5nlJg40j6ryoGnZfjCHfa9nGelBV5h4cOy04OK7XzdPgeot1Zmo0IuC/ZH8jErp1Jmw1L0TDPOgAuWWpozxBCr90xoWMyj4peMIk/wwVskPH/AeAgGHe9KgAA" />
        <Entry handle="9" bytes="H4sIAAAAAAAEAO29B2AcSZYlJi9tynt/SvVK1+B0oQiAYBMk2JBAEOzBiM3mkuwdaUcjKasqgcplVmVdZhZAzO2dvPfee++999577733ujudTif33/8/XGZkAWz2zkrayZ4hgKrIHz9+fB8/In63rVk1XS/yZXtnXOfZ7HrrfL2ctkW13Lrzi5Pkx363rY/W5XhWV6tZdbVMy+KjO/avrTuHSfJL8M/vNj5fukafpQ5GKkDaedHcGc+ry7wOOvgx+102m52UWdNsfcStPiKw+PLjo3Q8K+qPR91W1Spf2kbr8tF5UTetaTalFh9fFk0xKcqivf54lMpfZf4xXvklozgOdb6gvqNojNGfAR+0e19E5sVsRqAYDybg/wMzv6Z+gwEAAA==" />
        <Entry handle="8" bytes="H4sIAAAAAAAEAO29B2AcSZYlJi9tynt/SvVK1+B0oQiAYBMk2JBAEOzBiM3mkuwdaUcjKasqgcplVmVdZhZAzO2dvPfee++999577733ujudTif33/8/XGZkAWz2zkrayZ4hgKrIHz9+fB8/In63rVk1XS/yZXtnXOfZ7HrrfL2ctkW13Lrzi3/j5DdOfux32/r4x5fZZXGR4dMv8uU6LYt0vKzqRVbiz4/vjPNsOu+9SG+286K5M57k51Wdb5k/p2W1zLfQ3aK6zE/KrGnor2w2k18/ntOntQC+c8iQfgl+/tgQLtQ/vxIi8GM+BufFcrb18diDPG7aaoVul8Uia/OtX7zI6oti+aZaPfp4d/Xu418y2tvZMd2PBNw3BX9776Dbgw6Qf/4/EovBTpMBAAA=" />
        <Entry handle="7" bytes="H4sIAAAAAAAEAO29B2AcSZYlJi9tynt/SvVK1+B0oQiAYBMk2JBAEOzBiM3mkuwdaUcjKasqgcplVmVdZhZAzO2dvPfee++999577733ujudTif33/8/XGZkAWz2zkrayZ4hgKrIHz9+fB8/Iu7e/da30qdP06d1tUqfVlfL9GW2zMvtdGt6J316vcwWxZS+LC7z9Om333zxPJ1Wszwti0md1deP0nnbrh7dvXt1dTWeSeMZ2o6n1eI3Thj2l9M23dtt2lG6c/Dxdvp6WherNp3WedbmM23zRVZP5+nevXpGrR5+nF7ujnd2t9Pjuq6u0mKRXeRNuqRfV3VeVtkM7/3Gyfl6OW2LapnOZiugvNXkbVssL+784t84+TH9fTwr6s8+Wq8+Su/eLZZFW2Rl2rTUc1qdp/xWurVeffbRtFq2dTYljD66Q28X56mBNubm9P15cTFe5XVTNK1A+IW/0PQ8vsjbk6p6W+T2rWLWfG/n+3c+++yjGdH0I8YpRIo/p09/Sac/fMko3/nFQPo8xe+jtFq3q3Wbnrx+nbZVOi9oEgR/oJ4v2wYdzKrpekF/jK/qos23Pn7ctNdlnrbXq/yzj9r8XXt32jQfHf2+y4/vxJr/+Mef+Pjvfv+Tj3/xPC8u5u2jj9NPqL+6yc+WbZQ0St071O7j1bvDtLrM6/OyunpEqM7y5S8Z6vPxXcbR4ARqbAD/2a1wIBjtvGjG2uYz/dkh9KoqiHI1s9c4X2aTMp8xzZXLlPGA9GVW018Xu58t86v0DB9v3Rnhkz3/E7REq3FTT02fYS/0BXGFttvb3G73+0oOdI7h8HR/ht90IFfFkphonM1mp5dE0efEmfkyr+8I2yxJMs5O0wmJUENsS+gKdYofGM7R96slRstzo+xsIGoPo9SI2lZ+5xdbVJjcoeT9klH6EYCxEOVlkxMq/IPwOTsdpQQ43d3ZSRdFWRZNPk2zcxpziEg6yc+rOnfoyszdDjlC5E2xyElYtuzHN6JMGIWY36orB3S9BNiACOulAfZLoKoMwBzQmt8/q+vs+rPvfZ+oU01+OicFyZ9AsCHNWbFMpaVRk+nkOm1YcfrQDHqfWbTarCZV5PCs8/NR2mbNW2gA1kFgpvyyXZASJ17i5j0G+j3Sj67uTT9KH6UfFflH7qWMYX5mX/+Mm1HrLgB+NWvphTl/bmAUzL0BFcardTPfgtQ1LWadv6O5P6/oH6tf/TeIbNlyltZ5u66X6XRd13iDW3zc0Euz/B0xFHW0FKqCd2Sgj1Klj3wkVHmUbnkDovHSeKolj+CjO5+YVvxKqcN75Ciob3i8pnh5MzCeZmVpp0Z5nfG980uoG68lBP7O9i7UF7f+niX697d6lPte8f2xRS+Nfm0QHvkIy5ydZxDLR+lyXZZdLq3zBWnvb4S1PFBfm7siMPjtWR4wWIRkljoB0u9FC2vZHSVeZAsacKqY1zmbgFf5xem7FX/3yUeffe/3O/z+J2S0Pyo+unNIvE1S3bT1mgT91SmkvMnZ4SE9pyyZkuuU373MyjWUc1GrhrfGcso4jBdZO51v1fkd1fHyMcFZL1mBK/MNvkbGZ9ysSlJWH3320R0yMQRG3ylI23D/BEc/Aj065Gj65ADmI3mV2aDTefoZj42I8hG5BjLCT9KPDldZO//s7kcd+KRJ1BD2OW9aZk3zgnsTy1xPLd+Zl1znrDhPyxx/bX1E5pY1u7Zjy2uAeB/bLj6zv/kvwVEZT6p6ltffLWaE/47lu3G2WuXL2cm8KGdb+sIdR0r9pDPaVV21FTtnvxgft9XFRZnzV4/s6MkdFKdkPSnJE7dObzvP2lTeaOgPtemkAdkhGqdfrtCM3F0CAM+NhgJTu8XOMPGd+qXgxvwdscS0aEsyMsSKAkAJa1wo35/6jUP3Gh38zM+kWxEP9vfQbiCu+NvMlvqszvnRD0bA1n46Yzkw341/f9X14pF+tiXdyDB+Dwtz/PuT+K+zUlpRxxscRR+6TK7CHujzk49W76BqbvYiIYymRYYoZrOv1yGdGdMuoS/uYgcW43pZNMWkIGG+/uwj/r1kdQqXsSeunbhkZKkC9iKuHHX4b1Wumw/lwfTqLllqGiTa/r+XIW+czNvQX4IckH9akm43Pqh5rSbLnJUtfcpKgXGXz5TRtuwkBB+7KbCabmD8N4gVsfG3h7h6lC6yd/63vgDRl8Xy2xZiRIiIl9p81dgmMuXE1/g0JtBs2ByfI44Geo+BBebNzpb55ggoiExhmGRuv01WBd+QJdn6ggzJuIYF3NoCiG18cecud3/nk9076bdMdwTy90i3IVS7PKkA1FUjDI36Y1Aj7usOvSAfZ++2gIp+DBBx9YGvja4Y1F9opOKKEImHdyMvcqtvVLPcyNqeamFk1aQp6tHgNML2wHBjZNYRBw7LrFDYsO1rCARFU7ljQe8j6yuQ+VZH4cn12aybwrlJuG4FZ9fCaWfFpYXBf9zm/T1+v8NtJsXy2UcUG1Zl+ZHfJJBiJ9zS8tv8qcxUZFbeB4jGz5uwc8px0JbHufRr2vQoT/ZietA+jOjJwpHTV1xQVEnm5y0lIubZZUGm6WqeL9XOpU/PfpJ89klaNNKKgvMKwhDIrtGBvgn5McfrHUMrmSMogeF2ml2iPnJyGznQe5qfZ+uyvZN2P5G2JhDNBC6yEozw7Yye1bb6bSf1pZ/20l+m9W1SYAbGLdJgoZL6rB8t8Gx6AtQ8uX6TXcB/3/oIxPwIoQ9RwAf/kfOCer1G+JGU5iNRB92M7bSsGpmlaskkDrKJG1iK3zEJ3JCj0q2yWL5tTCZDWtJ7uY6Pv5CQCPNqEGAt3ed15wj4/M5tRVo4hvmMx64UhCXOx/KFNMSQ7279fj/z+zaf3HE9bv1u/MHdcZs3rcZqLo66AzD6YSsTQvQ8/oj9M/2cfEHq70U145R678PgvTsG6wEpMU7dj6mt6rD9LzEGRVJ2t7cmt1kQENTe1/VmPJEI2FphBYbmWr8Pgojv4cvvfyYROQ8Do8B/vwQpVsqH0XqGdp1KTlG+tsseSPsWlIXIllNe/Ogv+TxCe9BgJmpE1CcE3CywACMaxaP0ex8troXfiLz6q7KY9wmpyY9ovHfvpgXjt8gsJ5MWHVnG5z+Q04NepT+oF4/Gj9JfrEMgn/0+OVWkfTyqU1KvXue/RLox7cxSjzgVabYg9xBZxXRVvCM9m24V9B7BAv1VV1M3KrUCUd1aasaw9Y/lejGhoIUGYyMbaTdOaVGCxLu9ykmwd7f3dsbp6wUl/pDJyBqkD35jm0lgPRPpsJ6CtNzkPJvmd1nbbUP7jC+Kc84ndb5br/ib74Orf6ynh7pdgFdSbmVWAKCFRNH0dAtWmliOP/P1i1FI1o0K1dbvQQx55/8BclrC4FMcAAA=" />
        <Entry handle="6" bytes="H4sIAAAAAAAEAO29B2AcSZYlJi9tynt/SvVK1+B0oQiAYBMk2JBAEOzBiM3mkuwdaUcjKasqgcplVmVdZhZAzO2dvPfee++999577733ujudTif33/8/XGZkAWz2zkrayZ4hgKrIHz9+fB8/In7P6Tyrm7xNP/rqzbPtg48Of+PkN07ufit9vaqv32STST57mS3zshlPmybdTl/ll0VTVMtH3CB9WdPf+RV9XOZZk6e74/30W3cVxEm1uq6Li3mbbk3vpHs7O5+O0+NZNcnT19dNmy+a9Gw5repVVWdtPqPvyjLl9k1a501eX+JDC+3bVV38oFq2WZkKXqkg9hsn6bfw//TNPE9n+Xm2Ltu0aa/LPD2v6jTT1tI4vSpmFzTYVZlN8ybNqMc2m6STddtWSwaVbpX5eUvfFBfLfHYnzSbVZZ62BHtKnedLeheQxmhrUHszL5qU/odWDVFi2lLH6BwfLLJiGeIAQPRhXo/TZ9SoWtfccYD7iN4tvKbprCJ8l1XLH9UFYZyn2fKaWi0vUpqTNY3lesSA6Lu0aIHQeVmBtCkPqa0Il7eE4brGgLIW70sTwCBMpjSJNX6fVcucQV0V7ZybVecEkvCZF+UspSEuiBJEv1rIAhRn9NtiVeZtXl7zezRsGr9MTXT4I0apWBaL4gc8mLRYrLJpC1TWy1neFHWeTUoBURDxa/qSeE+wqgh4bUdoUaq4V5qkCx3kIrtOieXWTT5jQJiXMruu1i3PIX92dp7SB+lVtmQyEYZNW2cyALAMujvnPyLMNEohPpnSi9su+229SX9ybeZ6NASTgeXviNVmTTq3nE+UJfTOC2Lb9SrNLrOiBIHShsiWu+FAEpbZIjdIT8uMhHfrI7+jj+4wSVIeJLGK5duC2YzhLHMSkiaruVfmHaUHROh8veTZGKe/D5Fumi0Bj2dRumMEiKpCF6WsyOUG4qhYjYOvf/FvnPzYIqsvClI7O6t3pKJ+bJXNZsSp9m/mg0fM6PiTOfkRDWSZ40+elkfp/Xv3qXVKEnt2mn47m75lalb1lPilrla5YYz0ap4v6SMa/oxINLkmLbLK6uyizlbzcbo1z5rn0vDJ+uIO8P0lt9EENKbP62q9GvMEmb88GZ9XRELRQtBMOnuegmJQeTad40OoQNZFqWNUmpixIGGhim65jfYANQCnrKq3pnMz2UN66v2Yzoz5/wXM16F9lPFss5sZ8LYM4MPuzpQ//zzxRatGTDQazI7tICsbmS2wx0fCHx+JxsOnBAj6vJi+FXhQSVUK/XlJ+lImqKrJzK6qJcYRWreUYWdsRrLVimRJFGu1EmAyw6KBfU50g9G5tUxp2UQtXtfaGabG0FZVU2ByCUidl2SdLmFSdtNV8Y5Qm1VXy/S8rhYyt4RCDjSvKjJMy6peMCfXOdmPWqlFn1RXjeuCCEE2vS6zldKBR87gZPQ8dAHRkO2gt6mHcXrq4SjfEoZiIS12k4omQlCbVPUM9AEw0hjUaFqVlX6wyNrpPBc+IbKaxkZ21jQ1S5HWADUd0QWRRN6V2cmWU7V2hiMKIM6mvM6IXpOcJH2GbxlW35V5HxH+oUkvS66Ig5NeCBcN8EbJZaE1rPTIchJklwj+KN2NGg4r1vurd+muyron+v7/+XVC4xHNHjHf7j36uM3m1SLDN2XRtNuMtLNDMsvb6OwRyVhZzIBG+uMPH56cPHvmtWAMNzVgP3mgyfai+sE2FMC2zIzrf/vtvF2U8e+I55qKbOaqYlfLmc29/fsy1nnOne7pn23+rt1mP/nRNDevMIs/+vFn/DC+ZGYvSIkuZ9v2ux16ujrTZyJiiPxdBmcSnDgn8YNTNs+WF8JGwvTgefo68wykZW7Rp5nIyAJqNWUUGxbkN5a3u6z9bSiGjwgHEbm6IpNPolpMWasQbxDbk09G3LSgljPWQ1bm1AeNdSs2nV7M38GNNmonYOAPo0Z2C3Kct6yP1DpAJ7GFoHGQci/YRloLkUWUxAbCvWaE8xlodzPdGNgm2nnmy3jTblhuSDSdMsiYpTluUoAUQ8Jh3Mj4Mb1Yy3OxENM4C8SQeqbHNzvrmN35LhzIDtbKVI1SapRe5WYawRNiOazVqMREMBAnQ2pCRD/3Vblvt+HFNWlZqOo1tjWrW6veYwFtV42aiWV1GhNmI+j6wQ4/VjXGNGNfcfzY+yoDtigZjW75lligKWZx3mdPlkkgM5Si63H6VQPWQWBoXENIKoA1m6AZ4nJ0QBQmboNHPl03EscBePotAaAenJt9bpxJc4bGgXYms1pQJEjvtXk2M5PDDYNG+BT8XDPcQbOX8UzJbKQTynO8tTSf5VPkWtgeqtq/ld96IoziBS/+JzcGMAGf3TKGuX1ihJTNJRFcUO9JCpSOiBQaZOJNUAbEkVSxez8vyB//BneI4SHs+kbcIYbWD2bicxHlj6Aps4nEyaR75s7g37+3Jxb+1u6K6K6fRZemp3hSp3neh4WdF935iFi3nPG7gVaVDGJDUliy1Fl+tRy6mTuNGyEc2lQLxHHsYY6sOvFFRDzodLVu5tQTcjwXGRSDRUxZRln6azHt/0v49XasKl6855R7bLoXCb1vtBxDbiQTTcKu8lo0GFwhz0/zeSfiBCnCP0npcUrJfR0f0jBBxxfibhkWxqT+2ezuLLe/B8non8xr7mtDlvy8QkQM01KvS+JLOL01rB4zqBLD8LU0kTS4x7ICLJJaN3EzB8bs7PrOVVlRrwDPKWk1tQwrmACf+JFA9buAjRcEOUK1gJPHobrY4mpJQOxcw2gjaTrPkMuvkA9eZDMZA3iTcJ0iineZ1k5aQ8cGBzm9NAQOmnjSOWItJE4FcPnoJ306faTMY9zaakUKljIcfubX8ZzyQuAeBGz3UX8lwik/xLbCRG9MKsvXOv7MFFYg1T3habQpQcyWMkZ0atJj47kSApJzELfFzu1FaJ+sYlFXVdw0uHRNTDUEJEyHs3SdcF4Tv7s7+QJ/agSb7unfEbNyenqKb6KJgyFdMysapOGF0oyB5pPbayE2HG+sOHGgZfNQnms5QUMnc12fzvYEfhdZHKdnrSQBQW24lv3UkzF+reQaA3+U5QE8DRGVJS/oJF6uM6+bJJvPQCNux3Lt0lZWhdm5QM+uM9EehThZN0+nP5MmPdFJv/pORTS70vlQnYuY1/ujafxZmsbNoaPnwX0jbmR8Tj0VGAlD8LGqdk8vivkPFaBQ1K3IQPGr6rwNNYYcb8OlQ1lI5XZVY/fiaoxH/v8A1dgqtMgfAAA=" />
        <Entry handle="5" bytes="H4sIAAAAAAAEAO29B2AcSZYlJi9tynt/SvVK1+B0oQiAYBMk2JBAEOzBiM3mkuwdaUcjKasqgcplVmVdZhZAzO2dvPfee++999577733ujudTif33/8/XGZkAWz2zkrayZ4hgKrIHz9+fB8/Isaz2Spb5mVqfplWyzZftr84vfutk9ev0/OqTj/Szz5Kn579ZFqdp0/rapU+ra6W6Uu88q27v3EyrcqqfvTjO/wc/sbJJJu+vair9XK2LV+lbZ0tm1VWEyD6nsC7JgMw737raZW++PJNms1maba8Tj9a0W/F8uKjFFgtsvqiWH6UrujNvG6LvEnneZ3/rukxNdWWd6VR2syrdTlLJzlg5bO0rdLral2nOrKPG/4tK5Z5nV4V7ZxeoX8aHnCxbNo8m6VA6Zf8xslvnPRo1maTgF5tdXFR5h+l9PkGkv3GyTn1+ShdVvUiK9PdvdW79LgusvJwQz9php6CHuq8zFoaE3UPsOdllRHUuriYg9A+nR+lk5L+SNd1uTUe36X/FTT8+jyb5ncFYpmft+OL4vwOYbVd56s8a1N8lk6qtq0Wh71pk9eAB/pu83ft9iyfVnXWFtUSY1vmhESZt9TPNk3/lCblUbq7erd5kCk1Xd5ypMCPoM2KZlVm1xhjNX3LI0/9oXv8t4EATLYuBfhDQ4LfOFHe4mHItPEv92hQzCTTdd2A41cVQ7/FSNNicTHW5sUiu8h9dtLPU/7CcmdAd+Hy7bZaPUr3mLb6CWjzKL1/E7kfzavLvL6J3v7cG6leZpfXm7girZZfVOsmB/yNAkRIZNO2uMxH9tPO1+fVdN3chGO1bkuS4kfpzm1GfCs2u0mV/ZL/B33coKVEBQAA" />
        <Entry handle="4" bytes="H4sIAAAAAAAEAO29B2AcSZYlJi9tynt/SvVK1+B0oQiAYBMk2JBAEOzBiM3mkuwdaUcjKasqgcplVmVdZhZAzO2dvPfee++999577733ujudTif33/8/XGZkAWz2zkrayZ4hgKrIHz9+fB8/In7P6Tyrm7xNP1q359sHHx3+xsndb6Unr1+nT6vpepEv2/Rbd3/j5Fu/+DdOfmyR1RfF8tHO6h21+rFVNpsVywv985f8xsmPT6tlm03b7WJ5XqH9VTFr548e3PNa5MttbYUG52WVtY/K/Lw9tM13d3Z+9wi89LzIyxkhivcmVT3L60e7q3dpU5XFLP3xhw9PTp49O3RI3g+Q3EYfBFo+nOfFxbx9tP8gjnrqo5mW2SQvB5HVsf3YObXevhK4D3d2HCLbbbWyHU+rsqof/fgOP9Lzxr6L5WrdjsIGbf6uzeo869BhVrVtHiEE939Pup9k07cXdbVezrYVk2cP8N8AtjLE+/ctlW7GFUgpdfd0BspimW+Hn/UIXuYX+XL2i30K3bv36aeGsI8mVTlL8XL60ZtikTfpi/wqfVUtsuVHCq5Z+V0HA1CG+rFpmWe1nb8ALccHzcpNeMA7+0oGQWj33gAuZgDPnrkp/vHJuvW5XtDa390PuRHwB2ZCP5rQHFeLRweKSMCPAbJ7Btle/26aFKa0DwXDMLWlX6RDgjt+O18vL37/YtnW1Yj/3ZUfeyP9Sju1HLxrf9tzv/3+u2nwx7oM/vzxtmjLPPwIv5Nm8sD9/j5AahP85X93z/89LYuUaJFuHlo4GLxwGwUEDrF8FQEhxH34qeM9JaElFjdjxXKeLYry+tFP5vUsW2aj9LgusnKUfjsvL/O2mNInTbZstpu8Ls6BghP0R+u63BqP79L/CHxen2fT/K4gczD+6dXFnXRZbdf5Ks/a8EWrIQwjO87GYyRhuyl+kLM42E9CLRgR/45ghby396nPew93ldlDCdjrqpHdlPXh1yJWb1zQsNuzfFrVWVtUy0fLapn3x5v+rsViVdVttmztl8HQ7ZTu/fjIsJw/8/sH3VEI9zvhfPQpVF62bqsUAp0adWDoV6v20o+FKfXTWdbMyR6AQ4k3PWUU9EUCgO46cu/PmW/gRA/v7sV03yjlT4i4hq5l0RC52usy326vV7khYwcHEW8zeV4PbTYnwN4E7ex8+mkgYSCHUEdIdBt7M6Q+DCL+BB2oHzJ2UvH7u0aejP34s4enpycHPhdHO3aw7yvXBw187tjfiXDHXjp3SuFRKrQCi7zp0+revYcP++87Z6Yru2HDAFljABxD85fG/7NDDSH4o7nnQZAmHiosbllZXCw9Bewp6QARtuSqfSN+ieh0j4wPlCtmRbMqs+tHxRL8ofMqerAs8uU8b+fZck5QLhhtnUZjRn2eMp95aJMbRKoVQP8fWqv/JU4LAAA=" />
        <Entry handle="3" bytes="H4sIAAAAAAAEAO29B2AcSZYlJi9tynt/SvVK1+B0oQiAYBMk2JBAEOzBiM3mkuwdaUcjKasqgcplVmVdZhZAzO2dvPfee++999577733ujudTif33/8/XGZkAWz2zkrayZ4hgKrIHz9+fB8/In7P6Tyrm7xNP/rqzbPtg48Of+PkN07W5XhWV6tZdbUcBX+lZdH5YF2mv/g3Tujzpt1u2usyf5Quq2VOYNJFVl8Uy0fpDv5YZbNZsbyQv35JCAMAVlVTtEVFzeu8zNrikkH8YLtYzvJ3j9L7Dx/g7/OyytpHaZmft/hzUtWzvN7Gn492V+/SpiqLWfrjDx+enDx75jWoi4t5vEUHk7LQ0Szz7XnOb6W743v5AsAu87otplm5nZXFBSG6KGazUtCsqgU1jMEbzyt6r0fFR/zx7Ub+EH9P13VT1Y/SWX6ercu235VOxGXRFJOiLNrrR+mcEMyXh0Ef2YRIsG65j7ZaEdY7O787/mAiylx5fR/g76ti1s5ty36/SjWdHJ3+HiV0yEcxTPn3sv/atqE5v2HwODhYvdvQ9DboMOGFJbcnVdvy/DHU9Lxa0muTqpylu/dW7+4uq3pBUD96UyzyJn2RX6WvqkW2/EiA/liffX7MMfs+sdynDPbH0mlV0gT++M7Op/eenuCT/tvjWXFZzIQvfswwL2ZpRijmM2Do8W4MgOG2zueO3QweKSMym8bgZI9IAN52oWSPMEuExo8BjINy796nnwJKm79rt2f5tKozYTVH+Q4cRubHfuwXd1FJeyDWxIc1pPEw7YPJphAWD8z5+c7OwT43pcZ3v5VubxNbX+YlVNFb/PWtu/xVX25+zDLX/R2dLzuJ97xJ1DlRTcfaxP/cAAlbG/zczKWTbPr2oq5ofPbb8/Nz/or571bs15s4K4s/9mPC/TwFP/Zj0vQ3ToQkJ9ViRZ8v2ybFRNTEcY42UYlSiWV9wRpClEVUIbi3vkXsTDyXQg/b4dJAnz17lq7rcms8vkv/K5ZtXp9n0/zuMrvczuq6uhJ9PV4tL+6kuw9oPtL74wf077LarvNVnqn2CyU6YxRnRbMqM9Iok7KavgWqEVnsazB5OWiqdurut7bf9yE6pt9Kf88mn4KJf+zHnmRNnr4Gx6RfKr3R4m7U9AR2UhnIF6Wvj9GPWYxO1g0pPEGpiaOSdSyWzqVFqSsBfQHg/3uD6PB51Ip0e11bJorSYkj7d8D0ODKK7o5B+hub99fr1aqq2/SkzJom/QOqVb78A9Kvmuwi14bVup7mP/ZjP92M0owwPC+mRVbiO52TNKbcaRCAdBvX4dMdpr/xw7btjBjLxwJ9X8xe1xrqx0OujU/wPmLW9eNOe13ux7vsfCxK5sFGW7+O929AiOMXDto5OjEe3ETkpiUaw2I6EjPk0NOI+r23GfetGVxxzBhH5mZnTYoF8dejW6jXbbzMOlb6+rG730pPXr/eS6cl9R+zlJ4LZwXpx+I8+GNdJvyxPhdaC+uzofsw5MP3sqWwMPxNxNWBLRwga2x0PUbuYL0/gHX3c5+Xe0gI520mruU9j7RCxZD7PJTfH9sOBzKi/w/HmRStIQ4AAA==" />
        <Entry handle="2" bytes="H4sIAAAAAAAEAO29B2AcSZYlJi9tynt/SvVK1+B0oQiAYBMk2JBAEOzBiM3mkuwdaUcjKasqgcplVmVdZhZAzO2dvPfee++999577733ujudTif33/8/XGZkAWz2zkrayZ4hgKrIHz9+fB8/In7P6Tyrm7xNP1q359sHHx3+xsndb6Unr1+nT6vpepEv2/Rbd3/j5DdOfpx+X29Pq2WbFcu8TtflL/6Nkx+b58XFvH20d7B6R2/+2Dl9/Wh3d/UuzeoiK/mjssraR2V+3uKvq2LWzh89uH9f2q+y2axYXmzj60d7O/rpIqsviuV2W60I1gP+7JfEUUjLAljMimZVZtePimVJX2xPymr6tt93B9eyaNrtpr0u80fLapnjo+oyr+mdq0fzYjbLlxv7TbPRwOeP5oAz+O1l0RRtPgPebf6u3Z7l06rO2qJaWjyESrs7O27s42VVL7LyC4I58n430EZj7lS+tr+6b5u8zKf0mzTw/zJtUiBUrVtQ0CKi8/OISJZiVvFTkLI0N8QWLDdicUskvOnf3nsovU2y6duLulovZ4/SdV1ujcd36X9ny5YmLJvmd9/O18uL3//T339v/NOrizvpstqu81WetSlBSac52gHMtCqr+tF1XtIkG37dvhK+mFTlzI7jvVB9pCT5YSO5mSV+sQX148/4GUax6KK4GcEhhH7sN07+H3wmvpxPBAAA" />
        <Entry handle="1" bytes="H4sIAAAAAAAEAO29B2AcSZYlJi9tynt/SvVK1+B0oQiAYBMk2JBAEOzBiM3mkuwdaUcjKasqgcplVmVdZhZAzO2dvPfee++999577733ujudTif33/8/XGZkAWz2zkrayZ4hgKrIHz9+fB8/In7P6Tyrm7xNP1q359sHHx3+xsndb6Unr1+nT6vpepEv2/Rbd3/j5Fu/+DdOfmyR1RfF8tHO6h21+rFVNpsVywv985f8xsmkml17zbJ1W6HdVTFr548efqqvTauyqh/9+A4/+OC8WraP0t3d1bv0uC6ycpS+yebVIhulTbZstpu8Ls6lg+xRWSzfjrJHl0VTtPnsF9/+bdftvXuffooP2vxduz3Lp1WdtUW1fLSslrlBZ7spfpA/YqC/a7FYVXWbLVv75VVeXMzbRw8ZfUZrXl3m9S+OAF0vZ3lNSOcdFE5ODn/sx/jl3zgZT8s8q1O8zr89mlTtXCD/+CRbLgXyJJu+vagrArhdLLKL/FG6rsut8fgu/a9Ytnl9nk3zu9J+/NOrizuH4Ut1vsqzlkapv+FrmajttlqZOZ3L0HYf3NPJ6iJUXKRZbKCWemVFvZT5eeuB27sv0IQT7mtfyibUU7qj/0e7VDoizlv//m74iioAEwCFIJ3V6AN/9l5M1yXeLYuGZrS9LvPt9nqVW1xDBg5R70NKywLAZkWzKrPrR8VSpzXSciOFlAue8eOo8qnSCFC3O3Tr/BnSmPvJyuJi+WiagxG4SY9Pfb7e6fJ1bAyOqT2MDcsHrcfA+Rd3EUOrVV1cZi1/51jxUZRxL37/XWbbVNhz2x/4A50hDwZJ0aefkhRZHnW9Ur/TarW6Zr74xd0GXWJ6ItJVEd4I0vnuyINKf/J4A1XhsZTw6V6oKFnOpFcW7Yvff+8XO3yMevxadOqq2J4aob7SH2/y7WLZmyd9OTXqOhhCurerMFUACWhbLR6pevB4L/Wm3XSX1dP5L/6xkFBRHu5PwpOTpwenJ17HIN6nESIrPJ/GipxqGzMLZt4FiENzsqYRLclQDFHmgXbrc99t0PNQ8fuGmkpN78JHIYN6xNoLaC9MZRjX63hfaRozTj9eLM+roaFZjglnV+fcvJ3+ON4agrH7MITBAuL43OiKps1GPz7Py9VoTPRp+tC88TzwJ3B3Z+d3V2QMIFGwPNzzbFGU149atvkd6t3baL6XVb3ISoskUEvneyPXydwXT0P1mHr2oU6qchafxK7e/yWuU/Rzg9y/na+XJPpG+K0ZT4leqdX7AZHeA+69G6GCD35/oMswq5rcGuFH+EhNVRaz1BMKbSCsEGtBIJkN0mJxAYihBHQMc+goHIqdH7NBtyiZVx6oJ4FO7+0aJvQai9LtNr+vsN08hf5pj2n6EyxsJPKyKGazclCh3N+38vVjP94QYYZb3usLuwpHKLFGC1bkF8PZqPOSvI5Ldjh+QFp/lr97tC8qgcg3tqYx1une3r6l2yJf/P5ldTFsNvZ2D1Q78pT7k/3w4cmJeDg97APQymhGFxox+fRTIb/3sjUe7PND1NLd/ZvDhkhXe0FXDx9KSOBrbr8vp08MAR1E/tXo2E1EUHoZ39VwoOpu5XEyECn+vy//P3RYWn7EgCbrhvRQ08AnWS8jM+kRLfC999Qa+kDUtyE4gTlS9+F2CqSrlizlOmoxUJ9qL/uqMurSRvSnN4Tb67q9Lqo2DiNqbRNEN5EfouH6esTMOHSN6ptU/YOYMjHopD/eFm2ZS3zYDWI3+/m9+NUHq5o3xrJ4fIwDN0R9mgDDZk5d+Bje48eg84gF9H2Qk/n0WiuvRFx0+w7F0Y3gEDUm1iNxaIMb43QNXEzjAntsGUQb+MOqgKiLtKdKsscTJt428YPPd2lMjfwSv79bxreG2UyE/Rt35NDEv7eKZtSlK2aMwe8/WV///k1eMh69FEVMCElF55/X2awgwX7y+fiiOL+jw+rBHPkfqaCjnyFP8f49ZVQPEWsRnSK5ISmySYcbgoRWN9CXv7F49xZzSq9VFCcvqmI5z1pvSPhisc70Cx5YTO/16e3B6FDpln15X4B1QuKqnfjUCByPTTkqmCUz62ESpoNuH34vfxL1ZDaB+f1JczEokx0IsyTmT9VWjukD7PsQVR9qzBcGbvon+xJdlvz9WT27V3cfeO5TvHE6v88DuHWqMYxVbikrwUc+13wgmwx9DiqONtEnUI2dGV7V1Ww9bYcEvPtqf7S7/GZUb6t22LOm9UNIEfbX8w5jFvkWKb1+AgS5Nnm9lzAcEJgxBr1NhEzHbTYp89H4TTaZ5LOX2TIvmxPCC8l8+c4ns5dGCWhjp0RfaSVHTUnBtphmpSoqmqR492k724hBO3MycxDKrP4VdQNVPTs3lr26X+y+gSTVxewiT3/8hB9tZ3qNCrrK1d1vjXnooAFFEat5tjD62SgdfU2dc6MfnMgPvT82ADbYlw3vj4YBs3wNf2/6DURoyNRgqefHWZczD7j3bJJdJ+xh4NA4ZvVDKDUhxsfZuT823O47z4NujkPjBj9n0Jnp5sJoYQvZkVQkh8cqeeyq9eTBJMFCQVUPTobfybT6eknh3YCyM04e0aILEd0eY/lqzYR3+t+wYNFpuHG9Qic8pog3IdNXW33/MirgwWwK1SMYD69ObFyDA4lcSj/tvG9ZL8j0o1WkEdJ3FWnHdTmmn79/dX6e12wQfd+Ec6PkD/4YsCXaXT2aU2ooX8pAI7xhglEDWydR+WVPvXj9yZA9hYg/jf/WZ61UE2gadELZzHRxpiPjbqYe2qZM1fVqldfTrBH7wR+1NWVbzsk/eWS/VCJKuP2L1nmDaWDSjMbhnxLaIvvApmE0xi/ZVKR+pBAI/pWSlnLH3h/B96Ox/9du0LKv/wbxG4Qfxz8CI7Wj6b9vv/NMyf0Da8s+DFw8I6jzz2t+sY56g+nSrR8/+5Pk20STpye2uv791yvDXJ6UWw5zvP/Ivn+P3+/HEyFTeMB98X24g/82kVFZLUJEl1/hZIXkFSEsblUhloT7RdnvbxMIatGU9rOsmeczNmxhArC6ah4dGDIZ3+X3z5q3ox+nf3b53z359/fXv2iRiDpIe+zr3r3Jq+jmz4VG6E/evE3S7CCS33svn9VT/shtRkKd+ErOzZ504PJrZt0YTU1O2/GyoYspfFDaY+WH+77hkenwRdYseQWOjNA9nHQD+/f3od+7H64UOmc24E5/XmOwA/89WPN8eMCSZG2OWdpVyt3THLTHRaI0PQI8YAjau7jT3Lt1qS3y2nMvOdjVIwFq4csY+ay4lIz6yP266/2+5/1+jwxFmVFoKS/4f+wGfwnVe5rfdeDsWNcNucW63w2Sw2qFE1zBWn3clXBj890H7SnA2SOmXUy4mUuwjIpMCP5xv/bocSuCOwTc2uxNc9BxzyMuexeIP86AaTQdGenYF7JP5Z2Y8TFwRGwF0P8Ds122ywcnAAA=" />
        <Entry handle="0" bytes="H4sIAAAAAAAEAO29B2AcSZYlJi9tynt/SvVK1+B0oQiAYBMk2JBAEOzBiM3mkuwdaUcjKasqgcplVmVdZhZAzO2dvPfee++999577733ujudTif33/8/XGZkAWz2zkrayZ4hgKrIHz9+fB8/Ih7/rk+/PHnz+7w8TeftokxffvXk+dlJ+tH23bvfvXdy9+7TN0/T3/vbb754nu6Od9I3dbZsiraolll59+7pi4/Sj+Ztu3p09+7V1dX46t64qi/uvnl19x1g7eJl/XW79d4cz9rZR0e/cfKYe3y3KJfNZxE4uw8fPpTXpXGezfBzkbdZitbb+S9aF5effXRSLdt82W6/uV7lH6VT+euzj9r8XXsXbx+m03lWN3n72bo93z74KL0LMG3RlvnR47vykz4oi+XbdF7n5599VBaTOquv7568fn23aa/LfDxtmo/SOi8/+4j/buZ53n6UttSjdoQGd28C8/sv8uX6drDSm4FhpNn0duBuhgbUfv+mzZaz20HsIfh6VV8fN0Tm5i5+fZNNJvnsZbbMy+a9Id7YNBwFfXR3NpvV1WpWXS1X6HNsIRLMZloXq9YH8tPZZSaffpQ29dSB+uk+pJ9uPiI+kdZH7w3tp3/ROq+vZeY/DJJ8/oFABJ2xGeEQNH5t04zSewNdfgBydVYsJ9VVDykW+WW2IBhv8+urqp41nqAr43iNZrm8S9qm326SNbnyj+qcsppm5bxq2rvFcrZuWkJG295VpYPXqtn1jSNCg991e/s3Ts7Xyym6T7/44ve/zMpilrX5s6pebN1Jf3F69+7l/njnN07StDhPt2bVdE3c0Y4v8va0zPHrk+uz2Z1fjAZpepnVaTFajX7RaLkYtXnTjpbrxWhRLEeL7N0or+uqbj77+ONRVl80n3V6G9OHDLs5FGDnVZ1uFZ/tHKbF4y28MS7z5UU73967Qx998tk9oIdOPsOX3ys+2fv+IWFQfjaA5JY0+/4dhS8johcAZ7n4jH4bY0oO+XN8wR/R/9f5nd+VpoTamTflXXQ+pmnI3315vvVx0ZwusqL8mNpu7wLmit+33/+eH7ueDYTV4930Z36GWn6G/swAd+/cSYVYn3z28Xb68SfLxScfpwuabWYQYrw0W6b5NrpLM9IAedOMf9/lxx74X5IS4+cWy9/1s49ffczjXC/Sz9IVTMyzsspaHn8PraJ5kb3gr25GBCAned3pP0qg5atseZETHr/rZ6khUdjkUYdGaUrMI22a9YS4vVhebB2MVsQBxFHdL1af7HZfBxaE4GMCA0LTS4/pz1uPKp3k7VWeL6kRQaBWZHLwe/buk4+DEf8S/i+g+RiW/Ljd2rmTfvZZyvSXXtNP6E/TL4Ckv0TA/BJ+VxrdSbMyr9utj1+WOZQAMTGhw8xoaWQZnUSpztt1vfxJfE8TrEC4Y27+S9DH3bvb26wprLYCHPpgVlymxeyzjybZcpnX0Aw/Zj8rLvC3jPJxpsrIKR+euvFqvvo9Sprczy6LvCUhIpVYLC5EZ7q252V20dy9XI4vivOP0qti1s4/+2jvPlnIvLiYk9bbJYdnQhozrz/7aAdq7fHdDAjf2C3JTVk0803d5u/dbQr62B/v+9/ju0TBI4+47LQ4CitF16X9XZ8fI7cinZZZ04jO3l6vVnk9JSag4W2ixKKafVYs27r6yLxO/gl5mew1kv7CtP7Y58V//Pf+uUXazunnH7k2feqAw+eDEBGHr92EyvPiH/1rlumc8PjZQ+MX5c0mFL79H/+9f2KRbqf/2J/0j/7Fq589LOZ5udqExpv6P/57/9L0ovhH/57NSNCnZeF4564yj2E1/tBnt23VZ47jfowYjr9eZpfFRQaz/wU1FDR+7PGU1UykY4sA9b9puG5gZrhLsu1Z6TpBWHZBUc5//Pf+lQFgGm8wulv3TdHaLL+7qqvZetq+Dyav/+O/5y9dpqv5f/z3/NWLbxKVyfq9CHIy/0f/oorMT/ZN4tDkZfn+SEz+0b94+U1iMVk3xHwU8LwHJk+rbDlPlxesoFZBVx+ITZPXl8U0fy9k/uO/94+dztPL//jv/cu/SUyyNTvcHS2hn96M1T/2J/3Hf89fvoa++IvfF6u7VsJJ2kP9kbIrYFWJHy47/L9mtkEilB+FIz8KR34UjvwoHNkQjrhQ5OL33/voCBqJBG+RZqwSfE3U5Fk9nfvKnJIqc1KjH11AAUlyBe/ufsQA9ddqSRO0KMjr76qXjylds/vxiPQBiHMoIxgaFKsrg2uTbxdL8bC8z4CefPhj9HmxXK1bxYqUvdGQ82I2y5eCIX/MJLWvs96UKVUITnnatmawwJ/yVMUP6Pd9L7zZ2xP4/L0B+GOPyUXIpwYl+s612nPxif88rjhLZbpVj+ujI9+PenxXGg3YoA4IeCkfHTnf4/3eJj/LvEze04Z3H8MdorE6WnbHfs+O/Z439k5/GSGbyps5z7D8RgQQaNNqTdHX9fsNYvejo5+Ep9OmLzJHPW07ZMg7MGi+XhD1//r2Fu8HtPADB8e6k3XbVsttjmx8pisW2UWuiVDf9SdNcJ5N4V+BZ8c/vbqwXGZ7cD8hh9L5fPeIhHsJwpUVhd4//oyenZ2Pjl5Wq3VJtvs1A8ybR3hr2UZaP3tGOuKLf/QvvlaH8Q9ejtIF/nz3j/4901H6Lk+X/+hfsrzQD9/+o391NUrH43FqAN4lHBxygQIqlueV8IL3YZmfs6diKRtG97Qk4YuOjacez/eOnsKtXZAjOU2bQGDoO88tczPlpWAIFU7Kd+QyaJ0il2A8RpMyT80v25ekvQtKHcdF23veL8pix3XVTHd/YbGafrZrXdZZUZuZWc3/0b+4Tf+xPxlcvoyHtcMoRfIjt3y+3jj2ZBy/MFusDguMi8YUG0f6vPqP/56/uEhLyqYsb+F4b36sJx77iuH+2I91Pv5ao5NZuteZpTckOX/PP9imEwp2/r8xP/e8+blPI3hCAlUhk/Rnp2VW0RzRb8uLD54WPN8Ump92CJ1O/9G/jfIgbf2P/nXL+f+rMH3QxZR4/I+ffjCK3wSP32ZAwuN7MU20+Ef/1ulAYu2b5vAf7mj3O6P99j/6t2ZIsf09f3n7wxkunq83AOG/fY//4PafsHDYJNB2+nv/o3/JdTr7j//ev/n/BWLtI0vuYvr7pC0JCyH59J/4myiP++GiguebQnCfEKQs1l+OnCuyWEi8/tUZq8hvgpY/XD6/3+Hzn4TTm5aylPEuZJGffab/4Y79097Yad2E0qtztSRGWP7/OPYHnbH/o39a2v6jfxvUQs6e/f8fx3zQGfPvRe7n9P+1A42/EfsEeWcv6tTHRkqR9dszG2G+na+XlBfiENOt3pJWoDzOxVLDM7PCu/twx8WhphsXaNmkt8XyN0ZYZ4MuXrNzr/+YhyNFbLRw+GemsmyHf//mafpmfU1WYDkczzkkfuhjdR8p5Ten4rtImaT/Tzd3m6vzavLTlD8Y/3RD6QE/dSfxqvIspYGbaCjs43hLzvyxGKHWK8oXz5q72Ywj24bz6nf3hVweVSzp7LIKkqHpHIpzr0ezW2IUPu+B3+7e/qd7+/t7Ow9//6aaFlm5vaSMblW/pXzxLVB/TnOerooppSHzr417hy+6GRqXdlhQbrLMzSy6zxtKmsrHnDC5aVXnN06wDkNY//4ytvv37h/SOg7FbLTYOP9H/9Jrdkb+WJqPkkNqjt7SmkO4tJ3niOf+0b+Hfn/7j/71tBbXzuFl/bnT9O28SIXKBIWCKNeP0m33/g46Sgd7mnLKaJ1OKWZ8744kS/b7r6rms/uH8lHTVqvfvy0op3hvZ2fHfDivrn5/kOWzXf2kfddqDuv8/Pwj/XBy0f8MCbfPlvlVelzX2fXWHf0YC3ORj7mP8OPfOAGI7+1+n3LwH8U5kidTxIZeAGhtPm/b1aO7d5tqebGaZ+29T3fG02qBRuhIG/Hb6e5Hrq+9m/raDfqS5haq/NkW+Zqn6g9O+x3cu6mDvaCDe2EH9+Id7Hkd7N/Uwb2gg/2wg/14B/ekA2WJq3PDo447Ptv9PRzvfrLzyP2h80sfkGL9aMTzL7/hRfxGLSitusU8Q2xGK5QYia7fYXXyEyyJ/hhDwD+fbH30Mx99wqOVBcgfE5j8r3zJY9MvpRv+V77kkcqXtI5jwXprX7zy5QHtfuWB7H5lV1yu6qLNtz5+LAYnFdMCBTQt6cej2d6D6Wzyab6d5Z/Otnd3p+fbDz+dHGzv7+/fJx2zTyJIOnRazfIJrVh9Zhj6nPOhmNzxIpvW1SKfFRlY++5qPblL8zF9e5Vd5nen2aS5e05dzmH08HNMHxEzNFiI+nS0g/+svv74E6fh0k8+drqbvnDTjW+OPo4OktZAs4VdH7oscru842zKBa1A5PX1mADeBswvWpOr0F5bQHNCgWy23+SKXE7XU7XKfhGWtm4G/Qz0+ElatrXvMhN8/Alz18e/UGb+40+EoT7+hTLdH38iPPTxL3TWgF+R3/VzpZx8oeLw8S90gvLxJ/Z3QDbKlIDrr/Sp0aYff6K/4TOnsOlj+wdgW71NsM3vw1OV01LsrGvv/blJLXn+/0mXVDlLWer9ZYB82LK6es0uwvF0msNjbIixnlYLWu42a6PZalXSkgUWtO6+27aSuc3C+FG6KtcXxbJZ0aKUFe6rq6uuVF9Ud2lBmN9Zldl1XmNRNT6xd0XTyLfWtw1iFvocc9cL6YyLfPL69d2mvS7z8bQh4ajzkkaGv5t5jmVpz0tCA/hwtwTIC0C3g5q+L1gsXC1n7wP8a8cPsIa/P63c/v5Y++0GEd8Q2N9fQuou8Ncnr85evhl2VGdFAw758vw8r58XTbslbCCvHYn59p3j35/X5UyngBD4zvL1dJ5Vk2y5qCjgyFp/sRuLgX9ukS41Teti4jgQWuLuAKFPojBcCFu1zQBavHbeiRdp+ZDXOGno+J4M8u9f5uQD2UQEwfv9K1Dn90ebjSuJjzlN0PvUixBnWUumZufe9s7D7b2d3Z1YVoDf2RBc6Yr770/SfUGTucqW49XSC6L2Vu+82Jn/CsPnSVXPcnK6ET3/wuWkWR1G0jWkeVZ3J2vKtZGi6qRrZnmbFaXkWxcTu3BIKSv97bPdHRu+UbaKMsV/aZF+e329nM8y+uXp3gN8n9Wkoz776PeflNny7UdHAw1ttjYW62mU1iPfz/eJ2DMT8dDOw8l//Pf8lUuVQawLTb2lOLOwe/L884PdT/tTc4t3x+Pxz+pM7X1jM0VuZksO3c/aXC3gKtWbZ8rMj1uERKpbZypYh5xEV3nTn3zRn6VbvPejWfrAWbpvZ+k1EXiZrsgI/dULSqpYA7fbn5jBpj+ai68xF0bLYQFY56LxCbzIrlMkb4jnsTa0TPf7M3LDC/+vmpf/z83LPTsvPcre609Fv82PqP8h1N8bpv7eLai/9yPqfwj1d+P2oUfmm6xE/4XbzksnvpE1yt7y440LGI9/1+1tScEiAEKsZ0MjyvWenoyJ5oT++HWxWJU5ZTUqimxn+bSqM6QVevHUx6P0FwPEt3l2Hu3tjGjlIKvbpzlFn4/S3V+CuHN7Gz276NVbf7FBnAk7g1H6UVyA69cJ496Dn3/Y8cPXZOb3DR9cHOf4WWIAhN8UqE3JsfwLKQCAU0m+zF+TthwRPFjcg6dJK8Lpw0VE198CRuChRtb3fg6m5raq5mtOzvtpGuuJHkRmpvUjgPI//nv/+Ckt3v1FCBegRNr0RQb/E2mTtMQ6319KX9E64KaJugHkNzZdP3zL8EOZrn0zXQ+i07X+j//eP3nKMvDXps0/+pfQqux//Pf+lZk3XZunZuPrm6cmbhg6f/0wjETw1g1WYi9qJVyaeigB/HpVXx83Td42/OubbEKLGS+zZV4275H/JbL0zdGqrmbrKVKOQjOfzLa13+GuNUn+pzGLFmlGv39eV+tV337RwAde6HgW/8TflJEOWHM6gHnja0MK07A9SMphwUee3PuwT6plS2sSQ0Pb/Fb/hR/z34B8b9Ms3WDyvedxm03K3LzPfwy//Litbw3YPY/b2dE3o2ACe9BRFZtUpuHbu3t3D+7uPtx98PD+/sPff49X+XXV+bOP3s7XpETv3jjAm80FKaOhl6Gk6B+iyPvTcej5WaBvJC16S/p+eneSVfPq65H2dkm9obf/P0Lb+1+btvfv3v96dB3MyQ298P9uUgZJsa9Hyv27+1+PlJuTaf+f5c4gn/X1SHrv7r2vR9J+Umyo5f9HaBhJPd2ShvTfN0TDvaGWt6EhfV0fwdgPNRh6fhaIGUke3ZKYu3d3vx4xNyenfqgyzjMRB0ZfwVsb/DYWWfa8zWir9/ZB44D6n9lPXBTTDzJM/ka6Gf5+96Ojp1VGa7LLizlmZkUx53/89/7Bi3T5j/2h8Palhx/7MY5lUjP2PjzN3vmd3qLh7088aIMbYayNfFlWF5XjyLtHneDTo3hvoL8/x9IfDQpWJOHFGa5IOF1hJZuWtMl5zWaLYgmGDSZofv/ohLNbb64ROF3/o3/NMn235iQKYp+/fpW+hVisNS+C/NdfuaYF2sd36U07Gm9sfSb4f8E87Bnr/8OYh4g1mOo8tHU2y9/m17Fp+LyoCo4w/t4/ck0s/h//PX/j8j2ILE8nXWBaqdTpOGtkHz6SzwVEEFKS2v79iWjF0hf7H3s8JUWQd1TTjwHz3aPv5uW0WuRpW6WXyzcY4r1Pd8b0EeG/28Gyv7oy34sROLQadX5BPJDX8ak+A2bn2TS/S+1+f5U4l/PiSUeqiHqKKDIiMcUhxN3z9LIA+4djSINJ8N67CWel4T/2J0E7qTDJvMcV+NDjT8JdnYXgY366MwhGtllAeSuixiUZ+AUb6vQnz16mP5PqH8I7rqXjJqJHuyiPkEmJJKPKYlJn9JPySpS4ZPPRlAXNhKSiupmnXmoKxnpzZq47+6bHn+52+NOkVLxEmjU+SqWO2SFOPeEkIylBNvszsTXzf/QvWSofo51bs5FeXMJL/r6qs9UKtBai/Vh0rn00FGf6pDs/P7ZJrVndk5XVMheWD3K+mhs+IP5n+mLFtCaOfLSzepfe0//T74cqKY926e8aGc30x0/4OZTZ6Ess+OBG9rdKdE6SW9XX4t5NlvibTBUl2/7evzldXqglJzL/RenbggguZP/265c/sfNAxDaq6piEwcC222r1iAZ1SLR/QamDIp2tIXisSTV3PDjDjt/jPZnJojwulJCHU2/x8YOnPfbaB9J776OjvU/TN//x3/t3kmv7j/496e91lb9Nn+dEnif0z6P095qzDzD9R//W9KLgxCepK8oXTOcVmSTWjVO0+NoT8kV2/Rsne5/+xsmH4/AbJ0+uU+uzvKkxmX/wEiocHxFb/clp8fmXv3EiDAYY15T8+KuXZHxhhR2Tjci1QfppTeBNyvfv5vWGP78QFN9ycooyUn/pKr1klOAM/aXicEp88AeLZ0QgKYU1naPZX55eEjMTsD+7JTDo8/9FzHUrnfJFMZ3nZb79qlhW219k1KhqW03x/X9Hydz76OjN5//Yn5RiFKkdhb9auJ3+Xk7lUPrxb6a5asA2/9ifTN8uaNUWM9lQ5oy8N2Kk6mvz/zeNCAnSt//jv/evSl/8Y3/IF6N0Zz998+1/9A9+8TllAbDKmO7uPto/SMEsJyRO/9ifzMuh00CMSDH+o3/RNTHv30YBFIW8JXUwq0g8eIGbJOLv/aunI0FiyhpSXmah+Uf/mgWh8ff+yUtBi9tA7ljVXqiupQXvgoJpE5ml3xT320+tJV5lRG1ac9vummT9oqiWDvBmB5IDCrNQYFdU71u2pym1XL+3h/VUH7fA+b5pefE3Ts7zrF3X+Sx0W4pl0W794t84KWaPUutkjNK7d4tZWp0TRYtlKh+nT89+8jdOzNvVup7mj9LvfVQsyTPL6ZWPPvo+3vtJwn2WXmblOm+636dVTZ9kP529w9+rrJ3//m31+58XFPZ8/zdO2mpKOPx4sZzW+QKJgD648Ftw/lta5RoR0DKb5CUwl9/26Le8nRLUJdFiVeeXwOUl/SyqdYNmL+hzwZhfaNJzQu4jtCTyL2fpR3jxoxRuZzNOX+ctAo6PPsK/cyLH+DdO8iUSJOfkvBPstl7nJBrjPQbJf949z8qGPkSLWX5R5zmhk61Jc1Qt8Y996d7Ozk7/rVW2pkXWYoGXquXJnFibXjlfL6fgsC0gytppROF2zb/d+cUEI78k2qTUelbSlJ0XNOHp1Txf0ud1qkwyZWCNzOtvnNy9a4HR2nNJ683yO00/MXYrzShaya8I1mQf/dXoZGv3s13z9SjdW84+o/+D6ncA02DVBalvl9cpRbVXylwbYf0S+t8diTCtey2iaURyWq3DvJENIOFov5lDeVykv9c/+tewa+3HNfaFvpmz0GF8JMKJBGY/9ri3Muu+onXcmAIorAJYkDd9/fsXJFTji+LcyjpUgKcO7h5J5HTCSyu0NBhda3bPz06/WNLhjju9/fDw8BOnH0wCY8zHq6XzM1jhkpYNM38f3BdJct3vR833D7ZZNh49JDVAnks2fXtBa/fL2aMff8bPYYqM1Da33i4WGakBst55XbSwB34uYROej+9G+XQotWOZn9M3X5v7792CdAfvz1Q7twC794FtNhJMfve+9RtGvd4PMfoRuruPXKIk/OllNvPl+vefVFZBDkwaJsy4MmyyNzrEZAiRrvzsIy/92OTlOXnBdQavjJTuX9lNPALbgODWEb9V55zPNEswt0ElVBg/C7hM1rciiae4fxaQoD7K22MhavxnAY1+fnoYla5+/VlAh1TuZUHidhtsXDD9s4JKtmafrRNN6qfDaP1jfxItjKwpPfGP/sXfMFohImSn6moYjc8lPaJrBT+rmCC4yKbtMC7POWVOquWP/FnF4xflzTAOFAn/iQXF0P/Yn/SP/sXfNOuGaFBWZKOepSgb3PH33AoLtmd+k/d9/IDTBcN1cUmxDEzLj8HX/kf+akoJ7NyHrptky/Eyb8e/cUIc9Pf85Vjm/kf/6hWFA5RRwHI3Zawk7/AnP0p3H3569/OX209OkBR4Qt+kP/ntN28otP97/vIVAby7u3MXYMePJzUncK6ursauC87itfU/+hdPkV8Fmy407fqHLpHA+EvBvZyFaIvl2Kb+iI3+2DXyH7T6+PY//nt7IJZQl5R4+GsJ/l88xbv46Hqc/t454BdYEEbGLgVxOWXfyxVMq9Xq2q6AMYVOKv0kfVG1pKBSJtnuTjq5Tn9yuc2LQd5qlkfzm0L8x7/r9vZvnFxmdeqvqu+mn6XL/Cp9vaqvx99FMqwd+99vBWvwux/dOUT0tr3Nfdt46/HdSTW75l94PeY3Tv4fYKTnUEt3AAA=" />
      </ByteArrayCache>
      <TestRunConfiguration name="Local Test Run" id="fbd97c4f-250d-4688-9be5-4499f8f948ec">
        <Description>This is a default test run configuration for a local test run.</Description>
        <Deployment runDeploymentRoot="C:\Documents and Settings\ASUS X82Q SERIES\My Documents\Visual Studio 2008\Projects\TestProject\TestResults\ASUS X82Q SERIES_ASUS 2010-11-23 21_08_28" />
        <TestTypeSpecific>
          <WebTestRunConfiguration testTypeId="4e7599fa-5ecb-43e9-a887-cd63cf72d207" />
        </TestTypeSpecific>
      </TestRunConfiguration>
      <WebTestResultDetails>
        <WebTestResultIterations>
          <WebTestResultIteration iterationNumber="1">
            <WebTestResultGroup>
              <WebTestResultPage>
                <WebRequestResult exceptionMessage="" run="0" submitted="true" cached="false" isRedirectFollow="false" requestBodyBytesHandle="-2" responseBytesHandle="0">
                  <Request url="http://localhost/industry/index.php" command="GET /industry/index.php HTTP/1.1" encoding="utf-8">
                    <Headers>User-Agent : Mozilla/4.0 (compatible; MSIE 7.0; Windows NT 5.1)
Accept : */*
Accept-Language : en-us
Accept-Encoding : GZIP
Host : localhost
Connection : Keep-Alive
</Headers>
                  </Request>
                  <Response url="http://localhost/industry/index.php" contentType="text/html; charset=utf-8" statusLine="HTTP/1.1 200 OK" pageTime="0.80199999999999994" time="0.474" statusCodeString="200 OK" contentLength="30539">
                    <Headers>Pragma : no-cache
Cache-Control : no-store, no-cache, must-revalidate, post-check=0, pre-check=0
Date : Tue, 23 Nov 2010 14:08:29 GMT
Expires : Thu, 19 Nov 1981 08:52:00 GMT
Set-Cookie : PHPSESSID=5a0b064b9e2796918842c00f72e52f69; path=/,mylang=vietnam; expires=Tue, 30-Nov-2010 14:08:29 GMT; path=/
Server : Apache/2.2.4 (Win32) PHP/5.2.1
X-Powered-By : PHP/5.2.1
Keep-Alive : timeout=5, max=100
Connection : Keep-Alive
Transfer-Encoding : chunked
Content-Type : text/html; charset:utf-8
</Headers>
                  </Response>
                  <Context>
                    <Entry name="$TotalAgents" value="1" />
                    <Entry name="$ControllerName" value="ASUS" />
                    <Entry name="$AgentName" value="ASUS" />
                    <Entry name="$TestLogsDir" value="C:\Documents and Settings\ASUS X82Q SERIES\My Documents\Visual Studio 2008\Projects\TestProject\TestResults\ASUS X82Q SERIES_ASUS 2010-11-23 21_08_28\In\ASUS" />
                    <Entry name="$TestDeploymentDir" value="C:\Documents and Settings\ASUS X82Q SERIES\My Documents\Visual Studio 2008\Projects\TestProject\TestResults\ASUS X82Q SERIES_ASUS 2010-11-23 21_08_28\Out" />
                    <Entry name="$AgentId" value="1" />
                    <Entry name="$AgentLoadDistributor" value="Microsoft.VisualStudio.TestTools.Execution.AgentLoadDistributor" />
                    <Entry name="$TestDir" value="C:\Documents and Settings\ASUS X82Q SERIES\My Documents\Visual Studio 2008\Projects\TestProject\TestResults\ASUS X82Q SERIES_ASUS 2010-11-23 21_08_28" />
                    <Entry name="$AgentWeighting" value="100" />
                    <Entry name="$WebTestIteration" value="1" />
                    <Entry name="$WebTestUserId" value="1" />
                  </Context>
                  <DependantResults>
                    <WebRequestResult exceptionMessage="" run="0" submitted="true" cached="false" isRedirectFollow="false" requestBodyBytesHandle="-2" responseBytesHandle="1">
                      <Request url="http://localhost/industry/library/CSS/style.css" command="GET /industry/library/CSS/style.css HTTP/1.1" encoding="utf-8">
                        <Headers>Referer : http://localhost/industry/index.php
User-Agent : Mozilla/4.0 (compatible; MSIE 7.0; Windows NT 5.1)
Accept : */*
Accept-Language : en-us
Accept-Encoding : GZIP
Host : localhost
Cookie : PHPSESSID=5a0b064b9e2796918842c00f72e52f69; mylang=vietnam
</Headers>
                      </Request>
                      <Response url="http://localhost/industry/library/CSS/style.css" contentType="text/css" statusLine="HTTP/1.1 200 OK" pageTime="NaN" time="0.008" statusCodeString="200 OK" contentLength="9991">
                        <Headers>Accept-Ranges : bytes
Content-Length : 9991
Content-Type : text/css
Date : Tue, 23 Nov 2010 14:08:29 GMT
ETag : "64155240-2707-e0400a80"
Last-Modified : Fri, 24 Sep 2010 18:52:10 GMT
Server : Apache/2.2.4 (Win32) PHP/5.2.1
</Headers>
                      </Response>
                      <Context>
                        <Entry name="$TotalAgents" value="1" />
                        <Entry name="$ControllerName" value="ASUS" />
                        <Entry name="$AgentName" value="ASUS" />
                        <Entry name="$TestLogsDir" value="C:\Documents and Settings\ASUS X82Q SERIES\My Documents\Visual Studio 2008\Projects\TestProject\TestResults\ASUS X82Q SERIES_ASUS 2010-11-23 21_08_28\In\ASUS" />
                        <Entry name="$TestDeploymentDir" value="C:\Documents and Settings\ASUS X82Q SERIES\My Documents\Visual Studio 2008\Projects\TestProject\TestResults\ASUS X82Q SERIES_ASUS 2010-11-23 21_08_28\Out" />
                        <Entry name="$AgentId" value="1" />
                        <Entry name="$AgentLoadDistributor" value="Microsoft.VisualStudio.TestTools.Execution.AgentLoadDistributor" />
                        <Entry name="$TestDir" value="C:\Documents and Settings\ASUS X82Q SERIES\My Documents\Visual Studio 2008\Projects\TestProject\TestResults\ASUS X82Q SERIES_ASUS 2010-11-23 21_08_28" />
                        <Entry name="$AgentWeighting" value="100" />
                        <Entry name="$WebTestIteration" value="1" />
                        <Entry name="$WebTestUserId" value="1" />
                      </Context>
                    </WebRequestResult>
                    <WebRequestResult exceptionMessage="" run="0" submitted="true" cached="false" isRedirectFollow="false" requestBodyBytesHandle="-2" responseBytesHandle="2">
                      <Request url="http://localhost/industry/library/CSS/style_menu.css" command="GET /industry/library/CSS/style_menu.css HTTP/1.1" encoding="utf-8">
                        <Headers>Referer : http://localhost/industry/index.php
User-Agent : Mozilla/4.0 (compatible; MSIE 7.0; Windows NT 5.1)
Accept : */*
Accept-Language : en-us
Accept-Encoding : GZIP
Host : localhost
Cookie : PHPSESSID=5a0b064b9e2796918842c00f72e52f69; mylang=vietnam
</Headers>
                      </Request>
                      <Response url="http://localhost/industry/library/CSS/style_menu.css" contentType="text/css" statusLine="HTTP/1.1 200 OK" pageTime="NaN" time="0.01" statusCodeString="200 OK" contentLength="1103">
                        <Headers>Accept-Ranges : bytes
Content-Length : 1103
Content-Type : text/css
Date : Tue, 23 Nov 2010 14:08:29 GMT
ETag : "641553c0-44f-9c443c00"
Last-Modified : Fri, 27 Aug 2010 12:54:08 GMT
Server : Apache/2.2.4 (Win32) PHP/5.2.1
</Headers>
                      </Response>
                      <Context>
                        <Entry name="$TotalAgents" value="1" />
                        <Entry name="$ControllerName" value="ASUS" />
                        <Entry name="$AgentName" value="ASUS" />
                        <Entry name="$TestLogsDir" value="C:\Documents and Settings\ASUS X82Q SERIES\My Documents\Visual Studio 2008\Projects\TestProject\TestResults\ASUS X82Q SERIES_ASUS 2010-11-23 21_08_28\In\ASUS" />
                        <Entry name="$TestDeploymentDir" value="C:\Documents and Settings\ASUS X82Q SERIES\My Documents\Visual Studio 2008\Projects\TestProject\TestResults\ASUS X82Q SERIES_ASUS 2010-11-23 21_08_28\Out" />
                        <Entry name="$AgentId" value="1" />
                        <Entry name="$AgentLoadDistributor" value="Microsoft.VisualStudio.TestTools.Execution.AgentLoadDistributor" />
                        <Entry name="$TestDir" value="C:\Documents and Settings\ASUS X82Q SERIES\My Documents\Visual Studio 2008\Projects\TestProject\TestResults\ASUS X82Q SERIES_ASUS 2010-11-23 21_08_28" />
                        <Entry name="$AgentWeighting" value="100" />
                        <Entry name="$WebTestIteration" value="1" />
                        <Entry name="$WebTestUserId" value="1" />
                      </Context>
                    </WebRequestResult>
                    <WebRequestResult exceptionMessage="" run="0" submitted="true" cached="false" isRedirectFollow="false" requestBodyBytesHandle="-2" responseBytesHandle="3">
                      <Request url="http://localhost/industry/library/CSS/style_menu_stand.css" command="GET /industry/library/CSS/style_menu_stand.css HTTP/1.1" encoding="utf-8">
                        <Headers>Referer : http://localhost/industry/index.php
User-Agent : Mozilla/4.0 (compatible; MSIE 7.0; Windows NT 5.1)
Accept : */*
Accept-Language : en-us
Accept-Encoding : GZIP
Host : localhost
Cookie : PHPSESSID=5a0b064b9e2796918842c00f72e52f69; mylang=vietnam
</Headers>
                      </Request>
                      <Response url="http://localhost/industry/library/CSS/style_menu_stand.css" contentType="text/css" statusLine="HTTP/1.1 200 OK" pageTime="NaN" time="0.007" statusCodeString="200 OK" contentLength="3617">
                        <Headers>Accept-Ranges : bytes
Content-Length : 3617
Content-Type : text/css
Date : Tue, 23 Nov 2010 14:08:29 GMT
ETag : "64155480-e21-2d19c900"
Last-Modified : Wed, 08 Sep 2010 14:17:40 GMT
Server : Apache/2.2.4 (Win32) PHP/5.2.1
</Headers>
                      </Response>
                      <Context>
                        <Entry name="$TotalAgents" value="1" />
                        <Entry name="$ControllerName" value="ASUS" />
                        <Entry name="$AgentName" value="ASUS" />
                        <Entry name="$TestLogsDir" value="C:\Documents and Settings\ASUS X82Q SERIES\My Documents\Visual Studio 2008\Projects\TestProject\TestResults\ASUS X82Q SERIES_ASUS 2010-11-23 21_08_28\In\ASUS" />
                        <Entry name="$TestDeploymentDir" value="C:\Documents and Settings\ASUS X82Q SERIES\My Documents\Visual Studio 2008\Projects\TestProject\TestResults\ASUS X82Q SERIES_ASUS 2010-11-23 21_08_28\Out" />
                        <Entry name="$AgentId" value="1" />
                        <Entry name="$AgentLoadDistributor" value="Microsoft.VisualStudio.TestTools.Execution.AgentLoadDistributor" />
                        <Entry name="$TestDir" value="C:\Documents and Settings\ASUS X82Q SERIES\My Documents\Visual Studio 2008\Projects\TestProject\TestResults\ASUS X82Q SERIES_ASUS 2010-11-23 21_08_28" />
                        <Entry name="$AgentWeighting" value="100" />
                        <Entry name="$WebTestIteration" value="1" />
                        <Entry name="$WebTestUserId" value="1" />
                      </Context>
                    </WebRequestResult>
                    <WebRequestResult exceptionMessage="" run="0" submitted="true" cached="false" isRedirectFollow="false" requestBodyBytesHandle="-2" responseBytesHandle="4">
                      <Request url="http://localhost/industry/library/CSS/style_contac.css" command="GET /industry/library/CSS/style_contac.css HTTP/1.1" encoding="utf-8">
                        <Headers>Referer : http://localhost/industry/index.php
User-Agent : Mozilla/4.0 (compatible; MSIE 7.0; Windows NT 5.1)
Accept : */*
Accept-Language : en-us
Accept-Encoding : GZIP
Host : localhost
Cookie : PHPSESSID=5a0b064b9e2796918842c00f72e52f69; mylang=vietnam
</Headers>
                      </Request>
                      <Response url="http://localhost/industry/library/CSS/style_contac.css" contentType="text/css" statusLine="HTTP/1.1 200 OK" pageTime="NaN" time="0.008" statusCodeString="200 OK" contentLength="2894">
                        <Headers>Accept-Ranges : bytes
Content-Length : 2894
Content-Type : text/css
Date : Tue, 23 Nov 2010 14:08:29 GMT
ETag : "64155300-b4e-b11efc00"
Last-Modified : Sun, 19 Sep 2010 03:50:08 GMT
Server : Apache/2.2.4 (Win32) PHP/5.2.1
</Headers>
                      </Response>
                      <Context>
                        <Entry name="$TotalAgents" value="1" />
                        <Entry name="$ControllerName" value="ASUS" />
                        <Entry name="$AgentName" value="ASUS" />
                        <Entry name="$TestLogsDir" value="C:\Documents and Settings\ASUS X82Q SERIES\My Documents\Visual Studio 2008\Projects\TestProject\TestResults\ASUS X82Q SERIES_ASUS 2010-11-23 21_08_28\In\ASUS" />
                        <Entry name="$TestDeploymentDir" value="C:\Documents and Settings\ASUS X82Q SERIES\My Documents\Visual Studio 2008\Projects\TestProject\TestResults\ASUS X82Q SERIES_ASUS 2010-11-23 21_08_28\Out" />
                        <Entry name="$AgentId" value="1" />
                        <Entry name="$AgentLoadDistributor" value="Microsoft.VisualStudio.TestTools.Execution.AgentLoadDistributor" />
                        <Entry name="$TestDir" value="C:\Documents and Settings\ASUS X82Q SERIES\My Documents\Visual Studio 2008\Projects\TestProject\TestResults\ASUS X82Q SERIES_ASUS 2010-11-23 21_08_28" />
                        <Entry name="$AgentWeighting" value="100" />
                        <Entry name="$WebTestIteration" value="1" />
                        <Entry name="$WebTestUserId" value="1" />
                      </Context>
                    </WebRequestResult>
                    <WebRequestResult exceptionMessage="" run="0" submitted="true" cached="false" isRedirectFollow="false" requestBodyBytesHandle="-2" responseBytesHandle="5">
                      <Request url="http://localhost/industry/library/css/dddropdownpanel.css" command="GET /industry/library/css/dddropdownpanel.css HTTP/1.1" encoding="utf-8">
                        <Headers>Referer : http://localhost/industry/index.php
User-Agent : Mozilla/4.0 (compatible; MSIE 7.0; Windows NT 5.1)
Accept : */*
Accept-Language : en-us
Accept-Encoding : GZIP
Host : localhost
Cookie : PHPSESSID=5a0b064b9e2796918842c00f72e52f69; mylang=vietnam
</Headers>
                      </Request>
                      <Response url="http://localhost/industry/library/css/dddropdownpanel.css" contentType="text/css" statusLine="HTTP/1.1 200 OK" pageTime="NaN" time="0.008" statusCodeString="200 OK" contentLength="1348">
                        <Headers>Accept-Ranges : bytes
Content-Length : 1348
Content-Type : text/css
Date : Tue, 23 Nov 2010 14:08:29 GMT
ETag : "64155140-544-6b422680"
Last-Modified : Tue, 31 Aug 2010 18:04:58 GMT
Server : Apache/2.2.4 (Win32) PHP/5.2.1
</Headers>
                      </Response>
                      <Context>
                        <Entry name="$TotalAgents" value="1" />
                        <Entry name="$ControllerName" value="ASUS" />
                        <Entry name="$AgentName" value="ASUS" />
                        <Entry name="$TestLogsDir" value="C:\Documents and Settings\ASUS X82Q SERIES\My Documents\Visual Studio 2008\Projects\TestProject\TestResults\ASUS X82Q SERIES_ASUS 2010-11-23 21_08_28\In\ASUS" />
                        <Entry name="$TestDeploymentDir" value="C:\Documents and Settings\ASUS X82Q SERIES\My Documents\Visual Studio 2008\Projects\TestProject\TestResults\ASUS X82Q SERIES_ASUS 2010-11-23 21_08_28\Out" />
                        <Entry name="$AgentId" value="1" />
                        <Entry name="$AgentLoadDistributor" value="Microsoft.VisualStudio.TestTools.Execution.AgentLoadDistributor" />
                        <Entry name="$TestDir" value="C:\Documents and Settings\ASUS X82Q SERIES\My Documents\Visual Studio 2008\Projects\TestProject\TestResults\ASUS X82Q SERIES_ASUS 2010-11-23 21_08_28" />
                        <Entry name="$AgentWeighting" value="100" />
                        <Entry name="$WebTestIteration" value="1" />
                        <Entry name="$WebTestUserId" value="1" />
                      </Context>
                    </WebRequestResult>
                    <WebRequestResult exceptionMessage="" run="0" submitted="true" cached="false" isRedirectFollow="false" requestBodyBytesHandle="-2" responseBytesHandle="6">
                      <Request url="http://localhost/industry/SpryAssets/SpryTabbedPanels.css" command="GET /industry/SpryAssets/SpryTabbedPanels.css HTTP/1.1" encoding="utf-8">
                        <Headers>Referer : http://localhost/industry/index.php
User-Agent : Mozilla/4.0 (compatible; MSIE 7.0; Windows NT 5.1)
Accept : */*
Accept-Language : en-us
Accept-Encoding : GZIP
Host : localhost
Cookie : PHPSESSID=5a0b064b9e2796918842c00f72e52f69; mylang=vietnam
</Headers>
                      </Request>
                      <Response url="http://localhost/industry/SpryAssets/SpryTabbedPanels.css" contentType="text/css" statusLine="HTTP/1.1 200 OK" pageTime="NaN" time="0.009" statusCodeString="200 OK" contentLength="8136">
                        <Headers>Accept-Ranges : bytes
Content-Length : 8136
Content-Type : text/css
Date : Tue, 23 Nov 2010 14:08:29 GMT
ETag : "4e599080-1fc8-9b0fe900"
Last-Modified : Thu, 02 Sep 2010 07:17:24 GMT
Server : Apache/2.2.4 (Win32) PHP/5.2.1
</Headers>
                      </Response>
                      <Context>
                        <Entry name="$TotalAgents" value="1" />
                        <Entry name="$ControllerName" value="ASUS" />
                        <Entry name="$AgentName" value="ASUS" />
                        <Entry name="$TestLogsDir" value="C:\Documents and Settings\ASUS X82Q SERIES\My Documents\Visual Studio 2008\Projects\TestProject\TestResults\ASUS X82Q SERIES_ASUS 2010-11-23 21_08_28\In\ASUS" />
                        <Entry name="$TestDeploymentDir" value="C:\Documents and Settings\ASUS X82Q SERIES\My Documents\Visual Studio 2008\Projects\TestProject\TestResults\ASUS X82Q SERIES_ASUS 2010-11-23 21_08_28\Out" />
                        <Entry name="$AgentId" value="1" />
                        <Entry name="$AgentLoadDistributor" value="Microsoft.VisualStudio.TestTools.Execution.AgentLoadDistributor" />
                        <Entry name="$TestDir" value="C:\Documents and Settings\ASUS X82Q SERIES\My Documents\Visual Studio 2008\Projects\TestProject\TestResults\ASUS X82Q SERIES_ASUS 2010-11-23 21_08_28" />
                        <Entry name="$AgentWeighting" value="100" />
                        <Entry name="$WebTestIteration" value="1" />
                        <Entry name="$WebTestUserId" value="1" />
                      </Context>
                    </WebRequestResult>
                    <WebRequestResult exceptionMessage="" run="0" submitted="true" cached="false" isRedirectFollow="false" requestBodyBytesHandle="-2" responseBytesHandle="7">
                      <Request url="http://localhost/industry/library/js/dddropdownpanel.js" command="GET /industry/library/js/dddropdownpanel.js HTTP/1.1" encoding="utf-8">
                        <Headers>Referer : http://localhost/industry/index.php
User-Agent : Mozilla/4.0 (compatible; MSIE 7.0; Windows NT 5.1)
Accept : */*
Accept-Language : en-us
Accept-Encoding : GZIP
Host : localhost
Cookie : PHPSESSID=5a0b064b9e2796918842c00f72e52f69; mylang=vietnam
</Headers>
                      </Request>
                      <Response url="http://localhost/industry/library/js/dddropdownpanel.js" contentType="application/x-javascript" statusLine="HTTP/1.1 200 OK" pageTime="NaN" time="0.031" statusCodeString="200 OK" contentLength="7251">
                        <Headers>X-Pad : avoid browser bug
Accept-Ranges : bytes
Content-Length : 7251
Content-Type : application/x-javascript
Date : Tue, 23 Nov 2010 14:08:29 GMT
ETag : "640c10e0-1c53-5a3f7180"
Last-Modified : Sat, 18 Sep 2010 09:32:06 GMT
Server : Apache/2.2.4 (Win32) PHP/5.2.1
</Headers>
                      </Response>
                      <Context>
                        <Entry name="$TotalAgents" value="1" />
                        <Entry name="$ControllerName" value="ASUS" />
                        <Entry name="$AgentName" value="ASUS" />
                        <Entry name="$TestLogsDir" value="C:\Documents and Settings\ASUS X82Q SERIES\My Documents\Visual Studio 2008\Projects\TestProject\TestResults\ASUS X82Q SERIES_ASUS 2010-11-23 21_08_28\In\ASUS" />
                        <Entry name="$TestDeploymentDir" value="C:\Documents and Settings\ASUS X82Q SERIES\My Documents\Visual Studio 2008\Projects\TestProject\TestResults\ASUS X82Q SERIES_ASUS 2010-11-23 21_08_28\Out" />
                        <Entry name="$AgentId" value="1" />
                        <Entry name="$AgentLoadDistributor" value="Microsoft.VisualStudio.TestTools.Execution.AgentLoadDistributor" />
                        <Entry name="$TestDir" value="C:\Documents and Settings\ASUS X82Q SERIES\My Documents\Visual Studio 2008\Projects\TestProject\TestResults\ASUS X82Q SERIES_ASUS 2010-11-23 21_08_28" />
                        <Entry name="$AgentWeighting" value="100" />
                        <Entry name="$WebTestIteration" value="1" />
                        <Entry name="$WebTestUserId" value="1" />
                      </Context>
                    </WebRequestResult>
                    <WebRequestResult exceptionMessage="" run="0" submitted="true" cached="false" isRedirectFollow="false" requestBodyBytesHandle="-2" responseBytesHandle="8">
                      <Request url="http://localhost/industry/library/js/script.js" command="GET /industry/library/js/script.js HTTP/1.1" encoding="utf-8">
                        <Headers>Referer : http://localhost/industry/index.php
User-Agent : Mozilla/4.0 (compatible; MSIE 7.0; Windows NT 5.1)
Accept : */*
Accept-Language : en-us
Accept-Encoding : GZIP
Host : localhost
Cookie : PHPSESSID=5a0b064b9e2796918842c00f72e52f69; mylang=vietnam
</Headers>
                      </Request>
                      <Response url="http://localhost/industry/library/js/script.js" contentType="application/x-javascript" statusLine="HTTP/1.1 200 OK" pageTime="NaN" time="0.005" statusCodeString="200 OK" contentLength="403">
                        <Headers>Accept-Ranges : bytes
Content-Length : 403
Content-Type : application/x-javascript
Date : Tue, 23 Nov 2010 14:08:29 GMT
ETag : "640c1340-193-56ac8480"
Last-Modified : Tue, 27 Jul 2010 06:09:06 GMT
Server : Apache/2.2.4 (Win32) PHP/5.2.1
</Headers>
                      </Response>
                      <Context>
                        <Entry name="$TotalAgents" value="1" />
                        <Entry name="$ControllerName" value="ASUS" />
                        <Entry name="$AgentName" value="ASUS" />
                        <Entry name="$TestLogsDir" value="C:\Documents and Settings\ASUS X82Q SERIES\My Documents\Visual Studio 2008\Projects\TestProject\TestResults\ASUS X82Q SERIES_ASUS 2010-11-23 21_08_28\In\ASUS" />
                        <Entry name="$TestDeploymentDir" value="C:\Documents and Settings\ASUS X82Q SERIES\My Documents\Visual Studio 2008\Projects\TestProject\TestResults\ASUS X82Q SERIES_ASUS 2010-11-23 21_08_28\Out" />
                        <Entry name="$AgentId" value="1" />
                        <Entry name="$AgentLoadDistributor" value="Microsoft.VisualStudio.TestTools.Execution.AgentLoadDistributor" />
                        <Entry name="$TestDir" value="C:\Documents and Settings\ASUS X82Q SERIES\My Documents\Visual Studio 2008\Projects\TestProject\TestResults\ASUS X82Q SERIES_ASUS 2010-11-23 21_08_28" />
                        <Entry name="$AgentWeighting" value="100" />
                        <Entry name="$WebTestIteration" value="1" />
                        <Entry name="$WebTestUserId" value="1" />
                      </Context>
                    </WebRequestResult>
                    <WebRequestResult exceptionMessage="" run="0" submitted="true" cached="false" isRedirectFollow="false" requestBodyBytesHandle="-2" responseBytesHandle="9">
                      <Request url="http://localhost/industry/library/js/jquery.dropdown.js" command="GET /industry/library/js/jquery.dropdown.js HTTP/1.1" encoding="utf-8">
                        <Headers>Referer : http://localhost/industry/index.php
User-Agent : Mozilla/4.0 (compatible; MSIE 7.0; Windows NT 5.1)
Accept : */*
Accept-Language : en-us
Accept-Encoding : GZIP
Host : localhost
Cookie : PHPSESSID=5a0b064b9e2796918842c00f72e52f69; mylang=vietnam
</Headers>
                      </Request>
                      <Response url="http://localhost/industry/library/js/jquery.dropdown.js" contentType="application/x-javascript" statusLine="HTTP/1.1 200 OK" pageTime="NaN" time="0.006" statusCodeString="200 OK" contentLength="387">
                        <Headers>Accept-Ranges : bytes
Content-Length : 387
Content-Type : application/x-javascript
Date : Tue, 23 Nov 2010 14:08:29 GMT
ETag : "640c11a0-183-835d2100"
Last-Modified : Mon, 08 Jun 2009 11:26:28 GMT
Server : Apache/2.2.4 (Win32) PHP/5.2.1
</Headers>
                      </Response>
                      <Context>
                        <Entry name="$TotalAgents" value="1" />
                        <Entry name="$ControllerName" value="ASUS" />
                        <Entry name="$AgentName" value="ASUS" />
                        <Entry name="$TestLogsDir" value="C:\Documents and Settings\ASUS X82Q SERIES\My Documents\Visual Studio 2008\Projects\TestProject\TestResults\ASUS X82Q SERIES_ASUS 2010-11-23 21_08_28\In\ASUS" />
                        <Entry name="$TestDeploymentDir" value="C:\Documents and Settings\ASUS X82Q SERIES\My Documents\Visual Studio 2008\Projects\TestProject\TestResults\ASUS X82Q SERIES_ASUS 2010-11-23 21_08_28\Out" />
                        <Entry name="$AgentId" value="1" />
                        <Entry name="$AgentLoadDistributor" value="Microsoft.VisualStudio.TestTools.Execution.AgentLoadDistributor" />
                        <Entry name="$TestDir" value="C:\Documents and Settings\ASUS X82Q SERIES\My Documents\Visual Studio 2008\Projects\TestProject\TestResults\ASUS X82Q SERIES_ASUS 2010-11-23 21_08_28" />
                        <Entry name="$AgentWeighting" value="100" />
                        <Entry name="$WebTestIteration" value="1" />
                        <Entry name="$WebTestUserId" value="1" />
                      </Context>
                    </WebRequestResult>
                    <WebRequestResult exceptionMessage="" run="0" submitted="true" cached="false" isRedirectFollow="false" requestBodyBytesHandle="-2" responseBytesHandle="10">
                      <Request url="http://localhost/industry/SpryAssets/SpryTabbedPanels.js" command="GET /industry/SpryAssets/SpryTabbedPanels.js HTTP/1.1" encoding="utf-8">
                        <Headers>Referer : http://localhost/industry/index.php
User-Agent : Mozilla/4.0 (compatible; MSIE 7.0; Windows NT 5.1)
Accept : */*
Accept-Language : en-us
Accept-Encoding : GZIP
Host : localhost
Cookie : PHPSESSID=5a0b064b9e2796918842c00f72e52f69; mylang=vietnam
</Headers>
                      </Request>
                      <Response url="http://localhost/industry/SpryAssets/SpryTabbedPanels.js" contentType="application/x-javascript" statusLine="HTTP/1.1 200 OK" pageTime="NaN" time="0.025" statusCodeString="200 OK" contentLength="10941">
                        <Headers>X-Pad : avoid browser bug
Accept-Ranges : bytes
Content-Length : 10941
Content-Type : application/x-javascript
Date : Tue, 23 Nov 2010 14:08:29 GMT
ETag : "4e5990e0-2abd-57842300"
Last-Modified : Tue, 27 Jul 2010 10:55:40 GMT
Server : Apache/2.2.4 (Win32) PHP/5.2.1
</Headers>
                      </Response>
                      <Context>
                        <Entry name="$TotalAgents" value="1" />
                        <Entry name="$ControllerName" value="ASUS" />
                        <Entry name="$AgentName" value="ASUS" />
                        <Entry name="$TestLogsDir" value="C:\Documents and Settings\ASUS X82Q SERIES\My Documents\Visual Studio 2008\Projects\TestProject\TestResults\ASUS X82Q SERIES_ASUS 2010-11-23 21_08_28\In\ASUS" />
                        <Entry name="$TestDeploymentDir" value="C:\Documents and Settings\ASUS X82Q SERIES\My Documents\Visual Studio 2008\Projects\TestProject\TestResults\ASUS X82Q SERIES_ASUS 2010-11-23 21_08_28\Out" />
                        <Entry name="$AgentId" value="1" />
                        <Entry name="$AgentLoadDistributor" value="Microsoft.VisualStudio.TestTools.Execution.AgentLoadDistributor" />
                        <Entry name="$TestDir" value="C:\Documents and Settings\ASUS X82Q SERIES\My Documents\Visual Studio 2008\Projects\TestProject\TestResults\ASUS X82Q SERIES_ASUS 2010-11-23 21_08_28" />
                        <Entry name="$AgentWeighting" value="100" />
                        <Entry name="$WebTestIteration" value="1" />
                        <Entry name="$WebTestUserId" value="1" />
                      </Context>
                    </WebRequestResult>
                    <WebRequestResult exceptionMessage="" run="0" submitted="true" cached="false" isRedirectFollow="false" requestBodyBytesHandle="-2" responseBytesHandle="11">
                      <Request url="http://localhost/industry/library/js/jquery_menu.js" command="GET /industry/library/js/jquery_menu.js HTTP/1.1" encoding="utf-8">
                        <Headers>Referer : http://localhost/industry/index.php
User-Agent : Mozilla/4.0 (compatible; MSIE 7.0; Windows NT 5.1)
Accept : */*
Accept-Language : en-us
Accept-Encoding : GZIP
Host : localhost
Cookie : PHPSESSID=5a0b064b9e2796918842c00f72e52f69; mylang=vietnam
</Headers>
                      </Request>
                      <Response url="http://localhost/industry/library/js/jquery_menu.js" contentType="application/x-javascript" statusLine="HTTP/1.1 200 OK" pageTime="NaN" time="0.083" statusCodeString="200 OK" contentLength="57170">
                        <Headers>X-Pad : avoid browser bug
Accept-Ranges : bytes
Content-Length : 57170
Content-Type : application/x-javascript
Date : Tue, 23 Nov 2010 14:08:29 GMT
ETag : "640c1260-df52-984af280"
Last-Modified : Tue, 27 Jul 2010 02:52:42 GMT
Server : Apache/2.2.4 (Win32) PHP/5.2.1
</Headers>
                      </Response>
                      <Context>
                        <Entry name="$TotalAgents" value="1" />
                        <Entry name="$ControllerName" value="ASUS" />
                        <Entry name="$AgentName" value="ASUS" />
                        <Entry name="$TestLogsDir" value="C:\Documents and Settings\ASUS X82Q SERIES\My Documents\Visual Studio 2008\Projects\TestProject\TestResults\ASUS X82Q SERIES_ASUS 2010-11-23 21_08_28\In\ASUS" />
                        <Entry name="$TestDeploymentDir" value="C:\Documents and Settings\ASUS X82Q SERIES\My Documents\Visual Studio 2008\Projects\TestProject\TestResults\ASUS X82Q SERIES_ASUS 2010-11-23 21_08_28\Out" />
                        <Entry name="$AgentId" value="1" />
                        <Entry name="$AgentLoadDistributor" value="Microsoft.VisualStudio.TestTools.Execution.AgentLoadDistributor" />
                        <Entry name="$TestDir" value="C:\Documents and Settings\ASUS X82Q SERIES\My Documents\Visual Studio 2008\Projects\TestProject\TestResults\ASUS X82Q SERIES_ASUS 2010-11-23 21_08_28" />
                        <Entry name="$AgentWeighting" value="100" />
                        <Entry name="$WebTestIteration" value="1" />
                        <Entry name="$WebTestUserId" value="1" />
                      </Context>
                    </WebRequestResult>
                    <WebRequestResult exceptionMessage="" run="0" submitted="true" cached="false" isRedirectFollow="false" requestBodyBytesHandle="-2" responseBytesHandle="12">
                      <Request url="http://localhost/industry/library/js/rainbow.js" command="GET /industry/library/js/rainbow.js HTTP/1.1" encoding="utf-8">
                        <Headers>Referer : http://localhost/industry/index.php
User-Agent : Mozilla/4.0 (compatible; MSIE 7.0; Windows NT 5.1)
Accept : */*
Accept-Language : en-us
Accept-Encoding : GZIP
Host : localhost
Cookie : PHPSESSID=5a0b064b9e2796918842c00f72e52f69; mylang=vietnam
</Headers>
                      </Request>
                      <Response url="http://localhost/industry/library/js/rainbow.js" contentType="application/x-javascript" statusLine="HTTP/1.1 200 OK" pageTime="NaN" time="0.018" statusCodeString="200 OK" contentLength="7776">
                        <Headers>X-Pad : avoid browser bug
Accept-Ranges : bytes
Content-Length : 7776
Content-Type : application/x-javascript
Date : Tue, 23 Nov 2010 14:08:29 GMT
ETag : "640c1320-1e60-a3ab8780"
Last-Modified : Sun, 29 Aug 2010 09:04:46 GMT
Server : Apache/2.2.4 (Win32) PHP/5.2.1
</Headers>
                      </Response>
                      <Context>
                        <Entry name="$TotalAgents" value="1" />
                        <Entry name="$ControllerName" value="ASUS" />
                        <Entry name="$AgentName" value="ASUS" />
                        <Entry name="$TestLogsDir" value="C:\Documents and Settings\ASUS X82Q SERIES\My Documents\Visual Studio 2008\Projects\TestProject\TestResults\ASUS X82Q SERIES_ASUS 2010-11-23 21_08_28\In\ASUS" />
                        <Entry name="$TestDeploymentDir" value="C:\Documents and Settings\ASUS X82Q SERIES\My Documents\Visual Studio 2008\Projects\TestProject\TestResults\ASUS X82Q SERIES_ASUS 2010-11-23 21_08_28\Out" />
                        <Entry name="$AgentId" value="1" />
                        <Entry name="$AgentLoadDistributor" value="Microsoft.VisualStudio.TestTools.Execution.AgentLoadDistributor" />
                        <Entry name="$TestDir" value="C:\Documents and Settings\ASUS X82Q SERIES\My Documents\Visual Studio 2008\Projects\TestProject\TestResults\ASUS X82Q SERIES_ASUS 2010-11-23 21_08_28" />
                        <Entry name="$AgentWeighting" value="100" />
                        <Entry name="$WebTestIteration" value="1" />
                        <Entry name="$WebTestUserId" value="1" />
                      </Context>
                    </WebRequestResult>
                    <WebRequestResult exceptionMessage="" run="0" submitted="true" cached="false" isRedirectFollow="false" requestBodyBytesHandle="-2" responseBytesHandle="13">
                      <Request url="http://localhost/industry/flags/vn.gif" command="GET /industry/flags/vn.gif HTTP/1.1" encoding="utf-8">
                        <Headers>Referer : http://localhost/industry/index.php
User-Agent : Mozilla/4.0 (compatible; MSIE 7.0; Windows NT 5.1)
Accept : */*
Accept-Language : en-us
Accept-Encoding : GZIP
Host : localhost
Cookie : PHPSESSID=5a0b064b9e2796918842c00f72e52f69; mylang=vietnam
</Headers>
                      </Request>
                      <Response url="http://localhost/industry/flags/vn.gif" contentType="image/gif" statusLine="HTTP/1.1 200 OK" pageTime="NaN" time="0.008" statusCodeString="200 OK" contentLength="6872">
                        <Headers>Accept-Ranges : bytes
Content-Length : 6872
Content-Type : image/gif
Date : Tue, 23 Nov 2010 14:08:29 GMT
ETag : "624610c0-1ad8-5ae82180"
Last-Modified : Thu, 09 Jul 2009 05:44:54 GMT
Server : Apache/2.2.4 (Win32) PHP/5.2.1
</Headers>
                      </Response>
                      <Context>
                        <Entry name="$TotalAgents" value="1" />
                        <Entry name="$ControllerName" value="ASUS" />
                        <Entry name="$AgentName" value="ASUS" />
                        <Entry name="$TestLogsDir" value="C:\Documents and Settings\ASUS X82Q SERIES\My Documents\Visual Studio 2008\Projects\TestProject\TestResults\ASUS X82Q SERIES_ASUS 2010-11-23 21_08_28\In\ASUS" />
                        <Entry name="$TestDeploymentDir" value="C:\Documents and Settings\ASUS X82Q SERIES\My Documents\Visual Studio 2008\Projects\TestProject\TestResults\ASUS X82Q SERIES_ASUS 2010-11-23 21_08_28\Out" />
                        <Entry name="$AgentId" value="1" />
                        <Entry name="$AgentLoadDistributor" value="Microsoft.VisualStudio.TestTools.Execution.AgentLoadDistributor" />
                        <Entry name="$TestDir" value="C:\Documents and Settings\ASUS X82Q SERIES\My Documents\Visual Studio 2008\Projects\TestProject\TestResults\ASUS X82Q SERIES_ASUS 2010-11-23 21_08_28" />
                        <Entry name="$AgentWeighting" value="100" />
                        <Entry name="$WebTestIteration" value="1" />
                        <Entry name="$WebTestUserId" value="1" />
                      </Context>
                    </WebRequestResult>
                    <WebRequestResult exceptionMessage="" run="0" submitted="true" cached="false" isRedirectFollow="false" requestBodyBytesHandle="-2" responseBytesHandle="14">
                      <Request url="http://localhost/industry/flags/en.gif" command="GET /industry/flags/en.gif HTTP/1.1" encoding="utf-8">
                        <Headers>Referer : http://localhost/industry/index.php
User-Agent : Mozilla/4.0 (compatible; MSIE 7.0; Windows NT 5.1)
Accept : */*
Accept-Language : en-us
Accept-Encoding : GZIP
Host : localhost
Cookie : PHPSESSID=5a0b064b9e2796918842c00f72e52f69; mylang=vietnam
</Headers>
                      </Request>
                      <Response url="http://localhost/industry/flags/en.gif" contentType="image/gif" statusLine="HTTP/1.1 200 OK" pageTime="NaN" time="0.01" statusCodeString="200 OK" contentLength="8275">
                        <Headers>Accept-Ranges : bytes
Content-Length : 8275
Content-Type : image/gif
Date : Tue, 23 Nov 2010 14:08:29 GMT
ETag : "62461040-2053-5de31200"
Last-Modified : Thu, 09 Jul 2009 05:45:44 GMT
Server : Apache/2.2.4 (Win32) PHP/5.2.1
</Headers>
                      </Response>
                      <Context>
                        <Entry name="$TotalAgents" value="1" />
                        <Entry name="$ControllerName" value="ASUS" />
                        <Entry name="$AgentName" value="ASUS" />
                        <Entry name="$TestLogsDir" value="C:\Documents and Settings\ASUS X82Q SERIES\My Documents\Visual Studio 2008\Projects\TestProject\TestResults\ASUS X82Q SERIES_ASUS 2010-11-23 21_08_28\In\ASUS" />
                        <Entry name="$TestDeploymentDir" value="C:\Documents and Settings\ASUS X82Q SERIES\My Documents\Visual Studio 2008\Projects\TestProject\TestResults\ASUS X82Q SERIES_ASUS 2010-11-23 21_08_28\Out" />
                        <Entry name="$AgentId" value="1" />
                        <Entry name="$AgentLoadDistributor" value="Microsoft.VisualStudio.TestTools.Execution.AgentLoadDistributor" />
                        <Entry name="$TestDir" value="C:\Documents and Settings\ASUS X82Q SERIES\My Documents\Visual Studio 2008\Projects\TestProject\TestResults\ASUS X82Q SERIES_ASUS 2010-11-23 21_08_28" />
                        <Entry name="$AgentWeighting" value="100" />
                        <Entry name="$WebTestIteration" value="1" />
                        <Entry name="$WebTestUserId" value="1" />
                      </Context>
                    </WebRequestResult>
                    <WebRequestResult exceptionMessage="" run="0" submitted="true" cached="false" isRedirectFollow="false" requestBodyBytesHandle="-2" responseBytesHandle="15">
                      <Request url="http://localhost/industry/interface/search.jpg" command="GET /industry/interface/search.jpg HTTP/1.1" encoding="utf-8">
                        <Headers>Referer : http://localhost/industry/index.php
User-Agent : Mozilla/4.0 (compatible; MSIE 7.0; Windows NT 5.1)
Accept : */*
Accept-Language : en-us
Accept-Encoding : GZIP
Host : localhost
Cookie : PHPSESSID=5a0b064b9e2796918842c00f72e52f69; mylang=vietnam
</Headers>
                      </Request>
                      <Response url="http://localhost/industry/interface/search.jpg" contentType="image/jpeg" statusLine="HTTP/1.1 200 OK" pageTime="NaN" time="0.005" statusCodeString="200 OK" contentLength="1525">
                        <Headers>Accept-Ranges : bytes
Content-Length : 1525
Content-Type : image/jpeg
Date : Tue, 23 Nov 2010 14:08:29 GMT
ETag : "63f09960-5f5-160fc780"
Last-Modified : Sun, 25 Jul 2010 16:51:58 GMT
Server : Apache/2.2.4 (Win32) PHP/5.2.1
</Headers>
                      </Response>
                      <Context>
                        <Entry name="$TotalAgents" value="1" />
                        <Entry name="$ControllerName" value="ASUS" />
                        <Entry name="$AgentName" value="ASUS" />
                        <Entry name="$TestLogsDir" value="C:\Documents and Settings\ASUS X82Q SERIES\My Documents\Visual Studio 2008\Projects\TestProject\TestResults\ASUS X82Q SERIES_ASUS 2010-11-23 21_08_28\In\ASUS" />
                        <Entry name="$TestDeploymentDir" value="C:\Documents and Settings\ASUS X82Q SERIES\My Documents\Visual Studio 2008\Projects\TestProject\TestResults\ASUS X82Q SERIES_ASUS 2010-11-23 21_08_28\Out" />
                        <Entry name="$AgentId" value="1" />
                        <Entry name="$AgentLoadDistributor" value="Microsoft.VisualStudio.TestTools.Execution.AgentLoadDistributor" />
                        <Entry name="$TestDir" value="C:\Documents and Settings\ASUS X82Q SERIES\My Documents\Visual Studio 2008\Projects\TestProject\TestResults\ASUS X82Q SERIES_ASUS 2010-11-23 21_08_28" />
                        <Entry name="$AgentWeighting" value="100" />
                        <Entry name="$WebTestIteration" value="1" />
                        <Entry name="$WebTestUserId" value="1" />
                      </Context>
                    </WebRequestResult>
                    <WebRequestResult exceptionMessage="" run="0" submitted="true" cached="false" isRedirectFollow="false" requestBodyBytesHandle="-2" responseBytesHandle="16">
                      <Request url="http://localhost/industry/Interface/khung_2.jpg" command="GET /industry/Interface/khung_2.jpg HTTP/1.1" encoding="utf-8">
                        <Headers>Referer : http://localhost/industry/index.php
User-Agent : Mozilla/4.0 (compatible; MSIE 7.0; Windows NT 5.1)
Accept : */*
Accept-Language : en-us
Accept-Encoding : GZIP
Host : localhost
Cookie : PHPSESSID=5a0b064b9e2796918842c00f72e52f69; mylang=vietnam
</Headers>
                      </Request>
                      <Response url="http://localhost/industry/Interface/khung_2.jpg" contentType="image/jpeg" statusLine="HTTP/1.1 200 OK" pageTime="NaN" time="0.005" statusCodeString="200 OK" contentLength="891">
                        <Headers>Accept-Ranges : bytes
Content-Length : 891
Content-Type : image/jpeg
Date : Tue, 23 Nov 2010 14:08:29 GMT
ETag : "63f094a0-37b-79816d80"
Last-Modified : Mon, 26 Jul 2010 07:38:46 GMT
Server : Apache/2.2.4 (Win32) PHP/5.2.1
</Headers>
                      </Response>
                      <Context>
                        <Entry name="$TotalAgents" value="1" />
                        <Entry name="$ControllerName" value="ASUS" />
                        <Entry name="$AgentName" value="ASUS" />
                        <Entry name="$TestLogsDir" value="C:\Documents and Settings\ASUS X82Q SERIES\My Documents\Visual Studio 2008\Projects\TestProject\TestResults\ASUS X82Q SERIES_ASUS 2010-11-23 21_08_28\In\ASUS" />
                        <Entry name="$TestDeploymentDir" value="C:\Documents and Settings\ASUS X82Q SERIES\My Documents\Visual Studio 2008\Projects\TestProject\TestResults\ASUS X82Q SERIES_ASUS 2010-11-23 21_08_28\Out" />
                        <Entry name="$AgentId" value="1" />
                        <Entry name="$AgentLoadDistributor" value="Microsoft.VisualStudio.TestTools.Execution.AgentLoadDistributor" />
                        <Entry name="$TestDir" value="C:\Documents and Settings\ASUS X82Q SERIES\My Documents\Visual Studio 2008\Projects\TestProject\TestResults\ASUS X82Q SERIES_ASUS 2010-11-23 21_08_28" />
                        <Entry name="$AgentWeighting" value="100" />
                        <Entry name="$WebTestIteration" value="1" />
                        <Entry name="$WebTestUserId" value="1" />
                      </Context>
                    </WebRequestResult>
                    <WebRequestResult exceptionMessage="" run="0" submitted="true" cached="false" isRedirectFollow="false" requestBodyBytesHandle="-2" responseBytesHandle="17">
                      <Request url="http://localhost/industry/uploads/advertisement/4.jpg" command="GET /industry/uploads/advertisement/4.jpg HTTP/1.1" encoding="utf-8">
                        <Headers>Referer : http://localhost/industry/index.php
User-Agent : Mozilla/4.0 (compatible; MSIE 7.0; Windows NT 5.1)
Accept : */*
Accept-Language : en-us
Accept-Encoding : GZIP
Host : localhost
Cookie : PHPSESSID=5a0b064b9e2796918842c00f72e52f69; mylang=vietnam
</Headers>
                      </Request>
                      <Response url="http://localhost/industry/uploads/advertisement/4.jpg" contentType="image/jpeg" statusLine="HTTP/1.1 200 OK" pageTime="NaN" time="0.009" statusCodeString="200 OK" contentLength="31228">
                        <Headers>Accept-Ranges : bytes
Content-Length : 31228
Content-Type : image/jpeg
Date : Tue, 23 Nov 2010 14:08:29 GMT
ETag : "5b8a9120-79fc-e997a080"
Last-Modified : Sun, 08 Aug 2010 06:21:38 GMT
Server : Apache/2.2.4 (Win32) PHP/5.2.1
</Headers>
                      </Response>
                      <Context>
                        <Entry name="$TotalAgents" value="1" />
                        <Entry name="$ControllerName" value="ASUS" />
                        <Entry name="$AgentName" value="ASUS" />
                        <Entry name="$TestLogsDir" value="C:\Documents and Settings\ASUS X82Q SERIES\My Documents\Visual Studio 2008\Projects\TestProject\TestResults\ASUS X82Q SERIES_ASUS 2010-11-23 21_08_28\In\ASUS" />
                        <Entry name="$TestDeploymentDir" value="C:\Documents and Settings\ASUS X82Q SERIES\My Documents\Visual Studio 2008\Projects\TestProject\TestResults\ASUS X82Q SERIES_ASUS 2010-11-23 21_08_28\Out" />
                        <Entry name="$AgentId" value="1" />
                        <Entry name="$AgentLoadDistributor" value="Microsoft.VisualStudio.TestTools.Execution.AgentLoadDistributor" />
                        <Entry name="$TestDir" value="C:\Documents and Settings\ASUS X82Q SERIES\My Documents\Visual Studio 2008\Projects\TestProject\TestResults\ASUS X82Q SERIES_ASUS 2010-11-23 21_08_28" />
                        <Entry name="$AgentWeighting" value="100" />
                        <Entry name="$WebTestIteration" value="1" />
                        <Entry name="$WebTestUserId" value="1" />
                      </Context>
                    </WebRequestResult>
                    <WebRequestResult exceptionMessage="" run="0" submitted="true" cached="false" isRedirectFollow="false" requestBodyBytesHandle="-2" responseBytesHandle="18">
                      <Request url="http://localhost/industry/library/js/swfobject.js" command="GET /industry/library/js/swfobject.js HTTP/1.1" encoding="utf-8">
                        <Headers>Referer : http://localhost/industry/index.php
User-Agent : Mozilla/4.0 (compatible; MSIE 7.0; Windows NT 5.1)
Accept : */*
Accept-Language : en-us
Accept-Encoding : GZIP
Host : localhost
Cookie : PHPSESSID=5a0b064b9e2796918842c00f72e52f69; mylang=vietnam
</Headers>
                      </Request>
                      <Response url="http://localhost/industry/library/js/swfobject.js" contentType="application/x-javascript" statusLine="HTTP/1.1 200 OK" pageTime="NaN" time="0.02" statusCodeString="200 OK" contentLength="6880">
                        <Headers>Accept-Ranges : bytes
Content-Length : 6880
Content-Type : application/x-javascript
Date : Tue, 23 Nov 2010 14:08:29 GMT
ETag : W/"640c14c0-1ae0-8862e400"
Last-Modified : Tue, 23 Nov 2010 14:08:29 GMT
Server : Apache/2.2.4 (Win32) PHP/5.2.1
</Headers>
                      </Response>
                      <Context>
                        <Entry name="$TotalAgents" value="1" />
                        <Entry name="$ControllerName" value="ASUS" />
                        <Entry name="$AgentName" value="ASUS" />
                        <Entry name="$TestLogsDir" value="C:\Documents and Settings\ASUS X82Q SERIES\My Documents\Visual Studio 2008\Projects\TestProject\TestResults\ASUS X82Q SERIES_ASUS 2010-11-23 21_08_28\In\ASUS" />
                        <Entry name="$TestDeploymentDir" value="C:\Documents and Settings\ASUS X82Q SERIES\My Documents\Visual Studio 2008\Projects\TestProject\TestResults\ASUS X82Q SERIES_ASUS 2010-11-23 21_08_28\Out" />
                        <Entry name="$AgentId" value="1" />
                        <Entry name="$AgentLoadDistributor" value="Microsoft.VisualStudio.TestTools.Execution.AgentLoadDistributor" />
                        <Entry name="$TestDir" value="C:\Documents and Settings\ASUS X82Q SERIES\My Documents\Visual Studio 2008\Projects\TestProject\TestResults\ASUS X82Q SERIES_ASUS 2010-11-23 21_08_28" />
                        <Entry name="$AgentWeighting" value="100" />
                        <Entry name="$WebTestIteration" value="1" />
                        <Entry name="$WebTestUserId" value="1" />
                      </Context>
                    </WebRequestResult>
                    <WebRequestResult exceptionMessage="" run="0" submitted="true" cached="false" isRedirectFollow="false" requestBodyBytesHandle="-2" responseBytesHandle="19">
                      <Request url="http://localhost/industry/uploads/advertisement/1246244209_social-networking.jpg" command="GET /industry/uploads/advertisement/1246244209_social-networking.jpg HTTP/1.1" encoding="utf-8">
                        <Headers>Referer : http://localhost/industry/index.php
User-Agent : Mozilla/4.0 (compatible; MSIE 7.0; Windows NT 5.1)
Accept : */*
Accept-Language : en-us
Accept-Encoding : GZIP
Host : localhost
Cookie : PHPSESSID=5a0b064b9e2796918842c00f72e52f69; mylang=vietnam
</Headers>
                      </Request>
                      <Response url="http://localhost/industry/uploads/advertisement/1246244209_social-networking.jpg" contentType="image/jpeg" statusLine="HTTP/1.1 200 OK" pageTime="NaN" time="0.024" statusCodeString="200 OK" contentLength="114963">
                        <Headers>Accept-Ranges : bytes
Content-Length : 114963
Content-Type : image/jpeg
Date : Tue, 23 Nov 2010 14:08:29 GMT
ETag : "5b8a90a0-1c113-55380280"
Last-Modified : Sat, 07 Aug 2010 18:55:54 GMT
Server : Apache/2.2.4 (Win32) PHP/5.2.1
</Headers>
                      </Response>
                      <Context>
                        <Entry name="$TotalAgents" value="1" />
                        <Entry name="$ControllerName" value="ASUS" />
                        <Entry name="$AgentName" value="ASUS" />
                        <Entry name="$TestLogsDir" value="C:\Documents and Settings\ASUS X82Q SERIES\My Documents\Visual Studio 2008\Projects\TestProject\TestResults\ASUS X82Q SERIES_ASUS 2010-11-23 21_08_28\In\ASUS" />
                        <Entry name="$TestDeploymentDir" value="C:\Documents and Settings\ASUS X82Q SERIES\My Documents\Visual Studio 2008\Projects\TestProject\TestResults\ASUS X82Q SERIES_ASUS 2010-11-23 21_08_28\Out" />
                        <Entry name="$AgentId" value="1" />
                        <Entry name="$AgentLoadDistributor" value="Microsoft.VisualStudio.TestTools.Execution.AgentLoadDistributor" />
                        <Entry name="$TestDir" value="C:\Documents and Settings\ASUS X82Q SERIES\My Documents\Visual Studio 2008\Projects\TestProject\TestResults\ASUS X82Q SERIES_ASUS 2010-11-23 21_08_28" />
                        <Entry name="$AgentWeighting" value="100" />
                        <Entry name="$WebTestIteration" value="1" />
                        <Entry name="$WebTestUserId" value="1" />
                      </Context>
                    </WebRequestResult>
                    <WebRequestResult exceptionMessage="" run="0" submitted="true" cached="false" isRedirectFollow="false" requestBodyBytesHandle="-2" responseBytesHandle="20">
                      <Request url="http://localhost/industry/library/js/slide_buy_sell_index.js" command="GET /industry/library/js/slide_buy_sell_index.js HTTP/1.1" encoding="utf-8">
                        <Headers>Referer : http://localhost/industry/index.php
User-Agent : Mozilla/4.0 (compatible; MSIE 7.0; Windows NT 5.1)
Accept : */*
Accept-Language : en-us
Accept-Encoding : GZIP
Host : localhost
Cookie : PHPSESSID=5a0b064b9e2796918842c00f72e52f69; mylang=vietnam
</Headers>
                      </Request>
                      <Response url="http://localhost/industry/library/js/slide_buy_sell_index.js" contentType="application/x-javascript" statusLine="HTTP/1.1 200 OK" pageTime="NaN" time="0.034" statusCodeString="200 OK" contentLength="16438">
                        <Headers>X-Pad : avoid browser bug
Accept-Ranges : bytes
Content-Length : 16438
Content-Type : application/x-javascript
Date : Tue, 23 Nov 2010 14:08:29 GMT
ETag : "640c1420-4036-a982b480"
Last-Modified : Thu, 08 Jul 2010 16:20:18 GMT
Server : Apache/2.2.4 (Win32) PHP/5.2.1
</Headers>
                      </Response>
                      <Context>
                        <Entry name="$TotalAgents" value="1" />
                        <Entry name="$ControllerName" value="ASUS" />
                        <Entry name="$AgentName" value="ASUS" />
                        <Entry name="$TestLogsDir" value="C:\Documents and Settings\ASUS X82Q SERIES\My Documents\Visual Studio 2008\Projects\TestProject\TestResults\ASUS X82Q SERIES_ASUS 2010-11-23 21_08_28\In\ASUS" />
                        <Entry name="$TestDeploymentDir" value="C:\Documents and Settings\ASUS X82Q SERIES\My Documents\Visual Studio 2008\Projects\TestProject\TestResults\ASUS X82Q SERIES_ASUS 2010-11-23 21_08_28\Out" />
                        <Entry name="$AgentId" value="1" />
                        <Entry name="$AgentLoadDistributor" value="Microsoft.VisualStudio.TestTools.Execution.AgentLoadDistributor" />
                        <Entry name="$TestDir" value="C:\Documents and Settings\ASUS X82Q SERIES\My Documents\Visual Studio 2008\Projects\TestProject\TestResults\ASUS X82Q SERIES_ASUS 2010-11-23 21_08_28" />
                        <Entry name="$AgentWeighting" value="100" />
                        <Entry name="$WebTestIteration" value="1" />
                        <Entry name="$WebTestUserId" value="1" />
                      </Context>
                    </WebRequestResult>
                    <WebRequestResult exceptionMessage="" run="0" submitted="true" cached="false" isRedirectFollow="false" requestBodyBytesHandle="-2" responseBytesHandle="21">
                      <Request url="http://localhost/industry/uploads/country_flag/japan.png" command="GET /industry/uploads/country_flag/japan.png HTTP/1.1" encoding="utf-8">
                        <Headers>Referer : http://localhost/industry/index.php
User-Agent : Mozilla/4.0 (compatible; MSIE 7.0; Windows NT 5.1)
Accept : */*
Accept-Language : en-us
Accept-Encoding : GZIP
Host : localhost
Cookie : PHPSESSID=5a0b064b9e2796918842c00f72e52f69; mylang=vietnam
</Headers>
                      </Request>
                      <Response url="http://localhost/industry/uploads/country_flag/japan.png" contentType="image/png" statusLine="HTTP/1.1 200 OK" pageTime="NaN" time="0.007" statusCodeString="200 OK" contentLength="12926">
                        <Headers>Accept-Ranges : bytes
Content-Length : 12926
Content-Type : image/png
Date : Tue, 23 Nov 2010 14:08:29 GMT
ETag : "5b831040-327e-e1b66000"
Last-Modified : Sat, 21 Aug 2010 15:15:12 GMT
Server : Apache/2.2.4 (Win32) PHP/5.2.1
</Headers>
                      </Response>
                      <Context>
                        <Entry name="$TotalAgents" value="1" />
                        <Entry name="$ControllerName" value="ASUS" />
                        <Entry name="$AgentName" value="ASUS" />
                        <Entry name="$TestLogsDir" value="C:\Documents and Settings\ASUS X82Q SERIES\My Documents\Visual Studio 2008\Projects\TestProject\TestResults\ASUS X82Q SERIES_ASUS 2010-11-23 21_08_28\In\ASUS" />
                        <Entry name="$TestDeploymentDir" value="C:\Documents and Settings\ASUS X82Q SERIES\My Documents\Visual Studio 2008\Projects\TestProject\TestResults\ASUS X82Q SERIES_ASUS 2010-11-23 21_08_28\Out" />
                        <Entry name="$AgentId" value="1" />
                        <Entry name="$AgentLoadDistributor" value="Microsoft.VisualStudio.TestTools.Execution.AgentLoadDistributor" />
                        <Entry name="$TestDir" value="C:\Documents and Settings\ASUS X82Q SERIES\My Documents\Visual Studio 2008\Projects\TestProject\TestResults\ASUS X82Q SERIES_ASUS 2010-11-23 21_08_28" />
                        <Entry name="$AgentWeighting" value="100" />
                        <Entry name="$WebTestIteration" value="1" />
                        <Entry name="$WebTestUserId" value="1" />
                      </Context>
                    </WebRequestResult>
                    <WebRequestResult exceptionMessage="" run="0" submitted="true" cached="false" isRedirectFollow="false" requestBodyBytesHandle="-2" responseBytesHandle="22">
                      <Request url="http://localhost/industry/library/js/slide_buy_sell.js" command="GET /industry/library/js/slide_buy_sell.js HTTP/1.1" encoding="utf-8">
                        <Headers>Referer : http://localhost/industry/index.php
User-Agent : Mozilla/4.0 (compatible; MSIE 7.0; Windows NT 5.1)
Accept : */*
Accept-Language : en-us
Accept-Encoding : GZIP
Host : localhost
Cookie : PHPSESSID=5a0b064b9e2796918842c00f72e52f69; mylang=vietnam
</Headers>
                      </Request>
                      <Response url="http://localhost/industry/library/js/slide_buy_sell.js" contentType="application/x-javascript" statusLine="HTTP/1.1 200 OK" pageTime="NaN" time="0.06" statusCodeString="200 OK" contentLength="36628">
                        <Headers>X-Pad : avoid browser bug
Accept-Ranges : bytes
Content-Length : 36628
Content-Type : application/x-javascript
Date : Tue, 23 Nov 2010 14:08:29 GMT
ETag : "640c13c0-8f14-a982b480"
Last-Modified : Thu, 08 Jul 2010 16:20:18 GMT
Server : Apache/2.2.4 (Win32) PHP/5.2.1
</Headers>
                      </Response>
                      <Context>
                        <Entry name="$TotalAgents" value="1" />
                        <Entry name="$ControllerName" value="ASUS" />
                        <Entry name="$AgentName" value="ASUS" />
                        <Entry name="$TestLogsDir" value="C:\Documents and Settings\ASUS X82Q SERIES\My Documents\Visual Studio 2008\Projects\TestProject\TestResults\ASUS X82Q SERIES_ASUS 2010-11-23 21_08_28\In\ASUS" />
                        <Entry name="$TestDeploymentDir" value="C:\Documents and Settings\ASUS X82Q SERIES\My Documents\Visual Studio 2008\Projects\TestProject\TestResults\ASUS X82Q SERIES_ASUS 2010-11-23 21_08_28\Out" />
                        <Entry name="$AgentId" value="1" />
                        <Entry name="$AgentLoadDistributor" value="Microsoft.VisualStudio.TestTools.Execution.AgentLoadDistributor" />
                        <Entry name="$TestDir" value="C:\Documents and Settings\ASUS X82Q SERIES\My Documents\Visual Studio 2008\Projects\TestProject\TestResults\ASUS X82Q SERIES_ASUS 2010-11-23 21_08_28" />
                        <Entry name="$AgentWeighting" value="100" />
                        <Entry name="$WebTestIteration" value="1" />
                        <Entry name="$WebTestUserId" value="1" />
                      </Context>
                    </WebRequestResult>
                    <WebRequestResult exceptionMessage="" run="0" submitted="true" cached="false" isRedirectFollow="false" requestBodyBytesHandle="-2" responseBytesHandle="23">
                      <Request url="http://localhost/industry/uploads/country_flag/vietnam.png" command="GET /industry/uploads/country_flag/vietnam.png HTTP/1.1" encoding="utf-8">
                        <Headers>Referer : http://localhost/industry/index.php
User-Agent : Mozilla/4.0 (compatible; MSIE 7.0; Windows NT 5.1)
Accept : */*
Accept-Language : en-us
Accept-Encoding : GZIP
Host : localhost
Cookie : PHPSESSID=5a0b064b9e2796918842c00f72e52f69; mylang=vietnam
</Headers>
                      </Request>
                      <Response url="http://localhost/industry/uploads/country_flag/vietnam.png" contentType="image/png" statusLine="HTTP/1.1 200 OK" pageTime="NaN" time="0.009" statusCodeString="200 OK" contentLength="17550">
                        <Headers>Accept-Ranges : bytes
Content-Length : 17550
Content-Type : image/png
Date : Tue, 23 Nov 2010 14:08:29 GMT
ETag : "5b8310a0-448e-e0482a00"
Last-Modified : Sat, 21 Aug 2010 15:14:48 GMT
Server : Apache/2.2.4 (Win32) PHP/5.2.1
</Headers>
                      </Response>
                      <Context>
                        <Entry name="$TotalAgents" value="1" />
                        <Entry name="$ControllerName" value="ASUS" />
                        <Entry name="$AgentName" value="ASUS" />
                        <Entry name="$TestLogsDir" value="C:\Documents and Settings\ASUS X82Q SERIES\My Documents\Visual Studio 2008\Projects\TestProject\TestResults\ASUS X82Q SERIES_ASUS 2010-11-23 21_08_28\In\ASUS" />
                        <Entry name="$TestDeploymentDir" value="C:\Documents and Settings\ASUS X82Q SERIES\My Documents\Visual Studio 2008\Projects\TestProject\TestResults\ASUS X82Q SERIES_ASUS 2010-11-23 21_08_28\Out" />
                        <Entry name="$AgentId" value="1" />
                        <Entry name="$AgentLoadDistributor" value="Microsoft.VisualStudio.TestTools.Execution.AgentLoadDistributor" />
                        <Entry name="$TestDir" value="C:\Documents and Settings\ASUS X82Q SERIES\My Documents\Visual Studio 2008\Projects\TestProject\TestResults\ASUS X82Q SERIES_ASUS 2010-11-23 21_08_28" />
                        <Entry name="$AgentWeighting" value="100" />
                        <Entry name="$WebTestIteration" value="1" />
                        <Entry name="$WebTestUserId" value="1" />
                      </Context>
                    </WebRequestResult>
                    <WebRequestResult exceptionMessage="" run="0" submitted="true" cached="false" isRedirectFollow="false" requestBodyBytesHandle="-2" responseBytesHandle="24">
                      <Request url="http://localhost/industry/uploads/products/2/8/19179549_2.jpg" command="GET /industry/uploads/products/2/8/19179549_2.jpg HTTP/1.1" encoding="utf-8">
                        <Headers>Referer : http://localhost/industry/index.php
User-Agent : Mozilla/4.0 (compatible; MSIE 7.0; Windows NT 5.1)
Accept : */*
Accept-Language : en-us
Accept-Encoding : GZIP
Host : localhost
Cookie : PHPSESSID=5a0b064b9e2796918842c00f72e52f69; mylang=vietnam
</Headers>
                      </Request>
                      <Response url="http://localhost/industry/uploads/products/2/8/19179549_2.jpg" contentType="image/jpeg" statusLine="HTTP/1.1 200 OK" pageTime="NaN" time="0.03" statusCodeString="200 OK" contentLength="17934">
                        <Headers>Accept-Ranges : bytes
Content-Length : 17934
Content-Type : image/jpeg
Date : Tue, 23 Nov 2010 14:08:29 GMT
ETag : "4f0b5080-460e-e8faa400"
Last-Modified : Thu, 02 Sep 2010 16:00:16 GMT
Server : Apache/2.2.4 (Win32) PHP/5.2.1
</Headers>
                      </Response>
                      <Context>
                        <Entry name="$TotalAgents" value="1" />
                        <Entry name="$ControllerName" value="ASUS" />
                        <Entry name="$AgentName" value="ASUS" />
                        <Entry name="$TestLogsDir" value="C:\Documents and Settings\ASUS X82Q SERIES\My Documents\Visual Studio 2008\Projects\TestProject\TestResults\ASUS X82Q SERIES_ASUS 2010-11-23 21_08_28\In\ASUS" />
                        <Entry name="$TestDeploymentDir" value="C:\Documents and Settings\ASUS X82Q SERIES\My Documents\Visual Studio 2008\Projects\TestProject\TestResults\ASUS X82Q SERIES_ASUS 2010-11-23 21_08_28\Out" />
                        <Entry name="$AgentId" value="1" />
                        <Entry name="$AgentLoadDistributor" value="Microsoft.VisualStudio.TestTools.Execution.AgentLoadDistributor" />
                        <Entry name="$TestDir" value="C:\Documents and Settings\ASUS X82Q SERIES\My Documents\Visual Studio 2008\Projects\TestProject\TestResults\ASUS X82Q SERIES_ASUS 2010-11-23 21_08_28" />
                        <Entry name="$AgentWeighting" value="100" />
                        <Entry name="$WebTestIteration" value="1" />
                        <Entry name="$WebTestUserId" value="1" />
                      </Context>
                    </WebRequestResult>
                    <WebRequestResult exceptionMessage="" run="0" submitted="true" cached="false" isRedirectFollow="false" requestBodyBytesHandle="-2" responseBytesHandle="25">
                      <Request url="http://localhost/industry/uploads/products/2/6/baoho.jpg" command="GET /industry/uploads/products/2/6/baoho.jpg HTTP/1.1" encoding="utf-8">
                        <Headers>Referer : http://localhost/industry/index.php
User-Agent : Mozilla/4.0 (compatible; MSIE 7.0; Windows NT 5.1)
Accept : */*
Accept-Language : en-us
Accept-Encoding : GZIP
Host : localhost
Cookie : PHPSESSID=5a0b064b9e2796918842c00f72e52f69; mylang=vietnam
</Headers>
                      </Request>
                      <Response url="http://localhost/industry/uploads/products/2/6/baoho.jpg" contentType="image/jpeg" statusLine="HTTP/1.1 200 OK" pageTime="NaN" time="0.036" statusCodeString="200 OK" contentLength="13813">
                        <Headers>Accept-Ranges : bytes
Content-Length : 13813
Content-Type : image/jpeg
Date : Tue, 23 Nov 2010 14:08:29 GMT
ETag : "5b6e5040-35f5-d3ff8c00"
Last-Modified : Thu, 02 Sep 2010 15:54:24 GMT
Server : Apache/2.2.4 (Win32) PHP/5.2.1
</Headers>
                      </Response>
                      <Context>
                        <Entry name="$TotalAgents" value="1" />
                        <Entry name="$ControllerName" value="ASUS" />
                        <Entry name="$AgentName" value="ASUS" />
                        <Entry name="$TestLogsDir" value="C:\Documents and Settings\ASUS X82Q SERIES\My Documents\Visual Studio 2008\Projects\TestProject\TestResults\ASUS X82Q SERIES_ASUS 2010-11-23 21_08_28\In\ASUS" />
                        <Entry name="$TestDeploymentDir" value="C:\Documents and Settings\ASUS X82Q SERIES\My Documents\Visual Studio 2008\Projects\TestProject\TestResults\ASUS X82Q SERIES_ASUS 2010-11-23 21_08_28\Out" />
                        <Entry name="$AgentId" value="1" />
                        <Entry name="$AgentLoadDistributor" value="Microsoft.VisualStudio.TestTools.Execution.AgentLoadDistributor" />
                        <Entry name="$TestDir" value="C:\Documents and Settings\ASUS X82Q SERIES\My Documents\Visual Studio 2008\Projects\TestProject\TestResults\ASUS X82Q SERIES_ASUS 2010-11-23 21_08_28" />
                        <Entry name="$AgentWeighting" value="100" />
                        <Entry name="$WebTestIteration" value="1" />
                        <Entry name="$WebTestUserId" value="1" />
                      </Context>
                    </WebRequestResult>
                    <WebRequestResult exceptionMessage="" run="0" submitted="true" cached="false" isRedirectFollow="false" requestBodyBytesHandle="-2" responseBytesHandle="26">
                      <Request url="http://localhost/industry/uploads/products/2/5/5.jpg" command="GET /industry/uploads/products/2/5/5.jpg HTTP/1.1" encoding="utf-8">
                        <Headers>Referer : http://localhost/industry/index.php
User-Agent : Mozilla/4.0 (compatible; MSIE 7.0; Windows NT 5.1)
Accept : */*
Accept-Language : en-us
Accept-Encoding : GZIP
Host : localhost
Cookie : PHPSESSID=5a0b064b9e2796918842c00f72e52f69; mylang=vietnam
</Headers>
                      </Request>
                      <Response url="http://localhost/industry/uploads/products/2/5/5.jpg" contentType="image/jpeg" statusLine="HTTP/1.1 200 OK" pageTime="NaN" time="0.015" statusCodeString="200 OK" contentLength="13455">
                        <Headers>Accept-Ranges : bytes
Content-Length : 13455
Content-Type : image/jpeg
Date : Tue, 23 Nov 2010 14:08:29 GMT
ETag : "5b6fd040-348f-ce653880"
Last-Modified : Thu, 02 Sep 2010 15:52:50 GMT
Server : Apache/2.2.4 (Win32) PHP/5.2.1
</Headers>
                      </Response>
                      <Context>
                        <Entry name="$TotalAgents" value="1" />
                        <Entry name="$ControllerName" value="ASUS" />
                        <Entry name="$AgentName" value="ASUS" />
                        <Entry name="$TestLogsDir" value="C:\Documents and Settings\ASUS X82Q SERIES\My Documents\Visual Studio 2008\Projects\TestProject\TestResults\ASUS X82Q SERIES_ASUS 2010-11-23 21_08_28\In\ASUS" />
                        <Entry name="$TestDeploymentDir" value="C:\Documents and Settings\ASUS X82Q SERIES\My Documents\Visual Studio 2008\Projects\TestProject\TestResults\ASUS X82Q SERIES_ASUS 2010-11-23 21_08_28\Out" />
                        <Entry name="$AgentId" value="1" />
                        <Entry name="$AgentLoadDistributor" value="Microsoft.VisualStudio.TestTools.Execution.AgentLoadDistributor" />
                        <Entry name="$TestDir" value="C:\Documents and Settings\ASUS X82Q SERIES\My Documents\Visual Studio 2008\Projects\TestProject\TestResults\ASUS X82Q SERIES_ASUS 2010-11-23 21_08_28" />
                        <Entry name="$AgentWeighting" value="100" />
                        <Entry name="$WebTestIteration" value="1" />
                        <Entry name="$WebTestUserId" value="1" />
                      </Context>
                    </WebRequestResult>
                    <WebRequestResult exceptionMessage="" run="0" submitted="true" cached="false" isRedirectFollow="false" requestBodyBytesHandle="-2" responseBytesHandle="27">
                      <Request url="http://localhost/industry/uploads/products/2/4/4.jpg" command="GET /industry/uploads/products/2/4/4.jpg HTTP/1.1" encoding="utf-8">
                        <Headers>Referer : http://localhost/industry/index.php
User-Agent : Mozilla/4.0 (compatible; MSIE 7.0; Windows NT 5.1)
Accept : */*
Accept-Language : en-us
Accept-Encoding : GZIP
Host : localhost
Cookie : PHPSESSID=5a0b064b9e2796918842c00f72e52f69; mylang=vietnam
</Headers>
                      </Request>
                      <Response url="http://localhost/industry/uploads/products/2/4/4.jpg" contentType="image/jpeg" statusLine="HTTP/1.1 200 OK" pageTime="NaN" time="0.007" statusCodeString="200 OK" contentLength="13765">
                        <Headers>Accept-Ranges : bytes
Content-Length : 13765
Content-Type : image/jpeg
Date : Tue, 23 Nov 2010 14:08:29 GMT
ETag : "5b715040-35c5-c907ee00"
Last-Modified : Thu, 02 Sep 2010 15:51:20 GMT
Server : Apache/2.2.4 (Win32) PHP/5.2.1
</Headers>
                      </Response>
                      <Context>
                        <Entry name="$TotalAgents" value="1" />
                        <Entry name="$ControllerName" value="ASUS" />
                        <Entry name="$AgentName" value="ASUS" />
                        <Entry name="$TestLogsDir" value="C:\Documents and Settings\ASUS X82Q SERIES\My Documents\Visual Studio 2008\Projects\TestProject\TestResults\ASUS X82Q SERIES_ASUS 2010-11-23 21_08_28\In\ASUS" />
                        <Entry name="$TestDeploymentDir" value="C:\Documents and Settings\ASUS X82Q SERIES\My Documents\Visual Studio 2008\Projects\TestProject\TestResults\ASUS X82Q SERIES_ASUS 2010-11-23 21_08_28\Out" />
                        <Entry name="$AgentId" value="1" />
                        <Entry name="$AgentLoadDistributor" value="Microsoft.VisualStudio.TestTools.Execution.AgentLoadDistributor" />
                        <Entry name="$TestDir" value="C:\Documents and Settings\ASUS X82Q SERIES\My Documents\Visual Studio 2008\Projects\TestProject\TestResults\ASUS X82Q SERIES_ASUS 2010-11-23 21_08_28" />
                        <Entry name="$AgentWeighting" value="100" />
                        <Entry name="$WebTestIteration" value="1" />
                        <Entry name="$WebTestUserId" value="1" />
                      </Context>
                    </WebRequestResult>
                    <WebRequestResult exceptionMessage="" run="0" submitted="true" cached="false" isRedirectFollow="false" requestBodyBytesHandle="-2" responseBytesHandle="28">
                      <Request url="http://localhost/industry/uploads/products/2/3/3.jpg" command="GET /industry/uploads/products/2/3/3.jpg HTTP/1.1" encoding="utf-8">
                        <Headers>Referer : http://localhost/industry/index.php
User-Agent : Mozilla/4.0 (compatible; MSIE 7.0; Windows NT 5.1)
Accept : */*
Accept-Language : en-us
Accept-Encoding : GZIP
Host : localhost
Cookie : PHPSESSID=5a0b064b9e2796918842c00f72e52f69; mylang=vietnam
</Headers>
                      </Request>
                      <Response url="http://localhost/industry/uploads/products/2/3/3.jpg" contentType="image/jpeg" statusLine="HTTP/1.1 200 OK" pageTime="NaN" time="0.007" statusCodeString="200 OK" contentLength="16308">
                        <Headers>Accept-Ranges : bytes
Content-Length : 16308
Content-Type : image/jpeg
Date : Tue, 23 Nov 2010 14:08:29 GMT
ETag : "5b72d040-3fb4-c0ecbc00"
Last-Modified : Thu, 02 Sep 2010 15:49:04 GMT
Server : Apache/2.2.4 (Win32) PHP/5.2.1
</Headers>
                      </Response>
                      <Context>
                        <Entry name="$TotalAgents" value="1" />
                        <Entry name="$ControllerName" value="ASUS" />
                        <Entry name="$AgentName" value="ASUS" />
                        <Entry name="$TestLogsDir" value="C:\Documents and Settings\ASUS X82Q SERIES\My Documents\Visual Studio 2008\Projects\TestProject\TestResults\ASUS X82Q SERIES_ASUS 2010-11-23 21_08_28\In\ASUS" />
                        <Entry name="$TestDeploymentDir" value="C:\Documents and Settings\ASUS X82Q SERIES\My Documents\Visual Studio 2008\Projects\TestProject\TestResults\ASUS X82Q SERIES_ASUS 2010-11-23 21_08_28\Out" />
                        <Entry name="$AgentId" value="1" />
                        <Entry name="$AgentLoadDistributor" value="Microsoft.VisualStudio.TestTools.Execution.AgentLoadDistributor" />
                        <Entry name="$TestDir" value="C:\Documents and Settings\ASUS X82Q SERIES\My Documents\Visual Studio 2008\Projects\TestProject\TestResults\ASUS X82Q SERIES_ASUS 2010-11-23 21_08_28" />
                        <Entry name="$AgentWeighting" value="100" />
                        <Entry name="$WebTestIteration" value="1" />
                        <Entry name="$WebTestUserId" value="1" />
                      </Context>
                    </WebRequestResult>
                    <WebRequestResult exceptionMessage="" run="0" submitted="true" cached="false" isRedirectFollow="false" requestBodyBytesHandle="-2" responseBytesHandle="29">
                      <Request url="http://localhost/industry/uploads/products/2/2/2.jpg" command="GET /industry/uploads/products/2/2/2.jpg HTTP/1.1" encoding="utf-8">
                        <Headers>Referer : http://localhost/industry/index.php
User-Agent : Mozilla/4.0 (compatible; MSIE 7.0; Windows NT 5.1)
Accept : */*
Accept-Language : en-us
Accept-Encoding : GZIP
Host : localhost
Cookie : PHPSESSID=5a0b064b9e2796918842c00f72e52f69; mylang=vietnam
</Headers>
                      </Request>
                      <Response url="http://localhost/industry/uploads/products/2/2/2.jpg" contentType="image/jpeg" statusLine="HTTP/1.1 200 OK" pageTime="NaN" time="0.008" statusCodeString="200 OK" contentLength="19127">
                        <Headers>Accept-Ranges : bytes
Content-Length : 19127
Content-Type : image/jpeg
Date : Tue, 23 Nov 2010 14:08:29 GMT
ETag : "5b74d040-4ab7-bb8f7180"
Last-Modified : Thu, 02 Sep 2010 15:47:34 GMT
Server : Apache/2.2.4 (Win32) PHP/5.2.1
</Headers>
                      </Response>
                      <Context>
                        <Entry name="$TotalAgents" value="1" />
                        <Entry name="$ControllerName" value="ASUS" />
                        <Entry name="$AgentName" value="ASUS" />
                        <Entry name="$TestLogsDir" value="C:\Documents and Settings\ASUS X82Q SERIES\My Documents\Visual Studio 2008\Projects\TestProject\TestResults\ASUS X82Q SERIES_ASUS 2010-11-23 21_08_28\In\ASUS" />
                        <Entry name="$TestDeploymentDir" value="C:\Documents and Settings\ASUS X82Q SERIES\My Documents\Visual Studio 2008\Projects\TestProject\TestResults\ASUS X82Q SERIES_ASUS 2010-11-23 21_08_28\Out" />
                        <Entry name="$AgentId" value="1" />
                        <Entry name="$AgentLoadDistributor" value="Microsoft.VisualStudio.TestTools.Execution.AgentLoadDistributor" />
                        <Entry name="$TestDir" value="C:\Documents and Settings\ASUS X82Q SERIES\My Documents\Visual Studio 2008\Projects\TestProject\TestResults\ASUS X82Q SERIES_ASUS 2010-11-23 21_08_28" />
                        <Entry name="$AgentWeighting" value="100" />
                        <Entry name="$WebTestIteration" value="1" />
                        <Entry name="$WebTestUserId" value="1" />
                      </Context>
                    </WebRequestResult>
                    <WebRequestResult exceptionMessage="" run="0" submitted="true" cached="false" isRedirectFollow="false" requestBodyBytesHandle="-2" responseBytesHandle="30">
                      <Request url="http://localhost/industry/uploads/logo/1/1.jpg" command="GET /industry/uploads/logo/1/1.jpg HTTP/1.1" encoding="utf-8">
                        <Headers>Referer : http://localhost/industry/index.php
User-Agent : Mozilla/4.0 (compatible; MSIE 7.0; Windows NT 5.1)
Accept : */*
Accept-Language : en-us
Accept-Encoding : GZIP
Host : localhost
Cookie : PHPSESSID=5a0b064b9e2796918842c00f72e52f69; mylang=vietnam
</Headers>
                      </Request>
                      <Response url="http://localhost/industry/uploads/logo/1/1.jpg" contentType="image/jpeg" statusLine="HTTP/1.1 200 OK" pageTime="NaN" time="0.004" statusCodeString="200 OK" contentLength="2079">
                        <Headers>Accept-Ranges : bytes
Content-Length : 2079
Content-Type : image/jpeg
Date : Tue, 23 Nov 2010 14:08:29 GMT
ETag : "5b819040-81f-dc251680"
Last-Modified : Mon, 30 Aug 2010 03:14:18 GMT
Server : Apache/2.2.4 (Win32) PHP/5.2.1
</Headers>
                      </Response>
                      <Context>
                        <Entry name="$TotalAgents" value="1" />
                        <Entry name="$ControllerName" value="ASUS" />
                        <Entry name="$AgentName" value="ASUS" />
                        <Entry name="$TestLogsDir" value="C:\Documents and Settings\ASUS X82Q SERIES\My Documents\Visual Studio 2008\Projects\TestProject\TestResults\ASUS X82Q SERIES_ASUS 2010-11-23 21_08_28\In\ASUS" />
                        <Entry name="$TestDeploymentDir" value="C:\Documents and Settings\ASUS X82Q SERIES\My Documents\Visual Studio 2008\Projects\TestProject\TestResults\ASUS X82Q SERIES_ASUS 2010-11-23 21_08_28\Out" />
                        <Entry name="$AgentId" value="1" />
                        <Entry name="$AgentLoadDistributor" value="Microsoft.VisualStudio.TestTools.Execution.AgentLoadDistributor" />
                        <Entry name="$TestDir" value="C:\Documents and Settings\ASUS X82Q SERIES\My Documents\Visual Studio 2008\Projects\TestProject\TestResults\ASUS X82Q SERIES_ASUS 2010-11-23 21_08_28" />
                        <Entry name="$AgentWeighting" value="100" />
                        <Entry name="$WebTestIteration" value="1" />
                        <Entry name="$WebTestUserId" value="1" />
                      </Context>
                    </WebRequestResult>
                    <WebRequestResult exceptionMessage="" run="0" submitted="true" cached="false" isRedirectFollow="false" requestBodyBytesHandle="-2" responseBytesHandle="31">
                      <Request url="http://localhost/industry/uploads/products/2/1/1.jpg" command="GET /industry/uploads/products/2/1/1.jpg HTTP/1.1" encoding="utf-8">
                        <Headers>Referer : http://localhost/industry/index.php
User-Agent : Mozilla/4.0 (compatible; MSIE 7.0; Windows NT 5.1)
Accept : */*
Accept-Language : en-us
Accept-Encoding : GZIP
Host : localhost
Cookie : PHPSESSID=5a0b064b9e2796918842c00f72e52f69; mylang=vietnam
</Headers>
                      </Request>
                      <Response url="http://localhost/industry/uploads/products/2/1/1.jpg" contentType="image/jpeg" statusLine="HTTP/1.1 200 OK" pageTime="NaN" time="0.009" statusCodeString="200 OK" contentLength="17317">
                        <Headers>Accept-Ranges : bytes
Content-Length : 17317
Content-Type : image/jpeg
Date : Tue, 23 Nov 2010 14:08:29 GMT
ETag : "5b771040-43a5-b2bd2480"
Last-Modified : Thu, 02 Sep 2010 15:45:06 GMT
Server : Apache/2.2.4 (Win32) PHP/5.2.1
</Headers>
                      </Response>
                      <Context>
                        <Entry name="$TotalAgents" value="1" />
                        <Entry name="$ControllerName" value="ASUS" />
                        <Entry name="$AgentName" value="ASUS" />
                        <Entry name="$TestLogsDir" value="C:\Documents and Settings\ASUS X82Q SERIES\My Documents\Visual Studio 2008\Projects\TestProject\TestResults\ASUS X82Q SERIES_ASUS 2010-11-23 21_08_28\In\ASUS" />
                        <Entry name="$TestDeploymentDir" value="C:\Documents and Settings\ASUS X82Q SERIES\My Documents\Visual Studio 2008\Projects\TestProject\TestResults\ASUS X82Q SERIES_ASUS 2010-11-23 21_08_28\Out" />
                        <Entry name="$AgentId" value="1" />
                        <Entry name="$AgentLoadDistributor" value="Microsoft.VisualStudio.TestTools.Execution.AgentLoadDistributor" />
                        <Entry name="$TestDir" value="C:\Documents and Settings\ASUS X82Q SERIES\My Documents\Visual Studio 2008\Projects\TestProject\TestResults\ASUS X82Q SERIES_ASUS 2010-11-23 21_08_28" />
                        <Entry name="$AgentWeighting" value="100" />
                        <Entry name="$WebTestIteration" value="1" />
                        <Entry name="$WebTestUserId" value="1" />
                      </Context>
                    </WebRequestResult>
                    <WebRequestResult exceptionMessage="" run="0" submitted="true" cached="false" isRedirectFollow="false" requestBodyBytesHandle="-2" responseBytesHandle="32">
                      <Request url="http://localhost/industry/uploads/logo/2/4.jpg" command="GET /industry/uploads/logo/2/4.jpg HTTP/1.1" encoding="utf-8">
                        <Headers>Referer : http://localhost/industry/index.php
User-Agent : Mozilla/4.0 (compatible; MSIE 7.0; Windows NT 5.1)
Accept : */*
Accept-Language : en-us
Accept-Encoding : GZIP
Host : localhost
Cookie : PHPSESSID=5a0b064b9e2796918842c00f72e52f69; mylang=vietnam
</Headers>
                      </Request>
                      <Response url="http://localhost/industry/uploads/logo/2/4.jpg" contentType="image/jpeg" statusLine="HTTP/1.1 200 OK" pageTime="NaN" time="0.005" statusCodeString="200 OK" contentLength="3111">
                        <Headers>Accept-Ranges : bytes
Content-Length : 3111
Content-Type : image/jpeg
Date : Tue, 23 Nov 2010 14:08:29 GMT
ETag : "5b8010a0-c27-d9672f00"
Last-Modified : Mon, 30 Aug 2010 03:13:32 GMT
Server : Apache/2.2.4 (Win32) PHP/5.2.1
</Headers>
                      </Response>
                      <Context>
                        <Entry name="$TotalAgents" value="1" />
                        <Entry name="$ControllerName" value="ASUS" />
                        <Entry name="$AgentName" value="ASUS" />
                        <Entry name="$TestLogsDir" value="C:\Documents and Settings\ASUS X82Q SERIES\My Documents\Visual Studio 2008\Projects\TestProject\TestResults\ASUS X82Q SERIES_ASUS 2010-11-23 21_08_28\In\ASUS" />
                        <Entry name="$TestDeploymentDir" value="C:\Documents and Settings\ASUS X82Q SERIES\My Documents\Visual Studio 2008\Projects\TestProject\TestResults\ASUS X82Q SERIES_ASUS 2010-11-23 21_08_28\Out" />
                        <Entry name="$AgentId" value="1" />
                        <Entry name="$AgentLoadDistributor" value="Microsoft.VisualStudio.TestTools.Execution.AgentLoadDistributor" />
                        <Entry name="$TestDir" value="C:\Documents and Settings\ASUS X82Q SERIES\My Documents\Visual Studio 2008\Projects\TestProject\TestResults\ASUS X82Q SERIES_ASUS 2010-11-23 21_08_28" />
                        <Entry name="$AgentWeighting" value="100" />
                        <Entry name="$WebTestIteration" value="1" />
                        <Entry name="$WebTestUserId" value="1" />
                      </Context>
                    </WebRequestResult>
                    <WebRequestResult exceptionMessage="" run="0" submitted="true" cached="false" isRedirectFollow="false" requestBodyBytesHandle="-2" responseBytesHandle="33">
                      <Request url="http://localhost/industry/Interface/reg_1.jpg" command="GET /industry/Interface/reg_1.jpg HTTP/1.1" encoding="utf-8">
                        <Headers>Referer : http://localhost/industry/index.php
User-Agent : Mozilla/4.0 (compatible; MSIE 7.0; Windows NT 5.1)
Accept : */*
Accept-Language : en-us
Accept-Encoding : GZIP
Host : localhost
Cookie : PHPSESSID=5a0b064b9e2796918842c00f72e52f69; mylang=vietnam
</Headers>
                      </Request>
                      <Response url="http://localhost/industry/Interface/reg_1.jpg" contentType="image/jpeg" statusLine="HTTP/1.1 200 OK" pageTime="NaN" time="0.005" statusCodeString="200 OK" contentLength="2284">
                        <Headers>Accept-Ranges : bytes
Content-Length : 2284
Content-Type : image/jpeg
Date : Tue, 23 Nov 2010 14:08:29 GMT
ETag : "63f09940-8ec-d41dd680"
Last-Modified : Tue, 03 Aug 2010 05:45:46 GMT
Server : Apache/2.2.4 (Win32) PHP/5.2.1
</Headers>
                      </Response>
                      <Context>
                        <Entry name="$TotalAgents" value="1" />
                        <Entry name="$ControllerName" value="ASUS" />
                        <Entry name="$AgentName" value="ASUS" />
                        <Entry name="$TestLogsDir" value="C:\Documents and Settings\ASUS X82Q SERIES\My Documents\Visual Studio 2008\Projects\TestProject\TestResults\ASUS X82Q SERIES_ASUS 2010-11-23 21_08_28\In\ASUS" />
                        <Entry name="$TestDeploymentDir" value="C:\Documents and Settings\ASUS X82Q SERIES\My Documents\Visual Studio 2008\Projects\TestProject\TestResults\ASUS X82Q SERIES_ASUS 2010-11-23 21_08_28\Out" />
                        <Entry name="$AgentId" value="1" />
                        <Entry name="$AgentLoadDistributor" value="Microsoft.VisualStudio.TestTools.Execution.AgentLoadDistributor" />
                        <Entry name="$TestDir" value="C:\Documents and Settings\ASUS X82Q SERIES\My Documents\Visual Studio 2008\Projects\TestProject\TestResults\ASUS X82Q SERIES_ASUS 2010-11-23 21_08_28" />
                        <Entry name="$AgentWeighting" value="100" />
                        <Entry name="$WebTestIteration" value="1" />
                        <Entry name="$WebTestUserId" value="1" />
                      </Context>
                    </WebRequestResult>
                    <WebRequestResult exceptionMessage="" run="0" submitted="true" cached="false" isRedirectFollow="false" requestBodyBytesHandle="-2" responseBytesHandle="34">
                      <Request url="http://localhost/industry/library/css/contentslider.css" command="GET /industry/library/css/contentslider.css HTTP/1.1" encoding="utf-8">
                        <Headers>Referer : http://localhost/industry/index.php
User-Agent : Mozilla/4.0 (compatible; MSIE 7.0; Windows NT 5.1)
Accept : */*
Accept-Language : en-us
Accept-Encoding : GZIP
Host : localhost
Cookie : PHPSESSID=5a0b064b9e2796918842c00f72e52f69; mylang=vietnam
</Headers>
                      </Request>
                      <Response url="http://localhost/industry/library/css/contentslider.css" contentType="text/css" statusLine="HTTP/1.1 200 OK" pageTime="NaN" time="0.006" statusCodeString="200 OK" contentLength="1094">
                        <Headers>Accept-Ranges : bytes
Content-Length : 1094
Content-Type : text/css
Date : Tue, 23 Nov 2010 14:08:29 GMT
ETag : "641550e0-446-a8af7980"
Last-Modified : Tue, 31 Aug 2010 02:51:34 GMT
Server : Apache/2.2.4 (Win32) PHP/5.2.1
</Headers>
                      </Response>
                      <Context>
                        <Entry name="$TotalAgents" value="1" />
                        <Entry name="$ControllerName" value="ASUS" />
                        <Entry name="$AgentName" value="ASUS" />
                        <Entry name="$TestLogsDir" value="C:\Documents and Settings\ASUS X82Q SERIES\My Documents\Visual Studio 2008\Projects\TestProject\TestResults\ASUS X82Q SERIES_ASUS 2010-11-23 21_08_28\In\ASUS" />
                        <Entry name="$TestDeploymentDir" value="C:\Documents and Settings\ASUS X82Q SERIES\My Documents\Visual Studio 2008\Projects\TestProject\TestResults\ASUS X82Q SERIES_ASUS 2010-11-23 21_08_28\Out" />
                        <Entry name="$AgentId" value="1" />
                        <Entry name="$AgentLoadDistributor" value="Microsoft.VisualStudio.TestTools.Execution.AgentLoadDistributor" />
                        <Entry name="$TestDir" value="C:\Documents and Settings\ASUS X82Q SERIES\My Documents\Visual Studio 2008\Projects\TestProject\TestResults\ASUS X82Q SERIES_ASUS 2010-11-23 21_08_28" />
                        <Entry name="$AgentWeighting" value="100" />
                        <Entry name="$WebTestIteration" value="1" />
                        <Entry name="$WebTestUserId" value="1" />
                      </Context>
                    </WebRequestResult>
                    <WebRequestResult exceptionMessage="" run="0" submitted="true" cached="false" isRedirectFollow="false" requestBodyBytesHandle="-2" responseBytesHandle="35">
                      <Request url="http://localhost/industry/uploads/business/alone.jpg" command="GET /industry/uploads/business/alone.jpg HTTP/1.1" encoding="utf-8">
                        <Headers>Referer : http://localhost/industry/index.php
User-Agent : Mozilla/4.0 (compatible; MSIE 7.0; Windows NT 5.1)
Accept : */*
Accept-Language : en-us
Accept-Encoding : GZIP
Host : localhost
Cookie : PHPSESSID=5a0b064b9e2796918842c00f72e52f69; mylang=vietnam
</Headers>
                      </Request>
                      <Response url="http://localhost/industry/uploads/business/alone.jpg" contentType="image/jpeg" statusLine="HTTP/1.1 200 OK" pageTime="NaN" time="0.011" statusCodeString="200 OK" contentLength="26893">
                        <Headers>Accept-Ranges : bytes
Content-Length : 26893
Content-Type : image/jpeg
Date : Tue, 23 Nov 2010 14:08:29 GMT
ETag : "5b849040-690d-71191980"
Last-Modified : Thu, 10 Jun 2010 15:11:50 GMT
Server : Apache/2.2.4 (Win32) PHP/5.2.1
</Headers>
                      </Response>
                      <Context>
                        <Entry name="$TotalAgents" value="1" />
                        <Entry name="$ControllerName" value="ASUS" />
                        <Entry name="$AgentName" value="ASUS" />
                        <Entry name="$TestLogsDir" value="C:\Documents and Settings\ASUS X82Q SERIES\My Documents\Visual Studio 2008\Projects\TestProject\TestResults\ASUS X82Q SERIES_ASUS 2010-11-23 21_08_28\In\ASUS" />
                        <Entry name="$TestDeploymentDir" value="C:\Documents and Settings\ASUS X82Q SERIES\My Documents\Visual Studio 2008\Projects\TestProject\TestResults\ASUS X82Q SERIES_ASUS 2010-11-23 21_08_28\Out" />
                        <Entry name="$AgentId" value="1" />
                        <Entry name="$AgentLoadDistributor" value="Microsoft.VisualStudio.TestTools.Execution.AgentLoadDistributor" />
                        <Entry name="$TestDir" value="C:\Documents and Settings\ASUS X82Q SERIES\My Documents\Visual Studio 2008\Projects\TestProject\TestResults\ASUS X82Q SERIES_ASUS 2010-11-23 21_08_28" />
                        <Entry name="$AgentWeighting" value="100" />
                        <Entry name="$WebTestIteration" value="1" />
                        <Entry name="$WebTestUserId" value="1" />
                      </Context>
                    </WebRequestResult>
                    <WebRequestResult exceptionMessage="" run="0" submitted="true" cached="false" isRedirectFollow="false" requestBodyBytesHandle="-2" responseBytesHandle="36">
                      <Request url="http://localhost/industry/uploads/business/Michele-Rino-Mastrotto.jpg" command="GET /industry/uploads/business/Michele-Rino-Mastrotto.jpg HTTP/1.1" encoding="utf-8">
                        <Headers>Referer : http://localhost/industry/index.php
User-Agent : Mozilla/4.0 (compatible; MSIE 7.0; Windows NT 5.1)
Accept : */*
Accept-Language : en-us
Accept-Encoding : GZIP
Host : localhost
Cookie : PHPSESSID=5a0b064b9e2796918842c00f72e52f69; mylang=vietnam
</Headers>
                      </Request>
                      <Response url="http://localhost/industry/uploads/business/Michele-Rino-Mastrotto.jpg" contentType="image/jpeg" statusLine="HTTP/1.1 200 OK" pageTime="NaN" time="0.004" statusCodeString="200 OK" contentLength="3193">
                        <Headers>Accept-Ranges : bytes
Content-Length : 3193
Content-Type : image/jpeg
Date : Tue, 23 Nov 2010 14:08:29 GMT
ETag : "5b8490a0-c79-f23ca680"
Last-Modified : Sun, 08 Aug 2010 07:35:38 GMT
Server : Apache/2.2.4 (Win32) PHP/5.2.1
</Headers>
                      </Response>
                      <Context>
                        <Entry name="$TotalAgents" value="1" />
                        <Entry name="$ControllerName" value="ASUS" />
                        <Entry name="$AgentName" value="ASUS" />
                        <Entry name="$TestLogsDir" value="C:\Documents and Settings\ASUS X82Q SERIES\My Documents\Visual Studio 2008\Projects\TestProject\TestResults\ASUS X82Q SERIES_ASUS 2010-11-23 21_08_28\In\ASUS" />
                        <Entry name="$TestDeploymentDir" value="C:\Documents and Settings\ASUS X82Q SERIES\My Documents\Visual Studio 2008\Projects\TestProject\TestResults\ASUS X82Q SERIES_ASUS 2010-11-23 21_08_28\Out" />
                        <Entry name="$AgentId" value="1" />
                        <Entry name="$AgentLoadDistributor" value="Microsoft.VisualStudio.TestTools.Execution.AgentLoadDistributor" />
                        <Entry name="$TestDir" value="C:\Documents and Settings\ASUS X82Q SERIES\My Documents\Visual Studio 2008\Projects\TestProject\TestResults\ASUS X82Q SERIES_ASUS 2010-11-23 21_08_28" />
                        <Entry name="$AgentWeighting" value="100" />
                        <Entry name="$WebTestIteration" value="1" />
                        <Entry name="$WebTestUserId" value="1" />
                      </Context>
                    </WebRequestResult>
                    <WebRequestResult exceptionMessage="" run="0" submitted="true" cached="false" isRedirectFollow="false" requestBodyBytesHandle="-2" responseBytesHandle="37">
                      <Request url="http://localhost/industry/library/js/contentslider.js" command="GET /industry/library/js/contentslider.js HTTP/1.1" encoding="utf-8">
                        <Headers>Referer : http://localhost/industry/index.php
User-Agent : Mozilla/4.0 (compatible; MSIE 7.0; Windows NT 5.1)
Accept : */*
Accept-Language : en-us
Accept-Encoding : GZIP
Host : localhost
Cookie : PHPSESSID=5a0b064b9e2796918842c00f72e52f69; mylang=vietnam
</Headers>
                      </Request>
                      <Response url="http://localhost/industry/library/js/contentslider.js" contentType="application/x-javascript" statusLine="HTTP/1.1 200 OK" pageTime="NaN" time="0.029" statusCodeString="200 OK" contentLength="10727">
                        <Headers>X-Pad : avoid browser bug
Accept-Ranges : bytes
Content-Length : 10727
Content-Type : application/x-javascript
Date : Tue, 23 Nov 2010 14:08:29 GMT
ETag : "640c1080-29e7-61096980"
Last-Modified : Tue, 31 Aug 2010 00:08:22 GMT
Server : Apache/2.2.4 (Win32) PHP/5.2.1
</Headers>
                      </Response>
                      <Context>
                        <Entry name="$TotalAgents" value="1" />
                        <Entry name="$ControllerName" value="ASUS" />
                        <Entry name="$AgentName" value="ASUS" />
                        <Entry name="$TestLogsDir" value="C:\Documents and Settings\ASUS X82Q SERIES\My Documents\Visual Studio 2008\Projects\TestProject\TestResults\ASUS X82Q SERIES_ASUS 2010-11-23 21_08_28\In\ASUS" />
                        <Entry name="$TestDeploymentDir" value="C:\Documents and Settings\ASUS X82Q SERIES\My Documents\Visual Studio 2008\Projects\TestProject\TestResults\ASUS X82Q SERIES_ASUS 2010-11-23 21_08_28\Out" />
                        <Entry name="$AgentId" value="1" />
                        <Entry name="$AgentLoadDistributor" value="Microsoft.VisualStudio.TestTools.Execution.AgentLoadDistributor" />
                        <Entry name="$TestDir" value="C:\Documents and Settings\ASUS X82Q SERIES\My Documents\Visual Studio 2008\Projects\TestProject\TestResults\ASUS X82Q SERIES_ASUS 2010-11-23 21_08_28" />
                        <Entry name="$AgentWeighting" value="100" />
                        <Entry name="$WebTestIteration" value="1" />
                        <Entry name="$WebTestUserId" value="1" />
                      </Context>
                    </WebRequestResult>
                    <WebRequestResult exceptionMessage="" run="0" submitted="true" cached="false" isRedirectFollow="false" requestBodyBytesHandle="-2" responseBytesHandle="38">
                      <Request url="http://localhost/industry/interface/money_icon.gif" command="GET /industry/interface/money_icon.gif HTTP/1.1" encoding="utf-8">
                        <Headers>Referer : http://localhost/industry/index.php
User-Agent : Mozilla/4.0 (compatible; MSIE 7.0; Windows NT 5.1)
Accept : */*
Accept-Language : en-us
Accept-Encoding : GZIP
Host : localhost
Cookie : PHPSESSID=5a0b064b9e2796918842c00f72e52f69; mylang=vietnam
</Headers>
                      </Request>
                      <Response url="http://localhost/industry/interface/money_icon.gif" contentType="image/gif" statusLine="HTTP/1.1 200 OK" pageTime="NaN" time="0.006" statusCodeString="200 OK" contentLength="4551">
                        <Headers>Accept-Ranges : bytes
Content-Length : 4551
Content-Type : image/gif
Date : Tue, 23 Nov 2010 14:08:29 GMT
ETag : "63f09820-11c7-6df1d480"
Last-Modified : Sun, 19 Sep 2010 02:19:46 GMT
Server : Apache/2.2.4 (Win32) PHP/5.2.1
</Headers>
                      </Response>
                      <Context>
                        <Entry name="$TotalAgents" value="1" />
                        <Entry name="$ControllerName" value="ASUS" />
                        <Entry name="$AgentName" value="ASUS" />
                        <Entry name="$TestLogsDir" value="C:\Documents and Settings\ASUS X82Q SERIES\My Documents\Visual Studio 2008\Projects\TestProject\TestResults\ASUS X82Q SERIES_ASUS 2010-11-23 21_08_28\In\ASUS" />
                        <Entry name="$TestDeploymentDir" value="C:\Documents and Settings\ASUS X82Q SERIES\My Documents\Visual Studio 2008\Projects\TestProject\TestResults\ASUS X82Q SERIES_ASUS 2010-11-23 21_08_28\Out" />
                        <Entry name="$AgentId" value="1" />
                        <Entry name="$AgentLoadDistributor" value="Microsoft.VisualStudio.TestTools.Execution.AgentLoadDistributor" />
                        <Entry name="$TestDir" value="C:\Documents and Settings\ASUS X82Q SERIES\My Documents\Visual Studio 2008\Projects\TestProject\TestResults\ASUS X82Q SERIES_ASUS 2010-11-23 21_08_28" />
                        <Entry name="$AgentWeighting" value="100" />
                        <Entry name="$WebTestIteration" value="1" />
                        <Entry name="$WebTestUserId" value="1" />
                      </Context>
                    </WebRequestResult>
                    <WebRequestResult exceptionMessage="" run="0" submitted="true" cached="false" isRedirectFollow="false" requestBodyBytesHandle="-2" responseBytesHandle="39">
                      <Request url="http://localhost/industry/interface/user.png" command="GET /industry/interface/user.png HTTP/1.1" encoding="utf-8">
                        <Headers>Referer : http://localhost/industry/index.php
User-Agent : Mozilla/4.0 (compatible; MSIE 7.0; Windows NT 5.1)
Accept : */*
Accept-Language : en-us
Accept-Encoding : GZIP
Host : localhost
Cookie : PHPSESSID=5a0b064b9e2796918842c00f72e52f69; mylang=vietnam
</Headers>
                      </Request>
                      <Response url="http://localhost/industry/interface/user.png" contentType="image/png" statusLine="HTTP/1.1 200 OK" pageTime="NaN" time="0.004" statusCodeString="200 OK" contentLength="588">
                        <Headers>Accept-Ranges : bytes
Content-Length : 588
Content-Type : image/png
Date : Tue, 23 Nov 2010 14:08:29 GMT
ETag : "63f09b00-24c-4a7c9000"
Last-Modified : Wed, 17 Mar 2010 19:40:48 GMT
Server : Apache/2.2.4 (Win32) PHP/5.2.1
</Headers>
                      </Response>
                      <Context>
                        <Entry name="$TotalAgents" value="1" />
                        <Entry name="$ControllerName" value="ASUS" />
                        <Entry name="$AgentName" value="ASUS" />
                        <Entry name="$TestLogsDir" value="C:\Documents and Settings\ASUS X82Q SERIES\My Documents\Visual Studio 2008\Projects\TestProject\TestResults\ASUS X82Q SERIES_ASUS 2010-11-23 21_08_28\In\ASUS" />
                        <Entry name="$TestDeploymentDir" value="C:\Documents and Settings\ASUS X82Q SERIES\My Documents\Visual Studio 2008\Projects\TestProject\TestResults\ASUS X82Q SERIES_ASUS 2010-11-23 21_08_28\Out" />
                        <Entry name="$AgentId" value="1" />
                        <Entry name="$AgentLoadDistributor" value="Microsoft.VisualStudio.TestTools.Execution.AgentLoadDistributor" />
                        <Entry name="$TestDir" value="C:\Documents and Settings\ASUS X82Q SERIES\My Documents\Visual Studio 2008\Projects\TestProject\TestResults\ASUS X82Q SERIES_ASUS 2010-11-23 21_08_28" />
                        <Entry name="$AgentWeighting" value="100" />
                        <Entry name="$WebTestIteration" value="1" />
                        <Entry name="$WebTestUserId" value="1" />
                      </Context>
                    </WebRequestResult>
                    <WebRequestResult exceptionMessage="" run="0" submitted="true" cached="false" isRedirectFollow="false" requestBodyBytesHandle="-2" responseBytesHandle="40">
                      <Request url="http://localhost/industry/interface/business.png" command="GET /industry/interface/business.png HTTP/1.1" encoding="utf-8">
                        <Headers>Referer : http://localhost/industry/index.php
User-Agent : Mozilla/4.0 (compatible; MSIE 7.0; Windows NT 5.1)
Accept : */*
Accept-Language : en-us
Accept-Encoding : GZIP
Host : localhost
Cookie : PHPSESSID=5a0b064b9e2796918842c00f72e52f69; mylang=vietnam
</Headers>
                      </Request>
                      <Response url="http://localhost/industry/interface/business.png" contentType="image/png" statusLine="HTTP/1.1 200 OK" pageTime="NaN" time="0.005" statusCodeString="200 OK" contentLength="870">
                        <Headers>Accept-Ranges : bytes
Content-Length : 870
Content-Type : image/png
Date : Tue, 23 Nov 2010 14:08:29 GMT
ETag : "63f09140-366-36683500"
Last-Modified : Wed, 25 Nov 2009 12:29:40 GMT
Server : Apache/2.2.4 (Win32) PHP/5.2.1
</Headers>
                      </Response>
                      <Context>
                        <Entry name="$TotalAgents" value="1" />
                        <Entry name="$ControllerName" value="ASUS" />
                        <Entry name="$AgentName" value="ASUS" />
                        <Entry name="$TestLogsDir" value="C:\Documents and Settings\ASUS X82Q SERIES\My Documents\Visual Studio 2008\Projects\TestProject\TestResults\ASUS X82Q SERIES_ASUS 2010-11-23 21_08_28\In\ASUS" />
                        <Entry name="$TestDeploymentDir" value="C:\Documents and Settings\ASUS X82Q SERIES\My Documents\Visual Studio 2008\Projects\TestProject\TestResults\ASUS X82Q SERIES_ASUS 2010-11-23 21_08_28\Out" />
                        <Entry name="$AgentId" value="1" />
                        <Entry name="$AgentLoadDistributor" value="Microsoft.VisualStudio.TestTools.Execution.AgentLoadDistributor" />
                        <Entry name="$TestDir" value="C:\Documents and Settings\ASUS X82Q SERIES\My Documents\Visual Studio 2008\Projects\TestProject\TestResults\ASUS X82Q SERIES_ASUS 2010-11-23 21_08_28" />
                        <Entry name="$AgentWeighting" value="100" />
                        <Entry name="$WebTestIteration" value="1" />
                        <Entry name="$WebTestUserId" value="1" />
                      </Context>
                    </WebRequestResult>
                  </DependantResults>
                  <ValidationRuleResults>
                    <ValidationRuleResult message="Passed" ruleType="Validation" name="Response URL" />
                  </ValidationRuleResults>
                </WebRequestResult>
              </WebTestResultPage>
              <WebTestResultPage>
                <WebRequestResult exceptionMessage="" run="0" submitted="true" cached="false" isRedirectFollow="false" requestBodyBytesHandle="-2" responseBytesHandle="41">
                  <Request url="http://localhost/industry/gallery.swf" command="GET /industry/gallery.swf HTTP/1.1" encoding="utf-8">
                    <Headers>User-Agent : Mozilla/4.0 (compatible; MSIE 7.0; Windows NT 5.1)
Accept : */*
Accept-Language : en-us
Accept-Encoding : GZIP
Host : localhost
Cookie : PHPSESSID=5a0b064b9e2796918842c00f72e52f69; mylang=vietnam
</Headers>
                  </Request>
                  <Response url="http://localhost/industry/gallery.swf" contentType="application/x-shockwave-flash" statusLine="HTTP/1.1 200 OK" pageTime="0.012" time="0.012" statusCodeString="200 OK" contentLength="4730">
                    <Headers>Accept-Ranges : bytes
Content-Length : 4730
Content-Type : application/x-shockwave-flash
Date : Tue, 23 Nov 2010 14:08:29 GMT
ETag : "40ed16a0-127a-61a72080"
Last-Modified : Mon, 05 Oct 2009 16:12:34 GMT
Server : Apache/2.2.4 (Win32) PHP/5.2.1
</Headers>
                  </Response>
                  <Context>
                    <Entry name="$TotalAgents" value="1" />
                    <Entry name="$ControllerName" value="ASUS" />
                    <Entry name="$AgentName" value="ASUS" />
                    <Entry name="$TestLogsDir" value="C:\Documents and Settings\ASUS X82Q SERIES\My Documents\Visual Studio 2008\Projects\TestProject\TestResults\ASUS X82Q SERIES_ASUS 2010-11-23 21_08_28\In\ASUS" />
                    <Entry name="$TestDeploymentDir" value="C:\Documents and Settings\ASUS X82Q SERIES\My Documents\Visual Studio 2008\Projects\TestProject\TestResults\ASUS X82Q SERIES_ASUS 2010-11-23 21_08_28\Out" />
                    <Entry name="$AgentId" value="1" />
                    <Entry name="$AgentLoadDistributor" value="Microsoft.VisualStudio.TestTools.Execution.AgentLoadDistributor" />
                    <Entry name="$TestDir" value="C:\Documents and Settings\ASUS X82Q SERIES\My Documents\Visual Studio 2008\Projects\TestProject\TestResults\ASUS X82Q SERIES_ASUS 2010-11-23 21_08_28" />
                    <Entry name="$AgentWeighting" value="100" />
                    <Entry name="$WebTestIteration" value="1" />
                    <Entry name="$WebTestUserId" value="1" />
                  </Context>
                  <ValidationRuleResults>
                    <ValidationRuleResult message="Passed" ruleType="Validation" name="Response URL" />
                  </ValidationRuleResults>
                </WebRequestResult>
              </WebTestResultPage>
              <WebTestResultPage>
                <WebRequestResult exceptionMessage="" run="0" submitted="true" cached="false" isRedirectFollow="false" requestBodyBytesHandle="-2" responseBytesHandle="42">
                  <Request url="http://localhost/industry/trade/sell/index.php" command="GET /industry/trade/sell/index.php HTTP/1.1" encoding="utf-8">
                    <Headers>User-Agent : Mozilla/4.0 (compatible; MSIE 7.0; Windows NT 5.1)
Accept : */*
Accept-Language : en-us
Accept-Encoding : GZIP
Host : localhost
Cookie : PHPSESSID=5a0b064b9e2796918842c00f72e52f69; mylang=vietnam
</Headers>
                  </Request>
                  <Response url="http://localhost/industry/trade/sell/index.php" contentType="text/html; charset=utf-8" statusLine="HTTP/1.1 200 OK" pageTime="0.971" time="0.8" statusCodeString="200 OK" contentLength="30876">
                    <Headers>Pragma : no-cache
Transfer-Encoding : chunked
Cache-Control : no-store, no-cache, must-revalidate, post-check=0, pre-check=0
Content-Type : text/html; charset:utf-8
Date : Tue, 23 Nov 2010 14:08:29 GMT
Expires : Thu, 19 Nov 1981 08:52:00 GMT
Set-Cookie : mylang=vietnam; expires=Tue, 30-Nov-2010 14:08:30 GMT; path=/
Server : Apache/2.2.4 (Win32) PHP/5.2.1
X-Powered-By : PHP/5.2.1
</Headers>
                  </Response>
                  <Context>
                    <Entry name="$TotalAgents" value="1" />
                    <Entry name="$ControllerName" value="ASUS" />
                    <Entry name="$AgentName" value="ASUS" />
                    <Entry name="$TestLogsDir" value="C:\Documents and Settings\ASUS X82Q SERIES\My Documents\Visual Studio 2008\Projects\TestProject\TestResults\ASUS X82Q SERIES_ASUS 2010-11-23 21_08_28\In\ASUS" />
                    <Entry name="$TestDeploymentDir" value="C:\Documents and Settings\ASUS X82Q SERIES\My Documents\Visual Studio 2008\Projects\TestProject\TestResults\ASUS X82Q SERIES_ASUS 2010-11-23 21_08_28\Out" />
                    <Entry name="$AgentId" value="1" />
                    <Entry name="$AgentLoadDistributor" value="Microsoft.VisualStudio.TestTools.Execution.AgentLoadDistributor" />
                    <Entry name="$TestDir" value="C:\Documents and Settings\ASUS X82Q SERIES\My Documents\Visual Studio 2008\Projects\TestProject\TestResults\ASUS X82Q SERIES_ASUS 2010-11-23 21_08_28" />
                    <Entry name="$AgentWeighting" value="100" />
                    <Entry name="$WebTestIteration" value="1" />
                    <Entry name="$WebTestUserId" value="1" />
                  </Context>
                  <DependantResults>
                    <WebRequestResult exceptionMessage="" run="0" submitted="true" cached="false" isRedirectFollow="false" requestBodyBytesHandle="-2" responseBytesHandle="2">
                      <Request url="http://localhost/industry/library/CSS/style_menu.css" command="GET /industry/library/CSS/style_menu.css HTTP/1.1" encoding="utf-8">
                        <Headers>Referer : http://localhost/industry/trade/sell/index.php
User-Agent : Mozilla/4.0 (compatible; MSIE 7.0; Windows NT 5.1)
Accept : */*
Accept-Language : en-us
Accept-Encoding : GZIP
Host : localhost
Cookie : PHPSESSID=5a0b064b9e2796918842c00f72e52f69; mylang=vietnam
</Headers>
                      </Request>
                      <Response url="http://localhost/industry/library/CSS/style_menu.css" contentType="text/css" statusLine="HTTP/1.1 200 OK" pageTime="NaN" time="0.006" statusCodeString="200 OK" contentLength="1103">
                        <Headers>Accept-Ranges : bytes
Content-Length : 1103
Content-Type : text/css
Date : Tue, 23 Nov 2010 14:08:30 GMT
ETag : "641553c0-44f-9c443c00"
Last-Modified : Fri, 27 Aug 2010 12:54:08 GMT
Server : Apache/2.2.4 (Win32) PHP/5.2.1
</Headers>
                      </Response>
                      <Context>
                        <Entry name="$TotalAgents" value="1" />
                        <Entry name="$ControllerName" value="ASUS" />
                        <Entry name="$AgentName" value="ASUS" />
                        <Entry name="$TestLogsDir" value="C:\Documents and Settings\ASUS X82Q SERIES\My Documents\Visual Studio 2008\Projects\TestProject\TestResults\ASUS X82Q SERIES_ASUS 2010-11-23 21_08_28\In\ASUS" />
                        <Entry name="$TestDeploymentDir" value="C:\Documents and Settings\ASUS X82Q SERIES\My Documents\Visual Studio 2008\Projects\TestProject\TestResults\ASUS X82Q SERIES_ASUS 2010-11-23 21_08_28\Out" />
                        <Entry name="$AgentId" value="1" />
                        <Entry name="$AgentLoadDistributor" value="Microsoft.VisualStudio.TestTools.Execution.AgentLoadDistributor" />
                        <Entry name="$TestDir" value="C:\Documents and Settings\ASUS X82Q SERIES\My Documents\Visual Studio 2008\Projects\TestProject\TestResults\ASUS X82Q SERIES_ASUS 2010-11-23 21_08_28" />
                        <Entry name="$AgentWeighting" value="100" />
                        <Entry name="$WebTestIteration" value="1" />
                        <Entry name="$WebTestUserId" value="1" />
                      </Context>
                    </WebRequestResult>
                    <WebRequestResult exceptionMessage="" run="0" submitted="true" cached="false" isRedirectFollow="false" requestBodyBytesHandle="-2" responseBytesHandle="1">
                      <Request url="http://localhost/industry/library/CSS/style.css" command="GET /industry/library/CSS/style.css HTTP/1.1" encoding="utf-8">
                        <Headers>Referer : http://localhost/industry/trade/sell/index.php
User-Agent : Mozilla/4.0 (compatible; MSIE 7.0; Windows NT 5.1)
Accept : */*
Accept-Language : en-us
Accept-Encoding : GZIP
Host : localhost
Cookie : PHPSESSID=5a0b064b9e2796918842c00f72e52f69; mylang=vietnam
</Headers>
                      </Request>
                      <Response url="http://localhost/industry/library/CSS/style.css" contentType="text/css" statusLine="HTTP/1.1 200 OK" pageTime="NaN" time="0.009" statusCodeString="200 OK" contentLength="9991">
                        <Headers>Accept-Ranges : bytes
Content-Length : 9991
Content-Type : text/css
Date : Tue, 23 Nov 2010 14:08:30 GMT
ETag : "64155240-2707-e0400a80"
Last-Modified : Fri, 24 Sep 2010 18:52:10 GMT
Server : Apache/2.2.4 (Win32) PHP/5.2.1
</Headers>
                      </Response>
                      <Context>
                        <Entry name="$TotalAgents" value="1" />
                        <Entry name="$ControllerName" value="ASUS" />
                        <Entry name="$AgentName" value="ASUS" />
                        <Entry name="$TestLogsDir" value="C:\Documents and Settings\ASUS X82Q SERIES\My Documents\Visual Studio 2008\Projects\TestProject\TestResults\ASUS X82Q SERIES_ASUS 2010-11-23 21_08_28\In\ASUS" />
                        <Entry name="$TestDeploymentDir" value="C:\Documents and Settings\ASUS X82Q SERIES\My Documents\Visual Studio 2008\Projects\TestProject\TestResults\ASUS X82Q SERIES_ASUS 2010-11-23 21_08_28\Out" />
                        <Entry name="$AgentId" value="1" />
                        <Entry name="$AgentLoadDistributor" value="Microsoft.VisualStudio.TestTools.Execution.AgentLoadDistributor" />
                        <Entry name="$TestDir" value="C:\Documents and Settings\ASUS X82Q SERIES\My Documents\Visual Studio 2008\Projects\TestProject\TestResults\ASUS X82Q SERIES_ASUS 2010-11-23 21_08_28" />
                        <Entry name="$AgentWeighting" value="100" />
                        <Entry name="$WebTestIteration" value="1" />
                        <Entry name="$WebTestUserId" value="1" />
                      </Context>
                    </WebRequestResult>
                    <WebRequestResult exceptionMessage="" run="0" submitted="true" cached="false" isRedirectFollow="false" requestBodyBytesHandle="-2" responseBytesHandle="43">
                      <Request url="http://localhost/industry/library/CSS/style-slide.css" command="GET /industry/library/CSS/style-slide.css HTTP/1.1" encoding="utf-8">
                        <Headers>Referer : http://localhost/industry/trade/sell/index.php
User-Agent : Mozilla/4.0 (compatible; MSIE 7.0; Windows NT 5.1)
Accept : */*
Accept-Language : en-us
Accept-Encoding : GZIP
Host : localhost
Cookie : PHPSESSID=5a0b064b9e2796918842c00f72e52f69; mylang=vietnam
</Headers>
                      </Request>
                      <Response url="http://localhost/industry/library/CSS/style-slide.css" contentType="text/css" statusLine="HTTP/1.1 200 OK" pageTime="NaN" time="0.007" statusCodeString="200 OK" contentLength="1629">
                        <Headers>Accept-Ranges : bytes
Content-Length : 1629
Content-Type : text/css
Date : Tue, 23 Nov 2010 14:08:30 GMT
ETag : "64155220-65d-d44b7f00"
Last-Modified : Fri, 27 Aug 2010 13:09:48 GMT
Server : Apache/2.2.4 (Win32) PHP/5.2.1
</Headers>
                      </Response>
                      <Context>
                        <Entry name="$TotalAgents" value="1" />
                        <Entry name="$ControllerName" value="ASUS" />
                        <Entry name="$AgentName" value="ASUS" />
                        <Entry name="$TestLogsDir" value="C:\Documents and Settings\ASUS X82Q SERIES\My Documents\Visual Studio 2008\Projects\TestProject\TestResults\ASUS X82Q SERIES_ASUS 2010-11-23 21_08_28\In\ASUS" />
                        <Entry name="$TestDeploymentDir" value="C:\Documents and Settings\ASUS X82Q SERIES\My Documents\Visual Studio 2008\Projects\TestProject\TestResults\ASUS X82Q SERIES_ASUS 2010-11-23 21_08_28\Out" />
                        <Entry name="$AgentId" value="1" />
                        <Entry name="$AgentLoadDistributor" value="Microsoft.VisualStudio.TestTools.Execution.AgentLoadDistributor" />
                        <Entry name="$TestDir" value="C:\Documents and Settings\ASUS X82Q SERIES\My Documents\Visual Studio 2008\Projects\TestProject\TestResults\ASUS X82Q SERIES_ASUS 2010-11-23 21_08_28" />
                        <Entry name="$AgentWeighting" value="100" />
                        <Entry name="$WebTestIteration" value="1" />
                        <Entry name="$WebTestUserId" value="1" />
                      </Context>
                    </WebRequestResult>
                    <WebRequestResult exceptionMessage="" run="0" submitted="true" cached="false" isRedirectFollow="false" requestBodyBytesHandle="-2" responseBytesHandle="44">
                      <Request url="http://localhost/industry/library/CSS/style_buy_sale.css" command="GET /industry/library/CSS/style_buy_sale.css HTTP/1.1" encoding="utf-8">
                        <Headers>Referer : http://localhost/industry/trade/sell/index.php
User-Agent : Mozilla/4.0 (compatible; MSIE 7.0; Windows NT 5.1)
Accept : */*
Accept-Language : en-us
Accept-Encoding : GZIP
Host : localhost
Cookie : PHPSESSID=5a0b064b9e2796918842c00f72e52f69; mylang=vietnam
</Headers>
                      </Request>
                      <Response url="http://localhost/industry/library/CSS/style_buy_sale.css" contentType="text/css" statusLine="HTTP/1.1 200 OK" pageTime="NaN" time="0.009" statusCodeString="200 OK" contentLength="4307">
                        <Headers>Accept-Ranges : bytes
Content-Length : 4307
Content-Type : text/css
Date : Tue, 23 Nov 2010 14:08:30 GMT
ETag : "641552a0-10d3-f8823c00"
Last-Modified : Mon, 20 Sep 2010 05:13:20 GMT
Server : Apache/2.2.4 (Win32) PHP/5.2.1
</Headers>
                      </Response>
                      <Context>
                        <Entry name="$TotalAgents" value="1" />
                        <Entry name="$ControllerName" value="ASUS" />
                        <Entry name="$AgentName" value="ASUS" />
                        <Entry name="$TestLogsDir" value="C:\Documents and Settings\ASUS X82Q SERIES\My Documents\Visual Studio 2008\Projects\TestProject\TestResults\ASUS X82Q SERIES_ASUS 2010-11-23 21_08_28\In\ASUS" />
                        <Entry name="$TestDeploymentDir" value="C:\Documents and Settings\ASUS X82Q SERIES\My Documents\Visual Studio 2008\Projects\TestProject\TestResults\ASUS X82Q SERIES_ASUS 2010-11-23 21_08_28\Out" />
                        <Entry name="$AgentId" value="1" />
                        <Entry name="$AgentLoadDistributor" value="Microsoft.VisualStudio.TestTools.Execution.AgentLoadDistributor" />
                        <Entry name="$TestDir" value="C:\Documents and Settings\ASUS X82Q SERIES\My Documents\Visual Studio 2008\Projects\TestProject\TestResults\ASUS X82Q SERIES_ASUS 2010-11-23 21_08_28" />
                        <Entry name="$AgentWeighting" value="100" />
                        <Entry name="$WebTestIteration" value="1" />
                        <Entry name="$WebTestUserId" value="1" />
                      </Context>
                    </WebRequestResult>
                    <WebRequestResult exceptionMessage="" run="0" submitted="true" cached="false" isRedirectFollow="false" requestBodyBytesHandle="-2" responseBytesHandle="8">
                      <Request url="http://localhost/industry/library/js/script.js" command="GET /industry/library/js/script.js HTTP/1.1" encoding="utf-8">
                        <Headers>Referer : http://localhost/industry/trade/sell/index.php
User-Agent : Mozilla/4.0 (compatible; MSIE 7.0; Windows NT 5.1)
Accept : */*
Accept-Language : en-us
Accept-Encoding : GZIP
Host : localhost
Cookie : PHPSESSID=5a0b064b9e2796918842c00f72e52f69; mylang=vietnam
</Headers>
                      </Request>
                      <Response url="http://localhost/industry/library/js/script.js" contentType="application/x-javascript" statusLine="HTTP/1.1 200 OK" pageTime="NaN" time="0.008" statusCodeString="200 OK" contentLength="403">
                        <Headers>Accept-Ranges : bytes
Content-Length : 403
Content-Type : application/x-javascript
Date : Tue, 23 Nov 2010 14:08:30 GMT
ETag : "640c1340-193-56ac8480"
Last-Modified : Tue, 27 Jul 2010 06:09:06 GMT
Server : Apache/2.2.4 (Win32) PHP/5.2.1
</Headers>
                      </Response>
                      <Context>
                        <Entry name="$TotalAgents" value="1" />
                        <Entry name="$ControllerName" value="ASUS" />
                        <Entry name="$AgentName" value="ASUS" />
                        <Entry name="$TestLogsDir" value="C:\Documents and Settings\ASUS X82Q SERIES\My Documents\Visual Studio 2008\Projects\TestProject\TestResults\ASUS X82Q SERIES_ASUS 2010-11-23 21_08_28\In\ASUS" />
                        <Entry name="$TestDeploymentDir" value="C:\Documents and Settings\ASUS X82Q SERIES\My Documents\Visual Studio 2008\Projects\TestProject\TestResults\ASUS X82Q SERIES_ASUS 2010-11-23 21_08_28\Out" />
                        <Entry name="$AgentId" value="1" />
                        <Entry name="$AgentLoadDistributor" value="Microsoft.VisualStudio.TestTools.Execution.AgentLoadDistributor" />
                        <Entry name="$TestDir" value="C:\Documents and Settings\ASUS X82Q SERIES\My Documents\Visual Studio 2008\Projects\TestProject\TestResults\ASUS X82Q SERIES_ASUS 2010-11-23 21_08_28" />
                        <Entry name="$AgentWeighting" value="100" />
                        <Entry name="$WebTestIteration" value="1" />
                        <Entry name="$WebTestUserId" value="1" />
                      </Context>
                    </WebRequestResult>
                    <WebRequestResult exceptionMessage="" run="0" submitted="true" cached="false" isRedirectFollow="false" requestBodyBytesHandle="-2" responseBytesHandle="11">
                      <Request url="http://localhost/industry/library/js/jquery_menu.js" command="GET /industry/library/js/jquery_menu.js HTTP/1.1" encoding="utf-8">
                        <Headers>Referer : http://localhost/industry/trade/sell/index.php
User-Agent : Mozilla/4.0 (compatible; MSIE 7.0; Windows NT 5.1)
Accept : */*
Accept-Language : en-us
Accept-Encoding : GZIP
Host : localhost
Cookie : PHPSESSID=5a0b064b9e2796918842c00f72e52f69; mylang=vietnam
</Headers>
                      </Request>
                      <Response url="http://localhost/industry/library/js/jquery_menu.js" contentType="application/x-javascript" statusLine="HTTP/1.1 200 OK" pageTime="NaN" time="0.064" statusCodeString="200 OK" contentLength="57170">
                        <Headers>X-Pad : avoid browser bug
Accept-Ranges : bytes
Content-Length : 57170
Content-Type : application/x-javascript
Date : Tue, 23 Nov 2010 14:08:30 GMT
ETag : "640c1260-df52-984af280"
Last-Modified : Tue, 27 Jul 2010 02:52:42 GMT
Server : Apache/2.2.4 (Win32) PHP/5.2.1
</Headers>
                      </Response>
                      <Context>
                        <Entry name="$TotalAgents" value="1" />
                        <Entry name="$ControllerName" value="ASUS" />
                        <Entry name="$AgentName" value="ASUS" />
                        <Entry name="$TestLogsDir" value="C:\Documents and Settings\ASUS X82Q SERIES\My Documents\Visual Studio 2008\Projects\TestProject\TestResults\ASUS X82Q SERIES_ASUS 2010-11-23 21_08_28\In\ASUS" />
                        <Entry name="$TestDeploymentDir" value="C:\Documents and Settings\ASUS X82Q SERIES\My Documents\Visual Studio 2008\Projects\TestProject\TestResults\ASUS X82Q SERIES_ASUS 2010-11-23 21_08_28\Out" />
                        <Entry name="$AgentId" value="1" />
                        <Entry name="$AgentLoadDistributor" value="Microsoft.VisualStudio.TestTools.Execution.AgentLoadDistributor" />
                        <Entry name="$TestDir" value="C:\Documents and Settings\ASUS X82Q SERIES\My Documents\Visual Studio 2008\Projects\TestProject\TestResults\ASUS X82Q SERIES_ASUS 2010-11-23 21_08_28" />
                        <Entry name="$AgentWeighting" value="100" />
                        <Entry name="$WebTestIteration" value="1" />
                        <Entry name="$WebTestUserId" value="1" />
                      </Context>
                    </WebRequestResult>
                    <WebRequestResult exceptionMessage="" run="0" submitted="true" cached="false" isRedirectFollow="false" requestBodyBytesHandle="-2" responseBytesHandle="45">
                      <Request url="http://localhost/industry/library/js/jquery.js" command="GET /industry/library/js/jquery.js HTTP/1.1" encoding="utf-8">
                        <Headers>Referer : http://localhost/industry/trade/sell/index.php
User-Agent : Mozilla/4.0 (compatible; MSIE 7.0; Windows NT 5.1)
Accept : */*
Accept-Language : en-us
Accept-Encoding : GZIP
Host : localhost
Cookie : PHPSESSID=5a0b064b9e2796918842c00f72e52f69; mylang=vietnam
</Headers>
                      </Request>
                      <Response url="http://localhost/industry/library/js/jquery.js" contentType="application/x-javascript" statusLine="HTTP/1.1 200 OK" pageTime="NaN" time="0.058" statusCodeString="200 OK" contentLength="50783">
                        <Headers>X-Pad : avoid browser bug
Accept-Ranges : bytes
Content-Length : 50783
Content-Type : application/x-javascript
Date : Tue, 23 Nov 2010 14:08:30 GMT
ETag : "640c11c0-c65f-f7d5c480"
Last-Modified : Fri, 06 Aug 2010 16:14:58 GMT
Server : Apache/2.2.4 (Win32) PHP/5.2.1
</Headers>
                      </Response>
                      <Context>
                        <Entry name="$TotalAgents" value="1" />
                        <Entry name="$ControllerName" value="ASUS" />
                        <Entry name="$AgentName" value="ASUS" />
                        <Entry name="$TestLogsDir" value="C:\Documents and Settings\ASUS X82Q SERIES\My Documents\Visual Studio 2008\Projects\TestProject\TestResults\ASUS X82Q SERIES_ASUS 2010-11-23 21_08_28\In\ASUS" />
                        <Entry name="$TestDeploymentDir" value="C:\Documents and Settings\ASUS X82Q SERIES\My Documents\Visual Studio 2008\Projects\TestProject\TestResults\ASUS X82Q SERIES_ASUS 2010-11-23 21_08_28\Out" />
                        <Entry name="$AgentId" value="1" />
                        <Entry name="$AgentLoadDistributor" value="Microsoft.VisualStudio.TestTools.Execution.AgentLoadDistributor" />
                        <Entry name="$TestDir" value="C:\Documents and Settings\ASUS X82Q SERIES\My Documents\Visual Studio 2008\Projects\TestProject\TestResults\ASUS X82Q SERIES_ASUS 2010-11-23 21_08_28" />
                        <Entry name="$AgentWeighting" value="100" />
                        <Entry name="$WebTestIteration" value="1" />
                        <Entry name="$WebTestUserId" value="1" />
                      </Context>
                    </WebRequestResult>
                    <WebRequestResult exceptionMessage="" run="0" submitted="true" cached="false" isRedirectFollow="false" requestBodyBytesHandle="-2" responseBytesHandle="46">
                      <Request url="http://localhost/industry/library/js/jcarousellite.js" command="GET /industry/library/js/jcarousellite.js HTTP/1.1" encoding="utf-8">
                        <Headers>Referer : http://localhost/industry/trade/sell/index.php
User-Agent : Mozilla/4.0 (compatible; MSIE 7.0; Windows NT 5.1)
Accept : */*
Accept-Language : en-us
Accept-Encoding : GZIP
Host : localhost
Cookie : PHPSESSID=5a0b064b9e2796918842c00f72e52f69; mylang=vietnam
</Headers>
                      </Request>
                      <Response url="http://localhost/industry/library/js/jcarousellite.js" contentType="application/x-javascript" statusLine="HTTP/1.1 200 OK" pageTime="NaN" time="0.007" statusCodeString="200 OK" contentLength="114">
                        <Headers>Accept-Ranges : bytes
Content-Length : 114
Content-Type : application/x-javascript
Date : Tue, 23 Nov 2010 14:08:30 GMT
ETag : "640c1140-72-d8661c00"
Last-Modified : Sat, 07 Aug 2010 13:34:40 GMT
Server : Apache/2.2.4 (Win32) PHP/5.2.1
</Headers>
                      </Response>
                      <Context>
                        <Entry name="$TotalAgents" value="1" />
                        <Entry name="$ControllerName" value="ASUS" />
                        <Entry name="$AgentName" value="ASUS" />
                        <Entry name="$TestLogsDir" value="C:\Documents and Settings\ASUS X82Q SERIES\My Documents\Visual Studio 2008\Projects\TestProject\TestResults\ASUS X82Q SERIES_ASUS 2010-11-23 21_08_28\In\ASUS" />
                        <Entry name="$TestDeploymentDir" value="C:\Documents and Settings\ASUS X82Q SERIES\My Documents\Visual Studio 2008\Projects\TestProject\TestResults\ASUS X82Q SERIES_ASUS 2010-11-23 21_08_28\Out" />
                        <Entry name="$AgentId" value="1" />
                        <Entry name="$AgentLoadDistributor" value="Microsoft.VisualStudio.TestTools.Execution.AgentLoadDistributor" />
                        <Entry name="$TestDir" value="C:\Documents and Settings\ASUS X82Q SERIES\My Documents\Visual Studio 2008\Projects\TestProject\TestResults\ASUS X82Q SERIES_ASUS 2010-11-23 21_08_28" />
                        <Entry name="$AgentWeighting" value="100" />
                        <Entry name="$WebTestIteration" value="1" />
                        <Entry name="$WebTestUserId" value="1" />
                      </Context>
                    </WebRequestResult>
                    <WebRequestResult exceptionMessage="" run="0" submitted="true" cached="false" isRedirectFollow="false" requestBodyBytesHandle="-2" responseBytesHandle="13">
                      <Request url="http://localhost/industry/flags/vn.gif" command="GET /industry/flags/vn.gif HTTP/1.1" encoding="utf-8">
                        <Headers>Referer : http://localhost/industry/trade/sell/index.php
User-Agent : Mozilla/4.0 (compatible; MSIE 7.0; Windows NT 5.1)
Accept : */*
Accept-Language : en-us
Accept-Encoding : GZIP
Host : localhost
Cookie : PHPSESSID=5a0b064b9e2796918842c00f72e52f69; mylang=vietnam
</Headers>
                      </Request>
                      <Response url="http://localhost/industry/flags/vn.gif" contentType="image/gif" statusLine="HTTP/1.1 200 OK" pageTime="NaN" time="0.006" statusCodeString="200 OK" contentLength="6872">
                        <Headers>Accept-Ranges : bytes
Content-Length : 6872
Content-Type : image/gif
Date : Tue, 23 Nov 2010 14:08:30 GMT
ETag : "624610c0-1ad8-5ae82180"
Last-Modified : Thu, 09 Jul 2009 05:44:54 GMT
Server : Apache/2.2.4 (Win32) PHP/5.2.1
</Headers>
                      </Response>
                      <Context>
                        <Entry name="$TotalAgents" value="1" />
                        <Entry name="$ControllerName" value="ASUS" />
                        <Entry name="$AgentName" value="ASUS" />
                        <Entry name="$TestLogsDir" value="C:\Documents and Settings\ASUS X82Q SERIES\My Documents\Visual Studio 2008\Projects\TestProject\TestResults\ASUS X82Q SERIES_ASUS 2010-11-23 21_08_28\In\ASUS" />
                        <Entry name="$TestDeploymentDir" value="C:\Documents and Settings\ASUS X82Q SERIES\My Documents\Visual Studio 2008\Projects\TestProject\TestResults\ASUS X82Q SERIES_ASUS 2010-11-23 21_08_28\Out" />
                        <Entry name="$AgentId" value="1" />
                        <Entry name="$AgentLoadDistributor" value="Microsoft.VisualStudio.TestTools.Execution.AgentLoadDistributor" />
                        <Entry name="$TestDir" value="C:\Documents and Settings\ASUS X82Q SERIES\My Documents\Visual Studio 2008\Projects\TestProject\TestResults\ASUS X82Q SERIES_ASUS 2010-11-23 21_08_28" />
                        <Entry name="$AgentWeighting" value="100" />
                        <Entry name="$WebTestIteration" value="1" />
                        <Entry name="$WebTestUserId" value="1" />
                      </Context>
                    </WebRequestResult>
                    <WebRequestResult exceptionMessage="" run="0" submitted="true" cached="false" isRedirectFollow="false" requestBodyBytesHandle="-2" responseBytesHandle="15">
                      <Request url="http://localhost/industry/interface/search.jpg" command="GET /industry/interface/search.jpg HTTP/1.1" encoding="utf-8">
                        <Headers>Referer : http://localhost/industry/trade/sell/index.php
User-Agent : Mozilla/4.0 (compatible; MSIE 7.0; Windows NT 5.1)
Accept : */*
Accept-Language : en-us
Accept-Encoding : GZIP
Host : localhost
Cookie : PHPSESSID=5a0b064b9e2796918842c00f72e52f69; mylang=vietnam
</Headers>
                      </Request>
                      <Response url="http://localhost/industry/interface/search.jpg" contentType="image/jpeg" statusLine="HTTP/1.1 200 OK" pageTime="NaN" time="0.005" statusCodeString="200 OK" contentLength="1525">
                        <Headers>Accept-Ranges : bytes
Content-Length : 1525
Content-Type : image/jpeg
Date : Tue, 23 Nov 2010 14:08:30 GMT
ETag : "63f09960-5f5-160fc780"
Last-Modified : Sun, 25 Jul 2010 16:51:58 GMT
Server : Apache/2.2.4 (Win32) PHP/5.2.1
</Headers>
                      </Response>
                      <Context>
                        <Entry name="$TotalAgents" value="1" />
                        <Entry name="$ControllerName" value="ASUS" />
                        <Entry name="$AgentName" value="ASUS" />
                        <Entry name="$TestLogsDir" value="C:\Documents and Settings\ASUS X82Q SERIES\My Documents\Visual Studio 2008\Projects\TestProject\TestResults\ASUS X82Q SERIES_ASUS 2010-11-23 21_08_28\In\ASUS" />
                        <Entry name="$TestDeploymentDir" value="C:\Documents and Settings\ASUS X82Q SERIES\My Documents\Visual Studio 2008\Projects\TestProject\TestResults\ASUS X82Q SERIES_ASUS 2010-11-23 21_08_28\Out" />
                        <Entry name="$AgentId" value="1" />
                        <Entry name="$AgentLoadDistributor" value="Microsoft.VisualStudio.TestTools.Execution.AgentLoadDistributor" />
                        <Entry name="$TestDir" value="C:\Documents and Settings\ASUS X82Q SERIES\My Documents\Visual Studio 2008\Projects\TestProject\TestResults\ASUS X82Q SERIES_ASUS 2010-11-23 21_08_28" />
                        <Entry name="$AgentWeighting" value="100" />
                        <Entry name="$WebTestIteration" value="1" />
                        <Entry name="$WebTestUserId" value="1" />
                      </Context>
                    </WebRequestResult>
                    <WebRequestResult exceptionMessage="" run="0" submitted="true" cached="false" isRedirectFollow="false" requestBodyBytesHandle="-2" responseBytesHandle="14">
                      <Request url="http://localhost/industry/flags/en.gif" command="GET /industry/flags/en.gif HTTP/1.1" encoding="utf-8">
                        <Headers>Referer : http://localhost/industry/trade/sell/index.php
User-Agent : Mozilla/4.0 (compatible; MSIE 7.0; Windows NT 5.1)
Accept : */*
Accept-Language : en-us
Accept-Encoding : GZIP
Host : localhost
Cookie : PHPSESSID=5a0b064b9e2796918842c00f72e52f69; mylang=vietnam
</Headers>
                      </Request>
                      <Response url="http://localhost/industry/flags/en.gif" contentType="image/gif" statusLine="HTTP/1.1 200 OK" pageTime="NaN" time="0.008" statusCodeString="200 OK" contentLength="8275">
                        <Headers>Accept-Ranges : bytes
Content-Length : 8275
Content-Type : image/gif
Date : Tue, 23 Nov 2010 14:08:30 GMT
ETag : "62461040-2053-5de31200"
Last-Modified : Thu, 09 Jul 2009 05:45:44 GMT
Server : Apache/2.2.4 (Win32) PHP/5.2.1
</Headers>
                      </Response>
                      <Context>
                        <Entry name="$TotalAgents" value="1" />
                        <Entry name="$ControllerName" value="ASUS" />
                        <Entry name="$AgentName" value="ASUS" />
                        <Entry name="$TestLogsDir" value="C:\Documents and Settings\ASUS X82Q SERIES\My Documents\Visual Studio 2008\Projects\TestProject\TestResults\ASUS X82Q SERIES_ASUS 2010-11-23 21_08_28\In\ASUS" />
                        <Entry name="$TestDeploymentDir" value="C:\Documents and Settings\ASUS X82Q SERIES\My Documents\Visual Studio 2008\Projects\TestProject\TestResults\ASUS X82Q SERIES_ASUS 2010-11-23 21_08_28\Out" />
                        <Entry name="$AgentId" value="1" />
                        <Entry name="$AgentLoadDistributor" value="Microsoft.VisualStudio.TestTools.Execution.AgentLoadDistributor" />
                        <Entry name="$TestDir" value="C:\Documents and Settings\ASUS X82Q SERIES\My Documents\Visual Studio 2008\Projects\TestProject\TestResults\ASUS X82Q SERIES_ASUS 2010-11-23 21_08_28" />
                        <Entry name="$AgentWeighting" value="100" />
                        <Entry name="$WebTestIteration" value="1" />
                        <Entry name="$WebTestUserId" value="1" />
                      </Context>
                    </WebRequestResult>
                    <WebRequestResult exceptionMessage="" run="0" submitted="true" cached="false" isRedirectFollow="false" requestBodyBytesHandle="-2" responseBytesHandle="33">
                      <Request url="http://localhost/industry/Interface/reg_1.jpg" command="GET /industry/Interface/reg_1.jpg HTTP/1.1" encoding="utf-8">
                        <Headers>Referer : http://localhost/industry/trade/sell/index.php
User-Agent : Mozilla/4.0 (compatible; MSIE 7.0; Windows NT 5.1)
Accept : */*
Accept-Language : en-us
Accept-Encoding : GZIP
Host : localhost
Cookie : PHPSESSID=5a0b064b9e2796918842c00f72e52f69; mylang=vietnam
</Headers>
                      </Request>
                      <Response url="http://localhost/industry/Interface/reg_1.jpg" contentType="image/jpeg" statusLine="HTTP/1.1 200 OK" pageTime="NaN" time="0.004" statusCodeString="200 OK" contentLength="2284">
                        <Headers>Accept-Ranges : bytes
Content-Length : 2284
Content-Type : image/jpeg
Date : Tue, 23 Nov 2010 14:08:30 GMT
ETag : "63f09940-8ec-d41dd680"
Last-Modified : Tue, 03 Aug 2010 05:45:46 GMT
Server : Apache/2.2.4 (Win32) PHP/5.2.1
</Headers>
                      </Response>
                      <Context>
                        <Entry name="$TotalAgents" value="1" />
                        <Entry name="$ControllerName" value="ASUS" />
                        <Entry name="$AgentName" value="ASUS" />
                        <Entry name="$TestLogsDir" value="C:\Documents and Settings\ASUS X82Q SERIES\My Documents\Visual Studio 2008\Projects\TestProject\TestResults\ASUS X82Q SERIES_ASUS 2010-11-23 21_08_28\In\ASUS" />
                        <Entry name="$TestDeploymentDir" value="C:\Documents and Settings\ASUS X82Q SERIES\My Documents\Visual Studio 2008\Projects\TestProject\TestResults\ASUS X82Q SERIES_ASUS 2010-11-23 21_08_28\Out" />
                        <Entry name="$AgentId" value="1" />
                        <Entry name="$AgentLoadDistributor" value="Microsoft.VisualStudio.TestTools.Execution.AgentLoadDistributor" />
                        <Entry name="$TestDir" value="C:\Documents and Settings\ASUS X82Q SERIES\My Documents\Visual Studio 2008\Projects\TestProject\TestResults\ASUS X82Q SERIES_ASUS 2010-11-23 21_08_28" />
                        <Entry name="$AgentWeighting" value="100" />
                        <Entry name="$WebTestIteration" value="1" />
                        <Entry name="$WebTestUserId" value="1" />
                      </Context>
                    </WebRequestResult>
                    <WebRequestResult exceptionMessage="" run="0" submitted="true" cached="false" isRedirectFollow="false" requestBodyBytesHandle="-2" responseBytesHandle="47">
                      <Request url="http://localhost/industry/Interface/khung_2_1.jpg" command="GET /industry/Interface/khung_2_1.jpg HTTP/1.1" encoding="utf-8">
                        <Headers>Referer : http://localhost/industry/trade/sell/index.php
User-Agent : Mozilla/4.0 (compatible; MSIE 7.0; Windows NT 5.1)
Accept : */*
Accept-Language : en-us
Accept-Encoding : GZIP
Host : localhost
Cookie : PHPSESSID=5a0b064b9e2796918842c00f72e52f69; mylang=vietnam
</Headers>
                      </Request>
                      <Response url="http://localhost/industry/Interface/khung_2_1.jpg" contentType="image/jpeg" statusLine="HTTP/1.1 200 OK" pageTime="NaN" time="0.004" statusCodeString="200 OK" contentLength="774">
                        <Headers>Accept-Ranges : bytes
Content-Length : 774
Content-Type : image/jpeg
Date : Tue, 23 Nov 2010 14:08:30 GMT
ETag : "63f094e0-306-eb3b3680"
Last-Modified : Tue, 24 Aug 2010 05:20:10 GMT
Server : Apache/2.2.4 (Win32) PHP/5.2.1
</Headers>
                      </Response>
                      <Context>
                        <Entry name="$TotalAgents" value="1" />
                        <Entry name="$ControllerName" value="ASUS" />
                        <Entry name="$AgentName" value="ASUS" />
                        <Entry name="$TestLogsDir" value="C:\Documents and Settings\ASUS X82Q SERIES\My Documents\Visual Studio 2008\Projects\TestProject\TestResults\ASUS X82Q SERIES_ASUS 2010-11-23 21_08_28\In\ASUS" />
                        <Entry name="$TestDeploymentDir" value="C:\Documents and Settings\ASUS X82Q SERIES\My Documents\Visual Studio 2008\Projects\TestProject\TestResults\ASUS X82Q SERIES_ASUS 2010-11-23 21_08_28\Out" />
                        <Entry name="$AgentId" value="1" />
                        <Entry name="$AgentLoadDistributor" value="Microsoft.VisualStudio.TestTools.Execution.AgentLoadDistributor" />
                        <Entry name="$TestDir" value="C:\Documents and Settings\ASUS X82Q SERIES\My Documents\Visual Studio 2008\Projects\TestProject\TestResults\ASUS X82Q SERIES_ASUS 2010-11-23 21_08_28" />
                        <Entry name="$AgentWeighting" value="100" />
                        <Entry name="$WebTestIteration" value="1" />
                        <Entry name="$WebTestUserId" value="1" />
                      </Context>
                    </WebRequestResult>
                    <WebRequestResult exceptionMessage="" run="0" submitted="true" cached="false" isRedirectFollow="false" requestBodyBytesHandle="-2" responseBytesHandle="48">
                      <Request url="http://localhost/industry/trade/sell/library/js/swfobject.js" command="GET /industry/trade/sell/library/js/swfobject.js HTTP/1.1" encoding="utf-8">
                        <Headers>Referer : http://localhost/industry/trade/sell/index.php
User-Agent : Mozilla/4.0 (compatible; MSIE 7.0; Windows NT 5.1)
Accept : */*
Accept-Language : en-us
Accept-Encoding : GZIP
Host : localhost
Cookie : PHPSESSID=5a0b064b9e2796918842c00f72e52f69; mylang=vietnam
</Headers>
                      </Request>
                      <Response url="http://localhost/industry/trade/sell/library/js/swfobject.js" contentType="text/html; charset=iso-8859-1" statusLine="HTTP/1.1 404 Not Found" pageTime="NaN" time="0.014" statusCodeString="404 Not Found" contentLength="324">
                        <Headers>Content-Length : 324
Content-Type : text/html; charset=iso-8859-1
Date : Tue, 23 Nov 2010 14:08:30 GMT
Server : Apache/2.2.4 (Win32) PHP/5.2.1
</Headers>
                      </Response>
                      <Context>
                        <Entry name="$TotalAgents" value="1" />
                        <Entry name="$ControllerName" value="ASUS" />
                        <Entry name="$AgentName" value="ASUS" />
                        <Entry name="$TestLogsDir" value="C:\Documents and Settings\ASUS X82Q SERIES\My Documents\Visual Studio 2008\Projects\TestProject\TestResults\ASUS X82Q SERIES_ASUS 2010-11-23 21_08_28\In\ASUS" />
                        <Entry name="$TestDeploymentDir" value="C:\Documents and Settings\ASUS X82Q SERIES\My Documents\Visual Studio 2008\Projects\TestProject\TestResults\ASUS X82Q SERIES_ASUS 2010-11-23 21_08_28\Out" />
                        <Entry name="$AgentId" value="1" />
                        <Entry name="$AgentLoadDistributor" value="Microsoft.VisualStudio.TestTools.Execution.AgentLoadDistributor" />
                        <Entry name="$TestDir" value="C:\Documents and Settings\ASUS X82Q SERIES\My Documents\Visual Studio 2008\Projects\TestProject\TestResults\ASUS X82Q SERIES_ASUS 2010-11-23 21_08_28" />
                        <Entry name="$AgentWeighting" value="100" />
                        <Entry name="$WebTestIteration" value="1" />
                        <Entry name="$WebTestUserId" value="1" />
                      </Context>
                      <Errors>
                        <Error type="HttpError" subType="404 - NotFound" text="404 - NotFound" time="2010-11-23T21:08:30.9062500+07:00" />
                      </Errors>
                    </WebRequestResult>
                    <WebRequestResult exceptionMessage="" run="0" submitted="true" cached="false" isRedirectFollow="false" requestBodyBytesHandle="-2" responseBytesHandle="49">
                      <Request url="http://localhost/industry/Interface/home-1.jpg" command="GET /industry/Interface/home-1.jpg HTTP/1.1" encoding="utf-8">
                        <Headers>Referer : http://localhost/industry/trade/sell/index.php
User-Agent : Mozilla/4.0 (compatible; MSIE 7.0; Windows NT 5.1)
Accept : */*
Accept-Language : en-us
Accept-Encoding : GZIP
Host : localhost
Cookie : PHPSESSID=5a0b064b9e2796918842c00f72e52f69; mylang=vietnam
</Headers>
                      </Request>
                      <Response url="http://localhost/industry/Interface/home-1.jpg" contentType="image/jpeg" statusLine="HTTP/1.1 200 OK" pageTime="NaN" time="0.005" statusCodeString="200 OK" contentLength="495">
                        <Headers>Accept-Ranges : bytes
Content-Length : 495
Content-Type : image/jpeg
Date : Tue, 23 Nov 2010 14:08:30 GMT
ETag : "63f092c0-1ef-25b79e80"
Last-Modified : Tue, 03 Aug 2010 07:20:10 GMT
Server : Apache/2.2.4 (Win32) PHP/5.2.1
</Headers>
                      </Response>
                      <Context>
                        <Entry name="$TotalAgents" value="1" />
                        <Entry name="$ControllerName" value="ASUS" />
                        <Entry name="$AgentName" value="ASUS" />
                        <Entry name="$TestLogsDir" value="C:\Documents and Settings\ASUS X82Q SERIES\My Documents\Visual Studio 2008\Projects\TestProject\TestResults\ASUS X82Q SERIES_ASUS 2010-11-23 21_08_28\In\ASUS" />
                        <Entry name="$TestDeploymentDir" value="C:\Documents and Settings\ASUS X82Q SERIES\My Documents\Visual Studio 2008\Projects\TestProject\TestResults\ASUS X82Q SERIES_ASUS 2010-11-23 21_08_28\Out" />
                        <Entry name="$AgentId" value="1" />
                        <Entry name="$AgentLoadDistributor" value="Microsoft.VisualStudio.TestTools.Execution.AgentLoadDistributor" />
                        <Entry name="$TestDir" value="C:\Documents and Settings\ASUS X82Q SERIES\My Documents\Visual Studio 2008\Projects\TestProject\TestResults\ASUS X82Q SERIES_ASUS 2010-11-23 21_08_28" />
                        <Entry name="$AgentWeighting" value="100" />
                        <Entry name="$WebTestIteration" value="1" />
                        <Entry name="$WebTestUserId" value="1" />
                      </Context>
                    </WebRequestResult>
                    <WebRequestResult exceptionMessage="" run="0" submitted="true" cached="false" isRedirectFollow="false" requestBodyBytesHandle="-2" responseBytesHandle="50">
                      <Request url="http://localhost/industry/Interface/icon_2.jpg" command="GET /industry/Interface/icon_2.jpg HTTP/1.1" encoding="utf-8">
                        <Headers>Referer : http://localhost/industry/trade/sell/index.php
User-Agent : Mozilla/4.0 (compatible; MSIE 7.0; Windows NT 5.1)
Accept : */*
Accept-Language : en-us
Accept-Encoding : GZIP
Host : localhost
Cookie : PHPSESSID=5a0b064b9e2796918842c00f72e52f69; mylang=vietnam
</Headers>
                      </Request>
                      <Response url="http://localhost/industry/Interface/icon_2.jpg" contentType="image/jpeg" statusLine="HTTP/1.1 200 OK" pageTime="NaN" time="0.004" statusCodeString="200 OK" contentLength="395">
                        <Headers>Accept-Ranges : bytes
Content-Length : 395
Content-Type : image/jpeg
Date : Tue, 23 Nov 2010 14:08:30 GMT
ETag : "63f09380-18b-cd34d100"
Last-Modified : Tue, 03 Aug 2010 08:07:00 GMT
Server : Apache/2.2.4 (Win32) PHP/5.2.1
</Headers>
                      </Response>
                      <Context>
                        <Entry name="$TotalAgents" value="1" />
                        <Entry name="$ControllerName" value="ASUS" />
                        <Entry name="$AgentName" value="ASUS" />
                        <Entry name="$TestLogsDir" value="C:\Documents and Settings\ASUS X82Q SERIES\My Documents\Visual Studio 2008\Projects\TestProject\TestResults\ASUS X82Q SERIES_ASUS 2010-11-23 21_08_28\In\ASUS" />
                        <Entry name="$TestDeploymentDir" value="C:\Documents and Settings\ASUS X82Q SERIES\My Documents\Visual Studio 2008\Projects\TestProject\TestResults\ASUS X82Q SERIES_ASUS 2010-11-23 21_08_28\Out" />
                        <Entry name="$AgentId" value="1" />
                        <Entry name="$AgentLoadDistributor" value="Microsoft.VisualStudio.TestTools.Execution.AgentLoadDistributor" />
                        <Entry name="$TestDir" value="C:\Documents and Settings\ASUS X82Q SERIES\My Documents\Visual Studio 2008\Projects\TestProject\TestResults\ASUS X82Q SERIES_ASUS 2010-11-23 21_08_28" />
                        <Entry name="$AgentWeighting" value="100" />
                        <Entry name="$WebTestIteration" value="1" />
                        <Entry name="$WebTestUserId" value="1" />
                      </Context>
                    </WebRequestResult>
                    <WebRequestResult exceptionMessage="" run="0" submitted="true" cached="false" isRedirectFollow="false" requestBodyBytesHandle="-2" responseBytesHandle="51">
                      <Request url="http://localhost/industry/uploads/products/2/1/thumbnails/1_100x0.jpg" command="GET /industry/uploads/products/2/1/thumbnails/1_100x0.jpg HTTP/1.1" encoding="utf-8">
                        <Headers>Referer : http://localhost/industry/trade/sell/index.php
User-Agent : Mozilla/4.0 (compatible; MSIE 7.0; Windows NT 5.1)
Accept : */*
Accept-Language : en-us
Accept-Encoding : GZIP
Host : localhost
Cookie : PHPSESSID=5a0b064b9e2796918842c00f72e52f69; mylang=vietnam
</Headers>
                      </Request>
                      <Response url="http://localhost/industry/uploads/products/2/1/thumbnails/1_100x0.jpg" contentType="image/jpeg" statusLine="HTTP/1.1 200 OK" pageTime="NaN" time="0.005" statusCodeString="200 OK" contentLength="3538">
                        <Headers>Accept-Ranges : bytes
Content-Length : 3538
Content-Type : image/jpeg
Date : Tue, 23 Nov 2010 14:08:30 GMT
ETag : "5b781040-dd2-b6ac3900"
Last-Modified : Thu, 02 Sep 2010 15:46:12 GMT
Server : Apache/2.2.4 (Win32) PHP/5.2.1
</Headers>
                      </Response>
                      <Context>
                        <Entry name="$TotalAgents" value="1" />
                        <Entry name="$ControllerName" value="ASUS" />
                        <Entry name="$AgentName" value="ASUS" />
                        <Entry name="$TestLogsDir" value="C:\Documents and Settings\ASUS X82Q SERIES\My Documents\Visual Studio 2008\Projects\TestProject\TestResults\ASUS X82Q SERIES_ASUS 2010-11-23 21_08_28\In\ASUS" />
                        <Entry name="$TestDeploymentDir" value="C:\Documents and Settings\ASUS X82Q SERIES\My Documents\Visual Studio 2008\Projects\TestProject\TestResults\ASUS X82Q SERIES_ASUS 2010-11-23 21_08_28\Out" />
                        <Entry name="$AgentId" value="1" />
                        <Entry name="$AgentLoadDistributor" value="Microsoft.VisualStudio.TestTools.Execution.AgentLoadDistributor" />
                        <Entry name="$TestDir" value="C:\Documents and Settings\ASUS X82Q SERIES\My Documents\Visual Studio 2008\Projects\TestProject\TestResults\ASUS X82Q SERIES_ASUS 2010-11-23 21_08_28" />
                        <Entry name="$AgentWeighting" value="100" />
                        <Entry name="$WebTestIteration" value="1" />
                        <Entry name="$WebTestUserId" value="1" />
                      </Context>
                    </WebRequestResult>
                    <WebRequestResult exceptionMessage="" run="0" submitted="true" cached="false" isRedirectFollow="false" requestBodyBytesHandle="-2" responseBytesHandle="52">
                      <Request url="http://localhost/industry/Interface/contact.jpg" command="GET /industry/Interface/contact.jpg HTTP/1.1" encoding="utf-8">
                        <Headers>Referer : http://localhost/industry/trade/sell/index.php
User-Agent : Mozilla/4.0 (compatible; MSIE 7.0; Windows NT 5.1)
Accept : */*
Accept-Language : en-us
Accept-Encoding : GZIP
Host : localhost
Cookie : PHPSESSID=5a0b064b9e2796918842c00f72e52f69; mylang=vietnam
</Headers>
                      </Request>
                      <Response url="http://localhost/industry/Interface/contact.jpg" contentType="image/jpeg" statusLine="HTTP/1.1 200 OK" pageTime="NaN" time="0.004" statusCodeString="200 OK" contentLength="1701">
                        <Headers>Accept-Ranges : bytes
Content-Length : 1701
Content-Type : image/jpeg
Date : Tue, 23 Nov 2010 14:08:30 GMT
ETag : "63f091a0-6a5-aa9a7b80"
Last-Modified : Sun, 22 Aug 2010 06:30:22 GMT
Server : Apache/2.2.4 (Win32) PHP/5.2.1
</Headers>
                      </Response>
                      <Context>
                        <Entry name="$TotalAgents" value="1" />
                        <Entry name="$ControllerName" value="ASUS" />
                        <Entry name="$AgentName" value="ASUS" />
                        <Entry name="$TestLogsDir" value="C:\Documents and Settings\ASUS X82Q SERIES\My Documents\Visual Studio 2008\Projects\TestProject\TestResults\ASUS X82Q SERIES_ASUS 2010-11-23 21_08_28\In\ASUS" />
                        <Entry name="$TestDeploymentDir" value="C:\Documents and Settings\ASUS X82Q SERIES\My Documents\Visual Studio 2008\Projects\TestProject\TestResults\ASUS X82Q SERIES_ASUS 2010-11-23 21_08_28\Out" />
                        <Entry name="$AgentId" value="1" />
                        <Entry name="$AgentLoadDistributor" value="Microsoft.VisualStudio.TestTools.Execution.AgentLoadDistributor" />
                        <Entry name="$TestDir" value="C:\Documents and Settings\ASUS X82Q SERIES\My Documents\Visual Studio 2008\Projects\TestProject\TestResults\ASUS X82Q SERIES_ASUS 2010-11-23 21_08_28" />
                        <Entry name="$AgentWeighting" value="100" />
                        <Entry name="$WebTestIteration" value="1" />
                        <Entry name="$WebTestUserId" value="1" />
                      </Context>
                    </WebRequestResult>
                    <WebRequestResult exceptionMessage="" run="0" submitted="true" cached="false" isRedirectFollow="false" requestBodyBytesHandle="-2" responseBytesHandle="23">
                      <Request url="http://localhost/industry/uploads/country_flag/vietnam.png" command="GET /industry/uploads/country_flag/vietnam.png HTTP/1.1" encoding="utf-8">
                        <Headers>Referer : http://localhost/industry/trade/sell/index.php
User-Agent : Mozilla/4.0 (compatible; MSIE 7.0; Windows NT 5.1)
Accept : */*
Accept-Language : en-us
Accept-Encoding : GZIP
Host : localhost
Cookie : PHPSESSID=5a0b064b9e2796918842c00f72e52f69; mylang=vietnam
</Headers>
                      </Request>
                      <Response url="http://localhost/industry/uploads/country_flag/vietnam.png" contentType="image/png" statusLine="HTTP/1.1 200 OK" pageTime="NaN" time="0.008" statusCodeString="200 OK" contentLength="17550">
                        <Headers>Accept-Ranges : bytes
Content-Length : 17550
Content-Type : image/png
Date : Tue, 23 Nov 2010 14:08:30 GMT
ETag : "5b8310a0-448e-e0482a00"
Last-Modified : Sat, 21 Aug 2010 15:14:48 GMT
Server : Apache/2.2.4 (Win32) PHP/5.2.1
</Headers>
                      </Response>
                      <Context>
                        <Entry name="$TotalAgents" value="1" />
                        <Entry name="$ControllerName" value="ASUS" />
                        <Entry name="$AgentName" value="ASUS" />
                        <Entry name="$TestLogsDir" value="C:\Documents and Settings\ASUS X82Q SERIES\My Documents\Visual Studio 2008\Projects\TestProject\TestResults\ASUS X82Q SERIES_ASUS 2010-11-23 21_08_28\In\ASUS" />
                        <Entry name="$TestDeploymentDir" value="C:\Documents and Settings\ASUS X82Q SERIES\My Documents\Visual Studio 2008\Projects\TestProject\TestResults\ASUS X82Q SERIES_ASUS 2010-11-23 21_08_28\Out" />
                        <Entry name="$AgentId" value="1" />
                        <Entry name="$AgentLoadDistributor" value="Microsoft.VisualStudio.TestTools.Execution.AgentLoadDistributor" />
                        <Entry name="$TestDir" value="C:\Documents and Settings\ASUS X82Q SERIES\My Documents\Visual Studio 2008\Projects\TestProject\TestResults\ASUS X82Q SERIES_ASUS 2010-11-23 21_08_28" />
                        <Entry name="$AgentWeighting" value="100" />
                        <Entry name="$WebTestIteration" value="1" />
                        <Entry name="$WebTestUserId" value="1" />
                      </Context>
                    </WebRequestResult>
                    <WebRequestResult exceptionMessage="" run="0" submitted="true" cached="false" isRedirectFollow="false" requestBodyBytesHandle="-2" responseBytesHandle="53">
                      <Request url="http://localhost/industry/uploads/products/2/3/thumbnails/3_100x0.jpg" command="GET /industry/uploads/products/2/3/thumbnails/3_100x0.jpg HTTP/1.1" encoding="utf-8">
                        <Headers>Referer : http://localhost/industry/trade/sell/index.php
User-Agent : Mozilla/4.0 (compatible; MSIE 7.0; Windows NT 5.1)
Accept : */*
Accept-Language : en-us
Accept-Encoding : GZIP
Host : localhost
Cookie : PHPSESSID=5a0b064b9e2796918842c00f72e52f69; mylang=vietnam
</Headers>
                      </Request>
                      <Response url="http://localhost/industry/uploads/products/2/3/thumbnails/3_100x0.jpg" contentType="image/jpeg" statusLine="HTTP/1.1 200 OK" pageTime="NaN" time="0.005" statusCodeString="200 OK" contentLength="3607">
                        <Headers>Accept-Ranges : bytes
Content-Length : 3607
Content-Type : image/jpeg
Date : Tue, 23 Nov 2010 14:08:30 GMT
ETag : "5b739040-e17-c0ecbc00"
Last-Modified : Thu, 02 Sep 2010 15:49:04 GMT
Server : Apache/2.2.4 (Win32) PHP/5.2.1
</Headers>
                      </Response>
                      <Context>
                        <Entry name="$TotalAgents" value="1" />
                        <Entry name="$ControllerName" value="ASUS" />
                        <Entry name="$AgentName" value="ASUS" />
                        <Entry name="$TestLogsDir" value="C:\Documents and Settings\ASUS X82Q SERIES\My Documents\Visual Studio 2008\Projects\TestProject\TestResults\ASUS X82Q SERIES_ASUS 2010-11-23 21_08_28\In\ASUS" />
                        <Entry name="$TestDeploymentDir" value="C:\Documents and Settings\ASUS X82Q SERIES\My Documents\Visual Studio 2008\Projects\TestProject\TestResults\ASUS X82Q SERIES_ASUS 2010-11-23 21_08_28\Out" />
                        <Entry name="$AgentId" value="1" />
                        <Entry name="$AgentLoadDistributor" value="Microsoft.VisualStudio.TestTools.Execution.AgentLoadDistributor" />
                        <Entry name="$TestDir" value="C:\Documents and Settings\ASUS X82Q SERIES\My Documents\Visual Studio 2008\Projects\TestProject\TestResults\ASUS X82Q SERIES_ASUS 2010-11-23 21_08_28" />
                        <Entry name="$AgentWeighting" value="100" />
                        <Entry name="$WebTestIteration" value="1" />
                        <Entry name="$WebTestUserId" value="1" />
                      </Context>
                    </WebRequestResult>
                    <WebRequestResult exceptionMessage="" run="0" submitted="true" cached="false" isRedirectFollow="false" requestBodyBytesHandle="-2" responseBytesHandle="54">
                      <Request url="http://localhost/industry/uploads/products/2/4/thumbnails/4_100x0.jpg" command="GET /industry/uploads/products/2/4/thumbnails/4_100x0.jpg HTTP/1.1" encoding="utf-8">
                        <Headers>Referer : http://localhost/industry/trade/sell/index.php
User-Agent : Mozilla/4.0 (compatible; MSIE 7.0; Windows NT 5.1)
Accept : */*
Accept-Language : en-us
Accept-Encoding : GZIP
Host : localhost
Cookie : PHPSESSID=5a0b064b9e2796918842c00f72e52f69; mylang=vietnam
</Headers>
                      </Request>
                      <Response url="http://localhost/industry/uploads/products/2/4/thumbnails/4_100x0.jpg" contentType="image/jpeg" statusLine="HTTP/1.1 200 OK" pageTime="NaN" time="0.004" statusCodeString="200 OK" contentLength="3707">
                        <Headers>Accept-Ranges : bytes
Content-Length : 3707
Content-Type : image/jpeg
Date : Tue, 23 Nov 2010 14:08:30 GMT
ETag : "5b721040-e7b-c9267280"
Last-Modified : Thu, 02 Sep 2010 15:51:22 GMT
Server : Apache/2.2.4 (Win32) PHP/5.2.1
</Headers>
                      </Response>
                      <Context>
                        <Entry name="$TotalAgents" value="1" />
                        <Entry name="$ControllerName" value="ASUS" />
                        <Entry name="$AgentName" value="ASUS" />
                        <Entry name="$TestLogsDir" value="C:\Documents and Settings\ASUS X82Q SERIES\My Documents\Visual Studio 2008\Projects\TestProject\TestResults\ASUS X82Q SERIES_ASUS 2010-11-23 21_08_28\In\ASUS" />
                        <Entry name="$TestDeploymentDir" value="C:\Documents and Settings\ASUS X82Q SERIES\My Documents\Visual Studio 2008\Projects\TestProject\TestResults\ASUS X82Q SERIES_ASUS 2010-11-23 21_08_28\Out" />
                        <Entry name="$AgentId" value="1" />
                        <Entry name="$AgentLoadDistributor" value="Microsoft.VisualStudio.TestTools.Execution.AgentLoadDistributor" />
                        <Entry name="$TestDir" value="C:\Documents and Settings\ASUS X82Q SERIES\My Documents\Visual Studio 2008\Projects\TestProject\TestResults\ASUS X82Q SERIES_ASUS 2010-11-23 21_08_28" />
                        <Entry name="$AgentWeighting" value="100" />
                        <Entry name="$WebTestIteration" value="1" />
                        <Entry name="$WebTestUserId" value="1" />
                      </Context>
                    </WebRequestResult>
                    <WebRequestResult exceptionMessage="" run="0" submitted="true" cached="false" isRedirectFollow="false" requestBodyBytesHandle="-2" responseBytesHandle="55">
                      <Request url="http://localhost/industry/uploads/products/2/5/thumbnails/5_100x0.jpg" command="GET /industry/uploads/products/2/5/thumbnails/5_100x0.jpg HTTP/1.1" encoding="utf-8">
                        <Headers>Referer : http://localhost/industry/trade/sell/index.php
User-Agent : Mozilla/4.0 (compatible; MSIE 7.0; Windows NT 5.1)
Accept : */*
Accept-Language : en-us
Accept-Encoding : GZIP
Host : localhost
Cookie : PHPSESSID=5a0b064b9e2796918842c00f72e52f69; mylang=vietnam
</Headers>
                      </Request>
                      <Response url="http://localhost/industry/uploads/products/2/5/thumbnails/5_100x0.jpg" contentType="image/jpeg" statusLine="HTTP/1.1 200 OK" pageTime="NaN" time="0.005" statusCodeString="200 OK" contentLength="2984">
                        <Headers>Accept-Ranges : bytes
Content-Length : 2984
Content-Type : image/jpeg
Date : Tue, 23 Nov 2010 14:08:30 GMT
ETag : "5b709040-ba8-ce653880"
Last-Modified : Thu, 02 Sep 2010 15:52:50 GMT
Server : Apache/2.2.4 (Win32) PHP/5.2.1
</Headers>
                      </Response>
                      <Context>
                        <Entry name="$TotalAgents" value="1" />
                        <Entry name="$ControllerName" value="ASUS" />
                        <Entry name="$AgentName" value="ASUS" />
                        <Entry name="$TestLogsDir" value="C:\Documents and Settings\ASUS X82Q SERIES\My Documents\Visual Studio 2008\Projects\TestProject\TestResults\ASUS X82Q SERIES_ASUS 2010-11-23 21_08_28\In\ASUS" />
                        <Entry name="$TestDeploymentDir" value="C:\Documents and Settings\ASUS X82Q SERIES\My Documents\Visual Studio 2008\Projects\TestProject\TestResults\ASUS X82Q SERIES_ASUS 2010-11-23 21_08_28\Out" />
                        <Entry name="$AgentId" value="1" />
                        <Entry name="$AgentLoadDistributor" value="Microsoft.VisualStudio.TestTools.Execution.AgentLoadDistributor" />
                        <Entry name="$TestDir" value="C:\Documents and Settings\ASUS X82Q SERIES\My Documents\Visual Studio 2008\Projects\TestProject\TestResults\ASUS X82Q SERIES_ASUS 2010-11-23 21_08_28" />
                        <Entry name="$AgentWeighting" value="100" />
                        <Entry name="$WebTestIteration" value="1" />
                        <Entry name="$WebTestUserId" value="1" />
                      </Context>
                    </WebRequestResult>
                    <WebRequestResult exceptionMessage="" run="0" submitted="true" cached="false" isRedirectFollow="false" requestBodyBytesHandle="-2" responseBytesHandle="56">
                      <Request url="http://localhost/industry/uploads/products/2/6/thumbnails/baoho_100x0.jpg" command="GET /industry/uploads/products/2/6/thumbnails/baoho_100x0.jpg HTTP/1.1" encoding="utf-8">
                        <Headers>Referer : http://localhost/industry/trade/sell/index.php
User-Agent : Mozilla/4.0 (compatible; MSIE 7.0; Windows NT 5.1)
Accept : */*
Accept-Language : en-us
Accept-Encoding : GZIP
Host : localhost
Cookie : PHPSESSID=5a0b064b9e2796918842c00f72e52f69; mylang=vietnam
</Headers>
                      </Request>
                      <Response url="http://localhost/industry/uploads/products/2/6/thumbnails/baoho_100x0.jpg" contentType="image/jpeg" statusLine="HTTP/1.1 200 OK" pageTime="NaN" time="0.005" statusCodeString="200 OK" contentLength="3317">
                        <Headers>Accept-Ranges : bytes
Content-Length : 3317
Content-Type : image/jpeg
Date : Tue, 23 Nov 2010 14:08:30 GMT
ETag : "5b6f1080-cf5-d41e1080"
Last-Modified : Thu, 02 Sep 2010 15:54:26 GMT
Server : Apache/2.2.4 (Win32) PHP/5.2.1
</Headers>
                      </Response>
                      <Context>
                        <Entry name="$TotalAgents" value="1" />
                        <Entry name="$ControllerName" value="ASUS" />
                        <Entry name="$AgentName" value="ASUS" />
                        <Entry name="$TestLogsDir" value="C:\Documents and Settings\ASUS X82Q SERIES\My Documents\Visual Studio 2008\Projects\TestProject\TestResults\ASUS X82Q SERIES_ASUS 2010-11-23 21_08_28\In\ASUS" />
                        <Entry name="$TestDeploymentDir" value="C:\Documents and Settings\ASUS X82Q SERIES\My Documents\Visual Studio 2008\Projects\TestProject\TestResults\ASUS X82Q SERIES_ASUS 2010-11-23 21_08_28\Out" />
                        <Entry name="$AgentId" value="1" />
                        <Entry name="$AgentLoadDistributor" value="Microsoft.VisualStudio.TestTools.Execution.AgentLoadDistributor" />
                        <Entry name="$TestDir" value="C:\Documents and Settings\ASUS X82Q SERIES\My Documents\Visual Studio 2008\Projects\TestProject\TestResults\ASUS X82Q SERIES_ASUS 2010-11-23 21_08_28" />
                        <Entry name="$AgentWeighting" value="100" />
                        <Entry name="$WebTestIteration" value="1" />
                        <Entry name="$WebTestUserId" value="1" />
                      </Context>
                    </WebRequestResult>
                    <WebRequestResult exceptionMessage="" run="0" submitted="true" cached="false" isRedirectFollow="false" requestBodyBytesHandle="-2" responseBytesHandle="57">
                      <Request url="http://localhost/industry/uploads/products/2/2/thumbnails/2_100x0.jpg" command="GET /industry/uploads/products/2/2/thumbnails/2_100x0.jpg HTTP/1.1" encoding="utf-8">
                        <Headers>Referer : http://localhost/industry/trade/sell/index.php
User-Agent : Mozilla/4.0 (compatible; MSIE 7.0; Windows NT 5.1)
Accept : */*
Accept-Language : en-us
Accept-Encoding : GZIP
Host : localhost
Cookie : PHPSESSID=5a0b064b9e2796918842c00f72e52f69; mylang=vietnam
</Headers>
                      </Request>
                      <Response url="http://localhost/industry/uploads/products/2/2/thumbnails/2_100x0.jpg" contentType="image/jpeg" statusLine="HTTP/1.1 200 OK" pageTime="NaN" time="0.024" statusCodeString="200 OK" contentLength="4109">
                        <Headers>Accept-Ranges : bytes
Content-Length : 4109
Content-Type : image/jpeg
Date : Tue, 23 Nov 2010 14:08:30 GMT
ETag : "5b75d040-100d-bb8f7180"
Last-Modified : Thu, 02 Sep 2010 15:47:34 GMT
Server : Apache/2.2.4 (Win32) PHP/5.2.1
</Headers>
                      </Response>
                      <Context>
                        <Entry name="$TotalAgents" value="1" />
                        <Entry name="$ControllerName" value="ASUS" />
                        <Entry name="$AgentName" value="ASUS" />
                        <Entry name="$TestLogsDir" value="C:\Documents and Settings\ASUS X82Q SERIES\My Documents\Visual Studio 2008\Projects\TestProject\TestResults\ASUS X82Q SERIES_ASUS 2010-11-23 21_08_28\In\ASUS" />
                        <Entry name="$TestDeploymentDir" value="C:\Documents and Settings\ASUS X82Q SERIES\My Documents\Visual Studio 2008\Projects\TestProject\TestResults\ASUS X82Q SERIES_ASUS 2010-11-23 21_08_28\Out" />
                        <Entry name="$AgentId" value="1" />
                        <Entry name="$AgentLoadDistributor" value="Microsoft.VisualStudio.TestTools.Execution.AgentLoadDistributor" />
                        <Entry name="$TestDir" value="C:\Documents and Settings\ASUS X82Q SERIES\My Documents\Visual Studio 2008\Projects\TestProject\TestResults\ASUS X82Q SERIES_ASUS 2010-11-23 21_08_28" />
                        <Entry name="$AgentWeighting" value="100" />
                        <Entry name="$WebTestIteration" value="1" />
                        <Entry name="$WebTestUserId" value="1" />
                      </Context>
                    </WebRequestResult>
                    <WebRequestResult exceptionMessage="" run="0" submitted="true" cached="false" isRedirectFollow="false" requestBodyBytesHandle="-2" responseBytesHandle="58">
                      <Request url="http://localhost/industry/Interface/icon_3.gif" command="GET /industry/Interface/icon_3.gif HTTP/1.1" encoding="utf-8">
                        <Headers>Referer : http://localhost/industry/trade/sell/index.php
User-Agent : Mozilla/4.0 (compatible; MSIE 7.0; Windows NT 5.1)
Accept : */*
Accept-Language : en-us
Accept-Encoding : GZIP
Host : localhost
Cookie : PHPSESSID=5a0b064b9e2796918842c00f72e52f69; mylang=vietnam
</Headers>
                      </Request>
                      <Response url="http://localhost/industry/Interface/icon_3.gif" contentType="image/gif" statusLine="HTTP/1.1 200 OK" pageTime="NaN" time="0.004" statusCodeString="200 OK" contentLength="721">
                        <Headers>Accept-Ranges : bytes
Content-Length : 721
Content-Type : image/gif
Date : Tue, 23 Nov 2010 14:08:30 GMT
ETag : "63f093a0-2d1-75118f00"
Last-Modified : Tue, 03 Aug 2010 18:26:36 GMT
Server : Apache/2.2.4 (Win32) PHP/5.2.1
</Headers>
                      </Response>
                      <Context>
                        <Entry name="$TotalAgents" value="1" />
                        <Entry name="$ControllerName" value="ASUS" />
                        <Entry name="$AgentName" value="ASUS" />
                        <Entry name="$TestLogsDir" value="C:\Documents and Settings\ASUS X82Q SERIES\My Documents\Visual Studio 2008\Projects\TestProject\TestResults\ASUS X82Q SERIES_ASUS 2010-11-23 21_08_28\In\ASUS" />
                        <Entry name="$TestDeploymentDir" value="C:\Documents and Settings\ASUS X82Q SERIES\My Documents\Visual Studio 2008\Projects\TestProject\TestResults\ASUS X82Q SERIES_ASUS 2010-11-23 21_08_28\Out" />
                        <Entry name="$AgentId" value="1" />
                        <Entry name="$AgentLoadDistributor" value="Microsoft.VisualStudio.TestTools.Execution.AgentLoadDistributor" />
                        <Entry name="$TestDir" value="C:\Documents and Settings\ASUS X82Q SERIES\My Documents\Visual Studio 2008\Projects\TestProject\TestResults\ASUS X82Q SERIES_ASUS 2010-11-23 21_08_28" />
                        <Entry name="$AgentWeighting" value="100" />
                        <Entry name="$WebTestIteration" value="1" />
                        <Entry name="$WebTestUserId" value="1" />
                      </Context>
                    </WebRequestResult>
                    <WebRequestResult exceptionMessage="" run="0" submitted="true" cached="false" isRedirectFollow="false" requestBodyBytesHandle="-2" responseBytesHandle="59">
                      <Request url="http://localhost/industry/uploads/products/1/9/thumbnails/show_image_in_imgtag.php_100x0.jpg" command="GET /industry/uploads/products/1/9/thumbnails/show_image_in_imgtag.php_100x0.jpg HTTP/1.1" encoding="utf-8">
                        <Headers>Referer : http://localhost/industry/trade/sell/index.php
User-Agent : Mozilla/4.0 (compatible; MSIE 7.0; Windows NT 5.1)
Accept : */*
Accept-Language : en-us
Accept-Encoding : GZIP
Host : localhost
Cookie : PHPSESSID=5a0b064b9e2796918842c00f72e52f69; mylang=vietnam
</Headers>
                      </Request>
                      <Response url="http://localhost/industry/uploads/products/1/9/thumbnails/show_image_in_imgtag.php_100x0.jpg" contentType="image/jpeg" statusLine="HTTP/1.1 200 OK" pageTime="NaN" time="0.007" statusCodeString="200 OK" contentLength="3556">
                        <Headers>Accept-Ranges : bytes
Content-Length : 3556
Content-Type : image/jpeg
Date : Tue, 23 Nov 2010 14:08:30 GMT
ETag : "5b7a10a0-de4-a6eb1f80"
Last-Modified : Fri, 03 Sep 2010 16:45:02 GMT
Server : Apache/2.2.4 (Win32) PHP/5.2.1
</Headers>
                      </Response>
                      <Context>
                        <Entry name="$TotalAgents" value="1" />
                        <Entry name="$ControllerName" value="ASUS" />
                        <Entry name="$AgentName" value="ASUS" />
                        <Entry name="$TestLogsDir" value="C:\Documents and Settings\ASUS X82Q SERIES\My Documents\Visual Studio 2008\Projects\TestProject\TestResults\ASUS X82Q SERIES_ASUS 2010-11-23 21_08_28\In\ASUS" />
                        <Entry name="$TestDeploymentDir" value="C:\Documents and Settings\ASUS X82Q SERIES\My Documents\Visual Studio 2008\Projects\TestProject\TestResults\ASUS X82Q SERIES_ASUS 2010-11-23 21_08_28\Out" />
                        <Entry name="$AgentId" value="1" />
                        <Entry name="$AgentLoadDistributor" value="Microsoft.VisualStudio.TestTools.Execution.AgentLoadDistributor" />
                        <Entry name="$TestDir" value="C:\Documents and Settings\ASUS X82Q SERIES\My Documents\Visual Studio 2008\Projects\TestProject\TestResults\ASUS X82Q SERIES_ASUS 2010-11-23 21_08_28" />
                        <Entry name="$AgentWeighting" value="100" />
                        <Entry name="$WebTestIteration" value="1" />
                        <Entry name="$WebTestUserId" value="1" />
                      </Context>
                    </WebRequestResult>
                    <WebRequestResult exceptionMessage="" run="0" submitted="true" cached="false" isRedirectFollow="false" requestBodyBytesHandle="-2" responseBytesHandle="60">
                      <Request url="http://localhost/industry/uploads/products/1/10/thumbnails/show_image_in_imgtag.php%20(1)_1_100x0.jpg" command="GET /industry/uploads/products/1/10/thumbnails/show_image_in_imgtag.php%20(1)_1_100x0.jpg HTTP/1.1" encoding="utf-8">
                        <Headers>Referer : http://localhost/industry/trade/sell/index.php
User-Agent : Mozilla/4.0 (compatible; MSIE 7.0; Windows NT 5.1)
Accept : */*
Accept-Language : en-us
Accept-Encoding : GZIP
Host : localhost
Cookie : PHPSESSID=5a0b064b9e2796918842c00f72e52f69; mylang=vietnam
</Headers>
                      </Request>
                      <Response url="http://localhost/industry/uploads/products/1/10/thumbnails/show_image_in_imgtag.php%20(1)_1_100x0.jpg" contentType="image/jpeg" statusLine="HTTP/1.1 200 OK" pageTime="NaN" time="0.005" statusCodeString="200 OK" contentLength="2937">
                        <Headers>Accept-Ranges : bytes
Content-Length : 2937
Content-Type : image/jpeg
Date : Tue, 23 Nov 2010 14:08:30 GMT
ETag : "5b7d10c0-b79-29cf6c80"
Last-Modified : Fri, 03 Sep 2010 17:21:38 GMT
Server : Apache/2.2.4 (Win32) PHP/5.2.1
</Headers>
                      </Response>
                      <Context>
                        <Entry name="$TotalAgents" value="1" />
                        <Entry name="$ControllerName" value="ASUS" />
                        <Entry name="$AgentName" value="ASUS" />
                        <Entry name="$TestLogsDir" value="C:\Documents and Settings\ASUS X82Q SERIES\My Documents\Visual Studio 2008\Projects\TestProject\TestResults\ASUS X82Q SERIES_ASUS 2010-11-23 21_08_28\In\ASUS" />
                        <Entry name="$TestDeploymentDir" value="C:\Documents and Settings\ASUS X82Q SERIES\My Documents\Visual Studio 2008\Projects\TestProject\TestResults\ASUS X82Q SERIES_ASUS 2010-11-23 21_08_28\Out" />
                        <Entry name="$AgentId" value="1" />
                        <Entry name="$AgentLoadDistributor" value="Microsoft.VisualStudio.TestTools.Execution.AgentLoadDistributor" />
                        <Entry name="$TestDir" value="C:\Documents and Settings\ASUS X82Q SERIES\My Documents\Visual Studio 2008\Projects\TestProject\TestResults\ASUS X82Q SERIES_ASUS 2010-11-23 21_08_28" />
                        <Entry name="$AgentWeighting" value="100" />
                        <Entry name="$WebTestIteration" value="1" />
                        <Entry name="$WebTestUserId" value="1" />
                      </Context>
                    </WebRequestResult>
                    <WebRequestResult exceptionMessage="" run="0" submitted="true" cached="false" isRedirectFollow="false" requestBodyBytesHandle="-2" responseBytesHandle="21">
                      <Request url="http://localhost/industry/uploads/country_flag/japan.png" command="GET /industry/uploads/country_flag/japan.png HTTP/1.1" encoding="utf-8">
                        <Headers>Referer : http://localhost/industry/trade/sell/index.php
User-Agent : Mozilla/4.0 (compatible; MSIE 7.0; Windows NT 5.1)
Accept : */*
Accept-Language : en-us
Accept-Encoding : GZIP
Host : localhost
Cookie : PHPSESSID=5a0b064b9e2796918842c00f72e52f69; mylang=vietnam
</Headers>
                      </Request>
                      <Response url="http://localhost/industry/uploads/country_flag/japan.png" contentType="image/png" statusLine="HTTP/1.1 200 OK" pageTime="NaN" time="0.007" statusCodeString="200 OK" contentLength="12926">
                        <Headers>Accept-Ranges : bytes
Content-Length : 12926
Content-Type : image/png
Date : Tue, 23 Nov 2010 14:08:30 GMT
ETag : "5b831040-327e-e1b66000"
Last-Modified : Sat, 21 Aug 2010 15:15:12 GMT
Server : Apache/2.2.4 (Win32) PHP/5.2.1
</Headers>
                      </Response>
                      <Context>
                        <Entry name="$TotalAgents" value="1" />
                        <Entry name="$ControllerName" value="ASUS" />
                        <Entry name="$AgentName" value="ASUS" />
                        <Entry name="$TestLogsDir" value="C:\Documents and Settings\ASUS X82Q SERIES\My Documents\Visual Studio 2008\Projects\TestProject\TestResults\ASUS X82Q SERIES_ASUS 2010-11-23 21_08_28\In\ASUS" />
                        <Entry name="$TestDeploymentDir" value="C:\Documents and Settings\ASUS X82Q SERIES\My Documents\Visual Studio 2008\Projects\TestProject\TestResults\ASUS X82Q SERIES_ASUS 2010-11-23 21_08_28\Out" />
                        <Entry name="$AgentId" value="1" />
                        <Entry name="$AgentLoadDistributor" value="Microsoft.VisualStudio.TestTools.Execution.AgentLoadDistributor" />
                        <Entry name="$TestDir" value="C:\Documents and Settings\ASUS X82Q SERIES\My Documents\Visual Studio 2008\Projects\TestProject\TestResults\ASUS X82Q SERIES_ASUS 2010-11-23 21_08_28" />
                        <Entry name="$AgentWeighting" value="100" />
                        <Entry name="$WebTestIteration" value="1" />
                        <Entry name="$WebTestUserId" value="1" />
                      </Context>
                    </WebRequestResult>
                    <WebRequestResult exceptionMessage="" run="0" submitted="true" cached="false" isRedirectFollow="false" requestBodyBytesHandle="-2" responseBytesHandle="61">
                      <Request url="http://localhost/industry/Interface/icon_6.jpg" command="GET /industry/Interface/icon_6.jpg HTTP/1.1" encoding="utf-8">
                        <Headers>Referer : http://localhost/industry/trade/sell/index.php
User-Agent : Mozilla/4.0 (compatible; MSIE 7.0; Windows NT 5.1)
Accept : */*
Accept-Language : en-us
Accept-Encoding : GZIP
Host : localhost
Cookie : PHPSESSID=5a0b064b9e2796918842c00f72e52f69; mylang=vietnam
</Headers>
                      </Request>
                      <Response url="http://localhost/industry/Interface/icon_6.jpg" contentType="image/jpeg" statusLine="HTTP/1.1 200 OK" pageTime="NaN" time="0.004" statusCodeString="200 OK" contentLength="504">
                        <Headers>Accept-Ranges : bytes
Content-Length : 504
Content-Type : image/jpeg
Date : Tue, 23 Nov 2010 14:08:30 GMT
ETag : "63f09400-1f8-b5bad980"
Last-Modified : Tue, 03 Aug 2010 12:46:46 GMT
Server : Apache/2.2.4 (Win32) PHP/5.2.1
</Headers>
                      </Response>
                      <Context>
                        <Entry name="$TotalAgents" value="1" />
                        <Entry name="$ControllerName" value="ASUS" />
                        <Entry name="$AgentName" value="ASUS" />
                        <Entry name="$TestLogsDir" value="C:\Documents and Settings\ASUS X82Q SERIES\My Documents\Visual Studio 2008\Projects\TestProject\TestResults\ASUS X82Q SERIES_ASUS 2010-11-23 21_08_28\In\ASUS" />
                        <Entry name="$TestDeploymentDir" value="C:\Documents and Settings\ASUS X82Q SERIES\My Documents\Visual Studio 2008\Projects\TestProject\TestResults\ASUS X82Q SERIES_ASUS 2010-11-23 21_08_28\Out" />
                        <Entry name="$AgentId" value="1" />
                        <Entry name="$AgentLoadDistributor" value="Microsoft.VisualStudio.TestTools.Execution.AgentLoadDistributor" />
                        <Entry name="$TestDir" value="C:\Documents and Settings\ASUS X82Q SERIES\My Documents\Visual Studio 2008\Projects\TestProject\TestResults\ASUS X82Q SERIES_ASUS 2010-11-23 21_08_28" />
                        <Entry name="$AgentWeighting" value="100" />
                        <Entry name="$WebTestIteration" value="1" />
                        <Entry name="$WebTestUserId" value="1" />
                      </Context>
                    </WebRequestResult>
                    <WebRequestResult exceptionMessage="" run="0" submitted="true" cached="false" isRedirectFollow="false" requestBodyBytesHandle="-2" responseBytesHandle="62">
                      <Request url="http://localhost/industry/Interface/icon_5.jpg" command="GET /industry/Interface/icon_5.jpg HTTP/1.1" encoding="utf-8">
                        <Headers>Referer : http://localhost/industry/trade/sell/index.php
User-Agent : Mozilla/4.0 (compatible; MSIE 7.0; Windows NT 5.1)
Accept : */*
Accept-Language : en-us
Accept-Encoding : GZIP
Host : localhost
Cookie : PHPSESSID=5a0b064b9e2796918842c00f72e52f69; mylang=vietnam
</Headers>
                      </Request>
                      <Response url="http://localhost/industry/Interface/icon_5.jpg" contentType="image/jpeg" statusLine="HTTP/1.1 200 OK" pageTime="NaN" time="0.004" statusCodeString="200 OK" contentLength="603">
                        <Headers>Accept-Ranges : bytes
Content-Length : 603
Content-Type : image/jpeg
Date : Tue, 23 Nov 2010 14:08:30 GMT
ETag : "63f093e0-25b-53aca500"
Last-Modified : Tue, 03 Aug 2010 08:44:36 GMT
Server : Apache/2.2.4 (Win32) PHP/5.2.1
</Headers>
                      </Response>
                      <Context>
                        <Entry name="$TotalAgents" value="1" />
                        <Entry name="$ControllerName" value="ASUS" />
                        <Entry name="$AgentName" value="ASUS" />
                        <Entry name="$TestLogsDir" value="C:\Documents and Settings\ASUS X82Q SERIES\My Documents\Visual Studio 2008\Projects\TestProject\TestResults\ASUS X82Q SERIES_ASUS 2010-11-23 21_08_28\In\ASUS" />
                        <Entry name="$TestDeploymentDir" value="C:\Documents and Settings\ASUS X82Q SERIES\My Documents\Visual Studio 2008\Projects\TestProject\TestResults\ASUS X82Q SERIES_ASUS 2010-11-23 21_08_28\Out" />
                        <Entry name="$AgentId" value="1" />
                        <Entry name="$AgentLoadDistributor" value="Microsoft.VisualStudio.TestTools.Execution.AgentLoadDistributor" />
                        <Entry name="$TestDir" value="C:\Documents and Settings\ASUS X82Q SERIES\My Documents\Visual Studio 2008\Projects\TestProject\TestResults\ASUS X82Q SERIES_ASUS 2010-11-23 21_08_28" />
                        <Entry name="$AgentWeighting" value="100" />
                        <Entry name="$WebTestIteration" value="1" />
                        <Entry name="$WebTestUserId" value="1" />
                      </Context>
                    </WebRequestResult>
                    <WebRequestResult exceptionMessage="" run="0" submitted="true" cached="false" isRedirectFollow="false" requestBodyBytesHandle="-2" responseBytesHandle="63">
                      <Request url="http://localhost/industry/Interface/icon_4.jpg" command="GET /industry/Interface/icon_4.jpg HTTP/1.1" encoding="utf-8">
                        <Headers>Referer : http://localhost/industry/trade/sell/index.php
User-Agent : Mozilla/4.0 (compatible; MSIE 7.0; Windows NT 5.1)
Accept : */*
Accept-Language : en-us
Accept-Encoding : GZIP
Host : localhost
Cookie : PHPSESSID=5a0b064b9e2796918842c00f72e52f69; mylang=vietnam
</Headers>
                      </Request>
                      <Response url="http://localhost/industry/Interface/icon_4.jpg" contentType="image/jpeg" statusLine="HTTP/1.1 200 OK" pageTime="NaN" time="0.004" statusCodeString="200 OK" contentLength="634">
                        <Headers>Accept-Ranges : bytes
Content-Length : 634
Content-Type : image/jpeg
Date : Tue, 23 Nov 2010 14:08:30 GMT
ETag : "63f093c0-27a-53511780"
Last-Modified : Tue, 03 Aug 2010 08:44:30 GMT
Server : Apache/2.2.4 (Win32) PHP/5.2.1
</Headers>
                      </Response>
                      <Context>
                        <Entry name="$TotalAgents" value="1" />
                        <Entry name="$ControllerName" value="ASUS" />
                        <Entry name="$AgentName" value="ASUS" />
                        <Entry name="$TestLogsDir" value="C:\Documents and Settings\ASUS X82Q SERIES\My Documents\Visual Studio 2008\Projects\TestProject\TestResults\ASUS X82Q SERIES_ASUS 2010-11-23 21_08_28\In\ASUS" />
                        <Entry name="$TestDeploymentDir" value="C:\Documents and Settings\ASUS X82Q SERIES\My Documents\Visual Studio 2008\Projects\TestProject\TestResults\ASUS X82Q SERIES_ASUS 2010-11-23 21_08_28\Out" />
                        <Entry name="$AgentId" value="1" />
                        <Entry name="$AgentLoadDistributor" value="Microsoft.VisualStudio.TestTools.Execution.AgentLoadDistributor" />
                        <Entry name="$TestDir" value="C:\Documents and Settings\ASUS X82Q SERIES\My Documents\Visual Studio 2008\Projects\TestProject\TestResults\ASUS X82Q SERIES_ASUS 2010-11-23 21_08_28" />
                        <Entry name="$AgentWeighting" value="100" />
                        <Entry name="$WebTestIteration" value="1" />
                        <Entry name="$WebTestUserId" value="1" />
                      </Context>
                    </WebRequestResult>
                    <WebRequestResult exceptionMessage="" run="0" submitted="true" cached="false" isRedirectFollow="false" requestBodyBytesHandle="-2" responseBytesHandle="64">
                      <Request url="http://localhost/industry/Interface/vietnam-icon.png" command="GET /industry/Interface/vietnam-icon.png HTTP/1.1" encoding="utf-8">
                        <Headers>Referer : http://localhost/industry/trade/sell/index.php
User-Agent : Mozilla/4.0 (compatible; MSIE 7.0; Windows NT 5.1)
Accept : */*
Accept-Language : en-us
Accept-Encoding : GZIP
Host : localhost
Cookie : PHPSESSID=5a0b064b9e2796918842c00f72e52f69; mylang=vietnam
</Headers>
                      </Request>
                      <Response url="http://localhost/industry/Interface/vietnam-icon.png" contentType="image/png" statusLine="HTTP/1.1 200 OK" pageTime="NaN" time="0.004" statusCodeString="200 OK" contentLength="2387">
                        <Headers>Accept-Ranges : bytes
Content-Length : 2387
Content-Type : image/png
Date : Tue, 23 Nov 2010 14:08:30 GMT
ETag : "63f09b80-953-b79b1700"
Last-Modified : Mon, 26 Jul 2010 03:09:48 GMT
Server : Apache/2.2.4 (Win32) PHP/5.2.1
</Headers>
                      </Response>
                      <Context>
                        <Entry name="$TotalAgents" value="1" />
                        <Entry name="$ControllerName" value="ASUS" />
                        <Entry name="$AgentName" value="ASUS" />
                        <Entry name="$TestLogsDir" value="C:\Documents and Settings\ASUS X82Q SERIES\My Documents\Visual Studio 2008\Projects\TestProject\TestResults\ASUS X82Q SERIES_ASUS 2010-11-23 21_08_28\In\ASUS" />
                        <Entry name="$TestDeploymentDir" value="C:\Documents and Settings\ASUS X82Q SERIES\My Documents\Visual Studio 2008\Projects\TestProject\TestResults\ASUS X82Q SERIES_ASUS 2010-11-23 21_08_28\Out" />
                        <Entry name="$AgentId" value="1" />
                        <Entry name="$AgentLoadDistributor" value="Microsoft.VisualStudio.TestTools.Execution.AgentLoadDistributor" />
                        <Entry name="$TestDir" value="C:\Documents and Settings\ASUS X82Q SERIES\My Documents\Visual Studio 2008\Projects\TestProject\TestResults\ASUS X82Q SERIES_ASUS 2010-11-23 21_08_28" />
                        <Entry name="$AgentWeighting" value="100" />
                        <Entry name="$WebTestIteration" value="1" />
                        <Entry name="$WebTestUserId" value="1" />
                      </Context>
                    </WebRequestResult>
                  </DependantResults>
                  <ValidationRuleResults>
                    <ValidationRuleResult message="Passed" ruleType="Validation" name="Response URL" />
                  </ValidationRuleResults>
                </WebRequestResult>
              </WebTestResultPage>
              <WebTestResultPage>
                <WebRequestResult exceptionMessage="" run="0" submitted="true" cached="false" isRedirectFollow="false" requestBodyBytesHandle="-2" responseBytesHandle="65">
                  <Request url="http://localhost/industry/trade/sell/index.php?mod=psc1&amp;ipc=1" command="GET /industry/trade/sell/index.php?mod=psc1&amp;ipc=1 HTTP/1.1" encoding="utf-8">
                    <Headers>User-Agent : Mozilla/4.0 (compatible; MSIE 7.0; Windows NT 5.1)
Accept : */*
Accept-Language : en-us
Accept-Encoding : GZIP
Host : localhost
Cookie : PHPSESSID=5a0b064b9e2796918842c00f72e52f69; mylang=vietnam
</Headers>
                  </Request>
                  <Response url="http://localhost/industry/trade/sell/index.php?mod=psc1&amp;ipc=1" contentType="text/html; charset=utf-8" statusLine="HTTP/1.1 200 OK" pageTime="0.653" time="0.497" statusCodeString="200 OK" contentLength="24048">
                    <Headers>Pragma : no-cache
Transfer-Encoding : chunked
Cache-Control : no-store, no-cache, must-revalidate, post-check=0, pre-check=0
Content-Type : text/html; charset:utf-8
Date : Tue, 23 Nov 2010 14:08:30 GMT
Expires : Thu, 19 Nov 1981 08:52:00 GMT
Set-Cookie : mylang=vietnam; expires=Tue, 30-Nov-2010 14:08:31 GMT; path=/
Server : Apache/2.2.4 (Win32) PHP/5.2.1
X-Powered-By : PHP/5.2.1
</Headers>
                  </Response>
                  <Context>
                    <Entry name="$TotalAgents" value="1" />
                    <Entry name="$ControllerName" value="ASUS" />
                    <Entry name="$AgentName" value="ASUS" />
                    <Entry name="$TestLogsDir" value="C:\Documents and Settings\ASUS X82Q SERIES\My Documents\Visual Studio 2008\Projects\TestProject\TestResults\ASUS X82Q SERIES_ASUS 2010-11-23 21_08_28\In\ASUS" />
                    <Entry name="$TestDeploymentDir" value="C:\Documents and Settings\ASUS X82Q SERIES\My Documents\Visual Studio 2008\Projects\TestProject\TestResults\ASUS X82Q SERIES_ASUS 2010-11-23 21_08_28\Out" />
                    <Entry name="$AgentId" value="1" />
                    <Entry name="$AgentLoadDistributor" value="Microsoft.VisualStudio.TestTools.Execution.AgentLoadDistributor" />
                    <Entry name="$TestDir" value="C:\Documents and Settings\ASUS X82Q SERIES\My Documents\Visual Studio 2008\Projects\TestProject\TestResults\ASUS X82Q SERIES_ASUS 2010-11-23 21_08_28" />
                    <Entry name="$AgentWeighting" value="100" />
                    <Entry name="$WebTestIteration" value="1" />
                    <Entry name="$WebTestUserId" value="1" />
                  </Context>
                  <DependantResults>
                    <WebRequestResult exceptionMessage="" run="0" submitted="true" cached="false" isRedirectFollow="false" requestBodyBytesHandle="-2" responseBytesHandle="2">
                      <Request url="http://localhost/industry/library/CSS/style_menu.css" command="GET /industry/library/CSS/style_menu.css HTTP/1.1" encoding="utf-8">
                        <Headers>Referer : http://localhost/industry/trade/sell/index.php?mod=psc1&amp;ipc=1
User-Agent : Mozilla/4.0 (compatible; MSIE 7.0; Windows NT 5.1)
Accept : */*
Accept-Language : en-us
Accept-Encoding : GZIP
Host : localhost
Cookie : PHPSESSID=5a0b064b9e2796918842c00f72e52f69; mylang=vietnam
</Headers>
                      </Request>
                      <Response url="http://localhost/industry/library/CSS/style_menu.css" contentType="text/css" statusLine="HTTP/1.1 200 OK" pageTime="NaN" time="0.007" statusCodeString="200 OK" contentLength="1103">
                        <Headers>Accept-Ranges : bytes
Content-Length : 1103
Content-Type : text/css
Date : Tue, 23 Nov 2010 14:08:31 GMT
ETag : "641553c0-44f-9c443c00"
Last-Modified : Fri, 27 Aug 2010 12:54:08 GMT
Server : Apache/2.2.4 (Win32) PHP/5.2.1
</Headers>
                      </Response>
                      <Context>
                        <Entry name="$TotalAgents" value="1" />
                        <Entry name="$ControllerName" value="ASUS" />
                        <Entry name="$AgentName" value="ASUS" />
                        <Entry name="$TestLogsDir" value="C:\Documents and Settings\ASUS X82Q SERIES\My Documents\Visual Studio 2008\Projects\TestProject\TestResults\ASUS X82Q SERIES_ASUS 2010-11-23 21_08_28\In\ASUS" />
                        <Entry name="$TestDeploymentDir" value="C:\Documents and Settings\ASUS X82Q SERIES\My Documents\Visual Studio 2008\Projects\TestProject\TestResults\ASUS X82Q SERIES_ASUS 2010-11-23 21_08_28\Out" />
                        <Entry name="$AgentId" value="1" />
                        <Entry name="$AgentLoadDistributor" value="Microsoft.VisualStudio.TestTools.Execution.AgentLoadDistributor" />
                        <Entry name="$TestDir" value="C:\Documents and Settings\ASUS X82Q SERIES\My Documents\Visual Studio 2008\Projects\TestProject\TestResults\ASUS X82Q SERIES_ASUS 2010-11-23 21_08_28" />
                        <Entry name="$AgentWeighting" value="100" />
                        <Entry name="$WebTestIteration" value="1" />
                        <Entry name="$WebTestUserId" value="1" />
                      </Context>
                    </WebRequestResult>
                    <WebRequestResult exceptionMessage="" run="0" submitted="true" cached="false" isRedirectFollow="false" requestBodyBytesHandle="-2" responseBytesHandle="1">
                      <Request url="http://localhost/industry/library/CSS/style.css" command="GET /industry/library/CSS/style.css HTTP/1.1" encoding="utf-8">
                        <Headers>Referer : http://localhost/industry/trade/sell/index.php?mod=psc1&amp;ipc=1
User-Agent : Mozilla/4.0 (compatible; MSIE 7.0; Windows NT 5.1)
Accept : */*
Accept-Language : en-us
Accept-Encoding : GZIP
Host : localhost
Cookie : PHPSESSID=5a0b064b9e2796918842c00f72e52f69; mylang=vietnam
</Headers>
                      </Request>
                      <Response url="http://localhost/industry/library/CSS/style.css" contentType="text/css" statusLine="HTTP/1.1 200 OK" pageTime="NaN" time="0.01" statusCodeString="200 OK" contentLength="9991">
                        <Headers>Accept-Ranges : bytes
Content-Length : 9991
Content-Type : text/css
Date : Tue, 23 Nov 2010 14:08:31 GMT
ETag : "64155240-2707-e0400a80"
Last-Modified : Fri, 24 Sep 2010 18:52:10 GMT
Server : Apache/2.2.4 (Win32) PHP/5.2.1
</Headers>
                      </Response>
                      <Context>
                        <Entry name="$TotalAgents" value="1" />
                        <Entry name="$ControllerName" value="ASUS" />
                        <Entry name="$AgentName" value="ASUS" />
                        <Entry name="$TestLogsDir" value="C:\Documents and Settings\ASUS X82Q SERIES\My Documents\Visual Studio 2008\Projects\TestProject\TestResults\ASUS X82Q SERIES_ASUS 2010-11-23 21_08_28\In\ASUS" />
                        <Entry name="$TestDeploymentDir" value="C:\Documents and Settings\ASUS X82Q SERIES\My Documents\Visual Studio 2008\Projects\TestProject\TestResults\ASUS X82Q SERIES_ASUS 2010-11-23 21_08_28\Out" />
                        <Entry name="$AgentId" value="1" />
                        <Entry name="$AgentLoadDistributor" value="Microsoft.VisualStudio.TestTools.Execution.AgentLoadDistributor" />
                        <Entry name="$TestDir" value="C:\Documents and Settings\ASUS X82Q SERIES\My Documents\Visual Studio 2008\Projects\TestProject\TestResults\ASUS X82Q SERIES_ASUS 2010-11-23 21_08_28" />
                        <Entry name="$AgentWeighting" value="100" />
                        <Entry name="$WebTestIteration" value="1" />
                        <Entry name="$WebTestUserId" value="1" />
                      </Context>
                    </WebRequestResult>
                    <WebRequestResult exceptionMessage="" run="0" submitted="true" cached="false" isRedirectFollow="false" requestBodyBytesHandle="-2" responseBytesHandle="44">
                      <Request url="http://localhost/industry/library/CSS/style_buy_sale.css" command="GET /industry/library/CSS/style_buy_sale.css HTTP/1.1" encoding="utf-8">
                        <Headers>Referer : http://localhost/industry/trade/sell/index.php?mod=psc1&amp;ipc=1
User-Agent : Mozilla/4.0 (compatible; MSIE 7.0; Windows NT 5.1)
Accept : */*
Accept-Language : en-us
Accept-Encoding : GZIP
Host : localhost
Cookie : PHPSESSID=5a0b064b9e2796918842c00f72e52f69; mylang=vietnam
</Headers>
                      </Request>
                      <Response url="http://localhost/industry/library/CSS/style_buy_sale.css" contentType="text/css" statusLine="HTTP/1.1 200 OK" pageTime="NaN" time="0.008" statusCodeString="200 OK" contentLength="4307">
                        <Headers>Accept-Ranges : bytes
Content-Length : 4307
Content-Type : text/css
Date : Tue, 23 Nov 2010 14:08:31 GMT
ETag : "641552a0-10d3-f8823c00"
Last-Modified : Mon, 20 Sep 2010 05:13:20 GMT
Server : Apache/2.2.4 (Win32) PHP/5.2.1
</Headers>
                      </Response>
                      <Context>
                        <Entry name="$TotalAgents" value="1" />
                        <Entry name="$ControllerName" value="ASUS" />
                        <Entry name="$AgentName" value="ASUS" />
                        <Entry name="$TestLogsDir" value="C:\Documents and Settings\ASUS X82Q SERIES\My Documents\Visual Studio 2008\Projects\TestProject\TestResults\ASUS X82Q SERIES_ASUS 2010-11-23 21_08_28\In\ASUS" />
                        <Entry name="$TestDeploymentDir" value="C:\Documents and Settings\ASUS X82Q SERIES\My Documents\Visual Studio 2008\Projects\TestProject\TestResults\ASUS X82Q SERIES_ASUS 2010-11-23 21_08_28\Out" />
                        <Entry name="$AgentId" value="1" />
                        <Entry name="$AgentLoadDistributor" value="Microsoft.VisualStudio.TestTools.Execution.AgentLoadDistributor" />
                        <Entry name="$TestDir" value="C:\Documents and Settings\ASUS X82Q SERIES\My Documents\Visual Studio 2008\Projects\TestProject\TestResults\ASUS X82Q SERIES_ASUS 2010-11-23 21_08_28" />
                        <Entry name="$AgentWeighting" value="100" />
                        <Entry name="$WebTestIteration" value="1" />
                        <Entry name="$WebTestUserId" value="1" />
                      </Context>
                    </WebRequestResult>
                    <WebRequestResult exceptionMessage="" run="0" submitted="true" cached="false" isRedirectFollow="false" requestBodyBytesHandle="-2" responseBytesHandle="43">
                      <Request url="http://localhost/industry/library/CSS/style-slide.css" command="GET /industry/library/CSS/style-slide.css HTTP/1.1" encoding="utf-8">
                        <Headers>Referer : http://localhost/industry/trade/sell/index.php?mod=psc1&amp;ipc=1
User-Agent : Mozilla/4.0 (compatible; MSIE 7.0; Windows NT 5.1)
Accept : */*
Accept-Language : en-us
Accept-Encoding : GZIP
Host : localhost
Cookie : PHPSESSID=5a0b064b9e2796918842c00f72e52f69; mylang=vietnam
</Headers>
                      </Request>
                      <Response url="http://localhost/industry/library/CSS/style-slide.css" contentType="text/css" statusLine="HTTP/1.1 200 OK" pageTime="NaN" time="0.02" statusCodeString="200 OK" contentLength="1629">
                        <Headers>Accept-Ranges : bytes
Content-Length : 1629
Content-Type : text/css
Date : Tue, 23 Nov 2010 14:08:31 GMT
ETag : "64155220-65d-d44b7f00"
Last-Modified : Fri, 27 Aug 2010 13:09:48 GMT
Server : Apache/2.2.4 (Win32) PHP/5.2.1
</Headers>
                      </Response>
                      <Context>
                        <Entry name="$TotalAgents" value="1" />
                        <Entry name="$ControllerName" value="ASUS" />
                        <Entry name="$AgentName" value="ASUS" />
                        <Entry name="$TestLogsDir" value="C:\Documents and Settings\ASUS X82Q SERIES\My Documents\Visual Studio 2008\Projects\TestProject\TestResults\ASUS X82Q SERIES_ASUS 2010-11-23 21_08_28\In\ASUS" />
                        <Entry name="$TestDeploymentDir" value="C:\Documents and Settings\ASUS X82Q SERIES\My Documents\Visual Studio 2008\Projects\TestProject\TestResults\ASUS X82Q SERIES_ASUS 2010-11-23 21_08_28\Out" />
                        <Entry name="$AgentId" value="1" />
                        <Entry name="$AgentLoadDistributor" value="Microsoft.VisualStudio.TestTools.Execution.AgentLoadDistributor" />
                        <Entry name="$TestDir" value="C:\Documents and Settings\ASUS X82Q SERIES\My Documents\Visual Studio 2008\Projects\TestProject\TestResults\ASUS X82Q SERIES_ASUS 2010-11-23 21_08_28" />
                        <Entry name="$AgentWeighting" value="100" />
                        <Entry name="$WebTestIteration" value="1" />
                        <Entry name="$WebTestUserId" value="1" />
                      </Context>
                    </WebRequestResult>
                    <WebRequestResult exceptionMessage="" run="0" submitted="true" cached="false" isRedirectFollow="false" requestBodyBytesHandle="-2" responseBytesHandle="8">
                      <Request url="http://localhost/industry/library/js/script.js" command="GET /industry/library/js/script.js HTTP/1.1" encoding="utf-8">
                        <Headers>Referer : http://localhost/industry/trade/sell/index.php?mod=psc1&amp;ipc=1
User-Agent : Mozilla/4.0 (compatible; MSIE 7.0; Windows NT 5.1)
Accept : */*
Accept-Language : en-us
Accept-Encoding : GZIP
Host : localhost
Cookie : PHPSESSID=5a0b064b9e2796918842c00f72e52f69; mylang=vietnam
</Headers>
                      </Request>
                      <Response url="http://localhost/industry/library/js/script.js" contentType="application/x-javascript" statusLine="HTTP/1.1 200 OK" pageTime="NaN" time="0.007" statusCodeString="200 OK" contentLength="403">
                        <Headers>Accept-Ranges : bytes
Content-Length : 403
Content-Type : application/x-javascript
Date : Tue, 23 Nov 2010 14:08:31 GMT
ETag : "640c1340-193-56ac8480"
Last-Modified : Tue, 27 Jul 2010 06:09:06 GMT
Server : Apache/2.2.4 (Win32) PHP/5.2.1
</Headers>
                      </Response>
                      <Context>
                        <Entry name="$TotalAgents" value="1" />
                        <Entry name="$ControllerName" value="ASUS" />
                        <Entry name="$AgentName" value="ASUS" />
                        <Entry name="$TestLogsDir" value="C:\Documents and Settings\ASUS X82Q SERIES\My Documents\Visual Studio 2008\Projects\TestProject\TestResults\ASUS X82Q SERIES_ASUS 2010-11-23 21_08_28\In\ASUS" />
                        <Entry name="$TestDeploymentDir" value="C:\Documents and Settings\ASUS X82Q SERIES\My Documents\Visual Studio 2008\Projects\TestProject\TestResults\ASUS X82Q SERIES_ASUS 2010-11-23 21_08_28\Out" />
                        <Entry name="$AgentId" value="1" />
                        <Entry name="$AgentLoadDistributor" value="Microsoft.VisualStudio.TestTools.Execution.AgentLoadDistributor" />
                        <Entry name="$TestDir" value="C:\Documents and Settings\ASUS X82Q SERIES\My Documents\Visual Studio 2008\Projects\TestProject\TestResults\ASUS X82Q SERIES_ASUS 2010-11-23 21_08_28" />
                        <Entry name="$AgentWeighting" value="100" />
                        <Entry name="$WebTestIteration" value="1" />
                        <Entry name="$WebTestUserId" value="1" />
                      </Context>
                    </WebRequestResult>
                    <WebRequestResult exceptionMessage="" run="0" submitted="true" cached="false" isRedirectFollow="false" requestBodyBytesHandle="-2" responseBytesHandle="11">
                      <Request url="http://localhost/industry/library/js/jquery_menu.js" command="GET /industry/library/js/jquery_menu.js HTTP/1.1" encoding="utf-8">
                        <Headers>Referer : http://localhost/industry/trade/sell/index.php?mod=psc1&amp;ipc=1
User-Agent : Mozilla/4.0 (compatible; MSIE 7.0; Windows NT 5.1)
Accept : */*
Accept-Language : en-us
Accept-Encoding : GZIP
Host : localhost
Cookie : PHPSESSID=5a0b064b9e2796918842c00f72e52f69; mylang=vietnam
</Headers>
                      </Request>
                      <Response url="http://localhost/industry/library/js/jquery_menu.js" contentType="application/x-javascript" statusLine="HTTP/1.1 200 OK" pageTime="NaN" time="0.073" statusCodeString="200 OK" contentLength="57170">
                        <Headers>X-Pad : avoid browser bug
Accept-Ranges : bytes
Content-Length : 57170
Content-Type : application/x-javascript
Date : Tue, 23 Nov 2010 14:08:31 GMT
ETag : "640c1260-df52-984af280"
Last-Modified : Tue, 27 Jul 2010 02:52:42 GMT
Server : Apache/2.2.4 (Win32) PHP/5.2.1
</Headers>
                      </Response>
                      <Context>
                        <Entry name="$TotalAgents" value="1" />
                        <Entry name="$ControllerName" value="ASUS" />
                        <Entry name="$AgentName" value="ASUS" />
                        <Entry name="$TestLogsDir" value="C:\Documents and Settings\ASUS X82Q SERIES\My Documents\Visual Studio 2008\Projects\TestProject\TestResults\ASUS X82Q SERIES_ASUS 2010-11-23 21_08_28\In\ASUS" />
                        <Entry name="$TestDeploymentDir" value="C:\Documents and Settings\ASUS X82Q SERIES\My Documents\Visual Studio 2008\Projects\TestProject\TestResults\ASUS X82Q SERIES_ASUS 2010-11-23 21_08_28\Out" />
                        <Entry name="$AgentId" value="1" />
                        <Entry name="$AgentLoadDistributor" value="Microsoft.VisualStudio.TestTools.Execution.AgentLoadDistributor" />
                        <Entry name="$TestDir" value="C:\Documents and Settings\ASUS X82Q SERIES\My Documents\Visual Studio 2008\Projects\TestProject\TestResults\ASUS X82Q SERIES_ASUS 2010-11-23 21_08_28" />
                        <Entry name="$AgentWeighting" value="100" />
                        <Entry name="$WebTestIteration" value="1" />
                        <Entry name="$WebTestUserId" value="1" />
                      </Context>
                    </WebRequestResult>
                    <WebRequestResult exceptionMessage="" run="0" submitted="true" cached="false" isRedirectFollow="false" requestBodyBytesHandle="-2" responseBytesHandle="46">
                      <Request url="http://localhost/industry/library/js/jcarousellite.js" command="GET /industry/library/js/jcarousellite.js HTTP/1.1" encoding="utf-8">
                        <Headers>Referer : http://localhost/industry/trade/sell/index.php?mod=psc1&amp;ipc=1
User-Agent : Mozilla/4.0 (compatible; MSIE 7.0; Windows NT 5.1)
Accept : */*
Accept-Language : en-us
Accept-Encoding : GZIP
Host : localhost
Cookie : PHPSESSID=5a0b064b9e2796918842c00f72e52f69; mylang=vietnam
</Headers>
                      </Request>
                      <Response url="http://localhost/industry/library/js/jcarousellite.js" contentType="application/x-javascript" statusLine="HTTP/1.1 200 OK" pageTime="NaN" time="0.006" statusCodeString="200 OK" contentLength="114">
                        <Headers>Accept-Ranges : bytes
Content-Length : 114
Content-Type : application/x-javascript
Date : Tue, 23 Nov 2010 14:08:31 GMT
ETag : "640c1140-72-d8661c00"
Last-Modified : Sat, 07 Aug 2010 13:34:40 GMT
Server : Apache/2.2.4 (Win32) PHP/5.2.1
</Headers>
                      </Response>
                      <Context>
                        <Entry name="$TotalAgents" value="1" />
                        <Entry name="$ControllerName" value="ASUS" />
                        <Entry name="$AgentName" value="ASUS" />
                        <Entry name="$TestLogsDir" value="C:\Documents and Settings\ASUS X82Q SERIES\My Documents\Visual Studio 2008\Projects\TestProject\TestResults\ASUS X82Q SERIES_ASUS 2010-11-23 21_08_28\In\ASUS" />
                        <Entry name="$TestDeploymentDir" value="C:\Documents and Settings\ASUS X82Q SERIES\My Documents\Visual Studio 2008\Projects\TestProject\TestResults\ASUS X82Q SERIES_ASUS 2010-11-23 21_08_28\Out" />
                        <Entry name="$AgentId" value="1" />
                        <Entry name="$AgentLoadDistributor" value="Microsoft.VisualStudio.TestTools.Execution.AgentLoadDistributor" />
                        <Entry name="$TestDir" value="C:\Documents and Settings\ASUS X82Q SERIES\My Documents\Visual Studio 2008\Projects\TestProject\TestResults\ASUS X82Q SERIES_ASUS 2010-11-23 21_08_28" />
                        <Entry name="$AgentWeighting" value="100" />
                        <Entry name="$WebTestIteration" value="1" />
                        <Entry name="$WebTestUserId" value="1" />
                      </Context>
                    </WebRequestResult>
                    <WebRequestResult exceptionMessage="" run="0" submitted="true" cached="false" isRedirectFollow="false" requestBodyBytesHandle="-2" responseBytesHandle="45">
                      <Request url="http://localhost/industry/library/js/jquery.js" command="GET /industry/library/js/jquery.js HTTP/1.1" encoding="utf-8">
                        <Headers>Referer : http://localhost/industry/trade/sell/index.php?mod=psc1&amp;ipc=1
User-Agent : Mozilla/4.0 (compatible; MSIE 7.0; Windows NT 5.1)
Accept : */*
Accept-Language : en-us
Accept-Encoding : GZIP
Host : localhost
Cookie : PHPSESSID=5a0b064b9e2796918842c00f72e52f69; mylang=vietnam
</Headers>
                      </Request>
                      <Response url="http://localhost/industry/library/js/jquery.js" contentType="application/x-javascript" statusLine="HTTP/1.1 200 OK" pageTime="NaN" time="0.06" statusCodeString="200 OK" contentLength="50783">
                        <Headers>X-Pad : avoid browser bug
Accept-Ranges : bytes
Content-Length : 50783
Content-Type : application/x-javascript
Date : Tue, 23 Nov 2010 14:08:31 GMT
ETag : "640c11c0-c65f-f7d5c480"
Last-Modified : Fri, 06 Aug 2010 16:14:58 GMT
Server : Apache/2.2.4 (Win32) PHP/5.2.1
</Headers>
                      </Response>
                      <Context>
                        <Entry name="$TotalAgents" value="1" />
                        <Entry name="$ControllerName" value="ASUS" />
                        <Entry name="$AgentName" value="ASUS" />
                        <Entry name="$TestLogsDir" value="C:\Documents and Settings\ASUS X82Q SERIES\My Documents\Visual Studio 2008\Projects\TestProject\TestResults\ASUS X82Q SERIES_ASUS 2010-11-23 21_08_28\In\ASUS" />
                        <Entry name="$TestDeploymentDir" value="C:\Documents and Settings\ASUS X82Q SERIES\My Documents\Visual Studio 2008\Projects\TestProject\TestResults\ASUS X82Q SERIES_ASUS 2010-11-23 21_08_28\Out" />
                        <Entry name="$AgentId" value="1" />
                        <Entry name="$AgentLoadDistributor" value="Microsoft.VisualStudio.TestTools.Execution.AgentLoadDistributor" />
                        <Entry name="$TestDir" value="C:\Documents and Settings\ASUS X82Q SERIES\My Documents\Visual Studio 2008\Projects\TestProject\TestResults\ASUS X82Q SERIES_ASUS 2010-11-23 21_08_28" />
                        <Entry name="$AgentWeighting" value="100" />
                        <Entry name="$WebTestIteration" value="1" />
                        <Entry name="$WebTestUserId" value="1" />
                      </Context>
                    </WebRequestResult>
                    <WebRequestResult exceptionMessage="" run="0" submitted="true" cached="false" isRedirectFollow="false" requestBodyBytesHandle="-2" responseBytesHandle="15">
                      <Request url="http://localhost/industry/interface/search.jpg" command="GET /industry/interface/search.jpg HTTP/1.1" encoding="utf-8">
                        <Headers>Referer : http://localhost/industry/trade/sell/index.php?mod=psc1&amp;ipc=1
User-Agent : Mozilla/4.0 (compatible; MSIE 7.0; Windows NT 5.1)
Accept : */*
Accept-Language : en-us
Accept-Encoding : GZIP
Host : localhost
Cookie : PHPSESSID=5a0b064b9e2796918842c00f72e52f69; mylang=vietnam
</Headers>
                      </Request>
                      <Response url="http://localhost/industry/interface/search.jpg" contentType="image/jpeg" statusLine="HTTP/1.1 200 OK" pageTime="NaN" time="0.004" statusCodeString="200 OK" contentLength="1525">
                        <Headers>Accept-Ranges : bytes
Content-Length : 1525
Content-Type : image/jpeg
Date : Tue, 23 Nov 2010 14:08:31 GMT
ETag : "63f09960-5f5-160fc780"
Last-Modified : Sun, 25 Jul 2010 16:51:58 GMT
Server : Apache/2.2.4 (Win32) PHP/5.2.1
</Headers>
                      </Response>
                      <Context>
                        <Entry name="$TotalAgents" value="1" />
                        <Entry name="$ControllerName" value="ASUS" />
                        <Entry name="$AgentName" value="ASUS" />
                        <Entry name="$TestLogsDir" value="C:\Documents and Settings\ASUS X82Q SERIES\My Documents\Visual Studio 2008\Projects\TestProject\TestResults\ASUS X82Q SERIES_ASUS 2010-11-23 21_08_28\In\ASUS" />
                        <Entry name="$TestDeploymentDir" value="C:\Documents and Settings\ASUS X82Q SERIES\My Documents\Visual Studio 2008\Projects\TestProject\TestResults\ASUS X82Q SERIES_ASUS 2010-11-23 21_08_28\Out" />
                        <Entry name="$AgentId" value="1" />
                        <Entry name="$AgentLoadDistributor" value="Microsoft.VisualStudio.TestTools.Execution.AgentLoadDistributor" />
                        <Entry name="$TestDir" value="C:\Documents and Settings\ASUS X82Q SERIES\My Documents\Visual Studio 2008\Projects\TestProject\TestResults\ASUS X82Q SERIES_ASUS 2010-11-23 21_08_28" />
                        <Entry name="$AgentWeighting" value="100" />
                        <Entry name="$WebTestIteration" value="1" />
                        <Entry name="$WebTestUserId" value="1" />
                      </Context>
                    </WebRequestResult>
                    <WebRequestResult exceptionMessage="" run="0" submitted="true" cached="false" isRedirectFollow="false" requestBodyBytesHandle="-2" responseBytesHandle="33">
                      <Request url="http://localhost/industry/Interface/reg_1.jpg" command="GET /industry/Interface/reg_1.jpg HTTP/1.1" encoding="utf-8">
                        <Headers>Referer : http://localhost/industry/trade/sell/index.php?mod=psc1&amp;ipc=1
User-Agent : Mozilla/4.0 (compatible; MSIE 7.0; Windows NT 5.1)
Accept : */*
Accept-Language : en-us
Accept-Encoding : GZIP
Host : localhost
Cookie : PHPSESSID=5a0b064b9e2796918842c00f72e52f69; mylang=vietnam
</Headers>
                      </Request>
                      <Response url="http://localhost/industry/Interface/reg_1.jpg" contentType="image/jpeg" statusLine="HTTP/1.1 200 OK" pageTime="NaN" time="0.005" statusCodeString="200 OK" contentLength="2284">
                        <Headers>Accept-Ranges : bytes
Content-Length : 2284
Content-Type : image/jpeg
Date : Tue, 23 Nov 2010 14:08:31 GMT
ETag : "63f09940-8ec-d41dd680"
Last-Modified : Tue, 03 Aug 2010 05:45:46 GMT
Server : Apache/2.2.4 (Win32) PHP/5.2.1
</Headers>
                      </Response>
                      <Context>
                        <Entry name="$TotalAgents" value="1" />
                        <Entry name="$ControllerName" value="ASUS" />
                        <Entry name="$AgentName" value="ASUS" />
                        <Entry name="$TestLogsDir" value="C:\Documents and Settings\ASUS X82Q SERIES\My Documents\Visual Studio 2008\Projects\TestProject\TestResults\ASUS X82Q SERIES_ASUS 2010-11-23 21_08_28\In\ASUS" />
                        <Entry name="$TestDeploymentDir" value="C:\Documents and Settings\ASUS X82Q SERIES\My Documents\Visual Studio 2008\Projects\TestProject\TestResults\ASUS X82Q SERIES_ASUS 2010-11-23 21_08_28\Out" />
                        <Entry name="$AgentId" value="1" />
                        <Entry name="$AgentLoadDistributor" value="Microsoft.VisualStudio.TestTools.Execution.AgentLoadDistributor" />
                        <Entry name="$TestDir" value="C:\Documents and Settings\ASUS X82Q SERIES\My Documents\Visual Studio 2008\Projects\TestProject\TestResults\ASUS X82Q SERIES_ASUS 2010-11-23 21_08_28" />
                        <Entry name="$AgentWeighting" value="100" />
                        <Entry name="$WebTestIteration" value="1" />
                        <Entry name="$WebTestUserId" value="1" />
                      </Context>
                    </WebRequestResult>
                    <WebRequestResult exceptionMessage="" run="0" submitted="true" cached="false" isRedirectFollow="false" requestBodyBytesHandle="-2" responseBytesHandle="48">
                      <Request url="http://localhost/industry/trade/sell/library/js/swfobject.js" command="GET /industry/trade/sell/library/js/swfobject.js HTTP/1.1" encoding="utf-8">
                        <Headers>Referer : http://localhost/industry/trade/sell/index.php?mod=psc1&amp;ipc=1
User-Agent : Mozilla/4.0 (compatible; MSIE 7.0; Windows NT 5.1)
Accept : */*
Accept-Language : en-us
Accept-Encoding : GZIP
Host : localhost
Cookie : PHPSESSID=5a0b064b9e2796918842c00f72e52f69; mylang=vietnam
</Headers>
                      </Request>
                      <Response url="http://localhost/industry/trade/sell/library/js/swfobject.js" contentType="text/html; charset=iso-8859-1" statusLine="HTTP/1.1 404 Not Found" pageTime="NaN" time="0.013" statusCodeString="404 Not Found" contentLength="324">
                        <Headers>Content-Length : 324
Content-Type : text/html; charset=iso-8859-1
Date : Tue, 23 Nov 2010 14:08:31 GMT
Server : Apache/2.2.4 (Win32) PHP/5.2.1
</Headers>
                      </Response>
                      <Context>
                        <Entry name="$TotalAgents" value="1" />
                        <Entry name="$ControllerName" value="ASUS" />
                        <Entry name="$AgentName" value="ASUS" />
                        <Entry name="$TestLogsDir" value="C:\Documents and Settings\ASUS X82Q SERIES\My Documents\Visual Studio 2008\Projects\TestProject\TestResults\ASUS X82Q SERIES_ASUS 2010-11-23 21_08_28\In\ASUS" />
                        <Entry name="$TestDeploymentDir" value="C:\Documents and Settings\ASUS X82Q SERIES\My Documents\Visual Studio 2008\Projects\TestProject\TestResults\ASUS X82Q SERIES_ASUS 2010-11-23 21_08_28\Out" />
                        <Entry name="$AgentId" value="1" />
                        <Entry name="$AgentLoadDistributor" value="Microsoft.VisualStudio.TestTools.Execution.AgentLoadDistributor" />
                        <Entry name="$TestDir" value="C:\Documents and Settings\ASUS X82Q SERIES\My Documents\Visual Studio 2008\Projects\TestProject\TestResults\ASUS X82Q SERIES_ASUS 2010-11-23 21_08_28" />
                        <Entry name="$AgentWeighting" value="100" />
                        <Entry name="$WebTestIteration" value="1" />
                        <Entry name="$WebTestUserId" value="1" />
                      </Context>
                      <Errors>
                        <Error type="HttpError" subType="404 - NotFound" text="404 - NotFound" time="2010-11-23T21:08:31.5781250+07:00" />
                      </Errors>
                    </WebRequestResult>
                    <WebRequestResult exceptionMessage="" run="0" submitted="true" cached="false" isRedirectFollow="false" requestBodyBytesHandle="-2" responseBytesHandle="47">
                      <Request url="http://localhost/industry/Interface/khung_2_1.jpg" command="GET /industry/Interface/khung_2_1.jpg HTTP/1.1" encoding="utf-8">
                        <Headers>Referer : http://localhost/industry/trade/sell/index.php?mod=psc1&amp;ipc=1
User-Agent : Mozilla/4.0 (compatible; MSIE 7.0; Windows NT 5.1)
Accept : */*
Accept-Language : en-us
Accept-Encoding : GZIP
Host : localhost
Cookie : PHPSESSID=5a0b064b9e2796918842c00f72e52f69; mylang=vietnam
</Headers>
                      </Request>
                      <Response url="http://localhost/industry/Interface/khung_2_1.jpg" contentType="image/jpeg" statusLine="HTTP/1.1 200 OK" pageTime="NaN" time="0.004" statusCodeString="200 OK" contentLength="774">
                        <Headers>Accept-Ranges : bytes
Content-Length : 774
Content-Type : image/jpeg
Date : Tue, 23 Nov 2010 14:08:31 GMT
ETag : "63f094e0-306-eb3b3680"
Last-Modified : Tue, 24 Aug 2010 05:20:10 GMT
Server : Apache/2.2.4 (Win32) PHP/5.2.1
</Headers>
                      </Response>
                      <Context>
                        <Entry name="$TotalAgents" value="1" />
                        <Entry name="$ControllerName" value="ASUS" />
                        <Entry name="$AgentName" value="ASUS" />
                        <Entry name="$TestLogsDir" value="C:\Documents and Settings\ASUS X82Q SERIES\My Documents\Visual Studio 2008\Projects\TestProject\TestResults\ASUS X82Q SERIES_ASUS 2010-11-23 21_08_28\In\ASUS" />
                        <Entry name="$TestDeploymentDir" value="C:\Documents and Settings\ASUS X82Q SERIES\My Documents\Visual Studio 2008\Projects\TestProject\TestResults\ASUS X82Q SERIES_ASUS 2010-11-23 21_08_28\Out" />
                        <Entry name="$AgentId" value="1" />
                        <Entry name="$AgentLoadDistributor" value="Microsoft.VisualStudio.TestTools.Execution.AgentLoadDistributor" />
                        <Entry name="$TestDir" value="C:\Documents and Settings\ASUS X82Q SERIES\My Documents\Visual Studio 2008\Projects\TestProject\TestResults\ASUS X82Q SERIES_ASUS 2010-11-23 21_08_28" />
                        <Entry name="$AgentWeighting" value="100" />
                        <Entry name="$WebTestIteration" value="1" />
                        <Entry name="$WebTestUserId" value="1" />
                      </Context>
                    </WebRequestResult>
                    <WebRequestResult exceptionMessage="" run="0" submitted="true" cached="false" isRedirectFollow="false" requestBodyBytesHandle="-2" responseBytesHandle="49">
                      <Request url="http://localhost/industry/Interface/home-1.jpg" command="GET /industry/Interface/home-1.jpg HTTP/1.1" encoding="utf-8">
                        <Headers>Referer : http://localhost/industry/trade/sell/index.php?mod=psc1&amp;ipc=1
User-Agent : Mozilla/4.0 (compatible; MSIE 7.0; Windows NT 5.1)
Accept : */*
Accept-Language : en-us
Accept-Encoding : GZIP
Host : localhost
Cookie : PHPSESSID=5a0b064b9e2796918842c00f72e52f69; mylang=vietnam
</Headers>
                      </Request>
                      <Response url="http://localhost/industry/Interface/home-1.jpg" contentType="image/jpeg" statusLine="HTTP/1.1 200 OK" pageTime="NaN" time="0.004" statusCodeString="200 OK" contentLength="495">
                        <Headers>Accept-Ranges : bytes
Content-Length : 495
Content-Type : image/jpeg
Date : Tue, 23 Nov 2010 14:08:31 GMT
ETag : "63f092c0-1ef-25b79e80"
Last-Modified : Tue, 03 Aug 2010 07:20:10 GMT
Server : Apache/2.2.4 (Win32) PHP/5.2.1
</Headers>
                      </Response>
                      <Context>
                        <Entry name="$TotalAgents" value="1" />
                        <Entry name="$ControllerName" value="ASUS" />
                        <Entry name="$AgentName" value="ASUS" />
                        <Entry name="$TestLogsDir" value="C:\Documents and Settings\ASUS X82Q SERIES\My Documents\Visual Studio 2008\Projects\TestProject\TestResults\ASUS X82Q SERIES_ASUS 2010-11-23 21_08_28\In\ASUS" />
                        <Entry name="$TestDeploymentDir" value="C:\Documents and Settings\ASUS X82Q SERIES\My Documents\Visual Studio 2008\Projects\TestProject\TestResults\ASUS X82Q SERIES_ASUS 2010-11-23 21_08_28\Out" />
                        <Entry name="$AgentId" value="1" />
                        <Entry name="$AgentLoadDistributor" value="Microsoft.VisualStudio.TestTools.Execution.AgentLoadDistributor" />
                        <Entry name="$TestDir" value="C:\Documents and Settings\ASUS X82Q SERIES\My Documents\Visual Studio 2008\Projects\TestProject\TestResults\ASUS X82Q SERIES_ASUS 2010-11-23 21_08_28" />
                        <Entry name="$AgentWeighting" value="100" />
                        <Entry name="$WebTestIteration" value="1" />
                        <Entry name="$WebTestUserId" value="1" />
                      </Context>
                    </WebRequestResult>
                    <WebRequestResult exceptionMessage="" run="0" submitted="true" cached="false" isRedirectFollow="false" requestBodyBytesHandle="-2" responseBytesHandle="50">
                      <Request url="http://localhost/industry/Interface/icon_2.jpg" command="GET /industry/Interface/icon_2.jpg HTTP/1.1" encoding="utf-8">
                        <Headers>Referer : http://localhost/industry/trade/sell/index.php?mod=psc1&amp;ipc=1
User-Agent : Mozilla/4.0 (compatible; MSIE 7.0; Windows NT 5.1)
Accept : */*
Accept-Language : en-us
Accept-Encoding : GZIP
Host : localhost
Cookie : PHPSESSID=5a0b064b9e2796918842c00f72e52f69; mylang=vietnam
</Headers>
                      </Request>
                      <Response url="http://localhost/industry/Interface/icon_2.jpg" contentType="image/jpeg" statusLine="HTTP/1.1 200 OK" pageTime="NaN" time="0.004" statusCodeString="200 OK" contentLength="395">
                        <Headers>Accept-Ranges : bytes
Content-Length : 395
Content-Type : image/jpeg
Date : Tue, 23 Nov 2010 14:08:31 GMT
ETag : "63f09380-18b-cd34d100"
Last-Modified : Tue, 03 Aug 2010 08:07:00 GMT
Server : Apache/2.2.4 (Win32) PHP/5.2.1
</Headers>
                      </Response>
                      <Context>
                        <Entry name="$TotalAgents" value="1" />
                        <Entry name="$ControllerName" value="ASUS" />
                        <Entry name="$AgentName" value="ASUS" />
                        <Entry name="$TestLogsDir" value="C:\Documents and Settings\ASUS X82Q SERIES\My Documents\Visual Studio 2008\Projects\TestProject\TestResults\ASUS X82Q SERIES_ASUS 2010-11-23 21_08_28\In\ASUS" />
                        <Entry name="$TestDeploymentDir" value="C:\Documents and Settings\ASUS X82Q SERIES\My Documents\Visual Studio 2008\Projects\TestProject\TestResults\ASUS X82Q SERIES_ASUS 2010-11-23 21_08_28\Out" />
                        <Entry name="$AgentId" value="1" />
                        <Entry name="$AgentLoadDistributor" value="Microsoft.VisualStudio.TestTools.Execution.AgentLoadDistributor" />
                        <Entry name="$TestDir" value="C:\Documents and Settings\ASUS X82Q SERIES\My Documents\Visual Studio 2008\Projects\TestProject\TestResults\ASUS X82Q SERIES_ASUS 2010-11-23 21_08_28" />
                        <Entry name="$AgentWeighting" value="100" />
                        <Entry name="$WebTestIteration" value="1" />
                        <Entry name="$WebTestUserId" value="1" />
                      </Context>
                    </WebRequestResult>
                    <WebRequestResult exceptionMessage="" run="0" submitted="true" cached="false" isRedirectFollow="false" requestBodyBytesHandle="-2" responseBytesHandle="51">
                      <Request url="http://localhost/industry/uploads/products/2/1/thumbnails/1_100x0.jpg" command="GET /industry/uploads/products/2/1/thumbnails/1_100x0.jpg HTTP/1.1" encoding="utf-8">
                        <Headers>Referer : http://localhost/industry/trade/sell/index.php?mod=psc1&amp;ipc=1
User-Agent : Mozilla/4.0 (compatible; MSIE 7.0; Windows NT 5.1)
Accept : */*
Accept-Language : en-us
Accept-Encoding : GZIP
Host : localhost
Cookie : PHPSESSID=5a0b064b9e2796918842c00f72e52f69; mylang=vietnam
</Headers>
                      </Request>
                      <Response url="http://localhost/industry/uploads/products/2/1/thumbnails/1_100x0.jpg" contentType="image/jpeg" statusLine="HTTP/1.1 200 OK" pageTime="NaN" time="0.006" statusCodeString="200 OK" contentLength="3538">
                        <Headers>Accept-Ranges : bytes
Content-Length : 3538
Content-Type : image/jpeg
Date : Tue, 23 Nov 2010 14:08:31 GMT
ETag : "5b781040-dd2-b6ac3900"
Last-Modified : Thu, 02 Sep 2010 15:46:12 GMT
Server : Apache/2.2.4 (Win32) PHP/5.2.1
</Headers>
                      </Response>
                      <Context>
                        <Entry name="$TotalAgents" value="1" />
                        <Entry name="$ControllerName" value="ASUS" />
                        <Entry name="$AgentName" value="ASUS" />
                        <Entry name="$TestLogsDir" value="C:\Documents and Settings\ASUS X82Q SERIES\My Documents\Visual Studio 2008\Projects\TestProject\TestResults\ASUS X82Q SERIES_ASUS 2010-11-23 21_08_28\In\ASUS" />
                        <Entry name="$TestDeploymentDir" value="C:\Documents and Settings\ASUS X82Q SERIES\My Documents\Visual Studio 2008\Projects\TestProject\TestResults\ASUS X82Q SERIES_ASUS 2010-11-23 21_08_28\Out" />
                        <Entry name="$AgentId" value="1" />
                        <Entry name="$AgentLoadDistributor" value="Microsoft.VisualStudio.TestTools.Execution.AgentLoadDistributor" />
                        <Entry name="$TestDir" value="C:\Documents and Settings\ASUS X82Q SERIES\My Documents\Visual Studio 2008\Projects\TestProject\TestResults\ASUS X82Q SERIES_ASUS 2010-11-23 21_08_28" />
                        <Entry name="$AgentWeighting" value="100" />
                        <Entry name="$WebTestIteration" value="1" />
                        <Entry name="$WebTestUserId" value="1" />
                      </Context>
                    </WebRequestResult>
                    <WebRequestResult exceptionMessage="" run="0" submitted="true" cached="false" isRedirectFollow="false" requestBodyBytesHandle="-2" responseBytesHandle="23">
                      <Request url="http://localhost/industry/uploads/country_flag/vietnam.png" command="GET /industry/uploads/country_flag/vietnam.png HTTP/1.1" encoding="utf-8">
                        <Headers>Referer : http://localhost/industry/trade/sell/index.php?mod=psc1&amp;ipc=1
User-Agent : Mozilla/4.0 (compatible; MSIE 7.0; Windows NT 5.1)
Accept : */*
Accept-Language : en-us
Accept-Encoding : GZIP
Host : localhost
Cookie : PHPSESSID=5a0b064b9e2796918842c00f72e52f69; mylang=vietnam
</Headers>
                      </Request>
                      <Response url="http://localhost/industry/uploads/country_flag/vietnam.png" contentType="image/png" statusLine="HTTP/1.1 200 OK" pageTime="NaN" time="0.009" statusCodeString="200 OK" contentLength="17550">
                        <Headers>Accept-Ranges : bytes
Content-Length : 17550
Content-Type : image/png
Date : Tue, 23 Nov 2010 14:08:31 GMT
ETag : "5b8310a0-448e-e0482a00"
Last-Modified : Sat, 21 Aug 2010 15:14:48 GMT
Server : Apache/2.2.4 (Win32) PHP/5.2.1
</Headers>
                      </Response>
                      <Context>
                        <Entry name="$TotalAgents" value="1" />
                        <Entry name="$ControllerName" value="ASUS" />
                        <Entry name="$AgentName" value="ASUS" />
                        <Entry name="$TestLogsDir" value="C:\Documents and Settings\ASUS X82Q SERIES\My Documents\Visual Studio 2008\Projects\TestProject\TestResults\ASUS X82Q SERIES_ASUS 2010-11-23 21_08_28\In\ASUS" />
                        <Entry name="$TestDeploymentDir" value="C:\Documents and Settings\ASUS X82Q SERIES\My Documents\Visual Studio 2008\Projects\TestProject\TestResults\ASUS X82Q SERIES_ASUS 2010-11-23 21_08_28\Out" />
                        <Entry name="$AgentId" value="1" />
                        <Entry name="$AgentLoadDistributor" value="Microsoft.VisualStudio.TestTools.Execution.AgentLoadDistributor" />
                        <Entry name="$TestDir" value="C:\Documents and Settings\ASUS X82Q SERIES\My Documents\Visual Studio 2008\Projects\TestProject\TestResults\ASUS X82Q SERIES_ASUS 2010-11-23 21_08_28" />
                        <Entry name="$AgentWeighting" value="100" />
                        <Entry name="$WebTestIteration" value="1" />
                        <Entry name="$WebTestUserId" value="1" />
                      </Context>
                    </WebRequestResult>
                    <WebRequestResult exceptionMessage="" run="0" submitted="true" cached="false" isRedirectFollow="false" requestBodyBytesHandle="-2" responseBytesHandle="52">
                      <Request url="http://localhost/industry/Interface/contact.jpg" command="GET /industry/Interface/contact.jpg HTTP/1.1" encoding="utf-8">
                        <Headers>Referer : http://localhost/industry/trade/sell/index.php?mod=psc1&amp;ipc=1
User-Agent : Mozilla/4.0 (compatible; MSIE 7.0; Windows NT 5.1)
Accept : */*
Accept-Language : en-us
Accept-Encoding : GZIP
Host : localhost
Cookie : PHPSESSID=5a0b064b9e2796918842c00f72e52f69; mylang=vietnam
</Headers>
                      </Request>
                      <Response url="http://localhost/industry/Interface/contact.jpg" contentType="image/jpeg" statusLine="HTTP/1.1 200 OK" pageTime="NaN" time="0.004" statusCodeString="200 OK" contentLength="1701">
                        <Headers>Accept-Ranges : bytes
Content-Length : 1701
Content-Type : image/jpeg
Date : Tue, 23 Nov 2010 14:08:31 GMT
ETag : "63f091a0-6a5-aa9a7b80"
Last-Modified : Sun, 22 Aug 2010 06:30:22 GMT
Server : Apache/2.2.4 (Win32) PHP/5.2.1
</Headers>
                      </Response>
                      <Context>
                        <Entry name="$TotalAgents" value="1" />
                        <Entry name="$ControllerName" value="ASUS" />
                        <Entry name="$AgentName" value="ASUS" />
                        <Entry name="$TestLogsDir" value="C:\Documents and Settings\ASUS X82Q SERIES\My Documents\Visual Studio 2008\Projects\TestProject\TestResults\ASUS X82Q SERIES_ASUS 2010-11-23 21_08_28\In\ASUS" />
                        <Entry name="$TestDeploymentDir" value="C:\Documents and Settings\ASUS X82Q SERIES\My Documents\Visual Studio 2008\Projects\TestProject\TestResults\ASUS X82Q SERIES_ASUS 2010-11-23 21_08_28\Out" />
                        <Entry name="$AgentId" value="1" />
                        <Entry name="$AgentLoadDistributor" value="Microsoft.VisualStudio.TestTools.Execution.AgentLoadDistributor" />
                        <Entry name="$TestDir" value="C:\Documents and Settings\ASUS X82Q SERIES\My Documents\Visual Studio 2008\Projects\TestProject\TestResults\ASUS X82Q SERIES_ASUS 2010-11-23 21_08_28" />
                        <Entry name="$AgentWeighting" value="100" />
                        <Entry name="$WebTestIteration" value="1" />
                        <Entry name="$WebTestUserId" value="1" />
                      </Context>
                    </WebRequestResult>
                    <WebRequestResult exceptionMessage="" run="0" submitted="true" cached="false" isRedirectFollow="false" requestBodyBytesHandle="-2" responseBytesHandle="57">
                      <Request url="http://localhost/industry/uploads/products/2/2/thumbnails/2_100x0.jpg" command="GET /industry/uploads/products/2/2/thumbnails/2_100x0.jpg HTTP/1.1" encoding="utf-8">
                        <Headers>Referer : http://localhost/industry/trade/sell/index.php?mod=psc1&amp;ipc=1
User-Agent : Mozilla/4.0 (compatible; MSIE 7.0; Windows NT 5.1)
Accept : */*
Accept-Language : en-us
Accept-Encoding : GZIP
Host : localhost
Cookie : PHPSESSID=5a0b064b9e2796918842c00f72e52f69; mylang=vietnam
</Headers>
                      </Request>
                      <Response url="http://localhost/industry/uploads/products/2/2/thumbnails/2_100x0.jpg" contentType="image/jpeg" statusLine="HTTP/1.1 200 OK" pageTime="NaN" time="0.005" statusCodeString="200 OK" contentLength="4109">
                        <Headers>Accept-Ranges : bytes
Content-Length : 4109
Content-Type : image/jpeg
Date : Tue, 23 Nov 2010 14:08:31 GMT
ETag : "5b75d040-100d-bb8f7180"
Last-Modified : Thu, 02 Sep 2010 15:47:34 GMT
Server : Apache/2.2.4 (Win32) PHP/5.2.1
</Headers>
                      </Response>
                      <Context>
                        <Entry name="$TotalAgents" value="1" />
                        <Entry name="$ControllerName" value="ASUS" />
                        <Entry name="$AgentName" value="ASUS" />
                        <Entry name="$TestLogsDir" value="C:\Documents and Settings\ASUS X82Q SERIES\My Documents\Visual Studio 2008\Projects\TestProject\TestResults\ASUS X82Q SERIES_ASUS 2010-11-23 21_08_28\In\ASUS" />
                        <Entry name="$TestDeploymentDir" value="C:\Documents and Settings\ASUS X82Q SERIES\My Documents\Visual Studio 2008\Projects\TestProject\TestResults\ASUS X82Q SERIES_ASUS 2010-11-23 21_08_28\Out" />
                        <Entry name="$AgentId" value="1" />
                        <Entry name="$AgentLoadDistributor" value="Microsoft.VisualStudio.TestTools.Execution.AgentLoadDistributor" />
                        <Entry name="$TestDir" value="C:\Documents and Settings\ASUS X82Q SERIES\My Documents\Visual Studio 2008\Projects\TestProject\TestResults\ASUS X82Q SERIES_ASUS 2010-11-23 21_08_28" />
                        <Entry name="$AgentWeighting" value="100" />
                        <Entry name="$WebTestIteration" value="1" />
                        <Entry name="$WebTestUserId" value="1" />
                      </Context>
                    </WebRequestResult>
                    <WebRequestResult exceptionMessage="" run="0" submitted="true" cached="false" isRedirectFollow="false" requestBodyBytesHandle="-2" responseBytesHandle="53">
                      <Request url="http://localhost/industry/uploads/products/2/3/thumbnails/3_100x0.jpg" command="GET /industry/uploads/products/2/3/thumbnails/3_100x0.jpg HTTP/1.1" encoding="utf-8">
                        <Headers>Referer : http://localhost/industry/trade/sell/index.php?mod=psc1&amp;ipc=1
User-Agent : Mozilla/4.0 (compatible; MSIE 7.0; Windows NT 5.1)
Accept : */*
Accept-Language : en-us
Accept-Encoding : GZIP
Host : localhost
Cookie : PHPSESSID=5a0b064b9e2796918842c00f72e52f69; mylang=vietnam
</Headers>
                      </Request>
                      <Response url="http://localhost/industry/uploads/products/2/3/thumbnails/3_100x0.jpg" contentType="image/jpeg" statusLine="HTTP/1.1 200 OK" pageTime="NaN" time="0.006" statusCodeString="200 OK" contentLength="3607">
                        <Headers>Accept-Ranges : bytes
Content-Length : 3607
Content-Type : image/jpeg
Date : Tue, 23 Nov 2010 14:08:31 GMT
ETag : "5b739040-e17-c0ecbc00"
Last-Modified : Thu, 02 Sep 2010 15:49:04 GMT
Server : Apache/2.2.4 (Win32) PHP/5.2.1
</Headers>
                      </Response>
                      <Context>
                        <Entry name="$TotalAgents" value="1" />
                        <Entry name="$ControllerName" value="ASUS" />
                        <Entry name="$AgentName" value="ASUS" />
                        <Entry name="$TestLogsDir" value="C:\Documents and Settings\ASUS X82Q SERIES\My Documents\Visual Studio 2008\Projects\TestProject\TestResults\ASUS X82Q SERIES_ASUS 2010-11-23 21_08_28\In\ASUS" />
                        <Entry name="$TestDeploymentDir" value="C:\Documents and Settings\ASUS X82Q SERIES\My Documents\Visual Studio 2008\Projects\TestProject\TestResults\ASUS X82Q SERIES_ASUS 2010-11-23 21_08_28\Out" />
                        <Entry name="$AgentId" value="1" />
                        <Entry name="$AgentLoadDistributor" value="Microsoft.VisualStudio.TestTools.Execution.AgentLoadDistributor" />
                        <Entry name="$TestDir" value="C:\Documents and Settings\ASUS X82Q SERIES\My Documents\Visual Studio 2008\Projects\TestProject\TestResults\ASUS X82Q SERIES_ASUS 2010-11-23 21_08_28" />
                        <Entry name="$AgentWeighting" value="100" />
                        <Entry name="$WebTestIteration" value="1" />
                        <Entry name="$WebTestUserId" value="1" />
                      </Context>
                    </WebRequestResult>
                    <WebRequestResult exceptionMessage="" run="0" submitted="true" cached="false" isRedirectFollow="false" requestBodyBytesHandle="-2" responseBytesHandle="61">
                      <Request url="http://localhost/industry/Interface/icon_6.jpg" command="GET /industry/Interface/icon_6.jpg HTTP/1.1" encoding="utf-8">
                        <Headers>Referer : http://localhost/industry/trade/sell/index.php?mod=psc1&amp;ipc=1
User-Agent : Mozilla/4.0 (compatible; MSIE 7.0; Windows NT 5.1)
Accept : */*
Accept-Language : en-us
Accept-Encoding : GZIP
Host : localhost
Cookie : PHPSESSID=5a0b064b9e2796918842c00f72e52f69; mylang=vietnam
</Headers>
                      </Request>
                      <Response url="http://localhost/industry/Interface/icon_6.jpg" contentType="image/jpeg" statusLine="HTTP/1.1 200 OK" pageTime="NaN" time="0.003" statusCodeString="200 OK" contentLength="504">
                        <Headers>Accept-Ranges : bytes
Content-Length : 504
Content-Type : image/jpeg
Date : Tue, 23 Nov 2010 14:08:31 GMT
ETag : "63f09400-1f8-b5bad980"
Last-Modified : Tue, 03 Aug 2010 12:46:46 GMT
Server : Apache/2.2.4 (Win32) PHP/5.2.1
</Headers>
                      </Response>
                      <Context>
                        <Entry name="$TotalAgents" value="1" />
                        <Entry name="$ControllerName" value="ASUS" />
                        <Entry name="$AgentName" value="ASUS" />
                        <Entry name="$TestLogsDir" value="C:\Documents and Settings\ASUS X82Q SERIES\My Documents\Visual Studio 2008\Projects\TestProject\TestResults\ASUS X82Q SERIES_ASUS 2010-11-23 21_08_28\In\ASUS" />
                        <Entry name="$TestDeploymentDir" value="C:\Documents and Settings\ASUS X82Q SERIES\My Documents\Visual Studio 2008\Projects\TestProject\TestResults\ASUS X82Q SERIES_ASUS 2010-11-23 21_08_28\Out" />
                        <Entry name="$AgentId" value="1" />
                        <Entry name="$AgentLoadDistributor" value="Microsoft.VisualStudio.TestTools.Execution.AgentLoadDistributor" />
                        <Entry name="$TestDir" value="C:\Documents and Settings\ASUS X82Q SERIES\My Documents\Visual Studio 2008\Projects\TestProject\TestResults\ASUS X82Q SERIES_ASUS 2010-11-23 21_08_28" />
                        <Entry name="$AgentWeighting" value="100" />
                        <Entry name="$WebTestIteration" value="1" />
                        <Entry name="$WebTestUserId" value="1" />
                      </Context>
                    </WebRequestResult>
                    <WebRequestResult exceptionMessage="" run="0" submitted="true" cached="false" isRedirectFollow="false" requestBodyBytesHandle="-2" responseBytesHandle="54">
                      <Request url="http://localhost/industry/uploads/products/2/4/thumbnails/4_100x0.jpg" command="GET /industry/uploads/products/2/4/thumbnails/4_100x0.jpg HTTP/1.1" encoding="utf-8">
                        <Headers>Referer : http://localhost/industry/trade/sell/index.php?mod=psc1&amp;ipc=1
User-Agent : Mozilla/4.0 (compatible; MSIE 7.0; Windows NT 5.1)
Accept : */*
Accept-Language : en-us
Accept-Encoding : GZIP
Host : localhost
Cookie : PHPSESSID=5a0b064b9e2796918842c00f72e52f69; mylang=vietnam
</Headers>
                      </Request>
                      <Response url="http://localhost/industry/uploads/products/2/4/thumbnails/4_100x0.jpg" contentType="image/jpeg" statusLine="HTTP/1.1 200 OK" pageTime="NaN" time="0.005" statusCodeString="200 OK" contentLength="3707">
                        <Headers>Accept-Ranges : bytes
Content-Length : 3707
Content-Type : image/jpeg
Date : Tue, 23 Nov 2010 14:08:31 GMT
ETag : "5b721040-e7b-c9267280"
Last-Modified : Thu, 02 Sep 2010 15:51:22 GMT
Server : Apache/2.2.4 (Win32) PHP/5.2.1
</Headers>
                      </Response>
                      <Context>
                        <Entry name="$TotalAgents" value="1" />
                        <Entry name="$ControllerName" value="ASUS" />
                        <Entry name="$AgentName" value="ASUS" />
                        <Entry name="$TestLogsDir" value="C:\Documents and Settings\ASUS X82Q SERIES\My Documents\Visual Studio 2008\Projects\TestProject\TestResults\ASUS X82Q SERIES_ASUS 2010-11-23 21_08_28\In\ASUS" />
                        <Entry name="$TestDeploymentDir" value="C:\Documents and Settings\ASUS X82Q SERIES\My Documents\Visual Studio 2008\Projects\TestProject\TestResults\ASUS X82Q SERIES_ASUS 2010-11-23 21_08_28\Out" />
                        <Entry name="$AgentId" value="1" />
                        <Entry name="$AgentLoadDistributor" value="Microsoft.VisualStudio.TestTools.Execution.AgentLoadDistributor" />
                        <Entry name="$TestDir" value="C:\Documents and Settings\ASUS X82Q SERIES\My Documents\Visual Studio 2008\Projects\TestProject\TestResults\ASUS X82Q SERIES_ASUS 2010-11-23 21_08_28" />
                        <Entry name="$AgentWeighting" value="100" />
                        <Entry name="$WebTestIteration" value="1" />
                        <Entry name="$WebTestUserId" value="1" />
                      </Context>
                    </WebRequestResult>
                    <WebRequestResult exceptionMessage="" run="0" submitted="true" cached="false" isRedirectFollow="false" requestBodyBytesHandle="-2" responseBytesHandle="62">
                      <Request url="http://localhost/industry/Interface/icon_5.jpg" command="GET /industry/Interface/icon_5.jpg HTTP/1.1" encoding="utf-8">
                        <Headers>Referer : http://localhost/industry/trade/sell/index.php?mod=psc1&amp;ipc=1
User-Agent : Mozilla/4.0 (compatible; MSIE 7.0; Windows NT 5.1)
Accept : */*
Accept-Language : en-us
Accept-Encoding : GZIP
Host : localhost
Cookie : PHPSESSID=5a0b064b9e2796918842c00f72e52f69; mylang=vietnam
</Headers>
                      </Request>
                      <Response url="http://localhost/industry/Interface/icon_5.jpg" contentType="image/jpeg" statusLine="HTTP/1.1 200 OK" pageTime="NaN" time="0.004" statusCodeString="200 OK" contentLength="603">
                        <Headers>Accept-Ranges : bytes
Content-Length : 603
Content-Type : image/jpeg
Date : Tue, 23 Nov 2010 14:08:31 GMT
ETag : "63f093e0-25b-53aca500"
Last-Modified : Tue, 03 Aug 2010 08:44:36 GMT
Server : Apache/2.2.4 (Win32) PHP/5.2.1
</Headers>
                      </Response>
                      <Context>
                        <Entry name="$TotalAgents" value="1" />
                        <Entry name="$ControllerName" value="ASUS" />
                        <Entry name="$AgentName" value="ASUS" />
                        <Entry name="$TestLogsDir" value="C:\Documents and Settings\ASUS X82Q SERIES\My Documents\Visual Studio 2008\Projects\TestProject\TestResults\ASUS X82Q SERIES_ASUS 2010-11-23 21_08_28\In\ASUS" />
                        <Entry name="$TestDeploymentDir" value="C:\Documents and Settings\ASUS X82Q SERIES\My Documents\Visual Studio 2008\Projects\TestProject\TestResults\ASUS X82Q SERIES_ASUS 2010-11-23 21_08_28\Out" />
                        <Entry name="$AgentId" value="1" />
                        <Entry name="$AgentLoadDistributor" value="Microsoft.VisualStudio.TestTools.Execution.AgentLoadDistributor" />
                        <Entry name="$TestDir" value="C:\Documents and Settings\ASUS X82Q SERIES\My Documents\Visual Studio 2008\Projects\TestProject\TestResults\ASUS X82Q SERIES_ASUS 2010-11-23 21_08_28" />
                        <Entry name="$AgentWeighting" value="100" />
                        <Entry name="$WebTestIteration" value="1" />
                        <Entry name="$WebTestUserId" value="1" />
                      </Context>
                    </WebRequestResult>
                    <WebRequestResult exceptionMessage="" run="0" submitted="true" cached="false" isRedirectFollow="false" requestBodyBytesHandle="-2" responseBytesHandle="63">
                      <Request url="http://localhost/industry/Interface/icon_4.jpg" command="GET /industry/Interface/icon_4.jpg HTTP/1.1" encoding="utf-8">
                        <Headers>Referer : http://localhost/industry/trade/sell/index.php?mod=psc1&amp;ipc=1
User-Agent : Mozilla/4.0 (compatible; MSIE 7.0; Windows NT 5.1)
Accept : */*
Accept-Language : en-us
Accept-Encoding : GZIP
Host : localhost
Cookie : PHPSESSID=5a0b064b9e2796918842c00f72e52f69; mylang=vietnam
</Headers>
                      </Request>
                      <Response url="http://localhost/industry/Interface/icon_4.jpg" contentType="image/jpeg" statusLine="HTTP/1.1 200 OK" pageTime="NaN" time="0.003" statusCodeString="200 OK" contentLength="634">
                        <Headers>Accept-Ranges : bytes
Content-Length : 634
Content-Type : image/jpeg
Date : Tue, 23 Nov 2010 14:08:31 GMT
ETag : "63f093c0-27a-53511780"
Last-Modified : Tue, 03 Aug 2010 08:44:30 GMT
Server : Apache/2.2.4 (Win32) PHP/5.2.1
</Headers>
                      </Response>
                      <Context>
                        <Entry name="$TotalAgents" value="1" />
                        <Entry name="$ControllerName" value="ASUS" />
                        <Entry name="$AgentName" value="ASUS" />
                        <Entry name="$TestLogsDir" value="C:\Documents and Settings\ASUS X82Q SERIES\My Documents\Visual Studio 2008\Projects\TestProject\TestResults\ASUS X82Q SERIES_ASUS 2010-11-23 21_08_28\In\ASUS" />
                        <Entry name="$TestDeploymentDir" value="C:\Documents and Settings\ASUS X82Q SERIES\My Documents\Visual Studio 2008\Projects\TestProject\TestResults\ASUS X82Q SERIES_ASUS 2010-11-23 21_08_28\Out" />
                        <Entry name="$AgentId" value="1" />
                        <Entry name="$AgentLoadDistributor" value="Microsoft.VisualStudio.TestTools.Execution.AgentLoadDistributor" />
                        <Entry name="$TestDir" value="C:\Documents and Settings\ASUS X82Q SERIES\My Documents\Visual Studio 2008\Projects\TestProject\TestResults\ASUS X82Q SERIES_ASUS 2010-11-23 21_08_28" />
                        <Entry name="$AgentWeighting" value="100" />
                        <Entry name="$WebTestIteration" value="1" />
                        <Entry name="$WebTestUserId" value="1" />
                      </Context>
                    </WebRequestResult>
                    <WebRequestResult exceptionMessage="" run="0" submitted="true" cached="false" isRedirectFollow="false" requestBodyBytesHandle="-2" responseBytesHandle="64">
                      <Request url="http://localhost/industry/Interface/vietnam-icon.png" command="GET /industry/Interface/vietnam-icon.png HTTP/1.1" encoding="utf-8">
                        <Headers>Referer : http://localhost/industry/trade/sell/index.php?mod=psc1&amp;ipc=1
User-Agent : Mozilla/4.0 (compatible; MSIE 7.0; Windows NT 5.1)
Accept : */*
Accept-Language : en-us
Accept-Encoding : GZIP
Host : localhost
Cookie : PHPSESSID=5a0b064b9e2796918842c00f72e52f69; mylang=vietnam
</Headers>
                      </Request>
                      <Response url="http://localhost/industry/Interface/vietnam-icon.png" contentType="image/png" statusLine="HTTP/1.1 200 OK" pageTime="NaN" time="0.005" statusCodeString="200 OK" contentLength="2387">
                        <Headers>Accept-Ranges : bytes
Content-Length : 2387
Content-Type : image/png
Date : Tue, 23 Nov 2010 14:08:31 GMT
ETag : "63f09b80-953-b79b1700"
Last-Modified : Mon, 26 Jul 2010 03:09:48 GMT
Server : Apache/2.2.4 (Win32) PHP/5.2.1
</Headers>
                      </Response>
                      <Context>
                        <Entry name="$TotalAgents" value="1" />
                        <Entry name="$ControllerName" value="ASUS" />
                        <Entry name="$AgentName" value="ASUS" />
                        <Entry name="$TestLogsDir" value="C:\Documents and Settings\ASUS X82Q SERIES\My Documents\Visual Studio 2008\Projects\TestProject\TestResults\ASUS X82Q SERIES_ASUS 2010-11-23 21_08_28\In\ASUS" />
                        <Entry name="$TestDeploymentDir" value="C:\Documents and Settings\ASUS X82Q SERIES\My Documents\Visual Studio 2008\Projects\TestProject\TestResults\ASUS X82Q SERIES_ASUS 2010-11-23 21_08_28\Out" />
                        <Entry name="$AgentId" value="1" />
                        <Entry name="$AgentLoadDistributor" value="Microsoft.VisualStudio.TestTools.Execution.AgentLoadDistributor" />
                        <Entry name="$TestDir" value="C:\Documents and Settings\ASUS X82Q SERIES\My Documents\Visual Studio 2008\Projects\TestProject\TestResults\ASUS X82Q SERIES_ASUS 2010-11-23 21_08_28" />
                        <Entry name="$AgentWeighting" value="100" />
                        <Entry name="$WebTestIteration" value="1" />
                        <Entry name="$WebTestUserId" value="1" />
                      </Context>
                    </WebRequestResult>
                    <WebRequestResult exceptionMessage="" run="0" submitted="true" cached="false" isRedirectFollow="false" requestBodyBytesHandle="-2" responseBytesHandle="55">
                      <Request url="http://localhost/industry/uploads/products/2/5/thumbnails/5_100x0.jpg" command="GET /industry/uploads/products/2/5/thumbnails/5_100x0.jpg HTTP/1.1" encoding="utf-8">
                        <Headers>Referer : http://localhost/industry/trade/sell/index.php?mod=psc1&amp;ipc=1
User-Agent : Mozilla/4.0 (compatible; MSIE 7.0; Windows NT 5.1)
Accept : */*
Accept-Language : en-us
Accept-Encoding : GZIP
Host : localhost
Cookie : PHPSESSID=5a0b064b9e2796918842c00f72e52f69; mylang=vietnam
</Headers>
                      </Request>
                      <Response url="http://localhost/industry/uploads/products/2/5/thumbnails/5_100x0.jpg" contentType="image/jpeg" statusLine="HTTP/1.1 200 OK" pageTime="NaN" time="0.005" statusCodeString="200 OK" contentLength="2984">
                        <Headers>Accept-Ranges : bytes
Content-Length : 2984
Content-Type : image/jpeg
Date : Tue, 23 Nov 2010 14:08:31 GMT
ETag : "5b709040-ba8-ce653880"
Last-Modified : Thu, 02 Sep 2010 15:52:50 GMT
Server : Apache/2.2.4 (Win32) PHP/5.2.1
</Headers>
                      </Response>
                      <Context>
                        <Entry name="$TotalAgents" value="1" />
                        <Entry name="$ControllerName" value="ASUS" />
                        <Entry name="$AgentName" value="ASUS" />
                        <Entry name="$TestLogsDir" value="C:\Documents and Settings\ASUS X82Q SERIES\My Documents\Visual Studio 2008\Projects\TestProject\TestResults\ASUS X82Q SERIES_ASUS 2010-11-23 21_08_28\In\ASUS" />
                        <Entry name="$TestDeploymentDir" value="C:\Documents and Settings\ASUS X82Q SERIES\My Documents\Visual Studio 2008\Projects\TestProject\TestResults\ASUS X82Q SERIES_ASUS 2010-11-23 21_08_28\Out" />
                        <Entry name="$AgentId" value="1" />
                        <Entry name="$AgentLoadDistributor" value="Microsoft.VisualStudio.TestTools.Execution.AgentLoadDistributor" />
                        <Entry name="$TestDir" value="C:\Documents and Settings\ASUS X82Q SERIES\My Documents\Visual Studio 2008\Projects\TestProject\TestResults\ASUS X82Q SERIES_ASUS 2010-11-23 21_08_28" />
                        <Entry name="$AgentWeighting" value="100" />
                        <Entry name="$WebTestIteration" value="1" />
                        <Entry name="$WebTestUserId" value="1" />
                      </Context>
                    </WebRequestResult>
                    <WebRequestResult exceptionMessage="" run="0" submitted="true" cached="false" isRedirectFollow="false" requestBodyBytesHandle="-2" responseBytesHandle="56">
                      <Request url="http://localhost/industry/uploads/products/2/6/thumbnails/baoho_100x0.jpg" command="GET /industry/uploads/products/2/6/thumbnails/baoho_100x0.jpg HTTP/1.1" encoding="utf-8">
                        <Headers>Referer : http://localhost/industry/trade/sell/index.php?mod=psc1&amp;ipc=1
User-Agent : Mozilla/4.0 (compatible; MSIE 7.0; Windows NT 5.1)
Accept : */*
Accept-Language : en-us
Accept-Encoding : GZIP
Host : localhost
Cookie : PHPSESSID=5a0b064b9e2796918842c00f72e52f69; mylang=vietnam
</Headers>
                      </Request>
                      <Response url="http://localhost/industry/uploads/products/2/6/thumbnails/baoho_100x0.jpg" contentType="image/jpeg" statusLine="HTTP/1.1 200 OK" pageTime="NaN" time="0.006" statusCodeString="200 OK" contentLength="3317">
                        <Headers>Accept-Ranges : bytes
Content-Length : 3317
Content-Type : image/jpeg
Date : Tue, 23 Nov 2010 14:08:31 GMT
ETag : "5b6f1080-cf5-d41e1080"
Last-Modified : Thu, 02 Sep 2010 15:54:26 GMT
Server : Apache/2.2.4 (Win32) PHP/5.2.1
</Headers>
                      </Response>
                      <Context>
                        <Entry name="$TotalAgents" value="1" />
                        <Entry name="$ControllerName" value="ASUS" />
                        <Entry name="$AgentName" value="ASUS" />
                        <Entry name="$TestLogsDir" value="C:\Documents and Settings\ASUS X82Q SERIES\My Documents\Visual Studio 2008\Projects\TestProject\TestResults\ASUS X82Q SERIES_ASUS 2010-11-23 21_08_28\In\ASUS" />
                        <Entry name="$TestDeploymentDir" value="C:\Documents and Settings\ASUS X82Q SERIES\My Documents\Visual Studio 2008\Projects\TestProject\TestResults\ASUS X82Q SERIES_ASUS 2010-11-23 21_08_28\Out" />
                        <Entry name="$AgentId" value="1" />
                        <Entry name="$AgentLoadDistributor" value="Microsoft.VisualStudio.TestTools.Execution.AgentLoadDistributor" />
                        <Entry name="$TestDir" value="C:\Documents and Settings\ASUS X82Q SERIES\My Documents\Visual Studio 2008\Projects\TestProject\TestResults\ASUS X82Q SERIES_ASUS 2010-11-23 21_08_28" />
                        <Entry name="$AgentWeighting" value="100" />
                        <Entry name="$WebTestIteration" value="1" />
                        <Entry name="$WebTestUserId" value="1" />
                      </Context>
                    </WebRequestResult>
                    <WebRequestResult exceptionMessage="" run="0" submitted="true" cached="false" isRedirectFollow="false" requestBodyBytesHandle="-2" responseBytesHandle="59">
                      <Request url="http://localhost/industry/uploads/products/1/9/thumbnails/show_image_in_imgtag.php_100x0.jpg" command="GET /industry/uploads/products/1/9/thumbnails/show_image_in_imgtag.php_100x0.jpg HTTP/1.1" encoding="utf-8">
                        <Headers>Referer : http://localhost/industry/trade/sell/index.php?mod=psc1&amp;ipc=1
User-Agent : Mozilla/4.0 (compatible; MSIE 7.0; Windows NT 5.1)
Accept : */*
Accept-Language : en-us
Accept-Encoding : GZIP
Host : localhost
Cookie : PHPSESSID=5a0b064b9e2796918842c00f72e52f69; mylang=vietnam
</Headers>
                      </Request>
                      <Response url="http://localhost/industry/uploads/products/1/9/thumbnails/show_image_in_imgtag.php_100x0.jpg" contentType="image/jpeg" statusLine="HTTP/1.1 200 OK" pageTime="NaN" time="0.005" statusCodeString="200 OK" contentLength="3556">
                        <Headers>Accept-Ranges : bytes
Content-Length : 3556
Content-Type : image/jpeg
Date : Tue, 23 Nov 2010 14:08:31 GMT
ETag : "5b7a10a0-de4-a6eb1f80"
Last-Modified : Fri, 03 Sep 2010 16:45:02 GMT
Server : Apache/2.2.4 (Win32) PHP/5.2.1
</Headers>
                      </Response>
                      <Context>
                        <Entry name="$TotalAgents" value="1" />
                        <Entry name="$ControllerName" value="ASUS" />
                        <Entry name="$AgentName" value="ASUS" />
                        <Entry name="$TestLogsDir" value="C:\Documents and Settings\ASUS X82Q SERIES\My Documents\Visual Studio 2008\Projects\TestProject\TestResults\ASUS X82Q SERIES_ASUS 2010-11-23 21_08_28\In\ASUS" />
                        <Entry name="$TestDeploymentDir" value="C:\Documents and Settings\ASUS X82Q SERIES\My Documents\Visual Studio 2008\Projects\TestProject\TestResults\ASUS X82Q SERIES_ASUS 2010-11-23 21_08_28\Out" />
                        <Entry name="$AgentId" value="1" />
                        <Entry name="$AgentLoadDistributor" value="Microsoft.VisualStudio.TestTools.Execution.AgentLoadDistributor" />
                        <Entry name="$TestDir" value="C:\Documents and Settings\ASUS X82Q SERIES\My Documents\Visual Studio 2008\Projects\TestProject\TestResults\ASUS X82Q SERIES_ASUS 2010-11-23 21_08_28" />
                        <Entry name="$AgentWeighting" value="100" />
                        <Entry name="$WebTestIteration" value="1" />
                        <Entry name="$WebTestUserId" value="1" />
                      </Context>
                    </WebRequestResult>
                    <WebRequestResult exceptionMessage="" run="0" submitted="true" cached="false" isRedirectFollow="false" requestBodyBytesHandle="-2" responseBytesHandle="58">
                      <Request url="http://localhost/industry/Interface/icon_3.gif" command="GET /industry/Interface/icon_3.gif HTTP/1.1" encoding="utf-8">
                        <Headers>Referer : http://localhost/industry/trade/sell/index.php?mod=psc1&amp;ipc=1
User-Agent : Mozilla/4.0 (compatible; MSIE 7.0; Windows NT 5.1)
Accept : */*
Accept-Language : en-us
Accept-Encoding : GZIP
Host : localhost
Cookie : PHPSESSID=5a0b064b9e2796918842c00f72e52f69; mylang=vietnam
</Headers>
                      </Request>
                      <Response url="http://localhost/industry/Interface/icon_3.gif" contentType="image/gif" statusLine="HTTP/1.1 200 OK" pageTime="NaN" time="0.004" statusCodeString="200 OK" contentLength="721">
                        <Headers>Accept-Ranges : bytes
Content-Length : 721
Content-Type : image/gif
Date : Tue, 23 Nov 2010 14:08:31 GMT
ETag : "63f093a0-2d1-75118f00"
Last-Modified : Tue, 03 Aug 2010 18:26:36 GMT
Server : Apache/2.2.4 (Win32) PHP/5.2.1
</Headers>
                      </Response>
                      <Context>
                        <Entry name="$TotalAgents" value="1" />
                        <Entry name="$ControllerName" value="ASUS" />
                        <Entry name="$AgentName" value="ASUS" />
                        <Entry name="$TestLogsDir" value="C:\Documents and Settings\ASUS X82Q SERIES\My Documents\Visual Studio 2008\Projects\TestProject\TestResults\ASUS X82Q SERIES_ASUS 2010-11-23 21_08_28\In\ASUS" />
                        <Entry name="$TestDeploymentDir" value="C:\Documents and Settings\ASUS X82Q SERIES\My Documents\Visual Studio 2008\Projects\TestProject\TestResults\ASUS X82Q SERIES_ASUS 2010-11-23 21_08_28\Out" />
                        <Entry name="$AgentId" value="1" />
                        <Entry name="$AgentLoadDistributor" value="Microsoft.VisualStudio.TestTools.Execution.AgentLoadDistributor" />
                        <Entry name="$TestDir" value="C:\Documents and Settings\ASUS X82Q SERIES\My Documents\Visual Studio 2008\Projects\TestProject\TestResults\ASUS X82Q SERIES_ASUS 2010-11-23 21_08_28" />
                        <Entry name="$AgentWeighting" value="100" />
                        <Entry name="$WebTestIteration" value="1" />
                        <Entry name="$WebTestUserId" value="1" />
                      </Context>
                    </WebRequestResult>
                    <WebRequestResult exceptionMessage="" run="0" submitted="true" cached="false" isRedirectFollow="false" requestBodyBytesHandle="-2" responseBytesHandle="60">
                      <Request url="http://localhost/industry/uploads/products/1/10/thumbnails/show_image_in_imgtag.php%20(1)_1_100x0.jpg" command="GET /industry/uploads/products/1/10/thumbnails/show_image_in_imgtag.php%20(1)_1_100x0.jpg HTTP/1.1" encoding="utf-8">
                        <Headers>Referer : http://localhost/industry/trade/sell/index.php?mod=psc1&amp;ipc=1
User-Agent : Mozilla/4.0 (compatible; MSIE 7.0; Windows NT 5.1)
Accept : */*
Accept-Language : en-us
Accept-Encoding : GZIP
Host : localhost
Cookie : PHPSESSID=5a0b064b9e2796918842c00f72e52f69; mylang=vietnam
</Headers>
                      </Request>
                      <Response url="http://localhost/industry/uploads/products/1/10/thumbnails/show_image_in_imgtag.php%20(1)_1_100x0.jpg" contentType="image/jpeg" statusLine="HTTP/1.1 200 OK" pageTime="NaN" time="0.005" statusCodeString="200 OK" contentLength="2937">
                        <Headers>Accept-Ranges : bytes
Content-Length : 2937
Content-Type : image/jpeg
Date : Tue, 23 Nov 2010 14:08:31 GMT
ETag : "5b7d10c0-b79-29cf6c80"
Last-Modified : Fri, 03 Sep 2010 17:21:38 GMT
Server : Apache/2.2.4 (Win32) PHP/5.2.1
</Headers>
                      </Response>
                      <Context>
                        <Entry name="$TotalAgents" value="1" />
                        <Entry name="$ControllerName" value="ASUS" />
                        <Entry name="$AgentName" value="ASUS" />
                        <Entry name="$TestLogsDir" value="C:\Documents and Settings\ASUS X82Q SERIES\My Documents\Visual Studio 2008\Projects\TestProject\TestResults\ASUS X82Q SERIES_ASUS 2010-11-23 21_08_28\In\ASUS" />
                        <Entry name="$TestDeploymentDir" value="C:\Documents and Settings\ASUS X82Q SERIES\My Documents\Visual Studio 2008\Projects\TestProject\TestResults\ASUS X82Q SERIES_ASUS 2010-11-23 21_08_28\Out" />
                        <Entry name="$AgentId" value="1" />
                        <Entry name="$AgentLoadDistributor" value="Microsoft.VisualStudio.TestTools.Execution.AgentLoadDistributor" />
                        <Entry name="$TestDir" value="C:\Documents and Settings\ASUS X82Q SERIES\My Documents\Visual Studio 2008\Projects\TestProject\TestResults\ASUS X82Q SERIES_ASUS 2010-11-23 21_08_28" />
                        <Entry name="$AgentWeighting" value="100" />
                        <Entry name="$WebTestIteration" value="1" />
                        <Entry name="$WebTestUserId" value="1" />
                      </Context>
                    </WebRequestResult>
                  </DependantResults>
                  <ValidationRuleResults>
                    <ValidationRuleResult message="Passed" ruleType="Validation" name="Response URL" />
                  </ValidationRuleResults>
                </WebRequestResult>
              </WebTestResultPage>
              <WebTestResultPage>
                <WebRequestResult exceptionMessage="" run="0" submitted="true" cached="false" isRedirectFollow="false" requestBodyBytesHandle="-2" responseBytesHandle="66">
                  <Request url="http://localhost/industry/trade/sell/index.php?mod=psc2&amp;ipc=1&amp;ipsc1=1" command="GET /industry/trade/sell/index.php?mod=psc2&amp;ipc=1&amp;ipsc1=1 HTTP/1.1" encoding="utf-8">
                    <Headers>User-Agent : Mozilla/4.0 (compatible; MSIE 7.0; Windows NT 5.1)
Accept : */*
Accept-Language : en-us
Accept-Encoding : GZIP
Host : localhost
Cookie : PHPSESSID=5a0b064b9e2796918842c00f72e52f69; mylang=vietnam
</Headers>
                  </Request>
                  <Response url="http://localhost/industry/trade/sell/index.php?mod=psc2&amp;ipc=1&amp;ipsc1=1" contentType="text/html; charset=utf-8" statusLine="HTTP/1.1 200 OK" pageTime="0.66799999999999993" time="0.481" statusCodeString="200 OK" contentLength="23089">
                    <Headers>Pragma : no-cache
Transfer-Encoding : chunked
Cache-Control : no-store, no-cache, must-revalidate, post-check=0, pre-check=0
Content-Type : text/html; charset:utf-8
Date : Tue, 23 Nov 2010 14:08:31 GMT
Expires : Thu, 19 Nov 1981 08:52:00 GMT
Set-Cookie : mylang=vietnam; expires=Tue, 30-Nov-2010 14:08:31 GMT; path=/
Server : Apache/2.2.4 (Win32) PHP/5.2.1
X-Powered-By : PHP/5.2.1
</Headers>
                  </Response>
                  <Context>
                    <Entry name="$TotalAgents" value="1" />
                    <Entry name="$ControllerName" value="ASUS" />
                    <Entry name="$AgentName" value="ASUS" />
                    <Entry name="$TestLogsDir" value="C:\Documents and Settings\ASUS X82Q SERIES\My Documents\Visual Studio 2008\Projects\TestProject\TestResults\ASUS X82Q SERIES_ASUS 2010-11-23 21_08_28\In\ASUS" />
                    <Entry name="$TestDeploymentDir" value="C:\Documents and Settings\ASUS X82Q SERIES\My Documents\Visual Studio 2008\Projects\TestProject\TestResults\ASUS X82Q SERIES_ASUS 2010-11-23 21_08_28\Out" />
                    <Entry name="$AgentId" value="1" />
                    <Entry name="$AgentLoadDistributor" value="Microsoft.VisualStudio.TestTools.Execution.AgentLoadDistributor" />
                    <Entry name="$TestDir" value="C:\Documents and Settings\ASUS X82Q SERIES\My Documents\Visual Studio 2008\Projects\TestProject\TestResults\ASUS X82Q SERIES_ASUS 2010-11-23 21_08_28" />
                    <Entry name="$AgentWeighting" value="100" />
                    <Entry name="$WebTestIteration" value="1" />
                    <Entry name="$WebTestUserId" value="1" />
                  </Context>
                  <DependantResults>
                    <WebRequestResult exceptionMessage="" run="0" submitted="true" cached="false" isRedirectFollow="false" requestBodyBytesHandle="-2" responseBytesHandle="2">
                      <Request url="http://localhost/industry/library/CSS/style_menu.css" command="GET /industry/library/CSS/style_menu.css HTTP/1.1" encoding="utf-8">
                        <Headers>Referer : http://localhost/industry/trade/sell/index.php?mod=psc2&amp;ipc=1&amp;ipsc1=1
User-Agent : Mozilla/4.0 (compatible; MSIE 7.0; Windows NT 5.1)
Accept : */*
Accept-Language : en-us
Accept-Encoding : GZIP
Host : localhost
Cookie : PHPSESSID=5a0b064b9e2796918842c00f72e52f69; mylang=vietnam
</Headers>
                      </Request>
                      <Response url="http://localhost/industry/library/CSS/style_menu.css" contentType="text/css" statusLine="HTTP/1.1 200 OK" pageTime="NaN" time="0.008" statusCodeString="200 OK" contentLength="1103">
                        <Headers>Accept-Ranges : bytes
Content-Length : 1103
Content-Type : text/css
Date : Tue, 23 Nov 2010 14:08:32 GMT
ETag : "641553c0-44f-9c443c00"
Last-Modified : Fri, 27 Aug 2010 12:54:08 GMT
Server : Apache/2.2.4 (Win32) PHP/5.2.1
</Headers>
                      </Response>
                      <Context>
                        <Entry name="$TotalAgents" value="1" />
                        <Entry name="$ControllerName" value="ASUS" />
                        <Entry name="$AgentName" value="ASUS" />
                        <Entry name="$TestLogsDir" value="C:\Documents and Settings\ASUS X82Q SERIES\My Documents\Visual Studio 2008\Projects\TestProject\TestResults\ASUS X82Q SERIES_ASUS 2010-11-23 21_08_28\In\ASUS" />
                        <Entry name="$TestDeploymentDir" value="C:\Documents and Settings\ASUS X82Q SERIES\My Documents\Visual Studio 2008\Projects\TestProject\TestResults\ASUS X82Q SERIES_ASUS 2010-11-23 21_08_28\Out" />
                        <Entry name="$AgentId" value="1" />
                        <Entry name="$AgentLoadDistributor" value="Microsoft.VisualStudio.TestTools.Execution.AgentLoadDistributor" />
                        <Entry name="$TestDir" value="C:\Documents and Settings\ASUS X82Q SERIES\My Documents\Visual Studio 2008\Projects\TestProject\TestResults\ASUS X82Q SERIES_ASUS 2010-11-23 21_08_28" />
                        <Entry name="$AgentWeighting" value="100" />
                        <Entry name="$WebTestIteration" value="1" />
                        <Entry name="$WebTestUserId" value="1" />
                      </Context>
                    </WebRequestResult>
                    <WebRequestResult exceptionMessage="" run="0" submitted="true" cached="false" isRedirectFollow="false" requestBodyBytesHandle="-2" responseBytesHandle="1">
                      <Request url="http://localhost/industry/library/CSS/style.css" command="GET /industry/library/CSS/style.css HTTP/1.1" encoding="utf-8">
                        <Headers>Referer : http://localhost/industry/trade/sell/index.php?mod=psc2&amp;ipc=1&amp;ipsc1=1
User-Agent : Mozilla/4.0 (compatible; MSIE 7.0; Windows NT 5.1)
Accept : */*
Accept-Language : en-us
Accept-Encoding : GZIP
Host : localhost
Cookie : PHPSESSID=5a0b064b9e2796918842c00f72e52f69; mylang=vietnam
</Headers>
                      </Request>
                      <Response url="http://localhost/industry/library/CSS/style.css" contentType="text/css" statusLine="HTTP/1.1 200 OK" pageTime="NaN" time="0.01" statusCodeString="200 OK" contentLength="9991">
                        <Headers>Accept-Ranges : bytes
Content-Length : 9991
Content-Type : text/css
Date : Tue, 23 Nov 2010 14:08:32 GMT
ETag : "64155240-2707-e0400a80"
Last-Modified : Fri, 24 Sep 2010 18:52:10 GMT
Server : Apache/2.2.4 (Win32) PHP/5.2.1
</Headers>
                      </Response>
                      <Context>
                        <Entry name="$TotalAgents" value="1" />
                        <Entry name="$ControllerName" value="ASUS" />
                        <Entry name="$AgentName" value="ASUS" />
                        <Entry name="$TestLogsDir" value="C:\Documents and Settings\ASUS X82Q SERIES\My Documents\Visual Studio 2008\Projects\TestProject\TestResults\ASUS X82Q SERIES_ASUS 2010-11-23 21_08_28\In\ASUS" />
                        <Entry name="$TestDeploymentDir" value="C:\Documents and Settings\ASUS X82Q SERIES\My Documents\Visual Studio 2008\Projects\TestProject\TestResults\ASUS X82Q SERIES_ASUS 2010-11-23 21_08_28\Out" />
                        <Entry name="$AgentId" value="1" />
                        <Entry name="$AgentLoadDistributor" value="Microsoft.VisualStudio.TestTools.Execution.AgentLoadDistributor" />
                        <Entry name="$TestDir" value="C:\Documents and Settings\ASUS X82Q SERIES\My Documents\Visual Studio 2008\Projects\TestProject\TestResults\ASUS X82Q SERIES_ASUS 2010-11-23 21_08_28" />
                        <Entry name="$AgentWeighting" value="100" />
                        <Entry name="$WebTestIteration" value="1" />
                        <Entry name="$WebTestUserId" value="1" />
                      </Context>
                    </WebRequestResult>
                    <WebRequestResult exceptionMessage="" run="0" submitted="true" cached="false" isRedirectFollow="false" requestBodyBytesHandle="-2" responseBytesHandle="44">
                      <Request url="http://localhost/industry/library/CSS/style_buy_sale.css" command="GET /industry/library/CSS/style_buy_sale.css HTTP/1.1" encoding="utf-8">
                        <Headers>Referer : http://localhost/industry/trade/sell/index.php?mod=psc2&amp;ipc=1&amp;ipsc1=1
User-Agent : Mozilla/4.0 (compatible; MSIE 7.0; Windows NT 5.1)
Accept : */*
Accept-Language : en-us
Accept-Encoding : GZIP
Host : localhost
Cookie : PHPSESSID=5a0b064b9e2796918842c00f72e52f69; mylang=vietnam
</Headers>
                      </Request>
                      <Response url="http://localhost/industry/library/CSS/style_buy_sale.css" contentType="text/css" statusLine="HTTP/1.1 200 OK" pageTime="NaN" time="0.007" statusCodeString="200 OK" contentLength="4307">
                        <Headers>Accept-Ranges : bytes
Content-Length : 4307
Content-Type : text/css
Date : Tue, 23 Nov 2010 14:08:32 GMT
ETag : "641552a0-10d3-f8823c00"
Last-Modified : Mon, 20 Sep 2010 05:13:20 GMT
Server : Apache/2.2.4 (Win32) PHP/5.2.1
</Headers>
                      </Response>
                      <Context>
                        <Entry name="$TotalAgents" value="1" />
                        <Entry name="$ControllerName" value="ASUS" />
                        <Entry name="$AgentName" value="ASUS" />
                        <Entry name="$TestLogsDir" value="C:\Documents and Settings\ASUS X82Q SERIES\My Documents\Visual Studio 2008\Projects\TestProject\TestResults\ASUS X82Q SERIES_ASUS 2010-11-23 21_08_28\In\ASUS" />
                        <Entry name="$TestDeploymentDir" value="C:\Documents and Settings\ASUS X82Q SERIES\My Documents\Visual Studio 2008\Projects\TestProject\TestResults\ASUS X82Q SERIES_ASUS 2010-11-23 21_08_28\Out" />
                        <Entry name="$AgentId" value="1" />
                        <Entry name="$AgentLoadDistributor" value="Microsoft.VisualStudio.TestTools.Execution.AgentLoadDistributor" />
                        <Entry name="$TestDir" value="C:\Documents and Settings\ASUS X82Q SERIES\My Documents\Visual Studio 2008\Projects\TestProject\TestResults\ASUS X82Q SERIES_ASUS 2010-11-23 21_08_28" />
                        <Entry name="$AgentWeighting" value="100" />
                        <Entry name="$WebTestIteration" value="1" />
                        <Entry name="$WebTestUserId" value="1" />
                      </Context>
                    </WebRequestResult>
                    <WebRequestResult exceptionMessage="" run="0" submitted="true" cached="false" isRedirectFollow="false" requestBodyBytesHandle="-2" responseBytesHandle="43">
                      <Request url="http://localhost/industry/library/CSS/style-slide.css" command="GET /industry/library/CSS/style-slide.css HTTP/1.1" encoding="utf-8">
                        <Headers>Referer : http://localhost/industry/trade/sell/index.php?mod=psc2&amp;ipc=1&amp;ipsc1=1
User-Agent : Mozilla/4.0 (compatible; MSIE 7.0; Windows NT 5.1)
Accept : */*
Accept-Language : en-us
Accept-Encoding : GZIP
Host : localhost
Cookie : PHPSESSID=5a0b064b9e2796918842c00f72e52f69; mylang=vietnam
</Headers>
                      </Request>
                      <Response url="http://localhost/industry/library/CSS/style-slide.css" contentType="text/css" statusLine="HTTP/1.1 200 OK" pageTime="NaN" time="0.006" statusCodeString="200 OK" contentLength="1629">
                        <Headers>Accept-Ranges : bytes
Content-Length : 1629
Content-Type : text/css
Date : Tue, 23 Nov 2010 14:08:32 GMT
ETag : "64155220-65d-d44b7f00"
Last-Modified : Fri, 27 Aug 2010 13:09:48 GMT
Server : Apache/2.2.4 (Win32) PHP/5.2.1
</Headers>
                      </Response>
                      <Context>
                        <Entry name="$TotalAgents" value="1" />
                        <Entry name="$ControllerName" value="ASUS" />
                        <Entry name="$AgentName" value="ASUS" />
                        <Entry name="$TestLogsDir" value="C:\Documents and Settings\ASUS X82Q SERIES\My Documents\Visual Studio 2008\Projects\TestProject\TestResults\ASUS X82Q SERIES_ASUS 2010-11-23 21_08_28\In\ASUS" />
                        <Entry name="$TestDeploymentDir" value="C:\Documents and Settings\ASUS X82Q SERIES\My Documents\Visual Studio 2008\Projects\TestProject\TestResults\ASUS X82Q SERIES_ASUS 2010-11-23 21_08_28\Out" />
                        <Entry name="$AgentId" value="1" />
                        <Entry name="$AgentLoadDistributor" value="Microsoft.VisualStudio.TestTools.Execution.AgentLoadDistributor" />
                        <Entry name="$TestDir" value="C:\Documents and Settings\ASUS X82Q SERIES\My Documents\Visual Studio 2008\Projects\TestProject\TestResults\ASUS X82Q SERIES_ASUS 2010-11-23 21_08_28" />
                        <Entry name="$AgentWeighting" value="100" />
                        <Entry name="$WebTestIteration" value="1" />
                        <Entry name="$WebTestUserId" value="1" />
                      </Context>
                    </WebRequestResult>
                    <WebRequestResult exceptionMessage="" run="0" submitted="true" cached="false" isRedirectFollow="false" requestBodyBytesHandle="-2" responseBytesHandle="8">
                      <Request url="http://localhost/industry/library/js/script.js" command="GET /industry/library/js/script.js HTTP/1.1" encoding="utf-8">
                        <Headers>Referer : http://localhost/industry/trade/sell/index.php?mod=psc2&amp;ipc=1&amp;ipsc1=1
User-Agent : Mozilla/4.0 (compatible; MSIE 7.0; Windows NT 5.1)
Accept : */*
Accept-Language : en-us
Accept-Encoding : GZIP
Host : localhost
Cookie : PHPSESSID=5a0b064b9e2796918842c00f72e52f69; mylang=vietnam
</Headers>
                      </Request>
                      <Response url="http://localhost/industry/library/js/script.js" contentType="application/x-javascript" statusLine="HTTP/1.1 200 OK" pageTime="NaN" time="0.007" statusCodeString="200 OK" contentLength="403">
                        <Headers>Accept-Ranges : bytes
Content-Length : 403
Content-Type : application/x-javascript
Date : Tue, 23 Nov 2010 14:08:32 GMT
ETag : "640c1340-193-56ac8480"
Last-Modified : Tue, 27 Jul 2010 06:09:06 GMT
Server : Apache/2.2.4 (Win32) PHP/5.2.1
</Headers>
                      </Response>
                      <Context>
                        <Entry name="$TotalAgents" value="1" />
                        <Entry name="$ControllerName" value="ASUS" />
                        <Entry name="$AgentName" value="ASUS" />
                        <Entry name="$TestLogsDir" value="C:\Documents and Settings\ASUS X82Q SERIES\My Documents\Visual Studio 2008\Projects\TestProject\TestResults\ASUS X82Q SERIES_ASUS 2010-11-23 21_08_28\In\ASUS" />
                        <Entry name="$TestDeploymentDir" value="C:\Documents and Settings\ASUS X82Q SERIES\My Documents\Visual Studio 2008\Projects\TestProject\TestResults\ASUS X82Q SERIES_ASUS 2010-11-23 21_08_28\Out" />
                        <Entry name="$AgentId" value="1" />
                        <Entry name="$AgentLoadDistributor" value="Microsoft.VisualStudio.TestTools.Execution.AgentLoadDistributor" />
                        <Entry name="$TestDir" value="C:\Documents and Settings\ASUS X82Q SERIES\My Documents\Visual Studio 2008\Projects\TestProject\TestResults\ASUS X82Q SERIES_ASUS 2010-11-23 21_08_28" />
                        <Entry name="$AgentWeighting" value="100" />
                        <Entry name="$WebTestIteration" value="1" />
                        <Entry name="$WebTestUserId" value="1" />
                      </Context>
                    </WebRequestResult>
                    <WebRequestResult exceptionMessage="" run="0" submitted="true" cached="false" isRedirectFollow="false" requestBodyBytesHandle="-2" responseBytesHandle="11">
                      <Request url="http://localhost/industry/library/js/jquery_menu.js" command="GET /industry/library/js/jquery_menu.js HTTP/1.1" encoding="utf-8">
                        <Headers>Referer : http://localhost/industry/trade/sell/index.php?mod=psc2&amp;ipc=1&amp;ipsc1=1
User-Agent : Mozilla/4.0 (compatible; MSIE 7.0; Windows NT 5.1)
Accept : */*
Accept-Language : en-us
Accept-Encoding : GZIP
Host : localhost
Cookie : PHPSESSID=5a0b064b9e2796918842c00f72e52f69; mylang=vietnam
</Headers>
                      </Request>
                      <Response url="http://localhost/industry/library/js/jquery_menu.js" contentType="application/x-javascript" statusLine="HTTP/1.1 200 OK" pageTime="NaN" time="0.067" statusCodeString="200 OK" contentLength="57170">
                        <Headers>X-Pad : avoid browser bug
Accept-Ranges : bytes
Content-Length : 57170
Content-Type : application/x-javascript
Date : Tue, 23 Nov 2010 14:08:32 GMT
ETag : "640c1260-df52-984af280"
Last-Modified : Tue, 27 Jul 2010 02:52:42 GMT
Server : Apache/2.2.4 (Win32) PHP/5.2.1
</Headers>
                      </Response>
                      <Context>
                        <Entry name="$TotalAgents" value="1" />
                        <Entry name="$ControllerName" value="ASUS" />
                        <Entry name="$AgentName" value="ASUS" />
                        <Entry name="$TestLogsDir" value="C:\Documents and Settings\ASUS X82Q SERIES\My Documents\Visual Studio 2008\Projects\TestProject\TestResults\ASUS X82Q SERIES_ASUS 2010-11-23 21_08_28\In\ASUS" />
                        <Entry name="$TestDeploymentDir" value="C:\Documents and Settings\ASUS X82Q SERIES\My Documents\Visual Studio 2008\Projects\TestProject\TestResults\ASUS X82Q SERIES_ASUS 2010-11-23 21_08_28\Out" />
                        <Entry name="$AgentId" value="1" />
                        <Entry name="$AgentLoadDistributor" value="Microsoft.VisualStudio.TestTools.Execution.AgentLoadDistributor" />
                        <Entry name="$TestDir" value="C:\Documents and Settings\ASUS X82Q SERIES\My Documents\Visual Studio 2008\Projects\TestProject\TestResults\ASUS X82Q SERIES_ASUS 2010-11-23 21_08_28" />
                        <Entry name="$AgentWeighting" value="100" />
                        <Entry name="$WebTestIteration" value="1" />
                        <Entry name="$WebTestUserId" value="1" />
                      </Context>
                    </WebRequestResult>
                    <WebRequestResult exceptionMessage="" run="0" submitted="true" cached="false" isRedirectFollow="false" requestBodyBytesHandle="-2" responseBytesHandle="45">
                      <Request url="http://localhost/industry/library/js/jquery.js" command="GET /industry/library/js/jquery.js HTTP/1.1" encoding="utf-8">
                        <Headers>Referer : http://localhost/industry/trade/sell/index.php?mod=psc2&amp;ipc=1&amp;ipsc1=1
User-Agent : Mozilla/4.0 (compatible; MSIE 7.0; Windows NT 5.1)
Accept : */*
Accept-Language : en-us
Accept-Encoding : GZIP
Host : localhost
Cookie : PHPSESSID=5a0b064b9e2796918842c00f72e52f69; mylang=vietnam
</Headers>
                      </Request>
                      <Response url="http://localhost/industry/library/js/jquery.js" contentType="application/x-javascript" statusLine="HTTP/1.1 200 OK" pageTime="NaN" time="0.061" statusCodeString="200 OK" contentLength="50783">
                        <Headers>X-Pad : avoid browser bug
Accept-Ranges : bytes
Content-Length : 50783
Content-Type : application/x-javascript
Date : Tue, 23 Nov 2010 14:08:32 GMT
ETag : "640c11c0-c65f-f7d5c480"
Last-Modified : Fri, 06 Aug 2010 16:14:58 GMT
Server : Apache/2.2.4 (Win32) PHP/5.2.1
</Headers>
                      </Response>
                      <Context>
                        <Entry name="$TotalAgents" value="1" />
                        <Entry name="$ControllerName" value="ASUS" />
                        <Entry name="$AgentName" value="ASUS" />
                        <Entry name="$TestLogsDir" value="C:\Documents and Settings\ASUS X82Q SERIES\My Documents\Visual Studio 2008\Projects\TestProject\TestResults\ASUS X82Q SERIES_ASUS 2010-11-23 21_08_28\In\ASUS" />
                        <Entry name="$TestDeploymentDir" value="C:\Documents and Settings\ASUS X82Q SERIES\My Documents\Visual Studio 2008\Projects\TestProject\TestResults\ASUS X82Q SERIES_ASUS 2010-11-23 21_08_28\Out" />
                        <Entry name="$AgentId" value="1" />
                        <Entry name="$AgentLoadDistributor" value="Microsoft.VisualStudio.TestTools.Execution.AgentLoadDistributor" />
                        <Entry name="$TestDir" value="C:\Documents and Settings\ASUS X82Q SERIES\My Documents\Visual Studio 2008\Projects\TestProject\TestResults\ASUS X82Q SERIES_ASUS 2010-11-23 21_08_28" />
                        <Entry name="$AgentWeighting" value="100" />
                        <Entry name="$WebTestIteration" value="1" />
                        <Entry name="$WebTestUserId" value="1" />
                      </Context>
                    </WebRequestResult>
                    <WebRequestResult exceptionMessage="" run="0" submitted="true" cached="false" isRedirectFollow="false" requestBodyBytesHandle="-2" responseBytesHandle="15">
                      <Request url="http://localhost/industry/interface/search.jpg" command="GET /industry/interface/search.jpg HTTP/1.1" encoding="utf-8">
                        <Headers>Referer : http://localhost/industry/trade/sell/index.php?mod=psc2&amp;ipc=1&amp;ipsc1=1
User-Agent : Mozilla/4.0 (compatible; MSIE 7.0; Windows NT 5.1)
Accept : */*
Accept-Language : en-us
Accept-Encoding : GZIP
Host : localhost
Cookie : PHPSESSID=5a0b064b9e2796918842c00f72e52f69; mylang=vietnam
</Headers>
                      </Request>
                      <Response url="http://localhost/industry/interface/search.jpg" contentType="image/jpeg" statusLine="HTTP/1.1 200 OK" pageTime="NaN" time="0.004" statusCodeString="200 OK" contentLength="1525">
                        <Headers>Accept-Ranges : bytes
Content-Length : 1525
Content-Type : image/jpeg
Date : Tue, 23 Nov 2010 14:08:32 GMT
ETag : "63f09960-5f5-160fc780"
Last-Modified : Sun, 25 Jul 2010 16:51:58 GMT
Server : Apache/2.2.4 (Win32) PHP/5.2.1
</Headers>
                      </Response>
                      <Context>
                        <Entry name="$TotalAgents" value="1" />
                        <Entry name="$ControllerName" value="ASUS" />
                        <Entry name="$AgentName" value="ASUS" />
                        <Entry name="$TestLogsDir" value="C:\Documents and Settings\ASUS X82Q SERIES\My Documents\Visual Studio 2008\Projects\TestProject\TestResults\ASUS X82Q SERIES_ASUS 2010-11-23 21_08_28\In\ASUS" />
                        <Entry name="$TestDeploymentDir" value="C:\Documents and Settings\ASUS X82Q SERIES\My Documents\Visual Studio 2008\Projects\TestProject\TestResults\ASUS X82Q SERIES_ASUS 2010-11-23 21_08_28\Out" />
                        <Entry name="$AgentId" value="1" />
                        <Entry name="$AgentLoadDistributor" value="Microsoft.VisualStudio.TestTools.Execution.AgentLoadDistributor" />
                        <Entry name="$TestDir" value="C:\Documents and Settings\ASUS X82Q SERIES\My Documents\Visual Studio 2008\Projects\TestProject\TestResults\ASUS X82Q SERIES_ASUS 2010-11-23 21_08_28" />
                        <Entry name="$AgentWeighting" value="100" />
                        <Entry name="$WebTestIteration" value="1" />
                        <Entry name="$WebTestUserId" value="1" />
                      </Context>
                    </WebRequestResult>
                    <WebRequestResult exceptionMessage="" run="0" submitted="true" cached="false" isRedirectFollow="false" requestBodyBytesHandle="-2" responseBytesHandle="46">
                      <Request url="http://localhost/industry/library/js/jcarousellite.js" command="GET /industry/library/js/jcarousellite.js HTTP/1.1" encoding="utf-8">
                        <Headers>Referer : http://localhost/industry/trade/sell/index.php?mod=psc2&amp;ipc=1&amp;ipsc1=1
User-Agent : Mozilla/4.0 (compatible; MSIE 7.0; Windows NT 5.1)
Accept : */*
Accept-Language : en-us
Accept-Encoding : GZIP
Host : localhost
Cookie : PHPSESSID=5a0b064b9e2796918842c00f72e52f69; mylang=vietnam
</Headers>
                      </Request>
                      <Response url="http://localhost/industry/library/js/jcarousellite.js" contentType="application/x-javascript" statusLine="HTTP/1.1 200 OK" pageTime="NaN" time="0.009" statusCodeString="200 OK" contentLength="114">
                        <Headers>Accept-Ranges : bytes
Content-Length : 114
Content-Type : application/x-javascript
Date : Tue, 23 Nov 2010 14:08:32 GMT
ETag : "640c1140-72-d8661c00"
Last-Modified : Sat, 07 Aug 2010 13:34:40 GMT
Server : Apache/2.2.4 (Win32) PHP/5.2.1
</Headers>
                      </Response>
                      <Context>
                        <Entry name="$TotalAgents" value="1" />
                        <Entry name="$ControllerName" value="ASUS" />
                        <Entry name="$AgentName" value="ASUS" />
                        <Entry name="$TestLogsDir" value="C:\Documents and Settings\ASUS X82Q SERIES\My Documents\Visual Studio 2008\Projects\TestProject\TestResults\ASUS X82Q SERIES_ASUS 2010-11-23 21_08_28\In\ASUS" />
                        <Entry name="$TestDeploymentDir" value="C:\Documents and Settings\ASUS X82Q SERIES\My Documents\Visual Studio 2008\Projects\TestProject\TestResults\ASUS X82Q SERIES_ASUS 2010-11-23 21_08_28\Out" />
                        <Entry name="$AgentId" value="1" />
                        <Entry name="$AgentLoadDistributor" value="Microsoft.VisualStudio.TestTools.Execution.AgentLoadDistributor" />
                        <Entry name="$TestDir" value="C:\Documents and Settings\ASUS X82Q SERIES\My Documents\Visual Studio 2008\Projects\TestProject\TestResults\ASUS X82Q SERIES_ASUS 2010-11-23 21_08_28" />
                        <Entry name="$AgentWeighting" value="100" />
                        <Entry name="$WebTestIteration" value="1" />
                        <Entry name="$WebTestUserId" value="1" />
                      </Context>
                    </WebRequestResult>
                    <WebRequestResult exceptionMessage="" run="0" submitted="true" cached="false" isRedirectFollow="false" requestBodyBytesHandle="-2" responseBytesHandle="33">
                      <Request url="http://localhost/industry/Interface/reg_1.jpg" command="GET /industry/Interface/reg_1.jpg HTTP/1.1" encoding="utf-8">
                        <Headers>Referer : http://localhost/industry/trade/sell/index.php?mod=psc2&amp;ipc=1&amp;ipsc1=1
User-Agent : Mozilla/4.0 (compatible; MSIE 7.0; Windows NT 5.1)
Accept : */*
Accept-Language : en-us
Accept-Encoding : GZIP
Host : localhost
Cookie : PHPSESSID=5a0b064b9e2796918842c00f72e52f69; mylang=vietnam
</Headers>
                      </Request>
                      <Response url="http://localhost/industry/Interface/reg_1.jpg" contentType="image/jpeg" statusLine="HTTP/1.1 200 OK" pageTime="NaN" time="0.005" statusCodeString="200 OK" contentLength="2284">
                        <Headers>Accept-Ranges : bytes
Content-Length : 2284
Content-Type : image/jpeg
Date : Tue, 23 Nov 2010 14:08:32 GMT
ETag : "63f09940-8ec-d41dd680"
Last-Modified : Tue, 03 Aug 2010 05:45:46 GMT
Server : Apache/2.2.4 (Win32) PHP/5.2.1
</Headers>
                      </Response>
                      <Context>
                        <Entry name="$TotalAgents" value="1" />
                        <Entry name="$ControllerName" value="ASUS" />
                        <Entry name="$AgentName" value="ASUS" />
                        <Entry name="$TestLogsDir" value="C:\Documents and Settings\ASUS X82Q SERIES\My Documents\Visual Studio 2008\Projects\TestProject\TestResults\ASUS X82Q SERIES_ASUS 2010-11-23 21_08_28\In\ASUS" />
                        <Entry name="$TestDeploymentDir" value="C:\Documents and Settings\ASUS X82Q SERIES\My Documents\Visual Studio 2008\Projects\TestProject\TestResults\ASUS X82Q SERIES_ASUS 2010-11-23 21_08_28\Out" />
                        <Entry name="$AgentId" value="1" />
                        <Entry name="$AgentLoadDistributor" value="Microsoft.VisualStudio.TestTools.Execution.AgentLoadDistributor" />
                        <Entry name="$TestDir" value="C:\Documents and Settings\ASUS X82Q SERIES\My Documents\Visual Studio 2008\Projects\TestProject\TestResults\ASUS X82Q SERIES_ASUS 2010-11-23 21_08_28" />
                        <Entry name="$AgentWeighting" value="100" />
                        <Entry name="$WebTestIteration" value="1" />
                        <Entry name="$WebTestUserId" value="1" />
                      </Context>
                    </WebRequestResult>
                    <WebRequestResult exceptionMessage="" run="0" submitted="true" cached="false" isRedirectFollow="false" requestBodyBytesHandle="-2" responseBytesHandle="48">
                      <Request url="http://localhost/industry/trade/sell/library/js/swfobject.js" command="GET /industry/trade/sell/library/js/swfobject.js HTTP/1.1" encoding="utf-8">
                        <Headers>Referer : http://localhost/industry/trade/sell/index.php?mod=psc2&amp;ipc=1&amp;ipsc1=1
User-Agent : Mozilla/4.0 (compatible; MSIE 7.0; Windows NT 5.1)
Accept : */*
Accept-Language : en-us
Accept-Encoding : GZIP
Host : localhost
Cookie : PHPSESSID=5a0b064b9e2796918842c00f72e52f69; mylang=vietnam
</Headers>
                      </Request>
                      <Response url="http://localhost/industry/trade/sell/library/js/swfobject.js" contentType="text/html; charset=iso-8859-1" statusLine="HTTP/1.1 404 Not Found" pageTime="NaN" time="0.012" statusCodeString="404 Not Found" contentLength="324">
                        <Headers>Content-Length : 324
Content-Type : text/html; charset=iso-8859-1
Date : Tue, 23 Nov 2010 14:08:32 GMT
Server : Apache/2.2.4 (Win32) PHP/5.2.1
</Headers>
                      </Response>
                      <Context>
                        <Entry name="$TotalAgents" value="1" />
                        <Entry name="$ControllerName" value="ASUS" />
                        <Entry name="$AgentName" value="ASUS" />
                        <Entry name="$TestLogsDir" value="C:\Documents and Settings\ASUS X82Q SERIES\My Documents\Visual Studio 2008\Projects\TestProject\TestResults\ASUS X82Q SERIES_ASUS 2010-11-23 21_08_28\In\ASUS" />
                        <Entry name="$TestDeploymentDir" value="C:\Documents and Settings\ASUS X82Q SERIES\My Documents\Visual Studio 2008\Projects\TestProject\TestResults\ASUS X82Q SERIES_ASUS 2010-11-23 21_08_28\Out" />
                        <Entry name="$AgentId" value="1" />
                        <Entry name="$AgentLoadDistributor" value="Microsoft.VisualStudio.TestTools.Execution.AgentLoadDistributor" />
                        <Entry name="$TestDir" value="C:\Documents and Settings\ASUS X82Q SERIES\My Documents\Visual Studio 2008\Projects\TestProject\TestResults\ASUS X82Q SERIES_ASUS 2010-11-23 21_08_28" />
                        <Entry name="$AgentWeighting" value="100" />
                        <Entry name="$WebTestIteration" value="1" />
                        <Entry name="$WebTestUserId" value="1" />
                      </Context>
                      <Errors>
                        <Error type="HttpError" subType="404 - NotFound" text="404 - NotFound" time="2010-11-23T21:08:32.2187500+07:00" />
                      </Errors>
                    </WebRequestResult>
                    <WebRequestResult exceptionMessage="" run="0" submitted="true" cached="false" isRedirectFollow="false" requestBodyBytesHandle="-2" responseBytesHandle="47">
                      <Request url="http://localhost/industry/Interface/khung_2_1.jpg" command="GET /industry/Interface/khung_2_1.jpg HTTP/1.1" encoding="utf-8">
                        <Headers>Referer : http://localhost/industry/trade/sell/index.php?mod=psc2&amp;ipc=1&amp;ipsc1=1
User-Agent : Mozilla/4.0 (compatible; MSIE 7.0; Windows NT 5.1)
Accept : */*
Accept-Language : en-us
Accept-Encoding : GZIP
Host : localhost
Cookie : PHPSESSID=5a0b064b9e2796918842c00f72e52f69; mylang=vietnam
</Headers>
                      </Request>
                      <Response url="http://localhost/industry/Interface/khung_2_1.jpg" contentType="image/jpeg" statusLine="HTTP/1.1 200 OK" pageTime="NaN" time="0.005" statusCodeString="200 OK" contentLength="774">
                        <Headers>Accept-Ranges : bytes
Content-Length : 774
Content-Type : image/jpeg
Date : Tue, 23 Nov 2010 14:08:32 GMT
ETag : "63f094e0-306-eb3b3680"
Last-Modified : Tue, 24 Aug 2010 05:20:10 GMT
Server : Apache/2.2.4 (Win32) PHP/5.2.1
</Headers>
                      </Response>
                      <Context>
                        <Entry name="$TotalAgents" value="1" />
                        <Entry name="$ControllerName" value="ASUS" />
                        <Entry name="$AgentName" value="ASUS" />
                        <Entry name="$TestLogsDir" value="C:\Documents and Settings\ASUS X82Q SERIES\My Documents\Visual Studio 2008\Projects\TestProject\TestResults\ASUS X82Q SERIES_ASUS 2010-11-23 21_08_28\In\ASUS" />
                        <Entry name="$TestDeploymentDir" value="C:\Documents and Settings\ASUS X82Q SERIES\My Documents\Visual Studio 2008\Projects\TestProject\TestResults\ASUS X82Q SERIES_ASUS 2010-11-23 21_08_28\Out" />
                        <Entry name="$AgentId" value="1" />
                        <Entry name="$AgentLoadDistributor" value="Microsoft.VisualStudio.TestTools.Execution.AgentLoadDistributor" />
                        <Entry name="$TestDir" value="C:\Documents and Settings\ASUS X82Q SERIES\My Documents\Visual Studio 2008\Projects\TestProject\TestResults\ASUS X82Q SERIES_ASUS 2010-11-23 21_08_28" />
                        <Entry name="$AgentWeighting" value="100" />
                        <Entry name="$WebTestIteration" value="1" />
                        <Entry name="$WebTestUserId" value="1" />
                      </Context>
                    </WebRequestResult>
                    <WebRequestResult exceptionMessage="" run="0" submitted="true" cached="false" isRedirectFollow="false" requestBodyBytesHandle="-2" responseBytesHandle="50">
                      <Request url="http://localhost/industry/Interface/icon_2.jpg" command="GET /industry/Interface/icon_2.jpg HTTP/1.1" encoding="utf-8">
                        <Headers>Referer : http://localhost/industry/trade/sell/index.php?mod=psc2&amp;ipc=1&amp;ipsc1=1
User-Agent : Mozilla/4.0 (compatible; MSIE 7.0; Windows NT 5.1)
Accept : */*
Accept-Language : en-us
Accept-Encoding : GZIP
Host : localhost
Cookie : PHPSESSID=5a0b064b9e2796918842c00f72e52f69; mylang=vietnam
</Headers>
                      </Request>
                      <Response url="http://localhost/industry/Interface/icon_2.jpg" contentType="image/jpeg" statusLine="HTTP/1.1 200 OK" pageTime="NaN" time="0.004" statusCodeString="200 OK" contentLength="395">
                        <Headers>Accept-Ranges : bytes
Content-Length : 395
Content-Type : image/jpeg
Date : Tue, 23 Nov 2010 14:08:32 GMT
ETag : "63f09380-18b-cd34d100"
Last-Modified : Tue, 03 Aug 2010 08:07:00 GMT
Server : Apache/2.2.4 (Win32) PHP/5.2.1
</Headers>
                      </Response>
                      <Context>
                        <Entry name="$TotalAgents" value="1" />
                        <Entry name="$ControllerName" value="ASUS" />
                        <Entry name="$AgentName" value="ASUS" />
                        <Entry name="$TestLogsDir" value="C:\Documents and Settings\ASUS X82Q SERIES\My Documents\Visual Studio 2008\Projects\TestProject\TestResults\ASUS X82Q SERIES_ASUS 2010-11-23 21_08_28\In\ASUS" />
                        <Entry name="$TestDeploymentDir" value="C:\Documents and Settings\ASUS X82Q SERIES\My Documents\Visual Studio 2008\Projects\TestProject\TestResults\ASUS X82Q SERIES_ASUS 2010-11-23 21_08_28\Out" />
                        <Entry name="$AgentId" value="1" />
                        <Entry name="$AgentLoadDistributor" value="Microsoft.VisualStudio.TestTools.Execution.AgentLoadDistributor" />
                        <Entry name="$TestDir" value="C:\Documents and Settings\ASUS X82Q SERIES\My Documents\Visual Studio 2008\Projects\TestProject\TestResults\ASUS X82Q SERIES_ASUS 2010-11-23 21_08_28" />
                        <Entry name="$AgentWeighting" value="100" />
                        <Entry name="$WebTestIteration" value="1" />
                        <Entry name="$WebTestUserId" value="1" />
                      </Context>
                    </WebRequestResult>
                    <WebRequestResult exceptionMessage="" run="0" submitted="true" cached="false" isRedirectFollow="false" requestBodyBytesHandle="-2" responseBytesHandle="49">
                      <Request url="http://localhost/industry/Interface/home-1.jpg" command="GET /industry/Interface/home-1.jpg HTTP/1.1" encoding="utf-8">
                        <Headers>Referer : http://localhost/industry/trade/sell/index.php?mod=psc2&amp;ipc=1&amp;ipsc1=1
User-Agent : Mozilla/4.0 (compatible; MSIE 7.0; Windows NT 5.1)
Accept : */*
Accept-Language : en-us
Accept-Encoding : GZIP
Host : localhost
Cookie : PHPSESSID=5a0b064b9e2796918842c00f72e52f69; mylang=vietnam
</Headers>
                      </Request>
                      <Response url="http://localhost/industry/Interface/home-1.jpg" contentType="image/jpeg" statusLine="HTTP/1.1 200 OK" pageTime="NaN" time="0.006" statusCodeString="200 OK" contentLength="495">
                        <Headers>Accept-Ranges : bytes
Content-Length : 495
Content-Type : image/jpeg
Date : Tue, 23 Nov 2010 14:08:32 GMT
ETag : "63f092c0-1ef-25b79e80"
Last-Modified : Tue, 03 Aug 2010 07:20:10 GMT
Server : Apache/2.2.4 (Win32) PHP/5.2.1
</Headers>
                      </Response>
                      <Context>
                        <Entry name="$TotalAgents" value="1" />
                        <Entry name="$ControllerName" value="ASUS" />
                        <Entry name="$AgentName" value="ASUS" />
                        <Entry name="$TestLogsDir" value="C:\Documents and Settings\ASUS X82Q SERIES\My Documents\Visual Studio 2008\Projects\TestProject\TestResults\ASUS X82Q SERIES_ASUS 2010-11-23 21_08_28\In\ASUS" />
                        <Entry name="$TestDeploymentDir" value="C:\Documents and Settings\ASUS X82Q SERIES\My Documents\Visual Studio 2008\Projects\TestProject\TestResults\ASUS X82Q SERIES_ASUS 2010-11-23 21_08_28\Out" />
                        <Entry name="$AgentId" value="1" />
                        <Entry name="$AgentLoadDistributor" value="Microsoft.VisualStudio.TestTools.Execution.AgentLoadDistributor" />
                        <Entry name="$TestDir" value="C:\Documents and Settings\ASUS X82Q SERIES\My Documents\Visual Studio 2008\Projects\TestProject\TestResults\ASUS X82Q SERIES_ASUS 2010-11-23 21_08_28" />
                        <Entry name="$AgentWeighting" value="100" />
                        <Entry name="$WebTestIteration" value="1" />
                        <Entry name="$WebTestUserId" value="1" />
                      </Context>
                    </WebRequestResult>
                    <WebRequestResult exceptionMessage="" run="0" submitted="true" cached="false" isRedirectFollow="false" requestBodyBytesHandle="-2" responseBytesHandle="57">
                      <Request url="http://localhost/industry/uploads/products/2/2/thumbnails/2_100x0.jpg" command="GET /industry/uploads/products/2/2/thumbnails/2_100x0.jpg HTTP/1.1" encoding="utf-8">
                        <Headers>Referer : http://localhost/industry/trade/sell/index.php?mod=psc2&amp;ipc=1&amp;ipsc1=1
User-Agent : Mozilla/4.0 (compatible; MSIE 7.0; Windows NT 5.1)
Accept : */*
Accept-Language : en-us
Accept-Encoding : GZIP
Host : localhost
Cookie : PHPSESSID=5a0b064b9e2796918842c00f72e52f69; mylang=vietnam
</Headers>
                      </Request>
                      <Response url="http://localhost/industry/uploads/products/2/2/thumbnails/2_100x0.jpg" contentType="image/jpeg" statusLine="HTTP/1.1 200 OK" pageTime="NaN" time="0.005" statusCodeString="200 OK" contentLength="4109">
                        <Headers>Accept-Ranges : bytes
Content-Length : 4109
Content-Type : image/jpeg
Date : Tue, 23 Nov 2010 14:08:32 GMT
ETag : "5b75d040-100d-bb8f7180"
Last-Modified : Thu, 02 Sep 2010 15:47:34 GMT
Server : Apache/2.2.4 (Win32) PHP/5.2.1
</Headers>
                      </Response>
                      <Context>
                        <Entry name="$TotalAgents" value="1" />
                        <Entry name="$ControllerName" value="ASUS" />
                        <Entry name="$AgentName" value="ASUS" />
                        <Entry name="$TestLogsDir" value="C:\Documents and Settings\ASUS X82Q SERIES\My Documents\Visual Studio 2008\Projects\TestProject\TestResults\ASUS X82Q SERIES_ASUS 2010-11-23 21_08_28\In\ASUS" />
                        <Entry name="$TestDeploymentDir" value="C:\Documents and Settings\ASUS X82Q SERIES\My Documents\Visual Studio 2008\Projects\TestProject\TestResults\ASUS X82Q SERIES_ASUS 2010-11-23 21_08_28\Out" />
                        <Entry name="$AgentId" value="1" />
                        <Entry name="$AgentLoadDistributor" value="Microsoft.VisualStudio.TestTools.Execution.AgentLoadDistributor" />
                        <Entry name="$TestDir" value="C:\Documents and Settings\ASUS X82Q SERIES\My Documents\Visual Studio 2008\Projects\TestProject\TestResults\ASUS X82Q SERIES_ASUS 2010-11-23 21_08_28" />
                        <Entry name="$AgentWeighting" value="100" />
                        <Entry name="$WebTestIteration" value="1" />
                        <Entry name="$WebTestUserId" value="1" />
                      </Context>
                    </WebRequestResult>
                    <WebRequestResult exceptionMessage="" run="0" submitted="true" cached="false" isRedirectFollow="false" requestBodyBytesHandle="-2" responseBytesHandle="23">
                      <Request url="http://localhost/industry/uploads/country_flag/vietnam.png" command="GET /industry/uploads/country_flag/vietnam.png HTTP/1.1" encoding="utf-8">
                        <Headers>Referer : http://localhost/industry/trade/sell/index.php?mod=psc2&amp;ipc=1&amp;ipsc1=1
User-Agent : Mozilla/4.0 (compatible; MSIE 7.0; Windows NT 5.1)
Accept : */*
Accept-Language : en-us
Accept-Encoding : GZIP
Host : localhost
Cookie : PHPSESSID=5a0b064b9e2796918842c00f72e52f69; mylang=vietnam
</Headers>
                      </Request>
                      <Response url="http://localhost/industry/uploads/country_flag/vietnam.png" contentType="image/png" statusLine="HTTP/1.1 200 OK" pageTime="NaN" time="0.009" statusCodeString="200 OK" contentLength="17550">
                        <Headers>Accept-Ranges : bytes
Content-Length : 17550
Content-Type : image/png
Date : Tue, 23 Nov 2010 14:08:32 GMT
ETag : "5b8310a0-448e-e0482a00"
Last-Modified : Sat, 21 Aug 2010 15:14:48 GMT
Server : Apache/2.2.4 (Win32) PHP/5.2.1
</Headers>
                      </Response>
                      <Context>
                        <Entry name="$TotalAgents" value="1" />
                        <Entry name="$ControllerName" value="ASUS" />
                        <Entry name="$AgentName" value="ASUS" />
                        <Entry name="$TestLogsDir" value="C:\Documents and Settings\ASUS X82Q SERIES\My Documents\Visual Studio 2008\Projects\TestProject\TestResults\ASUS X82Q SERIES_ASUS 2010-11-23 21_08_28\In\ASUS" />
                        <Entry name="$TestDeploymentDir" value="C:\Documents and Settings\ASUS X82Q SERIES\My Documents\Visual Studio 2008\Projects\TestProject\TestResults\ASUS X82Q SERIES_ASUS 2010-11-23 21_08_28\Out" />
                        <Entry name="$AgentId" value="1" />
                        <Entry name="$AgentLoadDistributor" value="Microsoft.VisualStudio.TestTools.Execution.AgentLoadDistributor" />
                        <Entry name="$TestDir" value="C:\Documents and Settings\ASUS X82Q SERIES\My Documents\Visual Studio 2008\Projects\TestProject\TestResults\ASUS X82Q SERIES_ASUS 2010-11-23 21_08_28" />
                        <Entry name="$AgentWeighting" value="100" />
                        <Entry name="$WebTestIteration" value="1" />
                        <Entry name="$WebTestUserId" value="1" />
                      </Context>
                    </WebRequestResult>
                    <WebRequestResult exceptionMessage="" run="0" submitted="true" cached="false" isRedirectFollow="false" requestBodyBytesHandle="-2" responseBytesHandle="52">
                      <Request url="http://localhost/industry/Interface/contact.jpg" command="GET /industry/Interface/contact.jpg HTTP/1.1" encoding="utf-8">
                        <Headers>Referer : http://localhost/industry/trade/sell/index.php?mod=psc2&amp;ipc=1&amp;ipsc1=1
User-Agent : Mozilla/4.0 (compatible; MSIE 7.0; Windows NT 5.1)
Accept : */*
Accept-Language : en-us
Accept-Encoding : GZIP
Host : localhost
Cookie : PHPSESSID=5a0b064b9e2796918842c00f72e52f69; mylang=vietnam
</Headers>
                      </Request>
                      <Response url="http://localhost/industry/Interface/contact.jpg" contentType="image/jpeg" statusLine="HTTP/1.1 200 OK" pageTime="NaN" time="0.006" statusCodeString="200 OK" contentLength="1701">
                        <Headers>Accept-Ranges : bytes
Content-Length : 1701
Content-Type : image/jpeg
Date : Tue, 23 Nov 2010 14:08:32 GMT
ETag : "63f091a0-6a5-aa9a7b80"
Last-Modified : Sun, 22 Aug 2010 06:30:22 GMT
Server : Apache/2.2.4 (Win32) PHP/5.2.1
</Headers>
                      </Response>
                      <Context>
                        <Entry name="$TotalAgents" value="1" />
                        <Entry name="$ControllerName" value="ASUS" />
                        <Entry name="$AgentName" value="ASUS" />
                        <Entry name="$TestLogsDir" value="C:\Documents and Settings\ASUS X82Q SERIES\My Documents\Visual Studio 2008\Projects\TestProject\TestResults\ASUS X82Q SERIES_ASUS 2010-11-23 21_08_28\In\ASUS" />
                        <Entry name="$TestDeploymentDir" value="C:\Documents and Settings\ASUS X82Q SERIES\My Documents\Visual Studio 2008\Projects\TestProject\TestResults\ASUS X82Q SERIES_ASUS 2010-11-23 21_08_28\Out" />
                        <Entry name="$AgentId" value="1" />
                        <Entry name="$AgentLoadDistributor" value="Microsoft.VisualStudio.TestTools.Execution.AgentLoadDistributor" />
                        <Entry name="$TestDir" value="C:\Documents and Settings\ASUS X82Q SERIES\My Documents\Visual Studio 2008\Projects\TestProject\TestResults\ASUS X82Q SERIES_ASUS 2010-11-23 21_08_28" />
                        <Entry name="$AgentWeighting" value="100" />
                        <Entry name="$WebTestIteration" value="1" />
                        <Entry name="$WebTestUserId" value="1" />
                      </Context>
                    </WebRequestResult>
                    <WebRequestResult exceptionMessage="" run="0" submitted="true" cached="false" isRedirectFollow="false" requestBodyBytesHandle="-2" responseBytesHandle="53">
                      <Request url="http://localhost/industry/uploads/products/2/3/thumbnails/3_100x0.jpg" command="GET /industry/uploads/products/2/3/thumbnails/3_100x0.jpg HTTP/1.1" encoding="utf-8">
                        <Headers>Referer : http://localhost/industry/trade/sell/index.php?mod=psc2&amp;ipc=1&amp;ipsc1=1
User-Agent : Mozilla/4.0 (compatible; MSIE 7.0; Windows NT 5.1)
Accept : */*
Accept-Language : en-us
Accept-Encoding : GZIP
Host : localhost
Cookie : PHPSESSID=5a0b064b9e2796918842c00f72e52f69; mylang=vietnam
</Headers>
                      </Request>
                      <Response url="http://localhost/industry/uploads/products/2/3/thumbnails/3_100x0.jpg" contentType="image/jpeg" statusLine="HTTP/1.1 200 OK" pageTime="NaN" time="0.01" statusCodeString="200 OK" contentLength="3607">
                        <Headers>Accept-Ranges : bytes
Content-Length : 3607
Content-Type : image/jpeg
Date : Tue, 23 Nov 2010 14:08:32 GMT
ETag : "5b739040-e17-c0ecbc00"
Last-Modified : Thu, 02 Sep 2010 15:49:04 GMT
Server : Apache/2.2.4 (Win32) PHP/5.2.1
</Headers>
                      </Response>
                      <Context>
                        <Entry name="$TotalAgents" value="1" />
                        <Entry name="$ControllerName" value="ASUS" />
                        <Entry name="$AgentName" value="ASUS" />
                        <Entry name="$TestLogsDir" value="C:\Documents and Settings\ASUS X82Q SERIES\My Documents\Visual Studio 2008\Projects\TestProject\TestResults\ASUS X82Q SERIES_ASUS 2010-11-23 21_08_28\In\ASUS" />
                        <Entry name="$TestDeploymentDir" value="C:\Documents and Settings\ASUS X82Q SERIES\My Documents\Visual Studio 2008\Projects\TestProject\TestResults\ASUS X82Q SERIES_ASUS 2010-11-23 21_08_28\Out" />
                        <Entry name="$AgentId" value="1" />
                        <Entry name="$AgentLoadDistributor" value="Microsoft.VisualStudio.TestTools.Execution.AgentLoadDistributor" />
                        <Entry name="$TestDir" value="C:\Documents and Settings\ASUS X82Q SERIES\My Documents\Visual Studio 2008\Projects\TestProject\TestResults\ASUS X82Q SERIES_ASUS 2010-11-23 21_08_28" />
                        <Entry name="$AgentWeighting" value="100" />
                        <Entry name="$WebTestIteration" value="1" />
                        <Entry name="$WebTestUserId" value="1" />
                      </Context>
                    </WebRequestResult>
                    <WebRequestResult exceptionMessage="" run="0" submitted="true" cached="false" isRedirectFollow="false" requestBodyBytesHandle="-2" responseBytesHandle="54">
                      <Request url="http://localhost/industry/uploads/products/2/4/thumbnails/4_100x0.jpg" command="GET /industry/uploads/products/2/4/thumbnails/4_100x0.jpg HTTP/1.1" encoding="utf-8">
                        <Headers>Referer : http://localhost/industry/trade/sell/index.php?mod=psc2&amp;ipc=1&amp;ipsc1=1
User-Agent : Mozilla/4.0 (compatible; MSIE 7.0; Windows NT 5.1)
Accept : */*
Accept-Language : en-us
Accept-Encoding : GZIP
Host : localhost
Cookie : PHPSESSID=5a0b064b9e2796918842c00f72e52f69; mylang=vietnam
</Headers>
                      </Request>
                      <Response url="http://localhost/industry/uploads/products/2/4/thumbnails/4_100x0.jpg" contentType="image/jpeg" statusLine="HTTP/1.1 200 OK" pageTime="NaN" time="0.01" statusCodeString="200 OK" contentLength="3707">
                        <Headers>Accept-Ranges : bytes
Content-Length : 3707
Content-Type : image/jpeg
Date : Tue, 23 Nov 2010 14:08:32 GMT
ETag : "5b721040-e7b-c9267280"
Last-Modified : Thu, 02 Sep 2010 15:51:22 GMT
Server : Apache/2.2.4 (Win32) PHP/5.2.1
</Headers>
                      </Response>
                      <Context>
                        <Entry name="$TotalAgents" value="1" />
                        <Entry name="$ControllerName" value="ASUS" />
                        <Entry name="$AgentName" value="ASUS" />
                        <Entry name="$TestLogsDir" value="C:\Documents and Settings\ASUS X82Q SERIES\My Documents\Visual Studio 2008\Projects\TestProject\TestResults\ASUS X82Q SERIES_ASUS 2010-11-23 21_08_28\In\ASUS" />
                        <Entry name="$TestDeploymentDir" value="C:\Documents and Settings\ASUS X82Q SERIES\My Documents\Visual Studio 2008\Projects\TestProject\TestResults\ASUS X82Q SERIES_ASUS 2010-11-23 21_08_28\Out" />
                        <Entry name="$AgentId" value="1" />
                        <Entry name="$AgentLoadDistributor" value="Microsoft.VisualStudio.TestTools.Execution.AgentLoadDistributor" />
                        <Entry name="$TestDir" value="C:\Documents and Settings\ASUS X82Q SERIES\My Documents\Visual Studio 2008\Projects\TestProject\TestResults\ASUS X82Q SERIES_ASUS 2010-11-23 21_08_28" />
                        <Entry name="$AgentWeighting" value="100" />
                        <Entry name="$WebTestIteration" value="1" />
                        <Entry name="$WebTestUserId" value="1" />
                      </Context>
                    </WebRequestResult>
                    <WebRequestResult exceptionMessage="" run="0" submitted="true" cached="false" isRedirectFollow="false" requestBodyBytesHandle="-2" responseBytesHandle="61">
                      <Request url="http://localhost/industry/Interface/icon_6.jpg" command="GET /industry/Interface/icon_6.jpg HTTP/1.1" encoding="utf-8">
                        <Headers>Referer : http://localhost/industry/trade/sell/index.php?mod=psc2&amp;ipc=1&amp;ipsc1=1
User-Agent : Mozilla/4.0 (compatible; MSIE 7.0; Windows NT 5.1)
Accept : */*
Accept-Language : en-us
Accept-Encoding : GZIP
Host : localhost
Cookie : PHPSESSID=5a0b064b9e2796918842c00f72e52f69; mylang=vietnam
</Headers>
                      </Request>
                      <Response url="http://localhost/industry/Interface/icon_6.jpg" contentType="image/jpeg" statusLine="HTTP/1.1 200 OK" pageTime="NaN" time="0.008" statusCodeString="200 OK" contentLength="504">
                        <Headers>Accept-Ranges : bytes
Content-Length : 504
Content-Type : image/jpeg
Date : Tue, 23 Nov 2010 14:08:32 GMT
ETag : "63f09400-1f8-b5bad980"
Last-Modified : Tue, 03 Aug 2010 12:46:46 GMT
Server : Apache/2.2.4 (Win32) PHP/5.2.1
</Headers>
                      </Response>
                      <Context>
                        <Entry name="$TotalAgents" value="1" />
                        <Entry name="$ControllerName" value="ASUS" />
                        <Entry name="$AgentName" value="ASUS" />
                        <Entry name="$TestLogsDir" value="C:\Documents and Settings\ASUS X82Q SERIES\My Documents\Visual Studio 2008\Projects\TestProject\TestResults\ASUS X82Q SERIES_ASUS 2010-11-23 21_08_28\In\ASUS" />
                        <Entry name="$TestDeploymentDir" value="C:\Documents and Settings\ASUS X82Q SERIES\My Documents\Visual Studio 2008\Projects\TestProject\TestResults\ASUS X82Q SERIES_ASUS 2010-11-23 21_08_28\Out" />
                        <Entry name="$AgentId" value="1" />
                        <Entry name="$AgentLoadDistributor" value="Microsoft.VisualStudio.TestTools.Execution.AgentLoadDistributor" />
                        <Entry name="$TestDir" value="C:\Documents and Settings\ASUS X82Q SERIES\My Documents\Visual Studio 2008\Projects\TestProject\TestResults\ASUS X82Q SERIES_ASUS 2010-11-23 21_08_28" />
                        <Entry name="$AgentWeighting" value="100" />
                        <Entry name="$WebTestIteration" value="1" />
                        <Entry name="$WebTestUserId" value="1" />
                      </Context>
                    </WebRequestResult>
                    <WebRequestResult exceptionMessage="" run="0" submitted="true" cached="false" isRedirectFollow="false" requestBodyBytesHandle="-2" responseBytesHandle="62">
                      <Request url="http://localhost/industry/Interface/icon_5.jpg" command="GET /industry/Interface/icon_5.jpg HTTP/1.1" encoding="utf-8">
                        <Headers>Referer : http://localhost/industry/trade/sell/index.php?mod=psc2&amp;ipc=1&amp;ipsc1=1
User-Agent : Mozilla/4.0 (compatible; MSIE 7.0; Windows NT 5.1)
Accept : */*
Accept-Language : en-us
Accept-Encoding : GZIP
Host : localhost
Cookie : PHPSESSID=5a0b064b9e2796918842c00f72e52f69; mylang=vietnam
</Headers>
                      </Request>
                      <Response url="http://localhost/industry/Interface/icon_5.jpg" contentType="image/jpeg" statusLine="HTTP/1.1 200 OK" pageTime="NaN" time="0.007" statusCodeString="200 OK" contentLength="603">
                        <Headers>Accept-Ranges : bytes
Content-Length : 603
Content-Type : image/jpeg
Date : Tue, 23 Nov 2010 14:08:32 GMT
ETag : "63f093e0-25b-53aca500"
Last-Modified : Tue, 03 Aug 2010 08:44:36 GMT
Server : Apache/2.2.4 (Win32) PHP/5.2.1
</Headers>
                      </Response>
                      <Context>
                        <Entry name="$TotalAgents" value="1" />
                        <Entry name="$ControllerName" value="ASUS" />
                        <Entry name="$AgentName" value="ASUS" />
                        <Entry name="$TestLogsDir" value="C:\Documents and Settings\ASUS X82Q SERIES\My Documents\Visual Studio 2008\Projects\TestProject\TestResults\ASUS X82Q SERIES_ASUS 2010-11-23 21_08_28\In\ASUS" />
                        <Entry name="$TestDeploymentDir" value="C:\Documents and Settings\ASUS X82Q SERIES\My Documents\Visual Studio 2008\Projects\TestProject\TestResults\ASUS X82Q SERIES_ASUS 2010-11-23 21_08_28\Out" />
                        <Entry name="$AgentId" value="1" />
                        <Entry name="$AgentLoadDistributor" value="Microsoft.VisualStudio.TestTools.Execution.AgentLoadDistributor" />
                        <Entry name="$TestDir" value="C:\Documents and Settings\ASUS X82Q SERIES\My Documents\Visual Studio 2008\Projects\TestProject\TestResults\ASUS X82Q SERIES_ASUS 2010-11-23 21_08_28" />
                        <Entry name="$AgentWeighting" value="100" />
                        <Entry name="$WebTestIteration" value="1" />
                        <Entry name="$WebTestUserId" value="1" />
                      </Context>
                    </WebRequestResult>
                    <WebRequestResult exceptionMessage="" run="0" submitted="true" cached="false" isRedirectFollow="false" requestBodyBytesHandle="-2" responseBytesHandle="63">
                      <Request url="http://localhost/industry/Interface/icon_4.jpg" command="GET /industry/Interface/icon_4.jpg HTTP/1.1" encoding="utf-8">
                        <Headers>Referer : http://localhost/industry/trade/sell/index.php?mod=psc2&amp;ipc=1&amp;ipsc1=1
User-Agent : Mozilla/4.0 (compatible; MSIE 7.0; Windows NT 5.1)
Accept : */*
Accept-Language : en-us
Accept-Encoding : GZIP
Host : localhost
Cookie : PHPSESSID=5a0b064b9e2796918842c00f72e52f69; mylang=vietnam
</Headers>
                      </Request>
                      <Response url="http://localhost/industry/Interface/icon_4.jpg" contentType="image/jpeg" statusLine="HTTP/1.1 200 OK" pageTime="NaN" time="0.009" statusCodeString="200 OK" contentLength="634">
                        <Headers>Accept-Ranges : bytes
Content-Length : 634
Content-Type : image/jpeg
Date : Tue, 23 Nov 2010 14:08:32 GMT
ETag : "63f093c0-27a-53511780"
Last-Modified : Tue, 03 Aug 2010 08:44:30 GMT
Server : Apache/2.2.4 (Win32) PHP/5.2.1
</Headers>
                      </Response>
                      <Context>
                        <Entry name="$TotalAgents" value="1" />
                        <Entry name="$ControllerName" value="ASUS" />
                        <Entry name="$AgentName" value="ASUS" />
                        <Entry name="$TestLogsDir" value="C:\Documents and Settings\ASUS X82Q SERIES\My Documents\Visual Studio 2008\Projects\TestProject\TestResults\ASUS X82Q SERIES_ASUS 2010-11-23 21_08_28\In\ASUS" />
                        <Entry name="$TestDeploymentDir" value="C:\Documents and Settings\ASUS X82Q SERIES\My Documents\Visual Studio 2008\Projects\TestProject\TestResults\ASUS X82Q SERIES_ASUS 2010-11-23 21_08_28\Out" />
                        <Entry name="$AgentId" value="1" />
                        <Entry name="$AgentLoadDistributor" value="Microsoft.VisualStudio.TestTools.Execution.AgentLoadDistributor" />
                        <Entry name="$TestDir" value="C:\Documents and Settings\ASUS X82Q SERIES\My Documents\Visual Studio 2008\Projects\TestProject\TestResults\ASUS X82Q SERIES_ASUS 2010-11-23 21_08_28" />
                        <Entry name="$AgentWeighting" value="100" />
                        <Entry name="$WebTestIteration" value="1" />
                        <Entry name="$WebTestUserId" value="1" />
                      </Context>
                    </WebRequestResult>
                    <WebRequestResult exceptionMessage="" run="0" submitted="true" cached="false" isRedirectFollow="false" requestBodyBytesHandle="-2" responseBytesHandle="51">
                      <Request url="http://localhost/industry/uploads/products/2/1/thumbnails/1_100x0.jpg" command="GET /industry/uploads/products/2/1/thumbnails/1_100x0.jpg HTTP/1.1" encoding="utf-8">
                        <Headers>Referer : http://localhost/industry/trade/sell/index.php?mod=psc2&amp;ipc=1&amp;ipsc1=1
User-Agent : Mozilla/4.0 (compatible; MSIE 7.0; Windows NT 5.1)
Accept : */*
Accept-Language : en-us
Accept-Encoding : GZIP
Host : localhost
Cookie : PHPSESSID=5a0b064b9e2796918842c00f72e52f69; mylang=vietnam
</Headers>
                      </Request>
                      <Response url="http://localhost/industry/uploads/products/2/1/thumbnails/1_100x0.jpg" contentType="image/jpeg" statusLine="HTTP/1.1 200 OK" pageTime="NaN" time="0.01" statusCodeString="200 OK" contentLength="3538">
                        <Headers>Accept-Ranges : bytes
Content-Length : 3538
Content-Type : image/jpeg
Date : Tue, 23 Nov 2010 14:08:32 GMT
ETag : "5b781040-dd2-b6ac3900"
Last-Modified : Thu, 02 Sep 2010 15:46:12 GMT
Server : Apache/2.2.4 (Win32) PHP/5.2.1
</Headers>
                      </Response>
                      <Context>
                        <Entry name="$TotalAgents" value="1" />
                        <Entry name="$ControllerName" value="ASUS" />
                        <Entry name="$AgentName" value="ASUS" />
                        <Entry name="$TestLogsDir" value="C:\Documents and Settings\ASUS X82Q SERIES\My Documents\Visual Studio 2008\Projects\TestProject\TestResults\ASUS X82Q SERIES_ASUS 2010-11-23 21_08_28\In\ASUS" />
                        <Entry name="$TestDeploymentDir" value="C:\Documents and Settings\ASUS X82Q SERIES\My Documents\Visual Studio 2008\Projects\TestProject\TestResults\ASUS X82Q SERIES_ASUS 2010-11-23 21_08_28\Out" />
                        <Entry name="$AgentId" value="1" />
                        <Entry name="$AgentLoadDistributor" value="Microsoft.VisualStudio.TestTools.Execution.AgentLoadDistributor" />
                        <Entry name="$TestDir" value="C:\Documents and Settings\ASUS X82Q SERIES\My Documents\Visual Studio 2008\Projects\TestProject\TestResults\ASUS X82Q SERIES_ASUS 2010-11-23 21_08_28" />
                        <Entry name="$AgentWeighting" value="100" />
                        <Entry name="$WebTestIteration" value="1" />
                        <Entry name="$WebTestUserId" value="1" />
                      </Context>
                    </WebRequestResult>
                    <WebRequestResult exceptionMessage="" run="0" submitted="true" cached="false" isRedirectFollow="false" requestBodyBytesHandle="-2" responseBytesHandle="64">
                      <Request url="http://localhost/industry/Interface/vietnam-icon.png" command="GET /industry/Interface/vietnam-icon.png HTTP/1.1" encoding="utf-8">
                        <Headers>Referer : http://localhost/industry/trade/sell/index.php?mod=psc2&amp;ipc=1&amp;ipsc1=1
User-Agent : Mozilla/4.0 (compatible; MSIE 7.0; Windows NT 5.1)
Accept : */*
Accept-Language : en-us
Accept-Encoding : GZIP
Host : localhost
Cookie : PHPSESSID=5a0b064b9e2796918842c00f72e52f69; mylang=vietnam
</Headers>
                      </Request>
                      <Response url="http://localhost/industry/Interface/vietnam-icon.png" contentType="image/png" statusLine="HTTP/1.1 200 OK" pageTime="NaN" time="0.007" statusCodeString="200 OK" contentLength="2387">
                        <Headers>Accept-Ranges : bytes
Content-Length : 2387
Content-Type : image/png
Date : Tue, 23 Nov 2010 14:08:32 GMT
ETag : "63f09b80-953-b79b1700"
Last-Modified : Mon, 26 Jul 2010 03:09:48 GMT
Server : Apache/2.2.4 (Win32) PHP/5.2.1
</Headers>
                      </Response>
                      <Context>
                        <Entry name="$TotalAgents" value="1" />
                        <Entry name="$ControllerName" value="ASUS" />
                        <Entry name="$AgentName" value="ASUS" />
                        <Entry name="$TestLogsDir" value="C:\Documents and Settings\ASUS X82Q SERIES\My Documents\Visual Studio 2008\Projects\TestProject\TestResults\ASUS X82Q SERIES_ASUS 2010-11-23 21_08_28\In\ASUS" />
                        <Entry name="$TestDeploymentDir" value="C:\Documents and Settings\ASUS X82Q SERIES\My Documents\Visual Studio 2008\Projects\TestProject\TestResults\ASUS X82Q SERIES_ASUS 2010-11-23 21_08_28\Out" />
                        <Entry name="$AgentId" value="1" />
                        <Entry name="$AgentLoadDistributor" value="Microsoft.VisualStudio.TestTools.Execution.AgentLoadDistributor" />
                        <Entry name="$TestDir" value="C:\Documents and Settings\ASUS X82Q SERIES\My Documents\Visual Studio 2008\Projects\TestProject\TestResults\ASUS X82Q SERIES_ASUS 2010-11-23 21_08_28" />
                        <Entry name="$AgentWeighting" value="100" />
                        <Entry name="$WebTestIteration" value="1" />
                        <Entry name="$WebTestUserId" value="1" />
                      </Context>
                    </WebRequestResult>
                    <WebRequestResult exceptionMessage="" run="0" submitted="true" cached="false" isRedirectFollow="false" requestBodyBytesHandle="-2" responseBytesHandle="55">
                      <Request url="http://localhost/industry/uploads/products/2/5/thumbnails/5_100x0.jpg" command="GET /industry/uploads/products/2/5/thumbnails/5_100x0.jpg HTTP/1.1" encoding="utf-8">
                        <Headers>Referer : http://localhost/industry/trade/sell/index.php?mod=psc2&amp;ipc=1&amp;ipsc1=1
User-Agent : Mozilla/4.0 (compatible; MSIE 7.0; Windows NT 5.1)
Accept : */*
Accept-Language : en-us
Accept-Encoding : GZIP
Host : localhost
Cookie : PHPSESSID=5a0b064b9e2796918842c00f72e52f69; mylang=vietnam
</Headers>
                      </Request>
                      <Response url="http://localhost/industry/uploads/products/2/5/thumbnails/5_100x0.jpg" contentType="image/jpeg" statusLine="HTTP/1.1 200 OK" pageTime="NaN" time="0.005" statusCodeString="200 OK" contentLength="2984">
                        <Headers>Accept-Ranges : bytes
Content-Length : 2984
Content-Type : image/jpeg
Date : Tue, 23 Nov 2010 14:08:32 GMT
ETag : "5b709040-ba8-ce653880"
Last-Modified : Thu, 02 Sep 2010 15:52:50 GMT
Server : Apache/2.2.4 (Win32) PHP/5.2.1
</Headers>
                      </Response>
                      <Context>
                        <Entry name="$TotalAgents" value="1" />
                        <Entry name="$ControllerName" value="ASUS" />
                        <Entry name="$AgentName" value="ASUS" />
                        <Entry name="$TestLogsDir" value="C:\Documents and Settings\ASUS X82Q SERIES\My Documents\Visual Studio 2008\Projects\TestProject\TestResults\ASUS X82Q SERIES_ASUS 2010-11-23 21_08_28\In\ASUS" />
                        <Entry name="$TestDeploymentDir" value="C:\Documents and Settings\ASUS X82Q SERIES\My Documents\Visual Studio 2008\Projects\TestProject\TestResults\ASUS X82Q SERIES_ASUS 2010-11-23 21_08_28\Out" />
                        <Entry name="$AgentId" value="1" />
                        <Entry name="$AgentLoadDistributor" value="Microsoft.VisualStudio.TestTools.Execution.AgentLoadDistributor" />
                        <Entry name="$TestDir" value="C:\Documents and Settings\ASUS X82Q SERIES\My Documents\Visual Studio 2008\Projects\TestProject\TestResults\ASUS X82Q SERIES_ASUS 2010-11-23 21_08_28" />
                        <Entry name="$AgentWeighting" value="100" />
                        <Entry name="$WebTestIteration" value="1" />
                        <Entry name="$WebTestUserId" value="1" />
                      </Context>
                    </WebRequestResult>
                    <WebRequestResult exceptionMessage="" run="0" submitted="true" cached="false" isRedirectFollow="false" requestBodyBytesHandle="-2" responseBytesHandle="56">
                      <Request url="http://localhost/industry/uploads/products/2/6/thumbnails/baoho_100x0.jpg" command="GET /industry/uploads/products/2/6/thumbnails/baoho_100x0.jpg HTTP/1.1" encoding="utf-8">
                        <Headers>Referer : http://localhost/industry/trade/sell/index.php?mod=psc2&amp;ipc=1&amp;ipsc1=1
User-Agent : Mozilla/4.0 (compatible; MSIE 7.0; Windows NT 5.1)
Accept : */*
Accept-Language : en-us
Accept-Encoding : GZIP
Host : localhost
Cookie : PHPSESSID=5a0b064b9e2796918842c00f72e52f69; mylang=vietnam
</Headers>
                      </Request>
                      <Response url="http://localhost/industry/uploads/products/2/6/thumbnails/baoho_100x0.jpg" contentType="image/jpeg" statusLine="HTTP/1.1 200 OK" pageTime="NaN" time="0.005" statusCodeString="200 OK" contentLength="3317">
                        <Headers>Accept-Ranges : bytes
Content-Length : 3317
Content-Type : image/jpeg
Date : Tue, 23 Nov 2010 14:08:32 GMT
ETag : "5b6f1080-cf5-d41e1080"
Last-Modified : Thu, 02 Sep 2010 15:54:26 GMT
Server : Apache/2.2.4 (Win32) PHP/5.2.1
</Headers>
                      </Response>
                      <Context>
                        <Entry name="$TotalAgents" value="1" />
                        <Entry name="$ControllerName" value="ASUS" />
                        <Entry name="$AgentName" value="ASUS" />
                        <Entry name="$TestLogsDir" value="C:\Documents and Settings\ASUS X82Q SERIES\My Documents\Visual Studio 2008\Projects\TestProject\TestResults\ASUS X82Q SERIES_ASUS 2010-11-23 21_08_28\In\ASUS" />
                        <Entry name="$TestDeploymentDir" value="C:\Documents and Settings\ASUS X82Q SERIES\My Documents\Visual Studio 2008\Projects\TestProject\TestResults\ASUS X82Q SERIES_ASUS 2010-11-23 21_08_28\Out" />
                        <Entry name="$AgentId" value="1" />
                        <Entry name="$AgentLoadDistributor" value="Microsoft.VisualStudio.TestTools.Execution.AgentLoadDistributor" />
                        <Entry name="$TestDir" value="C:\Documents and Settings\ASUS X82Q SERIES\My Documents\Visual Studio 2008\Projects\TestProject\TestResults\ASUS X82Q SERIES_ASUS 2010-11-23 21_08_28" />
                        <Entry name="$AgentWeighting" value="100" />
                        <Entry name="$WebTestIteration" value="1" />
                        <Entry name="$WebTestUserId" value="1" />
                      </Context>
                    </WebRequestResult>
                    <WebRequestResult exceptionMessage="" run="0" submitted="true" cached="false" isRedirectFollow="false" requestBodyBytesHandle="-2" responseBytesHandle="59">
                      <Request url="http://localhost/industry/uploads/products/1/9/thumbnails/show_image_in_imgtag.php_100x0.jpg" command="GET /industry/uploads/products/1/9/thumbnails/show_image_in_imgtag.php_100x0.jpg HTTP/1.1" encoding="utf-8">
                        <Headers>Referer : http://localhost/industry/trade/sell/index.php?mod=psc2&amp;ipc=1&amp;ipsc1=1
User-Agent : Mozilla/4.0 (compatible; MSIE 7.0; Windows NT 5.1)
Accept : */*
Accept-Language : en-us
Accept-Encoding : GZIP
Host : localhost
Cookie : PHPSESSID=5a0b064b9e2796918842c00f72e52f69; mylang=vietnam
</Headers>
                      </Request>
                      <Response url="http://localhost/industry/uploads/products/1/9/thumbnails/show_image_in_imgtag.php_100x0.jpg" contentType="image/jpeg" statusLine="HTTP/1.1 200 OK" pageTime="NaN" time="0.005" statusCodeString="200 OK" contentLength="3556">
                        <Headers>Accept-Ranges : bytes
Content-Length : 3556
Content-Type : image/jpeg
Date : Tue, 23 Nov 2010 14:08:32 GMT
ETag : "5b7a10a0-de4-a6eb1f80"
Last-Modified : Fri, 03 Sep 2010 16:45:02 GMT
Server : Apache/2.2.4 (Win32) PHP/5.2.1
</Headers>
                      </Response>
                      <Context>
                        <Entry name="$TotalAgents" value="1" />
                        <Entry name="$ControllerName" value="ASUS" />
                        <Entry name="$AgentName" value="ASUS" />
                        <Entry name="$TestLogsDir" value="C:\Documents and Settings\ASUS X82Q SERIES\My Documents\Visual Studio 2008\Projects\TestProject\TestResults\ASUS X82Q SERIES_ASUS 2010-11-23 21_08_28\In\ASUS" />
                        <Entry name="$TestDeploymentDir" value="C:\Documents and Settings\ASUS X82Q SERIES\My Documents\Visual Studio 2008\Projects\TestProject\TestResults\ASUS X82Q SERIES_ASUS 2010-11-23 21_08_28\Out" />
                        <Entry name="$AgentId" value="1" />
                        <Entry name="$AgentLoadDistributor" value="Microsoft.VisualStudio.TestTools.Execution.AgentLoadDistributor" />
                        <Entry name="$TestDir" value="C:\Documents and Settings\ASUS X82Q SERIES\My Documents\Visual Studio 2008\Projects\TestProject\TestResults\ASUS X82Q SERIES_ASUS 2010-11-23 21_08_28" />
                        <Entry name="$AgentWeighting" value="100" />
                        <Entry name="$WebTestIteration" value="1" />
                        <Entry name="$WebTestUserId" value="1" />
                      </Context>
                    </WebRequestResult>
                    <WebRequestResult exceptionMessage="" run="0" submitted="true" cached="false" isRedirectFollow="false" requestBodyBytesHandle="-2" responseBytesHandle="58">
                      <Request url="http://localhost/industry/Interface/icon_3.gif" command="GET /industry/Interface/icon_3.gif HTTP/1.1" encoding="utf-8">
                        <Headers>Referer : http://localhost/industry/trade/sell/index.php?mod=psc2&amp;ipc=1&amp;ipsc1=1
User-Agent : Mozilla/4.0 (compatible; MSIE 7.0; Windows NT 5.1)
Accept : */*
Accept-Language : en-us
Accept-Encoding : GZIP
Host : localhost
Cookie : PHPSESSID=5a0b064b9e2796918842c00f72e52f69; mylang=vietnam
</Headers>
                      </Request>
                      <Response url="http://localhost/industry/Interface/icon_3.gif" contentType="image/gif" statusLine="HTTP/1.1 200 OK" pageTime="NaN" time="0.004" statusCodeString="200 OK" contentLength="721">
                        <Headers>Accept-Ranges : bytes
Content-Length : 721
Content-Type : image/gif
Date : Tue, 23 Nov 2010 14:08:32 GMT
ETag : "63f093a0-2d1-75118f00"
Last-Modified : Tue, 03 Aug 2010 18:26:36 GMT
Server : Apache/2.2.4 (Win32) PHP/5.2.1
</Headers>
                      </Response>
                      <Context>
                        <Entry name="$TotalAgents" value="1" />
                        <Entry name="$ControllerName" value="ASUS" />
                        <Entry name="$AgentName" value="ASUS" />
                        <Entry name="$TestLogsDir" value="C:\Documents and Settings\ASUS X82Q SERIES\My Documents\Visual Studio 2008\Projects\TestProject\TestResults\ASUS X82Q SERIES_ASUS 2010-11-23 21_08_28\In\ASUS" />
                        <Entry name="$TestDeploymentDir" value="C:\Documents and Settings\ASUS X82Q SERIES\My Documents\Visual Studio 2008\Projects\TestProject\TestResults\ASUS X82Q SERIES_ASUS 2010-11-23 21_08_28\Out" />
                        <Entry name="$AgentId" value="1" />
                        <Entry name="$AgentLoadDistributor" value="Microsoft.VisualStudio.TestTools.Execution.AgentLoadDistributor" />
                        <Entry name="$TestDir" value="C:\Documents and Settings\ASUS X82Q SERIES\My Documents\Visual Studio 2008\Projects\TestProject\TestResults\ASUS X82Q SERIES_ASUS 2010-11-23 21_08_28" />
                        <Entry name="$AgentWeighting" value="100" />
                        <Entry name="$WebTestIteration" value="1" />
                        <Entry name="$WebTestUserId" value="1" />
                      </Context>
                    </WebRequestResult>
                    <WebRequestResult exceptionMessage="" run="0" submitted="true" cached="false" isRedirectFollow="false" requestBodyBytesHandle="-2" responseBytesHandle="60">
                      <Request url="http://localhost/industry/uploads/products/1/10/thumbnails/show_image_in_imgtag.php%20(1)_1_100x0.jpg" command="GET /industry/uploads/products/1/10/thumbnails/show_image_in_imgtag.php%20(1)_1_100x0.jpg HTTP/1.1" encoding="utf-8">
                        <Headers>Referer : http://localhost/industry/trade/sell/index.php?mod=psc2&amp;ipc=1&amp;ipsc1=1
User-Agent : Mozilla/4.0 (compatible; MSIE 7.0; Windows NT 5.1)
Accept : */*
Accept-Language : en-us
Accept-Encoding : GZIP
Host : localhost
Cookie : PHPSESSID=5a0b064b9e2796918842c00f72e52f69; mylang=vietnam
</Headers>
                      </Request>
                      <Response url="http://localhost/industry/uploads/products/1/10/thumbnails/show_image_in_imgtag.php%20(1)_1_100x0.jpg" contentType="image/jpeg" statusLine="HTTP/1.1 200 OK" pageTime="NaN" time="0.004" statusCodeString="200 OK" contentLength="2937">
                        <Headers>Accept-Ranges : bytes
Content-Length : 2937
Content-Type : image/jpeg
Date : Tue, 23 Nov 2010 14:08:32 GMT
ETag : "5b7d10c0-b79-29cf6c80"
Last-Modified : Fri, 03 Sep 2010 17:21:38 GMT
Server : Apache/2.2.4 (Win32) PHP/5.2.1
</Headers>
                      </Response>
                      <Context>
                        <Entry name="$TotalAgents" value="1" />
                        <Entry name="$ControllerName" value="ASUS" />
                        <Entry name="$AgentName" value="ASUS" />
                        <Entry name="$TestLogsDir" value="C:\Documents and Settings\ASUS X82Q SERIES\My Documents\Visual Studio 2008\Projects\TestProject\TestResults\ASUS X82Q SERIES_ASUS 2010-11-23 21_08_28\In\ASUS" />
                        <Entry name="$TestDeploymentDir" value="C:\Documents and Settings\ASUS X82Q SERIES\My Documents\Visual Studio 2008\Projects\TestProject\TestResults\ASUS X82Q SERIES_ASUS 2010-11-23 21_08_28\Out" />
                        <Entry name="$AgentId" value="1" />
                        <Entry name="$AgentLoadDistributor" value="Microsoft.VisualStudio.TestTools.Execution.AgentLoadDistributor" />
                        <Entry name="$TestDir" value="C:\Documents and Settings\ASUS X82Q SERIES\My Documents\Visual Studio 2008\Projects\TestProject\TestResults\ASUS X82Q SERIES_ASUS 2010-11-23 21_08_28" />
                        <Entry name="$AgentWeighting" value="100" />
                        <Entry name="$WebTestIteration" value="1" />
                        <Entry name="$WebTestUserId" value="1" />
                      </Context>
                    </WebRequestResult>
                  </DependantResults>
                  <ValidationRuleResults>
                    <ValidationRuleResult message="Passed" ruleType="Validation" name="Response URL" />
                  </ValidationRuleResults>
                </WebRequestResult>
              </WebTestResultPage>
              <WebTestResultPage>
                <WebRequestResult exceptionMessage="" run="0" submitted="true" cached="false" isRedirectFollow="false" requestBodyBytesHandle="-2" responseBytesHandle="67">
                  <Request url="http://localhost/industry/trade/sell/index.php?mod=psc3&amp;ipc=1&amp;ipsc1=1&amp;ipsc2=1" command="GET /industry/trade/sell/index.php?mod=psc3&amp;ipc=1&amp;ipsc1=1&amp;ipsc2=1 HTTP/1.1" encoding="utf-8">
                    <Headers>User-Agent : Mozilla/4.0 (compatible; MSIE 7.0; Windows NT 5.1)
Accept : */*
Accept-Language : en-us
Accept-Encoding : GZIP
Host : localhost
Cookie : PHPSESSID=5a0b064b9e2796918842c00f72e52f69; mylang=vietnam
</Headers>
                  </Request>
                  <Response url="http://localhost/industry/trade/sell/index.php?mod=psc3&amp;ipc=1&amp;ipsc1=1&amp;ipsc2=1" contentType="text/html; charset=utf-8" statusLine="HTTP/1.1 200 OK" pageTime="0.628" time="0.472" statusCodeString="200 OK" contentLength="22001">
                    <Headers>Pragma : no-cache
Transfer-Encoding : chunked
Cache-Control : no-store, no-cache, must-revalidate, post-check=0, pre-check=0
Content-Type : text/html; charset:utf-8
Date : Tue, 23 Nov 2010 14:08:32 GMT
Expires : Thu, 19 Nov 1981 08:52:00 GMT
Set-Cookie : mylang=vietnam; expires=Tue, 30-Nov-2010 14:08:32 GMT; path=/
Server : Apache/2.2.4 (Win32) PHP/5.2.1
X-Powered-By : PHP/5.2.1
</Headers>
                  </Response>
                  <Context>
                    <Entry name="$TotalAgents" value="1" />
                    <Entry name="$ControllerName" value="ASUS" />
                    <Entry name="$AgentName" value="ASUS" />
                    <Entry name="$TestLogsDir" value="C:\Documents and Settings\ASUS X82Q SERIES\My Documents\Visual Studio 2008\Projects\TestProject\TestResults\ASUS X82Q SERIES_ASUS 2010-11-23 21_08_28\In\ASUS" />
                    <Entry name="$TestDeploymentDir" value="C:\Documents and Settings\ASUS X82Q SERIES\My Documents\Visual Studio 2008\Projects\TestProject\TestResults\ASUS X82Q SERIES_ASUS 2010-11-23 21_08_28\Out" />
                    <Entry name="$AgentId" value="1" />
                    <Entry name="$AgentLoadDistributor" value="Microsoft.VisualStudio.TestTools.Execution.AgentLoadDistributor" />
                    <Entry name="$TestDir" value="C:\Documents and Settings\ASUS X82Q SERIES\My Documents\Visual Studio 2008\Projects\TestProject\TestResults\ASUS X82Q SERIES_ASUS 2010-11-23 21_08_28" />
                    <Entry name="$AgentWeighting" value="100" />
                    <Entry name="$WebTestIteration" value="1" />
                    <Entry name="$WebTestUserId" value="1" />
                  </Context>
                  <DependantResults>
                    <WebRequestResult exceptionMessage="" run="0" submitted="true" cached="false" isRedirectFollow="false" requestBodyBytesHandle="-2" responseBytesHandle="2">
                      <Request url="http://localhost/industry/library/CSS/style_menu.css" command="GET /industry/library/CSS/style_menu.css HTTP/1.1" encoding="utf-8">
                        <Headers>Referer : http://localhost/industry/trade/sell/index.php?mod=psc3&amp;ipc=1&amp;ipsc1=1&amp;ipsc2=1
User-Agent : Mozilla/4.0 (compatible; MSIE 7.0; Windows NT 5.1)
Accept : */*
Accept-Language : en-us
Accept-Encoding : GZIP
Host : localhost
Cookie : PHPSESSID=5a0b064b9e2796918842c00f72e52f69; mylang=vietnam
</Headers>
                      </Request>
                      <Response url="http://localhost/industry/library/CSS/style_menu.css" contentType="text/css" statusLine="HTTP/1.1 200 OK" pageTime="NaN" time="0.006" statusCodeString="200 OK" contentLength="1103">
                        <Headers>Accept-Ranges : bytes
Content-Length : 1103
Content-Type : text/css
Date : Tue, 23 Nov 2010 14:08:32 GMT
ETag : "641553c0-44f-9c443c00"
Last-Modified : Fri, 27 Aug 2010 12:54:08 GMT
Server : Apache/2.2.4 (Win32) PHP/5.2.1
</Headers>
                      </Response>
                      <Context>
                        <Entry name="$TotalAgents" value="1" />
                        <Entry name="$ControllerName" value="ASUS" />
                        <Entry name="$AgentName" value="ASUS" />
                        <Entry name="$TestLogsDir" value="C:\Documents and Settings\ASUS X82Q SERIES\My Documents\Visual Studio 2008\Projects\TestProject\TestResults\ASUS X82Q SERIES_ASUS 2010-11-23 21_08_28\In\ASUS" />
                        <Entry name="$TestDeploymentDir" value="C:\Documents and Settings\ASUS X82Q SERIES\My Documents\Visual Studio 2008\Projects\TestProject\TestResults\ASUS X82Q SERIES_ASUS 2010-11-23 21_08_28\Out" />
                        <Entry name="$AgentId" value="1" />
                        <Entry name="$AgentLoadDistributor" value="Microsoft.VisualStudio.TestTools.Execution.AgentLoadDistributor" />
                        <Entry name="$TestDir" value="C:\Documents and Settings\ASUS X82Q SERIES\My Documents\Visual Studio 2008\Projects\TestProject\TestResults\ASUS X82Q SERIES_ASUS 2010-11-23 21_08_28" />
                        <Entry name="$AgentWeighting" value="100" />
                        <Entry name="$WebTestIteration" value="1" />
                        <Entry name="$WebTestUserId" value="1" />
                      </Context>
                    </WebRequestResult>
                    <WebRequestResult exceptionMessage="" run="0" submitted="true" cached="false" isRedirectFollow="false" requestBodyBytesHandle="-2" responseBytesHandle="1">
                      <Request url="http://localhost/industry/library/CSS/style.css" command="GET /industry/library/CSS/style.css HTTP/1.1" encoding="utf-8">
                        <Headers>Referer : http://localhost/industry/trade/sell/index.php?mod=psc3&amp;ipc=1&amp;ipsc1=1&amp;ipsc2=1
User-Agent : Mozilla/4.0 (compatible; MSIE 7.0; Windows NT 5.1)
Accept : */*
Accept-Language : en-us
Accept-Encoding : GZIP
Host : localhost
Cookie : PHPSESSID=5a0b064b9e2796918842c00f72e52f69; mylang=vietnam
</Headers>
                      </Request>
                      <Response url="http://localhost/industry/library/CSS/style.css" contentType="text/css" statusLine="HTTP/1.1 200 OK" pageTime="NaN" time="0.009" statusCodeString="200 OK" contentLength="9991">
                        <Headers>Accept-Ranges : bytes
Content-Length : 9991
Content-Type : text/css
Date : Tue, 23 Nov 2010 14:08:32 GMT
ETag : "64155240-2707-e0400a80"
Last-Modified : Fri, 24 Sep 2010 18:52:10 GMT
Server : Apache/2.2.4 (Win32) PHP/5.2.1
</Headers>
                      </Response>
                      <Context>
                        <Entry name="$TotalAgents" value="1" />
                        <Entry name="$ControllerName" value="ASUS" />
                        <Entry name="$AgentName" value="ASUS" />
                        <Entry name="$TestLogsDir" value="C:\Documents and Settings\ASUS X82Q SERIES\My Documents\Visual Studio 2008\Projects\TestProject\TestResults\ASUS X82Q SERIES_ASUS 2010-11-23 21_08_28\In\ASUS" />
                        <Entry name="$TestDeploymentDir" value="C:\Documents and Settings\ASUS X82Q SERIES\My Documents\Visual Studio 2008\Projects\TestProject\TestResults\ASUS X82Q SERIES_ASUS 2010-11-23 21_08_28\Out" />
                        <Entry name="$AgentId" value="1" />
                        <Entry name="$AgentLoadDistributor" value="Microsoft.VisualStudio.TestTools.Execution.AgentLoadDistributor" />
                        <Entry name="$TestDir" value="C:\Documents and Settings\ASUS X82Q SERIES\My Documents\Visual Studio 2008\Projects\TestProject\TestResults\ASUS X82Q SERIES_ASUS 2010-11-23 21_08_28" />
                        <Entry name="$AgentWeighting" value="100" />
                        <Entry name="$WebTestIteration" value="1" />
                        <Entry name="$WebTestUserId" value="1" />
                      </Context>
                    </WebRequestResult>
                    <WebRequestResult exceptionMessage="" run="0" submitted="true" cached="false" isRedirectFollow="false" requestBodyBytesHandle="-2" responseBytesHandle="44">
                      <Request url="http://localhost/industry/library/CSS/style_buy_sale.css" command="GET /industry/library/CSS/style_buy_sale.css HTTP/1.1" encoding="utf-8">
                        <Headers>Referer : http://localhost/industry/trade/sell/index.php?mod=psc3&amp;ipc=1&amp;ipsc1=1&amp;ipsc2=1
User-Agent : Mozilla/4.0 (compatible; MSIE 7.0; Windows NT 5.1)
Accept : */*
Accept-Language : en-us
Accept-Encoding : GZIP
Host : localhost
Cookie : PHPSESSID=5a0b064b9e2796918842c00f72e52f69; mylang=vietnam
</Headers>
                      </Request>
                      <Response url="http://localhost/industry/library/CSS/style_buy_sale.css" contentType="text/css" statusLine="HTTP/1.1 200 OK" pageTime="NaN" time="0.007" statusCodeString="200 OK" contentLength="4307">
                        <Headers>Accept-Ranges : bytes
Content-Length : 4307
Content-Type : text/css
Date : Tue, 23 Nov 2010 14:08:32 GMT
ETag : "641552a0-10d3-f8823c00"
Last-Modified : Mon, 20 Sep 2010 05:13:20 GMT
Server : Apache/2.2.4 (Win32) PHP/5.2.1
</Headers>
                      </Response>
                      <Context>
                        <Entry name="$TotalAgents" value="1" />
                        <Entry name="$ControllerName" value="ASUS" />
                        <Entry name="$AgentName" value="ASUS" />
                        <Entry name="$TestLogsDir" value="C:\Documents and Settings\ASUS X82Q SERIES\My Documents\Visual Studio 2008\Projects\TestProject\TestResults\ASUS X82Q SERIES_ASUS 2010-11-23 21_08_28\In\ASUS" />
                        <Entry name="$TestDeploymentDir" value="C:\Documents and Settings\ASUS X82Q SERIES\My Documents\Visual Studio 2008\Projects\TestProject\TestResults\ASUS X82Q SERIES_ASUS 2010-11-23 21_08_28\Out" />
                        <Entry name="$AgentId" value="1" />
                        <Entry name="$AgentLoadDistributor" value="Microsoft.VisualStudio.TestTools.Execution.AgentLoadDistributor" />
                        <Entry name="$TestDir" value="C:\Documents and Settings\ASUS X82Q SERIES\My Documents\Visual Studio 2008\Projects\TestProject\TestResults\ASUS X82Q SERIES_ASUS 2010-11-23 21_08_28" />
                        <Entry name="$AgentWeighting" value="100" />
                        <Entry name="$WebTestIteration" value="1" />
                        <Entry name="$WebTestUserId" value="1" />
                      </Context>
                    </WebRequestResult>
                    <WebRequestResult exceptionMessage="" run="0" submitted="true" cached="false" isRedirectFollow="false" requestBodyBytesHandle="-2" responseBytesHandle="43">
                      <Request url="http://localhost/industry/library/CSS/style-slide.css" command="GET /industry/library/CSS/style-slide.css HTTP/1.1" encoding="utf-8">
                        <Headers>Referer : http://localhost/industry/trade/sell/index.php?mod=psc3&amp;ipc=1&amp;ipsc1=1&amp;ipsc2=1
User-Agent : Mozilla/4.0 (compatible; MSIE 7.0; Windows NT 5.1)
Accept : */*
Accept-Language : en-us
Accept-Encoding : GZIP
Host : localhost
Cookie : PHPSESSID=5a0b064b9e2796918842c00f72e52f69; mylang=vietnam
</Headers>
                      </Request>
                      <Response url="http://localhost/industry/library/CSS/style-slide.css" contentType="text/css" statusLine="HTTP/1.1 200 OK" pageTime="NaN" time="0.007" statusCodeString="200 OK" contentLength="1629">
                        <Headers>Accept-Ranges : bytes
Content-Length : 1629
Content-Type : text/css
Date : Tue, 23 Nov 2010 14:08:32 GMT
ETag : "64155220-65d-d44b7f00"
Last-Modified : Fri, 27 Aug 2010 13:09:48 GMT
Server : Apache/2.2.4 (Win32) PHP/5.2.1
</Headers>
                      </Response>
                      <Context>
                        <Entry name="$TotalAgents" value="1" />
                        <Entry name="$ControllerName" value="ASUS" />
                        <Entry name="$AgentName" value="ASUS" />
                        <Entry name="$TestLogsDir" value="C:\Documents and Settings\ASUS X82Q SERIES\My Documents\Visual Studio 2008\Projects\TestProject\TestResults\ASUS X82Q SERIES_ASUS 2010-11-23 21_08_28\In\ASUS" />
                        <Entry name="$TestDeploymentDir" value="C:\Documents and Settings\ASUS X82Q SERIES\My Documents\Visual Studio 2008\Projects\TestProject\TestResults\ASUS X82Q SERIES_ASUS 2010-11-23 21_08_28\Out" />
                        <Entry name="$AgentId" value="1" />
                        <Entry name="$AgentLoadDistributor" value="Microsoft.VisualStudio.TestTools.Execution.AgentLoadDistributor" />
                        <Entry name="$TestDir" value="C:\Documents and Settings\ASUS X82Q SERIES\My Documents\Visual Studio 2008\Projects\TestProject\TestResults\ASUS X82Q SERIES_ASUS 2010-11-23 21_08_28" />
                        <Entry name="$AgentWeighting" value="100" />
                        <Entry name="$WebTestIteration" value="1" />
                        <Entry name="$WebTestUserId" value="1" />
                      </Context>
                    </WebRequestResult>
                    <WebRequestResult exceptionMessage="" run="0" submitted="true" cached="false" isRedirectFollow="false" requestBodyBytesHandle="-2" responseBytesHandle="8">
                      <Request url="http://localhost/industry/library/js/script.js" command="GET /industry/library/js/script.js HTTP/1.1" encoding="utf-8">
                        <Headers>Referer : http://localhost/industry/trade/sell/index.php?mod=psc3&amp;ipc=1&amp;ipsc1=1&amp;ipsc2=1
User-Agent : Mozilla/4.0 (compatible; MSIE 7.0; Windows NT 5.1)
Accept : */*
Accept-Language : en-us
Accept-Encoding : GZIP
Host : localhost
Cookie : PHPSESSID=5a0b064b9e2796918842c00f72e52f69; mylang=vietnam
</Headers>
                      </Request>
                      <Response url="http://localhost/industry/library/js/script.js" contentType="application/x-javascript" statusLine="HTTP/1.1 200 OK" pageTime="NaN" time="0.007" statusCodeString="200 OK" contentLength="403">
                        <Headers>Accept-Ranges : bytes
Content-Length : 403
Content-Type : application/x-javascript
Date : Tue, 23 Nov 2010 14:08:32 GMT
ETag : "640c1340-193-56ac8480"
Last-Modified : Tue, 27 Jul 2010 06:09:06 GMT
Server : Apache/2.2.4 (Win32) PHP/5.2.1
</Headers>
                      </Response>
                      <Context>
                        <Entry name="$TotalAgents" value="1" />
                        <Entry name="$ControllerName" value="ASUS" />
                        <Entry name="$AgentName" value="ASUS" />
                        <Entry name="$TestLogsDir" value="C:\Documents and Settings\ASUS X82Q SERIES\My Documents\Visual Studio 2008\Projects\TestProject\TestResults\ASUS X82Q SERIES_ASUS 2010-11-23 21_08_28\In\ASUS" />
                        <Entry name="$TestDeploymentDir" value="C:\Documents and Settings\ASUS X82Q SERIES\My Documents\Visual Studio 2008\Projects\TestProject\TestResults\ASUS X82Q SERIES_ASUS 2010-11-23 21_08_28\Out" />
                        <Entry name="$AgentId" value="1" />
                        <Entry name="$AgentLoadDistributor" value="Microsoft.VisualStudio.TestTools.Execution.AgentLoadDistributor" />
                        <Entry name="$TestDir" value="C:\Documents and Settings\ASUS X82Q SERIES\My Documents\Visual Studio 2008\Projects\TestProject\TestResults\ASUS X82Q SERIES_ASUS 2010-11-23 21_08_28" />
                        <Entry name="$AgentWeighting" value="100" />
                        <Entry name="$WebTestIteration" value="1" />
                        <Entry name="$WebTestUserId" value="1" />
                      </Context>
                    </WebRequestResult>
                    <WebRequestResult exceptionMessage="" run="0" submitted="true" cached="false" isRedirectFollow="false" requestBodyBytesHandle="-2" responseBytesHandle="11">
                      <Request url="http://localhost/industry/library/js/jquery_menu.js" command="GET /industry/library/js/jquery_menu.js HTTP/1.1" encoding="utf-8">
                        <Headers>Referer : http://localhost/industry/trade/sell/index.php?mod=psc3&amp;ipc=1&amp;ipsc1=1&amp;ipsc2=1
User-Agent : Mozilla/4.0 (compatible; MSIE 7.0; Windows NT 5.1)
Accept : */*
Accept-Language : en-us
Accept-Encoding : GZIP
Host : localhost
Cookie : PHPSESSID=5a0b064b9e2796918842c00f72e52f69; mylang=vietnam
</Headers>
                      </Request>
                      <Response url="http://localhost/industry/library/js/jquery_menu.js" contentType="application/x-javascript" statusLine="HTTP/1.1 200 OK" pageTime="NaN" time="0.064" statusCodeString="200 OK" contentLength="57170">
                        <Headers>X-Pad : avoid browser bug
Accept-Ranges : bytes
Content-Length : 57170
Content-Type : application/x-javascript
Date : Tue, 23 Nov 2010 14:08:32 GMT
ETag : "640c1260-df52-984af280"
Last-Modified : Tue, 27 Jul 2010 02:52:42 GMT
Server : Apache/2.2.4 (Win32) PHP/5.2.1
</Headers>
                      </Response>
                      <Context>
                        <Entry name="$TotalAgents" value="1" />
                        <Entry name="$ControllerName" value="ASUS" />
                        <Entry name="$AgentName" value="ASUS" />
                        <Entry name="$TestLogsDir" value="C:\Documents and Settings\ASUS X82Q SERIES\My Documents\Visual Studio 2008\Projects\TestProject\TestResults\ASUS X82Q SERIES_ASUS 2010-11-23 21_08_28\In\ASUS" />
                        <Entry name="$TestDeploymentDir" value="C:\Documents and Settings\ASUS X82Q SERIES\My Documents\Visual Studio 2008\Projects\TestProject\TestResults\ASUS X82Q SERIES_ASUS 2010-11-23 21_08_28\Out" />
                        <Entry name="$AgentId" value="1" />
                        <Entry name="$AgentLoadDistributor" value="Microsoft.VisualStudio.TestTools.Execution.AgentLoadDistributor" />
                        <Entry name="$TestDir" value="C:\Documents and Settings\ASUS X82Q SERIES\My Documents\Visual Studio 2008\Projects\TestProject\TestResults\ASUS X82Q SERIES_ASUS 2010-11-23 21_08_28" />
                        <Entry name="$AgentWeighting" value="100" />
                        <Entry name="$WebTestIteration" value="1" />
                        <Entry name="$WebTestUserId" value="1" />
                      </Context>
                    </WebRequestResult>
                    <WebRequestResult exceptionMessage="" run="0" submitted="true" cached="false" isRedirectFollow="false" requestBodyBytesHandle="-2" responseBytesHandle="45">
                      <Request url="http://localhost/industry/library/js/jquery.js" command="GET /industry/library/js/jquery.js HTTP/1.1" encoding="utf-8">
                        <Headers>Referer : http://localhost/industry/trade/sell/index.php?mod=psc3&amp;ipc=1&amp;ipsc1=1&amp;ipsc2=1
User-Agent : Mozilla/4.0 (compatible; MSIE 7.0; Windows NT 5.1)
Accept : */*
Accept-Language : en-us
Accept-Encoding : GZIP
Host : localhost
Cookie : PHPSESSID=5a0b064b9e2796918842c00f72e52f69; mylang=vietnam
</Headers>
                      </Request>
                      <Response url="http://localhost/industry/library/js/jquery.js" contentType="application/x-javascript" statusLine="HTTP/1.1 200 OK" pageTime="NaN" time="0.061" statusCodeString="200 OK" contentLength="50783">
                        <Headers>X-Pad : avoid browser bug
Accept-Ranges : bytes
Content-Length : 50783
Content-Type : application/x-javascript
Date : Tue, 23 Nov 2010 14:08:32 GMT
ETag : "640c11c0-c65f-f7d5c480"
Last-Modified : Fri, 06 Aug 2010 16:14:58 GMT
Server : Apache/2.2.4 (Win32) PHP/5.2.1
</Headers>
                      </Response>
                      <Context>
                        <Entry name="$TotalAgents" value="1" />
                        <Entry name="$ControllerName" value="ASUS" />
                        <Entry name="$AgentName" value="ASUS" />
                        <Entry name="$TestLogsDir" value="C:\Documents and Settings\ASUS X82Q SERIES\My Documents\Visual Studio 2008\Projects\TestProject\TestResults\ASUS X82Q SERIES_ASUS 2010-11-23 21_08_28\In\ASUS" />
                        <Entry name="$TestDeploymentDir" value="C:\Documents and Settings\ASUS X82Q SERIES\My Documents\Visual Studio 2008\Projects\TestProject\TestResults\ASUS X82Q SERIES_ASUS 2010-11-23 21_08_28\Out" />
                        <Entry name="$AgentId" value="1" />
                        <Entry name="$AgentLoadDistributor" value="Microsoft.VisualStudio.TestTools.Execution.AgentLoadDistributor" />
                        <Entry name="$TestDir" value="C:\Documents and Settings\ASUS X82Q SERIES\My Documents\Visual Studio 2008\Projects\TestProject\TestResults\ASUS X82Q SERIES_ASUS 2010-11-23 21_08_28" />
                        <Entry name="$AgentWeighting" value="100" />
                        <Entry name="$WebTestIteration" value="1" />
                        <Entry name="$WebTestUserId" value="1" />
                      </Context>
                    </WebRequestResult>
                    <WebRequestResult exceptionMessage="" run="0" submitted="true" cached="false" isRedirectFollow="false" requestBodyBytesHandle="-2" responseBytesHandle="46">
                      <Request url="http://localhost/industry/library/js/jcarousellite.js" command="GET /industry/library/js/jcarousellite.js HTTP/1.1" encoding="utf-8">
                        <Headers>Referer : http://localhost/industry/trade/sell/index.php?mod=psc3&amp;ipc=1&amp;ipsc1=1&amp;ipsc2=1
User-Agent : Mozilla/4.0 (compatible; MSIE 7.0; Windows NT 5.1)
Accept : */*
Accept-Language : en-us
Accept-Encoding : GZIP
Host : localhost
Cookie : PHPSESSID=5a0b064b9e2796918842c00f72e52f69; mylang=vietnam
</Headers>
                      </Request>
                      <Response url="http://localhost/industry/library/js/jcarousellite.js" contentType="application/x-javascript" statusLine="HTTP/1.1 200 OK" pageTime="NaN" time="0.008" statusCodeString="200 OK" contentLength="114">
                        <Headers>Accept-Ranges : bytes
Content-Length : 114
Content-Type : application/x-javascript
Date : Tue, 23 Nov 2010 14:08:32 GMT
ETag : "640c1140-72-d8661c00"
Last-Modified : Sat, 07 Aug 2010 13:34:40 GMT
Server : Apache/2.2.4 (Win32) PHP/5.2.1
</Headers>
                      </Response>
                      <Context>
                        <Entry name="$TotalAgents" value="1" />
                        <Entry name="$ControllerName" value="ASUS" />
                        <Entry name="$AgentName" value="ASUS" />
                        <Entry name="$TestLogsDir" value="C:\Documents and Settings\ASUS X82Q SERIES\My Documents\Visual Studio 2008\Projects\TestProject\TestResults\ASUS X82Q SERIES_ASUS 2010-11-23 21_08_28\In\ASUS" />
                        <Entry name="$TestDeploymentDir" value="C:\Documents and Settings\ASUS X82Q SERIES\My Documents\Visual Studio 2008\Projects\TestProject\TestResults\ASUS X82Q SERIES_ASUS 2010-11-23 21_08_28\Out" />
                        <Entry name="$AgentId" value="1" />
                        <Entry name="$AgentLoadDistributor" value="Microsoft.VisualStudio.TestTools.Execution.AgentLoadDistributor" />
                        <Entry name="$TestDir" value="C:\Documents and Settings\ASUS X82Q SERIES\My Documents\Visual Studio 2008\Projects\TestProject\TestResults\ASUS X82Q SERIES_ASUS 2010-11-23 21_08_28" />
                        <Entry name="$AgentWeighting" value="100" />
                        <Entry name="$WebTestIteration" value="1" />
                        <Entry name="$WebTestUserId" value="1" />
                      </Context>
                    </WebRequestResult>
                    <WebRequestResult exceptionMessage="" run="0" submitted="true" cached="false" isRedirectFollow="false" requestBodyBytesHandle="-2" responseBytesHandle="15">
                      <Request url="http://localhost/industry/interface/search.jpg" command="GET /industry/interface/search.jpg HTTP/1.1" encoding="utf-8">
                        <Headers>Referer : http://localhost/industry/trade/sell/index.php?mod=psc3&amp;ipc=1&amp;ipsc1=1&amp;ipsc2=1
User-Agent : Mozilla/4.0 (compatible; MSIE 7.0; Windows NT 5.1)
Accept : */*
Accept-Language : en-us
Accept-Encoding : GZIP
Host : localhost
Cookie : PHPSESSID=5a0b064b9e2796918842c00f72e52f69; mylang=vietnam
</Headers>
                      </Request>
                      <Response url="http://localhost/industry/interface/search.jpg" contentType="image/jpeg" statusLine="HTTP/1.1 200 OK" pageTime="NaN" time="0.005" statusCodeString="200 OK" contentLength="1525">
                        <Headers>Accept-Ranges : bytes
Content-Length : 1525
Content-Type : image/jpeg
Date : Tue, 23 Nov 2010 14:08:32 GMT
ETag : "63f09960-5f5-160fc780"
Last-Modified : Sun, 25 Jul 2010 16:51:58 GMT
Server : Apache/2.2.4 (Win32) PHP/5.2.1
</Headers>
                      </Response>
                      <Context>
                        <Entry name="$TotalAgents" value="1" />
                        <Entry name="$ControllerName" value="ASUS" />
                        <Entry name="$AgentName" value="ASUS" />
                        <Entry name="$TestLogsDir" value="C:\Documents and Settings\ASUS X82Q SERIES\My Documents\Visual Studio 2008\Projects\TestProject\TestResults\ASUS X82Q SERIES_ASUS 2010-11-23 21_08_28\In\ASUS" />
                        <Entry name="$TestDeploymentDir" value="C:\Documents and Settings\ASUS X82Q SERIES\My Documents\Visual Studio 2008\Projects\TestProject\TestResults\ASUS X82Q SERIES_ASUS 2010-11-23 21_08_28\Out" />
                        <Entry name="$AgentId" value="1" />
                        <Entry name="$AgentLoadDistributor" value="Microsoft.VisualStudio.TestTools.Execution.AgentLoadDistributor" />
                        <Entry name="$TestDir" value="C:\Documents and Settings\ASUS X82Q SERIES\My Documents\Visual Studio 2008\Projects\TestProject\TestResults\ASUS X82Q SERIES_ASUS 2010-11-23 21_08_28" />
                        <Entry name="$AgentWeighting" value="100" />
                        <Entry name="$WebTestIteration" value="1" />
                        <Entry name="$WebTestUserId" value="1" />
                      </Context>
                    </WebRequestResult>
                    <WebRequestResult exceptionMessage="" run="0" submitted="true" cached="false" isRedirectFollow="false" requestBodyBytesHandle="-2" responseBytesHandle="33">
                      <Request url="http://localhost/industry/Interface/reg_1.jpg" command="GET /industry/Interface/reg_1.jpg HTTP/1.1" encoding="utf-8">
                        <Headers>Referer : http://localhost/industry/trade/sell/index.php?mod=psc3&amp;ipc=1&amp;ipsc1=1&amp;ipsc2=1
User-Agent : Mozilla/4.0 (compatible; MSIE 7.0; Windows NT 5.1)
Accept : */*
Accept-Language : en-us
Accept-Encoding : GZIP
Host : localhost
Cookie : PHPSESSID=5a0b064b9e2796918842c00f72e52f69; mylang=vietnam
</Headers>
                      </Request>
                      <Response url="http://localhost/industry/Interface/reg_1.jpg" contentType="image/jpeg" statusLine="HTTP/1.1 200 OK" pageTime="NaN" time="0.005" statusCodeString="200 OK" contentLength="2284">
                        <Headers>Accept-Ranges : bytes
Content-Length : 2284
Content-Type : image/jpeg
Date : Tue, 23 Nov 2010 14:08:32 GMT
ETag : "63f09940-8ec-d41dd680"
Last-Modified : Tue, 03 Aug 2010 05:45:46 GMT
Server : Apache/2.2.4 (Win32) PHP/5.2.1
</Headers>
                      </Response>
                      <Context>
                        <Entry name="$TotalAgents" value="1" />
                        <Entry name="$ControllerName" value="ASUS" />
                        <Entry name="$AgentName" value="ASUS" />
                        <Entry name="$TestLogsDir" value="C:\Documents and Settings\ASUS X82Q SERIES\My Documents\Visual Studio 2008\Projects\TestProject\TestResults\ASUS X82Q SERIES_ASUS 2010-11-23 21_08_28\In\ASUS" />
                        <Entry name="$TestDeploymentDir" value="C:\Documents and Settings\ASUS X82Q SERIES\My Documents\Visual Studio 2008\Projects\TestProject\TestResults\ASUS X82Q SERIES_ASUS 2010-11-23 21_08_28\Out" />
                        <Entry name="$AgentId" value="1" />
                        <Entry name="$AgentLoadDistributor" value="Microsoft.VisualStudio.TestTools.Execution.AgentLoadDistributor" />
                        <Entry name="$TestDir" value="C:\Documents and Settings\ASUS X82Q SERIES\My Documents\Visual Studio 2008\Projects\TestProject\TestResults\ASUS X82Q SERIES_ASUS 2010-11-23 21_08_28" />
                        <Entry name="$AgentWeighting" value="100" />
                        <Entry name="$WebTestIteration" value="1" />
                        <Entry name="$WebTestUserId" value="1" />
                      </Context>
                    </WebRequestResult>
                    <WebRequestResult exceptionMessage="" run="0" submitted="true" cached="false" isRedirectFollow="false" requestBodyBytesHandle="-2" responseBytesHandle="48">
                      <Request url="http://localhost/industry/trade/sell/library/js/swfobject.js" command="GET /industry/trade/sell/library/js/swfobject.js HTTP/1.1" encoding="utf-8">
                        <Headers>Referer : http://localhost/industry/trade/sell/index.php?mod=psc3&amp;ipc=1&amp;ipsc1=1&amp;ipsc2=1
User-Agent : Mozilla/4.0 (compatible; MSIE 7.0; Windows NT 5.1)
Accept : */*
Accept-Language : en-us
Accept-Encoding : GZIP
Host : localhost
Cookie : PHPSESSID=5a0b064b9e2796918842c00f72e52f69; mylang=vietnam
</Headers>
                      </Request>
                      <Response url="http://localhost/industry/trade/sell/library/js/swfobject.js" contentType="text/html; charset=iso-8859-1" statusLine="HTTP/1.1 404 Not Found" pageTime="NaN" time="0.012" statusCodeString="404 Not Found" contentLength="324">
                        <Headers>Content-Length : 324
Content-Type : text/html; charset=iso-8859-1
Date : Tue, 23 Nov 2010 14:08:32 GMT
Server : Apache/2.2.4 (Win32) PHP/5.2.1
</Headers>
                      </Response>
                      <Context>
                        <Entry name="$TotalAgents" value="1" />
                        <Entry name="$ControllerName" value="ASUS" />
                        <Entry name="$AgentName" value="ASUS" />
                        <Entry name="$TestLogsDir" value="C:\Documents and Settings\ASUS X82Q SERIES\My Documents\Visual Studio 2008\Projects\TestProject\TestResults\ASUS X82Q SERIES_ASUS 2010-11-23 21_08_28\In\ASUS" />
                        <Entry name="$TestDeploymentDir" value="C:\Documents and Settings\ASUS X82Q SERIES\My Documents\Visual Studio 2008\Projects\TestProject\TestResults\ASUS X82Q SERIES_ASUS 2010-11-23 21_08_28\Out" />
                        <Entry name="$AgentId" value="1" />
                        <Entry name="$AgentLoadDistributor" value="Microsoft.VisualStudio.TestTools.Execution.AgentLoadDistributor" />
                        <Entry name="$TestDir" value="C:\Documents and Settings\ASUS X82Q SERIES\My Documents\Visual Studio 2008\Projects\TestProject\TestResults\ASUS X82Q SERIES_ASUS 2010-11-23 21_08_28" />
                        <Entry name="$AgentWeighting" value="100" />
                        <Entry name="$WebTestIteration" value="1" />
                        <Entry name="$WebTestUserId" value="1" />
                      </Context>
                      <Errors>
                        <Error type="HttpError" subType="404 - NotFound" text="404 - NotFound" time="2010-11-23T21:08:32.8750000+07:00" />
                      </Errors>
                    </WebRequestResult>
                    <WebRequestResult exceptionMessage="" run="0" submitted="true" cached="false" isRedirectFollow="false" requestBodyBytesHandle="-2" responseBytesHandle="47">
                      <Request url="http://localhost/industry/Interface/khung_2_1.jpg" command="GET /industry/Interface/khung_2_1.jpg HTTP/1.1" encoding="utf-8">
                        <Headers>Referer : http://localhost/industry/trade/sell/index.php?mod=psc3&amp;ipc=1&amp;ipsc1=1&amp;ipsc2=1
User-Agent : Mozilla/4.0 (compatible; MSIE 7.0; Windows NT 5.1)
Accept : */*
Accept-Language : en-us
Accept-Encoding : GZIP
Host : localhost
Cookie : PHPSESSID=5a0b064b9e2796918842c00f72e52f69; mylang=vietnam
</Headers>
                      </Request>
                      <Response url="http://localhost/industry/Interface/khung_2_1.jpg" contentType="image/jpeg" statusLine="HTTP/1.1 200 OK" pageTime="NaN" time="0.004" statusCodeString="200 OK" contentLength="774">
                        <Headers>Accept-Ranges : bytes
Content-Length : 774
Content-Type : image/jpeg
Date : Tue, 23 Nov 2010 14:08:32 GMT
ETag : "63f094e0-306-eb3b3680"
Last-Modified : Tue, 24 Aug 2010 05:20:10 GMT
Server : Apache/2.2.4 (Win32) PHP/5.2.1
</Headers>
                      </Response>
                      <Context>
                        <Entry name="$TotalAgents" value="1" />
                        <Entry name="$ControllerName" value="ASUS" />
                        <Entry name="$AgentName" value="ASUS" />
                        <Entry name="$TestLogsDir" value="C:\Documents and Settings\ASUS X82Q SERIES\My Documents\Visual Studio 2008\Projects\TestProject\TestResults\ASUS X82Q SERIES_ASUS 2010-11-23 21_08_28\In\ASUS" />
                        <Entry name="$TestDeploymentDir" value="C:\Documents and Settings\ASUS X82Q SERIES\My Documents\Visual Studio 2008\Projects\TestProject\TestResults\ASUS X82Q SERIES_ASUS 2010-11-23 21_08_28\Out" />
                        <Entry name="$AgentId" value="1" />
                        <Entry name="$AgentLoadDistributor" value="Microsoft.VisualStudio.TestTools.Execution.AgentLoadDistributor" />
                        <Entry name="$TestDir" value="C:\Documents and Settings\ASUS X82Q SERIES\My Documents\Visual Studio 2008\Projects\TestProject\TestResults\ASUS X82Q SERIES_ASUS 2010-11-23 21_08_28" />
                        <Entry name="$AgentWeighting" value="100" />
                        <Entry name="$WebTestIteration" value="1" />
                        <Entry name="$WebTestUserId" value="1" />
                      </Context>
                    </WebRequestResult>
                    <WebRequestResult exceptionMessage="" run="0" submitted="true" cached="false" isRedirectFollow="false" requestBodyBytesHandle="-2" responseBytesHandle="49">
                      <Request url="http://localhost/industry/Interface/home-1.jpg" command="GET /industry/Interface/home-1.jpg HTTP/1.1" encoding="utf-8">
                        <Headers>Referer : http://localhost/industry/trade/sell/index.php?mod=psc3&amp;ipc=1&amp;ipsc1=1&amp;ipsc2=1
User-Agent : Mozilla/4.0 (compatible; MSIE 7.0; Windows NT 5.1)
Accept : */*
Accept-Language : en-us
Accept-Encoding : GZIP
Host : localhost
Cookie : PHPSESSID=5a0b064b9e2796918842c00f72e52f69; mylang=vietnam
</Headers>
                      </Request>
                      <Response url="http://localhost/industry/Interface/home-1.jpg" contentType="image/jpeg" statusLine="HTTP/1.1 200 OK" pageTime="NaN" time="0.004" statusCodeString="200 OK" contentLength="495">
                        <Headers>Accept-Ranges : bytes
Content-Length : 495
Content-Type : image/jpeg
Date : Tue, 23 Nov 2010 14:08:32 GMT
ETag : "63f092c0-1ef-25b79e80"
Last-Modified : Tue, 03 Aug 2010 07:20:10 GMT
Server : Apache/2.2.4 (Win32) PHP/5.2.1
</Headers>
                      </Response>
                      <Context>
                        <Entry name="$TotalAgents" value="1" />
                        <Entry name="$ControllerName" value="ASUS" />
                        <Entry name="$AgentName" value="ASUS" />
                        <Entry name="$TestLogsDir" value="C:\Documents and Settings\ASUS X82Q SERIES\My Documents\Visual Studio 2008\Projects\TestProject\TestResults\ASUS X82Q SERIES_ASUS 2010-11-23 21_08_28\In\ASUS" />
                        <Entry name="$TestDeploymentDir" value="C:\Documents and Settings\ASUS X82Q SERIES\My Documents\Visual Studio 2008\Projects\TestProject\TestResults\ASUS X82Q SERIES_ASUS 2010-11-23 21_08_28\Out" />
                        <Entry name="$AgentId" value="1" />
                        <Entry name="$AgentLoadDistributor" value="Microsoft.VisualStudio.TestTools.Execution.AgentLoadDistributor" />
                        <Entry name="$TestDir" value="C:\Documents and Settings\ASUS X82Q SERIES\My Documents\Visual Studio 2008\Projects\TestProject\TestResults\ASUS X82Q SERIES_ASUS 2010-11-23 21_08_28" />
                        <Entry name="$AgentWeighting" value="100" />
                        <Entry name="$WebTestIteration" value="1" />
                        <Entry name="$WebTestUserId" value="1" />
                      </Context>
                    </WebRequestResult>
                    <WebRequestResult exceptionMessage="" run="0" submitted="true" cached="false" isRedirectFollow="false" requestBodyBytesHandle="-2" responseBytesHandle="50">
                      <Request url="http://localhost/industry/Interface/icon_2.jpg" command="GET /industry/Interface/icon_2.jpg HTTP/1.1" encoding="utf-8">
                        <Headers>Referer : http://localhost/industry/trade/sell/index.php?mod=psc3&amp;ipc=1&amp;ipsc1=1&amp;ipsc2=1
User-Agent : Mozilla/4.0 (compatible; MSIE 7.0; Windows NT 5.1)
Accept : */*
Accept-Language : en-us
Accept-Encoding : GZIP
Host : localhost
Cookie : PHPSESSID=5a0b064b9e2796918842c00f72e52f69; mylang=vietnam
</Headers>
                      </Request>
                      <Response url="http://localhost/industry/Interface/icon_2.jpg" contentType="image/jpeg" statusLine="HTTP/1.1 200 OK" pageTime="NaN" time="0.004" statusCodeString="200 OK" contentLength="395">
                        <Headers>Accept-Ranges : bytes
Content-Length : 395
Content-Type : image/jpeg
Date : Tue, 23 Nov 2010 14:08:32 GMT
ETag : "63f09380-18b-cd34d100"
Last-Modified : Tue, 03 Aug 2010 08:07:00 GMT
Server : Apache/2.2.4 (Win32) PHP/5.2.1
</Headers>
                      </Response>
                      <Context>
                        <Entry name="$TotalAgents" value="1" />
                        <Entry name="$ControllerName" value="ASUS" />
                        <Entry name="$AgentName" value="ASUS" />
                        <Entry name="$TestLogsDir" value="C:\Documents and Settings\ASUS X82Q SERIES\My Documents\Visual Studio 2008\Projects\TestProject\TestResults\ASUS X82Q SERIES_ASUS 2010-11-23 21_08_28\In\ASUS" />
                        <Entry name="$TestDeploymentDir" value="C:\Documents and Settings\ASUS X82Q SERIES\My Documents\Visual Studio 2008\Projects\TestProject\TestResults\ASUS X82Q SERIES_ASUS 2010-11-23 21_08_28\Out" />
                        <Entry name="$AgentId" value="1" />
                        <Entry name="$AgentLoadDistributor" value="Microsoft.VisualStudio.TestTools.Execution.AgentLoadDistributor" />
                        <Entry name="$TestDir" value="C:\Documents and Settings\ASUS X82Q SERIES\My Documents\Visual Studio 2008\Projects\TestProject\TestResults\ASUS X82Q SERIES_ASUS 2010-11-23 21_08_28" />
                        <Entry name="$AgentWeighting" value="100" />
                        <Entry name="$WebTestIteration" value="1" />
                        <Entry name="$WebTestUserId" value="1" />
                      </Context>
                    </WebRequestResult>
                    <WebRequestResult exceptionMessage="" run="0" submitted="true" cached="false" isRedirectFollow="false" requestBodyBytesHandle="-2" responseBytesHandle="53">
                      <Request url="http://localhost/industry/uploads/products/2/3/thumbnails/3_100x0.jpg" command="GET /industry/uploads/products/2/3/thumbnails/3_100x0.jpg HTTP/1.1" encoding="utf-8">
                        <Headers>Referer : http://localhost/industry/trade/sell/index.php?mod=psc3&amp;ipc=1&amp;ipsc1=1&amp;ipsc2=1
User-Agent : Mozilla/4.0 (compatible; MSIE 7.0; Windows NT 5.1)
Accept : */*
Accept-Language : en-us
Accept-Encoding : GZIP
Host : localhost
Cookie : PHPSESSID=5a0b064b9e2796918842c00f72e52f69; mylang=vietnam
</Headers>
                      </Request>
                      <Response url="http://localhost/industry/uploads/products/2/3/thumbnails/3_100x0.jpg" contentType="image/jpeg" statusLine="HTTP/1.1 200 OK" pageTime="NaN" time="0.005" statusCodeString="200 OK" contentLength="3607">
                        <Headers>Accept-Ranges : bytes
Content-Length : 3607
Content-Type : image/jpeg
Date : Tue, 23 Nov 2010 14:08:32 GMT
ETag : "5b739040-e17-c0ecbc00"
Last-Modified : Thu, 02 Sep 2010 15:49:04 GMT
Server : Apache/2.2.4 (Win32) PHP/5.2.1
</Headers>
                      </Response>
                      <Context>
                        <Entry name="$TotalAgents" value="1" />
                        <Entry name="$ControllerName" value="ASUS" />
                        <Entry name="$AgentName" value="ASUS" />
                        <Entry name="$TestLogsDir" value="C:\Documents and Settings\ASUS X82Q SERIES\My Documents\Visual Studio 2008\Projects\TestProject\TestResults\ASUS X82Q SERIES_ASUS 2010-11-23 21_08_28\In\ASUS" />
                        <Entry name="$TestDeploymentDir" value="C:\Documents and Settings\ASUS X82Q SERIES\My Documents\Visual Studio 2008\Projects\TestProject\TestResults\ASUS X82Q SERIES_ASUS 2010-11-23 21_08_28\Out" />
                        <Entry name="$AgentId" value="1" />
                        <Entry name="$AgentLoadDistributor" value="Microsoft.VisualStudio.TestTools.Execution.AgentLoadDistributor" />
                        <Entry name="$TestDir" value="C:\Documents and Settings\ASUS X82Q SERIES\My Documents\Visual Studio 2008\Projects\TestProject\TestResults\ASUS X82Q SERIES_ASUS 2010-11-23 21_08_28" />
                        <Entry name="$AgentWeighting" value="100" />
                        <Entry name="$WebTestIteration" value="1" />
                        <Entry name="$WebTestUserId" value="1" />
                      </Context>
                    </WebRequestResult>
                    <WebRequestResult exceptionMessage="" run="0" submitted="true" cached="false" isRedirectFollow="false" requestBodyBytesHandle="-2" responseBytesHandle="23">
                      <Request url="http://localhost/industry/uploads/country_flag/vietnam.png" command="GET /industry/uploads/country_flag/vietnam.png HTTP/1.1" encoding="utf-8">
                        <Headers>Referer : http://localhost/industry/trade/sell/index.php?mod=psc3&amp;ipc=1&amp;ipsc1=1&amp;ipsc2=1
User-Agent : Mozilla/4.0 (compatible; MSIE 7.0; Windows NT 5.1)
Accept : */*
Accept-Language : en-us
Accept-Encoding : GZIP
Host : localhost
Cookie : PHPSESSID=5a0b064b9e2796918842c00f72e52f69; mylang=vietnam
</Headers>
                      </Request>
                      <Response url="http://localhost/industry/uploads/country_flag/vietnam.png" contentType="image/png" statusLine="HTTP/1.1 200 OK" pageTime="NaN" time="0.008" statusCodeString="200 OK" contentLength="17550">
                        <Headers>Accept-Ranges : bytes
Content-Length : 17550
Content-Type : image/png
Date : Tue, 23 Nov 2010 14:08:32 GMT
ETag : "5b8310a0-448e-e0482a00"
Last-Modified : Sat, 21 Aug 2010 15:14:48 GMT
Server : Apache/2.2.4 (Win32) PHP/5.2.1
</Headers>
                      </Response>
                      <Context>
                        <Entry name="$TotalAgents" value="1" />
                        <Entry name="$ControllerName" value="ASUS" />
                        <Entry name="$AgentName" value="ASUS" />
                        <Entry name="$TestLogsDir" value="C:\Documents and Settings\ASUS X82Q SERIES\My Documents\Visual Studio 2008\Projects\TestProject\TestResults\ASUS X82Q SERIES_ASUS 2010-11-23 21_08_28\In\ASUS" />
                        <Entry name="$TestDeploymentDir" value="C:\Documents and Settings\ASUS X82Q SERIES\My Documents\Visual Studio 2008\Projects\TestProject\TestResults\ASUS X82Q SERIES_ASUS 2010-11-23 21_08_28\Out" />
                        <Entry name="$AgentId" value="1" />
                        <Entry name="$AgentLoadDistributor" value="Microsoft.VisualStudio.TestTools.Execution.AgentLoadDistributor" />
                        <Entry name="$TestDir" value="C:\Documents and Settings\ASUS X82Q SERIES\My Documents\Visual Studio 2008\Projects\TestProject\TestResults\ASUS X82Q SERIES_ASUS 2010-11-23 21_08_28" />
                        <Entry name="$AgentWeighting" value="100" />
                        <Entry name="$WebTestIteration" value="1" />
                        <Entry name="$WebTestUserId" value="1" />
                      </Context>
                    </WebRequestResult>
                    <WebRequestResult exceptionMessage="" run="0" submitted="true" cached="false" isRedirectFollow="false" requestBodyBytesHandle="-2" responseBytesHandle="52">
                      <Request url="http://localhost/industry/Interface/contact.jpg" command="GET /industry/Interface/contact.jpg HTTP/1.1" encoding="utf-8">
                        <Headers>Referer : http://localhost/industry/trade/sell/index.php?mod=psc3&amp;ipc=1&amp;ipsc1=1&amp;ipsc2=1
User-Agent : Mozilla/4.0 (compatible; MSIE 7.0; Windows NT 5.1)
Accept : */*
Accept-Language : en-us
Accept-Encoding : GZIP
Host : localhost
Cookie : PHPSESSID=5a0b064b9e2796918842c00f72e52f69; mylang=vietnam
</Headers>
                      </Request>
                      <Response url="http://localhost/industry/Interface/contact.jpg" contentType="image/jpeg" statusLine="HTTP/1.1 200 OK" pageTime="NaN" time="0.004" statusCodeString="200 OK" contentLength="1701">
                        <Headers>Accept-Ranges : bytes
Content-Length : 1701
Content-Type : image/jpeg
Date : Tue, 23 Nov 2010 14:08:32 GMT
ETag : "63f091a0-6a5-aa9a7b80"
Last-Modified : Sun, 22 Aug 2010 06:30:22 GMT
Server : Apache/2.2.4 (Win32) PHP/5.2.1
</Headers>
                      </Response>
                      <Context>
                        <Entry name="$TotalAgents" value="1" />
                        <Entry name="$ControllerName" value="ASUS" />
                        <Entry name="$AgentName" value="ASUS" />
                        <Entry name="$TestLogsDir" value="C:\Documents and Settings\ASUS X82Q SERIES\My Documents\Visual Studio 2008\Projects\TestProject\TestResults\ASUS X82Q SERIES_ASUS 2010-11-23 21_08_28\In\ASUS" />
                        <Entry name="$TestDeploymentDir" value="C:\Documents and Settings\ASUS X82Q SERIES\My Documents\Visual Studio 2008\Projects\TestProject\TestResults\ASUS X82Q SERIES_ASUS 2010-11-23 21_08_28\Out" />
                        <Entry name="$AgentId" value="1" />
                        <Entry name="$AgentLoadDistributor" value="Microsoft.VisualStudio.TestTools.Execution.AgentLoadDistributor" />
                        <Entry name="$TestDir" value="C:\Documents and Settings\ASUS X82Q SERIES\My Documents\Visual Studio 2008\Projects\TestProject\TestResults\ASUS X82Q SERIES_ASUS 2010-11-23 21_08_28" />
                        <Entry name="$AgentWeighting" value="100" />
                        <Entry name="$WebTestIteration" value="1" />
                        <Entry name="$WebTestUserId" value="1" />
                      </Context>
                    </WebRequestResult>
                    <WebRequestResult exceptionMessage="" run="0" submitted="true" cached="false" isRedirectFollow="false" requestBodyBytesHandle="-2" responseBytesHandle="61">
                      <Request url="http://localhost/industry/Interface/icon_6.jpg" command="GET /industry/Interface/icon_6.jpg HTTP/1.1" encoding="utf-8">
                        <Headers>Referer : http://localhost/industry/trade/sell/index.php?mod=psc3&amp;ipc=1&amp;ipsc1=1&amp;ipsc2=1
User-Agent : Mozilla/4.0 (compatible; MSIE 7.0; Windows NT 5.1)
Accept : */*
Accept-Language : en-us
Accept-Encoding : GZIP
Host : localhost
Cookie : PHPSESSID=5a0b064b9e2796918842c00f72e52f69; mylang=vietnam
</Headers>
                      </Request>
                      <Response url="http://localhost/industry/Interface/icon_6.jpg" contentType="image/jpeg" statusLine="HTTP/1.1 200 OK" pageTime="NaN" time="0.004" statusCodeString="200 OK" contentLength="504">
                        <Headers>Accept-Ranges : bytes
Content-Length : 504
Content-Type : image/jpeg
Date : Tue, 23 Nov 2010 14:08:32 GMT
ETag : "63f09400-1f8-b5bad980"
Last-Modified : Tue, 03 Aug 2010 12:46:46 GMT
Server : Apache/2.2.4 (Win32) PHP/5.2.1
</Headers>
                      </Response>
                      <Context>
                        <Entry name="$TotalAgents" value="1" />
                        <Entry name="$ControllerName" value="ASUS" />
                        <Entry name="$AgentName" value="ASUS" />
                        <Entry name="$TestLogsDir" value="C:\Documents and Settings\ASUS X82Q SERIES\My Documents\Visual Studio 2008\Projects\TestProject\TestResults\ASUS X82Q SERIES_ASUS 2010-11-23 21_08_28\In\ASUS" />
                        <Entry name="$TestDeploymentDir" value="C:\Documents and Settings\ASUS X82Q SERIES\My Documents\Visual Studio 2008\Projects\TestProject\TestResults\ASUS X82Q SERIES_ASUS 2010-11-23 21_08_28\Out" />
                        <Entry name="$AgentId" value="1" />
                        <Entry name="$AgentLoadDistributor" value="Microsoft.VisualStudio.TestTools.Execution.AgentLoadDistributor" />
                        <Entry name="$TestDir" value="C:\Documents and Settings\ASUS X82Q SERIES\My Documents\Visual Studio 2008\Projects\TestProject\TestResults\ASUS X82Q SERIES_ASUS 2010-11-23 21_08_28" />
                        <Entry name="$AgentWeighting" value="100" />
                        <Entry name="$WebTestIteration" value="1" />
                        <Entry name="$WebTestUserId" value="1" />
                      </Context>
                    </WebRequestResult>
                    <WebRequestResult exceptionMessage="" run="0" submitted="true" cached="false" isRedirectFollow="false" requestBodyBytesHandle="-2" responseBytesHandle="54">
                      <Request url="http://localhost/industry/uploads/products/2/4/thumbnails/4_100x0.jpg" command="GET /industry/uploads/products/2/4/thumbnails/4_100x0.jpg HTTP/1.1" encoding="utf-8">
                        <Headers>Referer : http://localhost/industry/trade/sell/index.php?mod=psc3&amp;ipc=1&amp;ipsc1=1&amp;ipsc2=1
User-Agent : Mozilla/4.0 (compatible; MSIE 7.0; Windows NT 5.1)
Accept : */*
Accept-Language : en-us
Accept-Encoding : GZIP
Host : localhost
Cookie : PHPSESSID=5a0b064b9e2796918842c00f72e52f69; mylang=vietnam
</Headers>
                      </Request>
                      <Response url="http://localhost/industry/uploads/products/2/4/thumbnails/4_100x0.jpg" contentType="image/jpeg" statusLine="HTTP/1.1 200 OK" pageTime="NaN" time="0.008" statusCodeString="200 OK" contentLength="3707">
                        <Headers>Accept-Ranges : bytes
Content-Length : 3707
Content-Type : image/jpeg
Date : Tue, 23 Nov 2010 14:08:32 GMT
ETag : "5b721040-e7b-c9267280"
Last-Modified : Thu, 02 Sep 2010 15:51:22 GMT
Server : Apache/2.2.4 (Win32) PHP/5.2.1
</Headers>
                      </Response>
                      <Context>
                        <Entry name="$TotalAgents" value="1" />
                        <Entry name="$ControllerName" value="ASUS" />
                        <Entry name="$AgentName" value="ASUS" />
                        <Entry name="$TestLogsDir" value="C:\Documents and Settings\ASUS X82Q SERIES\My Documents\Visual Studio 2008\Projects\TestProject\TestResults\ASUS X82Q SERIES_ASUS 2010-11-23 21_08_28\In\ASUS" />
                        <Entry name="$TestDeploymentDir" value="C:\Documents and Settings\ASUS X82Q SERIES\My Documents\Visual Studio 2008\Projects\TestProject\TestResults\ASUS X82Q SERIES_ASUS 2010-11-23 21_08_28\Out" />
                        <Entry name="$AgentId" value="1" />
                        <Entry name="$AgentLoadDistributor" value="Microsoft.VisualStudio.TestTools.Execution.AgentLoadDistributor" />
                        <Entry name="$TestDir" value="C:\Documents and Settings\ASUS X82Q SERIES\My Documents\Visual Studio 2008\Projects\TestProject\TestResults\ASUS X82Q SERIES_ASUS 2010-11-23 21_08_28" />
                        <Entry name="$AgentWeighting" value="100" />
                        <Entry name="$WebTestIteration" value="1" />
                        <Entry name="$WebTestUserId" value="1" />
                      </Context>
                    </WebRequestResult>
                    <WebRequestResult exceptionMessage="" run="0" submitted="true" cached="false" isRedirectFollow="false" requestBodyBytesHandle="-2" responseBytesHandle="62">
                      <Request url="http://localhost/industry/Interface/icon_5.jpg" command="GET /industry/Interface/icon_5.jpg HTTP/1.1" encoding="utf-8">
                        <Headers>Referer : http://localhost/industry/trade/sell/index.php?mod=psc3&amp;ipc=1&amp;ipsc1=1&amp;ipsc2=1
User-Agent : Mozilla/4.0 (compatible; MSIE 7.0; Windows NT 5.1)
Accept : */*
Accept-Language : en-us
Accept-Encoding : GZIP
Host : localhost
Cookie : PHPSESSID=5a0b064b9e2796918842c00f72e52f69; mylang=vietnam
</Headers>
                      </Request>
                      <Response url="http://localhost/industry/Interface/icon_5.jpg" contentType="image/jpeg" statusLine="HTTP/1.1 200 OK" pageTime="NaN" time="0.004" statusCodeString="200 OK" contentLength="603">
                        <Headers>Accept-Ranges : bytes
Content-Length : 603
Content-Type : image/jpeg
Date : Tue, 23 Nov 2010 14:08:32 GMT
ETag : "63f093e0-25b-53aca500"
Last-Modified : Tue, 03 Aug 2010 08:44:36 GMT
Server : Apache/2.2.4 (Win32) PHP/5.2.1
</Headers>
                      </Response>
                      <Context>
                        <Entry name="$TotalAgents" value="1" />
                        <Entry name="$ControllerName" value="ASUS" />
                        <Entry name="$AgentName" value="ASUS" />
                        <Entry name="$TestLogsDir" value="C:\Documents and Settings\ASUS X82Q SERIES\My Documents\Visual Studio 2008\Projects\TestProject\TestResults\ASUS X82Q SERIES_ASUS 2010-11-23 21_08_28\In\ASUS" />
                        <Entry name="$TestDeploymentDir" value="C:\Documents and Settings\ASUS X82Q SERIES\My Documents\Visual Studio 2008\Projects\TestProject\TestResults\ASUS X82Q SERIES_ASUS 2010-11-23 21_08_28\Out" />
                        <Entry name="$AgentId" value="1" />
                        <Entry name="$AgentLoadDistributor" value="Microsoft.VisualStudio.TestTools.Execution.AgentLoadDistributor" />
                        <Entry name="$TestDir" value="C:\Documents and Settings\ASUS X82Q SERIES\My Documents\Visual Studio 2008\Projects\TestProject\TestResults\ASUS X82Q SERIES_ASUS 2010-11-23 21_08_28" />
                        <Entry name="$AgentWeighting" value="100" />
                        <Entry name="$WebTestIteration" value="1" />
                        <Entry name="$WebTestUserId" value="1" />
                      </Context>
                    </WebRequestResult>
                    <WebRequestResult exceptionMessage="" run="0" submitted="true" cached="false" isRedirectFollow="false" requestBodyBytesHandle="-2" responseBytesHandle="63">
                      <Request url="http://localhost/industry/Interface/icon_4.jpg" command="GET /industry/Interface/icon_4.jpg HTTP/1.1" encoding="utf-8">
                        <Headers>Referer : http://localhost/industry/trade/sell/index.php?mod=psc3&amp;ipc=1&amp;ipsc1=1&amp;ipsc2=1
User-Agent : Mozilla/4.0 (compatible; MSIE 7.0; Windows NT 5.1)
Accept : */*
Accept-Language : en-us
Accept-Encoding : GZIP
Host : localhost
Cookie : PHPSESSID=5a0b064b9e2796918842c00f72e52f69; mylang=vietnam
</Headers>
                      </Request>
                      <Response url="http://localhost/industry/Interface/icon_4.jpg" contentType="image/jpeg" statusLine="HTTP/1.1 200 OK" pageTime="NaN" time="0.004" statusCodeString="200 OK" contentLength="634">
                        <Headers>Accept-Ranges : bytes
Content-Length : 634
Content-Type : image/jpeg
Date : Tue, 23 Nov 2010 14:08:32 GMT
ETag : "63f093c0-27a-53511780"
Last-Modified : Tue, 03 Aug 2010 08:44:30 GMT
Server : Apache/2.2.4 (Win32) PHP/5.2.1
</Headers>
                      </Response>
                      <Context>
                        <Entry name="$TotalAgents" value="1" />
                        <Entry name="$ControllerName" value="ASUS" />
                        <Entry name="$AgentName" value="ASUS" />
                        <Entry name="$TestLogsDir" value="C:\Documents and Settings\ASUS X82Q SERIES\My Documents\Visual Studio 2008\Projects\TestProject\TestResults\ASUS X82Q SERIES_ASUS 2010-11-23 21_08_28\In\ASUS" />
                        <Entry name="$TestDeploymentDir" value="C:\Documents and Settings\ASUS X82Q SERIES\My Documents\Visual Studio 2008\Projects\TestProject\TestResults\ASUS X82Q SERIES_ASUS 2010-11-23 21_08_28\Out" />
                        <Entry name="$AgentId" value="1" />
                        <Entry name="$AgentLoadDistributor" value="Microsoft.VisualStudio.TestTools.Execution.AgentLoadDistributor" />
                        <Entry name="$TestDir" value="C:\Documents and Settings\ASUS X82Q SERIES\My Documents\Visual Studio 2008\Projects\TestProject\TestResults\ASUS X82Q SERIES_ASUS 2010-11-23 21_08_28" />
                        <Entry name="$AgentWeighting" value="100" />
                        <Entry name="$WebTestIteration" value="1" />
                        <Entry name="$WebTestUserId" value="1" />
                      </Context>
                    </WebRequestResult>
                    <WebRequestResult exceptionMessage="" run="0" submitted="true" cached="false" isRedirectFollow="false" requestBodyBytesHandle="-2" responseBytesHandle="51">
                      <Request url="http://localhost/industry/uploads/products/2/1/thumbnails/1_100x0.jpg" command="GET /industry/uploads/products/2/1/thumbnails/1_100x0.jpg HTTP/1.1" encoding="utf-8">
                        <Headers>Referer : http://localhost/industry/trade/sell/index.php?mod=psc3&amp;ipc=1&amp;ipsc1=1&amp;ipsc2=1
User-Agent : Mozilla/4.0 (compatible; MSIE 7.0; Windows NT 5.1)
Accept : */*
Accept-Language : en-us
Accept-Encoding : GZIP
Host : localhost
Cookie : PHPSESSID=5a0b064b9e2796918842c00f72e52f69; mylang=vietnam
</Headers>
                      </Request>
                      <Response url="http://localhost/industry/uploads/products/2/1/thumbnails/1_100x0.jpg" contentType="image/jpeg" statusLine="HTTP/1.1 200 OK" pageTime="NaN" time="0.005" statusCodeString="200 OK" contentLength="3538">
                        <Headers>Accept-Ranges : bytes
Content-Length : 3538
Content-Type : image/jpeg
Date : Tue, 23 Nov 2010 14:08:32 GMT
ETag : "5b781040-dd2-b6ac3900"
Last-Modified : Thu, 02 Sep 2010 15:46:12 GMT
Server : Apache/2.2.4 (Win32) PHP/5.2.1
</Headers>
                      </Response>
                      <Context>
                        <Entry name="$TotalAgents" value="1" />
                        <Entry name="$ControllerName" value="ASUS" />
                        <Entry name="$AgentName" value="ASUS" />
                        <Entry name="$TestLogsDir" value="C:\Documents and Settings\ASUS X82Q SERIES\My Documents\Visual Studio 2008\Projects\TestProject\TestResults\ASUS X82Q SERIES_ASUS 2010-11-23 21_08_28\In\ASUS" />
                        <Entry name="$TestDeploymentDir" value="C:\Documents and Settings\ASUS X82Q SERIES\My Documents\Visual Studio 2008\Projects\TestProject\TestResults\ASUS X82Q SERIES_ASUS 2010-11-23 21_08_28\Out" />
                        <Entry name="$AgentId" value="1" />
                        <Entry name="$AgentLoadDistributor" value="Microsoft.VisualStudio.TestTools.Execution.AgentLoadDistributor" />
                        <Entry name="$TestDir" value="C:\Documents and Settings\ASUS X82Q SERIES\My Documents\Visual Studio 2008\Projects\TestProject\TestResults\ASUS X82Q SERIES_ASUS 2010-11-23 21_08_28" />
                        <Entry name="$AgentWeighting" value="100" />
                        <Entry name="$WebTestIteration" value="1" />
                        <Entry name="$WebTestUserId" value="1" />
                      </Context>
                    </WebRequestResult>
                    <WebRequestResult exceptionMessage="" run="0" submitted="true" cached="false" isRedirectFollow="false" requestBodyBytesHandle="-2" responseBytesHandle="64">
                      <Request url="http://localhost/industry/Interface/vietnam-icon.png" command="GET /industry/Interface/vietnam-icon.png HTTP/1.1" encoding="utf-8">
                        <Headers>Referer : http://localhost/industry/trade/sell/index.php?mod=psc3&amp;ipc=1&amp;ipsc1=1&amp;ipsc2=1
User-Agent : Mozilla/4.0 (compatible; MSIE 7.0; Windows NT 5.1)
Accept : */*
Accept-Language : en-us
Accept-Encoding : GZIP
Host : localhost
Cookie : PHPSESSID=5a0b064b9e2796918842c00f72e52f69; mylang=vietnam
</Headers>
                      </Request>
                      <Response url="http://localhost/industry/Interface/vietnam-icon.png" contentType="image/png" statusLine="HTTP/1.1 200 OK" pageTime="NaN" time="0.005" statusCodeString="200 OK" contentLength="2387">
                        <Headers>Accept-Ranges : bytes
Content-Length : 2387
Content-Type : image/png
Date : Tue, 23 Nov 2010 14:08:32 GMT
ETag : "63f09b80-953-b79b1700"
Last-Modified : Mon, 26 Jul 2010 03:09:48 GMT
Server : Apache/2.2.4 (Win32) PHP/5.2.1
</Headers>
                      </Response>
                      <Context>
                        <Entry name="$TotalAgents" value="1" />
                        <Entry name="$ControllerName" value="ASUS" />
                        <Entry name="$AgentName" value="ASUS" />
                        <Entry name="$TestLogsDir" value="C:\Documents and Settings\ASUS X82Q SERIES\My Documents\Visual Studio 2008\Projects\TestProject\TestResults\ASUS X82Q SERIES_ASUS 2010-11-23 21_08_28\In\ASUS" />
                        <Entry name="$TestDeploymentDir" value="C:\Documents and Settings\ASUS X82Q SERIES\My Documents\Visual Studio 2008\Projects\TestProject\TestResults\ASUS X82Q SERIES_ASUS 2010-11-23 21_08_28\Out" />
                        <Entry name="$AgentId" value="1" />
                        <Entry name="$AgentLoadDistributor" value="Microsoft.VisualStudio.TestTools.Execution.AgentLoadDistributor" />
                        <Entry name="$TestDir" value="C:\Documents and Settings\ASUS X82Q SERIES\My Documents\Visual Studio 2008\Projects\TestProject\TestResults\ASUS X82Q SERIES_ASUS 2010-11-23 21_08_28" />
                        <Entry name="$AgentWeighting" value="100" />
                        <Entry name="$WebTestIteration" value="1" />
                        <Entry name="$WebTestUserId" value="1" />
                      </Context>
                    </WebRequestResult>
                    <WebRequestResult exceptionMessage="" run="0" submitted="true" cached="false" isRedirectFollow="false" requestBodyBytesHandle="-2" responseBytesHandle="55">
                      <Request url="http://localhost/industry/uploads/products/2/5/thumbnails/5_100x0.jpg" command="GET /industry/uploads/products/2/5/thumbnails/5_100x0.jpg HTTP/1.1" encoding="utf-8">
                        <Headers>Referer : http://localhost/industry/trade/sell/index.php?mod=psc3&amp;ipc=1&amp;ipsc1=1&amp;ipsc2=1
User-Agent : Mozilla/4.0 (compatible; MSIE 7.0; Windows NT 5.1)
Accept : */*
Accept-Language : en-us
Accept-Encoding : GZIP
Host : localhost
Cookie : PHPSESSID=5a0b064b9e2796918842c00f72e52f69; mylang=vietnam
</Headers>
                      </Request>
                      <Response url="http://localhost/industry/uploads/products/2/5/thumbnails/5_100x0.jpg" contentType="image/jpeg" statusLine="HTTP/1.1 200 OK" pageTime="NaN" time="0.005" statusCodeString="200 OK" contentLength="2984">
                        <Headers>Accept-Ranges : bytes
Content-Length : 2984
Content-Type : image/jpeg
Date : Tue, 23 Nov 2010 14:08:32 GMT
ETag : "5b709040-ba8-ce653880"
Last-Modified : Thu, 02 Sep 2010 15:52:50 GMT
Server : Apache/2.2.4 (Win32) PHP/5.2.1
</Headers>
                      </Response>
                      <Context>
                        <Entry name="$TotalAgents" value="1" />
                        <Entry name="$ControllerName" value="ASUS" />
                        <Entry name="$AgentName" value="ASUS" />
                        <Entry name="$TestLogsDir" value="C:\Documents and Settings\ASUS X82Q SERIES\My Documents\Visual Studio 2008\Projects\TestProject\TestResults\ASUS X82Q SERIES_ASUS 2010-11-23 21_08_28\In\ASUS" />
                        <Entry name="$TestDeploymentDir" value="C:\Documents and Settings\ASUS X82Q SERIES\My Documents\Visual Studio 2008\Projects\TestProject\TestResults\ASUS X82Q SERIES_ASUS 2010-11-23 21_08_28\Out" />
                        <Entry name="$AgentId" value="1" />
                        <Entry name="$AgentLoadDistributor" value="Microsoft.VisualStudio.TestTools.Execution.AgentLoadDistributor" />
                        <Entry name="$TestDir" value="C:\Documents and Settings\ASUS X82Q SERIES\My Documents\Visual Studio 2008\Projects\TestProject\TestResults\ASUS X82Q SERIES_ASUS 2010-11-23 21_08_28" />
                        <Entry name="$AgentWeighting" value="100" />
                        <Entry name="$WebTestIteration" value="1" />
                        <Entry name="$WebTestUserId" value="1" />
                      </Context>
                    </WebRequestResult>
                    <WebRequestResult exceptionMessage="" run="0" submitted="true" cached="false" isRedirectFollow="false" requestBodyBytesHandle="-2" responseBytesHandle="57">
                      <Request url="http://localhost/industry/uploads/products/2/2/thumbnails/2_100x0.jpg" command="GET /industry/uploads/products/2/2/thumbnails/2_100x0.jpg HTTP/1.1" encoding="utf-8">
                        <Headers>Referer : http://localhost/industry/trade/sell/index.php?mod=psc3&amp;ipc=1&amp;ipsc1=1&amp;ipsc2=1
User-Agent : Mozilla/4.0 (compatible; MSIE 7.0; Windows NT 5.1)
Accept : */*
Accept-Language : en-us
Accept-Encoding : GZIP
Host : localhost
Cookie : PHPSESSID=5a0b064b9e2796918842c00f72e52f69; mylang=vietnam
</Headers>
                      </Request>
                      <Response url="http://localhost/industry/uploads/products/2/2/thumbnails/2_100x0.jpg" contentType="image/jpeg" statusLine="HTTP/1.1 200 OK" pageTime="NaN" time="0.006" statusCodeString="200 OK" contentLength="4109">
                        <Headers>Accept-Ranges : bytes
Content-Length : 4109
Content-Type : image/jpeg
Date : Tue, 23 Nov 2010 14:08:32 GMT
ETag : "5b75d040-100d-bb8f7180"
Last-Modified : Thu, 02 Sep 2010 15:47:34 GMT
Server : Apache/2.2.4 (Win32) PHP/5.2.1
</Headers>
                      </Response>
                      <Context>
                        <Entry name="$TotalAgents" value="1" />
                        <Entry name="$ControllerName" value="ASUS" />
                        <Entry name="$AgentName" value="ASUS" />
                        <Entry name="$TestLogsDir" value="C:\Documents and Settings\ASUS X82Q SERIES\My Documents\Visual Studio 2008\Projects\TestProject\TestResults\ASUS X82Q SERIES_ASUS 2010-11-23 21_08_28\In\ASUS" />
                        <Entry name="$TestDeploymentDir" value="C:\Documents and Settings\ASUS X82Q SERIES\My Documents\Visual Studio 2008\Projects\TestProject\TestResults\ASUS X82Q SERIES_ASUS 2010-11-23 21_08_28\Out" />
                        <Entry name="$AgentId" value="1" />
                        <Entry name="$AgentLoadDistributor" value="Microsoft.VisualStudio.TestTools.Execution.AgentLoadDistributor" />
                        <Entry name="$TestDir" value="C:\Documents and Settings\ASUS X82Q SERIES\My Documents\Visual Studio 2008\Projects\TestProject\TestResults\ASUS X82Q SERIES_ASUS 2010-11-23 21_08_28" />
                        <Entry name="$AgentWeighting" value="100" />
                        <Entry name="$WebTestIteration" value="1" />
                        <Entry name="$WebTestUserId" value="1" />
                      </Context>
                    </WebRequestResult>
                    <WebRequestResult exceptionMessage="" run="0" submitted="true" cached="false" isRedirectFollow="false" requestBodyBytesHandle="-2" responseBytesHandle="59">
                      <Request url="http://localhost/industry/uploads/products/1/9/thumbnails/show_image_in_imgtag.php_100x0.jpg" command="GET /industry/uploads/products/1/9/thumbnails/show_image_in_imgtag.php_100x0.jpg HTTP/1.1" encoding="utf-8">
                        <Headers>Referer : http://localhost/industry/trade/sell/index.php?mod=psc3&amp;ipc=1&amp;ipsc1=1&amp;ipsc2=1
User-Agent : Mozilla/4.0 (compatible; MSIE 7.0; Windows NT 5.1)
Accept : */*
Accept-Language : en-us
Accept-Encoding : GZIP
Host : localhost
Cookie : PHPSESSID=5a0b064b9e2796918842c00f72e52f69; mylang=vietnam
</Headers>
                      </Request>
                      <Response url="http://localhost/industry/uploads/products/1/9/thumbnails/show_image_in_imgtag.php_100x0.jpg" contentType="image/jpeg" statusLine="HTTP/1.1 200 OK" pageTime="NaN" time="0.006" statusCodeString="200 OK" contentLength="3556">
                        <Headers>Accept-Ranges : bytes
Content-Length : 3556
Content-Type : image/jpeg
Date : Tue, 23 Nov 2010 14:08:32 GMT
ETag : "5b7a10a0-de4-a6eb1f80"
Last-Modified : Fri, 03 Sep 2010 16:45:02 GMT
Server : Apache/2.2.4 (Win32) PHP/5.2.1
</Headers>
                      </Response>
                      <Context>
                        <Entry name="$TotalAgents" value="1" />
                        <Entry name="$ControllerName" value="ASUS" />
                        <Entry name="$AgentName" value="ASUS" />
                        <Entry name="$TestLogsDir" value="C:\Documents and Settings\ASUS X82Q SERIES\My Documents\Visual Studio 2008\Projects\TestProject\TestResults\ASUS X82Q SERIES_ASUS 2010-11-23 21_08_28\In\ASUS" />
                        <Entry name="$TestDeploymentDir" value="C:\Documents and Settings\ASUS X82Q SERIES\My Documents\Visual Studio 2008\Projects\TestProject\TestResults\ASUS X82Q SERIES_ASUS 2010-11-23 21_08_28\Out" />
                        <Entry name="$AgentId" value="1" />
                        <Entry name="$AgentLoadDistributor" value="Microsoft.VisualStudio.TestTools.Execution.AgentLoadDistributor" />
                        <Entry name="$TestDir" value="C:\Documents and Settings\ASUS X82Q SERIES\My Documents\Visual Studio 2008\Projects\TestProject\TestResults\ASUS X82Q SERIES_ASUS 2010-11-23 21_08_28" />
                        <Entry name="$AgentWeighting" value="100" />
                        <Entry name="$WebTestIteration" value="1" />
                        <Entry name="$WebTestUserId" value="1" />
                      </Context>
                    </WebRequestResult>
                    <WebRequestResult exceptionMessage="" run="0" submitted="true" cached="false" isRedirectFollow="false" requestBodyBytesHandle="-2" responseBytesHandle="56">
                      <Request url="http://localhost/industry/uploads/products/2/6/thumbnails/baoho_100x0.jpg" command="GET /industry/uploads/products/2/6/thumbnails/baoho_100x0.jpg HTTP/1.1" encoding="utf-8">
                        <Headers>Referer : http://localhost/industry/trade/sell/index.php?mod=psc3&amp;ipc=1&amp;ipsc1=1&amp;ipsc2=1
User-Agent : Mozilla/4.0 (compatible; MSIE 7.0; Windows NT 5.1)
Accept : */*
Accept-Language : en-us
Accept-Encoding : GZIP
Host : localhost
Cookie : PHPSESSID=5a0b064b9e2796918842c00f72e52f69; mylang=vietnam
</Headers>
                      </Request>
                      <Response url="http://localhost/industry/uploads/products/2/6/thumbnails/baoho_100x0.jpg" contentType="image/jpeg" statusLine="HTTP/1.1 200 OK" pageTime="NaN" time="0.007" statusCodeString="200 OK" contentLength="3317">
                        <Headers>Accept-Ranges : bytes
Content-Length : 3317
Content-Type : image/jpeg
Date : Tue, 23 Nov 2010 14:08:32 GMT
ETag : "5b6f1080-cf5-d41e1080"
Last-Modified : Thu, 02 Sep 2010 15:54:26 GMT
Server : Apache/2.2.4 (Win32) PHP/5.2.1
</Headers>
                      </Response>
                      <Context>
                        <Entry name="$TotalAgents" value="1" />
                        <Entry name="$ControllerName" value="ASUS" />
                        <Entry name="$AgentName" value="ASUS" />
                        <Entry name="$TestLogsDir" value="C:\Documents and Settings\ASUS X82Q SERIES\My Documents\Visual Studio 2008\Projects\TestProject\TestResults\ASUS X82Q SERIES_ASUS 2010-11-23 21_08_28\In\ASUS" />
                        <Entry name="$TestDeploymentDir" value="C:\Documents and Settings\ASUS X82Q SERIES\My Documents\Visual Studio 2008\Projects\TestProject\TestResults\ASUS X82Q SERIES_ASUS 2010-11-23 21_08_28\Out" />
                        <Entry name="$AgentId" value="1" />
                        <Entry name="$AgentLoadDistributor" value="Microsoft.VisualStudio.TestTools.Execution.AgentLoadDistributor" />
                        <Entry name="$TestDir" value="C:\Documents and Settings\ASUS X82Q SERIES\My Documents\Visual Studio 2008\Projects\TestProject\TestResults\ASUS X82Q SERIES_ASUS 2010-11-23 21_08_28" />
                        <Entry name="$AgentWeighting" value="100" />
                        <Entry name="$WebTestIteration" value="1" />
                        <Entry name="$WebTestUserId" value="1" />
                      </Context>
                    </WebRequestResult>
                    <WebRequestResult exceptionMessage="" run="0" submitted="true" cached="false" isRedirectFollow="false" requestBodyBytesHandle="-2" responseBytesHandle="58">
                      <Request url="http://localhost/industry/Interface/icon_3.gif" command="GET /industry/Interface/icon_3.gif HTTP/1.1" encoding="utf-8">
                        <Headers>Referer : http://localhost/industry/trade/sell/index.php?mod=psc3&amp;ipc=1&amp;ipsc1=1&amp;ipsc2=1
User-Agent : Mozilla/4.0 (compatible; MSIE 7.0; Windows NT 5.1)
Accept : */*
Accept-Language : en-us
Accept-Encoding : GZIP
Host : localhost
Cookie : PHPSESSID=5a0b064b9e2796918842c00f72e52f69; mylang=vietnam
</Headers>
                      </Request>
                      <Response url="http://localhost/industry/Interface/icon_3.gif" contentType="image/gif" statusLine="HTTP/1.1 200 OK" pageTime="NaN" time="0.004" statusCodeString="200 OK" contentLength="721">
                        <Headers>Accept-Ranges : bytes
Content-Length : 721
Content-Type : image/gif
Date : Tue, 23 Nov 2010 14:08:32 GMT
ETag : "63f093a0-2d1-75118f00"
Last-Modified : Tue, 03 Aug 2010 18:26:36 GMT
Server : Apache/2.2.4 (Win32) PHP/5.2.1
</Headers>
                      </Response>
                      <Context>
                        <Entry name="$TotalAgents" value="1" />
                        <Entry name="$ControllerName" value="ASUS" />
                        <Entry name="$AgentName" value="ASUS" />
                        <Entry name="$TestLogsDir" value="C:\Documents and Settings\ASUS X82Q SERIES\My Documents\Visual Studio 2008\Projects\TestProject\TestResults\ASUS X82Q SERIES_ASUS 2010-11-23 21_08_28\In\ASUS" />
                        <Entry name="$TestDeploymentDir" value="C:\Documents and Settings\ASUS X82Q SERIES\My Documents\Visual Studio 2008\Projects\TestProject\TestResults\ASUS X82Q SERIES_ASUS 2010-11-23 21_08_28\Out" />
                        <Entry name="$AgentId" value="1" />
                        <Entry name="$AgentLoadDistributor" value="Microsoft.VisualStudio.TestTools.Execution.AgentLoadDistributor" />
                        <Entry name="$TestDir" value="C:\Documents and Settings\ASUS X82Q SERIES\My Documents\Visual Studio 2008\Projects\TestProject\TestResults\ASUS X82Q SERIES_ASUS 2010-11-23 21_08_28" />
                        <Entry name="$AgentWeighting" value="100" />
                        <Entry name="$WebTestIteration" value="1" />
                        <Entry name="$WebTestUserId" value="1" />
                      </Context>
                    </WebRequestResult>
                    <WebRequestResult exceptionMessage="" run="0" submitted="true" cached="false" isRedirectFollow="false" requestBodyBytesHandle="-2" responseBytesHandle="60">
                      <Request url="http://localhost/industry/uploads/products/1/10/thumbnails/show_image_in_imgtag.php%20(1)_1_100x0.jpg" command="GET /industry/uploads/products/1/10/thumbnails/show_image_in_imgtag.php%20(1)_1_100x0.jpg HTTP/1.1" encoding="utf-8">
                        <Headers>Referer : http://localhost/industry/trade/sell/index.php?mod=psc3&amp;ipc=1&amp;ipsc1=1&amp;ipsc2=1
User-Agent : Mozilla/4.0 (compatible; MSIE 7.0; Windows NT 5.1)
Accept : */*
Accept-Language : en-us
Accept-Encoding : GZIP
Host : localhost
Cookie : PHPSESSID=5a0b064b9e2796918842c00f72e52f69; mylang=vietnam
</Headers>
                      </Request>
                      <Response url="http://localhost/industry/uploads/products/1/10/thumbnails/show_image_in_imgtag.php%20(1)_1_100x0.jpg" contentType="image/jpeg" statusLine="HTTP/1.1 200 OK" pageTime="NaN" time="0.005" statusCodeString="200 OK" contentLength="2937">
                        <Headers>Accept-Ranges : bytes
Content-Length : 2937
Content-Type : image/jpeg
Date : Tue, 23 Nov 2010 14:08:32 GMT
ETag : "5b7d10c0-b79-29cf6c80"
Last-Modified : Fri, 03 Sep 2010 17:21:38 GMT
Server : Apache/2.2.4 (Win32) PHP/5.2.1
</Headers>
                      </Response>
                      <Context>
                        <Entry name="$TotalAgents" value="1" />
                        <Entry name="$ControllerName" value="ASUS" />
                        <Entry name="$AgentName" value="ASUS" />
                        <Entry name="$TestLogsDir" value="C:\Documents and Settings\ASUS X82Q SERIES\My Documents\Visual Studio 2008\Projects\TestProject\TestResults\ASUS X82Q SERIES_ASUS 2010-11-23 21_08_28\In\ASUS" />
                        <Entry name="$TestDeploymentDir" value="C:\Documents and Settings\ASUS X82Q SERIES\My Documents\Visual Studio 2008\Projects\TestProject\TestResults\ASUS X82Q SERIES_ASUS 2010-11-23 21_08_28\Out" />
                        <Entry name="$AgentId" value="1" />
                        <Entry name="$AgentLoadDistributor" value="Microsoft.VisualStudio.TestTools.Execution.AgentLoadDistributor" />
                        <Entry name="$TestDir" value="C:\Documents and Settings\ASUS X82Q SERIES\My Documents\Visual Studio 2008\Projects\TestProject\TestResults\ASUS X82Q SERIES_ASUS 2010-11-23 21_08_28" />
                        <Entry name="$AgentWeighting" value="100" />
                        <Entry name="$WebTestIteration" value="1" />
                        <Entry name="$WebTestUserId" value="1" />
                      </Context>
                    </WebRequestResult>
                  </DependantResults>
                  <ValidationRuleResults>
                    <ValidationRuleResult message="Passed" ruleType="Validation" name="Response URL" />
                  </ValidationRuleResults>
                </WebRequestResult>
              </WebTestResultPage>
              <WebTestResultPage>
                <WebRequestResult exceptionMessage="" run="0" submitted="true" cached="false" isRedirectFollow="false" requestBodyBytesHandle="-2" responseBytesHandle="68">
                  <Request url="http://localhost/industry/trade/sell/index.php?mod=psc4&amp;ipc=1&amp;ipsc1=1&amp;ipsc2=1&amp;ipsc3=1" command="GET /industry/trade/sell/index.php?mod=psc4&amp;ipc=1&amp;ipsc1=1&amp;ipsc2=1&amp;ipsc3=1 HTTP/1.1" encoding="utf-8">
                    <Headers>User-Agent : Mozilla/4.0 (compatible; MSIE 7.0; Windows NT 5.1)
Accept : */*
Accept-Language : en-us
Accept-Encoding : GZIP
Host : localhost
Cookie : PHPSESSID=5a0b064b9e2796918842c00f72e52f69; mylang=vietnam
</Headers>
                  </Request>
                  <Response url="http://localhost/industry/trade/sell/index.php?mod=psc4&amp;ipc=1&amp;ipsc1=1&amp;ipsc2=1&amp;ipsc3=1" contentType="text/html; charset=utf-8" statusLine="HTTP/1.1 200 OK" pageTime="0.636" time="0.48" statusCodeString="200 OK" contentLength="20547">
                    <Headers>Pragma : no-cache
Transfer-Encoding : chunked
Cache-Control : no-store, no-cache, must-revalidate, post-check=0, pre-check=0
Content-Type : text/html; charset:utf-8
Date : Tue, 23 Nov 2010 14:08:32 GMT
Expires : Thu, 19 Nov 1981 08:52:00 GMT
Set-Cookie : mylang=vietnam; expires=Tue, 30-Nov-2010 14:08:33 GMT; path=/
Server : Apache/2.2.4 (Win32) PHP/5.2.1
X-Powered-By : PHP/5.2.1
</Headers>
                  </Response>
                  <Context>
                    <Entry name="$TotalAgents" value="1" />
                    <Entry name="$ControllerName" value="ASUS" />
                    <Entry name="$AgentName" value="ASUS" />
                    <Entry name="$TestLogsDir" value="C:\Documents and Settings\ASUS X82Q SERIES\My Documents\Visual Studio 2008\Projects\TestProject\TestResults\ASUS X82Q SERIES_ASUS 2010-11-23 21_08_28\In\ASUS" />
                    <Entry name="$TestDeploymentDir" value="C:\Documents and Settings\ASUS X82Q SERIES\My Documents\Visual Studio 2008\Projects\TestProject\TestResults\ASUS X82Q SERIES_ASUS 2010-11-23 21_08_28\Out" />
                    <Entry name="$AgentId" value="1" />
                    <Entry name="$AgentLoadDistributor" value="Microsoft.VisualStudio.TestTools.Execution.AgentLoadDistributor" />
                    <Entry name="$TestDir" value="C:\Documents and Settings\ASUS X82Q SERIES\My Documents\Visual Studio 2008\Projects\TestProject\TestResults\ASUS X82Q SERIES_ASUS 2010-11-23 21_08_28" />
                    <Entry name="$AgentWeighting" value="100" />
                    <Entry name="$WebTestIteration" value="1" />
                    <Entry name="$WebTestUserId" value="1" />
                  </Context>
                  <DependantResults>
                    <WebRequestResult exceptionMessage="" run="0" submitted="true" cached="false" isRedirectFollow="false" requestBodyBytesHandle="-2" responseBytesHandle="2">
                      <Request url="http://localhost/industry/library/CSS/style_menu.css" command="GET /industry/library/CSS/style_menu.css HTTP/1.1" encoding="utf-8">
                        <Headers>Referer : http://localhost/industry/trade/sell/index.php?mod=psc4&amp;ipc=1&amp;ipsc1=1&amp;ipsc2=1&amp;ipsc3=1
User-Agent : Mozilla/4.0 (compatible; MSIE 7.0; Windows NT 5.1)
Accept : */*
Accept-Language : en-us
Accept-Encoding : GZIP
Host : localhost
Cookie : PHPSESSID=5a0b064b9e2796918842c00f72e52f69; mylang=vietnam
</Headers>
                      </Request>
                      <Response url="http://localhost/industry/library/CSS/style_menu.css" contentType="text/css" statusLine="HTTP/1.1 200 OK" pageTime="NaN" time="0.01" statusCodeString="200 OK" contentLength="1103">
                        <Headers>Accept-Ranges : bytes
Content-Length : 1103
Content-Type : text/css
Date : Tue, 23 Nov 2010 14:08:33 GMT
ETag : "641553c0-44f-9c443c00"
Last-Modified : Fri, 27 Aug 2010 12:54:08 GMT
Server : Apache/2.2.4 (Win32) PHP/5.2.1
</Headers>
                      </Response>
                      <Context>
                        <Entry name="$TotalAgents" value="1" />
                        <Entry name="$ControllerName" value="ASUS" />
                        <Entry name="$AgentName" value="ASUS" />
                        <Entry name="$TestLogsDir" value="C:\Documents and Settings\ASUS X82Q SERIES\My Documents\Visual Studio 2008\Projects\TestProject\TestResults\ASUS X82Q SERIES_ASUS 2010-11-23 21_08_28\In\ASUS" />
                        <Entry name="$TestDeploymentDir" value="C:\Documents and Settings\ASUS X82Q SERIES\My Documents\Visual Studio 2008\Projects\TestProject\TestResults\ASUS X82Q SERIES_ASUS 2010-11-23 21_08_28\Out" />
                        <Entry name="$AgentId" value="1" />
                        <Entry name="$AgentLoadDistributor" value="Microsoft.VisualStudio.TestTools.Execution.AgentLoadDistributor" />
                        <Entry name="$TestDir" value="C:\Documents and Settings\ASUS X82Q SERIES\My Documents\Visual Studio 2008\Projects\TestProject\TestResults\ASUS X82Q SERIES_ASUS 2010-11-23 21_08_28" />
                        <Entry name="$AgentWeighting" value="100" />
                        <Entry name="$WebTestIteration" value="1" />
                        <Entry name="$WebTestUserId" value="1" />
                      </Context>
                    </WebRequestResult>
                    <WebRequestResult exceptionMessage="" run="0" submitted="true" cached="false" isRedirectFollow="false" requestBodyBytesHandle="-2" responseBytesHandle="1">
                      <Request url="http://localhost/industry/library/CSS/style.css" command="GET /industry/library/CSS/style.css HTTP/1.1" encoding="utf-8">
                        <Headers>Referer : http://localhost/industry/trade/sell/index.php?mod=psc4&amp;ipc=1&amp;ipsc1=1&amp;ipsc2=1&amp;ipsc3=1
User-Agent : Mozilla/4.0 (compatible; MSIE 7.0; Windows NT 5.1)
Accept : */*
Accept-Language : en-us
Accept-Encoding : GZIP
Host : localhost
Cookie : PHPSESSID=5a0b064b9e2796918842c00f72e52f69; mylang=vietnam
</Headers>
                      </Request>
                      <Response url="http://localhost/industry/library/CSS/style.css" contentType="text/css" statusLine="HTTP/1.1 200 OK" pageTime="NaN" time="0.01" statusCodeString="200 OK" contentLength="9991">
                        <Headers>Accept-Ranges : bytes
Content-Length : 9991
Content-Type : text/css
Date : Tue, 23 Nov 2010 14:08:33 GMT
ETag : "64155240-2707-e0400a80"
Last-Modified : Fri, 24 Sep 2010 18:52:10 GMT
Server : Apache/2.2.4 (Win32) PHP/5.2.1
</Headers>
                      </Response>
                      <Context>
                        <Entry name="$TotalAgents" value="1" />
                        <Entry name="$ControllerName" value="ASUS" />
                        <Entry name="$AgentName" value="ASUS" />
                        <Entry name="$TestLogsDir" value="C:\Documents and Settings\ASUS X82Q SERIES\My Documents\Visual Studio 2008\Projects\TestProject\TestResults\ASUS X82Q SERIES_ASUS 2010-11-23 21_08_28\In\ASUS" />
                        <Entry name="$TestDeploymentDir" value="C:\Documents and Settings\ASUS X82Q SERIES\My Documents\Visual Studio 2008\Projects\TestProject\TestResults\ASUS X82Q SERIES_ASUS 2010-11-23 21_08_28\Out" />
                        <Entry name="$AgentId" value="1" />
                        <Entry name="$AgentLoadDistributor" value="Microsoft.VisualStudio.TestTools.Execution.AgentLoadDistributor" />
                        <Entry name="$TestDir" value="C:\Documents and Settings\ASUS X82Q SERIES\My Documents\Visual Studio 2008\Projects\TestProject\TestResults\ASUS X82Q SERIES_ASUS 2010-11-23 21_08_28" />
                        <Entry name="$AgentWeighting" value="100" />
                        <Entry name="$WebTestIteration" value="1" />
                        <Entry name="$WebTestUserId" value="1" />
                      </Context>
                    </WebRequestResult>
                    <WebRequestResult exceptionMessage="" run="0" submitted="true" cached="false" isRedirectFollow="false" requestBodyBytesHandle="-2" responseBytesHandle="44">
                      <Request url="http://localhost/industry/library/CSS/style_buy_sale.css" command="GET /industry/library/CSS/style_buy_sale.css HTTP/1.1" encoding="utf-8">
                        <Headers>Referer : http://localhost/industry/trade/sell/index.php?mod=psc4&amp;ipc=1&amp;ipsc1=1&amp;ipsc2=1&amp;ipsc3=1
User-Agent : Mozilla/4.0 (compatible; MSIE 7.0; Windows NT 5.1)
Accept : */*
Accept-Language : en-us
Accept-Encoding : GZIP
Host : localhost
Cookie : PHPSESSID=5a0b064b9e2796918842c00f72e52f69; mylang=vietnam
</Headers>
                      </Request>
                      <Response url="http://localhost/industry/library/CSS/style_buy_sale.css" contentType="text/css" statusLine="HTTP/1.1 200 OK" pageTime="NaN" time="0.009" statusCodeString="200 OK" contentLength="4307">
                        <Headers>Accept-Ranges : bytes
Content-Length : 4307
Content-Type : text/css
Date : Tue, 23 Nov 2010 14:08:33 GMT
ETag : "641552a0-10d3-f8823c00"
Last-Modified : Mon, 20 Sep 2010 05:13:20 GMT
Server : Apache/2.2.4 (Win32) PHP/5.2.1
</Headers>
                      </Response>
                      <Context>
                        <Entry name="$TotalAgents" value="1" />
                        <Entry name="$ControllerName" value="ASUS" />
                        <Entry name="$AgentName" value="ASUS" />
                        <Entry name="$TestLogsDir" value="C:\Documents and Settings\ASUS X82Q SERIES\My Documents\Visual Studio 2008\Projects\TestProject\TestResults\ASUS X82Q SERIES_ASUS 2010-11-23 21_08_28\In\ASUS" />
                        <Entry name="$TestDeploymentDir" value="C:\Documents and Settings\ASUS X82Q SERIES\My Documents\Visual Studio 2008\Projects\TestProject\TestResults\ASUS X82Q SERIES_ASUS 2010-11-23 21_08_28\Out" />
                        <Entry name="$AgentId" value="1" />
                        <Entry name="$AgentLoadDistributor" value="Microsoft.VisualStudio.TestTools.Execution.AgentLoadDistributor" />
                        <Entry name="$TestDir" value="C:\Documents and Settings\ASUS X82Q SERIES\My Documents\Visual Studio 2008\Projects\TestProject\TestResults\ASUS X82Q SERIES_ASUS 2010-11-23 21_08_28" />
                        <Entry name="$AgentWeighting" value="100" />
                        <Entry name="$WebTestIteration" value="1" />
                        <Entry name="$WebTestUserId" value="1" />
                      </Context>
                    </WebRequestResult>
                    <WebRequestResult exceptionMessage="" run="0" submitted="true" cached="false" isRedirectFollow="false" requestBodyBytesHandle="-2" responseBytesHandle="43">
                      <Request url="http://localhost/industry/library/CSS/style-slide.css" command="GET /industry/library/CSS/style-slide.css HTTP/1.1" encoding="utf-8">
                        <Headers>Referer : http://localhost/industry/trade/sell/index.php?mod=psc4&amp;ipc=1&amp;ipsc1=1&amp;ipsc2=1&amp;ipsc3=1
User-Agent : Mozilla/4.0 (compatible; MSIE 7.0; Windows NT 5.1)
Accept : */*
Accept-Language : en-us
Accept-Encoding : GZIP
Host : localhost
Cookie : PHPSESSID=5a0b064b9e2796918842c00f72e52f69; mylang=vietnam
</Headers>
                      </Request>
                      <Response url="http://localhost/industry/library/CSS/style-slide.css" contentType="text/css" statusLine="HTTP/1.1 200 OK" pageTime="NaN" time="0.01" statusCodeString="200 OK" contentLength="1629">
                        <Headers>Accept-Ranges : bytes
Content-Length : 1629
Content-Type : text/css
Date : Tue, 23 Nov 2010 14:08:33 GMT
ETag : "64155220-65d-d44b7f00"
Last-Modified : Fri, 27 Aug 2010 13:09:48 GMT
Server : Apache/2.2.4 (Win32) PHP/5.2.1
</Headers>
                      </Response>
                      <Context>
                        <Entry name="$TotalAgents" value="1" />
                        <Entry name="$ControllerName" value="ASUS" />
                        <Entry name="$AgentName" value="ASUS" />
                        <Entry name="$TestLogsDir" value="C:\Documents and Settings\ASUS X82Q SERIES\My Documents\Visual Studio 2008\Projects\TestProject\TestResults\ASUS X82Q SERIES_ASUS 2010-11-23 21_08_28\In\ASUS" />
                        <Entry name="$TestDeploymentDir" value="C:\Documents and Settings\ASUS X82Q SERIES\My Documents\Visual Studio 2008\Projects\TestProject\TestResults\ASUS X82Q SERIES_ASUS 2010-11-23 21_08_28\Out" />
                        <Entry name="$AgentId" value="1" />
                        <Entry name="$AgentLoadDistributor" value="Microsoft.VisualStudio.TestTools.Execution.AgentLoadDistributor" />
                        <Entry name="$TestDir" value="C:\Documents and Settings\ASUS X82Q SERIES\My Documents\Visual Studio 2008\Projects\TestProject\TestResults\ASUS X82Q SERIES_ASUS 2010-11-23 21_08_28" />
                        <Entry name="$AgentWeighting" value="100" />
                        <Entry name="$WebTestIteration" value="1" />
                        <Entry name="$WebTestUserId" value="1" />
                      </Context>
                    </WebRequestResult>
                    <WebRequestResult exceptionMessage="" run="0" submitted="true" cached="false" isRedirectFollow="false" requestBodyBytesHandle="-2" responseBytesHandle="8">
                      <Request url="http://localhost/industry/library/js/script.js" command="GET /industry/library/js/script.js HTTP/1.1" encoding="utf-8">
                        <Headers>Referer : http://localhost/industry/trade/sell/index.php?mod=psc4&amp;ipc=1&amp;ipsc1=1&amp;ipsc2=1&amp;ipsc3=1
User-Agent : Mozilla/4.0 (compatible; MSIE 7.0; Windows NT 5.1)
Accept : */*
Accept-Language : en-us
Accept-Encoding : GZIP
Host : localhost
Cookie : PHPSESSID=5a0b064b9e2796918842c00f72e52f69; mylang=vietnam
</Headers>
                      </Request>
                      <Response url="http://localhost/industry/library/js/script.js" contentType="application/x-javascript" statusLine="HTTP/1.1 200 OK" pageTime="NaN" time="0.007" statusCodeString="200 OK" contentLength="403">
                        <Headers>Accept-Ranges : bytes
Content-Length : 403
Content-Type : application/x-javascript
Date : Tue, 23 Nov 2010 14:08:33 GMT
ETag : "640c1340-193-56ac8480"
Last-Modified : Tue, 27 Jul 2010 06:09:06 GMT
Server : Apache/2.2.4 (Win32) PHP/5.2.1
</Headers>
                      </Response>
                      <Context>
                        <Entry name="$TotalAgents" value="1" />
                        <Entry name="$ControllerName" value="ASUS" />
                        <Entry name="$AgentName" value="ASUS" />
                        <Entry name="$TestLogsDir" value="C:\Documents and Settings\ASUS X82Q SERIES\My Documents\Visual Studio 2008\Projects\TestProject\TestResults\ASUS X82Q SERIES_ASUS 2010-11-23 21_08_28\In\ASUS" />
                        <Entry name="$TestDeploymentDir" value="C:\Documents and Settings\ASUS X82Q SERIES\My Documents\Visual Studio 2008\Projects\TestProject\TestResults\ASUS X82Q SERIES_ASUS 2010-11-23 21_08_28\Out" />
                        <Entry name="$AgentId" value="1" />
                        <Entry name="$AgentLoadDistributor" value="Microsoft.VisualStudio.TestTools.Execution.AgentLoadDistributor" />
                        <Entry name="$TestDir" value="C:\Documents and Settings\ASUS X82Q SERIES\My Documents\Visual Studio 2008\Projects\TestProject\TestResults\ASUS X82Q SERIES_ASUS 2010-11-23 21_08_28" />
                        <Entry name="$AgentWeighting" value="100" />
                        <Entry name="$WebTestIteration" value="1" />
                        <Entry name="$WebTestUserId" value="1" />
                      </Context>
                    </WebRequestResult>
                    <WebRequestResult exceptionMessage="" run="0" submitted="true" cached="false" isRedirectFollow="false" requestBodyBytesHandle="-2" responseBytesHandle="11">
                      <Request url="http://localhost/industry/library/js/jquery_menu.js" command="GET /industry/library/js/jquery_menu.js HTTP/1.1" encoding="utf-8">
                        <Headers>Referer : http://localhost/industry/trade/sell/index.php?mod=psc4&amp;ipc=1&amp;ipsc1=1&amp;ipsc2=1&amp;ipsc3=1
User-Agent : Mozilla/4.0 (compatible; MSIE 7.0; Windows NT 5.1)
Accept : */*
Accept-Language : en-us
Accept-Encoding : GZIP
Host : localhost
Cookie : PHPSESSID=5a0b064b9e2796918842c00f72e52f69; mylang=vietnam
</Headers>
                      </Request>
                      <Response url="http://localhost/industry/library/js/jquery_menu.js" contentType="application/x-javascript" statusLine="HTTP/1.1 200 OK" pageTime="NaN" time="0.066" statusCodeString="200 OK" contentLength="57170">
                        <Headers>X-Pad : avoid browser bug
Accept-Ranges : bytes
Content-Length : 57170
Content-Type : application/x-javascript
Date : Tue, 23 Nov 2010 14:08:33 GMT
ETag : "640c1260-df52-984af280"
Last-Modified : Tue, 27 Jul 2010 02:52:42 GMT
Server : Apache/2.2.4 (Win32) PHP/5.2.1
</Headers>
                      </Response>
                      <Context>
                        <Entry name="$TotalAgents" value="1" />
                        <Entry name="$ControllerName" value="ASUS" />
                        <Entry name="$AgentName" value="ASUS" />
                        <Entry name="$TestLogsDir" value="C:\Documents and Settings\ASUS X82Q SERIES\My Documents\Visual Studio 2008\Projects\TestProject\TestResults\ASUS X82Q SERIES_ASUS 2010-11-23 21_08_28\In\ASUS" />
                        <Entry name="$TestDeploymentDir" value="C:\Documents and Settings\ASUS X82Q SERIES\My Documents\Visual Studio 2008\Projects\TestProject\TestResults\ASUS X82Q SERIES_ASUS 2010-11-23 21_08_28\Out" />
                        <Entry name="$AgentId" value="1" />
                        <Entry name="$AgentLoadDistributor" value="Microsoft.VisualStudio.TestTools.Execution.AgentLoadDistributor" />
                        <Entry name="$TestDir" value="C:\Documents and Settings\ASUS X82Q SERIES\My Documents\Visual Studio 2008\Projects\TestProject\TestResults\ASUS X82Q SERIES_ASUS 2010-11-23 21_08_28" />
                        <Entry name="$AgentWeighting" value="100" />
                        <Entry name="$WebTestIteration" value="1" />
                        <Entry name="$WebTestUserId" value="1" />
                      </Context>
                    </WebRequestResult>
                    <WebRequestResult exceptionMessage="" run="0" submitted="true" cached="false" isRedirectFollow="false" requestBodyBytesHandle="-2" responseBytesHandle="45">
                      <Request url="http://localhost/industry/library/js/jquery.js" command="GET /industry/library/js/jquery.js HTTP/1.1" encoding="utf-8">
                        <Headers>Referer : http://localhost/industry/trade/sell/index.php?mod=psc4&amp;ipc=1&amp;ipsc1=1&amp;ipsc2=1&amp;ipsc3=1
User-Agent : Mozilla/4.0 (compatible; MSIE 7.0; Windows NT 5.1)
Accept : */*
Accept-Language : en-us
Accept-Encoding : GZIP
Host : localhost
Cookie : PHPSESSID=5a0b064b9e2796918842c00f72e52f69; mylang=vietnam
</Headers>
                      </Request>
                      <Response url="http://localhost/industry/library/js/jquery.js" contentType="application/x-javascript" statusLine="HTTP/1.1 200 OK" pageTime="NaN" time="0.06" statusCodeString="200 OK" contentLength="50783">
                        <Headers>X-Pad : avoid browser bug
Accept-Ranges : bytes
Content-Length : 50783
Content-Type : application/x-javascript
Date : Tue, 23 Nov 2010 14:08:33 GMT
ETag : "640c11c0-c65f-f7d5c480"
Last-Modified : Fri, 06 Aug 2010 16:14:58 GMT
Server : Apache/2.2.4 (Win32) PHP/5.2.1
</Headers>
                      </Response>
                      <Context>
                        <Entry name="$TotalAgents" value="1" />
                        <Entry name="$ControllerName" value="ASUS" />
                        <Entry name="$AgentName" value="ASUS" />
                        <Entry name="$TestLogsDir" value="C:\Documents and Settings\ASUS X82Q SERIES\My Documents\Visual Studio 2008\Projects\TestProject\TestResults\ASUS X82Q SERIES_ASUS 2010-11-23 21_08_28\In\ASUS" />
                        <Entry name="$TestDeploymentDir" value="C:\Documents and Settings\ASUS X82Q SERIES\My Documents\Visual Studio 2008\Projects\TestProject\TestResults\ASUS X82Q SERIES_ASUS 2010-11-23 21_08_28\Out" />
                        <Entry name="$AgentId" value="1" />
                        <Entry name="$AgentLoadDistributor" value="Microsoft.VisualStudio.TestTools.Execution.AgentLoadDistributor" />
                        <Entry name="$TestDir" value="C:\Documents and Settings\ASUS X82Q SERIES\My Documents\Visual Studio 2008\Projects\TestProject\TestResults\ASUS X82Q SERIES_ASUS 2010-11-23 21_08_28" />
                        <Entry name="$AgentWeighting" value="100" />
                        <Entry name="$WebTestIteration" value="1" />
                        <Entry name="$WebTestUserId" value="1" />
                      </Context>
                    </WebRequestResult>
                    <WebRequestResult exceptionMessage="" run="0" submitted="true" cached="false" isRedirectFollow="false" requestBodyBytesHandle="-2" responseBytesHandle="46">
                      <Request url="http://localhost/industry/library/js/jcarousellite.js" command="GET /industry/library/js/jcarousellite.js HTTP/1.1" encoding="utf-8">
                        <Headers>Referer : http://localhost/industry/trade/sell/index.php?mod=psc4&amp;ipc=1&amp;ipsc1=1&amp;ipsc2=1&amp;ipsc3=1
User-Agent : Mozilla/4.0 (compatible; MSIE 7.0; Windows NT 5.1)
Accept : */*
Accept-Language : en-us
Accept-Encoding : GZIP
Host : localhost
Cookie : PHPSESSID=5a0b064b9e2796918842c00f72e52f69; mylang=vietnam
</Headers>
                      </Request>
                      <Response url="http://localhost/industry/library/js/jcarousellite.js" contentType="application/x-javascript" statusLine="HTTP/1.1 200 OK" pageTime="NaN" time="0.007" statusCodeString="200 OK" contentLength="114">
                        <Headers>Accept-Ranges : bytes
Content-Length : 114
Content-Type : application/x-javascript
Date : Tue, 23 Nov 2010 14:08:33 GMT
ETag : "640c1140-72-d8661c00"
Last-Modified : Sat, 07 Aug 2010 13:34:40 GMT
Server : Apache/2.2.4 (Win32) PHP/5.2.1
</Headers>
                      </Response>
                      <Context>
                        <Entry name="$TotalAgents" value="1" />
                        <Entry name="$ControllerName" value="ASUS" />
                        <Entry name="$AgentName" value="ASUS" />
                        <Entry name="$TestLogsDir" value="C:\Documents and Settings\ASUS X82Q SERIES\My Documents\Visual Studio 2008\Projects\TestProject\TestResults\ASUS X82Q SERIES_ASUS 2010-11-23 21_08_28\In\ASUS" />
                        <Entry name="$TestDeploymentDir" value="C:\Documents and Settings\ASUS X82Q SERIES\My Documents\Visual Studio 2008\Projects\TestProject\TestResults\ASUS X82Q SERIES_ASUS 2010-11-23 21_08_28\Out" />
                        <Entry name="$AgentId" value="1" />
                        <Entry name="$AgentLoadDistributor" value="Microsoft.VisualStudio.TestTools.Execution.AgentLoadDistributor" />
                        <Entry name="$TestDir" value="C:\Documents and Settings\ASUS X82Q SERIES\My Documents\Visual Studio 2008\Projects\TestProject\TestResults\ASUS X82Q SERIES_ASUS 2010-11-23 21_08_28" />
                        <Entry name="$AgentWeighting" value="100" />
                        <Entry name="$WebTestIteration" value="1" />
                        <Entry name="$WebTestUserId" value="1" />
                      </Context>
                    </WebRequestResult>
                    <WebRequestResult exceptionMessage="" run="0" submitted="true" cached="false" isRedirectFollow="false" requestBodyBytesHandle="-2" responseBytesHandle="15">
                      <Request url="http://localhost/industry/interface/search.jpg" command="GET /industry/interface/search.jpg HTTP/1.1" encoding="utf-8">
                        <Headers>Referer : http://localhost/industry/trade/sell/index.php?mod=psc4&amp;ipc=1&amp;ipsc1=1&amp;ipsc2=1&amp;ipsc3=1
User-Agent : Mozilla/4.0 (compatible; MSIE 7.0; Windows NT 5.1)
Accept : */*
Accept-Language : en-us
Accept-Encoding : GZIP
Host : localhost
Cookie : PHPSESSID=5a0b064b9e2796918842c00f72e52f69; mylang=vietnam
</Headers>
                      </Request>
                      <Response url="http://localhost/industry/interface/search.jpg" contentType="image/jpeg" statusLine="HTTP/1.1 200 OK" pageTime="NaN" time="0.005" statusCodeString="200 OK" contentLength="1525">
                        <Headers>Accept-Ranges : bytes
Content-Length : 1525
Content-Type : image/jpeg
Date : Tue, 23 Nov 2010 14:08:33 GMT
ETag : "63f09960-5f5-160fc780"
Last-Modified : Sun, 25 Jul 2010 16:51:58 GMT
Server : Apache/2.2.4 (Win32) PHP/5.2.1
</Headers>
                      </Response>
                      <Context>
                        <Entry name="$TotalAgents" value="1" />
                        <Entry name="$ControllerName" value="ASUS" />
                        <Entry name="$AgentName" value="ASUS" />
                        <Entry name="$TestLogsDir" value="C:\Documents and Settings\ASUS X82Q SERIES\My Documents\Visual Studio 2008\Projects\TestProject\TestResults\ASUS X82Q SERIES_ASUS 2010-11-23 21_08_28\In\ASUS" />
                        <Entry name="$TestDeploymentDir" value="C:\Documents and Settings\ASUS X82Q SERIES\My Documents\Visual Studio 2008\Projects\TestProject\TestResults\ASUS X82Q SERIES_ASUS 2010-11-23 21_08_28\Out" />
                        <Entry name="$AgentId" value="1" />
                        <Entry name="$AgentLoadDistributor" value="Microsoft.VisualStudio.TestTools.Execution.AgentLoadDistributor" />
                        <Entry name="$TestDir" value="C:\Documents and Settings\ASUS X82Q SERIES\My Documents\Visual Studio 2008\Projects\TestProject\TestResults\ASUS X82Q SERIES_ASUS 2010-11-23 21_08_28" />
                        <Entry name="$AgentWeighting" value="100" />
                        <Entry name="$WebTestIteration" value="1" />
                        <Entry name="$WebTestUserId" value="1" />
                      </Context>
                    </WebRequestResult>
                    <WebRequestResult exceptionMessage="" run="0" submitted="true" cached="false" isRedirectFollow="false" requestBodyBytesHandle="-2" responseBytesHandle="33">
                      <Request url="http://localhost/industry/Interface/reg_1.jpg" command="GET /industry/Interface/reg_1.jpg HTTP/1.1" encoding="utf-8">
                        <Headers>Referer : http://localhost/industry/trade/sell/index.php?mod=psc4&amp;ipc=1&amp;ipsc1=1&amp;ipsc2=1&amp;ipsc3=1
User-Agent : Mozilla/4.0 (compatible; MSIE 7.0; Windows NT 5.1)
Accept : */*
Accept-Language : en-us
Accept-Encoding : GZIP
Host : localhost
Cookie : PHPSESSID=5a0b064b9e2796918842c00f72e52f69; mylang=vietnam
</Headers>
                      </Request>
                      <Response url="http://localhost/industry/Interface/reg_1.jpg" contentType="image/jpeg" statusLine="HTTP/1.1 200 OK" pageTime="NaN" time="0.004" statusCodeString="200 OK" contentLength="2284">
                        <Headers>Accept-Ranges : bytes
Content-Length : 2284
Content-Type : image/jpeg
Date : Tue, 23 Nov 2010 14:08:33 GMT
ETag : "63f09940-8ec-d41dd680"
Last-Modified : Tue, 03 Aug 2010 05:45:46 GMT
Server : Apache/2.2.4 (Win32) PHP/5.2.1
</Headers>
                      </Response>
                      <Context>
                        <Entry name="$TotalAgents" value="1" />
                        <Entry name="$ControllerName" value="ASUS" />
                        <Entry name="$AgentName" value="ASUS" />
                        <Entry name="$TestLogsDir" value="C:\Documents and Settings\ASUS X82Q SERIES\My Documents\Visual Studio 2008\Projects\TestProject\TestResults\ASUS X82Q SERIES_ASUS 2010-11-23 21_08_28\In\ASUS" />
                        <Entry name="$TestDeploymentDir" value="C:\Documents and Settings\ASUS X82Q SERIES\My Documents\Visual Studio 2008\Projects\TestProject\TestResults\ASUS X82Q SERIES_ASUS 2010-11-23 21_08_28\Out" />
                        <Entry name="$AgentId" value="1" />
                        <Entry name="$AgentLoadDistributor" value="Microsoft.VisualStudio.TestTools.Execution.AgentLoadDistributor" />
                        <Entry name="$TestDir" value="C:\Documents and Settings\ASUS X82Q SERIES\My Documents\Visual Studio 2008\Projects\TestProject\TestResults\ASUS X82Q SERIES_ASUS 2010-11-23 21_08_28" />
                        <Entry name="$AgentWeighting" value="100" />
                        <Entry name="$WebTestIteration" value="1" />
                        <Entry name="$WebTestUserId" value="1" />
                      </Context>
                    </WebRequestResult>
                    <WebRequestResult exceptionMessage="" run="0" submitted="true" cached="false" isRedirectFollow="false" requestBodyBytesHandle="-2" responseBytesHandle="47">
                      <Request url="http://localhost/industry/Interface/khung_2_1.jpg" command="GET /industry/Interface/khung_2_1.jpg HTTP/1.1" encoding="utf-8">
                        <Headers>Referer : http://localhost/industry/trade/sell/index.php?mod=psc4&amp;ipc=1&amp;ipsc1=1&amp;ipsc2=1&amp;ipsc3=1
User-Agent : Mozilla/4.0 (compatible; MSIE 7.0; Windows NT 5.1)
Accept : */*
Accept-Language : en-us
Accept-Encoding : GZIP
Host : localhost
Cookie : PHPSESSID=5a0b064b9e2796918842c00f72e52f69; mylang=vietnam
</Headers>
                      </Request>
                      <Response url="http://localhost/industry/Interface/khung_2_1.jpg" contentType="image/jpeg" statusLine="HTTP/1.1 200 OK" pageTime="NaN" time="0.004" statusCodeString="200 OK" contentLength="774">
                        <Headers>Accept-Ranges : bytes
Content-Length : 774
Content-Type : image/jpeg
Date : Tue, 23 Nov 2010 14:08:33 GMT
ETag : "63f094e0-306-eb3b3680"
Last-Modified : Tue, 24 Aug 2010 05:20:10 GMT
Server : Apache/2.2.4 (Win32) PHP/5.2.1
</Headers>
                      </Response>
                      <Context>
                        <Entry name="$TotalAgents" value="1" />
                        <Entry name="$ControllerName" value="ASUS" />
                        <Entry name="$AgentName" value="ASUS" />
                        <Entry name="$TestLogsDir" value="C:\Documents and Settings\ASUS X82Q SERIES\My Documents\Visual Studio 2008\Projects\TestProject\TestResults\ASUS X82Q SERIES_ASUS 2010-11-23 21_08_28\In\ASUS" />
                        <Entry name="$TestDeploymentDir" value="C:\Documents and Settings\ASUS X82Q SERIES\My Documents\Visual Studio 2008\Projects\TestProject\TestResults\ASUS X82Q SERIES_ASUS 2010-11-23 21_08_28\Out" />
                        <Entry name="$AgentId" value="1" />
                        <Entry name="$AgentLoadDistributor" value="Microsoft.VisualStudio.TestTools.Execution.AgentLoadDistributor" />
                        <Entry name="$TestDir" value="C:\Documents and Settings\ASUS X82Q SERIES\My Documents\Visual Studio 2008\Projects\TestProject\TestResults\ASUS X82Q SERIES_ASUS 2010-11-23 21_08_28" />
                        <Entry name="$AgentWeighting" value="100" />
                        <Entry name="$WebTestIteration" value="1" />
                        <Entry name="$WebTestUserId" value="1" />
                      </Context>
                    </WebRequestResult>
                    <WebRequestResult exceptionMessage="" run="0" submitted="true" cached="false" isRedirectFollow="false" requestBodyBytesHandle="-2" responseBytesHandle="48">
                      <Request url="http://localhost/industry/trade/sell/library/js/swfobject.js" command="GET /industry/trade/sell/library/js/swfobject.js HTTP/1.1" encoding="utf-8">
                        <Headers>Referer : http://localhost/industry/trade/sell/index.php?mod=psc4&amp;ipc=1&amp;ipsc1=1&amp;ipsc2=1&amp;ipsc3=1
User-Agent : Mozilla/4.0 (compatible; MSIE 7.0; Windows NT 5.1)
Accept : */*
Accept-Language : en-us
Accept-Encoding : GZIP
Host : localhost
Cookie : PHPSESSID=5a0b064b9e2796918842c00f72e52f69; mylang=vietnam
</Headers>
                      </Request>
                      <Response url="http://localhost/industry/trade/sell/library/js/swfobject.js" contentType="text/html; charset=iso-8859-1" statusLine="HTTP/1.1 404 Not Found" pageTime="NaN" time="0.012" statusCodeString="404 Not Found" contentLength="324">
                        <Headers>Content-Length : 324
Content-Type : text/html; charset=iso-8859-1
Date : Tue, 23 Nov 2010 14:08:33 GMT
Server : Apache/2.2.4 (Win32) PHP/5.2.1
</Headers>
                      </Response>
                      <Context>
                        <Entry name="$TotalAgents" value="1" />
                        <Entry name="$ControllerName" value="ASUS" />
                        <Entry name="$AgentName" value="ASUS" />
                        <Entry name="$TestLogsDir" value="C:\Documents and Settings\ASUS X82Q SERIES\My Documents\Visual Studio 2008\Projects\TestProject\TestResults\ASUS X82Q SERIES_ASUS 2010-11-23 21_08_28\In\ASUS" />
                        <Entry name="$TestDeploymentDir" value="C:\Documents and Settings\ASUS X82Q SERIES\My Documents\Visual Studio 2008\Projects\TestProject\TestResults\ASUS X82Q SERIES_ASUS 2010-11-23 21_08_28\Out" />
                        <Entry name="$AgentId" value="1" />
                        <Entry name="$AgentLoadDistributor" value="Microsoft.VisualStudio.TestTools.Execution.AgentLoadDistributor" />
                        <Entry name="$TestDir" value="C:\Documents and Settings\ASUS X82Q SERIES\My Documents\Visual Studio 2008\Projects\TestProject\TestResults\ASUS X82Q SERIES_ASUS 2010-11-23 21_08_28" />
                        <Entry name="$AgentWeighting" value="100" />
                        <Entry name="$WebTestIteration" value="1" />
                        <Entry name="$WebTestUserId" value="1" />
                      </Context>
                      <Errors>
                        <Error type="HttpError" subType="404 - NotFound" text="404 - NotFound" time="2010-11-23T21:08:33.5156250+07:00" />
                      </Errors>
                    </WebRequestResult>
                    <WebRequestResult exceptionMessage="" run="0" submitted="true" cached="false" isRedirectFollow="false" requestBodyBytesHandle="-2" responseBytesHandle="49">
                      <Request url="http://localhost/industry/Interface/home-1.jpg" command="GET /industry/Interface/home-1.jpg HTTP/1.1" encoding="utf-8">
                        <Headers>Referer : http://localhost/industry/trade/sell/index.php?mod=psc4&amp;ipc=1&amp;ipsc1=1&amp;ipsc2=1&amp;ipsc3=1
User-Agent : Mozilla/4.0 (compatible; MSIE 7.0; Windows NT 5.1)
Accept : */*
Accept-Language : en-us
Accept-Encoding : GZIP
Host : localhost
Cookie : PHPSESSID=5a0b064b9e2796918842c00f72e52f69; mylang=vietnam
</Headers>
                      </Request>
                      <Response url="http://localhost/industry/Interface/home-1.jpg" contentType="image/jpeg" statusLine="HTTP/1.1 200 OK" pageTime="NaN" time="0.004" statusCodeString="200 OK" contentLength="495">
                        <Headers>Accept-Ranges : bytes
Content-Length : 495
Content-Type : image/jpeg
Date : Tue, 23 Nov 2010 14:08:33 GMT
ETag : "63f092c0-1ef-25b79e80"
Last-Modified : Tue, 03 Aug 2010 07:20:10 GMT
Server : Apache/2.2.4 (Win32) PHP/5.2.1
</Headers>
                      </Response>
                      <Context>
                        <Entry name="$TotalAgents" value="1" />
                        <Entry name="$ControllerName" value="ASUS" />
                        <Entry name="$AgentName" value="ASUS" />
                        <Entry name="$TestLogsDir" value="C:\Documents and Settings\ASUS X82Q SERIES\My Documents\Visual Studio 2008\Projects\TestProject\TestResults\ASUS X82Q SERIES_ASUS 2010-11-23 21_08_28\In\ASUS" />
                        <Entry name="$TestDeploymentDir" value="C:\Documents and Settings\ASUS X82Q SERIES\My Documents\Visual Studio 2008\Projects\TestProject\TestResults\ASUS X82Q SERIES_ASUS 2010-11-23 21_08_28\Out" />
                        <Entry name="$AgentId" value="1" />
                        <Entry name="$AgentLoadDistributor" value="Microsoft.VisualStudio.TestTools.Execution.AgentLoadDistributor" />
                        <Entry name="$TestDir" value="C:\Documents and Settings\ASUS X82Q SERIES\My Documents\Visual Studio 2008\Projects\TestProject\TestResults\ASUS X82Q SERIES_ASUS 2010-11-23 21_08_28" />
                        <Entry name="$AgentWeighting" value="100" />
                        <Entry name="$WebTestIteration" value="1" />
                        <Entry name="$WebTestUserId" value="1" />
                      </Context>
                    </WebRequestResult>
                    <WebRequestResult exceptionMessage="" run="0" submitted="true" cached="false" isRedirectFollow="false" requestBodyBytesHandle="-2" responseBytesHandle="54">
                      <Request url="http://localhost/industry/uploads/products/2/4/thumbnails/4_100x0.jpg" command="GET /industry/uploads/products/2/4/thumbnails/4_100x0.jpg HTTP/1.1" encoding="utf-8">
                        <Headers>Referer : http://localhost/industry/trade/sell/index.php?mod=psc4&amp;ipc=1&amp;ipsc1=1&amp;ipsc2=1&amp;ipsc3=1
User-Agent : Mozilla/4.0 (compatible; MSIE 7.0; Windows NT 5.1)
Accept : */*
Accept-Language : en-us
Accept-Encoding : GZIP
Host : localhost
Cookie : PHPSESSID=5a0b064b9e2796918842c00f72e52f69; mylang=vietnam
</Headers>
                      </Request>
                      <Response url="http://localhost/industry/uploads/products/2/4/thumbnails/4_100x0.jpg" contentType="image/jpeg" statusLine="HTTP/1.1 200 OK" pageTime="NaN" time="0.005" statusCodeString="200 OK" contentLength="3707">
                        <Headers>Accept-Ranges : bytes
Content-Length : 3707
Content-Type : image/jpeg
Date : Tue, 23 Nov 2010 14:08:33 GMT
ETag : "5b721040-e7b-c9267280"
Last-Modified : Thu, 02 Sep 2010 15:51:22 GMT
Server : Apache/2.2.4 (Win32) PHP/5.2.1
</Headers>
                      </Response>
                      <Context>
                        <Entry name="$TotalAgents" value="1" />
                        <Entry name="$ControllerName" value="ASUS" />
                        <Entry name="$AgentName" value="ASUS" />
                        <Entry name="$TestLogsDir" value="C:\Documents and Settings\ASUS X82Q SERIES\My Documents\Visual Studio 2008\Projects\TestProject\TestResults\ASUS X82Q SERIES_ASUS 2010-11-23 21_08_28\In\ASUS" />
                        <Entry name="$TestDeploymentDir" value="C:\Documents and Settings\ASUS X82Q SERIES\My Documents\Visual Studio 2008\Projects\TestProject\TestResults\ASUS X82Q SERIES_ASUS 2010-11-23 21_08_28\Out" />
                        <Entry name="$AgentId" value="1" />
                        <Entry name="$AgentLoadDistributor" value="Microsoft.VisualStudio.TestTools.Execution.AgentLoadDistributor" />
                        <Entry name="$TestDir" value="C:\Documents and Settings\ASUS X82Q SERIES\My Documents\Visual Studio 2008\Projects\TestProject\TestResults\ASUS X82Q SERIES_ASUS 2010-11-23 21_08_28" />
                        <Entry name="$AgentWeighting" value="100" />
                        <Entry name="$WebTestIteration" value="1" />
                        <Entry name="$WebTestUserId" value="1" />
                      </Context>
                    </WebRequestResult>
                    <WebRequestResult exceptionMessage="" run="0" submitted="true" cached="false" isRedirectFollow="false" requestBodyBytesHandle="-2" responseBytesHandle="52">
                      <Request url="http://localhost/industry/Interface/contact.jpg" command="GET /industry/Interface/contact.jpg HTTP/1.1" encoding="utf-8">
                        <Headers>Referer : http://localhost/industry/trade/sell/index.php?mod=psc4&amp;ipc=1&amp;ipsc1=1&amp;ipsc2=1&amp;ipsc3=1
User-Agent : Mozilla/4.0 (compatible; MSIE 7.0; Windows NT 5.1)
Accept : */*
Accept-Language : en-us
Accept-Encoding : GZIP
Host : localhost
Cookie : PHPSESSID=5a0b064b9e2796918842c00f72e52f69; mylang=vietnam
</Headers>
                      </Request>
                      <Response url="http://localhost/industry/Interface/contact.jpg" contentType="image/jpeg" statusLine="HTTP/1.1 200 OK" pageTime="NaN" time="0.004" statusCodeString="200 OK" contentLength="1701">
                        <Headers>Accept-Ranges : bytes
Content-Length : 1701
Content-Type : image/jpeg
Date : Tue, 23 Nov 2010 14:08:33 GMT
ETag : "63f091a0-6a5-aa9a7b80"
Last-Modified : Sun, 22 Aug 2010 06:30:22 GMT
Server : Apache/2.2.4 (Win32) PHP/5.2.1
</Headers>
                      </Response>
                      <Context>
                        <Entry name="$TotalAgents" value="1" />
                        <Entry name="$ControllerName" value="ASUS" />
                        <Entry name="$AgentName" value="ASUS" />
                        <Entry name="$TestLogsDir" value="C:\Documents and Settings\ASUS X82Q SERIES\My Documents\Visual Studio 2008\Projects\TestProject\TestResults\ASUS X82Q SERIES_ASUS 2010-11-23 21_08_28\In\ASUS" />
                        <Entry name="$TestDeploymentDir" value="C:\Documents and Settings\ASUS X82Q SERIES\My Documents\Visual Studio 2008\Projects\TestProject\TestResults\ASUS X82Q SERIES_ASUS 2010-11-23 21_08_28\Out" />
                        <Entry name="$AgentId" value="1" />
                        <Entry name="$AgentLoadDistributor" value="Microsoft.VisualStudio.TestTools.Execution.AgentLoadDistributor" />
                        <Entry name="$TestDir" value="C:\Documents and Settings\ASUS X82Q SERIES\My Documents\Visual Studio 2008\Projects\TestProject\TestResults\ASUS X82Q SERIES_ASUS 2010-11-23 21_08_28" />
                        <Entry name="$AgentWeighting" value="100" />
                        <Entry name="$WebTestIteration" value="1" />
                        <Entry name="$WebTestUserId" value="1" />
                      </Context>
                    </WebRequestResult>
                    <WebRequestResult exceptionMessage="" run="0" submitted="true" cached="false" isRedirectFollow="false" requestBodyBytesHandle="-2" responseBytesHandle="23">
                      <Request url="http://localhost/industry/uploads/country_flag/vietnam.png" command="GET /industry/uploads/country_flag/vietnam.png HTTP/1.1" encoding="utf-8">
                        <Headers>Referer : http://localhost/industry/trade/sell/index.php?mod=psc4&amp;ipc=1&amp;ipsc1=1&amp;ipsc2=1&amp;ipsc3=1
User-Agent : Mozilla/4.0 (compatible; MSIE 7.0; Windows NT 5.1)
Accept : */*
Accept-Language : en-us
Accept-Encoding : GZIP
Host : localhost
Cookie : PHPSESSID=5a0b064b9e2796918842c00f72e52f69; mylang=vietnam
</Headers>
                      </Request>
                      <Response url="http://localhost/industry/uploads/country_flag/vietnam.png" contentType="image/png" statusLine="HTTP/1.1 200 OK" pageTime="NaN" time="0.01" statusCodeString="200 OK" contentLength="17550">
                        <Headers>Accept-Ranges : bytes
Content-Length : 17550
Content-Type : image/png
Date : Tue, 23 Nov 2010 14:08:33 GMT
ETag : "5b8310a0-448e-e0482a00"
Last-Modified : Sat, 21 Aug 2010 15:14:48 GMT
Server : Apache/2.2.4 (Win32) PHP/5.2.1
</Headers>
                      </Response>
                      <Context>
                        <Entry name="$TotalAgents" value="1" />
                        <Entry name="$ControllerName" value="ASUS" />
                        <Entry name="$AgentName" value="ASUS" />
                        <Entry name="$TestLogsDir" value="C:\Documents and Settings\ASUS X82Q SERIES\My Documents\Visual Studio 2008\Projects\TestProject\TestResults\ASUS X82Q SERIES_ASUS 2010-11-23 21_08_28\In\ASUS" />
                        <Entry name="$TestDeploymentDir" value="C:\Documents and Settings\ASUS X82Q SERIES\My Documents\Visual Studio 2008\Projects\TestProject\TestResults\ASUS X82Q SERIES_ASUS 2010-11-23 21_08_28\Out" />
                        <Entry name="$AgentId" value="1" />
                        <Entry name="$AgentLoadDistributor" value="Microsoft.VisualStudio.TestTools.Execution.AgentLoadDistributor" />
                        <Entry name="$TestDir" value="C:\Documents and Settings\ASUS X82Q SERIES\My Documents\Visual Studio 2008\Projects\TestProject\TestResults\ASUS X82Q SERIES_ASUS 2010-11-23 21_08_28" />
                        <Entry name="$AgentWeighting" value="100" />
                        <Entry name="$WebTestIteration" value="1" />
                        <Entry name="$WebTestUserId" value="1" />
                      </Context>
                    </WebRequestResult>
                    <WebRequestResult exceptionMessage="" run="0" submitted="true" cached="false" isRedirectFollow="false" requestBodyBytesHandle="-2" responseBytesHandle="61">
                      <Request url="http://localhost/industry/Interface/icon_6.jpg" command="GET /industry/Interface/icon_6.jpg HTTP/1.1" encoding="utf-8">
                        <Headers>Referer : http://localhost/industry/trade/sell/index.php?mod=psc4&amp;ipc=1&amp;ipsc1=1&amp;ipsc2=1&amp;ipsc3=1
User-Agent : Mozilla/4.0 (compatible; MSIE 7.0; Windows NT 5.1)
Accept : */*
Accept-Language : en-us
Accept-Encoding : GZIP
Host : localhost
Cookie : PHPSESSID=5a0b064b9e2796918842c00f72e52f69; mylang=vietnam
</Headers>
                      </Request>
                      <Response url="http://localhost/industry/Interface/icon_6.jpg" contentType="image/jpeg" statusLine="HTTP/1.1 200 OK" pageTime="NaN" time="0.004" statusCodeString="200 OK" contentLength="504">
                        <Headers>Accept-Ranges : bytes
Content-Length : 504
Content-Type : image/jpeg
Date : Tue, 23 Nov 2010 14:08:33 GMT
ETag : "63f09400-1f8-b5bad980"
Last-Modified : Tue, 03 Aug 2010 12:46:46 GMT
Server : Apache/2.2.4 (Win32) PHP/5.2.1
</Headers>
                      </Response>
                      <Context>
                        <Entry name="$TotalAgents" value="1" />
                        <Entry name="$ControllerName" value="ASUS" />
                        <Entry name="$AgentName" value="ASUS" />
                        <Entry name="$TestLogsDir" value="C:\Documents and Settings\ASUS X82Q SERIES\My Documents\Visual Studio 2008\Projects\TestProject\TestResults\ASUS X82Q SERIES_ASUS 2010-11-23 21_08_28\In\ASUS" />
                        <Entry name="$TestDeploymentDir" value="C:\Documents and Settings\ASUS X82Q SERIES\My Documents\Visual Studio 2008\Projects\TestProject\TestResults\ASUS X82Q SERIES_ASUS 2010-11-23 21_08_28\Out" />
                        <Entry name="$AgentId" value="1" />
                        <Entry name="$AgentLoadDistributor" value="Microsoft.VisualStudio.TestTools.Execution.AgentLoadDistributor" />
                        <Entry name="$TestDir" value="C:\Documents and Settings\ASUS X82Q SERIES\My Documents\Visual Studio 2008\Projects\TestProject\TestResults\ASUS X82Q SERIES_ASUS 2010-11-23 21_08_28" />
                        <Entry name="$AgentWeighting" value="100" />
                        <Entry name="$WebTestIteration" value="1" />
                        <Entry name="$WebTestUserId" value="1" />
                      </Context>
                    </WebRequestResult>
                    <WebRequestResult exceptionMessage="" run="0" submitted="true" cached="false" isRedirectFollow="false" requestBodyBytesHandle="-2" responseBytesHandle="62">
                      <Request url="http://localhost/industry/Interface/icon_5.jpg" command="GET /industry/Interface/icon_5.jpg HTTP/1.1" encoding="utf-8">
                        <Headers>Referer : http://localhost/industry/trade/sell/index.php?mod=psc4&amp;ipc=1&amp;ipsc1=1&amp;ipsc2=1&amp;ipsc3=1
User-Agent : Mozilla/4.0 (compatible; MSIE 7.0; Windows NT 5.1)
Accept : */*
Accept-Language : en-us
Accept-Encoding : GZIP
Host : localhost
Cookie : PHPSESSID=5a0b064b9e2796918842c00f72e52f69; mylang=vietnam
</Headers>
                      </Request>
                      <Response url="http://localhost/industry/Interface/icon_5.jpg" contentType="image/jpeg" statusLine="HTTP/1.1 200 OK" pageTime="NaN" time="0.004" statusCodeString="200 OK" contentLength="603">
                        <Headers>Accept-Ranges : bytes
Content-Length : 603
Content-Type : image/jpeg
Date : Tue, 23 Nov 2010 14:08:33 GMT
ETag : "63f093e0-25b-53aca500"
Last-Modified : Tue, 03 Aug 2010 08:44:36 GMT
Server : Apache/2.2.4 (Win32) PHP/5.2.1
</Headers>
                      </Response>
                      <Context>
                        <Entry name="$TotalAgents" value="1" />
                        <Entry name="$ControllerName" value="ASUS" />
                        <Entry name="$AgentName" value="ASUS" />
                        <Entry name="$TestLogsDir" value="C:\Documents and Settings\ASUS X82Q SERIES\My Documents\Visual Studio 2008\Projects\TestProject\TestResults\ASUS X82Q SERIES_ASUS 2010-11-23 21_08_28\In\ASUS" />
                        <Entry name="$TestDeploymentDir" value="C:\Documents and Settings\ASUS X82Q SERIES\My Documents\Visual Studio 2008\Projects\TestProject\TestResults\ASUS X82Q SERIES_ASUS 2010-11-23 21_08_28\Out" />
                        <Entry name="$AgentId" value="1" />
                        <Entry name="$AgentLoadDistributor" value="Microsoft.VisualStudio.TestTools.Execution.AgentLoadDistributor" />
                        <Entry name="$TestDir" value="C:\Documents and Settings\ASUS X82Q SERIES\My Documents\Visual Studio 2008\Projects\TestProject\TestResults\ASUS X82Q SERIES_ASUS 2010-11-23 21_08_28" />
                        <Entry name="$AgentWeighting" value="100" />
                        <Entry name="$WebTestIteration" value="1" />
                        <Entry name="$WebTestUserId" value="1" />
                      </Context>
                    </WebRequestResult>
                    <WebRequestResult exceptionMessage="" run="0" submitted="true" cached="false" isRedirectFollow="false" requestBodyBytesHandle="-2" responseBytesHandle="63">
                      <Request url="http://localhost/industry/Interface/icon_4.jpg" command="GET /industry/Interface/icon_4.jpg HTTP/1.1" encoding="utf-8">
                        <Headers>Referer : http://localhost/industry/trade/sell/index.php?mod=psc4&amp;ipc=1&amp;ipsc1=1&amp;ipsc2=1&amp;ipsc3=1
User-Agent : Mozilla/4.0 (compatible; MSIE 7.0; Windows NT 5.1)
Accept : */*
Accept-Language : en-us
Accept-Encoding : GZIP
Host : localhost
Cookie : PHPSESSID=5a0b064b9e2796918842c00f72e52f69; mylang=vietnam
</Headers>
                      </Request>
                      <Response url="http://localhost/industry/Interface/icon_4.jpg" contentType="image/jpeg" statusLine="HTTP/1.1 200 OK" pageTime="NaN" time="0.004" statusCodeString="200 OK" contentLength="634">
                        <Headers>Accept-Ranges : bytes
Content-Length : 634
Content-Type : image/jpeg
Date : Tue, 23 Nov 2010 14:08:33 GMT
ETag : "63f093c0-27a-53511780"
Last-Modified : Tue, 03 Aug 2010 08:44:30 GMT
Server : Apache/2.2.4 (Win32) PHP/5.2.1
</Headers>
                      </Response>
                      <Context>
                        <Entry name="$TotalAgents" value="1" />
                        <Entry name="$ControllerName" value="ASUS" />
                        <Entry name="$AgentName" value="ASUS" />
                        <Entry name="$TestLogsDir" value="C:\Documents and Settings\ASUS X82Q SERIES\My Documents\Visual Studio 2008\Projects\TestProject\TestResults\ASUS X82Q SERIES_ASUS 2010-11-23 21_08_28\In\ASUS" />
                        <Entry name="$TestDeploymentDir" value="C:\Documents and Settings\ASUS X82Q SERIES\My Documents\Visual Studio 2008\Projects\TestProject\TestResults\ASUS X82Q SERIES_ASUS 2010-11-23 21_08_28\Out" />
                        <Entry name="$AgentId" value="1" />
                        <Entry name="$AgentLoadDistributor" value="Microsoft.VisualStudio.TestTools.Execution.AgentLoadDistributor" />
                        <Entry name="$TestDir" value="C:\Documents and Settings\ASUS X82Q SERIES\My Documents\Visual Studio 2008\Projects\TestProject\TestResults\ASUS X82Q SERIES_ASUS 2010-11-23 21_08_28" />
                        <Entry name="$AgentWeighting" value="100" />
                        <Entry name="$WebTestIteration" value="1" />
                        <Entry name="$WebTestUserId" value="1" />
                      </Context>
                    </WebRequestResult>
                    <WebRequestResult exceptionMessage="" run="0" submitted="true" cached="false" isRedirectFollow="false" requestBodyBytesHandle="-2" responseBytesHandle="64">
                      <Request url="http://localhost/industry/Interface/vietnam-icon.png" command="GET /industry/Interface/vietnam-icon.png HTTP/1.1" encoding="utf-8">
                        <Headers>Referer : http://localhost/industry/trade/sell/index.php?mod=psc4&amp;ipc=1&amp;ipsc1=1&amp;ipsc2=1&amp;ipsc3=1
User-Agent : Mozilla/4.0 (compatible; MSIE 7.0; Windows NT 5.1)
Accept : */*
Accept-Language : en-us
Accept-Encoding : GZIP
Host : localhost
Cookie : PHPSESSID=5a0b064b9e2796918842c00f72e52f69; mylang=vietnam
</Headers>
                      </Request>
                      <Response url="http://localhost/industry/Interface/vietnam-icon.png" contentType="image/png" statusLine="HTTP/1.1 200 OK" pageTime="NaN" time="0.004" statusCodeString="200 OK" contentLength="2387">
                        <Headers>Accept-Ranges : bytes
Content-Length : 2387
Content-Type : image/png
Date : Tue, 23 Nov 2010 14:08:33 GMT
ETag : "63f09b80-953-b79b1700"
Last-Modified : Mon, 26 Jul 2010 03:09:48 GMT
Server : Apache/2.2.4 (Win32) PHP/5.2.1
</Headers>
                      </Response>
                      <Context>
                        <Entry name="$TotalAgents" value="1" />
                        <Entry name="$ControllerName" value="ASUS" />
                        <Entry name="$AgentName" value="ASUS" />
                        <Entry name="$TestLogsDir" value="C:\Documents and Settings\ASUS X82Q SERIES\My Documents\Visual Studio 2008\Projects\TestProject\TestResults\ASUS X82Q SERIES_ASUS 2010-11-23 21_08_28\In\ASUS" />
                        <Entry name="$TestDeploymentDir" value="C:\Documents and Settings\ASUS X82Q SERIES\My Documents\Visual Studio 2008\Projects\TestProject\TestResults\ASUS X82Q SERIES_ASUS 2010-11-23 21_08_28\Out" />
                        <Entry name="$AgentId" value="1" />
                        <Entry name="$AgentLoadDistributor" value="Microsoft.VisualStudio.TestTools.Execution.AgentLoadDistributor" />
                        <Entry name="$TestDir" value="C:\Documents and Settings\ASUS X82Q SERIES\My Documents\Visual Studio 2008\Projects\TestProject\TestResults\ASUS X82Q SERIES_ASUS 2010-11-23 21_08_28" />
                        <Entry name="$AgentWeighting" value="100" />
                        <Entry name="$WebTestIteration" value="1" />
                        <Entry name="$WebTestUserId" value="1" />
                      </Context>
                    </WebRequestResult>
                    <WebRequestResult exceptionMessage="" run="0" submitted="true" cached="false" isRedirectFollow="false" requestBodyBytesHandle="-2" responseBytesHandle="51">
                      <Request url="http://localhost/industry/uploads/products/2/1/thumbnails/1_100x0.jpg" command="GET /industry/uploads/products/2/1/thumbnails/1_100x0.jpg HTTP/1.1" encoding="utf-8">
                        <Headers>Referer : http://localhost/industry/trade/sell/index.php?mod=psc4&amp;ipc=1&amp;ipsc1=1&amp;ipsc2=1&amp;ipsc3=1
User-Agent : Mozilla/4.0 (compatible; MSIE 7.0; Windows NT 5.1)
Accept : */*
Accept-Language : en-us
Accept-Encoding : GZIP
Host : localhost
Cookie : PHPSESSID=5a0b064b9e2796918842c00f72e52f69; mylang=vietnam
</Headers>
                      </Request>
                      <Response url="http://localhost/industry/uploads/products/2/1/thumbnails/1_100x0.jpg" contentType="image/jpeg" statusLine="HTTP/1.1 200 OK" pageTime="NaN" time="0.007" statusCodeString="200 OK" contentLength="3538">
                        <Headers>Connection : close
Accept-Ranges : bytes
Content-Length : 3538
Content-Type : image/jpeg
Date : Tue, 23 Nov 2010 14:08:33 GMT
ETag : "5b781040-dd2-b6ac3900"
Last-Modified : Thu, 02 Sep 2010 15:46:12 GMT
Server : Apache/2.2.4 (Win32) PHP/5.2.1
</Headers>
                      </Response>
                      <Context>
                        <Entry name="$TotalAgents" value="1" />
                        <Entry name="$ControllerName" value="ASUS" />
                        <Entry name="$AgentName" value="ASUS" />
                        <Entry name="$TestLogsDir" value="C:\Documents and Settings\ASUS X82Q SERIES\My Documents\Visual Studio 2008\Projects\TestProject\TestResults\ASUS X82Q SERIES_ASUS 2010-11-23 21_08_28\In\ASUS" />
                        <Entry name="$TestDeploymentDir" value="C:\Documents and Settings\ASUS X82Q SERIES\My Documents\Visual Studio 2008\Projects\TestProject\TestResults\ASUS X82Q SERIES_ASUS 2010-11-23 21_08_28\Out" />
                        <Entry name="$AgentId" value="1" />
                        <Entry name="$AgentLoadDistributor" value="Microsoft.VisualStudio.TestTools.Execution.AgentLoadDistributor" />
                        <Entry name="$TestDir" value="C:\Documents and Settings\ASUS X82Q SERIES\My Documents\Visual Studio 2008\Projects\TestProject\TestResults\ASUS X82Q SERIES_ASUS 2010-11-23 21_08_28" />
                        <Entry name="$AgentWeighting" value="100" />
                        <Entry name="$WebTestIteration" value="1" />
                        <Entry name="$WebTestUserId" value="1" />
                      </Context>
                    </WebRequestResult>
                    <WebRequestResult exceptionMessage="" run="0" submitted="true" cached="false" isRedirectFollow="false" requestBodyBytesHandle="-2" responseBytesHandle="57">
                      <Request url="http://localhost/industry/uploads/products/2/2/thumbnails/2_100x0.jpg" command="GET /industry/uploads/products/2/2/thumbnails/2_100x0.jpg HTTP/1.1" encoding="utf-8">
                        <Headers>Referer : http://localhost/industry/trade/sell/index.php?mod=psc4&amp;ipc=1&amp;ipsc1=1&amp;ipsc2=1&amp;ipsc3=1
User-Agent : Mozilla/4.0 (compatible; MSIE 7.0; Windows NT 5.1)
Accept : */*
Accept-Language : en-us
Accept-Encoding : GZIP
Host : localhost
Cookie : PHPSESSID=5a0b064b9e2796918842c00f72e52f69; mylang=vietnam
</Headers>
                      </Request>
                      <Response url="http://localhost/industry/uploads/products/2/2/thumbnails/2_100x0.jpg" contentType="image/jpeg" statusLine="HTTP/1.1 200 OK" pageTime="NaN" time="0.007" statusCodeString="200 OK" contentLength="4109">
                        <Headers>Accept-Ranges : bytes
Content-Length : 4109
Content-Type : image/jpeg
Date : Tue, 23 Nov 2010 14:08:33 GMT
ETag : "5b75d040-100d-bb8f7180"
Last-Modified : Thu, 02 Sep 2010 15:47:34 GMT
Server : Apache/2.2.4 (Win32) PHP/5.2.1
</Headers>
                      </Response>
                      <Context>
                        <Entry name="$TotalAgents" value="1" />
                        <Entry name="$ControllerName" value="ASUS" />
                        <Entry name="$AgentName" value="ASUS" />
                        <Entry name="$TestLogsDir" value="C:\Documents and Settings\ASUS X82Q SERIES\My Documents\Visual Studio 2008\Projects\TestProject\TestResults\ASUS X82Q SERIES_ASUS 2010-11-23 21_08_28\In\ASUS" />
                        <Entry name="$TestDeploymentDir" value="C:\Documents and Settings\ASUS X82Q SERIES\My Documents\Visual Studio 2008\Projects\TestProject\TestResults\ASUS X82Q SERIES_ASUS 2010-11-23 21_08_28\Out" />
                        <Entry name="$AgentId" value="1" />
                        <Entry name="$AgentLoadDistributor" value="Microsoft.VisualStudio.TestTools.Execution.AgentLoadDistributor" />
                        <Entry name="$TestDir" value="C:\Documents and Settings\ASUS X82Q SERIES\My Documents\Visual Studio 2008\Projects\TestProject\TestResults\ASUS X82Q SERIES_ASUS 2010-11-23 21_08_28" />
                        <Entry name="$AgentWeighting" value="100" />
                        <Entry name="$WebTestIteration" value="1" />
                        <Entry name="$WebTestUserId" value="1" />
                      </Context>
                    </WebRequestResult>
                    <WebRequestResult exceptionMessage="" run="0" submitted="true" cached="false" isRedirectFollow="false" requestBodyBytesHandle="-2" responseBytesHandle="53">
                      <Request url="http://localhost/industry/uploads/products/2/3/thumbnails/3_100x0.jpg" command="GET /industry/uploads/products/2/3/thumbnails/3_100x0.jpg HTTP/1.1" encoding="utf-8">
                        <Headers>Referer : http://localhost/industry/trade/sell/index.php?mod=psc4&amp;ipc=1&amp;ipsc1=1&amp;ipsc2=1&amp;ipsc3=1
User-Agent : Mozilla/4.0 (compatible; MSIE 7.0; Windows NT 5.1)
Accept : */*
Accept-Language : en-us
Accept-Encoding : GZIP
Host : localhost
Cookie : PHPSESSID=5a0b064b9e2796918842c00f72e52f69; mylang=vietnam
</Headers>
                      </Request>
                      <Response url="http://localhost/industry/uploads/products/2/3/thumbnails/3_100x0.jpg" contentType="image/jpeg" statusLine="HTTP/1.1 200 OK" pageTime="NaN" time="0.009" statusCodeString="200 OK" contentLength="3607">
                        <Headers>Accept-Ranges : bytes
Content-Length : 3607
Content-Type : image/jpeg
Date : Tue, 23 Nov 2010 14:08:33 GMT
ETag : "5b739040-e17-c0ecbc00"
Last-Modified : Thu, 02 Sep 2010 15:49:04 GMT
Server : Apache/2.2.4 (Win32) PHP/5.2.1
</Headers>
                      </Response>
                      <Context>
                        <Entry name="$TotalAgents" value="1" />
                        <Entry name="$ControllerName" value="ASUS" />
                        <Entry name="$AgentName" value="ASUS" />
                        <Entry name="$TestLogsDir" value="C:\Documents and Settings\ASUS X82Q SERIES\My Documents\Visual Studio 2008\Projects\TestProject\TestResults\ASUS X82Q SERIES_ASUS 2010-11-23 21_08_28\In\ASUS" />
                        <Entry name="$TestDeploymentDir" value="C:\Documents and Settings\ASUS X82Q SERIES\My Documents\Visual Studio 2008\Projects\TestProject\TestResults\ASUS X82Q SERIES_ASUS 2010-11-23 21_08_28\Out" />
                        <Entry name="$AgentId" value="1" />
                        <Entry name="$AgentLoadDistributor" value="Microsoft.VisualStudio.TestTools.Execution.AgentLoadDistributor" />
                        <Entry name="$TestDir" value="C:\Documents and Settings\ASUS X82Q SERIES\My Documents\Visual Studio 2008\Projects\TestProject\TestResults\ASUS X82Q SERIES_ASUS 2010-11-23 21_08_28" />
                        <Entry name="$AgentWeighting" value="100" />
                        <Entry name="$WebTestIteration" value="1" />
                        <Entry name="$WebTestUserId" value="1" />
                      </Context>
                    </WebRequestResult>
                    <WebRequestResult exceptionMessage="" run="0" submitted="true" cached="false" isRedirectFollow="false" requestBodyBytesHandle="-2" responseBytesHandle="55">
                      <Request url="http://localhost/industry/uploads/products/2/5/thumbnails/5_100x0.jpg" command="GET /industry/uploads/products/2/5/thumbnails/5_100x0.jpg HTTP/1.1" encoding="utf-8">
                        <Headers>Referer : http://localhost/industry/trade/sell/index.php?mod=psc4&amp;ipc=1&amp;ipsc1=1&amp;ipsc2=1&amp;ipsc3=1
User-Agent : Mozilla/4.0 (compatible; MSIE 7.0; Windows NT 5.1)
Accept : */*
Accept-Language : en-us
Accept-Encoding : GZIP
Host : localhost
Cookie : PHPSESSID=5a0b064b9e2796918842c00f72e52f69; mylang=vietnam
</Headers>
                      </Request>
                      <Response url="http://localhost/industry/uploads/products/2/5/thumbnails/5_100x0.jpg" contentType="image/jpeg" statusLine="HTTP/1.1 200 OK" pageTime="NaN" time="0.006" statusCodeString="200 OK" contentLength="2984">
                        <Headers>Accept-Ranges : bytes
Content-Length : 2984
Content-Type : image/jpeg
Date : Tue, 23 Nov 2010 14:08:33 GMT
ETag : "5b709040-ba8-ce653880"
Last-Modified : Thu, 02 Sep 2010 15:52:50 GMT
Server : Apache/2.2.4 (Win32) PHP/5.2.1
</Headers>
                      </Response>
                      <Context>
                        <Entry name="$TotalAgents" value="1" />
                        <Entry name="$ControllerName" value="ASUS" />
                        <Entry name="$AgentName" value="ASUS" />
                        <Entry name="$TestLogsDir" value="C:\Documents and Settings\ASUS X82Q SERIES\My Documents\Visual Studio 2008\Projects\TestProject\TestResults\ASUS X82Q SERIES_ASUS 2010-11-23 21_08_28\In\ASUS" />
                        <Entry name="$TestDeploymentDir" value="C:\Documents and Settings\ASUS X82Q SERIES\My Documents\Visual Studio 2008\Projects\TestProject\TestResults\ASUS X82Q SERIES_ASUS 2010-11-23 21_08_28\Out" />
                        <Entry name="$AgentId" value="1" />
                        <Entry name="$AgentLoadDistributor" value="Microsoft.VisualStudio.TestTools.Execution.AgentLoadDistributor" />
                        <Entry name="$TestDir" value="C:\Documents and Settings\ASUS X82Q SERIES\My Documents\Visual Studio 2008\Projects\TestProject\TestResults\ASUS X82Q SERIES_ASUS 2010-11-23 21_08_28" />
                        <Entry name="$AgentWeighting" value="100" />
                        <Entry name="$WebTestIteration" value="1" />
                        <Entry name="$WebTestUserId" value="1" />
                      </Context>
                    </WebRequestResult>
                    <WebRequestResult exceptionMessage="" run="0" submitted="true" cached="false" isRedirectFollow="false" requestBodyBytesHandle="-2" responseBytesHandle="56">
                      <Request url="http://localhost/industry/uploads/products/2/6/thumbnails/baoho_100x0.jpg" command="GET /industry/uploads/products/2/6/thumbnails/baoho_100x0.jpg HTTP/1.1" encoding="utf-8">
                        <Headers>Referer : http://localhost/industry/trade/sell/index.php?mod=psc4&amp;ipc=1&amp;ipsc1=1&amp;ipsc2=1&amp;ipsc3=1
User-Agent : Mozilla/4.0 (compatible; MSIE 7.0; Windows NT 5.1)
Accept : */*
Accept-Language : en-us
Accept-Encoding : GZIP
Host : localhost
Cookie : PHPSESSID=5a0b064b9e2796918842c00f72e52f69; mylang=vietnam
</Headers>
                      </Request>
                      <Response url="http://localhost/industry/uploads/products/2/6/thumbnails/baoho_100x0.jpg" contentType="image/jpeg" statusLine="HTTP/1.1 200 OK" pageTime="NaN" time="0.004" statusCodeString="200 OK" contentLength="3317">
                        <Headers>Accept-Ranges : bytes
Content-Length : 3317
Content-Type : image/jpeg
Date : Tue, 23 Nov 2010 14:08:33 GMT
ETag : "5b6f1080-cf5-d41e1080"
Last-Modified : Thu, 02 Sep 2010 15:54:26 GMT
Server : Apache/2.2.4 (Win32) PHP/5.2.1
</Headers>
                      </Response>
                      <Context>
                        <Entry name="$TotalAgents" value="1" />
                        <Entry name="$ControllerName" value="ASUS" />
                        <Entry name="$AgentName" value="ASUS" />
                        <Entry name="$TestLogsDir" value="C:\Documents and Settings\ASUS X82Q SERIES\My Documents\Visual Studio 2008\Projects\TestProject\TestResults\ASUS X82Q SERIES_ASUS 2010-11-23 21_08_28\In\ASUS" />
                        <Entry name="$TestDeploymentDir" value="C:\Documents and Settings\ASUS X82Q SERIES\My Documents\Visual Studio 2008\Projects\TestProject\TestResults\ASUS X82Q SERIES_ASUS 2010-11-23 21_08_28\Out" />
                        <Entry name="$AgentId" value="1" />
                        <Entry name="$AgentLoadDistributor" value="Microsoft.VisualStudio.TestTools.Execution.AgentLoadDistributor" />
                        <Entry name="$TestDir" value="C:\Documents and Settings\ASUS X82Q SERIES\My Documents\Visual Studio 2008\Projects\TestProject\TestResults\ASUS X82Q SERIES_ASUS 2010-11-23 21_08_28" />
                        <Entry name="$AgentWeighting" value="100" />
                        <Entry name="$WebTestIteration" value="1" />
                        <Entry name="$WebTestUserId" value="1" />
                      </Context>
                    </WebRequestResult>
                    <WebRequestResult exceptionMessage="" run="0" submitted="true" cached="false" isRedirectFollow="false" requestBodyBytesHandle="-2" responseBytesHandle="59">
                      <Request url="http://localhost/industry/uploads/products/1/9/thumbnails/show_image_in_imgtag.php_100x0.jpg" command="GET /industry/uploads/products/1/9/thumbnails/show_image_in_imgtag.php_100x0.jpg HTTP/1.1" encoding="utf-8">
                        <Headers>Referer : http://localhost/industry/trade/sell/index.php?mod=psc4&amp;ipc=1&amp;ipsc1=1&amp;ipsc2=1&amp;ipsc3=1
User-Agent : Mozilla/4.0 (compatible; MSIE 7.0; Windows NT 5.1)
Accept : */*
Accept-Language : en-us
Accept-Encoding : GZIP
Host : localhost
Cookie : PHPSESSID=5a0b064b9e2796918842c00f72e52f69; mylang=vietnam
</Headers>
                      </Request>
                      <Response url="http://localhost/industry/uploads/products/1/9/thumbnails/show_image_in_imgtag.php_100x0.jpg" contentType="image/jpeg" statusLine="HTTP/1.1 200 OK" pageTime="NaN" time="0.005" statusCodeString="200 OK" contentLength="3556">
                        <Headers>Accept-Ranges : bytes
Content-Length : 3556
Content-Type : image/jpeg
Date : Tue, 23 Nov 2010 14:08:33 GMT
ETag : "5b7a10a0-de4-a6eb1f80"
Last-Modified : Fri, 03 Sep 2010 16:45:02 GMT
Server : Apache/2.2.4 (Win32) PHP/5.2.1
</Headers>
                      </Response>
                      <Context>
                        <Entry name="$TotalAgents" value="1" />
                        <Entry name="$ControllerName" value="ASUS" />
                        <Entry name="$AgentName" value="ASUS" />
                        <Entry name="$TestLogsDir" value="C:\Documents and Settings\ASUS X82Q SERIES\My Documents\Visual Studio 2008\Projects\TestProject\TestResults\ASUS X82Q SERIES_ASUS 2010-11-23 21_08_28\In\ASUS" />
                        <Entry name="$TestDeploymentDir" value="C:\Documents and Settings\ASUS X82Q SERIES\My Documents\Visual Studio 2008\Projects\TestProject\TestResults\ASUS X82Q SERIES_ASUS 2010-11-23 21_08_28\Out" />
                        <Entry name="$AgentId" value="1" />
                        <Entry name="$AgentLoadDistributor" value="Microsoft.VisualStudio.TestTools.Execution.AgentLoadDistributor" />
                        <Entry name="$TestDir" value="C:\Documents and Settings\ASUS X82Q SERIES\My Documents\Visual Studio 2008\Projects\TestProject\TestResults\ASUS X82Q SERIES_ASUS 2010-11-23 21_08_28" />
                        <Entry name="$AgentWeighting" value="100" />
                        <Entry name="$WebTestIteration" value="1" />
                        <Entry name="$WebTestUserId" value="1" />
                      </Context>
                    </WebRequestResult>
                    <WebRequestResult exceptionMessage="" run="0" submitted="true" cached="false" isRedirectFollow="false" requestBodyBytesHandle="-2" responseBytesHandle="58">
                      <Request url="http://localhost/industry/Interface/icon_3.gif" command="GET /industry/Interface/icon_3.gif HTTP/1.1" encoding="utf-8">
                        <Headers>Referer : http://localhost/industry/trade/sell/index.php?mod=psc4&amp;ipc=1&amp;ipsc1=1&amp;ipsc2=1&amp;ipsc3=1
User-Agent : Mozilla/4.0 (compatible; MSIE 7.0; Windows NT 5.1)
Accept : */*
Accept-Language : en-us
Accept-Encoding : GZIP
Host : localhost
Cookie : PHPSESSID=5a0b064b9e2796918842c00f72e52f69; mylang=vietnam
</Headers>
                      </Request>
                      <Response url="http://localhost/industry/Interface/icon_3.gif" contentType="image/gif" statusLine="HTTP/1.1 200 OK" pageTime="NaN" time="0.004" statusCodeString="200 OK" contentLength="721">
                        <Headers>Accept-Ranges : bytes
Content-Length : 721
Content-Type : image/gif
Date : Tue, 23 Nov 2010 14:08:33 GMT
ETag : "63f093a0-2d1-75118f00"
Last-Modified : Tue, 03 Aug 2010 18:26:36 GMT
Server : Apache/2.2.4 (Win32) PHP/5.2.1
</Headers>
                      </Response>
                      <Context>
                        <Entry name="$TotalAgents" value="1" />
                        <Entry name="$ControllerName" value="ASUS" />
                        <Entry name="$AgentName" value="ASUS" />
                        <Entry name="$TestLogsDir" value="C:\Documents and Settings\ASUS X82Q SERIES\My Documents\Visual Studio 2008\Projects\TestProject\TestResults\ASUS X82Q SERIES_ASUS 2010-11-23 21_08_28\In\ASUS" />
                        <Entry name="$TestDeploymentDir" value="C:\Documents and Settings\ASUS X82Q SERIES\My Documents\Visual Studio 2008\Projects\TestProject\TestResults\ASUS X82Q SERIES_ASUS 2010-11-23 21_08_28\Out" />
                        <Entry name="$AgentId" value="1" />
                        <Entry name="$AgentLoadDistributor" value="Microsoft.VisualStudio.TestTools.Execution.AgentLoadDistributor" />
                        <Entry name="$TestDir" value="C:\Documents and Settings\ASUS X82Q SERIES\My Documents\Visual Studio 2008\Projects\TestProject\TestResults\ASUS X82Q SERIES_ASUS 2010-11-23 21_08_28" />
                        <Entry name="$AgentWeighting" value="100" />
                        <Entry name="$WebTestIteration" value="1" />
                        <Entry name="$WebTestUserId" value="1" />
                      </Context>
                    </WebRequestResult>
                    <WebRequestResult exceptionMessage="" run="0" submitted="true" cached="false" isRedirectFollow="false" requestBodyBytesHandle="-2" responseBytesHandle="60">
                      <Request url="http://localhost/industry/uploads/products/1/10/thumbnails/show_image_in_imgtag.php%20(1)_1_100x0.jpg" command="GET /industry/uploads/products/1/10/thumbnails/show_image_in_imgtag.php%20(1)_1_100x0.jpg HTTP/1.1" encoding="utf-8">
                        <Headers>Referer : http://localhost/industry/trade/sell/index.php?mod=psc4&amp;ipc=1&amp;ipsc1=1&amp;ipsc2=1&amp;ipsc3=1
User-Agent : Mozilla/4.0 (compatible; MSIE 7.0; Windows NT 5.1)
Accept : */*
Accept-Language : en-us
Accept-Encoding : GZIP
Host : localhost
Cookie : PHPSESSID=5a0b064b9e2796918842c00f72e52f69; mylang=vietnam
</Headers>
                      </Request>
                      <Response url="http://localhost/industry/uploads/products/1/10/thumbnails/show_image_in_imgtag.php%20(1)_1_100x0.jpg" contentType="image/jpeg" statusLine="HTTP/1.1 200 OK" pageTime="NaN" time="0.004" statusCodeString="200 OK" contentLength="2937">
                        <Headers>Accept-Ranges : bytes
Content-Length : 2937
Content-Type : image/jpeg
Date : Tue, 23 Nov 2010 14:08:33 GMT
ETag : "5b7d10c0-b79-29cf6c80"
Last-Modified : Fri, 03 Sep 2010 17:21:38 GMT
Server : Apache/2.2.4 (Win32) PHP/5.2.1
</Headers>
                      </Response>
                      <Context>
                        <Entry name="$TotalAgents" value="1" />
                        <Entry name="$ControllerName" value="ASUS" />
                        <Entry name="$AgentName" value="ASUS" />
                        <Entry name="$TestLogsDir" value="C:\Documents and Settings\ASUS X82Q SERIES\My Documents\Visual Studio 2008\Projects\TestProject\TestResults\ASUS X82Q SERIES_ASUS 2010-11-23 21_08_28\In\ASUS" />
                        <Entry name="$TestDeploymentDir" value="C:\Documents and Settings\ASUS X82Q SERIES\My Documents\Visual Studio 2008\Projects\TestProject\TestResults\ASUS X82Q SERIES_ASUS 2010-11-23 21_08_28\Out" />
                        <Entry name="$AgentId" value="1" />
                        <Entry name="$AgentLoadDistributor" value="Microsoft.VisualStudio.TestTools.Execution.AgentLoadDistributor" />
                        <Entry name="$TestDir" value="C:\Documents and Settings\ASUS X82Q SERIES\My Documents\Visual Studio 2008\Projects\TestProject\TestResults\ASUS X82Q SERIES_ASUS 2010-11-23 21_08_28" />
                        <Entry name="$AgentWeighting" value="100" />
                        <Entry name="$WebTestIteration" value="1" />
                        <Entry name="$WebTestUserId" value="1" />
                      </Context>
                    </WebRequestResult>
                  </DependantResults>
                  <ValidationRuleResults>
                    <ValidationRuleResult message="Passed" ruleType="Validation" name="Response URL" />
                  </ValidationRuleResults>
                </WebRequestResult>
              </WebTestResultPage>
              <WebTestResultPage>
                <WebRequestResult exceptionMessage="" run="0" submitted="true" cached="false" isRedirectFollow="false" requestBodyBytesHandle="-2" responseBytesHandle="69">
                  <Request url="http://localhost/industry/shop/member/index.php?mod=detail&amp;imb=2&amp;ipc=1&amp;ip=4" command="GET /industry/shop/member/index.php?mod=detail&amp;imb=2&amp;ipc=1&amp;ip=4 HTTP/1.1" encoding="utf-8">
                    <Headers>User-Agent : Mozilla/4.0 (compatible; MSIE 7.0; Windows NT 5.1)
Accept : */*
Accept-Language : en-us
Accept-Encoding : GZIP
Host : localhost
Cookie : PHPSESSID=5a0b064b9e2796918842c00f72e52f69; mylang=vietnam
</Headers>
                  </Request>
                  <Response url="http://localhost/industry/shop/member/index.php?mod=detail&amp;imb=2&amp;ipc=1&amp;ip=4" contentType="text/html; charset=utf-8" statusLine="HTTP/1.1 200 OK" pageTime="0.293" time="0.153" statusCodeString="200 OK" contentLength="6351">
                    <Headers>Pragma : no-cache
Content-Length : 6351
Cache-Control : no-store, no-cache, must-revalidate, post-check=0, pre-check=0
Content-Type : text/html; charset:utf-8
Date : Tue, 23 Nov 2010 14:08:33 GMT
Expires : Thu, 19 Nov 1981 08:52:00 GMT
Set-Cookie : mylang=vietnam; expires=Tue, 30-Nov-2010 14:08:33 GMT; path=/
Server : Apache/2.2.4 (Win32) PHP/5.2.1
X-Powered-By : PHP/5.2.1
</Headers>
                  </Response>
                  <Context>
                    <Entry name="$TotalAgents" value="1" />
                    <Entry name="$ControllerName" value="ASUS" />
                    <Entry name="$AgentName" value="ASUS" />
                    <Entry name="$TestLogsDir" value="C:\Documents and Settings\ASUS X82Q SERIES\My Documents\Visual Studio 2008\Projects\TestProject\TestResults\ASUS X82Q SERIES_ASUS 2010-11-23 21_08_28\In\ASUS" />
                    <Entry name="$TestDeploymentDir" value="C:\Documents and Settings\ASUS X82Q SERIES\My Documents\Visual Studio 2008\Projects\TestProject\TestResults\ASUS X82Q SERIES_ASUS 2010-11-23 21_08_28\Out" />
                    <Entry name="$AgentId" value="1" />
                    <Entry name="$AgentLoadDistributor" value="Microsoft.VisualStudio.TestTools.Execution.AgentLoadDistributor" />
                    <Entry name="$TestDir" value="C:\Documents and Settings\ASUS X82Q SERIES\My Documents\Visual Studio 2008\Projects\TestProject\TestResults\ASUS X82Q SERIES_ASUS 2010-11-23 21_08_28" />
                    <Entry name="$AgentWeighting" value="100" />
                    <Entry name="$WebTestIteration" value="1" />
                    <Entry name="$WebTestUserId" value="1" />
                  </Context>
                  <DependantResults>
                    <WebRequestResult exceptionMessage="" run="0" submitted="true" cached="false" isRedirectFollow="false" requestBodyBytesHandle="-2" responseBytesHandle="70">
                      <Request url="http://localhost/industry/library/css/style-product.css" command="GET /industry/library/css/style-product.css HTTP/1.1" encoding="utf-8">
                        <Headers>Referer : http://localhost/industry/shop/member/index.php?mod=detail&amp;imb=2&amp;ipc=1&amp;ip=4
User-Agent : Mozilla/4.0 (compatible; MSIE 7.0; Windows NT 5.1)
Accept : */*
Accept-Language : en-us
Accept-Encoding : GZIP
Host : localhost
Cookie : PHPSESSID=5a0b064b9e2796918842c00f72e52f69; mylang=vietnam
</Headers>
                      </Request>
                      <Response url="http://localhost/industry/library/css/style-product.css" contentType="text/css" statusLine="HTTP/1.1 200 OK" pageTime="NaN" time="0.011" statusCodeString="200 OK" contentLength="1560">
                        <Headers>Accept-Ranges : bytes
Content-Length : 1560
Content-Type : text/css
Date : Tue, 23 Nov 2010 14:08:33 GMT
ETag : "641551c0-618-c59b3a80"
Last-Modified : Mon, 20 Sep 2010 04:59:06 GMT
Server : Apache/2.2.4 (Win32) PHP/5.2.1
</Headers>
                      </Response>
                      <Context>
                        <Entry name="$TotalAgents" value="1" />
                        <Entry name="$ControllerName" value="ASUS" />
                        <Entry name="$AgentName" value="ASUS" />
                        <Entry name="$TestLogsDir" value="C:\Documents and Settings\ASUS X82Q SERIES\My Documents\Visual Studio 2008\Projects\TestProject\TestResults\ASUS X82Q SERIES_ASUS 2010-11-23 21_08_28\In\ASUS" />
                        <Entry name="$TestDeploymentDir" value="C:\Documents and Settings\ASUS X82Q SERIES\My Documents\Visual Studio 2008\Projects\TestProject\TestResults\ASUS X82Q SERIES_ASUS 2010-11-23 21_08_28\Out" />
                        <Entry name="$AgentId" value="1" />
                        <Entry name="$AgentLoadDistributor" value="Microsoft.VisualStudio.TestTools.Execution.AgentLoadDistributor" />
                        <Entry name="$TestDir" value="C:\Documents and Settings\ASUS X82Q SERIES\My Documents\Visual Studio 2008\Projects\TestProject\TestResults\ASUS X82Q SERIES_ASUS 2010-11-23 21_08_28" />
                        <Entry name="$AgentWeighting" value="100" />
                        <Entry name="$WebTestIteration" value="1" />
                        <Entry name="$WebTestUserId" value="1" />
                      </Context>
                    </WebRequestResult>
                    <WebRequestResult exceptionMessage="" run="0" submitted="true" cached="false" isRedirectFollow="false" requestBodyBytesHandle="-2" responseBytesHandle="1">
                      <Request url="http://localhost/industry/library/css/style.css" command="GET /industry/library/css/style.css HTTP/1.1" encoding="utf-8">
                        <Headers>Referer : http://localhost/industry/shop/member/index.php?mod=detail&amp;imb=2&amp;ipc=1&amp;ip=4
User-Agent : Mozilla/4.0 (compatible; MSIE 7.0; Windows NT 5.1)
Accept : */*
Accept-Language : en-us
Accept-Encoding : GZIP
Host : localhost
Cookie : PHPSESSID=5a0b064b9e2796918842c00f72e52f69; mylang=vietnam
</Headers>
                      </Request>
                      <Response url="http://localhost/industry/library/css/style.css" contentType="text/css" statusLine="HTTP/1.1 200 OK" pageTime="NaN" time="0.009" statusCodeString="200 OK" contentLength="9991">
                        <Headers>Accept-Ranges : bytes
Content-Length : 9991
Content-Type : text/css
Date : Tue, 23 Nov 2010 14:08:33 GMT
ETag : "64155240-2707-e0400a80"
Last-Modified : Fri, 24 Sep 2010 18:52:10 GMT
Server : Apache/2.2.4 (Win32) PHP/5.2.1
</Headers>
                      </Response>
                      <Context>
                        <Entry name="$TotalAgents" value="1" />
                        <Entry name="$ControllerName" value="ASUS" />
                        <Entry name="$AgentName" value="ASUS" />
                        <Entry name="$TestLogsDir" value="C:\Documents and Settings\ASUS X82Q SERIES\My Documents\Visual Studio 2008\Projects\TestProject\TestResults\ASUS X82Q SERIES_ASUS 2010-11-23 21_08_28\In\ASUS" />
                        <Entry name="$TestDeploymentDir" value="C:\Documents and Settings\ASUS X82Q SERIES\My Documents\Visual Studio 2008\Projects\TestProject\TestResults\ASUS X82Q SERIES_ASUS 2010-11-23 21_08_28\Out" />
                        <Entry name="$AgentId" value="1" />
                        <Entry name="$AgentLoadDistributor" value="Microsoft.VisualStudio.TestTools.Execution.AgentLoadDistributor" />
                        <Entry name="$TestDir" value="C:\Documents and Settings\ASUS X82Q SERIES\My Documents\Visual Studio 2008\Projects\TestProject\TestResults\ASUS X82Q SERIES_ASUS 2010-11-23 21_08_28" />
                        <Entry name="$AgentWeighting" value="100" />
                        <Entry name="$WebTestIteration" value="1" />
                        <Entry name="$WebTestUserId" value="1" />
                      </Context>
                    </WebRequestResult>
                    <WebRequestResult exceptionMessage="" run="0" submitted="true" cached="false" isRedirectFollow="false" requestBodyBytesHandle="-2" responseBytesHandle="71">
                      <Request url="http://localhost/industry/library/css/style_shop.css" command="GET /industry/library/css/style_shop.css HTTP/1.1" encoding="utf-8">
                        <Headers>Referer : http://localhost/industry/shop/member/index.php?mod=detail&amp;imb=2&amp;ipc=1&amp;ip=4
User-Agent : Mozilla/4.0 (compatible; MSIE 7.0; Windows NT 5.1)
Accept : */*
Accept-Language : en-us
Accept-Encoding : GZIP
Host : localhost
Cookie : PHPSESSID=5a0b064b9e2796918842c00f72e52f69; mylang=vietnam
</Headers>
                      </Request>
                      <Response url="http://localhost/industry/library/css/style_shop.css" contentType="text/css" statusLine="HTTP/1.1 200 OK" pageTime="NaN" time="0.027" statusCodeString="200 OK" contentLength="3829">
                        <Headers>Accept-Ranges : bytes
Content-Length : 3829
Content-Type : text/css
Date : Tue, 23 Nov 2010 14:08:33 GMT
ETag : "641554e0-ef5-a458d300"
Last-Modified : Mon, 20 Sep 2010 04:49:48 GMT
Server : Apache/2.2.4 (Win32) PHP/5.2.1
</Headers>
                      </Response>
                      <Context>
                        <Entry name="$TotalAgents" value="1" />
                        <Entry name="$ControllerName" value="ASUS" />
                        <Entry name="$AgentName" value="ASUS" />
                        <Entry name="$TestLogsDir" value="C:\Documents and Settings\ASUS X82Q SERIES\My Documents\Visual Studio 2008\Projects\TestProject\TestResults\ASUS X82Q SERIES_ASUS 2010-11-23 21_08_28\In\ASUS" />
                        <Entry name="$TestDeploymentDir" value="C:\Documents and Settings\ASUS X82Q SERIES\My Documents\Visual Studio 2008\Projects\TestProject\TestResults\ASUS X82Q SERIES_ASUS 2010-11-23 21_08_28\Out" />
                        <Entry name="$AgentId" value="1" />
                        <Entry name="$AgentLoadDistributor" value="Microsoft.VisualStudio.TestTools.Execution.AgentLoadDistributor" />
                        <Entry name="$TestDir" value="C:\Documents and Settings\ASUS X82Q SERIES\My Documents\Visual Studio 2008\Projects\TestProject\TestResults\ASUS X82Q SERIES_ASUS 2010-11-23 21_08_28" />
                        <Entry name="$AgentWeighting" value="100" />
                        <Entry name="$WebTestIteration" value="1" />
                        <Entry name="$WebTestUserId" value="1" />
                      </Context>
                    </WebRequestResult>
                    <WebRequestResult exceptionMessage="" run="0" submitted="true" cached="false" isRedirectFollow="false" requestBodyBytesHandle="-2" responseBytesHandle="2">
                      <Request url="http://localhost/industry/library/css/style_menu.css" command="GET /industry/library/css/style_menu.css HTTP/1.1" encoding="utf-8">
                        <Headers>Referer : http://localhost/industry/shop/member/index.php?mod=detail&amp;imb=2&amp;ipc=1&amp;ip=4
User-Agent : Mozilla/4.0 (compatible; MSIE 7.0; Windows NT 5.1)
Accept : */*
Accept-Language : en-us
Accept-Encoding : GZIP
Host : localhost
Cookie : PHPSESSID=5a0b064b9e2796918842c00f72e52f69; mylang=vietnam
</Headers>
                      </Request>
                      <Response url="http://localhost/industry/library/css/style_menu.css" contentType="text/css" statusLine="HTTP/1.1 200 OK" pageTime="NaN" time="0.013" statusCodeString="200 OK" contentLength="1103">
                        <Headers>Accept-Ranges : bytes
Content-Length : 1103
Content-Type : text/css
Date : Tue, 23 Nov 2010 14:08:33 GMT
ETag : "641553c0-44f-9c443c00"
Last-Modified : Fri, 27 Aug 2010 12:54:08 GMT
Server : Apache/2.2.4 (Win32) PHP/5.2.1
</Headers>
                      </Response>
                      <Context>
                        <Entry name="$TotalAgents" value="1" />
                        <Entry name="$ControllerName" value="ASUS" />
                        <Entry name="$AgentName" value="ASUS" />
                        <Entry name="$TestLogsDir" value="C:\Documents and Settings\ASUS X82Q SERIES\My Documents\Visual Studio 2008\Projects\TestProject\TestResults\ASUS X82Q SERIES_ASUS 2010-11-23 21_08_28\In\ASUS" />
                        <Entry name="$TestDeploymentDir" value="C:\Documents and Settings\ASUS X82Q SERIES\My Documents\Visual Studio 2008\Projects\TestProject\TestResults\ASUS X82Q SERIES_ASUS 2010-11-23 21_08_28\Out" />
                        <Entry name="$AgentId" value="1" />
                        <Entry name="$AgentLoadDistributor" value="Microsoft.VisualStudio.TestTools.Execution.AgentLoadDistributor" />
                        <Entry name="$TestDir" value="C:\Documents and Settings\ASUS X82Q SERIES\My Documents\Visual Studio 2008\Projects\TestProject\TestResults\ASUS X82Q SERIES_ASUS 2010-11-23 21_08_28" />
                        <Entry name="$AgentWeighting" value="100" />
                        <Entry name="$WebTestIteration" value="1" />
                        <Entry name="$WebTestUserId" value="1" />
                      </Context>
                    </WebRequestResult>
                    <WebRequestResult exceptionMessage="" run="0" submitted="true" cached="false" isRedirectFollow="false" requestBodyBytesHandle="-2" responseBytesHandle="44">
                      <Request url="http://localhost/industry/library/css/style_buy_sale.css" command="GET /industry/library/css/style_buy_sale.css HTTP/1.1" encoding="utf-8">
                        <Headers>Referer : http://localhost/industry/shop/member/index.php?mod=detail&amp;imb=2&amp;ipc=1&amp;ip=4
User-Agent : Mozilla/4.0 (compatible; MSIE 7.0; Windows NT 5.1)
Accept : */*
Accept-Language : en-us
Accept-Encoding : GZIP
Host : localhost
Cookie : PHPSESSID=5a0b064b9e2796918842c00f72e52f69; mylang=vietnam
</Headers>
                      </Request>
                      <Response url="http://localhost/industry/library/css/style_buy_sale.css" contentType="text/css" statusLine="HTTP/1.1 200 OK" pageTime="NaN" time="0.013" statusCodeString="200 OK" contentLength="4307">
                        <Headers>Accept-Ranges : bytes
Content-Length : 4307
Content-Type : text/css
Date : Tue, 23 Nov 2010 14:08:33 GMT
ETag : "641552a0-10d3-f8823c00"
Last-Modified : Mon, 20 Sep 2010 05:13:20 GMT
Server : Apache/2.2.4 (Win32) PHP/5.2.1
</Headers>
                      </Response>
                      <Context>
                        <Entry name="$TotalAgents" value="1" />
                        <Entry name="$ControllerName" value="ASUS" />
                        <Entry name="$AgentName" value="ASUS" />
                        <Entry name="$TestLogsDir" value="C:\Documents and Settings\ASUS X82Q SERIES\My Documents\Visual Studio 2008\Projects\TestProject\TestResults\ASUS X82Q SERIES_ASUS 2010-11-23 21_08_28\In\ASUS" />
                        <Entry name="$TestDeploymentDir" value="C:\Documents and Settings\ASUS X82Q SERIES\My Documents\Visual Studio 2008\Projects\TestProject\TestResults\ASUS X82Q SERIES_ASUS 2010-11-23 21_08_28\Out" />
                        <Entry name="$AgentId" value="1" />
                        <Entry name="$AgentLoadDistributor" value="Microsoft.VisualStudio.TestTools.Execution.AgentLoadDistributor" />
                        <Entry name="$TestDir" value="C:\Documents and Settings\ASUS X82Q SERIES\My Documents\Visual Studio 2008\Projects\TestProject\TestResults\ASUS X82Q SERIES_ASUS 2010-11-23 21_08_28" />
                        <Entry name="$AgentWeighting" value="100" />
                        <Entry name="$WebTestIteration" value="1" />
                        <Entry name="$WebTestUserId" value="1" />
                      </Context>
                    </WebRequestResult>
                    <WebRequestResult exceptionMessage="" run="0" submitted="true" cached="false" isRedirectFollow="false" requestBodyBytesHandle="-2" responseBytesHandle="72">
                      <Request url="http://localhost/industry/library/css/style_menu_shop.css" command="GET /industry/library/css/style_menu_shop.css HTTP/1.1" encoding="utf-8">
                        <Headers>Referer : http://localhost/industry/shop/member/index.php?mod=detail&amp;imb=2&amp;ipc=1&amp;ip=4
User-Agent : Mozilla/4.0 (compatible; MSIE 7.0; Windows NT 5.1)
Accept : */*
Accept-Language : en-us
Accept-Encoding : GZIP
Host : localhost
Cookie : PHPSESSID=5a0b064b9e2796918842c00f72e52f69; mylang=vietnam
</Headers>
                      </Request>
                      <Response url="http://localhost/industry/library/css/style_menu_shop.css" contentType="text/css" statusLine="HTTP/1.1 200 OK" pageTime="NaN" time="0.021" statusCodeString="200 OK" contentLength="1509">
                        <Headers>Accept-Ranges : bytes
Content-Length : 1509
Content-Type : text/css
Date : Tue, 23 Nov 2010 14:08:33 GMT
ETag : "64155420-5e5-32c96f80"
Last-Modified : Mon, 06 Sep 2010 03:51:42 GMT
Server : Apache/2.2.4 (Win32) PHP/5.2.1
</Headers>
                      </Response>
                      <Context>
                        <Entry name="$TotalAgents" value="1" />
                        <Entry name="$ControllerName" value="ASUS" />
                        <Entry name="$AgentName" value="ASUS" />
                        <Entry name="$TestLogsDir" value="C:\Documents and Settings\ASUS X82Q SERIES\My Documents\Visual Studio 2008\Projects\TestProject\TestResults\ASUS X82Q SERIES_ASUS 2010-11-23 21_08_28\In\ASUS" />
                        <Entry name="$TestDeploymentDir" value="C:\Documents and Settings\ASUS X82Q SERIES\My Documents\Visual Studio 2008\Projects\TestProject\TestResults\ASUS X82Q SERIES_ASUS 2010-11-23 21_08_28\Out" />
                        <Entry name="$AgentId" value="1" />
                        <Entry name="$AgentLoadDistributor" value="Microsoft.VisualStudio.TestTools.Execution.AgentLoadDistributor" />
                        <Entry name="$TestDir" value="C:\Documents and Settings\ASUS X82Q SERIES\My Documents\Visual Studio 2008\Projects\TestProject\TestResults\ASUS X82Q SERIES_ASUS 2010-11-23 21_08_28" />
                        <Entry name="$AgentWeighting" value="100" />
                        <Entry name="$WebTestIteration" value="1" />
                        <Entry name="$WebTestUserId" value="1" />
                      </Context>
                    </WebRequestResult>
                    <WebRequestResult exceptionMessage="" run="0" submitted="true" cached="false" isRedirectFollow="false" requestBodyBytesHandle="-2" responseBytesHandle="8">
                      <Request url="http://localhost/industry/library/js/script.js" command="GET /industry/library/js/script.js HTTP/1.1" encoding="utf-8">
                        <Headers>Referer : http://localhost/industry/shop/member/index.php?mod=detail&amp;imb=2&amp;ipc=1&amp;ip=4
User-Agent : Mozilla/4.0 (compatible; MSIE 7.0; Windows NT 5.1)
Accept : */*
Accept-Language : en-us
Accept-Encoding : GZIP
Host : localhost
Cookie : PHPSESSID=5a0b064b9e2796918842c00f72e52f69; mylang=vietnam
</Headers>
                      </Request>
                      <Response url="http://localhost/industry/library/js/script.js" contentType="application/x-javascript" statusLine="HTTP/1.1 200 OK" pageTime="NaN" time="0.051" statusCodeString="200 OK" contentLength="403">
                        <Headers>Accept-Ranges : bytes
Content-Length : 403
Content-Type : application/x-javascript
Date : Tue, 23 Nov 2010 14:08:33 GMT
ETag : "640c1340-193-56ac8480"
Last-Modified : Tue, 27 Jul 2010 06:09:06 GMT
Server : Apache/2.2.4 (Win32) PHP/5.2.1
</Headers>
                      </Response>
                      <Context>
                        <Entry name="$TotalAgents" value="1" />
                        <Entry name="$ControllerName" value="ASUS" />
                        <Entry name="$AgentName" value="ASUS" />
                        <Entry name="$TestLogsDir" value="C:\Documents and Settings\ASUS X82Q SERIES\My Documents\Visual Studio 2008\Projects\TestProject\TestResults\ASUS X82Q SERIES_ASUS 2010-11-23 21_08_28\In\ASUS" />
                        <Entry name="$TestDeploymentDir" value="C:\Documents and Settings\ASUS X82Q SERIES\My Documents\Visual Studio 2008\Projects\TestProject\TestResults\ASUS X82Q SERIES_ASUS 2010-11-23 21_08_28\Out" />
                        <Entry name="$AgentId" value="1" />
                        <Entry name="$AgentLoadDistributor" value="Microsoft.VisualStudio.TestTools.Execution.AgentLoadDistributor" />
                        <Entry name="$TestDir" value="C:\Documents and Settings\ASUS X82Q SERIES\My Documents\Visual Studio 2008\Projects\TestProject\TestResults\ASUS X82Q SERIES_ASUS 2010-11-23 21_08_28" />
                        <Entry name="$AgentWeighting" value="100" />
                        <Entry name="$WebTestIteration" value="1" />
                        <Entry name="$WebTestUserId" value="1" />
                      </Context>
                    </WebRequestResult>
                    <WebRequestResult exceptionMessage="" run="0" submitted="true" cached="false" isRedirectFollow="false" requestBodyBytesHandle="-2" responseBytesHandle="11">
                      <Request url="http://localhost/industry/library/js/jquery_menu.js" command="GET /industry/library/js/jquery_menu.js HTTP/1.1" encoding="utf-8">
                        <Headers>Referer : http://localhost/industry/shop/member/index.php?mod=detail&amp;imb=2&amp;ipc=1&amp;ip=4
User-Agent : Mozilla/4.0 (compatible; MSIE 7.0; Windows NT 5.1)
Accept : */*
Accept-Language : en-us
Accept-Encoding : GZIP
Host : localhost
Cookie : PHPSESSID=5a0b064b9e2796918842c00f72e52f69; mylang=vietnam
</Headers>
                      </Request>
                      <Response url="http://localhost/industry/library/js/jquery_menu.js" contentType="application/x-javascript" statusLine="HTTP/1.1 200 OK" pageTime="NaN" time="0.097" statusCodeString="200 OK" contentLength="57170">
                        <Headers>X-Pad : avoid browser bug
Accept-Ranges : bytes
Content-Length : 57170
Content-Type : application/x-javascript
Date : Tue, 23 Nov 2010 14:08:33 GMT
ETag : "640c1260-df52-984af280"
Last-Modified : Tue, 27 Jul 2010 02:52:42 GMT
Server : Apache/2.2.4 (Win32) PHP/5.2.1
</Headers>
                      </Response>
                      <Context>
                        <Entry name="$TotalAgents" value="1" />
                        <Entry name="$ControllerName" value="ASUS" />
                        <Entry name="$AgentName" value="ASUS" />
                        <Entry name="$TestLogsDir" value="C:\Documents and Settings\ASUS X82Q SERIES\My Documents\Visual Studio 2008\Projects\TestProject\TestResults\ASUS X82Q SERIES_ASUS 2010-11-23 21_08_28\In\ASUS" />
                        <Entry name="$TestDeploymentDir" value="C:\Documents and Settings\ASUS X82Q SERIES\My Documents\Visual Studio 2008\Projects\TestProject\TestResults\ASUS X82Q SERIES_ASUS 2010-11-23 21_08_28\Out" />
                        <Entry name="$AgentId" value="1" />
                        <Entry name="$AgentLoadDistributor" value="Microsoft.VisualStudio.TestTools.Execution.AgentLoadDistributor" />
                        <Entry name="$TestDir" value="C:\Documents and Settings\ASUS X82Q SERIES\My Documents\Visual Studio 2008\Projects\TestProject\TestResults\ASUS X82Q SERIES_ASUS 2010-11-23 21_08_28" />
                        <Entry name="$AgentWeighting" value="100" />
                        <Entry name="$WebTestIteration" value="1" />
                        <Entry name="$WebTestUserId" value="1" />
                      </Context>
                    </WebRequestResult>
                    <WebRequestResult exceptionMessage="" run="0" submitted="true" cached="false" isRedirectFollow="false" requestBodyBytesHandle="-2" responseBytesHandle="1">
                      <Request url="http://localhost/industry/library/CSS/style.css" command="GET /industry/library/CSS/style.css HTTP/1.1" encoding="utf-8">
                        <Headers>Referer : http://localhost/industry/shop/member/index.php?mod=detail&amp;imb=2&amp;ipc=1&amp;ip=4
User-Agent : Mozilla/4.0 (compatible; MSIE 7.0; Windows NT 5.1)
Accept : */*
Accept-Language : en-us
Accept-Encoding : GZIP
Host : localhost
Cookie : PHPSESSID=5a0b064b9e2796918842c00f72e52f69; mylang=vietnam
</Headers>
                      </Request>
                      <Response url="http://localhost/industry/library/CSS/style.css" contentType="text/css" statusLine="HTTP/1.1 200 OK" pageTime="NaN" time="0.036" statusCodeString="200 OK" contentLength="9991">
                        <Headers>Accept-Ranges : bytes
Content-Length : 9991
Content-Type : text/css
Date : Tue, 23 Nov 2010 14:08:33 GMT
ETag : "64155240-2707-e0400a80"
Last-Modified : Fri, 24 Sep 2010 18:52:10 GMT
Server : Apache/2.2.4 (Win32) PHP/5.2.1
</Headers>
                      </Response>
                      <Context>
                        <Entry name="$TotalAgents" value="1" />
                        <Entry name="$ControllerName" value="ASUS" />
                        <Entry name="$AgentName" value="ASUS" />
                        <Entry name="$TestLogsDir" value="C:\Documents and Settings\ASUS X82Q SERIES\My Documents\Visual Studio 2008\Projects\TestProject\TestResults\ASUS X82Q SERIES_ASUS 2010-11-23 21_08_28\In\ASUS" />
                        <Entry name="$TestDeploymentDir" value="C:\Documents and Settings\ASUS X82Q SERIES\My Documents\Visual Studio 2008\Projects\TestProject\TestResults\ASUS X82Q SERIES_ASUS 2010-11-23 21_08_28\Out" />
                        <Entry name="$AgentId" value="1" />
                        <Entry name="$AgentLoadDistributor" value="Microsoft.VisualStudio.TestTools.Execution.AgentLoadDistributor" />
                        <Entry name="$TestDir" value="C:\Documents and Settings\ASUS X82Q SERIES\My Documents\Visual Studio 2008\Projects\TestProject\TestResults\ASUS X82Q SERIES_ASUS 2010-11-23 21_08_28" />
                        <Entry name="$AgentWeighting" value="100" />
                        <Entry name="$WebTestIteration" value="1" />
                        <Entry name="$WebTestUserId" value="1" />
                      </Context>
                    </WebRequestResult>
                    <WebRequestResult exceptionMessage="" run="0" submitted="true" cached="false" isRedirectFollow="false" requestBodyBytesHandle="-2" responseBytesHandle="15">
                      <Request url="http://localhost/industry/interface/search.jpg" command="GET /industry/interface/search.jpg HTTP/1.1" encoding="utf-8">
                        <Headers>Referer : http://localhost/industry/shop/member/index.php?mod=detail&amp;imb=2&amp;ipc=1&amp;ip=4
User-Agent : Mozilla/4.0 (compatible; MSIE 7.0; Windows NT 5.1)
Accept : */*
Accept-Language : en-us
Accept-Encoding : GZIP
Host : localhost
Cookie : PHPSESSID=5a0b064b9e2796918842c00f72e52f69; mylang=vietnam
</Headers>
                      </Request>
                      <Response url="http://localhost/industry/interface/search.jpg" contentType="image/jpeg" statusLine="HTTP/1.1 200 OK" pageTime="NaN" time="0.006" statusCodeString="200 OK" contentLength="1525">
                        <Headers>Accept-Ranges : bytes
Content-Length : 1525
Content-Type : image/jpeg
Date : Tue, 23 Nov 2010 14:08:33 GMT
ETag : "63f09960-5f5-160fc780"
Last-Modified : Sun, 25 Jul 2010 16:51:58 GMT
Server : Apache/2.2.4 (Win32) PHP/5.2.1
</Headers>
                      </Response>
                      <Context>
                        <Entry name="$TotalAgents" value="1" />
                        <Entry name="$ControllerName" value="ASUS" />
                        <Entry name="$AgentName" value="ASUS" />
                        <Entry name="$TestLogsDir" value="C:\Documents and Settings\ASUS X82Q SERIES\My Documents\Visual Studio 2008\Projects\TestProject\TestResults\ASUS X82Q SERIES_ASUS 2010-11-23 21_08_28\In\ASUS" />
                        <Entry name="$TestDeploymentDir" value="C:\Documents and Settings\ASUS X82Q SERIES\My Documents\Visual Studio 2008\Projects\TestProject\TestResults\ASUS X82Q SERIES_ASUS 2010-11-23 21_08_28\Out" />
                        <Entry name="$AgentId" value="1" />
                        <Entry name="$AgentLoadDistributor" value="Microsoft.VisualStudio.TestTools.Execution.AgentLoadDistributor" />
                        <Entry name="$TestDir" value="C:\Documents and Settings\ASUS X82Q SERIES\My Documents\Visual Studio 2008\Projects\TestProject\TestResults\ASUS X82Q SERIES_ASUS 2010-11-23 21_08_28" />
                        <Entry name="$AgentWeighting" value="100" />
                        <Entry name="$WebTestIteration" value="1" />
                        <Entry name="$WebTestUserId" value="1" />
                      </Context>
                    </WebRequestResult>
                  </DependantResults>
                  <ValidationRuleResults>
                    <ValidationRuleResult message="Passed" ruleType="Validation" name="Response URL" />
                  </ValidationRuleResults>
                </WebRequestResult>
              </WebTestResultPage>
              <WebTestResultPage>
                <WebRequestResult exceptionMessage="" run="0" submitted="true" cached="false" isRedirectFollow="false" requestBodyBytesHandle="-2" responseBytesHandle="0">
                  <Request url="http://localhost/industry/index.php" command="GET /industry/index.php HTTP/1.1" encoding="utf-8">
                    <Headers>User-Agent : Mozilla/4.0 (compatible; MSIE 7.0; Windows NT 5.1)
Accept : */*
Accept-Language : en-us
Accept-Encoding : GZIP
Host : localhost
Cookie : PHPSESSID=5a0b064b9e2796918842c00f72e52f69; mylang=vietnam
</Headers>
                  </Request>
                  <Response url="http://localhost/industry/index.php" contentType="text/html; charset=utf-8" statusLine="HTTP/1.1 200 OK" pageTime="0.79599999999999993" time="0.468" statusCodeString="200 OK" contentLength="30539">
                    <Headers>Pragma : no-cache
Transfer-Encoding : chunked
Cache-Control : no-store, no-cache, must-revalidate, post-check=0, pre-check=0
Content-Type : text/html; charset:utf-8
Date : Tue, 23 Nov 2010 14:08:33 GMT
Expires : Thu, 19 Nov 1981 08:52:00 GMT
Set-Cookie : mylang=vietnam; expires=Tue, 30-Nov-2010 14:08:33 GMT; path=/
Server : Apache/2.2.4 (Win32) PHP/5.2.1
X-Powered-By : PHP/5.2.1
</Headers>
                  </Response>
                  <Context>
                    <Entry name="$TotalAgents" value="1" />
                    <Entry name="$ControllerName" value="ASUS" />
                    <Entry name="$AgentName" value="ASUS" />
                    <Entry name="$TestLogsDir" value="C:\Documents and Settings\ASUS X82Q SERIES\My Documents\Visual Studio 2008\Projects\TestProject\TestResults\ASUS X82Q SERIES_ASUS 2010-11-23 21_08_28\In\ASUS" />
                    <Entry name="$TestDeploymentDir" value="C:\Documents and Settings\ASUS X82Q SERIES\My Documents\Visual Studio 2008\Projects\TestProject\TestResults\ASUS X82Q SERIES_ASUS 2010-11-23 21_08_28\Out" />
                    <Entry name="$AgentId" value="1" />
                    <Entry name="$AgentLoadDistributor" value="Microsoft.VisualStudio.TestTools.Execution.AgentLoadDistributor" />
                    <Entry name="$TestDir" value="C:\Documents and Settings\ASUS X82Q SERIES\My Documents\Visual Studio 2008\Projects\TestProject\TestResults\ASUS X82Q SERIES_ASUS 2010-11-23 21_08_28" />
                    <Entry name="$AgentWeighting" value="100" />
                    <Entry name="$WebTestIteration" value="1" />
                    <Entry name="$WebTestUserId" value="1" />
                  </Context>
                  <DependantResults>
                    <WebRequestResult exceptionMessage="" run="0" submitted="true" cached="false" isRedirectFollow="false" requestBodyBytesHandle="-2" responseBytesHandle="2">
                      <Request url="http://localhost/industry/library/CSS/style_menu.css" command="GET /industry/library/CSS/style_menu.css HTTP/1.1" encoding="utf-8">
                        <Headers>Referer : http://localhost/industry/index.php
User-Agent : Mozilla/4.0 (compatible; MSIE 7.0; Windows NT 5.1)
Accept : */*
Accept-Language : en-us
Accept-Encoding : GZIP
Host : localhost
Cookie : PHPSESSID=5a0b064b9e2796918842c00f72e52f69; mylang=vietnam
</Headers>
                      </Request>
                      <Response url="http://localhost/industry/library/CSS/style_menu.css" contentType="text/css" statusLine="HTTP/1.1 200 OK" pageTime="NaN" time="0.008" statusCodeString="200 OK" contentLength="1103">
                        <Headers>Accept-Ranges : bytes
Content-Length : 1103
Content-Type : text/css
Date : Tue, 23 Nov 2010 14:08:34 GMT
ETag : "641553c0-44f-9c443c00"
Last-Modified : Fri, 27 Aug 2010 12:54:08 GMT
Server : Apache/2.2.4 (Win32) PHP/5.2.1
</Headers>
                      </Response>
                      <Context>
                        <Entry name="$TotalAgents" value="1" />
                        <Entry name="$ControllerName" value="ASUS" />
                        <Entry name="$AgentName" value="ASUS" />
                        <Entry name="$TestLogsDir" value="C:\Documents and Settings\ASUS X82Q SERIES\My Documents\Visual Studio 2008\Projects\TestProject\TestResults\ASUS X82Q SERIES_ASUS 2010-11-23 21_08_28\In\ASUS" />
                        <Entry name="$TestDeploymentDir" value="C:\Documents and Settings\ASUS X82Q SERIES\My Documents\Visual Studio 2008\Projects\TestProject\TestResults\ASUS X82Q SERIES_ASUS 2010-11-23 21_08_28\Out" />
                        <Entry name="$AgentId" value="1" />
                        <Entry name="$AgentLoadDistributor" value="Microsoft.VisualStudio.TestTools.Execution.AgentLoadDistributor" />
                        <Entry name="$TestDir" value="C:\Documents and Settings\ASUS X82Q SERIES\My Documents\Visual Studio 2008\Projects\TestProject\TestResults\ASUS X82Q SERIES_ASUS 2010-11-23 21_08_28" />
                        <Entry name="$AgentWeighting" value="100" />
                        <Entry name="$WebTestIteration" value="1" />
                        <Entry name="$WebTestUserId" value="1" />
                      </Context>
                    </WebRequestResult>
                    <WebRequestResult exceptionMessage="" run="0" submitted="true" cached="false" isRedirectFollow="false" requestBodyBytesHandle="-2" responseBytesHandle="1">
                      <Request url="http://localhost/industry/library/CSS/style.css" command="GET /industry/library/CSS/style.css HTTP/1.1" encoding="utf-8">
                        <Headers>Referer : http://localhost/industry/index.php
User-Agent : Mozilla/4.0 (compatible; MSIE 7.0; Windows NT 5.1)
Accept : */*
Accept-Language : en-us
Accept-Encoding : GZIP
Host : localhost
Cookie : PHPSESSID=5a0b064b9e2796918842c00f72e52f69; mylang=vietnam
</Headers>
                      </Request>
                      <Response url="http://localhost/industry/library/CSS/style.css" contentType="text/css" statusLine="HTTP/1.1 200 OK" pageTime="NaN" time="0.01" statusCodeString="200 OK" contentLength="9991">
                        <Headers>Accept-Ranges : bytes
Content-Length : 9991
Content-Type : text/css
Date : Tue, 23 Nov 2010 14:08:34 GMT
ETag : "64155240-2707-e0400a80"
Last-Modified : Fri, 24 Sep 2010 18:52:10 GMT
Server : Apache/2.2.4 (Win32) PHP/5.2.1
</Headers>
                      </Response>
                      <Context>
                        <Entry name="$TotalAgents" value="1" />
                        <Entry name="$ControllerName" value="ASUS" />
                        <Entry name="$AgentName" value="ASUS" />
                        <Entry name="$TestLogsDir" value="C:\Documents and Settings\ASUS X82Q SERIES\My Documents\Visual Studio 2008\Projects\TestProject\TestResults\ASUS X82Q SERIES_ASUS 2010-11-23 21_08_28\In\ASUS" />
                        <Entry name="$TestDeploymentDir" value="C:\Documents and Settings\ASUS X82Q SERIES\My Documents\Visual Studio 2008\Projects\TestProject\TestResults\ASUS X82Q SERIES_ASUS 2010-11-23 21_08_28\Out" />
                        <Entry name="$AgentId" value="1" />
                        <Entry name="$AgentLoadDistributor" value="Microsoft.VisualStudio.TestTools.Execution.AgentLoadDistributor" />
                        <Entry name="$TestDir" value="C:\Documents and Settings\ASUS X82Q SERIES\My Documents\Visual Studio 2008\Projects\TestProject\TestResults\ASUS X82Q SERIES_ASUS 2010-11-23 21_08_28" />
                        <Entry name="$AgentWeighting" value="100" />
                        <Entry name="$WebTestIteration" value="1" />
                        <Entry name="$WebTestUserId" value="1" />
                      </Context>
                    </WebRequestResult>
                    <WebRequestResult exceptionMessage="" run="0" submitted="true" cached="false" isRedirectFollow="false" requestBodyBytesHandle="-2" responseBytesHandle="4">
                      <Request url="http://localhost/industry/library/CSS/style_contac.css" command="GET /industry/library/CSS/style_contac.css HTTP/1.1" encoding="utf-8">
                        <Headers>Referer : http://localhost/industry/index.php
User-Agent : Mozilla/4.0 (compatible; MSIE 7.0; Windows NT 5.1)
Accept : */*
Accept-Language : en-us
Accept-Encoding : GZIP
Host : localhost
Cookie : PHPSESSID=5a0b064b9e2796918842c00f72e52f69; mylang=vietnam
</Headers>
                      </Request>
                      <Response url="http://localhost/industry/library/CSS/style_contac.css" contentType="text/css" statusLine="HTTP/1.1 200 OK" pageTime="NaN" time="0.019" statusCodeString="200 OK" contentLength="2894">
                        <Headers>Accept-Ranges : bytes
Content-Length : 2894
Content-Type : text/css
Date : Tue, 23 Nov 2010 14:08:34 GMT
ETag : "64155300-b4e-b11efc00"
Last-Modified : Sun, 19 Sep 2010 03:50:08 GMT
Server : Apache/2.2.4 (Win32) PHP/5.2.1
</Headers>
                      </Response>
                      <Context>
                        <Entry name="$TotalAgents" value="1" />
                        <Entry name="$ControllerName" value="ASUS" />
                        <Entry name="$AgentName" value="ASUS" />
                        <Entry name="$TestLogsDir" value="C:\Documents and Settings\ASUS X82Q SERIES\My Documents\Visual Studio 2008\Projects\TestProject\TestResults\ASUS X82Q SERIES_ASUS 2010-11-23 21_08_28\In\ASUS" />
                        <Entry name="$TestDeploymentDir" value="C:\Documents and Settings\ASUS X82Q SERIES\My Documents\Visual Studio 2008\Projects\TestProject\TestResults\ASUS X82Q SERIES_ASUS 2010-11-23 21_08_28\Out" />
                        <Entry name="$AgentId" value="1" />
                        <Entry name="$AgentLoadDistributor" value="Microsoft.VisualStudio.TestTools.Execution.AgentLoadDistributor" />
                        <Entry name="$TestDir" value="C:\Documents and Settings\ASUS X82Q SERIES\My Documents\Visual Studio 2008\Projects\TestProject\TestResults\ASUS X82Q SERIES_ASUS 2010-11-23 21_08_28" />
                        <Entry name="$AgentWeighting" value="100" />
                        <Entry name="$WebTestIteration" value="1" />
                        <Entry name="$WebTestUserId" value="1" />
                      </Context>
                    </WebRequestResult>
                    <WebRequestResult exceptionMessage="" run="0" submitted="true" cached="false" isRedirectFollow="false" requestBodyBytesHandle="-2" responseBytesHandle="3">
                      <Request url="http://localhost/industry/library/CSS/style_menu_stand.css" command="GET /industry/library/CSS/style_menu_stand.css HTTP/1.1" encoding="utf-8">
                        <Headers>Referer : http://localhost/industry/index.php
User-Agent : Mozilla/4.0 (compatible; MSIE 7.0; Windows NT 5.1)
Accept : */*
Accept-Language : en-us
Accept-Encoding : GZIP
Host : localhost
Cookie : PHPSESSID=5a0b064b9e2796918842c00f72e52f69; mylang=vietnam
</Headers>
                      </Request>
                      <Response url="http://localhost/industry/library/CSS/style_menu_stand.css" contentType="text/css" statusLine="HTTP/1.1 200 OK" pageTime="NaN" time="0.021" statusCodeString="200 OK" contentLength="3617">
                        <Headers>Accept-Ranges : bytes
Content-Length : 3617
Content-Type : text/css
Date : Tue, 23 Nov 2010 14:08:34 GMT
ETag : "64155480-e21-2d19c900"
Last-Modified : Wed, 08 Sep 2010 14:17:40 GMT
Server : Apache/2.2.4 (Win32) PHP/5.2.1
</Headers>
                      </Response>
                      <Context>
                        <Entry name="$TotalAgents" value="1" />
                        <Entry name="$ControllerName" value="ASUS" />
                        <Entry name="$AgentName" value="ASUS" />
                        <Entry name="$TestLogsDir" value="C:\Documents and Settings\ASUS X82Q SERIES\My Documents\Visual Studio 2008\Projects\TestProject\TestResults\ASUS X82Q SERIES_ASUS 2010-11-23 21_08_28\In\ASUS" />
                        <Entry name="$TestDeploymentDir" value="C:\Documents and Settings\ASUS X82Q SERIES\My Documents\Visual Studio 2008\Projects\TestProject\TestResults\ASUS X82Q SERIES_ASUS 2010-11-23 21_08_28\Out" />
                        <Entry name="$AgentId" value="1" />
                        <Entry name="$AgentLoadDistributor" value="Microsoft.VisualStudio.TestTools.Execution.AgentLoadDistributor" />
                        <Entry name="$TestDir" value="C:\Documents and Settings\ASUS X82Q SERIES\My Documents\Visual Studio 2008\Projects\TestProject\TestResults\ASUS X82Q SERIES_ASUS 2010-11-23 21_08_28" />
                        <Entry name="$AgentWeighting" value="100" />
                        <Entry name="$WebTestIteration" value="1" />
                        <Entry name="$WebTestUserId" value="1" />
                      </Context>
                    </WebRequestResult>
                    <WebRequestResult exceptionMessage="" run="0" submitted="true" cached="false" isRedirectFollow="false" requestBodyBytesHandle="-2" responseBytesHandle="6">
                      <Request url="http://localhost/industry/SpryAssets/SpryTabbedPanels.css" command="GET /industry/SpryAssets/SpryTabbedPanels.css HTTP/1.1" encoding="utf-8">
                        <Headers>Referer : http://localhost/industry/index.php
User-Agent : Mozilla/4.0 (compatible; MSIE 7.0; Windows NT 5.1)
Accept : */*
Accept-Language : en-us
Accept-Encoding : GZIP
Host : localhost
Cookie : PHPSESSID=5a0b064b9e2796918842c00f72e52f69; mylang=vietnam
</Headers>
                      </Request>
                      <Response url="http://localhost/industry/SpryAssets/SpryTabbedPanels.css" contentType="text/css" statusLine="HTTP/1.1 200 OK" pageTime="NaN" time="0.007" statusCodeString="200 OK" contentLength="8136">
                        <Headers>Accept-Ranges : bytes
Content-Length : 8136
Content-Type : text/css
Date : Tue, 23 Nov 2010 14:08:34 GMT
ETag : "4e599080-1fc8-9b0fe900"
Last-Modified : Thu, 02 Sep 2010 07:17:24 GMT
Server : Apache/2.2.4 (Win32) PHP/5.2.1
</Headers>
                      </Response>
                      <Context>
                        <Entry name="$TotalAgents" value="1" />
                        <Entry name="$ControllerName" value="ASUS" />
                        <Entry name="$AgentName" value="ASUS" />
                        <Entry name="$TestLogsDir" value="C:\Documents and Settings\ASUS X82Q SERIES\My Documents\Visual Studio 2008\Projects\TestProject\TestResults\ASUS X82Q SERIES_ASUS 2010-11-23 21_08_28\In\ASUS" />
                        <Entry name="$TestDeploymentDir" value="C:\Documents and Settings\ASUS X82Q SERIES\My Documents\Visual Studio 2008\Projects\TestProject\TestResults\ASUS X82Q SERIES_ASUS 2010-11-23 21_08_28\Out" />
                        <Entry name="$AgentId" value="1" />
                        <Entry name="$AgentLoadDistributor" value="Microsoft.VisualStudio.TestTools.Execution.AgentLoadDistributor" />
                        <Entry name="$TestDir" value="C:\Documents and Settings\ASUS X82Q SERIES\My Documents\Visual Studio 2008\Projects\TestProject\TestResults\ASUS X82Q SERIES_ASUS 2010-11-23 21_08_28" />
                        <Entry name="$AgentWeighting" value="100" />
                        <Entry name="$WebTestIteration" value="1" />
                        <Entry name="$WebTestUserId" value="1" />
                      </Context>
                    </WebRequestResult>
                    <WebRequestResult exceptionMessage="" run="0" submitted="true" cached="false" isRedirectFollow="false" requestBodyBytesHandle="-2" responseBytesHandle="5">
                      <Request url="http://localhost/industry/library/css/dddropdownpanel.css" command="GET /industry/library/css/dddropdownpanel.css HTTP/1.1" encoding="utf-8">
                        <Headers>Referer : http://localhost/industry/index.php
User-Agent : Mozilla/4.0 (compatible; MSIE 7.0; Windows NT 5.1)
Accept : */*
Accept-Language : en-us
Accept-Encoding : GZIP
Host : localhost
Cookie : PHPSESSID=5a0b064b9e2796918842c00f72e52f69; mylang=vietnam
</Headers>
                      </Request>
                      <Response url="http://localhost/industry/library/css/dddropdownpanel.css" contentType="text/css" statusLine="HTTP/1.1 200 OK" pageTime="NaN" time="0.006" statusCodeString="200 OK" contentLength="1348">
                        <Headers>Connection : close
Accept-Ranges : bytes
Content-Length : 1348
Content-Type : text/css
Date : Tue, 23 Nov 2010 14:08:34 GMT
ETag : "64155140-544-6b422680"
Last-Modified : Tue, 31 Aug 2010 18:04:58 GMT
Server : Apache/2.2.4 (Win32) PHP/5.2.1
</Headers>
                      </Response>
                      <Context>
                        <Entry name="$TotalAgents" value="1" />
                        <Entry name="$ControllerName" value="ASUS" />
                        <Entry name="$AgentName" value="ASUS" />
                        <Entry name="$TestLogsDir" value="C:\Documents and Settings\ASUS X82Q SERIES\My Documents\Visual Studio 2008\Projects\TestProject\TestResults\ASUS X82Q SERIES_ASUS 2010-11-23 21_08_28\In\ASUS" />
                        <Entry name="$TestDeploymentDir" value="C:\Documents and Settings\ASUS X82Q SERIES\My Documents\Visual Studio 2008\Projects\TestProject\TestResults\ASUS X82Q SERIES_ASUS 2010-11-23 21_08_28\Out" />
                        <Entry name="$AgentId" value="1" />
                        <Entry name="$AgentLoadDistributor" value="Microsoft.VisualStudio.TestTools.Execution.AgentLoadDistributor" />
                        <Entry name="$TestDir" value="C:\Documents and Settings\ASUS X82Q SERIES\My Documents\Visual Studio 2008\Projects\TestProject\TestResults\ASUS X82Q SERIES_ASUS 2010-11-23 21_08_28" />
                        <Entry name="$AgentWeighting" value="100" />
                        <Entry name="$WebTestIteration" value="1" />
                        <Entry name="$WebTestUserId" value="1" />
                      </Context>
                    </WebRequestResult>
                    <WebRequestResult exceptionMessage="" run="0" submitted="true" cached="false" isRedirectFollow="false" requestBodyBytesHandle="-2" responseBytesHandle="7">
                      <Request url="http://localhost/industry/library/js/dddropdownpanel.js" command="GET /industry/library/js/dddropdownpanel.js HTTP/1.1" encoding="utf-8">
                        <Headers>Referer : http://localhost/industry/index.php
User-Agent : Mozilla/4.0 (compatible; MSIE 7.0; Windows NT 5.1)
Accept : */*
Accept-Language : en-us
Accept-Encoding : GZIP
Host : localhost
Cookie : PHPSESSID=5a0b064b9e2796918842c00f72e52f69; mylang=vietnam
</Headers>
                      </Request>
                      <Response url="http://localhost/industry/library/js/dddropdownpanel.js" contentType="application/x-javascript" statusLine="HTTP/1.1 200 OK" pageTime="NaN" time="0.019" statusCodeString="200 OK" contentLength="7251">
                        <Headers>X-Pad : avoid browser bug
Accept-Ranges : bytes
Content-Length : 7251
Content-Type : application/x-javascript
Date : Tue, 23 Nov 2010 14:08:34 GMT
ETag : "640c10e0-1c53-5a3f7180"
Last-Modified : Sat, 18 Sep 2010 09:32:06 GMT
Server : Apache/2.2.4 (Win32) PHP/5.2.1
</Headers>
                      </Response>
                      <Context>
                        <Entry name="$TotalAgents" value="1" />
                        <Entry name="$ControllerName" value="ASUS" />
                        <Entry name="$AgentName" value="ASUS" />
                        <Entry name="$TestLogsDir" value="C:\Documents and Settings\ASUS X82Q SERIES\My Documents\Visual Studio 2008\Projects\TestProject\TestResults\ASUS X82Q SERIES_ASUS 2010-11-23 21_08_28\In\ASUS" />
                        <Entry name="$TestDeploymentDir" value="C:\Documents and Settings\ASUS X82Q SERIES\My Documents\Visual Studio 2008\Projects\TestProject\TestResults\ASUS X82Q SERIES_ASUS 2010-11-23 21_08_28\Out" />
                        <Entry name="$AgentId" value="1" />
                        <Entry name="$AgentLoadDistributor" value="Microsoft.VisualStudio.TestTools.Execution.AgentLoadDistributor" />
                        <Entry name="$TestDir" value="C:\Documents and Settings\ASUS X82Q SERIES\My Documents\Visual Studio 2008\Projects\TestProject\TestResults\ASUS X82Q SERIES_ASUS 2010-11-23 21_08_28" />
                        <Entry name="$AgentWeighting" value="100" />
                        <Entry name="$WebTestIteration" value="1" />
                        <Entry name="$WebTestUserId" value="1" />
                      </Context>
                    </WebRequestResult>
                    <WebRequestResult exceptionMessage="" run="0" submitted="true" cached="false" isRedirectFollow="false" requestBodyBytesHandle="-2" responseBytesHandle="8">
                      <Request url="http://localhost/industry/library/js/script.js" command="GET /industry/library/js/script.js HTTP/1.1" encoding="utf-8">
                        <Headers>Referer : http://localhost/industry/index.php
User-Agent : Mozilla/4.0 (compatible; MSIE 7.0; Windows NT 5.1)
Accept : */*
Accept-Language : en-us
Accept-Encoding : GZIP
Host : localhost
Cookie : PHPSESSID=5a0b064b9e2796918842c00f72e52f69; mylang=vietnam
</Headers>
                      </Request>
                      <Response url="http://localhost/industry/library/js/script.js" contentType="application/x-javascript" statusLine="HTTP/1.1 200 OK" pageTime="NaN" time="0.005" statusCodeString="200 OK" contentLength="403">
                        <Headers>Accept-Ranges : bytes
Content-Length : 403
Content-Type : application/x-javascript
Date : Tue, 23 Nov 2010 14:08:34 GMT
ETag : "640c1340-193-56ac8480"
Last-Modified : Tue, 27 Jul 2010 06:09:06 GMT
Server : Apache/2.2.4 (Win32) PHP/5.2.1
</Headers>
                      </Response>
                      <Context>
                        <Entry name="$TotalAgents" value="1" />
                        <Entry name="$ControllerName" value="ASUS" />
                        <Entry name="$AgentName" value="ASUS" />
                        <Entry name="$TestLogsDir" value="C:\Documents and Settings\ASUS X82Q SERIES\My Documents\Visual Studio 2008\Projects\TestProject\TestResults\ASUS X82Q SERIES_ASUS 2010-11-23 21_08_28\In\ASUS" />
                        <Entry name="$TestDeploymentDir" value="C:\Documents and Settings\ASUS X82Q SERIES\My Documents\Visual Studio 2008\Projects\TestProject\TestResults\ASUS X82Q SERIES_ASUS 2010-11-23 21_08_28\Out" />
                        <Entry name="$AgentId" value="1" />
                        <Entry name="$AgentLoadDistributor" value="Microsoft.VisualStudio.TestTools.Execution.AgentLoadDistributor" />
                        <Entry name="$TestDir" value="C:\Documents and Settings\ASUS X82Q SERIES\My Documents\Visual Studio 2008\Projects\TestProject\TestResults\ASUS X82Q SERIES_ASUS 2010-11-23 21_08_28" />
                        <Entry name="$AgentWeighting" value="100" />
                        <Entry name="$WebTestIteration" value="1" />
                        <Entry name="$WebTestUserId" value="1" />
                      </Context>
                    </WebRequestResult>
                    <WebRequestResult exceptionMessage="" run="0" submitted="true" cached="false" isRedirectFollow="false" requestBodyBytesHandle="-2" responseBytesHandle="9">
                      <Request url="http://localhost/industry/library/js/jquery.dropdown.js" command="GET /industry/library/js/jquery.dropdown.js HTTP/1.1" encoding="utf-8">
                        <Headers>Referer : http://localhost/industry/index.php
User-Agent : Mozilla/4.0 (compatible; MSIE 7.0; Windows NT 5.1)
Accept : */*
Accept-Language : en-us
Accept-Encoding : GZIP
Host : localhost
Cookie : PHPSESSID=5a0b064b9e2796918842c00f72e52f69; mylang=vietnam
</Headers>
                      </Request>
                      <Response url="http://localhost/industry/library/js/jquery.dropdown.js" contentType="application/x-javascript" statusLine="HTTP/1.1 200 OK" pageTime="NaN" time="0.005" statusCodeString="200 OK" contentLength="387">
                        <Headers>Accept-Ranges : bytes
Content-Length : 387
Content-Type : application/x-javascript
Date : Tue, 23 Nov 2010 14:08:34 GMT
ETag : "640c11a0-183-835d2100"
Last-Modified : Mon, 08 Jun 2009 11:26:28 GMT
Server : Apache/2.2.4 (Win32) PHP/5.2.1
</Headers>
                      </Response>
                      <Context>
                        <Entry name="$TotalAgents" value="1" />
                        <Entry name="$ControllerName" value="ASUS" />
                        <Entry name="$AgentName" value="ASUS" />
                        <Entry name="$TestLogsDir" value="C:\Documents and Settings\ASUS X82Q SERIES\My Documents\Visual Studio 2008\Projects\TestProject\TestResults\ASUS X82Q SERIES_ASUS 2010-11-23 21_08_28\In\ASUS" />
                        <Entry name="$TestDeploymentDir" value="C:\Documents and Settings\ASUS X82Q SERIES\My Documents\Visual Studio 2008\Projects\TestProject\TestResults\ASUS X82Q SERIES_ASUS 2010-11-23 21_08_28\Out" />
                        <Entry name="$AgentId" value="1" />
                        <Entry name="$AgentLoadDistributor" value="Microsoft.VisualStudio.TestTools.Execution.AgentLoadDistributor" />
                        <Entry name="$TestDir" value="C:\Documents and Settings\ASUS X82Q SERIES\My Documents\Visual Studio 2008\Projects\TestProject\TestResults\ASUS X82Q SERIES_ASUS 2010-11-23 21_08_28" />
                        <Entry name="$AgentWeighting" value="100" />
                        <Entry name="$WebTestIteration" value="1" />
                        <Entry name="$WebTestUserId" value="1" />
                      </Context>
                    </WebRequestResult>
                    <WebRequestResult exceptionMessage="" run="0" submitted="true" cached="false" isRedirectFollow="false" requestBodyBytesHandle="-2" responseBytesHandle="10">
                      <Request url="http://localhost/industry/SpryAssets/SpryTabbedPanels.js" command="GET /industry/SpryAssets/SpryTabbedPanels.js HTTP/1.1" encoding="utf-8">
                        <Headers>Referer : http://localhost/industry/index.php
User-Agent : Mozilla/4.0 (compatible; MSIE 7.0; Windows NT 5.1)
Accept : */*
Accept-Language : en-us
Accept-Encoding : GZIP
Host : localhost
Cookie : PHPSESSID=5a0b064b9e2796918842c00f72e52f69; mylang=vietnam
</Headers>
                      </Request>
                      <Response url="http://localhost/industry/SpryAssets/SpryTabbedPanels.js" contentType="application/x-javascript" statusLine="HTTP/1.1 200 OK" pageTime="NaN" time="0.026" statusCodeString="200 OK" contentLength="10941">
                        <Headers>X-Pad : avoid browser bug
Accept-Ranges : bytes
Content-Length : 10941
Content-Type : application/x-javascript
Date : Tue, 23 Nov 2010 14:08:34 GMT
ETag : "4e5990e0-2abd-57842300"
Last-Modified : Tue, 27 Jul 2010 10:55:40 GMT
Server : Apache/2.2.4 (Win32) PHP/5.2.1
</Headers>
                      </Response>
                      <Context>
                        <Entry name="$TotalAgents" value="1" />
                        <Entry name="$ControllerName" value="ASUS" />
                        <Entry name="$AgentName" value="ASUS" />
                        <Entry name="$TestLogsDir" value="C:\Documents and Settings\ASUS X82Q SERIES\My Documents\Visual Studio 2008\Projects\TestProject\TestResults\ASUS X82Q SERIES_ASUS 2010-11-23 21_08_28\In\ASUS" />
                        <Entry name="$TestDeploymentDir" value="C:\Documents and Settings\ASUS X82Q SERIES\My Documents\Visual Studio 2008\Projects\TestProject\TestResults\ASUS X82Q SERIES_ASUS 2010-11-23 21_08_28\Out" />
                        <Entry name="$AgentId" value="1" />
                        <Entry name="$AgentLoadDistributor" value="Microsoft.VisualStudio.TestTools.Execution.AgentLoadDistributor" />
                        <Entry name="$TestDir" value="C:\Documents and Settings\ASUS X82Q SERIES\My Documents\Visual Studio 2008\Projects\TestProject\TestResults\ASUS X82Q SERIES_ASUS 2010-11-23 21_08_28" />
                        <Entry name="$AgentWeighting" value="100" />
                        <Entry name="$WebTestIteration" value="1" />
                        <Entry name="$WebTestUserId" value="1" />
                      </Context>
                    </WebRequestResult>
                    <WebRequestResult exceptionMessage="" run="0" submitted="true" cached="false" isRedirectFollow="false" requestBodyBytesHandle="-2" responseBytesHandle="11">
                      <Request url="http://localhost/industry/library/js/jquery_menu.js" command="GET /industry/library/js/jquery_menu.js HTTP/1.1" encoding="utf-8">
                        <Headers>Referer : http://localhost/industry/index.php
User-Agent : Mozilla/4.0 (compatible; MSIE 7.0; Windows NT 5.1)
Accept : */*
Accept-Language : en-us
Accept-Encoding : GZIP
Host : localhost
Cookie : PHPSESSID=5a0b064b9e2796918842c00f72e52f69; mylang=vietnam
</Headers>
                      </Request>
                      <Response url="http://localhost/industry/library/js/jquery_menu.js" contentType="application/x-javascript" statusLine="HTTP/1.1 200 OK" pageTime="NaN" time="0.073" statusCodeString="200 OK" contentLength="57170">
                        <Headers>X-Pad : avoid browser bug
Accept-Ranges : bytes
Content-Length : 57170
Content-Type : application/x-javascript
Date : Tue, 23 Nov 2010 14:08:34 GMT
ETag : "640c1260-df52-984af280"
Last-Modified : Tue, 27 Jul 2010 02:52:42 GMT
Server : Apache/2.2.4 (Win32) PHP/5.2.1
</Headers>
                      </Response>
                      <Context>
                        <Entry name="$TotalAgents" value="1" />
                        <Entry name="$ControllerName" value="ASUS" />
                        <Entry name="$AgentName" value="ASUS" />
                        <Entry name="$TestLogsDir" value="C:\Documents and Settings\ASUS X82Q SERIES\My Documents\Visual Studio 2008\Projects\TestProject\TestResults\ASUS X82Q SERIES_ASUS 2010-11-23 21_08_28\In\ASUS" />
                        <Entry name="$TestDeploymentDir" value="C:\Documents and Settings\ASUS X82Q SERIES\My Documents\Visual Studio 2008\Projects\TestProject\TestResults\ASUS X82Q SERIES_ASUS 2010-11-23 21_08_28\Out" />
                        <Entry name="$AgentId" value="1" />
                        <Entry name="$AgentLoadDistributor" value="Microsoft.VisualStudio.TestTools.Execution.AgentLoadDistributor" />
                        <Entry name="$TestDir" value="C:\Documents and Settings\ASUS X82Q SERIES\My Documents\Visual Studio 2008\Projects\TestProject\TestResults\ASUS X82Q SERIES_ASUS 2010-11-23 21_08_28" />
                        <Entry name="$AgentWeighting" value="100" />
                        <Entry name="$WebTestIteration" value="1" />
                        <Entry name="$WebTestUserId" value="1" />
                      </Context>
                    </WebRequestResult>
                    <WebRequestResult exceptionMessage="" run="0" submitted="true" cached="false" isRedirectFollow="false" requestBodyBytesHandle="-2" responseBytesHandle="12">
                      <Request url="http://localhost/industry/library/js/rainbow.js" command="GET /industry/library/js/rainbow.js HTTP/1.1" encoding="utf-8">
                        <Headers>Referer : http://localhost/industry/index.php
User-Agent : Mozilla/4.0 (compatible; MSIE 7.0; Windows NT 5.1)
Accept : */*
Accept-Language : en-us
Accept-Encoding : GZIP
Host : localhost
Cookie : PHPSESSID=5a0b064b9e2796918842c00f72e52f69; mylang=vietnam
</Headers>
                      </Request>
                      <Response url="http://localhost/industry/library/js/rainbow.js" contentType="application/x-javascript" statusLine="HTTP/1.1 200 OK" pageTime="NaN" time="0.02" statusCodeString="200 OK" contentLength="7776">
                        <Headers>X-Pad : avoid browser bug
Accept-Ranges : bytes
Content-Length : 7776
Content-Type : application/x-javascript
Date : Tue, 23 Nov 2010 14:08:34 GMT
ETag : "640c1320-1e60-a3ab8780"
Last-Modified : Sun, 29 Aug 2010 09:04:46 GMT
Server : Apache/2.2.4 (Win32) PHP/5.2.1
</Headers>
                      </Response>
                      <Context>
                        <Entry name="$TotalAgents" value="1" />
                        <Entry name="$ControllerName" value="ASUS" />
                        <Entry name="$AgentName" value="ASUS" />
                        <Entry name="$TestLogsDir" value="C:\Documents and Settings\ASUS X82Q SERIES\My Documents\Visual Studio 2008\Projects\TestProject\TestResults\ASUS X82Q SERIES_ASUS 2010-11-23 21_08_28\In\ASUS" />
                        <Entry name="$TestDeploymentDir" value="C:\Documents and Settings\ASUS X82Q SERIES\My Documents\Visual Studio 2008\Projects\TestProject\TestResults\ASUS X82Q SERIES_ASUS 2010-11-23 21_08_28\Out" />
                        <Entry name="$AgentId" value="1" />
                        <Entry name="$AgentLoadDistributor" value="Microsoft.VisualStudio.TestTools.Execution.AgentLoadDistributor" />
                        <Entry name="$TestDir" value="C:\Documents and Settings\ASUS X82Q SERIES\My Documents\Visual Studio 2008\Projects\TestProject\TestResults\ASUS X82Q SERIES_ASUS 2010-11-23 21_08_28" />
                        <Entry name="$AgentWeighting" value="100" />
                        <Entry name="$WebTestIteration" value="1" />
                        <Entry name="$WebTestUserId" value="1" />
                      </Context>
                    </WebRequestResult>
                    <WebRequestResult exceptionMessage="" run="0" submitted="true" cached="false" isRedirectFollow="false" requestBodyBytesHandle="-2" responseBytesHandle="13">
                      <Request url="http://localhost/industry/flags/vn.gif" command="GET /industry/flags/vn.gif HTTP/1.1" encoding="utf-8">
                        <Headers>Referer : http://localhost/industry/index.php
User-Agent : Mozilla/4.0 (compatible; MSIE 7.0; Windows NT 5.1)
Accept : */*
Accept-Language : en-us
Accept-Encoding : GZIP
Host : localhost
Cookie : PHPSESSID=5a0b064b9e2796918842c00f72e52f69; mylang=vietnam
</Headers>
                      </Request>
                      <Response url="http://localhost/industry/flags/vn.gif" contentType="image/gif" statusLine="HTTP/1.1 200 OK" pageTime="NaN" time="0.006" statusCodeString="200 OK" contentLength="6872">
                        <Headers>Accept-Ranges : bytes
Content-Length : 6872
Content-Type : image/gif
Date : Tue, 23 Nov 2010 14:08:34 GMT
ETag : "624610c0-1ad8-5ae82180"
Last-Modified : Thu, 09 Jul 2009 05:44:54 GMT
Server : Apache/2.2.4 (Win32) PHP/5.2.1
</Headers>
                      </Response>
                      <Context>
                        <Entry name="$TotalAgents" value="1" />
                        <Entry name="$ControllerName" value="ASUS" />
                        <Entry name="$AgentName" value="ASUS" />
                        <Entry name="$TestLogsDir" value="C:\Documents and Settings\ASUS X82Q SERIES\My Documents\Visual Studio 2008\Projects\TestProject\TestResults\ASUS X82Q SERIES_ASUS 2010-11-23 21_08_28\In\ASUS" />
                        <Entry name="$TestDeploymentDir" value="C:\Documents and Settings\ASUS X82Q SERIES\My Documents\Visual Studio 2008\Projects\TestProject\TestResults\ASUS X82Q SERIES_ASUS 2010-11-23 21_08_28\Out" />
                        <Entry name="$AgentId" value="1" />
                        <Entry name="$AgentLoadDistributor" value="Microsoft.VisualStudio.TestTools.Execution.AgentLoadDistributor" />
                        <Entry name="$TestDir" value="C:\Documents and Settings\ASUS X82Q SERIES\My Documents\Visual Studio 2008\Projects\TestProject\TestResults\ASUS X82Q SERIES_ASUS 2010-11-23 21_08_28" />
                        <Entry name="$AgentWeighting" value="100" />
                        <Entry name="$WebTestIteration" value="1" />
                        <Entry name="$WebTestUserId" value="1" />
                      </Context>
                    </WebRequestResult>
                    <WebRequestResult exceptionMessage="" run="0" submitted="true" cached="false" isRedirectFollow="false" requestBodyBytesHandle="-2" responseBytesHandle="15">
                      <Request url="http://localhost/industry/interface/search.jpg" command="GET /industry/interface/search.jpg HTTP/1.1" encoding="utf-8">
                        <Headers>Referer : http://localhost/industry/index.php
User-Agent : Mozilla/4.0 (compatible; MSIE 7.0; Windows NT 5.1)
Accept : */*
Accept-Language : en-us
Accept-Encoding : GZIP
Host : localhost
Cookie : PHPSESSID=5a0b064b9e2796918842c00f72e52f69; mylang=vietnam
</Headers>
                      </Request>
                      <Response url="http://localhost/industry/interface/search.jpg" contentType="image/jpeg" statusLine="HTTP/1.1 200 OK" pageTime="NaN" time="0.005" statusCodeString="200 OK" contentLength="1525">
                        <Headers>Accept-Ranges : bytes
Content-Length : 1525
Content-Type : image/jpeg
Date : Tue, 23 Nov 2010 14:08:34 GMT
ETag : "63f09960-5f5-160fc780"
Last-Modified : Sun, 25 Jul 2010 16:51:58 GMT
Server : Apache/2.2.4 (Win32) PHP/5.2.1
</Headers>
                      </Response>
                      <Context>
                        <Entry name="$TotalAgents" value="1" />
                        <Entry name="$ControllerName" value="ASUS" />
                        <Entry name="$AgentName" value="ASUS" />
                        <Entry name="$TestLogsDir" value="C:\Documents and Settings\ASUS X82Q SERIES\My Documents\Visual Studio 2008\Projects\TestProject\TestResults\ASUS X82Q SERIES_ASUS 2010-11-23 21_08_28\In\ASUS" />
                        <Entry name="$TestDeploymentDir" value="C:\Documents and Settings\ASUS X82Q SERIES\My Documents\Visual Studio 2008\Projects\TestProject\TestResults\ASUS X82Q SERIES_ASUS 2010-11-23 21_08_28\Out" />
                        <Entry name="$AgentId" value="1" />
                        <Entry name="$AgentLoadDistributor" value="Microsoft.VisualStudio.TestTools.Execution.AgentLoadDistributor" />
                        <Entry name="$TestDir" value="C:\Documents and Settings\ASUS X82Q SERIES\My Documents\Visual Studio 2008\Projects\TestProject\TestResults\ASUS X82Q SERIES_ASUS 2010-11-23 21_08_28" />
                        <Entry name="$AgentWeighting" value="100" />
                        <Entry name="$WebTestIteration" value="1" />
                        <Entry name="$WebTestUserId" value="1" />
                      </Context>
                    </WebRequestResult>
                    <WebRequestResult exceptionMessage="" run="0" submitted="true" cached="false" isRedirectFollow="false" requestBodyBytesHandle="-2" responseBytesHandle="14">
                      <Request url="http://localhost/industry/flags/en.gif" command="GET /industry/flags/en.gif HTTP/1.1" encoding="utf-8">
                        <Headers>Referer : http://localhost/industry/index.php
User-Agent : Mozilla/4.0 (compatible; MSIE 7.0; Windows NT 5.1)
Accept : */*
Accept-Language : en-us
Accept-Encoding : GZIP
Host : localhost
Cookie : PHPSESSID=5a0b064b9e2796918842c00f72e52f69; mylang=vietnam
</Headers>
                      </Request>
                      <Response url="http://localhost/industry/flags/en.gif" contentType="image/gif" statusLine="HTTP/1.1 200 OK" pageTime="NaN" time="0.01" statusCodeString="200 OK" contentLength="8275">
                        <Headers>Accept-Ranges : bytes
Content-Length : 8275
Content-Type : image/gif
Date : Tue, 23 Nov 2010 14:08:34 GMT
ETag : "62461040-2053-5de31200"
Last-Modified : Thu, 09 Jul 2009 05:45:44 GMT
Server : Apache/2.2.4 (Win32) PHP/5.2.1
</Headers>
                      </Response>
                      <Context>
                        <Entry name="$TotalAgents" value="1" />
                        <Entry name="$ControllerName" value="ASUS" />
                        <Entry name="$AgentName" value="ASUS" />
                        <Entry name="$TestLogsDir" value="C:\Documents and Settings\ASUS X82Q SERIES\My Documents\Visual Studio 2008\Projects\TestProject\TestResults\ASUS X82Q SERIES_ASUS 2010-11-23 21_08_28\In\ASUS" />
                        <Entry name="$TestDeploymentDir" value="C:\Documents and Settings\ASUS X82Q SERIES\My Documents\Visual Studio 2008\Projects\TestProject\TestResults\ASUS X82Q SERIES_ASUS 2010-11-23 21_08_28\Out" />
                        <Entry name="$AgentId" value="1" />
                        <Entry name="$AgentLoadDistributor" value="Microsoft.VisualStudio.TestTools.Execution.AgentLoadDistributor" />
                        <Entry name="$TestDir" value="C:\Documents and Settings\ASUS X82Q SERIES\My Documents\Visual Studio 2008\Projects\TestProject\TestResults\ASUS X82Q SERIES_ASUS 2010-11-23 21_08_28" />
                        <Entry name="$AgentWeighting" value="100" />
                        <Entry name="$WebTestIteration" value="1" />
                        <Entry name="$WebTestUserId" value="1" />
                      </Context>
                    </WebRequestResult>
                    <WebRequestResult exceptionMessage="" run="0" submitted="true" cached="false" isRedirectFollow="false" requestBodyBytesHandle="-2" responseBytesHandle="16">
                      <Request url="http://localhost/industry/Interface/khung_2.jpg" command="GET /industry/Interface/khung_2.jpg HTTP/1.1" encoding="utf-8">
                        <Headers>Referer : http://localhost/industry/index.php
User-Agent : Mozilla/4.0 (compatible; MSIE 7.0; Windows NT 5.1)
Accept : */*
Accept-Language : en-us
Accept-Encoding : GZIP
Host : localhost
Cookie : PHPSESSID=5a0b064b9e2796918842c00f72e52f69; mylang=vietnam
</Headers>
                      </Request>
                      <Response url="http://localhost/industry/Interface/khung_2.jpg" contentType="image/jpeg" statusLine="HTTP/1.1 200 OK" pageTime="NaN" time="0.005" statusCodeString="200 OK" contentLength="891">
                        <Headers>Accept-Ranges : bytes
Content-Length : 891
Content-Type : image/jpeg
Date : Tue, 23 Nov 2010 14:08:34 GMT
ETag : "63f094a0-37b-79816d80"
Last-Modified : Mon, 26 Jul 2010 07:38:46 GMT
Server : Apache/2.2.4 (Win32) PHP/5.2.1
</Headers>
                      </Response>
                      <Context>
                        <Entry name="$TotalAgents" value="1" />
                        <Entry name="$ControllerName" value="ASUS" />
                        <Entry name="$AgentName" value="ASUS" />
                        <Entry name="$TestLogsDir" value="C:\Documents and Settings\ASUS X82Q SERIES\My Documents\Visual Studio 2008\Projects\TestProject\TestResults\ASUS X82Q SERIES_ASUS 2010-11-23 21_08_28\In\ASUS" />
                        <Entry name="$TestDeploymentDir" value="C:\Documents and Settings\ASUS X82Q SERIES\My Documents\Visual Studio 2008\Projects\TestProject\TestResults\ASUS X82Q SERIES_ASUS 2010-11-23 21_08_28\Out" />
                        <Entry name="$AgentId" value="1" />
                        <Entry name="$AgentLoadDistributor" value="Microsoft.VisualStudio.TestTools.Execution.AgentLoadDistributor" />
                        <Entry name="$TestDir" value="C:\Documents and Settings\ASUS X82Q SERIES\My Documents\Visual Studio 2008\Projects\TestProject\TestResults\ASUS X82Q SERIES_ASUS 2010-11-23 21_08_28" />
                        <Entry name="$AgentWeighting" value="100" />
                        <Entry name="$WebTestIteration" value="1" />
                        <Entry name="$WebTestUserId" value="1" />
                      </Context>
                    </WebRequestResult>
                    <WebRequestResult exceptionMessage="" run="0" submitted="true" cached="false" isRedirectFollow="false" requestBodyBytesHandle="-2" responseBytesHandle="17">
                      <Request url="http://localhost/industry/uploads/advertisement/4.jpg" command="GET /industry/uploads/advertisement/4.jpg HTTP/1.1" encoding="utf-8">
                        <Headers>Referer : http://localhost/industry/index.php
User-Agent : Mozilla/4.0 (compatible; MSIE 7.0; Windows NT 5.1)
Accept : */*
Accept-Language : en-us
Accept-Encoding : GZIP
Host : localhost
Cookie : PHPSESSID=5a0b064b9e2796918842c00f72e52f69; mylang=vietnam
</Headers>
                      </Request>
                      <Response url="http://localhost/industry/uploads/advertisement/4.jpg" contentType="image/jpeg" statusLine="HTTP/1.1 200 OK" pageTime="NaN" time="0.011" statusCodeString="200 OK" contentLength="31228">
                        <Headers>Accept-Ranges : bytes
Content-Length : 31228
Content-Type : image/jpeg
Date : Tue, 23 Nov 2010 14:08:34 GMT
ETag : "5b8a9120-79fc-e997a080"
Last-Modified : Sun, 08 Aug 2010 06:21:38 GMT
Server : Apache/2.2.4 (Win32) PHP/5.2.1
</Headers>
                      </Response>
                      <Context>
                        <Entry name="$TotalAgents" value="1" />
                        <Entry name="$ControllerName" value="ASUS" />
                        <Entry name="$AgentName" value="ASUS" />
                        <Entry name="$TestLogsDir" value="C:\Documents and Settings\ASUS X82Q SERIES\My Documents\Visual Studio 2008\Projects\TestProject\TestResults\ASUS X82Q SERIES_ASUS 2010-11-23 21_08_28\In\ASUS" />
                        <Entry name="$TestDeploymentDir" value="C:\Documents and Settings\ASUS X82Q SERIES\My Documents\Visual Studio 2008\Projects\TestProject\TestResults\ASUS X82Q SERIES_ASUS 2010-11-23 21_08_28\Out" />
                        <Entry name="$AgentId" value="1" />
                        <Entry name="$AgentLoadDistributor" value="Microsoft.VisualStudio.TestTools.Execution.AgentLoadDistributor" />
                        <Entry name="$TestDir" value="C:\Documents and Settings\ASUS X82Q SERIES\My Documents\Visual Studio 2008\Projects\TestProject\TestResults\ASUS X82Q SERIES_ASUS 2010-11-23 21_08_28" />
                        <Entry name="$AgentWeighting" value="100" />
                        <Entry name="$WebTestIteration" value="1" />
                        <Entry name="$WebTestUserId" value="1" />
                      </Context>
                    </WebRequestResult>
                    <WebRequestResult exceptionMessage="" run="0" submitted="true" cached="false" isRedirectFollow="false" requestBodyBytesHandle="-2" responseBytesHandle="18">
                      <Request url="http://localhost/industry/library/js/swfobject.js" command="GET /industry/library/js/swfobject.js HTTP/1.1" encoding="utf-8">
                        <Headers>Referer : http://localhost/industry/index.php
User-Agent : Mozilla/4.0 (compatible; MSIE 7.0; Windows NT 5.1)
Accept : */*
Accept-Language : en-us
Accept-Encoding : GZIP
Host : localhost
Cookie : PHPSESSID=5a0b064b9e2796918842c00f72e52f69; mylang=vietnam
</Headers>
                      </Request>
                      <Response url="http://localhost/industry/library/js/swfobject.js" contentType="application/x-javascript" statusLine="HTTP/1.1 200 OK" pageTime="NaN" time="0.021" statusCodeString="200 OK" contentLength="6880">
                        <Headers>Accept-Ranges : bytes
Content-Length : 6880
Content-Type : application/x-javascript
Date : Tue, 23 Nov 2010 14:08:34 GMT
ETag : W/"640c14c0-1ae0-8862e400"
Last-Modified : Tue, 23 Nov 2010 14:08:34 GMT
Server : Apache/2.2.4 (Win32) PHP/5.2.1
</Headers>
                      </Response>
                      <Context>
                        <Entry name="$TotalAgents" value="1" />
                        <Entry name="$ControllerName" value="ASUS" />
                        <Entry name="$AgentName" value="ASUS" />
                        <Entry name="$TestLogsDir" value="C:\Documents and Settings\ASUS X82Q SERIES\My Documents\Visual Studio 2008\Projects\TestProject\TestResults\ASUS X82Q SERIES_ASUS 2010-11-23 21_08_28\In\ASUS" />
                        <Entry name="$TestDeploymentDir" value="C:\Documents and Settings\ASUS X82Q SERIES\My Documents\Visual Studio 2008\Projects\TestProject\TestResults\ASUS X82Q SERIES_ASUS 2010-11-23 21_08_28\Out" />
                        <Entry name="$AgentId" value="1" />
                        <Entry name="$AgentLoadDistributor" value="Microsoft.VisualStudio.TestTools.Execution.AgentLoadDistributor" />
                        <Entry name="$TestDir" value="C:\Documents and Settings\ASUS X82Q SERIES\My Documents\Visual Studio 2008\Projects\TestProject\TestResults\ASUS X82Q SERIES_ASUS 2010-11-23 21_08_28" />
                        <Entry name="$AgentWeighting" value="100" />
                        <Entry name="$WebTestIteration" value="1" />
                        <Entry name="$WebTestUserId" value="1" />
                      </Context>
                    </WebRequestResult>
                    <WebRequestResult exceptionMessage="" run="0" submitted="true" cached="false" isRedirectFollow="false" requestBodyBytesHandle="-2" responseBytesHandle="19">
                      <Request url="http://localhost/industry/uploads/advertisement/1246244209_social-networking.jpg" command="GET /industry/uploads/advertisement/1246244209_social-networking.jpg HTTP/1.1" encoding="utf-8">
                        <Headers>Referer : http://localhost/industry/index.php
User-Agent : Mozilla/4.0 (compatible; MSIE 7.0; Windows NT 5.1)
Accept : */*
Accept-Language : en-us
Accept-Encoding : GZIP
Host : localhost
Cookie : PHPSESSID=5a0b064b9e2796918842c00f72e52f69; mylang=vietnam
</Headers>
                      </Request>
                      <Response url="http://localhost/industry/uploads/advertisement/1246244209_social-networking.jpg" contentType="image/jpeg" statusLine="HTTP/1.1 200 OK" pageTime="NaN" time="0.024" statusCodeString="200 OK" contentLength="114963">
                        <Headers>Accept-Ranges : bytes
Content-Length : 114963
Content-Type : image/jpeg
Date : Tue, 23 Nov 2010 14:08:34 GMT
ETag : "5b8a90a0-1c113-55380280"
Last-Modified : Sat, 07 Aug 2010 18:55:54 GMT
Server : Apache/2.2.4 (Win32) PHP/5.2.1
</Headers>
                      </Response>
                      <Context>
                        <Entry name="$TotalAgents" value="1" />
                        <Entry name="$ControllerName" value="ASUS" />
                        <Entry name="$AgentName" value="ASUS" />
                        <Entry name="$TestLogsDir" value="C:\Documents and Settings\ASUS X82Q SERIES\My Documents\Visual Studio 2008\Projects\TestProject\TestResults\ASUS X82Q SERIES_ASUS 2010-11-23 21_08_28\In\ASUS" />
                        <Entry name="$TestDeploymentDir" value="C:\Documents and Settings\ASUS X82Q SERIES\My Documents\Visual Studio 2008\Projects\TestProject\TestResults\ASUS X82Q SERIES_ASUS 2010-11-23 21_08_28\Out" />
                        <Entry name="$AgentId" value="1" />
                        <Entry name="$AgentLoadDistributor" value="Microsoft.VisualStudio.TestTools.Execution.AgentLoadDistributor" />
                        <Entry name="$TestDir" value="C:\Documents and Settings\ASUS X82Q SERIES\My Documents\Visual Studio 2008\Projects\TestProject\TestResults\ASUS X82Q SERIES_ASUS 2010-11-23 21_08_28" />
                        <Entry name="$AgentWeighting" value="100" />
                        <Entry name="$WebTestIteration" value="1" />
                        <Entry name="$WebTestUserId" value="1" />
                      </Context>
                    </WebRequestResult>
                    <WebRequestResult exceptionMessage="" run="0" submitted="true" cached="false" isRedirectFollow="false" requestBodyBytesHandle="-2" responseBytesHandle="20">
                      <Request url="http://localhost/industry/library/js/slide_buy_sell_index.js" command="GET /industry/library/js/slide_buy_sell_index.js HTTP/1.1" encoding="utf-8">
                        <Headers>Referer : http://localhost/industry/index.php
User-Agent : Mozilla/4.0 (compatible; MSIE 7.0; Windows NT 5.1)
Accept : */*
Accept-Language : en-us
Accept-Encoding : GZIP
Host : localhost
Cookie : PHPSESSID=5a0b064b9e2796918842c00f72e52f69; mylang=vietnam
</Headers>
                      </Request>
                      <Response url="http://localhost/industry/library/js/slide_buy_sell_index.js" contentType="application/x-javascript" statusLine="HTTP/1.1 200 OK" pageTime="NaN" time="0.035" statusCodeString="200 OK" contentLength="16438">
                        <Headers>X-Pad : avoid browser bug
Accept-Ranges : bytes
Content-Length : 16438
Content-Type : application/x-javascript
Date : Tue, 23 Nov 2010 14:08:34 GMT
ETag : "640c1420-4036-a982b480"
Last-Modified : Thu, 08 Jul 2010 16:20:18 GMT
Server : Apache/2.2.4 (Win32) PHP/5.2.1
</Headers>
                      </Response>
                      <Context>
                        <Entry name="$TotalAgents" value="1" />
                        <Entry name="$ControllerName" value="ASUS" />
                        <Entry name="$AgentName" value="ASUS" />
                        <Entry name="$TestLogsDir" value="C:\Documents and Settings\ASUS X82Q SERIES\My Documents\Visual Studio 2008\Projects\TestProject\TestResults\ASUS X82Q SERIES_ASUS 2010-11-23 21_08_28\In\ASUS" />
                        <Entry name="$TestDeploymentDir" value="C:\Documents and Settings\ASUS X82Q SERIES\My Documents\Visual Studio 2008\Projects\TestProject\TestResults\ASUS X82Q SERIES_ASUS 2010-11-23 21_08_28\Out" />
                        <Entry name="$AgentId" value="1" />
                        <Entry name="$AgentLoadDistributor" value="Microsoft.VisualStudio.TestTools.Execution.AgentLoadDistributor" />
                        <Entry name="$TestDir" value="C:\Documents and Settings\ASUS X82Q SERIES\My Documents\Visual Studio 2008\Projects\TestProject\TestResults\ASUS X82Q SERIES_ASUS 2010-11-23 21_08_28" />
                        <Entry name="$AgentWeighting" value="100" />
                        <Entry name="$WebTestIteration" value="1" />
                        <Entry name="$WebTestUserId" value="1" />
                      </Context>
                    </WebRequestResult>
                    <WebRequestResult exceptionMessage="" run="0" submitted="true" cached="false" isRedirectFollow="false" requestBodyBytesHandle="-2" responseBytesHandle="22">
                      <Request url="http://localhost/industry/library/js/slide_buy_sell.js" command="GET /industry/library/js/slide_buy_sell.js HTTP/1.1" encoding="utf-8">
                        <Headers>Referer : http://localhost/industry/index.php
User-Agent : Mozilla/4.0 (compatible; MSIE 7.0; Windows NT 5.1)
Accept : */*
Accept-Language : en-us
Accept-Encoding : GZIP
Host : localhost
Cookie : PHPSESSID=5a0b064b9e2796918842c00f72e52f69; mylang=vietnam
</Headers>
                      </Request>
                      <Response url="http://localhost/industry/library/js/slide_buy_sell.js" contentType="application/x-javascript" statusLine="HTTP/1.1 200 OK" pageTime="NaN" time="0.059" statusCodeString="200 OK" contentLength="36628">
                        <Headers>X-Pad : avoid browser bug
Accept-Ranges : bytes
Content-Length : 36628
Content-Type : application/x-javascript
Date : Tue, 23 Nov 2010 14:08:34 GMT
ETag : "640c13c0-8f14-a982b480"
Last-Modified : Thu, 08 Jul 2010 16:20:18 GMT
Server : Apache/2.2.4 (Win32) PHP/5.2.1
</Headers>
                      </Response>
                      <Context>
                        <Entry name="$TotalAgents" value="1" />
                        <Entry name="$ControllerName" value="ASUS" />
                        <Entry name="$AgentName" value="ASUS" />
                        <Entry name="$TestLogsDir" value="C:\Documents and Settings\ASUS X82Q SERIES\My Documents\Visual Studio 2008\Projects\TestProject\TestResults\ASUS X82Q SERIES_ASUS 2010-11-23 21_08_28\In\ASUS" />
                        <Entry name="$TestDeploymentDir" value="C:\Documents and Settings\ASUS X82Q SERIES\My Documents\Visual Studio 2008\Projects\TestProject\TestResults\ASUS X82Q SERIES_ASUS 2010-11-23 21_08_28\Out" />
                        <Entry name="$AgentId" value="1" />
                        <Entry name="$AgentLoadDistributor" value="Microsoft.VisualStudio.TestTools.Execution.AgentLoadDistributor" />
                        <Entry name="$TestDir" value="C:\Documents and Settings\ASUS X82Q SERIES\My Documents\Visual Studio 2008\Projects\TestProject\TestResults\ASUS X82Q SERIES_ASUS 2010-11-23 21_08_28" />
                        <Entry name="$AgentWeighting" value="100" />
                        <Entry name="$WebTestIteration" value="1" />
                        <Entry name="$WebTestUserId" value="1" />
                      </Context>
                    </WebRequestResult>
                    <WebRequestResult exceptionMessage="" run="0" submitted="true" cached="false" isRedirectFollow="false" requestBodyBytesHandle="-2" responseBytesHandle="21">
                      <Request url="http://localhost/industry/uploads/country_flag/japan.png" command="GET /industry/uploads/country_flag/japan.png HTTP/1.1" encoding="utf-8">
                        <Headers>Referer : http://localhost/industry/index.php
User-Agent : Mozilla/4.0 (compatible; MSIE 7.0; Windows NT 5.1)
Accept : */*
Accept-Language : en-us
Accept-Encoding : GZIP
Host : localhost
Cookie : PHPSESSID=5a0b064b9e2796918842c00f72e52f69; mylang=vietnam
</Headers>
                      </Request>
                      <Response url="http://localhost/industry/uploads/country_flag/japan.png" contentType="image/png" statusLine="HTTP/1.1 200 OK" pageTime="NaN" time="0.011" statusCodeString="200 OK" contentLength="12926">
                        <Headers>Accept-Ranges : bytes
Content-Length : 12926
Content-Type : image/png
Date : Tue, 23 Nov 2010 14:08:34 GMT
ETag : "5b831040-327e-e1b66000"
Last-Modified : Sat, 21 Aug 2010 15:15:12 GMT
Server : Apache/2.2.4 (Win32) PHP/5.2.1
</Headers>
                      </Response>
                      <Context>
                        <Entry name="$TotalAgents" value="1" />
                        <Entry name="$ControllerName" value="ASUS" />
                        <Entry name="$AgentName" value="ASUS" />
                        <Entry name="$TestLogsDir" value="C:\Documents and Settings\ASUS X82Q SERIES\My Documents\Visual Studio 2008\Projects\TestProject\TestResults\ASUS X82Q SERIES_ASUS 2010-11-23 21_08_28\In\ASUS" />
                        <Entry name="$TestDeploymentDir" value="C:\Documents and Settings\ASUS X82Q SERIES\My Documents\Visual Studio 2008\Projects\TestProject\TestResults\ASUS X82Q SERIES_ASUS 2010-11-23 21_08_28\Out" />
                        <Entry name="$AgentId" value="1" />
                        <Entry name="$AgentLoadDistributor" value="Microsoft.VisualStudio.TestTools.Execution.AgentLoadDistributor" />
                        <Entry name="$TestDir" value="C:\Documents and Settings\ASUS X82Q SERIES\My Documents\Visual Studio 2008\Projects\TestProject\TestResults\ASUS X82Q SERIES_ASUS 2010-11-23 21_08_28" />
                        <Entry name="$AgentWeighting" value="100" />
                        <Entry name="$WebTestIteration" value="1" />
                        <Entry name="$WebTestUserId" value="1" />
                      </Context>
                    </WebRequestResult>
                    <WebRequestResult exceptionMessage="" run="0" submitted="true" cached="false" isRedirectFollow="false" requestBodyBytesHandle="-2" responseBytesHandle="23">
                      <Request url="http://localhost/industry/uploads/country_flag/vietnam.png" command="GET /industry/uploads/country_flag/vietnam.png HTTP/1.1" encoding="utf-8">
                        <Headers>Referer : http://localhost/industry/index.php
User-Agent : Mozilla/4.0 (compatible; MSIE 7.0; Windows NT 5.1)
Accept : */*
Accept-Language : en-us
Accept-Encoding : GZIP
Host : localhost
Cookie : PHPSESSID=5a0b064b9e2796918842c00f72e52f69; mylang=vietnam
</Headers>
                      </Request>
                      <Response url="http://localhost/industry/uploads/country_flag/vietnam.png" contentType="image/png" statusLine="HTTP/1.1 200 OK" pageTime="NaN" time="0.01" statusCodeString="200 OK" contentLength="17550">
                        <Headers>Accept-Ranges : bytes
Content-Length : 17550
Content-Type : image/png
Date : Tue, 23 Nov 2010 14:08:34 GMT
ETag : "5b8310a0-448e-e0482a00"
Last-Modified : Sat, 21 Aug 2010 15:14:48 GMT
Server : Apache/2.2.4 (Win32) PHP/5.2.1
</Headers>
                      </Response>
                      <Context>
                        <Entry name="$TotalAgents" value="1" />
                        <Entry name="$ControllerName" value="ASUS" />
                        <Entry name="$AgentName" value="ASUS" />
                        <Entry name="$TestLogsDir" value="C:\Documents and Settings\ASUS X82Q SERIES\My Documents\Visual Studio 2008\Projects\TestProject\TestResults\ASUS X82Q SERIES_ASUS 2010-11-23 21_08_28\In\ASUS" />
                        <Entry name="$TestDeploymentDir" value="C:\Documents and Settings\ASUS X82Q SERIES\My Documents\Visual Studio 2008\Projects\TestProject\TestResults\ASUS X82Q SERIES_ASUS 2010-11-23 21_08_28\Out" />
                        <Entry name="$AgentId" value="1" />
                        <Entry name="$AgentLoadDistributor" value="Microsoft.VisualStudio.TestTools.Execution.AgentLoadDistributor" />
                        <Entry name="$TestDir" value="C:\Documents and Settings\ASUS X82Q SERIES\My Documents\Visual Studio 2008\Projects\TestProject\TestResults\ASUS X82Q SERIES_ASUS 2010-11-23 21_08_28" />
                        <Entry name="$AgentWeighting" value="100" />
                        <Entry name="$WebTestIteration" value="1" />
                        <Entry name="$WebTestUserId" value="1" />
                      </Context>
                    </WebRequestResult>
                    <WebRequestResult exceptionMessage="" run="0" submitted="true" cached="false" isRedirectFollow="false" requestBodyBytesHandle="-2" responseBytesHandle="24">
                      <Request url="http://localhost/industry/uploads/products/2/8/19179549_2.jpg" command="GET /industry/uploads/products/2/8/19179549_2.jpg HTTP/1.1" encoding="utf-8">
                        <Headers>Referer : http://localhost/industry/index.php
User-Agent : Mozilla/4.0 (compatible; MSIE 7.0; Windows NT 5.1)
Accept : */*
Accept-Language : en-us
Accept-Encoding : GZIP
Host : localhost
Cookie : PHPSESSID=5a0b064b9e2796918842c00f72e52f69; mylang=vietnam
</Headers>
                      </Request>
                      <Response url="http://localhost/industry/uploads/products/2/8/19179549_2.jpg" contentType="image/jpeg" statusLine="HTTP/1.1 200 OK" pageTime="NaN" time="0.009" statusCodeString="200 OK" contentLength="17934">
                        <Headers>Accept-Ranges : bytes
Content-Length : 17934
Content-Type : image/jpeg
Date : Tue, 23 Nov 2010 14:08:34 GMT
ETag : "4f0b5080-460e-e8faa400"
Last-Modified : Thu, 02 Sep 2010 16:00:16 GMT
Server : Apache/2.2.4 (Win32) PHP/5.2.1
</Headers>
                      </Response>
                      <Context>
                        <Entry name="$TotalAgents" value="1" />
                        <Entry name="$ControllerName" value="ASUS" />
                        <Entry name="$AgentName" value="ASUS" />
                        <Entry name="$TestLogsDir" value="C:\Documents and Settings\ASUS X82Q SERIES\My Documents\Visual Studio 2008\Projects\TestProject\TestResults\ASUS X82Q SERIES_ASUS 2010-11-23 21_08_28\In\ASUS" />
                        <Entry name="$TestDeploymentDir" value="C:\Documents and Settings\ASUS X82Q SERIES\My Documents\Visual Studio 2008\Projects\TestProject\TestResults\ASUS X82Q SERIES_ASUS 2010-11-23 21_08_28\Out" />
                        <Entry name="$AgentId" value="1" />
                        <Entry name="$AgentLoadDistributor" value="Microsoft.VisualStudio.TestTools.Execution.AgentLoadDistributor" />
                        <Entry name="$TestDir" value="C:\Documents and Settings\ASUS X82Q SERIES\My Documents\Visual Studio 2008\Projects\TestProject\TestResults\ASUS X82Q SERIES_ASUS 2010-11-23 21_08_28" />
                        <Entry name="$AgentWeighting" value="100" />
                        <Entry name="$WebTestIteration" value="1" />
                        <Entry name="$WebTestUserId" value="1" />
                      </Context>
                    </WebRequestResult>
                    <WebRequestResult exceptionMessage="" run="0" submitted="true" cached="false" isRedirectFollow="false" requestBodyBytesHandle="-2" responseBytesHandle="26">
                      <Request url="http://localhost/industry/uploads/products/2/5/5.jpg" command="GET /industry/uploads/products/2/5/5.jpg HTTP/1.1" encoding="utf-8">
                        <Headers>Referer : http://localhost/industry/index.php
User-Agent : Mozilla/4.0 (compatible; MSIE 7.0; Windows NT 5.1)
Accept : */*
Accept-Language : en-us
Accept-Encoding : GZIP
Host : localhost
Cookie : PHPSESSID=5a0b064b9e2796918842c00f72e52f69; mylang=vietnam
</Headers>
                      </Request>
                      <Response url="http://localhost/industry/uploads/products/2/5/5.jpg" contentType="image/jpeg" statusLine="HTTP/1.1 200 OK" pageTime="NaN" time="0.006" statusCodeString="200 OK" contentLength="13455">
                        <Headers>Accept-Ranges : bytes
Content-Length : 13455
Content-Type : image/jpeg
Date : Tue, 23 Nov 2010 14:08:34 GMT
ETag : "5b6fd040-348f-ce653880"
Last-Modified : Thu, 02 Sep 2010 15:52:50 GMT
Server : Apache/2.2.4 (Win32) PHP/5.2.1
</Headers>
                      </Response>
                      <Context>
                        <Entry name="$TotalAgents" value="1" />
                        <Entry name="$ControllerName" value="ASUS" />
                        <Entry name="$AgentName" value="ASUS" />
                        <Entry name="$TestLogsDir" value="C:\Documents and Settings\ASUS X82Q SERIES\My Documents\Visual Studio 2008\Projects\TestProject\TestResults\ASUS X82Q SERIES_ASUS 2010-11-23 21_08_28\In\ASUS" />
                        <Entry name="$TestDeploymentDir" value="C:\Documents and Settings\ASUS X82Q SERIES\My Documents\Visual Studio 2008\Projects\TestProject\TestResults\ASUS X82Q SERIES_ASUS 2010-11-23 21_08_28\Out" />
                        <Entry name="$AgentId" value="1" />
                        <Entry name="$AgentLoadDistributor" value="Microsoft.VisualStudio.TestTools.Execution.AgentLoadDistributor" />
                        <Entry name="$TestDir" value="C:\Documents and Settings\ASUS X82Q SERIES\My Documents\Visual Studio 2008\Projects\TestProject\TestResults\ASUS X82Q SERIES_ASUS 2010-11-23 21_08_28" />
                        <Entry name="$AgentWeighting" value="100" />
                        <Entry name="$WebTestIteration" value="1" />
                        <Entry name="$WebTestUserId" value="1" />
                      </Context>
                    </WebRequestResult>
                    <WebRequestResult exceptionMessage="" run="0" submitted="true" cached="false" isRedirectFollow="false" requestBodyBytesHandle="-2" responseBytesHandle="27">
                      <Request url="http://localhost/industry/uploads/products/2/4/4.jpg" command="GET /industry/uploads/products/2/4/4.jpg HTTP/1.1" encoding="utf-8">
                        <Headers>Referer : http://localhost/industry/index.php
User-Agent : Mozilla/4.0 (compatible; MSIE 7.0; Windows NT 5.1)
Accept : */*
Accept-Language : en-us
Accept-Encoding : GZIP
Host : localhost
Cookie : PHPSESSID=5a0b064b9e2796918842c00f72e52f69; mylang=vietnam
</Headers>
                      </Request>
                      <Response url="http://localhost/industry/uploads/products/2/4/4.jpg" contentType="image/jpeg" statusLine="HTTP/1.1 200 OK" pageTime="NaN" time="0.006" statusCodeString="200 OK" contentLength="13765">
                        <Headers>Accept-Ranges : bytes
Content-Length : 13765
Content-Type : image/jpeg
Date : Tue, 23 Nov 2010 14:08:34 GMT
ETag : "5b715040-35c5-c907ee00"
Last-Modified : Thu, 02 Sep 2010 15:51:20 GMT
Server : Apache/2.2.4 (Win32) PHP/5.2.1
</Headers>
                      </Response>
                      <Context>
                        <Entry name="$TotalAgents" value="1" />
                        <Entry name="$ControllerName" value="ASUS" />
                        <Entry name="$AgentName" value="ASUS" />
                        <Entry name="$TestLogsDir" value="C:\Documents and Settings\ASUS X82Q SERIES\My Documents\Visual Studio 2008\Projects\TestProject\TestResults\ASUS X82Q SERIES_ASUS 2010-11-23 21_08_28\In\ASUS" />
                        <Entry name="$TestDeploymentDir" value="C:\Documents and Settings\ASUS X82Q SERIES\My Documents\Visual Studio 2008\Projects\TestProject\TestResults\ASUS X82Q SERIES_ASUS 2010-11-23 21_08_28\Out" />
                        <Entry name="$AgentId" value="1" />
                        <Entry name="$AgentLoadDistributor" value="Microsoft.VisualStudio.TestTools.Execution.AgentLoadDistributor" />
                        <Entry name="$TestDir" value="C:\Documents and Settings\ASUS X82Q SERIES\My Documents\Visual Studio 2008\Projects\TestProject\TestResults\ASUS X82Q SERIES_ASUS 2010-11-23 21_08_28" />
                        <Entry name="$AgentWeighting" value="100" />
                        <Entry name="$WebTestIteration" value="1" />
                        <Entry name="$WebTestUserId" value="1" />
                      </Context>
                    </WebRequestResult>
                    <WebRequestResult exceptionMessage="" run="0" submitted="true" cached="false" isRedirectFollow="false" requestBodyBytesHandle="-2" responseBytesHandle="28">
                      <Request url="http://localhost/industry/uploads/products/2/3/3.jpg" command="GET /industry/uploads/products/2/3/3.jpg HTTP/1.1" encoding="utf-8">
                        <Headers>Referer : http://localhost/industry/index.php
User-Agent : Mozilla/4.0 (compatible; MSIE 7.0; Windows NT 5.1)
Accept : */*
Accept-Language : en-us
Accept-Encoding : GZIP
Host : localhost
Cookie : PHPSESSID=5a0b064b9e2796918842c00f72e52f69; mylang=vietnam
</Headers>
                      </Request>
                      <Response url="http://localhost/industry/uploads/products/2/3/3.jpg" contentType="image/jpeg" statusLine="HTTP/1.1 200 OK" pageTime="NaN" time="0.006" statusCodeString="200 OK" contentLength="16308">
                        <Headers>Accept-Ranges : bytes
Content-Length : 16308
Content-Type : image/jpeg
Date : Tue, 23 Nov 2010 14:08:34 GMT
ETag : "5b72d040-3fb4-c0ecbc00"
Last-Modified : Thu, 02 Sep 2010 15:49:04 GMT
Server : Apache/2.2.4 (Win32) PHP/5.2.1
</Headers>
                      </Response>
                      <Context>
                        <Entry name="$TotalAgents" value="1" />
                        <Entry name="$ControllerName" value="ASUS" />
                        <Entry name="$AgentName" value="ASUS" />
                        <Entry name="$TestLogsDir" value="C:\Documents and Settings\ASUS X82Q SERIES\My Documents\Visual Studio 2008\Projects\TestProject\TestResults\ASUS X82Q SERIES_ASUS 2010-11-23 21_08_28\In\ASUS" />
                        <Entry name="$TestDeploymentDir" value="C:\Documents and Settings\ASUS X82Q SERIES\My Documents\Visual Studio 2008\Projects\TestProject\TestResults\ASUS X82Q SERIES_ASUS 2010-11-23 21_08_28\Out" />
                        <Entry name="$AgentId" value="1" />
                        <Entry name="$AgentLoadDistributor" value="Microsoft.VisualStudio.TestTools.Execution.AgentLoadDistributor" />
                        <Entry name="$TestDir" value="C:\Documents and Settings\ASUS X82Q SERIES\My Documents\Visual Studio 2008\Projects\TestProject\TestResults\ASUS X82Q SERIES_ASUS 2010-11-23 21_08_28" />
                        <Entry name="$AgentWeighting" value="100" />
                        <Entry name="$WebTestIteration" value="1" />
                        <Entry name="$WebTestUserId" value="1" />
                      </Context>
                    </WebRequestResult>
                    <WebRequestResult exceptionMessage="" run="0" submitted="true" cached="false" isRedirectFollow="false" requestBodyBytesHandle="-2" responseBytesHandle="29">
                      <Request url="http://localhost/industry/uploads/products/2/2/2.jpg" command="GET /industry/uploads/products/2/2/2.jpg HTTP/1.1" encoding="utf-8">
                        <Headers>Referer : http://localhost/industry/index.php
User-Agent : Mozilla/4.0 (compatible; MSIE 7.0; Windows NT 5.1)
Accept : */*
Accept-Language : en-us
Accept-Encoding : GZIP
Host : localhost
Cookie : PHPSESSID=5a0b064b9e2796918842c00f72e52f69; mylang=vietnam
</Headers>
                      </Request>
                      <Response url="http://localhost/industry/uploads/products/2/2/2.jpg" contentType="image/jpeg" statusLine="HTTP/1.1 200 OK" pageTime="NaN" time="0.007" statusCodeString="200 OK" contentLength="19127">
                        <Headers>Accept-Ranges : bytes
Content-Length : 19127
Content-Type : image/jpeg
Date : Tue, 23 Nov 2010 14:08:34 GMT
ETag : "5b74d040-4ab7-bb8f7180"
Last-Modified : Thu, 02 Sep 2010 15:47:34 GMT
Server : Apache/2.2.4 (Win32) PHP/5.2.1
</Headers>
                      </Response>
                      <Context>
                        <Entry name="$TotalAgents" value="1" />
                        <Entry name="$ControllerName" value="ASUS" />
                        <Entry name="$AgentName" value="ASUS" />
                        <Entry name="$TestLogsDir" value="C:\Documents and Settings\ASUS X82Q SERIES\My Documents\Visual Studio 2008\Projects\TestProject\TestResults\ASUS X82Q SERIES_ASUS 2010-11-23 21_08_28\In\ASUS" />
                        <Entry name="$TestDeploymentDir" value="C:\Documents and Settings\ASUS X82Q SERIES\My Documents\Visual Studio 2008\Projects\TestProject\TestResults\ASUS X82Q SERIES_ASUS 2010-11-23 21_08_28\Out" />
                        <Entry name="$AgentId" value="1" />
                        <Entry name="$AgentLoadDistributor" value="Microsoft.VisualStudio.TestTools.Execution.AgentLoadDistributor" />
                        <Entry name="$TestDir" value="C:\Documents and Settings\ASUS X82Q SERIES\My Documents\Visual Studio 2008\Projects\TestProject\TestResults\ASUS X82Q SERIES_ASUS 2010-11-23 21_08_28" />
                        <Entry name="$AgentWeighting" value="100" />
                        <Entry name="$WebTestIteration" value="1" />
                        <Entry name="$WebTestUserId" value="1" />
                      </Context>
                    </WebRequestResult>
                    <WebRequestResult exceptionMessage="" run="0" submitted="true" cached="false" isRedirectFollow="false" requestBodyBytesHandle="-2" responseBytesHandle="31">
                      <Request url="http://localhost/industry/uploads/products/2/1/1.jpg" command="GET /industry/uploads/products/2/1/1.jpg HTTP/1.1" encoding="utf-8">
                        <Headers>Referer : http://localhost/industry/index.php
User-Agent : Mozilla/4.0 (compatible; MSIE 7.0; Windows NT 5.1)
Accept : */*
Accept-Language : en-us
Accept-Encoding : GZIP
Host : localhost
Cookie : PHPSESSID=5a0b064b9e2796918842c00f72e52f69; mylang=vietnam
</Headers>
                      </Request>
                      <Response url="http://localhost/industry/uploads/products/2/1/1.jpg" contentType="image/jpeg" statusLine="HTTP/1.1 200 OK" pageTime="NaN" time="0.007" statusCodeString="200 OK" contentLength="17317">
                        <Headers>Accept-Ranges : bytes
Content-Length : 17317
Content-Type : image/jpeg
Date : Tue, 23 Nov 2010 14:08:34 GMT
ETag : "5b771040-43a5-b2bd2480"
Last-Modified : Thu, 02 Sep 2010 15:45:06 GMT
Server : Apache/2.2.4 (Win32) PHP/5.2.1
</Headers>
                      </Response>
                      <Context>
                        <Entry name="$TotalAgents" value="1" />
                        <Entry name="$ControllerName" value="ASUS" />
                        <Entry name="$AgentName" value="ASUS" />
                        <Entry name="$TestLogsDir" value="C:\Documents and Settings\ASUS X82Q SERIES\My Documents\Visual Studio 2008\Projects\TestProject\TestResults\ASUS X82Q SERIES_ASUS 2010-11-23 21_08_28\In\ASUS" />
                        <Entry name="$TestDeploymentDir" value="C:\Documents and Settings\ASUS X82Q SERIES\My Documents\Visual Studio 2008\Projects\TestProject\TestResults\ASUS X82Q SERIES_ASUS 2010-11-23 21_08_28\Out" />
                        <Entry name="$AgentId" value="1" />
                        <Entry name="$AgentLoadDistributor" value="Microsoft.VisualStudio.TestTools.Execution.AgentLoadDistributor" />
                        <Entry name="$TestDir" value="C:\Documents and Settings\ASUS X82Q SERIES\My Documents\Visual Studio 2008\Projects\TestProject\TestResults\ASUS X82Q SERIES_ASUS 2010-11-23 21_08_28" />
                        <Entry name="$AgentWeighting" value="100" />
                        <Entry name="$WebTestIteration" value="1" />
                        <Entry name="$WebTestUserId" value="1" />
                      </Context>
                    </WebRequestResult>
                    <WebRequestResult exceptionMessage="" run="0" submitted="true" cached="false" isRedirectFollow="false" requestBodyBytesHandle="-2" responseBytesHandle="30">
                      <Request url="http://localhost/industry/uploads/logo/1/1.jpg" command="GET /industry/uploads/logo/1/1.jpg HTTP/1.1" encoding="utf-8">
                        <Headers>Referer : http://localhost/industry/index.php
User-Agent : Mozilla/4.0 (compatible; MSIE 7.0; Windows NT 5.1)
Accept : */*
Accept-Language : en-us
Accept-Encoding : GZIP
Host : localhost
Cookie : PHPSESSID=5a0b064b9e2796918842c00f72e52f69; mylang=vietnam
</Headers>
                      </Request>
                      <Response url="http://localhost/industry/uploads/logo/1/1.jpg" contentType="image/jpeg" statusLine="HTTP/1.1 200 OK" pageTime="NaN" time="0.004" statusCodeString="200 OK" contentLength="2079">
                        <Headers>Accept-Ranges : bytes
Content-Length : 2079
Content-Type : image/jpeg
Date : Tue, 23 Nov 2010 14:08:34 GMT
ETag : "5b819040-81f-dc251680"
Last-Modified : Mon, 30 Aug 2010 03:14:18 GMT
Server : Apache/2.2.4 (Win32) PHP/5.2.1
</Headers>
                      </Response>
                      <Context>
                        <Entry name="$TotalAgents" value="1" />
                        <Entry name="$ControllerName" value="ASUS" />
                        <Entry name="$AgentName" value="ASUS" />
                        <Entry name="$TestLogsDir" value="C:\Documents and Settings\ASUS X82Q SERIES\My Documents\Visual Studio 2008\Projects\TestProject\TestResults\ASUS X82Q SERIES_ASUS 2010-11-23 21_08_28\In\ASUS" />
                        <Entry name="$TestDeploymentDir" value="C:\Documents and Settings\ASUS X82Q SERIES\My Documents\Visual Studio 2008\Projects\TestProject\TestResults\ASUS X82Q SERIES_ASUS 2010-11-23 21_08_28\Out" />
                        <Entry name="$AgentId" value="1" />
                        <Entry name="$AgentLoadDistributor" value="Microsoft.VisualStudio.TestTools.Execution.AgentLoadDistributor" />
                        <Entry name="$TestDir" value="C:\Documents and Settings\ASUS X82Q SERIES\My Documents\Visual Studio 2008\Projects\TestProject\TestResults\ASUS X82Q SERIES_ASUS 2010-11-23 21_08_28" />
                        <Entry name="$AgentWeighting" value="100" />
                        <Entry name="$WebTestIteration" value="1" />
                        <Entry name="$WebTestUserId" value="1" />
                      </Context>
                    </WebRequestResult>
                    <WebRequestResult exceptionMessage="" run="0" submitted="true" cached="false" isRedirectFollow="false" requestBodyBytesHandle="-2" responseBytesHandle="32">
                      <Request url="http://localhost/industry/uploads/logo/2/4.jpg" command="GET /industry/uploads/logo/2/4.jpg HTTP/1.1" encoding="utf-8">
                        <Headers>Referer : http://localhost/industry/index.php
User-Agent : Mozilla/4.0 (compatible; MSIE 7.0; Windows NT 5.1)
Accept : */*
Accept-Language : en-us
Accept-Encoding : GZIP
Host : localhost
Cookie : PHPSESSID=5a0b064b9e2796918842c00f72e52f69; mylang=vietnam
</Headers>
                      </Request>
                      <Response url="http://localhost/industry/uploads/logo/2/4.jpg" contentType="image/jpeg" statusLine="HTTP/1.1 200 OK" pageTime="NaN" time="0.004" statusCodeString="200 OK" contentLength="3111">
                        <Headers>Accept-Ranges : bytes
Content-Length : 3111
Content-Type : image/jpeg
Date : Tue, 23 Nov 2010 14:08:34 GMT
ETag : "5b8010a0-c27-d9672f00"
Last-Modified : Mon, 30 Aug 2010 03:13:32 GMT
Server : Apache/2.2.4 (Win32) PHP/5.2.1
</Headers>
                      </Response>
                      <Context>
                        <Entry name="$TotalAgents" value="1" />
                        <Entry name="$ControllerName" value="ASUS" />
                        <Entry name="$AgentName" value="ASUS" />
                        <Entry name="$TestLogsDir" value="C:\Documents and Settings\ASUS X82Q SERIES\My Documents\Visual Studio 2008\Projects\TestProject\TestResults\ASUS X82Q SERIES_ASUS 2010-11-23 21_08_28\In\ASUS" />
                        <Entry name="$TestDeploymentDir" value="C:\Documents and Settings\ASUS X82Q SERIES\My Documents\Visual Studio 2008\Projects\TestProject\TestResults\ASUS X82Q SERIES_ASUS 2010-11-23 21_08_28\Out" />
                        <Entry name="$AgentId" value="1" />
                        <Entry name="$AgentLoadDistributor" value="Microsoft.VisualStudio.TestTools.Execution.AgentLoadDistributor" />
                        <Entry name="$TestDir" value="C:\Documents and Settings\ASUS X82Q SERIES\My Documents\Visual Studio 2008\Projects\TestProject\TestResults\ASUS X82Q SERIES_ASUS 2010-11-23 21_08_28" />
                        <Entry name="$AgentWeighting" value="100" />
                        <Entry name="$WebTestIteration" value="1" />
                        <Entry name="$WebTestUserId" value="1" />
                      </Context>
                    </WebRequestResult>
                    <WebRequestResult exceptionMessage="" run="0" submitted="true" cached="false" isRedirectFollow="false" requestBodyBytesHandle="-2" responseBytesHandle="33">
                      <Request url="http://localhost/industry/Interface/reg_1.jpg" command="GET /industry/Interface/reg_1.jpg HTTP/1.1" encoding="utf-8">
                        <Headers>Referer : http://localhost/industry/index.php
User-Agent : Mozilla/4.0 (compatible; MSIE 7.0; Windows NT 5.1)
Accept : */*
Accept-Language : en-us
Accept-Encoding : GZIP
Host : localhost
Cookie : PHPSESSID=5a0b064b9e2796918842c00f72e52f69; mylang=vietnam
</Headers>
                      </Request>
                      <Response url="http://localhost/industry/Interface/reg_1.jpg" contentType="image/jpeg" statusLine="HTTP/1.1 200 OK" pageTime="NaN" time="0.004" statusCodeString="200 OK" contentLength="2284">
                        <Headers>Accept-Ranges : bytes
Content-Length : 2284
Content-Type : image/jpeg
Date : Tue, 23 Nov 2010 14:08:34 GMT
ETag : "63f09940-8ec-d41dd680"
Last-Modified : Tue, 03 Aug 2010 05:45:46 GMT
Server : Apache/2.2.4 (Win32) PHP/5.2.1
</Headers>
                      </Response>
                      <Context>
                        <Entry name="$TotalAgents" value="1" />
                        <Entry name="$ControllerName" value="ASUS" />
                        <Entry name="$AgentName" value="ASUS" />
                        <Entry name="$TestLogsDir" value="C:\Documents and Settings\ASUS X82Q SERIES\My Documents\Visual Studio 2008\Projects\TestProject\TestResults\ASUS X82Q SERIES_ASUS 2010-11-23 21_08_28\In\ASUS" />
                        <Entry name="$TestDeploymentDir" value="C:\Documents and Settings\ASUS X82Q SERIES\My Documents\Visual Studio 2008\Projects\TestProject\TestResults\ASUS X82Q SERIES_ASUS 2010-11-23 21_08_28\Out" />
                        <Entry name="$AgentId" value="1" />
                        <Entry name="$AgentLoadDistributor" value="Microsoft.VisualStudio.TestTools.Execution.AgentLoadDistributor" />
                        <Entry name="$TestDir" value="C:\Documents and Settings\ASUS X82Q SERIES\My Documents\Visual Studio 2008\Projects\TestProject\TestResults\ASUS X82Q SERIES_ASUS 2010-11-23 21_08_28" />
                        <Entry name="$AgentWeighting" value="100" />
                        <Entry name="$WebTestIteration" value="1" />
                        <Entry name="$WebTestUserId" value="1" />
                      </Context>
                    </WebRequestResult>
                    <WebRequestResult exceptionMessage="" run="0" submitted="true" cached="false" isRedirectFollow="false" requestBodyBytesHandle="-2" responseBytesHandle="34">
                      <Request url="http://localhost/industry/library/css/contentslider.css" command="GET /industry/library/css/contentslider.css HTTP/1.1" encoding="utf-8">
                        <Headers>Referer : http://localhost/industry/index.php
User-Agent : Mozilla/4.0 (compatible; MSIE 7.0; Windows NT 5.1)
Accept : */*
Accept-Language : en-us
Accept-Encoding : GZIP
Host : localhost
Cookie : PHPSESSID=5a0b064b9e2796918842c00f72e52f69; mylang=vietnam
</Headers>
                      </Request>
                      <Response url="http://localhost/industry/library/css/contentslider.css" contentType="text/css" statusLine="HTTP/1.1 200 OK" pageTime="NaN" time="0.005" statusCodeString="200 OK" contentLength="1094">
                        <Headers>Accept-Ranges : bytes
Content-Length : 1094
Content-Type : text/css
Date : Tue, 23 Nov 2010 14:08:34 GMT
ETag : "641550e0-446-a8af7980"
Last-Modified : Tue, 31 Aug 2010 02:51:34 GMT
Server : Apache/2.2.4 (Win32) PHP/5.2.1
</Headers>
                      </Response>
                      <Context>
                        <Entry name="$TotalAgents" value="1" />
                        <Entry name="$ControllerName" value="ASUS" />
                        <Entry name="$AgentName" value="ASUS" />
                        <Entry name="$TestLogsDir" value="C:\Documents and Settings\ASUS X82Q SERIES\My Documents\Visual Studio 2008\Projects\TestProject\TestResults\ASUS X82Q SERIES_ASUS 2010-11-23 21_08_28\In\ASUS" />
                        <Entry name="$TestDeploymentDir" value="C:\Documents and Settings\ASUS X82Q SERIES\My Documents\Visual Studio 2008\Projects\TestProject\TestResults\ASUS X82Q SERIES_ASUS 2010-11-23 21_08_28\Out" />
                        <Entry name="$AgentId" value="1" />
                        <Entry name="$AgentLoadDistributor" value="Microsoft.VisualStudio.TestTools.Execution.AgentLoadDistributor" />
                        <Entry name="$TestDir" value="C:\Documents and Settings\ASUS X82Q SERIES\My Documents\Visual Studio 2008\Projects\TestProject\TestResults\ASUS X82Q SERIES_ASUS 2010-11-23 21_08_28" />
                        <Entry name="$AgentWeighting" value="100" />
                        <Entry name="$WebTestIteration" value="1" />
                        <Entry name="$WebTestUserId" value="1" />
                      </Context>
                    </WebRequestResult>
                    <WebRequestResult exceptionMessage="" run="0" submitted="true" cached="false" isRedirectFollow="false" requestBodyBytesHandle="-2" responseBytesHandle="25">
                      <Request url="http://localhost/industry/uploads/products/2/6/baoho.jpg" command="GET /industry/uploads/products/2/6/baoho.jpg HTTP/1.1" encoding="utf-8">
                        <Headers>Referer : http://localhost/industry/index.php
User-Agent : Mozilla/4.0 (compatible; MSIE 7.0; Windows NT 5.1)
Accept : */*
Accept-Language : en-us
Accept-Encoding : GZIP
Host : localhost
Cookie : PHPSESSID=5a0b064b9e2796918842c00f72e52f69; mylang=vietnam
</Headers>
                      </Request>
                      <Response url="http://localhost/industry/uploads/products/2/6/baoho.jpg" contentType="image/jpeg" statusLine="HTTP/1.1 200 OK" pageTime="NaN" time="0.077" statusCodeString="200 OK" contentLength="13813">
                        <Headers>Accept-Ranges : bytes
Content-Length : 13813
Content-Type : image/jpeg
Date : Tue, 23 Nov 2010 14:08:34 GMT
ETag : "5b6e5040-35f5-d3ff8c00"
Last-Modified : Thu, 02 Sep 2010 15:54:24 GMT
Server : Apache/2.2.4 (Win32) PHP/5.2.1
</Headers>
                      </Response>
                      <Context>
                        <Entry name="$TotalAgents" value="1" />
                        <Entry name="$ControllerName" value="ASUS" />
                        <Entry name="$AgentName" value="ASUS" />
                        <Entry name="$TestLogsDir" value="C:\Documents and Settings\ASUS X82Q SERIES\My Documents\Visual Studio 2008\Projects\TestProject\TestResults\ASUS X82Q SERIES_ASUS 2010-11-23 21_08_28\In\ASUS" />
                        <Entry name="$TestDeploymentDir" value="C:\Documents and Settings\ASUS X82Q SERIES\My Documents\Visual Studio 2008\Projects\TestProject\TestResults\ASUS X82Q SERIES_ASUS 2010-11-23 21_08_28\Out" />
                        <Entry name="$AgentId" value="1" />
                        <Entry name="$AgentLoadDistributor" value="Microsoft.VisualStudio.TestTools.Execution.AgentLoadDistributor" />
                        <Entry name="$TestDir" value="C:\Documents and Settings\ASUS X82Q SERIES\My Documents\Visual Studio 2008\Projects\TestProject\TestResults\ASUS X82Q SERIES_ASUS 2010-11-23 21_08_28" />
                        <Entry name="$AgentWeighting" value="100" />
                        <Entry name="$WebTestIteration" value="1" />
                        <Entry name="$WebTestUserId" value="1" />
                      </Context>
                    </WebRequestResult>
                    <WebRequestResult exceptionMessage="" run="0" submitted="true" cached="false" isRedirectFollow="false" requestBodyBytesHandle="-2" responseBytesHandle="37">
                      <Request url="http://localhost/industry/library/js/contentslider.js" command="GET /industry/library/js/contentslider.js HTTP/1.1" encoding="utf-8">
                        <Headers>Referer : http://localhost/industry/index.php
User-Agent : Mozilla/4.0 (compatible; MSIE 7.0; Windows NT 5.1)
Accept : */*
Accept-Language : en-us
Accept-Encoding : GZIP
Host : localhost
Cookie : PHPSESSID=5a0b064b9e2796918842c00f72e52f69; mylang=vietnam
</Headers>
                      </Request>
                      <Response url="http://localhost/industry/library/js/contentslider.js" contentType="application/x-javascript" statusLine="HTTP/1.1 200 OK" pageTime="NaN" time="0.024" statusCodeString="200 OK" contentLength="10727">
                        <Headers>X-Pad : avoid browser bug
Accept-Ranges : bytes
Content-Length : 10727
Content-Type : application/x-javascript
Date : Tue, 23 Nov 2010 14:08:34 GMT
ETag : "640c1080-29e7-61096980"
Last-Modified : Tue, 31 Aug 2010 00:08:22 GMT
Server : Apache/2.2.4 (Win32) PHP/5.2.1
</Headers>
                      </Response>
                      <Context>
                        <Entry name="$TotalAgents" value="1" />
                        <Entry name="$ControllerName" value="ASUS" />
                        <Entry name="$AgentName" value="ASUS" />
                        <Entry name="$TestLogsDir" value="C:\Documents and Settings\ASUS X82Q SERIES\My Documents\Visual Studio 2008\Projects\TestProject\TestResults\ASUS X82Q SERIES_ASUS 2010-11-23 21_08_28\In\ASUS" />
                        <Entry name="$TestDeploymentDir" value="C:\Documents and Settings\ASUS X82Q SERIES\My Documents\Visual Studio 2008\Projects\TestProject\TestResults\ASUS X82Q SERIES_ASUS 2010-11-23 21_08_28\Out" />
                        <Entry name="$AgentId" value="1" />
                        <Entry name="$AgentLoadDistributor" value="Microsoft.VisualStudio.TestTools.Execution.AgentLoadDistributor" />
                        <Entry name="$TestDir" value="C:\Documents and Settings\ASUS X82Q SERIES\My Documents\Visual Studio 2008\Projects\TestProject\TestResults\ASUS X82Q SERIES_ASUS 2010-11-23 21_08_28" />
                        <Entry name="$AgentWeighting" value="100" />
                        <Entry name="$WebTestIteration" value="1" />
                        <Entry name="$WebTestUserId" value="1" />
                      </Context>
                    </WebRequestResult>
                    <WebRequestResult exceptionMessage="" run="0" submitted="true" cached="false" isRedirectFollow="false" requestBodyBytesHandle="-2" responseBytesHandle="35">
                      <Request url="http://localhost/industry/uploads/business/alone.jpg" command="GET /industry/uploads/business/alone.jpg HTTP/1.1" encoding="utf-8">
                        <Headers>Referer : http://localhost/industry/index.php
User-Agent : Mozilla/4.0 (compatible; MSIE 7.0; Windows NT 5.1)
Accept : */*
Accept-Language : en-us
Accept-Encoding : GZIP
Host : localhost
Cookie : PHPSESSID=5a0b064b9e2796918842c00f72e52f69; mylang=vietnam
</Headers>
                      </Request>
                      <Response url="http://localhost/industry/uploads/business/alone.jpg" contentType="image/jpeg" statusLine="HTTP/1.1 200 OK" pageTime="NaN" time="0.009" statusCodeString="200 OK" contentLength="26893">
                        <Headers>Accept-Ranges : bytes
Content-Length : 26893
Content-Type : image/jpeg
Date : Tue, 23 Nov 2010 14:08:34 GMT
ETag : "5b849040-690d-71191980"
Last-Modified : Thu, 10 Jun 2010 15:11:50 GMT
Server : Apache/2.2.4 (Win32) PHP/5.2.1
</Headers>
                      </Response>
                      <Context>
                        <Entry name="$TotalAgents" value="1" />
                        <Entry name="$ControllerName" value="ASUS" />
                        <Entry name="$AgentName" value="ASUS" />
                        <Entry name="$TestLogsDir" value="C:\Documents and Settings\ASUS X82Q SERIES\My Documents\Visual Studio 2008\Projects\TestProject\TestResults\ASUS X82Q SERIES_ASUS 2010-11-23 21_08_28\In\ASUS" />
                        <Entry name="$TestDeploymentDir" value="C:\Documents and Settings\ASUS X82Q SERIES\My Documents\Visual Studio 2008\Projects\TestProject\TestResults\ASUS X82Q SERIES_ASUS 2010-11-23 21_08_28\Out" />
                        <Entry name="$AgentId" value="1" />
                        <Entry name="$AgentLoadDistributor" value="Microsoft.VisualStudio.TestTools.Execution.AgentLoadDistributor" />
                        <Entry name="$TestDir" value="C:\Documents and Settings\ASUS X82Q SERIES\My Documents\Visual Studio 2008\Projects\TestProject\TestResults\ASUS X82Q SERIES_ASUS 2010-11-23 21_08_28" />
                        <Entry name="$AgentWeighting" value="100" />
                        <Entry name="$WebTestIteration" value="1" />
                        <Entry name="$WebTestUserId" value="1" />
                      </Context>
                    </WebRequestResult>
                    <WebRequestResult exceptionMessage="" run="0" submitted="true" cached="false" isRedirectFollow="false" requestBodyBytesHandle="-2" responseBytesHandle="36">
                      <Request url="http://localhost/industry/uploads/business/Michele-Rino-Mastrotto.jpg" command="GET /industry/uploads/business/Michele-Rino-Mastrotto.jpg HTTP/1.1" encoding="utf-8">
                        <Headers>Referer : http://localhost/industry/index.php
User-Agent : Mozilla/4.0 (compatible; MSIE 7.0; Windows NT 5.1)
Accept : */*
Accept-Language : en-us
Accept-Encoding : GZIP
Host : localhost
Cookie : PHPSESSID=5a0b064b9e2796918842c00f72e52f69; mylang=vietnam
</Headers>
                      </Request>
                      <Response url="http://localhost/industry/uploads/business/Michele-Rino-Mastrotto.jpg" contentType="image/jpeg" statusLine="HTTP/1.1 200 OK" pageTime="NaN" time="0.005" statusCodeString="200 OK" contentLength="3193">
                        <Headers>Accept-Ranges : bytes
Content-Length : 3193
Content-Type : image/jpeg
Date : Tue, 23 Nov 2010 14:08:34 GMT
ETag : "5b8490a0-c79-f23ca680"
Last-Modified : Sun, 08 Aug 2010 07:35:38 GMT
Server : Apache/2.2.4 (Win32) PHP/5.2.1
</Headers>
                      </Response>
                      <Context>
                        <Entry name="$TotalAgents" value="1" />
                        <Entry name="$ControllerName" value="ASUS" />
                        <Entry name="$AgentName" value="ASUS" />
                        <Entry name="$TestLogsDir" value="C:\Documents and Settings\ASUS X82Q SERIES\My Documents\Visual Studio 2008\Projects\TestProject\TestResults\ASUS X82Q SERIES_ASUS 2010-11-23 21_08_28\In\ASUS" />
                        <Entry name="$TestDeploymentDir" value="C:\Documents and Settings\ASUS X82Q SERIES\My Documents\Visual Studio 2008\Projects\TestProject\TestResults\ASUS X82Q SERIES_ASUS 2010-11-23 21_08_28\Out" />
                        <Entry name="$AgentId" value="1" />
                        <Entry name="$AgentLoadDistributor" value="Microsoft.VisualStudio.TestTools.Execution.AgentLoadDistributor" />
                        <Entry name="$TestDir" value="C:\Documents and Settings\ASUS X82Q SERIES\My Documents\Visual Studio 2008\Projects\TestProject\TestResults\ASUS X82Q SERIES_ASUS 2010-11-23 21_08_28" />
                        <Entry name="$AgentWeighting" value="100" />
                        <Entry name="$WebTestIteration" value="1" />
                        <Entry name="$WebTestUserId" value="1" />
                      </Context>
                    </WebRequestResult>
                    <WebRequestResult exceptionMessage="" run="0" submitted="true" cached="false" isRedirectFollow="false" requestBodyBytesHandle="-2" responseBytesHandle="38">
                      <Request url="http://localhost/industry/interface/money_icon.gif" command="GET /industry/interface/money_icon.gif HTTP/1.1" encoding="utf-8">
                        <Headers>Referer : http://localhost/industry/index.php
User-Agent : Mozilla/4.0 (compatible; MSIE 7.0; Windows NT 5.1)
Accept : */*
Accept-Language : en-us
Accept-Encoding : GZIP
Host : localhost
Cookie : PHPSESSID=5a0b064b9e2796918842c00f72e52f69; mylang=vietnam
</Headers>
                      </Request>
                      <Response url="http://localhost/industry/interface/money_icon.gif" contentType="image/gif" statusLine="HTTP/1.1 200 OK" pageTime="NaN" time="0.005" statusCodeString="200 OK" contentLength="4551">
                        <Headers>Accept-Ranges : bytes
Content-Length : 4551
Content-Type : image/gif
Date : Tue, 23 Nov 2010 14:08:34 GMT
ETag : "63f09820-11c7-6df1d480"
Last-Modified : Sun, 19 Sep 2010 02:19:46 GMT
Server : Apache/2.2.4 (Win32) PHP/5.2.1
</Headers>
                      </Response>
                      <Context>
                        <Entry name="$TotalAgents" value="1" />
                        <Entry name="$ControllerName" value="ASUS" />
                        <Entry name="$AgentName" value="ASUS" />
                        <Entry name="$TestLogsDir" value="C:\Documents and Settings\ASUS X82Q SERIES\My Documents\Visual Studio 2008\Projects\TestProject\TestResults\ASUS X82Q SERIES_ASUS 2010-11-23 21_08_28\In\ASUS" />
                        <Entry name="$TestDeploymentDir" value="C:\Documents and Settings\ASUS X82Q SERIES\My Documents\Visual Studio 2008\Projects\TestProject\TestResults\ASUS X82Q SERIES_ASUS 2010-11-23 21_08_28\Out" />
                        <Entry name="$AgentId" value="1" />
                        <Entry name="$AgentLoadDistributor" value="Microsoft.VisualStudio.TestTools.Execution.AgentLoadDistributor" />
                        <Entry name="$TestDir" value="C:\Documents and Settings\ASUS X82Q SERIES\My Documents\Visual Studio 2008\Projects\TestProject\TestResults\ASUS X82Q SERIES_ASUS 2010-11-23 21_08_28" />
                        <Entry name="$AgentWeighting" value="100" />
                        <Entry name="$WebTestIteration" value="1" />
                        <Entry name="$WebTestUserId" value="1" />
                      </Context>
                    </WebRequestResult>
                    <WebRequestResult exceptionMessage="" run="0" submitted="true" cached="false" isRedirectFollow="false" requestBodyBytesHandle="-2" responseBytesHandle="40">
                      <Request url="http://localhost/industry/interface/business.png" command="GET /industry/interface/business.png HTTP/1.1" encoding="utf-8">
                        <Headers>Referer : http://localhost/industry/index.php
User-Agent : Mozilla/4.0 (compatible; MSIE 7.0; Windows NT 5.1)
Accept : */*
Accept-Language : en-us
Accept-Encoding : GZIP
Host : localhost
Cookie : PHPSESSID=5a0b064b9e2796918842c00f72e52f69; mylang=vietnam
</Headers>
                      </Request>
                      <Response url="http://localhost/industry/interface/business.png" contentType="image/png" statusLine="HTTP/1.1 200 OK" pageTime="NaN" time="0.004" statusCodeString="200 OK" contentLength="870">
                        <Headers>Accept-Ranges : bytes
Content-Length : 870
Content-Type : image/png
Date : Tue, 23 Nov 2010 14:08:34 GMT
ETag : "63f09140-366-36683500"
Last-Modified : Wed, 25 Nov 2009 12:29:40 GMT
Server : Apache/2.2.4 (Win32) PHP/5.2.1
</Headers>
                      </Response>
                      <Context>
                        <Entry name="$TotalAgents" value="1" />
                        <Entry name="$ControllerName" value="ASUS" />
                        <Entry name="$AgentName" value="ASUS" />
                        <Entry name="$TestLogsDir" value="C:\Documents and Settings\ASUS X82Q SERIES\My Documents\Visual Studio 2008\Projects\TestProject\TestResults\ASUS X82Q SERIES_ASUS 2010-11-23 21_08_28\In\ASUS" />
                        <Entry name="$TestDeploymentDir" value="C:\Documents and Settings\ASUS X82Q SERIES\My Documents\Visual Studio 2008\Projects\TestProject\TestResults\ASUS X82Q SERIES_ASUS 2010-11-23 21_08_28\Out" />
                        <Entry name="$AgentId" value="1" />
                        <Entry name="$AgentLoadDistributor" value="Microsoft.VisualStudio.TestTools.Execution.AgentLoadDistributor" />
                        <Entry name="$TestDir" value="C:\Documents and Settings\ASUS X82Q SERIES\My Documents\Visual Studio 2008\Projects\TestProject\TestResults\ASUS X82Q SERIES_ASUS 2010-11-23 21_08_28" />
                        <Entry name="$AgentWeighting" value="100" />
                        <Entry name="$WebTestIteration" value="1" />
                        <Entry name="$WebTestUserId" value="1" />
                      </Context>
                    </WebRequestResult>
                    <WebRequestResult exceptionMessage="" run="0" submitted="true" cached="false" isRedirectFollow="false" requestBodyBytesHandle="-2" responseBytesHandle="39">
                      <Request url="http://localhost/industry/interface/user.png" command="GET /industry/interface/user.png HTTP/1.1" encoding="utf-8">
                        <Headers>Referer : http://localhost/industry/index.php
User-Agent : Mozilla/4.0 (compatible; MSIE 7.0; Windows NT 5.1)
Accept : */*
Accept-Language : en-us
Accept-Encoding : GZIP
Host : localhost
Cookie : PHPSESSID=5a0b064b9e2796918842c00f72e52f69; mylang=vietnam
</Headers>
                      </Request>
                      <Response url="http://localhost/industry/interface/user.png" contentType="image/png" statusLine="HTTP/1.1 200 OK" pageTime="NaN" time="0.004" statusCodeString="200 OK" contentLength="588">
                        <Headers>Accept-Ranges : bytes
Content-Length : 588
Content-Type : image/png
Date : Tue, 23 Nov 2010 14:08:34 GMT
ETag : "63f09b00-24c-4a7c9000"
Last-Modified : Wed, 17 Mar 2010 19:40:48 GMT
Server : Apache/2.2.4 (Win32) PHP/5.2.1
</Headers>
                      </Response>
                      <Context>
                        <Entry name="$TotalAgents" value="1" />
                        <Entry name="$ControllerName" value="ASUS" />
                        <Entry name="$AgentName" value="ASUS" />
                        <Entry name="$TestLogsDir" value="C:\Documents and Settings\ASUS X82Q SERIES\My Documents\Visual Studio 2008\Projects\TestProject\TestResults\ASUS X82Q SERIES_ASUS 2010-11-23 21_08_28\In\ASUS" />
                        <Entry name="$TestDeploymentDir" value="C:\Documents and Settings\ASUS X82Q SERIES\My Documents\Visual Studio 2008\Projects\TestProject\TestResults\ASUS X82Q SERIES_ASUS 2010-11-23 21_08_28\Out" />
                        <Entry name="$AgentId" value="1" />
                        <Entry name="$AgentLoadDistributor" value="Microsoft.VisualStudio.TestTools.Execution.AgentLoadDistributor" />
                        <Entry name="$TestDir" value="C:\Documents and Settings\ASUS X82Q SERIES\My Documents\Visual Studio 2008\Projects\TestProject\TestResults\ASUS X82Q SERIES_ASUS 2010-11-23 21_08_28" />
                        <Entry name="$AgentWeighting" value="100" />
                        <Entry name="$WebTestIteration" value="1" />
                        <Entry name="$WebTestUserId" value="1" />
                      </Context>
                    </WebRequestResult>
                  </DependantResults>
                  <ValidationRuleResults>
                    <ValidationRuleResult message="Passed" ruleType="Validation" name="Response URL" />
                  </ValidationRuleResults>
                </WebRequestResult>
              </WebTestResultPage>
              <WebTestResultPage>
                <WebRequestResult exceptionMessage="" run="0" submitted="true" cached="false" isRedirectFollow="false" requestBodyBytesHandle="-2" responseBytesHandle="41">
                  <Request url="http://localhost/industry/gallery.swf" command="GET /industry/gallery.swf HTTP/1.1" encoding="utf-8">
                    <Headers>User-Agent : Mozilla/4.0 (compatible; MSIE 7.0; Windows NT 5.1)
Accept : */*
Accept-Language : en-us
Accept-Encoding : GZIP
Host : localhost
Cookie : PHPSESSID=5a0b064b9e2796918842c00f72e52f69; mylang=vietnam
</Headers>
                  </Request>
                  <Response url="http://localhost/industry/gallery.swf" contentType="application/x-shockwave-flash" statusLine="HTTP/1.1 200 OK" pageTime="0.006" time="0.006" statusCodeString="200 OK" contentLength="4730">
                    <Headers>Accept-Ranges : bytes
Content-Length : 4730
Content-Type : application/x-shockwave-flash
Date : Tue, 23 Nov 2010 14:08:34 GMT
ETag : "40ed16a0-127a-61a72080"
Last-Modified : Mon, 05 Oct 2009 16:12:34 GMT
Server : Apache/2.2.4 (Win32) PHP/5.2.1
</Headers>
                  </Response>
                  <Context>
                    <Entry name="$TotalAgents" value="1" />
                    <Entry name="$ControllerName" value="ASUS" />
                    <Entry name="$AgentName" value="ASUS" />
                    <Entry name="$TestLogsDir" value="C:\Documents and Settings\ASUS X82Q SERIES\My Documents\Visual Studio 2008\Projects\TestProject\TestResults\ASUS X82Q SERIES_ASUS 2010-11-23 21_08_28\In\ASUS" />
                    <Entry name="$TestDeploymentDir" value="C:\Documents and Settings\ASUS X82Q SERIES\My Documents\Visual Studio 2008\Projects\TestProject\TestResults\ASUS X82Q SERIES_ASUS 2010-11-23 21_08_28\Out" />
                    <Entry name="$AgentId" value="1" />
                    <Entry name="$AgentLoadDistributor" value="Microsoft.VisualStudio.TestTools.Execution.AgentLoadDistributor" />
                    <Entry name="$TestDir" value="C:\Documents and Settings\ASUS X82Q SERIES\My Documents\Visual Studio 2008\Projects\TestProject\TestResults\ASUS X82Q SERIES_ASUS 2010-11-23 21_08_28" />
                    <Entry name="$AgentWeighting" value="100" />
                    <Entry name="$WebTestIteration" value="1" />
                    <Entry name="$WebTestUserId" value="1" />
                  </Context>
                  <ValidationRuleResults>
                    <ValidationRuleResult message="Passed" ruleType="Validation" name="Response URL" />
                  </ValidationRuleResults>
                </WebRequestResult>
              </WebTestResultPage>
              <WebTestResultPage>
                <WebRequestResult exceptionMessage="" run="0" submitted="true" cached="false" isRedirectFollow="false" requestBodyBytesHandle="-2" responseBytesHandle="73">
                  <Request url="http://localhost/industry/trade/product/index.php?mod=psc1&amp;ipc=1" command="GET /industry/trade/product/index.php?mod=psc1&amp;ipc=1 HTTP/1.1" encoding="utf-8">
                    <Headers>User-Agent : Mozilla/4.0 (compatible; MSIE 7.0; Windows NT 5.1)
Accept : */*
Accept-Language : en-us
Accept-Encoding : GZIP
Host : localhost
Cookie : PHPSESSID=5a0b064b9e2796918842c00f72e52f69; mylang=vietnam
</Headers>
                  </Request>
                  <Response url="http://localhost/industry/trade/product/index.php?mod=psc1&amp;ipc=1" contentType="text/html; charset=utf-8" statusLine="HTTP/1.1 200 OK" pageTime="0.53599999999999992" time="0.333" statusCodeString="200 OK" contentLength="11747">
                    <Headers>Pragma : no-cache
Transfer-Encoding : chunked
Cache-Control : no-store, no-cache, must-revalidate, post-check=0, pre-check=0
Content-Type : text/html; charset:utf-8
Date : Tue, 23 Nov 2010 14:08:34 GMT
Expires : Thu, 19 Nov 1981 08:52:00 GMT
Set-Cookie : mylang=vietnam; expires=Tue, 30-Nov-2010 14:08:34 GMT; path=/
Server : Apache/2.2.4 (Win32) PHP/5.2.1
X-Powered-By : PHP/5.2.1
</Headers>
                  </Response>
                  <Context>
                    <Entry name="$TotalAgents" value="1" />
                    <Entry name="$ControllerName" value="ASUS" />
                    <Entry name="$AgentName" value="ASUS" />
                    <Entry name="$TestLogsDir" value="C:\Documents and Settings\ASUS X82Q SERIES\My Documents\Visual Studio 2008\Projects\TestProject\TestResults\ASUS X82Q SERIES_ASUS 2010-11-23 21_08_28\In\ASUS" />
                    <Entry name="$TestDeploymentDir" value="C:\Documents and Settings\ASUS X82Q SERIES\My Documents\Visual Studio 2008\Projects\TestProject\TestResults\ASUS X82Q SERIES_ASUS 2010-11-23 21_08_28\Out" />
                    <Entry name="$AgentId" value="1" />
                    <Entry name="$AgentLoadDistributor" value="Microsoft.VisualStudio.TestTools.Execution.AgentLoadDistributor" />
                    <Entry name="$TestDir" value="C:\Documents and Settings\ASUS X82Q SERIES\My Documents\Visual Studio 2008\Projects\TestProject\TestResults\ASUS X82Q SERIES_ASUS 2010-11-23 21_08_28" />
                    <Entry name="$AgentWeighting" value="100" />
                    <Entry name="$WebTestIteration" value="1" />
                    <Entry name="$WebTestUserId" value="1" />
                  </Context>
                  <DependantResults>
                    <WebRequestResult exceptionMessage="" run="0" submitted="true" cached="false" isRedirectFollow="false" requestBodyBytesHandle="-2" responseBytesHandle="2">
                      <Request url="http://localhost/industry/library/CSS/style_menu.css" command="GET /industry/library/CSS/style_menu.css HTTP/1.1" encoding="utf-8">
                        <Headers>Referer : http://localhost/industry/trade/product/index.php?mod=psc1&amp;ipc=1
User-Agent : Mozilla/4.0 (compatible; MSIE 7.0; Windows NT 5.1)
Accept : */*
Accept-Language : en-us
Accept-Encoding : GZIP
Host : localhost
Cookie : PHPSESSID=5a0b064b9e2796918842c00f72e52f69; mylang=vietnam
</Headers>
                      </Request>
                      <Response url="http://localhost/industry/library/CSS/style_menu.css" contentType="text/css" statusLine="HTTP/1.1 200 OK" pageTime="NaN" time="0.011" statusCodeString="200 OK" contentLength="1103">
                        <Headers>Accept-Ranges : bytes
Content-Length : 1103
Content-Type : text/css
Date : Tue, 23 Nov 2010 14:08:35 GMT
ETag : "641553c0-44f-9c443c00"
Last-Modified : Fri, 27 Aug 2010 12:54:08 GMT
Server : Apache/2.2.4 (Win32) PHP/5.2.1
</Headers>
                      </Response>
                      <Context>
                        <Entry name="$TotalAgents" value="1" />
                        <Entry name="$ControllerName" value="ASUS" />
                        <Entry name="$AgentName" value="ASUS" />
                        <Entry name="$TestLogsDir" value="C:\Documents and Settings\ASUS X82Q SERIES\My Documents\Visual Studio 2008\Projects\TestProject\TestResults\ASUS X82Q SERIES_ASUS 2010-11-23 21_08_28\In\ASUS" />
                        <Entry name="$TestDeploymentDir" value="C:\Documents and Settings\ASUS X82Q SERIES\My Documents\Visual Studio 2008\Projects\TestProject\TestResults\ASUS X82Q SERIES_ASUS 2010-11-23 21_08_28\Out" />
                        <Entry name="$AgentId" value="1" />
                        <Entry name="$AgentLoadDistributor" value="Microsoft.VisualStudio.TestTools.Execution.AgentLoadDistributor" />
                        <Entry name="$TestDir" value="C:\Documents and Settings\ASUS X82Q SERIES\My Documents\Visual Studio 2008\Projects\TestProject\TestResults\ASUS X82Q SERIES_ASUS 2010-11-23 21_08_28" />
                        <Entry name="$AgentWeighting" value="100" />
                        <Entry name="$WebTestIteration" value="1" />
                        <Entry name="$WebTestUserId" value="1" />
                      </Context>
                    </WebRequestResult>
                    <WebRequestResult exceptionMessage="" run="0" submitted="true" cached="false" isRedirectFollow="false" requestBodyBytesHandle="-2" responseBytesHandle="1">
                      <Request url="http://localhost/industry/library/CSS/style.css" command="GET /industry/library/CSS/style.css HTTP/1.1" encoding="utf-8">
                        <Headers>Referer : http://localhost/industry/trade/product/index.php?mod=psc1&amp;ipc=1
User-Agent : Mozilla/4.0 (compatible; MSIE 7.0; Windows NT 5.1)
Accept : */*
Accept-Language : en-us
Accept-Encoding : GZIP
Host : localhost
Cookie : PHPSESSID=5a0b064b9e2796918842c00f72e52f69; mylang=vietnam
</Headers>
                      </Request>
                      <Response url="http://localhost/industry/library/CSS/style.css" contentType="text/css" statusLine="HTTP/1.1 200 OK" pageTime="NaN" time="0.013" statusCodeString="200 OK" contentLength="9991">
                        <Headers>Accept-Ranges : bytes
Content-Length : 9991
Content-Type : text/css
Date : Tue, 23 Nov 2010 14:08:35 GMT
ETag : "64155240-2707-e0400a80"
Last-Modified : Fri, 24 Sep 2010 18:52:10 GMT
Server : Apache/2.2.4 (Win32) PHP/5.2.1
</Headers>
                      </Response>
                      <Context>
                        <Entry name="$TotalAgents" value="1" />
                        <Entry name="$ControllerName" value="ASUS" />
                        <Entry name="$AgentName" value="ASUS" />
                        <Entry name="$TestLogsDir" value="C:\Documents and Settings\ASUS X82Q SERIES\My Documents\Visual Studio 2008\Projects\TestProject\TestResults\ASUS X82Q SERIES_ASUS 2010-11-23 21_08_28\In\ASUS" />
                        <Entry name="$TestDeploymentDir" value="C:\Documents and Settings\ASUS X82Q SERIES\My Documents\Visual Studio 2008\Projects\TestProject\TestResults\ASUS X82Q SERIES_ASUS 2010-11-23 21_08_28\Out" />
                        <Entry name="$AgentId" value="1" />
                        <Entry name="$AgentLoadDistributor" value="Microsoft.VisualStudio.TestTools.Execution.AgentLoadDistributor" />
                        <Entry name="$TestDir" value="C:\Documents and Settings\ASUS X82Q SERIES\My Documents\Visual Studio 2008\Projects\TestProject\TestResults\ASUS X82Q SERIES_ASUS 2010-11-23 21_08_28" />
                        <Entry name="$AgentWeighting" value="100" />
                        <Entry name="$WebTestIteration" value="1" />
                        <Entry name="$WebTestUserId" value="1" />
                      </Context>
                    </WebRequestResult>
                    <WebRequestResult exceptionMessage="" run="0" submitted="true" cached="false" isRedirectFollow="false" requestBodyBytesHandle="-2" responseBytesHandle="43">
                      <Request url="http://localhost/industry/library/CSS/style-slide.css" command="GET /industry/library/CSS/style-slide.css HTTP/1.1" encoding="utf-8">
                        <Headers>Referer : http://localhost/industry/trade/product/index.php?mod=psc1&amp;ipc=1
User-Agent : Mozilla/4.0 (compatible; MSIE 7.0; Windows NT 5.1)
Accept : */*
Accept-Language : en-us
Accept-Encoding : GZIP
Host : localhost
Cookie : PHPSESSID=5a0b064b9e2796918842c00f72e52f69; mylang=vietnam
</Headers>
                      </Request>
                      <Response url="http://localhost/industry/library/CSS/style-slide.css" contentType="text/css" statusLine="HTTP/1.1 200 OK" pageTime="NaN" time="0.008" statusCodeString="200 OK" contentLength="1629">
                        <Headers>Accept-Ranges : bytes
Content-Length : 1629
Content-Type : text/css
Date : Tue, 23 Nov 2010 14:08:35 GMT
ETag : "64155220-65d-d44b7f00"
Last-Modified : Fri, 27 Aug 2010 13:09:48 GMT
Server : Apache/2.2.4 (Win32) PHP/5.2.1
</Headers>
                      </Response>
                      <Context>
                        <Entry name="$TotalAgents" value="1" />
                        <Entry name="$ControllerName" value="ASUS" />
                        <Entry name="$AgentName" value="ASUS" />
                        <Entry name="$TestLogsDir" value="C:\Documents and Settings\ASUS X82Q SERIES\My Documents\Visual Studio 2008\Projects\TestProject\TestResults\ASUS X82Q SERIES_ASUS 2010-11-23 21_08_28\In\ASUS" />
                        <Entry name="$TestDeploymentDir" value="C:\Documents and Settings\ASUS X82Q SERIES\My Documents\Visual Studio 2008\Projects\TestProject\TestResults\ASUS X82Q SERIES_ASUS 2010-11-23 21_08_28\Out" />
                        <Entry name="$AgentId" value="1" />
                        <Entry name="$AgentLoadDistributor" value="Microsoft.VisualStudio.TestTools.Execution.AgentLoadDistributor" />
                        <Entry name="$TestDir" value="C:\Documents and Settings\ASUS X82Q SERIES\My Documents\Visual Studio 2008\Projects\TestProject\TestResults\ASUS X82Q SERIES_ASUS 2010-11-23 21_08_28" />
                        <Entry name="$AgentWeighting" value="100" />
                        <Entry name="$WebTestIteration" value="1" />
                        <Entry name="$WebTestUserId" value="1" />
                      </Context>
                    </WebRequestResult>
                    <WebRequestResult exceptionMessage="" run="0" submitted="true" cached="false" isRedirectFollow="false" requestBodyBytesHandle="-2" responseBytesHandle="44">
                      <Request url="http://localhost/industry/library/CSS/style_buy_sale.css" command="GET /industry/library/CSS/style_buy_sale.css HTTP/1.1" encoding="utf-8">
                        <Headers>Referer : http://localhost/industry/trade/product/index.php?mod=psc1&amp;ipc=1
User-Agent : Mozilla/4.0 (compatible; MSIE 7.0; Windows NT 5.1)
Accept : */*
Accept-Language : en-us
Accept-Encoding : GZIP
Host : localhost
Cookie : PHPSESSID=5a0b064b9e2796918842c00f72e52f69; mylang=vietnam
</Headers>
                      </Request>
                      <Response url="http://localhost/industry/library/CSS/style_buy_sale.css" contentType="text/css" statusLine="HTTP/1.1 200 OK" pageTime="NaN" time="0.013" statusCodeString="200 OK" contentLength="4307">
                        <Headers>Accept-Ranges : bytes
Content-Length : 4307
Content-Type : text/css
Date : Tue, 23 Nov 2010 14:08:35 GMT
ETag : "641552a0-10d3-f8823c00"
Last-Modified : Mon, 20 Sep 2010 05:13:20 GMT
Server : Apache/2.2.4 (Win32) PHP/5.2.1
</Headers>
                      </Response>
                      <Context>
                        <Entry name="$TotalAgents" value="1" />
                        <Entry name="$ControllerName" value="ASUS" />
                        <Entry name="$AgentName" value="ASUS" />
                        <Entry name="$TestLogsDir" value="C:\Documents and Settings\ASUS X82Q SERIES\My Documents\Visual Studio 2008\Projects\TestProject\TestResults\ASUS X82Q SERIES_ASUS 2010-11-23 21_08_28\In\ASUS" />
                        <Entry name="$TestDeploymentDir" value="C:\Documents and Settings\ASUS X82Q SERIES\My Documents\Visual Studio 2008\Projects\TestProject\TestResults\ASUS X82Q SERIES_ASUS 2010-11-23 21_08_28\Out" />
                        <Entry name="$AgentId" value="1" />
                        <Entry name="$AgentLoadDistributor" value="Microsoft.VisualStudio.TestTools.Execution.AgentLoadDistributor" />
                        <Entry name="$TestDir" value="C:\Documents and Settings\ASUS X82Q SERIES\My Documents\Visual Studio 2008\Projects\TestProject\TestResults\ASUS X82Q SERIES_ASUS 2010-11-23 21_08_28" />
                        <Entry name="$AgentWeighting" value="100" />
                        <Entry name="$WebTestIteration" value="1" />
                        <Entry name="$WebTestUserId" value="1" />
                      </Context>
                    </WebRequestResult>
                    <WebRequestResult exceptionMessage="" run="0" submitted="true" cached="false" isRedirectFollow="false" requestBodyBytesHandle="-2" responseBytesHandle="8">
                      <Request url="http://localhost/industry/library/js/script.js" command="GET /industry/library/js/script.js HTTP/1.1" encoding="utf-8">
                        <Headers>Referer : http://localhost/industry/trade/product/index.php?mod=psc1&amp;ipc=1
User-Agent : Mozilla/4.0 (compatible; MSIE 7.0; Windows NT 5.1)
Accept : */*
Accept-Language : en-us
Accept-Encoding : GZIP
Host : localhost
Cookie : PHPSESSID=5a0b064b9e2796918842c00f72e52f69; mylang=vietnam
</Headers>
                      </Request>
                      <Response url="http://localhost/industry/library/js/script.js" contentType="application/x-javascript" statusLine="HTTP/1.1 200 OK" pageTime="NaN" time="0.015" statusCodeString="200 OK" contentLength="403">
                        <Headers>Accept-Ranges : bytes
Content-Length : 403
Content-Type : application/x-javascript
Date : Tue, 23 Nov 2010 14:08:35 GMT
ETag : "640c1340-193-56ac8480"
Last-Modified : Tue, 27 Jul 2010 06:09:06 GMT
Server : Apache/2.2.4 (Win32) PHP/5.2.1
</Headers>
                      </Response>
                      <Context>
                        <Entry name="$TotalAgents" value="1" />
                        <Entry name="$ControllerName" value="ASUS" />
                        <Entry name="$AgentName" value="ASUS" />
                        <Entry name="$TestLogsDir" value="C:\Documents and Settings\ASUS X82Q SERIES\My Documents\Visual Studio 2008\Projects\TestProject\TestResults\ASUS X82Q SERIES_ASUS 2010-11-23 21_08_28\In\ASUS" />
                        <Entry name="$TestDeploymentDir" value="C:\Documents and Settings\ASUS X82Q SERIES\My Documents\Visual Studio 2008\Projects\TestProject\TestResults\ASUS X82Q SERIES_ASUS 2010-11-23 21_08_28\Out" />
                        <Entry name="$AgentId" value="1" />
                        <Entry name="$AgentLoadDistributor" value="Microsoft.VisualStudio.TestTools.Execution.AgentLoadDistributor" />
                        <Entry name="$TestDir" value="C:\Documents and Settings\ASUS X82Q SERIES\My Documents\Visual Studio 2008\Projects\TestProject\TestResults\ASUS X82Q SERIES_ASUS 2010-11-23 21_08_28" />
                        <Entry name="$AgentWeighting" value="100" />
                        <Entry name="$WebTestIteration" value="1" />
                        <Entry name="$WebTestUserId" value="1" />
                      </Context>
                    </WebRequestResult>
                    <WebRequestResult exceptionMessage="" run="0" submitted="true" cached="false" isRedirectFollow="false" requestBodyBytesHandle="-2" responseBytesHandle="11">
                      <Request url="http://localhost/industry/library/js/jquery_menu.js" command="GET /industry/library/js/jquery_menu.js HTTP/1.1" encoding="utf-8">
                        <Headers>Referer : http://localhost/industry/trade/product/index.php?mod=psc1&amp;ipc=1
User-Agent : Mozilla/4.0 (compatible; MSIE 7.0; Windows NT 5.1)
Accept : */*
Accept-Language : en-us
Accept-Encoding : GZIP
Host : localhost
Cookie : PHPSESSID=5a0b064b9e2796918842c00f72e52f69; mylang=vietnam
</Headers>
                      </Request>
                      <Response url="http://localhost/industry/library/js/jquery_menu.js" contentType="application/x-javascript" statusLine="HTTP/1.1 200 OK" pageTime="NaN" time="0.078" statusCodeString="200 OK" contentLength="57170">
                        <Headers>X-Pad : avoid browser bug
Accept-Ranges : bytes
Content-Length : 57170
Content-Type : application/x-javascript
Date : Tue, 23 Nov 2010 14:08:35 GMT
ETag : "640c1260-df52-984af280"
Last-Modified : Tue, 27 Jul 2010 02:52:42 GMT
Server : Apache/2.2.4 (Win32) PHP/5.2.1
</Headers>
                      </Response>
                      <Context>
                        <Entry name="$TotalAgents" value="1" />
                        <Entry name="$ControllerName" value="ASUS" />
                        <Entry name="$AgentName" value="ASUS" />
                        <Entry name="$TestLogsDir" value="C:\Documents and Settings\ASUS X82Q SERIES\My Documents\Visual Studio 2008\Projects\TestProject\TestResults\ASUS X82Q SERIES_ASUS 2010-11-23 21_08_28\In\ASUS" />
                        <Entry name="$TestDeploymentDir" value="C:\Documents and Settings\ASUS X82Q SERIES\My Documents\Visual Studio 2008\Projects\TestProject\TestResults\ASUS X82Q SERIES_ASUS 2010-11-23 21_08_28\Out" />
                        <Entry name="$AgentId" value="1" />
                        <Entry name="$AgentLoadDistributor" value="Microsoft.VisualStudio.TestTools.Execution.AgentLoadDistributor" />
                        <Entry name="$TestDir" value="C:\Documents and Settings\ASUS X82Q SERIES\My Documents\Visual Studio 2008\Projects\TestProject\TestResults\ASUS X82Q SERIES_ASUS 2010-11-23 21_08_28" />
                        <Entry name="$AgentWeighting" value="100" />
                        <Entry name="$WebTestIteration" value="1" />
                        <Entry name="$WebTestUserId" value="1" />
                      </Context>
                    </WebRequestResult>
                    <WebRequestResult exceptionMessage="" run="0" submitted="true" cached="false" isRedirectFollow="false" requestBodyBytesHandle="-2" responseBytesHandle="46">
                      <Request url="http://localhost/industry/library/js/jcarousellite.js" command="GET /industry/library/js/jcarousellite.js HTTP/1.1" encoding="utf-8">
                        <Headers>Referer : http://localhost/industry/trade/product/index.php?mod=psc1&amp;ipc=1
User-Agent : Mozilla/4.0 (compatible; MSIE 7.0; Windows NT 5.1)
Accept : */*
Accept-Language : en-us
Accept-Encoding : GZIP
Host : localhost
Cookie : PHPSESSID=5a0b064b9e2796918842c00f72e52f69; mylang=vietnam
</Headers>
                      </Request>
                      <Response url="http://localhost/industry/library/js/jcarousellite.js" contentType="application/x-javascript" statusLine="HTTP/1.1 200 OK" pageTime="NaN" time="0.012" statusCodeString="200 OK" contentLength="114">
                        <Headers>Accept-Ranges : bytes
Content-Length : 114
Content-Type : application/x-javascript
Date : Tue, 23 Nov 2010 14:08:35 GMT
ETag : "640c1140-72-d8661c00"
Last-Modified : Sat, 07 Aug 2010 13:34:40 GMT
Server : Apache/2.2.4 (Win32) PHP/5.2.1
</Headers>
                      </Response>
                      <Context>
                        <Entry name="$TotalAgents" value="1" />
                        <Entry name="$ControllerName" value="ASUS" />
                        <Entry name="$AgentName" value="ASUS" />
                        <Entry name="$TestLogsDir" value="C:\Documents and Settings\ASUS X82Q SERIES\My Documents\Visual Studio 2008\Projects\TestProject\TestResults\ASUS X82Q SERIES_ASUS 2010-11-23 21_08_28\In\ASUS" />
                        <Entry name="$TestDeploymentDir" value="C:\Documents and Settings\ASUS X82Q SERIES\My Documents\Visual Studio 2008\Projects\TestProject\TestResults\ASUS X82Q SERIES_ASUS 2010-11-23 21_08_28\Out" />
                        <Entry name="$AgentId" value="1" />
                        <Entry name="$AgentLoadDistributor" value="Microsoft.VisualStudio.TestTools.Execution.AgentLoadDistributor" />
                        <Entry name="$TestDir" value="C:\Documents and Settings\ASUS X82Q SERIES\My Documents\Visual Studio 2008\Projects\TestProject\TestResults\ASUS X82Q SERIES_ASUS 2010-11-23 21_08_28" />
                        <Entry name="$AgentWeighting" value="100" />
                        <Entry name="$WebTestIteration" value="1" />
                        <Entry name="$WebTestUserId" value="1" />
                      </Context>
                    </WebRequestResult>
                    <WebRequestResult exceptionMessage="" run="0" submitted="true" cached="false" isRedirectFollow="false" requestBodyBytesHandle="-2" responseBytesHandle="15">
                      <Request url="http://localhost/industry/interface/search.jpg" command="GET /industry/interface/search.jpg HTTP/1.1" encoding="utf-8">
                        <Headers>Referer : http://localhost/industry/trade/product/index.php?mod=psc1&amp;ipc=1
User-Agent : Mozilla/4.0 (compatible; MSIE 7.0; Windows NT 5.1)
Accept : */*
Accept-Language : en-us
Accept-Encoding : GZIP
Host : localhost
Cookie : PHPSESSID=5a0b064b9e2796918842c00f72e52f69; mylang=vietnam
</Headers>
                      </Request>
                      <Response url="http://localhost/industry/interface/search.jpg" contentType="image/jpeg" statusLine="HTTP/1.1 200 OK" pageTime="NaN" time="0.052" statusCodeString="200 OK" contentLength="1525">
                        <Headers>Accept-Ranges : bytes
Content-Length : 1525
Content-Type : image/jpeg
Date : Tue, 23 Nov 2010 14:08:35 GMT
ETag : "63f09960-5f5-160fc780"
Last-Modified : Sun, 25 Jul 2010 16:51:58 GMT
Server : Apache/2.2.4 (Win32) PHP/5.2.1
</Headers>
                      </Response>
                      <Context>
                        <Entry name="$TotalAgents" value="1" />
                        <Entry name="$ControllerName" value="ASUS" />
                        <Entry name="$AgentName" value="ASUS" />
                        <Entry name="$TestLogsDir" value="C:\Documents and Settings\ASUS X82Q SERIES\My Documents\Visual Studio 2008\Projects\TestProject\TestResults\ASUS X82Q SERIES_ASUS 2010-11-23 21_08_28\In\ASUS" />
                        <Entry name="$TestDeploymentDir" value="C:\Documents and Settings\ASUS X82Q SERIES\My Documents\Visual Studio 2008\Projects\TestProject\TestResults\ASUS X82Q SERIES_ASUS 2010-11-23 21_08_28\Out" />
                        <Entry name="$AgentId" value="1" />
                        <Entry name="$AgentLoadDistributor" value="Microsoft.VisualStudio.TestTools.Execution.AgentLoadDistributor" />
                        <Entry name="$TestDir" value="C:\Documents and Settings\ASUS X82Q SERIES\My Documents\Visual Studio 2008\Projects\TestProject\TestResults\ASUS X82Q SERIES_ASUS 2010-11-23 21_08_28" />
                        <Entry name="$AgentWeighting" value="100" />
                        <Entry name="$WebTestIteration" value="1" />
                        <Entry name="$WebTestUserId" value="1" />
                      </Context>
                    </WebRequestResult>
                    <WebRequestResult exceptionMessage="" run="0" submitted="true" cached="false" isRedirectFollow="false" requestBodyBytesHandle="-2" responseBytesHandle="45">
                      <Request url="http://localhost/industry/library/js/jquery.js" command="GET /industry/library/js/jquery.js HTTP/1.1" encoding="utf-8">
                        <Headers>Referer : http://localhost/industry/trade/product/index.php?mod=psc1&amp;ipc=1
User-Agent : Mozilla/4.0 (compatible; MSIE 7.0; Windows NT 5.1)
Accept : */*
Accept-Language : en-us
Accept-Encoding : GZIP
Host : localhost
Cookie : PHPSESSID=5a0b064b9e2796918842c00f72e52f69; mylang=vietnam
</Headers>
                      </Request>
                      <Response url="http://localhost/industry/library/js/jquery.js" contentType="application/x-javascript" statusLine="HTTP/1.1 200 OK" pageTime="NaN" time="0.125" statusCodeString="200 OK" contentLength="50783">
                        <Headers>X-Pad : avoid browser bug
Accept-Ranges : bytes
Content-Length : 50783
Content-Type : application/x-javascript
Date : Tue, 23 Nov 2010 14:08:35 GMT
ETag : "640c11c0-c65f-f7d5c480"
Last-Modified : Fri, 06 Aug 2010 16:14:58 GMT
Server : Apache/2.2.4 (Win32) PHP/5.2.1
</Headers>
                      </Response>
                      <Context>
                        <Entry name="$TotalAgents" value="1" />
                        <Entry name="$ControllerName" value="ASUS" />
                        <Entry name="$AgentName" value="ASUS" />
                        <Entry name="$TestLogsDir" value="C:\Documents and Settings\ASUS X82Q SERIES\My Documents\Visual Studio 2008\Projects\TestProject\TestResults\ASUS X82Q SERIES_ASUS 2010-11-23 21_08_28\In\ASUS" />
                        <Entry name="$TestDeploymentDir" value="C:\Documents and Settings\ASUS X82Q SERIES\My Documents\Visual Studio 2008\Projects\TestProject\TestResults\ASUS X82Q SERIES_ASUS 2010-11-23 21_08_28\Out" />
                        <Entry name="$AgentId" value="1" />
                        <Entry name="$AgentLoadDistributor" value="Microsoft.VisualStudio.TestTools.Execution.AgentLoadDistributor" />
                        <Entry name="$TestDir" value="C:\Documents and Settings\ASUS X82Q SERIES\My Documents\Visual Studio 2008\Projects\TestProject\TestResults\ASUS X82Q SERIES_ASUS 2010-11-23 21_08_28" />
                        <Entry name="$AgentWeighting" value="100" />
                        <Entry name="$WebTestIteration" value="1" />
                        <Entry name="$WebTestUserId" value="1" />
                      </Context>
                    </WebRequestResult>
                    <WebRequestResult exceptionMessage="" run="0" submitted="true" cached="false" isRedirectFollow="false" requestBodyBytesHandle="-2" responseBytesHandle="33">
                      <Request url="http://localhost/industry/Interface/reg_1.jpg" command="GET /industry/Interface/reg_1.jpg HTTP/1.1" encoding="utf-8">
                        <Headers>Referer : http://localhost/industry/trade/product/index.php?mod=psc1&amp;ipc=1
User-Agent : Mozilla/4.0 (compatible; MSIE 7.0; Windows NT 5.1)
Accept : */*
Accept-Language : en-us
Accept-Encoding : GZIP
Host : localhost
Cookie : PHPSESSID=5a0b064b9e2796918842c00f72e52f69; mylang=vietnam
</Headers>
                      </Request>
                      <Response url="http://localhost/industry/Interface/reg_1.jpg" contentType="image/jpeg" statusLine="HTTP/1.1 200 OK" pageTime="NaN" time="0.004" statusCodeString="200 OK" contentLength="2284">
                        <Headers>Accept-Ranges : bytes
Content-Length : 2284
Content-Type : image/jpeg
Date : Tue, 23 Nov 2010 14:08:35 GMT
ETag : "63f09940-8ec-d41dd680"
Last-Modified : Tue, 03 Aug 2010 05:45:46 GMT
Server : Apache/2.2.4 (Win32) PHP/5.2.1
</Headers>
                      </Response>
                      <Context>
                        <Entry name="$TotalAgents" value="1" />
                        <Entry name="$ControllerName" value="ASUS" />
                        <Entry name="$AgentName" value="ASUS" />
                        <Entry name="$TestLogsDir" value="C:\Documents and Settings\ASUS X82Q SERIES\My Documents\Visual Studio 2008\Projects\TestProject\TestResults\ASUS X82Q SERIES_ASUS 2010-11-23 21_08_28\In\ASUS" />
                        <Entry name="$TestDeploymentDir" value="C:\Documents and Settings\ASUS X82Q SERIES\My Documents\Visual Studio 2008\Projects\TestProject\TestResults\ASUS X82Q SERIES_ASUS 2010-11-23 21_08_28\Out" />
                        <Entry name="$AgentId" value="1" />
                        <Entry name="$AgentLoadDistributor" value="Microsoft.VisualStudio.TestTools.Execution.AgentLoadDistributor" />
                        <Entry name="$TestDir" value="C:\Documents and Settings\ASUS X82Q SERIES\My Documents\Visual Studio 2008\Projects\TestProject\TestResults\ASUS X82Q SERIES_ASUS 2010-11-23 21_08_28" />
                        <Entry name="$AgentWeighting" value="100" />
                        <Entry name="$WebTestIteration" value="1" />
                        <Entry name="$WebTestUserId" value="1" />
                      </Context>
                    </WebRequestResult>
                    <WebRequestResult exceptionMessage="" run="0" submitted="true" cached="false" isRedirectFollow="false" requestBodyBytesHandle="-2" responseBytesHandle="47">
                      <Request url="http://localhost/industry/Interface/khung_2_1.jpg" command="GET /industry/Interface/khung_2_1.jpg HTTP/1.1" encoding="utf-8">
                        <Headers>Referer : http://localhost/industry/trade/product/index.php?mod=psc1&amp;ipc=1
User-Agent : Mozilla/4.0 (compatible; MSIE 7.0; Windows NT 5.1)
Accept : */*
Accept-Language : en-us
Accept-Encoding : GZIP
Host : localhost
Cookie : PHPSESSID=5a0b064b9e2796918842c00f72e52f69; mylang=vietnam
</Headers>
                      </Request>
                      <Response url="http://localhost/industry/Interface/khung_2_1.jpg" contentType="image/jpeg" statusLine="HTTP/1.1 200 OK" pageTime="NaN" time="0.006" statusCodeString="200 OK" contentLength="774">
                        <Headers>Accept-Ranges : bytes
Content-Length : 774
Content-Type : image/jpeg
Date : Tue, 23 Nov 2010 14:08:35 GMT
ETag : "63f094e0-306-eb3b3680"
Last-Modified : Tue, 24 Aug 2010 05:20:10 GMT
Server : Apache/2.2.4 (Win32) PHP/5.2.1
</Headers>
                      </Response>
                      <Context>
                        <Entry name="$TotalAgents" value="1" />
                        <Entry name="$ControllerName" value="ASUS" />
                        <Entry name="$AgentName" value="ASUS" />
                        <Entry name="$TestLogsDir" value="C:\Documents and Settings\ASUS X82Q SERIES\My Documents\Visual Studio 2008\Projects\TestProject\TestResults\ASUS X82Q SERIES_ASUS 2010-11-23 21_08_28\In\ASUS" />
                        <Entry name="$TestDeploymentDir" value="C:\Documents and Settings\ASUS X82Q SERIES\My Documents\Visual Studio 2008\Projects\TestProject\TestResults\ASUS X82Q SERIES_ASUS 2010-11-23 21_08_28\Out" />
                        <Entry name="$AgentId" value="1" />
                        <Entry name="$AgentLoadDistributor" value="Microsoft.VisualStudio.TestTools.Execution.AgentLoadDistributor" />
                        <Entry name="$TestDir" value="C:\Documents and Settings\ASUS X82Q SERIES\My Documents\Visual Studio 2008\Projects\TestProject\TestResults\ASUS X82Q SERIES_ASUS 2010-11-23 21_08_28" />
                        <Entry name="$AgentWeighting" value="100" />
                        <Entry name="$WebTestIteration" value="1" />
                        <Entry name="$WebTestUserId" value="1" />
                      </Context>
                    </WebRequestResult>
                    <WebRequestResult exceptionMessage="" run="0" submitted="true" cached="false" isRedirectFollow="false" requestBodyBytesHandle="-2" responseBytesHandle="74">
                      <Request url="http://localhost/industry/trade/product/library/js/swfobject.js" command="GET /industry/trade/product/library/js/swfobject.js HTTP/1.1" encoding="utf-8">
                        <Headers>Referer : http://localhost/industry/trade/product/index.php?mod=psc1&amp;ipc=1
User-Agent : Mozilla/4.0 (compatible; MSIE 7.0; Windows NT 5.1)
Accept : */*
Accept-Language : en-us
Accept-Encoding : GZIP
Host : localhost
Cookie : PHPSESSID=5a0b064b9e2796918842c00f72e52f69; mylang=vietnam
</Headers>
                      </Request>
                      <Response url="http://localhost/industry/trade/product/library/js/swfobject.js" contentType="text/html; charset=iso-8859-1" statusLine="HTTP/1.1 404 Not Found" pageTime="NaN" time="0.013" statusCodeString="404 Not Found" contentLength="327">
                        <Headers>Content-Length : 327
Content-Type : text/html; charset=iso-8859-1
Date : Tue, 23 Nov 2010 14:08:35 GMT
Server : Apache/2.2.4 (Win32) PHP/5.2.1
</Headers>
                      </Response>
                      <Context>
                        <Entry name="$TotalAgents" value="1" />
                        <Entry name="$ControllerName" value="ASUS" />
                        <Entry name="$AgentName" value="ASUS" />
                        <Entry name="$TestLogsDir" value="C:\Documents and Settings\ASUS X82Q SERIES\My Documents\Visual Studio 2008\Projects\TestProject\TestResults\ASUS X82Q SERIES_ASUS 2010-11-23 21_08_28\In\ASUS" />
                        <Entry name="$TestDeploymentDir" value="C:\Documents and Settings\ASUS X82Q SERIES\My Documents\Visual Studio 2008\Projects\TestProject\TestResults\ASUS X82Q SERIES_ASUS 2010-11-23 21_08_28\Out" />
                        <Entry name="$AgentId" value="1" />
                        <Entry name="$AgentLoadDistributor" value="Microsoft.VisualStudio.TestTools.Execution.AgentLoadDistributor" />
                        <Entry name="$TestDir" value="C:\Documents and Settings\ASUS X82Q SERIES\My Documents\Visual Studio 2008\Projects\TestProject\TestResults\ASUS X82Q SERIES_ASUS 2010-11-23 21_08_28" />
                        <Entry name="$AgentWeighting" value="100" />
                        <Entry name="$WebTestIteration" value="1" />
                        <Entry name="$WebTestUserId" value="1" />
                      </Context>
                      <Errors>
                        <Error type="HttpError" subType="404 - NotFound" text="404 - NotFound" time="2010-11-23T21:08:35.1875000+07:00" />
                      </Errors>
                    </WebRequestResult>
                    <WebRequestResult exceptionMessage="" run="0" submitted="true" cached="false" isRedirectFollow="false" requestBodyBytesHandle="-2" responseBytesHandle="49">
                      <Request url="http://localhost/industry/Interface/home-1.jpg" command="GET /industry/Interface/home-1.jpg HTTP/1.1" encoding="utf-8">
                        <Headers>Referer : http://localhost/industry/trade/product/index.php?mod=psc1&amp;ipc=1
User-Agent : Mozilla/4.0 (compatible; MSIE 7.0; Windows NT 5.1)
Accept : */*
Accept-Language : en-us
Accept-Encoding : GZIP
Host : localhost
Cookie : PHPSESSID=5a0b064b9e2796918842c00f72e52f69; mylang=vietnam
</Headers>
                      </Request>
                      <Response url="http://localhost/industry/Interface/home-1.jpg" contentType="image/jpeg" statusLine="HTTP/1.1 200 OK" pageTime="NaN" time="0.004" statusCodeString="200 OK" contentLength="495">
                        <Headers>Accept-Ranges : bytes
Content-Length : 495
Content-Type : image/jpeg
Date : Tue, 23 Nov 2010 14:08:35 GMT
ETag : "63f092c0-1ef-25b79e80"
Last-Modified : Tue, 03 Aug 2010 07:20:10 GMT
Server : Apache/2.2.4 (Win32) PHP/5.2.1
</Headers>
                      </Response>
                      <Context>
                        <Entry name="$TotalAgents" value="1" />
                        <Entry name="$ControllerName" value="ASUS" />
                        <Entry name="$AgentName" value="ASUS" />
                        <Entry name="$TestLogsDir" value="C:\Documents and Settings\ASUS X82Q SERIES\My Documents\Visual Studio 2008\Projects\TestProject\TestResults\ASUS X82Q SERIES_ASUS 2010-11-23 21_08_28\In\ASUS" />
                        <Entry name="$TestDeploymentDir" value="C:\Documents and Settings\ASUS X82Q SERIES\My Documents\Visual Studio 2008\Projects\TestProject\TestResults\ASUS X82Q SERIES_ASUS 2010-11-23 21_08_28\Out" />
                        <Entry name="$AgentId" value="1" />
                        <Entry name="$AgentLoadDistributor" value="Microsoft.VisualStudio.TestTools.Execution.AgentLoadDistributor" />
                        <Entry name="$TestDir" value="C:\Documents and Settings\ASUS X82Q SERIES\My Documents\Visual Studio 2008\Projects\TestProject\TestResults\ASUS X82Q SERIES_ASUS 2010-11-23 21_08_28" />
                        <Entry name="$AgentWeighting" value="100" />
                        <Entry name="$WebTestIteration" value="1" />
                        <Entry name="$WebTestUserId" value="1" />
                      </Context>
                    </WebRequestResult>
                    <WebRequestResult exceptionMessage="" run="0" submitted="true" cached="false" isRedirectFollow="false" requestBodyBytesHandle="-2" responseBytesHandle="50">
                      <Request url="http://localhost/industry/Interface/icon_2.jpg" command="GET /industry/Interface/icon_2.jpg HTTP/1.1" encoding="utf-8">
                        <Headers>Referer : http://localhost/industry/trade/product/index.php?mod=psc1&amp;ipc=1
User-Agent : Mozilla/4.0 (compatible; MSIE 7.0; Windows NT 5.1)
Accept : */*
Accept-Language : en-us
Accept-Encoding : GZIP
Host : localhost
Cookie : PHPSESSID=5a0b064b9e2796918842c00f72e52f69; mylang=vietnam
</Headers>
                      </Request>
                      <Response url="http://localhost/industry/Interface/icon_2.jpg" contentType="image/jpeg" statusLine="HTTP/1.1 200 OK" pageTime="NaN" time="0.003" statusCodeString="200 OK" contentLength="395">
                        <Headers>Accept-Ranges : bytes
Content-Length : 395
Content-Type : image/jpeg
Date : Tue, 23 Nov 2010 14:08:35 GMT
ETag : "63f09380-18b-cd34d100"
Last-Modified : Tue, 03 Aug 2010 08:07:00 GMT
Server : Apache/2.2.4 (Win32) PHP/5.2.1
</Headers>
                      </Response>
                      <Context>
                        <Entry name="$TotalAgents" value="1" />
                        <Entry name="$ControllerName" value="ASUS" />
                        <Entry name="$AgentName" value="ASUS" />
                        <Entry name="$TestLogsDir" value="C:\Documents and Settings\ASUS X82Q SERIES\My Documents\Visual Studio 2008\Projects\TestProject\TestResults\ASUS X82Q SERIES_ASUS 2010-11-23 21_08_28\In\ASUS" />
                        <Entry name="$TestDeploymentDir" value="C:\Documents and Settings\ASUS X82Q SERIES\My Documents\Visual Studio 2008\Projects\TestProject\TestResults\ASUS X82Q SERIES_ASUS 2010-11-23 21_08_28\Out" />
                        <Entry name="$AgentId" value="1" />
                        <Entry name="$AgentLoadDistributor" value="Microsoft.VisualStudio.TestTools.Execution.AgentLoadDistributor" />
                        <Entry name="$TestDir" value="C:\Documents and Settings\ASUS X82Q SERIES\My Documents\Visual Studio 2008\Projects\TestProject\TestResults\ASUS X82Q SERIES_ASUS 2010-11-23 21_08_28" />
                        <Entry name="$AgentWeighting" value="100" />
                        <Entry name="$WebTestIteration" value="1" />
                        <Entry name="$WebTestUserId" value="1" />
                      </Context>
                    </WebRequestResult>
                    <WebRequestResult exceptionMessage="" run="0" submitted="true" cached="false" isRedirectFollow="false" requestBodyBytesHandle="-2" responseBytesHandle="61">
                      <Request url="http://localhost/industry/Interface/icon_6.jpg" command="GET /industry/Interface/icon_6.jpg HTTP/1.1" encoding="utf-8">
                        <Headers>Referer : http://localhost/industry/trade/product/index.php?mod=psc1&amp;ipc=1
User-Agent : Mozilla/4.0 (compatible; MSIE 7.0; Windows NT 5.1)
Accept : */*
Accept-Language : en-us
Accept-Encoding : GZIP
Host : localhost
Cookie : PHPSESSID=5a0b064b9e2796918842c00f72e52f69; mylang=vietnam
</Headers>
                      </Request>
                      <Response url="http://localhost/industry/Interface/icon_6.jpg" contentType="image/jpeg" statusLine="HTTP/1.1 200 OK" pageTime="NaN" time="0.004" statusCodeString="200 OK" contentLength="504">
                        <Headers>Accept-Ranges : bytes
Content-Length : 504
Content-Type : image/jpeg
Date : Tue, 23 Nov 2010 14:08:35 GMT
ETag : "63f09400-1f8-b5bad980"
Last-Modified : Tue, 03 Aug 2010 12:46:46 GMT
Server : Apache/2.2.4 (Win32) PHP/5.2.1
</Headers>
                      </Response>
                      <Context>
                        <Entry name="$TotalAgents" value="1" />
                        <Entry name="$ControllerName" value="ASUS" />
                        <Entry name="$AgentName" value="ASUS" />
                        <Entry name="$TestLogsDir" value="C:\Documents and Settings\ASUS X82Q SERIES\My Documents\Visual Studio 2008\Projects\TestProject\TestResults\ASUS X82Q SERIES_ASUS 2010-11-23 21_08_28\In\ASUS" />
                        <Entry name="$TestDeploymentDir" value="C:\Documents and Settings\ASUS X82Q SERIES\My Documents\Visual Studio 2008\Projects\TestProject\TestResults\ASUS X82Q SERIES_ASUS 2010-11-23 21_08_28\Out" />
                        <Entry name="$AgentId" value="1" />
                        <Entry name="$AgentLoadDistributor" value="Microsoft.VisualStudio.TestTools.Execution.AgentLoadDistributor" />
                        <Entry name="$TestDir" value="C:\Documents and Settings\ASUS X82Q SERIES\My Documents\Visual Studio 2008\Projects\TestProject\TestResults\ASUS X82Q SERIES_ASUS 2010-11-23 21_08_28" />
                        <Entry name="$AgentWeighting" value="100" />
                        <Entry name="$WebTestIteration" value="1" />
                        <Entry name="$WebTestUserId" value="1" />
                      </Context>
                    </WebRequestResult>
                    <WebRequestResult exceptionMessage="" run="0" submitted="true" cached="false" isRedirectFollow="false" requestBodyBytesHandle="-2" responseBytesHandle="52">
                      <Request url="http://localhost/industry/Interface/contact.jpg" command="GET /industry/Interface/contact.jpg HTTP/1.1" encoding="utf-8">
                        <Headers>Referer : http://localhost/industry/trade/product/index.php?mod=psc1&amp;ipc=1
User-Agent : Mozilla/4.0 (compatible; MSIE 7.0; Windows NT 5.1)
Accept : */*
Accept-Language : en-us
Accept-Encoding : GZIP
Host : localhost
Cookie : PHPSESSID=5a0b064b9e2796918842c00f72e52f69; mylang=vietnam
</Headers>
                      </Request>
                      <Response url="http://localhost/industry/Interface/contact.jpg" contentType="image/jpeg" statusLine="HTTP/1.1 200 OK" pageTime="NaN" time="0.004" statusCodeString="200 OK" contentLength="1701">
                        <Headers>Accept-Ranges : bytes
Content-Length : 1701
Content-Type : image/jpeg
Date : Tue, 23 Nov 2010 14:08:35 GMT
ETag : "63f091a0-6a5-aa9a7b80"
Last-Modified : Sun, 22 Aug 2010 06:30:22 GMT
Server : Apache/2.2.4 (Win32) PHP/5.2.1
</Headers>
                      </Response>
                      <Context>
                        <Entry name="$TotalAgents" value="1" />
                        <Entry name="$ControllerName" value="ASUS" />
                        <Entry name="$AgentName" value="ASUS" />
                        <Entry name="$TestLogsDir" value="C:\Documents and Settings\ASUS X82Q SERIES\My Documents\Visual Studio 2008\Projects\TestProject\TestResults\ASUS X82Q SERIES_ASUS 2010-11-23 21_08_28\In\ASUS" />
                        <Entry name="$TestDeploymentDir" value="C:\Documents and Settings\ASUS X82Q SERIES\My Documents\Visual Studio 2008\Projects\TestProject\TestResults\ASUS X82Q SERIES_ASUS 2010-11-23 21_08_28\Out" />
                        <Entry name="$AgentId" value="1" />
                        <Entry name="$AgentLoadDistributor" value="Microsoft.VisualStudio.TestTools.Execution.AgentLoadDistributor" />
                        <Entry name="$TestDir" value="C:\Documents and Settings\ASUS X82Q SERIES\My Documents\Visual Studio 2008\Projects\TestProject\TestResults\ASUS X82Q SERIES_ASUS 2010-11-23 21_08_28" />
                        <Entry name="$AgentWeighting" value="100" />
                        <Entry name="$WebTestIteration" value="1" />
                        <Entry name="$WebTestUserId" value="1" />
                      </Context>
                    </WebRequestResult>
                    <WebRequestResult exceptionMessage="" run="0" submitted="true" cached="false" isRedirectFollow="false" requestBodyBytesHandle="-2" responseBytesHandle="62">
                      <Request url="http://localhost/industry/Interface/icon_5.jpg" command="GET /industry/Interface/icon_5.jpg HTTP/1.1" encoding="utf-8">
                        <Headers>Referer : http://localhost/industry/trade/product/index.php?mod=psc1&amp;ipc=1
User-Agent : Mozilla/4.0 (compatible; MSIE 7.0; Windows NT 5.1)
Accept : */*
Accept-Language : en-us
Accept-Encoding : GZIP
Host : localhost
Cookie : PHPSESSID=5a0b064b9e2796918842c00f72e52f69; mylang=vietnam
</Headers>
                      </Request>
                      <Response url="http://localhost/industry/Interface/icon_5.jpg" contentType="image/jpeg" statusLine="HTTP/1.1 200 OK" pageTime="NaN" time="0.004" statusCodeString="200 OK" contentLength="603">
                        <Headers>Accept-Ranges : bytes
Content-Length : 603
Content-Type : image/jpeg
Date : Tue, 23 Nov 2010 14:08:35 GMT
ETag : "63f093e0-25b-53aca500"
Last-Modified : Tue, 03 Aug 2010 08:44:36 GMT
Server : Apache/2.2.4 (Win32) PHP/5.2.1
</Headers>
                      </Response>
                      <Context>
                        <Entry name="$TotalAgents" value="1" />
                        <Entry name="$ControllerName" value="ASUS" />
                        <Entry name="$AgentName" value="ASUS" />
                        <Entry name="$TestLogsDir" value="C:\Documents and Settings\ASUS X82Q SERIES\My Documents\Visual Studio 2008\Projects\TestProject\TestResults\ASUS X82Q SERIES_ASUS 2010-11-23 21_08_28\In\ASUS" />
                        <Entry name="$TestDeploymentDir" value="C:\Documents and Settings\ASUS X82Q SERIES\My Documents\Visual Studio 2008\Projects\TestProject\TestResults\ASUS X82Q SERIES_ASUS 2010-11-23 21_08_28\Out" />
                        <Entry name="$AgentId" value="1" />
                        <Entry name="$AgentLoadDistributor" value="Microsoft.VisualStudio.TestTools.Execution.AgentLoadDistributor" />
                        <Entry name="$TestDir" value="C:\Documents and Settings\ASUS X82Q SERIES\My Documents\Visual Studio 2008\Projects\TestProject\TestResults\ASUS X82Q SERIES_ASUS 2010-11-23 21_08_28" />
                        <Entry name="$AgentWeighting" value="100" />
                        <Entry name="$WebTestIteration" value="1" />
                        <Entry name="$WebTestUserId" value="1" />
                      </Context>
                    </WebRequestResult>
                    <WebRequestResult exceptionMessage="" run="0" submitted="true" cached="false" isRedirectFollow="false" requestBodyBytesHandle="-2" responseBytesHandle="63">
                      <Request url="http://localhost/industry/Interface/icon_4.jpg" command="GET /industry/Interface/icon_4.jpg HTTP/1.1" encoding="utf-8">
                        <Headers>Referer : http://localhost/industry/trade/product/index.php?mod=psc1&amp;ipc=1
User-Agent : Mozilla/4.0 (compatible; MSIE 7.0; Windows NT 5.1)
Accept : */*
Accept-Language : en-us
Accept-Encoding : GZIP
Host : localhost
Cookie : PHPSESSID=5a0b064b9e2796918842c00f72e52f69; mylang=vietnam
</Headers>
                      </Request>
                      <Response url="http://localhost/industry/Interface/icon_4.jpg" contentType="image/jpeg" statusLine="HTTP/1.1 200 OK" pageTime="NaN" time="0.003" statusCodeString="200 OK" contentLength="634">
                        <Headers>Accept-Ranges : bytes
Content-Length : 634
Content-Type : image/jpeg
Date : Tue, 23 Nov 2010 14:08:35 GMT
ETag : "63f093c0-27a-53511780"
Last-Modified : Tue, 03 Aug 2010 08:44:30 GMT
Server : Apache/2.2.4 (Win32) PHP/5.2.1
</Headers>
                      </Response>
                      <Context>
                        <Entry name="$TotalAgents" value="1" />
                        <Entry name="$ControllerName" value="ASUS" />
                        <Entry name="$AgentName" value="ASUS" />
                        <Entry name="$TestLogsDir" value="C:\Documents and Settings\ASUS X82Q SERIES\My Documents\Visual Studio 2008\Projects\TestProject\TestResults\ASUS X82Q SERIES_ASUS 2010-11-23 21_08_28\In\ASUS" />
                        <Entry name="$TestDeploymentDir" value="C:\Documents and Settings\ASUS X82Q SERIES\My Documents\Visual Studio 2008\Projects\TestProject\TestResults\ASUS X82Q SERIES_ASUS 2010-11-23 21_08_28\Out" />
                        <Entry name="$AgentId" value="1" />
                        <Entry name="$AgentLoadDistributor" value="Microsoft.VisualStudio.TestTools.Execution.AgentLoadDistributor" />
                        <Entry name="$TestDir" value="C:\Documents and Settings\ASUS X82Q SERIES\My Documents\Visual Studio 2008\Projects\TestProject\TestResults\ASUS X82Q SERIES_ASUS 2010-11-23 21_08_28" />
                        <Entry name="$AgentWeighting" value="100" />
                        <Entry name="$WebTestIteration" value="1" />
                        <Entry name="$WebTestUserId" value="1" />
                      </Context>
                    </WebRequestResult>
                  </DependantResults>
                  <ValidationRuleResults>
                    <ValidationRuleResult message="Passed" ruleType="Validation" name="Response URL" />
                  </ValidationRuleResults>
                </WebRequestResult>
              </WebTestResultPage>
              <WebTestResultPage>
                <WebRequestResult exceptionMessage="" run="0" submitted="true" cached="false" isRedirectFollow="false" requestBodyBytesHandle="-2" responseBytesHandle="75">
                  <Request url="http://localhost/industry/trade/business/index.php" command="GET /industry/trade/business/index.php HTTP/1.1" encoding="utf-8">
                    <Headers>User-Agent : Mozilla/4.0 (compatible; MSIE 7.0; Windows NT 5.1)
Accept : */*
Accept-Language : en-us
Accept-Encoding : GZIP
Host : localhost
Cookie : PHPSESSID=5a0b064b9e2796918842c00f72e52f69; mylang=vietnam
</Headers>
                  </Request>
                  <Response url="http://localhost/industry/trade/business/index.php" contentType="text/html; charset=utf-8" statusLine="HTTP/1.1 200 OK" pageTime="0.51" time="0.354" statusCodeString="200 OK" contentLength="16085">
                    <Headers>Pragma : no-cache
Transfer-Encoding : chunked
Cache-Control : no-store, no-cache, must-revalidate, post-check=0, pre-check=0
Content-Type : text/html; charset:utf-8
Date : Tue, 23 Nov 2010 14:08:35 GMT
Expires : Thu, 19 Nov 1981 08:52:00 GMT
Set-Cookie : mylang=vietnam; expires=Tue, 30-Nov-2010 14:08:35 GMT; path=/
Server : Apache/2.2.4 (Win32) PHP/5.2.1
X-Powered-By : PHP/5.2.1
</Headers>
                  </Response>
                  <Context>
                    <Entry name="$TotalAgents" value="1" />
                    <Entry name="$ControllerName" value="ASUS" />
                    <Entry name="$AgentName" value="ASUS" />
                    <Entry name="$TestLogsDir" value="C:\Documents and Settings\ASUS X82Q SERIES\My Documents\Visual Studio 2008\Projects\TestProject\TestResults\ASUS X82Q SERIES_ASUS 2010-11-23 21_08_28\In\ASUS" />
                    <Entry name="$TestDeploymentDir" value="C:\Documents and Settings\ASUS X82Q SERIES\My Documents\Visual Studio 2008\Projects\TestProject\TestResults\ASUS X82Q SERIES_ASUS 2010-11-23 21_08_28\Out" />
                    <Entry name="$AgentId" value="1" />
                    <Entry name="$AgentLoadDistributor" value="Microsoft.VisualStudio.TestTools.Execution.AgentLoadDistributor" />
                    <Entry name="$TestDir" value="C:\Documents and Settings\ASUS X82Q SERIES\My Documents\Visual Studio 2008\Projects\TestProject\TestResults\ASUS X82Q SERIES_ASUS 2010-11-23 21_08_28" />
                    <Entry name="$AgentWeighting" value="100" />
                    <Entry name="$WebTestIteration" value="1" />
                    <Entry name="$WebTestUserId" value="1" />
                  </Context>
                  <DependantResults>
                    <WebRequestResult exceptionMessage="" run="0" submitted="true" cached="false" isRedirectFollow="false" requestBodyBytesHandle="-2" responseBytesHandle="2">
                      <Request url="http://localhost/industry/library/CSS/style_menu.css" command="GET /industry/library/CSS/style_menu.css HTTP/1.1" encoding="utf-8">
                        <Headers>Referer : http://localhost/industry/trade/business/index.php
User-Agent : Mozilla/4.0 (compatible; MSIE 7.0; Windows NT 5.1)
Accept : */*
Accept-Language : en-us
Accept-Encoding : GZIP
Host : localhost
Cookie : PHPSESSID=5a0b064b9e2796918842c00f72e52f69; mylang=vietnam
</Headers>
                      </Request>
                      <Response url="http://localhost/industry/library/CSS/style_menu.css" contentType="text/css" statusLine="HTTP/1.1 200 OK" pageTime="NaN" time="0.008" statusCodeString="200 OK" contentLength="1103">
                        <Headers>Accept-Ranges : bytes
Content-Length : 1103
Content-Type : text/css
Date : Tue, 23 Nov 2010 14:08:35 GMT
ETag : "641553c0-44f-9c443c00"
Last-Modified : Fri, 27 Aug 2010 12:54:08 GMT
Server : Apache/2.2.4 (Win32) PHP/5.2.1
</Headers>
                      </Response>
                      <Context>
                        <Entry name="$TotalAgents" value="1" />
                        <Entry name="$ControllerName" value="ASUS" />
                        <Entry name="$AgentName" value="ASUS" />
                        <Entry name="$TestLogsDir" value="C:\Documents and Settings\ASUS X82Q SERIES\My Documents\Visual Studio 2008\Projects\TestProject\TestResults\ASUS X82Q SERIES_ASUS 2010-11-23 21_08_28\In\ASUS" />
                        <Entry name="$TestDeploymentDir" value="C:\Documents and Settings\ASUS X82Q SERIES\My Documents\Visual Studio 2008\Projects\TestProject\TestResults\ASUS X82Q SERIES_ASUS 2010-11-23 21_08_28\Out" />
                        <Entry name="$AgentId" value="1" />
                        <Entry name="$AgentLoadDistributor" value="Microsoft.VisualStudio.TestTools.Execution.AgentLoadDistributor" />
                        <Entry name="$TestDir" value="C:\Documents and Settings\ASUS X82Q SERIES\My Documents\Visual Studio 2008\Projects\TestProject\TestResults\ASUS X82Q SERIES_ASUS 2010-11-23 21_08_28" />
                        <Entry name="$AgentWeighting" value="100" />
                        <Entry name="$WebTestIteration" value="1" />
                        <Entry name="$WebTestUserId" value="1" />
                      </Context>
                    </WebRequestResult>
                    <WebRequestResult exceptionMessage="" run="0" submitted="true" cached="false" isRedirectFollow="false" requestBodyBytesHandle="-2" responseBytesHandle="1">
                      <Request url="http://localhost/industry/library/CSS/style.css" command="GET /industry/library/CSS/style.css HTTP/1.1" encoding="utf-8">
                        <Headers>Referer : http://localhost/industry/trade/business/index.php
User-Agent : Mozilla/4.0 (compatible; MSIE 7.0; Windows NT 5.1)
Accept : */*
Accept-Language : en-us
Accept-Encoding : GZIP
Host : localhost
Cookie : PHPSESSID=5a0b064b9e2796918842c00f72e52f69; mylang=vietnam
</Headers>
                      </Request>
                      <Response url="http://localhost/industry/library/CSS/style.css" contentType="text/css" statusLine="HTTP/1.1 200 OK" pageTime="NaN" time="0.009" statusCodeString="200 OK" contentLength="9991">
                        <Headers>Accept-Ranges : bytes
Content-Length : 9991
Content-Type : text/css
Date : Tue, 23 Nov 2010 14:08:35 GMT
ETag : "64155240-2707-e0400a80"
Last-Modified : Fri, 24 Sep 2010 18:52:10 GMT
Server : Apache/2.2.4 (Win32) PHP/5.2.1
</Headers>
                      </Response>
                      <Context>
                        <Entry name="$TotalAgents" value="1" />
                        <Entry name="$ControllerName" value="ASUS" />
                        <Entry name="$AgentName" value="ASUS" />
                        <Entry name="$TestLogsDir" value="C:\Documents and Settings\ASUS X82Q SERIES\My Documents\Visual Studio 2008\Projects\TestProject\TestResults\ASUS X82Q SERIES_ASUS 2010-11-23 21_08_28\In\ASUS" />
                        <Entry name="$TestDeploymentDir" value="C:\Documents and Settings\ASUS X82Q SERIES\My Documents\Visual Studio 2008\Projects\TestProject\TestResults\ASUS X82Q SERIES_ASUS 2010-11-23 21_08_28\Out" />
                        <Entry name="$AgentId" value="1" />
                        <Entry name="$AgentLoadDistributor" value="Microsoft.VisualStudio.TestTools.Execution.AgentLoadDistributor" />
                        <Entry name="$TestDir" value="C:\Documents and Settings\ASUS X82Q SERIES\My Documents\Visual Studio 2008\Projects\TestProject\TestResults\ASUS X82Q SERIES_ASUS 2010-11-23 21_08_28" />
                        <Entry name="$AgentWeighting" value="100" />
                        <Entry name="$WebTestIteration" value="1" />
                        <Entry name="$WebTestUserId" value="1" />
                      </Context>
                    </WebRequestResult>
                    <WebRequestResult exceptionMessage="" run="0" submitted="true" cached="false" isRedirectFollow="false" requestBodyBytesHandle="-2" responseBytesHandle="44">
                      <Request url="http://localhost/industry/library/CSS/style_buy_sale.css" command="GET /industry/library/CSS/style_buy_sale.css HTTP/1.1" encoding="utf-8">
                        <Headers>Referer : http://localhost/industry/trade/business/index.php
User-Agent : Mozilla/4.0 (compatible; MSIE 7.0; Windows NT 5.1)
Accept : */*
Accept-Language : en-us
Accept-Encoding : GZIP
Host : localhost
Cookie : PHPSESSID=5a0b064b9e2796918842c00f72e52f69; mylang=vietnam
</Headers>
                      </Request>
                      <Response url="http://localhost/industry/library/CSS/style_buy_sale.css" contentType="text/css" statusLine="HTTP/1.1 200 OK" pageTime="NaN" time="0.006" statusCodeString="200 OK" contentLength="4307">
                        <Headers>Accept-Ranges : bytes
Content-Length : 4307
Content-Type : text/css
Date : Tue, 23 Nov 2010 14:08:35 GMT
ETag : "641552a0-10d3-f8823c00"
Last-Modified : Mon, 20 Sep 2010 05:13:20 GMT
Server : Apache/2.2.4 (Win32) PHP/5.2.1
</Headers>
                      </Response>
                      <Context>
                        <Entry name="$TotalAgents" value="1" />
                        <Entry name="$ControllerName" value="ASUS" />
                        <Entry name="$AgentName" value="ASUS" />
                        <Entry name="$TestLogsDir" value="C:\Documents and Settings\ASUS X82Q SERIES\My Documents\Visual Studio 2008\Projects\TestProject\TestResults\ASUS X82Q SERIES_ASUS 2010-11-23 21_08_28\In\ASUS" />
                        <Entry name="$TestDeploymentDir" value="C:\Documents and Settings\ASUS X82Q SERIES\My Documents\Visual Studio 2008\Projects\TestProject\TestResults\ASUS X82Q SERIES_ASUS 2010-11-23 21_08_28\Out" />
                        <Entry name="$AgentId" value="1" />
                        <Entry name="$AgentLoadDistributor" value="Microsoft.VisualStudio.TestTools.Execution.AgentLoadDistributor" />
                        <Entry name="$TestDir" value="C:\Documents and Settings\ASUS X82Q SERIES\My Documents\Visual Studio 2008\Projects\TestProject\TestResults\ASUS X82Q SERIES_ASUS 2010-11-23 21_08_28" />
                        <Entry name="$AgentWeighting" value="100" />
                        <Entry name="$WebTestIteration" value="1" />
                        <Entry name="$WebTestUserId" value="1" />
                      </Context>
                    </WebRequestResult>
                    <WebRequestResult exceptionMessage="" run="0" submitted="true" cached="false" isRedirectFollow="false" requestBodyBytesHandle="-2" responseBytesHandle="43">
                      <Request url="http://localhost/industry/library/CSS/style-slide.css" command="GET /industry/library/CSS/style-slide.css HTTP/1.1" encoding="utf-8">
                        <Headers>Referer : http://localhost/industry/trade/business/index.php
User-Agent : Mozilla/4.0 (compatible; MSIE 7.0; Windows NT 5.1)
Accept : */*
Accept-Language : en-us
Accept-Encoding : GZIP
Host : localhost
Cookie : PHPSESSID=5a0b064b9e2796918842c00f72e52f69; mylang=vietnam
</Headers>
                      </Request>
                      <Response url="http://localhost/industry/library/CSS/style-slide.css" contentType="text/css" statusLine="HTTP/1.1 200 OK" pageTime="NaN" time="0.005" statusCodeString="200 OK" contentLength="1629">
                        <Headers>Accept-Ranges : bytes
Content-Length : 1629
Content-Type : text/css
Date : Tue, 23 Nov 2010 14:08:35 GMT
ETag : "64155220-65d-d44b7f00"
Last-Modified : Fri, 27 Aug 2010 13:09:48 GMT
Server : Apache/2.2.4 (Win32) PHP/5.2.1
</Headers>
                      </Response>
                      <Context>
                        <Entry name="$TotalAgents" value="1" />
                        <Entry name="$ControllerName" value="ASUS" />
                        <Entry name="$AgentName" value="ASUS" />
                        <Entry name="$TestLogsDir" value="C:\Documents and Settings\ASUS X82Q SERIES\My Documents\Visual Studio 2008\Projects\TestProject\TestResults\ASUS X82Q SERIES_ASUS 2010-11-23 21_08_28\In\ASUS" />
                        <Entry name="$TestDeploymentDir" value="C:\Documents and Settings\ASUS X82Q SERIES\My Documents\Visual Studio 2008\Projects\TestProject\TestResults\ASUS X82Q SERIES_ASUS 2010-11-23 21_08_28\Out" />
                        <Entry name="$AgentId" value="1" />
                        <Entry name="$AgentLoadDistributor" value="Microsoft.VisualStudio.TestTools.Execution.AgentLoadDistributor" />
                        <Entry name="$TestDir" value="C:\Documents and Settings\ASUS X82Q SERIES\My Documents\Visual Studio 2008\Projects\TestProject\TestResults\ASUS X82Q SERIES_ASUS 2010-11-23 21_08_28" />
                        <Entry name="$AgentWeighting" value="100" />
                        <Entry name="$WebTestIteration" value="1" />
                        <Entry name="$WebTestUserId" value="1" />
                      </Context>
                    </WebRequestResult>
                    <WebRequestResult exceptionMessage="" run="0" submitted="true" cached="false" isRedirectFollow="false" requestBodyBytesHandle="-2" responseBytesHandle="8">
                      <Request url="http://localhost/industry/library/js/script.js" command="GET /industry/library/js/script.js HTTP/1.1" encoding="utf-8">
                        <Headers>Referer : http://localhost/industry/trade/business/index.php
User-Agent : Mozilla/4.0 (compatible; MSIE 7.0; Windows NT 5.1)
Accept : */*
Accept-Language : en-us
Accept-Encoding : GZIP
Host : localhost
Cookie : PHPSESSID=5a0b064b9e2796918842c00f72e52f69; mylang=vietnam
</Headers>
                      </Request>
                      <Response url="http://localhost/industry/library/js/script.js" contentType="application/x-javascript" statusLine="HTTP/1.1 200 OK" pageTime="NaN" time="0.006" statusCodeString="200 OK" contentLength="403">
                        <Headers>Accept-Ranges : bytes
Content-Length : 403
Content-Type : application/x-javascript
Date : Tue, 23 Nov 2010 14:08:35 GMT
ETag : "640c1340-193-56ac8480"
Last-Modified : Tue, 27 Jul 2010 06:09:06 GMT
Server : Apache/2.2.4 (Win32) PHP/5.2.1
</Headers>
                      </Response>
                      <Context>
                        <Entry name="$TotalAgents" value="1" />
                        <Entry name="$ControllerName" value="ASUS" />
                        <Entry name="$AgentName" value="ASUS" />
                        <Entry name="$TestLogsDir" value="C:\Documents and Settings\ASUS X82Q SERIES\My Documents\Visual Studio 2008\Projects\TestProject\TestResults\ASUS X82Q SERIES_ASUS 2010-11-23 21_08_28\In\ASUS" />
                        <Entry name="$TestDeploymentDir" value="C:\Documents and Settings\ASUS X82Q SERIES\My Documents\Visual Studio 2008\Projects\TestProject\TestResults\ASUS X82Q SERIES_ASUS 2010-11-23 21_08_28\Out" />
                        <Entry name="$AgentId" value="1" />
                        <Entry name="$AgentLoadDistributor" value="Microsoft.VisualStudio.TestTools.Execution.AgentLoadDistributor" />
                        <Entry name="$TestDir" value="C:\Documents and Settings\ASUS X82Q SERIES\My Documents\Visual Studio 2008\Projects\TestProject\TestResults\ASUS X82Q SERIES_ASUS 2010-11-23 21_08_28" />
                        <Entry name="$AgentWeighting" value="100" />
                        <Entry name="$WebTestIteration" value="1" />
                        <Entry name="$WebTestUserId" value="1" />
                      </Context>
                    </WebRequestResult>
                    <WebRequestResult exceptionMessage="" run="0" submitted="true" cached="false" isRedirectFollow="false" requestBodyBytesHandle="-2" responseBytesHandle="11">
                      <Request url="http://localhost/industry/library/js/jquery_menu.js" command="GET /industry/library/js/jquery_menu.js HTTP/1.1" encoding="utf-8">
                        <Headers>Referer : http://localhost/industry/trade/business/index.php
User-Agent : Mozilla/4.0 (compatible; MSIE 7.0; Windows NT 5.1)
Accept : */*
Accept-Language : en-us
Accept-Encoding : GZIP
Host : localhost
Cookie : PHPSESSID=5a0b064b9e2796918842c00f72e52f69; mylang=vietnam
</Headers>
                      </Request>
                      <Response url="http://localhost/industry/library/js/jquery_menu.js" contentType="application/x-javascript" statusLine="HTTP/1.1 200 OK" pageTime="NaN" time="0.063" statusCodeString="200 OK" contentLength="57170">
                        <Headers>X-Pad : avoid browser bug
Accept-Ranges : bytes
Content-Length : 57170
Content-Type : application/x-javascript
Date : Tue, 23 Nov 2010 14:08:35 GMT
ETag : "640c1260-df52-984af280"
Last-Modified : Tue, 27 Jul 2010 02:52:42 GMT
Server : Apache/2.2.4 (Win32) PHP/5.2.1
</Headers>
                      </Response>
                      <Context>
                        <Entry name="$TotalAgents" value="1" />
                        <Entry name="$ControllerName" value="ASUS" />
                        <Entry name="$AgentName" value="ASUS" />
                        <Entry name="$TestLogsDir" value="C:\Documents and Settings\ASUS X82Q SERIES\My Documents\Visual Studio 2008\Projects\TestProject\TestResults\ASUS X82Q SERIES_ASUS 2010-11-23 21_08_28\In\ASUS" />
                        <Entry name="$TestDeploymentDir" value="C:\Documents and Settings\ASUS X82Q SERIES\My Documents\Visual Studio 2008\Projects\TestProject\TestResults\ASUS X82Q SERIES_ASUS 2010-11-23 21_08_28\Out" />
                        <Entry name="$AgentId" value="1" />
                        <Entry name="$AgentLoadDistributor" value="Microsoft.VisualStudio.TestTools.Execution.AgentLoadDistributor" />
                        <Entry name="$TestDir" value="C:\Documents and Settings\ASUS X82Q SERIES\My Documents\Visual Studio 2008\Projects\TestProject\TestResults\ASUS X82Q SERIES_ASUS 2010-11-23 21_08_28" />
                        <Entry name="$AgentWeighting" value="100" />
                        <Entry name="$WebTestIteration" value="1" />
                        <Entry name="$WebTestUserId" value="1" />
                      </Context>
                    </WebRequestResult>
                    <WebRequestResult exceptionMessage="" run="0" submitted="true" cached="false" isRedirectFollow="false" requestBodyBytesHandle="-2" responseBytesHandle="45">
                      <Request url="http://localhost/industry/library/js/jquery.js" command="GET /industry/library/js/jquery.js HTTP/1.1" encoding="utf-8">
                        <Headers>Referer : http://localhost/industry/trade/business/index.php
User-Agent : Mozilla/4.0 (compatible; MSIE 7.0; Windows NT 5.1)
Accept : */*
Accept-Language : en-us
Accept-Encoding : GZIP
Host : localhost
Cookie : PHPSESSID=5a0b064b9e2796918842c00f72e52f69; mylang=vietnam
</Headers>
                      </Request>
                      <Response url="http://localhost/industry/library/js/jquery.js" contentType="application/x-javascript" statusLine="HTTP/1.1 200 OK" pageTime="NaN" time="0.058" statusCodeString="200 OK" contentLength="50783">
                        <Headers>X-Pad : avoid browser bug
Accept-Ranges : bytes
Content-Length : 50783
Content-Type : application/x-javascript
Date : Tue, 23 Nov 2010 14:08:35 GMT
ETag : "640c11c0-c65f-f7d5c480"
Last-Modified : Fri, 06 Aug 2010 16:14:58 GMT
Server : Apache/2.2.4 (Win32) PHP/5.2.1
</Headers>
                      </Response>
                      <Context>
                        <Entry name="$TotalAgents" value="1" />
                        <Entry name="$ControllerName" value="ASUS" />
                        <Entry name="$AgentName" value="ASUS" />
                        <Entry name="$TestLogsDir" value="C:\Documents and Settings\ASUS X82Q SERIES\My Documents\Visual Studio 2008\Projects\TestProject\TestResults\ASUS X82Q SERIES_ASUS 2010-11-23 21_08_28\In\ASUS" />
                        <Entry name="$TestDeploymentDir" value="C:\Documents and Settings\ASUS X82Q SERIES\My Documents\Visual Studio 2008\Projects\TestProject\TestResults\ASUS X82Q SERIES_ASUS 2010-11-23 21_08_28\Out" />
                        <Entry name="$AgentId" value="1" />
                        <Entry name="$AgentLoadDistributor" value="Microsoft.VisualStudio.TestTools.Execution.AgentLoadDistributor" />
                        <Entry name="$TestDir" value="C:\Documents and Settings\ASUS X82Q SERIES\My Documents\Visual Studio 2008\Projects\TestProject\TestResults\ASUS X82Q SERIES_ASUS 2010-11-23 21_08_28" />
                        <Entry name="$AgentWeighting" value="100" />
                        <Entry name="$WebTestIteration" value="1" />
                        <Entry name="$WebTestUserId" value="1" />
                      </Context>
                    </WebRequestResult>
                    <WebRequestResult exceptionMessage="" run="0" submitted="true" cached="false" isRedirectFollow="false" requestBodyBytesHandle="-2" responseBytesHandle="46">
                      <Request url="http://localhost/industry/library/js/jcarousellite.js" command="GET /industry/library/js/jcarousellite.js HTTP/1.1" encoding="utf-8">
                        <Headers>Referer : http://localhost/industry/trade/business/index.php
User-Agent : Mozilla/4.0 (compatible; MSIE 7.0; Windows NT 5.1)
Accept : */*
Accept-Language : en-us
Accept-Encoding : GZIP
Host : localhost
Cookie : PHPSESSID=5a0b064b9e2796918842c00f72e52f69; mylang=vietnam
</Headers>
                      </Request>
                      <Response url="http://localhost/industry/library/js/jcarousellite.js" contentType="application/x-javascript" statusLine="HTTP/1.1 200 OK" pageTime="NaN" time="0.008" statusCodeString="200 OK" contentLength="114">
                        <Headers>Accept-Ranges : bytes
Content-Length : 114
Content-Type : application/x-javascript
Date : Tue, 23 Nov 2010 14:08:35 GMT
ETag : "640c1140-72-d8661c00"
Last-Modified : Sat, 07 Aug 2010 13:34:40 GMT
Server : Apache/2.2.4 (Win32) PHP/5.2.1
</Headers>
                      </Response>
                      <Context>
                        <Entry name="$TotalAgents" value="1" />
                        <Entry name="$ControllerName" value="ASUS" />
                        <Entry name="$AgentName" value="ASUS" />
                        <Entry name="$TestLogsDir" value="C:\Documents and Settings\ASUS X82Q SERIES\My Documents\Visual Studio 2008\Projects\TestProject\TestResults\ASUS X82Q SERIES_ASUS 2010-11-23 21_08_28\In\ASUS" />
                        <Entry name="$TestDeploymentDir" value="C:\Documents and Settings\ASUS X82Q SERIES\My Documents\Visual Studio 2008\Projects\TestProject\TestResults\ASUS X82Q SERIES_ASUS 2010-11-23 21_08_28\Out" />
                        <Entry name="$AgentId" value="1" />
                        <Entry name="$AgentLoadDistributor" value="Microsoft.VisualStudio.TestTools.Execution.AgentLoadDistributor" />
                        <Entry name="$TestDir" value="C:\Documents and Settings\ASUS X82Q SERIES\My Documents\Visual Studio 2008\Projects\TestProject\TestResults\ASUS X82Q SERIES_ASUS 2010-11-23 21_08_28" />
                        <Entry name="$AgentWeighting" value="100" />
                        <Entry name="$WebTestIteration" value="1" />
                        <Entry name="$WebTestUserId" value="1" />
                      </Context>
                    </WebRequestResult>
                    <WebRequestResult exceptionMessage="" run="0" submitted="true" cached="false" isRedirectFollow="false" requestBodyBytesHandle="-2" responseBytesHandle="13">
                      <Request url="http://localhost/industry/flags/vn.gif" command="GET /industry/flags/vn.gif HTTP/1.1" encoding="utf-8">
                        <Headers>Referer : http://localhost/industry/trade/business/index.php
User-Agent : Mozilla/4.0 (compatible; MSIE 7.0; Windows NT 5.1)
Accept : */*
Accept-Language : en-us
Accept-Encoding : GZIP
Host : localhost
Cookie : PHPSESSID=5a0b064b9e2796918842c00f72e52f69; mylang=vietnam
</Headers>
                      </Request>
                      <Response url="http://localhost/industry/flags/vn.gif" contentType="image/gif" statusLine="HTTP/1.1 200 OK" pageTime="NaN" time="0.007" statusCodeString="200 OK" contentLength="6872">
                        <Headers>Accept-Ranges : bytes
Content-Length : 6872
Content-Type : image/gif
Date : Tue, 23 Nov 2010 14:08:35 GMT
ETag : "624610c0-1ad8-5ae82180"
Last-Modified : Thu, 09 Jul 2009 05:44:54 GMT
Server : Apache/2.2.4 (Win32) PHP/5.2.1
</Headers>
                      </Response>
                      <Context>
                        <Entry name="$TotalAgents" value="1" />
                        <Entry name="$ControllerName" value="ASUS" />
                        <Entry name="$AgentName" value="ASUS" />
                        <Entry name="$TestLogsDir" value="C:\Documents and Settings\ASUS X82Q SERIES\My Documents\Visual Studio 2008\Projects\TestProject\TestResults\ASUS X82Q SERIES_ASUS 2010-11-23 21_08_28\In\ASUS" />
                        <Entry name="$TestDeploymentDir" value="C:\Documents and Settings\ASUS X82Q SERIES\My Documents\Visual Studio 2008\Projects\TestProject\TestResults\ASUS X82Q SERIES_ASUS 2010-11-23 21_08_28\Out" />
                        <Entry name="$AgentId" value="1" />
                        <Entry name="$AgentLoadDistributor" value="Microsoft.VisualStudio.TestTools.Execution.AgentLoadDistributor" />
                        <Entry name="$TestDir" value="C:\Documents and Settings\ASUS X82Q SERIES\My Documents\Visual Studio 2008\Projects\TestProject\TestResults\ASUS X82Q SERIES_ASUS 2010-11-23 21_08_28" />
                        <Entry name="$AgentWeighting" value="100" />
                        <Entry name="$WebTestIteration" value="1" />
                        <Entry name="$WebTestUserId" value="1" />
                      </Context>
                    </WebRequestResult>
                    <WebRequestResult exceptionMessage="" run="0" submitted="true" cached="false" isRedirectFollow="false" requestBodyBytesHandle="-2" responseBytesHandle="15">
                      <Request url="http://localhost/industry/interface/search.jpg" command="GET /industry/interface/search.jpg HTTP/1.1" encoding="utf-8">
                        <Headers>Referer : http://localhost/industry/trade/business/index.php
User-Agent : Mozilla/4.0 (compatible; MSIE 7.0; Windows NT 5.1)
Accept : */*
Accept-Language : en-us
Accept-Encoding : GZIP
Host : localhost
Cookie : PHPSESSID=5a0b064b9e2796918842c00f72e52f69; mylang=vietnam
</Headers>
                      </Request>
                      <Response url="http://localhost/industry/interface/search.jpg" contentType="image/jpeg" statusLine="HTTP/1.1 200 OK" pageTime="NaN" time="0.004" statusCodeString="200 OK" contentLength="1525">
                        <Headers>Accept-Ranges : bytes
Content-Length : 1525
Content-Type : image/jpeg
Date : Tue, 23 Nov 2010 14:08:35 GMT
ETag : "63f09960-5f5-160fc780"
Last-Modified : Sun, 25 Jul 2010 16:51:58 GMT
Server : Apache/2.2.4 (Win32) PHP/5.2.1
</Headers>
                      </Response>
                      <Context>
                        <Entry name="$TotalAgents" value="1" />
                        <Entry name="$ControllerName" value="ASUS" />
                        <Entry name="$AgentName" value="ASUS" />
                        <Entry name="$TestLogsDir" value="C:\Documents and Settings\ASUS X82Q SERIES\My Documents\Visual Studio 2008\Projects\TestProject\TestResults\ASUS X82Q SERIES_ASUS 2010-11-23 21_08_28\In\ASUS" />
                        <Entry name="$TestDeploymentDir" value="C:\Documents and Settings\ASUS X82Q SERIES\My Documents\Visual Studio 2008\Projects\TestProject\TestResults\ASUS X82Q SERIES_ASUS 2010-11-23 21_08_28\Out" />
                        <Entry name="$AgentId" value="1" />
                        <Entry name="$AgentLoadDistributor" value="Microsoft.VisualStudio.TestTools.Execution.AgentLoadDistributor" />
                        <Entry name="$TestDir" value="C:\Documents and Settings\ASUS X82Q SERIES\My Documents\Visual Studio 2008\Projects\TestProject\TestResults\ASUS X82Q SERIES_ASUS 2010-11-23 21_08_28" />
                        <Entry name="$AgentWeighting" value="100" />
                        <Entry name="$WebTestIteration" value="1" />
                        <Entry name="$WebTestUserId" value="1" />
                      </Context>
                    </WebRequestResult>
                    <WebRequestResult exceptionMessage="" run="0" submitted="true" cached="false" isRedirectFollow="false" requestBodyBytesHandle="-2" responseBytesHandle="14">
                      <Request url="http://localhost/industry/flags/en.gif" command="GET /industry/flags/en.gif HTTP/1.1" encoding="utf-8">
                        <Headers>Referer : http://localhost/industry/trade/business/index.php
User-Agent : Mozilla/4.0 (compatible; MSIE 7.0; Windows NT 5.1)
Accept : */*
Accept-Language : en-us
Accept-Encoding : GZIP
Host : localhost
Cookie : PHPSESSID=5a0b064b9e2796918842c00f72e52f69; mylang=vietnam
</Headers>
                      </Request>
                      <Response url="http://localhost/industry/flags/en.gif" contentType="image/gif" statusLine="HTTP/1.1 200 OK" pageTime="NaN" time="0.007" statusCodeString="200 OK" contentLength="8275">
                        <Headers>Accept-Ranges : bytes
Content-Length : 8275
Content-Type : image/gif
Date : Tue, 23 Nov 2010 14:08:35 GMT
ETag : "62461040-2053-5de31200"
Last-Modified : Thu, 09 Jul 2009 05:45:44 GMT
Server : Apache/2.2.4 (Win32) PHP/5.2.1
</Headers>
                      </Response>
                      <Context>
                        <Entry name="$TotalAgents" value="1" />
                        <Entry name="$ControllerName" value="ASUS" />
                        <Entry name="$AgentName" value="ASUS" />
                        <Entry name="$TestLogsDir" value="C:\Documents and Settings\ASUS X82Q SERIES\My Documents\Visual Studio 2008\Projects\TestProject\TestResults\ASUS X82Q SERIES_ASUS 2010-11-23 21_08_28\In\ASUS" />
                        <Entry name="$TestDeploymentDir" value="C:\Documents and Settings\ASUS X82Q SERIES\My Documents\Visual Studio 2008\Projects\TestProject\TestResults\ASUS X82Q SERIES_ASUS 2010-11-23 21_08_28\Out" />
                        <Entry name="$AgentId" value="1" />
                        <Entry name="$AgentLoadDistributor" value="Microsoft.VisualStudio.TestTools.Execution.AgentLoadDistributor" />
                        <Entry name="$TestDir" value="C:\Documents and Settings\ASUS X82Q SERIES\My Documents\Visual Studio 2008\Projects\TestProject\TestResults\ASUS X82Q SERIES_ASUS 2010-11-23 21_08_28" />
                        <Entry name="$AgentWeighting" value="100" />
                        <Entry name="$WebTestIteration" value="1" />
                        <Entry name="$WebTestUserId" value="1" />
                      </Context>
                    </WebRequestResult>
                    <WebRequestResult exceptionMessage="" run="0" submitted="true" cached="false" isRedirectFollow="false" requestBodyBytesHandle="-2" responseBytesHandle="33">
                      <Request url="http://localhost/industry/Interface/reg_1.jpg" command="GET /industry/Interface/reg_1.jpg HTTP/1.1" encoding="utf-8">
                        <Headers>Referer : http://localhost/industry/trade/business/index.php
User-Agent : Mozilla/4.0 (compatible; MSIE 7.0; Windows NT 5.1)
Accept : */*
Accept-Language : en-us
Accept-Encoding : GZIP
Host : localhost
Cookie : PHPSESSID=5a0b064b9e2796918842c00f72e52f69; mylang=vietnam
</Headers>
                      </Request>
                      <Response url="http://localhost/industry/Interface/reg_1.jpg" contentType="image/jpeg" statusLine="HTTP/1.1 200 OK" pageTime="NaN" time="0.004" statusCodeString="200 OK" contentLength="2284">
                        <Headers>Accept-Ranges : bytes
Content-Length : 2284
Content-Type : image/jpeg
Date : Tue, 23 Nov 2010 14:08:35 GMT
ETag : "63f09940-8ec-d41dd680"
Last-Modified : Tue, 03 Aug 2010 05:45:46 GMT
Server : Apache/2.2.4 (Win32) PHP/5.2.1
</Headers>
                      </Response>
                      <Context>
                        <Entry name="$TotalAgents" value="1" />
                        <Entry name="$ControllerName" value="ASUS" />
                        <Entry name="$AgentName" value="ASUS" />
                        <Entry name="$TestLogsDir" value="C:\Documents and Settings\ASUS X82Q SERIES\My Documents\Visual Studio 2008\Projects\TestProject\TestResults\ASUS X82Q SERIES_ASUS 2010-11-23 21_08_28\In\ASUS" />
                        <Entry name="$TestDeploymentDir" value="C:\Documents and Settings\ASUS X82Q SERIES\My Documents\Visual Studio 2008\Projects\TestProject\TestResults\ASUS X82Q SERIES_ASUS 2010-11-23 21_08_28\Out" />
                        <Entry name="$AgentId" value="1" />
                        <Entry name="$AgentLoadDistributor" value="Microsoft.VisualStudio.TestTools.Execution.AgentLoadDistributor" />
                        <Entry name="$TestDir" value="C:\Documents and Settings\ASUS X82Q SERIES\My Documents\Visual Studio 2008\Projects\TestProject\TestResults\ASUS X82Q SERIES_ASUS 2010-11-23 21_08_28" />
                        <Entry name="$AgentWeighting" value="100" />
                        <Entry name="$WebTestIteration" value="1" />
                        <Entry name="$WebTestUserId" value="1" />
                      </Context>
                    </WebRequestResult>
                    <WebRequestResult exceptionMessage="" run="0" submitted="true" cached="false" isRedirectFollow="false" requestBodyBytesHandle="-2" responseBytesHandle="76">
                      <Request url="http://localhost/industry/trade/business/library/js/swfobject.js" command="GET /industry/trade/business/library/js/swfobject.js HTTP/1.1" encoding="utf-8">
                        <Headers>Referer : http://localhost/industry/trade/business/index.php
User-Agent : Mozilla/4.0 (compatible; MSIE 7.0; Windows NT 5.1)
Accept : */*
Accept-Language : en-us
Accept-Encoding : GZIP
Host : localhost
Cookie : PHPSESSID=5a0b064b9e2796918842c00f72e52f69; mylang=vietnam
</Headers>
                      </Request>
                      <Response url="http://localhost/industry/trade/business/library/js/swfobject.js" contentType="text/html; charset=iso-8859-1" statusLine="HTTP/1.1 404 Not Found" pageTime="NaN" time="0.011" statusCodeString="404 Not Found" contentLength="328">
                        <Headers>Content-Length : 328
Content-Type : text/html; charset=iso-8859-1
Date : Tue, 23 Nov 2010 14:08:35 GMT
Server : Apache/2.2.4 (Win32) PHP/5.2.1
</Headers>
                      </Response>
                      <Context>
                        <Entry name="$TotalAgents" value="1" />
                        <Entry name="$ControllerName" value="ASUS" />
                        <Entry name="$AgentName" value="ASUS" />
                        <Entry name="$TestLogsDir" value="C:\Documents and Settings\ASUS X82Q SERIES\My Documents\Visual Studio 2008\Projects\TestProject\TestResults\ASUS X82Q SERIES_ASUS 2010-11-23 21_08_28\In\ASUS" />
                        <Entry name="$TestDeploymentDir" value="C:\Documents and Settings\ASUS X82Q SERIES\My Documents\Visual Studio 2008\Projects\TestProject\TestResults\ASUS X82Q SERIES_ASUS 2010-11-23 21_08_28\Out" />
                        <Entry name="$AgentId" value="1" />
                        <Entry name="$AgentLoadDistributor" value="Microsoft.VisualStudio.TestTools.Execution.AgentLoadDistributor" />
                        <Entry name="$TestDir" value="C:\Documents and Settings\ASUS X82Q SERIES\My Documents\Visual Studio 2008\Projects\TestProject\TestResults\ASUS X82Q SERIES_ASUS 2010-11-23 21_08_28" />
                        <Entry name="$AgentWeighting" value="100" />
                        <Entry name="$WebTestIteration" value="1" />
                        <Entry name="$WebTestUserId" value="1" />
                      </Context>
                      <Errors>
                        <Error type="HttpError" subType="404 - NotFound" text="404 - NotFound" time="2010-11-23T21:08:35.6562500+07:00" />
                      </Errors>
                    </WebRequestResult>
                    <WebRequestResult exceptionMessage="" run="0" submitted="true" cached="false" isRedirectFollow="false" requestBodyBytesHandle="-2" responseBytesHandle="47">
                      <Request url="http://localhost/industry/Interface/khung_2_1.jpg" command="GET /industry/Interface/khung_2_1.jpg HTTP/1.1" encoding="utf-8">
                        <Headers>Referer : http://localhost/industry/trade/business/index.php
User-Agent : Mozilla/4.0 (compatible; MSIE 7.0; Windows NT 5.1)
Accept : */*
Accept-Language : en-us
Accept-Encoding : GZIP
Host : localhost
Cookie : PHPSESSID=5a0b064b9e2796918842c00f72e52f69; mylang=vietnam
</Headers>
                      </Request>
                      <Response url="http://localhost/industry/Interface/khung_2_1.jpg" contentType="image/jpeg" statusLine="HTTP/1.1 200 OK" pageTime="NaN" time="0.004" statusCodeString="200 OK" contentLength="774">
                        <Headers>Accept-Ranges : bytes
Content-Length : 774
Content-Type : image/jpeg
Date : Tue, 23 Nov 2010 14:08:35 GMT
ETag : "63f094e0-306-eb3b3680"
Last-Modified : Tue, 24 Aug 2010 05:20:10 GMT
Server : Apache/2.2.4 (Win32) PHP/5.2.1
</Headers>
                      </Response>
                      <Context>
                        <Entry name="$TotalAgents" value="1" />
                        <Entry name="$ControllerName" value="ASUS" />
                        <Entry name="$AgentName" value="ASUS" />
                        <Entry name="$TestLogsDir" value="C:\Documents and Settings\ASUS X82Q SERIES\My Documents\Visual Studio 2008\Projects\TestProject\TestResults\ASUS X82Q SERIES_ASUS 2010-11-23 21_08_28\In\ASUS" />
                        <Entry name="$TestDeploymentDir" value="C:\Documents and Settings\ASUS X82Q SERIES\My Documents\Visual Studio 2008\Projects\TestProject\TestResults\ASUS X82Q SERIES_ASUS 2010-11-23 21_08_28\Out" />
                        <Entry name="$AgentId" value="1" />
                        <Entry name="$AgentLoadDistributor" value="Microsoft.VisualStudio.TestTools.Execution.AgentLoadDistributor" />
                        <Entry name="$TestDir" value="C:\Documents and Settings\ASUS X82Q SERIES\My Documents\Visual Studio 2008\Projects\TestProject\TestResults\ASUS X82Q SERIES_ASUS 2010-11-23 21_08_28" />
                        <Entry name="$AgentWeighting" value="100" />
                        <Entry name="$WebTestIteration" value="1" />
                        <Entry name="$WebTestUserId" value="1" />
                      </Context>
                    </WebRequestResult>
                    <WebRequestResult exceptionMessage="" run="0" submitted="true" cached="false" isRedirectFollow="false" requestBodyBytesHandle="-2" responseBytesHandle="50">
                      <Request url="http://localhost/industry/Interface/icon_2.jpg" command="GET /industry/Interface/icon_2.jpg HTTP/1.1" encoding="utf-8">
                        <Headers>Referer : http://localhost/industry/trade/business/index.php
User-Agent : Mozilla/4.0 (compatible; MSIE 7.0; Windows NT 5.1)
Accept : */*
Accept-Language : en-us
Accept-Encoding : GZIP
Host : localhost
Cookie : PHPSESSID=5a0b064b9e2796918842c00f72e52f69; mylang=vietnam
</Headers>
                      </Request>
                      <Response url="http://localhost/industry/Interface/icon_2.jpg" contentType="image/jpeg" statusLine="HTTP/1.1 200 OK" pageTime="NaN" time="0.003" statusCodeString="200 OK" contentLength="395">
                        <Headers>Accept-Ranges : bytes
Content-Length : 395
Content-Type : image/jpeg
Date : Tue, 23 Nov 2010 14:08:35 GMT
ETag : "63f09380-18b-cd34d100"
Last-Modified : Tue, 03 Aug 2010 08:07:00 GMT
Server : Apache/2.2.4 (Win32) PHP/5.2.1
</Headers>
                      </Response>
                      <Context>
                        <Entry name="$TotalAgents" value="1" />
                        <Entry name="$ControllerName" value="ASUS" />
                        <Entry name="$AgentName" value="ASUS" />
                        <Entry name="$TestLogsDir" value="C:\Documents and Settings\ASUS X82Q SERIES\My Documents\Visual Studio 2008\Projects\TestProject\TestResults\ASUS X82Q SERIES_ASUS 2010-11-23 21_08_28\In\ASUS" />
                        <Entry name="$TestDeploymentDir" value="C:\Documents and Settings\ASUS X82Q SERIES\My Documents\Visual Studio 2008\Projects\TestProject\TestResults\ASUS X82Q SERIES_ASUS 2010-11-23 21_08_28\Out" />
                        <Entry name="$AgentId" value="1" />
                        <Entry name="$AgentLoadDistributor" value="Microsoft.VisualStudio.TestTools.Execution.AgentLoadDistributor" />
                        <Entry name="$TestDir" value="C:\Documents and Settings\ASUS X82Q SERIES\My Documents\Visual Studio 2008\Projects\TestProject\TestResults\ASUS X82Q SERIES_ASUS 2010-11-23 21_08_28" />
                        <Entry name="$AgentWeighting" value="100" />
                        <Entry name="$WebTestIteration" value="1" />
                        <Entry name="$WebTestUserId" value="1" />
                      </Context>
                    </WebRequestResult>
                    <WebRequestResult exceptionMessage="" run="0" submitted="true" cached="false" isRedirectFollow="false" requestBodyBytesHandle="-2" responseBytesHandle="49">
                      <Request url="http://localhost/industry/Interface/home-1.jpg" command="GET /industry/Interface/home-1.jpg HTTP/1.1" encoding="utf-8">
                        <Headers>Referer : http://localhost/industry/trade/business/index.php
User-Agent : Mozilla/4.0 (compatible; MSIE 7.0; Windows NT 5.1)
Accept : */*
Accept-Language : en-us
Accept-Encoding : GZIP
Host : localhost
Cookie : PHPSESSID=5a0b064b9e2796918842c00f72e52f69; mylang=vietnam
</Headers>
                      </Request>
                      <Response url="http://localhost/industry/Interface/home-1.jpg" contentType="image/jpeg" statusLine="HTTP/1.1 200 OK" pageTime="NaN" time="0.004" statusCodeString="200 OK" contentLength="495">
                        <Headers>Accept-Ranges : bytes
Content-Length : 495
Content-Type : image/jpeg
Date : Tue, 23 Nov 2010 14:08:35 GMT
ETag : "63f092c0-1ef-25b79e80"
Last-Modified : Tue, 03 Aug 2010 07:20:10 GMT
Server : Apache/2.2.4 (Win32) PHP/5.2.1
</Headers>
                      </Response>
                      <Context>
                        <Entry name="$TotalAgents" value="1" />
                        <Entry name="$ControllerName" value="ASUS" />
                        <Entry name="$AgentName" value="ASUS" />
                        <Entry name="$TestLogsDir" value="C:\Documents and Settings\ASUS X82Q SERIES\My Documents\Visual Studio 2008\Projects\TestProject\TestResults\ASUS X82Q SERIES_ASUS 2010-11-23 21_08_28\In\ASUS" />
                        <Entry name="$TestDeploymentDir" value="C:\Documents and Settings\ASUS X82Q SERIES\My Documents\Visual Studio 2008\Projects\TestProject\TestResults\ASUS X82Q SERIES_ASUS 2010-11-23 21_08_28\Out" />
                        <Entry name="$AgentId" value="1" />
                        <Entry name="$AgentLoadDistributor" value="Microsoft.VisualStudio.TestTools.Execution.AgentLoadDistributor" />
                        <Entry name="$TestDir" value="C:\Documents and Settings\ASUS X82Q SERIES\My Documents\Visual Studio 2008\Projects\TestProject\TestResults\ASUS X82Q SERIES_ASUS 2010-11-23 21_08_28" />
                        <Entry name="$AgentWeighting" value="100" />
                        <Entry name="$WebTestIteration" value="1" />
                        <Entry name="$WebTestUserId" value="1" />
                      </Context>
                    </WebRequestResult>
                    <WebRequestResult exceptionMessage="" run="0" submitted="true" cached="false" isRedirectFollow="false" requestBodyBytesHandle="-2" responseBytesHandle="58">
                      <Request url="http://localhost/industry/Interface/icon_3.gif" command="GET /industry/Interface/icon_3.gif HTTP/1.1" encoding="utf-8">
                        <Headers>Referer : http://localhost/industry/trade/business/index.php
User-Agent : Mozilla/4.0 (compatible; MSIE 7.0; Windows NT 5.1)
Accept : */*
Accept-Language : en-us
Accept-Encoding : GZIP
Host : localhost
Cookie : PHPSESSID=5a0b064b9e2796918842c00f72e52f69; mylang=vietnam
</Headers>
                      </Request>
                      <Response url="http://localhost/industry/Interface/icon_3.gif" contentType="image/gif" statusLine="HTTP/1.1 200 OK" pageTime="NaN" time="0.005" statusCodeString="200 OK" contentLength="721">
                        <Headers>Accept-Ranges : bytes
Content-Length : 721
Content-Type : image/gif
Date : Tue, 23 Nov 2010 14:08:35 GMT
ETag : "63f093a0-2d1-75118f00"
Last-Modified : Tue, 03 Aug 2010 18:26:36 GMT
Server : Apache/2.2.4 (Win32) PHP/5.2.1
</Headers>
                      </Response>
                      <Context>
                        <Entry name="$TotalAgents" value="1" />
                        <Entry name="$ControllerName" value="ASUS" />
                        <Entry name="$AgentName" value="ASUS" />
                        <Entry name="$TestLogsDir" value="C:\Documents and Settings\ASUS X82Q SERIES\My Documents\Visual Studio 2008\Projects\TestProject\TestResults\ASUS X82Q SERIES_ASUS 2010-11-23 21_08_28\In\ASUS" />
                        <Entry name="$TestDeploymentDir" value="C:\Documents and Settings\ASUS X82Q SERIES\My Documents\Visual Studio 2008\Projects\TestProject\TestResults\ASUS X82Q SERIES_ASUS 2010-11-23 21_08_28\Out" />
                        <Entry name="$AgentId" value="1" />
                        <Entry name="$AgentLoadDistributor" value="Microsoft.VisualStudio.TestTools.Execution.AgentLoadDistributor" />
                        <Entry name="$TestDir" value="C:\Documents and Settings\ASUS X82Q SERIES\My Documents\Visual Studio 2008\Projects\TestProject\TestResults\ASUS X82Q SERIES_ASUS 2010-11-23 21_08_28" />
                        <Entry name="$AgentWeighting" value="100" />
                        <Entry name="$WebTestIteration" value="1" />
                        <Entry name="$WebTestUserId" value="1" />
                      </Context>
                    </WebRequestResult>
                    <WebRequestResult exceptionMessage="" run="0" submitted="true" cached="false" isRedirectFollow="false" requestBodyBytesHandle="-2" responseBytesHandle="77">
                      <Request url="http://localhost/industry/uploads/logo/1/thumbnails/1_100x0.jpg" command="GET /industry/uploads/logo/1/thumbnails/1_100x0.jpg HTTP/1.1" encoding="utf-8">
                        <Headers>Referer : http://localhost/industry/trade/business/index.php
User-Agent : Mozilla/4.0 (compatible; MSIE 7.0; Windows NT 5.1)
Accept : */*
Accept-Language : en-us
Accept-Encoding : GZIP
Host : localhost
Cookie : PHPSESSID=5a0b064b9e2796918842c00f72e52f69; mylang=vietnam
</Headers>
                      </Request>
                      <Response url="http://localhost/industry/uploads/logo/1/thumbnails/1_100x0.jpg" contentType="image/jpeg" statusLine="HTTP/1.1 200 OK" pageTime="NaN" time="0.008" statusCodeString="200 OK" contentLength="2408">
                        <Headers>Accept-Ranges : bytes
Content-Length : 2408
Content-Type : image/jpeg
Date : Tue, 23 Nov 2010 14:08:35 GMT
ETag : "5b825040-968-3a9c5d80"
Last-Modified : Fri, 24 Sep 2010 19:17:26 GMT
Server : Apache/2.2.4 (Win32) PHP/5.2.1
</Headers>
                      </Response>
                      <Context>
                        <Entry name="$TotalAgents" value="1" />
                        <Entry name="$ControllerName" value="ASUS" />
                        <Entry name="$AgentName" value="ASUS" />
                        <Entry name="$TestLogsDir" value="C:\Documents and Settings\ASUS X82Q SERIES\My Documents\Visual Studio 2008\Projects\TestProject\TestResults\ASUS X82Q SERIES_ASUS 2010-11-23 21_08_28\In\ASUS" />
                        <Entry name="$TestDeploymentDir" value="C:\Documents and Settings\ASUS X82Q SERIES\My Documents\Visual Studio 2008\Projects\TestProject\TestResults\ASUS X82Q SERIES_ASUS 2010-11-23 21_08_28\Out" />
                        <Entry name="$AgentId" value="1" />
                        <Entry name="$AgentLoadDistributor" value="Microsoft.VisualStudio.TestTools.Execution.AgentLoadDistributor" />
                        <Entry name="$TestDir" value="C:\Documents and Settings\ASUS X82Q SERIES\My Documents\Visual Studio 2008\Projects\TestProject\TestResults\ASUS X82Q SERIES_ASUS 2010-11-23 21_08_28" />
                        <Entry name="$AgentWeighting" value="100" />
                        <Entry name="$WebTestIteration" value="1" />
                        <Entry name="$WebTestUserId" value="1" />
                      </Context>
                    </WebRequestResult>
                    <WebRequestResult exceptionMessage="" run="0" submitted="true" cached="false" isRedirectFollow="false" requestBodyBytesHandle="-2" responseBytesHandle="23">
                      <Request url="http://localhost/industry/uploads/country_flag/vietnam.png" command="GET /industry/uploads/country_flag/vietnam.png HTTP/1.1" encoding="utf-8">
                        <Headers>Referer : http://localhost/industry/trade/business/index.php
User-Agent : Mozilla/4.0 (compatible; MSIE 7.0; Windows NT 5.1)
Accept : */*
Accept-Language : en-us
Accept-Encoding : GZIP
Host : localhost
Cookie : PHPSESSID=5a0b064b9e2796918842c00f72e52f69; mylang=vietnam
</Headers>
                      </Request>
                      <Response url="http://localhost/industry/uploads/country_flag/vietnam.png" contentType="image/png" statusLine="HTTP/1.1 200 OK" pageTime="NaN" time="0.015" statusCodeString="200 OK" contentLength="17550">
                        <Headers>Accept-Ranges : bytes
Content-Length : 17550
Content-Type : image/png
Date : Tue, 23 Nov 2010 14:08:35 GMT
ETag : "5b8310a0-448e-e0482a00"
Last-Modified : Sat, 21 Aug 2010 15:14:48 GMT
Server : Apache/2.2.4 (Win32) PHP/5.2.1
</Headers>
                      </Response>
                      <Context>
                        <Entry name="$TotalAgents" value="1" />
                        <Entry name="$ControllerName" value="ASUS" />
                        <Entry name="$AgentName" value="ASUS" />
                        <Entry name="$TestLogsDir" value="C:\Documents and Settings\ASUS X82Q SERIES\My Documents\Visual Studio 2008\Projects\TestProject\TestResults\ASUS X82Q SERIES_ASUS 2010-11-23 21_08_28\In\ASUS" />
                        <Entry name="$TestDeploymentDir" value="C:\Documents and Settings\ASUS X82Q SERIES\My Documents\Visual Studio 2008\Projects\TestProject\TestResults\ASUS X82Q SERIES_ASUS 2010-11-23 21_08_28\Out" />
                        <Entry name="$AgentId" value="1" />
                        <Entry name="$AgentLoadDistributor" value="Microsoft.VisualStudio.TestTools.Execution.AgentLoadDistributor" />
                        <Entry name="$TestDir" value="C:\Documents and Settings\ASUS X82Q SERIES\My Documents\Visual Studio 2008\Projects\TestProject\TestResults\ASUS X82Q SERIES_ASUS 2010-11-23 21_08_28" />
                        <Entry name="$AgentWeighting" value="100" />
                        <Entry name="$WebTestIteration" value="1" />
                        <Entry name="$WebTestUserId" value="1" />
                      </Context>
                    </WebRequestResult>
                    <WebRequestResult exceptionMessage="" run="0" submitted="true" cached="false" isRedirectFollow="false" requestBodyBytesHandle="-2" responseBytesHandle="52">
                      <Request url="http://localhost/industry/Interface/contact.jpg" command="GET /industry/Interface/contact.jpg HTTP/1.1" encoding="utf-8">
                        <Headers>Referer : http://localhost/industry/trade/business/index.php
User-Agent : Mozilla/4.0 (compatible; MSIE 7.0; Windows NT 5.1)
Accept : */*
Accept-Language : en-us
Accept-Encoding : GZIP
Host : localhost
Cookie : PHPSESSID=5a0b064b9e2796918842c00f72e52f69; mylang=vietnam
</Headers>
                      </Request>
                      <Response url="http://localhost/industry/Interface/contact.jpg" contentType="image/jpeg" statusLine="HTTP/1.1 200 OK" pageTime="NaN" time="0.017" statusCodeString="200 OK" contentLength="1701">
                        <Headers>Accept-Ranges : bytes
Content-Length : 1701
Content-Type : image/jpeg
Date : Tue, 23 Nov 2010 14:08:35 GMT
ETag : "63f091a0-6a5-aa9a7b80"
Last-Modified : Sun, 22 Aug 2010 06:30:22 GMT
Server : Apache/2.2.4 (Win32) PHP/5.2.1
</Headers>
                      </Response>
                      <Context>
                        <Entry name="$TotalAgents" value="1" />
                        <Entry name="$ControllerName" value="ASUS" />
                        <Entry name="$AgentName" value="ASUS" />
                        <Entry name="$TestLogsDir" value="C:\Documents and Settings\ASUS X82Q SERIES\My Documents\Visual Studio 2008\Projects\TestProject\TestResults\ASUS X82Q SERIES_ASUS 2010-11-23 21_08_28\In\ASUS" />
                        <Entry name="$TestDeploymentDir" value="C:\Documents and Settings\ASUS X82Q SERIES\My Documents\Visual Studio 2008\Projects\TestProject\TestResults\ASUS X82Q SERIES_ASUS 2010-11-23 21_08_28\Out" />
                        <Entry name="$AgentId" value="1" />
                        <Entry name="$AgentLoadDistributor" value="Microsoft.VisualStudio.TestTools.Execution.AgentLoadDistributor" />
                        <Entry name="$TestDir" value="C:\Documents and Settings\ASUS X82Q SERIES\My Documents\Visual Studio 2008\Projects\TestProject\TestResults\ASUS X82Q SERIES_ASUS 2010-11-23 21_08_28" />
                        <Entry name="$AgentWeighting" value="100" />
                        <Entry name="$WebTestIteration" value="1" />
                        <Entry name="$WebTestUserId" value="1" />
                      </Context>
                    </WebRequestResult>
                    <WebRequestResult exceptionMessage="" run="0" submitted="true" cached="false" isRedirectFollow="false" requestBodyBytesHandle="-2" responseBytesHandle="78">
                      <Request url="http://localhost/industry/uploads/logo/2/thumbnails/4_100x0.jpg" command="GET /industry/uploads/logo/2/thumbnails/4_100x0.jpg HTTP/1.1" encoding="utf-8">
                        <Headers>Referer : http://localhost/industry/trade/business/index.php
User-Agent : Mozilla/4.0 (compatible; MSIE 7.0; Windows NT 5.1)
Accept : */*
Accept-Language : en-us
Accept-Encoding : GZIP
Host : localhost
Cookie : PHPSESSID=5a0b064b9e2796918842c00f72e52f69; mylang=vietnam
</Headers>
                      </Request>
                      <Response url="http://localhost/industry/uploads/logo/2/thumbnails/4_100x0.jpg" contentType="image/jpeg" statusLine="HTTP/1.1 200 OK" pageTime="NaN" time="0.01" statusCodeString="200 OK" contentLength="3502">
                        <Headers>Accept-Ranges : bytes
Content-Length : 3502
Content-Type : image/jpeg
Date : Tue, 23 Nov 2010 14:08:35 GMT
ETag : "5b811040-dae-3a9c5d80"
Last-Modified : Fri, 24 Sep 2010 19:17:26 GMT
Server : Apache/2.2.4 (Win32) PHP/5.2.1
</Headers>
                      </Response>
                      <Context>
                        <Entry name="$TotalAgents" value="1" />
                        <Entry name="$ControllerName" value="ASUS" />
                        <Entry name="$AgentName" value="ASUS" />
                        <Entry name="$TestLogsDir" value="C:\Documents and Settings\ASUS X82Q SERIES\My Documents\Visual Studio 2008\Projects\TestProject\TestResults\ASUS X82Q SERIES_ASUS 2010-11-23 21_08_28\In\ASUS" />
                        <Entry name="$TestDeploymentDir" value="C:\Documents and Settings\ASUS X82Q SERIES\My Documents\Visual Studio 2008\Projects\TestProject\TestResults\ASUS X82Q SERIES_ASUS 2010-11-23 21_08_28\Out" />
                        <Entry name="$AgentId" value="1" />
                        <Entry name="$AgentLoadDistributor" value="Microsoft.VisualStudio.TestTools.Execution.AgentLoadDistributor" />
                        <Entry name="$TestDir" value="C:\Documents and Settings\ASUS X82Q SERIES\My Documents\Visual Studio 2008\Projects\TestProject\TestResults\ASUS X82Q SERIES_ASUS 2010-11-23 21_08_28" />
                        <Entry name="$AgentWeighting" value="100" />
                        <Entry name="$WebTestIteration" value="1" />
                        <Entry name="$WebTestUserId" value="1" />
                      </Context>
                    </WebRequestResult>
                    <WebRequestResult exceptionMessage="" run="0" submitted="true" cached="false" isRedirectFollow="false" requestBodyBytesHandle="-2" responseBytesHandle="61">
                      <Request url="http://localhost/industry/Interface/icon_6.jpg" command="GET /industry/Interface/icon_6.jpg HTTP/1.1" encoding="utf-8">
                        <Headers>Referer : http://localhost/industry/trade/business/index.php
User-Agent : Mozilla/4.0 (compatible; MSIE 7.0; Windows NT 5.1)
Accept : */*
Accept-Language : en-us
Accept-Encoding : GZIP
Host : localhost
Cookie : PHPSESSID=5a0b064b9e2796918842c00f72e52f69; mylang=vietnam
</Headers>
                      </Request>
                      <Response url="http://localhost/industry/Interface/icon_6.jpg" contentType="image/jpeg" statusLine="HTTP/1.1 200 OK" pageTime="NaN" time="0.009" statusCodeString="200 OK" contentLength="504">
                        <Headers>Accept-Ranges : bytes
Content-Length : 504
Content-Type : image/jpeg
Date : Tue, 23 Nov 2010 14:08:35 GMT
ETag : "63f09400-1f8-b5bad980"
Last-Modified : Tue, 03 Aug 2010 12:46:46 GMT
Server : Apache/2.2.4 (Win32) PHP/5.2.1
</Headers>
                      </Response>
                      <Context>
                        <Entry name="$TotalAgents" value="1" />
                        <Entry name="$ControllerName" value="ASUS" />
                        <Entry name="$AgentName" value="ASUS" />
                        <Entry name="$TestLogsDir" value="C:\Documents and Settings\ASUS X82Q SERIES\My Documents\Visual Studio 2008\Projects\TestProject\TestResults\ASUS X82Q SERIES_ASUS 2010-11-23 21_08_28\In\ASUS" />
                        <Entry name="$TestDeploymentDir" value="C:\Documents and Settings\ASUS X82Q SERIES\My Documents\Visual Studio 2008\Projects\TestProject\TestResults\ASUS X82Q SERIES_ASUS 2010-11-23 21_08_28\Out" />
                        <Entry name="$AgentId" value="1" />
                        <Entry name="$AgentLoadDistributor" value="Microsoft.VisualStudio.TestTools.Execution.AgentLoadDistributor" />
                        <Entry name="$TestDir" value="C:\Documents and Settings\ASUS X82Q SERIES\My Documents\Visual Studio 2008\Projects\TestProject\TestResults\ASUS X82Q SERIES_ASUS 2010-11-23 21_08_28" />
                        <Entry name="$AgentWeighting" value="100" />
                        <Entry name="$WebTestIteration" value="1" />
                        <Entry name="$WebTestUserId" value="1" />
                      </Context>
                    </WebRequestResult>
                    <WebRequestResult exceptionMessage="" run="0" submitted="true" cached="false" isRedirectFollow="false" requestBodyBytesHandle="-2" responseBytesHandle="62">
                      <Request url="http://localhost/industry/Interface/icon_5.jpg" command="GET /industry/Interface/icon_5.jpg HTTP/1.1" encoding="utf-8">
                        <Headers>Referer : http://localhost/industry/trade/business/index.php
User-Agent : Mozilla/4.0 (compatible; MSIE 7.0; Windows NT 5.1)
Accept : */*
Accept-Language : en-us
Accept-Encoding : GZIP
Host : localhost
Cookie : PHPSESSID=5a0b064b9e2796918842c00f72e52f69; mylang=vietnam
</Headers>
                      </Request>
                      <Response url="http://localhost/industry/Interface/icon_5.jpg" contentType="image/jpeg" statusLine="HTTP/1.1 200 OK" pageTime="NaN" time="0.004" statusCodeString="200 OK" contentLength="603">
                        <Headers>Accept-Ranges : bytes
Content-Length : 603
Content-Type : image/jpeg
Date : Tue, 23 Nov 2010 14:08:35 GMT
ETag : "63f093e0-25b-53aca500"
Last-Modified : Tue, 03 Aug 2010 08:44:36 GMT
Server : Apache/2.2.4 (Win32) PHP/5.2.1
</Headers>
                      </Response>
                      <Context>
                        <Entry name="$TotalAgents" value="1" />
                        <Entry name="$ControllerName" value="ASUS" />
                        <Entry name="$AgentName" value="ASUS" />
                        <Entry name="$TestLogsDir" value="C:\Documents and Settings\ASUS X82Q SERIES\My Documents\Visual Studio 2008\Projects\TestProject\TestResults\ASUS X82Q SERIES_ASUS 2010-11-23 21_08_28\In\ASUS" />
                        <Entry name="$TestDeploymentDir" value="C:\Documents and Settings\ASUS X82Q SERIES\My Documents\Visual Studio 2008\Projects\TestProject\TestResults\ASUS X82Q SERIES_ASUS 2010-11-23 21_08_28\Out" />
                        <Entry name="$AgentId" value="1" />
                        <Entry name="$AgentLoadDistributor" value="Microsoft.VisualStudio.TestTools.Execution.AgentLoadDistributor" />
                        <Entry name="$TestDir" value="C:\Documents and Settings\ASUS X82Q SERIES\My Documents\Visual Studio 2008\Projects\TestProject\TestResults\ASUS X82Q SERIES_ASUS 2010-11-23 21_08_28" />
                        <Entry name="$AgentWeighting" value="100" />
                        <Entry name="$WebTestIteration" value="1" />
                        <Entry name="$WebTestUserId" value="1" />
                      </Context>
                    </WebRequestResult>
                    <WebRequestResult exceptionMessage="" run="0" submitted="true" cached="false" isRedirectFollow="false" requestBodyBytesHandle="-2" responseBytesHandle="63">
                      <Request url="http://localhost/industry/Interface/icon_4.jpg" command="GET /industry/Interface/icon_4.jpg HTTP/1.1" encoding="utf-8">
                        <Headers>Referer : http://localhost/industry/trade/business/index.php
User-Agent : Mozilla/4.0 (compatible; MSIE 7.0; Windows NT 5.1)
Accept : */*
Accept-Language : en-us
Accept-Encoding : GZIP
Host : localhost
Cookie : PHPSESSID=5a0b064b9e2796918842c00f72e52f69; mylang=vietnam
</Headers>
                      </Request>
                      <Response url="http://localhost/industry/Interface/icon_4.jpg" contentType="image/jpeg" statusLine="HTTP/1.1 200 OK" pageTime="NaN" time="0.004" statusCodeString="200 OK" contentLength="634">
                        <Headers>Accept-Ranges : bytes
Content-Length : 634
Content-Type : image/jpeg
Date : Tue, 23 Nov 2010 14:08:35 GMT
ETag : "63f093c0-27a-53511780"
Last-Modified : Tue, 03 Aug 2010 08:44:30 GMT
Server : Apache/2.2.4 (Win32) PHP/5.2.1
</Headers>
                      </Response>
                      <Context>
                        <Entry name="$TotalAgents" value="1" />
                        <Entry name="$ControllerName" value="ASUS" />
                        <Entry name="$AgentName" value="ASUS" />
                        <Entry name="$TestLogsDir" value="C:\Documents and Settings\ASUS X82Q SERIES\My Documents\Visual Studio 2008\Projects\TestProject\TestResults\ASUS X82Q SERIES_ASUS 2010-11-23 21_08_28\In\ASUS" />
                        <Entry name="$TestDeploymentDir" value="C:\Documents and Settings\ASUS X82Q SERIES\My Documents\Visual Studio 2008\Projects\TestProject\TestResults\ASUS X82Q SERIES_ASUS 2010-11-23 21_08_28\Out" />
                        <Entry name="$AgentId" value="1" />
                        <Entry name="$AgentLoadDistributor" value="Microsoft.VisualStudio.TestTools.Execution.AgentLoadDistributor" />
                        <Entry name="$TestDir" value="C:\Documents and Settings\ASUS X82Q SERIES\My Documents\Visual Studio 2008\Projects\TestProject\TestResults\ASUS X82Q SERIES_ASUS 2010-11-23 21_08_28" />
                        <Entry name="$AgentWeighting" value="100" />
                        <Entry name="$WebTestIteration" value="1" />
                        <Entry name="$WebTestUserId" value="1" />
                      </Context>
                    </WebRequestResult>
                    <WebRequestResult exceptionMessage="" run="0" submitted="true" cached="false" isRedirectFollow="false" requestBodyBytesHandle="-2" responseBytesHandle="64">
                      <Request url="http://localhost/industry/Interface/vietnam-icon.png" command="GET /industry/Interface/vietnam-icon.png HTTP/1.1" encoding="utf-8">
                        <Headers>Referer : http://localhost/industry/trade/business/index.php
User-Agent : Mozilla/4.0 (compatible; MSIE 7.0; Windows NT 5.1)
Accept : */*
Accept-Language : en-us
Accept-Encoding : GZIP
Host : localhost
Cookie : PHPSESSID=5a0b064b9e2796918842c00f72e52f69; mylang=vietnam
</Headers>
                      </Request>
                      <Response url="http://localhost/industry/Interface/vietnam-icon.png" contentType="image/png" statusLine="HTTP/1.1 200 OK" pageTime="NaN" time="0.005" statusCodeString="200 OK" contentLength="2387">
                        <Headers>Accept-Ranges : bytes
Content-Length : 2387
Content-Type : image/png
Date : Tue, 23 Nov 2010 14:08:35 GMT
ETag : "63f09b80-953-b79b1700"
Last-Modified : Mon, 26 Jul 2010 03:09:48 GMT
Server : Apache/2.2.4 (Win32) PHP/5.2.1
</Headers>
                      </Response>
                      <Context>
                        <Entry name="$TotalAgents" value="1" />
                        <Entry name="$ControllerName" value="ASUS" />
                        <Entry name="$AgentName" value="ASUS" />
                        <Entry name="$TestLogsDir" value="C:\Documents and Settings\ASUS X82Q SERIES\My Documents\Visual Studio 2008\Projects\TestProject\TestResults\ASUS X82Q SERIES_ASUS 2010-11-23 21_08_28\In\ASUS" />
                        <Entry name="$TestDeploymentDir" value="C:\Documents and Settings\ASUS X82Q SERIES\My Documents\Visual Studio 2008\Projects\TestProject\TestResults\ASUS X82Q SERIES_ASUS 2010-11-23 21_08_28\Out" />
                        <Entry name="$AgentId" value="1" />
                        <Entry name="$AgentLoadDistributor" value="Microsoft.VisualStudio.TestTools.Execution.AgentLoadDistributor" />
                        <Entry name="$TestDir" value="C:\Documents and Settings\ASUS X82Q SERIES\My Documents\Visual Studio 2008\Projects\TestProject\TestResults\ASUS X82Q SERIES_ASUS 2010-11-23 21_08_28" />
                        <Entry name="$AgentWeighting" value="100" />
                        <Entry name="$WebTestIteration" value="1" />
                        <Entry name="$WebTestUserId" value="1" />
                      </Context>
                    </WebRequestResult>
                  </DependantResults>
                  <ValidationRuleResults>
                    <ValidationRuleResult message="Passed" ruleType="Validation" name="Response URL" />
                  </ValidationRuleResults>
                </WebRequestResult>
              </WebTestResultPage>
              <WebTestResultPage>
                <WebRequestResult exceptionMessage="" run="0" submitted="true" cached="false" isRedirectFollow="false" requestBodyBytesHandle="-2" responseBytesHandle="79">
                  <Request url="http://localhost/industry/shop/business/index.php?imb=1" command="GET /industry/shop/business/index.php?imb=1 HTTP/1.1" encoding="utf-8">
                    <Headers>User-Agent : Mozilla/4.0 (compatible; MSIE 7.0; Windows NT 5.1)
Accept : */*
Accept-Language : en-us
Accept-Encoding : GZIP
Host : localhost
Cookie : PHPSESSID=5a0b064b9e2796918842c00f72e52f69; mylang=vietnam
</Headers>
                  </Request>
                  <Response url="http://localhost/industry/shop/business/index.php?imb=1" contentType="text/html; charset=utf-8" statusLine="HTTP/1.1 200 OK" pageTime="0.23199999999999998" time="0.092" statusCodeString="200 OK" contentLength="6508">
                    <Headers>Pragma : no-cache
Content-Length : 6508
Cache-Control : no-store, no-cache, must-revalidate, post-check=0, pre-check=0
Content-Type : text/html; charset:utf-8
Date : Tue, 23 Nov 2010 14:08:35 GMT
Expires : Thu, 19 Nov 1981 08:52:00 GMT
Set-Cookie : mylang=vietnam; expires=Tue, 30-Nov-2010 14:08:35 GMT; path=/
Server : Apache/2.2.4 (Win32) PHP/5.2.1
X-Powered-By : PHP/5.2.1
</Headers>
                  </Response>
                  <Context>
                    <Entry name="$TotalAgents" value="1" />
                    <Entry name="$ControllerName" value="ASUS" />
                    <Entry name="$AgentName" value="ASUS" />
                    <Entry name="$TestLogsDir" value="C:\Documents and Settings\ASUS X82Q SERIES\My Documents\Visual Studio 2008\Projects\TestProject\TestResults\ASUS X82Q SERIES_ASUS 2010-11-23 21_08_28\In\ASUS" />
                    <Entry name="$TestDeploymentDir" value="C:\Documents and Settings\ASUS X82Q SERIES\My Documents\Visual Studio 2008\Projects\TestProject\TestResults\ASUS X82Q SERIES_ASUS 2010-11-23 21_08_28\Out" />
                    <Entry name="$AgentId" value="1" />
                    <Entry name="$AgentLoadDistributor" value="Microsoft.VisualStudio.TestTools.Execution.AgentLoadDistributor" />
                    <Entry name="$TestDir" value="C:\Documents and Settings\ASUS X82Q SERIES\My Documents\Visual Studio 2008\Projects\TestProject\TestResults\ASUS X82Q SERIES_ASUS 2010-11-23 21_08_28" />
                    <Entry name="$AgentWeighting" value="100" />
                    <Entry name="$WebTestIteration" value="1" />
                    <Entry name="$WebTestUserId" value="1" />
                  </Context>
                  <DependantResults>
                    <WebRequestResult exceptionMessage="" run="0" submitted="true" cached="false" isRedirectFollow="false" requestBodyBytesHandle="-2" responseBytesHandle="1">
                      <Request url="http://localhost/industry/library/css/style.css" command="GET /industry/library/css/style.css HTTP/1.1" encoding="utf-8">
                        <Headers>Referer : http://localhost/industry/shop/business/index.php?imb=1
User-Agent : Mozilla/4.0 (compatible; MSIE 7.0; Windows NT 5.1)
Accept : */*
Accept-Language : en-us
Accept-Encoding : GZIP
Host : localhost
Cookie : PHPSESSID=5a0b064b9e2796918842c00f72e52f69; mylang=vietnam
</Headers>
                      </Request>
                      <Response url="http://localhost/industry/library/css/style.css" contentType="text/css" statusLine="HTTP/1.1 200 OK" pageTime="NaN" time="0.019" statusCodeString="200 OK" contentLength="9991">
                        <Headers>Accept-Ranges : bytes
Content-Length : 9991
Content-Type : text/css
Date : Tue, 23 Nov 2010 14:08:35 GMT
ETag : "64155240-2707-e0400a80"
Last-Modified : Fri, 24 Sep 2010 18:52:10 GMT
Server : Apache/2.2.4 (Win32) PHP/5.2.1
</Headers>
                      </Response>
                      <Context>
                        <Entry name="$TotalAgents" value="1" />
                        <Entry name="$ControllerName" value="ASUS" />
                        <Entry name="$AgentName" value="ASUS" />
                        <Entry name="$TestLogsDir" value="C:\Documents and Settings\ASUS X82Q SERIES\My Documents\Visual Studio 2008\Projects\TestProject\TestResults\ASUS X82Q SERIES_ASUS 2010-11-23 21_08_28\In\ASUS" />
                        <Entry name="$TestDeploymentDir" value="C:\Documents and Settings\ASUS X82Q SERIES\My Documents\Visual Studio 2008\Projects\TestProject\TestResults\ASUS X82Q SERIES_ASUS 2010-11-23 21_08_28\Out" />
                        <Entry name="$AgentId" value="1" />
                        <Entry name="$AgentLoadDistributor" value="Microsoft.VisualStudio.TestTools.Execution.AgentLoadDistributor" />
                        <Entry name="$TestDir" value="C:\Documents and Settings\ASUS X82Q SERIES\My Documents\Visual Studio 2008\Projects\TestProject\TestResults\ASUS X82Q SERIES_ASUS 2010-11-23 21_08_28" />
                        <Entry name="$AgentWeighting" value="100" />
                        <Entry name="$WebTestIteration" value="1" />
                        <Entry name="$WebTestUserId" value="1" />
                      </Context>
                    </WebRequestResult>
                    <WebRequestResult exceptionMessage="" run="0" submitted="true" cached="false" isRedirectFollow="false" requestBodyBytesHandle="-2" responseBytesHandle="71">
                      <Request url="http://localhost/industry/library/css/style_shop.css" command="GET /industry/library/css/style_shop.css HTTP/1.1" encoding="utf-8">
                        <Headers>Referer : http://localhost/industry/shop/business/index.php?imb=1
User-Agent : Mozilla/4.0 (compatible; MSIE 7.0; Windows NT 5.1)
Accept : */*
Accept-Language : en-us
Accept-Encoding : GZIP
Host : localhost
Cookie : PHPSESSID=5a0b064b9e2796918842c00f72e52f69; mylang=vietnam
</Headers>
                      </Request>
                      <Response url="http://localhost/industry/library/css/style_shop.css" contentType="text/css" statusLine="HTTP/1.1 200 OK" pageTime="NaN" time="0.022" statusCodeString="200 OK" contentLength="3829">
                        <Headers>Accept-Ranges : bytes
Content-Length : 3829
Content-Type : text/css
Date : Tue, 23 Nov 2010 14:08:35 GMT
ETag : "641554e0-ef5-a458d300"
Last-Modified : Mon, 20 Sep 2010 04:49:48 GMT
Server : Apache/2.2.4 (Win32) PHP/5.2.1
</Headers>
                      </Response>
                      <Context>
                        <Entry name="$TotalAgents" value="1" />
                        <Entry name="$ControllerName" value="ASUS" />
                        <Entry name="$AgentName" value="ASUS" />
                        <Entry name="$TestLogsDir" value="C:\Documents and Settings\ASUS X82Q SERIES\My Documents\Visual Studio 2008\Projects\TestProject\TestResults\ASUS X82Q SERIES_ASUS 2010-11-23 21_08_28\In\ASUS" />
                        <Entry name="$TestDeploymentDir" value="C:\Documents and Settings\ASUS X82Q SERIES\My Documents\Visual Studio 2008\Projects\TestProject\TestResults\ASUS X82Q SERIES_ASUS 2010-11-23 21_08_28\Out" />
                        <Entry name="$AgentId" value="1" />
                        <Entry name="$AgentLoadDistributor" value="Microsoft.VisualStudio.TestTools.Execution.AgentLoadDistributor" />
                        <Entry name="$TestDir" value="C:\Documents and Settings\ASUS X82Q SERIES\My Documents\Visual Studio 2008\Projects\TestProject\TestResults\ASUS X82Q SERIES_ASUS 2010-11-23 21_08_28" />
                        <Entry name="$AgentWeighting" value="100" />
                        <Entry name="$WebTestIteration" value="1" />
                        <Entry name="$WebTestUserId" value="1" />
                      </Context>
                    </WebRequestResult>
                    <WebRequestResult exceptionMessage="" run="0" submitted="true" cached="false" isRedirectFollow="false" requestBodyBytesHandle="-2" responseBytesHandle="44">
                      <Request url="http://localhost/industry/library/css/style_buy_sale.css" command="GET /industry/library/css/style_buy_sale.css HTTP/1.1" encoding="utf-8">
                        <Headers>Referer : http://localhost/industry/shop/business/index.php?imb=1
User-Agent : Mozilla/4.0 (compatible; MSIE 7.0; Windows NT 5.1)
Accept : */*
Accept-Language : en-us
Accept-Encoding : GZIP
Host : localhost
Cookie : PHPSESSID=5a0b064b9e2796918842c00f72e52f69; mylang=vietnam
</Headers>
                      </Request>
                      <Response url="http://localhost/industry/library/css/style_buy_sale.css" contentType="text/css" statusLine="HTTP/1.1 200 OK" pageTime="NaN" time="0.01" statusCodeString="200 OK" contentLength="4307">
                        <Headers>Accept-Ranges : bytes
Content-Length : 4307
Content-Type : text/css
Date : Tue, 23 Nov 2010 14:08:35 GMT
ETag : "641552a0-10d3-f8823c00"
Last-Modified : Mon, 20 Sep 2010 05:13:20 GMT
Server : Apache/2.2.4 (Win32) PHP/5.2.1
</Headers>
                      </Response>
                      <Context>
                        <Entry name="$TotalAgents" value="1" />
                        <Entry name="$ControllerName" value="ASUS" />
                        <Entry name="$AgentName" value="ASUS" />
                        <Entry name="$TestLogsDir" value="C:\Documents and Settings\ASUS X82Q SERIES\My Documents\Visual Studio 2008\Projects\TestProject\TestResults\ASUS X82Q SERIES_ASUS 2010-11-23 21_08_28\In\ASUS" />
                        <Entry name="$TestDeploymentDir" value="C:\Documents and Settings\ASUS X82Q SERIES\My Documents\Visual Studio 2008\Projects\TestProject\TestResults\ASUS X82Q SERIES_ASUS 2010-11-23 21_08_28\Out" />
                        <Entry name="$AgentId" value="1" />
                        <Entry name="$AgentLoadDistributor" value="Microsoft.VisualStudio.TestTools.Execution.AgentLoadDistributor" />
                        <Entry name="$TestDir" value="C:\Documents and Settings\ASUS X82Q SERIES\My Documents\Visual Studio 2008\Projects\TestProject\TestResults\ASUS X82Q SERIES_ASUS 2010-11-23 21_08_28" />
                        <Entry name="$AgentWeighting" value="100" />
                        <Entry name="$WebTestIteration" value="1" />
                        <Entry name="$WebTestUserId" value="1" />
                      </Context>
                    </WebRequestResult>
                    <WebRequestResult exceptionMessage="" run="0" submitted="true" cached="false" isRedirectFollow="false" requestBodyBytesHandle="-2" responseBytesHandle="2">
                      <Request url="http://localhost/industry/library/css/style_menu.css" command="GET /industry/library/css/style_menu.css HTTP/1.1" encoding="utf-8">
                        <Headers>Referer : http://localhost/industry/shop/business/index.php?imb=1
User-Agent : Mozilla/4.0 (compatible; MSIE 7.0; Windows NT 5.1)
Accept : */*
Accept-Language : en-us
Accept-Encoding : GZIP
Host : localhost
Cookie : PHPSESSID=5a0b064b9e2796918842c00f72e52f69; mylang=vietnam
</Headers>
                      </Request>
                      <Response url="http://localhost/industry/library/css/style_menu.css" contentType="text/css" statusLine="HTTP/1.1 200 OK" pageTime="NaN" time="0.013" statusCodeString="200 OK" contentLength="1103">
                        <Headers>Accept-Ranges : bytes
Content-Length : 1103
Content-Type : text/css
Date : Tue, 23 Nov 2010 14:08:35 GMT
ETag : "641553c0-44f-9c443c00"
Last-Modified : Fri, 27 Aug 2010 12:54:08 GMT
Server : Apache/2.2.4 (Win32) PHP/5.2.1
</Headers>
                      </Response>
                      <Context>
                        <Entry name="$TotalAgents" value="1" />
                        <Entry name="$ControllerName" value="ASUS" />
                        <Entry name="$AgentName" value="ASUS" />
                        <Entry name="$TestLogsDir" value="C:\Documents and Settings\ASUS X82Q SERIES\My Documents\Visual Studio 2008\Projects\TestProject\TestResults\ASUS X82Q SERIES_ASUS 2010-11-23 21_08_28\In\ASUS" />
                        <Entry name="$TestDeploymentDir" value="C:\Documents and Settings\ASUS X82Q SERIES\My Documents\Visual Studio 2008\Projects\TestProject\TestResults\ASUS X82Q SERIES_ASUS 2010-11-23 21_08_28\Out" />
                        <Entry name="$AgentId" value="1" />
                        <Entry name="$AgentLoadDistributor" value="Microsoft.VisualStudio.TestTools.Execution.AgentLoadDistributor" />
                        <Entry name="$TestDir" value="C:\Documents and Settings\ASUS X82Q SERIES\My Documents\Visual Studio 2008\Projects\TestProject\TestResults\ASUS X82Q SERIES_ASUS 2010-11-23 21_08_28" />
                        <Entry name="$AgentWeighting" value="100" />
                        <Entry name="$WebTestIteration" value="1" />
                        <Entry name="$WebTestUserId" value="1" />
                      </Context>
                    </WebRequestResult>
                    <WebRequestResult exceptionMessage="" run="0" submitted="true" cached="false" isRedirectFollow="false" requestBodyBytesHandle="-2" responseBytesHandle="72">
                      <Request url="http://localhost/industry/library/css/style_menu_shop.css" command="GET /industry/library/css/style_menu_shop.css HTTP/1.1" encoding="utf-8">
                        <Headers>Referer : http://localhost/industry/shop/business/index.php?imb=1
User-Agent : Mozilla/4.0 (compatible; MSIE 7.0; Windows NT 5.1)
Accept : */*
Accept-Language : en-us
Accept-Encoding : GZIP
Host : localhost
Cookie : PHPSESSID=5a0b064b9e2796918842c00f72e52f69; mylang=vietnam
</Headers>
                      </Request>
                      <Response url="http://localhost/industry/library/css/style_menu_shop.css" contentType="text/css" statusLine="HTTP/1.1 200 OK" pageTime="NaN" time="0.017" statusCodeString="200 OK" contentLength="1509">
                        <Headers>Accept-Ranges : bytes
Content-Length : 1509
Content-Type : text/css
Date : Tue, 23 Nov 2010 14:08:35 GMT
ETag : "64155420-5e5-32c96f80"
Last-Modified : Mon, 06 Sep 2010 03:51:42 GMT
Server : Apache/2.2.4 (Win32) PHP/5.2.1
</Headers>
                      </Response>
                      <Context>
                        <Entry name="$TotalAgents" value="1" />
                        <Entry name="$ControllerName" value="ASUS" />
                        <Entry name="$AgentName" value="ASUS" />
                        <Entry name="$TestLogsDir" value="C:\Documents and Settings\ASUS X82Q SERIES\My Documents\Visual Studio 2008\Projects\TestProject\TestResults\ASUS X82Q SERIES_ASUS 2010-11-23 21_08_28\In\ASUS" />
                        <Entry name="$TestDeploymentDir" value="C:\Documents and Settings\ASUS X82Q SERIES\My Documents\Visual Studio 2008\Projects\TestProject\TestResults\ASUS X82Q SERIES_ASUS 2010-11-23 21_08_28\Out" />
                        <Entry name="$AgentId" value="1" />
                        <Entry name="$AgentLoadDistributor" value="Microsoft.VisualStudio.TestTools.Execution.AgentLoadDistributor" />
                        <Entry name="$TestDir" value="C:\Documents and Settings\ASUS X82Q SERIES\My Documents\Visual Studio 2008\Projects\TestProject\TestResults\ASUS X82Q SERIES_ASUS 2010-11-23 21_08_28" />
                        <Entry name="$AgentWeighting" value="100" />
                        <Entry name="$WebTestIteration" value="1" />
                        <Entry name="$WebTestUserId" value="1" />
                      </Context>
                    </WebRequestResult>
                    <WebRequestResult exceptionMessage="" run="0" submitted="true" cached="false" isRedirectFollow="false" requestBodyBytesHandle="-2" responseBytesHandle="8">
                      <Request url="http://localhost/industry/library/js/script.js" command="GET /industry/library/js/script.js HTTP/1.1" encoding="utf-8">
                        <Headers>Referer : http://localhost/industry/shop/business/index.php?imb=1
User-Agent : Mozilla/4.0 (compatible; MSIE 7.0; Windows NT 5.1)
Accept : */*
Accept-Language : en-us
Accept-Encoding : GZIP
Host : localhost
Cookie : PHPSESSID=5a0b064b9e2796918842c00f72e52f69; mylang=vietnam
</Headers>
                      </Request>
                      <Response url="http://localhost/industry/library/js/script.js" contentType="application/x-javascript" statusLine="HTTP/1.1 200 OK" pageTime="NaN" time="0.029" statusCodeString="200 OK" contentLength="403">
                        <Headers>Accept-Ranges : bytes
Content-Length : 403
Content-Type : application/x-javascript
Date : Tue, 23 Nov 2010 14:08:35 GMT
ETag : "640c1340-193-56ac8480"
Last-Modified : Tue, 27 Jul 2010 06:09:06 GMT
Server : Apache/2.2.4 (Win32) PHP/5.2.1
</Headers>
                      </Response>
                      <Context>
                        <Entry name="$TotalAgents" value="1" />
                        <Entry name="$ControllerName" value="ASUS" />
                        <Entry name="$AgentName" value="ASUS" />
                        <Entry name="$TestLogsDir" value="C:\Documents and Settings\ASUS X82Q SERIES\My Documents\Visual Studio 2008\Projects\TestProject\TestResults\ASUS X82Q SERIES_ASUS 2010-11-23 21_08_28\In\ASUS" />
                        <Entry name="$TestDeploymentDir" value="C:\Documents and Settings\ASUS X82Q SERIES\My Documents\Visual Studio 2008\Projects\TestProject\TestResults\ASUS X82Q SERIES_ASUS 2010-11-23 21_08_28\Out" />
                        <Entry name="$AgentId" value="1" />
                        <Entry name="$AgentLoadDistributor" value="Microsoft.VisualStudio.TestTools.Execution.AgentLoadDistributor" />
                        <Entry name="$TestDir" value="C:\Documents and Settings\ASUS X82Q SERIES\My Documents\Visual Studio 2008\Projects\TestProject\TestResults\ASUS X82Q SERIES_ASUS 2010-11-23 21_08_28" />
                        <Entry name="$AgentWeighting" value="100" />
                        <Entry name="$WebTestIteration" value="1" />
                        <Entry name="$WebTestUserId" value="1" />
                      </Context>
                    </WebRequestResult>
                    <WebRequestResult exceptionMessage="" run="0" submitted="true" cached="false" isRedirectFollow="false" requestBodyBytesHandle="-2" responseBytesHandle="13">
                      <Request url="http://localhost/industry/flags/vn.gif" command="GET /industry/flags/vn.gif HTTP/1.1" encoding="utf-8">
                        <Headers>Referer : http://localhost/industry/shop/business/index.php?imb=1
User-Agent : Mozilla/4.0 (compatible; MSIE 7.0; Windows NT 5.1)
Accept : */*
Accept-Language : en-us
Accept-Encoding : GZIP
Host : localhost
Cookie : PHPSESSID=5a0b064b9e2796918842c00f72e52f69; mylang=vietnam
</Headers>
                      </Request>
                      <Response url="http://localhost/industry/flags/vn.gif" contentType="image/gif" statusLine="HTTP/1.1 200 OK" pageTime="NaN" time="0.023" statusCodeString="200 OK" contentLength="6872">
                        <Headers>Accept-Ranges : bytes
Content-Length : 6872
Content-Type : image/gif
Date : Tue, 23 Nov 2010 14:08:35 GMT
ETag : "624610c0-1ad8-5ae82180"
Last-Modified : Thu, 09 Jul 2009 05:44:54 GMT
Server : Apache/2.2.4 (Win32) PHP/5.2.1
</Headers>
                      </Response>
                      <Context>
                        <Entry name="$TotalAgents" value="1" />
                        <Entry name="$ControllerName" value="ASUS" />
                        <Entry name="$AgentName" value="ASUS" />
                        <Entry name="$TestLogsDir" value="C:\Documents and Settings\ASUS X82Q SERIES\My Documents\Visual Studio 2008\Projects\TestProject\TestResults\ASUS X82Q SERIES_ASUS 2010-11-23 21_08_28\In\ASUS" />
                        <Entry name="$TestDeploymentDir" value="C:\Documents and Settings\ASUS X82Q SERIES\My Documents\Visual Studio 2008\Projects\TestProject\TestResults\ASUS X82Q SERIES_ASUS 2010-11-23 21_08_28\Out" />
                        <Entry name="$AgentId" value="1" />
                        <Entry name="$AgentLoadDistributor" value="Microsoft.VisualStudio.TestTools.Execution.AgentLoadDistributor" />
                        <Entry name="$TestDir" value="C:\Documents and Settings\ASUS X82Q SERIES\My Documents\Visual Studio 2008\Projects\TestProject\TestResults\ASUS X82Q SERIES_ASUS 2010-11-23 21_08_28" />
                        <Entry name="$AgentWeighting" value="100" />
                        <Entry name="$WebTestIteration" value="1" />
                        <Entry name="$WebTestUserId" value="1" />
                      </Context>
                    </WebRequestResult>
                    <WebRequestResult exceptionMessage="" run="0" submitted="true" cached="false" isRedirectFollow="false" requestBodyBytesHandle="-2" responseBytesHandle="11">
                      <Request url="http://localhost/industry/library/js/jquery_menu.js" command="GET /industry/library/js/jquery_menu.js HTTP/1.1" encoding="utf-8">
                        <Headers>Referer : http://localhost/industry/shop/business/index.php?imb=1
User-Agent : Mozilla/4.0 (compatible; MSIE 7.0; Windows NT 5.1)
Accept : */*
Accept-Language : en-us
Accept-Encoding : GZIP
Host : localhost
Cookie : PHPSESSID=5a0b064b9e2796918842c00f72e52f69; mylang=vietnam
</Headers>
                      </Request>
                      <Response url="http://localhost/industry/library/js/jquery_menu.js" contentType="application/x-javascript" statusLine="HTTP/1.1 200 OK" pageTime="NaN" time="0.079" statusCodeString="200 OK" contentLength="57170">
                        <Headers>X-Pad : avoid browser bug
Accept-Ranges : bytes
Content-Length : 57170
Content-Type : application/x-javascript
Date : Tue, 23 Nov 2010 14:08:35 GMT
ETag : "640c1260-df52-984af280"
Last-Modified : Tue, 27 Jul 2010 02:52:42 GMT
Server : Apache/2.2.4 (Win32) PHP/5.2.1
</Headers>
                      </Response>
                      <Context>
                        <Entry name="$TotalAgents" value="1" />
                        <Entry name="$ControllerName" value="ASUS" />
                        <Entry name="$AgentName" value="ASUS" />
                        <Entry name="$TestLogsDir" value="C:\Documents and Settings\ASUS X82Q SERIES\My Documents\Visual Studio 2008\Projects\TestProject\TestResults\ASUS X82Q SERIES_ASUS 2010-11-23 21_08_28\In\ASUS" />
                        <Entry name="$TestDeploymentDir" value="C:\Documents and Settings\ASUS X82Q SERIES\My Documents\Visual Studio 2008\Projects\TestProject\TestResults\ASUS X82Q SERIES_ASUS 2010-11-23 21_08_28\Out" />
                        <Entry name="$AgentId" value="1" />
                        <Entry name="$AgentLoadDistributor" value="Microsoft.VisualStudio.TestTools.Execution.AgentLoadDistributor" />
                        <Entry name="$TestDir" value="C:\Documents and Settings\ASUS X82Q SERIES\My Documents\Visual Studio 2008\Projects\TestProject\TestResults\ASUS X82Q SERIES_ASUS 2010-11-23 21_08_28" />
                        <Entry name="$AgentWeighting" value="100" />
                        <Entry name="$WebTestIteration" value="1" />
                        <Entry name="$WebTestUserId" value="1" />
                      </Context>
                    </WebRequestResult>
                    <WebRequestResult exceptionMessage="" run="0" submitted="true" cached="false" isRedirectFollow="false" requestBodyBytesHandle="-2" responseBytesHandle="14">
                      <Request url="http://localhost/industry/flags/en.gif" command="GET /industry/flags/en.gif HTTP/1.1" encoding="utf-8">
                        <Headers>Referer : http://localhost/industry/shop/business/index.php?imb=1
User-Agent : Mozilla/4.0 (compatible; MSIE 7.0; Windows NT 5.1)
Accept : */*
Accept-Language : en-us
Accept-Encoding : GZIP
Host : localhost
Cookie : PHPSESSID=5a0b064b9e2796918842c00f72e52f69; mylang=vietnam
</Headers>
                      </Request>
                      <Response url="http://localhost/industry/flags/en.gif" contentType="image/gif" statusLine="HTTP/1.1 200 OK" pageTime="NaN" time="0.026" statusCodeString="200 OK" contentLength="8275">
                        <Headers>Accept-Ranges : bytes
Content-Length : 8275
Content-Type : image/gif
Date : Tue, 23 Nov 2010 14:08:35 GMT
ETag : "62461040-2053-5de31200"
Last-Modified : Thu, 09 Jul 2009 05:45:44 GMT
Server : Apache/2.2.4 (Win32) PHP/5.2.1
</Headers>
                      </Response>
                      <Context>
                        <Entry name="$TotalAgents" value="1" />
                        <Entry name="$ControllerName" value="ASUS" />
                        <Entry name="$AgentName" value="ASUS" />
                        <Entry name="$TestLogsDir" value="C:\Documents and Settings\ASUS X82Q SERIES\My Documents\Visual Studio 2008\Projects\TestProject\TestResults\ASUS X82Q SERIES_ASUS 2010-11-23 21_08_28\In\ASUS" />
                        <Entry name="$TestDeploymentDir" value="C:\Documents and Settings\ASUS X82Q SERIES\My Documents\Visual Studio 2008\Projects\TestProject\TestResults\ASUS X82Q SERIES_ASUS 2010-11-23 21_08_28\Out" />
                        <Entry name="$AgentId" value="1" />
                        <Entry name="$AgentLoadDistributor" value="Microsoft.VisualStudio.TestTools.Execution.AgentLoadDistributor" />
                        <Entry name="$TestDir" value="C:\Documents and Settings\ASUS X82Q SERIES\My Documents\Visual Studio 2008\Projects\TestProject\TestResults\ASUS X82Q SERIES_ASUS 2010-11-23 21_08_28" />
                        <Entry name="$AgentWeighting" value="100" />
                        <Entry name="$WebTestIteration" value="1" />
                        <Entry name="$WebTestUserId" value="1" />
                      </Context>
                    </WebRequestResult>
                    <WebRequestResult exceptionMessage="" run="0" submitted="true" cached="false" isRedirectFollow="false" requestBodyBytesHandle="-2" responseBytesHandle="1">
                      <Request url="http://localhost/industry/library/CSS/style.css" command="GET /industry/library/CSS/style.css HTTP/1.1" encoding="utf-8">
                        <Headers>Referer : http://localhost/industry/shop/business/index.php?imb=1
User-Agent : Mozilla/4.0 (compatible; MSIE 7.0; Windows NT 5.1)
Accept : */*
Accept-Language : en-us
Accept-Encoding : GZIP
Host : localhost
Cookie : PHPSESSID=5a0b064b9e2796918842c00f72e52f69; mylang=vietnam
</Headers>
                      </Request>
                      <Response url="http://localhost/industry/library/CSS/style.css" contentType="text/css" statusLine="HTTP/1.1 200 OK" pageTime="NaN" time="0.022" statusCodeString="200 OK" contentLength="9991">
                        <Headers>Accept-Ranges : bytes
Content-Length : 9991
Content-Type : text/css
Date : Tue, 23 Nov 2010 14:08:35 GMT
ETag : "64155240-2707-e0400a80"
Last-Modified : Fri, 24 Sep 2010 18:52:10 GMT
Server : Apache/2.2.4 (Win32) PHP/5.2.1
</Headers>
                      </Response>
                      <Context>
                        <Entry name="$TotalAgents" value="1" />
                        <Entry name="$ControllerName" value="ASUS" />
                        <Entry name="$AgentName" value="ASUS" />
                        <Entry name="$TestLogsDir" value="C:\Documents and Settings\ASUS X82Q SERIES\My Documents\Visual Studio 2008\Projects\TestProject\TestResults\ASUS X82Q SERIES_ASUS 2010-11-23 21_08_28\In\ASUS" />
                        <Entry name="$TestDeploymentDir" value="C:\Documents and Settings\ASUS X82Q SERIES\My Documents\Visual Studio 2008\Projects\TestProject\TestResults\ASUS X82Q SERIES_ASUS 2010-11-23 21_08_28\Out" />
                        <Entry name="$AgentId" value="1" />
                        <Entry name="$AgentLoadDistributor" value="Microsoft.VisualStudio.TestTools.Execution.AgentLoadDistributor" />
                        <Entry name="$TestDir" value="C:\Documents and Settings\ASUS X82Q SERIES\My Documents\Visual Studio 2008\Projects\TestProject\TestResults\ASUS X82Q SERIES_ASUS 2010-11-23 21_08_28" />
                        <Entry name="$AgentWeighting" value="100" />
                        <Entry name="$WebTestIteration" value="1" />
                        <Entry name="$WebTestUserId" value="1" />
                      </Context>
                    </WebRequestResult>
                    <WebRequestResult exceptionMessage="" run="0" submitted="true" cached="false" isRedirectFollow="false" requestBodyBytesHandle="-2" responseBytesHandle="15">
                      <Request url="http://localhost/industry/interface/search.jpg" command="GET /industry/interface/search.jpg HTTP/1.1" encoding="utf-8">
                        <Headers>Referer : http://localhost/industry/shop/business/index.php?imb=1
User-Agent : Mozilla/4.0 (compatible; MSIE 7.0; Windows NT 5.1)
Accept : */*
Accept-Language : en-us
Accept-Encoding : GZIP
Host : localhost
Cookie : PHPSESSID=5a0b064b9e2796918842c00f72e52f69; mylang=vietnam
</Headers>
                      </Request>
                      <Response url="http://localhost/industry/interface/search.jpg" contentType="image/jpeg" statusLine="HTTP/1.1 200 OK" pageTime="NaN" time="0.008" statusCodeString="200 OK" contentLength="1525">
                        <Headers>Accept-Ranges : bytes
Content-Length : 1525
Content-Type : image/jpeg
Date : Tue, 23 Nov 2010 14:08:35 GMT
ETag : "63f09960-5f5-160fc780"
Last-Modified : Sun, 25 Jul 2010 16:51:58 GMT
Server : Apache/2.2.4 (Win32) PHP/5.2.1
</Headers>
                      </Response>
                      <Context>
                        <Entry name="$TotalAgents" value="1" />
                        <Entry name="$ControllerName" value="ASUS" />
                        <Entry name="$AgentName" value="ASUS" />
                        <Entry name="$TestLogsDir" value="C:\Documents and Settings\ASUS X82Q SERIES\My Documents\Visual Studio 2008\Projects\TestProject\TestResults\ASUS X82Q SERIES_ASUS 2010-11-23 21_08_28\In\ASUS" />
                        <Entry name="$TestDeploymentDir" value="C:\Documents and Settings\ASUS X82Q SERIES\My Documents\Visual Studio 2008\Projects\TestProject\TestResults\ASUS X82Q SERIES_ASUS 2010-11-23 21_08_28\Out" />
                        <Entry name="$AgentId" value="1" />
                        <Entry name="$AgentLoadDistributor" value="Microsoft.VisualStudio.TestTools.Execution.AgentLoadDistributor" />
                        <Entry name="$TestDir" value="C:\Documents and Settings\ASUS X82Q SERIES\My Documents\Visual Studio 2008\Projects\TestProject\TestResults\ASUS X82Q SERIES_ASUS 2010-11-23 21_08_28" />
                        <Entry name="$AgentWeighting" value="100" />
                        <Entry name="$WebTestIteration" value="1" />
                        <Entry name="$WebTestUserId" value="1" />
                      </Context>
                    </WebRequestResult>
                  </DependantResults>
                  <ValidationRuleResults>
                    <ValidationRuleResult message="Passed" ruleType="Validation" name="Response URL" />
                  </ValidationRuleResults>
                </WebRequestResult>
              </WebTestResultPage>
              <WebTestResultPage>
                <WebRequestResult exceptionMessage="" run="0" submitted="true" cached="false" isRedirectFollow="false" requestBodyBytesHandle="-2" responseBytesHandle="80">
                  <Request url="http://localhost/industry/trade/service/index.php" command="GET /industry/trade/service/index.php HTTP/1.1" encoding="utf-8">
                    <Headers>User-Agent : Mozilla/4.0 (compatible; MSIE 7.0; Windows NT 5.1)
Accept : */*
Accept-Language : en-us
Accept-Encoding : GZIP
Host : localhost
Cookie : PHPSESSID=5a0b064b9e2796918842c00f72e52f69; mylang=vietnam
</Headers>
                  </Request>
                  <Response url="http://localhost/industry/trade/service/index.php" contentType="text/html; charset=utf-8" statusLine="HTTP/1.1 200 OK" pageTime="0.525" time="0.369" statusCodeString="200 OK" contentLength="17553">
                    <Headers>Pragma : no-cache
Transfer-Encoding : chunked
Cache-Control : no-store, no-cache, must-revalidate, post-check=0, pre-check=0
Content-Type : text/html; charset:utf-8
Date : Tue, 23 Nov 2010 14:08:35 GMT
Expires : Thu, 19 Nov 1981 08:52:00 GMT
Set-Cookie : mylang=vietnam; expires=Tue, 30-Nov-2010 14:08:35 GMT; path=/
Server : Apache/2.2.4 (Win32) PHP/5.2.1
X-Powered-By : PHP/5.2.1
</Headers>
                  </Response>
                  <Context>
                    <Entry name="$TotalAgents" value="1" />
                    <Entry name="$ControllerName" value="ASUS" />
                    <Entry name="$AgentName" value="ASUS" />
                    <Entry name="$TestLogsDir" value="C:\Documents and Settings\ASUS X82Q SERIES\My Documents\Visual Studio 2008\Projects\TestProject\TestResults\ASUS X82Q SERIES_ASUS 2010-11-23 21_08_28\In\ASUS" />
                    <Entry name="$TestDeploymentDir" value="C:\Documents and Settings\ASUS X82Q SERIES\My Documents\Visual Studio 2008\Projects\TestProject\TestResults\ASUS X82Q SERIES_ASUS 2010-11-23 21_08_28\Out" />
                    <Entry name="$AgentId" value="1" />
                    <Entry name="$AgentLoadDistributor" value="Microsoft.VisualStudio.TestTools.Execution.AgentLoadDistributor" />
                    <Entry name="$TestDir" value="C:\Documents and Settings\ASUS X82Q SERIES\My Documents\Visual Studio 2008\Projects\TestProject\TestResults\ASUS X82Q SERIES_ASUS 2010-11-23 21_08_28" />
                    <Entry name="$AgentWeighting" value="100" />
                    <Entry name="$WebTestIteration" value="1" />
                    <Entry name="$WebTestUserId" value="1" />
                  </Context>
                  <DependantResults>
                    <WebRequestResult exceptionMessage="" run="0" submitted="true" cached="false" isRedirectFollow="false" requestBodyBytesHandle="-2" responseBytesHandle="2">
                      <Request url="http://localhost/industry/library/CSS/style_menu.css" command="GET /industry/library/CSS/style_menu.css HTTP/1.1" encoding="utf-8">
                        <Headers>Referer : http://localhost/industry/trade/service/index.php
User-Agent : Mozilla/4.0 (compatible; MSIE 7.0; Windows NT 5.1)
Accept : */*
Accept-Language : en-us
Accept-Encoding : GZIP
Host : localhost
Cookie : PHPSESSID=5a0b064b9e2796918842c00f72e52f69; mylang=vietnam
</Headers>
                      </Request>
                      <Response url="http://localhost/industry/library/CSS/style_menu.css" contentType="text/css" statusLine="HTTP/1.1 200 OK" pageTime="NaN" time="0.007" statusCodeString="200 OK" contentLength="1103">
                        <Headers>Accept-Ranges : bytes
Content-Length : 1103
Content-Type : text/css
Date : Tue, 23 Nov 2010 14:08:36 GMT
ETag : "641553c0-44f-9c443c00"
Last-Modified : Fri, 27 Aug 2010 12:54:08 GMT
Server : Apache/2.2.4 (Win32) PHP/5.2.1
</Headers>
                      </Response>
                      <Context>
                        <Entry name="$TotalAgents" value="1" />
                        <Entry name="$ControllerName" value="ASUS" />
                        <Entry name="$AgentName" value="ASUS" />
                        <Entry name="$TestLogsDir" value="C:\Documents and Settings\ASUS X82Q SERIES\My Documents\Visual Studio 2008\Projects\TestProject\TestResults\ASUS X82Q SERIES_ASUS 2010-11-23 21_08_28\In\ASUS" />
                        <Entry name="$TestDeploymentDir" value="C:\Documents and Settings\ASUS X82Q SERIES\My Documents\Visual Studio 2008\Projects\TestProject\TestResults\ASUS X82Q SERIES_ASUS 2010-11-23 21_08_28\Out" />
                        <Entry name="$AgentId" value="1" />
                        <Entry name="$AgentLoadDistributor" value="Microsoft.VisualStudio.TestTools.Execution.AgentLoadDistributor" />
                        <Entry name="$TestDir" value="C:\Documents and Settings\ASUS X82Q SERIES\My Documents\Visual Studio 2008\Projects\TestProject\TestResults\ASUS X82Q SERIES_ASUS 2010-11-23 21_08_28" />
                        <Entry name="$AgentWeighting" value="100" />
                        <Entry name="$WebTestIteration" value="1" />
                        <Entry name="$WebTestUserId" value="1" />
                      </Context>
                    </WebRequestResult>
                    <WebRequestResult exceptionMessage="" run="0" submitted="true" cached="false" isRedirectFollow="false" requestBodyBytesHandle="-2" responseBytesHandle="1">
                      <Request url="http://localhost/industry/library/CSS/style.css" command="GET /industry/library/CSS/style.css HTTP/1.1" encoding="utf-8">
                        <Headers>Referer : http://localhost/industry/trade/service/index.php
User-Agent : Mozilla/4.0 (compatible; MSIE 7.0; Windows NT 5.1)
Accept : */*
Accept-Language : en-us
Accept-Encoding : GZIP
Host : localhost
Cookie : PHPSESSID=5a0b064b9e2796918842c00f72e52f69; mylang=vietnam
</Headers>
                      </Request>
                      <Response url="http://localhost/industry/library/CSS/style.css" contentType="text/css" statusLine="HTTP/1.1 200 OK" pageTime="NaN" time="0.01" statusCodeString="200 OK" contentLength="9991">
                        <Headers>Accept-Ranges : bytes
Content-Length : 9991
Content-Type : text/css
Date : Tue, 23 Nov 2010 14:08:36 GMT
ETag : "64155240-2707-e0400a80"
Last-Modified : Fri, 24 Sep 2010 18:52:10 GMT
Server : Apache/2.2.4 (Win32) PHP/5.2.1
</Headers>
                      </Response>
                      <Context>
                        <Entry name="$TotalAgents" value="1" />
                        <Entry name="$ControllerName" value="ASUS" />
                        <Entry name="$AgentName" value="ASUS" />
                        <Entry name="$TestLogsDir" value="C:\Documents and Settings\ASUS X82Q SERIES\My Documents\Visual Studio 2008\Projects\TestProject\TestResults\ASUS X82Q SERIES_ASUS 2010-11-23 21_08_28\In\ASUS" />
                        <Entry name="$TestDeploymentDir" value="C:\Documents and Settings\ASUS X82Q SERIES\My Documents\Visual Studio 2008\Projects\TestProject\TestResults\ASUS X82Q SERIES_ASUS 2010-11-23 21_08_28\Out" />
                        <Entry name="$AgentId" value="1" />
                        <Entry name="$AgentLoadDistributor" value="Microsoft.VisualStudio.TestTools.Execution.AgentLoadDistributor" />
                        <Entry name="$TestDir" value="C:\Documents and Settings\ASUS X82Q SERIES\My Documents\Visual Studio 2008\Projects\TestProject\TestResults\ASUS X82Q SERIES_ASUS 2010-11-23 21_08_28" />
                        <Entry name="$AgentWeighting" value="100" />
                        <Entry name="$WebTestIteration" value="1" />
                        <Entry name="$WebTestUserId" value="1" />
                      </Context>
                    </WebRequestResult>
                    <WebRequestResult exceptionMessage="" run="0" submitted="true" cached="false" isRedirectFollow="false" requestBodyBytesHandle="-2" responseBytesHandle="44">
                      <Request url="http://localhost/industry/library/CSS/style_buy_sale.css" command="GET /industry/library/CSS/style_buy_sale.css HTTP/1.1" encoding="utf-8">
                        <Headers>Referer : http://localhost/industry/trade/service/index.php
User-Agent : Mozilla/4.0 (compatible; MSIE 7.0; Windows NT 5.1)
Accept : */*
Accept-Language : en-us
Accept-Encoding : GZIP
Host : localhost
Cookie : PHPSESSID=5a0b064b9e2796918842c00f72e52f69; mylang=vietnam
</Headers>
                      </Request>
                      <Response url="http://localhost/industry/library/CSS/style_buy_sale.css" contentType="text/css" statusLine="HTTP/1.1 200 OK" pageTime="NaN" time="0.007" statusCodeString="200 OK" contentLength="4307">
                        <Headers>Accept-Ranges : bytes
Content-Length : 4307
Content-Type : text/css
Date : Tue, 23 Nov 2010 14:08:36 GMT
ETag : "641552a0-10d3-f8823c00"
Last-Modified : Mon, 20 Sep 2010 05:13:20 GMT
Server : Apache/2.2.4 (Win32) PHP/5.2.1
</Headers>
                      </Response>
                      <Context>
                        <Entry name="$TotalAgents" value="1" />
                        <Entry name="$ControllerName" value="ASUS" />
                        <Entry name="$AgentName" value="ASUS" />
                        <Entry name="$TestLogsDir" value="C:\Documents and Settings\ASUS X82Q SERIES\My Documents\Visual Studio 2008\Projects\TestProject\TestResults\ASUS X82Q SERIES_ASUS 2010-11-23 21_08_28\In\ASUS" />
                        <Entry name="$TestDeploymentDir" value="C:\Documents and Settings\ASUS X82Q SERIES\My Documents\Visual Studio 2008\Projects\TestProject\TestResults\ASUS X82Q SERIES_ASUS 2010-11-23 21_08_28\Out" />
                        <Entry name="$AgentId" value="1" />
                        <Entry name="$AgentLoadDistributor" value="Microsoft.VisualStudio.TestTools.Execution.AgentLoadDistributor" />
                        <Entry name="$TestDir" value="C:\Documents and Settings\ASUS X82Q SERIES\My Documents\Visual Studio 2008\Projects\TestProject\TestResults\ASUS X82Q SERIES_ASUS 2010-11-23 21_08_28" />
                        <Entry name="$AgentWeighting" value="100" />
                        <Entry name="$WebTestIteration" value="1" />
                        <Entry name="$WebTestUserId" value="1" />
                      </Context>
                    </WebRequestResult>
                    <WebRequestResult exceptionMessage="" run="0" submitted="true" cached="false" isRedirectFollow="false" requestBodyBytesHandle="-2" responseBytesHandle="43">
                      <Request url="http://localhost/industry/library/CSS/style-slide.css" command="GET /industry/library/CSS/style-slide.css HTTP/1.1" encoding="utf-8">
                        <Headers>Referer : http://localhost/industry/trade/service/index.php
User-Agent : Mozilla/4.0 (compatible; MSIE 7.0; Windows NT 5.1)
Accept : */*
Accept-Language : en-us
Accept-Encoding : GZIP
Host : localhost
Cookie : PHPSESSID=5a0b064b9e2796918842c00f72e52f69; mylang=vietnam
</Headers>
                      </Request>
                      <Response url="http://localhost/industry/library/CSS/style-slide.css" contentType="text/css" statusLine="HTTP/1.1 200 OK" pageTime="NaN" time="0.006" statusCodeString="200 OK" contentLength="1629">
                        <Headers>Accept-Ranges : bytes
Content-Length : 1629
Content-Type : text/css
Date : Tue, 23 Nov 2010 14:08:36 GMT
ETag : "64155220-65d-d44b7f00"
Last-Modified : Fri, 27 Aug 2010 13:09:48 GMT
Server : Apache/2.2.4 (Win32) PHP/5.2.1
</Headers>
                      </Response>
                      <Context>
                        <Entry name="$TotalAgents" value="1" />
                        <Entry name="$ControllerName" value="ASUS" />
                        <Entry name="$AgentName" value="ASUS" />
                        <Entry name="$TestLogsDir" value="C:\Documents and Settings\ASUS X82Q SERIES\My Documents\Visual Studio 2008\Projects\TestProject\TestResults\ASUS X82Q SERIES_ASUS 2010-11-23 21_08_28\In\ASUS" />
                        <Entry name="$TestDeploymentDir" value="C:\Documents and Settings\ASUS X82Q SERIES\My Documents\Visual Studio 2008\Projects\TestProject\TestResults\ASUS X82Q SERIES_ASUS 2010-11-23 21_08_28\Out" />
                        <Entry name="$AgentId" value="1" />
                        <Entry name="$AgentLoadDistributor" value="Microsoft.VisualStudio.TestTools.Execution.AgentLoadDistributor" />
                        <Entry name="$TestDir" value="C:\Documents and Settings\ASUS X82Q SERIES\My Documents\Visual Studio 2008\Projects\TestProject\TestResults\ASUS X82Q SERIES_ASUS 2010-11-23 21_08_28" />
                        <Entry name="$AgentWeighting" value="100" />
                        <Entry name="$WebTestIteration" value="1" />
                        <Entry name="$WebTestUserId" value="1" />
                      </Context>
                    </WebRequestResult>
                    <WebRequestResult exceptionMessage="" run="0" submitted="true" cached="false" isRedirectFollow="false" requestBodyBytesHandle="-2" responseBytesHandle="8">
                      <Request url="http://localhost/industry/library/js/script.js" command="GET /industry/library/js/script.js HTTP/1.1" encoding="utf-8">
                        <Headers>Referer : http://localhost/industry/trade/service/index.php
User-Agent : Mozilla/4.0 (compatible; MSIE 7.0; Windows NT 5.1)
Accept : */*
Accept-Language : en-us
Accept-Encoding : GZIP
Host : localhost
Cookie : PHPSESSID=5a0b064b9e2796918842c00f72e52f69; mylang=vietnam
</Headers>
                      </Request>
                      <Response url="http://localhost/industry/library/js/script.js" contentType="application/x-javascript" statusLine="HTTP/1.1 200 OK" pageTime="NaN" time="0.006" statusCodeString="200 OK" contentLength="403">
                        <Headers>Accept-Ranges : bytes
Content-Length : 403
Content-Type : application/x-javascript
Date : Tue, 23 Nov 2010 14:08:36 GMT
ETag : "640c1340-193-56ac8480"
Last-Modified : Tue, 27 Jul 2010 06:09:06 GMT
Server : Apache/2.2.4 (Win32) PHP/5.2.1
</Headers>
                      </Response>
                      <Context>
                        <Entry name="$TotalAgents" value="1" />
                        <Entry name="$ControllerName" value="ASUS" />
                        <Entry name="$AgentName" value="ASUS" />
                        <Entry name="$TestLogsDir" value="C:\Documents and Settings\ASUS X82Q SERIES\My Documents\Visual Studio 2008\Projects\TestProject\TestResults\ASUS X82Q SERIES_ASUS 2010-11-23 21_08_28\In\ASUS" />
                        <Entry name="$TestDeploymentDir" value="C:\Documents and Settings\ASUS X82Q SERIES\My Documents\Visual Studio 2008\Projects\TestProject\TestResults\ASUS X82Q SERIES_ASUS 2010-11-23 21_08_28\Out" />
                        <Entry name="$AgentId" value="1" />
                        <Entry name="$AgentLoadDistributor" value="Microsoft.VisualStudio.TestTools.Execution.AgentLoadDistributor" />
                        <Entry name="$TestDir" value="C:\Documents and Settings\ASUS X82Q SERIES\My Documents\Visual Studio 2008\Projects\TestProject\TestResults\ASUS X82Q SERIES_ASUS 2010-11-23 21_08_28" />
                        <Entry name="$AgentWeighting" value="100" />
                        <Entry name="$WebTestIteration" value="1" />
                        <Entry name="$WebTestUserId" value="1" />
                      </Context>
                    </WebRequestResult>
                    <WebRequestResult exceptionMessage="" run="0" submitted="true" cached="false" isRedirectFollow="false" requestBodyBytesHandle="-2" responseBytesHandle="11">
                      <Request url="http://localhost/industry/library/js/jquery_menu.js" command="GET /industry/library/js/jquery_menu.js HTTP/1.1" encoding="utf-8">
                        <Headers>Referer : http://localhost/industry/trade/service/index.php
User-Agent : Mozilla/4.0 (compatible; MSIE 7.0; Windows NT 5.1)
Accept : */*
Accept-Language : en-us
Accept-Encoding : GZIP
Host : localhost
Cookie : PHPSESSID=5a0b064b9e2796918842c00f72e52f69; mylang=vietnam
</Headers>
                      </Request>
                      <Response url="http://localhost/industry/library/js/jquery_menu.js" contentType="application/x-javascript" statusLine="HTTP/1.1 200 OK" pageTime="NaN" time="0.064" statusCodeString="200 OK" contentLength="57170">
                        <Headers>X-Pad : avoid browser bug
Accept-Ranges : bytes
Content-Length : 57170
Content-Type : application/x-javascript
Date : Tue, 23 Nov 2010 14:08:36 GMT
ETag : "640c1260-df52-984af280"
Last-Modified : Tue, 27 Jul 2010 02:52:42 GMT
Server : Apache/2.2.4 (Win32) PHP/5.2.1
</Headers>
                      </Response>
                      <Context>
                        <Entry name="$TotalAgents" value="1" />
                        <Entry name="$ControllerName" value="ASUS" />
                        <Entry name="$AgentName" value="ASUS" />
                        <Entry name="$TestLogsDir" value="C:\Documents and Settings\ASUS X82Q SERIES\My Documents\Visual Studio 2008\Projects\TestProject\TestResults\ASUS X82Q SERIES_ASUS 2010-11-23 21_08_28\In\ASUS" />
                        <Entry name="$TestDeploymentDir" value="C:\Documents and Settings\ASUS X82Q SERIES\My Documents\Visual Studio 2008\Projects\TestProject\TestResults\ASUS X82Q SERIES_ASUS 2010-11-23 21_08_28\Out" />
                        <Entry name="$AgentId" value="1" />
                        <Entry name="$AgentLoadDistributor" value="Microsoft.VisualStudio.TestTools.Execution.AgentLoadDistributor" />
                        <Entry name="$TestDir" value="C:\Documents and Settings\ASUS X82Q SERIES\My Documents\Visual Studio 2008\Projects\TestProject\TestResults\ASUS X82Q SERIES_ASUS 2010-11-23 21_08_28" />
                        <Entry name="$AgentWeighting" value="100" />
                        <Entry name="$WebTestIteration" value="1" />
                        <Entry name="$WebTestUserId" value="1" />
                      </Context>
                    </WebRequestResult>
                    <WebRequestResult exceptionMessage="" run="0" submitted="true" cached="false" isRedirectFollow="false" requestBodyBytesHandle="-2" responseBytesHandle="45">
                      <Request url="http://localhost/industry/library/js/jquery.js" command="GET /industry/library/js/jquery.js HTTP/1.1" encoding="utf-8">
                        <Headers>Referer : http://localhost/industry/trade/service/index.php
User-Agent : Mozilla/4.0 (compatible; MSIE 7.0; Windows NT 5.1)
Accept : */*
Accept-Language : en-us
Accept-Encoding : GZIP
Host : localhost
Cookie : PHPSESSID=5a0b064b9e2796918842c00f72e52f69; mylang=vietnam
</Headers>
                      </Request>
                      <Response url="http://localhost/industry/library/js/jquery.js" contentType="application/x-javascript" statusLine="HTTP/1.1 200 OK" pageTime="NaN" time="0.058" statusCodeString="200 OK" contentLength="50783">
                        <Headers>X-Pad : avoid browser bug
Accept-Ranges : bytes
Content-Length : 50783
Content-Type : application/x-javascript
Date : Tue, 23 Nov 2010 14:08:36 GMT
ETag : "640c11c0-c65f-f7d5c480"
Last-Modified : Fri, 06 Aug 2010 16:14:58 GMT
Server : Apache/2.2.4 (Win32) PHP/5.2.1
</Headers>
                      </Response>
                      <Context>
                        <Entry name="$TotalAgents" value="1" />
                        <Entry name="$ControllerName" value="ASUS" />
                        <Entry name="$AgentName" value="ASUS" />
                        <Entry name="$TestLogsDir" value="C:\Documents and Settings\ASUS X82Q SERIES\My Documents\Visual Studio 2008\Projects\TestProject\TestResults\ASUS X82Q SERIES_ASUS 2010-11-23 21_08_28\In\ASUS" />
                        <Entry name="$TestDeploymentDir" value="C:\Documents and Settings\ASUS X82Q SERIES\My Documents\Visual Studio 2008\Projects\TestProject\TestResults\ASUS X82Q SERIES_ASUS 2010-11-23 21_08_28\Out" />
                        <Entry name="$AgentId" value="1" />
                        <Entry name="$AgentLoadDistributor" value="Microsoft.VisualStudio.TestTools.Execution.AgentLoadDistributor" />
                        <Entry name="$TestDir" value="C:\Documents and Settings\ASUS X82Q SERIES\My Documents\Visual Studio 2008\Projects\TestProject\TestResults\ASUS X82Q SERIES_ASUS 2010-11-23 21_08_28" />
                        <Entry name="$AgentWeighting" value="100" />
                        <Entry name="$WebTestIteration" value="1" />
                        <Entry name="$WebTestUserId" value="1" />
                      </Context>
                    </WebRequestResult>
                    <WebRequestResult exceptionMessage="" run="0" submitted="true" cached="false" isRedirectFollow="false" requestBodyBytesHandle="-2" responseBytesHandle="46">
                      <Request url="http://localhost/industry/library/js/jcarousellite.js" command="GET /industry/library/js/jcarousellite.js HTTP/1.1" encoding="utf-8">
                        <Headers>Referer : http://localhost/industry/trade/service/index.php
User-Agent : Mozilla/4.0 (compatible; MSIE 7.0; Windows NT 5.1)
Accept : */*
Accept-Language : en-us
Accept-Encoding : GZIP
Host : localhost
Cookie : PHPSESSID=5a0b064b9e2796918842c00f72e52f69; mylang=vietnam
</Headers>
                      </Request>
                      <Response url="http://localhost/industry/library/js/jcarousellite.js" contentType="application/x-javascript" statusLine="HTTP/1.1 200 OK" pageTime="NaN" time="0.008" statusCodeString="200 OK" contentLength="114">
                        <Headers>Accept-Ranges : bytes
Content-Length : 114
Content-Type : application/x-javascript
Date : Tue, 23 Nov 2010 14:08:36 GMT
ETag : "640c1140-72-d8661c00"
Last-Modified : Sat, 07 Aug 2010 13:34:40 GMT
Server : Apache/2.2.4 (Win32) PHP/5.2.1
</Headers>
                      </Response>
                      <Context>
                        <Entry name="$TotalAgents" value="1" />
                        <Entry name="$ControllerName" value="ASUS" />
                        <Entry name="$AgentName" value="ASUS" />
                        <Entry name="$TestLogsDir" value="C:\Documents and Settings\ASUS X82Q SERIES\My Documents\Visual Studio 2008\Projects\TestProject\TestResults\ASUS X82Q SERIES_ASUS 2010-11-23 21_08_28\In\ASUS" />
                        <Entry name="$TestDeploymentDir" value="C:\Documents and Settings\ASUS X82Q SERIES\My Documents\Visual Studio 2008\Projects\TestProject\TestResults\ASUS X82Q SERIES_ASUS 2010-11-23 21_08_28\Out" />
                        <Entry name="$AgentId" value="1" />
                        <Entry name="$AgentLoadDistributor" value="Microsoft.VisualStudio.TestTools.Execution.AgentLoadDistributor" />
                        <Entry name="$TestDir" value="C:\Documents and Settings\ASUS X82Q SERIES\My Documents\Visual Studio 2008\Projects\TestProject\TestResults\ASUS X82Q SERIES_ASUS 2010-11-23 21_08_28" />
                        <Entry name="$AgentWeighting" value="100" />
                        <Entry name="$WebTestIteration" value="1" />
                        <Entry name="$WebTestUserId" value="1" />
                      </Context>
                    </WebRequestResult>
                    <WebRequestResult exceptionMessage="" run="0" submitted="true" cached="false" isRedirectFollow="false" requestBodyBytesHandle="-2" responseBytesHandle="13">
                      <Request url="http://localhost/industry/flags/vn.gif" command="GET /industry/flags/vn.gif HTTP/1.1" encoding="utf-8">
                        <Headers>Referer : http://localhost/industry/trade/service/index.php
User-Agent : Mozilla/4.0 (compatible; MSIE 7.0; Windows NT 5.1)
Accept : */*
Accept-Language : en-us
Accept-Encoding : GZIP
Host : localhost
Cookie : PHPSESSID=5a0b064b9e2796918842c00f72e52f69; mylang=vietnam
</Headers>
                      </Request>
                      <Response url="http://localhost/industry/flags/vn.gif" contentType="image/gif" statusLine="HTTP/1.1 200 OK" pageTime="NaN" time="0.008" statusCodeString="200 OK" contentLength="6872">
                        <Headers>Accept-Ranges : bytes
Content-Length : 6872
Content-Type : image/gif
Date : Tue, 23 Nov 2010 14:08:36 GMT
ETag : "624610c0-1ad8-5ae82180"
Last-Modified : Thu, 09 Jul 2009 05:44:54 GMT
Server : Apache/2.2.4 (Win32) PHP/5.2.1
</Headers>
                      </Response>
                      <Context>
                        <Entry name="$TotalAgents" value="1" />
                        <Entry name="$ControllerName" value="ASUS" />
                        <Entry name="$AgentName" value="ASUS" />
                        <Entry name="$TestLogsDir" value="C:\Documents and Settings\ASUS X82Q SERIES\My Documents\Visual Studio 2008\Projects\TestProject\TestResults\ASUS X82Q SERIES_ASUS 2010-11-23 21_08_28\In\ASUS" />
                        <Entry name="$TestDeploymentDir" value="C:\Documents and Settings\ASUS X82Q SERIES\My Documents\Visual Studio 2008\Projects\TestProject\TestResults\ASUS X82Q SERIES_ASUS 2010-11-23 21_08_28\Out" />
                        <Entry name="$AgentId" value="1" />
                        <Entry name="$AgentLoadDistributor" value="Microsoft.VisualStudio.TestTools.Execution.AgentLoadDistributor" />
                        <Entry name="$TestDir" value="C:\Documents and Settings\ASUS X82Q SERIES\My Documents\Visual Studio 2008\Projects\TestProject\TestResults\ASUS X82Q SERIES_ASUS 2010-11-23 21_08_28" />
                        <Entry name="$AgentWeighting" value="100" />
                        <Entry name="$WebTestIteration" value="1" />
                        <Entry name="$WebTestUserId" value="1" />
                      </Context>
                    </WebRequestResult>
                    <WebRequestResult exceptionMessage="" run="0" submitted="true" cached="false" isRedirectFollow="false" requestBodyBytesHandle="-2" responseBytesHandle="15">
                      <Request url="http://localhost/industry/interface/search.jpg" command="GET /industry/interface/search.jpg HTTP/1.1" encoding="utf-8">
                        <Headers>Referer : http://localhost/industry/trade/service/index.php
User-Agent : Mozilla/4.0 (compatible; MSIE 7.0; Windows NT 5.1)
Accept : */*
Accept-Language : en-us
Accept-Encoding : GZIP
Host : localhost
Cookie : PHPSESSID=5a0b064b9e2796918842c00f72e52f69; mylang=vietnam
</Headers>
                      </Request>
                      <Response url="http://localhost/industry/interface/search.jpg" contentType="image/jpeg" statusLine="HTTP/1.1 200 OK" pageTime="NaN" time="0.004" statusCodeString="200 OK" contentLength="1525">
                        <Headers>Accept-Ranges : bytes
Content-Length : 1525
Content-Type : image/jpeg
Date : Tue, 23 Nov 2010 14:08:36 GMT
ETag : "63f09960-5f5-160fc780"
Last-Modified : Sun, 25 Jul 2010 16:51:58 GMT
Server : Apache/2.2.4 (Win32) PHP/5.2.1
</Headers>
                      </Response>
                      <Context>
                        <Entry name="$TotalAgents" value="1" />
                        <Entry name="$ControllerName" value="ASUS" />
                        <Entry name="$AgentName" value="ASUS" />
                        <Entry name="$TestLogsDir" value="C:\Documents and Settings\ASUS X82Q SERIES\My Documents\Visual Studio 2008\Projects\TestProject\TestResults\ASUS X82Q SERIES_ASUS 2010-11-23 21_08_28\In\ASUS" />
                        <Entry name="$TestDeploymentDir" value="C:\Documents and Settings\ASUS X82Q SERIES\My Documents\Visual Studio 2008\Projects\TestProject\TestResults\ASUS X82Q SERIES_ASUS 2010-11-23 21_08_28\Out" />
                        <Entry name="$AgentId" value="1" />
                        <Entry name="$AgentLoadDistributor" value="Microsoft.VisualStudio.TestTools.Execution.AgentLoadDistributor" />
                        <Entry name="$TestDir" value="C:\Documents and Settings\ASUS X82Q SERIES\My Documents\Visual Studio 2008\Projects\TestProject\TestResults\ASUS X82Q SERIES_ASUS 2010-11-23 21_08_28" />
                        <Entry name="$AgentWeighting" value="100" />
                        <Entry name="$WebTestIteration" value="1" />
                        <Entry name="$WebTestUserId" value="1" />
                      </Context>
                    </WebRequestResult>
                    <WebRequestResult exceptionMessage="" run="0" submitted="true" cached="false" isRedirectFollow="false" requestBodyBytesHandle="-2" responseBytesHandle="14">
                      <Request url="http://localhost/industry/flags/en.gif" command="GET /industry/flags/en.gif HTTP/1.1" encoding="utf-8">
                        <Headers>Referer : http://localhost/industry/trade/service/index.php
User-Agent : Mozilla/4.0 (compatible; MSIE 7.0; Windows NT 5.1)
Accept : */*
Accept-Language : en-us
Accept-Encoding : GZIP
Host : localhost
Cookie : PHPSESSID=5a0b064b9e2796918842c00f72e52f69; mylang=vietnam
</Headers>
                      </Request>
                      <Response url="http://localhost/industry/flags/en.gif" contentType="image/gif" statusLine="HTTP/1.1 200 OK" pageTime="NaN" time="0.007" statusCodeString="200 OK" contentLength="8275">
                        <Headers>Accept-Ranges : bytes
Content-Length : 8275
Content-Type : image/gif
Date : Tue, 23 Nov 2010 14:08:36 GMT
ETag : "62461040-2053-5de31200"
Last-Modified : Thu, 09 Jul 2009 05:45:44 GMT
Server : Apache/2.2.4 (Win32) PHP/5.2.1
</Headers>
                      </Response>
                      <Context>
                        <Entry name="$TotalAgents" value="1" />
                        <Entry name="$ControllerName" value="ASUS" />
                        <Entry name="$AgentName" value="ASUS" />
                        <Entry name="$TestLogsDir" value="C:\Documents and Settings\ASUS X82Q SERIES\My Documents\Visual Studio 2008\Projects\TestProject\TestResults\ASUS X82Q SERIES_ASUS 2010-11-23 21_08_28\In\ASUS" />
                        <Entry name="$TestDeploymentDir" value="C:\Documents and Settings\ASUS X82Q SERIES\My Documents\Visual Studio 2008\Projects\TestProject\TestResults\ASUS X82Q SERIES_ASUS 2010-11-23 21_08_28\Out" />
                        <Entry name="$AgentId" value="1" />
                        <Entry name="$AgentLoadDistributor" value="Microsoft.VisualStudio.TestTools.Execution.AgentLoadDistributor" />
                        <Entry name="$TestDir" value="C:\Documents and Settings\ASUS X82Q SERIES\My Documents\Visual Studio 2008\Projects\TestProject\TestResults\ASUS X82Q SERIES_ASUS 2010-11-23 21_08_28" />
                        <Entry name="$AgentWeighting" value="100" />
                        <Entry name="$WebTestIteration" value="1" />
                        <Entry name="$WebTestUserId" value="1" />
                      </Context>
                    </WebRequestResult>
                    <WebRequestResult exceptionMessage="" run="0" submitted="true" cached="false" isRedirectFollow="false" requestBodyBytesHandle="-2" responseBytesHandle="33">
                      <Request url="http://localhost/industry/Interface/reg_1.jpg" command="GET /industry/Interface/reg_1.jpg HTTP/1.1" encoding="utf-8">
                        <Headers>Referer : http://localhost/industry/trade/service/index.php
User-Agent : Mozilla/4.0 (compatible; MSIE 7.0; Windows NT 5.1)
Accept : */*
Accept-Language : en-us
Accept-Encoding : GZIP
Host : localhost
Cookie : PHPSESSID=5a0b064b9e2796918842c00f72e52f69; mylang=vietnam
</Headers>
                      </Request>
                      <Response url="http://localhost/industry/Interface/reg_1.jpg" contentType="image/jpeg" statusLine="HTTP/1.1 200 OK" pageTime="NaN" time="0.004" statusCodeString="200 OK" contentLength="2284">
                        <Headers>Accept-Ranges : bytes
Content-Length : 2284
Content-Type : image/jpeg
Date : Tue, 23 Nov 2010 14:08:36 GMT
ETag : "63f09940-8ec-d41dd680"
Last-Modified : Tue, 03 Aug 2010 05:45:46 GMT
Server : Apache/2.2.4 (Win32) PHP/5.2.1
</Headers>
                      </Response>
                      <Context>
                        <Entry name="$TotalAgents" value="1" />
                        <Entry name="$ControllerName" value="ASUS" />
                        <Entry name="$AgentName" value="ASUS" />
                        <Entry name="$TestLogsDir" value="C:\Documents and Settings\ASUS X82Q SERIES\My Documents\Visual Studio 2008\Projects\TestProject\TestResults\ASUS X82Q SERIES_ASUS 2010-11-23 21_08_28\In\ASUS" />
                        <Entry name="$TestDeploymentDir" value="C:\Documents and Settings\ASUS X82Q SERIES\My Documents\Visual Studio 2008\Projects\TestProject\TestResults\ASUS X82Q SERIES_ASUS 2010-11-23 21_08_28\Out" />
                        <Entry name="$AgentId" value="1" />
                        <Entry name="$AgentLoadDistributor" value="Microsoft.VisualStudio.TestTools.Execution.AgentLoadDistributor" />
                        <Entry name="$TestDir" value="C:\Documents and Settings\ASUS X82Q SERIES\My Documents\Visual Studio 2008\Projects\TestProject\TestResults\ASUS X82Q SERIES_ASUS 2010-11-23 21_08_28" />
                        <Entry name="$AgentWeighting" value="100" />
                        <Entry name="$WebTestIteration" value="1" />
                        <Entry name="$WebTestUserId" value="1" />
                      </Context>
                    </WebRequestResult>
                    <WebRequestResult exceptionMessage="" run="0" submitted="true" cached="false" isRedirectFollow="false" requestBodyBytesHandle="-2" responseBytesHandle="47">
                      <Request url="http://localhost/industry/Interface/khung_2_1.jpg" command="GET /industry/Interface/khung_2_1.jpg HTTP/1.1" encoding="utf-8">
                        <Headers>Referer : http://localhost/industry/trade/service/index.php
User-Agent : Mozilla/4.0 (compatible; MSIE 7.0; Windows NT 5.1)
Accept : */*
Accept-Language : en-us
Accept-Encoding : GZIP
Host : localhost
Cookie : PHPSESSID=5a0b064b9e2796918842c00f72e52f69; mylang=vietnam
</Headers>
                      </Request>
                      <Response url="http://localhost/industry/Interface/khung_2_1.jpg" contentType="image/jpeg" statusLine="HTTP/1.1 200 OK" pageTime="NaN" time="0.004" statusCodeString="200 OK" contentLength="774">
                        <Headers>Accept-Ranges : bytes
Content-Length : 774
Content-Type : image/jpeg
Date : Tue, 23 Nov 2010 14:08:36 GMT
ETag : "63f094e0-306-eb3b3680"
Last-Modified : Tue, 24 Aug 2010 05:20:10 GMT
Server : Apache/2.2.4 (Win32) PHP/5.2.1
</Headers>
                      </Response>
                      <Context>
                        <Entry name="$TotalAgents" value="1" />
                        <Entry name="$ControllerName" value="ASUS" />
                        <Entry name="$AgentName" value="ASUS" />
                        <Entry name="$TestLogsDir" value="C:\Documents and Settings\ASUS X82Q SERIES\My Documents\Visual Studio 2008\Projects\TestProject\TestResults\ASUS X82Q SERIES_ASUS 2010-11-23 21_08_28\In\ASUS" />
                        <Entry name="$TestDeploymentDir" value="C:\Documents and Settings\ASUS X82Q SERIES\My Documents\Visual Studio 2008\Projects\TestProject\TestResults\ASUS X82Q SERIES_ASUS 2010-11-23 21_08_28\Out" />
                        <Entry name="$AgentId" value="1" />
                        <Entry name="$AgentLoadDistributor" value="Microsoft.VisualStudio.TestTools.Execution.AgentLoadDistributor" />
                        <Entry name="$TestDir" value="C:\Documents and Settings\ASUS X82Q SERIES\My Documents\Visual Studio 2008\Projects\TestProject\TestResults\ASUS X82Q SERIES_ASUS 2010-11-23 21_08_28" />
                        <Entry name="$AgentWeighting" value="100" />
                        <Entry name="$WebTestIteration" value="1" />
                        <Entry name="$WebTestUserId" value="1" />
                      </Context>
                    </WebRequestResult>
                    <WebRequestResult exceptionMessage="" run="0" submitted="true" cached="false" isRedirectFollow="false" requestBodyBytesHandle="-2" responseBytesHandle="81">
                      <Request url="http://localhost/industry/trade/service/library/js/swfobject.js" command="GET /industry/trade/service/library/js/swfobject.js HTTP/1.1" encoding="utf-8">
                        <Headers>Referer : http://localhost/industry/trade/service/index.php
User-Agent : Mozilla/4.0 (compatible; MSIE 7.0; Windows NT 5.1)
Accept : */*
Accept-Language : en-us
Accept-Encoding : GZIP
Host : localhost
Cookie : PHPSESSID=5a0b064b9e2796918842c00f72e52f69; mylang=vietnam
</Headers>
                      </Request>
                      <Response url="http://localhost/industry/trade/service/library/js/swfobject.js" contentType="text/html; charset=iso-8859-1" statusLine="HTTP/1.1 404 Not Found" pageTime="NaN" time="0.011" statusCodeString="404 Not Found" contentLength="327">
                        <Headers>Content-Length : 327
Content-Type : text/html; charset=iso-8859-1
Date : Tue, 23 Nov 2010 14:08:36 GMT
Server : Apache/2.2.4 (Win32) PHP/5.2.1
</Headers>
                      </Response>
                      <Context>
                        <Entry name="$TotalAgents" value="1" />
                        <Entry name="$ControllerName" value="ASUS" />
                        <Entry name="$AgentName" value="ASUS" />
                        <Entry name="$TestLogsDir" value="C:\Documents and Settings\ASUS X82Q SERIES\My Documents\Visual Studio 2008\Projects\TestProject\TestResults\ASUS X82Q SERIES_ASUS 2010-11-23 21_08_28\In\ASUS" />
                        <Entry name="$TestDeploymentDir" value="C:\Documents and Settings\ASUS X82Q SERIES\My Documents\Visual Studio 2008\Projects\TestProject\TestResults\ASUS X82Q SERIES_ASUS 2010-11-23 21_08_28\Out" />
                        <Entry name="$AgentId" value="1" />
                        <Entry name="$AgentLoadDistributor" value="Microsoft.VisualStudio.TestTools.Execution.AgentLoadDistributor" />
                        <Entry name="$TestDir" value="C:\Documents and Settings\ASUS X82Q SERIES\My Documents\Visual Studio 2008\Projects\TestProject\TestResults\ASUS X82Q SERIES_ASUS 2010-11-23 21_08_28" />
                        <Entry name="$AgentWeighting" value="100" />
                        <Entry name="$WebTestIteration" value="1" />
                        <Entry name="$WebTestUserId" value="1" />
                      </Context>
                      <Errors>
                        <Error type="HttpError" subType="404 - NotFound" text="404 - NotFound" time="2010-11-23T21:08:36.4218750+07:00" />
                      </Errors>
                    </WebRequestResult>
                    <WebRequestResult exceptionMessage="" run="0" submitted="true" cached="false" isRedirectFollow="false" requestBodyBytesHandle="-2" responseBytesHandle="49">
                      <Request url="http://localhost/industry/Interface/home-1.jpg" command="GET /industry/Interface/home-1.jpg HTTP/1.1" encoding="utf-8">
                        <Headers>Referer : http://localhost/industry/trade/service/index.php
User-Agent : Mozilla/4.0 (compatible; MSIE 7.0; Windows NT 5.1)
Accept : */*
Accept-Language : en-us
Accept-Encoding : GZIP
Host : localhost
Cookie : PHPSESSID=5a0b064b9e2796918842c00f72e52f69; mylang=vietnam
</Headers>
                      </Request>
                      <Response url="http://localhost/industry/Interface/home-1.jpg" contentType="image/jpeg" statusLine="HTTP/1.1 200 OK" pageTime="NaN" time="0.004" statusCodeString="200 OK" contentLength="495">
                        <Headers>Accept-Ranges : bytes
Content-Length : 495
Content-Type : image/jpeg
Date : Tue, 23 Nov 2010 14:08:36 GMT
ETag : "63f092c0-1ef-25b79e80"
Last-Modified : Tue, 03 Aug 2010 07:20:10 GMT
Server : Apache/2.2.4 (Win32) PHP/5.2.1
</Headers>
                      </Response>
                      <Context>
                        <Entry name="$TotalAgents" value="1" />
                        <Entry name="$ControllerName" value="ASUS" />
                        <Entry name="$AgentName" value="ASUS" />
                        <Entry name="$TestLogsDir" value="C:\Documents and Settings\ASUS X82Q SERIES\My Documents\Visual Studio 2008\Projects\TestProject\TestResults\ASUS X82Q SERIES_ASUS 2010-11-23 21_08_28\In\ASUS" />
                        <Entry name="$TestDeploymentDir" value="C:\Documents and Settings\ASUS X82Q SERIES\My Documents\Visual Studio 2008\Projects\TestProject\TestResults\ASUS X82Q SERIES_ASUS 2010-11-23 21_08_28\Out" />
                        <Entry name="$AgentId" value="1" />
                        <Entry name="$AgentLoadDistributor" value="Microsoft.VisualStudio.TestTools.Execution.AgentLoadDistributor" />
                        <Entry name="$TestDir" value="C:\Documents and Settings\ASUS X82Q SERIES\My Documents\Visual Studio 2008\Projects\TestProject\TestResults\ASUS X82Q SERIES_ASUS 2010-11-23 21_08_28" />
                        <Entry name="$AgentWeighting" value="100" />
                        <Entry name="$WebTestIteration" value="1" />
                        <Entry name="$WebTestUserId" value="1" />
                      </Context>
                    </WebRequestResult>
                    <WebRequestResult exceptionMessage="" run="0" submitted="true" cached="false" isRedirectFollow="false" requestBodyBytesHandle="-2" responseBytesHandle="50">
                      <Request url="http://localhost/industry/Interface/icon_2.jpg" command="GET /industry/Interface/icon_2.jpg HTTP/1.1" encoding="utf-8">
                        <Headers>Referer : http://localhost/industry/trade/service/index.php
User-Agent : Mozilla/4.0 (compatible; MSIE 7.0; Windows NT 5.1)
Accept : */*
Accept-Language : en-us
Accept-Encoding : GZIP
Host : localhost
Cookie : PHPSESSID=5a0b064b9e2796918842c00f72e52f69; mylang=vietnam
</Headers>
                      </Request>
                      <Response url="http://localhost/industry/Interface/icon_2.jpg" contentType="image/jpeg" statusLine="HTTP/1.1 200 OK" pageTime="NaN" time="0.003" statusCodeString="200 OK" contentLength="395">
                        <Headers>Accept-Ranges : bytes
Content-Length : 395
Content-Type : image/jpeg
Date : Tue, 23 Nov 2010 14:08:36 GMT
ETag : "63f09380-18b-cd34d100"
Last-Modified : Tue, 03 Aug 2010 08:07:00 GMT
Server : Apache/2.2.4 (Win32) PHP/5.2.1
</Headers>
                      </Response>
                      <Context>
                        <Entry name="$TotalAgents" value="1" />
                        <Entry name="$ControllerName" value="ASUS" />
                        <Entry name="$AgentName" value="ASUS" />
                        <Entry name="$TestLogsDir" value="C:\Documents and Settings\ASUS X82Q SERIES\My Documents\Visual Studio 2008\Projects\TestProject\TestResults\ASUS X82Q SERIES_ASUS 2010-11-23 21_08_28\In\ASUS" />
                        <Entry name="$TestDeploymentDir" value="C:\Documents and Settings\ASUS X82Q SERIES\My Documents\Visual Studio 2008\Projects\TestProject\TestResults\ASUS X82Q SERIES_ASUS 2010-11-23 21_08_28\Out" />
                        <Entry name="$AgentId" value="1" />
                        <Entry name="$AgentLoadDistributor" value="Microsoft.VisualStudio.TestTools.Execution.AgentLoadDistributor" />
                        <Entry name="$TestDir" value="C:\Documents and Settings\ASUS X82Q SERIES\My Documents\Visual Studio 2008\Projects\TestProject\TestResults\ASUS X82Q SERIES_ASUS 2010-11-23 21_08_28" />
                        <Entry name="$AgentWeighting" value="100" />
                        <Entry name="$WebTestIteration" value="1" />
                        <Entry name="$WebTestUserId" value="1" />
                      </Context>
                    </WebRequestResult>
                    <WebRequestResult exceptionMessage="" run="0" submitted="true" cached="false" isRedirectFollow="false" requestBodyBytesHandle="-2" responseBytesHandle="82">
                      <Request url="http://localhost/industry/uploads/services/1/thumbnails/2693_7_phuquoc_L_1_100x0.jpg" command="GET /industry/uploads/services/1/thumbnails/2693_7_phuquoc_L_1_100x0.jpg HTTP/1.1" encoding="utf-8">
                        <Headers>Referer : http://localhost/industry/trade/service/index.php
User-Agent : Mozilla/4.0 (compatible; MSIE 7.0; Windows NT 5.1)
Accept : */*
Accept-Language : en-us
Accept-Encoding : GZIP
Host : localhost
Cookie : PHPSESSID=5a0b064b9e2796918842c00f72e52f69; mylang=vietnam
</Headers>
                      </Request>
                      <Response url="http://localhost/industry/uploads/services/1/thumbnails/2693_7_phuquoc_L_1_100x0.jpg" contentType="image/jpeg" statusLine="HTTP/1.1 200 OK" pageTime="NaN" time="0.005" statusCodeString="200 OK" contentLength="2567">
                        <Headers>Accept-Ranges : bytes
Content-Length : 2567
Content-Type : image/jpeg
Date : Tue, 23 Nov 2010 14:08:36 GMT
ETag : "4eefd120-a07-43516600"
Last-Modified : Sun, 05 Sep 2010 04:04:40 GMT
Server : Apache/2.2.4 (Win32) PHP/5.2.1
</Headers>
                      </Response>
                      <Context>
                        <Entry name="$TotalAgents" value="1" />
                        <Entry name="$ControllerName" value="ASUS" />
                        <Entry name="$AgentName" value="ASUS" />
                        <Entry name="$TestLogsDir" value="C:\Documents and Settings\ASUS X82Q SERIES\My Documents\Visual Studio 2008\Projects\TestProject\TestResults\ASUS X82Q SERIES_ASUS 2010-11-23 21_08_28\In\ASUS" />
                        <Entry name="$TestDeploymentDir" value="C:\Documents and Settings\ASUS X82Q SERIES\My Documents\Visual Studio 2008\Projects\TestProject\TestResults\ASUS X82Q SERIES_ASUS 2010-11-23 21_08_28\Out" />
                        <Entry name="$AgentId" value="1" />
                        <Entry name="$AgentLoadDistributor" value="Microsoft.VisualStudio.TestTools.Execution.AgentLoadDistributor" />
                        <Entry name="$TestDir" value="C:\Documents and Settings\ASUS X82Q SERIES\My Documents\Visual Studio 2008\Projects\TestProject\TestResults\ASUS X82Q SERIES_ASUS 2010-11-23 21_08_28" />
                        <Entry name="$AgentWeighting" value="100" />
                        <Entry name="$WebTestIteration" value="1" />
                        <Entry name="$WebTestUserId" value="1" />
                      </Context>
                    </WebRequestResult>
                    <WebRequestResult exceptionMessage="" run="0" submitted="true" cached="false" isRedirectFollow="false" requestBodyBytesHandle="-2" responseBytesHandle="58">
                      <Request url="http://localhost/industry/interface/icon_3.gif" command="GET /industry/interface/icon_3.gif HTTP/1.1" encoding="utf-8">
                        <Headers>Referer : http://localhost/industry/trade/service/index.php
User-Agent : Mozilla/4.0 (compatible; MSIE 7.0; Windows NT 5.1)
Accept : */*
Accept-Language : en-us
Accept-Encoding : GZIP
Host : localhost
Cookie : PHPSESSID=5a0b064b9e2796918842c00f72e52f69; mylang=vietnam
</Headers>
                      </Request>
                      <Response url="http://localhost/industry/interface/icon_3.gif" contentType="image/gif" statusLine="HTTP/1.1 200 OK" pageTime="NaN" time="0.005" statusCodeString="200 OK" contentLength="721">
                        <Headers>Accept-Ranges : bytes
Content-Length : 721
Content-Type : image/gif
Date : Tue, 23 Nov 2010 14:08:36 GMT
ETag : "63f093a0-2d1-75118f00"
Last-Modified : Tue, 03 Aug 2010 18:26:36 GMT
Server : Apache/2.2.4 (Win32) PHP/5.2.1
</Headers>
                      </Response>
                      <Context>
                        <Entry name="$TotalAgents" value="1" />
                        <Entry name="$ControllerName" value="ASUS" />
                        <Entry name="$AgentName" value="ASUS" />
                        <Entry name="$TestLogsDir" value="C:\Documents and Settings\ASUS X82Q SERIES\My Documents\Visual Studio 2008\Projects\TestProject\TestResults\ASUS X82Q SERIES_ASUS 2010-11-23 21_08_28\In\ASUS" />
                        <Entry name="$TestDeploymentDir" value="C:\Documents and Settings\ASUS X82Q SERIES\My Documents\Visual Studio 2008\Projects\TestProject\TestResults\ASUS X82Q SERIES_ASUS 2010-11-23 21_08_28\Out" />
                        <Entry name="$AgentId" value="1" />
                        <Entry name="$AgentLoadDistributor" value="Microsoft.VisualStudio.TestTools.Execution.AgentLoadDistributor" />
                        <Entry name="$TestDir" value="C:\Documents and Settings\ASUS X82Q SERIES\My Documents\Visual Studio 2008\Projects\TestProject\TestResults\ASUS X82Q SERIES_ASUS 2010-11-23 21_08_28" />
                        <Entry name="$AgentWeighting" value="100" />
                        <Entry name="$WebTestIteration" value="1" />
                        <Entry name="$WebTestUserId" value="1" />
                      </Context>
                    </WebRequestResult>
                    <WebRequestResult exceptionMessage="" run="0" submitted="true" cached="false" isRedirectFollow="false" requestBodyBytesHandle="-2" responseBytesHandle="52">
                      <Request url="http://localhost/industry/interface/contact.jpg" command="GET /industry/interface/contact.jpg HTTP/1.1" encoding="utf-8">
                        <Headers>Referer : http://localhost/industry/trade/service/index.php
User-Agent : Mozilla/4.0 (compatible; MSIE 7.0; Windows NT 5.1)
Accept : */*
Accept-Language : en-us
Accept-Encoding : GZIP
Host : localhost
Cookie : PHPSESSID=5a0b064b9e2796918842c00f72e52f69; mylang=vietnam
</Headers>
                      </Request>
                      <Response url="http://localhost/industry/interface/contact.jpg" contentType="image/jpeg" statusLine="HTTP/1.1 200 OK" pageTime="NaN" time="0.005" statusCodeString="200 OK" contentLength="1701">
                        <Headers>Accept-Ranges : bytes
Content-Length : 1701
Content-Type : image/jpeg
Date : Tue, 23 Nov 2010 14:08:36 GMT
ETag : "63f091a0-6a5-aa9a7b80"
Last-Modified : Sun, 22 Aug 2010 06:30:22 GMT
Server : Apache/2.2.4 (Win32) PHP/5.2.1
</Headers>
                      </Response>
                      <Context>
                        <Entry name="$TotalAgents" value="1" />
                        <Entry name="$ControllerName" value="ASUS" />
                        <Entry name="$AgentName" value="ASUS" />
                        <Entry name="$TestLogsDir" value="C:\Documents and Settings\ASUS X82Q SERIES\My Documents\Visual Studio 2008\Projects\TestProject\TestResults\ASUS X82Q SERIES_ASUS 2010-11-23 21_08_28\In\ASUS" />
                        <Entry name="$TestDeploymentDir" value="C:\Documents and Settings\ASUS X82Q SERIES\My Documents\Visual Studio 2008\Projects\TestProject\TestResults\ASUS X82Q SERIES_ASUS 2010-11-23 21_08_28\Out" />
                        <Entry name="$AgentId" value="1" />
                        <Entry name="$AgentLoadDistributor" value="Microsoft.VisualStudio.TestTools.Execution.AgentLoadDistributor" />
                        <Entry name="$TestDir" value="C:\Documents and Settings\ASUS X82Q SERIES\My Documents\Visual Studio 2008\Projects\TestProject\TestResults\ASUS X82Q SERIES_ASUS 2010-11-23 21_08_28" />
                        <Entry name="$AgentWeighting" value="100" />
                        <Entry name="$WebTestIteration" value="1" />
                        <Entry name="$WebTestUserId" value="1" />
                      </Context>
                    </WebRequestResult>
                    <WebRequestResult exceptionMessage="" run="0" submitted="true" cached="false" isRedirectFollow="false" requestBodyBytesHandle="-2" responseBytesHandle="21">
                      <Request url="http://localhost/industry/uploads/country_flag/japan.png" command="GET /industry/uploads/country_flag/japan.png HTTP/1.1" encoding="utf-8">
                        <Headers>Referer : http://localhost/industry/trade/service/index.php
User-Agent : Mozilla/4.0 (compatible; MSIE 7.0; Windows NT 5.1)
Accept : */*
Accept-Language : en-us
Accept-Encoding : GZIP
Host : localhost
Cookie : PHPSESSID=5a0b064b9e2796918842c00f72e52f69; mylang=vietnam
</Headers>
                      </Request>
                      <Response url="http://localhost/industry/uploads/country_flag/japan.png" contentType="image/png" statusLine="HTTP/1.1 200 OK" pageTime="NaN" time="0.009" statusCodeString="200 OK" contentLength="12926">
                        <Headers>Accept-Ranges : bytes
Content-Length : 12926
Content-Type : image/png
Date : Tue, 23 Nov 2010 14:08:36 GMT
ETag : "5b831040-327e-e1b66000"
Last-Modified : Sat, 21 Aug 2010 15:15:12 GMT
Server : Apache/2.2.4 (Win32) PHP/5.2.1
</Headers>
                      </Response>
                      <Context>
                        <Entry name="$TotalAgents" value="1" />
                        <Entry name="$ControllerName" value="ASUS" />
                        <Entry name="$AgentName" value="ASUS" />
                        <Entry name="$TestLogsDir" value="C:\Documents and Settings\ASUS X82Q SERIES\My Documents\Visual Studio 2008\Projects\TestProject\TestResults\ASUS X82Q SERIES_ASUS 2010-11-23 21_08_28\In\ASUS" />
                        <Entry name="$TestDeploymentDir" value="C:\Documents and Settings\ASUS X82Q SERIES\My Documents\Visual Studio 2008\Projects\TestProject\TestResults\ASUS X82Q SERIES_ASUS 2010-11-23 21_08_28\Out" />
                        <Entry name="$AgentId" value="1" />
                        <Entry name="$AgentLoadDistributor" value="Microsoft.VisualStudio.TestTools.Execution.AgentLoadDistributor" />
                        <Entry name="$TestDir" value="C:\Documents and Settings\ASUS X82Q SERIES\My Documents\Visual Studio 2008\Projects\TestProject\TestResults\ASUS X82Q SERIES_ASUS 2010-11-23 21_08_28" />
                        <Entry name="$AgentWeighting" value="100" />
                        <Entry name="$WebTestIteration" value="1" />
                        <Entry name="$WebTestUserId" value="1" />
                      </Context>
                    </WebRequestResult>
                    <WebRequestResult exceptionMessage="" run="0" submitted="true" cached="false" isRedirectFollow="false" requestBodyBytesHandle="-2" responseBytesHandle="82">
                      <Request url="http://localhost/industry/uploads/services/1/thumbnails/2693_7_phuquoc_L_100x0.jpg" command="GET /industry/uploads/services/1/thumbnails/2693_7_phuquoc_L_100x0.jpg HTTP/1.1" encoding="utf-8">
                        <Headers>Referer : http://localhost/industry/trade/service/index.php
User-Agent : Mozilla/4.0 (compatible; MSIE 7.0; Windows NT 5.1)
Accept : */*
Accept-Language : en-us
Accept-Encoding : GZIP
Host : localhost
Cookie : PHPSESSID=5a0b064b9e2796918842c00f72e52f69; mylang=vietnam
</Headers>
                      </Request>
                      <Response url="http://localhost/industry/uploads/services/1/thumbnails/2693_7_phuquoc_L_100x0.jpg" contentType="image/jpeg" statusLine="HTTP/1.1 200 OK" pageTime="NaN" time="0.005" statusCodeString="200 OK" contentLength="2567">
                        <Headers>Accept-Ranges : bytes
Content-Length : 2567
Content-Type : image/jpeg
Date : Tue, 23 Nov 2010 14:08:36 GMT
ETag : "4eefd0a0-a07-c7e07780"
Last-Modified : Wed, 25 Aug 2010 12:11:26 GMT
Server : Apache/2.2.4 (Win32) PHP/5.2.1
</Headers>
                      </Response>
                      <Context>
                        <Entry name="$TotalAgents" value="1" />
                        <Entry name="$ControllerName" value="ASUS" />
                        <Entry name="$AgentName" value="ASUS" />
                        <Entry name="$TestLogsDir" value="C:\Documents and Settings\ASUS X82Q SERIES\My Documents\Visual Studio 2008\Projects\TestProject\TestResults\ASUS X82Q SERIES_ASUS 2010-11-23 21_08_28\In\ASUS" />
                        <Entry name="$TestDeploymentDir" value="C:\Documents and Settings\ASUS X82Q SERIES\My Documents\Visual Studio 2008\Projects\TestProject\TestResults\ASUS X82Q SERIES_ASUS 2010-11-23 21_08_28\Out" />
                        <Entry name="$AgentId" value="1" />
                        <Entry name="$AgentLoadDistributor" value="Microsoft.VisualStudio.TestTools.Execution.AgentLoadDistributor" />
                        <Entry name="$TestDir" value="C:\Documents and Settings\ASUS X82Q SERIES\My Documents\Visual Studio 2008\Projects\TestProject\TestResults\ASUS X82Q SERIES_ASUS 2010-11-23 21_08_28" />
                        <Entry name="$AgentWeighting" value="100" />
                        <Entry name="$WebTestIteration" value="1" />
                        <Entry name="$WebTestUserId" value="1" />
                      </Context>
                    </WebRequestResult>
                    <WebRequestResult exceptionMessage="" run="0" submitted="true" cached="false" isRedirectFollow="false" requestBodyBytesHandle="-2" responseBytesHandle="83">
                      <Request url="http://localhost/industry/includes/tng/styles/img_not_found.gif" command="GET /industry/includes/tng/styles/img_not_found.gif HTTP/1.1" encoding="utf-8">
                        <Headers>Referer : http://localhost/industry/trade/service/index.php
User-Agent : Mozilla/4.0 (compatible; MSIE 7.0; Windows NT 5.1)
Accept : */*
Accept-Language : en-us
Accept-Encoding : GZIP
Host : localhost
Cookie : PHPSESSID=5a0b064b9e2796918842c00f72e52f69; mylang=vietnam
</Headers>
                      </Request>
                      <Response url="http://localhost/industry/includes/tng/styles/img_not_found.gif" contentType="image/gif" statusLine="HTTP/1.1 200 OK" pageTime="NaN" time="0.005" statusCodeString="200 OK" contentLength="801">
                        <Headers>Accept-Ranges : bytes
Content-Length : 801
Content-Type : image/gif
Date : Tue, 23 Nov 2010 14:08:36 GMT
ETag : "62a5d0e0-321-cbdc4b80"
Last-Modified : Tue, 27 Jul 2010 09:05:02 GMT
Server : Apache/2.2.4 (Win32) PHP/5.2.1
</Headers>
                      </Response>
                      <Context>
                        <Entry name="$TotalAgents" value="1" />
                        <Entry name="$ControllerName" value="ASUS" />
                        <Entry name="$AgentName" value="ASUS" />
                        <Entry name="$TestLogsDir" value="C:\Documents and Settings\ASUS X82Q SERIES\My Documents\Visual Studio 2008\Projects\TestProject\TestResults\ASUS X82Q SERIES_ASUS 2010-11-23 21_08_28\In\ASUS" />
                        <Entry name="$TestDeploymentDir" value="C:\Documents and Settings\ASUS X82Q SERIES\My Documents\Visual Studio 2008\Projects\TestProject\TestResults\ASUS X82Q SERIES_ASUS 2010-11-23 21_08_28\Out" />
                        <Entry name="$AgentId" value="1" />
                        <Entry name="$AgentLoadDistributor" value="Microsoft.VisualStudio.TestTools.Execution.AgentLoadDistributor" />
                        <Entry name="$TestDir" value="C:\Documents and Settings\ASUS X82Q SERIES\My Documents\Visual Studio 2008\Projects\TestProject\TestResults\ASUS X82Q SERIES_ASUS 2010-11-23 21_08_28" />
                        <Entry name="$AgentWeighting" value="100" />
                        <Entry name="$WebTestIteration" value="1" />
                        <Entry name="$WebTestUserId" value="1" />
                      </Context>
                    </WebRequestResult>
                    <WebRequestResult exceptionMessage="" run="0" submitted="true" cached="false" isRedirectFollow="false" requestBodyBytesHandle="-2" responseBytesHandle="61">
                      <Request url="http://localhost/industry/interface/icon_6.jpg" command="GET /industry/interface/icon_6.jpg HTTP/1.1" encoding="utf-8">
                        <Headers>Referer : http://localhost/industry/trade/service/index.php
User-Agent : Mozilla/4.0 (compatible; MSIE 7.0; Windows NT 5.1)
Accept : */*
Accept-Language : en-us
Accept-Encoding : GZIP
Host : localhost
Cookie : PHPSESSID=5a0b064b9e2796918842c00f72e52f69; mylang=vietnam
</Headers>
                      </Request>
                      <Response url="http://localhost/industry/interface/icon_6.jpg" contentType="image/jpeg" statusLine="HTTP/1.1 200 OK" pageTime="NaN" time="0.02" statusCodeString="200 OK" contentLength="504">
                        <Headers>Accept-Ranges : bytes
Content-Length : 504
Content-Type : image/jpeg
Date : Tue, 23 Nov 2010 14:08:36 GMT
ETag : "63f09400-1f8-b5bad980"
Last-Modified : Tue, 03 Aug 2010 12:46:46 GMT
Server : Apache/2.2.4 (Win32) PHP/5.2.1
</Headers>
                      </Response>
                      <Context>
                        <Entry name="$TotalAgents" value="1" />
                        <Entry name="$ControllerName" value="ASUS" />
                        <Entry name="$AgentName" value="ASUS" />
                        <Entry name="$TestLogsDir" value="C:\Documents and Settings\ASUS X82Q SERIES\My Documents\Visual Studio 2008\Projects\TestProject\TestResults\ASUS X82Q SERIES_ASUS 2010-11-23 21_08_28\In\ASUS" />
                        <Entry name="$TestDeploymentDir" value="C:\Documents and Settings\ASUS X82Q SERIES\My Documents\Visual Studio 2008\Projects\TestProject\TestResults\ASUS X82Q SERIES_ASUS 2010-11-23 21_08_28\Out" />
                        <Entry name="$AgentId" value="1" />
                        <Entry name="$AgentLoadDistributor" value="Microsoft.VisualStudio.TestTools.Execution.AgentLoadDistributor" />
                        <Entry name="$TestDir" value="C:\Documents and Settings\ASUS X82Q SERIES\My Documents\Visual Studio 2008\Projects\TestProject\TestResults\ASUS X82Q SERIES_ASUS 2010-11-23 21_08_28" />
                        <Entry name="$AgentWeighting" value="100" />
                        <Entry name="$WebTestIteration" value="1" />
                        <Entry name="$WebTestUserId" value="1" />
                      </Context>
                    </WebRequestResult>
                    <WebRequestResult exceptionMessage="" run="0" submitted="true" cached="false" isRedirectFollow="false" requestBodyBytesHandle="-2" responseBytesHandle="23">
                      <Request url="http://localhost/industry/uploads/country_flag/vietnam.png" command="GET /industry/uploads/country_flag/vietnam.png HTTP/1.1" encoding="utf-8">
                        <Headers>Referer : http://localhost/industry/trade/service/index.php
User-Agent : Mozilla/4.0 (compatible; MSIE 7.0; Windows NT 5.1)
Accept : */*
Accept-Language : en-us
Accept-Encoding : GZIP
Host : localhost
Cookie : PHPSESSID=5a0b064b9e2796918842c00f72e52f69; mylang=vietnam
</Headers>
                      </Request>
                      <Response url="http://localhost/industry/uploads/country_flag/vietnam.png" contentType="image/png" statusLine="HTTP/1.1 200 OK" pageTime="NaN" time="0.025" statusCodeString="200 OK" contentLength="17550">
                        <Headers>Accept-Ranges : bytes
Content-Length : 17550
Content-Type : image/png
Date : Tue, 23 Nov 2010 14:08:36 GMT
ETag : "5b8310a0-448e-e0482a00"
Last-Modified : Sat, 21 Aug 2010 15:14:48 GMT
Server : Apache/2.2.4 (Win32) PHP/5.2.1
</Headers>
                      </Response>
                      <Context>
                        <Entry name="$TotalAgents" value="1" />
                        <Entry name="$ControllerName" value="ASUS" />
                        <Entry name="$AgentName" value="ASUS" />
                        <Entry name="$TestLogsDir" value="C:\Documents and Settings\ASUS X82Q SERIES\My Documents\Visual Studio 2008\Projects\TestProject\TestResults\ASUS X82Q SERIES_ASUS 2010-11-23 21_08_28\In\ASUS" />
                        <Entry name="$TestDeploymentDir" value="C:\Documents and Settings\ASUS X82Q SERIES\My Documents\Visual Studio 2008\Projects\TestProject\TestResults\ASUS X82Q SERIES_ASUS 2010-11-23 21_08_28\Out" />
                        <Entry name="$AgentId" value="1" />
                        <Entry name="$AgentLoadDistributor" value="Microsoft.VisualStudio.TestTools.Execution.AgentLoadDistributor" />
                        <Entry name="$TestDir" value="C:\Documents and Settings\ASUS X82Q SERIES\My Documents\Visual Studio 2008\Projects\TestProject\TestResults\ASUS X82Q SERIES_ASUS 2010-11-23 21_08_28" />
                        <Entry name="$AgentWeighting" value="100" />
                        <Entry name="$WebTestIteration" value="1" />
                        <Entry name="$WebTestUserId" value="1" />
                      </Context>
                    </WebRequestResult>
                    <WebRequestResult exceptionMessage="" run="0" submitted="true" cached="false" isRedirectFollow="false" requestBodyBytesHandle="-2" responseBytesHandle="62">
                      <Request url="http://localhost/industry/interface/icon_5.jpg" command="GET /industry/interface/icon_5.jpg HTTP/1.1" encoding="utf-8">
                        <Headers>Referer : http://localhost/industry/trade/service/index.php
User-Agent : Mozilla/4.0 (compatible; MSIE 7.0; Windows NT 5.1)
Accept : */*
Accept-Language : en-us
Accept-Encoding : GZIP
Host : localhost
Cookie : PHPSESSID=5a0b064b9e2796918842c00f72e52f69; mylang=vietnam
</Headers>
                      </Request>
                      <Response url="http://localhost/industry/interface/icon_5.jpg" contentType="image/jpeg" statusLine="HTTP/1.1 200 OK" pageTime="NaN" time="0.004" statusCodeString="200 OK" contentLength="603">
                        <Headers>Accept-Ranges : bytes
Content-Length : 603
Content-Type : image/jpeg
Date : Tue, 23 Nov 2010 14:08:36 GMT
ETag : "63f093e0-25b-53aca500"
Last-Modified : Tue, 03 Aug 2010 08:44:36 GMT
Server : Apache/2.2.4 (Win32) PHP/5.2.1
</Headers>
                      </Response>
                      <Context>
                        <Entry name="$TotalAgents" value="1" />
                        <Entry name="$ControllerName" value="ASUS" />
                        <Entry name="$AgentName" value="ASUS" />
                        <Entry name="$TestLogsDir" value="C:\Documents and Settings\ASUS X82Q SERIES\My Documents\Visual Studio 2008\Projects\TestProject\TestResults\ASUS X82Q SERIES_ASUS 2010-11-23 21_08_28\In\ASUS" />
                        <Entry name="$TestDeploymentDir" value="C:\Documents and Settings\ASUS X82Q SERIES\My Documents\Visual Studio 2008\Projects\TestProject\TestResults\ASUS X82Q SERIES_ASUS 2010-11-23 21_08_28\Out" />
                        <Entry name="$AgentId" value="1" />
                        <Entry name="$AgentLoadDistributor" value="Microsoft.VisualStudio.TestTools.Execution.AgentLoadDistributor" />
                        <Entry name="$TestDir" value="C:\Documents and Settings\ASUS X82Q SERIES\My Documents\Visual Studio 2008\Projects\TestProject\TestResults\ASUS X82Q SERIES_ASUS 2010-11-23 21_08_28" />
                        <Entry name="$AgentWeighting" value="100" />
                        <Entry name="$WebTestIteration" value="1" />
                        <Entry name="$WebTestUserId" value="1" />
                      </Context>
                    </WebRequestResult>
                    <WebRequestResult exceptionMessage="" run="0" submitted="true" cached="false" isRedirectFollow="false" requestBodyBytesHandle="-2" responseBytesHandle="63">
                      <Request url="http://localhost/industry/interface/icon_4.jpg" command="GET /industry/interface/icon_4.jpg HTTP/1.1" encoding="utf-8">
                        <Headers>Referer : http://localhost/industry/trade/service/index.php
User-Agent : Mozilla/4.0 (compatible; MSIE 7.0; Windows NT 5.1)
Accept : */*
Accept-Language : en-us
Accept-Encoding : GZIP
Host : localhost
Cookie : PHPSESSID=5a0b064b9e2796918842c00f72e52f69; mylang=vietnam
</Headers>
                      </Request>
                      <Response url="http://localhost/industry/interface/icon_4.jpg" contentType="image/jpeg" statusLine="HTTP/1.1 200 OK" pageTime="NaN" time="0.003" statusCodeString="200 OK" contentLength="634">
                        <Headers>Accept-Ranges : bytes
Content-Length : 634
Content-Type : image/jpeg
Date : Tue, 23 Nov 2010 14:08:36 GMT
ETag : "63f093c0-27a-53511780"
Last-Modified : Tue, 03 Aug 2010 08:44:30 GMT
Server : Apache/2.2.4 (Win32) PHP/5.2.1
</Headers>
                      </Response>
                      <Context>
                        <Entry name="$TotalAgents" value="1" />
                        <Entry name="$ControllerName" value="ASUS" />
                        <Entry name="$AgentName" value="ASUS" />
                        <Entry name="$TestLogsDir" value="C:\Documents and Settings\ASUS X82Q SERIES\My Documents\Visual Studio 2008\Projects\TestProject\TestResults\ASUS X82Q SERIES_ASUS 2010-11-23 21_08_28\In\ASUS" />
                        <Entry name="$TestDeploymentDir" value="C:\Documents and Settings\ASUS X82Q SERIES\My Documents\Visual Studio 2008\Projects\TestProject\TestResults\ASUS X82Q SERIES_ASUS 2010-11-23 21_08_28\Out" />
                        <Entry name="$AgentId" value="1" />
                        <Entry name="$AgentLoadDistributor" value="Microsoft.VisualStudio.TestTools.Execution.AgentLoadDistributor" />
                        <Entry name="$TestDir" value="C:\Documents and Settings\ASUS X82Q SERIES\My Documents\Visual Studio 2008\Projects\TestProject\TestResults\ASUS X82Q SERIES_ASUS 2010-11-23 21_08_28" />
                        <Entry name="$AgentWeighting" value="100" />
                        <Entry name="$WebTestIteration" value="1" />
                        <Entry name="$WebTestUserId" value="1" />
                      </Context>
                    </WebRequestResult>
                  </DependantResults>
                  <ValidationRuleResults>
                    <ValidationRuleResult message="Passed" ruleType="Validation" name="Response URL" />
                  </ValidationRuleResults>
                </WebRequestResult>
              </WebTestResultPage>
              <WebTestResultPage>
                <WebRequestResult exceptionMessage="" run="0" submitted="true" cached="false" isRedirectFollow="false" requestBodyBytesHandle="-2" responseBytesHandle="84">
                  <Request url="http://localhost/industry/shop/business/index.php?mod=svdetail&amp;imb=1&amp;isv=2&amp;isvc=2" command="GET /industry/shop/business/index.php?mod=svdetail&amp;imb=1&amp;isv=2&amp;isvc=2 HTTP/1.1" encoding="utf-8">
                    <Headers>User-Agent : Mozilla/4.0 (compatible; MSIE 7.0; Windows NT 5.1)
Accept : */*
Accept-Language : en-us
Accept-Encoding : GZIP
Host : localhost
Cookie : PHPSESSID=5a0b064b9e2796918842c00f72e52f69; mylang=vietnam
</Headers>
                  </Request>
                  <Response url="http://localhost/industry/shop/business/index.php?mod=svdetail&amp;imb=1&amp;isv=2&amp;isvc=2" contentType="text/html; charset=utf-8" statusLine="HTTP/1.1 200 OK" pageTime="0.22699999999999998" time="0.087" statusCodeString="200 OK" contentLength="6269">
                    <Headers>Pragma : no-cache
Content-Length : 6269
Cache-Control : no-store, no-cache, must-revalidate, post-check=0, pre-check=0
Content-Type : text/html; charset:utf-8
Date : Tue, 23 Nov 2010 14:08:36 GMT
Expires : Thu, 19 Nov 1981 08:52:00 GMT
Set-Cookie : mylang=vietnam; expires=Tue, 30-Nov-2010 14:08:36 GMT; path=/
Server : Apache/2.2.4 (Win32) PHP/5.2.1
X-Powered-By : PHP/5.2.1
</Headers>
                  </Response>
                  <Context>
                    <Entry name="$TotalAgents" value="1" />
                    <Entry name="$ControllerName" value="ASUS" />
                    <Entry name="$AgentName" value="ASUS" />
                    <Entry name="$TestLogsDir" value="C:\Documents and Settings\ASUS X82Q SERIES\My Documents\Visual Studio 2008\Projects\TestProject\TestResults\ASUS X82Q SERIES_ASUS 2010-11-23 21_08_28\In\ASUS" />
                    <Entry name="$TestDeploymentDir" value="C:\Documents and Settings\ASUS X82Q SERIES\My Documents\Visual Studio 2008\Projects\TestProject\TestResults\ASUS X82Q SERIES_ASUS 2010-11-23 21_08_28\Out" />
                    <Entry name="$AgentId" value="1" />
                    <Entry name="$AgentLoadDistributor" value="Microsoft.VisualStudio.TestTools.Execution.AgentLoadDistributor" />
                    <Entry name="$TestDir" value="C:\Documents and Settings\ASUS X82Q SERIES\My Documents\Visual Studio 2008\Projects\TestProject\TestResults\ASUS X82Q SERIES_ASUS 2010-11-23 21_08_28" />
                    <Entry name="$AgentWeighting" value="100" />
                    <Entry name="$WebTestIteration" value="1" />
                    <Entry name="$WebTestUserId" value="1" />
                  </Context>
                  <DependantResults>
                    <WebRequestResult exceptionMessage="" run="0" submitted="true" cached="false" isRedirectFollow="false" requestBodyBytesHandle="-2" responseBytesHandle="1">
                      <Request url="http://localhost/industry/library/css/style.css" command="GET /industry/library/css/style.css HTTP/1.1" encoding="utf-8">
                        <Headers>Referer : http://localhost/industry/shop/business/index.php?mod=svdetail&amp;imb=1&amp;isv=2&amp;isvc=2
User-Agent : Mozilla/4.0 (compatible; MSIE 7.0; Windows NT 5.1)
Accept : */*
Accept-Language : en-us
Accept-Encoding : GZIP
Host : localhost
Cookie : PHPSESSID=5a0b064b9e2796918842c00f72e52f69; mylang=vietnam
</Headers>
                      </Request>
                      <Response url="http://localhost/industry/library/css/style.css" contentType="text/css" statusLine="HTTP/1.1 200 OK" pageTime="NaN" time="0.018" statusCodeString="200 OK" contentLength="9991">
                        <Headers>Accept-Ranges : bytes
Content-Length : 9991
Content-Type : text/css
Date : Tue, 23 Nov 2010 14:08:36 GMT
ETag : "64155240-2707-e0400a80"
Last-Modified : Fri, 24 Sep 2010 18:52:10 GMT
Server : Apache/2.2.4 (Win32) PHP/5.2.1
</Headers>
                      </Response>
                      <Context>
                        <Entry name="$TotalAgents" value="1" />
                        <Entry name="$ControllerName" value="ASUS" />
                        <Entry name="$AgentName" value="ASUS" />
                        <Entry name="$TestLogsDir" value="C:\Documents and Settings\ASUS X82Q SERIES\My Documents\Visual Studio 2008\Projects\TestProject\TestResults\ASUS X82Q SERIES_ASUS 2010-11-23 21_08_28\In\ASUS" />
                        <Entry name="$TestDeploymentDir" value="C:\Documents and Settings\ASUS X82Q SERIES\My Documents\Visual Studio 2008\Projects\TestProject\TestResults\ASUS X82Q SERIES_ASUS 2010-11-23 21_08_28\Out" />
                        <Entry name="$AgentId" value="1" />
                        <Entry name="$AgentLoadDistributor" value="Microsoft.VisualStudio.TestTools.Execution.AgentLoadDistributor" />
                        <Entry name="$TestDir" value="C:\Documents and Settings\ASUS X82Q SERIES\My Documents\Visual Studio 2008\Projects\TestProject\TestResults\ASUS X82Q SERIES_ASUS 2010-11-23 21_08_28" />
                        <Entry name="$AgentWeighting" value="100" />
                        <Entry name="$WebTestIteration" value="1" />
                        <Entry name="$WebTestUserId" value="1" />
                      </Context>
                    </WebRequestResult>
                    <WebRequestResult exceptionMessage="" run="0" submitted="true" cached="false" isRedirectFollow="false" requestBodyBytesHandle="-2" responseBytesHandle="71">
                      <Request url="http://localhost/industry/library/css/style_shop.css" command="GET /industry/library/css/style_shop.css HTTP/1.1" encoding="utf-8">
                        <Headers>Referer : http://localhost/industry/shop/business/index.php?mod=svdetail&amp;imb=1&amp;isv=2&amp;isvc=2
User-Agent : Mozilla/4.0 (compatible; MSIE 7.0; Windows NT 5.1)
Accept : */*
Accept-Language : en-us
Accept-Encoding : GZIP
Host : localhost
Cookie : PHPSESSID=5a0b064b9e2796918842c00f72e52f69; mylang=vietnam
</Headers>
                      </Request>
                      <Response url="http://localhost/industry/library/css/style_shop.css" contentType="text/css" statusLine="HTTP/1.1 200 OK" pageTime="NaN" time="0.026" statusCodeString="200 OK" contentLength="3829">
                        <Headers>Accept-Ranges : bytes
Content-Length : 3829
Content-Type : text/css
Date : Tue, 23 Nov 2010 14:08:36 GMT
ETag : "641554e0-ef5-a458d300"
Last-Modified : Mon, 20 Sep 2010 04:49:48 GMT
Server : Apache/2.2.4 (Win32) PHP/5.2.1
</Headers>
                      </Response>
                      <Context>
                        <Entry name="$TotalAgents" value="1" />
                        <Entry name="$ControllerName" value="ASUS" />
                        <Entry name="$AgentName" value="ASUS" />
                        <Entry name="$TestLogsDir" value="C:\Documents and Settings\ASUS X82Q SERIES\My Documents\Visual Studio 2008\Projects\TestProject\TestResults\ASUS X82Q SERIES_ASUS 2010-11-23 21_08_28\In\ASUS" />
                        <Entry name="$TestDeploymentDir" value="C:\Documents and Settings\ASUS X82Q SERIES\My Documents\Visual Studio 2008\Projects\TestProject\TestResults\ASUS X82Q SERIES_ASUS 2010-11-23 21_08_28\Out" />
                        <Entry name="$AgentId" value="1" />
                        <Entry name="$AgentLoadDistributor" value="Microsoft.VisualStudio.TestTools.Execution.AgentLoadDistributor" />
                        <Entry name="$TestDir" value="C:\Documents and Settings\ASUS X82Q SERIES\My Documents\Visual Studio 2008\Projects\TestProject\TestResults\ASUS X82Q SERIES_ASUS 2010-11-23 21_08_28" />
                        <Entry name="$AgentWeighting" value="100" />
                        <Entry name="$WebTestIteration" value="1" />
                        <Entry name="$WebTestUserId" value="1" />
                      </Context>
                    </WebRequestResult>
                    <WebRequestResult exceptionMessage="" run="0" submitted="true" cached="false" isRedirectFollow="false" requestBodyBytesHandle="-2" responseBytesHandle="2">
                      <Request url="http://localhost/industry/library/css/style_menu.css" command="GET /industry/library/css/style_menu.css HTTP/1.1" encoding="utf-8">
                        <Headers>Referer : http://localhost/industry/shop/business/index.php?mod=svdetail&amp;imb=1&amp;isv=2&amp;isvc=2
User-Agent : Mozilla/4.0 (compatible; MSIE 7.0; Windows NT 5.1)
Accept : */*
Accept-Language : en-us
Accept-Encoding : GZIP
Host : localhost
Cookie : PHPSESSID=5a0b064b9e2796918842c00f72e52f69; mylang=vietnam
</Headers>
                      </Request>
                      <Response url="http://localhost/industry/library/css/style_menu.css" contentType="text/css" statusLine="HTTP/1.1 200 OK" pageTime="NaN" time="0.014" statusCodeString="200 OK" contentLength="1103">
                        <Headers>Accept-Ranges : bytes
Content-Length : 1103
Content-Type : text/css
Date : Tue, 23 Nov 2010 14:08:36 GMT
ETag : "641553c0-44f-9c443c00"
Last-Modified : Fri, 27 Aug 2010 12:54:08 GMT
Server : Apache/2.2.4 (Win32) PHP/5.2.1
</Headers>
                      </Response>
                      <Context>
                        <Entry name="$TotalAgents" value="1" />
                        <Entry name="$ControllerName" value="ASUS" />
                        <Entry name="$AgentName" value="ASUS" />
                        <Entry name="$TestLogsDir" value="C:\Documents and Settings\ASUS X82Q SERIES\My Documents\Visual Studio 2008\Projects\TestProject\TestResults\ASUS X82Q SERIES_ASUS 2010-11-23 21_08_28\In\ASUS" />
                        <Entry name="$TestDeploymentDir" value="C:\Documents and Settings\ASUS X82Q SERIES\My Documents\Visual Studio 2008\Projects\TestProject\TestResults\ASUS X82Q SERIES_ASUS 2010-11-23 21_08_28\Out" />
                        <Entry name="$AgentId" value="1" />
                        <Entry name="$AgentLoadDistributor" value="Microsoft.VisualStudio.TestTools.Execution.AgentLoadDistributor" />
                        <Entry name="$TestDir" value="C:\Documents and Settings\ASUS X82Q SERIES\My Documents\Visual Studio 2008\Projects\TestProject\TestResults\ASUS X82Q SERIES_ASUS 2010-11-23 21_08_28" />
                        <Entry name="$AgentWeighting" value="100" />
                        <Entry name="$WebTestIteration" value="1" />
                        <Entry name="$WebTestUserId" value="1" />
                      </Context>
                    </WebRequestResult>
                    <WebRequestResult exceptionMessage="" run="0" submitted="true" cached="false" isRedirectFollow="false" requestBodyBytesHandle="-2" responseBytesHandle="44">
                      <Request url="http://localhost/industry/library/css/style_buy_sale.css" command="GET /industry/library/css/style_buy_sale.css HTTP/1.1" encoding="utf-8">
                        <Headers>Referer : http://localhost/industry/shop/business/index.php?mod=svdetail&amp;imb=1&amp;isv=2&amp;isvc=2
User-Agent : Mozilla/4.0 (compatible; MSIE 7.0; Windows NT 5.1)
Accept : */*
Accept-Language : en-us
Accept-Encoding : GZIP
Host : localhost
Cookie : PHPSESSID=5a0b064b9e2796918842c00f72e52f69; mylang=vietnam
</Headers>
                      </Request>
                      <Response url="http://localhost/industry/library/css/style_buy_sale.css" contentType="text/css" statusLine="HTTP/1.1 200 OK" pageTime="NaN" time="0.009" statusCodeString="200 OK" contentLength="4307">
                        <Headers>Accept-Ranges : bytes
Content-Length : 4307
Content-Type : text/css
Date : Tue, 23 Nov 2010 14:08:36 GMT
ETag : "641552a0-10d3-f8823c00"
Last-Modified : Mon, 20 Sep 2010 05:13:20 GMT
Server : Apache/2.2.4 (Win32) PHP/5.2.1
</Headers>
                      </Response>
                      <Context>
                        <Entry name="$TotalAgents" value="1" />
                        <Entry name="$ControllerName" value="ASUS" />
                        <Entry name="$AgentName" value="ASUS" />
                        <Entry name="$TestLogsDir" value="C:\Documents and Settings\ASUS X82Q SERIES\My Documents\Visual Studio 2008\Projects\TestProject\TestResults\ASUS X82Q SERIES_ASUS 2010-11-23 21_08_28\In\ASUS" />
                        <Entry name="$TestDeploymentDir" value="C:\Documents and Settings\ASUS X82Q SERIES\My Documents\Visual Studio 2008\Projects\TestProject\TestResults\ASUS X82Q SERIES_ASUS 2010-11-23 21_08_28\Out" />
                        <Entry name="$AgentId" value="1" />
                        <Entry name="$AgentLoadDistributor" value="Microsoft.VisualStudio.TestTools.Execution.AgentLoadDistributor" />
                        <Entry name="$TestDir" value="C:\Documents and Settings\ASUS X82Q SERIES\My Documents\Visual Studio 2008\Projects\TestProject\TestResults\ASUS X82Q SERIES_ASUS 2010-11-23 21_08_28" />
                        <Entry name="$AgentWeighting" value="100" />
                        <Entry name="$WebTestIteration" value="1" />
                        <Entry name="$WebTestUserId" value="1" />
                      </Context>
                    </WebRequestResult>
                    <WebRequestResult exceptionMessage="" run="0" submitted="true" cached="false" isRedirectFollow="false" requestBodyBytesHandle="-2" responseBytesHandle="72">
                      <Request url="http://localhost/industry/library/css/style_menu_shop.css" command="GET /industry/library/css/style_menu_shop.css HTTP/1.1" encoding="utf-8">
                        <Headers>Referer : http://localhost/industry/shop/business/index.php?mod=svdetail&amp;imb=1&amp;isv=2&amp;isvc=2
User-Agent : Mozilla/4.0 (compatible; MSIE 7.0; Windows NT 5.1)
Accept : */*
Accept-Language : en-us
Accept-Encoding : GZIP
Host : localhost
Cookie : PHPSESSID=5a0b064b9e2796918842c00f72e52f69; mylang=vietnam
</Headers>
                      </Request>
                      <Response url="http://localhost/industry/library/css/style_menu_shop.css" contentType="text/css" statusLine="HTTP/1.1 200 OK" pageTime="NaN" time="0.016" statusCodeString="200 OK" contentLength="1509">
                        <Headers>Accept-Ranges : bytes
Content-Length : 1509
Content-Type : text/css
Date : Tue, 23 Nov 2010 14:08:36 GMT
ETag : "64155420-5e5-32c96f80"
Last-Modified : Mon, 06 Sep 2010 03:51:42 GMT
Server : Apache/2.2.4 (Win32) PHP/5.2.1
</Headers>
                      </Response>
                      <Context>
                        <Entry name="$TotalAgents" value="1" />
                        <Entry name="$ControllerName" value="ASUS" />
                        <Entry name="$AgentName" value="ASUS" />
                        <Entry name="$TestLogsDir" value="C:\Documents and Settings\ASUS X82Q SERIES\My Documents\Visual Studio 2008\Projects\TestProject\TestResults\ASUS X82Q SERIES_ASUS 2010-11-23 21_08_28\In\ASUS" />
                        <Entry name="$TestDeploymentDir" value="C:\Documents and Settings\ASUS X82Q SERIES\My Documents\Visual Studio 2008\Projects\TestProject\TestResults\ASUS X82Q SERIES_ASUS 2010-11-23 21_08_28\Out" />
                        <Entry name="$AgentId" value="1" />
                        <Entry name="$AgentLoadDistributor" value="Microsoft.VisualStudio.TestTools.Execution.AgentLoadDistributor" />
                        <Entry name="$TestDir" value="C:\Documents and Settings\ASUS X82Q SERIES\My Documents\Visual Studio 2008\Projects\TestProject\TestResults\ASUS X82Q SERIES_ASUS 2010-11-23 21_08_28" />
                        <Entry name="$AgentWeighting" value="100" />
                        <Entry name="$WebTestIteration" value="1" />
                        <Entry name="$WebTestUserId" value="1" />
                      </Context>
                    </WebRequestResult>
                    <WebRequestResult exceptionMessage="" run="0" submitted="true" cached="false" isRedirectFollow="false" requestBodyBytesHandle="-2" responseBytesHandle="8">
                      <Request url="http://localhost/industry/library/js/script.js" command="GET /industry/library/js/script.js HTTP/1.1" encoding="utf-8">
                        <Headers>Referer : http://localhost/industry/shop/business/index.php?mod=svdetail&amp;imb=1&amp;isv=2&amp;isvc=2
User-Agent : Mozilla/4.0 (compatible; MSIE 7.0; Windows NT 5.1)
Accept : */*
Accept-Language : en-us
Accept-Encoding : GZIP
Host : localhost
Cookie : PHPSESSID=5a0b064b9e2796918842c00f72e52f69; mylang=vietnam
</Headers>
                      </Request>
                      <Response url="http://localhost/industry/library/js/script.js" contentType="application/x-javascript" statusLine="HTTP/1.1 200 OK" pageTime="NaN" time="0.03" statusCodeString="200 OK" contentLength="403">
                        <Headers>Accept-Ranges : bytes
Content-Length : 403
Content-Type : application/x-javascript
Date : Tue, 23 Nov 2010 14:08:36 GMT
ETag : "640c1340-193-56ac8480"
Last-Modified : Tue, 27 Jul 2010 06:09:06 GMT
Server : Apache/2.2.4 (Win32) PHP/5.2.1
</Headers>
                      </Response>
                      <Context>
                        <Entry name="$TotalAgents" value="1" />
                        <Entry name="$ControllerName" value="ASUS" />
                        <Entry name="$AgentName" value="ASUS" />
                        <Entry name="$TestLogsDir" value="C:\Documents and Settings\ASUS X82Q SERIES\My Documents\Visual Studio 2008\Projects\TestProject\TestResults\ASUS X82Q SERIES_ASUS 2010-11-23 21_08_28\In\ASUS" />
                        <Entry name="$TestDeploymentDir" value="C:\Documents and Settings\ASUS X82Q SERIES\My Documents\Visual Studio 2008\Projects\TestProject\TestResults\ASUS X82Q SERIES_ASUS 2010-11-23 21_08_28\Out" />
                        <Entry name="$AgentId" value="1" />
                        <Entry name="$AgentLoadDistributor" value="Microsoft.VisualStudio.TestTools.Execution.AgentLoadDistributor" />
                        <Entry name="$TestDir" value="C:\Documents and Settings\ASUS X82Q SERIES\My Documents\Visual Studio 2008\Projects\TestProject\TestResults\ASUS X82Q SERIES_ASUS 2010-11-23 21_08_28" />
                        <Entry name="$AgentWeighting" value="100" />
                        <Entry name="$WebTestIteration" value="1" />
                        <Entry name="$WebTestUserId" value="1" />
                      </Context>
                    </WebRequestResult>
                    <WebRequestResult exceptionMessage="" run="0" submitted="true" cached="false" isRedirectFollow="false" requestBodyBytesHandle="-2" responseBytesHandle="11">
                      <Request url="http://localhost/industry/library/js/jquery_menu.js" command="GET /industry/library/js/jquery_menu.js HTTP/1.1" encoding="utf-8">
                        <Headers>Referer : http://localhost/industry/shop/business/index.php?mod=svdetail&amp;imb=1&amp;isv=2&amp;isvc=2
User-Agent : Mozilla/4.0 (compatible; MSIE 7.0; Windows NT 5.1)
Accept : */*
Accept-Language : en-us
Accept-Encoding : GZIP
Host : localhost
Cookie : PHPSESSID=5a0b064b9e2796918842c00f72e52f69; mylang=vietnam
</Headers>
                      </Request>
                      <Response url="http://localhost/industry/library/js/jquery_menu.js" contentType="application/x-javascript" statusLine="HTTP/1.1 200 OK" pageTime="NaN" time="0.087" statusCodeString="200 OK" contentLength="57170">
                        <Headers>X-Pad : avoid browser bug
Accept-Ranges : bytes
Content-Length : 57170
Content-Type : application/x-javascript
Date : Tue, 23 Nov 2010 14:08:36 GMT
ETag : "640c1260-df52-984af280"
Last-Modified : Tue, 27 Jul 2010 02:52:42 GMT
Server : Apache/2.2.4 (Win32) PHP/5.2.1
</Headers>
                      </Response>
                      <Context>
                        <Entry name="$TotalAgents" value="1" />
                        <Entry name="$ControllerName" value="ASUS" />
                        <Entry name="$AgentName" value="ASUS" />
                        <Entry name="$TestLogsDir" value="C:\Documents and Settings\ASUS X82Q SERIES\My Documents\Visual Studio 2008\Projects\TestProject\TestResults\ASUS X82Q SERIES_ASUS 2010-11-23 21_08_28\In\ASUS" />
                        <Entry name="$TestDeploymentDir" value="C:\Documents and Settings\ASUS X82Q SERIES\My Documents\Visual Studio 2008\Projects\TestProject\TestResults\ASUS X82Q SERIES_ASUS 2010-11-23 21_08_28\Out" />
                        <Entry name="$AgentId" value="1" />
                        <Entry name="$AgentLoadDistributor" value="Microsoft.VisualStudio.TestTools.Execution.AgentLoadDistributor" />
                        <Entry name="$TestDir" value="C:\Documents and Settings\ASUS X82Q SERIES\My Documents\Visual Studio 2008\Projects\TestProject\TestResults\ASUS X82Q SERIES_ASUS 2010-11-23 21_08_28" />
                        <Entry name="$AgentWeighting" value="100" />
                        <Entry name="$WebTestIteration" value="1" />
                        <Entry name="$WebTestUserId" value="1" />
                      </Context>
                    </WebRequestResult>
                    <WebRequestResult exceptionMessage="" run="0" submitted="true" cached="false" isRedirectFollow="false" requestBodyBytesHandle="-2" responseBytesHandle="1">
                      <Request url="http://localhost/industry/library/CSS/style.css" command="GET /industry/library/CSS/style.css HTTP/1.1" encoding="utf-8">
                        <Headers>Referer : http://localhost/industry/shop/business/index.php?mod=svdetail&amp;imb=1&amp;isv=2&amp;isvc=2
User-Agent : Mozilla/4.0 (compatible; MSIE 7.0; Windows NT 5.1)
Accept : */*
Accept-Language : en-us
Accept-Encoding : GZIP
Host : localhost
Cookie : PHPSESSID=5a0b064b9e2796918842c00f72e52f69; mylang=vietnam
</Headers>
                      </Request>
                      <Response url="http://localhost/industry/library/CSS/style.css" contentType="text/css" statusLine="HTTP/1.1 200 OK" pageTime="NaN" time="0.049" statusCodeString="200 OK" contentLength="9991">
                        <Headers>Accept-Ranges : bytes
Content-Length : 9991
Content-Type : text/css
Date : Tue, 23 Nov 2010 14:08:36 GMT
ETag : "64155240-2707-e0400a80"
Last-Modified : Fri, 24 Sep 2010 18:52:10 GMT
Server : Apache/2.2.4 (Win32) PHP/5.2.1
</Headers>
                      </Response>
                      <Context>
                        <Entry name="$TotalAgents" value="1" />
                        <Entry name="$ControllerName" value="ASUS" />
                        <Entry name="$AgentName" value="ASUS" />
                        <Entry name="$TestLogsDir" value="C:\Documents and Settings\ASUS X82Q SERIES\My Documents\Visual Studio 2008\Projects\TestProject\TestResults\ASUS X82Q SERIES_ASUS 2010-11-23 21_08_28\In\ASUS" />
                        <Entry name="$TestDeploymentDir" value="C:\Documents and Settings\ASUS X82Q SERIES\My Documents\Visual Studio 2008\Projects\TestProject\TestResults\ASUS X82Q SERIES_ASUS 2010-11-23 21_08_28\Out" />
                        <Entry name="$AgentId" value="1" />
                        <Entry name="$AgentLoadDistributor" value="Microsoft.VisualStudio.TestTools.Execution.AgentLoadDistributor" />
                        <Entry name="$TestDir" value="C:\Documents and Settings\ASUS X82Q SERIES\My Documents\Visual Studio 2008\Projects\TestProject\TestResults\ASUS X82Q SERIES_ASUS 2010-11-23 21_08_28" />
                        <Entry name="$AgentWeighting" value="100" />
                        <Entry name="$WebTestIteration" value="1" />
                        <Entry name="$WebTestUserId" value="1" />
                      </Context>
                    </WebRequestResult>
                    <WebRequestResult exceptionMessage="" run="0" submitted="true" cached="false" isRedirectFollow="false" requestBodyBytesHandle="-2" responseBytesHandle="15">
                      <Request url="http://localhost/industry/interface/search.jpg" command="GET /industry/interface/search.jpg HTTP/1.1" encoding="utf-8">
                        <Headers>Referer : http://localhost/industry/shop/business/index.php?mod=svdetail&amp;imb=1&amp;isv=2&amp;isvc=2
User-Agent : Mozilla/4.0 (compatible; MSIE 7.0; Windows NT 5.1)
Accept : */*
Accept-Language : en-us
Accept-Encoding : GZIP
Host : localhost
Cookie : PHPSESSID=5a0b064b9e2796918842c00f72e52f69; mylang=vietnam
</Headers>
                      </Request>
                      <Response url="http://localhost/industry/interface/search.jpg" contentType="image/jpeg" statusLine="HTTP/1.1 200 OK" pageTime="NaN" time="0.009" statusCodeString="200 OK" contentLength="1525">
                        <Headers>Accept-Ranges : bytes
Content-Length : 1525
Content-Type : image/jpeg
Date : Tue, 23 Nov 2010 14:08:36 GMT
ETag : "63f09960-5f5-160fc780"
Last-Modified : Sun, 25 Jul 2010 16:51:58 GMT
Server : Apache/2.2.4 (Win32) PHP/5.2.1
</Headers>
                      </Response>
                      <Context>
                        <Entry name="$TotalAgents" value="1" />
                        <Entry name="$ControllerName" value="ASUS" />
                        <Entry name="$AgentName" value="ASUS" />
                        <Entry name="$TestLogsDir" value="C:\Documents and Settings\ASUS X82Q SERIES\My Documents\Visual Studio 2008\Projects\TestProject\TestResults\ASUS X82Q SERIES_ASUS 2010-11-23 21_08_28\In\ASUS" />
                        <Entry name="$TestDeploymentDir" value="C:\Documents and Settings\ASUS X82Q SERIES\My Documents\Visual Studio 2008\Projects\TestProject\TestResults\ASUS X82Q SERIES_ASUS 2010-11-23 21_08_28\Out" />
                        <Entry name="$AgentId" value="1" />
                        <Entry name="$AgentLoadDistributor" value="Microsoft.VisualStudio.TestTools.Execution.AgentLoadDistributor" />
                        <Entry name="$TestDir" value="C:\Documents and Settings\ASUS X82Q SERIES\My Documents\Visual Studio 2008\Projects\TestProject\TestResults\ASUS X82Q SERIES_ASUS 2010-11-23 21_08_28" />
                        <Entry name="$AgentWeighting" value="100" />
                        <Entry name="$WebTestIteration" value="1" />
                        <Entry name="$WebTestUserId" value="1" />
                      </Context>
                    </WebRequestResult>
                  </DependantResults>
                  <ValidationRuleResults>
                    <ValidationRuleResult message="Passed" ruleType="Validation" name="Response URL" />
                  </ValidationRuleResults>
                </WebRequestResult>
              </WebTestResultPage>
              <WebTestResultPage>
                <WebRequestResult exceptionMessage="" run="0" submitted="true" cached="false" isRedirectFollow="false" requestBodyBytesHandle="-2" responseBytesHandle="80">
                  <Request url="http://localhost/industry/trade/service/index.php" command="GET /industry/trade/service/index.php HTTP/1.1" encoding="utf-8">
                    <Headers>User-Agent : Mozilla/4.0 (compatible; MSIE 7.0; Windows NT 5.1)
Accept : */*
Accept-Language : en-us
Accept-Encoding : GZIP
Host : localhost
Cookie : PHPSESSID=5a0b064b9e2796918842c00f72e52f69; mylang=vietnam
</Headers>
                  </Request>
                  <Response url="http://localhost/industry/trade/service/index.php" contentType="text/html; charset=utf-8" statusLine="HTTP/1.1 200 OK" pageTime="0.53799999999999992" time="0.382" statusCodeString="200 OK" contentLength="17553">
                    <Headers>Pragma : no-cache
Transfer-Encoding : chunked
Cache-Control : no-store, no-cache, must-revalidate, post-check=0, pre-check=0
Content-Type : text/html; charset:utf-8
Date : Tue, 23 Nov 2010 14:08:36 GMT
Expires : Thu, 19 Nov 1981 08:52:00 GMT
Set-Cookie : mylang=vietnam; expires=Tue, 30-Nov-2010 14:08:36 GMT; path=/
Server : Apache/2.2.4 (Win32) PHP/5.2.1
X-Powered-By : PHP/5.2.1
</Headers>
                  </Response>
                  <Context>
                    <Entry name="$TotalAgents" value="1" />
                    <Entry name="$ControllerName" value="ASUS" />
                    <Entry name="$AgentName" value="ASUS" />
                    <Entry name="$TestLogsDir" value="C:\Documents and Settings\ASUS X82Q SERIES\My Documents\Visual Studio 2008\Projects\TestProject\TestResults\ASUS X82Q SERIES_ASUS 2010-11-23 21_08_28\In\ASUS" />
                    <Entry name="$TestDeploymentDir" value="C:\Documents and Settings\ASUS X82Q SERIES\My Documents\Visual Studio 2008\Projects\TestProject\TestResults\ASUS X82Q SERIES_ASUS 2010-11-23 21_08_28\Out" />
                    <Entry name="$AgentId" value="1" />
                    <Entry name="$AgentLoadDistributor" value="Microsoft.VisualStudio.TestTools.Execution.AgentLoadDistributor" />
                    <Entry name="$TestDir" value="C:\Documents and Settings\ASUS X82Q SERIES\My Documents\Visual Studio 2008\Projects\TestProject\TestResults\ASUS X82Q SERIES_ASUS 2010-11-23 21_08_28" />
                    <Entry name="$AgentWeighting" value="100" />
                    <Entry name="$WebTestIteration" value="1" />
                    <Entry name="$WebTestUserId" value="1" />
                  </Context>
                  <DependantResults>
                    <WebRequestResult exceptionMessage="" run="0" submitted="true" cached="false" isRedirectFollow="false" requestBodyBytesHandle="-2" responseBytesHandle="2">
                      <Request url="http://localhost/industry/library/CSS/style_menu.css" command="GET /industry/library/CSS/style_menu.css HTTP/1.1" encoding="utf-8">
                        <Headers>Referer : http://localhost/industry/trade/service/index.php
User-Agent : Mozilla/4.0 (compatible; MSIE 7.0; Windows NT 5.1)
Accept : */*
Accept-Language : en-us
Accept-Encoding : GZIP
Host : localhost
Cookie : PHPSESSID=5a0b064b9e2796918842c00f72e52f69; mylang=vietnam
</Headers>
                      </Request>
                      <Response url="http://localhost/industry/library/CSS/style_menu.css" contentType="text/css" statusLine="HTTP/1.1 200 OK" pageTime="NaN" time="0.007" statusCodeString="200 OK" contentLength="1103">
                        <Headers>Accept-Ranges : bytes
Content-Length : 1103
Content-Type : text/css
Date : Tue, 23 Nov 2010 14:08:37 GMT
ETag : "641553c0-44f-9c443c00"
Last-Modified : Fri, 27 Aug 2010 12:54:08 GMT
Server : Apache/2.2.4 (Win32) PHP/5.2.1
</Headers>
                      </Response>
                      <Context>
                        <Entry name="$TotalAgents" value="1" />
                        <Entry name="$ControllerName" value="ASUS" />
                        <Entry name="$AgentName" value="ASUS" />
                        <Entry name="$TestLogsDir" value="C:\Documents and Settings\ASUS X82Q SERIES\My Documents\Visual Studio 2008\Projects\TestProject\TestResults\ASUS X82Q SERIES_ASUS 2010-11-23 21_08_28\In\ASUS" />
                        <Entry name="$TestDeploymentDir" value="C:\Documents and Settings\ASUS X82Q SERIES\My Documents\Visual Studio 2008\Projects\TestProject\TestResults\ASUS X82Q SERIES_ASUS 2010-11-23 21_08_28\Out" />
                        <Entry name="$AgentId" value="1" />
                        <Entry name="$AgentLoadDistributor" value="Microsoft.VisualStudio.TestTools.Execution.AgentLoadDistributor" />
                        <Entry name="$TestDir" value="C:\Documents and Settings\ASUS X82Q SERIES\My Documents\Visual Studio 2008\Projects\TestProject\TestResults\ASUS X82Q SERIES_ASUS 2010-11-23 21_08_28" />
                        <Entry name="$AgentWeighting" value="100" />
                        <Entry name="$WebTestIteration" value="1" />
                        <Entry name="$WebTestUserId" value="1" />
                      </Context>
                    </WebRequestResult>
                    <WebRequestResult exceptionMessage="" run="0" submitted="true" cached="false" isRedirectFollow="false" requestBodyBytesHandle="-2" responseBytesHandle="1">
                      <Request url="http://localhost/industry/library/CSS/style.css" command="GET /industry/library/CSS/style.css HTTP/1.1" encoding="utf-8">
                        <Headers>Referer : http://localhost/industry/trade/service/index.php
User-Agent : Mozilla/4.0 (compatible; MSIE 7.0; Windows NT 5.1)
Accept : */*
Accept-Language : en-us
Accept-Encoding : GZIP
Host : localhost
Cookie : PHPSESSID=5a0b064b9e2796918842c00f72e52f69; mylang=vietnam
</Headers>
                      </Request>
                      <Response url="http://localhost/industry/library/CSS/style.css" contentType="text/css" statusLine="HTTP/1.1 200 OK" pageTime="NaN" time="0.011" statusCodeString="200 OK" contentLength="9991">
                        <Headers>Accept-Ranges : bytes
Content-Length : 9991
Content-Type : text/css
Date : Tue, 23 Nov 2010 14:08:37 GMT
ETag : "64155240-2707-e0400a80"
Last-Modified : Fri, 24 Sep 2010 18:52:10 GMT
Server : Apache/2.2.4 (Win32) PHP/5.2.1
</Headers>
                      </Response>
                      <Context>
                        <Entry name="$TotalAgents" value="1" />
                        <Entry name="$ControllerName" value="ASUS" />
                        <Entry name="$AgentName" value="ASUS" />
                        <Entry name="$TestLogsDir" value="C:\Documents and Settings\ASUS X82Q SERIES\My Documents\Visual Studio 2008\Projects\TestProject\TestResults\ASUS X82Q SERIES_ASUS 2010-11-23 21_08_28\In\ASUS" />
                        <Entry name="$TestDeploymentDir" value="C:\Documents and Settings\ASUS X82Q SERIES\My Documents\Visual Studio 2008\Projects\TestProject\TestResults\ASUS X82Q SERIES_ASUS 2010-11-23 21_08_28\Out" />
                        <Entry name="$AgentId" value="1" />
                        <Entry name="$AgentLoadDistributor" value="Microsoft.VisualStudio.TestTools.Execution.AgentLoadDistributor" />
                        <Entry name="$TestDir" value="C:\Documents and Settings\ASUS X82Q SERIES\My Documents\Visual Studio 2008\Projects\TestProject\TestResults\ASUS X82Q SERIES_ASUS 2010-11-23 21_08_28" />
                        <Entry name="$AgentWeighting" value="100" />
                        <Entry name="$WebTestIteration" value="1" />
                        <Entry name="$WebTestUserId" value="1" />
                      </Context>
                    </WebRequestResult>
                    <WebRequestResult exceptionMessage="" run="0" submitted="true" cached="false" isRedirectFollow="false" requestBodyBytesHandle="-2" responseBytesHandle="44">
                      <Request url="http://localhost/industry/library/CSS/style_buy_sale.css" command="GET /industry/library/CSS/style_buy_sale.css HTTP/1.1" encoding="utf-8">
                        <Headers>Referer : http://localhost/industry/trade/service/index.php
User-Agent : Mozilla/4.0 (compatible; MSIE 7.0; Windows NT 5.1)
Accept : */*
Accept-Language : en-us
Accept-Encoding : GZIP
Host : localhost
Cookie : PHPSESSID=5a0b064b9e2796918842c00f72e52f69; mylang=vietnam
</Headers>
                      </Request>
                      <Response url="http://localhost/industry/library/CSS/style_buy_sale.css" contentType="text/css" statusLine="HTTP/1.1 200 OK" pageTime="NaN" time="0.006" statusCodeString="200 OK" contentLength="4307">
                        <Headers>Accept-Ranges : bytes
Content-Length : 4307
Content-Type : text/css
Date : Tue, 23 Nov 2010 14:08:37 GMT
ETag : "641552a0-10d3-f8823c00"
Last-Modified : Mon, 20 Sep 2010 05:13:20 GMT
Server : Apache/2.2.4 (Win32) PHP/5.2.1
</Headers>
                      </Response>
                      <Context>
                        <Entry name="$TotalAgents" value="1" />
                        <Entry name="$ControllerName" value="ASUS" />
                        <Entry name="$AgentName" value="ASUS" />
                        <Entry name="$TestLogsDir" value="C:\Documents and Settings\ASUS X82Q SERIES\My Documents\Visual Studio 2008\Projects\TestProject\TestResults\ASUS X82Q SERIES_ASUS 2010-11-23 21_08_28\In\ASUS" />
                        <Entry name="$TestDeploymentDir" value="C:\Documents and Settings\ASUS X82Q SERIES\My Documents\Visual Studio 2008\Projects\TestProject\TestResults\ASUS X82Q SERIES_ASUS 2010-11-23 21_08_28\Out" />
                        <Entry name="$AgentId" value="1" />
                        <Entry name="$AgentLoadDistributor" value="Microsoft.VisualStudio.TestTools.Execution.AgentLoadDistributor" />
                        <Entry name="$TestDir" value="C:\Documents and Settings\ASUS X82Q SERIES\My Documents\Visual Studio 2008\Projects\TestProject\TestResults\ASUS X82Q SERIES_ASUS 2010-11-23 21_08_28" />
                        <Entry name="$AgentWeighting" value="100" />
                        <Entry name="$WebTestIteration" value="1" />
                        <Entry name="$WebTestUserId" value="1" />
                      </Context>
                    </WebRequestResult>
                    <WebRequestResult exceptionMessage="" run="0" submitted="true" cached="false" isRedirectFollow="false" requestBodyBytesHandle="-2" responseBytesHandle="43">
                      <Request url="http://localhost/industry/library/CSS/style-slide.css" command="GET /industry/library/CSS/style-slide.css HTTP/1.1" encoding="utf-8">
                        <Headers>Referer : http://localhost/industry/trade/service/index.php
User-Agent : Mozilla/4.0 (compatible; MSIE 7.0; Windows NT 5.1)
Accept : */*
Accept-Language : en-us
Accept-Encoding : GZIP
Host : localhost
Cookie : PHPSESSID=5a0b064b9e2796918842c00f72e52f69; mylang=vietnam
</Headers>
                      </Request>
                      <Response url="http://localhost/industry/library/CSS/style-slide.css" contentType="text/css" statusLine="HTTP/1.1 200 OK" pageTime="NaN" time="0.007" statusCodeString="200 OK" contentLength="1629">
                        <Headers>Accept-Ranges : bytes
Content-Length : 1629
Content-Type : text/css
Date : Tue, 23 Nov 2010 14:08:37 GMT
ETag : "64155220-65d-d44b7f00"
Last-Modified : Fri, 27 Aug 2010 13:09:48 GMT
Server : Apache/2.2.4 (Win32) PHP/5.2.1
</Headers>
                      </Response>
                      <Context>
                        <Entry name="$TotalAgents" value="1" />
                        <Entry name="$ControllerName" value="ASUS" />
                        <Entry name="$AgentName" value="ASUS" />
                        <Entry name="$TestLogsDir" value="C:\Documents and Settings\ASUS X82Q SERIES\My Documents\Visual Studio 2008\Projects\TestProject\TestResults\ASUS X82Q SERIES_ASUS 2010-11-23 21_08_28\In\ASUS" />
                        <Entry name="$TestDeploymentDir" value="C:\Documents and Settings\ASUS X82Q SERIES\My Documents\Visual Studio 2008\Projects\TestProject\TestResults\ASUS X82Q SERIES_ASUS 2010-11-23 21_08_28\Out" />
                        <Entry name="$AgentId" value="1" />
                        <Entry name="$AgentLoadDistributor" value="Microsoft.VisualStudio.TestTools.Execution.AgentLoadDistributor" />
                        <Entry name="$TestDir" value="C:\Documents and Settings\ASUS X82Q SERIES\My Documents\Visual Studio 2008\Projects\TestProject\TestResults\ASUS X82Q SERIES_ASUS 2010-11-23 21_08_28" />
                        <Entry name="$AgentWeighting" value="100" />
                        <Entry name="$WebTestIteration" value="1" />
                        <Entry name="$WebTestUserId" value="1" />
                      </Context>
                    </WebRequestResult>
                    <WebRequestResult exceptionMessage="" run="0" submitted="true" cached="false" isRedirectFollow="false" requestBodyBytesHandle="-2" responseBytesHandle="8">
                      <Request url="http://localhost/industry/library/js/script.js" command="GET /industry/library/js/script.js HTTP/1.1" encoding="utf-8">
                        <Headers>Referer : http://localhost/industry/trade/service/index.php
User-Agent : Mozilla/4.0 (compatible; MSIE 7.0; Windows NT 5.1)
Accept : */*
Accept-Language : en-us
Accept-Encoding : GZIP
Host : localhost
Cookie : PHPSESSID=5a0b064b9e2796918842c00f72e52f69; mylang=vietnam
</Headers>
                      </Request>
                      <Response url="http://localhost/industry/library/js/script.js" contentType="application/x-javascript" statusLine="HTTP/1.1 200 OK" pageTime="NaN" time="0.005" statusCodeString="200 OK" contentLength="403">
                        <Headers>Accept-Ranges : bytes
Content-Length : 403
Content-Type : application/x-javascript
Date : Tue, 23 Nov 2010 14:08:37 GMT
ETag : "640c1340-193-56ac8480"
Last-Modified : Tue, 27 Jul 2010 06:09:06 GMT
Server : Apache/2.2.4 (Win32) PHP/5.2.1
</Headers>
                      </Response>
                      <Context>
                        <Entry name="$TotalAgents" value="1" />
                        <Entry name="$ControllerName" value="ASUS" />
                        <Entry name="$AgentName" value="ASUS" />
                        <Entry name="$TestLogsDir" value="C:\Documents and Settings\ASUS X82Q SERIES\My Documents\Visual Studio 2008\Projects\TestProject\TestResults\ASUS X82Q SERIES_ASUS 2010-11-23 21_08_28\In\ASUS" />
                        <Entry name="$TestDeploymentDir" value="C:\Documents and Settings\ASUS X82Q SERIES\My Documents\Visual Studio 2008\Projects\TestProject\TestResults\ASUS X82Q SERIES_ASUS 2010-11-23 21_08_28\Out" />
                        <Entry name="$AgentId" value="1" />
                        <Entry name="$AgentLoadDistributor" value="Microsoft.VisualStudio.TestTools.Execution.AgentLoadDistributor" />
                        <Entry name="$TestDir" value="C:\Documents and Settings\ASUS X82Q SERIES\My Documents\Visual Studio 2008\Projects\TestProject\TestResults\ASUS X82Q SERIES_ASUS 2010-11-23 21_08_28" />
                        <Entry name="$AgentWeighting" value="100" />
                        <Entry name="$WebTestIteration" value="1" />
                        <Entry name="$WebTestUserId" value="1" />
                      </Context>
                    </WebRequestResult>
                    <WebRequestResult exceptionMessage="" run="0" submitted="true" cached="false" isRedirectFollow="false" requestBodyBytesHandle="-2" responseBytesHandle="45">
                      <Request url="http://localhost/industry/library/js/jquery.js" command="GET /industry/library/js/jquery.js HTTP/1.1" encoding="utf-8">
                        <Headers>Referer : http://localhost/industry/trade/service/index.php
User-Agent : Mozilla/4.0 (compatible; MSIE 7.0; Windows NT 5.1)
Accept : */*
Accept-Language : en-us
Accept-Encoding : GZIP
Host : localhost
Cookie : PHPSESSID=5a0b064b9e2796918842c00f72e52f69; mylang=vietnam
</Headers>
                      </Request>
                      <Response url="http://localhost/industry/library/js/jquery.js" contentType="application/x-javascript" statusLine="HTTP/1.1 200 OK" pageTime="NaN" time="0.064" statusCodeString="200 OK" contentLength="50783">
                        <Headers>X-Pad : avoid browser bug
Accept-Ranges : bytes
Content-Length : 50783
Content-Type : application/x-javascript
Date : Tue, 23 Nov 2010 14:08:37 GMT
ETag : "640c11c0-c65f-f7d5c480"
Last-Modified : Fri, 06 Aug 2010 16:14:58 GMT
Server : Apache/2.2.4 (Win32) PHP/5.2.1
</Headers>
                      </Response>
                      <Context>
                        <Entry name="$TotalAgents" value="1" />
                        <Entry name="$ControllerName" value="ASUS" />
                        <Entry name="$AgentName" value="ASUS" />
                        <Entry name="$TestLogsDir" value="C:\Documents and Settings\ASUS X82Q SERIES\My Documents\Visual Studio 2008\Projects\TestProject\TestResults\ASUS X82Q SERIES_ASUS 2010-11-23 21_08_28\In\ASUS" />
                        <Entry name="$TestDeploymentDir" value="C:\Documents and Settings\ASUS X82Q SERIES\My Documents\Visual Studio 2008\Projects\TestProject\TestResults\ASUS X82Q SERIES_ASUS 2010-11-23 21_08_28\Out" />
                        <Entry name="$AgentId" value="1" />
                        <Entry name="$AgentLoadDistributor" value="Microsoft.VisualStudio.TestTools.Execution.AgentLoadDistributor" />
                        <Entry name="$TestDir" value="C:\Documents and Settings\ASUS X82Q SERIES\My Documents\Visual Studio 2008\Projects\TestProject\TestResults\ASUS X82Q SERIES_ASUS 2010-11-23 21_08_28" />
                        <Entry name="$AgentWeighting" value="100" />
                        <Entry name="$WebTestIteration" value="1" />
                        <Entry name="$WebTestUserId" value="1" />
                      </Context>
                    </WebRequestResult>
                    <WebRequestResult exceptionMessage="" run="0" submitted="true" cached="false" isRedirectFollow="false" requestBodyBytesHandle="-2" responseBytesHandle="11">
                      <Request url="http://localhost/industry/library/js/jquery_menu.js" command="GET /industry/library/js/jquery_menu.js HTTP/1.1" encoding="utf-8">
                        <Headers>Referer : http://localhost/industry/trade/service/index.php
User-Agent : Mozilla/4.0 (compatible; MSIE 7.0; Windows NT 5.1)
Accept : */*
Accept-Language : en-us
Accept-Encoding : GZIP
Host : localhost
Cookie : PHPSESSID=5a0b064b9e2796918842c00f72e52f69; mylang=vietnam
</Headers>
                      </Request>
                      <Response url="http://localhost/industry/library/js/jquery_menu.js" contentType="application/x-javascript" statusLine="HTTP/1.1 200 OK" pageTime="NaN" time="0.077" statusCodeString="200 OK" contentLength="57170">
                        <Headers>X-Pad : avoid browser bug
Accept-Ranges : bytes
Content-Length : 57170
Content-Type : application/x-javascript
Date : Tue, 23 Nov 2010 14:08:37 GMT
ETag : "640c1260-df52-984af280"
Last-Modified : Tue, 27 Jul 2010 02:52:42 GMT
Server : Apache/2.2.4 (Win32) PHP/5.2.1
</Headers>
                      </Response>
                      <Context>
                        <Entry name="$TotalAgents" value="1" />
                        <Entry name="$ControllerName" value="ASUS" />
                        <Entry name="$AgentName" value="ASUS" />
                        <Entry name="$TestLogsDir" value="C:\Documents and Settings\ASUS X82Q SERIES\My Documents\Visual Studio 2008\Projects\TestProject\TestResults\ASUS X82Q SERIES_ASUS 2010-11-23 21_08_28\In\ASUS" />
                        <Entry name="$TestDeploymentDir" value="C:\Documents and Settings\ASUS X82Q SERIES\My Documents\Visual Studio 2008\Projects\TestProject\TestResults\ASUS X82Q SERIES_ASUS 2010-11-23 21_08_28\Out" />
                        <Entry name="$AgentId" value="1" />
                        <Entry name="$AgentLoadDistributor" value="Microsoft.VisualStudio.TestTools.Execution.AgentLoadDistributor" />
                        <Entry name="$TestDir" value="C:\Documents and Settings\ASUS X82Q SERIES\My Documents\Visual Studio 2008\Projects\TestProject\TestResults\ASUS X82Q SERIES_ASUS 2010-11-23 21_08_28" />
                        <Entry name="$AgentWeighting" value="100" />
                        <Entry name="$WebTestIteration" value="1" />
                        <Entry name="$WebTestUserId" value="1" />
                      </Context>
                    </WebRequestResult>
                    <WebRequestResult exceptionMessage="" run="0" submitted="true" cached="false" isRedirectFollow="false" requestBodyBytesHandle="-2" responseBytesHandle="46">
                      <Request url="http://localhost/industry/library/js/jcarousellite.js" command="GET /industry/library/js/jcarousellite.js HTTP/1.1" encoding="utf-8">
                        <Headers>Referer : http://localhost/industry/trade/service/index.php
User-Agent : Mozilla/4.0 (compatible; MSIE 7.0; Windows NT 5.1)
Accept : */*
Accept-Language : en-us
Accept-Encoding : GZIP
Host : localhost
Cookie : PHPSESSID=5a0b064b9e2796918842c00f72e52f69; mylang=vietnam
</Headers>
                      </Request>
                      <Response url="http://localhost/industry/library/js/jcarousellite.js" contentType="application/x-javascript" statusLine="HTTP/1.1 200 OK" pageTime="NaN" time="0.008" statusCodeString="200 OK" contentLength="114">
                        <Headers>Accept-Ranges : bytes
Content-Length : 114
Content-Type : application/x-javascript
Date : Tue, 23 Nov 2010 14:08:37 GMT
ETag : "640c1140-72-d8661c00"
Last-Modified : Sat, 07 Aug 2010 13:34:40 GMT
Server : Apache/2.2.4 (Win32) PHP/5.2.1
</Headers>
                      </Response>
                      <Context>
                        <Entry name="$TotalAgents" value="1" />
                        <Entry name="$ControllerName" value="ASUS" />
                        <Entry name="$AgentName" value="ASUS" />
                        <Entry name="$TestLogsDir" value="C:\Documents and Settings\ASUS X82Q SERIES\My Documents\Visual Studio 2008\Projects\TestProject\TestResults\ASUS X82Q SERIES_ASUS 2010-11-23 21_08_28\In\ASUS" />
                        <Entry name="$TestDeploymentDir" value="C:\Documents and Settings\ASUS X82Q SERIES\My Documents\Visual Studio 2008\Projects\TestProject\TestResults\ASUS X82Q SERIES_ASUS 2010-11-23 21_08_28\Out" />
                        <Entry name="$AgentId" value="1" />
                        <Entry name="$AgentLoadDistributor" value="Microsoft.VisualStudio.TestTools.Execution.AgentLoadDistributor" />
                        <Entry name="$TestDir" value="C:\Documents and Settings\ASUS X82Q SERIES\My Documents\Visual Studio 2008\Projects\TestProject\TestResults\ASUS X82Q SERIES_ASUS 2010-11-23 21_08_28" />
                        <Entry name="$AgentWeighting" value="100" />
                        <Entry name="$WebTestIteration" value="1" />
                        <Entry name="$WebTestUserId" value="1" />
                      </Context>
                    </WebRequestResult>
                    <WebRequestResult exceptionMessage="" run="0" submitted="true" cached="false" isRedirectFollow="false" requestBodyBytesHandle="-2" responseBytesHandle="13">
                      <Request url="http://localhost/industry/flags/vn.gif" command="GET /industry/flags/vn.gif HTTP/1.1" encoding="utf-8">
                        <Headers>Referer : http://localhost/industry/trade/service/index.php
User-Agent : Mozilla/4.0 (compatible; MSIE 7.0; Windows NT 5.1)
Accept : */*
Accept-Language : en-us
Accept-Encoding : GZIP
Host : localhost
Cookie : PHPSESSID=5a0b064b9e2796918842c00f72e52f69; mylang=vietnam
</Headers>
                      </Request>
                      <Response url="http://localhost/industry/flags/vn.gif" contentType="image/gif" statusLine="HTTP/1.1 200 OK" pageTime="NaN" time="0.009" statusCodeString="200 OK" contentLength="6872">
                        <Headers>Accept-Ranges : bytes
Content-Length : 6872
Content-Type : image/gif
Date : Tue, 23 Nov 2010 14:08:37 GMT
ETag : "624610c0-1ad8-5ae82180"
Last-Modified : Thu, 09 Jul 2009 05:44:54 GMT
Server : Apache/2.2.4 (Win32) PHP/5.2.1
</Headers>
                      </Response>
                      <Context>
                        <Entry name="$TotalAgents" value="1" />
                        <Entry name="$ControllerName" value="ASUS" />
                        <Entry name="$AgentName" value="ASUS" />
                        <Entry name="$TestLogsDir" value="C:\Documents and Settings\ASUS X82Q SERIES\My Documents\Visual Studio 2008\Projects\TestProject\TestResults\ASUS X82Q SERIES_ASUS 2010-11-23 21_08_28\In\ASUS" />
                        <Entry name="$TestDeploymentDir" value="C:\Documents and Settings\ASUS X82Q SERIES\My Documents\Visual Studio 2008\Projects\TestProject\TestResults\ASUS X82Q SERIES_ASUS 2010-11-23 21_08_28\Out" />
                        <Entry name="$AgentId" value="1" />
                        <Entry name="$AgentLoadDistributor" value="Microsoft.VisualStudio.TestTools.Execution.AgentLoadDistributor" />
                        <Entry name="$TestDir" value="C:\Documents and Settings\ASUS X82Q SERIES\My Documents\Visual Studio 2008\Projects\TestProject\TestResults\ASUS X82Q SERIES_ASUS 2010-11-23 21_08_28" />
                        <Entry name="$AgentWeighting" value="100" />
                        <Entry name="$WebTestIteration" value="1" />
                        <Entry name="$WebTestUserId" value="1" />
                      </Context>
                    </WebRequestResult>
                    <WebRequestResult exceptionMessage="" run="0" submitted="true" cached="false" isRedirectFollow="false" requestBodyBytesHandle="-2" responseBytesHandle="14">
                      <Request url="http://localhost/industry/flags/en.gif" command="GET /industry/flags/en.gif HTTP/1.1" encoding="utf-8">
                        <Headers>Referer : http://localhost/industry/trade/service/index.php
User-Agent : Mozilla/4.0 (compatible; MSIE 7.0; Windows NT 5.1)
Accept : */*
Accept-Language : en-us
Accept-Encoding : GZIP
Host : localhost
Cookie : PHPSESSID=5a0b064b9e2796918842c00f72e52f69; mylang=vietnam
</Headers>
                      </Request>
                      <Response url="http://localhost/industry/flags/en.gif" contentType="image/gif" statusLine="HTTP/1.1 200 OK" pageTime="NaN" time="0.007" statusCodeString="200 OK" contentLength="8275">
                        <Headers>Accept-Ranges : bytes
Content-Length : 8275
Content-Type : image/gif
Date : Tue, 23 Nov 2010 14:08:37 GMT
ETag : "62461040-2053-5de31200"
Last-Modified : Thu, 09 Jul 2009 05:45:44 GMT
Server : Apache/2.2.4 (Win32) PHP/5.2.1
</Headers>
                      </Response>
                      <Context>
                        <Entry name="$TotalAgents" value="1" />
                        <Entry name="$ControllerName" value="ASUS" />
                        <Entry name="$AgentName" value="ASUS" />
                        <Entry name="$TestLogsDir" value="C:\Documents and Settings\ASUS X82Q SERIES\My Documents\Visual Studio 2008\Projects\TestProject\TestResults\ASUS X82Q SERIES_ASUS 2010-11-23 21_08_28\In\ASUS" />
                        <Entry name="$TestDeploymentDir" value="C:\Documents and Settings\ASUS X82Q SERIES\My Documents\Visual Studio 2008\Projects\TestProject\TestResults\ASUS X82Q SERIES_ASUS 2010-11-23 21_08_28\Out" />
                        <Entry name="$AgentId" value="1" />
                        <Entry name="$AgentLoadDistributor" value="Microsoft.VisualStudio.TestTools.Execution.AgentLoadDistributor" />
                        <Entry name="$TestDir" value="C:\Documents and Settings\ASUS X82Q SERIES\My Documents\Visual Studio 2008\Projects\TestProject\TestResults\ASUS X82Q SERIES_ASUS 2010-11-23 21_08_28" />
                        <Entry name="$AgentWeighting" value="100" />
                        <Entry name="$WebTestIteration" value="1" />
                        <Entry name="$WebTestUserId" value="1" />
                      </Context>
                    </WebRequestResult>
                    <WebRequestResult exceptionMessage="" run="0" submitted="true" cached="false" isRedirectFollow="false" requestBodyBytesHandle="-2" responseBytesHandle="15">
                      <Request url="http://localhost/industry/interface/search.jpg" command="GET /industry/interface/search.jpg HTTP/1.1" encoding="utf-8">
                        <Headers>Referer : http://localhost/industry/trade/service/index.php
User-Agent : Mozilla/4.0 (compatible; MSIE 7.0; Windows NT 5.1)
Accept : */*
Accept-Language : en-us
Accept-Encoding : GZIP
Host : localhost
Cookie : PHPSESSID=5a0b064b9e2796918842c00f72e52f69; mylang=vietnam
</Headers>
                      </Request>
                      <Response url="http://localhost/industry/interface/search.jpg" contentType="image/jpeg" statusLine="HTTP/1.1 200 OK" pageTime="NaN" time="0.005" statusCodeString="200 OK" contentLength="1525">
                        <Headers>Accept-Ranges : bytes
Content-Length : 1525
Content-Type : image/jpeg
Date : Tue, 23 Nov 2010 14:08:37 GMT
ETag : "63f09960-5f5-160fc780"
Last-Modified : Sun, 25 Jul 2010 16:51:58 GMT
Server : Apache/2.2.4 (Win32) PHP/5.2.1
</Headers>
                      </Response>
                      <Context>
                        <Entry name="$TotalAgents" value="1" />
                        <Entry name="$ControllerName" value="ASUS" />
                        <Entry name="$AgentName" value="ASUS" />
                        <Entry name="$TestLogsDir" value="C:\Documents and Settings\ASUS X82Q SERIES\My Documents\Visual Studio 2008\Projects\TestProject\TestResults\ASUS X82Q SERIES_ASUS 2010-11-23 21_08_28\In\ASUS" />
                        <Entry name="$TestDeploymentDir" value="C:\Documents and Settings\ASUS X82Q SERIES\My Documents\Visual Studio 2008\Projects\TestProject\TestResults\ASUS X82Q SERIES_ASUS 2010-11-23 21_08_28\Out" />
                        <Entry name="$AgentId" value="1" />
                        <Entry name="$AgentLoadDistributor" value="Microsoft.VisualStudio.TestTools.Execution.AgentLoadDistributor" />
                        <Entry name="$TestDir" value="C:\Documents and Settings\ASUS X82Q SERIES\My Documents\Visual Studio 2008\Projects\TestProject\TestResults\ASUS X82Q SERIES_ASUS 2010-11-23 21_08_28" />
                        <Entry name="$AgentWeighting" value="100" />
                        <Entry name="$WebTestIteration" value="1" />
                        <Entry name="$WebTestUserId" value="1" />
                      </Context>
                    </WebRequestResult>
                    <WebRequestResult exceptionMessage="" run="0" submitted="true" cached="false" isRedirectFollow="false" requestBodyBytesHandle="-2" responseBytesHandle="33">
                      <Request url="http://localhost/industry/Interface/reg_1.jpg" command="GET /industry/Interface/reg_1.jpg HTTP/1.1" encoding="utf-8">
                        <Headers>Referer : http://localhost/industry/trade/service/index.php
User-Agent : Mozilla/4.0 (compatible; MSIE 7.0; Windows NT 5.1)
Accept : */*
Accept-Language : en-us
Accept-Encoding : GZIP
Host : localhost
Cookie : PHPSESSID=5a0b064b9e2796918842c00f72e52f69; mylang=vietnam
</Headers>
                      </Request>
                      <Response url="http://localhost/industry/Interface/reg_1.jpg" contentType="image/jpeg" statusLine="HTTP/1.1 200 OK" pageTime="NaN" time="0.004" statusCodeString="200 OK" contentLength="2284">
                        <Headers>Accept-Ranges : bytes
Content-Length : 2284
Content-Type : image/jpeg
Date : Tue, 23 Nov 2010 14:08:37 GMT
ETag : "63f09940-8ec-d41dd680"
Last-Modified : Tue, 03 Aug 2010 05:45:46 GMT
Server : Apache/2.2.4 (Win32) PHP/5.2.1
</Headers>
                      </Response>
                      <Context>
                        <Entry name="$TotalAgents" value="1" />
                        <Entry name="$ControllerName" value="ASUS" />
                        <Entry name="$AgentName" value="ASUS" />
                        <Entry name="$TestLogsDir" value="C:\Documents and Settings\ASUS X82Q SERIES\My Documents\Visual Studio 2008\Projects\TestProject\TestResults\ASUS X82Q SERIES_ASUS 2010-11-23 21_08_28\In\ASUS" />
                        <Entry name="$TestDeploymentDir" value="C:\Documents and Settings\ASUS X82Q SERIES\My Documents\Visual Studio 2008\Projects\TestProject\TestResults\ASUS X82Q SERIES_ASUS 2010-11-23 21_08_28\Out" />
                        <Entry name="$AgentId" value="1" />
                        <Entry name="$AgentLoadDistributor" value="Microsoft.VisualStudio.TestTools.Execution.AgentLoadDistributor" />
                        <Entry name="$TestDir" value="C:\Documents and Settings\ASUS X82Q SERIES\My Documents\Visual Studio 2008\Projects\TestProject\TestResults\ASUS X82Q SERIES_ASUS 2010-11-23 21_08_28" />
                        <Entry name="$AgentWeighting" value="100" />
                        <Entry name="$WebTestIteration" value="1" />
                        <Entry name="$WebTestUserId" value="1" />
                      </Context>
                    </WebRequestResult>
                    <WebRequestResult exceptionMessage="" run="0" submitted="true" cached="false" isRedirectFollow="false" requestBodyBytesHandle="-2" responseBytesHandle="47">
                      <Request url="http://localhost/industry/Interface/khung_2_1.jpg" command="GET /industry/Interface/khung_2_1.jpg HTTP/1.1" encoding="utf-8">
                        <Headers>Referer : http://localhost/industry/trade/service/index.php
User-Agent : Mozilla/4.0 (compatible; MSIE 7.0; Windows NT 5.1)
Accept : */*
Accept-Language : en-us
Accept-Encoding : GZIP
Host : localhost
Cookie : PHPSESSID=5a0b064b9e2796918842c00f72e52f69; mylang=vietnam
</Headers>
                      </Request>
                      <Response url="http://localhost/industry/Interface/khung_2_1.jpg" contentType="image/jpeg" statusLine="HTTP/1.1 200 OK" pageTime="NaN" time="0.004" statusCodeString="200 OK" contentLength="774">
                        <Headers>Accept-Ranges : bytes
Content-Length : 774
Content-Type : image/jpeg
Date : Tue, 23 Nov 2010 14:08:37 GMT
ETag : "63f094e0-306-eb3b3680"
Last-Modified : Tue, 24 Aug 2010 05:20:10 GMT
Server : Apache/2.2.4 (Win32) PHP/5.2.1
</Headers>
                      </Response>
                      <Context>
                        <Entry name="$TotalAgents" value="1" />
                        <Entry name="$ControllerName" value="ASUS" />
                        <Entry name="$AgentName" value="ASUS" />
                        <Entry name="$TestLogsDir" value="C:\Documents and Settings\ASUS X82Q SERIES\My Documents\Visual Studio 2008\Projects\TestProject\TestResults\ASUS X82Q SERIES_ASUS 2010-11-23 21_08_28\In\ASUS" />
                        <Entry name="$TestDeploymentDir" value="C:\Documents and Settings\ASUS X82Q SERIES\My Documents\Visual Studio 2008\Projects\TestProject\TestResults\ASUS X82Q SERIES_ASUS 2010-11-23 21_08_28\Out" />
                        <Entry name="$AgentId" value="1" />
                        <Entry name="$AgentLoadDistributor" value="Microsoft.VisualStudio.TestTools.Execution.AgentLoadDistributor" />
                        <Entry name="$TestDir" value="C:\Documents and Settings\ASUS X82Q SERIES\My Documents\Visual Studio 2008\Projects\TestProject\TestResults\ASUS X82Q SERIES_ASUS 2010-11-23 21_08_28" />
                        <Entry name="$AgentWeighting" value="100" />
                        <Entry name="$WebTestIteration" value="1" />
                        <Entry name="$WebTestUserId" value="1" />
                      </Context>
                    </WebRequestResult>
                    <WebRequestResult exceptionMessage="" run="0" submitted="true" cached="false" isRedirectFollow="false" requestBodyBytesHandle="-2" responseBytesHandle="81">
                      <Request url="http://localhost/industry/trade/service/library/js/swfobject.js" command="GET /industry/trade/service/library/js/swfobject.js HTTP/1.1" encoding="utf-8">
                        <Headers>Referer : http://localhost/industry/trade/service/index.php
User-Agent : Mozilla/4.0 (compatible; MSIE 7.0; Windows NT 5.1)
Accept : */*
Accept-Language : en-us
Accept-Encoding : GZIP
Host : localhost
Cookie : PHPSESSID=5a0b064b9e2796918842c00f72e52f69; mylang=vietnam
</Headers>
                      </Request>
                      <Response url="http://localhost/industry/trade/service/library/js/swfobject.js" contentType="text/html; charset=iso-8859-1" statusLine="HTTP/1.1 404 Not Found" pageTime="NaN" time="0.012" statusCodeString="404 Not Found" contentLength="327">
                        <Headers>Content-Length : 327
Content-Type : text/html; charset=iso-8859-1
Date : Tue, 23 Nov 2010 14:08:37 GMT
Server : Apache/2.2.4 (Win32) PHP/5.2.1
</Headers>
                      </Response>
                      <Context>
                        <Entry name="$TotalAgents" value="1" />
                        <Entry name="$ControllerName" value="ASUS" />
                        <Entry name="$AgentName" value="ASUS" />
                        <Entry name="$TestLogsDir" value="C:\Documents and Settings\ASUS X82Q SERIES\My Documents\Visual Studio 2008\Projects\TestProject\TestResults\ASUS X82Q SERIES_ASUS 2010-11-23 21_08_28\In\ASUS" />
                        <Entry name="$TestDeploymentDir" value="C:\Documents and Settings\ASUS X82Q SERIES\My Documents\Visual Studio 2008\Projects\TestProject\TestResults\ASUS X82Q SERIES_ASUS 2010-11-23 21_08_28\Out" />
                        <Entry name="$AgentId" value="1" />
                        <Entry name="$AgentLoadDistributor" value="Microsoft.VisualStudio.TestTools.Execution.AgentLoadDistributor" />
                        <Entry name="$TestDir" value="C:\Documents and Settings\ASUS X82Q SERIES\My Documents\Visual Studio 2008\Projects\TestProject\TestResults\ASUS X82Q SERIES_ASUS 2010-11-23 21_08_28" />
                        <Entry name="$AgentWeighting" value="100" />
                        <Entry name="$WebTestIteration" value="1" />
                        <Entry name="$WebTestUserId" value="1" />
                      </Context>
                      <Errors>
                        <Error type="HttpError" subType="404 - NotFound" text="404 - NotFound" time="2010-11-23T21:08:37.2031250+07:00" />
                      </Errors>
                    </WebRequestResult>
                    <WebRequestResult exceptionMessage="" run="0" submitted="true" cached="false" isRedirectFollow="false" requestBodyBytesHandle="-2" responseBytesHandle="49">
                      <Request url="http://localhost/industry/Interface/home-1.jpg" command="GET /industry/Interface/home-1.jpg HTTP/1.1" encoding="utf-8">
                        <Headers>Referer : http://localhost/industry/trade/service/index.php
User-Agent : Mozilla/4.0 (compatible; MSIE 7.0; Windows NT 5.1)
Accept : */*
Accept-Language : en-us
Accept-Encoding : GZIP
Host : localhost
Cookie : PHPSESSID=5a0b064b9e2796918842c00f72e52f69; mylang=vietnam
</Headers>
                      </Request>
                      <Response url="http://localhost/industry/Interface/home-1.jpg" contentType="image/jpeg" statusLine="HTTP/1.1 200 OK" pageTime="NaN" time="0.004" statusCodeString="200 OK" contentLength="495">
                        <Headers>Accept-Ranges : bytes
Content-Length : 495
Content-Type : image/jpeg
Date : Tue, 23 Nov 2010 14:08:37 GMT
ETag : "63f092c0-1ef-25b79e80"
Last-Modified : Tue, 03 Aug 2010 07:20:10 GMT
Server : Apache/2.2.4 (Win32) PHP/5.2.1
</Headers>
                      </Response>
                      <Context>
                        <Entry name="$TotalAgents" value="1" />
                        <Entry name="$ControllerName" value="ASUS" />
                        <Entry name="$AgentName" value="ASUS" />
                        <Entry name="$TestLogsDir" value="C:\Documents and Settings\ASUS X82Q SERIES\My Documents\Visual Studio 2008\Projects\TestProject\TestResults\ASUS X82Q SERIES_ASUS 2010-11-23 21_08_28\In\ASUS" />
                        <Entry name="$TestDeploymentDir" value="C:\Documents and Settings\ASUS X82Q SERIES\My Documents\Visual Studio 2008\Projects\TestProject\TestResults\ASUS X82Q SERIES_ASUS 2010-11-23 21_08_28\Out" />
                        <Entry name="$AgentId" value="1" />
                        <Entry name="$AgentLoadDistributor" value="Microsoft.VisualStudio.TestTools.Execution.AgentLoadDistributor" />
                        <Entry name="$TestDir" value="C:\Documents and Settings\ASUS X82Q SERIES\My Documents\Visual Studio 2008\Projects\TestProject\TestResults\ASUS X82Q SERIES_ASUS 2010-11-23 21_08_28" />
                        <Entry name="$AgentWeighting" value="100" />
                        <Entry name="$WebTestIteration" value="1" />
                        <Entry name="$WebTestUserId" value="1" />
                      </Context>
                    </WebRequestResult>
                    <WebRequestResult exceptionMessage="" run="0" submitted="true" cached="false" isRedirectFollow="false" requestBodyBytesHandle="-2" responseBytesHandle="50">
                      <Request url="http://localhost/industry/Interface/icon_2.jpg" command="GET /industry/Interface/icon_2.jpg HTTP/1.1" encoding="utf-8">
                        <Headers>Referer : http://localhost/industry/trade/service/index.php
User-Agent : Mozilla/4.0 (compatible; MSIE 7.0; Windows NT 5.1)
Accept : */*
Accept-Language : en-us
Accept-Encoding : GZIP
Host : localhost
Cookie : PHPSESSID=5a0b064b9e2796918842c00f72e52f69; mylang=vietnam
</Headers>
                      </Request>
                      <Response url="http://localhost/industry/Interface/icon_2.jpg" contentType="image/jpeg" statusLine="HTTP/1.1 200 OK" pageTime="NaN" time="0.004" statusCodeString="200 OK" contentLength="395">
                        <Headers>Accept-Ranges : bytes
Content-Length : 395
Content-Type : image/jpeg
Date : Tue, 23 Nov 2010 14:08:37 GMT
ETag : "63f09380-18b-cd34d100"
Last-Modified : Tue, 03 Aug 2010 08:07:00 GMT
Server : Apache/2.2.4 (Win32) PHP/5.2.1
</Headers>
                      </Response>
                      <Context>
                        <Entry name="$TotalAgents" value="1" />
                        <Entry name="$ControllerName" value="ASUS" />
                        <Entry name="$AgentName" value="ASUS" />
                        <Entry name="$TestLogsDir" value="C:\Documents and Settings\ASUS X82Q SERIES\My Documents\Visual Studio 2008\Projects\TestProject\TestResults\ASUS X82Q SERIES_ASUS 2010-11-23 21_08_28\In\ASUS" />
                        <Entry name="$TestDeploymentDir" value="C:\Documents and Settings\ASUS X82Q SERIES\My Documents\Visual Studio 2008\Projects\TestProject\TestResults\ASUS X82Q SERIES_ASUS 2010-11-23 21_08_28\Out" />
                        <Entry name="$AgentId" value="1" />
                        <Entry name="$AgentLoadDistributor" value="Microsoft.VisualStudio.TestTools.Execution.AgentLoadDistributor" />
                        <Entry name="$TestDir" value="C:\Documents and Settings\ASUS X82Q SERIES\My Documents\Visual Studio 2008\Projects\TestProject\TestResults\ASUS X82Q SERIES_ASUS 2010-11-23 21_08_28" />
                        <Entry name="$AgentWeighting" value="100" />
                        <Entry name="$WebTestIteration" value="1" />
                        <Entry name="$WebTestUserId" value="1" />
                      </Context>
                    </WebRequestResult>
                    <WebRequestResult exceptionMessage="" run="0" submitted="true" cached="false" isRedirectFollow="false" requestBodyBytesHandle="-2" responseBytesHandle="82">
                      <Request url="http://localhost/industry/uploads/services/1/thumbnails/2693_7_phuquoc_L_1_100x0.jpg" command="GET /industry/uploads/services/1/thumbnails/2693_7_phuquoc_L_1_100x0.jpg HTTP/1.1" encoding="utf-8">
                        <Headers>Referer : http://localhost/industry/trade/service/index.php
User-Agent : Mozilla/4.0 (compatible; MSIE 7.0; Windows NT 5.1)
Accept : */*
Accept-Language : en-us
Accept-Encoding : GZIP
Host : localhost
Cookie : PHPSESSID=5a0b064b9e2796918842c00f72e52f69; mylang=vietnam
</Headers>
                      </Request>
                      <Response url="http://localhost/industry/uploads/services/1/thumbnails/2693_7_phuquoc_L_1_100x0.jpg" contentType="image/jpeg" statusLine="HTTP/1.1 200 OK" pageTime="NaN" time="0.005" statusCodeString="200 OK" contentLength="2567">
                        <Headers>Accept-Ranges : bytes
Content-Length : 2567
Content-Type : image/jpeg
Date : Tue, 23 Nov 2010 14:08:37 GMT
ETag : "4eefd120-a07-43516600"
Last-Modified : Sun, 05 Sep 2010 04:04:40 GMT
Server : Apache/2.2.4 (Win32) PHP/5.2.1
</Headers>
                      </Response>
                      <Context>
                        <Entry name="$TotalAgents" value="1" />
                        <Entry name="$ControllerName" value="ASUS" />
                        <Entry name="$AgentName" value="ASUS" />
                        <Entry name="$TestLogsDir" value="C:\Documents and Settings\ASUS X82Q SERIES\My Documents\Visual Studio 2008\Projects\TestProject\TestResults\ASUS X82Q SERIES_ASUS 2010-11-23 21_08_28\In\ASUS" />
                        <Entry name="$TestDeploymentDir" value="C:\Documents and Settings\ASUS X82Q SERIES\My Documents\Visual Studio 2008\Projects\TestProject\TestResults\ASUS X82Q SERIES_ASUS 2010-11-23 21_08_28\Out" />
                        <Entry name="$AgentId" value="1" />
                        <Entry name="$AgentLoadDistributor" value="Microsoft.VisualStudio.TestTools.Execution.AgentLoadDistributor" />
                        <Entry name="$TestDir" value="C:\Documents and Settings\ASUS X82Q SERIES\My Documents\Visual Studio 2008\Projects\TestProject\TestResults\ASUS X82Q SERIES_ASUS 2010-11-23 21_08_28" />
                        <Entry name="$AgentWeighting" value="100" />
                        <Entry name="$WebTestIteration" value="1" />
                        <Entry name="$WebTestUserId" value="1" />
                      </Context>
                    </WebRequestResult>
                    <WebRequestResult exceptionMessage="" run="0" submitted="true" cached="false" isRedirectFollow="false" requestBodyBytesHandle="-2" responseBytesHandle="58">
                      <Request url="http://localhost/industry/interface/icon_3.gif" command="GET /industry/interface/icon_3.gif HTTP/1.1" encoding="utf-8">
                        <Headers>Referer : http://localhost/industry/trade/service/index.php
User-Agent : Mozilla/4.0 (compatible; MSIE 7.0; Windows NT 5.1)
Accept : */*
Accept-Language : en-us
Accept-Encoding : GZIP
Host : localhost
Cookie : PHPSESSID=5a0b064b9e2796918842c00f72e52f69; mylang=vietnam
</Headers>
                      </Request>
                      <Response url="http://localhost/industry/interface/icon_3.gif" contentType="image/gif" statusLine="HTTP/1.1 200 OK" pageTime="NaN" time="0.004" statusCodeString="200 OK" contentLength="721">
                        <Headers>Accept-Ranges : bytes
Content-Length : 721
Content-Type : image/gif
Date : Tue, 23 Nov 2010 14:08:37 GMT
ETag : "63f093a0-2d1-75118f00"
Last-Modified : Tue, 03 Aug 2010 18:26:36 GMT
Server : Apache/2.2.4 (Win32) PHP/5.2.1
</Headers>
                      </Response>
                      <Context>
                        <Entry name="$TotalAgents" value="1" />
                        <Entry name="$ControllerName" value="ASUS" />
                        <Entry name="$AgentName" value="ASUS" />
                        <Entry name="$TestLogsDir" value="C:\Documents and Settings\ASUS X82Q SERIES\My Documents\Visual Studio 2008\Projects\TestProject\TestResults\ASUS X82Q SERIES_ASUS 2010-11-23 21_08_28\In\ASUS" />
                        <Entry name="$TestDeploymentDir" value="C:\Documents and Settings\ASUS X82Q SERIES\My Documents\Visual Studio 2008\Projects\TestProject\TestResults\ASUS X82Q SERIES_ASUS 2010-11-23 21_08_28\Out" />
                        <Entry name="$AgentId" value="1" />
                        <Entry name="$AgentLoadDistributor" value="Microsoft.VisualStudio.TestTools.Execution.AgentLoadDistributor" />
                        <Entry name="$TestDir" value="C:\Documents and Settings\ASUS X82Q SERIES\My Documents\Visual Studio 2008\Projects\TestProject\TestResults\ASUS X82Q SERIES_ASUS 2010-11-23 21_08_28" />
                        <Entry name="$AgentWeighting" value="100" />
                        <Entry name="$WebTestIteration" value="1" />
                        <Entry name="$WebTestUserId" value="1" />
                      </Context>
                    </WebRequestResult>
                    <WebRequestResult exceptionMessage="" run="0" submitted="true" cached="false" isRedirectFollow="false" requestBodyBytesHandle="-2" responseBytesHandle="52">
                      <Request url="http://localhost/industry/interface/contact.jpg" command="GET /industry/interface/contact.jpg HTTP/1.1" encoding="utf-8">
                        <Headers>Referer : http://localhost/industry/trade/service/index.php
User-Agent : Mozilla/4.0 (compatible; MSIE 7.0; Windows NT 5.1)
Accept : */*
Accept-Language : en-us
Accept-Encoding : GZIP
Host : localhost
Cookie : PHPSESSID=5a0b064b9e2796918842c00f72e52f69; mylang=vietnam
</Headers>
                      </Request>
                      <Response url="http://localhost/industry/interface/contact.jpg" contentType="image/jpeg" statusLine="HTTP/1.1 200 OK" pageTime="NaN" time="0.005" statusCodeString="200 OK" contentLength="1701">
                        <Headers>Accept-Ranges : bytes
Content-Length : 1701
Content-Type : image/jpeg
Date : Tue, 23 Nov 2010 14:08:37 GMT
ETag : "63f091a0-6a5-aa9a7b80"
Last-Modified : Sun, 22 Aug 2010 06:30:22 GMT
Server : Apache/2.2.4 (Win32) PHP/5.2.1
</Headers>
                      </Response>
                      <Context>
                        <Entry name="$TotalAgents" value="1" />
                        <Entry name="$ControllerName" value="ASUS" />
                        <Entry name="$AgentName" value="ASUS" />
                        <Entry name="$TestLogsDir" value="C:\Documents and Settings\ASUS X82Q SERIES\My Documents\Visual Studio 2008\Projects\TestProject\TestResults\ASUS X82Q SERIES_ASUS 2010-11-23 21_08_28\In\ASUS" />
                        <Entry name="$TestDeploymentDir" value="C:\Documents and Settings\ASUS X82Q SERIES\My Documents\Visual Studio 2008\Projects\TestProject\TestResults\ASUS X82Q SERIES_ASUS 2010-11-23 21_08_28\Out" />
                        <Entry name="$AgentId" value="1" />
                        <Entry name="$AgentLoadDistributor" value="Microsoft.VisualStudio.TestTools.Execution.AgentLoadDistributor" />
                        <Entry name="$TestDir" value="C:\Documents and Settings\ASUS X82Q SERIES\My Documents\Visual Studio 2008\Projects\TestProject\TestResults\ASUS X82Q SERIES_ASUS 2010-11-23 21_08_28" />
                        <Entry name="$AgentWeighting" value="100" />
                        <Entry name="$WebTestIteration" value="1" />
                        <Entry name="$WebTestUserId" value="1" />
                      </Context>
                    </WebRequestResult>
                    <WebRequestResult exceptionMessage="" run="0" submitted="true" cached="false" isRedirectFollow="false" requestBodyBytesHandle="-2" responseBytesHandle="21">
                      <Request url="http://localhost/industry/uploads/country_flag/japan.png" command="GET /industry/uploads/country_flag/japan.png HTTP/1.1" encoding="utf-8">
                        <Headers>Referer : http://localhost/industry/trade/service/index.php
User-Agent : Mozilla/4.0 (compatible; MSIE 7.0; Windows NT 5.1)
Accept : */*
Accept-Language : en-us
Accept-Encoding : GZIP
Host : localhost
Cookie : PHPSESSID=5a0b064b9e2796918842c00f72e52f69; mylang=vietnam
</Headers>
                      </Request>
                      <Response url="http://localhost/industry/uploads/country_flag/japan.png" contentType="image/png" statusLine="HTTP/1.1 200 OK" pageTime="NaN" time="0.009" statusCodeString="200 OK" contentLength="12926">
                        <Headers>Accept-Ranges : bytes
Content-Length : 12926
Content-Type : image/png
Date : Tue, 23 Nov 2010 14:08:37 GMT
ETag : "5b831040-327e-e1b66000"
Last-Modified : Sat, 21 Aug 2010 15:15:12 GMT
Server : Apache/2.2.4 (Win32) PHP/5.2.1
</Headers>
                      </Response>
                      <Context>
                        <Entry name="$TotalAgents" value="1" />
                        <Entry name="$ControllerName" value="ASUS" />
                        <Entry name="$AgentName" value="ASUS" />
                        <Entry name="$TestLogsDir" value="C:\Documents and Settings\ASUS X82Q SERIES\My Documents\Visual Studio 2008\Projects\TestProject\TestResults\ASUS X82Q SERIES_ASUS 2010-11-23 21_08_28\In\ASUS" />
                        <Entry name="$TestDeploymentDir" value="C:\Documents and Settings\ASUS X82Q SERIES\My Documents\Visual Studio 2008\Projects\TestProject\TestResults\ASUS X82Q SERIES_ASUS 2010-11-23 21_08_28\Out" />
                        <Entry name="$AgentId" value="1" />
                        <Entry name="$AgentLoadDistributor" value="Microsoft.VisualStudio.TestTools.Execution.AgentLoadDistributor" />
                        <Entry name="$TestDir" value="C:\Documents and Settings\ASUS X82Q SERIES\My Documents\Visual Studio 2008\Projects\TestProject\TestResults\ASUS X82Q SERIES_ASUS 2010-11-23 21_08_28" />
                        <Entry name="$AgentWeighting" value="100" />
                        <Entry name="$WebTestIteration" value="1" />
                        <Entry name="$WebTestUserId" value="1" />
                      </Context>
                    </WebRequestResult>
                    <WebRequestResult exceptionMessage="" run="0" submitted="true" cached="false" isRedirectFollow="false" requestBodyBytesHandle="-2" responseBytesHandle="82">
                      <Request url="http://localhost/industry/uploads/services/1/thumbnails/2693_7_phuquoc_L_100x0.jpg" command="GET /industry/uploads/services/1/thumbnails/2693_7_phuquoc_L_100x0.jpg HTTP/1.1" encoding="utf-8">
                        <Headers>Referer : http://localhost/industry/trade/service/index.php
User-Agent : Mozilla/4.0 (compatible; MSIE 7.0; Windows NT 5.1)
Accept : */*
Accept-Language : en-us
Accept-Encoding : GZIP
Host : localhost
Cookie : PHPSESSID=5a0b064b9e2796918842c00f72e52f69; mylang=vietnam
</Headers>
                      </Request>
                      <Response url="http://localhost/industry/uploads/services/1/thumbnails/2693_7_phuquoc_L_100x0.jpg" contentType="image/jpeg" statusLine="HTTP/1.1 200 OK" pageTime="NaN" time="0.007" statusCodeString="200 OK" contentLength="2567">
                        <Headers>Accept-Ranges : bytes
Content-Length : 2567
Content-Type : image/jpeg
Date : Tue, 23 Nov 2010 14:08:37 GMT
ETag : "4eefd0a0-a07-c7e07780"
Last-Modified : Wed, 25 Aug 2010 12:11:26 GMT
Server : Apache/2.2.4 (Win32) PHP/5.2.1
</Headers>
                      </Response>
                      <Context>
                        <Entry name="$TotalAgents" value="1" />
                        <Entry name="$ControllerName" value="ASUS" />
                        <Entry name="$AgentName" value="ASUS" />
                        <Entry name="$TestLogsDir" value="C:\Documents and Settings\ASUS X82Q SERIES\My Documents\Visual Studio 2008\Projects\TestProject\TestResults\ASUS X82Q SERIES_ASUS 2010-11-23 21_08_28\In\ASUS" />
                        <Entry name="$TestDeploymentDir" value="C:\Documents and Settings\ASUS X82Q SERIES\My Documents\Visual Studio 2008\Projects\TestProject\TestResults\ASUS X82Q SERIES_ASUS 2010-11-23 21_08_28\Out" />
                        <Entry name="$AgentId" value="1" />
                        <Entry name="$AgentLoadDistributor" value="Microsoft.VisualStudio.TestTools.Execution.AgentLoadDistributor" />
                        <Entry name="$TestDir" value="C:\Documents and Settings\ASUS X82Q SERIES\My Documents\Visual Studio 2008\Projects\TestProject\TestResults\ASUS X82Q SERIES_ASUS 2010-11-23 21_08_28" />
                        <Entry name="$AgentWeighting" value="100" />
                        <Entry name="$WebTestIteration" value="1" />
                        <Entry name="$WebTestUserId" value="1" />
                      </Context>
                    </WebRequestResult>
                    <WebRequestResult exceptionMessage="" run="0" submitted="true" cached="false" isRedirectFollow="false" requestBodyBytesHandle="-2" responseBytesHandle="83">
                      <Request url="http://localhost/industry/includes/tng/styles/img_not_found.gif" command="GET /industry/includes/tng/styles/img_not_found.gif HTTP/1.1" encoding="utf-8">
                        <Headers>Referer : http://localhost/industry/trade/service/index.php
User-Agent : Mozilla/4.0 (compatible; MSIE 7.0; Windows NT 5.1)
Accept : */*
Accept-Language : en-us
Accept-Encoding : GZIP
Host : localhost
Cookie : PHPSESSID=5a0b064b9e2796918842c00f72e52f69; mylang=vietnam
</Headers>
                      </Request>
                      <Response url="http://localhost/industry/includes/tng/styles/img_not_found.gif" contentType="image/gif" statusLine="HTTP/1.1 200 OK" pageTime="NaN" time="0.005" statusCodeString="200 OK" contentLength="801">
                        <Headers>Accept-Ranges : bytes
Content-Length : 801
Content-Type : image/gif
Date : Tue, 23 Nov 2010 14:08:37 GMT
ETag : "62a5d0e0-321-cbdc4b80"
Last-Modified : Tue, 27 Jul 2010 09:05:02 GMT
Server : Apache/2.2.4 (Win32) PHP/5.2.1
</Headers>
                      </Response>
                      <Context>
                        <Entry name="$TotalAgents" value="1" />
                        <Entry name="$ControllerName" value="ASUS" />
                        <Entry name="$AgentName" value="ASUS" />
                        <Entry name="$TestLogsDir" value="C:\Documents and Settings\ASUS X82Q SERIES\My Documents\Visual Studio 2008\Projects\TestProject\TestResults\ASUS X82Q SERIES_ASUS 2010-11-23 21_08_28\In\ASUS" />
                        <Entry name="$TestDeploymentDir" value="C:\Documents and Settings\ASUS X82Q SERIES\My Documents\Visual Studio 2008\Projects\TestProject\TestResults\ASUS X82Q SERIES_ASUS 2010-11-23 21_08_28\Out" />
                        <Entry name="$AgentId" value="1" />
                        <Entry name="$AgentLoadDistributor" value="Microsoft.VisualStudio.TestTools.Execution.AgentLoadDistributor" />
                        <Entry name="$TestDir" value="C:\Documents and Settings\ASUS X82Q SERIES\My Documents\Visual Studio 2008\Projects\TestProject\TestResults\ASUS X82Q SERIES_ASUS 2010-11-23 21_08_28" />
                        <Entry name="$AgentWeighting" value="100" />
                        <Entry name="$WebTestIteration" value="1" />
                        <Entry name="$WebTestUserId" value="1" />
                      </Context>
                    </WebRequestResult>
                    <WebRequestResult exceptionMessage="" run="0" submitted="true" cached="false" isRedirectFollow="false" requestBodyBytesHandle="-2" responseBytesHandle="61">
                      <Request url="http://localhost/industry/interface/icon_6.jpg" command="GET /industry/interface/icon_6.jpg HTTP/1.1" encoding="utf-8">
                        <Headers>Referer : http://localhost/industry/trade/service/index.php
User-Agent : Mozilla/4.0 (compatible; MSIE 7.0; Windows NT 5.1)
Accept : */*
Accept-Language : en-us
Accept-Encoding : GZIP
Host : localhost
Cookie : PHPSESSID=5a0b064b9e2796918842c00f72e52f69; mylang=vietnam
</Headers>
                      </Request>
                      <Response url="http://localhost/industry/interface/icon_6.jpg" contentType="image/jpeg" statusLine="HTTP/1.1 200 OK" pageTime="NaN" time="0.004" statusCodeString="200 OK" contentLength="504">
                        <Headers>Accept-Ranges : bytes
Content-Length : 504
Content-Type : image/jpeg
Date : Tue, 23 Nov 2010 14:08:37 GMT
ETag : "63f09400-1f8-b5bad980"
Last-Modified : Tue, 03 Aug 2010 12:46:46 GMT
Server : Apache/2.2.4 (Win32) PHP/5.2.1
</Headers>
                      </Response>
                      <Context>
                        <Entry name="$TotalAgents" value="1" />
                        <Entry name="$ControllerName" value="ASUS" />
                        <Entry name="$AgentName" value="ASUS" />
                        <Entry name="$TestLogsDir" value="C:\Documents and Settings\ASUS X82Q SERIES\My Documents\Visual Studio 2008\Projects\TestProject\TestResults\ASUS X82Q SERIES_ASUS 2010-11-23 21_08_28\In\ASUS" />
                        <Entry name="$TestDeploymentDir" value="C:\Documents and Settings\ASUS X82Q SERIES\My Documents\Visual Studio 2008\Projects\TestProject\TestResults\ASUS X82Q SERIES_ASUS 2010-11-23 21_08_28\Out" />
                        <Entry name="$AgentId" value="1" />
                        <Entry name="$AgentLoadDistributor" value="Microsoft.VisualStudio.TestTools.Execution.AgentLoadDistributor" />
                        <Entry name="$TestDir" value="C:\Documents and Settings\ASUS X82Q SERIES\My Documents\Visual Studio 2008\Projects\TestProject\TestResults\ASUS X82Q SERIES_ASUS 2010-11-23 21_08_28" />
                        <Entry name="$AgentWeighting" value="100" />
                        <Entry name="$WebTestIteration" value="1" />
                        <Entry name="$WebTestUserId" value="1" />
                      </Context>
                    </WebRequestResult>
                    <WebRequestResult exceptionMessage="" run="0" submitted="true" cached="false" isRedirectFollow="false" requestBodyBytesHandle="-2" responseBytesHandle="23">
                      <Request url="http://localhost/industry/uploads/country_flag/vietnam.png" command="GET /industry/uploads/country_flag/vietnam.png HTTP/1.1" encoding="utf-8">
                        <Headers>Referer : http://localhost/industry/trade/service/index.php
User-Agent : Mozilla/4.0 (compatible; MSIE 7.0; Windows NT 5.1)
Accept : */*
Accept-Language : en-us
Accept-Encoding : GZIP
Host : localhost
Cookie : PHPSESSID=5a0b064b9e2796918842c00f72e52f69; mylang=vietnam
</Headers>
                      </Request>
                      <Response url="http://localhost/industry/uploads/country_flag/vietnam.png" contentType="image/png" statusLine="HTTP/1.1 200 OK" pageTime="NaN" time="0.009" statusCodeString="200 OK" contentLength="17550">
                        <Headers>Accept-Ranges : bytes
Content-Length : 17550
Content-Type : image/png
Date : Tue, 23 Nov 2010 14:08:37 GMT
ETag : "5b8310a0-448e-e0482a00"
Last-Modified : Sat, 21 Aug 2010 15:14:48 GMT
Server : Apache/2.2.4 (Win32) PHP/5.2.1
</Headers>
                      </Response>
                      <Context>
                        <Entry name="$TotalAgents" value="1" />
                        <Entry name="$ControllerName" value="ASUS" />
                        <Entry name="$AgentName" value="ASUS" />
                        <Entry name="$TestLogsDir" value="C:\Documents and Settings\ASUS X82Q SERIES\My Documents\Visual Studio 2008\Projects\TestProject\TestResults\ASUS X82Q SERIES_ASUS 2010-11-23 21_08_28\In\ASUS" />
                        <Entry name="$TestDeploymentDir" value="C:\Documents and Settings\ASUS X82Q SERIES\My Documents\Visual Studio 2008\Projects\TestProject\TestResults\ASUS X82Q SERIES_ASUS 2010-11-23 21_08_28\Out" />
                        <Entry name="$AgentId" value="1" />
                        <Entry name="$AgentLoadDistributor" value="Microsoft.VisualStudio.TestTools.Execution.AgentLoadDistributor" />
                        <Entry name="$TestDir" value="C:\Documents and Settings\ASUS X82Q SERIES\My Documents\Visual Studio 2008\Projects\TestProject\TestResults\ASUS X82Q SERIES_ASUS 2010-11-23 21_08_28" />
                        <Entry name="$AgentWeighting" value="100" />
                        <Entry name="$WebTestIteration" value="1" />
                        <Entry name="$WebTestUserId" value="1" />
                      </Context>
                    </WebRequestResult>
                    <WebRequestResult exceptionMessage="" run="0" submitted="true" cached="false" isRedirectFollow="false" requestBodyBytesHandle="-2" responseBytesHandle="62">
                      <Request url="http://localhost/industry/interface/icon_5.jpg" command="GET /industry/interface/icon_5.jpg HTTP/1.1" encoding="utf-8">
                        <Headers>Referer : http://localhost/industry/trade/service/index.php
User-Agent : Mozilla/4.0 (compatible; MSIE 7.0; Windows NT 5.1)
Accept : */*
Accept-Language : en-us
Accept-Encoding : GZIP
Host : localhost
Cookie : PHPSESSID=5a0b064b9e2796918842c00f72e52f69; mylang=vietnam
</Headers>
                      </Request>
                      <Response url="http://localhost/industry/interface/icon_5.jpg" contentType="image/jpeg" statusLine="HTTP/1.1 200 OK" pageTime="NaN" time="0.004" statusCodeString="200 OK" contentLength="603">
                        <Headers>Accept-Ranges : bytes
Content-Length : 603
Content-Type : image/jpeg
Date : Tue, 23 Nov 2010 14:08:37 GMT
ETag : "63f093e0-25b-53aca500"
Last-Modified : Tue, 03 Aug 2010 08:44:36 GMT
Server : Apache/2.2.4 (Win32) PHP/5.2.1
</Headers>
                      </Response>
                      <Context>
                        <Entry name="$TotalAgents" value="1" />
                        <Entry name="$ControllerName" value="ASUS" />
                        <Entry name="$AgentName" value="ASUS" />
                        <Entry name="$TestLogsDir" value="C:\Documents and Settings\ASUS X82Q SERIES\My Documents\Visual Studio 2008\Projects\TestProject\TestResults\ASUS X82Q SERIES_ASUS 2010-11-23 21_08_28\In\ASUS" />
                        <Entry name="$TestDeploymentDir" value="C:\Documents and Settings\ASUS X82Q SERIES\My Documents\Visual Studio 2008\Projects\TestProject\TestResults\ASUS X82Q SERIES_ASUS 2010-11-23 21_08_28\Out" />
                        <Entry name="$AgentId" value="1" />
                        <Entry name="$AgentLoadDistributor" value="Microsoft.VisualStudio.TestTools.Execution.AgentLoadDistributor" />
                        <Entry name="$TestDir" value="C:\Documents and Settings\ASUS X82Q SERIES\My Documents\Visual Studio 2008\Projects\TestProject\TestResults\ASUS X82Q SERIES_ASUS 2010-11-23 21_08_28" />
                        <Entry name="$AgentWeighting" value="100" />
                        <Entry name="$WebTestIteration" value="1" />
                        <Entry name="$WebTestUserId" value="1" />
                      </Context>
                    </WebRequestResult>
                    <WebRequestResult exceptionMessage="" run="0" submitted="true" cached="false" isRedirectFollow="false" requestBodyBytesHandle="-2" responseBytesHandle="63">
                      <Request url="http://localhost/industry/interface/icon_4.jpg" command="GET /industry/interface/icon_4.jpg HTTP/1.1" encoding="utf-8">
                        <Headers>Referer : http://localhost/industry/trade/service/index.php
User-Agent : Mozilla/4.0 (compatible; MSIE 7.0; Windows NT 5.1)
Accept : */*
Accept-Language : en-us
Accept-Encoding : GZIP
Host : localhost
Cookie : PHPSESSID=5a0b064b9e2796918842c00f72e52f69; mylang=vietnam
</Headers>
                      </Request>
                      <Response url="http://localhost/industry/interface/icon_4.jpg" contentType="image/jpeg" statusLine="HTTP/1.1 200 OK" pageTime="NaN" time="0.004" statusCodeString="200 OK" contentLength="634">
                        <Headers>Accept-Ranges : bytes
Content-Length : 634
Content-Type : image/jpeg
Date : Tue, 23 Nov 2010 14:08:37 GMT
ETag : "63f093c0-27a-53511780"
Last-Modified : Tue, 03 Aug 2010 08:44:30 GMT
Server : Apache/2.2.4 (Win32) PHP/5.2.1
</Headers>
                      </Response>
                      <Context>
                        <Entry name="$TotalAgents" value="1" />
                        <Entry name="$ControllerName" value="ASUS" />
                        <Entry name="$AgentName" value="ASUS" />
                        <Entry name="$TestLogsDir" value="C:\Documents and Settings\ASUS X82Q SERIES\My Documents\Visual Studio 2008\Projects\TestProject\TestResults\ASUS X82Q SERIES_ASUS 2010-11-23 21_08_28\In\ASUS" />
                        <Entry name="$TestDeploymentDir" value="C:\Documents and Settings\ASUS X82Q SERIES\My Documents\Visual Studio 2008\Projects\TestProject\TestResults\ASUS X82Q SERIES_ASUS 2010-11-23 21_08_28\Out" />
                        <Entry name="$AgentId" value="1" />
                        <Entry name="$AgentLoadDistributor" value="Microsoft.VisualStudio.TestTools.Execution.AgentLoadDistributor" />
                        <Entry name="$TestDir" value="C:\Documents and Settings\ASUS X82Q SERIES\My Documents\Visual Studio 2008\Projects\TestProject\TestResults\ASUS X82Q SERIES_ASUS 2010-11-23 21_08_28" />
                        <Entry name="$AgentWeighting" value="100" />
                        <Entry name="$WebTestIteration" value="1" />
                        <Entry name="$WebTestUserId" value="1" />
                      </Context>
                    </WebRequestResult>
                  </DependantResults>
                  <ValidationRuleResults>
                    <ValidationRuleResult message="Passed" ruleType="Validation" name="Response URL" />
                  </ValidationRuleResults>
                </WebRequestResult>
              </WebTestResultPage>
              <WebTestResultPage>
                <WebRequestResult exceptionMessage="" run="0" submitted="true" cached="false" isRedirectFollow="false" requestBodyBytesHandle="-2" responseBytesHandle="85">
                  <Request url="http://localhost/industry/trade/service/index.php?mod=svcat&amp;isvc=1" command="GET /industry/trade/service/index.php?mod=svcat&amp;isvc=1 HTTP/1.1" encoding="utf-8">
                    <Headers>User-Agent : Mozilla/4.0 (compatible; MSIE 7.0; Windows NT 5.1)
Accept : */*
Accept-Language : en-us
Accept-Encoding : GZIP
Host : localhost
Cookie : PHPSESSID=5a0b064b9e2796918842c00f72e52f69; mylang=vietnam
</Headers>
                  </Request>
                  <Response url="http://localhost/industry/trade/service/index.php?mod=svcat&amp;isvc=1" contentType="text/html; charset=utf-8" statusLine="HTTP/1.1 200 OK" pageTime="0.489" time="0.349" statusCodeString="200 OK" contentLength="13356">
                    <Headers>Pragma : no-cache
Transfer-Encoding : chunked
Cache-Control : no-store, no-cache, must-revalidate, post-check=0, pre-check=0
Content-Type : text/html; charset:utf-8
Date : Tue, 23 Nov 2010 14:08:37 GMT
Expires : Thu, 19 Nov 1981 08:52:00 GMT
Set-Cookie : mylang=vietnam; expires=Tue, 30-Nov-2010 14:08:37 GMT; path=/
Server : Apache/2.2.4 (Win32) PHP/5.2.1
X-Powered-By : PHP/5.2.1
</Headers>
                  </Response>
                  <Context>
                    <Entry name="$TotalAgents" value="1" />
                    <Entry name="$ControllerName" value="ASUS" />
                    <Entry name="$AgentName" value="ASUS" />
                    <Entry name="$TestLogsDir" value="C:\Documents and Settings\ASUS X82Q SERIES\My Documents\Visual Studio 2008\Projects\TestProject\TestResults\ASUS X82Q SERIES_ASUS 2010-11-23 21_08_28\In\ASUS" />
                    <Entry name="$TestDeploymentDir" value="C:\Documents and Settings\ASUS X82Q SERIES\My Documents\Visual Studio 2008\Projects\TestProject\TestResults\ASUS X82Q SERIES_ASUS 2010-11-23 21_08_28\Out" />
                    <Entry name="$AgentId" value="1" />
                    <Entry name="$AgentLoadDistributor" value="Microsoft.VisualStudio.TestTools.Execution.AgentLoadDistributor" />
                    <Entry name="$TestDir" value="C:\Documents and Settings\ASUS X82Q SERIES\My Documents\Visual Studio 2008\Projects\TestProject\TestResults\ASUS X82Q SERIES_ASUS 2010-11-23 21_08_28" />
                    <Entry name="$AgentWeighting" value="100" />
                    <Entry name="$WebTestIteration" value="1" />
                    <Entry name="$WebTestUserId" value="1" />
                  </Context>
                  <DependantResults>
                    <WebRequestResult exceptionMessage="" run="0" submitted="true" cached="false" isRedirectFollow="false" requestBodyBytesHandle="-2" responseBytesHandle="2">
                      <Request url="http://localhost/industry/library/CSS/style_menu.css" command="GET /industry/library/CSS/style_menu.css HTTP/1.1" encoding="utf-8">
                        <Headers>Referer : http://localhost/industry/trade/service/index.php?mod=svcat&amp;isvc=1
User-Agent : Mozilla/4.0 (compatible; MSIE 7.0; Windows NT 5.1)
Accept : */*
Accept-Language : en-us
Accept-Encoding : GZIP
Host : localhost
Cookie : PHPSESSID=5a0b064b9e2796918842c00f72e52f69; mylang=vietnam
</Headers>
                      </Request>
                      <Response url="http://localhost/industry/library/CSS/style_menu.css" contentType="text/css" statusLine="HTTP/1.1 200 OK" pageTime="NaN" time="0.006" statusCodeString="200 OK" contentLength="1103">
                        <Headers>Accept-Ranges : bytes
Content-Length : 1103
Content-Type : text/css
Date : Tue, 23 Nov 2010 14:08:37 GMT
ETag : "641553c0-44f-9c443c00"
Last-Modified : Fri, 27 Aug 2010 12:54:08 GMT
Server : Apache/2.2.4 (Win32) PHP/5.2.1
</Headers>
                      </Response>
                      <Context>
                        <Entry name="$TotalAgents" value="1" />
                        <Entry name="$ControllerName" value="ASUS" />
                        <Entry name="$AgentName" value="ASUS" />
                        <Entry name="$TestLogsDir" value="C:\Documents and Settings\ASUS X82Q SERIES\My Documents\Visual Studio 2008\Projects\TestProject\TestResults\ASUS X82Q SERIES_ASUS 2010-11-23 21_08_28\In\ASUS" />
                        <Entry name="$TestDeploymentDir" value="C:\Documents and Settings\ASUS X82Q SERIES\My Documents\Visual Studio 2008\Projects\TestProject\TestResults\ASUS X82Q SERIES_ASUS 2010-11-23 21_08_28\Out" />
                        <Entry name="$AgentId" value="1" />
                        <Entry name="$AgentLoadDistributor" value="Microsoft.VisualStudio.TestTools.Execution.AgentLoadDistributor" />
                        <Entry name="$TestDir" value="C:\Documents and Settings\ASUS X82Q SERIES\My Documents\Visual Studio 2008\Projects\TestProject\TestResults\ASUS X82Q SERIES_ASUS 2010-11-23 21_08_28" />
                        <Entry name="$AgentWeighting" value="100" />
                        <Entry name="$WebTestIteration" value="1" />
                        <Entry name="$WebTestUserId" value="1" />
                      </Context>
                    </WebRequestResult>
                    <WebRequestResult exceptionMessage="" run="0" submitted="true" cached="false" isRedirectFollow="false" requestBodyBytesHandle="-2" responseBytesHandle="1">
                      <Request url="http://localhost/industry/library/CSS/style.css" command="GET /industry/library/CSS/style.css HTTP/1.1" encoding="utf-8">
                        <Headers>Referer : http://localhost/industry/trade/service/index.php?mod=svcat&amp;isvc=1
User-Agent : Mozilla/4.0 (compatible; MSIE 7.0; Windows NT 5.1)
Accept : */*
Accept-Language : en-us
Accept-Encoding : GZIP
Host : localhost
Cookie : PHPSESSID=5a0b064b9e2796918842c00f72e52f69; mylang=vietnam
</Headers>
                      </Request>
                      <Response url="http://localhost/industry/library/CSS/style.css" contentType="text/css" statusLine="HTTP/1.1 200 OK" pageTime="NaN" time="0.009" statusCodeString="200 OK" contentLength="9991">
                        <Headers>Accept-Ranges : bytes
Content-Length : 9991
Content-Type : text/css
Date : Tue, 23 Nov 2010 14:08:37 GMT
ETag : "64155240-2707-e0400a80"
Last-Modified : Fri, 24 Sep 2010 18:52:10 GMT
Server : Apache/2.2.4 (Win32) PHP/5.2.1
</Headers>
                      </Response>
                      <Context>
                        <Entry name="$TotalAgents" value="1" />
                        <Entry name="$ControllerName" value="ASUS" />
                        <Entry name="$AgentName" value="ASUS" />
                        <Entry name="$TestLogsDir" value="C:\Documents and Settings\ASUS X82Q SERIES\My Documents\Visual Studio 2008\Projects\TestProject\TestResults\ASUS X82Q SERIES_ASUS 2010-11-23 21_08_28\In\ASUS" />
                        <Entry name="$TestDeploymentDir" value="C:\Documents and Settings\ASUS X82Q SERIES\My Documents\Visual Studio 2008\Projects\TestProject\TestResults\ASUS X82Q SERIES_ASUS 2010-11-23 21_08_28\Out" />
                        <Entry name="$AgentId" value="1" />
                        <Entry name="$AgentLoadDistributor" value="Microsoft.VisualStudio.TestTools.Execution.AgentLoadDistributor" />
                        <Entry name="$TestDir" value="C:\Documents and Settings\ASUS X82Q SERIES\My Documents\Visual Studio 2008\Projects\TestProject\TestResults\ASUS X82Q SERIES_ASUS 2010-11-23 21_08_28" />
                        <Entry name="$AgentWeighting" value="100" />
                        <Entry name="$WebTestIteration" value="1" />
                        <Entry name="$WebTestUserId" value="1" />
                      </Context>
                    </WebRequestResult>
                    <WebRequestResult exceptionMessage="" run="0" submitted="true" cached="false" isRedirectFollow="false" requestBodyBytesHandle="-2" responseBytesHandle="44">
                      <Request url="http://localhost/industry/library/CSS/style_buy_sale.css" command="GET /industry/library/CSS/style_buy_sale.css HTTP/1.1" encoding="utf-8">
                        <Headers>Referer : http://localhost/industry/trade/service/index.php?mod=svcat&amp;isvc=1
User-Agent : Mozilla/4.0 (compatible; MSIE 7.0; Windows NT 5.1)
Accept : */*
Accept-Language : en-us
Accept-Encoding : GZIP
Host : localhost
Cookie : PHPSESSID=5a0b064b9e2796918842c00f72e52f69; mylang=vietnam
</Headers>
                      </Request>
                      <Response url="http://localhost/industry/library/CSS/style_buy_sale.css" contentType="text/css" statusLine="HTTP/1.1 200 OK" pageTime="NaN" time="0.007" statusCodeString="200 OK" contentLength="4307">
                        <Headers>Accept-Ranges : bytes
Content-Length : 4307
Content-Type : text/css
Date : Tue, 23 Nov 2010 14:08:37 GMT
ETag : "641552a0-10d3-f8823c00"
Last-Modified : Mon, 20 Sep 2010 05:13:20 GMT
Server : Apache/2.2.4 (Win32) PHP/5.2.1
</Headers>
                      </Response>
                      <Context>
                        <Entry name="$TotalAgents" value="1" />
                        <Entry name="$ControllerName" value="ASUS" />
                        <Entry name="$AgentName" value="ASUS" />
                        <Entry name="$TestLogsDir" value="C:\Documents and Settings\ASUS X82Q SERIES\My Documents\Visual Studio 2008\Projects\TestProject\TestResults\ASUS X82Q SERIES_ASUS 2010-11-23 21_08_28\In\ASUS" />
                        <Entry name="$TestDeploymentDir" value="C:\Documents and Settings\ASUS X82Q SERIES\My Documents\Visual Studio 2008\Projects\TestProject\TestResults\ASUS X82Q SERIES_ASUS 2010-11-23 21_08_28\Out" />
                        <Entry name="$AgentId" value="1" />
                        <Entry name="$AgentLoadDistributor" value="Microsoft.VisualStudio.TestTools.Execution.AgentLoadDistributor" />
                        <Entry name="$TestDir" value="C:\Documents and Settings\ASUS X82Q SERIES\My Documents\Visual Studio 2008\Projects\TestProject\TestResults\ASUS X82Q SERIES_ASUS 2010-11-23 21_08_28" />
                        <Entry name="$AgentWeighting" value="100" />
                        <Entry name="$WebTestIteration" value="1" />
                        <Entry name="$WebTestUserId" value="1" />
                      </Context>
                    </WebRequestResult>
                    <WebRequestResult exceptionMessage="" run="0" submitted="true" cached="false" isRedirectFollow="false" requestBodyBytesHandle="-2" responseBytesHandle="43">
                      <Request url="http://localhost/industry/library/CSS/style-slide.css" command="GET /industry/library/CSS/style-slide.css HTTP/1.1" encoding="utf-8">
                        <Headers>Referer : http://localhost/industry/trade/service/index.php?mod=svcat&amp;isvc=1
User-Agent : Mozilla/4.0 (compatible; MSIE 7.0; Windows NT 5.1)
Accept : */*
Accept-Language : en-us
Accept-Encoding : GZIP
Host : localhost
Cookie : PHPSESSID=5a0b064b9e2796918842c00f72e52f69; mylang=vietnam
</Headers>
                      </Request>
                      <Response url="http://localhost/industry/library/CSS/style-slide.css" contentType="text/css" statusLine="HTTP/1.1 200 OK" pageTime="NaN" time="0.008" statusCodeString="200 OK" contentLength="1629">
                        <Headers>Accept-Ranges : bytes
Content-Length : 1629
Content-Type : text/css
Date : Tue, 23 Nov 2010 14:08:37 GMT
ETag : "64155220-65d-d44b7f00"
Last-Modified : Fri, 27 Aug 2010 13:09:48 GMT
Server : Apache/2.2.4 (Win32) PHP/5.2.1
</Headers>
                      </Response>
                      <Context>
                        <Entry name="$TotalAgents" value="1" />
                        <Entry name="$ControllerName" value="ASUS" />
                        <Entry name="$AgentName" value="ASUS" />
                        <Entry name="$TestLogsDir" value="C:\Documents and Settings\ASUS X82Q SERIES\My Documents\Visual Studio 2008\Projects\TestProject\TestResults\ASUS X82Q SERIES_ASUS 2010-11-23 21_08_28\In\ASUS" />
                        <Entry name="$TestDeploymentDir" value="C:\Documents and Settings\ASUS X82Q SERIES\My Documents\Visual Studio 2008\Projects\TestProject\TestResults\ASUS X82Q SERIES_ASUS 2010-11-23 21_08_28\Out" />
                        <Entry name="$AgentId" value="1" />
                        <Entry name="$AgentLoadDistributor" value="Microsoft.VisualStudio.TestTools.Execution.AgentLoadDistributor" />
                        <Entry name="$TestDir" value="C:\Documents and Settings\ASUS X82Q SERIES\My Documents\Visual Studio 2008\Projects\TestProject\TestResults\ASUS X82Q SERIES_ASUS 2010-11-23 21_08_28" />
                        <Entry name="$AgentWeighting" value="100" />
                        <Entry name="$WebTestIteration" value="1" />
                        <Entry name="$WebTestUserId" value="1" />
                      </Context>
                    </WebRequestResult>
                    <WebRequestResult exceptionMessage="" run="0" submitted="true" cached="false" isRedirectFollow="false" requestBodyBytesHandle="-2" responseBytesHandle="8">
                      <Request url="http://localhost/industry/library/js/script.js" command="GET /industry/library/js/script.js HTTP/1.1" encoding="utf-8">
                        <Headers>Referer : http://localhost/industry/trade/service/index.php?mod=svcat&amp;isvc=1
User-Agent : Mozilla/4.0 (compatible; MSIE 7.0; Windows NT 5.1)
Accept : */*
Accept-Language : en-us
Accept-Encoding : GZIP
Host : localhost
Cookie : PHPSESSID=5a0b064b9e2796918842c00f72e52f69; mylang=vietnam
</Headers>
                      </Request>
                      <Response url="http://localhost/industry/library/js/script.js" contentType="application/x-javascript" statusLine="HTTP/1.1 200 OK" pageTime="NaN" time="0.007" statusCodeString="200 OK" contentLength="403">
                        <Headers>Accept-Ranges : bytes
Content-Length : 403
Content-Type : application/x-javascript
Date : Tue, 23 Nov 2010 14:08:37 GMT
ETag : "640c1340-193-56ac8480"
Last-Modified : Tue, 27 Jul 2010 06:09:06 GMT
Server : Apache/2.2.4 (Win32) PHP/5.2.1
</Headers>
                      </Response>
                      <Context>
                        <Entry name="$TotalAgents" value="1" />
                        <Entry name="$ControllerName" value="ASUS" />
                        <Entry name="$AgentName" value="ASUS" />
                        <Entry name="$TestLogsDir" value="C:\Documents and Settings\ASUS X82Q SERIES\My Documents\Visual Studio 2008\Projects\TestProject\TestResults\ASUS X82Q SERIES_ASUS 2010-11-23 21_08_28\In\ASUS" />
                        <Entry name="$TestDeploymentDir" value="C:\Documents and Settings\ASUS X82Q SERIES\My Documents\Visual Studio 2008\Projects\TestProject\TestResults\ASUS X82Q SERIES_ASUS 2010-11-23 21_08_28\Out" />
                        <Entry name="$AgentId" value="1" />
                        <Entry name="$AgentLoadDistributor" value="Microsoft.VisualStudio.TestTools.Execution.AgentLoadDistributor" />
                        <Entry name="$TestDir" value="C:\Documents and Settings\ASUS X82Q SERIES\My Documents\Visual Studio 2008\Projects\TestProject\TestResults\ASUS X82Q SERIES_ASUS 2010-11-23 21_08_28" />
                        <Entry name="$AgentWeighting" value="100" />
                        <Entry name="$WebTestIteration" value="1" />
                        <Entry name="$WebTestUserId" value="1" />
                      </Context>
                    </WebRequestResult>
                    <WebRequestResult exceptionMessage="" run="0" submitted="true" cached="false" isRedirectFollow="false" requestBodyBytesHandle="-2" responseBytesHandle="11">
                      <Request url="http://localhost/industry/library/js/jquery_menu.js" command="GET /industry/library/js/jquery_menu.js HTTP/1.1" encoding="utf-8">
                        <Headers>Referer : http://localhost/industry/trade/service/index.php?mod=svcat&amp;isvc=1
User-Agent : Mozilla/4.0 (compatible; MSIE 7.0; Windows NT 5.1)
Accept : */*
Accept-Language : en-us
Accept-Encoding : GZIP
Host : localhost
Cookie : PHPSESSID=5a0b064b9e2796918842c00f72e52f69; mylang=vietnam
</Headers>
                      </Request>
                      <Response url="http://localhost/industry/library/js/jquery_menu.js" contentType="application/x-javascript" statusLine="HTTP/1.1 200 OK" pageTime="NaN" time="0.07" statusCodeString="200 OK" contentLength="57170">
                        <Headers>X-Pad : avoid browser bug
Accept-Ranges : bytes
Content-Length : 57170
Content-Type : application/x-javascript
Date : Tue, 23 Nov 2010 14:08:37 GMT
ETag : "640c1260-df52-984af280"
Last-Modified : Tue, 27 Jul 2010 02:52:42 GMT
Server : Apache/2.2.4 (Win32) PHP/5.2.1
</Headers>
                      </Response>
                      <Context>
                        <Entry name="$TotalAgents" value="1" />
                        <Entry name="$ControllerName" value="ASUS" />
                        <Entry name="$AgentName" value="ASUS" />
                        <Entry name="$TestLogsDir" value="C:\Documents and Settings\ASUS X82Q SERIES\My Documents\Visual Studio 2008\Projects\TestProject\TestResults\ASUS X82Q SERIES_ASUS 2010-11-23 21_08_28\In\ASUS" />
                        <Entry name="$TestDeploymentDir" value="C:\Documents and Settings\ASUS X82Q SERIES\My Documents\Visual Studio 2008\Projects\TestProject\TestResults\ASUS X82Q SERIES_ASUS 2010-11-23 21_08_28\Out" />
                        <Entry name="$AgentId" value="1" />
                        <Entry name="$AgentLoadDistributor" value="Microsoft.VisualStudio.TestTools.Execution.AgentLoadDistributor" />
                        <Entry name="$TestDir" value="C:\Documents and Settings\ASUS X82Q SERIES\My Documents\Visual Studio 2008\Projects\TestProject\TestResults\ASUS X82Q SERIES_ASUS 2010-11-23 21_08_28" />
                        <Entry name="$AgentWeighting" value="100" />
                        <Entry name="$WebTestIteration" value="1" />
                        <Entry name="$WebTestUserId" value="1" />
                      </Context>
                    </WebRequestResult>
                    <WebRequestResult exceptionMessage="" run="0" submitted="true" cached="false" isRedirectFollow="false" requestBodyBytesHandle="-2" responseBytesHandle="45">
                      <Request url="http://localhost/industry/library/js/jquery.js" command="GET /industry/library/js/jquery.js HTTP/1.1" encoding="utf-8">
                        <Headers>Referer : http://localhost/industry/trade/service/index.php?mod=svcat&amp;isvc=1
User-Agent : Mozilla/4.0 (compatible; MSIE 7.0; Windows NT 5.1)
Accept : */*
Accept-Language : en-us
Accept-Encoding : GZIP
Host : localhost
Cookie : PHPSESSID=5a0b064b9e2796918842c00f72e52f69; mylang=vietnam
</Headers>
                      </Request>
                      <Response url="http://localhost/industry/library/js/jquery.js" contentType="application/x-javascript" statusLine="HTTP/1.1 200 OK" pageTime="NaN" time="0.062" statusCodeString="200 OK" contentLength="50783">
                        <Headers>X-Pad : avoid browser bug
Accept-Ranges : bytes
Content-Length : 50783
Content-Type : application/x-javascript
Date : Tue, 23 Nov 2010 14:08:37 GMT
ETag : "640c11c0-c65f-f7d5c480"
Last-Modified : Fri, 06 Aug 2010 16:14:58 GMT
Server : Apache/2.2.4 (Win32) PHP/5.2.1
</Headers>
                      </Response>
                      <Context>
                        <Entry name="$TotalAgents" value="1" />
                        <Entry name="$ControllerName" value="ASUS" />
                        <Entry name="$AgentName" value="ASUS" />
                        <Entry name="$TestLogsDir" value="C:\Documents and Settings\ASUS X82Q SERIES\My Documents\Visual Studio 2008\Projects\TestProject\TestResults\ASUS X82Q SERIES_ASUS 2010-11-23 21_08_28\In\ASUS" />
                        <Entry name="$TestDeploymentDir" value="C:\Documents and Settings\ASUS X82Q SERIES\My Documents\Visual Studio 2008\Projects\TestProject\TestResults\ASUS X82Q SERIES_ASUS 2010-11-23 21_08_28\Out" />
                        <Entry name="$AgentId" value="1" />
                        <Entry name="$AgentLoadDistributor" value="Microsoft.VisualStudio.TestTools.Execution.AgentLoadDistributor" />
                        <Entry name="$TestDir" value="C:\Documents and Settings\ASUS X82Q SERIES\My Documents\Visual Studio 2008\Projects\TestProject\TestResults\ASUS X82Q SERIES_ASUS 2010-11-23 21_08_28" />
                        <Entry name="$AgentWeighting" value="100" />
                        <Entry name="$WebTestIteration" value="1" />
                        <Entry name="$WebTestUserId" value="1" />
                      </Context>
                    </WebRequestResult>
                    <WebRequestResult exceptionMessage="" run="0" submitted="true" cached="false" isRedirectFollow="false" requestBodyBytesHandle="-2" responseBytesHandle="15">
                      <Request url="http://localhost/industry/interface/search.jpg" command="GET /industry/interface/search.jpg HTTP/1.1" encoding="utf-8">
                        <Headers>Referer : http://localhost/industry/trade/service/index.php?mod=svcat&amp;isvc=1
User-Agent : Mozilla/4.0 (compatible; MSIE 7.0; Windows NT 5.1)
Accept : */*
Accept-Language : en-us
Accept-Encoding : GZIP
Host : localhost
Cookie : PHPSESSID=5a0b064b9e2796918842c00f72e52f69; mylang=vietnam
</Headers>
                      </Request>
                      <Response url="http://localhost/industry/interface/search.jpg" contentType="image/jpeg" statusLine="HTTP/1.1 200 OK" pageTime="NaN" time="0.006" statusCodeString="200 OK" contentLength="1525">
                        <Headers>Accept-Ranges : bytes
Content-Length : 1525
Content-Type : image/jpeg
Date : Tue, 23 Nov 2010 14:08:37 GMT
ETag : "63f09960-5f5-160fc780"
Last-Modified : Sun, 25 Jul 2010 16:51:58 GMT
Server : Apache/2.2.4 (Win32) PHP/5.2.1
</Headers>
                      </Response>
                      <Context>
                        <Entry name="$TotalAgents" value="1" />
                        <Entry name="$ControllerName" value="ASUS" />
                        <Entry name="$AgentName" value="ASUS" />
                        <Entry name="$TestLogsDir" value="C:\Documents and Settings\ASUS X82Q SERIES\My Documents\Visual Studio 2008\Projects\TestProject\TestResults\ASUS X82Q SERIES_ASUS 2010-11-23 21_08_28\In\ASUS" />
                        <Entry name="$TestDeploymentDir" value="C:\Documents and Settings\ASUS X82Q SERIES\My Documents\Visual Studio 2008\Projects\TestProject\TestResults\ASUS X82Q SERIES_ASUS 2010-11-23 21_08_28\Out" />
                        <Entry name="$AgentId" value="1" />
                        <Entry name="$AgentLoadDistributor" value="Microsoft.VisualStudio.TestTools.Execution.AgentLoadDistributor" />
                        <Entry name="$TestDir" value="C:\Documents and Settings\ASUS X82Q SERIES\My Documents\Visual Studio 2008\Projects\TestProject\TestResults\ASUS X82Q SERIES_ASUS 2010-11-23 21_08_28" />
                        <Entry name="$AgentWeighting" value="100" />
                        <Entry name="$WebTestIteration" value="1" />
                        <Entry name="$WebTestUserId" value="1" />
                      </Context>
                    </WebRequestResult>
                    <WebRequestResult exceptionMessage="" run="0" submitted="true" cached="false" isRedirectFollow="false" requestBodyBytesHandle="-2" responseBytesHandle="46">
                      <Request url="http://localhost/industry/library/js/jcarousellite.js" command="GET /industry/library/js/jcarousellite.js HTTP/1.1" encoding="utf-8">
                        <Headers>Referer : http://localhost/industry/trade/service/index.php?mod=svcat&amp;isvc=1
User-Agent : Mozilla/4.0 (compatible; MSIE 7.0; Windows NT 5.1)
Accept : */*
Accept-Language : en-us
Accept-Encoding : GZIP
Host : localhost
Cookie : PHPSESSID=5a0b064b9e2796918842c00f72e52f69; mylang=vietnam
</Headers>
                      </Request>
                      <Response url="http://localhost/industry/library/js/jcarousellite.js" contentType="application/x-javascript" statusLine="HTTP/1.1 200 OK" pageTime="NaN" time="0.02" statusCodeString="200 OK" contentLength="114">
                        <Headers>Accept-Ranges : bytes
Content-Length : 114
Content-Type : application/x-javascript
Date : Tue, 23 Nov 2010 14:08:37 GMT
ETag : "640c1140-72-d8661c00"
Last-Modified : Sat, 07 Aug 2010 13:34:40 GMT
Server : Apache/2.2.4 (Win32) PHP/5.2.1
</Headers>
                      </Response>
                      <Context>
                        <Entry name="$TotalAgents" value="1" />
                        <Entry name="$ControllerName" value="ASUS" />
                        <Entry name="$AgentName" value="ASUS" />
                        <Entry name="$TestLogsDir" value="C:\Documents and Settings\ASUS X82Q SERIES\My Documents\Visual Studio 2008\Projects\TestProject\TestResults\ASUS X82Q SERIES_ASUS 2010-11-23 21_08_28\In\ASUS" />
                        <Entry name="$TestDeploymentDir" value="C:\Documents and Settings\ASUS X82Q SERIES\My Documents\Visual Studio 2008\Projects\TestProject\TestResults\ASUS X82Q SERIES_ASUS 2010-11-23 21_08_28\Out" />
                        <Entry name="$AgentId" value="1" />
                        <Entry name="$AgentLoadDistributor" value="Microsoft.VisualStudio.TestTools.Execution.AgentLoadDistributor" />
                        <Entry name="$TestDir" value="C:\Documents and Settings\ASUS X82Q SERIES\My Documents\Visual Studio 2008\Projects\TestProject\TestResults\ASUS X82Q SERIES_ASUS 2010-11-23 21_08_28" />
                        <Entry name="$AgentWeighting" value="100" />
                        <Entry name="$WebTestIteration" value="1" />
                        <Entry name="$WebTestUserId" value="1" />
                      </Context>
                    </WebRequestResult>
                    <WebRequestResult exceptionMessage="" run="0" submitted="true" cached="false" isRedirectFollow="false" requestBodyBytesHandle="-2" responseBytesHandle="33">
                      <Request url="http://localhost/industry/Interface/reg_1.jpg" command="GET /industry/Interface/reg_1.jpg HTTP/1.1" encoding="utf-8">
                        <Headers>Referer : http://localhost/industry/trade/service/index.php?mod=svcat&amp;isvc=1
User-Agent : Mozilla/4.0 (compatible; MSIE 7.0; Windows NT 5.1)
Accept : */*
Accept-Language : en-us
Accept-Encoding : GZIP
Host : localhost
Cookie : PHPSESSID=5a0b064b9e2796918842c00f72e52f69; mylang=vietnam
</Headers>
                      </Request>
                      <Response url="http://localhost/industry/Interface/reg_1.jpg" contentType="image/jpeg" statusLine="HTTP/1.1 200 OK" pageTime="NaN" time="0.004" statusCodeString="200 OK" contentLength="2284">
                        <Headers>Accept-Ranges : bytes
Content-Length : 2284
Content-Type : image/jpeg
Date : Tue, 23 Nov 2010 14:08:37 GMT
ETag : "63f09940-8ec-d41dd680"
Last-Modified : Tue, 03 Aug 2010 05:45:46 GMT
Server : Apache/2.2.4 (Win32) PHP/5.2.1
</Headers>
                      </Response>
                      <Context>
                        <Entry name="$TotalAgents" value="1" />
                        <Entry name="$ControllerName" value="ASUS" />
                        <Entry name="$AgentName" value="ASUS" />
                        <Entry name="$TestLogsDir" value="C:\Documents and Settings\ASUS X82Q SERIES\My Documents\Visual Studio 2008\Projects\TestProject\TestResults\ASUS X82Q SERIES_ASUS 2010-11-23 21_08_28\In\ASUS" />
                        <Entry name="$TestDeploymentDir" value="C:\Documents and Settings\ASUS X82Q SERIES\My Documents\Visual Studio 2008\Projects\TestProject\TestResults\ASUS X82Q SERIES_ASUS 2010-11-23 21_08_28\Out" />
                        <Entry name="$AgentId" value="1" />
                        <Entry name="$AgentLoadDistributor" value="Microsoft.VisualStudio.TestTools.Execution.AgentLoadDistributor" />
                        <Entry name="$TestDir" value="C:\Documents and Settings\ASUS X82Q SERIES\My Documents\Visual Studio 2008\Projects\TestProject\TestResults\ASUS X82Q SERIES_ASUS 2010-11-23 21_08_28" />
                        <Entry name="$AgentWeighting" value="100" />
                        <Entry name="$WebTestIteration" value="1" />
                        <Entry name="$WebTestUserId" value="1" />
                      </Context>
                    </WebRequestResult>
                    <WebRequestResult exceptionMessage="" run="0" submitted="true" cached="false" isRedirectFollow="false" requestBodyBytesHandle="-2" responseBytesHandle="81">
                      <Request url="http://localhost/industry/trade/service/library/js/swfobject.js" command="GET /industry/trade/service/library/js/swfobject.js HTTP/1.1" encoding="utf-8">
                        <Headers>Referer : http://localhost/industry/trade/service/index.php?mod=svcat&amp;isvc=1
User-Agent : Mozilla/4.0 (compatible; MSIE 7.0; Windows NT 5.1)
Accept : */*
Accept-Language : en-us
Accept-Encoding : GZIP
Host : localhost
Cookie : PHPSESSID=5a0b064b9e2796918842c00f72e52f69; mylang=vietnam
</Headers>
                      </Request>
                      <Response url="http://localhost/industry/trade/service/library/js/swfobject.js" contentType="text/html; charset=iso-8859-1" statusLine="HTTP/1.1 404 Not Found" pageTime="NaN" time="0.018" statusCodeString="404 Not Found" contentLength="327">
                        <Headers>Content-Length : 327
Content-Type : text/html; charset=iso-8859-1
Date : Tue, 23 Nov 2010 14:08:37 GMT
Server : Apache/2.2.4 (Win32) PHP/5.2.1
</Headers>
                      </Response>
                      <Context>
                        <Entry name="$TotalAgents" value="1" />
                        <Entry name="$ControllerName" value="ASUS" />
                        <Entry name="$AgentName" value="ASUS" />
                        <Entry name="$TestLogsDir" value="C:\Documents and Settings\ASUS X82Q SERIES\My Documents\Visual Studio 2008\Projects\TestProject\TestResults\ASUS X82Q SERIES_ASUS 2010-11-23 21_08_28\In\ASUS" />
                        <Entry name="$TestDeploymentDir" value="C:\Documents and Settings\ASUS X82Q SERIES\My Documents\Visual Studio 2008\Projects\TestProject\TestResults\ASUS X82Q SERIES_ASUS 2010-11-23 21_08_28\Out" />
                        <Entry name="$AgentId" value="1" />
                        <Entry name="$AgentLoadDistributor" value="Microsoft.VisualStudio.TestTools.Execution.AgentLoadDistributor" />
                        <Entry name="$TestDir" value="C:\Documents and Settings\ASUS X82Q SERIES\My Documents\Visual Studio 2008\Projects\TestProject\TestResults\ASUS X82Q SERIES_ASUS 2010-11-23 21_08_28" />
                        <Entry name="$AgentWeighting" value="100" />
                        <Entry name="$WebTestIteration" value="1" />
                        <Entry name="$WebTestUserId" value="1" />
                      </Context>
                      <Errors>
                        <Error type="HttpError" subType="404 - NotFound" text="404 - NotFound" time="2010-11-23T21:08:37.7031250+07:00" />
                      </Errors>
                    </WebRequestResult>
                    <WebRequestResult exceptionMessage="" run="0" submitted="true" cached="false" isRedirectFollow="false" requestBodyBytesHandle="-2" responseBytesHandle="47">
                      <Request url="http://localhost/industry/Interface/khung_2_1.jpg" command="GET /industry/Interface/khung_2_1.jpg HTTP/1.1" encoding="utf-8">
                        <Headers>Referer : http://localhost/industry/trade/service/index.php?mod=svcat&amp;isvc=1
User-Agent : Mozilla/4.0 (compatible; MSIE 7.0; Windows NT 5.1)
Accept : */*
Accept-Language : en-us
Accept-Encoding : GZIP
Host : localhost
Cookie : PHPSESSID=5a0b064b9e2796918842c00f72e52f69; mylang=vietnam
</Headers>
                      </Request>
                      <Response url="http://localhost/industry/Interface/khung_2_1.jpg" contentType="image/jpeg" statusLine="HTTP/1.1 200 OK" pageTime="NaN" time="0.004" statusCodeString="200 OK" contentLength="774">
                        <Headers>Accept-Ranges : bytes
Content-Length : 774
Content-Type : image/jpeg
Date : Tue, 23 Nov 2010 14:08:37 GMT
ETag : "63f094e0-306-eb3b3680"
Last-Modified : Tue, 24 Aug 2010 05:20:10 GMT
Server : Apache/2.2.4 (Win32) PHP/5.2.1
</Headers>
                      </Response>
                      <Context>
                        <Entry name="$TotalAgents" value="1" />
                        <Entry name="$ControllerName" value="ASUS" />
                        <Entry name="$AgentName" value="ASUS" />
                        <Entry name="$TestLogsDir" value="C:\Documents and Settings\ASUS X82Q SERIES\My Documents\Visual Studio 2008\Projects\TestProject\TestResults\ASUS X82Q SERIES_ASUS 2010-11-23 21_08_28\In\ASUS" />
                        <Entry name="$TestDeploymentDir" value="C:\Documents and Settings\ASUS X82Q SERIES\My Documents\Visual Studio 2008\Projects\TestProject\TestResults\ASUS X82Q SERIES_ASUS 2010-11-23 21_08_28\Out" />
                        <Entry name="$AgentId" value="1" />
                        <Entry name="$AgentLoadDistributor" value="Microsoft.VisualStudio.TestTools.Execution.AgentLoadDistributor" />
                        <Entry name="$TestDir" value="C:\Documents and Settings\ASUS X82Q SERIES\My Documents\Visual Studio 2008\Projects\TestProject\TestResults\ASUS X82Q SERIES_ASUS 2010-11-23 21_08_28" />
                        <Entry name="$AgentWeighting" value="100" />
                        <Entry name="$WebTestIteration" value="1" />
                        <Entry name="$WebTestUserId" value="1" />
                      </Context>
                    </WebRequestResult>
                    <WebRequestResult exceptionMessage="" run="0" submitted="true" cached="false" isRedirectFollow="false" requestBodyBytesHandle="-2" responseBytesHandle="49">
                      <Request url="http://localhost/industry/Interface/home-1.jpg" command="GET /industry/Interface/home-1.jpg HTTP/1.1" encoding="utf-8">
                        <Headers>Referer : http://localhost/industry/trade/service/index.php?mod=svcat&amp;isvc=1
User-Agent : Mozilla/4.0 (compatible; MSIE 7.0; Windows NT 5.1)
Accept : */*
Accept-Language : en-us
Accept-Encoding : GZIP
Host : localhost
Cookie : PHPSESSID=5a0b064b9e2796918842c00f72e52f69; mylang=vietnam
</Headers>
                      </Request>
                      <Response url="http://localhost/industry/Interface/home-1.jpg" contentType="image/jpeg" statusLine="HTTP/1.1 200 OK" pageTime="NaN" time="0.004" statusCodeString="200 OK" contentLength="495">
                        <Headers>Accept-Ranges : bytes
Content-Length : 495
Content-Type : image/jpeg
Date : Tue, 23 Nov 2010 14:08:37 GMT
ETag : "63f092c0-1ef-25b79e80"
Last-Modified : Tue, 03 Aug 2010 07:20:10 GMT
Server : Apache/2.2.4 (Win32) PHP/5.2.1
</Headers>
                      </Response>
                      <Context>
                        <Entry name="$TotalAgents" value="1" />
                        <Entry name="$ControllerName" value="ASUS" />
                        <Entry name="$AgentName" value="ASUS" />
                        <Entry name="$TestLogsDir" value="C:\Documents and Settings\ASUS X82Q SERIES\My Documents\Visual Studio 2008\Projects\TestProject\TestResults\ASUS X82Q SERIES_ASUS 2010-11-23 21_08_28\In\ASUS" />
                        <Entry name="$TestDeploymentDir" value="C:\Documents and Settings\ASUS X82Q SERIES\My Documents\Visual Studio 2008\Projects\TestProject\TestResults\ASUS X82Q SERIES_ASUS 2010-11-23 21_08_28\Out" />
                        <Entry name="$AgentId" value="1" />
                        <Entry name="$AgentLoadDistributor" value="Microsoft.VisualStudio.TestTools.Execution.AgentLoadDistributor" />
                        <Entry name="$TestDir" value="C:\Documents and Settings\ASUS X82Q SERIES\My Documents\Visual Studio 2008\Projects\TestProject\TestResults\ASUS X82Q SERIES_ASUS 2010-11-23 21_08_28" />
                        <Entry name="$AgentWeighting" value="100" />
                        <Entry name="$WebTestIteration" value="1" />
                        <Entry name="$WebTestUserId" value="1" />
                      </Context>
                    </WebRequestResult>
                    <WebRequestResult exceptionMessage="" run="0" submitted="true" cached="false" isRedirectFollow="false" requestBodyBytesHandle="-2" responseBytesHandle="83">
                      <Request url="http://localhost/industry/includes/tng/styles/img_not_found.gif" command="GET /industry/includes/tng/styles/img_not_found.gif HTTP/1.1" encoding="utf-8">
                        <Headers>Referer : http://localhost/industry/trade/service/index.php?mod=svcat&amp;isvc=1
User-Agent : Mozilla/4.0 (compatible; MSIE 7.0; Windows NT 5.1)
Accept : */*
Accept-Language : en-us
Accept-Encoding : GZIP
Host : localhost
Cookie : PHPSESSID=5a0b064b9e2796918842c00f72e52f69; mylang=vietnam
</Headers>
                      </Request>
                      <Response url="http://localhost/industry/includes/tng/styles/img_not_found.gif" contentType="image/gif" statusLine="HTTP/1.1 200 OK" pageTime="NaN" time="0.004" statusCodeString="200 OK" contentLength="801">
                        <Headers>Accept-Ranges : bytes
Content-Length : 801
Content-Type : image/gif
Date : Tue, 23 Nov 2010 14:08:37 GMT
ETag : "62a5d0e0-321-cbdc4b80"
Last-Modified : Tue, 27 Jul 2010 09:05:02 GMT
Server : Apache/2.2.4 (Win32) PHP/5.2.1
</Headers>
                      </Response>
                      <Context>
                        <Entry name="$TotalAgents" value="1" />
                        <Entry name="$ControllerName" value="ASUS" />
                        <Entry name="$AgentName" value="ASUS" />
                        <Entry name="$TestLogsDir" value="C:\Documents and Settings\ASUS X82Q SERIES\My Documents\Visual Studio 2008\Projects\TestProject\TestResults\ASUS X82Q SERIES_ASUS 2010-11-23 21_08_28\In\ASUS" />
                        <Entry name="$TestDeploymentDir" value="C:\Documents and Settings\ASUS X82Q SERIES\My Documents\Visual Studio 2008\Projects\TestProject\TestResults\ASUS X82Q SERIES_ASUS 2010-11-23 21_08_28\Out" />
                        <Entry name="$AgentId" value="1" />
                        <Entry name="$AgentLoadDistributor" value="Microsoft.VisualStudio.TestTools.Execution.AgentLoadDistributor" />
                        <Entry name="$TestDir" value="C:\Documents and Settings\ASUS X82Q SERIES\My Documents\Visual Studio 2008\Projects\TestProject\TestResults\ASUS X82Q SERIES_ASUS 2010-11-23 21_08_28" />
                        <Entry name="$AgentWeighting" value="100" />
                        <Entry name="$WebTestIteration" value="1" />
                        <Entry name="$WebTestUserId" value="1" />
                      </Context>
                    </WebRequestResult>
                    <WebRequestResult exceptionMessage="" run="0" submitted="true" cached="false" isRedirectFollow="false" requestBodyBytesHandle="-2" responseBytesHandle="52">
                      <Request url="http://localhost/industry/interface/contact.jpg" command="GET /industry/interface/contact.jpg HTTP/1.1" encoding="utf-8">
                        <Headers>Referer : http://localhost/industry/trade/service/index.php?mod=svcat&amp;isvc=1
User-Agent : Mozilla/4.0 (compatible; MSIE 7.0; Windows NT 5.1)
Accept : */*
Accept-Language : en-us
Accept-Encoding : GZIP
Host : localhost
Cookie : PHPSESSID=5a0b064b9e2796918842c00f72e52f69; mylang=vietnam
</Headers>
                      </Request>
                      <Response url="http://localhost/industry/interface/contact.jpg" contentType="image/jpeg" statusLine="HTTP/1.1 200 OK" pageTime="NaN" time="0.004" statusCodeString="200 OK" contentLength="1701">
                        <Headers>Accept-Ranges : bytes
Content-Length : 1701
Content-Type : image/jpeg
Date : Tue, 23 Nov 2010 14:08:37 GMT
ETag : "63f091a0-6a5-aa9a7b80"
Last-Modified : Sun, 22 Aug 2010 06:30:22 GMT
Server : Apache/2.2.4 (Win32) PHP/5.2.1
</Headers>
                      </Response>
                      <Context>
                        <Entry name="$TotalAgents" value="1" />
                        <Entry name="$ControllerName" value="ASUS" />
                        <Entry name="$AgentName" value="ASUS" />
                        <Entry name="$TestLogsDir" value="C:\Documents and Settings\ASUS X82Q SERIES\My Documents\Visual Studio 2008\Projects\TestProject\TestResults\ASUS X82Q SERIES_ASUS 2010-11-23 21_08_28\In\ASUS" />
                        <Entry name="$TestDeploymentDir" value="C:\Documents and Settings\ASUS X82Q SERIES\My Documents\Visual Studio 2008\Projects\TestProject\TestResults\ASUS X82Q SERIES_ASUS 2010-11-23 21_08_28\Out" />
                        <Entry name="$AgentId" value="1" />
                        <Entry name="$AgentLoadDistributor" value="Microsoft.VisualStudio.TestTools.Execution.AgentLoadDistributor" />
                        <Entry name="$TestDir" value="C:\Documents and Settings\ASUS X82Q SERIES\My Documents\Visual Studio 2008\Projects\TestProject\TestResults\ASUS X82Q SERIES_ASUS 2010-11-23 21_08_28" />
                        <Entry name="$AgentWeighting" value="100" />
                        <Entry name="$WebTestIteration" value="1" />
                        <Entry name="$WebTestUserId" value="1" />
                      </Context>
                    </WebRequestResult>
                    <WebRequestResult exceptionMessage="" run="0" submitted="true" cached="false" isRedirectFollow="false" requestBodyBytesHandle="-2" responseBytesHandle="23">
                      <Request url="http://localhost/industry/uploads/country_flag/vietnam.png" command="GET /industry/uploads/country_flag/vietnam.png HTTP/1.1" encoding="utf-8">
                        <Headers>Referer : http://localhost/industry/trade/service/index.php?mod=svcat&amp;isvc=1
User-Agent : Mozilla/4.0 (compatible; MSIE 7.0; Windows NT 5.1)
Accept : */*
Accept-Language : en-us
Accept-Encoding : GZIP
Host : localhost
Cookie : PHPSESSID=5a0b064b9e2796918842c00f72e52f69; mylang=vietnam
</Headers>
                      </Request>
                      <Response url="http://localhost/industry/uploads/country_flag/vietnam.png" contentType="image/png" statusLine="HTTP/1.1 200 OK" pageTime="NaN" time="0.008" statusCodeString="200 OK" contentLength="17550">
                        <Headers>Accept-Ranges : bytes
Content-Length : 17550
Content-Type : image/png
Date : Tue, 23 Nov 2010 14:08:37 GMT
ETag : "5b8310a0-448e-e0482a00"
Last-Modified : Sat, 21 Aug 2010 15:14:48 GMT
Server : Apache/2.2.4 (Win32) PHP/5.2.1
</Headers>
                      </Response>
                      <Context>
                        <Entry name="$TotalAgents" value="1" />
                        <Entry name="$ControllerName" value="ASUS" />
                        <Entry name="$AgentName" value="ASUS" />
                        <Entry name="$TestLogsDir" value="C:\Documents and Settings\ASUS X82Q SERIES\My Documents\Visual Studio 2008\Projects\TestProject\TestResults\ASUS X82Q SERIES_ASUS 2010-11-23 21_08_28\In\ASUS" />
                        <Entry name="$TestDeploymentDir" value="C:\Documents and Settings\ASUS X82Q SERIES\My Documents\Visual Studio 2008\Projects\TestProject\TestResults\ASUS X82Q SERIES_ASUS 2010-11-23 21_08_28\Out" />
                        <Entry name="$AgentId" value="1" />
                        <Entry name="$AgentLoadDistributor" value="Microsoft.VisualStudio.TestTools.Execution.AgentLoadDistributor" />
                        <Entry name="$TestDir" value="C:\Documents and Settings\ASUS X82Q SERIES\My Documents\Visual Studio 2008\Projects\TestProject\TestResults\ASUS X82Q SERIES_ASUS 2010-11-23 21_08_28" />
                        <Entry name="$AgentWeighting" value="100" />
                        <Entry name="$WebTestIteration" value="1" />
                        <Entry name="$WebTestUserId" value="1" />
                      </Context>
                    </WebRequestResult>
                    <WebRequestResult exceptionMessage="" run="0" submitted="true" cached="false" isRedirectFollow="false" requestBodyBytesHandle="-2" responseBytesHandle="61">
                      <Request url="http://localhost/industry/interface/icon_6.jpg" command="GET /industry/interface/icon_6.jpg HTTP/1.1" encoding="utf-8">
                        <Headers>Referer : http://localhost/industry/trade/service/index.php?mod=svcat&amp;isvc=1
User-Agent : Mozilla/4.0 (compatible; MSIE 7.0; Windows NT 5.1)
Accept : */*
Accept-Language : en-us
Accept-Encoding : GZIP
Host : localhost
Cookie : PHPSESSID=5a0b064b9e2796918842c00f72e52f69; mylang=vietnam
</Headers>
                      </Request>
                      <Response url="http://localhost/industry/interface/icon_6.jpg" contentType="image/jpeg" statusLine="HTTP/1.1 200 OK" pageTime="NaN" time="0.005" statusCodeString="200 OK" contentLength="504">
                        <Headers>Accept-Ranges : bytes
Content-Length : 504
Content-Type : image/jpeg
Date : Tue, 23 Nov 2010 14:08:37 GMT
ETag : "63f09400-1f8-b5bad980"
Last-Modified : Tue, 03 Aug 2010 12:46:46 GMT
Server : Apache/2.2.4 (Win32) PHP/5.2.1
</Headers>
                      </Response>
                      <Context>
                        <Entry name="$TotalAgents" value="1" />
                        <Entry name="$ControllerName" value="ASUS" />
                        <Entry name="$AgentName" value="ASUS" />
                        <Entry name="$TestLogsDir" value="C:\Documents and Settings\ASUS X82Q SERIES\My Documents\Visual Studio 2008\Projects\TestProject\TestResults\ASUS X82Q SERIES_ASUS 2010-11-23 21_08_28\In\ASUS" />
                        <Entry name="$TestDeploymentDir" value="C:\Documents and Settings\ASUS X82Q SERIES\My Documents\Visual Studio 2008\Projects\TestProject\TestResults\ASUS X82Q SERIES_ASUS 2010-11-23 21_08_28\Out" />
                        <Entry name="$AgentId" value="1" />
                        <Entry name="$AgentLoadDistributor" value="Microsoft.VisualStudio.TestTools.Execution.AgentLoadDistributor" />
                        <Entry name="$TestDir" value="C:\Documents and Settings\ASUS X82Q SERIES\My Documents\Visual Studio 2008\Projects\TestProject\TestResults\ASUS X82Q SERIES_ASUS 2010-11-23 21_08_28" />
                        <Entry name="$AgentWeighting" value="100" />
                        <Entry name="$WebTestIteration" value="1" />
                        <Entry name="$WebTestUserId" value="1" />
                      </Context>
                    </WebRequestResult>
                    <WebRequestResult exceptionMessage="" run="0" submitted="true" cached="false" isRedirectFollow="false" requestBodyBytesHandle="-2" responseBytesHandle="62">
                      <Request url="http://localhost/industry/interface/icon_5.jpg" command="GET /industry/interface/icon_5.jpg HTTP/1.1" encoding="utf-8">
                        <Headers>Referer : http://localhost/industry/trade/service/index.php?mod=svcat&amp;isvc=1
User-Agent : Mozilla/4.0 (compatible; MSIE 7.0; Windows NT 5.1)
Accept : */*
Accept-Language : en-us
Accept-Encoding : GZIP
Host : localhost
Cookie : PHPSESSID=5a0b064b9e2796918842c00f72e52f69; mylang=vietnam
</Headers>
                      </Request>
                      <Response url="http://localhost/industry/interface/icon_5.jpg" contentType="image/jpeg" statusLine="HTTP/1.1 200 OK" pageTime="NaN" time="0.004" statusCodeString="200 OK" contentLength="603">
                        <Headers>Accept-Ranges : bytes
Content-Length : 603
Content-Type : image/jpeg
Date : Tue, 23 Nov 2010 14:08:37 GMT
ETag : "63f093e0-25b-53aca500"
Last-Modified : Tue, 03 Aug 2010 08:44:36 GMT
Server : Apache/2.2.4 (Win32) PHP/5.2.1
</Headers>
                      </Response>
                      <Context>
                        <Entry name="$TotalAgents" value="1" />
                        <Entry name="$ControllerName" value="ASUS" />
                        <Entry name="$AgentName" value="ASUS" />
                        <Entry name="$TestLogsDir" value="C:\Documents and Settings\ASUS X82Q SERIES\My Documents\Visual Studio 2008\Projects\TestProject\TestResults\ASUS X82Q SERIES_ASUS 2010-11-23 21_08_28\In\ASUS" />
                        <Entry name="$TestDeploymentDir" value="C:\Documents and Settings\ASUS X82Q SERIES\My Documents\Visual Studio 2008\Projects\TestProject\TestResults\ASUS X82Q SERIES_ASUS 2010-11-23 21_08_28\Out" />
                        <Entry name="$AgentId" value="1" />
                        <Entry name="$AgentLoadDistributor" value="Microsoft.VisualStudio.TestTools.Execution.AgentLoadDistributor" />
                        <Entry name="$TestDir" value="C:\Documents and Settings\ASUS X82Q SERIES\My Documents\Visual Studio 2008\Projects\TestProject\TestResults\ASUS X82Q SERIES_ASUS 2010-11-23 21_08_28" />
                        <Entry name="$AgentWeighting" value="100" />
                        <Entry name="$WebTestIteration" value="1" />
                        <Entry name="$WebTestUserId" value="1" />
                      </Context>
                    </WebRequestResult>
                    <WebRequestResult exceptionMessage="" run="0" submitted="true" cached="false" isRedirectFollow="false" requestBodyBytesHandle="-2" responseBytesHandle="63">
                      <Request url="http://localhost/industry/interface/icon_4.jpg" command="GET /industry/interface/icon_4.jpg HTTP/1.1" encoding="utf-8">
                        <Headers>Referer : http://localhost/industry/trade/service/index.php?mod=svcat&amp;isvc=1
User-Agent : Mozilla/4.0 (compatible; MSIE 7.0; Windows NT 5.1)
Accept : */*
Accept-Language : en-us
Accept-Encoding : GZIP
Host : localhost
Cookie : PHPSESSID=5a0b064b9e2796918842c00f72e52f69; mylang=vietnam
</Headers>
                      </Request>
                      <Response url="http://localhost/industry/interface/icon_4.jpg" contentType="image/jpeg" statusLine="HTTP/1.1 200 OK" pageTime="NaN" time="0.003" statusCodeString="200 OK" contentLength="634">
                        <Headers>Accept-Ranges : bytes
Content-Length : 634
Content-Type : image/jpeg
Date : Tue, 23 Nov 2010 14:08:37 GMT
ETag : "63f093c0-27a-53511780"
Last-Modified : Tue, 03 Aug 2010 08:44:30 GMT
Server : Apache/2.2.4 (Win32) PHP/5.2.1
</Headers>
                      </Response>
                      <Context>
                        <Entry name="$TotalAgents" value="1" />
                        <Entry name="$ControllerName" value="ASUS" />
                        <Entry name="$AgentName" value="ASUS" />
                        <Entry name="$TestLogsDir" value="C:\Documents and Settings\ASUS X82Q SERIES\My Documents\Visual Studio 2008\Projects\TestProject\TestResults\ASUS X82Q SERIES_ASUS 2010-11-23 21_08_28\In\ASUS" />
                        <Entry name="$TestDeploymentDir" value="C:\Documents and Settings\ASUS X82Q SERIES\My Documents\Visual Studio 2008\Projects\TestProject\TestResults\ASUS X82Q SERIES_ASUS 2010-11-23 21_08_28\Out" />
                        <Entry name="$AgentId" value="1" />
                        <Entry name="$AgentLoadDistributor" value="Microsoft.VisualStudio.TestTools.Execution.AgentLoadDistributor" />
                        <Entry name="$TestDir" value="C:\Documents and Settings\ASUS X82Q SERIES\My Documents\Visual Studio 2008\Projects\TestProject\TestResults\ASUS X82Q SERIES_ASUS 2010-11-23 21_08_28" />
                        <Entry name="$AgentWeighting" value="100" />
                        <Entry name="$WebTestIteration" value="1" />
                        <Entry name="$WebTestUserId" value="1" />
                      </Context>
                    </WebRequestResult>
                  </DependantResults>
                  <ValidationRuleResults>
                    <ValidationRuleResult message="Passed" ruleType="Validation" name="Response URL" />
                  </ValidationRuleResults>
                </WebRequestResult>
              </WebTestResultPage>
              <WebTestResultPage>
                <WebRequestResult exceptionMessage="" run="0" submitted="true" cached="false" isRedirectFollow="false" requestBodyBytesHandle="-2" responseBytesHandle="86">
                  <Request url="http://localhost/industry/index.php?mod=register" command="GET /industry/index.php?mod=register HTTP/1.1" encoding="utf-8">
                    <Headers>User-Agent : Mozilla/4.0 (compatible; MSIE 7.0; Windows NT 5.1)
Accept : */*
Accept-Language : en-us
Accept-Encoding : GZIP
Host : localhost
Cookie : PHPSESSID=5a0b064b9e2796918842c00f72e52f69; mylang=vietnam
</Headers>
                  </Request>
                  <Response url="http://localhost/industry/index.php?mod=register" contentType="text/html; charset=utf-8" statusLine="HTTP/1.1 200 OK" pageTime="0.653" time="0.31" statusCodeString="200 OK" contentLength="15212">
                    <Headers>Pragma : no-cache
Transfer-Encoding : chunked
Cache-Control : no-store, no-cache, must-revalidate, post-check=0, pre-check=0
Content-Type : text/html; charset:utf-8
Date : Tue, 23 Nov 2010 14:08:37 GMT
Expires : Thu, 19 Nov 1981 08:52:00 GMT
Set-Cookie : mylang=vietnam; expires=Tue, 30-Nov-2010 14:08:37 GMT; path=/
Server : Apache/2.2.4 (Win32) PHP/5.2.1
X-Powered-By : PHP/5.2.1
</Headers>
                  </Response>
                  <Context>
                    <Entry name="$TotalAgents" value="1" />
                    <Entry name="$ControllerName" value="ASUS" />
                    <Entry name="$AgentName" value="ASUS" />
                    <Entry name="$TestLogsDir" value="C:\Documents and Settings\ASUS X82Q SERIES\My Documents\Visual Studio 2008\Projects\TestProject\TestResults\ASUS X82Q SERIES_ASUS 2010-11-23 21_08_28\In\ASUS" />
                    <Entry name="$TestDeploymentDir" value="C:\Documents and Settings\ASUS X82Q SERIES\My Documents\Visual Studio 2008\Projects\TestProject\TestResults\ASUS X82Q SERIES_ASUS 2010-11-23 21_08_28\Out" />
                    <Entry name="$AgentId" value="1" />
                    <Entry name="$AgentLoadDistributor" value="Microsoft.VisualStudio.TestTools.Execution.AgentLoadDistributor" />
                    <Entry name="$TestDir" value="C:\Documents and Settings\ASUS X82Q SERIES\My Documents\Visual Studio 2008\Projects\TestProject\TestResults\ASUS X82Q SERIES_ASUS 2010-11-23 21_08_28" />
                    <Entry name="$AgentWeighting" value="100" />
                    <Entry name="$WebTestIteration" value="1" />
                    <Entry name="$WebTestUserId" value="1" />
                  </Context>
                  <DependantResults>
                    <WebRequestResult exceptionMessage="" run="0" submitted="true" cached="false" isRedirectFollow="false" requestBodyBytesHandle="-2" responseBytesHandle="2">
                      <Request url="http://localhost/industry/library/CSS/style_menu.css" command="GET /industry/library/CSS/style_menu.css HTTP/1.1" encoding="utf-8">
                        <Headers>Referer : http://localhost/industry/index.php?mod=register
User-Agent : Mozilla/4.0 (compatible; MSIE 7.0; Windows NT 5.1)
Accept : */*
Accept-Language : en-us
Accept-Encoding : GZIP
Host : localhost
Cookie : PHPSESSID=5a0b064b9e2796918842c00f72e52f69; mylang=vietnam
</Headers>
                      </Request>
                      <Response url="http://localhost/industry/library/CSS/style_menu.css" contentType="text/css" statusLine="HTTP/1.1 200 OK" pageTime="NaN" time="0.008" statusCodeString="200 OK" contentLength="1103">
                        <Headers>Accept-Ranges : bytes
Content-Length : 1103
Content-Type : text/css
Date : Tue, 23 Nov 2010 14:08:38 GMT
ETag : "641553c0-44f-9c443c00"
Last-Modified : Fri, 27 Aug 2010 12:54:08 GMT
Server : Apache/2.2.4 (Win32) PHP/5.2.1
</Headers>
                      </Response>
                      <Context>
                        <Entry name="$TotalAgents" value="1" />
                        <Entry name="$ControllerName" value="ASUS" />
                        <Entry name="$AgentName" value="ASUS" />
                        <Entry name="$TestLogsDir" value="C:\Documents and Settings\ASUS X82Q SERIES\My Documents\Visual Studio 2008\Projects\TestProject\TestResults\ASUS X82Q SERIES_ASUS 2010-11-23 21_08_28\In\ASUS" />
                        <Entry name="$TestDeploymentDir" value="C:\Documents and Settings\ASUS X82Q SERIES\My Documents\Visual Studio 2008\Projects\TestProject\TestResults\ASUS X82Q SERIES_ASUS 2010-11-23 21_08_28\Out" />
                        <Entry name="$AgentId" value="1" />
                        <Entry name="$AgentLoadDistributor" value="Microsoft.VisualStudio.TestTools.Execution.AgentLoadDistributor" />
                        <Entry name="$TestDir" value="C:\Documents and Settings\ASUS X82Q SERIES\My Documents\Visual Studio 2008\Projects\TestProject\TestResults\ASUS X82Q SERIES_ASUS 2010-11-23 21_08_28" />
                        <Entry name="$AgentWeighting" value="100" />
                        <Entry name="$WebTestIteration" value="1" />
                        <Entry name="$WebTestUserId" value="1" />
                      </Context>
                    </WebRequestResult>
                    <WebRequestResult exceptionMessage="" run="0" submitted="true" cached="false" isRedirectFollow="false" requestBodyBytesHandle="-2" responseBytesHandle="1">
                      <Request url="http://localhost/industry/library/CSS/style.css" command="GET /industry/library/CSS/style.css HTTP/1.1" encoding="utf-8">
                        <Headers>Referer : http://localhost/industry/index.php?mod=register
User-Agent : Mozilla/4.0 (compatible; MSIE 7.0; Windows NT 5.1)
Accept : */*
Accept-Language : en-us
Accept-Encoding : GZIP
Host : localhost
Cookie : PHPSESSID=5a0b064b9e2796918842c00f72e52f69; mylang=vietnam
</Headers>
                      </Request>
                      <Response url="http://localhost/industry/library/CSS/style.css" contentType="text/css" statusLine="HTTP/1.1 200 OK" pageTime="NaN" time="0.01" statusCodeString="200 OK" contentLength="9991">
                        <Headers>Connection : close
Accept-Ranges : bytes
Content-Length : 9991
Content-Type : text/css
Date : Tue, 23 Nov 2010 14:08:38 GMT
ETag : "64155240-2707-e0400a80"
Last-Modified : Fri, 24 Sep 2010 18:52:10 GMT
Server : Apache/2.2.4 (Win32) PHP/5.2.1
</Headers>
                      </Response>
                      <Context>
                        <Entry name="$TotalAgents" value="1" />
                        <Entry name="$ControllerName" value="ASUS" />
                        <Entry name="$AgentName" value="ASUS" />
                        <Entry name="$TestLogsDir" value="C:\Documents and Settings\ASUS X82Q SERIES\My Documents\Visual Studio 2008\Projects\TestProject\TestResults\ASUS X82Q SERIES_ASUS 2010-11-23 21_08_28\In\ASUS" />
                        <Entry name="$TestDeploymentDir" value="C:\Documents and Settings\ASUS X82Q SERIES\My Documents\Visual Studio 2008\Projects\TestProject\TestResults\ASUS X82Q SERIES_ASUS 2010-11-23 21_08_28\Out" />
                        <Entry name="$AgentId" value="1" />
                        <Entry name="$AgentLoadDistributor" value="Microsoft.VisualStudio.TestTools.Execution.AgentLoadDistributor" />
                        <Entry name="$TestDir" value="C:\Documents and Settings\ASUS X82Q SERIES\My Documents\Visual Studio 2008\Projects\TestProject\TestResults\ASUS X82Q SERIES_ASUS 2010-11-23 21_08_28" />
                        <Entry name="$AgentWeighting" value="100" />
                        <Entry name="$WebTestIteration" value="1" />
                        <Entry name="$WebTestUserId" value="1" />
                      </Context>
                    </WebRequestResult>
                    <WebRequestResult exceptionMessage="" run="0" submitted="true" cached="false" isRedirectFollow="false" requestBodyBytesHandle="-2" responseBytesHandle="4">
                      <Request url="http://localhost/industry/library/CSS/style_contac.css" command="GET /industry/library/CSS/style_contac.css HTTP/1.1" encoding="utf-8">
                        <Headers>Referer : http://localhost/industry/index.php?mod=register
User-Agent : Mozilla/4.0 (compatible; MSIE 7.0; Windows NT 5.1)
Accept : */*
Accept-Language : en-us
Accept-Encoding : GZIP
Host : localhost
Cookie : PHPSESSID=5a0b064b9e2796918842c00f72e52f69; mylang=vietnam
</Headers>
                      </Request>
                      <Response url="http://localhost/industry/library/CSS/style_contac.css" contentType="text/css" statusLine="HTTP/1.1 200 OK" pageTime="NaN" time="0.007" statusCodeString="200 OK" contentLength="2894">
                        <Headers>Accept-Ranges : bytes
Content-Length : 2894
Content-Type : text/css
Date : Tue, 23 Nov 2010 14:08:38 GMT
ETag : "64155300-b4e-b11efc00"
Last-Modified : Sun, 19 Sep 2010 03:50:08 GMT
Server : Apache/2.2.4 (Win32) PHP/5.2.1
</Headers>
                      </Response>
                      <Context>
                        <Entry name="$TotalAgents" value="1" />
                        <Entry name="$ControllerName" value="ASUS" />
                        <Entry name="$AgentName" value="ASUS" />
                        <Entry name="$TestLogsDir" value="C:\Documents and Settings\ASUS X82Q SERIES\My Documents\Visual Studio 2008\Projects\TestProject\TestResults\ASUS X82Q SERIES_ASUS 2010-11-23 21_08_28\In\ASUS" />
                        <Entry name="$TestDeploymentDir" value="C:\Documents and Settings\ASUS X82Q SERIES\My Documents\Visual Studio 2008\Projects\TestProject\TestResults\ASUS X82Q SERIES_ASUS 2010-11-23 21_08_28\Out" />
                        <Entry name="$AgentId" value="1" />
                        <Entry name="$AgentLoadDistributor" value="Microsoft.VisualStudio.TestTools.Execution.AgentLoadDistributor" />
                        <Entry name="$TestDir" value="C:\Documents and Settings\ASUS X82Q SERIES\My Documents\Visual Studio 2008\Projects\TestProject\TestResults\ASUS X82Q SERIES_ASUS 2010-11-23 21_08_28" />
                        <Entry name="$AgentWeighting" value="100" />
                        <Entry name="$WebTestIteration" value="1" />
                        <Entry name="$WebTestUserId" value="1" />
                      </Context>
                    </WebRequestResult>
                    <WebRequestResult exceptionMessage="" run="0" submitted="true" cached="false" isRedirectFollow="false" requestBodyBytesHandle="-2" responseBytesHandle="3">
                      <Request url="http://localhost/industry/library/CSS/style_menu_stand.css" command="GET /industry/library/CSS/style_menu_stand.css HTTP/1.1" encoding="utf-8">
                        <Headers>Referer : http://localhost/industry/index.php?mod=register
User-Agent : Mozilla/4.0 (compatible; MSIE 7.0; Windows NT 5.1)
Accept : */*
Accept-Language : en-us
Accept-Encoding : GZIP
Host : localhost
Cookie : PHPSESSID=5a0b064b9e2796918842c00f72e52f69; mylang=vietnam
</Headers>
                      </Request>
                      <Response url="http://localhost/industry/library/CSS/style_menu_stand.css" contentType="text/css" statusLine="HTTP/1.1 200 OK" pageTime="NaN" time="0.01" statusCodeString="200 OK" contentLength="3617">
                        <Headers>Accept-Ranges : bytes
Content-Length : 3617
Content-Type : text/css
Date : Tue, 23 Nov 2010 14:08:38 GMT
ETag : "64155480-e21-2d19c900"
Last-Modified : Wed, 08 Sep 2010 14:17:40 GMT
Server : Apache/2.2.4 (Win32) PHP/5.2.1
</Headers>
                      </Response>
                      <Context>
                        <Entry name="$TotalAgents" value="1" />
                        <Entry name="$ControllerName" value="ASUS" />
                        <Entry name="$AgentName" value="ASUS" />
                        <Entry name="$TestLogsDir" value="C:\Documents and Settings\ASUS X82Q SERIES\My Documents\Visual Studio 2008\Projects\TestProject\TestResults\ASUS X82Q SERIES_ASUS 2010-11-23 21_08_28\In\ASUS" />
                        <Entry name="$TestDeploymentDir" value="C:\Documents and Settings\ASUS X82Q SERIES\My Documents\Visual Studio 2008\Projects\TestProject\TestResults\ASUS X82Q SERIES_ASUS 2010-11-23 21_08_28\Out" />
                        <Entry name="$AgentId" value="1" />
                        <Entry name="$AgentLoadDistributor" value="Microsoft.VisualStudio.TestTools.Execution.AgentLoadDistributor" />
                        <Entry name="$TestDir" value="C:\Documents and Settings\ASUS X82Q SERIES\My Documents\Visual Studio 2008\Projects\TestProject\TestResults\ASUS X82Q SERIES_ASUS 2010-11-23 21_08_28" />
                        <Entry name="$AgentWeighting" value="100" />
                        <Entry name="$WebTestIteration" value="1" />
                        <Entry name="$WebTestUserId" value="1" />
                      </Context>
                    </WebRequestResult>
                    <WebRequestResult exceptionMessage="" run="0" submitted="true" cached="false" isRedirectFollow="false" requestBodyBytesHandle="-2" responseBytesHandle="6">
                      <Request url="http://localhost/industry/SpryAssets/SpryTabbedPanels.css" command="GET /industry/SpryAssets/SpryTabbedPanels.css HTTP/1.1" encoding="utf-8">
                        <Headers>Referer : http://localhost/industry/index.php?mod=register
User-Agent : Mozilla/4.0 (compatible; MSIE 7.0; Windows NT 5.1)
Accept : */*
Accept-Language : en-us
Accept-Encoding : GZIP
Host : localhost
Cookie : PHPSESSID=5a0b064b9e2796918842c00f72e52f69; mylang=vietnam
</Headers>
                      </Request>
                      <Response url="http://localhost/industry/SpryAssets/SpryTabbedPanels.css" contentType="text/css" statusLine="HTTP/1.1 200 OK" pageTime="NaN" time="0.007" statusCodeString="200 OK" contentLength="8136">
                        <Headers>Accept-Ranges : bytes
Content-Length : 8136
Content-Type : text/css
Date : Tue, 23 Nov 2010 14:08:38 GMT
ETag : "4e599080-1fc8-9b0fe900"
Last-Modified : Thu, 02 Sep 2010 07:17:24 GMT
Server : Apache/2.2.4 (Win32) PHP/5.2.1
</Headers>
                      </Response>
                      <Context>
                        <Entry name="$TotalAgents" value="1" />
                        <Entry name="$ControllerName" value="ASUS" />
                        <Entry name="$AgentName" value="ASUS" />
                        <Entry name="$TestLogsDir" value="C:\Documents and Settings\ASUS X82Q SERIES\My Documents\Visual Studio 2008\Projects\TestProject\TestResults\ASUS X82Q SERIES_ASUS 2010-11-23 21_08_28\In\ASUS" />
                        <Entry name="$TestDeploymentDir" value="C:\Documents and Settings\ASUS X82Q SERIES\My Documents\Visual Studio 2008\Projects\TestProject\TestResults\ASUS X82Q SERIES_ASUS 2010-11-23 21_08_28\Out" />
                        <Entry name="$AgentId" value="1" />
                        <Entry name="$AgentLoadDistributor" value="Microsoft.VisualStudio.TestTools.Execution.AgentLoadDistributor" />
                        <Entry name="$TestDir" value="C:\Documents and Settings\ASUS X82Q SERIES\My Documents\Visual Studio 2008\Projects\TestProject\TestResults\ASUS X82Q SERIES_ASUS 2010-11-23 21_08_28" />
                        <Entry name="$AgentWeighting" value="100" />
                        <Entry name="$WebTestIteration" value="1" />
                        <Entry name="$WebTestUserId" value="1" />
                      </Context>
                    </WebRequestResult>
                    <WebRequestResult exceptionMessage="" run="0" submitted="true" cached="false" isRedirectFollow="false" requestBodyBytesHandle="-2" responseBytesHandle="5">
                      <Request url="http://localhost/industry/library/css/dddropdownpanel.css" command="GET /industry/library/css/dddropdownpanel.css HTTP/1.1" encoding="utf-8">
                        <Headers>Referer : http://localhost/industry/index.php?mod=register
User-Agent : Mozilla/4.0 (compatible; MSIE 7.0; Windows NT 5.1)
Accept : */*
Accept-Language : en-us
Accept-Encoding : GZIP
Host : localhost
Cookie : PHPSESSID=5a0b064b9e2796918842c00f72e52f69; mylang=vietnam
</Headers>
                      </Request>
                      <Response url="http://localhost/industry/library/css/dddropdownpanel.css" contentType="text/css" statusLine="HTTP/1.1 200 OK" pageTime="NaN" time="0.007" statusCodeString="200 OK" contentLength="1348">
                        <Headers>Accept-Ranges : bytes
Content-Length : 1348
Content-Type : text/css
Date : Tue, 23 Nov 2010 14:08:38 GMT
ETag : "64155140-544-6b422680"
Last-Modified : Tue, 31 Aug 2010 18:04:58 GMT
Server : Apache/2.2.4 (Win32) PHP/5.2.1
</Headers>
                      </Response>
                      <Context>
                        <Entry name="$TotalAgents" value="1" />
                        <Entry name="$ControllerName" value="ASUS" />
                        <Entry name="$AgentName" value="ASUS" />
                        <Entry name="$TestLogsDir" value="C:\Documents and Settings\ASUS X82Q SERIES\My Documents\Visual Studio 2008\Projects\TestProject\TestResults\ASUS X82Q SERIES_ASUS 2010-11-23 21_08_28\In\ASUS" />
                        <Entry name="$TestDeploymentDir" value="C:\Documents and Settings\ASUS X82Q SERIES\My Documents\Visual Studio 2008\Projects\TestProject\TestResults\ASUS X82Q SERIES_ASUS 2010-11-23 21_08_28\Out" />
                        <Entry name="$AgentId" value="1" />
                        <Entry name="$AgentLoadDistributor" value="Microsoft.VisualStudio.TestTools.Execution.AgentLoadDistributor" />
                        <Entry name="$TestDir" value="C:\Documents and Settings\ASUS X82Q SERIES\My Documents\Visual Studio 2008\Projects\TestProject\TestResults\ASUS X82Q SERIES_ASUS 2010-11-23 21_08_28" />
                        <Entry name="$AgentWeighting" value="100" />
                        <Entry name="$WebTestIteration" value="1" />
                        <Entry name="$WebTestUserId" value="1" />
                      </Context>
                    </WebRequestResult>
                    <WebRequestResult exceptionMessage="" run="0" submitted="true" cached="false" isRedirectFollow="false" requestBodyBytesHandle="-2" responseBytesHandle="7">
                      <Request url="http://localhost/industry/library/js/dddropdownpanel.js" command="GET /industry/library/js/dddropdownpanel.js HTTP/1.1" encoding="utf-8">
                        <Headers>Referer : http://localhost/industry/index.php?mod=register
User-Agent : Mozilla/4.0 (compatible; MSIE 7.0; Windows NT 5.1)
Accept : */*
Accept-Language : en-us
Accept-Encoding : GZIP
Host : localhost
Cookie : PHPSESSID=5a0b064b9e2796918842c00f72e52f69; mylang=vietnam
</Headers>
                      </Request>
                      <Response url="http://localhost/industry/library/js/dddropdownpanel.js" contentType="application/x-javascript" statusLine="HTTP/1.1 200 OK" pageTime="NaN" time="0.019" statusCodeString="200 OK" contentLength="7251">
                        <Headers>X-Pad : avoid browser bug
Accept-Ranges : bytes
Content-Length : 7251
Content-Type : application/x-javascript
Date : Tue, 23 Nov 2010 14:08:38 GMT
ETag : "640c10e0-1c53-5a3f7180"
Last-Modified : Sat, 18 Sep 2010 09:32:06 GMT
Server : Apache/2.2.4 (Win32) PHP/5.2.1
</Headers>
                      </Response>
                      <Context>
                        <Entry name="$TotalAgents" value="1" />
                        <Entry name="$ControllerName" value="ASUS" />
                        <Entry name="$AgentName" value="ASUS" />
                        <Entry name="$TestLogsDir" value="C:\Documents and Settings\ASUS X82Q SERIES\My Documents\Visual Studio 2008\Projects\TestProject\TestResults\ASUS X82Q SERIES_ASUS 2010-11-23 21_08_28\In\ASUS" />
                        <Entry name="$TestDeploymentDir" value="C:\Documents and Settings\ASUS X82Q SERIES\My Documents\Visual Studio 2008\Projects\TestProject\TestResults\ASUS X82Q SERIES_ASUS 2010-11-23 21_08_28\Out" />
                        <Entry name="$AgentId" value="1" />
                        <Entry name="$AgentLoadDistributor" value="Microsoft.VisualStudio.TestTools.Execution.AgentLoadDistributor" />
                        <Entry name="$TestDir" value="C:\Documents and Settings\ASUS X82Q SERIES\My Documents\Visual Studio 2008\Projects\TestProject\TestResults\ASUS X82Q SERIES_ASUS 2010-11-23 21_08_28" />
                        <Entry name="$AgentWeighting" value="100" />
                        <Entry name="$WebTestIteration" value="1" />
                        <Entry name="$WebTestUserId" value="1" />
                      </Context>
                    </WebRequestResult>
                    <WebRequestResult exceptionMessage="" run="0" submitted="true" cached="false" isRedirectFollow="false" requestBodyBytesHandle="-2" responseBytesHandle="8">
                      <Request url="http://localhost/industry/library/js/script.js" command="GET /industry/library/js/script.js HTTP/1.1" encoding="utf-8">
                        <Headers>Referer : http://localhost/industry/index.php?mod=register
User-Agent : Mozilla/4.0 (compatible; MSIE 7.0; Windows NT 5.1)
Accept : */*
Accept-Language : en-us
Accept-Encoding : GZIP
Host : localhost
Cookie : PHPSESSID=5a0b064b9e2796918842c00f72e52f69; mylang=vietnam
</Headers>
                      </Request>
                      <Response url="http://localhost/industry/library/js/script.js" contentType="application/x-javascript" statusLine="HTTP/1.1 200 OK" pageTime="NaN" time="0.008" statusCodeString="200 OK" contentLength="403">
                        <Headers>Accept-Ranges : bytes
Content-Length : 403
Content-Type : application/x-javascript
Date : Tue, 23 Nov 2010 14:08:38 GMT
ETag : "640c1340-193-56ac8480"
Last-Modified : Tue, 27 Jul 2010 06:09:06 GMT
Server : Apache/2.2.4 (Win32) PHP/5.2.1
</Headers>
                      </Response>
                      <Context>
                        <Entry name="$TotalAgents" value="1" />
                        <Entry name="$ControllerName" value="ASUS" />
                        <Entry name="$AgentName" value="ASUS" />
                        <Entry name="$TestLogsDir" value="C:\Documents and Settings\ASUS X82Q SERIES\My Documents\Visual Studio 2008\Projects\TestProject\TestResults\ASUS X82Q SERIES_ASUS 2010-11-23 21_08_28\In\ASUS" />
                        <Entry name="$TestDeploymentDir" value="C:\Documents and Settings\ASUS X82Q SERIES\My Documents\Visual Studio 2008\Projects\TestProject\TestResults\ASUS X82Q SERIES_ASUS 2010-11-23 21_08_28\Out" />
                        <Entry name="$AgentId" value="1" />
                        <Entry name="$AgentLoadDistributor" value="Microsoft.VisualStudio.TestTools.Execution.AgentLoadDistributor" />
                        <Entry name="$TestDir" value="C:\Documents and Settings\ASUS X82Q SERIES\My Documents\Visual Studio 2008\Projects\TestProject\TestResults\ASUS X82Q SERIES_ASUS 2010-11-23 21_08_28" />
                        <Entry name="$AgentWeighting" value="100" />
                        <Entry name="$WebTestIteration" value="1" />
                        <Entry name="$WebTestUserId" value="1" />
                      </Context>
                    </WebRequestResult>
                    <WebRequestResult exceptionMessage="" run="0" submitted="true" cached="false" isRedirectFollow="false" requestBodyBytesHandle="-2" responseBytesHandle="9">
                      <Request url="http://localhost/industry/library/js/jquery.dropdown.js" command="GET /industry/library/js/jquery.dropdown.js HTTP/1.1" encoding="utf-8">
                        <Headers>Referer : http://localhost/industry/index.php?mod=register
User-Agent : Mozilla/4.0 (compatible; MSIE 7.0; Windows NT 5.1)
Accept : */*
Accept-Language : en-us
Accept-Encoding : GZIP
Host : localhost
Cookie : PHPSESSID=5a0b064b9e2796918842c00f72e52f69; mylang=vietnam
</Headers>
                      </Request>
                      <Response url="http://localhost/industry/library/js/jquery.dropdown.js" contentType="application/x-javascript" statusLine="HTTP/1.1 200 OK" pageTime="NaN" time="0.005" statusCodeString="200 OK" contentLength="387">
                        <Headers>Accept-Ranges : bytes
Content-Length : 387
Content-Type : application/x-javascript
Date : Tue, 23 Nov 2010 14:08:38 GMT
ETag : "640c11a0-183-835d2100"
Last-Modified : Mon, 08 Jun 2009 11:26:28 GMT
Server : Apache/2.2.4 (Win32) PHP/5.2.1
</Headers>
                      </Response>
                      <Context>
                        <Entry name="$TotalAgents" value="1" />
                        <Entry name="$ControllerName" value="ASUS" />
                        <Entry name="$AgentName" value="ASUS" />
                        <Entry name="$TestLogsDir" value="C:\Documents and Settings\ASUS X82Q SERIES\My Documents\Visual Studio 2008\Projects\TestProject\TestResults\ASUS X82Q SERIES_ASUS 2010-11-23 21_08_28\In\ASUS" />
                        <Entry name="$TestDeploymentDir" value="C:\Documents and Settings\ASUS X82Q SERIES\My Documents\Visual Studio 2008\Projects\TestProject\TestResults\ASUS X82Q SERIES_ASUS 2010-11-23 21_08_28\Out" />
                        <Entry name="$AgentId" value="1" />
                        <Entry name="$AgentLoadDistributor" value="Microsoft.VisualStudio.TestTools.Execution.AgentLoadDistributor" />
                        <Entry name="$TestDir" value="C:\Documents and Settings\ASUS X82Q SERIES\My Documents\Visual Studio 2008\Projects\TestProject\TestResults\ASUS X82Q SERIES_ASUS 2010-11-23 21_08_28" />
                        <Entry name="$AgentWeighting" value="100" />
                        <Entry name="$WebTestIteration" value="1" />
                        <Entry name="$WebTestUserId" value="1" />
                      </Context>
                    </WebRequestResult>
                    <WebRequestResult exceptionMessage="" run="0" submitted="true" cached="false" isRedirectFollow="false" requestBodyBytesHandle="-2" responseBytesHandle="10">
                      <Request url="http://localhost/industry/SpryAssets/SpryTabbedPanels.js" command="GET /industry/SpryAssets/SpryTabbedPanels.js HTTP/1.1" encoding="utf-8">
                        <Headers>Referer : http://localhost/industry/index.php?mod=register
User-Agent : Mozilla/4.0 (compatible; MSIE 7.0; Windows NT 5.1)
Accept : */*
Accept-Language : en-us
Accept-Encoding : GZIP
Host : localhost
Cookie : PHPSESSID=5a0b064b9e2796918842c00f72e52f69; mylang=vietnam
</Headers>
                      </Request>
                      <Response url="http://localhost/industry/SpryAssets/SpryTabbedPanels.js" contentType="application/x-javascript" statusLine="HTTP/1.1 200 OK" pageTime="NaN" time="0.026" statusCodeString="200 OK" contentLength="10941">
                        <Headers>X-Pad : avoid browser bug
Accept-Ranges : bytes
Content-Length : 10941
Content-Type : application/x-javascript
Date : Tue, 23 Nov 2010 14:08:38 GMT
ETag : "4e5990e0-2abd-57842300"
Last-Modified : Tue, 27 Jul 2010 10:55:40 GMT
Server : Apache/2.2.4 (Win32) PHP/5.2.1
</Headers>
                      </Response>
                      <Context>
                        <Entry name="$TotalAgents" value="1" />
                        <Entry name="$ControllerName" value="ASUS" />
                        <Entry name="$AgentName" value="ASUS" />
                        <Entry name="$TestLogsDir" value="C:\Documents and Settings\ASUS X82Q SERIES\My Documents\Visual Studio 2008\Projects\TestProject\TestResults\ASUS X82Q SERIES_ASUS 2010-11-23 21_08_28\In\ASUS" />
                        <Entry name="$TestDeploymentDir" value="C:\Documents and Settings\ASUS X82Q SERIES\My Documents\Visual Studio 2008\Projects\TestProject\TestResults\ASUS X82Q SERIES_ASUS 2010-11-23 21_08_28\Out" />
                        <Entry name="$AgentId" value="1" />
                        <Entry name="$AgentLoadDistributor" value="Microsoft.VisualStudio.TestTools.Execution.AgentLoadDistributor" />
                        <Entry name="$TestDir" value="C:\Documents and Settings\ASUS X82Q SERIES\My Documents\Visual Studio 2008\Projects\TestProject\TestResults\ASUS X82Q SERIES_ASUS 2010-11-23 21_08_28" />
                        <Entry name="$AgentWeighting" value="100" />
                        <Entry name="$WebTestIteration" value="1" />
                        <Entry name="$WebTestUserId" value="1" />
                      </Context>
                    </WebRequestResult>
                    <WebRequestResult exceptionMessage="" run="0" submitted="true" cached="false" isRedirectFollow="false" requestBodyBytesHandle="-2" responseBytesHandle="11">
                      <Request url="http://localhost/industry/library/js/jquery_menu.js" command="GET /industry/library/js/jquery_menu.js HTTP/1.1" encoding="utf-8">
                        <Headers>Referer : http://localhost/industry/index.php?mod=register
User-Agent : Mozilla/4.0 (compatible; MSIE 7.0; Windows NT 5.1)
Accept : */*
Accept-Language : en-us
Accept-Encoding : GZIP
Host : localhost
Cookie : PHPSESSID=5a0b064b9e2796918842c00f72e52f69; mylang=vietnam
</Headers>
                      </Request>
                      <Response url="http://localhost/industry/library/js/jquery_menu.js" contentType="application/x-javascript" statusLine="HTTP/1.1 200 OK" pageTime="NaN" time="0.067" statusCodeString="200 OK" contentLength="57170">
                        <Headers>X-Pad : avoid browser bug
Accept-Ranges : bytes
Content-Length : 57170
Content-Type : application/x-javascript
Date : Tue, 23 Nov 2010 14:08:38 GMT
ETag : "640c1260-df52-984af280"
Last-Modified : Tue, 27 Jul 2010 02:52:42 GMT
Server : Apache/2.2.4 (Win32) PHP/5.2.1
</Headers>
                      </Response>
                      <Context>
                        <Entry name="$TotalAgents" value="1" />
                        <Entry name="$ControllerName" value="ASUS" />
                        <Entry name="$AgentName" value="ASUS" />
                        <Entry name="$TestLogsDir" value="C:\Documents and Settings\ASUS X82Q SERIES\My Documents\Visual Studio 2008\Projects\TestProject\TestResults\ASUS X82Q SERIES_ASUS 2010-11-23 21_08_28\In\ASUS" />
                        <Entry name="$TestDeploymentDir" value="C:\Documents and Settings\ASUS X82Q SERIES\My Documents\Visual Studio 2008\Projects\TestProject\TestResults\ASUS X82Q SERIES_ASUS 2010-11-23 21_08_28\Out" />
                        <Entry name="$AgentId" value="1" />
                        <Entry name="$AgentLoadDistributor" value="Microsoft.VisualStudio.TestTools.Execution.AgentLoadDistributor" />
                        <Entry name="$TestDir" value="C:\Documents and Settings\ASUS X82Q SERIES\My Documents\Visual Studio 2008\Projects\TestProject\TestResults\ASUS X82Q SERIES_ASUS 2010-11-23 21_08_28" />
                        <Entry name="$AgentWeighting" value="100" />
                        <Entry name="$WebTestIteration" value="1" />
                        <Entry name="$WebTestUserId" value="1" />
                      </Context>
                    </WebRequestResult>
                    <WebRequestResult exceptionMessage="" run="0" submitted="true" cached="false" isRedirectFollow="false" requestBodyBytesHandle="-2" responseBytesHandle="13">
                      <Request url="http://localhost/industry/flags/vn.gif" command="GET /industry/flags/vn.gif HTTP/1.1" encoding="utf-8">
                        <Headers>Referer : http://localhost/industry/index.php?mod=register
User-Agent : Mozilla/4.0 (compatible; MSIE 7.0; Windows NT 5.1)
Accept : */*
Accept-Language : en-us
Accept-Encoding : GZIP
Host : localhost
Cookie : PHPSESSID=5a0b064b9e2796918842c00f72e52f69; mylang=vietnam
</Headers>
                      </Request>
                      <Response url="http://localhost/industry/flags/vn.gif" contentType="image/gif" statusLine="HTTP/1.1 200 OK" pageTime="NaN" time="0.006" statusCodeString="200 OK" contentLength="6872">
                        <Headers>Accept-Ranges : bytes
Content-Length : 6872
Content-Type : image/gif
Date : Tue, 23 Nov 2010 14:08:38 GMT
ETag : "624610c0-1ad8-5ae82180"
Last-Modified : Thu, 09 Jul 2009 05:44:54 GMT
Server : Apache/2.2.4 (Win32) PHP/5.2.1
</Headers>
                      </Response>
                      <Context>
                        <Entry name="$TotalAgents" value="1" />
                        <Entry name="$ControllerName" value="ASUS" />
                        <Entry name="$AgentName" value="ASUS" />
                        <Entry name="$TestLogsDir" value="C:\Documents and Settings\ASUS X82Q SERIES\My Documents\Visual Studio 2008\Projects\TestProject\TestResults\ASUS X82Q SERIES_ASUS 2010-11-23 21_08_28\In\ASUS" />
                        <Entry name="$TestDeploymentDir" value="C:\Documents and Settings\ASUS X82Q SERIES\My Documents\Visual Studio 2008\Projects\TestProject\TestResults\ASUS X82Q SERIES_ASUS 2010-11-23 21_08_28\Out" />
                        <Entry name="$AgentId" value="1" />
                        <Entry name="$AgentLoadDistributor" value="Microsoft.VisualStudio.TestTools.Execution.AgentLoadDistributor" />
                        <Entry name="$TestDir" value="C:\Documents and Settings\ASUS X82Q SERIES\My Documents\Visual Studio 2008\Projects\TestProject\TestResults\ASUS X82Q SERIES_ASUS 2010-11-23 21_08_28" />
                        <Entry name="$AgentWeighting" value="100" />
                        <Entry name="$WebTestIteration" value="1" />
                        <Entry name="$WebTestUserId" value="1" />
                      </Context>
                    </WebRequestResult>
                    <WebRequestResult exceptionMessage="" run="0" submitted="true" cached="false" isRedirectFollow="false" requestBodyBytesHandle="-2" responseBytesHandle="12">
                      <Request url="http://localhost/industry/library/js/rainbow.js" command="GET /industry/library/js/rainbow.js HTTP/1.1" encoding="utf-8">
                        <Headers>Referer : http://localhost/industry/index.php?mod=register
User-Agent : Mozilla/4.0 (compatible; MSIE 7.0; Windows NT 5.1)
Accept : */*
Accept-Language : en-us
Accept-Encoding : GZIP
Host : localhost
Cookie : PHPSESSID=5a0b064b9e2796918842c00f72e52f69; mylang=vietnam
</Headers>
                      </Request>
                      <Response url="http://localhost/industry/library/js/rainbow.js" contentType="application/x-javascript" statusLine="HTTP/1.1 200 OK" pageTime="NaN" time="0.019" statusCodeString="200 OK" contentLength="7776">
                        <Headers>X-Pad : avoid browser bug
Accept-Ranges : bytes
Content-Length : 7776
Content-Type : application/x-javascript
Date : Tue, 23 Nov 2010 14:08:38 GMT
ETag : "640c1320-1e60-a3ab8780"
Last-Modified : Sun, 29 Aug 2010 09:04:46 GMT
Server : Apache/2.2.4 (Win32) PHP/5.2.1
</Headers>
                      </Response>
                      <Context>
                        <Entry name="$TotalAgents" value="1" />
                        <Entry name="$ControllerName" value="ASUS" />
                        <Entry name="$AgentName" value="ASUS" />
                        <Entry name="$TestLogsDir" value="C:\Documents and Settings\ASUS X82Q SERIES\My Documents\Visual Studio 2008\Projects\TestProject\TestResults\ASUS X82Q SERIES_ASUS 2010-11-23 21_08_28\In\ASUS" />
                        <Entry name="$TestDeploymentDir" value="C:\Documents and Settings\ASUS X82Q SERIES\My Documents\Visual Studio 2008\Projects\TestProject\TestResults\ASUS X82Q SERIES_ASUS 2010-11-23 21_08_28\Out" />
                        <Entry name="$AgentId" value="1" />
                        <Entry name="$AgentLoadDistributor" value="Microsoft.VisualStudio.TestTools.Execution.AgentLoadDistributor" />
                        <Entry name="$TestDir" value="C:\Documents and Settings\ASUS X82Q SERIES\My Documents\Visual Studio 2008\Projects\TestProject\TestResults\ASUS X82Q SERIES_ASUS 2010-11-23 21_08_28" />
                        <Entry name="$AgentWeighting" value="100" />
                        <Entry name="$WebTestIteration" value="1" />
                        <Entry name="$WebTestUserId" value="1" />
                      </Context>
                    </WebRequestResult>
                    <WebRequestResult exceptionMessage="" run="0" submitted="true" cached="false" isRedirectFollow="false" requestBodyBytesHandle="-2" responseBytesHandle="14">
                      <Request url="http://localhost/industry/flags/en.gif" command="GET /industry/flags/en.gif HTTP/1.1" encoding="utf-8">
                        <Headers>Referer : http://localhost/industry/index.php?mod=register
User-Agent : Mozilla/4.0 (compatible; MSIE 7.0; Windows NT 5.1)
Accept : */*
Accept-Language : en-us
Accept-Encoding : GZIP
Host : localhost
Cookie : PHPSESSID=5a0b064b9e2796918842c00f72e52f69; mylang=vietnam
</Headers>
                      </Request>
                      <Response url="http://localhost/industry/flags/en.gif" contentType="image/gif" statusLine="HTTP/1.1 200 OK" pageTime="NaN" time="0.006" statusCodeString="200 OK" contentLength="8275">
                        <Headers>Accept-Ranges : bytes
Content-Length : 8275
Content-Type : image/gif
Date : Tue, 23 Nov 2010 14:08:38 GMT
ETag : "62461040-2053-5de31200"
Last-Modified : Thu, 09 Jul 2009 05:45:44 GMT
Server : Apache/2.2.4 (Win32) PHP/5.2.1
</Headers>
                      </Response>
                      <Context>
                        <Entry name="$TotalAgents" value="1" />
                        <Entry name="$ControllerName" value="ASUS" />
                        <Entry name="$AgentName" value="ASUS" />
                        <Entry name="$TestLogsDir" value="C:\Documents and Settings\ASUS X82Q SERIES\My Documents\Visual Studio 2008\Projects\TestProject\TestResults\ASUS X82Q SERIES_ASUS 2010-11-23 21_08_28\In\ASUS" />
                        <Entry name="$TestDeploymentDir" value="C:\Documents and Settings\ASUS X82Q SERIES\My Documents\Visual Studio 2008\Projects\TestProject\TestResults\ASUS X82Q SERIES_ASUS 2010-11-23 21_08_28\Out" />
                        <Entry name="$AgentId" value="1" />
                        <Entry name="$AgentLoadDistributor" value="Microsoft.VisualStudio.TestTools.Execution.AgentLoadDistributor" />
                        <Entry name="$TestDir" value="C:\Documents and Settings\ASUS X82Q SERIES\My Documents\Visual Studio 2008\Projects\TestProject\TestResults\ASUS X82Q SERIES_ASUS 2010-11-23 21_08_28" />
                        <Entry name="$AgentWeighting" value="100" />
                        <Entry name="$WebTestIteration" value="1" />
                        <Entry name="$WebTestUserId" value="1" />
                      </Context>
                    </WebRequestResult>
                    <WebRequestResult exceptionMessage="" run="0" submitted="true" cached="false" isRedirectFollow="false" requestBodyBytesHandle="-2" responseBytesHandle="15">
                      <Request url="http://localhost/industry/interface/search.jpg" command="GET /industry/interface/search.jpg HTTP/1.1" encoding="utf-8">
                        <Headers>Referer : http://localhost/industry/index.php?mod=register
User-Agent : Mozilla/4.0 (compatible; MSIE 7.0; Windows NT 5.1)
Accept : */*
Accept-Language : en-us
Accept-Encoding : GZIP
Host : localhost
Cookie : PHPSESSID=5a0b064b9e2796918842c00f72e52f69; mylang=vietnam
</Headers>
                      </Request>
                      <Response url="http://localhost/industry/interface/search.jpg" contentType="image/jpeg" statusLine="HTTP/1.1 200 OK" pageTime="NaN" time="0.004" statusCodeString="200 OK" contentLength="1525">
                        <Headers>Accept-Ranges : bytes
Content-Length : 1525
Content-Type : image/jpeg
Date : Tue, 23 Nov 2010 14:08:38 GMT
ETag : "63f09960-5f5-160fc780"
Last-Modified : Sun, 25 Jul 2010 16:51:58 GMT
Server : Apache/2.2.4 (Win32) PHP/5.2.1
</Headers>
                      </Response>
                      <Context>
                        <Entry name="$TotalAgents" value="1" />
                        <Entry name="$ControllerName" value="ASUS" />
                        <Entry name="$AgentName" value="ASUS" />
                        <Entry name="$TestLogsDir" value="C:\Documents and Settings\ASUS X82Q SERIES\My Documents\Visual Studio 2008\Projects\TestProject\TestResults\ASUS X82Q SERIES_ASUS 2010-11-23 21_08_28\In\ASUS" />
                        <Entry name="$TestDeploymentDir" value="C:\Documents and Settings\ASUS X82Q SERIES\My Documents\Visual Studio 2008\Projects\TestProject\TestResults\ASUS X82Q SERIES_ASUS 2010-11-23 21_08_28\Out" />
                        <Entry name="$AgentId" value="1" />
                        <Entry name="$AgentLoadDistributor" value="Microsoft.VisualStudio.TestTools.Execution.AgentLoadDistributor" />
                        <Entry name="$TestDir" value="C:\Documents and Settings\ASUS X82Q SERIES\My Documents\Visual Studio 2008\Projects\TestProject\TestResults\ASUS X82Q SERIES_ASUS 2010-11-23 21_08_28" />
                        <Entry name="$AgentWeighting" value="100" />
                        <Entry name="$WebTestIteration" value="1" />
                        <Entry name="$WebTestUserId" value="1" />
                      </Context>
                    </WebRequestResult>
                    <WebRequestResult exceptionMessage="" run="0" submitted="true" cached="false" isRedirectFollow="false" requestBodyBytesHandle="-2" responseBytesHandle="87">
                      <Request url="http://localhost/industry/includes/skins/mxkollection3.css" command="GET /industry/includes/skins/mxkollection3.css HTTP/1.1" encoding="utf-8">
                        <Headers>Referer : http://localhost/industry/index.php?mod=register
User-Agent : Mozilla/4.0 (compatible; MSIE 7.0; Windows NT 5.1)
Accept : */*
Accept-Language : en-us
Accept-Encoding : GZIP
Host : localhost
Cookie : PHPSESSID=5a0b064b9e2796918842c00f72e52f69; mylang=vietnam
</Headers>
                      </Request>
                      <Response url="http://localhost/industry/includes/skins/mxkollection3.css" contentType="text/css" statusLine="HTTP/1.1 200 OK" pageTime="NaN" time="0.006" statusCodeString="200 OK" contentLength="621">
                        <Headers>Accept-Ranges : bytes
Content-Length : 621
Content-Type : text/css
Date : Tue, 23 Nov 2010 14:08:38 GMT
ETag : "633bd0a0-26d-2d53ec80"
Last-Modified : Wed, 25 Aug 2010 15:02:58 GMT
Server : Apache/2.2.4 (Win32) PHP/5.2.1
</Headers>
                      </Response>
                      <Context>
                        <Entry name="$TotalAgents" value="1" />
                        <Entry name="$ControllerName" value="ASUS" />
                        <Entry name="$AgentName" value="ASUS" />
                        <Entry name="$TestLogsDir" value="C:\Documents and Settings\ASUS X82Q SERIES\My Documents\Visual Studio 2008\Projects\TestProject\TestResults\ASUS X82Q SERIES_ASUS 2010-11-23 21_08_28\In\ASUS" />
                        <Entry name="$TestDeploymentDir" value="C:\Documents and Settings\ASUS X82Q SERIES\My Documents\Visual Studio 2008\Projects\TestProject\TestResults\ASUS X82Q SERIES_ASUS 2010-11-23 21_08_28\Out" />
                        <Entry name="$AgentId" value="1" />
                        <Entry name="$AgentLoadDistributor" value="Microsoft.VisualStudio.TestTools.Execution.AgentLoadDistributor" />
                        <Entry name="$TestDir" value="C:\Documents and Settings\ASUS X82Q SERIES\My Documents\Visual Studio 2008\Projects\TestProject\TestResults\ASUS X82Q SERIES_ASUS 2010-11-23 21_08_28" />
                        <Entry name="$AgentWeighting" value="100" />
                        <Entry name="$WebTestIteration" value="1" />
                        <Entry name="$WebTestUserId" value="1" />
                      </Context>
                    </WebRequestResult>
                    <WebRequestResult exceptionMessage="" run="0" submitted="true" cached="false" isRedirectFollow="false" requestBodyBytesHandle="-2" responseBytesHandle="88">
                      <Request url="http://localhost/industry/includes/common/js/base.js" command="GET /industry/includes/common/js/base.js HTTP/1.1" encoding="utf-8">
                        <Headers>Referer : http://localhost/industry/index.php?mod=register
User-Agent : Mozilla/4.0 (compatible; MSIE 7.0; Windows NT 5.1)
Accept : */*
Accept-Language : en-us
Accept-Encoding : GZIP
Host : localhost
Cookie : PHPSESSID=5a0b064b9e2796918842c00f72e52f69; mylang=vietnam
</Headers>
                      </Request>
                      <Response url="http://localhost/industry/includes/common/js/base.js" contentType="application/x-javascript" statusLine="HTTP/1.1 200 OK" pageTime="NaN" time="0.024" statusCodeString="200 OK" contentLength="7805">
                        <Headers>X-Pad : avoid browser bug
Accept-Ranges : bytes
Content-Length : 7805
Content-Type : application/x-javascript
Date : Tue, 23 Nov 2010 14:08:38 GMT
ETag : "63ee1040-1e7d-1eae3d00"
Last-Modified : Wed, 28 Jul 2010 03:21:56 GMT
Server : Apache/2.2.4 (Win32) PHP/5.2.1
</Headers>
                      </Response>
                      <Context>
                        <Entry name="$TotalAgents" value="1" />
                        <Entry name="$ControllerName" value="ASUS" />
                        <Entry name="$AgentName" value="ASUS" />
                        <Entry name="$TestLogsDir" value="C:\Documents and Settings\ASUS X82Q SERIES\My Documents\Visual Studio 2008\Projects\TestProject\TestResults\ASUS X82Q SERIES_ASUS 2010-11-23 21_08_28\In\ASUS" />
                        <Entry name="$TestDeploymentDir" value="C:\Documents and Settings\ASUS X82Q SERIES\My Documents\Visual Studio 2008\Projects\TestProject\TestResults\ASUS X82Q SERIES_ASUS 2010-11-23 21_08_28\Out" />
                        <Entry name="$AgentId" value="1" />
                        <Entry name="$AgentLoadDistributor" value="Microsoft.VisualStudio.TestTools.Execution.AgentLoadDistributor" />
                        <Entry name="$TestDir" value="C:\Documents and Settings\ASUS X82Q SERIES\My Documents\Visual Studio 2008\Projects\TestProject\TestResults\ASUS X82Q SERIES_ASUS 2010-11-23 21_08_28" />
                        <Entry name="$AgentWeighting" value="100" />
                        <Entry name="$WebTestIteration" value="1" />
                        <Entry name="$WebTestUserId" value="1" />
                      </Context>
                    </WebRequestResult>
                    <WebRequestResult exceptionMessage="" run="0" submitted="true" cached="false" isRedirectFollow="false" requestBodyBytesHandle="-2" responseBytesHandle="89">
                      <Request url="http://localhost/industry/includes/skins/style.js" command="GET /industry/includes/skins/style.js HTTP/1.1" encoding="utf-8">
                        <Headers>Referer : http://localhost/industry/index.php?mod=register
User-Agent : Mozilla/4.0 (compatible; MSIE 7.0; Windows NT 5.1)
Accept : */*
Accept-Language : en-us
Accept-Encoding : GZIP
Host : localhost
Cookie : PHPSESSID=5a0b064b9e2796918842c00f72e52f69; mylang=vietnam
</Headers>
                      </Request>
                      <Response url="http://localhost/industry/includes/skins/style.js" contentType="application/x-javascript" statusLine="HTTP/1.1 200 OK" pageTime="NaN" time="0.051" statusCodeString="200 OK" contentLength="25319">
                        <Headers>X-Pad : avoid browser bug
Accept-Ranges : bytes
Content-Length : 25319
Content-Type : application/x-javascript
Date : Tue, 23 Nov 2010 14:08:38 GMT
ETag : "633bd0c0-62e7-2b4d2000"
Last-Modified : Wed, 25 Aug 2010 15:02:24 GMT
Server : Apache/2.2.4 (Win32) PHP/5.2.1
</Headers>
                      </Response>
                      <Context>
                        <Entry name="$TotalAgents" value="1" />
                        <Entry name="$ControllerName" value="ASUS" />
                        <Entry name="$AgentName" value="ASUS" />
                        <Entry name="$TestLogsDir" value="C:\Documents and Settings\ASUS X82Q SERIES\My Documents\Visual Studio 2008\Projects\TestProject\TestResults\ASUS X82Q SERIES_ASUS 2010-11-23 21_08_28\In\ASUS" />
                        <Entry name="$TestDeploymentDir" value="C:\Documents and Settings\ASUS X82Q SERIES\My Documents\Visual Studio 2008\Projects\TestProject\TestResults\ASUS X82Q SERIES_ASUS 2010-11-23 21_08_28\Out" />
                        <Entry name="$AgentId" value="1" />
                        <Entry name="$AgentLoadDistributor" value="Microsoft.VisualStudio.TestTools.Execution.AgentLoadDistributor" />
                        <Entry name="$TestDir" value="C:\Documents and Settings\ASUS X82Q SERIES\My Documents\Visual Studio 2008\Projects\TestProject\TestResults\ASUS X82Q SERIES_ASUS 2010-11-23 21_08_28" />
                        <Entry name="$AgentWeighting" value="100" />
                        <Entry name="$WebTestIteration" value="1" />
                        <Entry name="$WebTestUserId" value="1" />
                      </Context>
                    </WebRequestResult>
                    <WebRequestResult exceptionMessage="" run="0" submitted="true" cached="false" isRedirectFollow="false" requestBodyBytesHandle="-2" responseBytesHandle="90">
                      <Request url="http://localhost/industry/includes/common/js/utility.js" command="GET /industry/includes/common/js/utility.js HTTP/1.1" encoding="utf-8">
                        <Headers>Referer : http://localhost/industry/index.php?mod=register
User-Agent : Mozilla/4.0 (compatible; MSIE 7.0; Windows NT 5.1)
Accept : */*
Accept-Language : en-us
Accept-Encoding : GZIP
Host : localhost
Cookie : PHPSESSID=5a0b064b9e2796918842c00f72e52f69; mylang=vietnam
</Headers>
                      </Request>
                      <Response url="http://localhost/industry/includes/common/js/utility.js" contentType="application/x-javascript" statusLine="HTTP/1.1 200 OK" pageTime="NaN" time="0.1" statusCodeString="200 OK" contentLength="81309">
                        <Headers>Accept-Ranges : bytes
Content-Length : 81309
Content-Type : application/x-javascript
Date : Tue, 23 Nov 2010 14:08:38 GMT
ETag : "63ee10c0-13d9d-1eae3d00"
Last-Modified : Wed, 28 Jul 2010 03:21:56 GMT
Server : Apache/2.2.4 (Win32) PHP/5.2.1
</Headers>
                      </Response>
                      <Context>
                        <Entry name="$TotalAgents" value="1" />
                        <Entry name="$ControllerName" value="ASUS" />
                        <Entry name="$AgentName" value="ASUS" />
                        <Entry name="$TestLogsDir" value="C:\Documents and Settings\ASUS X82Q SERIES\My Documents\Visual Studio 2008\Projects\TestProject\TestResults\ASUS X82Q SERIES_ASUS 2010-11-23 21_08_28\In\ASUS" />
                        <Entry name="$TestDeploymentDir" value="C:\Documents and Settings\ASUS X82Q SERIES\My Documents\Visual Studio 2008\Projects\TestProject\TestResults\ASUS X82Q SERIES_ASUS 2010-11-23 21_08_28\Out" />
                        <Entry name="$AgentId" value="1" />
                        <Entry name="$AgentLoadDistributor" value="Microsoft.VisualStudio.TestTools.Execution.AgentLoadDistributor" />
                        <Entry name="$TestDir" value="C:\Documents and Settings\ASUS X82Q SERIES\My Documents\Visual Studio 2008\Projects\TestProject\TestResults\ASUS X82Q SERIES_ASUS 2010-11-23 21_08_28" />
                        <Entry name="$AgentWeighting" value="100" />
                        <Entry name="$WebTestIteration" value="1" />
                        <Entry name="$WebTestUserId" value="1" />
                      </Context>
                    </WebRequestResult>
                    <WebRequestResult exceptionMessage="" run="0" submitted="true" cached="false" isRedirectFollow="false" requestBodyBytesHandle="-2" responseBytesHandle="91">
                      <Request url="http://localhost/industry/includes/tng/scripts/FormValidation.js" command="GET /industry/includes/tng/scripts/FormValidation.js HTTP/1.1" encoding="utf-8">
                        <Headers>Referer : http://localhost/industry/index.php?mod=register
User-Agent : Mozilla/4.0 (compatible; MSIE 7.0; Windows NT 5.1)
Accept : */*
Accept-Language : en-us
Accept-Encoding : GZIP
Host : localhost
Cookie : PHPSESSID=5a0b064b9e2796918842c00f72e52f69; mylang=vietnam
</Headers>
                      </Request>
                      <Response url="http://localhost/industry/includes/tng/scripts/FormValidation.js" contentType="application/x-javascript" statusLine="HTTP/1.1 200 OK" pageTime="NaN" time="0.06" statusCodeString="200 OK" contentLength="33411">
                        <Headers>X-Pad : avoid browser bug
Accept-Ranges : bytes
Content-Length : 33411
Content-Type : application/x-javascript
Date : Tue, 23 Nov 2010 14:08:38 GMT
ETag : "62a6d080-8283-cc37d900"
Last-Modified : Tue, 27 Jul 2010 09:05:08 GMT
Server : Apache/2.2.4 (Win32) PHP/5.2.1
</Headers>
                      </Response>
                      <Context>
                        <Entry name="$TotalAgents" value="1" />
                        <Entry name="$ControllerName" value="ASUS" />
                        <Entry name="$AgentName" value="ASUS" />
                        <Entry name="$TestLogsDir" value="C:\Documents and Settings\ASUS X82Q SERIES\My Documents\Visual Studio 2008\Projects\TestProject\TestResults\ASUS X82Q SERIES_ASUS 2010-11-23 21_08_28\In\ASUS" />
                        <Entry name="$TestDeploymentDir" value="C:\Documents and Settings\ASUS X82Q SERIES\My Documents\Visual Studio 2008\Projects\TestProject\TestResults\ASUS X82Q SERIES_ASUS 2010-11-23 21_08_28\Out" />
                        <Entry name="$AgentId" value="1" />
                        <Entry name="$AgentLoadDistributor" value="Microsoft.VisualStudio.TestTools.Execution.AgentLoadDistributor" />
                        <Entry name="$TestDir" value="C:\Documents and Settings\ASUS X82Q SERIES\My Documents\Visual Studio 2008\Projects\TestProject\TestResults\ASUS X82Q SERIES_ASUS 2010-11-23 21_08_28" />
                        <Entry name="$AgentWeighting" value="100" />
                        <Entry name="$WebTestIteration" value="1" />
                        <Entry name="$WebTestUserId" value="1" />
                      </Context>
                    </WebRequestResult>
                    <WebRequestResult exceptionMessage="" run="0" submitted="true" cached="false" isRedirectFollow="false" requestBodyBytesHandle="-2" responseBytesHandle="92">
                      <Request url="http://localhost/industry/includes/common/_temp/.captcha/bd24539d.png" command="GET /industry/includes/common/_temp/.captcha/bd24539d.png HTTP/1.1" encoding="utf-8">
                        <Headers>Referer : http://localhost/industry/index.php?mod=register
User-Agent : Mozilla/4.0 (compatible; MSIE 7.0; Windows NT 5.1)
Accept : */*
Accept-Language : en-us
Accept-Encoding : GZIP
Host : localhost
Cookie : PHPSESSID=5a0b064b9e2796918842c00f72e52f69; mylang=vietnam
</Headers>
                      </Request>
                      <Response url="http://localhost/industry/includes/common/_temp/.captcha/bd24539d.png" contentType="image/png" statusLine="HTTP/1.1 200 OK" pageTime="NaN" time="0.094" statusCodeString="200 OK" contentLength="3798">
                        <Headers>Accept-Ranges : bytes
Content-Length : 3798
Content-Type : image/png
Date : Tue, 23 Nov 2010 14:08:38 GMT
ETag : W/"63a55540-ed6-e8bc0580"
Last-Modified : Tue, 23 Nov 2010 14:08:38 GMT
Server : Apache/2.2.4 (Win32) PHP/5.2.1
</Headers>
                      </Response>
                      <Context>
                        <Entry name="$TotalAgents" value="1" />
                        <Entry name="$ControllerName" value="ASUS" />
                        <Entry name="$AgentName" value="ASUS" />
                        <Entry name="$TestLogsDir" value="C:\Documents and Settings\ASUS X82Q SERIES\My Documents\Visual Studio 2008\Projects\TestProject\TestResults\ASUS X82Q SERIES_ASUS 2010-11-23 21_08_28\In\ASUS" />
                        <Entry name="$TestDeploymentDir" value="C:\Documents and Settings\ASUS X82Q SERIES\My Documents\Visual Studio 2008\Projects\TestProject\TestResults\ASUS X82Q SERIES_ASUS 2010-11-23 21_08_28\Out" />
                        <Entry name="$AgentId" value="1" />
                        <Entry name="$AgentLoadDistributor" value="Microsoft.VisualStudio.TestTools.Execution.AgentLoadDistributor" />
                        <Entry name="$TestDir" value="C:\Documents and Settings\ASUS X82Q SERIES\My Documents\Visual Studio 2008\Projects\TestProject\TestResults\ASUS X82Q SERIES_ASUS 2010-11-23 21_08_28" />
                        <Entry name="$AgentWeighting" value="100" />
                        <Entry name="$WebTestIteration" value="1" />
                        <Entry name="$WebTestUserId" value="1" />
                      </Context>
                    </WebRequestResult>
                    <WebRequestResult exceptionMessage="" run="0" submitted="true" cached="false" isRedirectFollow="false" requestBodyBytesHandle="-2" responseBytesHandle="93">
                      <Request url="http://localhost/industry/includes/tng/scripts/FormValidation.js.php" command="GET /industry/includes/tng/scripts/FormValidation.js.php HTTP/1.1" encoding="utf-8">
                        <Headers>Referer : http://localhost/industry/index.php?mod=register
User-Agent : Mozilla/4.0 (compatible; MSIE 7.0; Windows NT 5.1)
Accept : */*
Accept-Language : en-us
Accept-Encoding : GZIP
Host : localhost
Cookie : PHPSESSID=5a0b064b9e2796918842c00f72e52f69; mylang=vietnam
</Headers>
                      </Request>
                      <Response url="http://localhost/industry/includes/tng/scripts/FormValidation.js.php" contentType="application/JavaScript" statusLine="HTTP/1.1 200 OK" pageTime="NaN" time="0.125" statusCodeString="200 OK" contentLength="2783">
                        <Headers>Pragma : cache
Content-Length : 2783
Cache-Control : max-age=86400
Content-Type : application/JavaScript
Date : Tue, 23 Nov 2010 14:08:38 GMT
Expires : Wed, 24 Nov 2010 14:08:38 GMT
Last-Modified : Mon, 22 Nov 2010 14:08:38 GMT
Server : Apache/2.2.4 (Win32) PHP/5.2.1
X-Powered-By : PHP/5.2.1
</Headers>
                      </Response>
                      <Context>
                        <Entry name="$TotalAgents" value="1" />
                        <Entry name="$ControllerName" value="ASUS" />
                        <Entry name="$AgentName" value="ASUS" />
                        <Entry name="$TestLogsDir" value="C:\Documents and Settings\ASUS X82Q SERIES\My Documents\Visual Studio 2008\Projects\TestProject\TestResults\ASUS X82Q SERIES_ASUS 2010-11-23 21_08_28\In\ASUS" />
                        <Entry name="$TestDeploymentDir" value="C:\Documents and Settings\ASUS X82Q SERIES\My Documents\Visual Studio 2008\Projects\TestProject\TestResults\ASUS X82Q SERIES_ASUS 2010-11-23 21_08_28\Out" />
                        <Entry name="$AgentId" value="1" />
                        <Entry name="$AgentLoadDistributor" value="Microsoft.VisualStudio.TestTools.Execution.AgentLoadDistributor" />
                        <Entry name="$TestDir" value="C:\Documents and Settings\ASUS X82Q SERIES\My Documents\Visual Studio 2008\Projects\TestProject\TestResults\ASUS X82Q SERIES_ASUS 2010-11-23 21_08_28" />
                        <Entry name="$AgentWeighting" value="100" />
                        <Entry name="$WebTestIteration" value="1" />
                        <Entry name="$WebTestUserId" value="1" />
                      </Context>
                    </WebRequestResult>
                  </DependantResults>
                  <ValidationRuleResults>
                    <ValidationRuleResult message="Passed" ruleType="Validation" name="Response URL" />
                  </ValidationRuleResults>
                </WebRequestResult>
              </WebTestResultPage>
              <WebTestResultPage>
                <WebRequestResult exceptionMessage="" run="0" submitted="true" cached="false" isRedirectFollow="false" requestBodyBytesHandle="-2" responseBytesHandle="94">
                  <Request url="http://localhost/industry/index.php?mod=qes" command="GET /industry/index.php?mod=qes HTTP/1.1" encoding="utf-8">
                    <Headers>User-Agent : Mozilla/4.0 (compatible; MSIE 7.0; Windows NT 5.1)
Accept : */*
Accept-Language : en-us
Accept-Encoding : GZIP
Host : localhost
Cookie : PHPSESSID=5a0b064b9e2796918842c00f72e52f69; mylang=vietnam
</Headers>
                  </Request>
                  <Response url="http://localhost/industry/index.php?mod=qes" contentType="text/html; charset=utf-8" statusLine="HTTP/1.1 200 OK" pageTime="0.301" time="0.098" statusCodeString="200 OK" contentLength="8658">
                    <Headers>Pragma : no-cache
Connection : close
Transfer-Encoding : chunked
Cache-Control : no-store, no-cache, must-revalidate, post-check=0, pre-check=0
Content-Type : text/html; charset:utf-8
Date : Tue, 23 Nov 2010 14:08:38 GMT
Expires : Thu, 19 Nov 1981 08:52:00 GMT
Set-Cookie : mylang=vietnam; expires=Tue, 30-Nov-2010 14:08:38 GMT; path=/
Server : Apache/2.2.4 (Win32) PHP/5.2.1
X-Powered-By : PHP/5.2.1
</Headers>
                  </Response>
                  <Context>
                    <Entry name="$TotalAgents" value="1" />
                    <Entry name="$ControllerName" value="ASUS" />
                    <Entry name="$AgentName" value="ASUS" />
                    <Entry name="$TestLogsDir" value="C:\Documents and Settings\ASUS X82Q SERIES\My Documents\Visual Studio 2008\Projects\TestProject\TestResults\ASUS X82Q SERIES_ASUS 2010-11-23 21_08_28\In\ASUS" />
                    <Entry name="$TestDeploymentDir" value="C:\Documents and Settings\ASUS X82Q SERIES\My Documents\Visual Studio 2008\Projects\TestProject\TestResults\ASUS X82Q SERIES_ASUS 2010-11-23 21_08_28\Out" />
                    <Entry name="$AgentId" value="1" />
                    <Entry name="$AgentLoadDistributor" value="Microsoft.VisualStudio.TestTools.Execution.AgentLoadDistributor" />
                    <Entry name="$TestDir" value="C:\Documents and Settings\ASUS X82Q SERIES\My Documents\Visual Studio 2008\Projects\TestProject\TestResults\ASUS X82Q SERIES_ASUS 2010-11-23 21_08_28" />
                    <Entry name="$AgentWeighting" value="100" />
                    <Entry name="$WebTestIteration" value="1" />
                    <Entry name="$WebTestUserId" value="1" />
                  </Context>
                  <DependantResults>
                    <WebRequestResult exceptionMessage="" run="0" submitted="true" cached="false" isRedirectFollow="false" requestBodyBytesHandle="-2" responseBytesHandle="1">
                      <Request url="http://localhost/industry/library/CSS/style.css" command="GET /industry/library/CSS/style.css HTTP/1.1" encoding="utf-8">
                        <Headers>Referer : http://localhost/industry/index.php?mod=qes
User-Agent : Mozilla/4.0 (compatible; MSIE 7.0; Windows NT 5.1)
Accept : */*
Accept-Language : en-us
Accept-Encoding : GZIP
Host : localhost
Cookie : PHPSESSID=5a0b064b9e2796918842c00f72e52f69; mylang=vietnam
</Headers>
                      </Request>
                      <Response url="http://localhost/industry/library/CSS/style.css" contentType="text/css" statusLine="HTTP/1.1 200 OK" pageTime="NaN" time="0.018" statusCodeString="200 OK" contentLength="9991">
                        <Headers>Accept-Ranges : bytes
Content-Length : 9991
Content-Type : text/css
Date : Tue, 23 Nov 2010 14:08:38 GMT
ETag : "64155240-2707-e0400a80"
Last-Modified : Fri, 24 Sep 2010 18:52:10 GMT
Server : Apache/2.2.4 (Win32) PHP/5.2.1
</Headers>
                      </Response>
                      <Context>
                        <Entry name="$TotalAgents" value="1" />
                        <Entry name="$ControllerName" value="ASUS" />
                        <Entry name="$AgentName" value="ASUS" />
                        <Entry name="$TestLogsDir" value="C:\Documents and Settings\ASUS X82Q SERIES\My Documents\Visual Studio 2008\Projects\TestProject\TestResults\ASUS X82Q SERIES_ASUS 2010-11-23 21_08_28\In\ASUS" />
                        <Entry name="$TestDeploymentDir" value="C:\Documents and Settings\ASUS X82Q SERIES\My Documents\Visual Studio 2008\Projects\TestProject\TestResults\ASUS X82Q SERIES_ASUS 2010-11-23 21_08_28\Out" />
                        <Entry name="$AgentId" value="1" />
                        <Entry name="$AgentLoadDistributor" value="Microsoft.VisualStudio.TestTools.Execution.AgentLoadDistributor" />
                        <Entry name="$TestDir" value="C:\Documents and Settings\ASUS X82Q SERIES\My Documents\Visual Studio 2008\Projects\TestProject\TestResults\ASUS X82Q SERIES_ASUS 2010-11-23 21_08_28" />
                        <Entry name="$AgentWeighting" value="100" />
                        <Entry name="$WebTestIteration" value="1" />
                        <Entry name="$WebTestUserId" value="1" />
                      </Context>
                    </WebRequestResult>
                    <WebRequestResult exceptionMessage="" run="0" submitted="true" cached="false" isRedirectFollow="false" requestBodyBytesHandle="-2" responseBytesHandle="2">
                      <Request url="http://localhost/industry/library/CSS/style_menu.css" command="GET /industry/library/CSS/style_menu.css HTTP/1.1" encoding="utf-8">
                        <Headers>Referer : http://localhost/industry/index.php?mod=qes
User-Agent : Mozilla/4.0 (compatible; MSIE 7.0; Windows NT 5.1)
Accept : */*
Accept-Language : en-us
Accept-Encoding : GZIP
Host : localhost
Cookie : PHPSESSID=5a0b064b9e2796918842c00f72e52f69; mylang=vietnam
</Headers>
                      </Request>
                      <Response url="http://localhost/industry/library/CSS/style_menu.css" contentType="text/css" statusLine="HTTP/1.1 200 OK" pageTime="NaN" time="0.024" statusCodeString="200 OK" contentLength="1103">
                        <Headers>Accept-Ranges : bytes
Content-Length : 1103
Content-Type : text/css
Date : Tue, 23 Nov 2010 14:08:38 GMT
ETag : "641553c0-44f-9c443c00"
Last-Modified : Fri, 27 Aug 2010 12:54:08 GMT
Server : Apache/2.2.4 (Win32) PHP/5.2.1
</Headers>
                      </Response>
                      <Context>
                        <Entry name="$TotalAgents" value="1" />
                        <Entry name="$ControllerName" value="ASUS" />
                        <Entry name="$AgentName" value="ASUS" />
                        <Entry name="$TestLogsDir" value="C:\Documents and Settings\ASUS X82Q SERIES\My Documents\Visual Studio 2008\Projects\TestProject\TestResults\ASUS X82Q SERIES_ASUS 2010-11-23 21_08_28\In\ASUS" />
                        <Entry name="$TestDeploymentDir" value="C:\Documents and Settings\ASUS X82Q SERIES\My Documents\Visual Studio 2008\Projects\TestProject\TestResults\ASUS X82Q SERIES_ASUS 2010-11-23 21_08_28\Out" />
                        <Entry name="$AgentId" value="1" />
                        <Entry name="$AgentLoadDistributor" value="Microsoft.VisualStudio.TestTools.Execution.AgentLoadDistributor" />
                        <Entry name="$TestDir" value="C:\Documents and Settings\ASUS X82Q SERIES\My Documents\Visual Studio 2008\Projects\TestProject\TestResults\ASUS X82Q SERIES_ASUS 2010-11-23 21_08_28" />
                        <Entry name="$AgentWeighting" value="100" />
                        <Entry name="$WebTestIteration" value="1" />
                        <Entry name="$WebTestUserId" value="1" />
                      </Context>
                    </WebRequestResult>
                    <WebRequestResult exceptionMessage="" run="0" submitted="true" cached="false" isRedirectFollow="false" requestBodyBytesHandle="-2" responseBytesHandle="3">
                      <Request url="http://localhost/industry/library/CSS/style_menu_stand.css" command="GET /industry/library/CSS/style_menu_stand.css HTTP/1.1" encoding="utf-8">
                        <Headers>Referer : http://localhost/industry/index.php?mod=qes
User-Agent : Mozilla/4.0 (compatible; MSIE 7.0; Windows NT 5.1)
Accept : */*
Accept-Language : en-us
Accept-Encoding : GZIP
Host : localhost
Cookie : PHPSESSID=5a0b064b9e2796918842c00f72e52f69; mylang=vietnam
</Headers>
                      </Request>
                      <Response url="http://localhost/industry/library/CSS/style_menu_stand.css" contentType="text/css" statusLine="HTTP/1.1 200 OK" pageTime="NaN" time="0.007" statusCodeString="200 OK" contentLength="3617">
                        <Headers>Accept-Ranges : bytes
Content-Length : 3617
Content-Type : text/css
Date : Tue, 23 Nov 2010 14:08:38 GMT
ETag : "64155480-e21-2d19c900"
Last-Modified : Wed, 08 Sep 2010 14:17:40 GMT
Server : Apache/2.2.4 (Win32) PHP/5.2.1
</Headers>
                      </Response>
                      <Context>
                        <Entry name="$TotalAgents" value="1" />
                        <Entry name="$ControllerName" value="ASUS" />
                        <Entry name="$AgentName" value="ASUS" />
                        <Entry name="$TestLogsDir" value="C:\Documents and Settings\ASUS X82Q SERIES\My Documents\Visual Studio 2008\Projects\TestProject\TestResults\ASUS X82Q SERIES_ASUS 2010-11-23 21_08_28\In\ASUS" />
                        <Entry name="$TestDeploymentDir" value="C:\Documents and Settings\ASUS X82Q SERIES\My Documents\Visual Studio 2008\Projects\TestProject\TestResults\ASUS X82Q SERIES_ASUS 2010-11-23 21_08_28\Out" />
                        <Entry name="$AgentId" value="1" />
                        <Entry name="$AgentLoadDistributor" value="Microsoft.VisualStudio.TestTools.Execution.AgentLoadDistributor" />
                        <Entry name="$TestDir" value="C:\Documents and Settings\ASUS X82Q SERIES\My Documents\Visual Studio 2008\Projects\TestProject\TestResults\ASUS X82Q SERIES_ASUS 2010-11-23 21_08_28" />
                        <Entry name="$AgentWeighting" value="100" />
                        <Entry name="$WebTestIteration" value="1" />
                        <Entry name="$WebTestUserId" value="1" />
                      </Context>
                    </WebRequestResult>
                    <WebRequestResult exceptionMessage="" run="0" submitted="true" cached="false" isRedirectFollow="false" requestBodyBytesHandle="-2" responseBytesHandle="4">
                      <Request url="http://localhost/industry/library/CSS/style_contac.css" command="GET /industry/library/CSS/style_contac.css HTTP/1.1" encoding="utf-8">
                        <Headers>Referer : http://localhost/industry/index.php?mod=qes
User-Agent : Mozilla/4.0 (compatible; MSIE 7.0; Windows NT 5.1)
Accept : */*
Accept-Language : en-us
Accept-Encoding : GZIP
Host : localhost
Cookie : PHPSESSID=5a0b064b9e2796918842c00f72e52f69; mylang=vietnam
</Headers>
                      </Request>
                      <Response url="http://localhost/industry/library/CSS/style_contac.css" contentType="text/css" statusLine="HTTP/1.1 200 OK" pageTime="NaN" time="0.025" statusCodeString="200 OK" contentLength="2894">
                        <Headers>Accept-Ranges : bytes
Content-Length : 2894
Content-Type : text/css
Date : Tue, 23 Nov 2010 14:08:38 GMT
ETag : "64155300-b4e-b11efc00"
Last-Modified : Sun, 19 Sep 2010 03:50:08 GMT
Server : Apache/2.2.4 (Win32) PHP/5.2.1
</Headers>
                      </Response>
                      <Context>
                        <Entry name="$TotalAgents" value="1" />
                        <Entry name="$ControllerName" value="ASUS" />
                        <Entry name="$AgentName" value="ASUS" />
                        <Entry name="$TestLogsDir" value="C:\Documents and Settings\ASUS X82Q SERIES\My Documents\Visual Studio 2008\Projects\TestProject\TestResults\ASUS X82Q SERIES_ASUS 2010-11-23 21_08_28\In\ASUS" />
                        <Entry name="$TestDeploymentDir" value="C:\Documents and Settings\ASUS X82Q SERIES\My Documents\Visual Studio 2008\Projects\TestProject\TestResults\ASUS X82Q SERIES_ASUS 2010-11-23 21_08_28\Out" />
                        <Entry name="$AgentId" value="1" />
                        <Entry name="$AgentLoadDistributor" value="Microsoft.VisualStudio.TestTools.Execution.AgentLoadDistributor" />
                        <Entry name="$TestDir" value="C:\Documents and Settings\ASUS X82Q SERIES\My Documents\Visual Studio 2008\Projects\TestProject\TestResults\ASUS X82Q SERIES_ASUS 2010-11-23 21_08_28" />
                        <Entry name="$AgentWeighting" value="100" />
                        <Entry name="$WebTestIteration" value="1" />
                        <Entry name="$WebTestUserId" value="1" />
                      </Context>
                    </WebRequestResult>
                    <WebRequestResult exceptionMessage="" run="0" submitted="true" cached="false" isRedirectFollow="false" requestBodyBytesHandle="-2" responseBytesHandle="6">
                      <Request url="http://localhost/industry/SpryAssets/SpryTabbedPanels.css" command="GET /industry/SpryAssets/SpryTabbedPanels.css HTTP/1.1" encoding="utf-8">
                        <Headers>Referer : http://localhost/industry/index.php?mod=qes
User-Agent : Mozilla/4.0 (compatible; MSIE 7.0; Windows NT 5.1)
Accept : */*
Accept-Language : en-us
Accept-Encoding : GZIP
Host : localhost
Cookie : PHPSESSID=5a0b064b9e2796918842c00f72e52f69; mylang=vietnam
</Headers>
                      </Request>
                      <Response url="http://localhost/industry/SpryAssets/SpryTabbedPanels.css" contentType="text/css" statusLine="HTTP/1.1 200 OK" pageTime="NaN" time="0.017" statusCodeString="200 OK" contentLength="8136">
                        <Headers>Accept-Ranges : bytes
Content-Length : 8136
Content-Type : text/css
Date : Tue, 23 Nov 2010 14:08:38 GMT
ETag : "4e599080-1fc8-9b0fe900"
Last-Modified : Thu, 02 Sep 2010 07:17:24 GMT
Server : Apache/2.2.4 (Win32) PHP/5.2.1
</Headers>
                      </Response>
                      <Context>
                        <Entry name="$TotalAgents" value="1" />
                        <Entry name="$ControllerName" value="ASUS" />
                        <Entry name="$AgentName" value="ASUS" />
                        <Entry name="$TestLogsDir" value="C:\Documents and Settings\ASUS X82Q SERIES\My Documents\Visual Studio 2008\Projects\TestProject\TestResults\ASUS X82Q SERIES_ASUS 2010-11-23 21_08_28\In\ASUS" />
                        <Entry name="$TestDeploymentDir" value="C:\Documents and Settings\ASUS X82Q SERIES\My Documents\Visual Studio 2008\Projects\TestProject\TestResults\ASUS X82Q SERIES_ASUS 2010-11-23 21_08_28\Out" />
                        <Entry name="$AgentId" value="1" />
                        <Entry name="$AgentLoadDistributor" value="Microsoft.VisualStudio.TestTools.Execution.AgentLoadDistributor" />
                        <Entry name="$TestDir" value="C:\Documents and Settings\ASUS X82Q SERIES\My Documents\Visual Studio 2008\Projects\TestProject\TestResults\ASUS X82Q SERIES_ASUS 2010-11-23 21_08_28" />
                        <Entry name="$AgentWeighting" value="100" />
                        <Entry name="$WebTestIteration" value="1" />
                        <Entry name="$WebTestUserId" value="1" />
                      </Context>
                    </WebRequestResult>
                    <WebRequestResult exceptionMessage="" run="0" submitted="true" cached="false" isRedirectFollow="false" requestBodyBytesHandle="-2" responseBytesHandle="5">
                      <Request url="http://localhost/industry/library/css/dddropdownpanel.css" command="GET /industry/library/css/dddropdownpanel.css HTTP/1.1" encoding="utf-8">
                        <Headers>Referer : http://localhost/industry/index.php?mod=qes
User-Agent : Mozilla/4.0 (compatible; MSIE 7.0; Windows NT 5.1)
Accept : */*
Accept-Language : en-us
Accept-Encoding : GZIP
Host : localhost
Cookie : PHPSESSID=5a0b064b9e2796918842c00f72e52f69; mylang=vietnam
</Headers>
                      </Request>
                      <Response url="http://localhost/industry/library/css/dddropdownpanel.css" contentType="text/css" statusLine="HTTP/1.1 200 OK" pageTime="NaN" time="0.013" statusCodeString="200 OK" contentLength="1348">
                        <Headers>Accept-Ranges : bytes
Content-Length : 1348
Content-Type : text/css
Date : Tue, 23 Nov 2010 14:08:38 GMT
ETag : "64155140-544-6b422680"
Last-Modified : Tue, 31 Aug 2010 18:04:58 GMT
Server : Apache/2.2.4 (Win32) PHP/5.2.1
</Headers>
                      </Response>
                      <Context>
                        <Entry name="$TotalAgents" value="1" />
                        <Entry name="$ControllerName" value="ASUS" />
                        <Entry name="$AgentName" value="ASUS" />
                        <Entry name="$TestLogsDir" value="C:\Documents and Settings\ASUS X82Q SERIES\My Documents\Visual Studio 2008\Projects\TestProject\TestResults\ASUS X82Q SERIES_ASUS 2010-11-23 21_08_28\In\ASUS" />
                        <Entry name="$TestDeploymentDir" value="C:\Documents and Settings\ASUS X82Q SERIES\My Documents\Visual Studio 2008\Projects\TestProject\TestResults\ASUS X82Q SERIES_ASUS 2010-11-23 21_08_28\Out" />
                        <Entry name="$AgentId" value="1" />
                        <Entry name="$AgentLoadDistributor" value="Microsoft.VisualStudio.TestTools.Execution.AgentLoadDistributor" />
                        <Entry name="$TestDir" value="C:\Documents and Settings\ASUS X82Q SERIES\My Documents\Visual Studio 2008\Projects\TestProject\TestResults\ASUS X82Q SERIES_ASUS 2010-11-23 21_08_28" />
                        <Entry name="$AgentWeighting" value="100" />
                        <Entry name="$WebTestIteration" value="1" />
                        <Entry name="$WebTestUserId" value="1" />
                      </Context>
                    </WebRequestResult>
                    <WebRequestResult exceptionMessage="" run="0" submitted="true" cached="false" isRedirectFollow="false" requestBodyBytesHandle="-2" responseBytesHandle="7">
                      <Request url="http://localhost/industry/library/js/dddropdownpanel.js" command="GET /industry/library/js/dddropdownpanel.js HTTP/1.1" encoding="utf-8">
                        <Headers>Referer : http://localhost/industry/index.php?mod=qes
User-Agent : Mozilla/4.0 (compatible; MSIE 7.0; Windows NT 5.1)
Accept : */*
Accept-Language : en-us
Accept-Encoding : GZIP
Host : localhost
Cookie : PHPSESSID=5a0b064b9e2796918842c00f72e52f69; mylang=vietnam
</Headers>
                      </Request>
                      <Response url="http://localhost/industry/library/js/dddropdownpanel.js" contentType="application/x-javascript" statusLine="HTTP/1.1 200 OK" pageTime="NaN" time="0.037" statusCodeString="200 OK" contentLength="7251">
                        <Headers>X-Pad : avoid browser bug
Accept-Ranges : bytes
Content-Length : 7251
Content-Type : application/x-javascript
Date : Tue, 23 Nov 2010 14:08:38 GMT
ETag : "640c10e0-1c53-5a3f7180"
Last-Modified : Sat, 18 Sep 2010 09:32:06 GMT
Server : Apache/2.2.4 (Win32) PHP/5.2.1
</Headers>
                      </Response>
                      <Context>
                        <Entry name="$TotalAgents" value="1" />
                        <Entry name="$ControllerName" value="ASUS" />
                        <Entry name="$AgentName" value="ASUS" />
                        <Entry name="$TestLogsDir" value="C:\Documents and Settings\ASUS X82Q SERIES\My Documents\Visual Studio 2008\Projects\TestProject\TestResults\ASUS X82Q SERIES_ASUS 2010-11-23 21_08_28\In\ASUS" />
                        <Entry name="$TestDeploymentDir" value="C:\Documents and Settings\ASUS X82Q SERIES\My Documents\Visual Studio 2008\Projects\TestProject\TestResults\ASUS X82Q SERIES_ASUS 2010-11-23 21_08_28\Out" />
                        <Entry name="$AgentId" value="1" />
                        <Entry name="$AgentLoadDistributor" value="Microsoft.VisualStudio.TestTools.Execution.AgentLoadDistributor" />
                        <Entry name="$TestDir" value="C:\Documents and Settings\ASUS X82Q SERIES\My Documents\Visual Studio 2008\Projects\TestProject\TestResults\ASUS X82Q SERIES_ASUS 2010-11-23 21_08_28" />
                        <Entry name="$AgentWeighting" value="100" />
                        <Entry name="$WebTestIteration" value="1" />
                        <Entry name="$WebTestUserId" value="1" />
                      </Context>
                    </WebRequestResult>
                    <WebRequestResult exceptionMessage="" run="0" submitted="true" cached="false" isRedirectFollow="false" requestBodyBytesHandle="-2" responseBytesHandle="8">
                      <Request url="http://localhost/industry/library/js/script.js" command="GET /industry/library/js/script.js HTTP/1.1" encoding="utf-8">
                        <Headers>Referer : http://localhost/industry/index.php?mod=qes
User-Agent : Mozilla/4.0 (compatible; MSIE 7.0; Windows NT 5.1)
Accept : */*
Accept-Language : en-us
Accept-Encoding : GZIP
Host : localhost
Cookie : PHPSESSID=5a0b064b9e2796918842c00f72e52f69; mylang=vietnam
</Headers>
                      </Request>
                      <Response url="http://localhost/industry/library/js/script.js" contentType="application/x-javascript" statusLine="HTTP/1.1 200 OK" pageTime="NaN" time="0.032" statusCodeString="200 OK" contentLength="403">
                        <Headers>Accept-Ranges : bytes
Content-Length : 403
Content-Type : application/x-javascript
Date : Tue, 23 Nov 2010 14:08:38 GMT
ETag : "640c1340-193-56ac8480"
Last-Modified : Tue, 27 Jul 2010 06:09:06 GMT
Server : Apache/2.2.4 (Win32) PHP/5.2.1
</Headers>
                      </Response>
                      <Context>
                        <Entry name="$TotalAgents" value="1" />
                        <Entry name="$ControllerName" value="ASUS" />
                        <Entry name="$AgentName" value="ASUS" />
                        <Entry name="$TestLogsDir" value="C:\Documents and Settings\ASUS X82Q SERIES\My Documents\Visual Studio 2008\Projects\TestProject\TestResults\ASUS X82Q SERIES_ASUS 2010-11-23 21_08_28\In\ASUS" />
                        <Entry name="$TestDeploymentDir" value="C:\Documents and Settings\ASUS X82Q SERIES\My Documents\Visual Studio 2008\Projects\TestProject\TestResults\ASUS X82Q SERIES_ASUS 2010-11-23 21_08_28\Out" />
                        <Entry name="$AgentId" value="1" />
                        <Entry name="$AgentLoadDistributor" value="Microsoft.VisualStudio.TestTools.Execution.AgentLoadDistributor" />
                        <Entry name="$TestDir" value="C:\Documents and Settings\ASUS X82Q SERIES\My Documents\Visual Studio 2008\Projects\TestProject\TestResults\ASUS X82Q SERIES_ASUS 2010-11-23 21_08_28" />
                        <Entry name="$AgentWeighting" value="100" />
                        <Entry name="$WebTestIteration" value="1" />
                        <Entry name="$WebTestUserId" value="1" />
                      </Context>
                    </WebRequestResult>
                    <WebRequestResult exceptionMessage="" run="0" submitted="true" cached="false" isRedirectFollow="false" requestBodyBytesHandle="-2" responseBytesHandle="11">
                      <Request url="http://localhost/industry/library/js/jquery_menu.js" command="GET /industry/library/js/jquery_menu.js HTTP/1.1" encoding="utf-8">
                        <Headers>Referer : http://localhost/industry/index.php?mod=qes
User-Agent : Mozilla/4.0 (compatible; MSIE 7.0; Windows NT 5.1)
Accept : */*
Accept-Language : en-us
Accept-Encoding : GZIP
Host : localhost
Cookie : PHPSESSID=5a0b064b9e2796918842c00f72e52f69; mylang=vietnam
</Headers>
                      </Request>
                      <Response url="http://localhost/industry/library/js/jquery_menu.js" contentType="application/x-javascript" statusLine="HTTP/1.1 200 OK" pageTime="NaN" time="0.081" statusCodeString="200 OK" contentLength="57170">
                        <Headers>X-Pad : avoid browser bug
Accept-Ranges : bytes
Content-Length : 57170
Content-Type : application/x-javascript
Date : Tue, 23 Nov 2010 14:08:38 GMT
ETag : "640c1260-df52-984af280"
Last-Modified : Tue, 27 Jul 2010 02:52:42 GMT
Server : Apache/2.2.4 (Win32) PHP/5.2.1
</Headers>
                      </Response>
                      <Context>
                        <Entry name="$TotalAgents" value="1" />
                        <Entry name="$ControllerName" value="ASUS" />
                        <Entry name="$AgentName" value="ASUS" />
                        <Entry name="$TestLogsDir" value="C:\Documents and Settings\ASUS X82Q SERIES\My Documents\Visual Studio 2008\Projects\TestProject\TestResults\ASUS X82Q SERIES_ASUS 2010-11-23 21_08_28\In\ASUS" />
                        <Entry name="$TestDeploymentDir" value="C:\Documents and Settings\ASUS X82Q SERIES\My Documents\Visual Studio 2008\Projects\TestProject\TestResults\ASUS X82Q SERIES_ASUS 2010-11-23 21_08_28\Out" />
                        <Entry name="$AgentId" value="1" />
                        <Entry name="$AgentLoadDistributor" value="Microsoft.VisualStudio.TestTools.Execution.AgentLoadDistributor" />
                        <Entry name="$TestDir" value="C:\Documents and Settings\ASUS X82Q SERIES\My Documents\Visual Studio 2008\Projects\TestProject\TestResults\ASUS X82Q SERIES_ASUS 2010-11-23 21_08_28" />
                        <Entry name="$AgentWeighting" value="100" />
                        <Entry name="$WebTestIteration" value="1" />
                        <Entry name="$WebTestUserId" value="1" />
                      </Context>
                    </WebRequestResult>
                    <WebRequestResult exceptionMessage="" run="0" submitted="true" cached="false" isRedirectFollow="false" requestBodyBytesHandle="-2" responseBytesHandle="9">
                      <Request url="http://localhost/industry/library/js/jquery.dropdown.js" command="GET /industry/library/js/jquery.dropdown.js HTTP/1.1" encoding="utf-8">
                        <Headers>Referer : http://localhost/industry/index.php?mod=qes
User-Agent : Mozilla/4.0 (compatible; MSIE 7.0; Windows NT 5.1)
Accept : */*
Accept-Language : en-us
Accept-Encoding : GZIP
Host : localhost
Cookie : PHPSESSID=5a0b064b9e2796918842c00f72e52f69; mylang=vietnam
</Headers>
                      </Request>
                      <Response url="http://localhost/industry/library/js/jquery.dropdown.js" contentType="application/x-javascript" statusLine="HTTP/1.1 200 OK" pageTime="NaN" time="0.026" statusCodeString="200 OK" contentLength="387">
                        <Headers>Accept-Ranges : bytes
Content-Length : 387
Content-Type : application/x-javascript
Date : Tue, 23 Nov 2010 14:08:38 GMT
ETag : "640c11a0-183-835d2100"
Last-Modified : Mon, 08 Jun 2009 11:26:28 GMT
Server : Apache/2.2.4 (Win32) PHP/5.2.1
</Headers>
                      </Response>
                      <Context>
                        <Entry name="$TotalAgents" value="1" />
                        <Entry name="$ControllerName" value="ASUS" />
                        <Entry name="$AgentName" value="ASUS" />
                        <Entry name="$TestLogsDir" value="C:\Documents and Settings\ASUS X82Q SERIES\My Documents\Visual Studio 2008\Projects\TestProject\TestResults\ASUS X82Q SERIES_ASUS 2010-11-23 21_08_28\In\ASUS" />
                        <Entry name="$TestDeploymentDir" value="C:\Documents and Settings\ASUS X82Q SERIES\My Documents\Visual Studio 2008\Projects\TestProject\TestResults\ASUS X82Q SERIES_ASUS 2010-11-23 21_08_28\Out" />
                        <Entry name="$AgentId" value="1" />
                        <Entry name="$AgentLoadDistributor" value="Microsoft.VisualStudio.TestTools.Execution.AgentLoadDistributor" />
                        <Entry name="$TestDir" value="C:\Documents and Settings\ASUS X82Q SERIES\My Documents\Visual Studio 2008\Projects\TestProject\TestResults\ASUS X82Q SERIES_ASUS 2010-11-23 21_08_28" />
                        <Entry name="$AgentWeighting" value="100" />
                        <Entry name="$WebTestIteration" value="1" />
                        <Entry name="$WebTestUserId" value="1" />
                      </Context>
                    </WebRequestResult>
                    <WebRequestResult exceptionMessage="" run="0" submitted="true" cached="false" isRedirectFollow="false" requestBodyBytesHandle="-2" responseBytesHandle="10">
                      <Request url="http://localhost/industry/SpryAssets/SpryTabbedPanels.js" command="GET /industry/SpryAssets/SpryTabbedPanels.js HTTP/1.1" encoding="utf-8">
                        <Headers>Referer : http://localhost/industry/index.php?mod=qes
User-Agent : Mozilla/4.0 (compatible; MSIE 7.0; Windows NT 5.1)
Accept : */*
Accept-Language : en-us
Accept-Encoding : GZIP
Host : localhost
Cookie : PHPSESSID=5a0b064b9e2796918842c00f72e52f69; mylang=vietnam
</Headers>
                      </Request>
                      <Response url="http://localhost/industry/SpryAssets/SpryTabbedPanels.js" contentType="application/x-javascript" statusLine="HTTP/1.1 200 OK" pageTime="NaN" time="0.033" statusCodeString="200 OK" contentLength="10941">
                        <Headers>X-Pad : avoid browser bug
Accept-Ranges : bytes
Content-Length : 10941
Content-Type : application/x-javascript
Date : Tue, 23 Nov 2010 14:08:38 GMT
ETag : "4e5990e0-2abd-57842300"
Last-Modified : Tue, 27 Jul 2010 10:55:40 GMT
Server : Apache/2.2.4 (Win32) PHP/5.2.1
</Headers>
                      </Response>
                      <Context>
                        <Entry name="$TotalAgents" value="1" />
                        <Entry name="$ControllerName" value="ASUS" />
                        <Entry name="$AgentName" value="ASUS" />
                        <Entry name="$TestLogsDir" value="C:\Documents and Settings\ASUS X82Q SERIES\My Documents\Visual Studio 2008\Projects\TestProject\TestResults\ASUS X82Q SERIES_ASUS 2010-11-23 21_08_28\In\ASUS" />
                        <Entry name="$TestDeploymentDir" value="C:\Documents and Settings\ASUS X82Q SERIES\My Documents\Visual Studio 2008\Projects\TestProject\TestResults\ASUS X82Q SERIES_ASUS 2010-11-23 21_08_28\Out" />
                        <Entry name="$AgentId" value="1" />
                        <Entry name="$AgentLoadDistributor" value="Microsoft.VisualStudio.TestTools.Execution.AgentLoadDistributor" />
                        <Entry name="$TestDir" value="C:\Documents and Settings\ASUS X82Q SERIES\My Documents\Visual Studio 2008\Projects\TestProject\TestResults\ASUS X82Q SERIES_ASUS 2010-11-23 21_08_28" />
                        <Entry name="$AgentWeighting" value="100" />
                        <Entry name="$WebTestIteration" value="1" />
                        <Entry name="$WebTestUserId" value="1" />
                      </Context>
                    </WebRequestResult>
                    <WebRequestResult exceptionMessage="" run="0" submitted="true" cached="false" isRedirectFollow="false" requestBodyBytesHandle="-2" responseBytesHandle="15">
                      <Request url="http://localhost/industry/interface/search.jpg" command="GET /industry/interface/search.jpg HTTP/1.1" encoding="utf-8">
                        <Headers>Referer : http://localhost/industry/index.php?mod=qes
User-Agent : Mozilla/4.0 (compatible; MSIE 7.0; Windows NT 5.1)
Accept : */*
Accept-Language : en-us
Accept-Encoding : GZIP
Host : localhost
Cookie : PHPSESSID=5a0b064b9e2796918842c00f72e52f69; mylang=vietnam
</Headers>
                      </Request>
                      <Response url="http://localhost/industry/interface/search.jpg" contentType="image/jpeg" statusLine="HTTP/1.1 200 OK" pageTime="NaN" time="0.009" statusCodeString="200 OK" contentLength="1525">
                        <Headers>Accept-Ranges : bytes
Content-Length : 1525
Content-Type : image/jpeg
Date : Tue, 23 Nov 2010 14:08:38 GMT
ETag : "63f09960-5f5-160fc780"
Last-Modified : Sun, 25 Jul 2010 16:51:58 GMT
Server : Apache/2.2.4 (Win32) PHP/5.2.1
</Headers>
                      </Response>
                      <Context>
                        <Entry name="$TotalAgents" value="1" />
                        <Entry name="$ControllerName" value="ASUS" />
                        <Entry name="$AgentName" value="ASUS" />
                        <Entry name="$TestLogsDir" value="C:\Documents and Settings\ASUS X82Q SERIES\My Documents\Visual Studio 2008\Projects\TestProject\TestResults\ASUS X82Q SERIES_ASUS 2010-11-23 21_08_28\In\ASUS" />
                        <Entry name="$TestDeploymentDir" value="C:\Documents and Settings\ASUS X82Q SERIES\My Documents\Visual Studio 2008\Projects\TestProject\TestResults\ASUS X82Q SERIES_ASUS 2010-11-23 21_08_28\Out" />
                        <Entry name="$AgentId" value="1" />
                        <Entry name="$AgentLoadDistributor" value="Microsoft.VisualStudio.TestTools.Execution.AgentLoadDistributor" />
                        <Entry name="$TestDir" value="C:\Documents and Settings\ASUS X82Q SERIES\My Documents\Visual Studio 2008\Projects\TestProject\TestResults\ASUS X82Q SERIES_ASUS 2010-11-23 21_08_28" />
                        <Entry name="$AgentWeighting" value="100" />
                        <Entry name="$WebTestIteration" value="1" />
                        <Entry name="$WebTestUserId" value="1" />
                      </Context>
                    </WebRequestResult>
                    <WebRequestResult exceptionMessage="" run="0" submitted="true" cached="false" isRedirectFollow="false" requestBodyBytesHandle="-2" responseBytesHandle="12">
                      <Request url="http://localhost/industry/library/js/rainbow.js" command="GET /industry/library/js/rainbow.js HTTP/1.1" encoding="utf-8">
                        <Headers>Referer : http://localhost/industry/index.php?mod=qes
User-Agent : Mozilla/4.0 (compatible; MSIE 7.0; Windows NT 5.1)
Accept : */*
Accept-Language : en-us
Accept-Encoding : GZIP
Host : localhost
Cookie : PHPSESSID=5a0b064b9e2796918842c00f72e52f69; mylang=vietnam
</Headers>
                      </Request>
                      <Response url="http://localhost/industry/library/js/rainbow.js" contentType="application/x-javascript" statusLine="HTTP/1.1 200 OK" pageTime="NaN" time="0.043" statusCodeString="200 OK" contentLength="7776">
                        <Headers>X-Pad : avoid browser bug
Accept-Ranges : bytes
Content-Length : 7776
Content-Type : application/x-javascript
Date : Tue, 23 Nov 2010 14:08:38 GMT
ETag : "640c1320-1e60-a3ab8780"
Last-Modified : Sun, 29 Aug 2010 09:04:46 GMT
Server : Apache/2.2.4 (Win32) PHP/5.2.1
</Headers>
                      </Response>
                      <Context>
                        <Entry name="$TotalAgents" value="1" />
                        <Entry name="$ControllerName" value="ASUS" />
                        <Entry name="$AgentName" value="ASUS" />
                        <Entry name="$TestLogsDir" value="C:\Documents and Settings\ASUS X82Q SERIES\My Documents\Visual Studio 2008\Projects\TestProject\TestResults\ASUS X82Q SERIES_ASUS 2010-11-23 21_08_28\In\ASUS" />
                        <Entry name="$TestDeploymentDir" value="C:\Documents and Settings\ASUS X82Q SERIES\My Documents\Visual Studio 2008\Projects\TestProject\TestResults\ASUS X82Q SERIES_ASUS 2010-11-23 21_08_28\Out" />
                        <Entry name="$AgentId" value="1" />
                        <Entry name="$AgentLoadDistributor" value="Microsoft.VisualStudio.TestTools.Execution.AgentLoadDistributor" />
                        <Entry name="$TestDir" value="C:\Documents and Settings\ASUS X82Q SERIES\My Documents\Visual Studio 2008\Projects\TestProject\TestResults\ASUS X82Q SERIES_ASUS 2010-11-23 21_08_28" />
                        <Entry name="$AgentWeighting" value="100" />
                        <Entry name="$WebTestIteration" value="1" />
                        <Entry name="$WebTestUserId" value="1" />
                      </Context>
                    </WebRequestResult>
                  </DependantResults>
                  <ValidationRuleResults>
                    <ValidationRuleResult message="Passed" ruleType="Validation" name="Response URL" />
                  </ValidationRuleResults>
                </WebRequestResult>
              </WebTestResultPage>
              <WebTestResultPage>
                <WebRequestResult exceptionMessage="" run="0" submitted="true" cached="false" isRedirectFollow="false" requestBodyBytesHandle="-2" responseBytesHandle="94">
                  <Request url="http://localhost/industry/index.php?mod=help" command="GET /industry/index.php?mod=help HTTP/1.1" encoding="utf-8">
                    <Headers>User-Agent : Mozilla/4.0 (compatible; MSIE 7.0; Windows NT 5.1)
Accept : */*
Accept-Language : en-us
Accept-Encoding : GZIP
Host : localhost
Cookie : PHPSESSID=5a0b064b9e2796918842c00f72e52f69; mylang=vietnam
</Headers>
                  </Request>
                  <Response url="http://localhost/industry/index.php?mod=help" contentType="text/html; charset=utf-8" statusLine="HTTP/1.1 200 OK" pageTime="0.32" time="0.133" statusCodeString="200 OK" contentLength="8658">
                    <Headers>Pragma : no-cache
Transfer-Encoding : chunked
Cache-Control : no-store, no-cache, must-revalidate, post-check=0, pre-check=0
Content-Type : text/html; charset:utf-8
Date : Tue, 23 Nov 2010 14:08:38 GMT
Expires : Thu, 19 Nov 1981 08:52:00 GMT
Set-Cookie : mylang=vietnam; expires=Tue, 30-Nov-2010 14:08:38 GMT; path=/
Server : Apache/2.2.4 (Win32) PHP/5.2.1
X-Powered-By : PHP/5.2.1
</Headers>
                  </Response>
                  <Context>
                    <Entry name="$TotalAgents" value="1" />
                    <Entry name="$ControllerName" value="ASUS" />
                    <Entry name="$AgentName" value="ASUS" />
                    <Entry name="$TestLogsDir" value="C:\Documents and Settings\ASUS X82Q SERIES\My Documents\Visual Studio 2008\Projects\TestProject\TestResults\ASUS X82Q SERIES_ASUS 2010-11-23 21_08_28\In\ASUS" />
                    <Entry name="$TestDeploymentDir" value="C:\Documents and Settings\ASUS X82Q SERIES\My Documents\Visual Studio 2008\Projects\TestProject\TestResults\ASUS X82Q SERIES_ASUS 2010-11-23 21_08_28\Out" />
                    <Entry name="$AgentId" value="1" />
                    <Entry name="$AgentLoadDistributor" value="Microsoft.VisualStudio.TestTools.Execution.AgentLoadDistributor" />
                    <Entry name="$TestDir" value="C:\Documents and Settings\ASUS X82Q SERIES\My Documents\Visual Studio 2008\Projects\TestProject\TestResults\ASUS X82Q SERIES_ASUS 2010-11-23 21_08_28" />
                    <Entry name="$AgentWeighting" value="100" />
                    <Entry name="$WebTestIteration" value="1" />
                    <Entry name="$WebTestUserId" value="1" />
                  </Context>
                  <DependantResults>
                    <WebRequestResult exceptionMessage="" run="0" submitted="true" cached="false" isRedirectFollow="false" requestBodyBytesHandle="-2" responseBytesHandle="1">
                      <Request url="http://localhost/industry/library/CSS/style.css" command="GET /industry/library/CSS/style.css HTTP/1.1" encoding="utf-8">
                        <Headers>Referer : http://localhost/industry/index.php?mod=help
User-Agent : Mozilla/4.0 (compatible; MSIE 7.0; Windows NT 5.1)
Accept : */*
Accept-Language : en-us
Accept-Encoding : GZIP
Host : localhost
Cookie : PHPSESSID=5a0b064b9e2796918842c00f72e52f69; mylang=vietnam
</Headers>
                      </Request>
                      <Response url="http://localhost/industry/library/CSS/style.css" contentType="text/css" statusLine="HTTP/1.1 200 OK" pageTime="NaN" time="0.019" statusCodeString="200 OK" contentLength="9991">
                        <Headers>Accept-Ranges : bytes
Content-Length : 9991
Content-Type : text/css
Date : Tue, 23 Nov 2010 14:08:38 GMT
ETag : "64155240-2707-e0400a80"
Last-Modified : Fri, 24 Sep 2010 18:52:10 GMT
Server : Apache/2.2.4 (Win32) PHP/5.2.1
</Headers>
                      </Response>
                      <Context>
                        <Entry name="$TotalAgents" value="1" />
                        <Entry name="$ControllerName" value="ASUS" />
                        <Entry name="$AgentName" value="ASUS" />
                        <Entry name="$TestLogsDir" value="C:\Documents and Settings\ASUS X82Q SERIES\My Documents\Visual Studio 2008\Projects\TestProject\TestResults\ASUS X82Q SERIES_ASUS 2010-11-23 21_08_28\In\ASUS" />
                        <Entry name="$TestDeploymentDir" value="C:\Documents and Settings\ASUS X82Q SERIES\My Documents\Visual Studio 2008\Projects\TestProject\TestResults\ASUS X82Q SERIES_ASUS 2010-11-23 21_08_28\Out" />
                        <Entry name="$AgentId" value="1" />
                        <Entry name="$AgentLoadDistributor" value="Microsoft.VisualStudio.TestTools.Execution.AgentLoadDistributor" />
                        <Entry name="$TestDir" value="C:\Documents and Settings\ASUS X82Q SERIES\My Documents\Visual Studio 2008\Projects\TestProject\TestResults\ASUS X82Q SERIES_ASUS 2010-11-23 21_08_28" />
                        <Entry name="$AgentWeighting" value="100" />
                        <Entry name="$WebTestIteration" value="1" />
                        <Entry name="$WebTestUserId" value="1" />
                      </Context>
                    </WebRequestResult>
                    <WebRequestResult exceptionMessage="" run="0" submitted="true" cached="false" isRedirectFollow="false" requestBodyBytesHandle="-2" responseBytesHandle="2">
                      <Request url="http://localhost/industry/library/CSS/style_menu.css" command="GET /industry/library/CSS/style_menu.css HTTP/1.1" encoding="utf-8">
                        <Headers>Referer : http://localhost/industry/index.php?mod=help
User-Agent : Mozilla/4.0 (compatible; MSIE 7.0; Windows NT 5.1)
Accept : */*
Accept-Language : en-us
Accept-Encoding : GZIP
Host : localhost
Cookie : PHPSESSID=5a0b064b9e2796918842c00f72e52f69; mylang=vietnam
</Headers>
                      </Request>
                      <Response url="http://localhost/industry/library/CSS/style_menu.css" contentType="text/css" statusLine="HTTP/1.1 200 OK" pageTime="NaN" time="0.02" statusCodeString="200 OK" contentLength="1103">
                        <Headers>Accept-Ranges : bytes
Content-Length : 1103
Content-Type : text/css
Date : Tue, 23 Nov 2010 14:08:38 GMT
ETag : "641553c0-44f-9c443c00"
Last-Modified : Fri, 27 Aug 2010 12:54:08 GMT
Server : Apache/2.2.4 (Win32) PHP/5.2.1
</Headers>
                      </Response>
                      <Context>
                        <Entry name="$TotalAgents" value="1" />
                        <Entry name="$ControllerName" value="ASUS" />
                        <Entry name="$AgentName" value="ASUS" />
                        <Entry name="$TestLogsDir" value="C:\Documents and Settings\ASUS X82Q SERIES\My Documents\Visual Studio 2008\Projects\TestProject\TestResults\ASUS X82Q SERIES_ASUS 2010-11-23 21_08_28\In\ASUS" />
                        <Entry name="$TestDeploymentDir" value="C:\Documents and Settings\ASUS X82Q SERIES\My Documents\Visual Studio 2008\Projects\TestProject\TestResults\ASUS X82Q SERIES_ASUS 2010-11-23 21_08_28\Out" />
                        <Entry name="$AgentId" value="1" />
                        <Entry name="$AgentLoadDistributor" value="Microsoft.VisualStudio.TestTools.Execution.AgentLoadDistributor" />
                        <Entry name="$TestDir" value="C:\Documents and Settings\ASUS X82Q SERIES\My Documents\Visual Studio 2008\Projects\TestProject\TestResults\ASUS X82Q SERIES_ASUS 2010-11-23 21_08_28" />
                        <Entry name="$AgentWeighting" value="100" />
                        <Entry name="$WebTestIteration" value="1" />
                        <Entry name="$WebTestUserId" value="1" />
                      </Context>
                    </WebRequestResult>
                    <WebRequestResult exceptionMessage="" run="0" submitted="true" cached="false" isRedirectFollow="false" requestBodyBytesHandle="-2" responseBytesHandle="4">
                      <Request url="http://localhost/industry/library/CSS/style_contac.css" command="GET /industry/library/CSS/style_contac.css HTTP/1.1" encoding="utf-8">
                        <Headers>Referer : http://localhost/industry/index.php?mod=help
User-Agent : Mozilla/4.0 (compatible; MSIE 7.0; Windows NT 5.1)
Accept : */*
Accept-Language : en-us
Accept-Encoding : GZIP
Host : localhost
Cookie : PHPSESSID=5a0b064b9e2796918842c00f72e52f69; mylang=vietnam
</Headers>
                      </Request>
                      <Response url="http://localhost/industry/library/CSS/style_contac.css" contentType="text/css" statusLine="HTTP/1.1 200 OK" pageTime="NaN" time="0.009" statusCodeString="200 OK" contentLength="2894">
                        <Headers>Accept-Ranges : bytes
Content-Length : 2894
Content-Type : text/css
Date : Tue, 23 Nov 2010 14:08:38 GMT
ETag : "64155300-b4e-b11efc00"
Last-Modified : Sun, 19 Sep 2010 03:50:08 GMT
Server : Apache/2.2.4 (Win32) PHP/5.2.1
</Headers>
                      </Response>
                      <Context>
                        <Entry name="$TotalAgents" value="1" />
                        <Entry name="$ControllerName" value="ASUS" />
                        <Entry name="$AgentName" value="ASUS" />
                        <Entry name="$TestLogsDir" value="C:\Documents and Settings\ASUS X82Q SERIES\My Documents\Visual Studio 2008\Projects\TestProject\TestResults\ASUS X82Q SERIES_ASUS 2010-11-23 21_08_28\In\ASUS" />
                        <Entry name="$TestDeploymentDir" value="C:\Documents and Settings\ASUS X82Q SERIES\My Documents\Visual Studio 2008\Projects\TestProject\TestResults\ASUS X82Q SERIES_ASUS 2010-11-23 21_08_28\Out" />
                        <Entry name="$AgentId" value="1" />
                        <Entry name="$AgentLoadDistributor" value="Microsoft.VisualStudio.TestTools.Execution.AgentLoadDistributor" />
                        <Entry name="$TestDir" value="C:\Documents and Settings\ASUS X82Q SERIES\My Documents\Visual Studio 2008\Projects\TestProject\TestResults\ASUS X82Q SERIES_ASUS 2010-11-23 21_08_28" />
                        <Entry name="$AgentWeighting" value="100" />
                        <Entry name="$WebTestIteration" value="1" />
                        <Entry name="$WebTestUserId" value="1" />
                      </Context>
                    </WebRequestResult>
                    <WebRequestResult exceptionMessage="" run="0" submitted="true" cached="false" isRedirectFollow="false" requestBodyBytesHandle="-2" responseBytesHandle="3">
                      <Request url="http://localhost/industry/library/CSS/style_menu_stand.css" command="GET /industry/library/CSS/style_menu_stand.css HTTP/1.1" encoding="utf-8">
                        <Headers>Referer : http://localhost/industry/index.php?mod=help
User-Agent : Mozilla/4.0 (compatible; MSIE 7.0; Windows NT 5.1)
Accept : */*
Accept-Language : en-us
Accept-Encoding : GZIP
Host : localhost
Cookie : PHPSESSID=5a0b064b9e2796918842c00f72e52f69; mylang=vietnam
</Headers>
                      </Request>
                      <Response url="http://localhost/industry/library/CSS/style_menu_stand.css" contentType="text/css" statusLine="HTTP/1.1 200 OK" pageTime="NaN" time="0.016" statusCodeString="200 OK" contentLength="3617">
                        <Headers>Accept-Ranges : bytes
Content-Length : 3617
Content-Type : text/css
Date : Tue, 23 Nov 2010 14:08:38 GMT
ETag : "64155480-e21-2d19c900"
Last-Modified : Wed, 08 Sep 2010 14:17:40 GMT
Server : Apache/2.2.4 (Win32) PHP/5.2.1
</Headers>
                      </Response>
                      <Context>
                        <Entry name="$TotalAgents" value="1" />
                        <Entry name="$ControllerName" value="ASUS" />
                        <Entry name="$AgentName" value="ASUS" />
                        <Entry name="$TestLogsDir" value="C:\Documents and Settings\ASUS X82Q SERIES\My Documents\Visual Studio 2008\Projects\TestProject\TestResults\ASUS X82Q SERIES_ASUS 2010-11-23 21_08_28\In\ASUS" />
                        <Entry name="$TestDeploymentDir" value="C:\Documents and Settings\ASUS X82Q SERIES\My Documents\Visual Studio 2008\Projects\TestProject\TestResults\ASUS X82Q SERIES_ASUS 2010-11-23 21_08_28\Out" />
                        <Entry name="$AgentId" value="1" />
                        <Entry name="$AgentLoadDistributor" value="Microsoft.VisualStudio.TestTools.Execution.AgentLoadDistributor" />
                        <Entry name="$TestDir" value="C:\Documents and Settings\ASUS X82Q SERIES\My Documents\Visual Studio 2008\Projects\TestProject\TestResults\ASUS X82Q SERIES_ASUS 2010-11-23 21_08_28" />
                        <Entry name="$AgentWeighting" value="100" />
                        <Entry name="$WebTestIteration" value="1" />
                        <Entry name="$WebTestUserId" value="1" />
                      </Context>
                    </WebRequestResult>
                    <WebRequestResult exceptionMessage="" run="0" submitted="true" cached="false" isRedirectFollow="false" requestBodyBytesHandle="-2" responseBytesHandle="6">
                      <Request url="http://localhost/industry/SpryAssets/SpryTabbedPanels.css" command="GET /industry/SpryAssets/SpryTabbedPanels.css HTTP/1.1" encoding="utf-8">
                        <Headers>Referer : http://localhost/industry/index.php?mod=help
User-Agent : Mozilla/4.0 (compatible; MSIE 7.0; Windows NT 5.1)
Accept : */*
Accept-Language : en-us
Accept-Encoding : GZIP
Host : localhost
Cookie : PHPSESSID=5a0b064b9e2796918842c00f72e52f69; mylang=vietnam
</Headers>
                      </Request>
                      <Response url="http://localhost/industry/SpryAssets/SpryTabbedPanels.css" contentType="text/css" statusLine="HTTP/1.1 200 OK" pageTime="NaN" time="0.013" statusCodeString="200 OK" contentLength="8136">
                        <Headers>Accept-Ranges : bytes
Content-Length : 8136
Content-Type : text/css
Date : Tue, 23 Nov 2010 14:08:38 GMT
ETag : "4e599080-1fc8-9b0fe900"
Last-Modified : Thu, 02 Sep 2010 07:17:24 GMT
Server : Apache/2.2.4 (Win32) PHP/5.2.1
</Headers>
                      </Response>
                      <Context>
                        <Entry name="$TotalAgents" value="1" />
                        <Entry name="$ControllerName" value="ASUS" />
                        <Entry name="$AgentName" value="ASUS" />
                        <Entry name="$TestLogsDir" value="C:\Documents and Settings\ASUS X82Q SERIES\My Documents\Visual Studio 2008\Projects\TestProject\TestResults\ASUS X82Q SERIES_ASUS 2010-11-23 21_08_28\In\ASUS" />
                        <Entry name="$TestDeploymentDir" value="C:\Documents and Settings\ASUS X82Q SERIES\My Documents\Visual Studio 2008\Projects\TestProject\TestResults\ASUS X82Q SERIES_ASUS 2010-11-23 21_08_28\Out" />
                        <Entry name="$AgentId" value="1" />
                        <Entry name="$AgentLoadDistributor" value="Microsoft.VisualStudio.TestTools.Execution.AgentLoadDistributor" />
                        <Entry name="$TestDir" value="C:\Documents and Settings\ASUS X82Q SERIES\My Documents\Visual Studio 2008\Projects\TestProject\TestResults\ASUS X82Q SERIES_ASUS 2010-11-23 21_08_28" />
                        <Entry name="$AgentWeighting" value="100" />
                        <Entry name="$WebTestIteration" value="1" />
                        <Entry name="$WebTestUserId" value="1" />
                      </Context>
                    </WebRequestResult>
                    <WebRequestResult exceptionMessage="" run="0" submitted="true" cached="false" isRedirectFollow="false" requestBodyBytesHandle="-2" responseBytesHandle="5">
                      <Request url="http://localhost/industry/library/css/dddropdownpanel.css" command="GET /industry/library/css/dddropdownpanel.css HTTP/1.1" encoding="utf-8">
                        <Headers>Referer : http://localhost/industry/index.php?mod=help
User-Agent : Mozilla/4.0 (compatible; MSIE 7.0; Windows NT 5.1)
Accept : */*
Accept-Language : en-us
Accept-Encoding : GZIP
Host : localhost
Cookie : PHPSESSID=5a0b064b9e2796918842c00f72e52f69; mylang=vietnam
</Headers>
                      </Request>
                      <Response url="http://localhost/industry/library/css/dddropdownpanel.css" contentType="text/css" statusLine="HTTP/1.1 200 OK" pageTime="NaN" time="0.013" statusCodeString="200 OK" contentLength="1348">
                        <Headers>Accept-Ranges : bytes
Content-Length : 1348
Content-Type : text/css
Date : Tue, 23 Nov 2010 14:08:38 GMT
ETag : "64155140-544-6b422680"
Last-Modified : Tue, 31 Aug 2010 18:04:58 GMT
Server : Apache/2.2.4 (Win32) PHP/5.2.1
</Headers>
                      </Response>
                      <Context>
                        <Entry name="$TotalAgents" value="1" />
                        <Entry name="$ControllerName" value="ASUS" />
                        <Entry name="$AgentName" value="ASUS" />
                        <Entry name="$TestLogsDir" value="C:\Documents and Settings\ASUS X82Q SERIES\My Documents\Visual Studio 2008\Projects\TestProject\TestResults\ASUS X82Q SERIES_ASUS 2010-11-23 21_08_28\In\ASUS" />
                        <Entry name="$TestDeploymentDir" value="C:\Documents and Settings\ASUS X82Q SERIES\My Documents\Visual Studio 2008\Projects\TestProject\TestResults\ASUS X82Q SERIES_ASUS 2010-11-23 21_08_28\Out" />
                        <Entry name="$AgentId" value="1" />
                        <Entry name="$AgentLoadDistributor" value="Microsoft.VisualStudio.TestTools.Execution.AgentLoadDistributor" />
                        <Entry name="$TestDir" value="C:\Documents and Settings\ASUS X82Q SERIES\My Documents\Visual Studio 2008\Projects\TestProject\TestResults\ASUS X82Q SERIES_ASUS 2010-11-23 21_08_28" />
                        <Entry name="$AgentWeighting" value="100" />
                        <Entry name="$WebTestIteration" value="1" />
                        <Entry name="$WebTestUserId" value="1" />
                      </Context>
                    </WebRequestResult>
                    <WebRequestResult exceptionMessage="" run="0" submitted="true" cached="false" isRedirectFollow="false" requestBodyBytesHandle="-2" responseBytesHandle="7">
                      <Request url="http://localhost/industry/library/js/dddropdownpanel.js" command="GET /industry/library/js/dddropdownpanel.js HTTP/1.1" encoding="utf-8">
                        <Headers>Referer : http://localhost/industry/index.php?mod=help
User-Agent : Mozilla/4.0 (compatible; MSIE 7.0; Windows NT 5.1)
Accept : */*
Accept-Language : en-us
Accept-Encoding : GZIP
Host : localhost
Cookie : PHPSESSID=5a0b064b9e2796918842c00f72e52f69; mylang=vietnam
</Headers>
                      </Request>
                      <Response url="http://localhost/industry/library/js/dddropdownpanel.js" contentType="application/x-javascript" statusLine="HTTP/1.1 200 OK" pageTime="NaN" time="0.03" statusCodeString="200 OK" contentLength="7251">
                        <Headers>X-Pad : avoid browser bug
Accept-Ranges : bytes
Content-Length : 7251
Content-Type : application/x-javascript
Date : Tue, 23 Nov 2010 14:08:38 GMT
ETag : "640c10e0-1c53-5a3f7180"
Last-Modified : Sat, 18 Sep 2010 09:32:06 GMT
Server : Apache/2.2.4 (Win32) PHP/5.2.1
</Headers>
                      </Response>
                      <Context>
                        <Entry name="$TotalAgents" value="1" />
                        <Entry name="$ControllerName" value="ASUS" />
                        <Entry name="$AgentName" value="ASUS" />
                        <Entry name="$TestLogsDir" value="C:\Documents and Settings\ASUS X82Q SERIES\My Documents\Visual Studio 2008\Projects\TestProject\TestResults\ASUS X82Q SERIES_ASUS 2010-11-23 21_08_28\In\ASUS" />
                        <Entry name="$TestDeploymentDir" value="C:\Documents and Settings\ASUS X82Q SERIES\My Documents\Visual Studio 2008\Projects\TestProject\TestResults\ASUS X82Q SERIES_ASUS 2010-11-23 21_08_28\Out" />
                        <Entry name="$AgentId" value="1" />
                        <Entry name="$AgentLoadDistributor" value="Microsoft.VisualStudio.TestTools.Execution.AgentLoadDistributor" />
                        <Entry name="$TestDir" value="C:\Documents and Settings\ASUS X82Q SERIES\My Documents\Visual Studio 2008\Projects\TestProject\TestResults\ASUS X82Q SERIES_ASUS 2010-11-23 21_08_28" />
                        <Entry name="$AgentWeighting" value="100" />
                        <Entry name="$WebTestIteration" value="1" />
                        <Entry name="$WebTestUserId" value="1" />
                      </Context>
                    </WebRequestResult>
                    <WebRequestResult exceptionMessage="" run="0" submitted="true" cached="false" isRedirectFollow="false" requestBodyBytesHandle="-2" responseBytesHandle="11">
                      <Request url="http://localhost/industry/library/js/jquery_menu.js" command="GET /industry/library/js/jquery_menu.js HTTP/1.1" encoding="utf-8">
                        <Headers>Referer : http://localhost/industry/index.php?mod=help
User-Agent : Mozilla/4.0 (compatible; MSIE 7.0; Windows NT 5.1)
Accept : */*
Accept-Language : en-us
Accept-Encoding : GZIP
Host : localhost
Cookie : PHPSESSID=5a0b064b9e2796918842c00f72e52f69; mylang=vietnam
</Headers>
                      </Request>
                      <Response url="http://localhost/industry/library/js/jquery_menu.js" contentType="application/x-javascript" statusLine="HTTP/1.1 200 OK" pageTime="NaN" time="0.075" statusCodeString="200 OK" contentLength="57170">
                        <Headers>X-Pad : avoid browser bug
Accept-Ranges : bytes
Content-Length : 57170
Content-Type : application/x-javascript
Date : Tue, 23 Nov 2010 14:08:38 GMT
ETag : "640c1260-df52-984af280"
Last-Modified : Tue, 27 Jul 2010 02:52:42 GMT
Server : Apache/2.2.4 (Win32) PHP/5.2.1
</Headers>
                      </Response>
                      <Context>
                        <Entry name="$TotalAgents" value="1" />
                        <Entry name="$ControllerName" value="ASUS" />
                        <Entry name="$AgentName" value="ASUS" />
                        <Entry name="$TestLogsDir" value="C:\Documents and Settings\ASUS X82Q SERIES\My Documents\Visual Studio 2008\Projects\TestProject\TestResults\ASUS X82Q SERIES_ASUS 2010-11-23 21_08_28\In\ASUS" />
                        <Entry name="$TestDeploymentDir" value="C:\Documents and Settings\ASUS X82Q SERIES\My Documents\Visual Studio 2008\Projects\TestProject\TestResults\ASUS X82Q SERIES_ASUS 2010-11-23 21_08_28\Out" />
                        <Entry name="$AgentId" value="1" />
                        <Entry name="$AgentLoadDistributor" value="Microsoft.VisualStudio.TestTools.Execution.AgentLoadDistributor" />
                        <Entry name="$TestDir" value="C:\Documents and Settings\ASUS X82Q SERIES\My Documents\Visual Studio 2008\Projects\TestProject\TestResults\ASUS X82Q SERIES_ASUS 2010-11-23 21_08_28" />
                        <Entry name="$AgentWeighting" value="100" />
                        <Entry name="$WebTestIteration" value="1" />
                        <Entry name="$WebTestUserId" value="1" />
                      </Context>
                    </WebRequestResult>
                    <WebRequestResult exceptionMessage="" run="0" submitted="true" cached="false" isRedirectFollow="false" requestBodyBytesHandle="-2" responseBytesHandle="8">
                      <Request url="http://localhost/industry/library/js/script.js" command="GET /industry/library/js/script.js HTTP/1.1" encoding="utf-8">
                        <Headers>Referer : http://localhost/industry/index.php?mod=help
User-Agent : Mozilla/4.0 (compatible; MSIE 7.0; Windows NT 5.1)
Accept : */*
Accept-Language : en-us
Accept-Encoding : GZIP
Host : localhost
Cookie : PHPSESSID=5a0b064b9e2796918842c00f72e52f69; mylang=vietnam
</Headers>
                      </Request>
                      <Response url="http://localhost/industry/library/js/script.js" contentType="application/x-javascript" statusLine="HTTP/1.1 200 OK" pageTime="NaN" time="0.059" statusCodeString="200 OK" contentLength="403">
                        <Headers>Accept-Ranges : bytes
Content-Length : 403
Content-Type : application/x-javascript
Date : Tue, 23 Nov 2010 14:08:38 GMT
ETag : "640c1340-193-56ac8480"
Last-Modified : Tue, 27 Jul 2010 06:09:06 GMT
Server : Apache/2.2.4 (Win32) PHP/5.2.1
</Headers>
                      </Response>
                      <Context>
                        <Entry name="$TotalAgents" value="1" />
                        <Entry name="$ControllerName" value="ASUS" />
                        <Entry name="$AgentName" value="ASUS" />
                        <Entry name="$TestLogsDir" value="C:\Documents and Settings\ASUS X82Q SERIES\My Documents\Visual Studio 2008\Projects\TestProject\TestResults\ASUS X82Q SERIES_ASUS 2010-11-23 21_08_28\In\ASUS" />
                        <Entry name="$TestDeploymentDir" value="C:\Documents and Settings\ASUS X82Q SERIES\My Documents\Visual Studio 2008\Projects\TestProject\TestResults\ASUS X82Q SERIES_ASUS 2010-11-23 21_08_28\Out" />
                        <Entry name="$AgentId" value="1" />
                        <Entry name="$AgentLoadDistributor" value="Microsoft.VisualStudio.TestTools.Execution.AgentLoadDistributor" />
                        <Entry name="$TestDir" value="C:\Documents and Settings\ASUS X82Q SERIES\My Documents\Visual Studio 2008\Projects\TestProject\TestResults\ASUS X82Q SERIES_ASUS 2010-11-23 21_08_28" />
                        <Entry name="$AgentWeighting" value="100" />
                        <Entry name="$WebTestIteration" value="1" />
                        <Entry name="$WebTestUserId" value="1" />
                      </Context>
                    </WebRequestResult>
                    <WebRequestResult exceptionMessage="" run="0" submitted="true" cached="false" isRedirectFollow="false" requestBodyBytesHandle="-2" responseBytesHandle="9">
                      <Request url="http://localhost/industry/library/js/jquery.dropdown.js" command="GET /industry/library/js/jquery.dropdown.js HTTP/1.1" encoding="utf-8">
                        <Headers>Referer : http://localhost/industry/index.php?mod=help
User-Agent : Mozilla/4.0 (compatible; MSIE 7.0; Windows NT 5.1)
Accept : */*
Accept-Language : en-us
Accept-Encoding : GZIP
Host : localhost
Cookie : PHPSESSID=5a0b064b9e2796918842c00f72e52f69; mylang=vietnam
</Headers>
                      </Request>
                      <Response url="http://localhost/industry/library/js/jquery.dropdown.js" contentType="application/x-javascript" statusLine="HTTP/1.1 200 OK" pageTime="NaN" time="0.016" statusCodeString="200 OK" contentLength="387">
                        <Headers>Accept-Ranges : bytes
Content-Length : 387
Content-Type : application/x-javascript
Date : Tue, 23 Nov 2010 14:08:38 GMT
ETag : "640c11a0-183-835d2100"
Last-Modified : Mon, 08 Jun 2009 11:26:28 GMT
Server : Apache/2.2.4 (Win32) PHP/5.2.1
</Headers>
                      </Response>
                      <Context>
                        <Entry name="$TotalAgents" value="1" />
                        <Entry name="$ControllerName" value="ASUS" />
                        <Entry name="$AgentName" value="ASUS" />
                        <Entry name="$TestLogsDir" value="C:\Documents and Settings\ASUS X82Q SERIES\My Documents\Visual Studio 2008\Projects\TestProject\TestResults\ASUS X82Q SERIES_ASUS 2010-11-23 21_08_28\In\ASUS" />
                        <Entry name="$TestDeploymentDir" value="C:\Documents and Settings\ASUS X82Q SERIES\My Documents\Visual Studio 2008\Projects\TestProject\TestResults\ASUS X82Q SERIES_ASUS 2010-11-23 21_08_28\Out" />
                        <Entry name="$AgentId" value="1" />
                        <Entry name="$AgentLoadDistributor" value="Microsoft.VisualStudio.TestTools.Execution.AgentLoadDistributor" />
                        <Entry name="$TestDir" value="C:\Documents and Settings\ASUS X82Q SERIES\My Documents\Visual Studio 2008\Projects\TestProject\TestResults\ASUS X82Q SERIES_ASUS 2010-11-23 21_08_28" />
                        <Entry name="$AgentWeighting" value="100" />
                        <Entry name="$WebTestIteration" value="1" />
                        <Entry name="$WebTestUserId" value="1" />
                      </Context>
                    </WebRequestResult>
                    <WebRequestResult exceptionMessage="" run="0" submitted="true" cached="false" isRedirectFollow="false" requestBodyBytesHandle="-2" responseBytesHandle="10">
                      <Request url="http://localhost/industry/SpryAssets/SpryTabbedPanels.js" command="GET /industry/SpryAssets/SpryTabbedPanels.js HTTP/1.1" encoding="utf-8">
                        <Headers>Referer : http://localhost/industry/index.php?mod=help
User-Agent : Mozilla/4.0 (compatible; MSIE 7.0; Windows NT 5.1)
Accept : */*
Accept-Language : en-us
Accept-Encoding : GZIP
Host : localhost
Cookie : PHPSESSID=5a0b064b9e2796918842c00f72e52f69; mylang=vietnam
</Headers>
                      </Request>
                      <Response url="http://localhost/industry/SpryAssets/SpryTabbedPanels.js" contentType="application/x-javascript" statusLine="HTTP/1.1 200 OK" pageTime="NaN" time="0.035" statusCodeString="200 OK" contentLength="10941">
                        <Headers>X-Pad : avoid browser bug
Accept-Ranges : bytes
Content-Length : 10941
Content-Type : application/x-javascript
Date : Tue, 23 Nov 2010 14:08:38 GMT
ETag : "4e5990e0-2abd-57842300"
Last-Modified : Tue, 27 Jul 2010 10:55:40 GMT
Server : Apache/2.2.4 (Win32) PHP/5.2.1
</Headers>
                      </Response>
                      <Context>
                        <Entry name="$TotalAgents" value="1" />
                        <Entry name="$ControllerName" value="ASUS" />
                        <Entry name="$AgentName" value="ASUS" />
                        <Entry name="$TestLogsDir" value="C:\Documents and Settings\ASUS X82Q SERIES\My Documents\Visual Studio 2008\Projects\TestProject\TestResults\ASUS X82Q SERIES_ASUS 2010-11-23 21_08_28\In\ASUS" />
                        <Entry name="$TestDeploymentDir" value="C:\Documents and Settings\ASUS X82Q SERIES\My Documents\Visual Studio 2008\Projects\TestProject\TestResults\ASUS X82Q SERIES_ASUS 2010-11-23 21_08_28\Out" />
                        <Entry name="$AgentId" value="1" />
                        <Entry name="$AgentLoadDistributor" value="Microsoft.VisualStudio.TestTools.Execution.AgentLoadDistributor" />
                        <Entry name="$TestDir" value="C:\Documents and Settings\ASUS X82Q SERIES\My Documents\Visual Studio 2008\Projects\TestProject\TestResults\ASUS X82Q SERIES_ASUS 2010-11-23 21_08_28" />
                        <Entry name="$AgentWeighting" value="100" />
                        <Entry name="$WebTestIteration" value="1" />
                        <Entry name="$WebTestUserId" value="1" />
                      </Context>
                    </WebRequestResult>
                    <WebRequestResult exceptionMessage="" run="0" submitted="true" cached="false" isRedirectFollow="false" requestBodyBytesHandle="-2" responseBytesHandle="12">
                      <Request url="http://localhost/industry/library/js/rainbow.js" command="GET /industry/library/js/rainbow.js HTTP/1.1" encoding="utf-8">
                        <Headers>Referer : http://localhost/industry/index.php?mod=help
User-Agent : Mozilla/4.0 (compatible; MSIE 7.0; Windows NT 5.1)
Accept : */*
Accept-Language : en-us
Accept-Encoding : GZIP
Host : localhost
Cookie : PHPSESSID=5a0b064b9e2796918842c00f72e52f69; mylang=vietnam
</Headers>
                      </Request>
                      <Response url="http://localhost/industry/library/js/rainbow.js" contentType="application/x-javascript" statusLine="HTTP/1.1 200 OK" pageTime="NaN" time="0.043" statusCodeString="200 OK" contentLength="7776">
                        <Headers>X-Pad : avoid browser bug
Accept-Ranges : bytes
Content-Length : 7776
Content-Type : application/x-javascript
Date : Tue, 23 Nov 2010 14:08:38 GMT
ETag : "640c1320-1e60-a3ab8780"
Last-Modified : Sun, 29 Aug 2010 09:04:46 GMT
Server : Apache/2.2.4 (Win32) PHP/5.2.1
</Headers>
                      </Response>
                      <Context>
                        <Entry name="$TotalAgents" value="1" />
                        <Entry name="$ControllerName" value="ASUS" />
                        <Entry name="$AgentName" value="ASUS" />
                        <Entry name="$TestLogsDir" value="C:\Documents and Settings\ASUS X82Q SERIES\My Documents\Visual Studio 2008\Projects\TestProject\TestResults\ASUS X82Q SERIES_ASUS 2010-11-23 21_08_28\In\ASUS" />
                        <Entry name="$TestDeploymentDir" value="C:\Documents and Settings\ASUS X82Q SERIES\My Documents\Visual Studio 2008\Projects\TestProject\TestResults\ASUS X82Q SERIES_ASUS 2010-11-23 21_08_28\Out" />
                        <Entry name="$AgentId" value="1" />
                        <Entry name="$AgentLoadDistributor" value="Microsoft.VisualStudio.TestTools.Execution.AgentLoadDistributor" />
                        <Entry name="$TestDir" value="C:\Documents and Settings\ASUS X82Q SERIES\My Documents\Visual Studio 2008\Projects\TestProject\TestResults\ASUS X82Q SERIES_ASUS 2010-11-23 21_08_28" />
                        <Entry name="$AgentWeighting" value="100" />
                        <Entry name="$WebTestIteration" value="1" />
                        <Entry name="$WebTestUserId" value="1" />
                      </Context>
                    </WebRequestResult>
                    <WebRequestResult exceptionMessage="" run="0" submitted="true" cached="false" isRedirectFollow="false" requestBodyBytesHandle="-2" responseBytesHandle="15">
                      <Request url="http://localhost/industry/interface/search.jpg" command="GET /industry/interface/search.jpg HTTP/1.1" encoding="utf-8">
                        <Headers>Referer : http://localhost/industry/index.php?mod=help
User-Agent : Mozilla/4.0 (compatible; MSIE 7.0; Windows NT 5.1)
Accept : */*
Accept-Language : en-us
Accept-Encoding : GZIP
Host : localhost
Cookie : PHPSESSID=5a0b064b9e2796918842c00f72e52f69; mylang=vietnam
</Headers>
                      </Request>
                      <Response url="http://localhost/industry/interface/search.jpg" contentType="image/jpeg" statusLine="HTTP/1.1 200 OK" pageTime="NaN" time="0.017" statusCodeString="200 OK" contentLength="1525">
                        <Headers>Accept-Ranges : bytes
Content-Length : 1525
Content-Type : image/jpeg
Date : Tue, 23 Nov 2010 14:08:38 GMT
ETag : "63f09960-5f5-160fc780"
Last-Modified : Sun, 25 Jul 2010 16:51:58 GMT
Server : Apache/2.2.4 (Win32) PHP/5.2.1
</Headers>
                      </Response>
                      <Context>
                        <Entry name="$TotalAgents" value="1" />
                        <Entry name="$ControllerName" value="ASUS" />
                        <Entry name="$AgentName" value="ASUS" />
                        <Entry name="$TestLogsDir" value="C:\Documents and Settings\ASUS X82Q SERIES\My Documents\Visual Studio 2008\Projects\TestProject\TestResults\ASUS X82Q SERIES_ASUS 2010-11-23 21_08_28\In\ASUS" />
                        <Entry name="$TestDeploymentDir" value="C:\Documents and Settings\ASUS X82Q SERIES\My Documents\Visual Studio 2008\Projects\TestProject\TestResults\ASUS X82Q SERIES_ASUS 2010-11-23 21_08_28\Out" />
                        <Entry name="$AgentId" value="1" />
                        <Entry name="$AgentLoadDistributor" value="Microsoft.VisualStudio.TestTools.Execution.AgentLoadDistributor" />
                        <Entry name="$TestDir" value="C:\Documents and Settings\ASUS X82Q SERIES\My Documents\Visual Studio 2008\Projects\TestProject\TestResults\ASUS X82Q SERIES_ASUS 2010-11-23 21_08_28" />
                        <Entry name="$AgentWeighting" value="100" />
                        <Entry name="$WebTestIteration" value="1" />
                        <Entry name="$WebTestUserId" value="1" />
                      </Context>
                    </WebRequestResult>
                  </DependantResults>
                  <ValidationRuleResults>
                    <ValidationRuleResult message="Passed" ruleType="Validation" name="Response URL" />
                  </ValidationRuleResults>
                </WebRequestResult>
              </WebTestResultPage>
              <WebTestResultPage>
                <WebRequestResult exceptionMessage="" run="0" submitted="true" cached="false" isRedirectFollow="false" requestBodyBytesHandle="-2" responseBytesHandle="95">
                  <Request url="http://localhost/industry/index.php?mod=intro" command="GET /industry/index.php?mod=intro HTTP/1.1" encoding="utf-8">
                    <Headers>User-Agent : Mozilla/4.0 (compatible; MSIE 7.0; Windows NT 5.1)
Accept : */*
Accept-Language : en-us
Accept-Encoding : GZIP
Host : localhost
Cookie : PHPSESSID=5a0b064b9e2796918842c00f72e52f69; mylang=vietnam
</Headers>
                  </Request>
                  <Response url="http://localhost/industry/index.php?mod=intro" contentType="text/html; charset=utf-8" statusLine="HTTP/1.1 200 OK" pageTime="0.22899999999999998" time="0.089" statusCodeString="200 OK" contentLength="9168">
                    <Headers>Pragma : no-cache
Transfer-Encoding : chunked
Cache-Control : no-store, no-cache, must-revalidate, post-check=0, pre-check=0
Content-Type : text/html; charset:utf-8
Date : Tue, 23 Nov 2010 14:08:39 GMT
Expires : Thu, 19 Nov 1981 08:52:00 GMT
Set-Cookie : mylang=vietnam; expires=Tue, 30-Nov-2010 14:08:39 GMT; path=/
Server : Apache/2.2.4 (Win32) PHP/5.2.1
X-Powered-By : PHP/5.2.1
</Headers>
                  </Response>
                  <Context>
                    <Entry name="$TotalAgents" value="1" />
                    <Entry name="$ControllerName" value="ASUS" />
                    <Entry name="$AgentName" value="ASUS" />
                    <Entry name="$TestLogsDir" value="C:\Documents and Settings\ASUS X82Q SERIES\My Documents\Visual Studio 2008\Projects\TestProject\TestResults\ASUS X82Q SERIES_ASUS 2010-11-23 21_08_28\In\ASUS" />
                    <Entry name="$TestDeploymentDir" value="C:\Documents and Settings\ASUS X82Q SERIES\My Documents\Visual Studio 2008\Projects\TestProject\TestResults\ASUS X82Q SERIES_ASUS 2010-11-23 21_08_28\Out" />
                    <Entry name="$AgentId" value="1" />
                    <Entry name="$AgentLoadDistributor" value="Microsoft.VisualStudio.TestTools.Execution.AgentLoadDistributor" />
                    <Entry name="$TestDir" value="C:\Documents and Settings\ASUS X82Q SERIES\My Documents\Visual Studio 2008\Projects\TestProject\TestResults\ASUS X82Q SERIES_ASUS 2010-11-23 21_08_28" />
                    <Entry name="$AgentWeighting" value="100" />
                    <Entry name="$WebTestIteration" value="1" />
                    <Entry name="$WebTestUserId" value="1" />
                  </Context>
                  <DependantResults>
                    <WebRequestResult exceptionMessage="" run="0" submitted="true" cached="false" isRedirectFollow="false" requestBodyBytesHandle="-2" responseBytesHandle="1">
                      <Request url="http://localhost/industry/library/CSS/style.css" command="GET /industry/library/CSS/style.css HTTP/1.1" encoding="utf-8">
                        <Headers>Referer : http://localhost/industry/index.php?mod=intro
User-Agent : Mozilla/4.0 (compatible; MSIE 7.0; Windows NT 5.1)
Accept : */*
Accept-Language : en-us
Accept-Encoding : GZIP
Host : localhost
Cookie : PHPSESSID=5a0b064b9e2796918842c00f72e52f69; mylang=vietnam
</Headers>
                      </Request>
                      <Response url="http://localhost/industry/library/CSS/style.css" contentType="text/css" statusLine="HTTP/1.1 200 OK" pageTime="NaN" time="0.014" statusCodeString="200 OK" contentLength="9991">
                        <Headers>Accept-Ranges : bytes
Content-Length : 9991
Content-Type : text/css
Date : Tue, 23 Nov 2010 14:08:39 GMT
ETag : "64155240-2707-e0400a80"
Last-Modified : Fri, 24 Sep 2010 18:52:10 GMT
Server : Apache/2.2.4 (Win32) PHP/5.2.1
</Headers>
                      </Response>
                      <Context>
                        <Entry name="$TotalAgents" value="1" />
                        <Entry name="$ControllerName" value="ASUS" />
                        <Entry name="$AgentName" value="ASUS" />
                        <Entry name="$TestLogsDir" value="C:\Documents and Settings\ASUS X82Q SERIES\My Documents\Visual Studio 2008\Projects\TestProject\TestResults\ASUS X82Q SERIES_ASUS 2010-11-23 21_08_28\In\ASUS" />
                        <Entry name="$TestDeploymentDir" value="C:\Documents and Settings\ASUS X82Q SERIES\My Documents\Visual Studio 2008\Projects\TestProject\TestResults\ASUS X82Q SERIES_ASUS 2010-11-23 21_08_28\Out" />
                        <Entry name="$AgentId" value="1" />
                        <Entry name="$AgentLoadDistributor" value="Microsoft.VisualStudio.TestTools.Execution.AgentLoadDistributor" />
                        <Entry name="$TestDir" value="C:\Documents and Settings\ASUS X82Q SERIES\My Documents\Visual Studio 2008\Projects\TestProject\TestResults\ASUS X82Q SERIES_ASUS 2010-11-23 21_08_28" />
                        <Entry name="$AgentWeighting" value="100" />
                        <Entry name="$WebTestIteration" value="1" />
                        <Entry name="$WebTestUserId" value="1" />
                      </Context>
                    </WebRequestResult>
                    <WebRequestResult exceptionMessage="" run="0" submitted="true" cached="false" isRedirectFollow="false" requestBodyBytesHandle="-2" responseBytesHandle="2">
                      <Request url="http://localhost/industry/library/CSS/style_menu.css" command="GET /industry/library/CSS/style_menu.css HTTP/1.1" encoding="utf-8">
                        <Headers>Referer : http://localhost/industry/index.php?mod=intro
User-Agent : Mozilla/4.0 (compatible; MSIE 7.0; Windows NT 5.1)
Accept : */*
Accept-Language : en-us
Accept-Encoding : GZIP
Host : localhost
Cookie : PHPSESSID=5a0b064b9e2796918842c00f72e52f69; mylang=vietnam
</Headers>
                      </Request>
                      <Response url="http://localhost/industry/library/CSS/style_menu.css" contentType="text/css" statusLine="HTTP/1.1 200 OK" pageTime="NaN" time="0.016" statusCodeString="200 OK" contentLength="1103">
                        <Headers>Accept-Ranges : bytes
Content-Length : 1103
Content-Type : text/css
Date : Tue, 23 Nov 2010 14:08:39 GMT
ETag : "641553c0-44f-9c443c00"
Last-Modified : Fri, 27 Aug 2010 12:54:08 GMT
Server : Apache/2.2.4 (Win32) PHP/5.2.1
</Headers>
                      </Response>
                      <Context>
                        <Entry name="$TotalAgents" value="1" />
                        <Entry name="$ControllerName" value="ASUS" />
                        <Entry name="$AgentName" value="ASUS" />
                        <Entry name="$TestLogsDir" value="C:\Documents and Settings\ASUS X82Q SERIES\My Documents\Visual Studio 2008\Projects\TestProject\TestResults\ASUS X82Q SERIES_ASUS 2010-11-23 21_08_28\In\ASUS" />
                        <Entry name="$TestDeploymentDir" value="C:\Documents and Settings\ASUS X82Q SERIES\My Documents\Visual Studio 2008\Projects\TestProject\TestResults\ASUS X82Q SERIES_ASUS 2010-11-23 21_08_28\Out" />
                        <Entry name="$AgentId" value="1" />
                        <Entry name="$AgentLoadDistributor" value="Microsoft.VisualStudio.TestTools.Execution.AgentLoadDistributor" />
                        <Entry name="$TestDir" value="C:\Documents and Settings\ASUS X82Q SERIES\My Documents\Visual Studio 2008\Projects\TestProject\TestResults\ASUS X82Q SERIES_ASUS 2010-11-23 21_08_28" />
                        <Entry name="$AgentWeighting" value="100" />
                        <Entry name="$WebTestIteration" value="1" />
                        <Entry name="$WebTestUserId" value="1" />
                      </Context>
                    </WebRequestResult>
                    <WebRequestResult exceptionMessage="" run="0" submitted="true" cached="false" isRedirectFollow="false" requestBodyBytesHandle="-2" responseBytesHandle="4">
                      <Request url="http://localhost/industry/library/CSS/style_contac.css" command="GET /industry/library/CSS/style_contac.css HTTP/1.1" encoding="utf-8">
                        <Headers>Referer : http://localhost/industry/index.php?mod=intro
User-Agent : Mozilla/4.0 (compatible; MSIE 7.0; Windows NT 5.1)
Accept : */*
Accept-Language : en-us
Accept-Encoding : GZIP
Host : localhost
Cookie : PHPSESSID=5a0b064b9e2796918842c00f72e52f69; mylang=vietnam
</Headers>
                      </Request>
                      <Response url="http://localhost/industry/library/CSS/style_contac.css" contentType="text/css" statusLine="HTTP/1.1 200 OK" pageTime="NaN" time="0.009" statusCodeString="200 OK" contentLength="2894">
                        <Headers>Accept-Ranges : bytes
Content-Length : 2894
Content-Type : text/css
Date : Tue, 23 Nov 2010 14:08:39 GMT
ETag : "64155300-b4e-b11efc00"
Last-Modified : Sun, 19 Sep 2010 03:50:08 GMT
Server : Apache/2.2.4 (Win32) PHP/5.2.1
</Headers>
                      </Response>
                      <Context>
                        <Entry name="$TotalAgents" value="1" />
                        <Entry name="$ControllerName" value="ASUS" />
                        <Entry name="$AgentName" value="ASUS" />
                        <Entry name="$TestLogsDir" value="C:\Documents and Settings\ASUS X82Q SERIES\My Documents\Visual Studio 2008\Projects\TestProject\TestResults\ASUS X82Q SERIES_ASUS 2010-11-23 21_08_28\In\ASUS" />
                        <Entry name="$TestDeploymentDir" value="C:\Documents and Settings\ASUS X82Q SERIES\My Documents\Visual Studio 2008\Projects\TestProject\TestResults\ASUS X82Q SERIES_ASUS 2010-11-23 21_08_28\Out" />
                        <Entry name="$AgentId" value="1" />
                        <Entry name="$AgentLoadDistributor" value="Microsoft.VisualStudio.TestTools.Execution.AgentLoadDistributor" />
                        <Entry name="$TestDir" value="C:\Documents and Settings\ASUS X82Q SERIES\My Documents\Visual Studio 2008\Projects\TestProject\TestResults\ASUS X82Q SERIES_ASUS 2010-11-23 21_08_28" />
                        <Entry name="$AgentWeighting" value="100" />
                        <Entry name="$WebTestIteration" value="1" />
                        <Entry name="$WebTestUserId" value="1" />
                      </Context>
                    </WebRequestResult>
                    <WebRequestResult exceptionMessage="" run="0" submitted="true" cached="false" isRedirectFollow="false" requestBodyBytesHandle="-2" responseBytesHandle="3">
                      <Request url="http://localhost/industry/library/CSS/style_menu_stand.css" command="GET /industry/library/CSS/style_menu_stand.css HTTP/1.1" encoding="utf-8">
                        <Headers>Referer : http://localhost/industry/index.php?mod=intro
User-Agent : Mozilla/4.0 (compatible; MSIE 7.0; Windows NT 5.1)
Accept : */*
Accept-Language : en-us
Accept-Encoding : GZIP
Host : localhost
Cookie : PHPSESSID=5a0b064b9e2796918842c00f72e52f69; mylang=vietnam
</Headers>
                      </Request>
                      <Response url="http://localhost/industry/library/CSS/style_menu_stand.css" contentType="text/css" statusLine="HTTP/1.1 200 OK" pageTime="NaN" time="0.015" statusCodeString="200 OK" contentLength="3617">
                        <Headers>Accept-Ranges : bytes
Content-Length : 3617
Content-Type : text/css
Date : Tue, 23 Nov 2010 14:08:39 GMT
ETag : "64155480-e21-2d19c900"
Last-Modified : Wed, 08 Sep 2010 14:17:40 GMT
Server : Apache/2.2.4 (Win32) PHP/5.2.1
</Headers>
                      </Response>
                      <Context>
                        <Entry name="$TotalAgents" value="1" />
                        <Entry name="$ControllerName" value="ASUS" />
                        <Entry name="$AgentName" value="ASUS" />
                        <Entry name="$TestLogsDir" value="C:\Documents and Settings\ASUS X82Q SERIES\My Documents\Visual Studio 2008\Projects\TestProject\TestResults\ASUS X82Q SERIES_ASUS 2010-11-23 21_08_28\In\ASUS" />
                        <Entry name="$TestDeploymentDir" value="C:\Documents and Settings\ASUS X82Q SERIES\My Documents\Visual Studio 2008\Projects\TestProject\TestResults\ASUS X82Q SERIES_ASUS 2010-11-23 21_08_28\Out" />
                        <Entry name="$AgentId" value="1" />
                        <Entry name="$AgentLoadDistributor" value="Microsoft.VisualStudio.TestTools.Execution.AgentLoadDistributor" />
                        <Entry name="$TestDir" value="C:\Documents and Settings\ASUS X82Q SERIES\My Documents\Visual Studio 2008\Projects\TestProject\TestResults\ASUS X82Q SERIES_ASUS 2010-11-23 21_08_28" />
                        <Entry name="$AgentWeighting" value="100" />
                        <Entry name="$WebTestIteration" value="1" />
                        <Entry name="$WebTestUserId" value="1" />
                      </Context>
                    </WebRequestResult>
                    <WebRequestResult exceptionMessage="" run="0" submitted="true" cached="false" isRedirectFollow="false" requestBodyBytesHandle="-2" responseBytesHandle="6">
                      <Request url="http://localhost/industry/SpryAssets/SpryTabbedPanels.css" command="GET /industry/SpryAssets/SpryTabbedPanels.css HTTP/1.1" encoding="utf-8">
                        <Headers>Referer : http://localhost/industry/index.php?mod=intro
User-Agent : Mozilla/4.0 (compatible; MSIE 7.0; Windows NT 5.1)
Accept : */*
Accept-Language : en-us
Accept-Encoding : GZIP
Host : localhost
Cookie : PHPSESSID=5a0b064b9e2796918842c00f72e52f69; mylang=vietnam
</Headers>
                      </Request>
                      <Response url="http://localhost/industry/SpryAssets/SpryTabbedPanels.css" contentType="text/css" statusLine="HTTP/1.1 200 OK" pageTime="NaN" time="0.013" statusCodeString="200 OK" contentLength="8136">
                        <Headers>Accept-Ranges : bytes
Content-Length : 8136
Content-Type : text/css
Date : Tue, 23 Nov 2010 14:08:39 GMT
ETag : "4e599080-1fc8-9b0fe900"
Last-Modified : Thu, 02 Sep 2010 07:17:24 GMT
Server : Apache/2.2.4 (Win32) PHP/5.2.1
</Headers>
                      </Response>
                      <Context>
                        <Entry name="$TotalAgents" value="1" />
                        <Entry name="$ControllerName" value="ASUS" />
                        <Entry name="$AgentName" value="ASUS" />
                        <Entry name="$TestLogsDir" value="C:\Documents and Settings\ASUS X82Q SERIES\My Documents\Visual Studio 2008\Projects\TestProject\TestResults\ASUS X82Q SERIES_ASUS 2010-11-23 21_08_28\In\ASUS" />
                        <Entry name="$TestDeploymentDir" value="C:\Documents and Settings\ASUS X82Q SERIES\My Documents\Visual Studio 2008\Projects\TestProject\TestResults\ASUS X82Q SERIES_ASUS 2010-11-23 21_08_28\Out" />
                        <Entry name="$AgentId" value="1" />
                        <Entry name="$AgentLoadDistributor" value="Microsoft.VisualStudio.TestTools.Execution.AgentLoadDistributor" />
                        <Entry name="$TestDir" value="C:\Documents and Settings\ASUS X82Q SERIES\My Documents\Visual Studio 2008\Projects\TestProject\TestResults\ASUS X82Q SERIES_ASUS 2010-11-23 21_08_28" />
                        <Entry name="$AgentWeighting" value="100" />
                        <Entry name="$WebTestIteration" value="1" />
                        <Entry name="$WebTestUserId" value="1" />
                      </Context>
                    </WebRequestResult>
                    <WebRequestResult exceptionMessage="" run="0" submitted="true" cached="false" isRedirectFollow="false" requestBodyBytesHandle="-2" responseBytesHandle="5">
                      <Request url="http://localhost/industry/library/css/dddropdownpanel.css" command="GET /industry/library/css/dddropdownpanel.css HTTP/1.1" encoding="utf-8">
                        <Headers>Referer : http://localhost/industry/index.php?mod=intro
User-Agent : Mozilla/4.0 (compatible; MSIE 7.0; Windows NT 5.1)
Accept : */*
Accept-Language : en-us
Accept-Encoding : GZIP
Host : localhost
Cookie : PHPSESSID=5a0b064b9e2796918842c00f72e52f69; mylang=vietnam
</Headers>
                      </Request>
                      <Response url="http://localhost/industry/library/css/dddropdownpanel.css" contentType="text/css" statusLine="HTTP/1.1 200 OK" pageTime="NaN" time="0.022" statusCodeString="200 OK" contentLength="1348">
                        <Headers>Accept-Ranges : bytes
Content-Length : 1348
Content-Type : text/css
Date : Tue, 23 Nov 2010 14:08:39 GMT
ETag : "64155140-544-6b422680"
Last-Modified : Tue, 31 Aug 2010 18:04:58 GMT
Server : Apache/2.2.4 (Win32) PHP/5.2.1
</Headers>
                      </Response>
                      <Context>
                        <Entry name="$TotalAgents" value="1" />
                        <Entry name="$ControllerName" value="ASUS" />
                        <Entry name="$AgentName" value="ASUS" />
                        <Entry name="$TestLogsDir" value="C:\Documents and Settings\ASUS X82Q SERIES\My Documents\Visual Studio 2008\Projects\TestProject\TestResults\ASUS X82Q SERIES_ASUS 2010-11-23 21_08_28\In\ASUS" />
                        <Entry name="$TestDeploymentDir" value="C:\Documents and Settings\ASUS X82Q SERIES\My Documents\Visual Studio 2008\Projects\TestProject\TestResults\ASUS X82Q SERIES_ASUS 2010-11-23 21_08_28\Out" />
                        <Entry name="$AgentId" value="1" />
                        <Entry name="$AgentLoadDistributor" value="Microsoft.VisualStudio.TestTools.Execution.AgentLoadDistributor" />
                        <Entry name="$TestDir" value="C:\Documents and Settings\ASUS X82Q SERIES\My Documents\Visual Studio 2008\Projects\TestProject\TestResults\ASUS X82Q SERIES_ASUS 2010-11-23 21_08_28" />
                        <Entry name="$AgentWeighting" value="100" />
                        <Entry name="$WebTestIteration" value="1" />
                        <Entry name="$WebTestUserId" value="1" />
                      </Context>
                    </WebRequestResult>
                    <WebRequestResult exceptionMessage="" run="0" submitted="true" cached="false" isRedirectFollow="false" requestBodyBytesHandle="-2" responseBytesHandle="7">
                      <Request url="http://localhost/industry/library/js/dddropdownpanel.js" command="GET /industry/library/js/dddropdownpanel.js HTTP/1.1" encoding="utf-8">
                        <Headers>Referer : http://localhost/industry/index.php?mod=intro
User-Agent : Mozilla/4.0 (compatible; MSIE 7.0; Windows NT 5.1)
Accept : */*
Accept-Language : en-us
Accept-Encoding : GZIP
Host : localhost
Cookie : PHPSESSID=5a0b064b9e2796918842c00f72e52f69; mylang=vietnam
</Headers>
                      </Request>
                      <Response url="http://localhost/industry/library/js/dddropdownpanel.js" contentType="application/x-javascript" statusLine="HTTP/1.1 200 OK" pageTime="NaN" time="0.027" statusCodeString="200 OK" contentLength="7251">
                        <Headers>X-Pad : avoid browser bug
Accept-Ranges : bytes
Content-Length : 7251
Content-Type : application/x-javascript
Date : Tue, 23 Nov 2010 14:08:39 GMT
ETag : "640c10e0-1c53-5a3f7180"
Last-Modified : Sat, 18 Sep 2010 09:32:06 GMT
Server : Apache/2.2.4 (Win32) PHP/5.2.1
</Headers>
                      </Response>
                      <Context>
                        <Entry name="$TotalAgents" value="1" />
                        <Entry name="$ControllerName" value="ASUS" />
                        <Entry name="$AgentName" value="ASUS" />
                        <Entry name="$TestLogsDir" value="C:\Documents and Settings\ASUS X82Q SERIES\My Documents\Visual Studio 2008\Projects\TestProject\TestResults\ASUS X82Q SERIES_ASUS 2010-11-23 21_08_28\In\ASUS" />
                        <Entry name="$TestDeploymentDir" value="C:\Documents and Settings\ASUS X82Q SERIES\My Documents\Visual Studio 2008\Projects\TestProject\TestResults\ASUS X82Q SERIES_ASUS 2010-11-23 21_08_28\Out" />
                        <Entry name="$AgentId" value="1" />
                        <Entry name="$AgentLoadDistributor" value="Microsoft.VisualStudio.TestTools.Execution.AgentLoadDistributor" />
                        <Entry name="$TestDir" value="C:\Documents and Settings\ASUS X82Q SERIES\My Documents\Visual Studio 2008\Projects\TestProject\TestResults\ASUS X82Q SERIES_ASUS 2010-11-23 21_08_28" />
                        <Entry name="$AgentWeighting" value="100" />
                        <Entry name="$WebTestIteration" value="1" />
                        <Entry name="$WebTestUserId" value="1" />
                      </Context>
                    </WebRequestResult>
                    <WebRequestResult exceptionMessage="" run="0" submitted="true" cached="false" isRedirectFollow="false" requestBodyBytesHandle="-2" responseBytesHandle="8">
                      <Request url="http://localhost/industry/library/js/script.js" command="GET /industry/library/js/script.js HTTP/1.1" encoding="utf-8">
                        <Headers>Referer : http://localhost/industry/index.php?mod=intro
User-Agent : Mozilla/4.0 (compatible; MSIE 7.0; Windows NT 5.1)
Accept : */*
Accept-Language : en-us
Accept-Encoding : GZIP
Host : localhost
Cookie : PHPSESSID=5a0b064b9e2796918842c00f72e52f69; mylang=vietnam
</Headers>
                      </Request>
                      <Response url="http://localhost/industry/library/js/script.js" contentType="application/x-javascript" statusLine="HTTP/1.1 200 OK" pageTime="NaN" time="0.009" statusCodeString="200 OK" contentLength="403">
                        <Headers>Accept-Ranges : bytes
Content-Length : 403
Content-Type : application/x-javascript
Date : Tue, 23 Nov 2010 14:08:39 GMT
ETag : "640c1340-193-56ac8480"
Last-Modified : Tue, 27 Jul 2010 06:09:06 GMT
Server : Apache/2.2.4 (Win32) PHP/5.2.1
</Headers>
                      </Response>
                      <Context>
                        <Entry name="$TotalAgents" value="1" />
                        <Entry name="$ControllerName" value="ASUS" />
                        <Entry name="$AgentName" value="ASUS" />
                        <Entry name="$TestLogsDir" value="C:\Documents and Settings\ASUS X82Q SERIES\My Documents\Visual Studio 2008\Projects\TestProject\TestResults\ASUS X82Q SERIES_ASUS 2010-11-23 21_08_28\In\ASUS" />
                        <Entry name="$TestDeploymentDir" value="C:\Documents and Settings\ASUS X82Q SERIES\My Documents\Visual Studio 2008\Projects\TestProject\TestResults\ASUS X82Q SERIES_ASUS 2010-11-23 21_08_28\Out" />
                        <Entry name="$AgentId" value="1" />
                        <Entry name="$AgentLoadDistributor" value="Microsoft.VisualStudio.TestTools.Execution.AgentLoadDistributor" />
                        <Entry name="$TestDir" value="C:\Documents and Settings\ASUS X82Q SERIES\My Documents\Visual Studio 2008\Projects\TestProject\TestResults\ASUS X82Q SERIES_ASUS 2010-11-23 21_08_28" />
                        <Entry name="$AgentWeighting" value="100" />
                        <Entry name="$WebTestIteration" value="1" />
                        <Entry name="$WebTestUserId" value="1" />
                      </Context>
                    </WebRequestResult>
                    <WebRequestResult exceptionMessage="" run="0" submitted="true" cached="false" isRedirectFollow="false" requestBodyBytesHandle="-2" responseBytesHandle="9">
                      <Request url="http://localhost/industry/library/js/jquery.dropdown.js" command="GET /industry/library/js/jquery.dropdown.js HTTP/1.1" encoding="utf-8">
                        <Headers>Referer : http://localhost/industry/index.php?mod=intro
User-Agent : Mozilla/4.0 (compatible; MSIE 7.0; Windows NT 5.1)
Accept : */*
Accept-Language : en-us
Accept-Encoding : GZIP
Host : localhost
Cookie : PHPSESSID=5a0b064b9e2796918842c00f72e52f69; mylang=vietnam
</Headers>
                      </Request>
                      <Response url="http://localhost/industry/library/js/jquery.dropdown.js" contentType="application/x-javascript" statusLine="HTTP/1.1 200 OK" pageTime="NaN" time="0.013" statusCodeString="200 OK" contentLength="387">
                        <Headers>Accept-Ranges : bytes
Content-Length : 387
Content-Type : application/x-javascript
Date : Tue, 23 Nov 2010 14:08:39 GMT
ETag : "640c11a0-183-835d2100"
Last-Modified : Mon, 08 Jun 2009 11:26:28 GMT
Server : Apache/2.2.4 (Win32) PHP/5.2.1
</Headers>
                      </Response>
                      <Context>
                        <Entry name="$TotalAgents" value="1" />
                        <Entry name="$ControllerName" value="ASUS" />
                        <Entry name="$AgentName" value="ASUS" />
                        <Entry name="$TestLogsDir" value="C:\Documents and Settings\ASUS X82Q SERIES\My Documents\Visual Studio 2008\Projects\TestProject\TestResults\ASUS X82Q SERIES_ASUS 2010-11-23 21_08_28\In\ASUS" />
                        <Entry name="$TestDeploymentDir" value="C:\Documents and Settings\ASUS X82Q SERIES\My Documents\Visual Studio 2008\Projects\TestProject\TestResults\ASUS X82Q SERIES_ASUS 2010-11-23 21_08_28\Out" />
                        <Entry name="$AgentId" value="1" />
                        <Entry name="$AgentLoadDistributor" value="Microsoft.VisualStudio.TestTools.Execution.AgentLoadDistributor" />
                        <Entry name="$TestDir" value="C:\Documents and Settings\ASUS X82Q SERIES\My Documents\Visual Studio 2008\Projects\TestProject\TestResults\ASUS X82Q SERIES_ASUS 2010-11-23 21_08_28" />
                        <Entry name="$AgentWeighting" value="100" />
                        <Entry name="$WebTestIteration" value="1" />
                        <Entry name="$WebTestUserId" value="1" />
                      </Context>
                    </WebRequestResult>
                    <WebRequestResult exceptionMessage="" run="0" submitted="true" cached="false" isRedirectFollow="false" requestBodyBytesHandle="-2" responseBytesHandle="10">
                      <Request url="http://localhost/industry/SpryAssets/SpryTabbedPanels.js" command="GET /industry/SpryAssets/SpryTabbedPanels.js HTTP/1.1" encoding="utf-8">
                        <Headers>Referer : http://localhost/industry/index.php?mod=intro
User-Agent : Mozilla/4.0 (compatible; MSIE 7.0; Windows NT 5.1)
Accept : */*
Accept-Language : en-us
Accept-Encoding : GZIP
Host : localhost
Cookie : PHPSESSID=5a0b064b9e2796918842c00f72e52f69; mylang=vietnam
</Headers>
                      </Request>
                      <Response url="http://localhost/industry/SpryAssets/SpryTabbedPanels.js" contentType="application/x-javascript" statusLine="HTTP/1.1 200 OK" pageTime="NaN" time="0.026" statusCodeString="200 OK" contentLength="10941">
                        <Headers>X-Pad : avoid browser bug
Accept-Ranges : bytes
Content-Length : 10941
Content-Type : application/x-javascript
Date : Tue, 23 Nov 2010 14:08:39 GMT
ETag : "4e5990e0-2abd-57842300"
Last-Modified : Tue, 27 Jul 2010 10:55:40 GMT
Server : Apache/2.2.4 (Win32) PHP/5.2.1
</Headers>
                      </Response>
                      <Context>
                        <Entry name="$TotalAgents" value="1" />
                        <Entry name="$ControllerName" value="ASUS" />
                        <Entry name="$AgentName" value="ASUS" />
                        <Entry name="$TestLogsDir" value="C:\Documents and Settings\ASUS X82Q SERIES\My Documents\Visual Studio 2008\Projects\TestProject\TestResults\ASUS X82Q SERIES_ASUS 2010-11-23 21_08_28\In\ASUS" />
                        <Entry name="$TestDeploymentDir" value="C:\Documents and Settings\ASUS X82Q SERIES\My Documents\Visual Studio 2008\Projects\TestProject\TestResults\ASUS X82Q SERIES_ASUS 2010-11-23 21_08_28\Out" />
                        <Entry name="$AgentId" value="1" />
                        <Entry name="$AgentLoadDistributor" value="Microsoft.VisualStudio.TestTools.Execution.AgentLoadDistributor" />
                        <Entry name="$TestDir" value="C:\Documents and Settings\ASUS X82Q SERIES\My Documents\Visual Studio 2008\Projects\TestProject\TestResults\ASUS X82Q SERIES_ASUS 2010-11-23 21_08_28" />
                        <Entry name="$AgentWeighting" value="100" />
                        <Entry name="$WebTestIteration" value="1" />
                        <Entry name="$WebTestUserId" value="1" />
                      </Context>
                    </WebRequestResult>
                    <WebRequestResult exceptionMessage="" run="0" submitted="true" cached="false" isRedirectFollow="false" requestBodyBytesHandle="-2" responseBytesHandle="11">
                      <Request url="http://localhost/industry/library/js/jquery_menu.js" command="GET /industry/library/js/jquery_menu.js HTTP/1.1" encoding="utf-8">
                        <Headers>Referer : http://localhost/industry/index.php?mod=intro
User-Agent : Mozilla/4.0 (compatible; MSIE 7.0; Windows NT 5.1)
Accept : */*
Accept-Language : en-us
Accept-Encoding : GZIP
Host : localhost
Cookie : PHPSESSID=5a0b064b9e2796918842c00f72e52f69; mylang=vietnam
</Headers>
                      </Request>
                      <Response url="http://localhost/industry/library/js/jquery_menu.js" contentType="application/x-javascript" statusLine="HTTP/1.1 200 OK" pageTime="NaN" time="0.071" statusCodeString="200 OK" contentLength="57170">
                        <Headers>X-Pad : avoid browser bug
Accept-Ranges : bytes
Content-Length : 57170
Content-Type : application/x-javascript
Date : Tue, 23 Nov 2010 14:08:39 GMT
ETag : "640c1260-df52-984af280"
Last-Modified : Tue, 27 Jul 2010 02:52:42 GMT
Server : Apache/2.2.4 (Win32) PHP/5.2.1
</Headers>
                      </Response>
                      <Context>
                        <Entry name="$TotalAgents" value="1" />
                        <Entry name="$ControllerName" value="ASUS" />
                        <Entry name="$AgentName" value="ASUS" />
                        <Entry name="$TestLogsDir" value="C:\Documents and Settings\ASUS X82Q SERIES\My Documents\Visual Studio 2008\Projects\TestProject\TestResults\ASUS X82Q SERIES_ASUS 2010-11-23 21_08_28\In\ASUS" />
                        <Entry name="$TestDeploymentDir" value="C:\Documents and Settings\ASUS X82Q SERIES\My Documents\Visual Studio 2008\Projects\TestProject\TestResults\ASUS X82Q SERIES_ASUS 2010-11-23 21_08_28\Out" />
                        <Entry name="$AgentId" value="1" />
                        <Entry name="$AgentLoadDistributor" value="Microsoft.VisualStudio.TestTools.Execution.AgentLoadDistributor" />
                        <Entry name="$TestDir" value="C:\Documents and Settings\ASUS X82Q SERIES\My Documents\Visual Studio 2008\Projects\TestProject\TestResults\ASUS X82Q SERIES_ASUS 2010-11-23 21_08_28" />
                        <Entry name="$AgentWeighting" value="100" />
                        <Entry name="$WebTestIteration" value="1" />
                        <Entry name="$WebTestUserId" value="1" />
                      </Context>
                    </WebRequestResult>
                    <WebRequestResult exceptionMessage="" run="0" submitted="true" cached="false" isRedirectFollow="false" requestBodyBytesHandle="-2" responseBytesHandle="13">
                      <Request url="http://localhost/industry/flags/vn.gif" command="GET /industry/flags/vn.gif HTTP/1.1" encoding="utf-8">
                        <Headers>Referer : http://localhost/industry/index.php?mod=intro
User-Agent : Mozilla/4.0 (compatible; MSIE 7.0; Windows NT 5.1)
Accept : */*
Accept-Language : en-us
Accept-Encoding : GZIP
Host : localhost
Cookie : PHPSESSID=5a0b064b9e2796918842c00f72e52f69; mylang=vietnam
</Headers>
                      </Request>
                      <Response url="http://localhost/industry/flags/vn.gif" contentType="image/gif" statusLine="HTTP/1.1 200 OK" pageTime="NaN" time="0.005" statusCodeString="200 OK" contentLength="6872">
                        <Headers>Accept-Ranges : bytes
Content-Length : 6872
Content-Type : image/gif
Date : Tue, 23 Nov 2010 14:08:39 GMT
ETag : "624610c0-1ad8-5ae82180"
Last-Modified : Thu, 09 Jul 2009 05:44:54 GMT
Server : Apache/2.2.4 (Win32) PHP/5.2.1
</Headers>
                      </Response>
                      <Context>
                        <Entry name="$TotalAgents" value="1" />
                        <Entry name="$ControllerName" value="ASUS" />
                        <Entry name="$AgentName" value="ASUS" />
                        <Entry name="$TestLogsDir" value="C:\Documents and Settings\ASUS X82Q SERIES\My Documents\Visual Studio 2008\Projects\TestProject\TestResults\ASUS X82Q SERIES_ASUS 2010-11-23 21_08_28\In\ASUS" />
                        <Entry name="$TestDeploymentDir" value="C:\Documents and Settings\ASUS X82Q SERIES\My Documents\Visual Studio 2008\Projects\TestProject\TestResults\ASUS X82Q SERIES_ASUS 2010-11-23 21_08_28\Out" />
                        <Entry name="$AgentId" value="1" />
                        <Entry name="$AgentLoadDistributor" value="Microsoft.VisualStudio.TestTools.Execution.AgentLoadDistributor" />
                        <Entry name="$TestDir" value="C:\Documents and Settings\ASUS X82Q SERIES\My Documents\Visual Studio 2008\Projects\TestProject\TestResults\ASUS X82Q SERIES_ASUS 2010-11-23 21_08_28" />
                        <Entry name="$AgentWeighting" value="100" />
                        <Entry name="$WebTestIteration" value="1" />
                        <Entry name="$WebTestUserId" value="1" />
                      </Context>
                    </WebRequestResult>
                    <WebRequestResult exceptionMessage="" run="0" submitted="true" cached="false" isRedirectFollow="false" requestBodyBytesHandle="-2" responseBytesHandle="12">
                      <Request url="http://localhost/industry/library/js/rainbow.js" command="GET /industry/library/js/rainbow.js HTTP/1.1" encoding="utf-8">
                        <Headers>Referer : http://localhost/industry/index.php?mod=intro
User-Agent : Mozilla/4.0 (compatible; MSIE 7.0; Windows NT 5.1)
Accept : */*
Accept-Language : en-us
Accept-Encoding : GZIP
Host : localhost
Cookie : PHPSESSID=5a0b064b9e2796918842c00f72e52f69; mylang=vietnam
</Headers>
                      </Request>
                      <Response url="http://localhost/industry/library/js/rainbow.js" contentType="application/x-javascript" statusLine="HTTP/1.1 200 OK" pageTime="NaN" time="0.018" statusCodeString="200 OK" contentLength="7776">
                        <Headers>X-Pad : avoid browser bug
Accept-Ranges : bytes
Content-Length : 7776
Content-Type : application/x-javascript
Date : Tue, 23 Nov 2010 14:08:39 GMT
ETag : "640c1320-1e60-a3ab8780"
Last-Modified : Sun, 29 Aug 2010 09:04:46 GMT
Server : Apache/2.2.4 (Win32) PHP/5.2.1
</Headers>
                      </Response>
                      <Context>
                        <Entry name="$TotalAgents" value="1" />
                        <Entry name="$ControllerName" value="ASUS" />
                        <Entry name="$AgentName" value="ASUS" />
                        <Entry name="$TestLogsDir" value="C:\Documents and Settings\ASUS X82Q SERIES\My Documents\Visual Studio 2008\Projects\TestProject\TestResults\ASUS X82Q SERIES_ASUS 2010-11-23 21_08_28\In\ASUS" />
                        <Entry name="$TestDeploymentDir" value="C:\Documents and Settings\ASUS X82Q SERIES\My Documents\Visual Studio 2008\Projects\TestProject\TestResults\ASUS X82Q SERIES_ASUS 2010-11-23 21_08_28\Out" />
                        <Entry name="$AgentId" value="1" />
                        <Entry name="$AgentLoadDistributor" value="Microsoft.VisualStudio.TestTools.Execution.AgentLoadDistributor" />
                        <Entry name="$TestDir" value="C:\Documents and Settings\ASUS X82Q SERIES\My Documents\Visual Studio 2008\Projects\TestProject\TestResults\ASUS X82Q SERIES_ASUS 2010-11-23 21_08_28" />
                        <Entry name="$AgentWeighting" value="100" />
                        <Entry name="$WebTestIteration" value="1" />
                        <Entry name="$WebTestUserId" value="1" />
                      </Context>
                    </WebRequestResult>
                    <WebRequestResult exceptionMessage="" run="0" submitted="true" cached="false" isRedirectFollow="false" requestBodyBytesHandle="-2" responseBytesHandle="15">
                      <Request url="http://localhost/industry/interface/search.jpg" command="GET /industry/interface/search.jpg HTTP/1.1" encoding="utf-8">
                        <Headers>Referer : http://localhost/industry/index.php?mod=intro
User-Agent : Mozilla/4.0 (compatible; MSIE 7.0; Windows NT 5.1)
Accept : */*
Accept-Language : en-us
Accept-Encoding : GZIP
Host : localhost
Cookie : PHPSESSID=5a0b064b9e2796918842c00f72e52f69; mylang=vietnam
</Headers>
                      </Request>
                      <Response url="http://localhost/industry/interface/search.jpg" contentType="image/jpeg" statusLine="HTTP/1.1 200 OK" pageTime="NaN" time="0.004" statusCodeString="200 OK" contentLength="1525">
                        <Headers>Accept-Ranges : bytes
Content-Length : 1525
Content-Type : image/jpeg
Date : Tue, 23 Nov 2010 14:08:39 GMT
ETag : "63f09960-5f5-160fc780"
Last-Modified : Sun, 25 Jul 2010 16:51:58 GMT
Server : Apache/2.2.4 (Win32) PHP/5.2.1
</Headers>
                      </Response>
                      <Context>
                        <Entry name="$TotalAgents" value="1" />
                        <Entry name="$ControllerName" value="ASUS" />
                        <Entry name="$AgentName" value="ASUS" />
                        <Entry name="$TestLogsDir" value="C:\Documents and Settings\ASUS X82Q SERIES\My Documents\Visual Studio 2008\Projects\TestProject\TestResults\ASUS X82Q SERIES_ASUS 2010-11-23 21_08_28\In\ASUS" />
                        <Entry name="$TestDeploymentDir" value="C:\Documents and Settings\ASUS X82Q SERIES\My Documents\Visual Studio 2008\Projects\TestProject\TestResults\ASUS X82Q SERIES_ASUS 2010-11-23 21_08_28\Out" />
                        <Entry name="$AgentId" value="1" />
                        <Entry name="$AgentLoadDistributor" value="Microsoft.VisualStudio.TestTools.Execution.AgentLoadDistributor" />
                        <Entry name="$TestDir" value="C:\Documents and Settings\ASUS X82Q SERIES\My Documents\Visual Studio 2008\Projects\TestProject\TestResults\ASUS X82Q SERIES_ASUS 2010-11-23 21_08_28" />
                        <Entry name="$AgentWeighting" value="100" />
                        <Entry name="$WebTestIteration" value="1" />
                        <Entry name="$WebTestUserId" value="1" />
                      </Context>
                    </WebRequestResult>
                    <WebRequestResult exceptionMessage="" run="0" submitted="true" cached="false" isRedirectFollow="false" requestBodyBytesHandle="-2" responseBytesHandle="14">
                      <Request url="http://localhost/industry/flags/en.gif" command="GET /industry/flags/en.gif HTTP/1.1" encoding="utf-8">
                        <Headers>Referer : http://localhost/industry/index.php?mod=intro
User-Agent : Mozilla/4.0 (compatible; MSIE 7.0; Windows NT 5.1)
Accept : */*
Accept-Language : en-us
Accept-Encoding : GZIP
Host : localhost
Cookie : PHPSESSID=5a0b064b9e2796918842c00f72e52f69; mylang=vietnam
</Headers>
                      </Request>
                      <Response url="http://localhost/industry/flags/en.gif" contentType="image/gif" statusLine="HTTP/1.1 200 OK" pageTime="NaN" time="0.007" statusCodeString="200 OK" contentLength="8275">
                        <Headers>Accept-Ranges : bytes
Content-Length : 8275
Content-Type : image/gif
Date : Tue, 23 Nov 2010 14:08:39 GMT
ETag : "62461040-2053-5de31200"
Last-Modified : Thu, 09 Jul 2009 05:45:44 GMT
Server : Apache/2.2.4 (Win32) PHP/5.2.1
</Headers>
                      </Response>
                      <Context>
                        <Entry name="$TotalAgents" value="1" />
                        <Entry name="$ControllerName" value="ASUS" />
                        <Entry name="$AgentName" value="ASUS" />
                        <Entry name="$TestLogsDir" value="C:\Documents and Settings\ASUS X82Q SERIES\My Documents\Visual Studio 2008\Projects\TestProject\TestResults\ASUS X82Q SERIES_ASUS 2010-11-23 21_08_28\In\ASUS" />
                        <Entry name="$TestDeploymentDir" value="C:\Documents and Settings\ASUS X82Q SERIES\My Documents\Visual Studio 2008\Projects\TestProject\TestResults\ASUS X82Q SERIES_ASUS 2010-11-23 21_08_28\Out" />
                        <Entry name="$AgentId" value="1" />
                        <Entry name="$AgentLoadDistributor" value="Microsoft.VisualStudio.TestTools.Execution.AgentLoadDistributor" />
                        <Entry name="$TestDir" value="C:\Documents and Settings\ASUS X82Q SERIES\My Documents\Visual Studio 2008\Projects\TestProject\TestResults\ASUS X82Q SERIES_ASUS 2010-11-23 21_08_28" />
                        <Entry name="$AgentWeighting" value="100" />
                        <Entry name="$WebTestIteration" value="1" />
                        <Entry name="$WebTestUserId" value="1" />
                      </Context>
                    </WebRequestResult>
                  </DependantResults>
                  <ValidationRuleResults>
                    <ValidationRuleResult message="Passed" ruleType="Validation" name="Response URL" />
                  </ValidationRuleResults>
                </WebRequestResult>
              </WebTestResultPage>
              <WebTestResultPage>
                <WebRequestResult exceptionMessage="" run="0" submitted="true" cached="false" isRedirectFollow="false" requestBodyBytesHandle="-2" responseBytesHandle="0">
                  <Request url="http://localhost/industry/index.php" command="GET /industry/index.php HTTP/1.1" encoding="utf-8">
                    <Headers>User-Agent : Mozilla/4.0 (compatible; MSIE 7.0; Windows NT 5.1)
Accept : */*
Accept-Language : en-us
Accept-Encoding : GZIP
Host : localhost
Cookie : PHPSESSID=5a0b064b9e2796918842c00f72e52f69; mylang=vietnam
</Headers>
                  </Request>
                  <Response url="http://localhost/industry/index.php" contentType="text/html; charset=utf-8" statusLine="HTTP/1.1 200 OK" pageTime="0.705" time="0.44" statusCodeString="200 OK" contentLength="30539">
                    <Headers>Pragma : no-cache
Transfer-Encoding : chunked
Cache-Control : no-store, no-cache, must-revalidate, post-check=0, pre-check=0
Content-Type : text/html; charset:utf-8
Date : Tue, 23 Nov 2010 14:08:39 GMT
Expires : Thu, 19 Nov 1981 08:52:00 GMT
Set-Cookie : mylang=vietnam; expires=Tue, 30-Nov-2010 14:08:39 GMT; path=/
Server : Apache/2.2.4 (Win32) PHP/5.2.1
X-Powered-By : PHP/5.2.1
</Headers>
                  </Response>
                  <Context>
                    <Entry name="$TotalAgents" value="1" />
                    <Entry name="$ControllerName" value="ASUS" />
                    <Entry name="$AgentName" value="ASUS" />
                    <Entry name="$TestLogsDir" value="C:\Documents and Settings\ASUS X82Q SERIES\My Documents\Visual Studio 2008\Projects\TestProject\TestResults\ASUS X82Q SERIES_ASUS 2010-11-23 21_08_28\In\ASUS" />
                    <Entry name="$TestDeploymentDir" value="C:\Documents and Settings\ASUS X82Q SERIES\My Documents\Visual Studio 2008\Projects\TestProject\TestResults\ASUS X82Q SERIES_ASUS 2010-11-23 21_08_28\Out" />
                    <Entry name="$AgentId" value="1" />
                    <Entry name="$AgentLoadDistributor" value="Microsoft.VisualStudio.TestTools.Execution.AgentLoadDistributor" />
                    <Entry name="$TestDir" value="C:\Documents and Settings\ASUS X82Q SERIES\My Documents\Visual Studio 2008\Projects\TestProject\TestResults\ASUS X82Q SERIES_ASUS 2010-11-23 21_08_28" />
                    <Entry name="$AgentWeighting" value="100" />
                    <Entry name="$WebTestIteration" value="1" />
                    <Entry name="$WebTestUserId" value="1" />
                  </Context>
                  <DependantResults>
                    <WebRequestResult exceptionMessage="" run="0" submitted="true" cached="false" isRedirectFollow="false" requestBodyBytesHandle="-2" responseBytesHandle="2">
                      <Request url="http://localhost/industry/library/CSS/style_menu.css" command="GET /industry/library/CSS/style_menu.css HTTP/1.1" encoding="utf-8">
                        <Headers>Referer : http://localhost/industry/index.php
User-Agent : Mozilla/4.0 (compatible; MSIE 7.0; Windows NT 5.1)
Accept : */*
Accept-Language : en-us
Accept-Encoding : GZIP
Host : localhost
Cookie : PHPSESSID=5a0b064b9e2796918842c00f72e52f69; mylang=vietnam
</Headers>
                      </Request>
                      <Response url="http://localhost/industry/library/CSS/style_menu.css" contentType="text/css" statusLine="HTTP/1.1 200 OK" pageTime="NaN" time="0.007" statusCodeString="200 OK" contentLength="1103">
                        <Headers>Accept-Ranges : bytes
Content-Length : 1103
Content-Type : text/css
Date : Tue, 23 Nov 2010 14:08:39 GMT
ETag : "641553c0-44f-9c443c00"
Last-Modified : Fri, 27 Aug 2010 12:54:08 GMT
Server : Apache/2.2.4 (Win32) PHP/5.2.1
</Headers>
                      </Response>
                      <Context>
                        <Entry name="$TotalAgents" value="1" />
                        <Entry name="$ControllerName" value="ASUS" />
                        <Entry name="$AgentName" value="ASUS" />
                        <Entry name="$TestLogsDir" value="C:\Documents and Settings\ASUS X82Q SERIES\My Documents\Visual Studio 2008\Projects\TestProject\TestResults\ASUS X82Q SERIES_ASUS 2010-11-23 21_08_28\In\ASUS" />
                        <Entry name="$TestDeploymentDir" value="C:\Documents and Settings\ASUS X82Q SERIES\My Documents\Visual Studio 2008\Projects\TestProject\TestResults\ASUS X82Q SERIES_ASUS 2010-11-23 21_08_28\Out" />
                        <Entry name="$AgentId" value="1" />
                        <Entry name="$AgentLoadDistributor" value="Microsoft.VisualStudio.TestTools.Execution.AgentLoadDistributor" />
                        <Entry name="$TestDir" value="C:\Documents and Settings\ASUS X82Q SERIES\My Documents\Visual Studio 2008\Projects\TestProject\TestResults\ASUS X82Q SERIES_ASUS 2010-11-23 21_08_28" />
                        <Entry name="$AgentWeighting" value="100" />
                        <Entry name="$WebTestIteration" value="1" />
                        <Entry name="$WebTestUserId" value="1" />
                      </Context>
                    </WebRequestResult>
                    <WebRequestResult exceptionMessage="" run="0" submitted="true" cached="false" isRedirectFollow="false" requestBodyBytesHandle="-2" responseBytesHandle="1">
                      <Request url="http://localhost/industry/library/CSS/style.css" command="GET /industry/library/CSS/style.css HTTP/1.1" encoding="utf-8">
                        <Headers>Referer : http://localhost/industry/index.php
User-Agent : Mozilla/4.0 (compatible; MSIE 7.0; Windows NT 5.1)
Accept : */*
Accept-Language : en-us
Accept-Encoding : GZIP
Host : localhost
Cookie : PHPSESSID=5a0b064b9e2796918842c00f72e52f69; mylang=vietnam
</Headers>
                      </Request>
                      <Response url="http://localhost/industry/library/CSS/style.css" contentType="text/css" statusLine="HTTP/1.1 200 OK" pageTime="NaN" time="0.008" statusCodeString="200 OK" contentLength="9991">
                        <Headers>Accept-Ranges : bytes
Content-Length : 9991
Content-Type : text/css
Date : Tue, 23 Nov 2010 14:08:39 GMT
ETag : "64155240-2707-e0400a80"
Last-Modified : Fri, 24 Sep 2010 18:52:10 GMT
Server : Apache/2.2.4 (Win32) PHP/5.2.1
</Headers>
                      </Response>
                      <Context>
                        <Entry name="$TotalAgents" value="1" />
                        <Entry name="$ControllerName" value="ASUS" />
                        <Entry name="$AgentName" value="ASUS" />
                        <Entry name="$TestLogsDir" value="C:\Documents and Settings\ASUS X82Q SERIES\My Documents\Visual Studio 2008\Projects\TestProject\TestResults\ASUS X82Q SERIES_ASUS 2010-11-23 21_08_28\In\ASUS" />
                        <Entry name="$TestDeploymentDir" value="C:\Documents and Settings\ASUS X82Q SERIES\My Documents\Visual Studio 2008\Projects\TestProject\TestResults\ASUS X82Q SERIES_ASUS 2010-11-23 21_08_28\Out" />
                        <Entry name="$AgentId" value="1" />
                        <Entry name="$AgentLoadDistributor" value="Microsoft.VisualStudio.TestTools.Execution.AgentLoadDistributor" />
                        <Entry name="$TestDir" value="C:\Documents and Settings\ASUS X82Q SERIES\My Documents\Visual Studio 2008\Projects\TestProject\TestResults\ASUS X82Q SERIES_ASUS 2010-11-23 21_08_28" />
                        <Entry name="$AgentWeighting" value="100" />
                        <Entry name="$WebTestIteration" value="1" />
                        <Entry name="$WebTestUserId" value="1" />
                      </Context>
                    </WebRequestResult>
                    <WebRequestResult exceptionMessage="" run="0" submitted="true" cached="false" isRedirectFollow="false" requestBodyBytesHandle="-2" responseBytesHandle="3">
                      <Request url="http://localhost/industry/library/CSS/style_menu_stand.css" command="GET /industry/library/CSS/style_menu_stand.css HTTP/1.1" encoding="utf-8">
                        <Headers>Referer : http://localhost/industry/index.php
User-Agent : Mozilla/4.0 (compatible; MSIE 7.0; Windows NT 5.1)
Accept : */*
Accept-Language : en-us
Accept-Encoding : GZIP
Host : localhost
Cookie : PHPSESSID=5a0b064b9e2796918842c00f72e52f69; mylang=vietnam
</Headers>
                      </Request>
                      <Response url="http://localhost/industry/library/CSS/style_menu_stand.css" contentType="text/css" statusLine="HTTP/1.1 200 OK" pageTime="NaN" time="0.007" statusCodeString="200 OK" contentLength="3617">
                        <Headers>Accept-Ranges : bytes
Content-Length : 3617
Content-Type : text/css
Date : Tue, 23 Nov 2010 14:08:39 GMT
ETag : "64155480-e21-2d19c900"
Last-Modified : Wed, 08 Sep 2010 14:17:40 GMT
Server : Apache/2.2.4 (Win32) PHP/5.2.1
</Headers>
                      </Response>
                      <Context>
                        <Entry name="$TotalAgents" value="1" />
                        <Entry name="$ControllerName" value="ASUS" />
                        <Entry name="$AgentName" value="ASUS" />
                        <Entry name="$TestLogsDir" value="C:\Documents and Settings\ASUS X82Q SERIES\My Documents\Visual Studio 2008\Projects\TestProject\TestResults\ASUS X82Q SERIES_ASUS 2010-11-23 21_08_28\In\ASUS" />
                        <Entry name="$TestDeploymentDir" value="C:\Documents and Settings\ASUS X82Q SERIES\My Documents\Visual Studio 2008\Projects\TestProject\TestResults\ASUS X82Q SERIES_ASUS 2010-11-23 21_08_28\Out" />
                        <Entry name="$AgentId" value="1" />
                        <Entry name="$AgentLoadDistributor" value="Microsoft.VisualStudio.TestTools.Execution.AgentLoadDistributor" />
                        <Entry name="$TestDir" value="C:\Documents and Settings\ASUS X82Q SERIES\My Documents\Visual Studio 2008\Projects\TestProject\TestResults\ASUS X82Q SERIES_ASUS 2010-11-23 21_08_28" />
                        <Entry name="$AgentWeighting" value="100" />
                        <Entry name="$WebTestIteration" value="1" />
                        <Entry name="$WebTestUserId" value="1" />
                      </Context>
                    </WebRequestResult>
                    <WebRequestResult exceptionMessage="" run="0" submitted="true" cached="false" isRedirectFollow="false" requestBodyBytesHandle="-2" responseBytesHandle="4">
                      <Request url="http://localhost/industry/library/CSS/style_contac.css" command="GET /industry/library/CSS/style_contac.css HTTP/1.1" encoding="utf-8">
                        <Headers>Referer : http://localhost/industry/index.php
User-Agent : Mozilla/4.0 (compatible; MSIE 7.0; Windows NT 5.1)
Accept : */*
Accept-Language : en-us
Accept-Encoding : GZIP
Host : localhost
Cookie : PHPSESSID=5a0b064b9e2796918842c00f72e52f69; mylang=vietnam
</Headers>
                      </Request>
                      <Response url="http://localhost/industry/library/CSS/style_contac.css" contentType="text/css" statusLine="HTTP/1.1 200 OK" pageTime="NaN" time="0.008" statusCodeString="200 OK" contentLength="2894">
                        <Headers>Accept-Ranges : bytes
Content-Length : 2894
Content-Type : text/css
Date : Tue, 23 Nov 2010 14:08:39 GMT
ETag : "64155300-b4e-b11efc00"
Last-Modified : Sun, 19 Sep 2010 03:50:08 GMT
Server : Apache/2.2.4 (Win32) PHP/5.2.1
</Headers>
                      </Response>
                      <Context>
                        <Entry name="$TotalAgents" value="1" />
                        <Entry name="$ControllerName" value="ASUS" />
                        <Entry name="$AgentName" value="ASUS" />
                        <Entry name="$TestLogsDir" value="C:\Documents and Settings\ASUS X82Q SERIES\My Documents\Visual Studio 2008\Projects\TestProject\TestResults\ASUS X82Q SERIES_ASUS 2010-11-23 21_08_28\In\ASUS" />
                        <Entry name="$TestDeploymentDir" value="C:\Documents and Settings\ASUS X82Q SERIES\My Documents\Visual Studio 2008\Projects\TestProject\TestResults\ASUS X82Q SERIES_ASUS 2010-11-23 21_08_28\Out" />
                        <Entry name="$AgentId" value="1" />
                        <Entry name="$AgentLoadDistributor" value="Microsoft.VisualStudio.TestTools.Execution.AgentLoadDistributor" />
                        <Entry name="$TestDir" value="C:\Documents and Settings\ASUS X82Q SERIES\My Documents\Visual Studio 2008\Projects\TestProject\TestResults\ASUS X82Q SERIES_ASUS 2010-11-23 21_08_28" />
                        <Entry name="$AgentWeighting" value="100" />
                        <Entry name="$WebTestIteration" value="1" />
                        <Entry name="$WebTestUserId" value="1" />
                      </Context>
                    </WebRequestResult>
                    <WebRequestResult exceptionMessage="" run="0" submitted="true" cached="false" isRedirectFollow="false" requestBodyBytesHandle="-2" responseBytesHandle="6">
                      <Request url="http://localhost/industry/SpryAssets/SpryTabbedPanels.css" command="GET /industry/SpryAssets/SpryTabbedPanels.css HTTP/1.1" encoding="utf-8">
                        <Headers>Referer : http://localhost/industry/index.php
User-Agent : Mozilla/4.0 (compatible; MSIE 7.0; Windows NT 5.1)
Accept : */*
Accept-Language : en-us
Accept-Encoding : GZIP
Host : localhost
Cookie : PHPSESSID=5a0b064b9e2796918842c00f72e52f69; mylang=vietnam
</Headers>
                      </Request>
                      <Response url="http://localhost/industry/SpryAssets/SpryTabbedPanels.css" contentType="text/css" statusLine="HTTP/1.1 200 OK" pageTime="NaN" time="0.008" statusCodeString="200 OK" contentLength="8136">
                        <Headers>Accept-Ranges : bytes
Content-Length : 8136
Content-Type : text/css
Date : Tue, 23 Nov 2010 14:08:39 GMT
ETag : "4e599080-1fc8-9b0fe900"
Last-Modified : Thu, 02 Sep 2010 07:17:24 GMT
Server : Apache/2.2.4 (Win32) PHP/5.2.1
</Headers>
                      </Response>
                      <Context>
                        <Entry name="$TotalAgents" value="1" />
                        <Entry name="$ControllerName" value="ASUS" />
                        <Entry name="$AgentName" value="ASUS" />
                        <Entry name="$TestLogsDir" value="C:\Documents and Settings\ASUS X82Q SERIES\My Documents\Visual Studio 2008\Projects\TestProject\TestResults\ASUS X82Q SERIES_ASUS 2010-11-23 21_08_28\In\ASUS" />
                        <Entry name="$TestDeploymentDir" value="C:\Documents and Settings\ASUS X82Q SERIES\My Documents\Visual Studio 2008\Projects\TestProject\TestResults\ASUS X82Q SERIES_ASUS 2010-11-23 21_08_28\Out" />
                        <Entry name="$AgentId" value="1" />
                        <Entry name="$AgentLoadDistributor" value="Microsoft.VisualStudio.TestTools.Execution.AgentLoadDistributor" />
                        <Entry name="$TestDir" value="C:\Documents and Settings\ASUS X82Q SERIES\My Documents\Visual Studio 2008\Projects\TestProject\TestResults\ASUS X82Q SERIES_ASUS 2010-11-23 21_08_28" />
                        <Entry name="$AgentWeighting" value="100" />
                        <Entry name="$WebTestIteration" value="1" />
                        <Entry name="$WebTestUserId" value="1" />
                      </Context>
                    </WebRequestResult>
                    <WebRequestResult exceptionMessage="" run="0" submitted="true" cached="false" isRedirectFollow="false" requestBodyBytesHandle="-2" responseBytesHandle="5">
                      <Request url="http://localhost/industry/library/css/dddropdownpanel.css" command="GET /industry/library/css/dddropdownpanel.css HTTP/1.1" encoding="utf-8">
                        <Headers>Referer : http://localhost/industry/index.php
User-Agent : Mozilla/4.0 (compatible; MSIE 7.0; Windows NT 5.1)
Accept : */*
Accept-Language : en-us
Accept-Encoding : GZIP
Host : localhost
Cookie : PHPSESSID=5a0b064b9e2796918842c00f72e52f69; mylang=vietnam
</Headers>
                      </Request>
                      <Response url="http://localhost/industry/library/css/dddropdownpanel.css" contentType="text/css" statusLine="HTTP/1.1 200 OK" pageTime="NaN" time="0.008" statusCodeString="200 OK" contentLength="1348">
                        <Headers>Accept-Ranges : bytes
Content-Length : 1348
Content-Type : text/css
Date : Tue, 23 Nov 2010 14:08:39 GMT
ETag : "64155140-544-6b422680"
Last-Modified : Tue, 31 Aug 2010 18:04:58 GMT
Server : Apache/2.2.4 (Win32) PHP/5.2.1
</Headers>
                      </Response>
                      <Context>
                        <Entry name="$TotalAgents" value="1" />
                        <Entry name="$ControllerName" value="ASUS" />
                        <Entry name="$AgentName" value="ASUS" />
                        <Entry name="$TestLogsDir" value="C:\Documents and Settings\ASUS X82Q SERIES\My Documents\Visual Studio 2008\Projects\TestProject\TestResults\ASUS X82Q SERIES_ASUS 2010-11-23 21_08_28\In\ASUS" />
                        <Entry name="$TestDeploymentDir" value="C:\Documents and Settings\ASUS X82Q SERIES\My Documents\Visual Studio 2008\Projects\TestProject\TestResults\ASUS X82Q SERIES_ASUS 2010-11-23 21_08_28\Out" />
                        <Entry name="$AgentId" value="1" />
                        <Entry name="$AgentLoadDistributor" value="Microsoft.VisualStudio.TestTools.Execution.AgentLoadDistributor" />
                        <Entry name="$TestDir" value="C:\Documents and Settings\ASUS X82Q SERIES\My Documents\Visual Studio 2008\Projects\TestProject\TestResults\ASUS X82Q SERIES_ASUS 2010-11-23 21_08_28" />
                        <Entry name="$AgentWeighting" value="100" />
                        <Entry name="$WebTestIteration" value="1" />
                        <Entry name="$WebTestUserId" value="1" />
                      </Context>
                    </WebRequestResult>
                    <WebRequestResult exceptionMessage="" run="0" submitted="true" cached="false" isRedirectFollow="false" requestBodyBytesHandle="-2" responseBytesHandle="7">
                      <Request url="http://localhost/industry/library/js/dddropdownpanel.js" command="GET /industry/library/js/dddropdownpanel.js HTTP/1.1" encoding="utf-8">
                        <Headers>Referer : http://localhost/industry/index.php
User-Agent : Mozilla/4.0 (compatible; MSIE 7.0; Windows NT 5.1)
Accept : */*
Accept-Language : en-us
Accept-Encoding : GZIP
Host : localhost
Cookie : PHPSESSID=5a0b064b9e2796918842c00f72e52f69; mylang=vietnam
</Headers>
                      </Request>
                      <Response url="http://localhost/industry/library/js/dddropdownpanel.js" contentType="application/x-javascript" statusLine="HTTP/1.1 200 OK" pageTime="NaN" time="0.018" statusCodeString="200 OK" contentLength="7251">
                        <Headers>X-Pad : avoid browser bug
Accept-Ranges : bytes
Content-Length : 7251
Content-Type : application/x-javascript
Date : Tue, 23 Nov 2010 14:08:39 GMT
ETag : "640c10e0-1c53-5a3f7180"
Last-Modified : Sat, 18 Sep 2010 09:32:06 GMT
Server : Apache/2.2.4 (Win32) PHP/5.2.1
</Headers>
                      </Response>
                      <Context>
                        <Entry name="$TotalAgents" value="1" />
                        <Entry name="$ControllerName" value="ASUS" />
                        <Entry name="$AgentName" value="ASUS" />
                        <Entry name="$TestLogsDir" value="C:\Documents and Settings\ASUS X82Q SERIES\My Documents\Visual Studio 2008\Projects\TestProject\TestResults\ASUS X82Q SERIES_ASUS 2010-11-23 21_08_28\In\ASUS" />
                        <Entry name="$TestDeploymentDir" value="C:\Documents and Settings\ASUS X82Q SERIES\My Documents\Visual Studio 2008\Projects\TestProject\TestResults\ASUS X82Q SERIES_ASUS 2010-11-23 21_08_28\Out" />
                        <Entry name="$AgentId" value="1" />
                        <Entry name="$AgentLoadDistributor" value="Microsoft.VisualStudio.TestTools.Execution.AgentLoadDistributor" />
                        <Entry name="$TestDir" value="C:\Documents and Settings\ASUS X82Q SERIES\My Documents\Visual Studio 2008\Projects\TestProject\TestResults\ASUS X82Q SERIES_ASUS 2010-11-23 21_08_28" />
                        <Entry name="$AgentWeighting" value="100" />
                        <Entry name="$WebTestIteration" value="1" />
                        <Entry name="$WebTestUserId" value="1" />
                      </Context>
                    </WebRequestResult>
                    <WebRequestResult exceptionMessage="" run="0" submitted="true" cached="false" isRedirectFollow="false" requestBodyBytesHandle="-2" responseBytesHandle="8">
                      <Request url="http://localhost/industry/library/js/script.js" command="GET /industry/library/js/script.js HTTP/1.1" encoding="utf-8">
                        <Headers>Referer : http://localhost/industry/index.php
User-Agent : Mozilla/4.0 (compatible; MSIE 7.0; Windows NT 5.1)
Accept : */*
Accept-Language : en-us
Accept-Encoding : GZIP
Host : localhost
Cookie : PHPSESSID=5a0b064b9e2796918842c00f72e52f69; mylang=vietnam
</Headers>
                      </Request>
                      <Response url="http://localhost/industry/library/js/script.js" contentType="application/x-javascript" statusLine="HTTP/1.1 200 OK" pageTime="NaN" time="0.005" statusCodeString="200 OK" contentLength="403">
                        <Headers>Accept-Ranges : bytes
Content-Length : 403
Content-Type : application/x-javascript
Date : Tue, 23 Nov 2010 14:08:39 GMT
ETag : "640c1340-193-56ac8480"
Last-Modified : Tue, 27 Jul 2010 06:09:06 GMT
Server : Apache/2.2.4 (Win32) PHP/5.2.1
</Headers>
                      </Response>
                      <Context>
                        <Entry name="$TotalAgents" value="1" />
                        <Entry name="$ControllerName" value="ASUS" />
                        <Entry name="$AgentName" value="ASUS" />
                        <Entry name="$TestLogsDir" value="C:\Documents and Settings\ASUS X82Q SERIES\My Documents\Visual Studio 2008\Projects\TestProject\TestResults\ASUS X82Q SERIES_ASUS 2010-11-23 21_08_28\In\ASUS" />
                        <Entry name="$TestDeploymentDir" value="C:\Documents and Settings\ASUS X82Q SERIES\My Documents\Visual Studio 2008\Projects\TestProject\TestResults\ASUS X82Q SERIES_ASUS 2010-11-23 21_08_28\Out" />
                        <Entry name="$AgentId" value="1" />
                        <Entry name="$AgentLoadDistributor" value="Microsoft.VisualStudio.TestTools.Execution.AgentLoadDistributor" />
                        <Entry name="$TestDir" value="C:\Documents and Settings\ASUS X82Q SERIES\My Documents\Visual Studio 2008\Projects\TestProject\TestResults\ASUS X82Q SERIES_ASUS 2010-11-23 21_08_28" />
                        <Entry name="$AgentWeighting" value="100" />
                        <Entry name="$WebTestIteration" value="1" />
                        <Entry name="$WebTestUserId" value="1" />
                      </Context>
                    </WebRequestResult>
                    <WebRequestResult exceptionMessage="" run="0" submitted="true" cached="false" isRedirectFollow="false" requestBodyBytesHandle="-2" responseBytesHandle="9">
                      <Request url="http://localhost/industry/library/js/jquery.dropdown.js" command="GET /industry/library/js/jquery.dropdown.js HTTP/1.1" encoding="utf-8">
                        <Headers>Referer : http://localhost/industry/index.php
User-Agent : Mozilla/4.0 (compatible; MSIE 7.0; Windows NT 5.1)
Accept : */*
Accept-Language : en-us
Accept-Encoding : GZIP
Host : localhost
Cookie : PHPSESSID=5a0b064b9e2796918842c00f72e52f69; mylang=vietnam
</Headers>
                      </Request>
                      <Response url="http://localhost/industry/library/js/jquery.dropdown.js" contentType="application/x-javascript" statusLine="HTTP/1.1 200 OK" pageTime="NaN" time="0.005" statusCodeString="200 OK" contentLength="387">
                        <Headers>Accept-Ranges : bytes
Content-Length : 387
Content-Type : application/x-javascript
Date : Tue, 23 Nov 2010 14:08:39 GMT
ETag : "640c11a0-183-835d2100"
Last-Modified : Mon, 08 Jun 2009 11:26:28 GMT
Server : Apache/2.2.4 (Win32) PHP/5.2.1
</Headers>
                      </Response>
                      <Context>
                        <Entry name="$TotalAgents" value="1" />
                        <Entry name="$ControllerName" value="ASUS" />
                        <Entry name="$AgentName" value="ASUS" />
                        <Entry name="$TestLogsDir" value="C:\Documents and Settings\ASUS X82Q SERIES\My Documents\Visual Studio 2008\Projects\TestProject\TestResults\ASUS X82Q SERIES_ASUS 2010-11-23 21_08_28\In\ASUS" />
                        <Entry name="$TestDeploymentDir" value="C:\Documents and Settings\ASUS X82Q SERIES\My Documents\Visual Studio 2008\Projects\TestProject\TestResults\ASUS X82Q SERIES_ASUS 2010-11-23 21_08_28\Out" />
                        <Entry name="$AgentId" value="1" />
                        <Entry name="$AgentLoadDistributor" value="Microsoft.VisualStudio.TestTools.Execution.AgentLoadDistributor" />
                        <Entry name="$TestDir" value="C:\Documents and Settings\ASUS X82Q SERIES\My Documents\Visual Studio 2008\Projects\TestProject\TestResults\ASUS X82Q SERIES_ASUS 2010-11-23 21_08_28" />
                        <Entry name="$AgentWeighting" value="100" />
                        <Entry name="$WebTestIteration" value="1" />
                        <Entry name="$WebTestUserId" value="1" />
                      </Context>
                    </WebRequestResult>
                    <WebRequestResult exceptionMessage="" run="0" submitted="true" cached="false" isRedirectFollow="false" requestBodyBytesHandle="-2" responseBytesHandle="10">
                      <Request url="http://localhost/industry/SpryAssets/SpryTabbedPanels.js" command="GET /industry/SpryAssets/SpryTabbedPanels.js HTTP/1.1" encoding="utf-8">
                        <Headers>Referer : http://localhost/industry/index.php
User-Agent : Mozilla/4.0 (compatible; MSIE 7.0; Windows NT 5.1)
Accept : */*
Accept-Language : en-us
Accept-Encoding : GZIP
Host : localhost
Cookie : PHPSESSID=5a0b064b9e2796918842c00f72e52f69; mylang=vietnam
</Headers>
                      </Request>
                      <Response url="http://localhost/industry/SpryAssets/SpryTabbedPanels.js" contentType="application/x-javascript" statusLine="HTTP/1.1 200 OK" pageTime="NaN" time="0.026" statusCodeString="200 OK" contentLength="10941">
                        <Headers>X-Pad : avoid browser bug
Accept-Ranges : bytes
Content-Length : 10941
Content-Type : application/x-javascript
Date : Tue, 23 Nov 2010 14:08:39 GMT
ETag : "4e5990e0-2abd-57842300"
Last-Modified : Tue, 27 Jul 2010 10:55:40 GMT
Server : Apache/2.2.4 (Win32) PHP/5.2.1
</Headers>
                      </Response>
                      <Context>
                        <Entry name="$TotalAgents" value="1" />
                        <Entry name="$ControllerName" value="ASUS" />
                        <Entry name="$AgentName" value="ASUS" />
                        <Entry name="$TestLogsDir" value="C:\Documents and Settings\ASUS X82Q SERIES\My Documents\Visual Studio 2008\Projects\TestProject\TestResults\ASUS X82Q SERIES_ASUS 2010-11-23 21_08_28\In\ASUS" />
                        <Entry name="$TestDeploymentDir" value="C:\Documents and Settings\ASUS X82Q SERIES\My Documents\Visual Studio 2008\Projects\TestProject\TestResults\ASUS X82Q SERIES_ASUS 2010-11-23 21_08_28\Out" />
                        <Entry name="$AgentId" value="1" />
                        <Entry name="$AgentLoadDistributor" value="Microsoft.VisualStudio.TestTools.Execution.AgentLoadDistributor" />
                        <Entry name="$TestDir" value="C:\Documents and Settings\ASUS X82Q SERIES\My Documents\Visual Studio 2008\Projects\TestProject\TestResults\ASUS X82Q SERIES_ASUS 2010-11-23 21_08_28" />
                        <Entry name="$AgentWeighting" value="100" />
                        <Entry name="$WebTestIteration" value="1" />
                        <Entry name="$WebTestUserId" value="1" />
                      </Context>
                    </WebRequestResult>
                    <WebRequestResult exceptionMessage="" run="0" submitted="true" cached="false" isRedirectFollow="false" requestBodyBytesHandle="-2" responseBytesHandle="11">
                      <Request url="http://localhost/industry/library/js/jquery_menu.js" command="GET /industry/library/js/jquery_menu.js HTTP/1.1" encoding="utf-8">
                        <Headers>Referer : http://localhost/industry/index.php
User-Agent : Mozilla/4.0 (compatible; MSIE 7.0; Windows NT 5.1)
Accept : */*
Accept-Language : en-us
Accept-Encoding : GZIP
Host : localhost
Cookie : PHPSESSID=5a0b064b9e2796918842c00f72e52f69; mylang=vietnam
</Headers>
                      </Request>
                      <Response url="http://localhost/industry/library/js/jquery_menu.js" contentType="application/x-javascript" statusLine="HTTP/1.1 200 OK" pageTime="NaN" time="0.066" statusCodeString="200 OK" contentLength="57170">
                        <Headers>X-Pad : avoid browser bug
Accept-Ranges : bytes
Content-Length : 57170
Content-Type : application/x-javascript
Date : Tue, 23 Nov 2010 14:08:39 GMT
ETag : "640c1260-df52-984af280"
Last-Modified : Tue, 27 Jul 2010 02:52:42 GMT
Server : Apache/2.2.4 (Win32) PHP/5.2.1
</Headers>
                      </Response>
                      <Context>
                        <Entry name="$TotalAgents" value="1" />
                        <Entry name="$ControllerName" value="ASUS" />
                        <Entry name="$AgentName" value="ASUS" />
                        <Entry name="$TestLogsDir" value="C:\Documents and Settings\ASUS X82Q SERIES\My Documents\Visual Studio 2008\Projects\TestProject\TestResults\ASUS X82Q SERIES_ASUS 2010-11-23 21_08_28\In\ASUS" />
                        <Entry name="$TestDeploymentDir" value="C:\Documents and Settings\ASUS X82Q SERIES\My Documents\Visual Studio 2008\Projects\TestProject\TestResults\ASUS X82Q SERIES_ASUS 2010-11-23 21_08_28\Out" />
                        <Entry name="$AgentId" value="1" />
                        <Entry name="$AgentLoadDistributor" value="Microsoft.VisualStudio.TestTools.Execution.AgentLoadDistributor" />
                        <Entry name="$TestDir" value="C:\Documents and Settings\ASUS X82Q SERIES\My Documents\Visual Studio 2008\Projects\TestProject\TestResults\ASUS X82Q SERIES_ASUS 2010-11-23 21_08_28" />
                        <Entry name="$AgentWeighting" value="100" />
                        <Entry name="$WebTestIteration" value="1" />
                        <Entry name="$WebTestUserId" value="1" />
                      </Context>
                    </WebRequestResult>
                    <WebRequestResult exceptionMessage="" run="0" submitted="true" cached="false" isRedirectFollow="false" requestBodyBytesHandle="-2" responseBytesHandle="13">
                      <Request url="http://localhost/industry/flags/vn.gif" command="GET /industry/flags/vn.gif HTTP/1.1" encoding="utf-8">
                        <Headers>Referer : http://localhost/industry/index.php
User-Agent : Mozilla/4.0 (compatible; MSIE 7.0; Windows NT 5.1)
Accept : */*
Accept-Language : en-us
Accept-Encoding : GZIP
Host : localhost
Cookie : PHPSESSID=5a0b064b9e2796918842c00f72e52f69; mylang=vietnam
</Headers>
                      </Request>
                      <Response url="http://localhost/industry/flags/vn.gif" contentType="image/gif" statusLine="HTTP/1.1 200 OK" pageTime="NaN" time="0.006" statusCodeString="200 OK" contentLength="6872">
                        <Headers>Accept-Ranges : bytes
Content-Length : 6872
Content-Type : image/gif
Date : Tue, 23 Nov 2010 14:08:39 GMT
ETag : "624610c0-1ad8-5ae82180"
Last-Modified : Thu, 09 Jul 2009 05:44:54 GMT
Server : Apache/2.2.4 (Win32) PHP/5.2.1
</Headers>
                      </Response>
                      <Context>
                        <Entry name="$TotalAgents" value="1" />
                        <Entry name="$ControllerName" value="ASUS" />
                        <Entry name="$AgentName" value="ASUS" />
                        <Entry name="$TestLogsDir" value="C:\Documents and Settings\ASUS X82Q SERIES\My Documents\Visual Studio 2008\Projects\TestProject\TestResults\ASUS X82Q SERIES_ASUS 2010-11-23 21_08_28\In\ASUS" />
                        <Entry name="$TestDeploymentDir" value="C:\Documents and Settings\ASUS X82Q SERIES\My Documents\Visual Studio 2008\Projects\TestProject\TestResults\ASUS X82Q SERIES_ASUS 2010-11-23 21_08_28\Out" />
                        <Entry name="$AgentId" value="1" />
                        <Entry name="$AgentLoadDistributor" value="Microsoft.VisualStudio.TestTools.Execution.AgentLoadDistributor" />
                        <Entry name="$TestDir" value="C:\Documents and Settings\ASUS X82Q SERIES\My Documents\Visual Studio 2008\Projects\TestProject\TestResults\ASUS X82Q SERIES_ASUS 2010-11-23 21_08_28" />
                        <Entry name="$AgentWeighting" value="100" />
                        <Entry name="$WebTestIteration" value="1" />
                        <Entry name="$WebTestUserId" value="1" />
                      </Context>
                    </WebRequestResult>
                    <WebRequestResult exceptionMessage="" run="0" submitted="true" cached="false" isRedirectFollow="false" requestBodyBytesHandle="-2" responseBytesHandle="12">
                      <Request url="http://localhost/industry/library/js/rainbow.js" command="GET /industry/library/js/rainbow.js HTTP/1.1" encoding="utf-8">
                        <Headers>Referer : http://localhost/industry/index.php
User-Agent : Mozilla/4.0 (compatible; MSIE 7.0; Windows NT 5.1)
Accept : */*
Accept-Language : en-us
Accept-Encoding : GZIP
Host : localhost
Cookie : PHPSESSID=5a0b064b9e2796918842c00f72e52f69; mylang=vietnam
</Headers>
                      </Request>
                      <Response url="http://localhost/industry/library/js/rainbow.js" contentType="application/x-javascript" statusLine="HTTP/1.1 200 OK" pageTime="NaN" time="0.018" statusCodeString="200 OK" contentLength="7776">
                        <Headers>X-Pad : avoid browser bug
Accept-Ranges : bytes
Content-Length : 7776
Content-Type : application/x-javascript
Date : Tue, 23 Nov 2010 14:08:39 GMT
ETag : "640c1320-1e60-a3ab8780"
Last-Modified : Sun, 29 Aug 2010 09:04:46 GMT
Server : Apache/2.2.4 (Win32) PHP/5.2.1
</Headers>
                      </Response>
                      <Context>
                        <Entry name="$TotalAgents" value="1" />
                        <Entry name="$ControllerName" value="ASUS" />
                        <Entry name="$AgentName" value="ASUS" />
                        <Entry name="$TestLogsDir" value="C:\Documents and Settings\ASUS X82Q SERIES\My Documents\Visual Studio 2008\Projects\TestProject\TestResults\ASUS X82Q SERIES_ASUS 2010-11-23 21_08_28\In\ASUS" />
                        <Entry name="$TestDeploymentDir" value="C:\Documents and Settings\ASUS X82Q SERIES\My Documents\Visual Studio 2008\Projects\TestProject\TestResults\ASUS X82Q SERIES_ASUS 2010-11-23 21_08_28\Out" />
                        <Entry name="$AgentId" value="1" />
                        <Entry name="$AgentLoadDistributor" value="Microsoft.VisualStudio.TestTools.Execution.AgentLoadDistributor" />
                        <Entry name="$TestDir" value="C:\Documents and Settings\ASUS X82Q SERIES\My Documents\Visual Studio 2008\Projects\TestProject\TestResults\ASUS X82Q SERIES_ASUS 2010-11-23 21_08_28" />
                        <Entry name="$AgentWeighting" value="100" />
                        <Entry name="$WebTestIteration" value="1" />
                        <Entry name="$WebTestUserId" value="1" />
                      </Context>
                    </WebRequestResult>
                    <WebRequestResult exceptionMessage="" run="0" submitted="true" cached="false" isRedirectFollow="false" requestBodyBytesHandle="-2" responseBytesHandle="15">
                      <Request url="http://localhost/industry/interface/search.jpg" command="GET /industry/interface/search.jpg HTTP/1.1" encoding="utf-8">
                        <Headers>Referer : http://localhost/industry/index.php
User-Agent : Mozilla/4.0 (compatible; MSIE 7.0; Windows NT 5.1)
Accept : */*
Accept-Language : en-us
Accept-Encoding : GZIP
Host : localhost
Cookie : PHPSESSID=5a0b064b9e2796918842c00f72e52f69; mylang=vietnam
</Headers>
                      </Request>
                      <Response url="http://localhost/industry/interface/search.jpg" contentType="image/jpeg" statusLine="HTTP/1.1 200 OK" pageTime="NaN" time="0.004" statusCodeString="200 OK" contentLength="1525">
                        <Headers>Accept-Ranges : bytes
Content-Length : 1525
Content-Type : image/jpeg
Date : Tue, 23 Nov 2010 14:08:39 GMT
ETag : "63f09960-5f5-160fc780"
Last-Modified : Sun, 25 Jul 2010 16:51:58 GMT
Server : Apache/2.2.4 (Win32) PHP/5.2.1
</Headers>
                      </Response>
                      <Context>
                        <Entry name="$TotalAgents" value="1" />
                        <Entry name="$ControllerName" value="ASUS" />
                        <Entry name="$AgentName" value="ASUS" />
                        <Entry name="$TestLogsDir" value="C:\Documents and Settings\ASUS X82Q SERIES\My Documents\Visual Studio 2008\Projects\TestProject\TestResults\ASUS X82Q SERIES_ASUS 2010-11-23 21_08_28\In\ASUS" />
                        <Entry name="$TestDeploymentDir" value="C:\Documents and Settings\ASUS X82Q SERIES\My Documents\Visual Studio 2008\Projects\TestProject\TestResults\ASUS X82Q SERIES_ASUS 2010-11-23 21_08_28\Out" />
                        <Entry name="$AgentId" value="1" />
                        <Entry name="$AgentLoadDistributor" value="Microsoft.VisualStudio.TestTools.Execution.AgentLoadDistributor" />
                        <Entry name="$TestDir" value="C:\Documents and Settings\ASUS X82Q SERIES\My Documents\Visual Studio 2008\Projects\TestProject\TestResults\ASUS X82Q SERIES_ASUS 2010-11-23 21_08_28" />
                        <Entry name="$AgentWeighting" value="100" />
                        <Entry name="$WebTestIteration" value="1" />
                        <Entry name="$WebTestUserId" value="1" />
                      </Context>
                    </WebRequestResult>
                    <WebRequestResult exceptionMessage="" run="0" submitted="true" cached="false" isRedirectFollow="false" requestBodyBytesHandle="-2" responseBytesHandle="14">
                      <Request url="http://localhost/industry/flags/en.gif" command="GET /industry/flags/en.gif HTTP/1.1" encoding="utf-8">
                        <Headers>Referer : http://localhost/industry/index.php
User-Agent : Mozilla/4.0 (compatible; MSIE 7.0; Windows NT 5.1)
Accept : */*
Accept-Language : en-us
Accept-Encoding : GZIP
Host : localhost
Cookie : PHPSESSID=5a0b064b9e2796918842c00f72e52f69; mylang=vietnam
</Headers>
                      </Request>
                      <Response url="http://localhost/industry/flags/en.gif" contentType="image/gif" statusLine="HTTP/1.1 200 OK" pageTime="NaN" time="0.008" statusCodeString="200 OK" contentLength="8275">
                        <Headers>Accept-Ranges : bytes
Content-Length : 8275
Content-Type : image/gif
Date : Tue, 23 Nov 2010 14:08:39 GMT
ETag : "62461040-2053-5de31200"
Last-Modified : Thu, 09 Jul 2009 05:45:44 GMT
Server : Apache/2.2.4 (Win32) PHP/5.2.1
</Headers>
                      </Response>
                      <Context>
                        <Entry name="$TotalAgents" value="1" />
                        <Entry name="$ControllerName" value="ASUS" />
                        <Entry name="$AgentName" value="ASUS" />
                        <Entry name="$TestLogsDir" value="C:\Documents and Settings\ASUS X82Q SERIES\My Documents\Visual Studio 2008\Projects\TestProject\TestResults\ASUS X82Q SERIES_ASUS 2010-11-23 21_08_28\In\ASUS" />
                        <Entry name="$TestDeploymentDir" value="C:\Documents and Settings\ASUS X82Q SERIES\My Documents\Visual Studio 2008\Projects\TestProject\TestResults\ASUS X82Q SERIES_ASUS 2010-11-23 21_08_28\Out" />
                        <Entry name="$AgentId" value="1" />
                        <Entry name="$AgentLoadDistributor" value="Microsoft.VisualStudio.TestTools.Execution.AgentLoadDistributor" />
                        <Entry name="$TestDir" value="C:\Documents and Settings\ASUS X82Q SERIES\My Documents\Visual Studio 2008\Projects\TestProject\TestResults\ASUS X82Q SERIES_ASUS 2010-11-23 21_08_28" />
                        <Entry name="$AgentWeighting" value="100" />
                        <Entry name="$WebTestIteration" value="1" />
                        <Entry name="$WebTestUserId" value="1" />
                      </Context>
                    </WebRequestResult>
                    <WebRequestResult exceptionMessage="" run="0" submitted="true" cached="false" isRedirectFollow="false" requestBodyBytesHandle="-2" responseBytesHandle="16">
                      <Request url="http://localhost/industry/Interface/khung_2.jpg" command="GET /industry/Interface/khung_2.jpg HTTP/1.1" encoding="utf-8">
                        <Headers>Referer : http://localhost/industry/index.php
User-Agent : Mozilla/4.0 (compatible; MSIE 7.0; Windows NT 5.1)
Accept : */*
Accept-Language : en-us
Accept-Encoding : GZIP
Host : localhost
Cookie : PHPSESSID=5a0b064b9e2796918842c00f72e52f69; mylang=vietnam
</Headers>
                      </Request>
                      <Response url="http://localhost/industry/Interface/khung_2.jpg" contentType="image/jpeg" statusLine="HTTP/1.1 200 OK" pageTime="NaN" time="0.005" statusCodeString="200 OK" contentLength="891">
                        <Headers>Accept-Ranges : bytes
Content-Length : 891
Content-Type : image/jpeg
Date : Tue, 23 Nov 2010 14:08:39 GMT
ETag : "63f094a0-37b-79816d80"
Last-Modified : Mon, 26 Jul 2010 07:38:46 GMT
Server : Apache/2.2.4 (Win32) PHP/5.2.1
</Headers>
                      </Response>
                      <Context>
                        <Entry name="$TotalAgents" value="1" />
                        <Entry name="$ControllerName" value="ASUS" />
                        <Entry name="$AgentName" value="ASUS" />
                        <Entry name="$TestLogsDir" value="C:\Documents and Settings\ASUS X82Q SERIES\My Documents\Visual Studio 2008\Projects\TestProject\TestResults\ASUS X82Q SERIES_ASUS 2010-11-23 21_08_28\In\ASUS" />
                        <Entry name="$TestDeploymentDir" value="C:\Documents and Settings\ASUS X82Q SERIES\My Documents\Visual Studio 2008\Projects\TestProject\TestResults\ASUS X82Q SERIES_ASUS 2010-11-23 21_08_28\Out" />
                        <Entry name="$AgentId" value="1" />
                        <Entry name="$AgentLoadDistributor" value="Microsoft.VisualStudio.TestTools.Execution.AgentLoadDistributor" />
                        <Entry name="$TestDir" value="C:\Documents and Settings\ASUS X82Q SERIES\My Documents\Visual Studio 2008\Projects\TestProject\TestResults\ASUS X82Q SERIES_ASUS 2010-11-23 21_08_28" />
                        <Entry name="$AgentWeighting" value="100" />
                        <Entry name="$WebTestIteration" value="1" />
                        <Entry name="$WebTestUserId" value="1" />
                      </Context>
                    </WebRequestResult>
                    <WebRequestResult exceptionMessage="" run="0" submitted="true" cached="false" isRedirectFollow="false" requestBodyBytesHandle="-2" responseBytesHandle="17">
                      <Request url="http://localhost/industry/uploads/advertisement/4.jpg" command="GET /industry/uploads/advertisement/4.jpg HTTP/1.1" encoding="utf-8">
                        <Headers>Referer : http://localhost/industry/index.php
User-Agent : Mozilla/4.0 (compatible; MSIE 7.0; Windows NT 5.1)
Accept : */*
Accept-Language : en-us
Accept-Encoding : GZIP
Host : localhost
Cookie : PHPSESSID=5a0b064b9e2796918842c00f72e52f69; mylang=vietnam
</Headers>
                      </Request>
                      <Response url="http://localhost/industry/uploads/advertisement/4.jpg" contentType="image/jpeg" statusLine="HTTP/1.1 200 OK" pageTime="NaN" time="0.009" statusCodeString="200 OK" contentLength="31228">
                        <Headers>Accept-Ranges : bytes
Content-Length : 31228
Content-Type : image/jpeg
Date : Tue, 23 Nov 2010 14:08:39 GMT
ETag : "5b8a9120-79fc-e997a080"
Last-Modified : Sun, 08 Aug 2010 06:21:38 GMT
Server : Apache/2.2.4 (Win32) PHP/5.2.1
</Headers>
                      </Response>
                      <Context>
                        <Entry name="$TotalAgents" value="1" />
                        <Entry name="$ControllerName" value="ASUS" />
                        <Entry name="$AgentName" value="ASUS" />
                        <Entry name="$TestLogsDir" value="C:\Documents and Settings\ASUS X82Q SERIES\My Documents\Visual Studio 2008\Projects\TestProject\TestResults\ASUS X82Q SERIES_ASUS 2010-11-23 21_08_28\In\ASUS" />
                        <Entry name="$TestDeploymentDir" value="C:\Documents and Settings\ASUS X82Q SERIES\My Documents\Visual Studio 2008\Projects\TestProject\TestResults\ASUS X82Q SERIES_ASUS 2010-11-23 21_08_28\Out" />
                        <Entry name="$AgentId" value="1" />
                        <Entry name="$AgentLoadDistributor" value="Microsoft.VisualStudio.TestTools.Execution.AgentLoadDistributor" />
                        <Entry name="$TestDir" value="C:\Documents and Settings\ASUS X82Q SERIES\My Documents\Visual Studio 2008\Projects\TestProject\TestResults\ASUS X82Q SERIES_ASUS 2010-11-23 21_08_28" />
                        <Entry name="$AgentWeighting" value="100" />
                        <Entry name="$WebTestIteration" value="1" />
                        <Entry name="$WebTestUserId" value="1" />
                      </Context>
                    </WebRequestResult>
                    <WebRequestResult exceptionMessage="" run="0" submitted="true" cached="false" isRedirectFollow="false" requestBodyBytesHandle="-2" responseBytesHandle="18">
                      <Request url="http://localhost/industry/library/js/swfobject.js" command="GET /industry/library/js/swfobject.js HTTP/1.1" encoding="utf-8">
                        <Headers>Referer : http://localhost/industry/index.php
User-Agent : Mozilla/4.0 (compatible; MSIE 7.0; Windows NT 5.1)
Accept : */*
Accept-Language : en-us
Accept-Encoding : GZIP
Host : localhost
Cookie : PHPSESSID=5a0b064b9e2796918842c00f72e52f69; mylang=vietnam
</Headers>
                      </Request>
                      <Response url="http://localhost/industry/library/js/swfobject.js" contentType="application/x-javascript" statusLine="HTTP/1.1 200 OK" pageTime="NaN" time="0.021" statusCodeString="200 OK" contentLength="6880">
                        <Headers>Accept-Ranges : bytes
Content-Length : 6880
Content-Type : application/x-javascript
Date : Tue, 23 Nov 2010 14:08:39 GMT
ETag : W/"640c14c0-1ae0-8862e400"
Last-Modified : Tue, 23 Nov 2010 14:08:39 GMT
Server : Apache/2.2.4 (Win32) PHP/5.2.1
</Headers>
                      </Response>
                      <Context>
                        <Entry name="$TotalAgents" value="1" />
                        <Entry name="$ControllerName" value="ASUS" />
                        <Entry name="$AgentName" value="ASUS" />
                        <Entry name="$TestLogsDir" value="C:\Documents and Settings\ASUS X82Q SERIES\My Documents\Visual Studio 2008\Projects\TestProject\TestResults\ASUS X82Q SERIES_ASUS 2010-11-23 21_08_28\In\ASUS" />
                        <Entry name="$TestDeploymentDir" value="C:\Documents and Settings\ASUS X82Q SERIES\My Documents\Visual Studio 2008\Projects\TestProject\TestResults\ASUS X82Q SERIES_ASUS 2010-11-23 21_08_28\Out" />
                        <Entry name="$AgentId" value="1" />
                        <Entry name="$AgentLoadDistributor" value="Microsoft.VisualStudio.TestTools.Execution.AgentLoadDistributor" />
                        <Entry name="$TestDir" value="C:\Documents and Settings\ASUS X82Q SERIES\My Documents\Visual Studio 2008\Projects\TestProject\TestResults\ASUS X82Q SERIES_ASUS 2010-11-23 21_08_28" />
                        <Entry name="$AgentWeighting" value="100" />
                        <Entry name="$WebTestIteration" value="1" />
                        <Entry name="$WebTestUserId" value="1" />
                      </Context>
                    </WebRequestResult>
                    <WebRequestResult exceptionMessage="" run="0" submitted="true" cached="false" isRedirectFollow="false" requestBodyBytesHandle="-2" responseBytesHandle="19">
                      <Request url="http://localhost/industry/uploads/advertisement/1246244209_social-networking.jpg" command="GET /industry/uploads/advertisement/1246244209_social-networking.jpg HTTP/1.1" encoding="utf-8">
                        <Headers>Referer : http://localhost/industry/index.php
User-Agent : Mozilla/4.0 (compatible; MSIE 7.0; Windows NT 5.1)
Accept : */*
Accept-Language : en-us
Accept-Encoding : GZIP
Host : localhost
Cookie : PHPSESSID=5a0b064b9e2796918842c00f72e52f69; mylang=vietnam
</Headers>
                      </Request>
                      <Response url="http://localhost/industry/uploads/advertisement/1246244209_social-networking.jpg" contentType="image/jpeg" statusLine="HTTP/1.1 200 OK" pageTime="NaN" time="0.023" statusCodeString="200 OK" contentLength="114963">
                        <Headers>Accept-Ranges : bytes
Content-Length : 114963
Content-Type : image/jpeg
Date : Tue, 23 Nov 2010 14:08:39 GMT
ETag : "5b8a90a0-1c113-55380280"
Last-Modified : Sat, 07 Aug 2010 18:55:54 GMT
Server : Apache/2.2.4 (Win32) PHP/5.2.1
</Headers>
                      </Response>
                      <Context>
                        <Entry name="$TotalAgents" value="1" />
                        <Entry name="$ControllerName" value="ASUS" />
                        <Entry name="$AgentName" value="ASUS" />
                        <Entry name="$TestLogsDir" value="C:\Documents and Settings\ASUS X82Q SERIES\My Documents\Visual Studio 2008\Projects\TestProject\TestResults\ASUS X82Q SERIES_ASUS 2010-11-23 21_08_28\In\ASUS" />
                        <Entry name="$TestDeploymentDir" value="C:\Documents and Settings\ASUS X82Q SERIES\My Documents\Visual Studio 2008\Projects\TestProject\TestResults\ASUS X82Q SERIES_ASUS 2010-11-23 21_08_28\Out" />
                        <Entry name="$AgentId" value="1" />
                        <Entry name="$AgentLoadDistributor" value="Microsoft.VisualStudio.TestTools.Execution.AgentLoadDistributor" />
                        <Entry name="$TestDir" value="C:\Documents and Settings\ASUS X82Q SERIES\My Documents\Visual Studio 2008\Projects\TestProject\TestResults\ASUS X82Q SERIES_ASUS 2010-11-23 21_08_28" />
                        <Entry name="$AgentWeighting" value="100" />
                        <Entry name="$WebTestIteration" value="1" />
                        <Entry name="$WebTestUserId" value="1" />
                      </Context>
                    </WebRequestResult>
                    <WebRequestResult exceptionMessage="" run="0" submitted="true" cached="false" isRedirectFollow="false" requestBodyBytesHandle="-2" responseBytesHandle="20">
                      <Request url="http://localhost/industry/library/js/slide_buy_sell_index.js" command="GET /industry/library/js/slide_buy_sell_index.js HTTP/1.1" encoding="utf-8">
                        <Headers>Referer : http://localhost/industry/index.php
User-Agent : Mozilla/4.0 (compatible; MSIE 7.0; Windows NT 5.1)
Accept : */*
Accept-Language : en-us
Accept-Encoding : GZIP
Host : localhost
Cookie : PHPSESSID=5a0b064b9e2796918842c00f72e52f69; mylang=vietnam
</Headers>
                      </Request>
                      <Response url="http://localhost/industry/library/js/slide_buy_sell_index.js" contentType="application/x-javascript" statusLine="HTTP/1.1 200 OK" pageTime="NaN" time="0.033" statusCodeString="200 OK" contentLength="16438">
                        <Headers>X-Pad : avoid browser bug
Accept-Ranges : bytes
Content-Length : 16438
Content-Type : application/x-javascript
Date : Tue, 23 Nov 2010 14:08:39 GMT
ETag : "640c1420-4036-a982b480"
Last-Modified : Thu, 08 Jul 2010 16:20:18 GMT
Server : Apache/2.2.4 (Win32) PHP/5.2.1
</Headers>
                      </Response>
                      <Context>
                        <Entry name="$TotalAgents" value="1" />
                        <Entry name="$ControllerName" value="ASUS" />
                        <Entry name="$AgentName" value="ASUS" />
                        <Entry name="$TestLogsDir" value="C:\Documents and Settings\ASUS X82Q SERIES\My Documents\Visual Studio 2008\Projects\TestProject\TestResults\ASUS X82Q SERIES_ASUS 2010-11-23 21_08_28\In\ASUS" />
                        <Entry name="$TestDeploymentDir" value="C:\Documents and Settings\ASUS X82Q SERIES\My Documents\Visual Studio 2008\Projects\TestProject\TestResults\ASUS X82Q SERIES_ASUS 2010-11-23 21_08_28\Out" />
                        <Entry name="$AgentId" value="1" />
                        <Entry name="$AgentLoadDistributor" value="Microsoft.VisualStudio.TestTools.Execution.AgentLoadDistributor" />
                        <Entry name="$TestDir" value="C:\Documents and Settings\ASUS X82Q SERIES\My Documents\Visual Studio 2008\Projects\TestProject\TestResults\ASUS X82Q SERIES_ASUS 2010-11-23 21_08_28" />
                        <Entry name="$AgentWeighting" value="100" />
                        <Entry name="$WebTestIteration" value="1" />
                        <Entry name="$WebTestUserId" value="1" />
                      </Context>
                    </WebRequestResult>
                    <WebRequestResult exceptionMessage="" run="0" submitted="true" cached="false" isRedirectFollow="false" requestBodyBytesHandle="-2" responseBytesHandle="21">
                      <Request url="http://localhost/industry/uploads/country_flag/japan.png" command="GET /industry/uploads/country_flag/japan.png HTTP/1.1" encoding="utf-8">
                        <Headers>Referer : http://localhost/industry/index.php
User-Agent : Mozilla/4.0 (compatible; MSIE 7.0; Windows NT 5.1)
Accept : */*
Accept-Language : en-us
Accept-Encoding : GZIP
Host : localhost
Cookie : PHPSESSID=5a0b064b9e2796918842c00f72e52f69; mylang=vietnam
</Headers>
                      </Request>
                      <Response url="http://localhost/industry/uploads/country_flag/japan.png" contentType="image/png" statusLine="HTTP/1.1 200 OK" pageTime="NaN" time="0.007" statusCodeString="200 OK" contentLength="12926">
                        <Headers>Accept-Ranges : bytes
Content-Length : 12926
Content-Type : image/png
Date : Tue, 23 Nov 2010 14:08:39 GMT
ETag : "5b831040-327e-e1b66000"
Last-Modified : Sat, 21 Aug 2010 15:15:12 GMT
Server : Apache/2.2.4 (Win32) PHP/5.2.1
</Headers>
                      </Response>
                      <Context>
                        <Entry name="$TotalAgents" value="1" />
                        <Entry name="$ControllerName" value="ASUS" />
                        <Entry name="$AgentName" value="ASUS" />
                        <Entry name="$TestLogsDir" value="C:\Documents and Settings\ASUS X82Q SERIES\My Documents\Visual Studio 2008\Projects\TestProject\TestResults\ASUS X82Q SERIES_ASUS 2010-11-23 21_08_28\In\ASUS" />
                        <Entry name="$TestDeploymentDir" value="C:\Documents and Settings\ASUS X82Q SERIES\My Documents\Visual Studio 2008\Projects\TestProject\TestResults\ASUS X82Q SERIES_ASUS 2010-11-23 21_08_28\Out" />
                        <Entry name="$AgentId" value="1" />
                        <Entry name="$AgentLoadDistributor" value="Microsoft.VisualStudio.TestTools.Execution.AgentLoadDistributor" />
                        <Entry name="$TestDir" value="C:\Documents and Settings\ASUS X82Q SERIES\My Documents\Visual Studio 2008\Projects\TestProject\TestResults\ASUS X82Q SERIES_ASUS 2010-11-23 21_08_28" />
                        <Entry name="$AgentWeighting" value="100" />
                        <Entry name="$WebTestIteration" value="1" />
                        <Entry name="$WebTestUserId" value="1" />
                      </Context>
                    </WebRequestResult>
                    <WebRequestResult exceptionMessage="" run="0" submitted="true" cached="false" isRedirectFollow="false" requestBodyBytesHandle="-2" responseBytesHandle="22">
                      <Request url="http://localhost/industry/library/js/slide_buy_sell.js" command="GET /industry/library/js/slide_buy_sell.js HTTP/1.1" encoding="utf-8">
                        <Headers>Referer : http://localhost/industry/index.php
User-Agent : Mozilla/4.0 (compatible; MSIE 7.0; Windows NT 5.1)
Accept : */*
Accept-Language : en-us
Accept-Encoding : GZIP
Host : localhost
Cookie : PHPSESSID=5a0b064b9e2796918842c00f72e52f69; mylang=vietnam
</Headers>
                      </Request>
                      <Response url="http://localhost/industry/library/js/slide_buy_sell.js" contentType="application/x-javascript" statusLine="HTTP/1.1 200 OK" pageTime="NaN" time="0.059" statusCodeString="200 OK" contentLength="36628">
                        <Headers>X-Pad : avoid browser bug
Accept-Ranges : bytes
Content-Length : 36628
Content-Type : application/x-javascript
Date : Tue, 23 Nov 2010 14:08:39 GMT
ETag : "640c13c0-8f14-a982b480"
Last-Modified : Thu, 08 Jul 2010 16:20:18 GMT
Server : Apache/2.2.4 (Win32) PHP/5.2.1
</Headers>
                      </Response>
                      <Context>
                        <Entry name="$TotalAgents" value="1" />
                        <Entry name="$ControllerName" value="ASUS" />
                        <Entry name="$AgentName" value="ASUS" />
                        <Entry name="$TestLogsDir" value="C:\Documents and Settings\ASUS X82Q SERIES\My Documents\Visual Studio 2008\Projects\TestProject\TestResults\ASUS X82Q SERIES_ASUS 2010-11-23 21_08_28\In\ASUS" />
                        <Entry name="$TestDeploymentDir" value="C:\Documents and Settings\ASUS X82Q SERIES\My Documents\Visual Studio 2008\Projects\TestProject\TestResults\ASUS X82Q SERIES_ASUS 2010-11-23 21_08_28\Out" />
                        <Entry name="$AgentId" value="1" />
                        <Entry name="$AgentLoadDistributor" value="Microsoft.VisualStudio.TestTools.Execution.AgentLoadDistributor" />
                        <Entry name="$TestDir" value="C:\Documents and Settings\ASUS X82Q SERIES\My Documents\Visual Studio 2008\Projects\TestProject\TestResults\ASUS X82Q SERIES_ASUS 2010-11-23 21_08_28" />
                        <Entry name="$AgentWeighting" value="100" />
                        <Entry name="$WebTestIteration" value="1" />
                        <Entry name="$WebTestUserId" value="1" />
                      </Context>
                    </WebRequestResult>
                    <WebRequestResult exceptionMessage="" run="0" submitted="true" cached="false" isRedirectFollow="false" requestBodyBytesHandle="-2" responseBytesHandle="23">
                      <Request url="http://localhost/industry/uploads/country_flag/vietnam.png" command="GET /industry/uploads/country_flag/vietnam.png HTTP/1.1" encoding="utf-8">
                        <Headers>Referer : http://localhost/industry/index.php
User-Agent : Mozilla/4.0 (compatible; MSIE 7.0; Windows NT 5.1)
Accept : */*
Accept-Language : en-us
Accept-Encoding : GZIP
Host : localhost
Cookie : PHPSESSID=5a0b064b9e2796918842c00f72e52f69; mylang=vietnam
</Headers>
                      </Request>
                      <Response url="http://localhost/industry/uploads/country_flag/vietnam.png" contentType="image/png" statusLine="HTTP/1.1 200 OK" pageTime="NaN" time="0.009" statusCodeString="200 OK" contentLength="17550">
                        <Headers>Accept-Ranges : bytes
Content-Length : 17550
Content-Type : image/png
Date : Tue, 23 Nov 2010 14:08:39 GMT
ETag : "5b8310a0-448e-e0482a00"
Last-Modified : Sat, 21 Aug 2010 15:14:48 GMT
Server : Apache/2.2.4 (Win32) PHP/5.2.1
</Headers>
                      </Response>
                      <Context>
                        <Entry name="$TotalAgents" value="1" />
                        <Entry name="$ControllerName" value="ASUS" />
                        <Entry name="$AgentName" value="ASUS" />
                        <Entry name="$TestLogsDir" value="C:\Documents and Settings\ASUS X82Q SERIES\My Documents\Visual Studio 2008\Projects\TestProject\TestResults\ASUS X82Q SERIES_ASUS 2010-11-23 21_08_28\In\ASUS" />
                        <Entry name="$TestDeploymentDir" value="C:\Documents and Settings\ASUS X82Q SERIES\My Documents\Visual Studio 2008\Projects\TestProject\TestResults\ASUS X82Q SERIES_ASUS 2010-11-23 21_08_28\Out" />
                        <Entry name="$AgentId" value="1" />
                        <Entry name="$AgentLoadDistributor" value="Microsoft.VisualStudio.TestTools.Execution.AgentLoadDistributor" />
                        <Entry name="$TestDir" value="C:\Documents and Settings\ASUS X82Q SERIES\My Documents\Visual Studio 2008\Projects\TestProject\TestResults\ASUS X82Q SERIES_ASUS 2010-11-23 21_08_28" />
                        <Entry name="$AgentWeighting" value="100" />
                        <Entry name="$WebTestIteration" value="1" />
                        <Entry name="$WebTestUserId" value="1" />
                      </Context>
                    </WebRequestResult>
                    <WebRequestResult exceptionMessage="" run="0" submitted="true" cached="false" isRedirectFollow="false" requestBodyBytesHandle="-2" responseBytesHandle="24">
                      <Request url="http://localhost/industry/uploads/products/2/8/19179549_2.jpg" command="GET /industry/uploads/products/2/8/19179549_2.jpg HTTP/1.1" encoding="utf-8">
                        <Headers>Referer : http://localhost/industry/index.php
User-Agent : Mozilla/4.0 (compatible; MSIE 7.0; Windows NT 5.1)
Accept : */*
Accept-Language : en-us
Accept-Encoding : GZIP
Host : localhost
Cookie : PHPSESSID=5a0b064b9e2796918842c00f72e52f69; mylang=vietnam
</Headers>
                      </Request>
                      <Response url="http://localhost/industry/uploads/products/2/8/19179549_2.jpg" contentType="image/jpeg" statusLine="HTTP/1.1 200 OK" pageTime="NaN" time="0.009" statusCodeString="200 OK" contentLength="17934">
                        <Headers>Accept-Ranges : bytes
Content-Length : 17934
Content-Type : image/jpeg
Date : Tue, 23 Nov 2010 14:08:39 GMT
ETag : "4f0b5080-460e-e8faa400"
Last-Modified : Thu, 02 Sep 2010 16:00:16 GMT
Server : Apache/2.2.4 (Win32) PHP/5.2.1
</Headers>
                      </Response>
                      <Context>
                        <Entry name="$TotalAgents" value="1" />
                        <Entry name="$ControllerName" value="ASUS" />
                        <Entry name="$AgentName" value="ASUS" />
                        <Entry name="$TestLogsDir" value="C:\Documents and Settings\ASUS X82Q SERIES\My Documents\Visual Studio 2008\Projects\TestProject\TestResults\ASUS X82Q SERIES_ASUS 2010-11-23 21_08_28\In\ASUS" />
                        <Entry name="$TestDeploymentDir" value="C:\Documents and Settings\ASUS X82Q SERIES\My Documents\Visual Studio 2008\Projects\TestProject\TestResults\ASUS X82Q SERIES_ASUS 2010-11-23 21_08_28\Out" />
                        <Entry name="$AgentId" value="1" />
                        <Entry name="$AgentLoadDistributor" value="Microsoft.VisualStudio.TestTools.Execution.AgentLoadDistributor" />
                        <Entry name="$TestDir" value="C:\Documents and Settings\ASUS X82Q SERIES\My Documents\Visual Studio 2008\Projects\TestProject\TestResults\ASUS X82Q SERIES_ASUS 2010-11-23 21_08_28" />
                        <Entry name="$AgentWeighting" value="100" />
                        <Entry name="$WebTestIteration" value="1" />
                        <Entry name="$WebTestUserId" value="1" />
                      </Context>
                    </WebRequestResult>
                    <WebRequestResult exceptionMessage="" run="0" submitted="true" cached="false" isRedirectFollow="false" requestBodyBytesHandle="-2" responseBytesHandle="25">
                      <Request url="http://localhost/industry/uploads/products/2/6/baoho.jpg" command="GET /industry/uploads/products/2/6/baoho.jpg HTTP/1.1" encoding="utf-8">
                        <Headers>Referer : http://localhost/industry/index.php
User-Agent : Mozilla/4.0 (compatible; MSIE 7.0; Windows NT 5.1)
Accept : */*
Accept-Language : en-us
Accept-Encoding : GZIP
Host : localhost
Cookie : PHPSESSID=5a0b064b9e2796918842c00f72e52f69; mylang=vietnam
</Headers>
                      </Request>
                      <Response url="http://localhost/industry/uploads/products/2/6/baoho.jpg" contentType="image/jpeg" statusLine="HTTP/1.1 200 OK" pageTime="NaN" time="0.008" statusCodeString="200 OK" contentLength="13813">
                        <Headers>Accept-Ranges : bytes
Content-Length : 13813
Content-Type : image/jpeg
Date : Tue, 23 Nov 2010 14:08:39 GMT
ETag : "5b6e5040-35f5-d3ff8c00"
Last-Modified : Thu, 02 Sep 2010 15:54:24 GMT
Server : Apache/2.2.4 (Win32) PHP/5.2.1
</Headers>
                      </Response>
                      <Context>
                        <Entry name="$TotalAgents" value="1" />
                        <Entry name="$ControllerName" value="ASUS" />
                        <Entry name="$AgentName" value="ASUS" />
                        <Entry name="$TestLogsDir" value="C:\Documents and Settings\ASUS X82Q SERIES\My Documents\Visual Studio 2008\Projects\TestProject\TestResults\ASUS X82Q SERIES_ASUS 2010-11-23 21_08_28\In\ASUS" />
                        <Entry name="$TestDeploymentDir" value="C:\Documents and Settings\ASUS X82Q SERIES\My Documents\Visual Studio 2008\Projects\TestProject\TestResults\ASUS X82Q SERIES_ASUS 2010-11-23 21_08_28\Out" />
                        <Entry name="$AgentId" value="1" />
                        <Entry name="$AgentLoadDistributor" value="Microsoft.VisualStudio.TestTools.Execution.AgentLoadDistributor" />
                        <Entry name="$TestDir" value="C:\Documents and Settings\ASUS X82Q SERIES\My Documents\Visual Studio 2008\Projects\TestProject\TestResults\ASUS X82Q SERIES_ASUS 2010-11-23 21_08_28" />
                        <Entry name="$AgentWeighting" value="100" />
                        <Entry name="$WebTestIteration" value="1" />
                        <Entry name="$WebTestUserId" value="1" />
                      </Context>
                    </WebRequestResult>
                    <WebRequestResult exceptionMessage="" run="0" submitted="true" cached="false" isRedirectFollow="false" requestBodyBytesHandle="-2" responseBytesHandle="26">
                      <Request url="http://localhost/industry/uploads/products/2/5/5.jpg" command="GET /industry/uploads/products/2/5/5.jpg HTTP/1.1" encoding="utf-8">
                        <Headers>Referer : http://localhost/industry/index.php
User-Agent : Mozilla/4.0 (compatible; MSIE 7.0; Windows NT 5.1)
Accept : */*
Accept-Language : en-us
Accept-Encoding : GZIP
Host : localhost
Cookie : PHPSESSID=5a0b064b9e2796918842c00f72e52f69; mylang=vietnam
</Headers>
                      </Request>
                      <Response url="http://localhost/industry/uploads/products/2/5/5.jpg" contentType="image/jpeg" statusLine="HTTP/1.1 200 OK" pageTime="NaN" time="0.007" statusCodeString="200 OK" contentLength="13455">
                        <Headers>Accept-Ranges : bytes
Content-Length : 13455
Content-Type : image/jpeg
Date : Tue, 23 Nov 2010 14:08:39 GMT
ETag : "5b6fd040-348f-ce653880"
Last-Modified : Thu, 02 Sep 2010 15:52:50 GMT
Server : Apache/2.2.4 (Win32) PHP/5.2.1
</Headers>
                      </Response>
                      <Context>
                        <Entry name="$TotalAgents" value="1" />
                        <Entry name="$ControllerName" value="ASUS" />
                        <Entry name="$AgentName" value="ASUS" />
                        <Entry name="$TestLogsDir" value="C:\Documents and Settings\ASUS X82Q SERIES\My Documents\Visual Studio 2008\Projects\TestProject\TestResults\ASUS X82Q SERIES_ASUS 2010-11-23 21_08_28\In\ASUS" />
                        <Entry name="$TestDeploymentDir" value="C:\Documents and Settings\ASUS X82Q SERIES\My Documents\Visual Studio 2008\Projects\TestProject\TestResults\ASUS X82Q SERIES_ASUS 2010-11-23 21_08_28\Out" />
                        <Entry name="$AgentId" value="1" />
                        <Entry name="$AgentLoadDistributor" value="Microsoft.VisualStudio.TestTools.Execution.AgentLoadDistributor" />
                        <Entry name="$TestDir" value="C:\Documents and Settings\ASUS X82Q SERIES\My Documents\Visual Studio 2008\Projects\TestProject\TestResults\ASUS X82Q SERIES_ASUS 2010-11-23 21_08_28" />
                        <Entry name="$AgentWeighting" value="100" />
                        <Entry name="$WebTestIteration" value="1" />
                        <Entry name="$WebTestUserId" value="1" />
                      </Context>
                    </WebRequestResult>
                    <WebRequestResult exceptionMessage="" run="0" submitted="true" cached="false" isRedirectFollow="false" requestBodyBytesHandle="-2" responseBytesHandle="27">
                      <Request url="http://localhost/industry/uploads/products/2/4/4.jpg" command="GET /industry/uploads/products/2/4/4.jpg HTTP/1.1" encoding="utf-8">
                        <Headers>Referer : http://localhost/industry/index.php
User-Agent : Mozilla/4.0 (compatible; MSIE 7.0; Windows NT 5.1)
Accept : */*
Accept-Language : en-us
Accept-Encoding : GZIP
Host : localhost
Cookie : PHPSESSID=5a0b064b9e2796918842c00f72e52f69; mylang=vietnam
</Headers>
                      </Request>
                      <Response url="http://localhost/industry/uploads/products/2/4/4.jpg" contentType="image/jpeg" statusLine="HTTP/1.1 200 OK" pageTime="NaN" time="0.008" statusCodeString="200 OK" contentLength="13765">
                        <Headers>Accept-Ranges : bytes
Content-Length : 13765
Content-Type : image/jpeg
Date : Tue, 23 Nov 2010 14:08:39 GMT
ETag : "5b715040-35c5-c907ee00"
Last-Modified : Thu, 02 Sep 2010 15:51:20 GMT
Server : Apache/2.2.4 (Win32) PHP/5.2.1
</Headers>
                      </Response>
                      <Context>
                        <Entry name="$TotalAgents" value="1" />
                        <Entry name="$ControllerName" value="ASUS" />
                        <Entry name="$AgentName" value="ASUS" />
                        <Entry name="$TestLogsDir" value="C:\Documents and Settings\ASUS X82Q SERIES\My Documents\Visual Studio 2008\Projects\TestProject\TestResults\ASUS X82Q SERIES_ASUS 2010-11-23 21_08_28\In\ASUS" />
                        <Entry name="$TestDeploymentDir" value="C:\Documents and Settings\ASUS X82Q SERIES\My Documents\Visual Studio 2008\Projects\TestProject\TestResults\ASUS X82Q SERIES_ASUS 2010-11-23 21_08_28\Out" />
                        <Entry name="$AgentId" value="1" />
                        <Entry name="$AgentLoadDistributor" value="Microsoft.VisualStudio.TestTools.Execution.AgentLoadDistributor" />
                        <Entry name="$TestDir" value="C:\Documents and Settings\ASUS X82Q SERIES\My Documents\Visual Studio 2008\Projects\TestProject\TestResults\ASUS X82Q SERIES_ASUS 2010-11-23 21_08_28" />
                        <Entry name="$AgentWeighting" value="100" />
                        <Entry name="$WebTestIteration" value="1" />
                        <Entry name="$WebTestUserId" value="1" />
                      </Context>
                    </WebRequestResult>
                    <WebRequestResult exceptionMessage="" run="0" submitted="true" cached="false" isRedirectFollow="false" requestBodyBytesHandle="-2" responseBytesHandle="28">
                      <Request url="http://localhost/industry/uploads/products/2/3/3.jpg" command="GET /industry/uploads/products/2/3/3.jpg HTTP/1.1" encoding="utf-8">
                        <Headers>Referer : http://localhost/industry/index.php
User-Agent : Mozilla/4.0 (compatible; MSIE 7.0; Windows NT 5.1)
Accept : */*
Accept-Language : en-us
Accept-Encoding : GZIP
Host : localhost
Cookie : PHPSESSID=5a0b064b9e2796918842c00f72e52f69; mylang=vietnam
</Headers>
                      </Request>
                      <Response url="http://localhost/industry/uploads/products/2/3/3.jpg" contentType="image/jpeg" statusLine="HTTP/1.1 200 OK" pageTime="NaN" time="0.008" statusCodeString="200 OK" contentLength="16308">
                        <Headers>Accept-Ranges : bytes
Content-Length : 16308
Content-Type : image/jpeg
Date : Tue, 23 Nov 2010 14:08:39 GMT
ETag : "5b72d040-3fb4-c0ecbc00"
Last-Modified : Thu, 02 Sep 2010 15:49:04 GMT
Server : Apache/2.2.4 (Win32) PHP/5.2.1
</Headers>
                      </Response>
                      <Context>
                        <Entry name="$TotalAgents" value="1" />
                        <Entry name="$ControllerName" value="ASUS" />
                        <Entry name="$AgentName" value="ASUS" />
                        <Entry name="$TestLogsDir" value="C:\Documents and Settings\ASUS X82Q SERIES\My Documents\Visual Studio 2008\Projects\TestProject\TestResults\ASUS X82Q SERIES_ASUS 2010-11-23 21_08_28\In\ASUS" />
                        <Entry name="$TestDeploymentDir" value="C:\Documents and Settings\ASUS X82Q SERIES\My Documents\Visual Studio 2008\Projects\TestProject\TestResults\ASUS X82Q SERIES_ASUS 2010-11-23 21_08_28\Out" />
                        <Entry name="$AgentId" value="1" />
                        <Entry name="$AgentLoadDistributor" value="Microsoft.VisualStudio.TestTools.Execution.AgentLoadDistributor" />
                        <Entry name="$TestDir" value="C:\Documents and Settings\ASUS X82Q SERIES\My Documents\Visual Studio 2008\Projects\TestProject\TestResults\ASUS X82Q SERIES_ASUS 2010-11-23 21_08_28" />
                        <Entry name="$AgentWeighting" value="100" />
                        <Entry name="$WebTestIteration" value="1" />
                        <Entry name="$WebTestUserId" value="1" />
                      </Context>
                    </WebRequestResult>
                    <WebRequestResult exceptionMessage="" run="0" submitted="true" cached="false" isRedirectFollow="false" requestBodyBytesHandle="-2" responseBytesHandle="29">
                      <Request url="http://localhost/industry/uploads/products/2/2/2.jpg" command="GET /industry/uploads/products/2/2/2.jpg HTTP/1.1" encoding="utf-8">
                        <Headers>Referer : http://localhost/industry/index.php
User-Agent : Mozilla/4.0 (compatible; MSIE 7.0; Windows NT 5.1)
Accept : */*
Accept-Language : en-us
Accept-Encoding : GZIP
Host : localhost
Cookie : PHPSESSID=5a0b064b9e2796918842c00f72e52f69; mylang=vietnam
</Headers>
                      </Request>
                      <Response url="http://localhost/industry/uploads/products/2/2/2.jpg" contentType="image/jpeg" statusLine="HTTP/1.1 200 OK" pageTime="NaN" time="0.009" statusCodeString="200 OK" contentLength="19127">
                        <Headers>Accept-Ranges : bytes
Content-Length : 19127
Content-Type : image/jpeg
Date : Tue, 23 Nov 2010 14:08:39 GMT
ETag : "5b74d040-4ab7-bb8f7180"
Last-Modified : Thu, 02 Sep 2010 15:47:34 GMT
Server : Apache/2.2.4 (Win32) PHP/5.2.1
</Headers>
                      </Response>
                      <Context>
                        <Entry name="$TotalAgents" value="1" />
                        <Entry name="$ControllerName" value="ASUS" />
                        <Entry name="$AgentName" value="ASUS" />
                        <Entry name="$TestLogsDir" value="C:\Documents and Settings\ASUS X82Q SERIES\My Documents\Visual Studio 2008\Projects\TestProject\TestResults\ASUS X82Q SERIES_ASUS 2010-11-23 21_08_28\In\ASUS" />
                        <Entry name="$TestDeploymentDir" value="C:\Documents and Settings\ASUS X82Q SERIES\My Documents\Visual Studio 2008\Projects\TestProject\TestResults\ASUS X82Q SERIES_ASUS 2010-11-23 21_08_28\Out" />
                        <Entry name="$AgentId" value="1" />
                        <Entry name="$AgentLoadDistributor" value="Microsoft.VisualStudio.TestTools.Execution.AgentLoadDistributor" />
                        <Entry name="$TestDir" value="C:\Documents and Settings\ASUS X82Q SERIES\My Documents\Visual Studio 2008\Projects\TestProject\TestResults\ASUS X82Q SERIES_ASUS 2010-11-23 21_08_28" />
                        <Entry name="$AgentWeighting" value="100" />
                        <Entry name="$WebTestIteration" value="1" />
                        <Entry name="$WebTestUserId" value="1" />
                      </Context>
                    </WebRequestResult>
                    <WebRequestResult exceptionMessage="" run="0" submitted="true" cached="false" isRedirectFollow="false" requestBodyBytesHandle="-2" responseBytesHandle="31">
                      <Request url="http://localhost/industry/uploads/products/2/1/1.jpg" command="GET /industry/uploads/products/2/1/1.jpg HTTP/1.1" encoding="utf-8">
                        <Headers>Referer : http://localhost/industry/index.php
User-Agent : Mozilla/4.0 (compatible; MSIE 7.0; Windows NT 5.1)
Accept : */*
Accept-Language : en-us
Accept-Encoding : GZIP
Host : localhost
Cookie : PHPSESSID=5a0b064b9e2796918842c00f72e52f69; mylang=vietnam
</Headers>
                      </Request>
                      <Response url="http://localhost/industry/uploads/products/2/1/1.jpg" contentType="image/jpeg" statusLine="HTTP/1.1 200 OK" pageTime="NaN" time="0.008" statusCodeString="200 OK" contentLength="17317">
                        <Headers>Accept-Ranges : bytes
Content-Length : 17317
Content-Type : image/jpeg
Date : Tue, 23 Nov 2010 14:08:39 GMT
ETag : "5b771040-43a5-b2bd2480"
Last-Modified : Thu, 02 Sep 2010 15:45:06 GMT
Server : Apache/2.2.4 (Win32) PHP/5.2.1
</Headers>
                      </Response>
                      <Context>
                        <Entry name="$TotalAgents" value="1" />
                        <Entry name="$ControllerName" value="ASUS" />
                        <Entry name="$AgentName" value="ASUS" />
                        <Entry name="$TestLogsDir" value="C:\Documents and Settings\ASUS X82Q SERIES\My Documents\Visual Studio 2008\Projects\TestProject\TestResults\ASUS X82Q SERIES_ASUS 2010-11-23 21_08_28\In\ASUS" />
                        <Entry name="$TestDeploymentDir" value="C:\Documents and Settings\ASUS X82Q SERIES\My Documents\Visual Studio 2008\Projects\TestProject\TestResults\ASUS X82Q SERIES_ASUS 2010-11-23 21_08_28\Out" />
                        <Entry name="$AgentId" value="1" />
                        <Entry name="$AgentLoadDistributor" value="Microsoft.VisualStudio.TestTools.Execution.AgentLoadDistributor" />
                        <Entry name="$TestDir" value="C:\Documents and Settings\ASUS X82Q SERIES\My Documents\Visual Studio 2008\Projects\TestProject\TestResults\ASUS X82Q SERIES_ASUS 2010-11-23 21_08_28" />
                        <Entry name="$AgentWeighting" value="100" />
                        <Entry name="$WebTestIteration" value="1" />
                        <Entry name="$WebTestUserId" value="1" />
                      </Context>
                    </WebRequestResult>
                    <WebRequestResult exceptionMessage="" run="0" submitted="true" cached="false" isRedirectFollow="false" requestBodyBytesHandle="-2" responseBytesHandle="30">
                      <Request url="http://localhost/industry/uploads/logo/1/1.jpg" command="GET /industry/uploads/logo/1/1.jpg HTTP/1.1" encoding="utf-8">
                        <Headers>Referer : http://localhost/industry/index.php
User-Agent : Mozilla/4.0 (compatible; MSIE 7.0; Windows NT 5.1)
Accept : */*
Accept-Language : en-us
Accept-Encoding : GZIP
Host : localhost
Cookie : PHPSESSID=5a0b064b9e2796918842c00f72e52f69; mylang=vietnam
</Headers>
                      </Request>
                      <Response url="http://localhost/industry/uploads/logo/1/1.jpg" contentType="image/jpeg" statusLine="HTTP/1.1 200 OK" pageTime="NaN" time="0.004" statusCodeString="200 OK" contentLength="2079">
                        <Headers>Accept-Ranges : bytes
Content-Length : 2079
Content-Type : image/jpeg
Date : Tue, 23 Nov 2010 14:08:39 GMT
ETag : "5b819040-81f-dc251680"
Last-Modified : Mon, 30 Aug 2010 03:14:18 GMT
Server : Apache/2.2.4 (Win32) PHP/5.2.1
</Headers>
                      </Response>
                      <Context>
                        <Entry name="$TotalAgents" value="1" />
                        <Entry name="$ControllerName" value="ASUS" />
                        <Entry name="$AgentName" value="ASUS" />
                        <Entry name="$TestLogsDir" value="C:\Documents and Settings\ASUS X82Q SERIES\My Documents\Visual Studio 2008\Projects\TestProject\TestResults\ASUS X82Q SERIES_ASUS 2010-11-23 21_08_28\In\ASUS" />
                        <Entry name="$TestDeploymentDir" value="C:\Documents and Settings\ASUS X82Q SERIES\My Documents\Visual Studio 2008\Projects\TestProject\TestResults\ASUS X82Q SERIES_ASUS 2010-11-23 21_08_28\Out" />
                        <Entry name="$AgentId" value="1" />
                        <Entry name="$AgentLoadDistributor" value="Microsoft.VisualStudio.TestTools.Execution.AgentLoadDistributor" />
                        <Entry name="$TestDir" value="C:\Documents and Settings\ASUS X82Q SERIES\My Documents\Visual Studio 2008\Projects\TestProject\TestResults\ASUS X82Q SERIES_ASUS 2010-11-23 21_08_28" />
                        <Entry name="$AgentWeighting" value="100" />
                        <Entry name="$WebTestIteration" value="1" />
                        <Entry name="$WebTestUserId" value="1" />
                      </Context>
                    </WebRequestResult>
                    <WebRequestResult exceptionMessage="" run="0" submitted="true" cached="false" isRedirectFollow="false" requestBodyBytesHandle="-2" responseBytesHandle="32">
                      <Request url="http://localhost/industry/uploads/logo/2/4.jpg" command="GET /industry/uploads/logo/2/4.jpg HTTP/1.1" encoding="utf-8">
                        <Headers>Referer : http://localhost/industry/index.php
User-Agent : Mozilla/4.0 (compatible; MSIE 7.0; Windows NT 5.1)
Accept : */*
Accept-Language : en-us
Accept-Encoding : GZIP
Host : localhost
Cookie : PHPSESSID=5a0b064b9e2796918842c00f72e52f69; mylang=vietnam
</Headers>
                      </Request>
                      <Response url="http://localhost/industry/uploads/logo/2/4.jpg" contentType="image/jpeg" statusLine="HTTP/1.1 200 OK" pageTime="NaN" time="0.005" statusCodeString="200 OK" contentLength="3111">
                        <Headers>Accept-Ranges : bytes
Content-Length : 3111
Content-Type : image/jpeg
Date : Tue, 23 Nov 2010 14:08:39 GMT
ETag : "5b8010a0-c27-d9672f00"
Last-Modified : Mon, 30 Aug 2010 03:13:32 GMT
Server : Apache/2.2.4 (Win32) PHP/5.2.1
</Headers>
                      </Response>
                      <Context>
                        <Entry name="$TotalAgents" value="1" />
                        <Entry name="$ControllerName" value="ASUS" />
                        <Entry name="$AgentName" value="ASUS" />
                        <Entry name="$TestLogsDir" value="C:\Documents and Settings\ASUS X82Q SERIES\My Documents\Visual Studio 2008\Projects\TestProject\TestResults\ASUS X82Q SERIES_ASUS 2010-11-23 21_08_28\In\ASUS" />
                        <Entry name="$TestDeploymentDir" value="C:\Documents and Settings\ASUS X82Q SERIES\My Documents\Visual Studio 2008\Projects\TestProject\TestResults\ASUS X82Q SERIES_ASUS 2010-11-23 21_08_28\Out" />
                        <Entry name="$AgentId" value="1" />
                        <Entry name="$AgentLoadDistributor" value="Microsoft.VisualStudio.TestTools.Execution.AgentLoadDistributor" />
                        <Entry name="$TestDir" value="C:\Documents and Settings\ASUS X82Q SERIES\My Documents\Visual Studio 2008\Projects\TestProject\TestResults\ASUS X82Q SERIES_ASUS 2010-11-23 21_08_28" />
                        <Entry name="$AgentWeighting" value="100" />
                        <Entry name="$WebTestIteration" value="1" />
                        <Entry name="$WebTestUserId" value="1" />
                      </Context>
                    </WebRequestResult>
                    <WebRequestResult exceptionMessage="" run="0" submitted="true" cached="false" isRedirectFollow="false" requestBodyBytesHandle="-2" responseBytesHandle="33">
                      <Request url="http://localhost/industry/Interface/reg_1.jpg" command="GET /industry/Interface/reg_1.jpg HTTP/1.1" encoding="utf-8">
                        <Headers>Referer : http://localhost/industry/index.php
User-Agent : Mozilla/4.0 (compatible; MSIE 7.0; Windows NT 5.1)
Accept : */*
Accept-Language : en-us
Accept-Encoding : GZIP
Host : localhost
Cookie : PHPSESSID=5a0b064b9e2796918842c00f72e52f69; mylang=vietnam
</Headers>
                      </Request>
                      <Response url="http://localhost/industry/Interface/reg_1.jpg" contentType="image/jpeg" statusLine="HTTP/1.1 200 OK" pageTime="NaN" time="0.004" statusCodeString="200 OK" contentLength="2284">
                        <Headers>Accept-Ranges : bytes
Content-Length : 2284
Content-Type : image/jpeg
Date : Tue, 23 Nov 2010 14:08:39 GMT
ETag : "63f09940-8ec-d41dd680"
Last-Modified : Tue, 03 Aug 2010 05:45:46 GMT
Server : Apache/2.2.4 (Win32) PHP/5.2.1
</Headers>
                      </Response>
                      <Context>
                        <Entry name="$TotalAgents" value="1" />
                        <Entry name="$ControllerName" value="ASUS" />
                        <Entry name="$AgentName" value="ASUS" />
                        <Entry name="$TestLogsDir" value="C:\Documents and Settings\ASUS X82Q SERIES\My Documents\Visual Studio 2008\Projects\TestProject\TestResults\ASUS X82Q SERIES_ASUS 2010-11-23 21_08_28\In\ASUS" />
                        <Entry name="$TestDeploymentDir" value="C:\Documents and Settings\ASUS X82Q SERIES\My Documents\Visual Studio 2008\Projects\TestProject\TestResults\ASUS X82Q SERIES_ASUS 2010-11-23 21_08_28\Out" />
                        <Entry name="$AgentId" value="1" />
                        <Entry name="$AgentLoadDistributor" value="Microsoft.VisualStudio.TestTools.Execution.AgentLoadDistributor" />
                        <Entry name="$TestDir" value="C:\Documents and Settings\ASUS X82Q SERIES\My Documents\Visual Studio 2008\Projects\TestProject\TestResults\ASUS X82Q SERIES_ASUS 2010-11-23 21_08_28" />
                        <Entry name="$AgentWeighting" value="100" />
                        <Entry name="$WebTestIteration" value="1" />
                        <Entry name="$WebTestUserId" value="1" />
                      </Context>
                    </WebRequestResult>
                    <WebRequestResult exceptionMessage="" run="0" submitted="true" cached="false" isRedirectFollow="false" requestBodyBytesHandle="-2" responseBytesHandle="34">
                      <Request url="http://localhost/industry/library/css/contentslider.css" command="GET /industry/library/css/contentslider.css HTTP/1.1" encoding="utf-8">
                        <Headers>Referer : http://localhost/industry/index.php
User-Agent : Mozilla/4.0 (compatible; MSIE 7.0; Windows NT 5.1)
Accept : */*
Accept-Language : en-us
Accept-Encoding : GZIP
Host : localhost
Cookie : PHPSESSID=5a0b064b9e2796918842c00f72e52f69; mylang=vietnam
</Headers>
                      </Request>
                      <Response url="http://localhost/industry/library/css/contentslider.css" contentType="text/css" statusLine="HTTP/1.1 200 OK" pageTime="NaN" time="0.006" statusCodeString="200 OK" contentLength="1094">
                        <Headers>Accept-Ranges : bytes
Content-Length : 1094
Content-Type : text/css
Date : Tue, 23 Nov 2010 14:08:39 GMT
ETag : "641550e0-446-a8af7980"
Last-Modified : Tue, 31 Aug 2010 02:51:34 GMT
Server : Apache/2.2.4 (Win32) PHP/5.2.1
</Headers>
                      </Response>
                      <Context>
                        <Entry name="$TotalAgents" value="1" />
                        <Entry name="$ControllerName" value="ASUS" />
                        <Entry name="$AgentName" value="ASUS" />
                        <Entry name="$TestLogsDir" value="C:\Documents and Settings\ASUS X82Q SERIES\My Documents\Visual Studio 2008\Projects\TestProject\TestResults\ASUS X82Q SERIES_ASUS 2010-11-23 21_08_28\In\ASUS" />
                        <Entry name="$TestDeploymentDir" value="C:\Documents and Settings\ASUS X82Q SERIES\My Documents\Visual Studio 2008\Projects\TestProject\TestResults\ASUS X82Q SERIES_ASUS 2010-11-23 21_08_28\Out" />
                        <Entry name="$AgentId" value="1" />
                        <Entry name="$AgentLoadDistributor" value="Microsoft.VisualStudio.TestTools.Execution.AgentLoadDistributor" />
                        <Entry name="$TestDir" value="C:\Documents and Settings\ASUS X82Q SERIES\My Documents\Visual Studio 2008\Projects\TestProject\TestResults\ASUS X82Q SERIES_ASUS 2010-11-23 21_08_28" />
                        <Entry name="$AgentWeighting" value="100" />
                        <Entry name="$WebTestIteration" value="1" />
                        <Entry name="$WebTestUserId" value="1" />
                      </Context>
                    </WebRequestResult>
                    <WebRequestResult exceptionMessage="" run="0" submitted="true" cached="false" isRedirectFollow="false" requestBodyBytesHandle="-2" responseBytesHandle="35">
                      <Request url="http://localhost/industry/uploads/business/alone.jpg" command="GET /industry/uploads/business/alone.jpg HTTP/1.1" encoding="utf-8">
                        <Headers>Referer : http://localhost/industry/index.php
User-Agent : Mozilla/4.0 (compatible; MSIE 7.0; Windows NT 5.1)
Accept : */*
Accept-Language : en-us
Accept-Encoding : GZIP
Host : localhost
Cookie : PHPSESSID=5a0b064b9e2796918842c00f72e52f69; mylang=vietnam
</Headers>
                      </Request>
                      <Response url="http://localhost/industry/uploads/business/alone.jpg" contentType="image/jpeg" statusLine="HTTP/1.1 200 OK" pageTime="NaN" time="0.009" statusCodeString="200 OK" contentLength="26893">
                        <Headers>Accept-Ranges : bytes
Content-Length : 26893
Content-Type : image/jpeg
Date : Tue, 23 Nov 2010 14:08:39 GMT
ETag : "5b849040-690d-71191980"
Last-Modified : Thu, 10 Jun 2010 15:11:50 GMT
Server : Apache/2.2.4 (Win32) PHP/5.2.1
</Headers>
                      </Response>
                      <Context>
                        <Entry name="$TotalAgents" value="1" />
                        <Entry name="$ControllerName" value="ASUS" />
                        <Entry name="$AgentName" value="ASUS" />
                        <Entry name="$TestLogsDir" value="C:\Documents and Settings\ASUS X82Q SERIES\My Documents\Visual Studio 2008\Projects\TestProject\TestResults\ASUS X82Q SERIES_ASUS 2010-11-23 21_08_28\In\ASUS" />
                        <Entry name="$TestDeploymentDir" value="C:\Documents and Settings\ASUS X82Q SERIES\My Documents\Visual Studio 2008\Projects\TestProject\TestResults\ASUS X82Q SERIES_ASUS 2010-11-23 21_08_28\Out" />
                        <Entry name="$AgentId" value="1" />
                        <Entry name="$AgentLoadDistributor" value="Microsoft.VisualStudio.TestTools.Execution.AgentLoadDistributor" />
                        <Entry name="$TestDir" value="C:\Documents and Settings\ASUS X82Q SERIES\My Documents\Visual Studio 2008\Projects\TestProject\TestResults\ASUS X82Q SERIES_ASUS 2010-11-23 21_08_28" />
                        <Entry name="$AgentWeighting" value="100" />
                        <Entry name="$WebTestIteration" value="1" />
                        <Entry name="$WebTestUserId" value="1" />
                      </Context>
                    </WebRequestResult>
                    <WebRequestResult exceptionMessage="" run="0" submitted="true" cached="false" isRedirectFollow="false" requestBodyBytesHandle="-2" responseBytesHandle="36">
                      <Request url="http://localhost/industry/uploads/business/Michele-Rino-Mastrotto.jpg" command="GET /industry/uploads/business/Michele-Rino-Mastrotto.jpg HTTP/1.1" encoding="utf-8">
                        <Headers>Referer : http://localhost/industry/index.php
User-Agent : Mozilla/4.0 (compatible; MSIE 7.0; Windows NT 5.1)
Accept : */*
Accept-Language : en-us
Accept-Encoding : GZIP
Host : localhost
Cookie : PHPSESSID=5a0b064b9e2796918842c00f72e52f69; mylang=vietnam
</Headers>
                      </Request>
                      <Response url="http://localhost/industry/uploads/business/Michele-Rino-Mastrotto.jpg" contentType="image/jpeg" statusLine="HTTP/1.1 200 OK" pageTime="NaN" time="0.007" statusCodeString="200 OK" contentLength="3193">
                        <Headers>Accept-Ranges : bytes
Content-Length : 3193
Content-Type : image/jpeg
Date : Tue, 23 Nov 2010 14:08:39 GMT
ETag : "5b8490a0-c79-f23ca680"
Last-Modified : Sun, 08 Aug 2010 07:35:38 GMT
Server : Apache/2.2.4 (Win32) PHP/5.2.1
</Headers>
                      </Response>
                      <Context>
                        <Entry name="$TotalAgents" value="1" />
                        <Entry name="$ControllerName" value="ASUS" />
                        <Entry name="$AgentName" value="ASUS" />
                        <Entry name="$TestLogsDir" value="C:\Documents and Settings\ASUS X82Q SERIES\My Documents\Visual Studio 2008\Projects\TestProject\TestResults\ASUS X82Q SERIES_ASUS 2010-11-23 21_08_28\In\ASUS" />
                        <Entry name="$TestDeploymentDir" value="C:\Documents and Settings\ASUS X82Q SERIES\My Documents\Visual Studio 2008\Projects\TestProject\TestResults\ASUS X82Q SERIES_ASUS 2010-11-23 21_08_28\Out" />
                        <Entry name="$AgentId" value="1" />
                        <Entry name="$AgentLoadDistributor" value="Microsoft.VisualStudio.TestTools.Execution.AgentLoadDistributor" />
                        <Entry name="$TestDir" value="C:\Documents and Settings\ASUS X82Q SERIES\My Documents\Visual Studio 2008\Projects\TestProject\TestResults\ASUS X82Q SERIES_ASUS 2010-11-23 21_08_28" />
                        <Entry name="$AgentWeighting" value="100" />
                        <Entry name="$WebTestIteration" value="1" />
                        <Entry name="$WebTestUserId" value="1" />
                      </Context>
                    </WebRequestResult>
                    <WebRequestResult exceptionMessage="" run="0" submitted="true" cached="false" isRedirectFollow="false" requestBodyBytesHandle="-2" responseBytesHandle="37">
                      <Request url="http://localhost/industry/library/js/contentslider.js" command="GET /industry/library/js/contentslider.js HTTP/1.1" encoding="utf-8">
                        <Headers>Referer : http://localhost/industry/index.php
User-Agent : Mozilla/4.0 (compatible; MSIE 7.0; Windows NT 5.1)
Accept : */*
Accept-Language : en-us
Accept-Encoding : GZIP
Host : localhost
Cookie : PHPSESSID=5a0b064b9e2796918842c00f72e52f69; mylang=vietnam
</Headers>
                      </Request>
                      <Response url="http://localhost/industry/library/js/contentslider.js" contentType="application/x-javascript" statusLine="HTTP/1.1 200 OK" pageTime="NaN" time="0.028" statusCodeString="200 OK" contentLength="10727">
                        <Headers>X-Pad : avoid browser bug
Accept-Ranges : bytes
Content-Length : 10727
Content-Type : application/x-javascript
Date : Tue, 23 Nov 2010 14:08:39 GMT
ETag : "640c1080-29e7-61096980"
Last-Modified : Tue, 31 Aug 2010 00:08:22 GMT
Server : Apache/2.2.4 (Win32) PHP/5.2.1
</Headers>
                      </Response>
                      <Context>
                        <Entry name="$TotalAgents" value="1" />
                        <Entry name="$ControllerName" value="ASUS" />
                        <Entry name="$AgentName" value="ASUS" />
                        <Entry name="$TestLogsDir" value="C:\Documents and Settings\ASUS X82Q SERIES\My Documents\Visual Studio 2008\Projects\TestProject\TestResults\ASUS X82Q SERIES_ASUS 2010-11-23 21_08_28\In\ASUS" />
                        <Entry name="$TestDeploymentDir" value="C:\Documents and Settings\ASUS X82Q SERIES\My Documents\Visual Studio 2008\Projects\TestProject\TestResults\ASUS X82Q SERIES_ASUS 2010-11-23 21_08_28\Out" />
                        <Entry name="$AgentId" value="1" />
                        <Entry name="$AgentLoadDistributor" value="Microsoft.VisualStudio.TestTools.Execution.AgentLoadDistributor" />
                        <Entry name="$TestDir" value="C:\Documents and Settings\ASUS X82Q SERIES\My Documents\Visual Studio 2008\Projects\TestProject\TestResults\ASUS X82Q SERIES_ASUS 2010-11-23 21_08_28" />
                        <Entry name="$AgentWeighting" value="100" />
                        <Entry name="$WebTestIteration" value="1" />
                        <Entry name="$WebTestUserId" value="1" />
                      </Context>
                    </WebRequestResult>
                    <WebRequestResult exceptionMessage="" run="0" submitted="true" cached="false" isRedirectFollow="false" requestBodyBytesHandle="-2" responseBytesHandle="38">
                      <Request url="http://localhost/industry/interface/money_icon.gif" command="GET /industry/interface/money_icon.gif HTTP/1.1" encoding="utf-8">
                        <Headers>Referer : http://localhost/industry/index.php
User-Agent : Mozilla/4.0 (compatible; MSIE 7.0; Windows NT 5.1)
Accept : */*
Accept-Language : en-us
Accept-Encoding : GZIP
Host : localhost
Cookie : PHPSESSID=5a0b064b9e2796918842c00f72e52f69; mylang=vietnam
</Headers>
                      </Request>
                      <Response url="http://localhost/industry/interface/money_icon.gif" contentType="image/gif" statusLine="HTTP/1.1 200 OK" pageTime="NaN" time="0.005" statusCodeString="200 OK" contentLength="4551">
                        <Headers>Accept-Ranges : bytes
Content-Length : 4551
Content-Type : image/gif
Date : Tue, 23 Nov 2010 14:08:39 GMT
ETag : "63f09820-11c7-6df1d480"
Last-Modified : Sun, 19 Sep 2010 02:19:46 GMT
Server : Apache/2.2.4 (Win32) PHP/5.2.1
</Headers>
                      </Response>
                      <Context>
                        <Entry name="$TotalAgents" value="1" />
                        <Entry name="$ControllerName" value="ASUS" />
                        <Entry name="$AgentName" value="ASUS" />
                        <Entry name="$TestLogsDir" value="C:\Documents and Settings\ASUS X82Q SERIES\My Documents\Visual Studio 2008\Projects\TestProject\TestResults\ASUS X82Q SERIES_ASUS 2010-11-23 21_08_28\In\ASUS" />
                        <Entry name="$TestDeploymentDir" value="C:\Documents and Settings\ASUS X82Q SERIES\My Documents\Visual Studio 2008\Projects\TestProject\TestResults\ASUS X82Q SERIES_ASUS 2010-11-23 21_08_28\Out" />
                        <Entry name="$AgentId" value="1" />
                        <Entry name="$AgentLoadDistributor" value="Microsoft.VisualStudio.TestTools.Execution.AgentLoadDistributor" />
                        <Entry name="$TestDir" value="C:\Documents and Settings\ASUS X82Q SERIES\My Documents\Visual Studio 2008\Projects\TestProject\TestResults\ASUS X82Q SERIES_ASUS 2010-11-23 21_08_28" />
                        <Entry name="$AgentWeighting" value="100" />
                        <Entry name="$WebTestIteration" value="1" />
                        <Entry name="$WebTestUserId" value="1" />
                      </Context>
                    </WebRequestResult>
                    <WebRequestResult exceptionMessage="" run="0" submitted="true" cached="false" isRedirectFollow="false" requestBodyBytesHandle="-2" responseBytesHandle="40">
                      <Request url="http://localhost/industry/interface/business.png" command="GET /industry/interface/business.png HTTP/1.1" encoding="utf-8">
                        <Headers>Referer : http://localhost/industry/index.php
User-Agent : Mozilla/4.0 (compatible; MSIE 7.0; Windows NT 5.1)
Accept : */*
Accept-Language : en-us
Accept-Encoding : GZIP
Host : localhost
Cookie : PHPSESSID=5a0b064b9e2796918842c00f72e52f69; mylang=vietnam
</Headers>
                      </Request>
                      <Response url="http://localhost/industry/interface/business.png" contentType="image/png" statusLine="HTTP/1.1 200 OK" pageTime="NaN" time="0.005" statusCodeString="200 OK" contentLength="870">
                        <Headers>Accept-Ranges : bytes
Content-Length : 870
Content-Type : image/png
Date : Tue, 23 Nov 2010 14:08:39 GMT
ETag : "63f09140-366-36683500"
Last-Modified : Wed, 25 Nov 2009 12:29:40 GMT
Server : Apache/2.2.4 (Win32) PHP/5.2.1
</Headers>
                      </Response>
                      <Context>
                        <Entry name="$TotalAgents" value="1" />
                        <Entry name="$ControllerName" value="ASUS" />
                        <Entry name="$AgentName" value="ASUS" />
                        <Entry name="$TestLogsDir" value="C:\Documents and Settings\ASUS X82Q SERIES\My Documents\Visual Studio 2008\Projects\TestProject\TestResults\ASUS X82Q SERIES_ASUS 2010-11-23 21_08_28\In\ASUS" />
                        <Entry name="$TestDeploymentDir" value="C:\Documents and Settings\ASUS X82Q SERIES\My Documents\Visual Studio 2008\Projects\TestProject\TestResults\ASUS X82Q SERIES_ASUS 2010-11-23 21_08_28\Out" />
                        <Entry name="$AgentId" value="1" />
                        <Entry name="$AgentLoadDistributor" value="Microsoft.VisualStudio.TestTools.Execution.AgentLoadDistributor" />
                        <Entry name="$TestDir" value="C:\Documents and Settings\ASUS X82Q SERIES\My Documents\Visual Studio 2008\Projects\TestProject\TestResults\ASUS X82Q SERIES_ASUS 2010-11-23 21_08_28" />
                        <Entry name="$AgentWeighting" value="100" />
                        <Entry name="$WebTestIteration" value="1" />
                        <Entry name="$WebTestUserId" value="1" />
                      </Context>
                    </WebRequestResult>
                    <WebRequestResult exceptionMessage="" run="0" submitted="true" cached="false" isRedirectFollow="false" requestBodyBytesHandle="-2" responseBytesHandle="39">
                      <Request url="http://localhost/industry/interface/user.png" command="GET /industry/interface/user.png HTTP/1.1" encoding="utf-8">
                        <Headers>Referer : http://localhost/industry/index.php
User-Agent : Mozilla/4.0 (compatible; MSIE 7.0; Windows NT 5.1)
Accept : */*
Accept-Language : en-us
Accept-Encoding : GZIP
Host : localhost
Cookie : PHPSESSID=5a0b064b9e2796918842c00f72e52f69; mylang=vietnam
</Headers>
                      </Request>
                      <Response url="http://localhost/industry/interface/user.png" contentType="image/png" statusLine="HTTP/1.1 200 OK" pageTime="NaN" time="0.005" statusCodeString="200 OK" contentLength="588">
                        <Headers>Accept-Ranges : bytes
Content-Length : 588
Content-Type : image/png
Date : Tue, 23 Nov 2010 14:08:39 GMT
ETag : "63f09b00-24c-4a7c9000"
Last-Modified : Wed, 17 Mar 2010 19:40:48 GMT
Server : Apache/2.2.4 (Win32) PHP/5.2.1
</Headers>
                      </Response>
                      <Context>
                        <Entry name="$TotalAgents" value="1" />
                        <Entry name="$ControllerName" value="ASUS" />
                        <Entry name="$AgentName" value="ASUS" />
                        <Entry name="$TestLogsDir" value="C:\Documents and Settings\ASUS X82Q SERIES\My Documents\Visual Studio 2008\Projects\TestProject\TestResults\ASUS X82Q SERIES_ASUS 2010-11-23 21_08_28\In\ASUS" />
                        <Entry name="$TestDeploymentDir" value="C:\Documents and Settings\ASUS X82Q SERIES\My Documents\Visual Studio 2008\Projects\TestProject\TestResults\ASUS X82Q SERIES_ASUS 2010-11-23 21_08_28\Out" />
                        <Entry name="$AgentId" value="1" />
                        <Entry name="$AgentLoadDistributor" value="Microsoft.VisualStudio.TestTools.Execution.AgentLoadDistributor" />
                        <Entry name="$TestDir" value="C:\Documents and Settings\ASUS X82Q SERIES\My Documents\Visual Studio 2008\Projects\TestProject\TestResults\ASUS X82Q SERIES_ASUS 2010-11-23 21_08_28" />
                        <Entry name="$AgentWeighting" value="100" />
                        <Entry name="$WebTestIteration" value="1" />
                        <Entry name="$WebTestUserId" value="1" />
                      </Context>
                    </WebRequestResult>
                  </DependantResults>
                  <ValidationRuleResults>
                    <ValidationRuleResult message="Passed" ruleType="Validation" name="Response URL" />
                  </ValidationRuleResults>
                </WebRequestResult>
              </WebTestResultPage>
              <WebTestResultPage>
                <WebRequestResult exceptionMessage="" run="0" submitted="true" cached="false" isRedirectFollow="false" requestBodyBytesHandle="-2" responseBytesHandle="41">
                  <Request url="http://localhost/industry/gallery.swf" command="GET /industry/gallery.swf HTTP/1.1" encoding="utf-8">
                    <Headers>User-Agent : Mozilla/4.0 (compatible; MSIE 7.0; Windows NT 5.1)
Accept : */*
Accept-Language : en-us
Accept-Encoding : GZIP
Host : localhost
Cookie : PHPSESSID=5a0b064b9e2796918842c00f72e52f69; mylang=vietnam
</Headers>
                  </Request>
                  <Response url="http://localhost/industry/gallery.swf" contentType="application/x-shockwave-flash" statusLine="HTTP/1.1 200 OK" pageTime="0.0069999999999999993" time="0.007" statusCodeString="200 OK" contentLength="4730">
                    <Headers>Accept-Ranges : bytes
Content-Length : 4730
Content-Type : application/x-shockwave-flash
Date : Tue, 23 Nov 2010 14:08:39 GMT
ETag : "40ed16a0-127a-61a72080"
Last-Modified : Mon, 05 Oct 2009 16:12:34 GMT
Server : Apache/2.2.4 (Win32) PHP/5.2.1
</Headers>
                  </Response>
                  <Context>
                    <Entry name="$TotalAgents" value="1" />
                    <Entry name="$ControllerName" value="ASUS" />
                    <Entry name="$AgentName" value="ASUS" />
                    <Entry name="$TestLogsDir" value="C:\Documents and Settings\ASUS X82Q SERIES\My Documents\Visual Studio 2008\Projects\TestProject\TestResults\ASUS X82Q SERIES_ASUS 2010-11-23 21_08_28\In\ASUS" />
                    <Entry name="$TestDeploymentDir" value="C:\Documents and Settings\ASUS X82Q SERIES\My Documents\Visual Studio 2008\Projects\TestProject\TestResults\ASUS X82Q SERIES_ASUS 2010-11-23 21_08_28\Out" />
                    <Entry name="$AgentId" value="1" />
                    <Entry name="$AgentLoadDistributor" value="Microsoft.VisualStudio.TestTools.Execution.AgentLoadDistributor" />
                    <Entry name="$TestDir" value="C:\Documents and Settings\ASUS X82Q SERIES\My Documents\Visual Studio 2008\Projects\TestProject\TestResults\ASUS X82Q SERIES_ASUS 2010-11-23 21_08_28" />
                    <Entry name="$AgentWeighting" value="100" />
                    <Entry name="$WebTestIteration" value="1" />
                    <Entry name="$WebTestUserId" value="1" />
                  </Context>
                  <ValidationRuleResults>
                    <ValidationRuleResult message="Passed" ruleType="Validation" name="Response URL" />
                  </ValidationRuleResults>
                </WebRequestResult>
              </WebTestResultPage>
              <WebTestResultPage>
                <WebRequestResult exceptionMessage="" run="0" submitted="true" cached="false" isRedirectFollow="false" requestBodyBytesHandle="-2" responseBytesHandle="96">
                  <Request url="http://localhost/industry/index.php?mod=login" command="GET /industry/index.php?mod=login HTTP/1.1" encoding="utf-8">
                    <Headers>User-Agent : Mozilla/4.0 (compatible; MSIE 7.0; Windows NT 5.1)
Accept : */*
Accept-Language : en-us
Accept-Encoding : GZIP
Host : localhost
Cookie : PHPSESSID=5a0b064b9e2796918842c00f72e52f69; mylang=vietnam
</Headers>
                  </Request>
                  <Response url="http://localhost/industry/index.php?mod=login" contentType="text/html; charset=utf-8" statusLine="HTTP/1.1 200 OK" pageTime="0.622" time="0.263" statusCodeString="200 OK" contentLength="12282">
                    <Headers>Pragma : no-cache
Transfer-Encoding : chunked
Cache-Control : no-store, no-cache, must-revalidate, post-check=0, pre-check=0
Content-Type : text/html; charset:utf-8
Date : Tue, 23 Nov 2010 14:08:39 GMT
Expires : Thu, 19 Nov 1981 08:52:00 GMT
Set-Cookie : mylang=vietnam; expires=Tue, 30-Nov-2010 14:08:40 GMT; path=/
Server : Apache/2.2.4 (Win32) PHP/5.2.1
X-Powered-By : PHP/5.2.1
</Headers>
                  </Response>
                  <Context>
                    <Entry name="$TotalAgents" value="1" />
                    <Entry name="$ControllerName" value="ASUS" />
                    <Entry name="$AgentName" value="ASUS" />
                    <Entry name="$TestLogsDir" value="C:\Documents and Settings\ASUS X82Q SERIES\My Documents\Visual Studio 2008\Projects\TestProject\TestResults\ASUS X82Q SERIES_ASUS 2010-11-23 21_08_28\In\ASUS" />
                    <Entry name="$TestDeploymentDir" value="C:\Documents and Settings\ASUS X82Q SERIES\My Documents\Visual Studio 2008\Projects\TestProject\TestResults\ASUS X82Q SERIES_ASUS 2010-11-23 21_08_28\Out" />
                    <Entry name="$AgentId" value="1" />
                    <Entry name="$AgentLoadDistributor" value="Microsoft.VisualStudio.TestTools.Execution.AgentLoadDistributor" />
                    <Entry name="$TestDir" value="C:\Documents and Settings\ASUS X82Q SERIES\My Documents\Visual Studio 2008\Projects\TestProject\TestResults\ASUS X82Q SERIES_ASUS 2010-11-23 21_08_28" />
                    <Entry name="$AgentWeighting" value="100" />
                    <Entry name="$WebTestIteration" value="1" />
                    <Entry name="$WebTestUserId" value="1" />
                  </Context>
                  <DependantResults>
                    <WebRequestResult exceptionMessage="" run="0" submitted="true" cached="false" isRedirectFollow="false" requestBodyBytesHandle="-2" responseBytesHandle="1">
                      <Request url="http://localhost/industry/library/CSS/style.css" command="GET /industry/library/CSS/style.css HTTP/1.1" encoding="utf-8">
                        <Headers>Referer : http://localhost/industry/index.php?mod=login
User-Agent : Mozilla/4.0 (compatible; MSIE 7.0; Windows NT 5.1)
Accept : */*
Accept-Language : en-us
Accept-Encoding : GZIP
Host : localhost
Cookie : PHPSESSID=5a0b064b9e2796918842c00f72e52f69; mylang=vietnam
</Headers>
                      </Request>
                      <Response url="http://localhost/industry/library/CSS/style.css" contentType="text/css" statusLine="HTTP/1.1 200 OK" pageTime="NaN" time="0.011" statusCodeString="200 OK" contentLength="9991">
                        <Headers>Accept-Ranges : bytes
Content-Length : 9991
Content-Type : text/css
Date : Tue, 23 Nov 2010 14:08:40 GMT
ETag : "64155240-2707-e0400a80"
Last-Modified : Fri, 24 Sep 2010 18:52:10 GMT
Server : Apache/2.2.4 (Win32) PHP/5.2.1
</Headers>
                      </Response>
                      <Context>
                        <Entry name="$TotalAgents" value="1" />
                        <Entry name="$ControllerName" value="ASUS" />
                        <Entry name="$AgentName" value="ASUS" />
                        <Entry name="$TestLogsDir" value="C:\Documents and Settings\ASUS X82Q SERIES\My Documents\Visual Studio 2008\Projects\TestProject\TestResults\ASUS X82Q SERIES_ASUS 2010-11-23 21_08_28\In\ASUS" />
                        <Entry name="$TestDeploymentDir" value="C:\Documents and Settings\ASUS X82Q SERIES\My Documents\Visual Studio 2008\Projects\TestProject\TestResults\ASUS X82Q SERIES_ASUS 2010-11-23 21_08_28\Out" />
                        <Entry name="$AgentId" value="1" />
                        <Entry name="$AgentLoadDistributor" value="Microsoft.VisualStudio.TestTools.Execution.AgentLoadDistributor" />
                        <Entry name="$TestDir" value="C:\Documents and Settings\ASUS X82Q SERIES\My Documents\Visual Studio 2008\Projects\TestProject\TestResults\ASUS X82Q SERIES_ASUS 2010-11-23 21_08_28" />
                        <Entry name="$AgentWeighting" value="100" />
                        <Entry name="$WebTestIteration" value="1" />
                        <Entry name="$WebTestUserId" value="1" />
                      </Context>
                    </WebRequestResult>
                    <WebRequestResult exceptionMessage="" run="0" submitted="true" cached="false" isRedirectFollow="false" requestBodyBytesHandle="-2" responseBytesHandle="2">
                      <Request url="http://localhost/industry/library/CSS/style_menu.css" command="GET /industry/library/CSS/style_menu.css HTTP/1.1" encoding="utf-8">
                        <Headers>Referer : http://localhost/industry/index.php?mod=login
User-Agent : Mozilla/4.0 (compatible; MSIE 7.0; Windows NT 5.1)
Accept : */*
Accept-Language : en-us
Accept-Encoding : GZIP
Host : localhost
Cookie : PHPSESSID=5a0b064b9e2796918842c00f72e52f69; mylang=vietnam
</Headers>
                      </Request>
                      <Response url="http://localhost/industry/library/CSS/style_menu.css" contentType="text/css" statusLine="HTTP/1.1 200 OK" pageTime="NaN" time="0.011" statusCodeString="200 OK" contentLength="1103">
                        <Headers>Accept-Ranges : bytes
Content-Length : 1103
Content-Type : text/css
Date : Tue, 23 Nov 2010 14:08:40 GMT
ETag : "641553c0-44f-9c443c00"
Last-Modified : Fri, 27 Aug 2010 12:54:08 GMT
Server : Apache/2.2.4 (Win32) PHP/5.2.1
</Headers>
                      </Response>
                      <Context>
                        <Entry name="$TotalAgents" value="1" />
                        <Entry name="$ControllerName" value="ASUS" />
                        <Entry name="$AgentName" value="ASUS" />
                        <Entry name="$TestLogsDir" value="C:\Documents and Settings\ASUS X82Q SERIES\My Documents\Visual Studio 2008\Projects\TestProject\TestResults\ASUS X82Q SERIES_ASUS 2010-11-23 21_08_28\In\ASUS" />
                        <Entry name="$TestDeploymentDir" value="C:\Documents and Settings\ASUS X82Q SERIES\My Documents\Visual Studio 2008\Projects\TestProject\TestResults\ASUS X82Q SERIES_ASUS 2010-11-23 21_08_28\Out" />
                        <Entry name="$AgentId" value="1" />
                        <Entry name="$AgentLoadDistributor" value="Microsoft.VisualStudio.TestTools.Execution.AgentLoadDistributor" />
                        <Entry name="$TestDir" value="C:\Documents and Settings\ASUS X82Q SERIES\My Documents\Visual Studio 2008\Projects\TestProject\TestResults\ASUS X82Q SERIES_ASUS 2010-11-23 21_08_28" />
                        <Entry name="$AgentWeighting" value="100" />
                        <Entry name="$WebTestIteration" value="1" />
                        <Entry name="$WebTestUserId" value="1" />
                      </Context>
                    </WebRequestResult>
                    <WebRequestResult exceptionMessage="" run="0" submitted="true" cached="false" isRedirectFollow="false" requestBodyBytesHandle="-2" responseBytesHandle="4">
                      <Request url="http://localhost/industry/library/CSS/style_contac.css" command="GET /industry/library/CSS/style_contac.css HTTP/1.1" encoding="utf-8">
                        <Headers>Referer : http://localhost/industry/index.php?mod=login
User-Agent : Mozilla/4.0 (compatible; MSIE 7.0; Windows NT 5.1)
Accept : */*
Accept-Language : en-us
Accept-Encoding : GZIP
Host : localhost
Cookie : PHPSESSID=5a0b064b9e2796918842c00f72e52f69; mylang=vietnam
</Headers>
                      </Request>
                      <Response url="http://localhost/industry/library/CSS/style_contac.css" contentType="text/css" statusLine="HTTP/1.1 200 OK" pageTime="NaN" time="0.01" statusCodeString="200 OK" contentLength="2894">
                        <Headers>Accept-Ranges : bytes
Content-Length : 2894
Content-Type : text/css
Date : Tue, 23 Nov 2010 14:08:40 GMT
ETag : "64155300-b4e-b11efc00"
Last-Modified : Sun, 19 Sep 2010 03:50:08 GMT
Server : Apache/2.2.4 (Win32) PHP/5.2.1
</Headers>
                      </Response>
                      <Context>
                        <Entry name="$TotalAgents" value="1" />
                        <Entry name="$ControllerName" value="ASUS" />
                        <Entry name="$AgentName" value="ASUS" />
                        <Entry name="$TestLogsDir" value="C:\Documents and Settings\ASUS X82Q SERIES\My Documents\Visual Studio 2008\Projects\TestProject\TestResults\ASUS X82Q SERIES_ASUS 2010-11-23 21_08_28\In\ASUS" />
                        <Entry name="$TestDeploymentDir" value="C:\Documents and Settings\ASUS X82Q SERIES\My Documents\Visual Studio 2008\Projects\TestProject\TestResults\ASUS X82Q SERIES_ASUS 2010-11-23 21_08_28\Out" />
                        <Entry name="$AgentId" value="1" />
                        <Entry name="$AgentLoadDistributor" value="Microsoft.VisualStudio.TestTools.Execution.AgentLoadDistributor" />
                        <Entry name="$TestDir" value="C:\Documents and Settings\ASUS X82Q SERIES\My Documents\Visual Studio 2008\Projects\TestProject\TestResults\ASUS X82Q SERIES_ASUS 2010-11-23 21_08_28" />
                        <Entry name="$AgentWeighting" value="100" />
                        <Entry name="$WebTestIteration" value="1" />
                        <Entry name="$WebTestUserId" value="1" />
                      </Context>
                    </WebRequestResult>
                    <WebRequestResult exceptionMessage="" run="0" submitted="true" cached="false" isRedirectFollow="false" requestBodyBytesHandle="-2" responseBytesHandle="3">
                      <Request url="http://localhost/industry/library/CSS/style_menu_stand.css" command="GET /industry/library/CSS/style_menu_stand.css HTTP/1.1" encoding="utf-8">
                        <Headers>Referer : http://localhost/industry/index.php?mod=login
User-Agent : Mozilla/4.0 (compatible; MSIE 7.0; Windows NT 5.1)
Accept : */*
Accept-Language : en-us
Accept-Encoding : GZIP
Host : localhost
Cookie : PHPSESSID=5a0b064b9e2796918842c00f72e52f69; mylang=vietnam
</Headers>
                      </Request>
                      <Response url="http://localhost/industry/library/CSS/style_menu_stand.css" contentType="text/css" statusLine="HTTP/1.1 200 OK" pageTime="NaN" time="0.009" statusCodeString="200 OK" contentLength="3617">
                        <Headers>Accept-Ranges : bytes
Content-Length : 3617
Content-Type : text/css
Date : Tue, 23 Nov 2010 14:08:40 GMT
ETag : "64155480-e21-2d19c900"
Last-Modified : Wed, 08 Sep 2010 14:17:40 GMT
Server : Apache/2.2.4 (Win32) PHP/5.2.1
</Headers>
                      </Response>
                      <Context>
                        <Entry name="$TotalAgents" value="1" />
                        <Entry name="$ControllerName" value="ASUS" />
                        <Entry name="$AgentName" value="ASUS" />
                        <Entry name="$TestLogsDir" value="C:\Documents and Settings\ASUS X82Q SERIES\My Documents\Visual Studio 2008\Projects\TestProject\TestResults\ASUS X82Q SERIES_ASUS 2010-11-23 21_08_28\In\ASUS" />
                        <Entry name="$TestDeploymentDir" value="C:\Documents and Settings\ASUS X82Q SERIES\My Documents\Visual Studio 2008\Projects\TestProject\TestResults\ASUS X82Q SERIES_ASUS 2010-11-23 21_08_28\Out" />
                        <Entry name="$AgentId" value="1" />
                        <Entry name="$AgentLoadDistributor" value="Microsoft.VisualStudio.TestTools.Execution.AgentLoadDistributor" />
                        <Entry name="$TestDir" value="C:\Documents and Settings\ASUS X82Q SERIES\My Documents\Visual Studio 2008\Projects\TestProject\TestResults\ASUS X82Q SERIES_ASUS 2010-11-23 21_08_28" />
                        <Entry name="$AgentWeighting" value="100" />
                        <Entry name="$WebTestIteration" value="1" />
                        <Entry name="$WebTestUserId" value="1" />
                      </Context>
                    </WebRequestResult>
                    <WebRequestResult exceptionMessage="" run="0" submitted="true" cached="false" isRedirectFollow="false" requestBodyBytesHandle="-2" responseBytesHandle="6">
                      <Request url="http://localhost/industry/SpryAssets/SpryTabbedPanels.css" command="GET /industry/SpryAssets/SpryTabbedPanels.css HTTP/1.1" encoding="utf-8">
                        <Headers>Referer : http://localhost/industry/index.php?mod=login
User-Agent : Mozilla/4.0 (compatible; MSIE 7.0; Windows NT 5.1)
Accept : */*
Accept-Language : en-us
Accept-Encoding : GZIP
Host : localhost
Cookie : PHPSESSID=5a0b064b9e2796918842c00f72e52f69; mylang=vietnam
</Headers>
                      </Request>
                      <Response url="http://localhost/industry/SpryAssets/SpryTabbedPanels.css" contentType="text/css" statusLine="HTTP/1.1 200 OK" pageTime="NaN" time="0.008" statusCodeString="200 OK" contentLength="8136">
                        <Headers>Accept-Ranges : bytes
Content-Length : 8136
Content-Type : text/css
Date : Tue, 23 Nov 2010 14:08:40 GMT
ETag : "4e599080-1fc8-9b0fe900"
Last-Modified : Thu, 02 Sep 2010 07:17:24 GMT
Server : Apache/2.2.4 (Win32) PHP/5.2.1
</Headers>
                      </Response>
                      <Context>
                        <Entry name="$TotalAgents" value="1" />
                        <Entry name="$ControllerName" value="ASUS" />
                        <Entry name="$AgentName" value="ASUS" />
                        <Entry name="$TestLogsDir" value="C:\Documents and Settings\ASUS X82Q SERIES\My Documents\Visual Studio 2008\Projects\TestProject\TestResults\ASUS X82Q SERIES_ASUS 2010-11-23 21_08_28\In\ASUS" />
                        <Entry name="$TestDeploymentDir" value="C:\Documents and Settings\ASUS X82Q SERIES\My Documents\Visual Studio 2008\Projects\TestProject\TestResults\ASUS X82Q SERIES_ASUS 2010-11-23 21_08_28\Out" />
                        <Entry name="$AgentId" value="1" />
                        <Entry name="$AgentLoadDistributor" value="Microsoft.VisualStudio.TestTools.Execution.AgentLoadDistributor" />
                        <Entry name="$TestDir" value="C:\Documents and Settings\ASUS X82Q SERIES\My Documents\Visual Studio 2008\Projects\TestProject\TestResults\ASUS X82Q SERIES_ASUS 2010-11-23 21_08_28" />
                        <Entry name="$AgentWeighting" value="100" />
                        <Entry name="$WebTestIteration" value="1" />
                        <Entry name="$WebTestUserId" value="1" />
                      </Context>
                    </WebRequestResult>
                    <WebRequestResult exceptionMessage="" run="0" submitted="true" cached="false" isRedirectFollow="false" requestBodyBytesHandle="-2" responseBytesHandle="5">
                      <Request url="http://localhost/industry/library/css/dddropdownpanel.css" command="GET /industry/library/css/dddropdownpanel.css HTTP/1.1" encoding="utf-8">
                        <Headers>Referer : http://localhost/industry/index.php?mod=login
User-Agent : Mozilla/4.0 (compatible; MSIE 7.0; Windows NT 5.1)
Accept : */*
Accept-Language : en-us
Accept-Encoding : GZIP
Host : localhost
Cookie : PHPSESSID=5a0b064b9e2796918842c00f72e52f69; mylang=vietnam
</Headers>
                      </Request>
                      <Response url="http://localhost/industry/library/css/dddropdownpanel.css" contentType="text/css" statusLine="HTTP/1.1 200 OK" pageTime="NaN" time="0.017" statusCodeString="200 OK" contentLength="1348">
                        <Headers>Accept-Ranges : bytes
Content-Length : 1348
Content-Type : text/css
Date : Tue, 23 Nov 2010 14:08:40 GMT
ETag : "64155140-544-6b422680"
Last-Modified : Tue, 31 Aug 2010 18:04:58 GMT
Server : Apache/2.2.4 (Win32) PHP/5.2.1
</Headers>
                      </Response>
                      <Context>
                        <Entry name="$TotalAgents" value="1" />
                        <Entry name="$ControllerName" value="ASUS" />
                        <Entry name="$AgentName" value="ASUS" />
                        <Entry name="$TestLogsDir" value="C:\Documents and Settings\ASUS X82Q SERIES\My Documents\Visual Studio 2008\Projects\TestProject\TestResults\ASUS X82Q SERIES_ASUS 2010-11-23 21_08_28\In\ASUS" />
                        <Entry name="$TestDeploymentDir" value="C:\Documents and Settings\ASUS X82Q SERIES\My Documents\Visual Studio 2008\Projects\TestProject\TestResults\ASUS X82Q SERIES_ASUS 2010-11-23 21_08_28\Out" />
                        <Entry name="$AgentId" value="1" />
                        <Entry name="$AgentLoadDistributor" value="Microsoft.VisualStudio.TestTools.Execution.AgentLoadDistributor" />
                        <Entry name="$TestDir" value="C:\Documents and Settings\ASUS X82Q SERIES\My Documents\Visual Studio 2008\Projects\TestProject\TestResults\ASUS X82Q SERIES_ASUS 2010-11-23 21_08_28" />
                        <Entry name="$AgentWeighting" value="100" />
                        <Entry name="$WebTestIteration" value="1" />
                        <Entry name="$WebTestUserId" value="1" />
                      </Context>
                    </WebRequestResult>
                    <WebRequestResult exceptionMessage="" run="0" submitted="true" cached="false" isRedirectFollow="false" requestBodyBytesHandle="-2" responseBytesHandle="7">
                      <Request url="http://localhost/industry/library/js/dddropdownpanel.js" command="GET /industry/library/js/dddropdownpanel.js HTTP/1.1" encoding="utf-8">
                        <Headers>Referer : http://localhost/industry/index.php?mod=login
User-Agent : Mozilla/4.0 (compatible; MSIE 7.0; Windows NT 5.1)
Accept : */*
Accept-Language : en-us
Accept-Encoding : GZIP
Host : localhost
Cookie : PHPSESSID=5a0b064b9e2796918842c00f72e52f69; mylang=vietnam
</Headers>
                      </Request>
                      <Response url="http://localhost/industry/library/js/dddropdownpanel.js" contentType="application/x-javascript" statusLine="HTTP/1.1 200 OK" pageTime="NaN" time="0.036" statusCodeString="200 OK" contentLength="7251">
                        <Headers>X-Pad : avoid browser bug
Accept-Ranges : bytes
Content-Length : 7251
Content-Type : application/x-javascript
Date : Tue, 23 Nov 2010 14:08:40 GMT
ETag : "640c10e0-1c53-5a3f7180"
Last-Modified : Sat, 18 Sep 2010 09:32:06 GMT
Server : Apache/2.2.4 (Win32) PHP/5.2.1
</Headers>
                      </Response>
                      <Context>
                        <Entry name="$TotalAgents" value="1" />
                        <Entry name="$ControllerName" value="ASUS" />
                        <Entry name="$AgentName" value="ASUS" />
                        <Entry name="$TestLogsDir" value="C:\Documents and Settings\ASUS X82Q SERIES\My Documents\Visual Studio 2008\Projects\TestProject\TestResults\ASUS X82Q SERIES_ASUS 2010-11-23 21_08_28\In\ASUS" />
                        <Entry name="$TestDeploymentDir" value="C:\Documents and Settings\ASUS X82Q SERIES\My Documents\Visual Studio 2008\Projects\TestProject\TestResults\ASUS X82Q SERIES_ASUS 2010-11-23 21_08_28\Out" />
                        <Entry name="$AgentId" value="1" />
                        <Entry name="$AgentLoadDistributor" value="Microsoft.VisualStudio.TestTools.Execution.AgentLoadDistributor" />
                        <Entry name="$TestDir" value="C:\Documents and Settings\ASUS X82Q SERIES\My Documents\Visual Studio 2008\Projects\TestProject\TestResults\ASUS X82Q SERIES_ASUS 2010-11-23 21_08_28" />
                        <Entry name="$AgentWeighting" value="100" />
                        <Entry name="$WebTestIteration" value="1" />
                        <Entry name="$WebTestUserId" value="1" />
                      </Context>
                    </WebRequestResult>
                    <WebRequestResult exceptionMessage="" run="0" submitted="true" cached="false" isRedirectFollow="false" requestBodyBytesHandle="-2" responseBytesHandle="8">
                      <Request url="http://localhost/industry/library/js/script.js" command="GET /industry/library/js/script.js HTTP/1.1" encoding="utf-8">
                        <Headers>Referer : http://localhost/industry/index.php?mod=login
User-Agent : Mozilla/4.0 (compatible; MSIE 7.0; Windows NT 5.1)
Accept : */*
Accept-Language : en-us
Accept-Encoding : GZIP
Host : localhost
Cookie : PHPSESSID=5a0b064b9e2796918842c00f72e52f69; mylang=vietnam
</Headers>
                      </Request>
                      <Response url="http://localhost/industry/library/js/script.js" contentType="application/x-javascript" statusLine="HTTP/1.1 200 OK" pageTime="NaN" time="0.061" statusCodeString="200 OK" contentLength="403">
                        <Headers>Accept-Ranges : bytes
Content-Length : 403
Content-Type : application/x-javascript
Date : Tue, 23 Nov 2010 14:08:40 GMT
ETag : "640c1340-193-56ac8480"
Last-Modified : Tue, 27 Jul 2010 06:09:06 GMT
Server : Apache/2.2.4 (Win32) PHP/5.2.1
</Headers>
                      </Response>
                      <Context>
                        <Entry name="$TotalAgents" value="1" />
                        <Entry name="$ControllerName" value="ASUS" />
                        <Entry name="$AgentName" value="ASUS" />
                        <Entry name="$TestLogsDir" value="C:\Documents and Settings\ASUS X82Q SERIES\My Documents\Visual Studio 2008\Projects\TestProject\TestResults\ASUS X82Q SERIES_ASUS 2010-11-23 21_08_28\In\ASUS" />
                        <Entry name="$TestDeploymentDir" value="C:\Documents and Settings\ASUS X82Q SERIES\My Documents\Visual Studio 2008\Projects\TestProject\TestResults\ASUS X82Q SERIES_ASUS 2010-11-23 21_08_28\Out" />
                        <Entry name="$AgentId" value="1" />
                        <Entry name="$AgentLoadDistributor" value="Microsoft.VisualStudio.TestTools.Execution.AgentLoadDistributor" />
                        <Entry name="$TestDir" value="C:\Documents and Settings\ASUS X82Q SERIES\My Documents\Visual Studio 2008\Projects\TestProject\TestResults\ASUS X82Q SERIES_ASUS 2010-11-23 21_08_28" />
                        <Entry name="$AgentWeighting" value="100" />
                        <Entry name="$WebTestIteration" value="1" />
                        <Entry name="$WebTestUserId" value="1" />
                      </Context>
                    </WebRequestResult>
                    <WebRequestResult exceptionMessage="" run="0" submitted="true" cached="false" isRedirectFollow="false" requestBodyBytesHandle="-2" responseBytesHandle="11">
                      <Request url="http://localhost/industry/library/js/jquery_menu.js" command="GET /industry/library/js/jquery_menu.js HTTP/1.1" encoding="utf-8">
                        <Headers>Referer : http://localhost/industry/index.php?mod=login
User-Agent : Mozilla/4.0 (compatible; MSIE 7.0; Windows NT 5.1)
Accept : */*
Accept-Language : en-us
Accept-Encoding : GZIP
Host : localhost
Cookie : PHPSESSID=5a0b064b9e2796918842c00f72e52f69; mylang=vietnam
</Headers>
                      </Request>
                      <Response url="http://localhost/industry/library/js/jquery_menu.js" contentType="application/x-javascript" statusLine="HTTP/1.1 200 OK" pageTime="NaN" time="0.09" statusCodeString="200 OK" contentLength="57170">
                        <Headers>X-Pad : avoid browser bug
Accept-Ranges : bytes
Content-Length : 57170
Content-Type : application/x-javascript
Date : Tue, 23 Nov 2010 14:08:40 GMT
ETag : "640c1260-df52-984af280"
Last-Modified : Tue, 27 Jul 2010 02:52:42 GMT
Server : Apache/2.2.4 (Win32) PHP/5.2.1
</Headers>
                      </Response>
                      <Context>
                        <Entry name="$TotalAgents" value="1" />
                        <Entry name="$ControllerName" value="ASUS" />
                        <Entry name="$AgentName" value="ASUS" />
                        <Entry name="$TestLogsDir" value="C:\Documents and Settings\ASUS X82Q SERIES\My Documents\Visual Studio 2008\Projects\TestProject\TestResults\ASUS X82Q SERIES_ASUS 2010-11-23 21_08_28\In\ASUS" />
                        <Entry name="$TestDeploymentDir" value="C:\Documents and Settings\ASUS X82Q SERIES\My Documents\Visual Studio 2008\Projects\TestProject\TestResults\ASUS X82Q SERIES_ASUS 2010-11-23 21_08_28\Out" />
                        <Entry name="$AgentId" value="1" />
                        <Entry name="$AgentLoadDistributor" value="Microsoft.VisualStudio.TestTools.Execution.AgentLoadDistributor" />
                        <Entry name="$TestDir" value="C:\Documents and Settings\ASUS X82Q SERIES\My Documents\Visual Studio 2008\Projects\TestProject\TestResults\ASUS X82Q SERIES_ASUS 2010-11-23 21_08_28" />
                        <Entry name="$AgentWeighting" value="100" />
                        <Entry name="$WebTestIteration" value="1" />
                        <Entry name="$WebTestUserId" value="1" />
                      </Context>
                    </WebRequestResult>
                    <WebRequestResult exceptionMessage="" run="0" submitted="true" cached="false" isRedirectFollow="false" requestBodyBytesHandle="-2" responseBytesHandle="9">
                      <Request url="http://localhost/industry/library/js/jquery.dropdown.js" command="GET /industry/library/js/jquery.dropdown.js HTTP/1.1" encoding="utf-8">
                        <Headers>Referer : http://localhost/industry/index.php?mod=login
User-Agent : Mozilla/4.0 (compatible; MSIE 7.0; Windows NT 5.1)
Accept : */*
Accept-Language : en-us
Accept-Encoding : GZIP
Host : localhost
Cookie : PHPSESSID=5a0b064b9e2796918842c00f72e52f69; mylang=vietnam
</Headers>
                      </Request>
                      <Response url="http://localhost/industry/library/js/jquery.dropdown.js" contentType="application/x-javascript" statusLine="HTTP/1.1 200 OK" pageTime="NaN" time="0.011" statusCodeString="200 OK" contentLength="387">
                        <Headers>Accept-Ranges : bytes
Content-Length : 387
Content-Type : application/x-javascript
Date : Tue, 23 Nov 2010 14:08:40 GMT
ETag : "640c11a0-183-835d2100"
Last-Modified : Mon, 08 Jun 2009 11:26:28 GMT
Server : Apache/2.2.4 (Win32) PHP/5.2.1
</Headers>
                      </Response>
                      <Context>
                        <Entry name="$TotalAgents" value="1" />
                        <Entry name="$ControllerName" value="ASUS" />
                        <Entry name="$AgentName" value="ASUS" />
                        <Entry name="$TestLogsDir" value="C:\Documents and Settings\ASUS X82Q SERIES\My Documents\Visual Studio 2008\Projects\TestProject\TestResults\ASUS X82Q SERIES_ASUS 2010-11-23 21_08_28\In\ASUS" />
                        <Entry name="$TestDeploymentDir" value="C:\Documents and Settings\ASUS X82Q SERIES\My Documents\Visual Studio 2008\Projects\TestProject\TestResults\ASUS X82Q SERIES_ASUS 2010-11-23 21_08_28\Out" />
                        <Entry name="$AgentId" value="1" />
                        <Entry name="$AgentLoadDistributor" value="Microsoft.VisualStudio.TestTools.Execution.AgentLoadDistributor" />
                        <Entry name="$TestDir" value="C:\Documents and Settings\ASUS X82Q SERIES\My Documents\Visual Studio 2008\Projects\TestProject\TestResults\ASUS X82Q SERIES_ASUS 2010-11-23 21_08_28" />
                        <Entry name="$AgentWeighting" value="100" />
                        <Entry name="$WebTestIteration" value="1" />
                        <Entry name="$WebTestUserId" value="1" />
                      </Context>
                    </WebRequestResult>
                    <WebRequestResult exceptionMessage="" run="0" submitted="true" cached="false" isRedirectFollow="false" requestBodyBytesHandle="-2" responseBytesHandle="10">
                      <Request url="http://localhost/industry/SpryAssets/SpryTabbedPanels.js" command="GET /industry/SpryAssets/SpryTabbedPanels.js HTTP/1.1" encoding="utf-8">
                        <Headers>Referer : http://localhost/industry/index.php?mod=login
User-Agent : Mozilla/4.0 (compatible; MSIE 7.0; Windows NT 5.1)
Accept : */*
Accept-Language : en-us
Accept-Encoding : GZIP
Host : localhost
Cookie : PHPSESSID=5a0b064b9e2796918842c00f72e52f69; mylang=vietnam
</Headers>
                      </Request>
                      <Response url="http://localhost/industry/SpryAssets/SpryTabbedPanels.js" contentType="application/x-javascript" statusLine="HTTP/1.1 200 OK" pageTime="NaN" time="0.03" statusCodeString="200 OK" contentLength="10941">
                        <Headers>X-Pad : avoid browser bug
Accept-Ranges : bytes
Content-Length : 10941
Content-Type : application/x-javascript
Date : Tue, 23 Nov 2010 14:08:40 GMT
ETag : "4e5990e0-2abd-57842300"
Last-Modified : Tue, 27 Jul 2010 10:55:40 GMT
Server : Apache/2.2.4 (Win32) PHP/5.2.1
</Headers>
                      </Response>
                      <Context>
                        <Entry name="$TotalAgents" value="1" />
                        <Entry name="$ControllerName" value="ASUS" />
                        <Entry name="$AgentName" value="ASUS" />
                        <Entry name="$TestLogsDir" value="C:\Documents and Settings\ASUS X82Q SERIES\My Documents\Visual Studio 2008\Projects\TestProject\TestResults\ASUS X82Q SERIES_ASUS 2010-11-23 21_08_28\In\ASUS" />
                        <Entry name="$TestDeploymentDir" value="C:\Documents and Settings\ASUS X82Q SERIES\My Documents\Visual Studio 2008\Projects\TestProject\TestResults\ASUS X82Q SERIES_ASUS 2010-11-23 21_08_28\Out" />
                        <Entry name="$AgentId" value="1" />
                        <Entry name="$AgentLoadDistributor" value="Microsoft.VisualStudio.TestTools.Execution.AgentLoadDistributor" />
                        <Entry name="$TestDir" value="C:\Documents and Settings\ASUS X82Q SERIES\My Documents\Visual Studio 2008\Projects\TestProject\TestResults\ASUS X82Q SERIES_ASUS 2010-11-23 21_08_28" />
                        <Entry name="$AgentWeighting" value="100" />
                        <Entry name="$WebTestIteration" value="1" />
                        <Entry name="$WebTestUserId" value="1" />
                      </Context>
                    </WebRequestResult>
                    <WebRequestResult exceptionMessage="" run="0" submitted="true" cached="false" isRedirectFollow="false" requestBodyBytesHandle="-2" responseBytesHandle="12">
                      <Request url="http://localhost/industry/library/js/rainbow.js" command="GET /industry/library/js/rainbow.js HTTP/1.1" encoding="utf-8">
                        <Headers>Referer : http://localhost/industry/index.php?mod=login
User-Agent : Mozilla/4.0 (compatible; MSIE 7.0; Windows NT 5.1)
Accept : */*
Accept-Language : en-us
Accept-Encoding : GZIP
Host : localhost
Cookie : PHPSESSID=5a0b064b9e2796918842c00f72e52f69; mylang=vietnam
</Headers>
                      </Request>
                      <Response url="http://localhost/industry/library/js/rainbow.js" contentType="application/x-javascript" statusLine="HTTP/1.1 200 OK" pageTime="NaN" time="0.046" statusCodeString="200 OK" contentLength="7776">
                        <Headers>X-Pad : avoid browser bug
Accept-Ranges : bytes
Content-Length : 7776
Content-Type : application/x-javascript
Date : Tue, 23 Nov 2010 14:08:40 GMT
ETag : "640c1320-1e60-a3ab8780"
Last-Modified : Sun, 29 Aug 2010 09:04:46 GMT
Server : Apache/2.2.4 (Win32) PHP/5.2.1
</Headers>
                      </Response>
                      <Context>
                        <Entry name="$TotalAgents" value="1" />
                        <Entry name="$ControllerName" value="ASUS" />
                        <Entry name="$AgentName" value="ASUS" />
                        <Entry name="$TestLogsDir" value="C:\Documents and Settings\ASUS X82Q SERIES\My Documents\Visual Studio 2008\Projects\TestProject\TestResults\ASUS X82Q SERIES_ASUS 2010-11-23 21_08_28\In\ASUS" />
                        <Entry name="$TestDeploymentDir" value="C:\Documents and Settings\ASUS X82Q SERIES\My Documents\Visual Studio 2008\Projects\TestProject\TestResults\ASUS X82Q SERIES_ASUS 2010-11-23 21_08_28\Out" />
                        <Entry name="$AgentId" value="1" />
                        <Entry name="$AgentLoadDistributor" value="Microsoft.VisualStudio.TestTools.Execution.AgentLoadDistributor" />
                        <Entry name="$TestDir" value="C:\Documents and Settings\ASUS X82Q SERIES\My Documents\Visual Studio 2008\Projects\TestProject\TestResults\ASUS X82Q SERIES_ASUS 2010-11-23 21_08_28" />
                        <Entry name="$AgentWeighting" value="100" />
                        <Entry name="$WebTestIteration" value="1" />
                        <Entry name="$WebTestUserId" value="1" />
                      </Context>
                    </WebRequestResult>
                    <WebRequestResult exceptionMessage="" run="0" submitted="true" cached="false" isRedirectFollow="false" requestBodyBytesHandle="-2" responseBytesHandle="15">
                      <Request url="http://localhost/industry/interface/search.jpg" command="GET /industry/interface/search.jpg HTTP/1.1" encoding="utf-8">
                        <Headers>Referer : http://localhost/industry/index.php?mod=login
User-Agent : Mozilla/4.0 (compatible; MSIE 7.0; Windows NT 5.1)
Accept : */*
Accept-Language : en-us
Accept-Encoding : GZIP
Host : localhost
Cookie : PHPSESSID=5a0b064b9e2796918842c00f72e52f69; mylang=vietnam
</Headers>
                      </Request>
                      <Response url="http://localhost/industry/interface/search.jpg" contentType="image/jpeg" statusLine="HTTP/1.1 200 OK" pageTime="NaN" time="0.033" statusCodeString="200 OK" contentLength="1525">
                        <Headers>Accept-Ranges : bytes
Content-Length : 1525
Content-Type : image/jpeg
Date : Tue, 23 Nov 2010 14:08:40 GMT
ETag : "63f09960-5f5-160fc780"
Last-Modified : Sun, 25 Jul 2010 16:51:58 GMT
Server : Apache/2.2.4 (Win32) PHP/5.2.1
</Headers>
                      </Response>
                      <Context>
                        <Entry name="$TotalAgents" value="1" />
                        <Entry name="$ControllerName" value="ASUS" />
                        <Entry name="$AgentName" value="ASUS" />
                        <Entry name="$TestLogsDir" value="C:\Documents and Settings\ASUS X82Q SERIES\My Documents\Visual Studio 2008\Projects\TestProject\TestResults\ASUS X82Q SERIES_ASUS 2010-11-23 21_08_28\In\ASUS" />
                        <Entry name="$TestDeploymentDir" value="C:\Documents and Settings\ASUS X82Q SERIES\My Documents\Visual Studio 2008\Projects\TestProject\TestResults\ASUS X82Q SERIES_ASUS 2010-11-23 21_08_28\Out" />
                        <Entry name="$AgentId" value="1" />
                        <Entry name="$AgentLoadDistributor" value="Microsoft.VisualStudio.TestTools.Execution.AgentLoadDistributor" />
                        <Entry name="$TestDir" value="C:\Documents and Settings\ASUS X82Q SERIES\My Documents\Visual Studio 2008\Projects\TestProject\TestResults\ASUS X82Q SERIES_ASUS 2010-11-23 21_08_28" />
                        <Entry name="$AgentWeighting" value="100" />
                        <Entry name="$WebTestIteration" value="1" />
                        <Entry name="$WebTestUserId" value="1" />
                      </Context>
                    </WebRequestResult>
                    <WebRequestResult exceptionMessage="" run="0" submitted="true" cached="false" isRedirectFollow="false" requestBodyBytesHandle="-2" responseBytesHandle="87">
                      <Request url="http://localhost/industry/includes/skins/mxkollection3.css" command="GET /industry/includes/skins/mxkollection3.css HTTP/1.1" encoding="utf-8">
                        <Headers>Referer : http://localhost/industry/index.php?mod=login
User-Agent : Mozilla/4.0 (compatible; MSIE 7.0; Windows NT 5.1)
Accept : */*
Accept-Language : en-us
Accept-Encoding : GZIP
Host : localhost
Cookie : PHPSESSID=5a0b064b9e2796918842c00f72e52f69; mylang=vietnam
</Headers>
                      </Request>
                      <Response url="http://localhost/industry/includes/skins/mxkollection3.css" contentType="text/css" statusLine="HTTP/1.1 200 OK" pageTime="NaN" time="0.013" statusCodeString="200 OK" contentLength="621">
                        <Headers>Accept-Ranges : bytes
Content-Length : 621
Content-Type : text/css
Date : Tue, 23 Nov 2010 14:08:40 GMT
ETag : "633bd0a0-26d-2d53ec80"
Last-Modified : Wed, 25 Aug 2010 15:02:58 GMT
Server : Apache/2.2.4 (Win32) PHP/5.2.1
</Headers>
                      </Response>
                      <Context>
                        <Entry name="$TotalAgents" value="1" />
                        <Entry name="$ControllerName" value="ASUS" />
                        <Entry name="$AgentName" value="ASUS" />
                        <Entry name="$TestLogsDir" value="C:\Documents and Settings\ASUS X82Q SERIES\My Documents\Visual Studio 2008\Projects\TestProject\TestResults\ASUS X82Q SERIES_ASUS 2010-11-23 21_08_28\In\ASUS" />
                        <Entry name="$TestDeploymentDir" value="C:\Documents and Settings\ASUS X82Q SERIES\My Documents\Visual Studio 2008\Projects\TestProject\TestResults\ASUS X82Q SERIES_ASUS 2010-11-23 21_08_28\Out" />
                        <Entry name="$AgentId" value="1" />
                        <Entry name="$AgentLoadDistributor" value="Microsoft.VisualStudio.TestTools.Execution.AgentLoadDistributor" />
                        <Entry name="$TestDir" value="C:\Documents and Settings\ASUS X82Q SERIES\My Documents\Visual Studio 2008\Projects\TestProject\TestResults\ASUS X82Q SERIES_ASUS 2010-11-23 21_08_28" />
                        <Entry name="$AgentWeighting" value="100" />
                        <Entry name="$WebTestIteration" value="1" />
                        <Entry name="$WebTestUserId" value="1" />
                      </Context>
                    </WebRequestResult>
                    <WebRequestResult exceptionMessage="" run="0" submitted="true" cached="false" isRedirectFollow="false" requestBodyBytesHandle="-2" responseBytesHandle="1">
                      <Request url="http://localhost/industry/library/css/style.css" command="GET /industry/library/css/style.css HTTP/1.1" encoding="utf-8">
                        <Headers>Referer : http://localhost/industry/index.php?mod=login
User-Agent : Mozilla/4.0 (compatible; MSIE 7.0; Windows NT 5.1)
Accept : */*
Accept-Language : en-us
Accept-Encoding : GZIP
Host : localhost
Cookie : PHPSESSID=5a0b064b9e2796918842c00f72e52f69; mylang=vietnam
</Headers>
                      </Request>
                      <Response url="http://localhost/industry/library/css/style.css" contentType="text/css" statusLine="HTTP/1.1 200 OK" pageTime="NaN" time="0.015" statusCodeString="200 OK" contentLength="9991">
                        <Headers>Accept-Ranges : bytes
Content-Length : 9991
Content-Type : text/css
Date : Tue, 23 Nov 2010 14:08:40 GMT
ETag : "64155240-2707-e0400a80"
Last-Modified : Fri, 24 Sep 2010 18:52:10 GMT
Server : Apache/2.2.4 (Win32) PHP/5.2.1
</Headers>
                      </Response>
                      <Context>
                        <Entry name="$TotalAgents" value="1" />
                        <Entry name="$ControllerName" value="ASUS" />
                        <Entry name="$AgentName" value="ASUS" />
                        <Entry name="$TestLogsDir" value="C:\Documents and Settings\ASUS X82Q SERIES\My Documents\Visual Studio 2008\Projects\TestProject\TestResults\ASUS X82Q SERIES_ASUS 2010-11-23 21_08_28\In\ASUS" />
                        <Entry name="$TestDeploymentDir" value="C:\Documents and Settings\ASUS X82Q SERIES\My Documents\Visual Studio 2008\Projects\TestProject\TestResults\ASUS X82Q SERIES_ASUS 2010-11-23 21_08_28\Out" />
                        <Entry name="$AgentId" value="1" />
                        <Entry name="$AgentLoadDistributor" value="Microsoft.VisualStudio.TestTools.Execution.AgentLoadDistributor" />
                        <Entry name="$TestDir" value="C:\Documents and Settings\ASUS X82Q SERIES\My Documents\Visual Studio 2008\Projects\TestProject\TestResults\ASUS X82Q SERIES_ASUS 2010-11-23 21_08_28" />
                        <Entry name="$AgentWeighting" value="100" />
                        <Entry name="$WebTestIteration" value="1" />
                        <Entry name="$WebTestUserId" value="1" />
                      </Context>
                    </WebRequestResult>
                    <WebRequestResult exceptionMessage="" run="0" submitted="true" cached="false" isRedirectFollow="false" requestBodyBytesHandle="-2" responseBytesHandle="88">
                      <Request url="http://localhost/industry/includes/common/js/base.js" command="GET /industry/includes/common/js/base.js HTTP/1.1" encoding="utf-8">
                        <Headers>Referer : http://localhost/industry/index.php?mod=login
User-Agent : Mozilla/4.0 (compatible; MSIE 7.0; Windows NT 5.1)
Accept : */*
Accept-Language : en-us
Accept-Encoding : GZIP
Host : localhost
Cookie : PHPSESSID=5a0b064b9e2796918842c00f72e52f69; mylang=vietnam
</Headers>
                      </Request>
                      <Response url="http://localhost/industry/includes/common/js/base.js" contentType="application/x-javascript" statusLine="HTTP/1.1 200 OK" pageTime="NaN" time="0.028" statusCodeString="200 OK" contentLength="7805">
                        <Headers>X-Pad : avoid browser bug
Accept-Ranges : bytes
Content-Length : 7805
Content-Type : application/x-javascript
Date : Tue, 23 Nov 2010 14:08:40 GMT
ETag : "63ee1040-1e7d-1eae3d00"
Last-Modified : Wed, 28 Jul 2010 03:21:56 GMT
Server : Apache/2.2.4 (Win32) PHP/5.2.1
</Headers>
                      </Response>
                      <Context>
                        <Entry name="$TotalAgents" value="1" />
                        <Entry name="$ControllerName" value="ASUS" />
                        <Entry name="$AgentName" value="ASUS" />
                        <Entry name="$TestLogsDir" value="C:\Documents and Settings\ASUS X82Q SERIES\My Documents\Visual Studio 2008\Projects\TestProject\TestResults\ASUS X82Q SERIES_ASUS 2010-11-23 21_08_28\In\ASUS" />
                        <Entry name="$TestDeploymentDir" value="C:\Documents and Settings\ASUS X82Q SERIES\My Documents\Visual Studio 2008\Projects\TestProject\TestResults\ASUS X82Q SERIES_ASUS 2010-11-23 21_08_28\Out" />
                        <Entry name="$AgentId" value="1" />
                        <Entry name="$AgentLoadDistributor" value="Microsoft.VisualStudio.TestTools.Execution.AgentLoadDistributor" />
                        <Entry name="$TestDir" value="C:\Documents and Settings\ASUS X82Q SERIES\My Documents\Visual Studio 2008\Projects\TestProject\TestResults\ASUS X82Q SERIES_ASUS 2010-11-23 21_08_28" />
                        <Entry name="$AgentWeighting" value="100" />
                        <Entry name="$WebTestIteration" value="1" />
                        <Entry name="$WebTestUserId" value="1" />
                      </Context>
                    </WebRequestResult>
                    <WebRequestResult exceptionMessage="" run="0" submitted="true" cached="false" isRedirectFollow="false" requestBodyBytesHandle="-2" responseBytesHandle="89">
                      <Request url="http://localhost/industry/includes/skins/style.js" command="GET /industry/includes/skins/style.js HTTP/1.1" encoding="utf-8">
                        <Headers>Referer : http://localhost/industry/index.php?mod=login
User-Agent : Mozilla/4.0 (compatible; MSIE 7.0; Windows NT 5.1)
Accept : */*
Accept-Language : en-us
Accept-Encoding : GZIP
Host : localhost
Cookie : PHPSESSID=5a0b064b9e2796918842c00f72e52f69; mylang=vietnam
</Headers>
                      </Request>
                      <Response url="http://localhost/industry/includes/skins/style.js" contentType="application/x-javascript" statusLine="HTTP/1.1 200 OK" pageTime="NaN" time="0.066" statusCodeString="200 OK" contentLength="25319">
                        <Headers>X-Pad : avoid browser bug
Accept-Ranges : bytes
Content-Length : 25319
Content-Type : application/x-javascript
Date : Tue, 23 Nov 2010 14:08:40 GMT
ETag : "633bd0c0-62e7-2b4d2000"
Last-Modified : Wed, 25 Aug 2010 15:02:24 GMT
Server : Apache/2.2.4 (Win32) PHP/5.2.1
</Headers>
                      </Response>
                      <Context>
                        <Entry name="$TotalAgents" value="1" />
                        <Entry name="$ControllerName" value="ASUS" />
                        <Entry name="$AgentName" value="ASUS" />
                        <Entry name="$TestLogsDir" value="C:\Documents and Settings\ASUS X82Q SERIES\My Documents\Visual Studio 2008\Projects\TestProject\TestResults\ASUS X82Q SERIES_ASUS 2010-11-23 21_08_28\In\ASUS" />
                        <Entry name="$TestDeploymentDir" value="C:\Documents and Settings\ASUS X82Q SERIES\My Documents\Visual Studio 2008\Projects\TestProject\TestResults\ASUS X82Q SERIES_ASUS 2010-11-23 21_08_28\Out" />
                        <Entry name="$AgentId" value="1" />
                        <Entry name="$AgentLoadDistributor" value="Microsoft.VisualStudio.TestTools.Execution.AgentLoadDistributor" />
                        <Entry name="$TestDir" value="C:\Documents and Settings\ASUS X82Q SERIES\My Documents\Visual Studio 2008\Projects\TestProject\TestResults\ASUS X82Q SERIES_ASUS 2010-11-23 21_08_28" />
                        <Entry name="$AgentWeighting" value="100" />
                        <Entry name="$WebTestIteration" value="1" />
                        <Entry name="$WebTestUserId" value="1" />
                      </Context>
                    </WebRequestResult>
                    <WebRequestResult exceptionMessage="" run="0" submitted="true" cached="false" isRedirectFollow="false" requestBodyBytesHandle="-2" responseBytesHandle="97">
                      <Request url="http://localhost/industry/login/includes/tng/scripts/FormValidation.js" command="GET /industry/login/includes/tng/scripts/FormValidation.js HTTP/1.1" encoding="utf-8">
                        <Headers>Referer : http://localhost/industry/index.php?mod=login
User-Agent : Mozilla/4.0 (compatible; MSIE 7.0; Windows NT 5.1)
Accept : */*
Accept-Language : en-us
Accept-Encoding : GZIP
Host : localhost
Cookie : PHPSESSID=5a0b064b9e2796918842c00f72e52f69; mylang=vietnam
</Headers>
                      </Request>
                      <Response url="http://localhost/industry/login/includes/tng/scripts/FormValidation.js" contentType="text/html; charset=iso-8859-1" statusLine="HTTP/1.1 404 Not Found" pageTime="NaN" time="0.023" statusCodeString="404 Not Found" contentLength="334">
                        <Headers>Content-Length : 334
Content-Type : text/html; charset=iso-8859-1
Date : Tue, 23 Nov 2010 14:08:40 GMT
Server : Apache/2.2.4 (Win32) PHP/5.2.1
</Headers>
                      </Response>
                      <Context>
                        <Entry name="$TotalAgents" value="1" />
                        <Entry name="$ControllerName" value="ASUS" />
                        <Entry name="$AgentName" value="ASUS" />
                        <Entry name="$TestLogsDir" value="C:\Documents and Settings\ASUS X82Q SERIES\My Documents\Visual Studio 2008\Projects\TestProject\TestResults\ASUS X82Q SERIES_ASUS 2010-11-23 21_08_28\In\ASUS" />
                        <Entry name="$TestDeploymentDir" value="C:\Documents and Settings\ASUS X82Q SERIES\My Documents\Visual Studio 2008\Projects\TestProject\TestResults\ASUS X82Q SERIES_ASUS 2010-11-23 21_08_28\Out" />
                        <Entry name="$AgentId" value="1" />
                        <Entry name="$AgentLoadDistributor" value="Microsoft.VisualStudio.TestTools.Execution.AgentLoadDistributor" />
                        <Entry name="$TestDir" value="C:\Documents and Settings\ASUS X82Q SERIES\My Documents\Visual Studio 2008\Projects\TestProject\TestResults\ASUS X82Q SERIES_ASUS 2010-11-23 21_08_28" />
                        <Entry name="$AgentWeighting" value="100" />
                        <Entry name="$WebTestIteration" value="1" />
                        <Entry name="$WebTestUserId" value="1" />
                      </Context>
                      <Errors>
                        <Error type="HttpError" subType="404 - NotFound" text="404 - NotFound" time="2010-11-23T21:08:40.5468750+07:00" />
                      </Errors>
                    </WebRequestResult>
                    <WebRequestResult exceptionMessage="" run="0" submitted="true" cached="false" isRedirectFollow="false" requestBodyBytesHandle="-2" responseBytesHandle="98">
                      <Request url="http://localhost/industry/login/includes/tng/scripts/FormValidation.js.php" command="GET /industry/login/includes/tng/scripts/FormValidation.js.php HTTP/1.1" encoding="utf-8">
                        <Headers>Referer : http://localhost/industry/index.php?mod=login
User-Agent : Mozilla/4.0 (compatible; MSIE 7.0; Windows NT 5.1)
Accept : */*
Accept-Language : en-us
Accept-Encoding : GZIP
Host : localhost
Cookie : PHPSESSID=5a0b064b9e2796918842c00f72e52f69; mylang=vietnam
</Headers>
                      </Request>
                      <Response url="http://localhost/industry/login/includes/tng/scripts/FormValidation.js.php" contentType="text/html; charset=iso-8859-1" statusLine="HTTP/1.1 404 Not Found" pageTime="NaN" time="0.01" statusCodeString="404 Not Found" contentLength="338">
                        <Headers>Content-Length : 338
Content-Type : text/html; charset=iso-8859-1
Date : Tue, 23 Nov 2010 14:08:40 GMT
Server : Apache/2.2.4 (Win32) PHP/5.2.1
</Headers>
                      </Response>
                      <Context>
                        <Entry name="$TotalAgents" value="1" />
                        <Entry name="$ControllerName" value="ASUS" />
                        <Entry name="$AgentName" value="ASUS" />
                        <Entry name="$TestLogsDir" value="C:\Documents and Settings\ASUS X82Q SERIES\My Documents\Visual Studio 2008\Projects\TestProject\TestResults\ASUS X82Q SERIES_ASUS 2010-11-23 21_08_28\In\ASUS" />
                        <Entry name="$TestDeploymentDir" value="C:\Documents and Settings\ASUS X82Q SERIES\My Documents\Visual Studio 2008\Projects\TestProject\TestResults\ASUS X82Q SERIES_ASUS 2010-11-23 21_08_28\Out" />
                        <Entry name="$AgentId" value="1" />
                        <Entry name="$AgentLoadDistributor" value="Microsoft.VisualStudio.TestTools.Execution.AgentLoadDistributor" />
                        <Entry name="$TestDir" value="C:\Documents and Settings\ASUS X82Q SERIES\My Documents\Visual Studio 2008\Projects\TestProject\TestResults\ASUS X82Q SERIES_ASUS 2010-11-23 21_08_28" />
                        <Entry name="$AgentWeighting" value="100" />
                        <Entry name="$WebTestIteration" value="1" />
                        <Entry name="$WebTestUserId" value="1" />
                      </Context>
                      <Errors>
                        <Error type="HttpError" subType="404 - NotFound" text="404 - NotFound" time="2010-11-23T21:08:40.5625000+07:00" />
                      </Errors>
                    </WebRequestResult>
                    <WebRequestResult exceptionMessage="" run="0" submitted="true" cached="false" isRedirectFollow="false" requestBodyBytesHandle="-2" responseBytesHandle="90">
                      <Request url="http://localhost/industry/includes/common/js/utility.js" command="GET /industry/includes/common/js/utility.js HTTP/1.1" encoding="utf-8">
                        <Headers>Referer : http://localhost/industry/index.php?mod=login
User-Agent : Mozilla/4.0 (compatible; MSIE 7.0; Windows NT 5.1)
Accept : */*
Accept-Language : en-us
Accept-Encoding : GZIP
Host : localhost
Cookie : PHPSESSID=5a0b064b9e2796918842c00f72e52f69; mylang=vietnam
</Headers>
                      </Request>
                      <Response url="http://localhost/industry/includes/common/js/utility.js" contentType="application/x-javascript" statusLine="HTTP/1.1 200 OK" pageTime="NaN" time="0.122" statusCodeString="200 OK" contentLength="81309">
                        <Headers>Accept-Ranges : bytes
Content-Length : 81309
Content-Type : application/x-javascript
Date : Tue, 23 Nov 2010 14:08:40 GMT
ETag : "63ee10c0-13d9d-1eae3d00"
Last-Modified : Wed, 28 Jul 2010 03:21:56 GMT
Server : Apache/2.2.4 (Win32) PHP/5.2.1
</Headers>
                      </Response>
                      <Context>
                        <Entry name="$TotalAgents" value="1" />
                        <Entry name="$ControllerName" value="ASUS" />
                        <Entry name="$AgentName" value="ASUS" />
                        <Entry name="$TestLogsDir" value="C:\Documents and Settings\ASUS X82Q SERIES\My Documents\Visual Studio 2008\Projects\TestProject\TestResults\ASUS X82Q SERIES_ASUS 2010-11-23 21_08_28\In\ASUS" />
                        <Entry name="$TestDeploymentDir" value="C:\Documents and Settings\ASUS X82Q SERIES\My Documents\Visual Studio 2008\Projects\TestProject\TestResults\ASUS X82Q SERIES_ASUS 2010-11-23 21_08_28\Out" />
                        <Entry name="$AgentId" value="1" />
                        <Entry name="$AgentLoadDistributor" value="Microsoft.VisualStudio.TestTools.Execution.AgentLoadDistributor" />
                        <Entry name="$TestDir" value="C:\Documents and Settings\ASUS X82Q SERIES\My Documents\Visual Studio 2008\Projects\TestProject\TestResults\ASUS X82Q SERIES_ASUS 2010-11-23 21_08_28" />
                        <Entry name="$AgentWeighting" value="100" />
                        <Entry name="$WebTestIteration" value="1" />
                        <Entry name="$WebTestUserId" value="1" />
                      </Context>
                    </WebRequestResult>
                    <WebRequestResult exceptionMessage="" run="0" submitted="true" cached="false" isRedirectFollow="false" requestBodyBytesHandle="-2" responseBytesHandle="99">
                      <Request url="http://localhost/industry/uploads/advertisement/1_LOGO%20TV%20THU%20NHO(8).jpg" command="GET /industry/uploads/advertisement/1_LOGO%20TV%20THU%20NHO(8).jpg HTTP/1.1" encoding="utf-8">
                        <Headers>Referer : http://localhost/industry/index.php?mod=login
User-Agent : Mozilla/4.0 (compatible; MSIE 7.0; Windows NT 5.1)
Accept : */*
Accept-Language : en-us
Accept-Encoding : GZIP
Host : localhost
Cookie : PHPSESSID=5a0b064b9e2796918842c00f72e52f69; mylang=vietnam
</Headers>
                      </Request>
                      <Response url="http://localhost/industry/uploads/advertisement/1_LOGO%20TV%20THU%20NHO(8).jpg" contentType="image/jpeg" statusLine="HTTP/1.1 200 OK" pageTime="NaN" time="0.01" statusCodeString="200 OK" contentLength="28277">
                        <Headers>Accept-Ranges : bytes
Content-Length : 28277
Content-Type : image/jpeg
Date : Tue, 23 Nov 2010 14:08:40 GMT
ETag : "5b8a9100-6e75-cf4d7f80"
Last-Modified : Thu, 16 Sep 2010 16:19:26 GMT
Server : Apache/2.2.4 (Win32) PHP/5.2.1
</Headers>
                      </Response>
                      <Context>
                        <Entry name="$TotalAgents" value="1" />
                        <Entry name="$ControllerName" value="ASUS" />
                        <Entry name="$AgentName" value="ASUS" />
                        <Entry name="$TestLogsDir" value="C:\Documents and Settings\ASUS X82Q SERIES\My Documents\Visual Studio 2008\Projects\TestProject\TestResults\ASUS X82Q SERIES_ASUS 2010-11-23 21_08_28\In\ASUS" />
                        <Entry name="$TestDeploymentDir" value="C:\Documents and Settings\ASUS X82Q SERIES\My Documents\Visual Studio 2008\Projects\TestProject\TestResults\ASUS X82Q SERIES_ASUS 2010-11-23 21_08_28\Out" />
                        <Entry name="$AgentId" value="1" />
                        <Entry name="$AgentLoadDistributor" value="Microsoft.VisualStudio.TestTools.Execution.AgentLoadDistributor" />
                        <Entry name="$TestDir" value="C:\Documents and Settings\ASUS X82Q SERIES\My Documents\Visual Studio 2008\Projects\TestProject\TestResults\ASUS X82Q SERIES_ASUS 2010-11-23 21_08_28" />
                        <Entry name="$AgentWeighting" value="100" />
                        <Entry name="$WebTestIteration" value="1" />
                        <Entry name="$WebTestUserId" value="1" />
                      </Context>
                    </WebRequestResult>
                    <WebRequestResult exceptionMessage="" run="0" submitted="true" cached="false" isRedirectFollow="false" requestBodyBytesHandle="-2" responseBytesHandle="100">
                      <Request url="http://localhost/industry/uploads/advertisement/slide4.jpg" command="GET /industry/uploads/advertisement/slide4.jpg HTTP/1.1" encoding="utf-8">
                        <Headers>Referer : http://localhost/industry/index.php?mod=login
User-Agent : Mozilla/4.0 (compatible; MSIE 7.0; Windows NT 5.1)
Accept : */*
Accept-Language : en-us
Accept-Encoding : GZIP
Host : localhost
Cookie : PHPSESSID=5a0b064b9e2796918842c00f72e52f69; mylang=vietnam
</Headers>
                      </Request>
                      <Response url="http://localhost/industry/uploads/advertisement/slide4.jpg" contentType="image/jpeg" statusLine="HTTP/1.1 200 OK" pageTime="NaN" time="0.01" statusCodeString="200 OK" contentLength="28790">
                        <Headers>Accept-Ranges : bytes
Content-Length : 28790
Content-Type : image/jpeg
Date : Tue, 23 Nov 2010 14:08:40 GMT
ETag : "5b8a9380-7076-93d8b80"
Last-Modified : Sun, 08 Aug 2010 05:18:54 GMT
Server : Apache/2.2.4 (Win32) PHP/5.2.1
</Headers>
                      </Response>
                      <Context>
                        <Entry name="$TotalAgents" value="1" />
                        <Entry name="$ControllerName" value="ASUS" />
                        <Entry name="$AgentName" value="ASUS" />
                        <Entry name="$TestLogsDir" value="C:\Documents and Settings\ASUS X82Q SERIES\My Documents\Visual Studio 2008\Projects\TestProject\TestResults\ASUS X82Q SERIES_ASUS 2010-11-23 21_08_28\In\ASUS" />
                        <Entry name="$TestDeploymentDir" value="C:\Documents and Settings\ASUS X82Q SERIES\My Documents\Visual Studio 2008\Projects\TestProject\TestResults\ASUS X82Q SERIES_ASUS 2010-11-23 21_08_28\Out" />
                        <Entry name="$AgentId" value="1" />
                        <Entry name="$AgentLoadDistributor" value="Microsoft.VisualStudio.TestTools.Execution.AgentLoadDistributor" />
                        <Entry name="$TestDir" value="C:\Documents and Settings\ASUS X82Q SERIES\My Documents\Visual Studio 2008\Projects\TestProject\TestResults\ASUS X82Q SERIES_ASUS 2010-11-23 21_08_28" />
                        <Entry name="$AgentWeighting" value="100" />
                        <Entry name="$WebTestIteration" value="1" />
                        <Entry name="$WebTestUserId" value="1" />
                      </Context>
                    </WebRequestResult>
                  </DependantResults>
                  <ValidationRuleResults>
                    <ValidationRuleResult message="Passed" ruleType="Validation" name="Response URL" />
                  </ValidationRuleResults>
                </WebRequestResult>
              </WebTestResultPage>
              <WebTestResultPage>
                <WebRequestResult exceptionMessage="" run="0" submitted="true" cached="false" isRedirectFollow="false" requestBodyBytesHandle="101" responseBytesHandle="102">
                  <Request url="http://localhost/industry/index.php?mod=login" command="POST /industry/index.php?mod=login HTTP/1.1" contentType="application/x-www-form-urlencoded" encoding="utf-8">
                    <Headers>User-Agent : Mozilla/4.0 (compatible; MSIE 7.0; Windows NT 5.1)
Accept : */*
Accept-Language : en-us
Accept-Encoding : GZIP
Content-Type : application/x-www-form-urlencoded
Host : localhost
Cookie : PHPSESSID=5a0b064b9e2796918842c00f72e52f69; mylang=vietnam
Content-Length : 79
Expect : 100-continue
</Headers>
                  </Request>
                  <Response url="http://localhost/industry/index.php?mod=login" contentType="text/html; charset=utf-8" statusLine="HTTP/1.1 200 OK" pageTime="0.65499999999999992" time="0.327" statusCodeString="200 OK" contentLength="13479">
                    <Headers>Pragma : no-cache
Transfer-Encoding : chunked
Cache-Control : no-store, no-cache, must-revalidate, post-check=0, pre-check=0
Content-Type : text/html; charset:utf-8
Date : Tue, 23 Nov 2010 14:08:40 GMT
Expires : Thu, 19 Nov 1981 08:52:00 GMT
Set-Cookie : mylang=vietnam; expires=Tue, 30-Nov-2010 14:08:40 GMT; path=/
Server : Apache/2.2.4 (Win32) PHP/5.2.1
X-Powered-By : PHP/5.2.1
</Headers>
                  </Response>
                  <Context>
                    <Entry name="$TotalAgents" value="1" />
                    <Entry name="$ControllerName" value="ASUS" />
                    <Entry name="$AgentName" value="ASUS" />
                    <Entry name="$TestLogsDir" value="C:\Documents and Settings\ASUS X82Q SERIES\My Documents\Visual Studio 2008\Projects\TestProject\TestResults\ASUS X82Q SERIES_ASUS 2010-11-23 21_08_28\In\ASUS" />
                    <Entry name="$TestDeploymentDir" value="C:\Documents and Settings\ASUS X82Q SERIES\My Documents\Visual Studio 2008\Projects\TestProject\TestResults\ASUS X82Q SERIES_ASUS 2010-11-23 21_08_28\Out" />
                    <Entry name="$AgentId" value="1" />
                    <Entry name="$AgentLoadDistributor" value="Microsoft.VisualStudio.TestTools.Execution.AgentLoadDistributor" />
                    <Entry name="$TestDir" value="C:\Documents and Settings\ASUS X82Q SERIES\My Documents\Visual Studio 2008\Projects\TestProject\TestResults\ASUS X82Q SERIES_ASUS 2010-11-23 21_08_28" />
                    <Entry name="$AgentWeighting" value="100" />
                    <Entry name="$WebTestIteration" value="1" />
                    <Entry name="$WebTestUserId" value="1" />
                  </Context>
                  <DependantResults>
                    <WebRequestResult exceptionMessage="" run="0" submitted="true" cached="false" isRedirectFollow="false" requestBodyBytesHandle="-2" responseBytesHandle="2">
                      <Request url="http://localhost/industry/library/CSS/style_menu.css" command="GET /industry/library/CSS/style_menu.css HTTP/1.1" encoding="utf-8">
                        <Headers>Referer : http://localhost/industry/index.php?mod=login
User-Agent : Mozilla/4.0 (compatible; MSIE 7.0; Windows NT 5.1)
Accept : */*
Accept-Language : en-us
Accept-Encoding : GZIP
Host : localhost
Cookie : PHPSESSID=5a0b064b9e2796918842c00f72e52f69; mylang=vietnam
</Headers>
                      </Request>
                      <Response url="http://localhost/industry/library/CSS/style_menu.css" contentType="text/css" statusLine="HTTP/1.1 200 OK" pageTime="NaN" time="0.006" statusCodeString="200 OK" contentLength="1103">
                        <Headers>Accept-Ranges : bytes
Content-Length : 1103
Content-Type : text/css
Date : Tue, 23 Nov 2010 14:08:40 GMT
ETag : "641553c0-44f-9c443c00"
Last-Modified : Fri, 27 Aug 2010 12:54:08 GMT
Server : Apache/2.2.4 (Win32) PHP/5.2.1
</Headers>
                      </Response>
                      <Context>
                        <Entry name="$TotalAgents" value="1" />
                        <Entry name="$ControllerName" value="ASUS" />
                        <Entry name="$AgentName" value="ASUS" />
                        <Entry name="$TestLogsDir" value="C:\Documents and Settings\ASUS X82Q SERIES\My Documents\Visual Studio 2008\Projects\TestProject\TestResults\ASUS X82Q SERIES_ASUS 2010-11-23 21_08_28\In\ASUS" />
                        <Entry name="$TestDeploymentDir" value="C:\Documents and Settings\ASUS X82Q SERIES\My Documents\Visual Studio 2008\Projects\TestProject\TestResults\ASUS X82Q SERIES_ASUS 2010-11-23 21_08_28\Out" />
                        <Entry name="$AgentId" value="1" />
                        <Entry name="$AgentLoadDistributor" value="Microsoft.VisualStudio.TestTools.Execution.AgentLoadDistributor" />
                        <Entry name="$TestDir" value="C:\Documents and Settings\ASUS X82Q SERIES\My Documents\Visual Studio 2008\Projects\TestProject\TestResults\ASUS X82Q SERIES_ASUS 2010-11-23 21_08_28" />
                        <Entry name="$AgentWeighting" value="100" />
                        <Entry name="$WebTestIteration" value="1" />
                        <Entry name="$WebTestUserId" value="1" />
                      </Context>
                    </WebRequestResult>
                    <WebRequestResult exceptionMessage="" run="0" submitted="true" cached="false" isRedirectFollow="false" requestBodyBytesHandle="-2" responseBytesHandle="1">
                      <Request url="http://localhost/industry/library/CSS/style.css" command="GET /industry/library/CSS/style.css HTTP/1.1" encoding="utf-8">
                        <Headers>Referer : http://localhost/industry/index.php?mod=login
User-Agent : Mozilla/4.0 (compatible; MSIE 7.0; Windows NT 5.1)
Accept : */*
Accept-Language : en-us
Accept-Encoding : GZIP
Host : localhost
Cookie : PHPSESSID=5a0b064b9e2796918842c00f72e52f69; mylang=vietnam
</Headers>
                      </Request>
                      <Response url="http://localhost/industry/library/CSS/style.css" contentType="text/css" statusLine="HTTP/1.1 200 OK" pageTime="NaN" time="0.008" statusCodeString="200 OK" contentLength="9991">
                        <Headers>Accept-Ranges : bytes
Content-Length : 9991
Content-Type : text/css
Date : Tue, 23 Nov 2010 14:08:40 GMT
ETag : "64155240-2707-e0400a80"
Last-Modified : Fri, 24 Sep 2010 18:52:10 GMT
Server : Apache/2.2.4 (Win32) PHP/5.2.1
</Headers>
                      </Response>
                      <Context>
                        <Entry name="$TotalAgents" value="1" />
                        <Entry name="$ControllerName" value="ASUS" />
                        <Entry name="$AgentName" value="ASUS" />
                        <Entry name="$TestLogsDir" value="C:\Documents and Settings\ASUS X82Q SERIES\My Documents\Visual Studio 2008\Projects\TestProject\TestResults\ASUS X82Q SERIES_ASUS 2010-11-23 21_08_28\In\ASUS" />
                        <Entry name="$TestDeploymentDir" value="C:\Documents and Settings\ASUS X82Q SERIES\My Documents\Visual Studio 2008\Projects\TestProject\TestResults\ASUS X82Q SERIES_ASUS 2010-11-23 21_08_28\Out" />
                        <Entry name="$AgentId" value="1" />
                        <Entry name="$AgentLoadDistributor" value="Microsoft.VisualStudio.TestTools.Execution.AgentLoadDistributor" />
                        <Entry name="$TestDir" value="C:\Documents and Settings\ASUS X82Q SERIES\My Documents\Visual Studio 2008\Projects\TestProject\TestResults\ASUS X82Q SERIES_ASUS 2010-11-23 21_08_28" />
                        <Entry name="$AgentWeighting" value="100" />
                        <Entry name="$WebTestIteration" value="1" />
                        <Entry name="$WebTestUserId" value="1" />
                      </Context>
                    </WebRequestResult>
                    <WebRequestResult exceptionMessage="" run="0" submitted="true" cached="false" isRedirectFollow="false" requestBodyBytesHandle="-2" responseBytesHandle="3">
                      <Request url="http://localhost/industry/library/CSS/style_menu_stand.css" command="GET /industry/library/CSS/style_menu_stand.css HTTP/1.1" encoding="utf-8">
                        <Headers>Referer : http://localhost/industry/index.php?mod=login
User-Agent : Mozilla/4.0 (compatible; MSIE 7.0; Windows NT 5.1)
Accept : */*
Accept-Language : en-us
Accept-Encoding : GZIP
Host : localhost
Cookie : PHPSESSID=5a0b064b9e2796918842c00f72e52f69; mylang=vietnam
</Headers>
                      </Request>
                      <Response url="http://localhost/industry/library/CSS/style_menu_stand.css" contentType="text/css" statusLine="HTTP/1.1 200 OK" pageTime="NaN" time="0.011" statusCodeString="200 OK" contentLength="3617">
                        <Headers>Accept-Ranges : bytes
Content-Length : 3617
Content-Type : text/css
Date : Tue, 23 Nov 2010 14:08:40 GMT
ETag : "64155480-e21-2d19c900"
Last-Modified : Wed, 08 Sep 2010 14:17:40 GMT
Server : Apache/2.2.4 (Win32) PHP/5.2.1
</Headers>
                      </Response>
                      <Context>
                        <Entry name="$TotalAgents" value="1" />
                        <Entry name="$ControllerName" value="ASUS" />
                        <Entry name="$AgentName" value="ASUS" />
                        <Entry name="$TestLogsDir" value="C:\Documents and Settings\ASUS X82Q SERIES\My Documents\Visual Studio 2008\Projects\TestProject\TestResults\ASUS X82Q SERIES_ASUS 2010-11-23 21_08_28\In\ASUS" />
                        <Entry name="$TestDeploymentDir" value="C:\Documents and Settings\ASUS X82Q SERIES\My Documents\Visual Studio 2008\Projects\TestProject\TestResults\ASUS X82Q SERIES_ASUS 2010-11-23 21_08_28\Out" />
                        <Entry name="$AgentId" value="1" />
                        <Entry name="$AgentLoadDistributor" value="Microsoft.VisualStudio.TestTools.Execution.AgentLoadDistributor" />
                        <Entry name="$TestDir" value="C:\Documents and Settings\ASUS X82Q SERIES\My Documents\Visual Studio 2008\Projects\TestProject\TestResults\ASUS X82Q SERIES_ASUS 2010-11-23 21_08_28" />
                        <Entry name="$AgentWeighting" value="100" />
                        <Entry name="$WebTestIteration" value="1" />
                        <Entry name="$WebTestUserId" value="1" />
                      </Context>
                    </WebRequestResult>
                    <WebRequestResult exceptionMessage="" run="0" submitted="true" cached="false" isRedirectFollow="false" requestBodyBytesHandle="-2" responseBytesHandle="4">
                      <Request url="http://localhost/industry/library/CSS/style_contac.css" command="GET /industry/library/CSS/style_contac.css HTTP/1.1" encoding="utf-8">
                        <Headers>Referer : http://localhost/industry/index.php?mod=login
User-Agent : Mozilla/4.0 (compatible; MSIE 7.0; Windows NT 5.1)
Accept : */*
Accept-Language : en-us
Accept-Encoding : GZIP
Host : localhost
Cookie : PHPSESSID=5a0b064b9e2796918842c00f72e52f69; mylang=vietnam
</Headers>
                      </Request>
                      <Response url="http://localhost/industry/library/CSS/style_contac.css" contentType="text/css" statusLine="HTTP/1.1 200 OK" pageTime="NaN" time="0.015" statusCodeString="200 OK" contentLength="2894">
                        <Headers>Accept-Ranges : bytes
Content-Length : 2894
Content-Type : text/css
Date : Tue, 23 Nov 2010 14:08:40 GMT
ETag : "64155300-b4e-b11efc00"
Last-Modified : Sun, 19 Sep 2010 03:50:08 GMT
Server : Apache/2.2.4 (Win32) PHP/5.2.1
</Headers>
                      </Response>
                      <Context>
                        <Entry name="$TotalAgents" value="1" />
                        <Entry name="$ControllerName" value="ASUS" />
                        <Entry name="$AgentName" value="ASUS" />
                        <Entry name="$TestLogsDir" value="C:\Documents and Settings\ASUS X82Q SERIES\My Documents\Visual Studio 2008\Projects\TestProject\TestResults\ASUS X82Q SERIES_ASUS 2010-11-23 21_08_28\In\ASUS" />
                        <Entry name="$TestDeploymentDir" value="C:\Documents and Settings\ASUS X82Q SERIES\My Documents\Visual Studio 2008\Projects\TestProject\TestResults\ASUS X82Q SERIES_ASUS 2010-11-23 21_08_28\Out" />
                        <Entry name="$AgentId" value="1" />
                        <Entry name="$AgentLoadDistributor" value="Microsoft.VisualStudio.TestTools.Execution.AgentLoadDistributor" />
                        <Entry name="$TestDir" value="C:\Documents and Settings\ASUS X82Q SERIES\My Documents\Visual Studio 2008\Projects\TestProject\TestResults\ASUS X82Q SERIES_ASUS 2010-11-23 21_08_28" />
                        <Entry name="$AgentWeighting" value="100" />
                        <Entry name="$WebTestIteration" value="1" />
                        <Entry name="$WebTestUserId" value="1" />
                      </Context>
                    </WebRequestResult>
                    <WebRequestResult exceptionMessage="" run="0" submitted="true" cached="false" isRedirectFollow="false" requestBodyBytesHandle="-2" responseBytesHandle="6">
                      <Request url="http://localhost/industry/SpryAssets/SpryTabbedPanels.css" command="GET /industry/SpryAssets/SpryTabbedPanels.css HTTP/1.1" encoding="utf-8">
                        <Headers>Referer : http://localhost/industry/index.php?mod=login
User-Agent : Mozilla/4.0 (compatible; MSIE 7.0; Windows NT 5.1)
Accept : */*
Accept-Language : en-us
Accept-Encoding : GZIP
Host : localhost
Cookie : PHPSESSID=5a0b064b9e2796918842c00f72e52f69; mylang=vietnam
</Headers>
                      </Request>
                      <Response url="http://localhost/industry/SpryAssets/SpryTabbedPanels.css" contentType="text/css" statusLine="HTTP/1.1 200 OK" pageTime="NaN" time="0.01" statusCodeString="200 OK" contentLength="8136">
                        <Headers>Accept-Ranges : bytes
Content-Length : 8136
Content-Type : text/css
Date : Tue, 23 Nov 2010 14:08:40 GMT
ETag : "4e599080-1fc8-9b0fe900"
Last-Modified : Thu, 02 Sep 2010 07:17:24 GMT
Server : Apache/2.2.4 (Win32) PHP/5.2.1
</Headers>
                      </Response>
                      <Context>
                        <Entry name="$TotalAgents" value="1" />
                        <Entry name="$ControllerName" value="ASUS" />
                        <Entry name="$AgentName" value="ASUS" />
                        <Entry name="$TestLogsDir" value="C:\Documents and Settings\ASUS X82Q SERIES\My Documents\Visual Studio 2008\Projects\TestProject\TestResults\ASUS X82Q SERIES_ASUS 2010-11-23 21_08_28\In\ASUS" />
                        <Entry name="$TestDeploymentDir" value="C:\Documents and Settings\ASUS X82Q SERIES\My Documents\Visual Studio 2008\Projects\TestProject\TestResults\ASUS X82Q SERIES_ASUS 2010-11-23 21_08_28\Out" />
                        <Entry name="$AgentId" value="1" />
                        <Entry name="$AgentLoadDistributor" value="Microsoft.VisualStudio.TestTools.Execution.AgentLoadDistributor" />
                        <Entry name="$TestDir" value="C:\Documents and Settings\ASUS X82Q SERIES\My Documents\Visual Studio 2008\Projects\TestProject\TestResults\ASUS X82Q SERIES_ASUS 2010-11-23 21_08_28" />
                        <Entry name="$AgentWeighting" value="100" />
                        <Entry name="$WebTestIteration" value="1" />
                        <Entry name="$WebTestUserId" value="1" />
                      </Context>
                    </WebRequestResult>
                    <WebRequestResult exceptionMessage="" run="0" submitted="true" cached="false" isRedirectFollow="false" requestBodyBytesHandle="-2" responseBytesHandle="5">
                      <Request url="http://localhost/industry/library/css/dddropdownpanel.css" command="GET /industry/library/css/dddropdownpanel.css HTTP/1.1" encoding="utf-8">
                        <Headers>Referer : http://localhost/industry/index.php?mod=login
User-Agent : Mozilla/4.0 (compatible; MSIE 7.0; Windows NT 5.1)
Accept : */*
Accept-Language : en-us
Accept-Encoding : GZIP
Host : localhost
Cookie : PHPSESSID=5a0b064b9e2796918842c00f72e52f69; mylang=vietnam
</Headers>
                      </Request>
                      <Response url="http://localhost/industry/library/css/dddropdownpanel.css" contentType="text/css" statusLine="HTTP/1.1 200 OK" pageTime="NaN" time="0.014" statusCodeString="200 OK" contentLength="1348">
                        <Headers>Accept-Ranges : bytes
Content-Length : 1348
Content-Type : text/css
Date : Tue, 23 Nov 2010 14:08:40 GMT
ETag : "64155140-544-6b422680"
Last-Modified : Tue, 31 Aug 2010 18:04:58 GMT
Server : Apache/2.2.4 (Win32) PHP/5.2.1
</Headers>
                      </Response>
                      <Context>
                        <Entry name="$TotalAgents" value="1" />
                        <Entry name="$ControllerName" value="ASUS" />
                        <Entry name="$AgentName" value="ASUS" />
                        <Entry name="$TestLogsDir" value="C:\Documents and Settings\ASUS X82Q SERIES\My Documents\Visual Studio 2008\Projects\TestProject\TestResults\ASUS X82Q SERIES_ASUS 2010-11-23 21_08_28\In\ASUS" />
                        <Entry name="$TestDeploymentDir" value="C:\Documents and Settings\ASUS X82Q SERIES\My Documents\Visual Studio 2008\Projects\TestProject\TestResults\ASUS X82Q SERIES_ASUS 2010-11-23 21_08_28\Out" />
                        <Entry name="$AgentId" value="1" />
                        <Entry name="$AgentLoadDistributor" value="Microsoft.VisualStudio.TestTools.Execution.AgentLoadDistributor" />
                        <Entry name="$TestDir" value="C:\Documents and Settings\ASUS X82Q SERIES\My Documents\Visual Studio 2008\Projects\TestProject\TestResults\ASUS X82Q SERIES_ASUS 2010-11-23 21_08_28" />
                        <Entry name="$AgentWeighting" value="100" />
                        <Entry name="$WebTestIteration" value="1" />
                        <Entry name="$WebTestUserId" value="1" />
                      </Context>
                    </WebRequestResult>
                    <WebRequestResult exceptionMessage="" run="0" submitted="true" cached="false" isRedirectFollow="false" requestBodyBytesHandle="-2" responseBytesHandle="7">
                      <Request url="http://localhost/industry/library/js/dddropdownpanel.js" command="GET /industry/library/js/dddropdownpanel.js HTTP/1.1" encoding="utf-8">
                        <Headers>Referer : http://localhost/industry/index.php?mod=login
User-Agent : Mozilla/4.0 (compatible; MSIE 7.0; Windows NT 5.1)
Accept : */*
Accept-Language : en-us
Accept-Encoding : GZIP
Host : localhost
Cookie : PHPSESSID=5a0b064b9e2796918842c00f72e52f69; mylang=vietnam
</Headers>
                      </Request>
                      <Response url="http://localhost/industry/library/js/dddropdownpanel.js" contentType="application/x-javascript" statusLine="HTTP/1.1 200 OK" pageTime="NaN" time="0.034" statusCodeString="200 OK" contentLength="7251">
                        <Headers>X-Pad : avoid browser bug
Accept-Ranges : bytes
Content-Length : 7251
Content-Type : application/x-javascript
Date : Tue, 23 Nov 2010 14:08:40 GMT
ETag : "640c10e0-1c53-5a3f7180"
Last-Modified : Sat, 18 Sep 2010 09:32:06 GMT
Server : Apache/2.2.4 (Win32) PHP/5.2.1
</Headers>
                      </Response>
                      <Context>
                        <Entry name="$TotalAgents" value="1" />
                        <Entry name="$ControllerName" value="ASUS" />
                        <Entry name="$AgentName" value="ASUS" />
                        <Entry name="$TestLogsDir" value="C:\Documents and Settings\ASUS X82Q SERIES\My Documents\Visual Studio 2008\Projects\TestProject\TestResults\ASUS X82Q SERIES_ASUS 2010-11-23 21_08_28\In\ASUS" />
                        <Entry name="$TestDeploymentDir" value="C:\Documents and Settings\ASUS X82Q SERIES\My Documents\Visual Studio 2008\Projects\TestProject\TestResults\ASUS X82Q SERIES_ASUS 2010-11-23 21_08_28\Out" />
                        <Entry name="$AgentId" value="1" />
                        <Entry name="$AgentLoadDistributor" value="Microsoft.VisualStudio.TestTools.Execution.AgentLoadDistributor" />
                        <Entry name="$TestDir" value="C:\Documents and Settings\ASUS X82Q SERIES\My Documents\Visual Studio 2008\Projects\TestProject\TestResults\ASUS X82Q SERIES_ASUS 2010-11-23 21_08_28" />
                        <Entry name="$AgentWeighting" value="100" />
                        <Entry name="$WebTestIteration" value="1" />
                        <Entry name="$WebTestUserId" value="1" />
                      </Context>
                    </WebRequestResult>
                    <WebRequestResult exceptionMessage="" run="0" submitted="true" cached="false" isRedirectFollow="false" requestBodyBytesHandle="-2" responseBytesHandle="8">
                      <Request url="http://localhost/industry/library/js/script.js" command="GET /industry/library/js/script.js HTTP/1.1" encoding="utf-8">
                        <Headers>Referer : http://localhost/industry/index.php?mod=login
User-Agent : Mozilla/4.0 (compatible; MSIE 7.0; Windows NT 5.1)
Accept : */*
Accept-Language : en-us
Accept-Encoding : GZIP
Host : localhost
Cookie : PHPSESSID=5a0b064b9e2796918842c00f72e52f69; mylang=vietnam
</Headers>
                      </Request>
                      <Response url="http://localhost/industry/library/js/script.js" contentType="application/x-javascript" statusLine="HTTP/1.1 200 OK" pageTime="NaN" time="0.027" statusCodeString="200 OK" contentLength="403">
                        <Headers>Accept-Ranges : bytes
Content-Length : 403
Content-Type : application/x-javascript
Date : Tue, 23 Nov 2010 14:08:40 GMT
ETag : "640c1340-193-56ac8480"
Last-Modified : Tue, 27 Jul 2010 06:09:06 GMT
Server : Apache/2.2.4 (Win32) PHP/5.2.1
</Headers>
                      </Response>
                      <Context>
                        <Entry name="$TotalAgents" value="1" />
                        <Entry name="$ControllerName" value="ASUS" />
                        <Entry name="$AgentName" value="ASUS" />
                        <Entry name="$TestLogsDir" value="C:\Documents and Settings\ASUS X82Q SERIES\My Documents\Visual Studio 2008\Projects\TestProject\TestResults\ASUS X82Q SERIES_ASUS 2010-11-23 21_08_28\In\ASUS" />
                        <Entry name="$TestDeploymentDir" value="C:\Documents and Settings\ASUS X82Q SERIES\My Documents\Visual Studio 2008\Projects\TestProject\TestResults\ASUS X82Q SERIES_ASUS 2010-11-23 21_08_28\Out" />
                        <Entry name="$AgentId" value="1" />
                        <Entry name="$AgentLoadDistributor" value="Microsoft.VisualStudio.TestTools.Execution.AgentLoadDistributor" />
                        <Entry name="$TestDir" value="C:\Documents and Settings\ASUS X82Q SERIES\My Documents\Visual Studio 2008\Projects\TestProject\TestResults\ASUS X82Q SERIES_ASUS 2010-11-23 21_08_28" />
                        <Entry name="$AgentWeighting" value="100" />
                        <Entry name="$WebTestIteration" value="1" />
                        <Entry name="$WebTestUserId" value="1" />
                      </Context>
                    </WebRequestResult>
                    <WebRequestResult exceptionMessage="" run="0" submitted="true" cached="false" isRedirectFollow="false" requestBodyBytesHandle="-2" responseBytesHandle="11">
                      <Request url="http://localhost/industry/library/js/jquery_menu.js" command="GET /industry/library/js/jquery_menu.js HTTP/1.1" encoding="utf-8">
                        <Headers>Referer : http://localhost/industry/index.php?mod=login
User-Agent : Mozilla/4.0 (compatible; MSIE 7.0; Windows NT 5.1)
Accept : */*
Accept-Language : en-us
Accept-Encoding : GZIP
Host : localhost
Cookie : PHPSESSID=5a0b064b9e2796918842c00f72e52f69; mylang=vietnam
</Headers>
                      </Request>
                      <Response url="http://localhost/industry/library/js/jquery_menu.js" contentType="application/x-javascript" statusLine="HTTP/1.1 200 OK" pageTime="NaN" time="0.081" statusCodeString="200 OK" contentLength="57170">
                        <Headers>X-Pad : avoid browser bug
Accept-Ranges : bytes
Content-Length : 57170
Content-Type : application/x-javascript
Date : Tue, 23 Nov 2010 14:08:40 GMT
ETag : "640c1260-df52-984af280"
Last-Modified : Tue, 27 Jul 2010 02:52:42 GMT
Server : Apache/2.2.4 (Win32) PHP/5.2.1
</Headers>
                      </Response>
                      <Context>
                        <Entry name="$TotalAgents" value="1" />
                        <Entry name="$ControllerName" value="ASUS" />
                        <Entry name="$AgentName" value="ASUS" />
                        <Entry name="$TestLogsDir" value="C:\Documents and Settings\ASUS X82Q SERIES\My Documents\Visual Studio 2008\Projects\TestProject\TestResults\ASUS X82Q SERIES_ASUS 2010-11-23 21_08_28\In\ASUS" />
                        <Entry name="$TestDeploymentDir" value="C:\Documents and Settings\ASUS X82Q SERIES\My Documents\Visual Studio 2008\Projects\TestProject\TestResults\ASUS X82Q SERIES_ASUS 2010-11-23 21_08_28\Out" />
                        <Entry name="$AgentId" value="1" />
                        <Entry name="$AgentLoadDistributor" value="Microsoft.VisualStudio.TestTools.Execution.AgentLoadDistributor" />
                        <Entry name="$TestDir" value="C:\Documents and Settings\ASUS X82Q SERIES\My Documents\Visual Studio 2008\Projects\TestProject\TestResults\ASUS X82Q SERIES_ASUS 2010-11-23 21_08_28" />
                        <Entry name="$AgentWeighting" value="100" />
                        <Entry name="$WebTestIteration" value="1" />
                        <Entry name="$WebTestUserId" value="1" />
                      </Context>
                    </WebRequestResult>
                    <WebRequestResult exceptionMessage="" run="0" submitted="true" cached="false" isRedirectFollow="false" requestBodyBytesHandle="-2" responseBytesHandle="9">
                      <Request url="http://localhost/industry/library/js/jquery.dropdown.js" command="GET /industry/library/js/jquery.dropdown.js HTTP/1.1" encoding="utf-8">
                        <Headers>Referer : http://localhost/industry/index.php?mod=login
User-Agent : Mozilla/4.0 (compatible; MSIE 7.0; Windows NT 5.1)
Accept : */*
Accept-Language : en-us
Accept-Encoding : GZIP
Host : localhost
Cookie : PHPSESSID=5a0b064b9e2796918842c00f72e52f69; mylang=vietnam
</Headers>
                      </Request>
                      <Response url="http://localhost/industry/library/js/jquery.dropdown.js" contentType="application/x-javascript" statusLine="HTTP/1.1 200 OK" pageTime="NaN" time="0.036" statusCodeString="200 OK" contentLength="387">
                        <Headers>Accept-Ranges : bytes
Content-Length : 387
Content-Type : application/x-javascript
Date : Tue, 23 Nov 2010 14:08:41 GMT
ETag : "640c11a0-183-835d2100"
Last-Modified : Mon, 08 Jun 2009 11:26:28 GMT
Server : Apache/2.2.4 (Win32) PHP/5.2.1
</Headers>
                      </Response>
                      <Context>
                        <Entry name="$TotalAgents" value="1" />
                        <Entry name="$ControllerName" value="ASUS" />
                        <Entry name="$AgentName" value="ASUS" />
                        <Entry name="$TestLogsDir" value="C:\Documents and Settings\ASUS X82Q SERIES\My Documents\Visual Studio 2008\Projects\TestProject\TestResults\ASUS X82Q SERIES_ASUS 2010-11-23 21_08_28\In\ASUS" />
                        <Entry name="$TestDeploymentDir" value="C:\Documents and Settings\ASUS X82Q SERIES\My Documents\Visual Studio 2008\Projects\TestProject\TestResults\ASUS X82Q SERIES_ASUS 2010-11-23 21_08_28\Out" />
                        <Entry name="$AgentId" value="1" />
                        <Entry name="$AgentLoadDistributor" value="Microsoft.VisualStudio.TestTools.Execution.AgentLoadDistributor" />
                        <Entry name="$TestDir" value="C:\Documents and Settings\ASUS X82Q SERIES\My Documents\Visual Studio 2008\Projects\TestProject\TestResults\ASUS X82Q SERIES_ASUS 2010-11-23 21_08_28" />
                        <Entry name="$AgentWeighting" value="100" />
                        <Entry name="$WebTestIteration" value="1" />
                        <Entry name="$WebTestUserId" value="1" />
                      </Context>
                    </WebRequestResult>
                    <WebRequestResult exceptionMessage="" run="0" submitted="true" cached="false" isRedirectFollow="false" requestBodyBytesHandle="-2" responseBytesHandle="12">
                      <Request url="http://localhost/industry/library/js/rainbow.js" command="GET /industry/library/js/rainbow.js HTTP/1.1" encoding="utf-8">
                        <Headers>Referer : http://localhost/industry/index.php?mod=login
User-Agent : Mozilla/4.0 (compatible; MSIE 7.0; Windows NT 5.1)
Accept : */*
Accept-Language : en-us
Accept-Encoding : GZIP
Host : localhost
Cookie : PHPSESSID=5a0b064b9e2796918842c00f72e52f69; mylang=vietnam
</Headers>
                      </Request>
                      <Response url="http://localhost/industry/library/js/rainbow.js" contentType="application/x-javascript" statusLine="HTTP/1.1 200 OK" pageTime="NaN" time="0.025" statusCodeString="200 OK" contentLength="7776">
                        <Headers>X-Pad : avoid browser bug
Accept-Ranges : bytes
Content-Length : 7776
Content-Type : application/x-javascript
Date : Tue, 23 Nov 2010 14:08:41 GMT
ETag : "640c1320-1e60-a3ab8780"
Last-Modified : Sun, 29 Aug 2010 09:04:46 GMT
Server : Apache/2.2.4 (Win32) PHP/5.2.1
</Headers>
                      </Response>
                      <Context>
                        <Entry name="$TotalAgents" value="1" />
                        <Entry name="$ControllerName" value="ASUS" />
                        <Entry name="$AgentName" value="ASUS" />
                        <Entry name="$TestLogsDir" value="C:\Documents and Settings\ASUS X82Q SERIES\My Documents\Visual Studio 2008\Projects\TestProject\TestResults\ASUS X82Q SERIES_ASUS 2010-11-23 21_08_28\In\ASUS" />
                        <Entry name="$TestDeploymentDir" value="C:\Documents and Settings\ASUS X82Q SERIES\My Documents\Visual Studio 2008\Projects\TestProject\TestResults\ASUS X82Q SERIES_ASUS 2010-11-23 21_08_28\Out" />
                        <Entry name="$AgentId" value="1" />
                        <Entry name="$AgentLoadDistributor" value="Microsoft.VisualStudio.TestTools.Execution.AgentLoadDistributor" />
                        <Entry name="$TestDir" value="C:\Documents and Settings\ASUS X82Q SERIES\My Documents\Visual Studio 2008\Projects\TestProject\TestResults\ASUS X82Q SERIES_ASUS 2010-11-23 21_08_28" />
                        <Entry name="$AgentWeighting" value="100" />
                        <Entry name="$WebTestIteration" value="1" />
                        <Entry name="$WebTestUserId" value="1" />
                      </Context>
                    </WebRequestResult>
                    <WebRequestResult exceptionMessage="" run="0" submitted="true" cached="false" isRedirectFollow="false" requestBodyBytesHandle="-2" responseBytesHandle="10">
                      <Request url="http://localhost/industry/SpryAssets/SpryTabbedPanels.js" command="GET /industry/SpryAssets/SpryTabbedPanels.js HTTP/1.1" encoding="utf-8">
                        <Headers>Referer : http://localhost/industry/index.php?mod=login
User-Agent : Mozilla/4.0 (compatible; MSIE 7.0; Windows NT 5.1)
Accept : */*
Accept-Language : en-us
Accept-Encoding : GZIP
Host : localhost
Cookie : PHPSESSID=5a0b064b9e2796918842c00f72e52f69; mylang=vietnam
</Headers>
                      </Request>
                      <Response url="http://localhost/industry/SpryAssets/SpryTabbedPanels.js" contentType="application/x-javascript" statusLine="HTTP/1.1 200 OK" pageTime="NaN" time="0.04" statusCodeString="200 OK" contentLength="10941">
                        <Headers>X-Pad : avoid browser bug
Accept-Ranges : bytes
Content-Length : 10941
Content-Type : application/x-javascript
Date : Tue, 23 Nov 2010 14:08:41 GMT
ETag : "4e5990e0-2abd-57842300"
Last-Modified : Tue, 27 Jul 2010 10:55:40 GMT
Server : Apache/2.2.4 (Win32) PHP/5.2.1
</Headers>
                      </Response>
                      <Context>
                        <Entry name="$TotalAgents" value="1" />
                        <Entry name="$ControllerName" value="ASUS" />
                        <Entry name="$AgentName" value="ASUS" />
                        <Entry name="$TestLogsDir" value="C:\Documents and Settings\ASUS X82Q SERIES\My Documents\Visual Studio 2008\Projects\TestProject\TestResults\ASUS X82Q SERIES_ASUS 2010-11-23 21_08_28\In\ASUS" />
                        <Entry name="$TestDeploymentDir" value="C:\Documents and Settings\ASUS X82Q SERIES\My Documents\Visual Studio 2008\Projects\TestProject\TestResults\ASUS X82Q SERIES_ASUS 2010-11-23 21_08_28\Out" />
                        <Entry name="$AgentId" value="1" />
                        <Entry name="$AgentLoadDistributor" value="Microsoft.VisualStudio.TestTools.Execution.AgentLoadDistributor" />
                        <Entry name="$TestDir" value="C:\Documents and Settings\ASUS X82Q SERIES\My Documents\Visual Studio 2008\Projects\TestProject\TestResults\ASUS X82Q SERIES_ASUS 2010-11-23 21_08_28" />
                        <Entry name="$AgentWeighting" value="100" />
                        <Entry name="$WebTestIteration" value="1" />
                        <Entry name="$WebTestUserId" value="1" />
                      </Context>
                    </WebRequestResult>
                    <WebRequestResult exceptionMessage="" run="0" submitted="true" cached="false" isRedirectFollow="false" requestBodyBytesHandle="-2" responseBytesHandle="15">
                      <Request url="http://localhost/industry/interface/search.jpg" command="GET /industry/interface/search.jpg HTTP/1.1" encoding="utf-8">
                        <Headers>Referer : http://localhost/industry/index.php?mod=login
User-Agent : Mozilla/4.0 (compatible; MSIE 7.0; Windows NT 5.1)
Accept : */*
Accept-Language : en-us
Accept-Encoding : GZIP
Host : localhost
Cookie : PHPSESSID=5a0b064b9e2796918842c00f72e52f69; mylang=vietnam
</Headers>
                      </Request>
                      <Response url="http://localhost/industry/interface/search.jpg" contentType="image/jpeg" statusLine="HTTP/1.1 200 OK" pageTime="NaN" time="0.004" statusCodeString="200 OK" contentLength="1525">
                        <Headers>Accept-Ranges : bytes
Content-Length : 1525
Content-Type : image/jpeg
Date : Tue, 23 Nov 2010 14:08:41 GMT
ETag : "63f09960-5f5-160fc780"
Last-Modified : Sun, 25 Jul 2010 16:51:58 GMT
Server : Apache/2.2.4 (Win32) PHP/5.2.1
</Headers>
                      </Response>
                      <Context>
                        <Entry name="$TotalAgents" value="1" />
                        <Entry name="$ControllerName" value="ASUS" />
                        <Entry name="$AgentName" value="ASUS" />
                        <Entry name="$TestLogsDir" value="C:\Documents and Settings\ASUS X82Q SERIES\My Documents\Visual Studio 2008\Projects\TestProject\TestResults\ASUS X82Q SERIES_ASUS 2010-11-23 21_08_28\In\ASUS" />
                        <Entry name="$TestDeploymentDir" value="C:\Documents and Settings\ASUS X82Q SERIES\My Documents\Visual Studio 2008\Projects\TestProject\TestResults\ASUS X82Q SERIES_ASUS 2010-11-23 21_08_28\Out" />
                        <Entry name="$AgentId" value="1" />
                        <Entry name="$AgentLoadDistributor" value="Microsoft.VisualStudio.TestTools.Execution.AgentLoadDistributor" />
                        <Entry name="$TestDir" value="C:\Documents and Settings\ASUS X82Q SERIES\My Documents\Visual Studio 2008\Projects\TestProject\TestResults\ASUS X82Q SERIES_ASUS 2010-11-23 21_08_28" />
                        <Entry name="$AgentWeighting" value="100" />
                        <Entry name="$WebTestIteration" value="1" />
                        <Entry name="$WebTestUserId" value="1" />
                      </Context>
                    </WebRequestResult>
                    <WebRequestResult exceptionMessage="" run="0" submitted="true" cached="false" isRedirectFollow="false" requestBodyBytesHandle="-2" responseBytesHandle="87">
                      <Request url="http://localhost/industry/includes/skins/mxkollection3.css" command="GET /industry/includes/skins/mxkollection3.css HTTP/1.1" encoding="utf-8">
                        <Headers>Referer : http://localhost/industry/index.php?mod=login
User-Agent : Mozilla/4.0 (compatible; MSIE 7.0; Windows NT 5.1)
Accept : */*
Accept-Language : en-us
Accept-Encoding : GZIP
Host : localhost
Cookie : PHPSESSID=5a0b064b9e2796918842c00f72e52f69; mylang=vietnam
</Headers>
                      </Request>
                      <Response url="http://localhost/industry/includes/skins/mxkollection3.css" contentType="text/css" statusLine="HTTP/1.1 200 OK" pageTime="NaN" time="0.005" statusCodeString="200 OK" contentLength="621">
                        <Headers>Accept-Ranges : bytes
Content-Length : 621
Content-Type : text/css
Date : Tue, 23 Nov 2010 14:08:41 GMT
ETag : "633bd0a0-26d-2d53ec80"
Last-Modified : Wed, 25 Aug 2010 15:02:58 GMT
Server : Apache/2.2.4 (Win32) PHP/5.2.1
</Headers>
                      </Response>
                      <Context>
                        <Entry name="$TotalAgents" value="1" />
                        <Entry name="$ControllerName" value="ASUS" />
                        <Entry name="$AgentName" value="ASUS" />
                        <Entry name="$TestLogsDir" value="C:\Documents and Settings\ASUS X82Q SERIES\My Documents\Visual Studio 2008\Projects\TestProject\TestResults\ASUS X82Q SERIES_ASUS 2010-11-23 21_08_28\In\ASUS" />
                        <Entry name="$TestDeploymentDir" value="C:\Documents and Settings\ASUS X82Q SERIES\My Documents\Visual Studio 2008\Projects\TestProject\TestResults\ASUS X82Q SERIES_ASUS 2010-11-23 21_08_28\Out" />
                        <Entry name="$AgentId" value="1" />
                        <Entry name="$AgentLoadDistributor" value="Microsoft.VisualStudio.TestTools.Execution.AgentLoadDistributor" />
                        <Entry name="$TestDir" value="C:\Documents and Settings\ASUS X82Q SERIES\My Documents\Visual Studio 2008\Projects\TestProject\TestResults\ASUS X82Q SERIES_ASUS 2010-11-23 21_08_28" />
                        <Entry name="$AgentWeighting" value="100" />
                        <Entry name="$WebTestIteration" value="1" />
                        <Entry name="$WebTestUserId" value="1" />
                      </Context>
                    </WebRequestResult>
                    <WebRequestResult exceptionMessage="" run="0" submitted="true" cached="false" isRedirectFollow="false" requestBodyBytesHandle="-2" responseBytesHandle="1">
                      <Request url="http://localhost/industry/library/css/style.css" command="GET /industry/library/css/style.css HTTP/1.1" encoding="utf-8">
                        <Headers>Referer : http://localhost/industry/index.php?mod=login
User-Agent : Mozilla/4.0 (compatible; MSIE 7.0; Windows NT 5.1)
Accept : */*
Accept-Language : en-us
Accept-Encoding : GZIP
Host : localhost
Cookie : PHPSESSID=5a0b064b9e2796918842c00f72e52f69; mylang=vietnam
</Headers>
                      </Request>
                      <Response url="http://localhost/industry/library/css/style.css" contentType="text/css" statusLine="HTTP/1.1 200 OK" pageTime="NaN" time="0.062" statusCodeString="200 OK" contentLength="9991">
                        <Headers>Accept-Ranges : bytes
Content-Length : 9991
Content-Type : text/css
Date : Tue, 23 Nov 2010 14:08:41 GMT
ETag : "64155240-2707-e0400a80"
Last-Modified : Fri, 24 Sep 2010 18:52:10 GMT
Server : Apache/2.2.4 (Win32) PHP/5.2.1
</Headers>
                      </Response>
                      <Context>
                        <Entry name="$TotalAgents" value="1" />
                        <Entry name="$ControllerName" value="ASUS" />
                        <Entry name="$AgentName" value="ASUS" />
                        <Entry name="$TestLogsDir" value="C:\Documents and Settings\ASUS X82Q SERIES\My Documents\Visual Studio 2008\Projects\TestProject\TestResults\ASUS X82Q SERIES_ASUS 2010-11-23 21_08_28\In\ASUS" />
                        <Entry name="$TestDeploymentDir" value="C:\Documents and Settings\ASUS X82Q SERIES\My Documents\Visual Studio 2008\Projects\TestProject\TestResults\ASUS X82Q SERIES_ASUS 2010-11-23 21_08_28\Out" />
                        <Entry name="$AgentId" value="1" />
                        <Entry name="$AgentLoadDistributor" value="Microsoft.VisualStudio.TestTools.Execution.AgentLoadDistributor" />
                        <Entry name="$TestDir" value="C:\Documents and Settings\ASUS X82Q SERIES\My Documents\Visual Studio 2008\Projects\TestProject\TestResults\ASUS X82Q SERIES_ASUS 2010-11-23 21_08_28" />
                        <Entry name="$AgentWeighting" value="100" />
                        <Entry name="$WebTestIteration" value="1" />
                        <Entry name="$WebTestUserId" value="1" />
                      </Context>
                    </WebRequestResult>
                    <WebRequestResult exceptionMessage="" run="0" submitted="true" cached="false" isRedirectFollow="false" requestBodyBytesHandle="-2" responseBytesHandle="88">
                      <Request url="http://localhost/industry/includes/common/js/base.js" command="GET /industry/includes/common/js/base.js HTTP/1.1" encoding="utf-8">
                        <Headers>Referer : http://localhost/industry/index.php?mod=login
User-Agent : Mozilla/4.0 (compatible; MSIE 7.0; Windows NT 5.1)
Accept : */*
Accept-Language : en-us
Accept-Encoding : GZIP
Host : localhost
Cookie : PHPSESSID=5a0b064b9e2796918842c00f72e52f69; mylang=vietnam
</Headers>
                      </Request>
                      <Response url="http://localhost/industry/includes/common/js/base.js" contentType="application/x-javascript" statusLine="HTTP/1.1 200 OK" pageTime="NaN" time="0.075" statusCodeString="200 OK" contentLength="7805">
                        <Headers>X-Pad : avoid browser bug
Accept-Ranges : bytes
Content-Length : 7805
Content-Type : application/x-javascript
Date : Tue, 23 Nov 2010 14:08:41 GMT
ETag : "63ee1040-1e7d-1eae3d00"
Last-Modified : Wed, 28 Jul 2010 03:21:56 GMT
Server : Apache/2.2.4 (Win32) PHP/5.2.1
</Headers>
                      </Response>
                      <Context>
                        <Entry name="$TotalAgents" value="1" />
                        <Entry name="$ControllerName" value="ASUS" />
                        <Entry name="$AgentName" value="ASUS" />
                        <Entry name="$TestLogsDir" value="C:\Documents and Settings\ASUS X82Q SERIES\My Documents\Visual Studio 2008\Projects\TestProject\TestResults\ASUS X82Q SERIES_ASUS 2010-11-23 21_08_28\In\ASUS" />
                        <Entry name="$TestDeploymentDir" value="C:\Documents and Settings\ASUS X82Q SERIES\My Documents\Visual Studio 2008\Projects\TestProject\TestResults\ASUS X82Q SERIES_ASUS 2010-11-23 21_08_28\Out" />
                        <Entry name="$AgentId" value="1" />
                        <Entry name="$AgentLoadDistributor" value="Microsoft.VisualStudio.TestTools.Execution.AgentLoadDistributor" />
                        <Entry name="$TestDir" value="C:\Documents and Settings\ASUS X82Q SERIES\My Documents\Visual Studio 2008\Projects\TestProject\TestResults\ASUS X82Q SERIES_ASUS 2010-11-23 21_08_28" />
                        <Entry name="$AgentWeighting" value="100" />
                        <Entry name="$WebTestIteration" value="1" />
                        <Entry name="$WebTestUserId" value="1" />
                      </Context>
                    </WebRequestResult>
                    <WebRequestResult exceptionMessage="" run="0" submitted="true" cached="false" isRedirectFollow="false" requestBodyBytesHandle="-2" responseBytesHandle="89">
                      <Request url="http://localhost/industry/includes/skins/style.js" command="GET /industry/includes/skins/style.js HTTP/1.1" encoding="utf-8">
                        <Headers>Referer : http://localhost/industry/index.php?mod=login
User-Agent : Mozilla/4.0 (compatible; MSIE 7.0; Windows NT 5.1)
Accept : */*
Accept-Language : en-us
Accept-Encoding : GZIP
Host : localhost
Cookie : PHPSESSID=5a0b064b9e2796918842c00f72e52f69; mylang=vietnam
</Headers>
                      </Request>
                      <Response url="http://localhost/industry/includes/skins/style.js" contentType="application/x-javascript" statusLine="HTTP/1.1 200 OK" pageTime="NaN" time="0.048" statusCodeString="200 OK" contentLength="25319">
                        <Headers>X-Pad : avoid browser bug
Accept-Ranges : bytes
Content-Length : 25319
Content-Type : application/x-javascript
Date : Tue, 23 Nov 2010 14:08:41 GMT
ETag : "633bd0c0-62e7-2b4d2000"
Last-Modified : Wed, 25 Aug 2010 15:02:24 GMT
Server : Apache/2.2.4 (Win32) PHP/5.2.1
</Headers>
                      </Response>
                      <Context>
                        <Entry name="$TotalAgents" value="1" />
                        <Entry name="$ControllerName" value="ASUS" />
                        <Entry name="$AgentName" value="ASUS" />
                        <Entry name="$TestLogsDir" value="C:\Documents and Settings\ASUS X82Q SERIES\My Documents\Visual Studio 2008\Projects\TestProject\TestResults\ASUS X82Q SERIES_ASUS 2010-11-23 21_08_28\In\ASUS" />
                        <Entry name="$TestDeploymentDir" value="C:\Documents and Settings\ASUS X82Q SERIES\My Documents\Visual Studio 2008\Projects\TestProject\TestResults\ASUS X82Q SERIES_ASUS 2010-11-23 21_08_28\Out" />
                        <Entry name="$AgentId" value="1" />
                        <Entry name="$AgentLoadDistributor" value="Microsoft.VisualStudio.TestTools.Execution.AgentLoadDistributor" />
                        <Entry name="$TestDir" value="C:\Documents and Settings\ASUS X82Q SERIES\My Documents\Visual Studio 2008\Projects\TestProject\TestResults\ASUS X82Q SERIES_ASUS 2010-11-23 21_08_28" />
                        <Entry name="$AgentWeighting" value="100" />
                        <Entry name="$WebTestIteration" value="1" />
                        <Entry name="$WebTestUserId" value="1" />
                      </Context>
                    </WebRequestResult>
                    <WebRequestResult exceptionMessage="" run="0" submitted="true" cached="false" isRedirectFollow="false" requestBodyBytesHandle="-2" responseBytesHandle="97">
                      <Request url="http://localhost/industry/login/includes/tng/scripts/FormValidation.js" command="GET /industry/login/includes/tng/scripts/FormValidation.js HTTP/1.1" encoding="utf-8">
                        <Headers>Referer : http://localhost/industry/index.php?mod=login
User-Agent : Mozilla/4.0 (compatible; MSIE 7.0; Windows NT 5.1)
Accept : */*
Accept-Language : en-us
Accept-Encoding : GZIP
Host : localhost
Cookie : PHPSESSID=5a0b064b9e2796918842c00f72e52f69; mylang=vietnam
</Headers>
                      </Request>
                      <Response url="http://localhost/industry/login/includes/tng/scripts/FormValidation.js" contentType="text/html; charset=iso-8859-1" statusLine="HTTP/1.1 404 Not Found" pageTime="NaN" time="0.009" statusCodeString="404 Not Found" contentLength="334">
                        <Headers>Content-Length : 334
Content-Type : text/html; charset=iso-8859-1
Date : Tue, 23 Nov 2010 14:08:41 GMT
Server : Apache/2.2.4 (Win32) PHP/5.2.1
</Headers>
                      </Response>
                      <Context>
                        <Entry name="$TotalAgents" value="1" />
                        <Entry name="$ControllerName" value="ASUS" />
                        <Entry name="$AgentName" value="ASUS" />
                        <Entry name="$TestLogsDir" value="C:\Documents and Settings\ASUS X82Q SERIES\My Documents\Visual Studio 2008\Projects\TestProject\TestResults\ASUS X82Q SERIES_ASUS 2010-11-23 21_08_28\In\ASUS" />
                        <Entry name="$TestDeploymentDir" value="C:\Documents and Settings\ASUS X82Q SERIES\My Documents\Visual Studio 2008\Projects\TestProject\TestResults\ASUS X82Q SERIES_ASUS 2010-11-23 21_08_28\Out" />
                        <Entry name="$AgentId" value="1" />
                        <Entry name="$AgentLoadDistributor" value="Microsoft.VisualStudio.TestTools.Execution.AgentLoadDistributor" />
                        <Entry name="$TestDir" value="C:\Documents and Settings\ASUS X82Q SERIES\My Documents\Visual Studio 2008\Projects\TestProject\TestResults\ASUS X82Q SERIES_ASUS 2010-11-23 21_08_28" />
                        <Entry name="$AgentWeighting" value="100" />
                        <Entry name="$WebTestIteration" value="1" />
                        <Entry name="$WebTestUserId" value="1" />
                      </Context>
                      <Errors>
                        <Error type="HttpError" subType="404 - NotFound" text="404 - NotFound" time="2010-11-23T21:08:41.2031250+07:00" />
                      </Errors>
                    </WebRequestResult>
                    <WebRequestResult exceptionMessage="" run="0" submitted="true" cached="false" isRedirectFollow="false" requestBodyBytesHandle="-2" responseBytesHandle="98">
                      <Request url="http://localhost/industry/login/includes/tng/scripts/FormValidation.js.php" command="GET /industry/login/includes/tng/scripts/FormValidation.js.php HTTP/1.1" encoding="utf-8">
                        <Headers>Referer : http://localhost/industry/index.php?mod=login
User-Agent : Mozilla/4.0 (compatible; MSIE 7.0; Windows NT 5.1)
Accept : */*
Accept-Language : en-us
Accept-Encoding : GZIP
Host : localhost
Cookie : PHPSESSID=5a0b064b9e2796918842c00f72e52f69; mylang=vietnam
</Headers>
                      </Request>
                      <Response url="http://localhost/industry/login/includes/tng/scripts/FormValidation.js.php" contentType="text/html; charset=iso-8859-1" statusLine="HTTP/1.1 404 Not Found" pageTime="NaN" time="0.009" statusCodeString="404 Not Found" contentLength="338">
                        <Headers>Content-Length : 338
Content-Type : text/html; charset=iso-8859-1
Date : Tue, 23 Nov 2010 14:08:41 GMT
Server : Apache/2.2.4 (Win32) PHP/5.2.1
</Headers>
                      </Response>
                      <Context>
                        <Entry name="$TotalAgents" value="1" />
                        <Entry name="$ControllerName" value="ASUS" />
                        <Entry name="$AgentName" value="ASUS" />
                        <Entry name="$TestLogsDir" value="C:\Documents and Settings\ASUS X82Q SERIES\My Documents\Visual Studio 2008\Projects\TestProject\TestResults\ASUS X82Q SERIES_ASUS 2010-11-23 21_08_28\In\ASUS" />
                        <Entry name="$TestDeploymentDir" value="C:\Documents and Settings\ASUS X82Q SERIES\My Documents\Visual Studio 2008\Projects\TestProject\TestResults\ASUS X82Q SERIES_ASUS 2010-11-23 21_08_28\Out" />
                        <Entry name="$AgentId" value="1" />
                        <Entry name="$AgentLoadDistributor" value="Microsoft.VisualStudio.TestTools.Execution.AgentLoadDistributor" />
                        <Entry name="$TestDir" value="C:\Documents and Settings\ASUS X82Q SERIES\My Documents\Visual Studio 2008\Projects\TestProject\TestResults\ASUS X82Q SERIES_ASUS 2010-11-23 21_08_28" />
                        <Entry name="$AgentWeighting" value="100" />
                        <Entry name="$WebTestIteration" value="1" />
                        <Entry name="$WebTestUserId" value="1" />
                      </Context>
                      <Errors>
                        <Error type="HttpError" subType="404 - NotFound" text="404 - NotFound" time="2010-11-23T21:08:41.2031250+07:00" />
                      </Errors>
                    </WebRequestResult>
                    <WebRequestResult exceptionMessage="" run="0" submitted="true" cached="false" isRedirectFollow="false" requestBodyBytesHandle="-2" responseBytesHandle="99">
                      <Request url="http://localhost/industry/uploads/advertisement/1_LOGO%20TV%20THU%20NHO(8).jpg" command="GET /industry/uploads/advertisement/1_LOGO%20TV%20THU%20NHO(8).jpg HTTP/1.1" encoding="utf-8">
                        <Headers>Referer : http://localhost/industry/index.php?mod=login
User-Agent : Mozilla/4.0 (compatible; MSIE 7.0; Windows NT 5.1)
Accept : */*
Accept-Language : en-us
Accept-Encoding : GZIP
Host : localhost
Cookie : PHPSESSID=5a0b064b9e2796918842c00f72e52f69; mylang=vietnam
</Headers>
                      </Request>
                      <Response url="http://localhost/industry/uploads/advertisement/1_LOGO%20TV%20THU%20NHO(8).jpg" contentType="image/jpeg" statusLine="HTTP/1.1 200 OK" pageTime="NaN" time="0.009" statusCodeString="200 OK" contentLength="28277">
                        <Headers>Accept-Ranges : bytes
Content-Length : 28277
Content-Type : image/jpeg
Date : Tue, 23 Nov 2010 14:08:41 GMT
ETag : "5b8a9100-6e75-cf4d7f80"
Last-Modified : Thu, 16 Sep 2010 16:19:26 GMT
Server : Apache/2.2.4 (Win32) PHP/5.2.1
</Headers>
                      </Response>
                      <Context>
                        <Entry name="$TotalAgents" value="1" />
                        <Entry name="$ControllerName" value="ASUS" />
                        <Entry name="$AgentName" value="ASUS" />
                        <Entry name="$TestLogsDir" value="C:\Documents and Settings\ASUS X82Q SERIES\My Documents\Visual Studio 2008\Projects\TestProject\TestResults\ASUS X82Q SERIES_ASUS 2010-11-23 21_08_28\In\ASUS" />
                        <Entry name="$TestDeploymentDir" value="C:\Documents and Settings\ASUS X82Q SERIES\My Documents\Visual Studio 2008\Projects\TestProject\TestResults\ASUS X82Q SERIES_ASUS 2010-11-23 21_08_28\Out" />
                        <Entry name="$AgentId" value="1" />
                        <Entry name="$AgentLoadDistributor" value="Microsoft.VisualStudio.TestTools.Execution.AgentLoadDistributor" />
                        <Entry name="$TestDir" value="C:\Documents and Settings\ASUS X82Q SERIES\My Documents\Visual Studio 2008\Projects\TestProject\TestResults\ASUS X82Q SERIES_ASUS 2010-11-23 21_08_28" />
                        <Entry name="$AgentWeighting" value="100" />
                        <Entry name="$WebTestIteration" value="1" />
                        <Entry name="$WebTestUserId" value="1" />
                      </Context>
                    </WebRequestResult>
                    <WebRequestResult exceptionMessage="" run="0" submitted="true" cached="false" isRedirectFollow="false" requestBodyBytesHandle="-2" responseBytesHandle="90">
                      <Request url="http://localhost/industry/includes/common/js/utility.js" command="GET /industry/includes/common/js/utility.js HTTP/1.1" encoding="utf-8">
                        <Headers>Referer : http://localhost/industry/index.php?mod=login
User-Agent : Mozilla/4.0 (compatible; MSIE 7.0; Windows NT 5.1)
Accept : */*
Accept-Language : en-us
Accept-Encoding : GZIP
Host : localhost
Cookie : PHPSESSID=5a0b064b9e2796918842c00f72e52f69; mylang=vietnam
</Headers>
                      </Request>
                      <Response url="http://localhost/industry/includes/common/js/utility.js" contentType="application/x-javascript" statusLine="HTTP/1.1 200 OK" pageTime="NaN" time="0.1" statusCodeString="200 OK" contentLength="81309">
                        <Headers>Accept-Ranges : bytes
Content-Length : 81309
Content-Type : application/x-javascript
Date : Tue, 23 Nov 2010 14:08:41 GMT
ETag : "63ee10c0-13d9d-1eae3d00"
Last-Modified : Wed, 28 Jul 2010 03:21:56 GMT
Server : Apache/2.2.4 (Win32) PHP/5.2.1
</Headers>
                      </Response>
                      <Context>
                        <Entry name="$TotalAgents" value="1" />
                        <Entry name="$ControllerName" value="ASUS" />
                        <Entry name="$AgentName" value="ASUS" />
                        <Entry name="$TestLogsDir" value="C:\Documents and Settings\ASUS X82Q SERIES\My Documents\Visual Studio 2008\Projects\TestProject\TestResults\ASUS X82Q SERIES_ASUS 2010-11-23 21_08_28\In\ASUS" />
                        <Entry name="$TestDeploymentDir" value="C:\Documents and Settings\ASUS X82Q SERIES\My Documents\Visual Studio 2008\Projects\TestProject\TestResults\ASUS X82Q SERIES_ASUS 2010-11-23 21_08_28\Out" />
                        <Entry name="$AgentId" value="1" />
                        <Entry name="$AgentLoadDistributor" value="Microsoft.VisualStudio.TestTools.Execution.AgentLoadDistributor" />
                        <Entry name="$TestDir" value="C:\Documents and Settings\ASUS X82Q SERIES\My Documents\Visual Studio 2008\Projects\TestProject\TestResults\ASUS X82Q SERIES_ASUS 2010-11-23 21_08_28" />
                        <Entry name="$AgentWeighting" value="100" />
                        <Entry name="$WebTestIteration" value="1" />
                        <Entry name="$WebTestUserId" value="1" />
                      </Context>
                    </WebRequestResult>
                    <WebRequestResult exceptionMessage="" run="0" submitted="true" cached="false" isRedirectFollow="false" requestBodyBytesHandle="-2" responseBytesHandle="100">
                      <Request url="http://localhost/industry/uploads/advertisement/slide4.jpg" command="GET /industry/uploads/advertisement/slide4.jpg HTTP/1.1" encoding="utf-8">
                        <Headers>Referer : http://localhost/industry/index.php?mod=login
User-Agent : Mozilla/4.0 (compatible; MSIE 7.0; Windows NT 5.1)
Accept : */*
Accept-Language : en-us
Accept-Encoding : GZIP
Host : localhost
Cookie : PHPSESSID=5a0b064b9e2796918842c00f72e52f69; mylang=vietnam
</Headers>
                      </Request>
                      <Response url="http://localhost/industry/uploads/advertisement/slide4.jpg" contentType="image/jpeg" statusLine="HTTP/1.1 200 OK" pageTime="NaN" time="0.009" statusCodeString="200 OK" contentLength="28790">
                        <Headers>Accept-Ranges : bytes
Content-Length : 28790
Content-Type : image/jpeg
Date : Tue, 23 Nov 2010 14:08:41 GMT
ETag : "5b8a9380-7076-93d8b80"
Last-Modified : Sun, 08 Aug 2010 05:18:54 GMT
Server : Apache/2.2.4 (Win32) PHP/5.2.1
</Headers>
                      </Response>
                      <Context>
                        <Entry name="$TotalAgents" value="1" />
                        <Entry name="$ControllerName" value="ASUS" />
                        <Entry name="$AgentName" value="ASUS" />
                        <Entry name="$TestLogsDir" value="C:\Documents and Settings\ASUS X82Q SERIES\My Documents\Visual Studio 2008\Projects\TestProject\TestResults\ASUS X82Q SERIES_ASUS 2010-11-23 21_08_28\In\ASUS" />
                        <Entry name="$TestDeploymentDir" value="C:\Documents and Settings\ASUS X82Q SERIES\My Documents\Visual Studio 2008\Projects\TestProject\TestResults\ASUS X82Q SERIES_ASUS 2010-11-23 21_08_28\Out" />
                        <Entry name="$AgentId" value="1" />
                        <Entry name="$AgentLoadDistributor" value="Microsoft.VisualStudio.TestTools.Execution.AgentLoadDistributor" />
                        <Entry name="$TestDir" value="C:\Documents and Settings\ASUS X82Q SERIES\My Documents\Visual Studio 2008\Projects\TestProject\TestResults\ASUS X82Q SERIES_ASUS 2010-11-23 21_08_28" />
                        <Entry name="$AgentWeighting" value="100" />
                        <Entry name="$WebTestIteration" value="1" />
                        <Entry name="$WebTestUserId" value="1" />
                      </Context>
                    </WebRequestResult>
                  </DependantResults>
                  <ValidationRuleResults>
                    <ValidationRuleResult message="Passed" ruleType="Validation" name="Response URL" />
                  </ValidationRuleResults>
                </WebRequestResult>
              </WebTestResultPage>
              <WebTestResultPage>
                <WebRequestResult exceptionMessage="" run="0" submitted="true" cached="false" isRedirectFollow="false" requestBodyBytesHandle="103" responseBytesHandle="104">
                  <Request url="http://localhost/industry/index.php?mod=login" command="POST /industry/index.php?mod=login HTTP/1.1" contentType="application/x-www-form-urlencoded" encoding="utf-8">
                    <Headers>User-Agent : Mozilla/4.0 (compatible; MSIE 7.0; Windows NT 5.1)
Accept : */*
Accept-Language : en-us
Accept-Encoding : GZIP
Content-Type : application/x-www-form-urlencoded
Host : localhost
Cookie : PHPSESSID=5a0b064b9e2796918842c00f72e52f69; mylang=vietnam
Content-Length : 81
Expect : 100-continue
</Headers>
                  </Request>
                  <Response url="http://localhost/industry/index.php?mod=login" contentType="text/html; charset=utf-8" statusLine="HTTP/1.1 200 OK" pageTime="0.488" time="0.285" statusCodeString="200 OK" contentLength="13479">
                    <Headers>Pragma : no-cache
Transfer-Encoding : chunked
Cache-Control : no-store, no-cache, must-revalidate, post-check=0, pre-check=0
Content-Type : text/html; charset:utf-8
Date : Tue, 23 Nov 2010 14:08:41 GMT
Expires : Thu, 19 Nov 1981 08:52:00 GMT
Set-Cookie : mylang=vietnam; expires=Tue, 30-Nov-2010 14:08:41 GMT; path=/
Server : Apache/2.2.4 (Win32) PHP/5.2.1
X-Powered-By : PHP/5.2.1
</Headers>
                  </Response>
                  <Context>
                    <Entry name="$TotalAgents" value="1" />
                    <Entry name="$ControllerName" value="ASUS" />
                    <Entry name="$AgentName" value="ASUS" />
                    <Entry name="$TestLogsDir" value="C:\Documents and Settings\ASUS X82Q SERIES\My Documents\Visual Studio 2008\Projects\TestProject\TestResults\ASUS X82Q SERIES_ASUS 2010-11-23 21_08_28\In\ASUS" />
                    <Entry name="$TestDeploymentDir" value="C:\Documents and Settings\ASUS X82Q SERIES\My Documents\Visual Studio 2008\Projects\TestProject\TestResults\ASUS X82Q SERIES_ASUS 2010-11-23 21_08_28\Out" />
                    <Entry name="$AgentId" value="1" />
                    <Entry name="$AgentLoadDistributor" value="Microsoft.VisualStudio.TestTools.Execution.AgentLoadDistributor" />
                    <Entry name="$TestDir" value="C:\Documents and Settings\ASUS X82Q SERIES\My Documents\Visual Studio 2008\Projects\TestProject\TestResults\ASUS X82Q SERIES_ASUS 2010-11-23 21_08_28" />
                    <Entry name="$AgentWeighting" value="100" />
                    <Entry name="$WebTestIteration" value="1" />
                    <Entry name="$WebTestUserId" value="1" />
                  </Context>
                  <DependantResults>
                    <WebRequestResult exceptionMessage="" run="0" submitted="true" cached="false" isRedirectFollow="false" requestBodyBytesHandle="-2" responseBytesHandle="2">
                      <Request url="http://localhost/industry/library/CSS/style_menu.css" command="GET /industry/library/CSS/style_menu.css HTTP/1.1" encoding="utf-8">
                        <Headers>Referer : http://localhost/industry/index.php?mod=login
User-Agent : Mozilla/4.0 (compatible; MSIE 7.0; Windows NT 5.1)
Accept : */*
Accept-Language : en-us
Accept-Encoding : GZIP
Host : localhost
Cookie : PHPSESSID=5a0b064b9e2796918842c00f72e52f69; mylang=vietnam
</Headers>
                      </Request>
                      <Response url="http://localhost/industry/library/CSS/style_menu.css" contentType="text/css" statusLine="HTTP/1.1 200 OK" pageTime="NaN" time="0.007" statusCodeString="200 OK" contentLength="1103">
                        <Headers>Accept-Ranges : bytes
Content-Length : 1103
Content-Type : text/css
Date : Tue, 23 Nov 2010 14:08:41 GMT
ETag : "641553c0-44f-9c443c00"
Last-Modified : Fri, 27 Aug 2010 12:54:08 GMT
Server : Apache/2.2.4 (Win32) PHP/5.2.1
</Headers>
                      </Response>
                      <Context>
                        <Entry name="$TotalAgents" value="1" />
                        <Entry name="$ControllerName" value="ASUS" />
                        <Entry name="$AgentName" value="ASUS" />
                        <Entry name="$TestLogsDir" value="C:\Documents and Settings\ASUS X82Q SERIES\My Documents\Visual Studio 2008\Projects\TestProject\TestResults\ASUS X82Q SERIES_ASUS 2010-11-23 21_08_28\In\ASUS" />
                        <Entry name="$TestDeploymentDir" value="C:\Documents and Settings\ASUS X82Q SERIES\My Documents\Visual Studio 2008\Projects\TestProject\TestResults\ASUS X82Q SERIES_ASUS 2010-11-23 21_08_28\Out" />
                        <Entry name="$AgentId" value="1" />
                        <Entry name="$AgentLoadDistributor" value="Microsoft.VisualStudio.TestTools.Execution.AgentLoadDistributor" />
                        <Entry name="$TestDir" value="C:\Documents and Settings\ASUS X82Q SERIES\My Documents\Visual Studio 2008\Projects\TestProject\TestResults\ASUS X82Q SERIES_ASUS 2010-11-23 21_08_28" />
                        <Entry name="$AgentWeighting" value="100" />
                        <Entry name="$WebTestIteration" value="1" />
                        <Entry name="$WebTestUserId" value="1" />
                      </Context>
                    </WebRequestResult>
                    <WebRequestResult exceptionMessage="" run="0" submitted="true" cached="false" isRedirectFollow="false" requestBodyBytesHandle="-2" responseBytesHandle="1">
                      <Request url="http://localhost/industry/library/CSS/style.css" command="GET /industry/library/CSS/style.css HTTP/1.1" encoding="utf-8">
                        <Headers>Referer : http://localhost/industry/index.php?mod=login
User-Agent : Mozilla/4.0 (compatible; MSIE 7.0; Windows NT 5.1)
Accept : */*
Accept-Language : en-us
Accept-Encoding : GZIP
Host : localhost
Cookie : PHPSESSID=5a0b064b9e2796918842c00f72e52f69; mylang=vietnam
</Headers>
                      </Request>
                      <Response url="http://localhost/industry/library/CSS/style.css" contentType="text/css" statusLine="HTTP/1.1 200 OK" pageTime="NaN" time="0.009" statusCodeString="200 OK" contentLength="9991">
                        <Headers>Accept-Ranges : bytes
Content-Length : 9991
Content-Type : text/css
Date : Tue, 23 Nov 2010 14:08:41 GMT
ETag : "64155240-2707-e0400a80"
Last-Modified : Fri, 24 Sep 2010 18:52:10 GMT
Server : Apache/2.2.4 (Win32) PHP/5.2.1
</Headers>
                      </Response>
                      <Context>
                        <Entry name="$TotalAgents" value="1" />
                        <Entry name="$ControllerName" value="ASUS" />
                        <Entry name="$AgentName" value="ASUS" />
                        <Entry name="$TestLogsDir" value="C:\Documents and Settings\ASUS X82Q SERIES\My Documents\Visual Studio 2008\Projects\TestProject\TestResults\ASUS X82Q SERIES_ASUS 2010-11-23 21_08_28\In\ASUS" />
                        <Entry name="$TestDeploymentDir" value="C:\Documents and Settings\ASUS X82Q SERIES\My Documents\Visual Studio 2008\Projects\TestProject\TestResults\ASUS X82Q SERIES_ASUS 2010-11-23 21_08_28\Out" />
                        <Entry name="$AgentId" value="1" />
                        <Entry name="$AgentLoadDistributor" value="Microsoft.VisualStudio.TestTools.Execution.AgentLoadDistributor" />
                        <Entry name="$TestDir" value="C:\Documents and Settings\ASUS X82Q SERIES\My Documents\Visual Studio 2008\Projects\TestProject\TestResults\ASUS X82Q SERIES_ASUS 2010-11-23 21_08_28" />
                        <Entry name="$AgentWeighting" value="100" />
                        <Entry name="$WebTestIteration" value="1" />
                        <Entry name="$WebTestUserId" value="1" />
                      </Context>
                    </WebRequestResult>
                    <WebRequestResult exceptionMessage="" run="0" submitted="true" cached="false" isRedirectFollow="false" requestBodyBytesHandle="-2" responseBytesHandle="4">
                      <Request url="http://localhost/industry/library/CSS/style_contac.css" command="GET /industry/library/CSS/style_contac.css HTTP/1.1" encoding="utf-8">
                        <Headers>Referer : http://localhost/industry/index.php?mod=login
User-Agent : Mozilla/4.0 (compatible; MSIE 7.0; Windows NT 5.1)
Accept : */*
Accept-Language : en-us
Accept-Encoding : GZIP
Host : localhost
Cookie : PHPSESSID=5a0b064b9e2796918842c00f72e52f69; mylang=vietnam
</Headers>
                      </Request>
                      <Response url="http://localhost/industry/library/CSS/style_contac.css" contentType="text/css" statusLine="HTTP/1.1 200 OK" pageTime="NaN" time="0.006" statusCodeString="200 OK" contentLength="2894">
                        <Headers>Accept-Ranges : bytes
Content-Length : 2894
Content-Type : text/css
Date : Tue, 23 Nov 2010 14:08:41 GMT
ETag : "64155300-b4e-b11efc00"
Last-Modified : Sun, 19 Sep 2010 03:50:08 GMT
Server : Apache/2.2.4 (Win32) PHP/5.2.1
</Headers>
                      </Response>
                      <Context>
                        <Entry name="$TotalAgents" value="1" />
                        <Entry name="$ControllerName" value="ASUS" />
                        <Entry name="$AgentName" value="ASUS" />
                        <Entry name="$TestLogsDir" value="C:\Documents and Settings\ASUS X82Q SERIES\My Documents\Visual Studio 2008\Projects\TestProject\TestResults\ASUS X82Q SERIES_ASUS 2010-11-23 21_08_28\In\ASUS" />
                        <Entry name="$TestDeploymentDir" value="C:\Documents and Settings\ASUS X82Q SERIES\My Documents\Visual Studio 2008\Projects\TestProject\TestResults\ASUS X82Q SERIES_ASUS 2010-11-23 21_08_28\Out" />
                        <Entry name="$AgentId" value="1" />
                        <Entry name="$AgentLoadDistributor" value="Microsoft.VisualStudio.TestTools.Execution.AgentLoadDistributor" />
                        <Entry name="$TestDir" value="C:\Documents and Settings\ASUS X82Q SERIES\My Documents\Visual Studio 2008\Projects\TestProject\TestResults\ASUS X82Q SERIES_ASUS 2010-11-23 21_08_28" />
                        <Entry name="$AgentWeighting" value="100" />
                        <Entry name="$WebTestIteration" value="1" />
                        <Entry name="$WebTestUserId" value="1" />
                      </Context>
                    </WebRequestResult>
                    <WebRequestResult exceptionMessage="" run="0" submitted="true" cached="false" isRedirectFollow="false" requestBodyBytesHandle="-2" responseBytesHandle="3">
                      <Request url="http://localhost/industry/library/CSS/style_menu_stand.css" command="GET /industry/library/CSS/style_menu_stand.css HTTP/1.1" encoding="utf-8">
                        <Headers>Referer : http://localhost/industry/index.php?mod=login
User-Agent : Mozilla/4.0 (compatible; MSIE 7.0; Windows NT 5.1)
Accept : */*
Accept-Language : en-us
Accept-Encoding : GZIP
Host : localhost
Cookie : PHPSESSID=5a0b064b9e2796918842c00f72e52f69; mylang=vietnam
</Headers>
                      </Request>
                      <Response url="http://localhost/industry/library/CSS/style_menu_stand.css" contentType="text/css" statusLine="HTTP/1.1 200 OK" pageTime="NaN" time="0.006" statusCodeString="200 OK" contentLength="3617">
                        <Headers>Accept-Ranges : bytes
Content-Length : 3617
Content-Type : text/css
Date : Tue, 23 Nov 2010 14:08:41 GMT
ETag : "64155480-e21-2d19c900"
Last-Modified : Wed, 08 Sep 2010 14:17:40 GMT
Server : Apache/2.2.4 (Win32) PHP/5.2.1
</Headers>
                      </Response>
                      <Context>
                        <Entry name="$TotalAgents" value="1" />
                        <Entry name="$ControllerName" value="ASUS" />
                        <Entry name="$AgentName" value="ASUS" />
                        <Entry name="$TestLogsDir" value="C:\Documents and Settings\ASUS X82Q SERIES\My Documents\Visual Studio 2008\Projects\TestProject\TestResults\ASUS X82Q SERIES_ASUS 2010-11-23 21_08_28\In\ASUS" />
                        <Entry name="$TestDeploymentDir" value="C:\Documents and Settings\ASUS X82Q SERIES\My Documents\Visual Studio 2008\Projects\TestProject\TestResults\ASUS X82Q SERIES_ASUS 2010-11-23 21_08_28\Out" />
                        <Entry name="$AgentId" value="1" />
                        <Entry name="$AgentLoadDistributor" value="Microsoft.VisualStudio.TestTools.Execution.AgentLoadDistributor" />
                        <Entry name="$TestDir" value="C:\Documents and Settings\ASUS X82Q SERIES\My Documents\Visual Studio 2008\Projects\TestProject\TestResults\ASUS X82Q SERIES_ASUS 2010-11-23 21_08_28" />
                        <Entry name="$AgentWeighting" value="100" />
                        <Entry name="$WebTestIteration" value="1" />
                        <Entry name="$WebTestUserId" value="1" />
                      </Context>
                    </WebRequestResult>
                    <WebRequestResult exceptionMessage="" run="0" submitted="true" cached="false" isRedirectFollow="false" requestBodyBytesHandle="-2" responseBytesHandle="6">
                      <Request url="http://localhost/industry/SpryAssets/SpryTabbedPanels.css" command="GET /industry/SpryAssets/SpryTabbedPanels.css HTTP/1.1" encoding="utf-8">
                        <Headers>Referer : http://localhost/industry/index.php?mod=login
User-Agent : Mozilla/4.0 (compatible; MSIE 7.0; Windows NT 5.1)
Accept : */*
Accept-Language : en-us
Accept-Encoding : GZIP
Host : localhost
Cookie : PHPSESSID=5a0b064b9e2796918842c00f72e52f69; mylang=vietnam
</Headers>
                      </Request>
                      <Response url="http://localhost/industry/SpryAssets/SpryTabbedPanels.css" contentType="text/css" statusLine="HTTP/1.1 200 OK" pageTime="NaN" time="0.006" statusCodeString="200 OK" contentLength="8136">
                        <Headers>Accept-Ranges : bytes
Content-Length : 8136
Content-Type : text/css
Date : Tue, 23 Nov 2010 14:08:41 GMT
ETag : "4e599080-1fc8-9b0fe900"
Last-Modified : Thu, 02 Sep 2010 07:17:24 GMT
Server : Apache/2.2.4 (Win32) PHP/5.2.1
</Headers>
                      </Response>
                      <Context>
                        <Entry name="$TotalAgents" value="1" />
                        <Entry name="$ControllerName" value="ASUS" />
                        <Entry name="$AgentName" value="ASUS" />
                        <Entry name="$TestLogsDir" value="C:\Documents and Settings\ASUS X82Q SERIES\My Documents\Visual Studio 2008\Projects\TestProject\TestResults\ASUS X82Q SERIES_ASUS 2010-11-23 21_08_28\In\ASUS" />
                        <Entry name="$TestDeploymentDir" value="C:\Documents and Settings\ASUS X82Q SERIES\My Documents\Visual Studio 2008\Projects\TestProject\TestResults\ASUS X82Q SERIES_ASUS 2010-11-23 21_08_28\Out" />
                        <Entry name="$AgentId" value="1" />
                        <Entry name="$AgentLoadDistributor" value="Microsoft.VisualStudio.TestTools.Execution.AgentLoadDistributor" />
                        <Entry name="$TestDir" value="C:\Documents and Settings\ASUS X82Q SERIES\My Documents\Visual Studio 2008\Projects\TestProject\TestResults\ASUS X82Q SERIES_ASUS 2010-11-23 21_08_28" />
                        <Entry name="$AgentWeighting" value="100" />
                        <Entry name="$WebTestIteration" value="1" />
                        <Entry name="$WebTestUserId" value="1" />
                      </Context>
                    </WebRequestResult>
                    <WebRequestResult exceptionMessage="" run="0" submitted="true" cached="false" isRedirectFollow="false" requestBodyBytesHandle="-2" responseBytesHandle="5">
                      <Request url="http://localhost/industry/library/css/dddropdownpanel.css" command="GET /industry/library/css/dddropdownpanel.css HTTP/1.1" encoding="utf-8">
                        <Headers>Referer : http://localhost/industry/index.php?mod=login
User-Agent : Mozilla/4.0 (compatible; MSIE 7.0; Windows NT 5.1)
Accept : */*
Accept-Language : en-us
Accept-Encoding : GZIP
Host : localhost
Cookie : PHPSESSID=5a0b064b9e2796918842c00f72e52f69; mylang=vietnam
</Headers>
                      </Request>
                      <Response url="http://localhost/industry/library/css/dddropdownpanel.css" contentType="text/css" statusLine="HTTP/1.1 200 OK" pageTime="NaN" time="0.006" statusCodeString="200 OK" contentLength="1348">
                        <Headers>Accept-Ranges : bytes
Content-Length : 1348
Content-Type : text/css
Date : Tue, 23 Nov 2010 14:08:41 GMT
ETag : "64155140-544-6b422680"
Last-Modified : Tue, 31 Aug 2010 18:04:58 GMT
Server : Apache/2.2.4 (Win32) PHP/5.2.1
</Headers>
                      </Response>
                      <Context>
                        <Entry name="$TotalAgents" value="1" />
                        <Entry name="$ControllerName" value="ASUS" />
                        <Entry name="$AgentName" value="ASUS" />
                        <Entry name="$TestLogsDir" value="C:\Documents and Settings\ASUS X82Q SERIES\My Documents\Visual Studio 2008\Projects\TestProject\TestResults\ASUS X82Q SERIES_ASUS 2010-11-23 21_08_28\In\ASUS" />
                        <Entry name="$TestDeploymentDir" value="C:\Documents and Settings\ASUS X82Q SERIES\My Documents\Visual Studio 2008\Projects\TestProject\TestResults\ASUS X82Q SERIES_ASUS 2010-11-23 21_08_28\Out" />
                        <Entry name="$AgentId" value="1" />
                        <Entry name="$AgentLoadDistributor" value="Microsoft.VisualStudio.TestTools.Execution.AgentLoadDistributor" />
                        <Entry name="$TestDir" value="C:\Documents and Settings\ASUS X82Q SERIES\My Documents\Visual Studio 2008\Projects\TestProject\TestResults\ASUS X82Q SERIES_ASUS 2010-11-23 21_08_28" />
                        <Entry name="$AgentWeighting" value="100" />
                        <Entry name="$WebTestIteration" value="1" />
                        <Entry name="$WebTestUserId" value="1" />
                      </Context>
                    </WebRequestResult>
                    <WebRequestResult exceptionMessage="" run="0" submitted="true" cached="false" isRedirectFollow="false" requestBodyBytesHandle="-2" responseBytesHandle="7">
                      <Request url="http://localhost/industry/library/js/dddropdownpanel.js" command="GET /industry/library/js/dddropdownpanel.js HTTP/1.1" encoding="utf-8">
                        <Headers>Referer : http://localhost/industry/index.php?mod=login
User-Agent : Mozilla/4.0 (compatible; MSIE 7.0; Windows NT 5.1)
Accept : */*
Accept-Language : en-us
Accept-Encoding : GZIP
Host : localhost
Cookie : PHPSESSID=5a0b064b9e2796918842c00f72e52f69; mylang=vietnam
</Headers>
                      </Request>
                      <Response url="http://localhost/industry/library/js/dddropdownpanel.js" contentType="application/x-javascript" statusLine="HTTP/1.1 200 OK" pageTime="NaN" time="0.019" statusCodeString="200 OK" contentLength="7251">
                        <Headers>X-Pad : avoid browser bug
Accept-Ranges : bytes
Content-Length : 7251
Content-Type : application/x-javascript
Date : Tue, 23 Nov 2010 14:08:41 GMT
ETag : "640c10e0-1c53-5a3f7180"
Last-Modified : Sat, 18 Sep 2010 09:32:06 GMT
Server : Apache/2.2.4 (Win32) PHP/5.2.1
</Headers>
                      </Response>
                      <Context>
                        <Entry name="$TotalAgents" value="1" />
                        <Entry name="$ControllerName" value="ASUS" />
                        <Entry name="$AgentName" value="ASUS" />
                        <Entry name="$TestLogsDir" value="C:\Documents and Settings\ASUS X82Q SERIES\My Documents\Visual Studio 2008\Projects\TestProject\TestResults\ASUS X82Q SERIES_ASUS 2010-11-23 21_08_28\In\ASUS" />
                        <Entry name="$TestDeploymentDir" value="C:\Documents and Settings\ASUS X82Q SERIES\My Documents\Visual Studio 2008\Projects\TestProject\TestResults\ASUS X82Q SERIES_ASUS 2010-11-23 21_08_28\Out" />
                        <Entry name="$AgentId" value="1" />
                        <Entry name="$AgentLoadDistributor" value="Microsoft.VisualStudio.TestTools.Execution.AgentLoadDistributor" />
                        <Entry name="$TestDir" value="C:\Documents and Settings\ASUS X82Q SERIES\My Documents\Visual Studio 2008\Projects\TestProject\TestResults\ASUS X82Q SERIES_ASUS 2010-11-23 21_08_28" />
                        <Entry name="$AgentWeighting" value="100" />
                        <Entry name="$WebTestIteration" value="1" />
                        <Entry name="$WebTestUserId" value="1" />
                      </Context>
                    </WebRequestResult>
                    <WebRequestResult exceptionMessage="" run="0" submitted="true" cached="false" isRedirectFollow="false" requestBodyBytesHandle="-2" responseBytesHandle="8">
                      <Request url="http://localhost/industry/library/js/script.js" command="GET /industry/library/js/script.js HTTP/1.1" encoding="utf-8">
                        <Headers>Referer : http://localhost/industry/index.php?mod=login
User-Agent : Mozilla/4.0 (compatible; MSIE 7.0; Windows NT 5.1)
Accept : */*
Accept-Language : en-us
Accept-Encoding : GZIP
Host : localhost
Cookie : PHPSESSID=5a0b064b9e2796918842c00f72e52f69; mylang=vietnam
</Headers>
                      </Request>
                      <Response url="http://localhost/industry/library/js/script.js" contentType="application/x-javascript" statusLine="HTTP/1.1 200 OK" pageTime="NaN" time="0.005" statusCodeString="200 OK" contentLength="403">
                        <Headers>Accept-Ranges : bytes
Content-Length : 403
Content-Type : application/x-javascript
Date : Tue, 23 Nov 2010 14:08:41 GMT
ETag : "640c1340-193-56ac8480"
Last-Modified : Tue, 27 Jul 2010 06:09:06 GMT
Server : Apache/2.2.4 (Win32) PHP/5.2.1
</Headers>
                      </Response>
                      <Context>
                        <Entry name="$TotalAgents" value="1" />
                        <Entry name="$ControllerName" value="ASUS" />
                        <Entry name="$AgentName" value="ASUS" />
                        <Entry name="$TestLogsDir" value="C:\Documents and Settings\ASUS X82Q SERIES\My Documents\Visual Studio 2008\Projects\TestProject\TestResults\ASUS X82Q SERIES_ASUS 2010-11-23 21_08_28\In\ASUS" />
                        <Entry name="$TestDeploymentDir" value="C:\Documents and Settings\ASUS X82Q SERIES\My Documents\Visual Studio 2008\Projects\TestProject\TestResults\ASUS X82Q SERIES_ASUS 2010-11-23 21_08_28\Out" />
                        <Entry name="$AgentId" value="1" />
                        <Entry name="$AgentLoadDistributor" value="Microsoft.VisualStudio.TestTools.Execution.AgentLoadDistributor" />
                        <Entry name="$TestDir" value="C:\Documents and Settings\ASUS X82Q SERIES\My Documents\Visual Studio 2008\Projects\TestProject\TestResults\ASUS X82Q SERIES_ASUS 2010-11-23 21_08_28" />
                        <Entry name="$AgentWeighting" value="100" />
                        <Entry name="$WebTestIteration" value="1" />
                        <Entry name="$WebTestUserId" value="1" />
                      </Context>
                    </WebRequestResult>
                    <WebRequestResult exceptionMessage="" run="0" submitted="true" cached="false" isRedirectFollow="false" requestBodyBytesHandle="-2" responseBytesHandle="9">
                      <Request url="http://localhost/industry/library/js/jquery.dropdown.js" command="GET /industry/library/js/jquery.dropdown.js HTTP/1.1" encoding="utf-8">
                        <Headers>Referer : http://localhost/industry/index.php?mod=login
User-Agent : Mozilla/4.0 (compatible; MSIE 7.0; Windows NT 5.1)
Accept : */*
Accept-Language : en-us
Accept-Encoding : GZIP
Host : localhost
Cookie : PHPSESSID=5a0b064b9e2796918842c00f72e52f69; mylang=vietnam
</Headers>
                      </Request>
                      <Response url="http://localhost/industry/library/js/jquery.dropdown.js" contentType="application/x-javascript" statusLine="HTTP/1.1 200 OK" pageTime="NaN" time="0.005" statusCodeString="200 OK" contentLength="387">
                        <Headers>Accept-Ranges : bytes
Content-Length : 387
Content-Type : application/x-javascript
Date : Tue, 23 Nov 2010 14:08:41 GMT
ETag : "640c11a0-183-835d2100"
Last-Modified : Mon, 08 Jun 2009 11:26:28 GMT
Server : Apache/2.2.4 (Win32) PHP/5.2.1
</Headers>
                      </Response>
                      <Context>
                        <Entry name="$TotalAgents" value="1" />
                        <Entry name="$ControllerName" value="ASUS" />
                        <Entry name="$AgentName" value="ASUS" />
                        <Entry name="$TestLogsDir" value="C:\Documents and Settings\ASUS X82Q SERIES\My Documents\Visual Studio 2008\Projects\TestProject\TestResults\ASUS X82Q SERIES_ASUS 2010-11-23 21_08_28\In\ASUS" />
                        <Entry name="$TestDeploymentDir" value="C:\Documents and Settings\ASUS X82Q SERIES\My Documents\Visual Studio 2008\Projects\TestProject\TestResults\ASUS X82Q SERIES_ASUS 2010-11-23 21_08_28\Out" />
                        <Entry name="$AgentId" value="1" />
                        <Entry name="$AgentLoadDistributor" value="Microsoft.VisualStudio.TestTools.Execution.AgentLoadDistributor" />
                        <Entry name="$TestDir" value="C:\Documents and Settings\ASUS X82Q SERIES\My Documents\Visual Studio 2008\Projects\TestProject\TestResults\ASUS X82Q SERIES_ASUS 2010-11-23 21_08_28" />
                        <Entry name="$AgentWeighting" value="100" />
                        <Entry name="$WebTestIteration" value="1" />
                        <Entry name="$WebTestUserId" value="1" />
                      </Context>
                    </WebRequestResult>
                    <WebRequestResult exceptionMessage="" run="0" submitted="true" cached="false" isRedirectFollow="false" requestBodyBytesHandle="-2" responseBytesHandle="10">
                      <Request url="http://localhost/industry/SpryAssets/SpryTabbedPanels.js" command="GET /industry/SpryAssets/SpryTabbedPanels.js HTTP/1.1" encoding="utf-8">
                        <Headers>Referer : http://localhost/industry/index.php?mod=login
User-Agent : Mozilla/4.0 (compatible; MSIE 7.0; Windows NT 5.1)
Accept : */*
Accept-Language : en-us
Accept-Encoding : GZIP
Host : localhost
Cookie : PHPSESSID=5a0b064b9e2796918842c00f72e52f69; mylang=vietnam
</Headers>
                      </Request>
                      <Response url="http://localhost/industry/SpryAssets/SpryTabbedPanels.js" contentType="application/x-javascript" statusLine="HTTP/1.1 200 OK" pageTime="NaN" time="0.025" statusCodeString="200 OK" contentLength="10941">
                        <Headers>X-Pad : avoid browser bug
Accept-Ranges : bytes
Content-Length : 10941
Content-Type : application/x-javascript
Date : Tue, 23 Nov 2010 14:08:41 GMT
ETag : "4e5990e0-2abd-57842300"
Last-Modified : Tue, 27 Jul 2010 10:55:40 GMT
Server : Apache/2.2.4 (Win32) PHP/5.2.1
</Headers>
                      </Response>
                      <Context>
                        <Entry name="$TotalAgents" value="1" />
                        <Entry name="$ControllerName" value="ASUS" />
                        <Entry name="$AgentName" value="ASUS" />
                        <Entry name="$TestLogsDir" value="C:\Documents and Settings\ASUS X82Q SERIES\My Documents\Visual Studio 2008\Projects\TestProject\TestResults\ASUS X82Q SERIES_ASUS 2010-11-23 21_08_28\In\ASUS" />
                        <Entry name="$TestDeploymentDir" value="C:\Documents and Settings\ASUS X82Q SERIES\My Documents\Visual Studio 2008\Projects\TestProject\TestResults\ASUS X82Q SERIES_ASUS 2010-11-23 21_08_28\Out" />
                        <Entry name="$AgentId" value="1" />
                        <Entry name="$AgentLoadDistributor" value="Microsoft.VisualStudio.TestTools.Execution.AgentLoadDistributor" />
                        <Entry name="$TestDir" value="C:\Documents and Settings\ASUS X82Q SERIES\My Documents\Visual Studio 2008\Projects\TestProject\TestResults\ASUS X82Q SERIES_ASUS 2010-11-23 21_08_28" />
                        <Entry name="$AgentWeighting" value="100" />
                        <Entry name="$WebTestIteration" value="1" />
                        <Entry name="$WebTestUserId" value="1" />
                      </Context>
                    </WebRequestResult>
                    <WebRequestResult exceptionMessage="" run="0" submitted="true" cached="false" isRedirectFollow="false" requestBodyBytesHandle="-2" responseBytesHandle="11">
                      <Request url="http://localhost/industry/library/js/jquery_menu.js" command="GET /industry/library/js/jquery_menu.js HTTP/1.1" encoding="utf-8">
                        <Headers>Referer : http://localhost/industry/index.php?mod=login
User-Agent : Mozilla/4.0 (compatible; MSIE 7.0; Windows NT 5.1)
Accept : */*
Accept-Language : en-us
Accept-Encoding : GZIP
Host : localhost
Cookie : PHPSESSID=5a0b064b9e2796918842c00f72e52f69; mylang=vietnam
</Headers>
                      </Request>
                      <Response url="http://localhost/industry/library/js/jquery_menu.js" contentType="application/x-javascript" statusLine="HTTP/1.1 200 OK" pageTime="NaN" time="0.065" statusCodeString="200 OK" contentLength="57170">
                        <Headers>X-Pad : avoid browser bug
Accept-Ranges : bytes
Content-Length : 57170
Content-Type : application/x-javascript
Date : Tue, 23 Nov 2010 14:08:41 GMT
ETag : "640c1260-df52-984af280"
Last-Modified : Tue, 27 Jul 2010 02:52:42 GMT
Server : Apache/2.2.4 (Win32) PHP/5.2.1
</Headers>
                      </Response>
                      <Context>
                        <Entry name="$TotalAgents" value="1" />
                        <Entry name="$ControllerName" value="ASUS" />
                        <Entry name="$AgentName" value="ASUS" />
                        <Entry name="$TestLogsDir" value="C:\Documents and Settings\ASUS X82Q SERIES\My Documents\Visual Studio 2008\Projects\TestProject\TestResults\ASUS X82Q SERIES_ASUS 2010-11-23 21_08_28\In\ASUS" />
                        <Entry name="$TestDeploymentDir" value="C:\Documents and Settings\ASUS X82Q SERIES\My Documents\Visual Studio 2008\Projects\TestProject\TestResults\ASUS X82Q SERIES_ASUS 2010-11-23 21_08_28\Out" />
                        <Entry name="$AgentId" value="1" />
                        <Entry name="$AgentLoadDistributor" value="Microsoft.VisualStudio.TestTools.Execution.AgentLoadDistributor" />
                        <Entry name="$TestDir" value="C:\Documents and Settings\ASUS X82Q SERIES\My Documents\Visual Studio 2008\Projects\TestProject\TestResults\ASUS X82Q SERIES_ASUS 2010-11-23 21_08_28" />
                        <Entry name="$AgentWeighting" value="100" />
                        <Entry name="$WebTestIteration" value="1" />
                        <Entry name="$WebTestUserId" value="1" />
                      </Context>
                    </WebRequestResult>
                    <WebRequestResult exceptionMessage="" run="0" submitted="true" cached="false" isRedirectFollow="false" requestBodyBytesHandle="-2" responseBytesHandle="15">
                      <Request url="http://localhost/industry/interface/search.jpg" command="GET /industry/interface/search.jpg HTTP/1.1" encoding="utf-8">
                        <Headers>Referer : http://localhost/industry/index.php?mod=login
User-Agent : Mozilla/4.0 (compatible; MSIE 7.0; Windows NT 5.1)
Accept : */*
Accept-Language : en-us
Accept-Encoding : GZIP
Host : localhost
Cookie : PHPSESSID=5a0b064b9e2796918842c00f72e52f69; mylang=vietnam
</Headers>
                      </Request>
                      <Response url="http://localhost/industry/interface/search.jpg" contentType="image/jpeg" statusLine="HTTP/1.1 200 OK" pageTime="NaN" time="0.004" statusCodeString="200 OK" contentLength="1525">
                        <Headers>Accept-Ranges : bytes
Content-Length : 1525
Content-Type : image/jpeg
Date : Tue, 23 Nov 2010 14:08:41 GMT
ETag : "63f09960-5f5-160fc780"
Last-Modified : Sun, 25 Jul 2010 16:51:58 GMT
Server : Apache/2.2.4 (Win32) PHP/5.2.1
</Headers>
                      </Response>
                      <Context>
                        <Entry name="$TotalAgents" value="1" />
                        <Entry name="$ControllerName" value="ASUS" />
                        <Entry name="$AgentName" value="ASUS" />
                        <Entry name="$TestLogsDir" value="C:\Documents and Settings\ASUS X82Q SERIES\My Documents\Visual Studio 2008\Projects\TestProject\TestResults\ASUS X82Q SERIES_ASUS 2010-11-23 21_08_28\In\ASUS" />
                        <Entry name="$TestDeploymentDir" value="C:\Documents and Settings\ASUS X82Q SERIES\My Documents\Visual Studio 2008\Projects\TestProject\TestResults\ASUS X82Q SERIES_ASUS 2010-11-23 21_08_28\Out" />
                        <Entry name="$AgentId" value="1" />
                        <Entry name="$AgentLoadDistributor" value="Microsoft.VisualStudio.TestTools.Execution.AgentLoadDistributor" />
                        <Entry name="$TestDir" value="C:\Documents and Settings\ASUS X82Q SERIES\My Documents\Visual Studio 2008\Projects\TestProject\TestResults\ASUS X82Q SERIES_ASUS 2010-11-23 21_08_28" />
                        <Entry name="$AgentWeighting" value="100" />
                        <Entry name="$WebTestIteration" value="1" />
                        <Entry name="$WebTestUserId" value="1" />
                      </Context>
                    </WebRequestResult>
                    <WebRequestResult exceptionMessage="" run="0" submitted="true" cached="false" isRedirectFollow="false" requestBodyBytesHandle="-2" responseBytesHandle="12">
                      <Request url="http://localhost/industry/library/js/rainbow.js" command="GET /industry/library/js/rainbow.js HTTP/1.1" encoding="utf-8">
                        <Headers>Referer : http://localhost/industry/index.php?mod=login
User-Agent : Mozilla/4.0 (compatible; MSIE 7.0; Windows NT 5.1)
Accept : */*
Accept-Language : en-us
Accept-Encoding : GZIP
Host : localhost
Cookie : PHPSESSID=5a0b064b9e2796918842c00f72e52f69; mylang=vietnam
</Headers>
                      </Request>
                      <Response url="http://localhost/industry/library/js/rainbow.js" contentType="application/x-javascript" statusLine="HTTP/1.1 200 OK" pageTime="NaN" time="0.018" statusCodeString="200 OK" contentLength="7776">
                        <Headers>X-Pad : avoid browser bug
Accept-Ranges : bytes
Content-Length : 7776
Content-Type : application/x-javascript
Date : Tue, 23 Nov 2010 14:08:41 GMT
ETag : "640c1320-1e60-a3ab8780"
Last-Modified : Sun, 29 Aug 2010 09:04:46 GMT
Server : Apache/2.2.4 (Win32) PHP/5.2.1
</Headers>
                      </Response>
                      <Context>
                        <Entry name="$TotalAgents" value="1" />
                        <Entry name="$ControllerName" value="ASUS" />
                        <Entry name="$AgentName" value="ASUS" />
                        <Entry name="$TestLogsDir" value="C:\Documents and Settings\ASUS X82Q SERIES\My Documents\Visual Studio 2008\Projects\TestProject\TestResults\ASUS X82Q SERIES_ASUS 2010-11-23 21_08_28\In\ASUS" />
                        <Entry name="$TestDeploymentDir" value="C:\Documents and Settings\ASUS X82Q SERIES\My Documents\Visual Studio 2008\Projects\TestProject\TestResults\ASUS X82Q SERIES_ASUS 2010-11-23 21_08_28\Out" />
                        <Entry name="$AgentId" value="1" />
                        <Entry name="$AgentLoadDistributor" value="Microsoft.VisualStudio.TestTools.Execution.AgentLoadDistributor" />
                        <Entry name="$TestDir" value="C:\Documents and Settings\ASUS X82Q SERIES\My Documents\Visual Studio 2008\Projects\TestProject\TestResults\ASUS X82Q SERIES_ASUS 2010-11-23 21_08_28" />
                        <Entry name="$AgentWeighting" value="100" />
                        <Entry name="$WebTestIteration" value="1" />
                        <Entry name="$WebTestUserId" value="1" />
                      </Context>
                    </WebRequestResult>
                    <WebRequestResult exceptionMessage="" run="0" submitted="true" cached="false" isRedirectFollow="false" requestBodyBytesHandle="-2" responseBytesHandle="87">
                      <Request url="http://localhost/industry/includes/skins/mxkollection3.css" command="GET /industry/includes/skins/mxkollection3.css HTTP/1.1" encoding="utf-8">
                        <Headers>Referer : http://localhost/industry/index.php?mod=login
User-Agent : Mozilla/4.0 (compatible; MSIE 7.0; Windows NT 5.1)
Accept : */*
Accept-Language : en-us
Accept-Encoding : GZIP
Host : localhost
Cookie : PHPSESSID=5a0b064b9e2796918842c00f72e52f69; mylang=vietnam
</Headers>
                      </Request>
                      <Response url="http://localhost/industry/includes/skins/mxkollection3.css" contentType="text/css" statusLine="HTTP/1.1 200 OK" pageTime="NaN" time="0.006" statusCodeString="200 OK" contentLength="621">
                        <Headers>Accept-Ranges : bytes
Content-Length : 621
Content-Type : text/css
Date : Tue, 23 Nov 2010 14:08:41 GMT
ETag : "633bd0a0-26d-2d53ec80"
Last-Modified : Wed, 25 Aug 2010 15:02:58 GMT
Server : Apache/2.2.4 (Win32) PHP/5.2.1
</Headers>
                      </Response>
                      <Context>
                        <Entry name="$TotalAgents" value="1" />
                        <Entry name="$ControllerName" value="ASUS" />
                        <Entry name="$AgentName" value="ASUS" />
                        <Entry name="$TestLogsDir" value="C:\Documents and Settings\ASUS X82Q SERIES\My Documents\Visual Studio 2008\Projects\TestProject\TestResults\ASUS X82Q SERIES_ASUS 2010-11-23 21_08_28\In\ASUS" />
                        <Entry name="$TestDeploymentDir" value="C:\Documents and Settings\ASUS X82Q SERIES\My Documents\Visual Studio 2008\Projects\TestProject\TestResults\ASUS X82Q SERIES_ASUS 2010-11-23 21_08_28\Out" />
                        <Entry name="$AgentId" value="1" />
                        <Entry name="$AgentLoadDistributor" value="Microsoft.VisualStudio.TestTools.Execution.AgentLoadDistributor" />
                        <Entry name="$TestDir" value="C:\Documents and Settings\ASUS X82Q SERIES\My Documents\Visual Studio 2008\Projects\TestProject\TestResults\ASUS X82Q SERIES_ASUS 2010-11-23 21_08_28" />
                        <Entry name="$AgentWeighting" value="100" />
                        <Entry name="$WebTestIteration" value="1" />
                        <Entry name="$WebTestUserId" value="1" />
                      </Context>
                    </WebRequestResult>
                    <WebRequestResult exceptionMessage="" run="0" submitted="true" cached="false" isRedirectFollow="false" requestBodyBytesHandle="-2" responseBytesHandle="1">
                      <Request url="http://localhost/industry/library/css/style.css" command="GET /industry/library/css/style.css HTTP/1.1" encoding="utf-8">
                        <Headers>Referer : http://localhost/industry/index.php?mod=login
User-Agent : Mozilla/4.0 (compatible; MSIE 7.0; Windows NT 5.1)
Accept : */*
Accept-Language : en-us
Accept-Encoding : GZIP
Host : localhost
Cookie : PHPSESSID=5a0b064b9e2796918842c00f72e52f69; mylang=vietnam
</Headers>
                      </Request>
                      <Response url="http://localhost/industry/library/css/style.css" contentType="text/css" statusLine="HTTP/1.1 200 OK" pageTime="NaN" time="0.009" statusCodeString="200 OK" contentLength="9991">
                        <Headers>Accept-Ranges : bytes
Content-Length : 9991
Content-Type : text/css
Date : Tue, 23 Nov 2010 14:08:41 GMT
ETag : "64155240-2707-e0400a80"
Last-Modified : Fri, 24 Sep 2010 18:52:10 GMT
Server : Apache/2.2.4 (Win32) PHP/5.2.1
</Headers>
                      </Response>
                      <Context>
                        <Entry name="$TotalAgents" value="1" />
                        <Entry name="$ControllerName" value="ASUS" />
                        <Entry name="$AgentName" value="ASUS" />
                        <Entry name="$TestLogsDir" value="C:\Documents and Settings\ASUS X82Q SERIES\My Documents\Visual Studio 2008\Projects\TestProject\TestResults\ASUS X82Q SERIES_ASUS 2010-11-23 21_08_28\In\ASUS" />
                        <Entry name="$TestDeploymentDir" value="C:\Documents and Settings\ASUS X82Q SERIES\My Documents\Visual Studio 2008\Projects\TestProject\TestResults\ASUS X82Q SERIES_ASUS 2010-11-23 21_08_28\Out" />
                        <Entry name="$AgentId" value="1" />
                        <Entry name="$AgentLoadDistributor" value="Microsoft.VisualStudio.TestTools.Execution.AgentLoadDistributor" />
                        <Entry name="$TestDir" value="C:\Documents and Settings\ASUS X82Q SERIES\My Documents\Visual Studio 2008\Projects\TestProject\TestResults\ASUS X82Q SERIES_ASUS 2010-11-23 21_08_28" />
                        <Entry name="$AgentWeighting" value="100" />
                        <Entry name="$WebTestIteration" value="1" />
                        <Entry name="$WebTestUserId" value="1" />
                      </Context>
                    </WebRequestResult>
                    <WebRequestResult exceptionMessage="" run="0" submitted="true" cached="false" isRedirectFollow="false" requestBodyBytesHandle="-2" responseBytesHandle="88">
                      <Request url="http://localhost/industry/includes/common/js/base.js" command="GET /industry/includes/common/js/base.js HTTP/1.1" encoding="utf-8">
                        <Headers>Referer : http://localhost/industry/index.php?mod=login
User-Agent : Mozilla/4.0 (compatible; MSIE 7.0; Windows NT 5.1)
Accept : */*
Accept-Language : en-us
Accept-Encoding : GZIP
Host : localhost
Cookie : PHPSESSID=5a0b064b9e2796918842c00f72e52f69; mylang=vietnam
</Headers>
                      </Request>
                      <Response url="http://localhost/industry/includes/common/js/base.js" contentType="application/x-javascript" statusLine="HTTP/1.1 200 OK" pageTime="NaN" time="0.02" statusCodeString="200 OK" contentLength="7805">
                        <Headers>X-Pad : avoid browser bug
Accept-Ranges : bytes
Content-Length : 7805
Content-Type : application/x-javascript
Date : Tue, 23 Nov 2010 14:08:41 GMT
ETag : "63ee1040-1e7d-1eae3d00"
Last-Modified : Wed, 28 Jul 2010 03:21:56 GMT
Server : Apache/2.2.4 (Win32) PHP/5.2.1
</Headers>
                      </Response>
                      <Context>
                        <Entry name="$TotalAgents" value="1" />
                        <Entry name="$ControllerName" value="ASUS" />
                        <Entry name="$AgentName" value="ASUS" />
                        <Entry name="$TestLogsDir" value="C:\Documents and Settings\ASUS X82Q SERIES\My Documents\Visual Studio 2008\Projects\TestProject\TestResults\ASUS X82Q SERIES_ASUS 2010-11-23 21_08_28\In\ASUS" />
                        <Entry name="$TestDeploymentDir" value="C:\Documents and Settings\ASUS X82Q SERIES\My Documents\Visual Studio 2008\Projects\TestProject\TestResults\ASUS X82Q SERIES_ASUS 2010-11-23 21_08_28\Out" />
                        <Entry name="$AgentId" value="1" />
                        <Entry name="$AgentLoadDistributor" value="Microsoft.VisualStudio.TestTools.Execution.AgentLoadDistributor" />
                        <Entry name="$TestDir" value="C:\Documents and Settings\ASUS X82Q SERIES\My Documents\Visual Studio 2008\Projects\TestProject\TestResults\ASUS X82Q SERIES_ASUS 2010-11-23 21_08_28" />
                        <Entry name="$AgentWeighting" value="100" />
                        <Entry name="$WebTestIteration" value="1" />
                        <Entry name="$WebTestUserId" value="1" />
                      </Context>
                    </WebRequestResult>
                    <WebRequestResult exceptionMessage="" run="0" submitted="true" cached="false" isRedirectFollow="false" requestBodyBytesHandle="-2" responseBytesHandle="89">
                      <Request url="http://localhost/industry/includes/skins/style.js" command="GET /industry/includes/skins/style.js HTTP/1.1" encoding="utf-8">
                        <Headers>Referer : http://localhost/industry/index.php?mod=login
User-Agent : Mozilla/4.0 (compatible; MSIE 7.0; Windows NT 5.1)
Accept : */*
Accept-Language : en-us
Accept-Encoding : GZIP
Host : localhost
Cookie : PHPSESSID=5a0b064b9e2796918842c00f72e52f69; mylang=vietnam
</Headers>
                      </Request>
                      <Response url="http://localhost/industry/includes/skins/style.js" contentType="application/x-javascript" statusLine="HTTP/1.1 200 OK" pageTime="NaN" time="0.047" statusCodeString="200 OK" contentLength="25319">
                        <Headers>X-Pad : avoid browser bug
Accept-Ranges : bytes
Content-Length : 25319
Content-Type : application/x-javascript
Date : Tue, 23 Nov 2010 14:08:41 GMT
ETag : "633bd0c0-62e7-2b4d2000"
Last-Modified : Wed, 25 Aug 2010 15:02:24 GMT
Server : Apache/2.2.4 (Win32) PHP/5.2.1
</Headers>
                      </Response>
                      <Context>
                        <Entry name="$TotalAgents" value="1" />
                        <Entry name="$ControllerName" value="ASUS" />
                        <Entry name="$AgentName" value="ASUS" />
                        <Entry name="$TestLogsDir" value="C:\Documents and Settings\ASUS X82Q SERIES\My Documents\Visual Studio 2008\Projects\TestProject\TestResults\ASUS X82Q SERIES_ASUS 2010-11-23 21_08_28\In\ASUS" />
                        <Entry name="$TestDeploymentDir" value="C:\Documents and Settings\ASUS X82Q SERIES\My Documents\Visual Studio 2008\Projects\TestProject\TestResults\ASUS X82Q SERIES_ASUS 2010-11-23 21_08_28\Out" />
                        <Entry name="$AgentId" value="1" />
                        <Entry name="$AgentLoadDistributor" value="Microsoft.VisualStudio.TestTools.Execution.AgentLoadDistributor" />
                        <Entry name="$TestDir" value="C:\Documents and Settings\ASUS X82Q SERIES\My Documents\Visual Studio 2008\Projects\TestProject\TestResults\ASUS X82Q SERIES_ASUS 2010-11-23 21_08_28" />
                        <Entry name="$AgentWeighting" value="100" />
                        <Entry name="$WebTestIteration" value="1" />
                        <Entry name="$WebTestUserId" value="1" />
                      </Context>
                    </WebRequestResult>
                    <WebRequestResult exceptionMessage="" run="0" submitted="true" cached="false" isRedirectFollow="false" requestBodyBytesHandle="-2" responseBytesHandle="97">
                      <Request url="http://localhost/industry/login/includes/tng/scripts/FormValidation.js" command="GET /industry/login/includes/tng/scripts/FormValidation.js HTTP/1.1" encoding="utf-8">
                        <Headers>Referer : http://localhost/industry/index.php?mod=login
User-Agent : Mozilla/4.0 (compatible; MSIE 7.0; Windows NT 5.1)
Accept : */*
Accept-Language : en-us
Accept-Encoding : GZIP
Host : localhost
Cookie : PHPSESSID=5a0b064b9e2796918842c00f72e52f69; mylang=vietnam
</Headers>
                      </Request>
                      <Response url="http://localhost/industry/login/includes/tng/scripts/FormValidation.js" contentType="text/html; charset=iso-8859-1" statusLine="HTTP/1.1 404 Not Found" pageTime="NaN" time="0.01" statusCodeString="404 Not Found" contentLength="334">
                        <Headers>Content-Length : 334
Content-Type : text/html; charset=iso-8859-1
Date : Tue, 23 Nov 2010 14:08:41 GMT
Server : Apache/2.2.4 (Win32) PHP/5.2.1
</Headers>
                      </Response>
                      <Context>
                        <Entry name="$TotalAgents" value="1" />
                        <Entry name="$ControllerName" value="ASUS" />
                        <Entry name="$AgentName" value="ASUS" />
                        <Entry name="$TestLogsDir" value="C:\Documents and Settings\ASUS X82Q SERIES\My Documents\Visual Studio 2008\Projects\TestProject\TestResults\ASUS X82Q SERIES_ASUS 2010-11-23 21_08_28\In\ASUS" />
                        <Entry name="$TestDeploymentDir" value="C:\Documents and Settings\ASUS X82Q SERIES\My Documents\Visual Studio 2008\Projects\TestProject\TestResults\ASUS X82Q SERIES_ASUS 2010-11-23 21_08_28\Out" />
                        <Entry name="$AgentId" value="1" />
                        <Entry name="$AgentLoadDistributor" value="Microsoft.VisualStudio.TestTools.Execution.AgentLoadDistributor" />
                        <Entry name="$TestDir" value="C:\Documents and Settings\ASUS X82Q SERIES\My Documents\Visual Studio 2008\Projects\TestProject\TestResults\ASUS X82Q SERIES_ASUS 2010-11-23 21_08_28" />
                        <Entry name="$AgentWeighting" value="100" />
                        <Entry name="$WebTestIteration" value="1" />
                        <Entry name="$WebTestUserId" value="1" />
                      </Context>
                      <Errors>
                        <Error type="HttpError" subType="404 - NotFound" text="404 - NotFound" time="2010-11-23T21:08:41.7031250+07:00" />
                      </Errors>
                    </WebRequestResult>
                    <WebRequestResult exceptionMessage="" run="0" submitted="true" cached="false" isRedirectFollow="false" requestBodyBytesHandle="-2" responseBytesHandle="98">
                      <Request url="http://localhost/industry/login/includes/tng/scripts/FormValidation.js.php" command="GET /industry/login/includes/tng/scripts/FormValidation.js.php HTTP/1.1" encoding="utf-8">
                        <Headers>Referer : http://localhost/industry/index.php?mod=login
User-Agent : Mozilla/4.0 (compatible; MSIE 7.0; Windows NT 5.1)
Accept : */*
Accept-Language : en-us
Accept-Encoding : GZIP
Host : localhost
Cookie : PHPSESSID=5a0b064b9e2796918842c00f72e52f69; mylang=vietnam
</Headers>
                      </Request>
                      <Response url="http://localhost/industry/login/includes/tng/scripts/FormValidation.js.php" contentType="text/html; charset=iso-8859-1" statusLine="HTTP/1.1 404 Not Found" pageTime="NaN" time="0.009" statusCodeString="404 Not Found" contentLength="338">
                        <Headers>Content-Length : 338
Content-Type : text/html; charset=iso-8859-1
Date : Tue, 23 Nov 2010 14:08:41 GMT
Server : Apache/2.2.4 (Win32) PHP/5.2.1
</Headers>
                      </Response>
                      <Context>
                        <Entry name="$TotalAgents" value="1" />
                        <Entry name="$ControllerName" value="ASUS" />
                        <Entry name="$AgentName" value="ASUS" />
                        <Entry name="$TestLogsDir" value="C:\Documents and Settings\ASUS X82Q SERIES\My Documents\Visual Studio 2008\Projects\TestProject\TestResults\ASUS X82Q SERIES_ASUS 2010-11-23 21_08_28\In\ASUS" />
                        <Entry name="$TestDeploymentDir" value="C:\Documents and Settings\ASUS X82Q SERIES\My Documents\Visual Studio 2008\Projects\TestProject\TestResults\ASUS X82Q SERIES_ASUS 2010-11-23 21_08_28\Out" />
                        <Entry name="$AgentId" value="1" />
                        <Entry name="$AgentLoadDistributor" value="Microsoft.VisualStudio.TestTools.Execution.AgentLoadDistributor" />
                        <Entry name="$TestDir" value="C:\Documents and Settings\ASUS X82Q SERIES\My Documents\Visual Studio 2008\Projects\TestProject\TestResults\ASUS X82Q SERIES_ASUS 2010-11-23 21_08_28" />
                        <Entry name="$AgentWeighting" value="100" />
                        <Entry name="$WebTestIteration" value="1" />
                        <Entry name="$WebTestUserId" value="1" />
                      </Context>
                      <Errors>
                        <Error type="HttpError" subType="404 - NotFound" text="404 - NotFound" time="2010-11-23T21:08:41.7031250+07:00" />
                      </Errors>
                    </WebRequestResult>
                    <WebRequestResult exceptionMessage="" run="0" submitted="true" cached="false" isRedirectFollow="false" requestBodyBytesHandle="-2" responseBytesHandle="99">
                      <Request url="http://localhost/industry/uploads/advertisement/1_LOGO%20TV%20THU%20NHO(8).jpg" command="GET /industry/uploads/advertisement/1_LOGO%20TV%20THU%20NHO(8).jpg HTTP/1.1" encoding="utf-8">
                        <Headers>Referer : http://localhost/industry/index.php?mod=login
User-Agent : Mozilla/4.0 (compatible; MSIE 7.0; Windows NT 5.1)
Accept : */*
Accept-Language : en-us
Accept-Encoding : GZIP
Host : localhost
Cookie : PHPSESSID=5a0b064b9e2796918842c00f72e52f69; mylang=vietnam
</Headers>
                      </Request>
                      <Response url="http://localhost/industry/uploads/advertisement/1_LOGO%20TV%20THU%20NHO(8).jpg" contentType="image/jpeg" statusLine="HTTP/1.1 200 OK" pageTime="NaN" time="0.007" statusCodeString="200 OK" contentLength="28277">
                        <Headers>Accept-Ranges : bytes
Content-Length : 28277
Content-Type : image/jpeg
Date : Tue, 23 Nov 2010 14:08:41 GMT
ETag : "5b8a9100-6e75-cf4d7f80"
Last-Modified : Thu, 16 Sep 2010 16:19:26 GMT
Server : Apache/2.2.4 (Win32) PHP/5.2.1
</Headers>
                      </Response>
                      <Context>
                        <Entry name="$TotalAgents" value="1" />
                        <Entry name="$ControllerName" value="ASUS" />
                        <Entry name="$AgentName" value="ASUS" />
                        <Entry name="$TestLogsDir" value="C:\Documents and Settings\ASUS X82Q SERIES\My Documents\Visual Studio 2008\Projects\TestProject\TestResults\ASUS X82Q SERIES_ASUS 2010-11-23 21_08_28\In\ASUS" />
                        <Entry name="$TestDeploymentDir" value="C:\Documents and Settings\ASUS X82Q SERIES\My Documents\Visual Studio 2008\Projects\TestProject\TestResults\ASUS X82Q SERIES_ASUS 2010-11-23 21_08_28\Out" />
                        <Entry name="$AgentId" value="1" />
                        <Entry name="$AgentLoadDistributor" value="Microsoft.VisualStudio.TestTools.Execution.AgentLoadDistributor" />
                        <Entry name="$TestDir" value="C:\Documents and Settings\ASUS X82Q SERIES\My Documents\Visual Studio 2008\Projects\TestProject\TestResults\ASUS X82Q SERIES_ASUS 2010-11-23 21_08_28" />
                        <Entry name="$AgentWeighting" value="100" />
                        <Entry name="$WebTestIteration" value="1" />
                        <Entry name="$WebTestUserId" value="1" />
                      </Context>
                    </WebRequestResult>
                    <WebRequestResult exceptionMessage="" run="0" submitted="true" cached="false" isRedirectFollow="false" requestBodyBytesHandle="-2" responseBytesHandle="90">
                      <Request url="http://localhost/industry/includes/common/js/utility.js" command="GET /industry/includes/common/js/utility.js HTTP/1.1" encoding="utf-8">
                        <Headers>Referer : http://localhost/industry/index.php?mod=login
User-Agent : Mozilla/4.0 (compatible; MSIE 7.0; Windows NT 5.1)
Accept : */*
Accept-Language : en-us
Accept-Encoding : GZIP
Host : localhost
Cookie : PHPSESSID=5a0b064b9e2796918842c00f72e52f69; mylang=vietnam
</Headers>
                      </Request>
                      <Response url="http://localhost/industry/includes/common/js/utility.js" contentType="application/x-javascript" statusLine="HTTP/1.1 200 OK" pageTime="NaN" time="0.099" statusCodeString="200 OK" contentLength="81309">
                        <Headers>Accept-Ranges : bytes
Content-Length : 81309
Content-Type : application/x-javascript
Date : Tue, 23 Nov 2010 14:08:41 GMT
ETag : "63ee10c0-13d9d-1eae3d00"
Last-Modified : Wed, 28 Jul 2010 03:21:56 GMT
Server : Apache/2.2.4 (Win32) PHP/5.2.1
</Headers>
                      </Response>
                      <Context>
                        <Entry name="$TotalAgents" value="1" />
                        <Entry name="$ControllerName" value="ASUS" />
                        <Entry name="$AgentName" value="ASUS" />
                        <Entry name="$TestLogsDir" value="C:\Documents and Settings\ASUS X82Q SERIES\My Documents\Visual Studio 2008\Projects\TestProject\TestResults\ASUS X82Q SERIES_ASUS 2010-11-23 21_08_28\In\ASUS" />
                        <Entry name="$TestDeploymentDir" value="C:\Documents and Settings\ASUS X82Q SERIES\My Documents\Visual Studio 2008\Projects\TestProject\TestResults\ASUS X82Q SERIES_ASUS 2010-11-23 21_08_28\Out" />
                        <Entry name="$AgentId" value="1" />
                        <Entry name="$AgentLoadDistributor" value="Microsoft.VisualStudio.TestTools.Execution.AgentLoadDistributor" />
                        <Entry name="$TestDir" value="C:\Documents and Settings\ASUS X82Q SERIES\My Documents\Visual Studio 2008\Projects\TestProject\TestResults\ASUS X82Q SERIES_ASUS 2010-11-23 21_08_28" />
                        <Entry name="$AgentWeighting" value="100" />
                        <Entry name="$WebTestIteration" value="1" />
                        <Entry name="$WebTestUserId" value="1" />
                      </Context>
                    </WebRequestResult>
                    <WebRequestResult exceptionMessage="" run="0" submitted="true" cached="false" isRedirectFollow="false" requestBodyBytesHandle="-2" responseBytesHandle="100">
                      <Request url="http://localhost/industry/uploads/advertisement/slide4.jpg" command="GET /industry/uploads/advertisement/slide4.jpg HTTP/1.1" encoding="utf-8">
                        <Headers>Referer : http://localhost/industry/index.php?mod=login
User-Agent : Mozilla/4.0 (compatible; MSIE 7.0; Windows NT 5.1)
Accept : */*
Accept-Language : en-us
Accept-Encoding : GZIP
Host : localhost
Cookie : PHPSESSID=5a0b064b9e2796918842c00f72e52f69; mylang=vietnam
</Headers>
                      </Request>
                      <Response url="http://localhost/industry/uploads/advertisement/slide4.jpg" contentType="image/jpeg" statusLine="HTTP/1.1 200 OK" pageTime="NaN" time="0.009" statusCodeString="200 OK" contentLength="28790">
                        <Headers>Accept-Ranges : bytes
Content-Length : 28790
Content-Type : image/jpeg
Date : Tue, 23 Nov 2010 14:08:41 GMT
ETag : "5b8a9380-7076-93d8b80"
Last-Modified : Sun, 08 Aug 2010 05:18:54 GMT
Server : Apache/2.2.4 (Win32) PHP/5.2.1
</Headers>
                      </Response>
                      <Context>
                        <Entry name="$TotalAgents" value="1" />
                        <Entry name="$ControllerName" value="ASUS" />
                        <Entry name="$AgentName" value="ASUS" />
                        <Entry name="$TestLogsDir" value="C:\Documents and Settings\ASUS X82Q SERIES\My Documents\Visual Studio 2008\Projects\TestProject\TestResults\ASUS X82Q SERIES_ASUS 2010-11-23 21_08_28\In\ASUS" />
                        <Entry name="$TestDeploymentDir" value="C:\Documents and Settings\ASUS X82Q SERIES\My Documents\Visual Studio 2008\Projects\TestProject\TestResults\ASUS X82Q SERIES_ASUS 2010-11-23 21_08_28\Out" />
                        <Entry name="$AgentId" value="1" />
                        <Entry name="$AgentLoadDistributor" value="Microsoft.VisualStudio.TestTools.Execution.AgentLoadDistributor" />
                        <Entry name="$TestDir" value="C:\Documents and Settings\ASUS X82Q SERIES\My Documents\Visual Studio 2008\Projects\TestProject\TestResults\ASUS X82Q SERIES_ASUS 2010-11-23 21_08_28" />
                        <Entry name="$AgentWeighting" value="100" />
                        <Entry name="$WebTestIteration" value="1" />
                        <Entry name="$WebTestUserId" value="1" />
                      </Context>
                    </WebRequestResult>
                  </DependantResults>
                  <ValidationRuleResults>
                    <ValidationRuleResult message="Passed" ruleType="Validation" name="Response URL" />
                  </ValidationRuleResults>
                </WebRequestResult>
              </WebTestResultPage>
              <WebTestResultPage>
                <WebRequestResult exceptionMessage="" run="0" submitted="true" cached="false" isRedirectFollow="false" requestBodyBytesHandle="105" responseBytesHandle="106">
                  <Request url="http://localhost/industry/index.php?mod=login" command="POST /industry/index.php?mod=login HTTP/1.1" contentType="application/x-www-form-urlencoded" encoding="utf-8">
                    <Headers>User-Agent : Mozilla/4.0 (compatible; MSIE 7.0; Windows NT 5.1)
Accept : */*
Accept-Language : en-us
Accept-Encoding : GZIP
Content-Type : application/x-www-form-urlencoded
Host : localhost
Cookie : PHPSESSID=5a0b064b9e2796918842c00f72e52f69; mylang=vietnam
Content-Length : 82
Expect : 100-continue
</Headers>
                  </Request>
                  <Response url="http://localhost/industry/index.php?mod=login" contentType="text/html; charset=utf-8" statusLine="HTTP/1.1 200 OK" pageTime="0.53" time="0.28" statusCodeString="200 OK" contentLength="13479">
                    <Headers>Pragma : no-cache
Transfer-Encoding : chunked
Cache-Control : no-store, no-cache, must-revalidate, post-check=0, pre-check=0
Content-Type : text/html; charset:utf-8
Date : Tue, 23 Nov 2010 14:08:41 GMT
Expires : Thu, 19 Nov 1981 08:52:00 GMT
Set-Cookie : mylang=vietnam; expires=Tue, 30-Nov-2010 14:08:41 GMT; path=/
Server : Apache/2.2.4 (Win32) PHP/5.2.1
X-Powered-By : PHP/5.2.1
</Headers>
                  </Response>
                  <Context>
                    <Entry name="$TotalAgents" value="1" />
                    <Entry name="$ControllerName" value="ASUS" />
                    <Entry name="$AgentName" value="ASUS" />
                    <Entry name="$TestLogsDir" value="C:\Documents and Settings\ASUS X82Q SERIES\My Documents\Visual Studio 2008\Projects\TestProject\TestResults\ASUS X82Q SERIES_ASUS 2010-11-23 21_08_28\In\ASUS" />
                    <Entry name="$TestDeploymentDir" value="C:\Documents and Settings\ASUS X82Q SERIES\My Documents\Visual Studio 2008\Projects\TestProject\TestResults\ASUS X82Q SERIES_ASUS 2010-11-23 21_08_28\Out" />
                    <Entry name="$AgentId" value="1" />
                    <Entry name="$AgentLoadDistributor" value="Microsoft.VisualStudio.TestTools.Execution.AgentLoadDistributor" />
                    <Entry name="$TestDir" value="C:\Documents and Settings\ASUS X82Q SERIES\My Documents\Visual Studio 2008\Projects\TestProject\TestResults\ASUS X82Q SERIES_ASUS 2010-11-23 21_08_28" />
                    <Entry name="$AgentWeighting" value="100" />
                    <Entry name="$WebTestIteration" value="1" />
                    <Entry name="$WebTestUserId" value="1" />
                  </Context>
                  <DependantResults>
                    <WebRequestResult exceptionMessage="" run="0" submitted="true" cached="false" isRedirectFollow="false" requestBodyBytesHandle="-2" responseBytesHandle="2">
                      <Request url="http://localhost/industry/library/CSS/style_menu.css" command="GET /industry/library/CSS/style_menu.css HTTP/1.1" encoding="utf-8">
                        <Headers>Referer : http://localhost/industry/index.php?mod=login
User-Agent : Mozilla/4.0 (compatible; MSIE 7.0; Windows NT 5.1)
Accept : */*
Accept-Language : en-us
Accept-Encoding : GZIP
Host : localhost
Cookie : PHPSESSID=5a0b064b9e2796918842c00f72e52f69; mylang=vietnam
</Headers>
                      </Request>
                      <Response url="http://localhost/industry/library/CSS/style_menu.css" contentType="text/css" statusLine="HTTP/1.1 200 OK" pageTime="NaN" time="0.009" statusCodeString="200 OK" contentLength="1103">
                        <Headers>Accept-Ranges : bytes
Content-Length : 1103
Content-Type : text/css
Date : Tue, 23 Nov 2010 14:08:42 GMT
ETag : "641553c0-44f-9c443c00"
Last-Modified : Fri, 27 Aug 2010 12:54:08 GMT
Server : Apache/2.2.4 (Win32) PHP/5.2.1
</Headers>
                      </Response>
                      <Context>
                        <Entry name="$TotalAgents" value="1" />
                        <Entry name="$ControllerName" value="ASUS" />
                        <Entry name="$AgentName" value="ASUS" />
                        <Entry name="$TestLogsDir" value="C:\Documents and Settings\ASUS X82Q SERIES\My Documents\Visual Studio 2008\Projects\TestProject\TestResults\ASUS X82Q SERIES_ASUS 2010-11-23 21_08_28\In\ASUS" />
                        <Entry name="$TestDeploymentDir" value="C:\Documents and Settings\ASUS X82Q SERIES\My Documents\Visual Studio 2008\Projects\TestProject\TestResults\ASUS X82Q SERIES_ASUS 2010-11-23 21_08_28\Out" />
                        <Entry name="$AgentId" value="1" />
                        <Entry name="$AgentLoadDistributor" value="Microsoft.VisualStudio.TestTools.Execution.AgentLoadDistributor" />
                        <Entry name="$TestDir" value="C:\Documents and Settings\ASUS X82Q SERIES\My Documents\Visual Studio 2008\Projects\TestProject\TestResults\ASUS X82Q SERIES_ASUS 2010-11-23 21_08_28" />
                        <Entry name="$AgentWeighting" value="100" />
                        <Entry name="$WebTestIteration" value="1" />
                        <Entry name="$WebTestUserId" value="1" />
                      </Context>
                    </WebRequestResult>
                    <WebRequestResult exceptionMessage="" run="0" submitted="true" cached="false" isRedirectFollow="false" requestBodyBytesHandle="-2" responseBytesHandle="1">
                      <Request url="http://localhost/industry/library/CSS/style.css" command="GET /industry/library/CSS/style.css HTTP/1.1" encoding="utf-8">
                        <Headers>Referer : http://localhost/industry/index.php?mod=login
User-Agent : Mozilla/4.0 (compatible; MSIE 7.0; Windows NT 5.1)
Accept : */*
Accept-Language : en-us
Accept-Encoding : GZIP
Host : localhost
Cookie : PHPSESSID=5a0b064b9e2796918842c00f72e52f69; mylang=vietnam
</Headers>
                      </Request>
                      <Response url="http://localhost/industry/library/CSS/style.css" contentType="text/css" statusLine="HTTP/1.1 200 OK" pageTime="NaN" time="0.01" statusCodeString="200 OK" contentLength="9991">
                        <Headers>Accept-Ranges : bytes
Content-Length : 9991
Content-Type : text/css
Date : Tue, 23 Nov 2010 14:08:42 GMT
ETag : "64155240-2707-e0400a80"
Last-Modified : Fri, 24 Sep 2010 18:52:10 GMT
Server : Apache/2.2.4 (Win32) PHP/5.2.1
</Headers>
                      </Response>
                      <Context>
                        <Entry name="$TotalAgents" value="1" />
                        <Entry name="$ControllerName" value="ASUS" />
                        <Entry name="$AgentName" value="ASUS" />
                        <Entry name="$TestLogsDir" value="C:\Documents and Settings\ASUS X82Q SERIES\My Documents\Visual Studio 2008\Projects\TestProject\TestResults\ASUS X82Q SERIES_ASUS 2010-11-23 21_08_28\In\ASUS" />
                        <Entry name="$TestDeploymentDir" value="C:\Documents and Settings\ASUS X82Q SERIES\My Documents\Visual Studio 2008\Projects\TestProject\TestResults\ASUS X82Q SERIES_ASUS 2010-11-23 21_08_28\Out" />
                        <Entry name="$AgentId" value="1" />
                        <Entry name="$AgentLoadDistributor" value="Microsoft.VisualStudio.TestTools.Execution.AgentLoadDistributor" />
                        <Entry name="$TestDir" value="C:\Documents and Settings\ASUS X82Q SERIES\My Documents\Visual Studio 2008\Projects\TestProject\TestResults\ASUS X82Q SERIES_ASUS 2010-11-23 21_08_28" />
                        <Entry name="$AgentWeighting" value="100" />
                        <Entry name="$WebTestIteration" value="1" />
                        <Entry name="$WebTestUserId" value="1" />
                      </Context>
                    </WebRequestResult>
                    <WebRequestResult exceptionMessage="" run="0" submitted="true" cached="false" isRedirectFollow="false" requestBodyBytesHandle="-2" responseBytesHandle="4">
                      <Request url="http://localhost/industry/library/CSS/style_contac.css" command="GET /industry/library/CSS/style_contac.css HTTP/1.1" encoding="utf-8">
                        <Headers>Referer : http://localhost/industry/index.php?mod=login
User-Agent : Mozilla/4.0 (compatible; MSIE 7.0; Windows NT 5.1)
Accept : */*
Accept-Language : en-us
Accept-Encoding : GZIP
Host : localhost
Cookie : PHPSESSID=5a0b064b9e2796918842c00f72e52f69; mylang=vietnam
</Headers>
                      </Request>
                      <Response url="http://localhost/industry/library/CSS/style_contac.css" contentType="text/css" statusLine="HTTP/1.1 200 OK" pageTime="NaN" time="0.006" statusCodeString="200 OK" contentLength="2894">
                        <Headers>Accept-Ranges : bytes
Content-Length : 2894
Content-Type : text/css
Date : Tue, 23 Nov 2010 14:08:42 GMT
ETag : "64155300-b4e-b11efc00"
Last-Modified : Sun, 19 Sep 2010 03:50:08 GMT
Server : Apache/2.2.4 (Win32) PHP/5.2.1
</Headers>
                      </Response>
                      <Context>
                        <Entry name="$TotalAgents" value="1" />
                        <Entry name="$ControllerName" value="ASUS" />
                        <Entry name="$AgentName" value="ASUS" />
                        <Entry name="$TestLogsDir" value="C:\Documents and Settings\ASUS X82Q SERIES\My Documents\Visual Studio 2008\Projects\TestProject\TestResults\ASUS X82Q SERIES_ASUS 2010-11-23 21_08_28\In\ASUS" />
                        <Entry name="$TestDeploymentDir" value="C:\Documents and Settings\ASUS X82Q SERIES\My Documents\Visual Studio 2008\Projects\TestProject\TestResults\ASUS X82Q SERIES_ASUS 2010-11-23 21_08_28\Out" />
                        <Entry name="$AgentId" value="1" />
                        <Entry name="$AgentLoadDistributor" value="Microsoft.VisualStudio.TestTools.Execution.AgentLoadDistributor" />
                        <Entry name="$TestDir" value="C:\Documents and Settings\ASUS X82Q SERIES\My Documents\Visual Studio 2008\Projects\TestProject\TestResults\ASUS X82Q SERIES_ASUS 2010-11-23 21_08_28" />
                        <Entry name="$AgentWeighting" value="100" />
                        <Entry name="$WebTestIteration" value="1" />
                        <Entry name="$WebTestUserId" value="1" />
                      </Context>
                    </WebRequestResult>
                    <WebRequestResult exceptionMessage="" run="0" submitted="true" cached="false" isRedirectFollow="false" requestBodyBytesHandle="-2" responseBytesHandle="3">
                      <Request url="http://localhost/industry/library/CSS/style_menu_stand.css" command="GET /industry/library/CSS/style_menu_stand.css HTTP/1.1" encoding="utf-8">
                        <Headers>Referer : http://localhost/industry/index.php?mod=login
User-Agent : Mozilla/4.0 (compatible; MSIE 7.0; Windows NT 5.1)
Accept : */*
Accept-Language : en-us
Accept-Encoding : GZIP
Host : localhost
Cookie : PHPSESSID=5a0b064b9e2796918842c00f72e52f69; mylang=vietnam
</Headers>
                      </Request>
                      <Response url="http://localhost/industry/library/CSS/style_menu_stand.css" contentType="text/css" statusLine="HTTP/1.1 200 OK" pageTime="NaN" time="0.006" statusCodeString="200 OK" contentLength="3617">
                        <Headers>Accept-Ranges : bytes
Content-Length : 3617
Content-Type : text/css
Date : Tue, 23 Nov 2010 14:08:42 GMT
ETag : "64155480-e21-2d19c900"
Last-Modified : Wed, 08 Sep 2010 14:17:40 GMT
Server : Apache/2.2.4 (Win32) PHP/5.2.1
</Headers>
                      </Response>
                      <Context>
                        <Entry name="$TotalAgents" value="1" />
                        <Entry name="$ControllerName" value="ASUS" />
                        <Entry name="$AgentName" value="ASUS" />
                        <Entry name="$TestLogsDir" value="C:\Documents and Settings\ASUS X82Q SERIES\My Documents\Visual Studio 2008\Projects\TestProject\TestResults\ASUS X82Q SERIES_ASUS 2010-11-23 21_08_28\In\ASUS" />
                        <Entry name="$TestDeploymentDir" value="C:\Documents and Settings\ASUS X82Q SERIES\My Documents\Visual Studio 2008\Projects\TestProject\TestResults\ASUS X82Q SERIES_ASUS 2010-11-23 21_08_28\Out" />
                        <Entry name="$AgentId" value="1" />
                        <Entry name="$AgentLoadDistributor" value="Microsoft.VisualStudio.TestTools.Execution.AgentLoadDistributor" />
                        <Entry name="$TestDir" value="C:\Documents and Settings\ASUS X82Q SERIES\My Documents\Visual Studio 2008\Projects\TestProject\TestResults\ASUS X82Q SERIES_ASUS 2010-11-23 21_08_28" />
                        <Entry name="$AgentWeighting" value="100" />
                        <Entry name="$WebTestIteration" value="1" />
                        <Entry name="$WebTestUserId" value="1" />
                      </Context>
                    </WebRequestResult>
                    <WebRequestResult exceptionMessage="" run="0" submitted="true" cached="false" isRedirectFollow="false" requestBodyBytesHandle="-2" responseBytesHandle="6">
                      <Request url="http://localhost/industry/SpryAssets/SpryTabbedPanels.css" command="GET /industry/SpryAssets/SpryTabbedPanels.css HTTP/1.1" encoding="utf-8">
                        <Headers>Referer : http://localhost/industry/index.php?mod=login
User-Agent : Mozilla/4.0 (compatible; MSIE 7.0; Windows NT 5.1)
Accept : */*
Accept-Language : en-us
Accept-Encoding : GZIP
Host : localhost
Cookie : PHPSESSID=5a0b064b9e2796918842c00f72e52f69; mylang=vietnam
</Headers>
                      </Request>
                      <Response url="http://localhost/industry/SpryAssets/SpryTabbedPanels.css" contentType="text/css" statusLine="HTTP/1.1 200 OK" pageTime="NaN" time="0.008" statusCodeString="200 OK" contentLength="8136">
                        <Headers>Accept-Ranges : bytes
Content-Length : 8136
Content-Type : text/css
Date : Tue, 23 Nov 2010 14:08:42 GMT
ETag : "4e599080-1fc8-9b0fe900"
Last-Modified : Thu, 02 Sep 2010 07:17:24 GMT
Server : Apache/2.2.4 (Win32) PHP/5.2.1
</Headers>
                      </Response>
                      <Context>
                        <Entry name="$TotalAgents" value="1" />
                        <Entry name="$ControllerName" value="ASUS" />
                        <Entry name="$AgentName" value="ASUS" />
                        <Entry name="$TestLogsDir" value="C:\Documents and Settings\ASUS X82Q SERIES\My Documents\Visual Studio 2008\Projects\TestProject\TestResults\ASUS X82Q SERIES_ASUS 2010-11-23 21_08_28\In\ASUS" />
                        <Entry name="$TestDeploymentDir" value="C:\Documents and Settings\ASUS X82Q SERIES\My Documents\Visual Studio 2008\Projects\TestProject\TestResults\ASUS X82Q SERIES_ASUS 2010-11-23 21_08_28\Out" />
                        <Entry name="$AgentId" value="1" />
                        <Entry name="$AgentLoadDistributor" value="Microsoft.VisualStudio.TestTools.Execution.AgentLoadDistributor" />
                        <Entry name="$TestDir" value="C:\Documents and Settings\ASUS X82Q SERIES\My Documents\Visual Studio 2008\Projects\TestProject\TestResults\ASUS X82Q SERIES_ASUS 2010-11-23 21_08_28" />
                        <Entry name="$AgentWeighting" value="100" />
                        <Entry name="$WebTestIteration" value="1" />
                        <Entry name="$WebTestUserId" value="1" />
                      </Context>
                    </WebRequestResult>
                    <WebRequestResult exceptionMessage="" run="0" submitted="true" cached="false" isRedirectFollow="false" requestBodyBytesHandle="-2" responseBytesHandle="5">
                      <Request url="http://localhost/industry/library/css/dddropdownpanel.css" command="GET /industry/library/css/dddropdownpanel.css HTTP/1.1" encoding="utf-8">
                        <Headers>Referer : http://localhost/industry/index.php?mod=login
User-Agent : Mozilla/4.0 (compatible; MSIE 7.0; Windows NT 5.1)
Accept : */*
Accept-Language : en-us
Accept-Encoding : GZIP
Host : localhost
Cookie : PHPSESSID=5a0b064b9e2796918842c00f72e52f69; mylang=vietnam
</Headers>
                      </Request>
                      <Response url="http://localhost/industry/library/css/dddropdownpanel.css" contentType="text/css" statusLine="HTTP/1.1 200 OK" pageTime="NaN" time="0.007" statusCodeString="200 OK" contentLength="1348">
                        <Headers>Accept-Ranges : bytes
Content-Length : 1348
Content-Type : text/css
Date : Tue, 23 Nov 2010 14:08:42 GMT
ETag : "64155140-544-6b422680"
Last-Modified : Tue, 31 Aug 2010 18:04:58 GMT
Server : Apache/2.2.4 (Win32) PHP/5.2.1
</Headers>
                      </Response>
                      <Context>
                        <Entry name="$TotalAgents" value="1" />
                        <Entry name="$ControllerName" value="ASUS" />
                        <Entry name="$AgentName" value="ASUS" />
                        <Entry name="$TestLogsDir" value="C:\Documents and Settings\ASUS X82Q SERIES\My Documents\Visual Studio 2008\Projects\TestProject\TestResults\ASUS X82Q SERIES_ASUS 2010-11-23 21_08_28\In\ASUS" />
                        <Entry name="$TestDeploymentDir" value="C:\Documents and Settings\ASUS X82Q SERIES\My Documents\Visual Studio 2008\Projects\TestProject\TestResults\ASUS X82Q SERIES_ASUS 2010-11-23 21_08_28\Out" />
                        <Entry name="$AgentId" value="1" />
                        <Entry name="$AgentLoadDistributor" value="Microsoft.VisualStudio.TestTools.Execution.AgentLoadDistributor" />
                        <Entry name="$TestDir" value="C:\Documents and Settings\ASUS X82Q SERIES\My Documents\Visual Studio 2008\Projects\TestProject\TestResults\ASUS X82Q SERIES_ASUS 2010-11-23 21_08_28" />
                        <Entry name="$AgentWeighting" value="100" />
                        <Entry name="$WebTestIteration" value="1" />
                        <Entry name="$WebTestUserId" value="1" />
                      </Context>
                    </WebRequestResult>
                    <WebRequestResult exceptionMessage="" run="0" submitted="true" cached="false" isRedirectFollow="false" requestBodyBytesHandle="-2" responseBytesHandle="7">
                      <Request url="http://localhost/industry/library/js/dddropdownpanel.js" command="GET /industry/library/js/dddropdownpanel.js HTTP/1.1" encoding="utf-8">
                        <Headers>Referer : http://localhost/industry/index.php?mod=login
User-Agent : Mozilla/4.0 (compatible; MSIE 7.0; Windows NT 5.1)
Accept : */*
Accept-Language : en-us
Accept-Encoding : GZIP
Host : localhost
Cookie : PHPSESSID=5a0b064b9e2796918842c00f72e52f69; mylang=vietnam
</Headers>
                      </Request>
                      <Response url="http://localhost/industry/library/js/dddropdownpanel.js" contentType="application/x-javascript" statusLine="HTTP/1.1 200 OK" pageTime="NaN" time="0.02" statusCodeString="200 OK" contentLength="7251">
                        <Headers>X-Pad : avoid browser bug
Accept-Ranges : bytes
Content-Length : 7251
Content-Type : application/x-javascript
Date : Tue, 23 Nov 2010 14:08:42 GMT
ETag : "640c10e0-1c53-5a3f7180"
Last-Modified : Sat, 18 Sep 2010 09:32:06 GMT
Server : Apache/2.2.4 (Win32) PHP/5.2.1
</Headers>
                      </Response>
                      <Context>
                        <Entry name="$TotalAgents" value="1" />
                        <Entry name="$ControllerName" value="ASUS" />
                        <Entry name="$AgentName" value="ASUS" />
                        <Entry name="$TestLogsDir" value="C:\Documents and Settings\ASUS X82Q SERIES\My Documents\Visual Studio 2008\Projects\TestProject\TestResults\ASUS X82Q SERIES_ASUS 2010-11-23 21_08_28\In\ASUS" />
                        <Entry name="$TestDeploymentDir" value="C:\Documents and Settings\ASUS X82Q SERIES\My Documents\Visual Studio 2008\Projects\TestProject\TestResults\ASUS X82Q SERIES_ASUS 2010-11-23 21_08_28\Out" />
                        <Entry name="$AgentId" value="1" />
                        <Entry name="$AgentLoadDistributor" value="Microsoft.VisualStudio.TestTools.Execution.AgentLoadDistributor" />
                        <Entry name="$TestDir" value="C:\Documents and Settings\ASUS X82Q SERIES\My Documents\Visual Studio 2008\Projects\TestProject\TestResults\ASUS X82Q SERIES_ASUS 2010-11-23 21_08_28" />
                        <Entry name="$AgentWeighting" value="100" />
                        <Entry name="$WebTestIteration" value="1" />
                        <Entry name="$WebTestUserId" value="1" />
                      </Context>
                    </WebRequestResult>
                    <WebRequestResult exceptionMessage="" run="0" submitted="true" cached="false" isRedirectFollow="false" requestBodyBytesHandle="-2" responseBytesHandle="8">
                      <Request url="http://localhost/industry/library/js/script.js" command="GET /industry/library/js/script.js HTTP/1.1" encoding="utf-8">
                        <Headers>Referer : http://localhost/industry/index.php?mod=login
User-Agent : Mozilla/4.0 (compatible; MSIE 7.0; Windows NT 5.1)
Accept : */*
Accept-Language : en-us
Accept-Encoding : GZIP
Host : localhost
Cookie : PHPSESSID=5a0b064b9e2796918842c00f72e52f69; mylang=vietnam
</Headers>
                      </Request>
                      <Response url="http://localhost/industry/library/js/script.js" contentType="application/x-javascript" statusLine="HTTP/1.1 200 OK" pageTime="NaN" time="0.005" statusCodeString="200 OK" contentLength="403">
                        <Headers>Accept-Ranges : bytes
Content-Length : 403
Content-Type : application/x-javascript
Date : Tue, 23 Nov 2010 14:08:42 GMT
ETag : "640c1340-193-56ac8480"
Last-Modified : Tue, 27 Jul 2010 06:09:06 GMT
Server : Apache/2.2.4 (Win32) PHP/5.2.1
</Headers>
                      </Response>
                      <Context>
                        <Entry name="$TotalAgents" value="1" />
                        <Entry name="$ControllerName" value="ASUS" />
                        <Entry name="$AgentName" value="ASUS" />
                        <Entry name="$TestLogsDir" value="C:\Documents and Settings\ASUS X82Q SERIES\My Documents\Visual Studio 2008\Projects\TestProject\TestResults\ASUS X82Q SERIES_ASUS 2010-11-23 21_08_28\In\ASUS" />
                        <Entry name="$TestDeploymentDir" value="C:\Documents and Settings\ASUS X82Q SERIES\My Documents\Visual Studio 2008\Projects\TestProject\TestResults\ASUS X82Q SERIES_ASUS 2010-11-23 21_08_28\Out" />
                        <Entry name="$AgentId" value="1" />
                        <Entry name="$AgentLoadDistributor" value="Microsoft.VisualStudio.TestTools.Execution.AgentLoadDistributor" />
                        <Entry name="$TestDir" value="C:\Documents and Settings\ASUS X82Q SERIES\My Documents\Visual Studio 2008\Projects\TestProject\TestResults\ASUS X82Q SERIES_ASUS 2010-11-23 21_08_28" />
                        <Entry name="$AgentWeighting" value="100" />
                        <Entry name="$WebTestIteration" value="1" />
                        <Entry name="$WebTestUserId" value="1" />
                      </Context>
                    </WebRequestResult>
                    <WebRequestResult exceptionMessage="" run="0" submitted="true" cached="false" isRedirectFollow="false" requestBodyBytesHandle="-2" responseBytesHandle="9">
                      <Request url="http://localhost/industry/library/js/jquery.dropdown.js" command="GET /industry/library/js/jquery.dropdown.js HTTP/1.1" encoding="utf-8">
                        <Headers>Referer : http://localhost/industry/index.php?mod=login
User-Agent : Mozilla/4.0 (compatible; MSIE 7.0; Windows NT 5.1)
Accept : */*
Accept-Language : en-us
Accept-Encoding : GZIP
Host : localhost
Cookie : PHPSESSID=5a0b064b9e2796918842c00f72e52f69; mylang=vietnam
</Headers>
                      </Request>
                      <Response url="http://localhost/industry/library/js/jquery.dropdown.js" contentType="application/x-javascript" statusLine="HTTP/1.1 200 OK" pageTime="NaN" time="0.005" statusCodeString="200 OK" contentLength="387">
                        <Headers>Accept-Ranges : bytes
Content-Length : 387
Content-Type : application/x-javascript
Date : Tue, 23 Nov 2010 14:08:42 GMT
ETag : "640c11a0-183-835d2100"
Last-Modified : Mon, 08 Jun 2009 11:26:28 GMT
Server : Apache/2.2.4 (Win32) PHP/5.2.1
</Headers>
                      </Response>
                      <Context>
                        <Entry name="$TotalAgents" value="1" />
                        <Entry name="$ControllerName" value="ASUS" />
                        <Entry name="$AgentName" value="ASUS" />
                        <Entry name="$TestLogsDir" value="C:\Documents and Settings\ASUS X82Q SERIES\My Documents\Visual Studio 2008\Projects\TestProject\TestResults\ASUS X82Q SERIES_ASUS 2010-11-23 21_08_28\In\ASUS" />
                        <Entry name="$TestDeploymentDir" value="C:\Documents and Settings\ASUS X82Q SERIES\My Documents\Visual Studio 2008\Projects\TestProject\TestResults\ASUS X82Q SERIES_ASUS 2010-11-23 21_08_28\Out" />
                        <Entry name="$AgentId" value="1" />
                        <Entry name="$AgentLoadDistributor" value="Microsoft.VisualStudio.TestTools.Execution.AgentLoadDistributor" />
                        <Entry name="$TestDir" value="C:\Documents and Settings\ASUS X82Q SERIES\My Documents\Visual Studio 2008\Projects\TestProject\TestResults\ASUS X82Q SERIES_ASUS 2010-11-23 21_08_28" />
                        <Entry name="$AgentWeighting" value="100" />
                        <Entry name="$WebTestIteration" value="1" />
                        <Entry name="$WebTestUserId" value="1" />
                      </Context>
                    </WebRequestResult>
                    <WebRequestResult exceptionMessage="" run="0" submitted="true" cached="false" isRedirectFollow="false" requestBodyBytesHandle="-2" responseBytesHandle="10">
                      <Request url="http://localhost/industry/SpryAssets/SpryTabbedPanels.js" command="GET /industry/SpryAssets/SpryTabbedPanels.js HTTP/1.1" encoding="utf-8">
                        <Headers>Referer : http://localhost/industry/index.php?mod=login
User-Agent : Mozilla/4.0 (compatible; MSIE 7.0; Windows NT 5.1)
Accept : */*
Accept-Language : en-us
Accept-Encoding : GZIP
Host : localhost
Cookie : PHPSESSID=5a0b064b9e2796918842c00f72e52f69; mylang=vietnam
</Headers>
                      </Request>
                      <Response url="http://localhost/industry/SpryAssets/SpryTabbedPanels.js" contentType="application/x-javascript" statusLine="HTTP/1.1 200 OK" pageTime="NaN" time="0.026" statusCodeString="200 OK" contentLength="10941">
                        <Headers>X-Pad : avoid browser bug
Accept-Ranges : bytes
Content-Length : 10941
Content-Type : application/x-javascript
Date : Tue, 23 Nov 2010 14:08:42 GMT
ETag : "4e5990e0-2abd-57842300"
Last-Modified : Tue, 27 Jul 2010 10:55:40 GMT
Server : Apache/2.2.4 (Win32) PHP/5.2.1
</Headers>
                      </Response>
                      <Context>
                        <Entry name="$TotalAgents" value="1" />
                        <Entry name="$ControllerName" value="ASUS" />
                        <Entry name="$AgentName" value="ASUS" />
                        <Entry name="$TestLogsDir" value="C:\Documents and Settings\ASUS X82Q SERIES\My Documents\Visual Studio 2008\Projects\TestProject\TestResults\ASUS X82Q SERIES_ASUS 2010-11-23 21_08_28\In\ASUS" />
                        <Entry name="$TestDeploymentDir" value="C:\Documents and Settings\ASUS X82Q SERIES\My Documents\Visual Studio 2008\Projects\TestProject\TestResults\ASUS X82Q SERIES_ASUS 2010-11-23 21_08_28\Out" />
                        <Entry name="$AgentId" value="1" />
                        <Entry name="$AgentLoadDistributor" value="Microsoft.VisualStudio.TestTools.Execution.AgentLoadDistributor" />
                        <Entry name="$TestDir" value="C:\Documents and Settings\ASUS X82Q SERIES\My Documents\Visual Studio 2008\Projects\TestProject\TestResults\ASUS X82Q SERIES_ASUS 2010-11-23 21_08_28" />
                        <Entry name="$AgentWeighting" value="100" />
                        <Entry name="$WebTestIteration" value="1" />
                        <Entry name="$WebTestUserId" value="1" />
                      </Context>
                    </WebRequestResult>
                    <WebRequestResult exceptionMessage="" run="0" submitted="true" cached="false" isRedirectFollow="false" requestBodyBytesHandle="-2" responseBytesHandle="11">
                      <Request url="http://localhost/industry/library/js/jquery_menu.js" command="GET /industry/library/js/jquery_menu.js HTTP/1.1" encoding="utf-8">
                        <Headers>Referer : http://localhost/industry/index.php?mod=login
User-Agent : Mozilla/4.0 (compatible; MSIE 7.0; Windows NT 5.1)
Accept : */*
Accept-Language : en-us
Accept-Encoding : GZIP
Host : localhost
Cookie : PHPSESSID=5a0b064b9e2796918842c00f72e52f69; mylang=vietnam
</Headers>
                      </Request>
                      <Response url="http://localhost/industry/library/js/jquery_menu.js" contentType="application/x-javascript" statusLine="HTTP/1.1 200 OK" pageTime="NaN" time="0.066" statusCodeString="200 OK" contentLength="57170">
                        <Headers>X-Pad : avoid browser bug
Accept-Ranges : bytes
Content-Length : 57170
Content-Type : application/x-javascript
Date : Tue, 23 Nov 2010 14:08:42 GMT
ETag : "640c1260-df52-984af280"
Last-Modified : Tue, 27 Jul 2010 02:52:42 GMT
Server : Apache/2.2.4 (Win32) PHP/5.2.1
</Headers>
                      </Response>
                      <Context>
                        <Entry name="$TotalAgents" value="1" />
                        <Entry name="$ControllerName" value="ASUS" />
                        <Entry name="$AgentName" value="ASUS" />
                        <Entry name="$TestLogsDir" value="C:\Documents and Settings\ASUS X82Q SERIES\My Documents\Visual Studio 2008\Projects\TestProject\TestResults\ASUS X82Q SERIES_ASUS 2010-11-23 21_08_28\In\ASUS" />
                        <Entry name="$TestDeploymentDir" value="C:\Documents and Settings\ASUS X82Q SERIES\My Documents\Visual Studio 2008\Projects\TestProject\TestResults\ASUS X82Q SERIES_ASUS 2010-11-23 21_08_28\Out" />
                        <Entry name="$AgentId" value="1" />
                        <Entry name="$AgentLoadDistributor" value="Microsoft.VisualStudio.TestTools.Execution.AgentLoadDistributor" />
                        <Entry name="$TestDir" value="C:\Documents and Settings\ASUS X82Q SERIES\My Documents\Visual Studio 2008\Projects\TestProject\TestResults\ASUS X82Q SERIES_ASUS 2010-11-23 21_08_28" />
                        <Entry name="$AgentWeighting" value="100" />
                        <Entry name="$WebTestIteration" value="1" />
                        <Entry name="$WebTestUserId" value="1" />
                      </Context>
                    </WebRequestResult>
                    <WebRequestResult exceptionMessage="" run="0" submitted="true" cached="false" isRedirectFollow="false" requestBodyBytesHandle="-2" responseBytesHandle="15">
                      <Request url="http://localhost/industry/interface/search.jpg" command="GET /industry/interface/search.jpg HTTP/1.1" encoding="utf-8">
                        <Headers>Referer : http://localhost/industry/index.php?mod=login
User-Agent : Mozilla/4.0 (compatible; MSIE 7.0; Windows NT 5.1)
Accept : */*
Accept-Language : en-us
Accept-Encoding : GZIP
Host : localhost
Cookie : PHPSESSID=5a0b064b9e2796918842c00f72e52f69; mylang=vietnam
</Headers>
                      </Request>
                      <Response url="http://localhost/industry/interface/search.jpg" contentType="image/jpeg" statusLine="HTTP/1.1 200 OK" pageTime="NaN" time="0.004" statusCodeString="200 OK" contentLength="1525">
                        <Headers>Accept-Ranges : bytes
Content-Length : 1525
Content-Type : image/jpeg
Date : Tue, 23 Nov 2010 14:08:42 GMT
ETag : "63f09960-5f5-160fc780"
Last-Modified : Sun, 25 Jul 2010 16:51:58 GMT
Server : Apache/2.2.4 (Win32) PHP/5.2.1
</Headers>
                      </Response>
                      <Context>
                        <Entry name="$TotalAgents" value="1" />
                        <Entry name="$ControllerName" value="ASUS" />
                        <Entry name="$AgentName" value="ASUS" />
                        <Entry name="$TestLogsDir" value="C:\Documents and Settings\ASUS X82Q SERIES\My Documents\Visual Studio 2008\Projects\TestProject\TestResults\ASUS X82Q SERIES_ASUS 2010-11-23 21_08_28\In\ASUS" />
                        <Entry name="$TestDeploymentDir" value="C:\Documents and Settings\ASUS X82Q SERIES\My Documents\Visual Studio 2008\Projects\TestProject\TestResults\ASUS X82Q SERIES_ASUS 2010-11-23 21_08_28\Out" />
                        <Entry name="$AgentId" value="1" />
                        <Entry name="$AgentLoadDistributor" value="Microsoft.VisualStudio.TestTools.Execution.AgentLoadDistributor" />
                        <Entry name="$TestDir" value="C:\Documents and Settings\ASUS X82Q SERIES\My Documents\Visual Studio 2008\Projects\TestProject\TestResults\ASUS X82Q SERIES_ASUS 2010-11-23 21_08_28" />
                        <Entry name="$AgentWeighting" value="100" />
                        <Entry name="$WebTestIteration" value="1" />
                        <Entry name="$WebTestUserId" value="1" />
                      </Context>
                    </WebRequestResult>
                    <WebRequestResult exceptionMessage="" run="0" submitted="true" cached="false" isRedirectFollow="false" requestBodyBytesHandle="-2" responseBytesHandle="87">
                      <Request url="http://localhost/industry/includes/skins/mxkollection3.css" command="GET /industry/includes/skins/mxkollection3.css HTTP/1.1" encoding="utf-8">
                        <Headers>Referer : http://localhost/industry/index.php?mod=login
User-Agent : Mozilla/4.0 (compatible; MSIE 7.0; Windows NT 5.1)
Accept : */*
Accept-Language : en-us
Accept-Encoding : GZIP
Host : localhost
Cookie : PHPSESSID=5a0b064b9e2796918842c00f72e52f69; mylang=vietnam
</Headers>
                      </Request>
                      <Response url="http://localhost/industry/includes/skins/mxkollection3.css" contentType="text/css" statusLine="HTTP/1.1 200 OK" pageTime="NaN" time="0.006" statusCodeString="200 OK" contentLength="621">
                        <Headers>Connection : close
X-Pad : avoid browser bug
Accept-Ranges : bytes
Content-Length : 621
Content-Type : text/css
Date : Tue, 23 Nov 2010 14:08:42 GMT
ETag : "633bd0a0-26d-2d53ec80"
Last-Modified : Wed, 25 Aug 2010 15:02:58 GMT
Server : Apache/2.2.4 (Win32) PHP/5.2.1
</Headers>
                      </Response>
                      <Context>
                        <Entry name="$TotalAgents" value="1" />
                        <Entry name="$ControllerName" value="ASUS" />
                        <Entry name="$AgentName" value="ASUS" />
                        <Entry name="$TestLogsDir" value="C:\Documents and Settings\ASUS X82Q SERIES\My Documents\Visual Studio 2008\Projects\TestProject\TestResults\ASUS X82Q SERIES_ASUS 2010-11-23 21_08_28\In\ASUS" />
                        <Entry name="$TestDeploymentDir" value="C:\Documents and Settings\ASUS X82Q SERIES\My Documents\Visual Studio 2008\Projects\TestProject\TestResults\ASUS X82Q SERIES_ASUS 2010-11-23 21_08_28\Out" />
                        <Entry name="$AgentId" value="1" />
                        <Entry name="$AgentLoadDistributor" value="Microsoft.VisualStudio.TestTools.Execution.AgentLoadDistributor" />
                        <Entry name="$TestDir" value="C:\Documents and Settings\ASUS X82Q SERIES\My Documents\Visual Studio 2008\Projects\TestProject\TestResults\ASUS X82Q SERIES_ASUS 2010-11-23 21_08_28" />
                        <Entry name="$AgentWeighting" value="100" />
                        <Entry name="$WebTestIteration" value="1" />
                        <Entry name="$WebTestUserId" value="1" />
                      </Context>
                    </WebRequestResult>
                    <WebRequestResult exceptionMessage="" run="0" submitted="true" cached="false" isRedirectFollow="false" requestBodyBytesHandle="-2" responseBytesHandle="12">
                      <Request url="http://localhost/industry/library/js/rainbow.js" command="GET /industry/library/js/rainbow.js HTTP/1.1" encoding="utf-8">
                        <Headers>Referer : http://localhost/industry/index.php?mod=login
User-Agent : Mozilla/4.0 (compatible; MSIE 7.0; Windows NT 5.1)
Accept : */*
Accept-Language : en-us
Accept-Encoding : GZIP
Host : localhost
Cookie : PHPSESSID=5a0b064b9e2796918842c00f72e52f69; mylang=vietnam
</Headers>
                      </Request>
                      <Response url="http://localhost/industry/library/js/rainbow.js" contentType="application/x-javascript" statusLine="HTTP/1.1 200 OK" pageTime="NaN" time="0.04" statusCodeString="200 OK" contentLength="7776">
                        <Headers>X-Pad : avoid browser bug
Accept-Ranges : bytes
Content-Length : 7776
Content-Type : application/x-javascript
Date : Tue, 23 Nov 2010 14:08:42 GMT
ETag : "640c1320-1e60-a3ab8780"
Last-Modified : Sun, 29 Aug 2010 09:04:46 GMT
Server : Apache/2.2.4 (Win32) PHP/5.2.1
</Headers>
                      </Response>
                      <Context>
                        <Entry name="$TotalAgents" value="1" />
                        <Entry name="$ControllerName" value="ASUS" />
                        <Entry name="$AgentName" value="ASUS" />
                        <Entry name="$TestLogsDir" value="C:\Documents and Settings\ASUS X82Q SERIES\My Documents\Visual Studio 2008\Projects\TestProject\TestResults\ASUS X82Q SERIES_ASUS 2010-11-23 21_08_28\In\ASUS" />
                        <Entry name="$TestDeploymentDir" value="C:\Documents and Settings\ASUS X82Q SERIES\My Documents\Visual Studio 2008\Projects\TestProject\TestResults\ASUS X82Q SERIES_ASUS 2010-11-23 21_08_28\Out" />
                        <Entry name="$AgentId" value="1" />
                        <Entry name="$AgentLoadDistributor" value="Microsoft.VisualStudio.TestTools.Execution.AgentLoadDistributor" />
                        <Entry name="$TestDir" value="C:\Documents and Settings\ASUS X82Q SERIES\My Documents\Visual Studio 2008\Projects\TestProject\TestResults\ASUS X82Q SERIES_ASUS 2010-11-23 21_08_28" />
                        <Entry name="$AgentWeighting" value="100" />
                        <Entry name="$WebTestIteration" value="1" />
                        <Entry name="$WebTestUserId" value="1" />
                      </Context>
                    </WebRequestResult>
                    <WebRequestResult exceptionMessage="" run="0" submitted="true" cached="false" isRedirectFollow="false" requestBodyBytesHandle="-2" responseBytesHandle="1">
                      <Request url="http://localhost/industry/library/css/style.css" command="GET /industry/library/css/style.css HTTP/1.1" encoding="utf-8">
                        <Headers>Referer : http://localhost/industry/index.php?mod=login
User-Agent : Mozilla/4.0 (compatible; MSIE 7.0; Windows NT 5.1)
Accept : */*
Accept-Language : en-us
Accept-Encoding : GZIP
Host : localhost
Cookie : PHPSESSID=5a0b064b9e2796918842c00f72e52f69; mylang=vietnam
</Headers>
                      </Request>
                      <Response url="http://localhost/industry/library/css/style.css" contentType="text/css" statusLine="HTTP/1.1 200 OK" pageTime="NaN" time="0.031" statusCodeString="200 OK" contentLength="9991">
                        <Headers>Accept-Ranges : bytes
Content-Length : 9991
Content-Type : text/css
Date : Tue, 23 Nov 2010 14:08:42 GMT
ETag : "64155240-2707-e0400a80"
Last-Modified : Fri, 24 Sep 2010 18:52:10 GMT
Server : Apache/2.2.4 (Win32) PHP/5.2.1
</Headers>
                      </Response>
                      <Context>
                        <Entry name="$TotalAgents" value="1" />
                        <Entry name="$ControllerName" value="ASUS" />
                        <Entry name="$AgentName" value="ASUS" />
                        <Entry name="$TestLogsDir" value="C:\Documents and Settings\ASUS X82Q SERIES\My Documents\Visual Studio 2008\Projects\TestProject\TestResults\ASUS X82Q SERIES_ASUS 2010-11-23 21_08_28\In\ASUS" />
                        <Entry name="$TestDeploymentDir" value="C:\Documents and Settings\ASUS X82Q SERIES\My Documents\Visual Studio 2008\Projects\TestProject\TestResults\ASUS X82Q SERIES_ASUS 2010-11-23 21_08_28\Out" />
                        <Entry name="$AgentId" value="1" />
                        <Entry name="$AgentLoadDistributor" value="Microsoft.VisualStudio.TestTools.Execution.AgentLoadDistributor" />
                        <Entry name="$TestDir" value="C:\Documents and Settings\ASUS X82Q SERIES\My Documents\Visual Studio 2008\Projects\TestProject\TestResults\ASUS X82Q SERIES_ASUS 2010-11-23 21_08_28" />
                        <Entry name="$AgentWeighting" value="100" />
                        <Entry name="$WebTestIteration" value="1" />
                        <Entry name="$WebTestUserId" value="1" />
                      </Context>
                    </WebRequestResult>
                    <WebRequestResult exceptionMessage="" run="0" submitted="true" cached="false" isRedirectFollow="false" requestBodyBytesHandle="-2" responseBytesHandle="88">
                      <Request url="http://localhost/industry/includes/common/js/base.js" command="GET /industry/includes/common/js/base.js HTTP/1.1" encoding="utf-8">
                        <Headers>Referer : http://localhost/industry/index.php?mod=login
User-Agent : Mozilla/4.0 (compatible; MSIE 7.0; Windows NT 5.1)
Accept : */*
Accept-Language : en-us
Accept-Encoding : GZIP
Host : localhost
Cookie : PHPSESSID=5a0b064b9e2796918842c00f72e52f69; mylang=vietnam
</Headers>
                      </Request>
                      <Response url="http://localhost/industry/includes/common/js/base.js" contentType="application/x-javascript" statusLine="HTTP/1.1 200 OK" pageTime="NaN" time="0.021" statusCodeString="200 OK" contentLength="7805">
                        <Headers>X-Pad : avoid browser bug
Accept-Ranges : bytes
Content-Length : 7805
Content-Type : application/x-javascript
Date : Tue, 23 Nov 2010 14:08:42 GMT
ETag : "63ee1040-1e7d-1eae3d00"
Last-Modified : Wed, 28 Jul 2010 03:21:56 GMT
Server : Apache/2.2.4 (Win32) PHP/5.2.1
</Headers>
                      </Response>
                      <Context>
                        <Entry name="$TotalAgents" value="1" />
                        <Entry name="$ControllerName" value="ASUS" />
                        <Entry name="$AgentName" value="ASUS" />
                        <Entry name="$TestLogsDir" value="C:\Documents and Settings\ASUS X82Q SERIES\My Documents\Visual Studio 2008\Projects\TestProject\TestResults\ASUS X82Q SERIES_ASUS 2010-11-23 21_08_28\In\ASUS" />
                        <Entry name="$TestDeploymentDir" value="C:\Documents and Settings\ASUS X82Q SERIES\My Documents\Visual Studio 2008\Projects\TestProject\TestResults\ASUS X82Q SERIES_ASUS 2010-11-23 21_08_28\Out" />
                        <Entry name="$AgentId" value="1" />
                        <Entry name="$AgentLoadDistributor" value="Microsoft.VisualStudio.TestTools.Execution.AgentLoadDistributor" />
                        <Entry name="$TestDir" value="C:\Documents and Settings\ASUS X82Q SERIES\My Documents\Visual Studio 2008\Projects\TestProject\TestResults\ASUS X82Q SERIES_ASUS 2010-11-23 21_08_28" />
                        <Entry name="$AgentWeighting" value="100" />
                        <Entry name="$WebTestIteration" value="1" />
                        <Entry name="$WebTestUserId" value="1" />
                      </Context>
                    </WebRequestResult>
                    <WebRequestResult exceptionMessage="" run="0" submitted="true" cached="false" isRedirectFollow="false" requestBodyBytesHandle="-2" responseBytesHandle="89">
                      <Request url="http://localhost/industry/includes/skins/style.js" command="GET /industry/includes/skins/style.js HTTP/1.1" encoding="utf-8">
                        <Headers>Referer : http://localhost/industry/index.php?mod=login
User-Agent : Mozilla/4.0 (compatible; MSIE 7.0; Windows NT 5.1)
Accept : */*
Accept-Language : en-us
Accept-Encoding : GZIP
Host : localhost
Cookie : PHPSESSID=5a0b064b9e2796918842c00f72e52f69; mylang=vietnam
</Headers>
                      </Request>
                      <Response url="http://localhost/industry/includes/skins/style.js" contentType="application/x-javascript" statusLine="HTTP/1.1 200 OK" pageTime="NaN" time="0.048" statusCodeString="200 OK" contentLength="25319">
                        <Headers>X-Pad : avoid browser bug
Accept-Ranges : bytes
Content-Length : 25319
Content-Type : application/x-javascript
Date : Tue, 23 Nov 2010 14:08:42 GMT
ETag : "633bd0c0-62e7-2b4d2000"
Last-Modified : Wed, 25 Aug 2010 15:02:24 GMT
Server : Apache/2.2.4 (Win32) PHP/5.2.1
</Headers>
                      </Response>
                      <Context>
                        <Entry name="$TotalAgents" value="1" />
                        <Entry name="$ControllerName" value="ASUS" />
                        <Entry name="$AgentName" value="ASUS" />
                        <Entry name="$TestLogsDir" value="C:\Documents and Settings\ASUS X82Q SERIES\My Documents\Visual Studio 2008\Projects\TestProject\TestResults\ASUS X82Q SERIES_ASUS 2010-11-23 21_08_28\In\ASUS" />
                        <Entry name="$TestDeploymentDir" value="C:\Documents and Settings\ASUS X82Q SERIES\My Documents\Visual Studio 2008\Projects\TestProject\TestResults\ASUS X82Q SERIES_ASUS 2010-11-23 21_08_28\Out" />
                        <Entry name="$AgentId" value="1" />
                        <Entry name="$AgentLoadDistributor" value="Microsoft.VisualStudio.TestTools.Execution.AgentLoadDistributor" />
                        <Entry name="$TestDir" value="C:\Documents and Settings\ASUS X82Q SERIES\My Documents\Visual Studio 2008\Projects\TestProject\TestResults\ASUS X82Q SERIES_ASUS 2010-11-23 21_08_28" />
                        <Entry name="$AgentWeighting" value="100" />
                        <Entry name="$WebTestIteration" value="1" />
                        <Entry name="$WebTestUserId" value="1" />
                      </Context>
                    </WebRequestResult>
                    <WebRequestResult exceptionMessage="" run="0" submitted="true" cached="false" isRedirectFollow="false" requestBodyBytesHandle="-2" responseBytesHandle="97">
                      <Request url="http://localhost/industry/login/includes/tng/scripts/FormValidation.js" command="GET /industry/login/includes/tng/scripts/FormValidation.js HTTP/1.1" encoding="utf-8">
                        <Headers>Referer : http://localhost/industry/index.php?mod=login
User-Agent : Mozilla/4.0 (compatible; MSIE 7.0; Windows NT 5.1)
Accept : */*
Accept-Language : en-us
Accept-Encoding : GZIP
Host : localhost
Cookie : PHPSESSID=5a0b064b9e2796918842c00f72e52f69; mylang=vietnam
</Headers>
                      </Request>
                      <Response url="http://localhost/industry/login/includes/tng/scripts/FormValidation.js" contentType="text/html; charset=iso-8859-1" statusLine="HTTP/1.1 404 Not Found" pageTime="NaN" time="0.01" statusCodeString="404 Not Found" contentLength="334">
                        <Headers>Content-Length : 334
Content-Type : text/html; charset=iso-8859-1
Date : Tue, 23 Nov 2010 14:08:42 GMT
Server : Apache/2.2.4 (Win32) PHP/5.2.1
</Headers>
                      </Response>
                      <Context>
                        <Entry name="$TotalAgents" value="1" />
                        <Entry name="$ControllerName" value="ASUS" />
                        <Entry name="$AgentName" value="ASUS" />
                        <Entry name="$TestLogsDir" value="C:\Documents and Settings\ASUS X82Q SERIES\My Documents\Visual Studio 2008\Projects\TestProject\TestResults\ASUS X82Q SERIES_ASUS 2010-11-23 21_08_28\In\ASUS" />
                        <Entry name="$TestDeploymentDir" value="C:\Documents and Settings\ASUS X82Q SERIES\My Documents\Visual Studio 2008\Projects\TestProject\TestResults\ASUS X82Q SERIES_ASUS 2010-11-23 21_08_28\Out" />
                        <Entry name="$AgentId" value="1" />
                        <Entry name="$AgentLoadDistributor" value="Microsoft.VisualStudio.TestTools.Execution.AgentLoadDistributor" />
                        <Entry name="$TestDir" value="C:\Documents and Settings\ASUS X82Q SERIES\My Documents\Visual Studio 2008\Projects\TestProject\TestResults\ASUS X82Q SERIES_ASUS 2010-11-23 21_08_28" />
                        <Entry name="$AgentWeighting" value="100" />
                        <Entry name="$WebTestIteration" value="1" />
                        <Entry name="$WebTestUserId" value="1" />
                      </Context>
                      <Errors>
                        <Error type="HttpError" subType="404 - NotFound" text="404 - NotFound" time="2010-11-23T21:08:42.2187500+07:00" />
                      </Errors>
                    </WebRequestResult>
                    <WebRequestResult exceptionMessage="" run="0" submitted="true" cached="false" isRedirectFollow="false" requestBodyBytesHandle="-2" responseBytesHandle="98">
                      <Request url="http://localhost/industry/login/includes/tng/scripts/FormValidation.js.php" command="GET /industry/login/includes/tng/scripts/FormValidation.js.php HTTP/1.1" encoding="utf-8">
                        <Headers>Referer : http://localhost/industry/index.php?mod=login
User-Agent : Mozilla/4.0 (compatible; MSIE 7.0; Windows NT 5.1)
Accept : */*
Accept-Language : en-us
Accept-Encoding : GZIP
Host : localhost
Cookie : PHPSESSID=5a0b064b9e2796918842c00f72e52f69; mylang=vietnam
</Headers>
                      </Request>
                      <Response url="http://localhost/industry/login/includes/tng/scripts/FormValidation.js.php" contentType="text/html; charset=iso-8859-1" statusLine="HTTP/1.1 404 Not Found" pageTime="NaN" time="0.018" statusCodeString="404 Not Found" contentLength="338">
                        <Headers>Content-Length : 338
Content-Type : text/html; charset=iso-8859-1
Date : Tue, 23 Nov 2010 14:08:42 GMT
Server : Apache/2.2.4 (Win32) PHP/5.2.1
</Headers>
                      </Response>
                      <Context>
                        <Entry name="$TotalAgents" value="1" />
                        <Entry name="$ControllerName" value="ASUS" />
                        <Entry name="$AgentName" value="ASUS" />
                        <Entry name="$TestLogsDir" value="C:\Documents and Settings\ASUS X82Q SERIES\My Documents\Visual Studio 2008\Projects\TestProject\TestResults\ASUS X82Q SERIES_ASUS 2010-11-23 21_08_28\In\ASUS" />
                        <Entry name="$TestDeploymentDir" value="C:\Documents and Settings\ASUS X82Q SERIES\My Documents\Visual Studio 2008\Projects\TestProject\TestResults\ASUS X82Q SERIES_ASUS 2010-11-23 21_08_28\Out" />
                        <Entry name="$AgentId" value="1" />
                        <Entry name="$AgentLoadDistributor" value="Microsoft.VisualStudio.TestTools.Execution.AgentLoadDistributor" />
                        <Entry name="$TestDir" value="C:\Documents and Settings\ASUS X82Q SERIES\My Documents\Visual Studio 2008\Projects\TestProject\TestResults\ASUS X82Q SERIES_ASUS 2010-11-23 21_08_28" />
                        <Entry name="$AgentWeighting" value="100" />
                        <Entry name="$WebTestIteration" value="1" />
                        <Entry name="$WebTestUserId" value="1" />
                      </Context>
                      <Errors>
                        <Error type="HttpError" subType="404 - NotFound" text="404 - NotFound" time="2010-11-23T21:08:42.2343750+07:00" />
                      </Errors>
                    </WebRequestResult>
                    <WebRequestResult exceptionMessage="" run="0" submitted="true" cached="false" isRedirectFollow="false" requestBodyBytesHandle="-2" responseBytesHandle="90">
                      <Request url="http://localhost/industry/includes/common/js/utility.js" command="GET /industry/includes/common/js/utility.js HTTP/1.1" encoding="utf-8">
                        <Headers>Referer : http://localhost/industry/index.php?mod=login
User-Agent : Mozilla/4.0 (compatible; MSIE 7.0; Windows NT 5.1)
Accept : */*
Accept-Language : en-us
Accept-Encoding : GZIP
Host : localhost
Cookie : PHPSESSID=5a0b064b9e2796918842c00f72e52f69; mylang=vietnam
</Headers>
                      </Request>
                      <Response url="http://localhost/industry/includes/common/js/utility.js" contentType="application/x-javascript" statusLine="HTTP/1.1 200 OK" pageTime="NaN" time="0.102" statusCodeString="200 OK" contentLength="81309">
                        <Headers>Accept-Ranges : bytes
Content-Length : 81309
Content-Type : application/x-javascript
Date : Tue, 23 Nov 2010 14:08:42 GMT
ETag : "63ee10c0-13d9d-1eae3d00"
Last-Modified : Wed, 28 Jul 2010 03:21:56 GMT
Server : Apache/2.2.4 (Win32) PHP/5.2.1
</Headers>
                      </Response>
                      <Context>
                        <Entry name="$TotalAgents" value="1" />
                        <Entry name="$ControllerName" value="ASUS" />
                        <Entry name="$AgentName" value="ASUS" />
                        <Entry name="$TestLogsDir" value="C:\Documents and Settings\ASUS X82Q SERIES\My Documents\Visual Studio 2008\Projects\TestProject\TestResults\ASUS X82Q SERIES_ASUS 2010-11-23 21_08_28\In\ASUS" />
                        <Entry name="$TestDeploymentDir" value="C:\Documents and Settings\ASUS X82Q SERIES\My Documents\Visual Studio 2008\Projects\TestProject\TestResults\ASUS X82Q SERIES_ASUS 2010-11-23 21_08_28\Out" />
                        <Entry name="$AgentId" value="1" />
                        <Entry name="$AgentLoadDistributor" value="Microsoft.VisualStudio.TestTools.Execution.AgentLoadDistributor" />
                        <Entry name="$TestDir" value="C:\Documents and Settings\ASUS X82Q SERIES\My Documents\Visual Studio 2008\Projects\TestProject\TestResults\ASUS X82Q SERIES_ASUS 2010-11-23 21_08_28" />
                        <Entry name="$AgentWeighting" value="100" />
                        <Entry name="$WebTestIteration" value="1" />
                        <Entry name="$WebTestUserId" value="1" />
                      </Context>
                    </WebRequestResult>
                    <WebRequestResult exceptionMessage="" run="0" submitted="true" cached="false" isRedirectFollow="false" requestBodyBytesHandle="-2" responseBytesHandle="99">
                      <Request url="http://localhost/industry/uploads/advertisement/1_LOGO%20TV%20THU%20NHO(8).jpg" command="GET /industry/uploads/advertisement/1_LOGO%20TV%20THU%20NHO(8).jpg HTTP/1.1" encoding="utf-8">
                        <Headers>Referer : http://localhost/industry/index.php?mod=login
User-Agent : Mozilla/4.0 (compatible; MSIE 7.0; Windows NT 5.1)
Accept : */*
Accept-Language : en-us
Accept-Encoding : GZIP
Host : localhost
Cookie : PHPSESSID=5a0b064b9e2796918842c00f72e52f69; mylang=vietnam
</Headers>
                      </Request>
                      <Response url="http://localhost/industry/uploads/advertisement/1_LOGO%20TV%20THU%20NHO(8).jpg" contentType="image/jpeg" statusLine="HTTP/1.1 200 OK" pageTime="NaN" time="0.015" statusCodeString="200 OK" contentLength="28277">
                        <Headers>Accept-Ranges : bytes
Content-Length : 28277
Content-Type : image/jpeg
Date : Tue, 23 Nov 2010 14:08:42 GMT
ETag : "5b8a9100-6e75-cf4d7f80"
Last-Modified : Thu, 16 Sep 2010 16:19:26 GMT
Server : Apache/2.2.4 (Win32) PHP/5.2.1
</Headers>
                      </Response>
                      <Context>
                        <Entry name="$TotalAgents" value="1" />
                        <Entry name="$ControllerName" value="ASUS" />
                        <Entry name="$AgentName" value="ASUS" />
                        <Entry name="$TestLogsDir" value="C:\Documents and Settings\ASUS X82Q SERIES\My Documents\Visual Studio 2008\Projects\TestProject\TestResults\ASUS X82Q SERIES_ASUS 2010-11-23 21_08_28\In\ASUS" />
                        <Entry name="$TestDeploymentDir" value="C:\Documents and Settings\ASUS X82Q SERIES\My Documents\Visual Studio 2008\Projects\TestProject\TestResults\ASUS X82Q SERIES_ASUS 2010-11-23 21_08_28\Out" />
                        <Entry name="$AgentId" value="1" />
                        <Entry name="$AgentLoadDistributor" value="Microsoft.VisualStudio.TestTools.Execution.AgentLoadDistributor" />
                        <Entry name="$TestDir" value="C:\Documents and Settings\ASUS X82Q SERIES\My Documents\Visual Studio 2008\Projects\TestProject\TestResults\ASUS X82Q SERIES_ASUS 2010-11-23 21_08_28" />
                        <Entry name="$AgentWeighting" value="100" />
                        <Entry name="$WebTestIteration" value="1" />
                        <Entry name="$WebTestUserId" value="1" />
                      </Context>
                    </WebRequestResult>
                    <WebRequestResult exceptionMessage="" run="0" submitted="true" cached="false" isRedirectFollow="false" requestBodyBytesHandle="-2" responseBytesHandle="100">
                      <Request url="http://localhost/industry/uploads/advertisement/slide4.jpg" command="GET /industry/uploads/advertisement/slide4.jpg HTTP/1.1" encoding="utf-8">
                        <Headers>Referer : http://localhost/industry/index.php?mod=login
User-Agent : Mozilla/4.0 (compatible; MSIE 7.0; Windows NT 5.1)
Accept : */*
Accept-Language : en-us
Accept-Encoding : GZIP
Host : localhost
Cookie : PHPSESSID=5a0b064b9e2796918842c00f72e52f69; mylang=vietnam
</Headers>
                      </Request>
                      <Response url="http://localhost/industry/uploads/advertisement/slide4.jpg" contentType="image/jpeg" statusLine="HTTP/1.1 200 OK" pageTime="NaN" time="0.01" statusCodeString="200 OK" contentLength="28790">
                        <Headers>Accept-Ranges : bytes
Content-Length : 28790
Content-Type : image/jpeg
Date : Tue, 23 Nov 2010 14:08:42 GMT
ETag : "5b8a9380-7076-93d8b80"
Last-Modified : Sun, 08 Aug 2010 05:18:54 GMT
Server : Apache/2.2.4 (Win32) PHP/5.2.1
</Headers>
                      </Response>
                      <Context>
                        <Entry name="$TotalAgents" value="1" />
                        <Entry name="$ControllerName" value="ASUS" />
                        <Entry name="$AgentName" value="ASUS" />
                        <Entry name="$TestLogsDir" value="C:\Documents and Settings\ASUS X82Q SERIES\My Documents\Visual Studio 2008\Projects\TestProject\TestResults\ASUS X82Q SERIES_ASUS 2010-11-23 21_08_28\In\ASUS" />
                        <Entry name="$TestDeploymentDir" value="C:\Documents and Settings\ASUS X82Q SERIES\My Documents\Visual Studio 2008\Projects\TestProject\TestResults\ASUS X82Q SERIES_ASUS 2010-11-23 21_08_28\Out" />
                        <Entry name="$AgentId" value="1" />
                        <Entry name="$AgentLoadDistributor" value="Microsoft.VisualStudio.TestTools.Execution.AgentLoadDistributor" />
                        <Entry name="$TestDir" value="C:\Documents and Settings\ASUS X82Q SERIES\My Documents\Visual Studio 2008\Projects\TestProject\TestResults\ASUS X82Q SERIES_ASUS 2010-11-23 21_08_28" />
                        <Entry name="$AgentWeighting" value="100" />
                        <Entry name="$WebTestIteration" value="1" />
                        <Entry name="$WebTestUserId" value="1" />
                      </Context>
                    </WebRequestResult>
                  </DependantResults>
                  <ValidationRuleResults>
                    <ValidationRuleResult message="Passed" ruleType="Validation" name="Response URL" />
                  </ValidationRuleResults>
                </WebRequestResult>
              </WebTestResultPage>
              <WebTestResultPage>
                <WebRequestResult exceptionMessage="" run="0" submitted="true" cached="false" isRedirectFollow="false" requestBodyBytesHandle="103" responseBytesHandle="107">
                  <Request url="http://localhost/industry/index.php?mod=login" command="POST /industry/index.php?mod=login HTTP/1.1" contentType="application/x-www-form-urlencoded" encoding="utf-8">
                    <Headers>User-Agent : Mozilla/4.0 (compatible; MSIE 7.0; Windows NT 5.1)
Accept : */*
Accept-Language : en-us
Accept-Encoding : GZIP
Content-Type : application/x-www-form-urlencoded
Host : localhost
Cookie : PHPSESSID=5a0b064b9e2796918842c00f72e52f69; mylang=vietnam
Content-Length : 81
Expect : 100-continue
</Headers>
                  </Request>
                  <Response url="http://localhost/industry/index.php?mod=login" contentType="text/html; charset=utf-8" statusLine="HTTP/1.1 200 OK" pageTime="0.505" time="0.287" statusCodeString="200 OK" contentLength="13479">
                    <Headers>Pragma : no-cache
Transfer-Encoding : chunked
Cache-Control : no-store, no-cache, must-revalidate, post-check=0, pre-check=0
Content-Type : text/html; charset:utf-8
Date : Tue, 23 Nov 2010 14:08:42 GMT
Expires : Thu, 19 Nov 1981 08:52:00 GMT
Set-Cookie : mylang=vietnam; expires=Tue, 30-Nov-2010 14:08:42 GMT; path=/
Server : Apache/2.2.4 (Win32) PHP/5.2.1
X-Powered-By : PHP/5.2.1
</Headers>
                  </Response>
                  <Context>
                    <Entry name="$TotalAgents" value="1" />
                    <Entry name="$ControllerName" value="ASUS" />
                    <Entry name="$AgentName" value="ASUS" />
                    <Entry name="$TestLogsDir" value="C:\Documents and Settings\ASUS X82Q SERIES\My Documents\Visual Studio 2008\Projects\TestProject\TestResults\ASUS X82Q SERIES_ASUS 2010-11-23 21_08_28\In\ASUS" />
                    <Entry name="$TestDeploymentDir" value="C:\Documents and Settings\ASUS X82Q SERIES\My Documents\Visual Studio 2008\Projects\TestProject\TestResults\ASUS X82Q SERIES_ASUS 2010-11-23 21_08_28\Out" />
                    <Entry name="$AgentId" value="1" />
                    <Entry name="$AgentLoadDistributor" value="Microsoft.VisualStudio.TestTools.Execution.AgentLoadDistributor" />
                    <Entry name="$TestDir" value="C:\Documents and Settings\ASUS X82Q SERIES\My Documents\Visual Studio 2008\Projects\TestProject\TestResults\ASUS X82Q SERIES_ASUS 2010-11-23 21_08_28" />
                    <Entry name="$AgentWeighting" value="100" />
                    <Entry name="$WebTestIteration" value="1" />
                    <Entry name="$WebTestUserId" value="1" />
                  </Context>
                  <DependantResults>
                    <WebRequestResult exceptionMessage="" run="0" submitted="true" cached="false" isRedirectFollow="false" requestBodyBytesHandle="-2" responseBytesHandle="2">
                      <Request url="http://localhost/industry/library/CSS/style_menu.css" command="GET /industry/library/CSS/style_menu.css HTTP/1.1" encoding="utf-8">
                        <Headers>Referer : http://localhost/industry/index.php?mod=login
User-Agent : Mozilla/4.0 (compatible; MSIE 7.0; Windows NT 5.1)
Accept : */*
Accept-Language : en-us
Accept-Encoding : GZIP
Host : localhost
Cookie : PHPSESSID=5a0b064b9e2796918842c00f72e52f69; mylang=vietnam
</Headers>
                      </Request>
                      <Response url="http://localhost/industry/library/CSS/style_menu.css" contentType="text/css" statusLine="HTTP/1.1 200 OK" pageTime="NaN" time="0.008" statusCodeString="200 OK" contentLength="1103">
                        <Headers>Accept-Ranges : bytes
Content-Length : 1103
Content-Type : text/css
Date : Tue, 23 Nov 2010 14:08:42 GMT
ETag : "641553c0-44f-9c443c00"
Last-Modified : Fri, 27 Aug 2010 12:54:08 GMT
Server : Apache/2.2.4 (Win32) PHP/5.2.1
</Headers>
                      </Response>
                      <Context>
                        <Entry name="$TotalAgents" value="1" />
                        <Entry name="$ControllerName" value="ASUS" />
                        <Entry name="$AgentName" value="ASUS" />
                        <Entry name="$TestLogsDir" value="C:\Documents and Settings\ASUS X82Q SERIES\My Documents\Visual Studio 2008\Projects\TestProject\TestResults\ASUS X82Q SERIES_ASUS 2010-11-23 21_08_28\In\ASUS" />
                        <Entry name="$TestDeploymentDir" value="C:\Documents and Settings\ASUS X82Q SERIES\My Documents\Visual Studio 2008\Projects\TestProject\TestResults\ASUS X82Q SERIES_ASUS 2010-11-23 21_08_28\Out" />
                        <Entry name="$AgentId" value="1" />
                        <Entry name="$AgentLoadDistributor" value="Microsoft.VisualStudio.TestTools.Execution.AgentLoadDistributor" />
                        <Entry name="$TestDir" value="C:\Documents and Settings\ASUS X82Q SERIES\My Documents\Visual Studio 2008\Projects\TestProject\TestResults\ASUS X82Q SERIES_ASUS 2010-11-23 21_08_28" />
                        <Entry name="$AgentWeighting" value="100" />
                        <Entry name="$WebTestIteration" value="1" />
                        <Entry name="$WebTestUserId" value="1" />
                      </Context>
                    </WebRequestResult>
                    <WebRequestResult exceptionMessage="" run="0" submitted="true" cached="false" isRedirectFollow="false" requestBodyBytesHandle="-2" responseBytesHandle="1">
                      <Request url="http://localhost/industry/library/CSS/style.css" command="GET /industry/library/CSS/style.css HTTP/1.1" encoding="utf-8">
                        <Headers>Referer : http://localhost/industry/index.php?mod=login
User-Agent : Mozilla/4.0 (compatible; MSIE 7.0; Windows NT 5.1)
Accept : */*
Accept-Language : en-us
Accept-Encoding : GZIP
Host : localhost
Cookie : PHPSESSID=5a0b064b9e2796918842c00f72e52f69; mylang=vietnam
</Headers>
                      </Request>
                      <Response url="http://localhost/industry/library/CSS/style.css" contentType="text/css" statusLine="HTTP/1.1 200 OK" pageTime="NaN" time="0.009" statusCodeString="200 OK" contentLength="9991">
                        <Headers>Accept-Ranges : bytes
Content-Length : 9991
Content-Type : text/css
Date : Tue, 23 Nov 2010 14:08:42 GMT
ETag : "64155240-2707-e0400a80"
Last-Modified : Fri, 24 Sep 2010 18:52:10 GMT
Server : Apache/2.2.4 (Win32) PHP/5.2.1
</Headers>
                      </Response>
                      <Context>
                        <Entry name="$TotalAgents" value="1" />
                        <Entry name="$ControllerName" value="ASUS" />
                        <Entry name="$AgentName" value="ASUS" />
                        <Entry name="$TestLogsDir" value="C:\Documents and Settings\ASUS X82Q SERIES\My Documents\Visual Studio 2008\Projects\TestProject\TestResults\ASUS X82Q SERIES_ASUS 2010-11-23 21_08_28\In\ASUS" />
                        <Entry name="$TestDeploymentDir" value="C:\Documents and Settings\ASUS X82Q SERIES\My Documents\Visual Studio 2008\Projects\TestProject\TestResults\ASUS X82Q SERIES_ASUS 2010-11-23 21_08_28\Out" />
                        <Entry name="$AgentId" value="1" />
                        <Entry name="$AgentLoadDistributor" value="Microsoft.VisualStudio.TestTools.Execution.AgentLoadDistributor" />
                        <Entry name="$TestDir" value="C:\Documents and Settings\ASUS X82Q SERIES\My Documents\Visual Studio 2008\Projects\TestProject\TestResults\ASUS X82Q SERIES_ASUS 2010-11-23 21_08_28" />
                        <Entry name="$AgentWeighting" value="100" />
                        <Entry name="$WebTestIteration" value="1" />
                        <Entry name="$WebTestUserId" value="1" />
                      </Context>
                    </WebRequestResult>
                    <WebRequestResult exceptionMessage="" run="0" submitted="true" cached="false" isRedirectFollow="false" requestBodyBytesHandle="-2" responseBytesHandle="4">
                      <Request url="http://localhost/industry/library/CSS/style_contac.css" command="GET /industry/library/CSS/style_contac.css HTTP/1.1" encoding="utf-8">
                        <Headers>Referer : http://localhost/industry/index.php?mod=login
User-Agent : Mozilla/4.0 (compatible; MSIE 7.0; Windows NT 5.1)
Accept : */*
Accept-Language : en-us
Accept-Encoding : GZIP
Host : localhost
Cookie : PHPSESSID=5a0b064b9e2796918842c00f72e52f69; mylang=vietnam
</Headers>
                      </Request>
                      <Response url="http://localhost/industry/library/CSS/style_contac.css" contentType="text/css" statusLine="HTTP/1.1 200 OK" pageTime="NaN" time="0.007" statusCodeString="200 OK" contentLength="2894">
                        <Headers>Accept-Ranges : bytes
Content-Length : 2894
Content-Type : text/css
Date : Tue, 23 Nov 2010 14:08:42 GMT
ETag : "64155300-b4e-b11efc00"
Last-Modified : Sun, 19 Sep 2010 03:50:08 GMT
Server : Apache/2.2.4 (Win32) PHP/5.2.1
</Headers>
                      </Response>
                      <Context>
                        <Entry name="$TotalAgents" value="1" />
                        <Entry name="$ControllerName" value="ASUS" />
                        <Entry name="$AgentName" value="ASUS" />
                        <Entry name="$TestLogsDir" value="C:\Documents and Settings\ASUS X82Q SERIES\My Documents\Visual Studio 2008\Projects\TestProject\TestResults\ASUS X82Q SERIES_ASUS 2010-11-23 21_08_28\In\ASUS" />
                        <Entry name="$TestDeploymentDir" value="C:\Documents and Settings\ASUS X82Q SERIES\My Documents\Visual Studio 2008\Projects\TestProject\TestResults\ASUS X82Q SERIES_ASUS 2010-11-23 21_08_28\Out" />
                        <Entry name="$AgentId" value="1" />
                        <Entry name="$AgentLoadDistributor" value="Microsoft.VisualStudio.TestTools.Execution.AgentLoadDistributor" />
                        <Entry name="$TestDir" value="C:\Documents and Settings\ASUS X82Q SERIES\My Documents\Visual Studio 2008\Projects\TestProject\TestResults\ASUS X82Q SERIES_ASUS 2010-11-23 21_08_28" />
                        <Entry name="$AgentWeighting" value="100" />
                        <Entry name="$WebTestIteration" value="1" />
                        <Entry name="$WebTestUserId" value="1" />
                      </Context>
                    </WebRequestResult>
                    <WebRequestResult exceptionMessage="" run="0" submitted="true" cached="false" isRedirectFollow="false" requestBodyBytesHandle="-2" responseBytesHandle="3">
                      <Request url="http://localhost/industry/library/CSS/style_menu_stand.css" command="GET /industry/library/CSS/style_menu_stand.css HTTP/1.1" encoding="utf-8">
                        <Headers>Referer : http://localhost/industry/index.php?mod=login
User-Agent : Mozilla/4.0 (compatible; MSIE 7.0; Windows NT 5.1)
Accept : */*
Accept-Language : en-us
Accept-Encoding : GZIP
Host : localhost
Cookie : PHPSESSID=5a0b064b9e2796918842c00f72e52f69; mylang=vietnam
</Headers>
                      </Request>
                      <Response url="http://localhost/industry/library/CSS/style_menu_stand.css" contentType="text/css" statusLine="HTTP/1.1 200 OK" pageTime="NaN" time="0.006" statusCodeString="200 OK" contentLength="3617">
                        <Headers>Accept-Ranges : bytes
Content-Length : 3617
Content-Type : text/css
Date : Tue, 23 Nov 2010 14:08:42 GMT
ETag : "64155480-e21-2d19c900"
Last-Modified : Wed, 08 Sep 2010 14:17:40 GMT
Server : Apache/2.2.4 (Win32) PHP/5.2.1
</Headers>
                      </Response>
                      <Context>
                        <Entry name="$TotalAgents" value="1" />
                        <Entry name="$ControllerName" value="ASUS" />
                        <Entry name="$AgentName" value="ASUS" />
                        <Entry name="$TestLogsDir" value="C:\Documents and Settings\ASUS X82Q SERIES\My Documents\Visual Studio 2008\Projects\TestProject\TestResults\ASUS X82Q SERIES_ASUS 2010-11-23 21_08_28\In\ASUS" />
                        <Entry name="$TestDeploymentDir" value="C:\Documents and Settings\ASUS X82Q SERIES\My Documents\Visual Studio 2008\Projects\TestProject\TestResults\ASUS X82Q SERIES_ASUS 2010-11-23 21_08_28\Out" />
                        <Entry name="$AgentId" value="1" />
                        <Entry name="$AgentLoadDistributor" value="Microsoft.VisualStudio.TestTools.Execution.AgentLoadDistributor" />
                        <Entry name="$TestDir" value="C:\Documents and Settings\ASUS X82Q SERIES\My Documents\Visual Studio 2008\Projects\TestProject\TestResults\ASUS X82Q SERIES_ASUS 2010-11-23 21_08_28" />
                        <Entry name="$AgentWeighting" value="100" />
                        <Entry name="$WebTestIteration" value="1" />
                        <Entry name="$WebTestUserId" value="1" />
                      </Context>
                    </WebRequestResult>
                    <WebRequestResult exceptionMessage="" run="0" submitted="true" cached="false" isRedirectFollow="false" requestBodyBytesHandle="-2" responseBytesHandle="5">
                      <Request url="http://localhost/industry/library/css/dddropdownpanel.css" command="GET /industry/library/css/dddropdownpanel.css HTTP/1.1" encoding="utf-8">
                        <Headers>Referer : http://localhost/industry/index.php?mod=login
User-Agent : Mozilla/4.0 (compatible; MSIE 7.0; Windows NT 5.1)
Accept : */*
Accept-Language : en-us
Accept-Encoding : GZIP
Host : localhost
Cookie : PHPSESSID=5a0b064b9e2796918842c00f72e52f69; mylang=vietnam
</Headers>
                      </Request>
                      <Response url="http://localhost/industry/library/css/dddropdownpanel.css" contentType="text/css" statusLine="HTTP/1.1 200 OK" pageTime="NaN" time="0.007" statusCodeString="200 OK" contentLength="1348">
                        <Headers>Accept-Ranges : bytes
Content-Length : 1348
Content-Type : text/css
Date : Tue, 23 Nov 2010 14:08:42 GMT
ETag : "64155140-544-6b422680"
Last-Modified : Tue, 31 Aug 2010 18:04:58 GMT
Server : Apache/2.2.4 (Win32) PHP/5.2.1
</Headers>
                      </Response>
                      <Context>
                        <Entry name="$TotalAgents" value="1" />
                        <Entry name="$ControllerName" value="ASUS" />
                        <Entry name="$AgentName" value="ASUS" />
                        <Entry name="$TestLogsDir" value="C:\Documents and Settings\ASUS X82Q SERIES\My Documents\Visual Studio 2008\Projects\TestProject\TestResults\ASUS X82Q SERIES_ASUS 2010-11-23 21_08_28\In\ASUS" />
                        <Entry name="$TestDeploymentDir" value="C:\Documents and Settings\ASUS X82Q SERIES\My Documents\Visual Studio 2008\Projects\TestProject\TestResults\ASUS X82Q SERIES_ASUS 2010-11-23 21_08_28\Out" />
                        <Entry name="$AgentId" value="1" />
                        <Entry name="$AgentLoadDistributor" value="Microsoft.VisualStudio.TestTools.Execution.AgentLoadDistributor" />
                        <Entry name="$TestDir" value="C:\Documents and Settings\ASUS X82Q SERIES\My Documents\Visual Studio 2008\Projects\TestProject\TestResults\ASUS X82Q SERIES_ASUS 2010-11-23 21_08_28" />
                        <Entry name="$AgentWeighting" value="100" />
                        <Entry name="$WebTestIteration" value="1" />
                        <Entry name="$WebTestUserId" value="1" />
                      </Context>
                    </WebRequestResult>
                    <WebRequestResult exceptionMessage="" run="0" submitted="true" cached="false" isRedirectFollow="false" requestBodyBytesHandle="-2" responseBytesHandle="6">
                      <Request url="http://localhost/industry/SpryAssets/SpryTabbedPanels.css" command="GET /industry/SpryAssets/SpryTabbedPanels.css HTTP/1.1" encoding="utf-8">
                        <Headers>Referer : http://localhost/industry/index.php?mod=login
User-Agent : Mozilla/4.0 (compatible; MSIE 7.0; Windows NT 5.1)
Accept : */*
Accept-Language : en-us
Accept-Encoding : GZIP
Host : localhost
Cookie : PHPSESSID=5a0b064b9e2796918842c00f72e52f69; mylang=vietnam
</Headers>
                      </Request>
                      <Response url="http://localhost/industry/SpryAssets/SpryTabbedPanels.css" contentType="text/css" statusLine="HTTP/1.1 200 OK" pageTime="NaN" time="0.008" statusCodeString="200 OK" contentLength="8136">
                        <Headers>Accept-Ranges : bytes
Content-Length : 8136
Content-Type : text/css
Date : Tue, 23 Nov 2010 14:08:42 GMT
ETag : "4e599080-1fc8-9b0fe900"
Last-Modified : Thu, 02 Sep 2010 07:17:24 GMT
Server : Apache/2.2.4 (Win32) PHP/5.2.1
</Headers>
                      </Response>
                      <Context>
                        <Entry name="$TotalAgents" value="1" />
                        <Entry name="$ControllerName" value="ASUS" />
                        <Entry name="$AgentName" value="ASUS" />
                        <Entry name="$TestLogsDir" value="C:\Documents and Settings\ASUS X82Q SERIES\My Documents\Visual Studio 2008\Projects\TestProject\TestResults\ASUS X82Q SERIES_ASUS 2010-11-23 21_08_28\In\ASUS" />
                        <Entry name="$TestDeploymentDir" value="C:\Documents and Settings\ASUS X82Q SERIES\My Documents\Visual Studio 2008\Projects\TestProject\TestResults\ASUS X82Q SERIES_ASUS 2010-11-23 21_08_28\Out" />
                        <Entry name="$AgentId" value="1" />
                        <Entry name="$AgentLoadDistributor" value="Microsoft.VisualStudio.TestTools.Execution.AgentLoadDistributor" />
                        <Entry name="$TestDir" value="C:\Documents and Settings\ASUS X82Q SERIES\My Documents\Visual Studio 2008\Projects\TestProject\TestResults\ASUS X82Q SERIES_ASUS 2010-11-23 21_08_28" />
                        <Entry name="$AgentWeighting" value="100" />
                        <Entry name="$WebTestIteration" value="1" />
                        <Entry name="$WebTestUserId" value="1" />
                      </Context>
                    </WebRequestResult>
                    <WebRequestResult exceptionMessage="" run="0" submitted="true" cached="false" isRedirectFollow="false" requestBodyBytesHandle="-2" responseBytesHandle="7">
                      <Request url="http://localhost/industry/library/js/dddropdownpanel.js" command="GET /industry/library/js/dddropdownpanel.js HTTP/1.1" encoding="utf-8">
                        <Headers>Referer : http://localhost/industry/index.php?mod=login
User-Agent : Mozilla/4.0 (compatible; MSIE 7.0; Windows NT 5.1)
Accept : */*
Accept-Language : en-us
Accept-Encoding : GZIP
Host : localhost
Cookie : PHPSESSID=5a0b064b9e2796918842c00f72e52f69; mylang=vietnam
</Headers>
                      </Request>
                      <Response url="http://localhost/industry/library/js/dddropdownpanel.js" contentType="application/x-javascript" statusLine="HTTP/1.1 200 OK" pageTime="NaN" time="0.019" statusCodeString="200 OK" contentLength="7251">
                        <Headers>X-Pad : avoid browser bug
Accept-Ranges : bytes
Content-Length : 7251
Content-Type : application/x-javascript
Date : Tue, 23 Nov 2010 14:08:42 GMT
ETag : "640c10e0-1c53-5a3f7180"
Last-Modified : Sat, 18 Sep 2010 09:32:06 GMT
Server : Apache/2.2.4 (Win32) PHP/5.2.1
</Headers>
                      </Response>
                      <Context>
                        <Entry name="$TotalAgents" value="1" />
                        <Entry name="$ControllerName" value="ASUS" />
                        <Entry name="$AgentName" value="ASUS" />
                        <Entry name="$TestLogsDir" value="C:\Documents and Settings\ASUS X82Q SERIES\My Documents\Visual Studio 2008\Projects\TestProject\TestResults\ASUS X82Q SERIES_ASUS 2010-11-23 21_08_28\In\ASUS" />
                        <Entry name="$TestDeploymentDir" value="C:\Documents and Settings\ASUS X82Q SERIES\My Documents\Visual Studio 2008\Projects\TestProject\TestResults\ASUS X82Q SERIES_ASUS 2010-11-23 21_08_28\Out" />
                        <Entry name="$AgentId" value="1" />
                        <Entry name="$AgentLoadDistributor" value="Microsoft.VisualStudio.TestTools.Execution.AgentLoadDistributor" />
                        <Entry name="$TestDir" value="C:\Documents and Settings\ASUS X82Q SERIES\My Documents\Visual Studio 2008\Projects\TestProject\TestResults\ASUS X82Q SERIES_ASUS 2010-11-23 21_08_28" />
                        <Entry name="$AgentWeighting" value="100" />
                        <Entry name="$WebTestIteration" value="1" />
                        <Entry name="$WebTestUserId" value="1" />
                      </Context>
                    </WebRequestResult>
                    <WebRequestResult exceptionMessage="" run="0" submitted="true" cached="false" isRedirectFollow="false" requestBodyBytesHandle="-2" responseBytesHandle="8">
                      <Request url="http://localhost/industry/library/js/script.js" command="GET /industry/library/js/script.js HTTP/1.1" encoding="utf-8">
                        <Headers>Referer : http://localhost/industry/index.php?mod=login
User-Agent : Mozilla/4.0 (compatible; MSIE 7.0; Windows NT 5.1)
Accept : */*
Accept-Language : en-us
Accept-Encoding : GZIP
Host : localhost
Cookie : PHPSESSID=5a0b064b9e2796918842c00f72e52f69; mylang=vietnam
</Headers>
                      </Request>
                      <Response url="http://localhost/industry/library/js/script.js" contentType="application/x-javascript" statusLine="HTTP/1.1 200 OK" pageTime="NaN" time="0.005" statusCodeString="200 OK" contentLength="403">
                        <Headers>Accept-Ranges : bytes
Content-Length : 403
Content-Type : application/x-javascript
Date : Tue, 23 Nov 2010 14:08:42 GMT
ETag : "640c1340-193-56ac8480"
Last-Modified : Tue, 27 Jul 2010 06:09:06 GMT
Server : Apache/2.2.4 (Win32) PHP/5.2.1
</Headers>
                      </Response>
                      <Context>
                        <Entry name="$TotalAgents" value="1" />
                        <Entry name="$ControllerName" value="ASUS" />
                        <Entry name="$AgentName" value="ASUS" />
                        <Entry name="$TestLogsDir" value="C:\Documents and Settings\ASUS X82Q SERIES\My Documents\Visual Studio 2008\Projects\TestProject\TestResults\ASUS X82Q SERIES_ASUS 2010-11-23 21_08_28\In\ASUS" />
                        <Entry name="$TestDeploymentDir" value="C:\Documents and Settings\ASUS X82Q SERIES\My Documents\Visual Studio 2008\Projects\TestProject\TestResults\ASUS X82Q SERIES_ASUS 2010-11-23 21_08_28\Out" />
                        <Entry name="$AgentId" value="1" />
                        <Entry name="$AgentLoadDistributor" value="Microsoft.VisualStudio.TestTools.Execution.AgentLoadDistributor" />
                        <Entry name="$TestDir" value="C:\Documents and Settings\ASUS X82Q SERIES\My Documents\Visual Studio 2008\Projects\TestProject\TestResults\ASUS X82Q SERIES_ASUS 2010-11-23 21_08_28" />
                        <Entry name="$AgentWeighting" value="100" />
                        <Entry name="$WebTestIteration" value="1" />
                        <Entry name="$WebTestUserId" value="1" />
                      </Context>
                    </WebRequestResult>
                    <WebRequestResult exceptionMessage="" run="0" submitted="true" cached="false" isRedirectFollow="false" requestBodyBytesHandle="-2" responseBytesHandle="9">
                      <Request url="http://localhost/industry/library/js/jquery.dropdown.js" command="GET /industry/library/js/jquery.dropdown.js HTTP/1.1" encoding="utf-8">
                        <Headers>Referer : http://localhost/industry/index.php?mod=login
User-Agent : Mozilla/4.0 (compatible; MSIE 7.0; Windows NT 5.1)
Accept : */*
Accept-Language : en-us
Accept-Encoding : GZIP
Host : localhost
Cookie : PHPSESSID=5a0b064b9e2796918842c00f72e52f69; mylang=vietnam
</Headers>
                      </Request>
                      <Response url="http://localhost/industry/library/js/jquery.dropdown.js" contentType="application/x-javascript" statusLine="HTTP/1.1 200 OK" pageTime="NaN" time="0.006" statusCodeString="200 OK" contentLength="387">
                        <Headers>Accept-Ranges : bytes
Content-Length : 387
Content-Type : application/x-javascript
Date : Tue, 23 Nov 2010 14:08:42 GMT
ETag : "640c11a0-183-835d2100"
Last-Modified : Mon, 08 Jun 2009 11:26:28 GMT
Server : Apache/2.2.4 (Win32) PHP/5.2.1
</Headers>
                      </Response>
                      <Context>
                        <Entry name="$TotalAgents" value="1" />
                        <Entry name="$ControllerName" value="ASUS" />
                        <Entry name="$AgentName" value="ASUS" />
                        <Entry name="$TestLogsDir" value="C:\Documents and Settings\ASUS X82Q SERIES\My Documents\Visual Studio 2008\Projects\TestProject\TestResults\ASUS X82Q SERIES_ASUS 2010-11-23 21_08_28\In\ASUS" />
                        <Entry name="$TestDeploymentDir" value="C:\Documents and Settings\ASUS X82Q SERIES\My Documents\Visual Studio 2008\Projects\TestProject\TestResults\ASUS X82Q SERIES_ASUS 2010-11-23 21_08_28\Out" />
                        <Entry name="$AgentId" value="1" />
                        <Entry name="$AgentLoadDistributor" value="Microsoft.VisualStudio.TestTools.Execution.AgentLoadDistributor" />
                        <Entry name="$TestDir" value="C:\Documents and Settings\ASUS X82Q SERIES\My Documents\Visual Studio 2008\Projects\TestProject\TestResults\ASUS X82Q SERIES_ASUS 2010-11-23 21_08_28" />
                        <Entry name="$AgentWeighting" value="100" />
                        <Entry name="$WebTestIteration" value="1" />
                        <Entry name="$WebTestUserId" value="1" />
                      </Context>
                    </WebRequestResult>
                    <WebRequestResult exceptionMessage="" run="0" submitted="true" cached="false" isRedirectFollow="false" requestBodyBytesHandle="-2" responseBytesHandle="10">
                      <Request url="http://localhost/industry/SpryAssets/SpryTabbedPanels.js" command="GET /industry/SpryAssets/SpryTabbedPanels.js HTTP/1.1" encoding="utf-8">
                        <Headers>Referer : http://localhost/industry/index.php?mod=login
User-Agent : Mozilla/4.0 (compatible; MSIE 7.0; Windows NT 5.1)
Accept : */*
Accept-Language : en-us
Accept-Encoding : GZIP
Host : localhost
Cookie : PHPSESSID=5a0b064b9e2796918842c00f72e52f69; mylang=vietnam
</Headers>
                      </Request>
                      <Response url="http://localhost/industry/SpryAssets/SpryTabbedPanels.js" contentType="application/x-javascript" statusLine="HTTP/1.1 200 OK" pageTime="NaN" time="0.026" statusCodeString="200 OK" contentLength="10941">
                        <Headers>X-Pad : avoid browser bug
Accept-Ranges : bytes
Content-Length : 10941
Content-Type : application/x-javascript
Date : Tue, 23 Nov 2010 14:08:42 GMT
ETag : "4e5990e0-2abd-57842300"
Last-Modified : Tue, 27 Jul 2010 10:55:40 GMT
Server : Apache/2.2.4 (Win32) PHP/5.2.1
</Headers>
                      </Response>
                      <Context>
                        <Entry name="$TotalAgents" value="1" />
                        <Entry name="$ControllerName" value="ASUS" />
                        <Entry name="$AgentName" value="ASUS" />
                        <Entry name="$TestLogsDir" value="C:\Documents and Settings\ASUS X82Q SERIES\My Documents\Visual Studio 2008\Projects\TestProject\TestResults\ASUS X82Q SERIES_ASUS 2010-11-23 21_08_28\In\ASUS" />
                        <Entry name="$TestDeploymentDir" value="C:\Documents and Settings\ASUS X82Q SERIES\My Documents\Visual Studio 2008\Projects\TestProject\TestResults\ASUS X82Q SERIES_ASUS 2010-11-23 21_08_28\Out" />
                        <Entry name="$AgentId" value="1" />
                        <Entry name="$AgentLoadDistributor" value="Microsoft.VisualStudio.TestTools.Execution.AgentLoadDistributor" />
                        <Entry name="$TestDir" value="C:\Documents and Settings\ASUS X82Q SERIES\My Documents\Visual Studio 2008\Projects\TestProject\TestResults\ASUS X82Q SERIES_ASUS 2010-11-23 21_08_28" />
                        <Entry name="$AgentWeighting" value="100" />
                        <Entry name="$WebTestIteration" value="1" />
                        <Entry name="$WebTestUserId" value="1" />
                      </Context>
                    </WebRequestResult>
                    <WebRequestResult exceptionMessage="" run="0" submitted="true" cached="false" isRedirectFollow="false" requestBodyBytesHandle="-2" responseBytesHandle="11">
                      <Request url="http://localhost/industry/library/js/jquery_menu.js" command="GET /industry/library/js/jquery_menu.js HTTP/1.1" encoding="utf-8">
                        <Headers>Referer : http://localhost/industry/index.php?mod=login
User-Agent : Mozilla/4.0 (compatible; MSIE 7.0; Windows NT 5.1)
Accept : */*
Accept-Language : en-us
Accept-Encoding : GZIP
Host : localhost
Cookie : PHPSESSID=5a0b064b9e2796918842c00f72e52f69; mylang=vietnam
</Headers>
                      </Request>
                      <Response url="http://localhost/industry/library/js/jquery_menu.js" contentType="application/x-javascript" statusLine="HTTP/1.1 200 OK" pageTime="NaN" time="0.065" statusCodeString="200 OK" contentLength="57170">
                        <Headers>X-Pad : avoid browser bug
Accept-Ranges : bytes
Content-Length : 57170
Content-Type : application/x-javascript
Date : Tue, 23 Nov 2010 14:08:42 GMT
ETag : "640c1260-df52-984af280"
Last-Modified : Tue, 27 Jul 2010 02:52:42 GMT
Server : Apache/2.2.4 (Win32) PHP/5.2.1
</Headers>
                      </Response>
                      <Context>
                        <Entry name="$TotalAgents" value="1" />
                        <Entry name="$ControllerName" value="ASUS" />
                        <Entry name="$AgentName" value="ASUS" />
                        <Entry name="$TestLogsDir" value="C:\Documents and Settings\ASUS X82Q SERIES\My Documents\Visual Studio 2008\Projects\TestProject\TestResults\ASUS X82Q SERIES_ASUS 2010-11-23 21_08_28\In\ASUS" />
                        <Entry name="$TestDeploymentDir" value="C:\Documents and Settings\ASUS X82Q SERIES\My Documents\Visual Studio 2008\Projects\TestProject\TestResults\ASUS X82Q SERIES_ASUS 2010-11-23 21_08_28\Out" />
                        <Entry name="$AgentId" value="1" />
                        <Entry name="$AgentLoadDistributor" value="Microsoft.VisualStudio.TestTools.Execution.AgentLoadDistributor" />
                        <Entry name="$TestDir" value="C:\Documents and Settings\ASUS X82Q SERIES\My Documents\Visual Studio 2008\Projects\TestProject\TestResults\ASUS X82Q SERIES_ASUS 2010-11-23 21_08_28" />
                        <Entry name="$AgentWeighting" value="100" />
                        <Entry name="$WebTestIteration" value="1" />
                        <Entry name="$WebTestUserId" value="1" />
                      </Context>
                    </WebRequestResult>
                    <WebRequestResult exceptionMessage="" run="0" submitted="true" cached="false" isRedirectFollow="false" requestBodyBytesHandle="-2" responseBytesHandle="15">
                      <Request url="http://localhost/industry/interface/search.jpg" command="GET /industry/interface/search.jpg HTTP/1.1" encoding="utf-8">
                        <Headers>Referer : http://localhost/industry/index.php?mod=login
User-Agent : Mozilla/4.0 (compatible; MSIE 7.0; Windows NT 5.1)
Accept : */*
Accept-Language : en-us
Accept-Encoding : GZIP
Host : localhost
Cookie : PHPSESSID=5a0b064b9e2796918842c00f72e52f69; mylang=vietnam
</Headers>
                      </Request>
                      <Response url="http://localhost/industry/interface/search.jpg" contentType="image/jpeg" statusLine="HTTP/1.1 200 OK" pageTime="NaN" time="0.004" statusCodeString="200 OK" contentLength="1525">
                        <Headers>Accept-Ranges : bytes
Content-Length : 1525
Content-Type : image/jpeg
Date : Tue, 23 Nov 2010 14:08:42 GMT
ETag : "63f09960-5f5-160fc780"
Last-Modified : Sun, 25 Jul 2010 16:51:58 GMT
Server : Apache/2.2.4 (Win32) PHP/5.2.1
</Headers>
                      </Response>
                      <Context>
                        <Entry name="$TotalAgents" value="1" />
                        <Entry name="$ControllerName" value="ASUS" />
                        <Entry name="$AgentName" value="ASUS" />
                        <Entry name="$TestLogsDir" value="C:\Documents and Settings\ASUS X82Q SERIES\My Documents\Visual Studio 2008\Projects\TestProject\TestResults\ASUS X82Q SERIES_ASUS 2010-11-23 21_08_28\In\ASUS" />
                        <Entry name="$TestDeploymentDir" value="C:\Documents and Settings\ASUS X82Q SERIES\My Documents\Visual Studio 2008\Projects\TestProject\TestResults\ASUS X82Q SERIES_ASUS 2010-11-23 21_08_28\Out" />
                        <Entry name="$AgentId" value="1" />
                        <Entry name="$AgentLoadDistributor" value="Microsoft.VisualStudio.TestTools.Execution.AgentLoadDistributor" />
                        <Entry name="$TestDir" value="C:\Documents and Settings\ASUS X82Q SERIES\My Documents\Visual Studio 2008\Projects\TestProject\TestResults\ASUS X82Q SERIES_ASUS 2010-11-23 21_08_28" />
                        <Entry name="$AgentWeighting" value="100" />
                        <Entry name="$WebTestIteration" value="1" />
                        <Entry name="$WebTestUserId" value="1" />
                      </Context>
                    </WebRequestResult>
                    <WebRequestResult exceptionMessage="" run="0" submitted="true" cached="false" isRedirectFollow="false" requestBodyBytesHandle="-2" responseBytesHandle="87">
                      <Request url="http://localhost/industry/includes/skins/mxkollection3.css" command="GET /industry/includes/skins/mxkollection3.css HTTP/1.1" encoding="utf-8">
                        <Headers>Referer : http://localhost/industry/index.php?mod=login
User-Agent : Mozilla/4.0 (compatible; MSIE 7.0; Windows NT 5.1)
Accept : */*
Accept-Language : en-us
Accept-Encoding : GZIP
Host : localhost
Cookie : PHPSESSID=5a0b064b9e2796918842c00f72e52f69; mylang=vietnam
</Headers>
                      </Request>
                      <Response url="http://localhost/industry/includes/skins/mxkollection3.css" contentType="text/css" statusLine="HTTP/1.1 200 OK" pageTime="NaN" time="0.005" statusCodeString="200 OK" contentLength="621">
                        <Headers>Accept-Ranges : bytes
Content-Length : 621
Content-Type : text/css
Date : Tue, 23 Nov 2010 14:08:42 GMT
ETag : "633bd0a0-26d-2d53ec80"
Last-Modified : Wed, 25 Aug 2010 15:02:58 GMT
Server : Apache/2.2.4 (Win32) PHP/5.2.1
</Headers>
                      </Response>
                      <Context>
                        <Entry name="$TotalAgents" value="1" />
                        <Entry name="$ControllerName" value="ASUS" />
                        <Entry name="$AgentName" value="ASUS" />
                        <Entry name="$TestLogsDir" value="C:\Documents and Settings\ASUS X82Q SERIES\My Documents\Visual Studio 2008\Projects\TestProject\TestResults\ASUS X82Q SERIES_ASUS 2010-11-23 21_08_28\In\ASUS" />
                        <Entry name="$TestDeploymentDir" value="C:\Documents and Settings\ASUS X82Q SERIES\My Documents\Visual Studio 2008\Projects\TestProject\TestResults\ASUS X82Q SERIES_ASUS 2010-11-23 21_08_28\Out" />
                        <Entry name="$AgentId" value="1" />
                        <Entry name="$AgentLoadDistributor" value="Microsoft.VisualStudio.TestTools.Execution.AgentLoadDistributor" />
                        <Entry name="$TestDir" value="C:\Documents and Settings\ASUS X82Q SERIES\My Documents\Visual Studio 2008\Projects\TestProject\TestResults\ASUS X82Q SERIES_ASUS 2010-11-23 21_08_28" />
                        <Entry name="$AgentWeighting" value="100" />
                        <Entry name="$WebTestIteration" value="1" />
                        <Entry name="$WebTestUserId" value="1" />
                      </Context>
                    </WebRequestResult>
                    <WebRequestResult exceptionMessage="" run="0" submitted="true" cached="false" isRedirectFollow="false" requestBodyBytesHandle="-2" responseBytesHandle="12">
                      <Request url="http://localhost/industry/library/js/rainbow.js" command="GET /industry/library/js/rainbow.js HTTP/1.1" encoding="utf-8">
                        <Headers>Referer : http://localhost/industry/index.php?mod=login
User-Agent : Mozilla/4.0 (compatible; MSIE 7.0; Windows NT 5.1)
Accept : */*
Accept-Language : en-us
Accept-Encoding : GZIP
Host : localhost
Cookie : PHPSESSID=5a0b064b9e2796918842c00f72e52f69; mylang=vietnam
</Headers>
                      </Request>
                      <Response url="http://localhost/industry/library/js/rainbow.js" contentType="application/x-javascript" statusLine="HTTP/1.1 200 OK" pageTime="NaN" time="0.018" statusCodeString="200 OK" contentLength="7776">
                        <Headers>X-Pad : avoid browser bug
Accept-Ranges : bytes
Content-Length : 7776
Content-Type : application/x-javascript
Date : Tue, 23 Nov 2010 14:08:42 GMT
ETag : "640c1320-1e60-a3ab8780"
Last-Modified : Sun, 29 Aug 2010 09:04:46 GMT
Server : Apache/2.2.4 (Win32) PHP/5.2.1
</Headers>
                      </Response>
                      <Context>
                        <Entry name="$TotalAgents" value="1" />
                        <Entry name="$ControllerName" value="ASUS" />
                        <Entry name="$AgentName" value="ASUS" />
                        <Entry name="$TestLogsDir" value="C:\Documents and Settings\ASUS X82Q SERIES\My Documents\Visual Studio 2008\Projects\TestProject\TestResults\ASUS X82Q SERIES_ASUS 2010-11-23 21_08_28\In\ASUS" />
                        <Entry name="$TestDeploymentDir" value="C:\Documents and Settings\ASUS X82Q SERIES\My Documents\Visual Studio 2008\Projects\TestProject\TestResults\ASUS X82Q SERIES_ASUS 2010-11-23 21_08_28\Out" />
                        <Entry name="$AgentId" value="1" />
                        <Entry name="$AgentLoadDistributor" value="Microsoft.VisualStudio.TestTools.Execution.AgentLoadDistributor" />
                        <Entry name="$TestDir" value="C:\Documents and Settings\ASUS X82Q SERIES\My Documents\Visual Studio 2008\Projects\TestProject\TestResults\ASUS X82Q SERIES_ASUS 2010-11-23 21_08_28" />
                        <Entry name="$AgentWeighting" value="100" />
                        <Entry name="$WebTestIteration" value="1" />
                        <Entry name="$WebTestUserId" value="1" />
                      </Context>
                    </WebRequestResult>
                    <WebRequestResult exceptionMessage="" run="0" submitted="true" cached="false" isRedirectFollow="false" requestBodyBytesHandle="-2" responseBytesHandle="1">
                      <Request url="http://localhost/industry/library/css/style.css" command="GET /industry/library/css/style.css HTTP/1.1" encoding="utf-8">
                        <Headers>Referer : http://localhost/industry/index.php?mod=login
User-Agent : Mozilla/4.0 (compatible; MSIE 7.0; Windows NT 5.1)
Accept : */*
Accept-Language : en-us
Accept-Encoding : GZIP
Host : localhost
Cookie : PHPSESSID=5a0b064b9e2796918842c00f72e52f69; mylang=vietnam
</Headers>
                      </Request>
                      <Response url="http://localhost/industry/library/css/style.css" contentType="text/css" statusLine="HTTP/1.1 200 OK" pageTime="NaN" time="0.008" statusCodeString="200 OK" contentLength="9991">
                        <Headers>Accept-Ranges : bytes
Content-Length : 9991
Content-Type : text/css
Date : Tue, 23 Nov 2010 14:08:42 GMT
ETag : "64155240-2707-e0400a80"
Last-Modified : Fri, 24 Sep 2010 18:52:10 GMT
Server : Apache/2.2.4 (Win32) PHP/5.2.1
</Headers>
                      </Response>
                      <Context>
                        <Entry name="$TotalAgents" value="1" />
                        <Entry name="$ControllerName" value="ASUS" />
                        <Entry name="$AgentName" value="ASUS" />
                        <Entry name="$TestLogsDir" value="C:\Documents and Settings\ASUS X82Q SERIES\My Documents\Visual Studio 2008\Projects\TestProject\TestResults\ASUS X82Q SERIES_ASUS 2010-11-23 21_08_28\In\ASUS" />
                        <Entry name="$TestDeploymentDir" value="C:\Documents and Settings\ASUS X82Q SERIES\My Documents\Visual Studio 2008\Projects\TestProject\TestResults\ASUS X82Q SERIES_ASUS 2010-11-23 21_08_28\Out" />
                        <Entry name="$AgentId" value="1" />
                        <Entry name="$AgentLoadDistributor" value="Microsoft.VisualStudio.TestTools.Execution.AgentLoadDistributor" />
                        <Entry name="$TestDir" value="C:\Documents and Settings\ASUS X82Q SERIES\My Documents\Visual Studio 2008\Projects\TestProject\TestResults\ASUS X82Q SERIES_ASUS 2010-11-23 21_08_28" />
                        <Entry name="$AgentWeighting" value="100" />
                        <Entry name="$WebTestIteration" value="1" />
                        <Entry name="$WebTestUserId" value="1" />
                      </Context>
                    </WebRequestResult>
                    <WebRequestResult exceptionMessage="" run="0" submitted="true" cached="false" isRedirectFollow="false" requestBodyBytesHandle="-2" responseBytesHandle="88">
                      <Request url="http://localhost/industry/includes/common/js/base.js" command="GET /industry/includes/common/js/base.js HTTP/1.1" encoding="utf-8">
                        <Headers>Referer : http://localhost/industry/index.php?mod=login
User-Agent : Mozilla/4.0 (compatible; MSIE 7.0; Windows NT 5.1)
Accept : */*
Accept-Language : en-us
Accept-Encoding : GZIP
Host : localhost
Cookie : PHPSESSID=5a0b064b9e2796918842c00f72e52f69; mylang=vietnam
</Headers>
                      </Request>
                      <Response url="http://localhost/industry/includes/common/js/base.js" contentType="application/x-javascript" statusLine="HTTP/1.1 200 OK" pageTime="NaN" time="0.022" statusCodeString="200 OK" contentLength="7805">
                        <Headers>X-Pad : avoid browser bug
Accept-Ranges : bytes
Content-Length : 7805
Content-Type : application/x-javascript
Date : Tue, 23 Nov 2010 14:08:42 GMT
ETag : "63ee1040-1e7d-1eae3d00"
Last-Modified : Wed, 28 Jul 2010 03:21:56 GMT
Server : Apache/2.2.4 (Win32) PHP/5.2.1
</Headers>
                      </Response>
                      <Context>
                        <Entry name="$TotalAgents" value="1" />
                        <Entry name="$ControllerName" value="ASUS" />
                        <Entry name="$AgentName" value="ASUS" />
                        <Entry name="$TestLogsDir" value="C:\Documents and Settings\ASUS X82Q SERIES\My Documents\Visual Studio 2008\Projects\TestProject\TestResults\ASUS X82Q SERIES_ASUS 2010-11-23 21_08_28\In\ASUS" />
                        <Entry name="$TestDeploymentDir" value="C:\Documents and Settings\ASUS X82Q SERIES\My Documents\Visual Studio 2008\Projects\TestProject\TestResults\ASUS X82Q SERIES_ASUS 2010-11-23 21_08_28\Out" />
                        <Entry name="$AgentId" value="1" />
                        <Entry name="$AgentLoadDistributor" value="Microsoft.VisualStudio.TestTools.Execution.AgentLoadDistributor" />
                        <Entry name="$TestDir" value="C:\Documents and Settings\ASUS X82Q SERIES\My Documents\Visual Studio 2008\Projects\TestProject\TestResults\ASUS X82Q SERIES_ASUS 2010-11-23 21_08_28" />
                        <Entry name="$AgentWeighting" value="100" />
                        <Entry name="$WebTestIteration" value="1" />
                        <Entry name="$WebTestUserId" value="1" />
                      </Context>
                    </WebRequestResult>
                    <WebRequestResult exceptionMessage="" run="0" submitted="true" cached="false" isRedirectFollow="false" requestBodyBytesHandle="-2" responseBytesHandle="89">
                      <Request url="http://localhost/industry/includes/skins/style.js" command="GET /industry/includes/skins/style.js HTTP/1.1" encoding="utf-8">
                        <Headers>Referer : http://localhost/industry/index.php?mod=login
User-Agent : Mozilla/4.0 (compatible; MSIE 7.0; Windows NT 5.1)
Accept : */*
Accept-Language : en-us
Accept-Encoding : GZIP
Host : localhost
Cookie : PHPSESSID=5a0b064b9e2796918842c00f72e52f69; mylang=vietnam
</Headers>
                      </Request>
                      <Response url="http://localhost/industry/includes/skins/style.js" contentType="application/x-javascript" statusLine="HTTP/1.1 200 OK" pageTime="NaN" time="0.045" statusCodeString="200 OK" contentLength="25319">
                        <Headers>X-Pad : avoid browser bug
Accept-Ranges : bytes
Content-Length : 25319
Content-Type : application/x-javascript
Date : Tue, 23 Nov 2010 14:08:42 GMT
ETag : "633bd0c0-62e7-2b4d2000"
Last-Modified : Wed, 25 Aug 2010 15:02:24 GMT
Server : Apache/2.2.4 (Win32) PHP/5.2.1
</Headers>
                      </Response>
                      <Context>
                        <Entry name="$TotalAgents" value="1" />
                        <Entry name="$ControllerName" value="ASUS" />
                        <Entry name="$AgentName" value="ASUS" />
                        <Entry name="$TestLogsDir" value="C:\Documents and Settings\ASUS X82Q SERIES\My Documents\Visual Studio 2008\Projects\TestProject\TestResults\ASUS X82Q SERIES_ASUS 2010-11-23 21_08_28\In\ASUS" />
                        <Entry name="$TestDeploymentDir" value="C:\Documents and Settings\ASUS X82Q SERIES\My Documents\Visual Studio 2008\Projects\TestProject\TestResults\ASUS X82Q SERIES_ASUS 2010-11-23 21_08_28\Out" />
                        <Entry name="$AgentId" value="1" />
                        <Entry name="$AgentLoadDistributor" value="Microsoft.VisualStudio.TestTools.Execution.AgentLoadDistributor" />
                        <Entry name="$TestDir" value="C:\Documents and Settings\ASUS X82Q SERIES\My Documents\Visual Studio 2008\Projects\TestProject\TestResults\ASUS X82Q SERIES_ASUS 2010-11-23 21_08_28" />
                        <Entry name="$AgentWeighting" value="100" />
                        <Entry name="$WebTestIteration" value="1" />
                        <Entry name="$WebTestUserId" value="1" />
                      </Context>
                    </WebRequestResult>
                    <WebRequestResult exceptionMessage="" run="0" submitted="true" cached="false" isRedirectFollow="false" requestBodyBytesHandle="-2" responseBytesHandle="97">
                      <Request url="http://localhost/industry/login/includes/tng/scripts/FormValidation.js" command="GET /industry/login/includes/tng/scripts/FormValidation.js HTTP/1.1" encoding="utf-8">
                        <Headers>Referer : http://localhost/industry/index.php?mod=login
User-Agent : Mozilla/4.0 (compatible; MSIE 7.0; Windows NT 5.1)
Accept : */*
Accept-Language : en-us
Accept-Encoding : GZIP
Host : localhost
Cookie : PHPSESSID=5a0b064b9e2796918842c00f72e52f69; mylang=vietnam
</Headers>
                      </Request>
                      <Response url="http://localhost/industry/login/includes/tng/scripts/FormValidation.js" contentType="text/html; charset=iso-8859-1" statusLine="HTTP/1.1 404 Not Found" pageTime="NaN" time="0.009" statusCodeString="404 Not Found" contentLength="334">
                        <Headers>Content-Length : 334
Content-Type : text/html; charset=iso-8859-1
Date : Tue, 23 Nov 2010 14:08:42 GMT
Server : Apache/2.2.4 (Win32) PHP/5.2.1
</Headers>
                      </Response>
                      <Context>
                        <Entry name="$TotalAgents" value="1" />
                        <Entry name="$ControllerName" value="ASUS" />
                        <Entry name="$AgentName" value="ASUS" />
                        <Entry name="$TestLogsDir" value="C:\Documents and Settings\ASUS X82Q SERIES\My Documents\Visual Studio 2008\Projects\TestProject\TestResults\ASUS X82Q SERIES_ASUS 2010-11-23 21_08_28\In\ASUS" />
                        <Entry name="$TestDeploymentDir" value="C:\Documents and Settings\ASUS X82Q SERIES\My Documents\Visual Studio 2008\Projects\TestProject\TestResults\ASUS X82Q SERIES_ASUS 2010-11-23 21_08_28\Out" />
                        <Entry name="$AgentId" value="1" />
                        <Entry name="$AgentLoadDistributor" value="Microsoft.VisualStudio.TestTools.Execution.AgentLoadDistributor" />
                        <Entry name="$TestDir" value="C:\Documents and Settings\ASUS X82Q SERIES\My Documents\Visual Studio 2008\Projects\TestProject\TestResults\ASUS X82Q SERIES_ASUS 2010-11-23 21_08_28" />
                        <Entry name="$AgentWeighting" value="100" />
                        <Entry name="$WebTestIteration" value="1" />
                        <Entry name="$WebTestUserId" value="1" />
                      </Context>
                      <Errors>
                        <Error type="HttpError" subType="404 - NotFound" text="404 - NotFound" time="2010-11-23T21:08:42.7343750+07:00" />
                      </Errors>
                    </WebRequestResult>
                    <WebRequestResult exceptionMessage="" run="0" submitted="true" cached="false" isRedirectFollow="false" requestBodyBytesHandle="-2" responseBytesHandle="98">
                      <Request url="http://localhost/industry/login/includes/tng/scripts/FormValidation.js.php" command="GET /industry/login/includes/tng/scripts/FormValidation.js.php HTTP/1.1" encoding="utf-8">
                        <Headers>Referer : http://localhost/industry/index.php?mod=login
User-Agent : Mozilla/4.0 (compatible; MSIE 7.0; Windows NT 5.1)
Accept : */*
Accept-Language : en-us
Accept-Encoding : GZIP
Host : localhost
Cookie : PHPSESSID=5a0b064b9e2796918842c00f72e52f69; mylang=vietnam
</Headers>
                      </Request>
                      <Response url="http://localhost/industry/login/includes/tng/scripts/FormValidation.js.php" contentType="text/html; charset=iso-8859-1" statusLine="HTTP/1.1 404 Not Found" pageTime="NaN" time="0.009" statusCodeString="404 Not Found" contentLength="338">
                        <Headers>Content-Length : 338
Content-Type : text/html; charset=iso-8859-1
Date : Tue, 23 Nov 2010 14:08:42 GMT
Server : Apache/2.2.4 (Win32) PHP/5.2.1
</Headers>
                      </Response>
                      <Context>
                        <Entry name="$TotalAgents" value="1" />
                        <Entry name="$ControllerName" value="ASUS" />
                        <Entry name="$AgentName" value="ASUS" />
                        <Entry name="$TestLogsDir" value="C:\Documents and Settings\ASUS X82Q SERIES\My Documents\Visual Studio 2008\Projects\TestProject\TestResults\ASUS X82Q SERIES_ASUS 2010-11-23 21_08_28\In\ASUS" />
                        <Entry name="$TestDeploymentDir" value="C:\Documents and Settings\ASUS X82Q SERIES\My Documents\Visual Studio 2008\Projects\TestProject\TestResults\ASUS X82Q SERIES_ASUS 2010-11-23 21_08_28\Out" />
                        <Entry name="$AgentId" value="1" />
                        <Entry name="$AgentLoadDistributor" value="Microsoft.VisualStudio.TestTools.Execution.AgentLoadDistributor" />
                        <Entry name="$TestDir" value="C:\Documents and Settings\ASUS X82Q SERIES\My Documents\Visual Studio 2008\Projects\TestProject\TestResults\ASUS X82Q SERIES_ASUS 2010-11-23 21_08_28" />
                        <Entry name="$AgentWeighting" value="100" />
                        <Entry name="$WebTestIteration" value="1" />
                        <Entry name="$WebTestUserId" value="1" />
                      </Context>
                      <Errors>
                        <Error type="HttpError" subType="404 - NotFound" text="404 - NotFound" time="2010-11-23T21:08:42.7343750+07:00" />
                      </Errors>
                    </WebRequestResult>
                    <WebRequestResult exceptionMessage="" run="0" submitted="true" cached="false" isRedirectFollow="false" requestBodyBytesHandle="-2" responseBytesHandle="99">
                      <Request url="http://localhost/industry/uploads/advertisement/1_LOGO%20TV%20THU%20NHO(8).jpg" command="GET /industry/uploads/advertisement/1_LOGO%20TV%20THU%20NHO(8).jpg HTTP/1.1" encoding="utf-8">
                        <Headers>Referer : http://localhost/industry/index.php?mod=login
User-Agent : Mozilla/4.0 (compatible; MSIE 7.0; Windows NT 5.1)
Accept : */*
Accept-Language : en-us
Accept-Encoding : GZIP
Host : localhost
Cookie : PHPSESSID=5a0b064b9e2796918842c00f72e52f69; mylang=vietnam
</Headers>
                      </Request>
                      <Response url="http://localhost/industry/uploads/advertisement/1_LOGO%20TV%20THU%20NHO(8).jpg" contentType="image/jpeg" statusLine="HTTP/1.1 200 OK" pageTime="NaN" time="0.008" statusCodeString="200 OK" contentLength="28277">
                        <Headers>Accept-Ranges : bytes
Content-Length : 28277
Content-Type : image/jpeg
Date : Tue, 23 Nov 2010 14:08:42 GMT
ETag : "5b8a9100-6e75-cf4d7f80"
Last-Modified : Thu, 16 Sep 2010 16:19:26 GMT
Server : Apache/2.2.4 (Win32) PHP/5.2.1
</Headers>
                      </Response>
                      <Context>
                        <Entry name="$TotalAgents" value="1" />
                        <Entry name="$ControllerName" value="ASUS" />
                        <Entry name="$AgentName" value="ASUS" />
                        <Entry name="$TestLogsDir" value="C:\Documents and Settings\ASUS X82Q SERIES\My Documents\Visual Studio 2008\Projects\TestProject\TestResults\ASUS X82Q SERIES_ASUS 2010-11-23 21_08_28\In\ASUS" />
                        <Entry name="$TestDeploymentDir" value="C:\Documents and Settings\ASUS X82Q SERIES\My Documents\Visual Studio 2008\Projects\TestProject\TestResults\ASUS X82Q SERIES_ASUS 2010-11-23 21_08_28\Out" />
                        <Entry name="$AgentId" value="1" />
                        <Entry name="$AgentLoadDistributor" value="Microsoft.VisualStudio.TestTools.Execution.AgentLoadDistributor" />
                        <Entry name="$TestDir" value="C:\Documents and Settings\ASUS X82Q SERIES\My Documents\Visual Studio 2008\Projects\TestProject\TestResults\ASUS X82Q SERIES_ASUS 2010-11-23 21_08_28" />
                        <Entry name="$AgentWeighting" value="100" />
                        <Entry name="$WebTestIteration" value="1" />
                        <Entry name="$WebTestUserId" value="1" />
                      </Context>
                    </WebRequestResult>
                    <WebRequestResult exceptionMessage="" run="0" submitted="true" cached="false" isRedirectFollow="false" requestBodyBytesHandle="-2" responseBytesHandle="90">
                      <Request url="http://localhost/industry/includes/common/js/utility.js" command="GET /industry/includes/common/js/utility.js HTTP/1.1" encoding="utf-8">
                        <Headers>Referer : http://localhost/industry/index.php?mod=login
User-Agent : Mozilla/4.0 (compatible; MSIE 7.0; Windows NT 5.1)
Accept : */*
Accept-Language : en-us
Accept-Encoding : GZIP
Host : localhost
Cookie : PHPSESSID=5a0b064b9e2796918842c00f72e52f69; mylang=vietnam
</Headers>
                      </Request>
                      <Response url="http://localhost/industry/includes/common/js/utility.js" contentType="application/x-javascript" statusLine="HTTP/1.1 200 OK" pageTime="NaN" time="0.097" statusCodeString="200 OK" contentLength="81309">
                        <Headers>Accept-Ranges : bytes
Content-Length : 81309
Content-Type : application/x-javascript
Date : Tue, 23 Nov 2010 14:08:42 GMT
ETag : "63ee10c0-13d9d-1eae3d00"
Last-Modified : Wed, 28 Jul 2010 03:21:56 GMT
Server : Apache/2.2.4 (Win32) PHP/5.2.1
</Headers>
                      </Response>
                      <Context>
                        <Entry name="$TotalAgents" value="1" />
                        <Entry name="$ControllerName" value="ASUS" />
                        <Entry name="$AgentName" value="ASUS" />
                        <Entry name="$TestLogsDir" value="C:\Documents and Settings\ASUS X82Q SERIES\My Documents\Visual Studio 2008\Projects\TestProject\TestResults\ASUS X82Q SERIES_ASUS 2010-11-23 21_08_28\In\ASUS" />
                        <Entry name="$TestDeploymentDir" value="C:\Documents and Settings\ASUS X82Q SERIES\My Documents\Visual Studio 2008\Projects\TestProject\TestResults\ASUS X82Q SERIES_ASUS 2010-11-23 21_08_28\Out" />
                        <Entry name="$AgentId" value="1" />
                        <Entry name="$AgentLoadDistributor" value="Microsoft.VisualStudio.TestTools.Execution.AgentLoadDistributor" />
                        <Entry name="$TestDir" value="C:\Documents and Settings\ASUS X82Q SERIES\My Documents\Visual Studio 2008\Projects\TestProject\TestResults\ASUS X82Q SERIES_ASUS 2010-11-23 21_08_28" />
                        <Entry name="$AgentWeighting" value="100" />
                        <Entry name="$WebTestIteration" value="1" />
                        <Entry name="$WebTestUserId" value="1" />
                      </Context>
                    </WebRequestResult>
                    <WebRequestResult exceptionMessage="" run="0" submitted="true" cached="false" isRedirectFollow="false" requestBodyBytesHandle="-2" responseBytesHandle="100">
                      <Request url="http://localhost/industry/uploads/advertisement/slide4.jpg" command="GET /industry/uploads/advertisement/slide4.jpg HTTP/1.1" encoding="utf-8">
                        <Headers>Referer : http://localhost/industry/index.php?mod=login
User-Agent : Mozilla/4.0 (compatible; MSIE 7.0; Windows NT 5.1)
Accept : */*
Accept-Language : en-us
Accept-Encoding : GZIP
Host : localhost
Cookie : PHPSESSID=5a0b064b9e2796918842c00f72e52f69; mylang=vietnam
</Headers>
                      </Request>
                      <Response url="http://localhost/industry/uploads/advertisement/slide4.jpg" contentType="image/jpeg" statusLine="HTTP/1.1 200 OK" pageTime="NaN" time="0.01" statusCodeString="200 OK" contentLength="28790">
                        <Headers>Accept-Ranges : bytes
Content-Length : 28790
Content-Type : image/jpeg
Date : Tue, 23 Nov 2010 14:08:42 GMT
ETag : "5b8a9380-7076-93d8b80"
Last-Modified : Sun, 08 Aug 2010 05:18:54 GMT
Server : Apache/2.2.4 (Win32) PHP/5.2.1
</Headers>
                      </Response>
                      <Context>
                        <Entry name="$TotalAgents" value="1" />
                        <Entry name="$ControllerName" value="ASUS" />
                        <Entry name="$AgentName" value="ASUS" />
                        <Entry name="$TestLogsDir" value="C:\Documents and Settings\ASUS X82Q SERIES\My Documents\Visual Studio 2008\Projects\TestProject\TestResults\ASUS X82Q SERIES_ASUS 2010-11-23 21_08_28\In\ASUS" />
                        <Entry name="$TestDeploymentDir" value="C:\Documents and Settings\ASUS X82Q SERIES\My Documents\Visual Studio 2008\Projects\TestProject\TestResults\ASUS X82Q SERIES_ASUS 2010-11-23 21_08_28\Out" />
                        <Entry name="$AgentId" value="1" />
                        <Entry name="$AgentLoadDistributor" value="Microsoft.VisualStudio.TestTools.Execution.AgentLoadDistributor" />
                        <Entry name="$TestDir" value="C:\Documents and Settings\ASUS X82Q SERIES\My Documents\Visual Studio 2008\Projects\TestProject\TestResults\ASUS X82Q SERIES_ASUS 2010-11-23 21_08_28" />
                        <Entry name="$AgentWeighting" value="100" />
                        <Entry name="$WebTestIteration" value="1" />
                        <Entry name="$WebTestUserId" value="1" />
                      </Context>
                    </WebRequestResult>
                  </DependantResults>
                  <ValidationRuleResults>
                    <ValidationRuleResult message="Passed" ruleType="Validation" name="Response URL" />
                  </ValidationRuleResults>
                </WebRequestResult>
              </WebTestResultPage>
            </WebTestResultGroup>
          </WebTestResultIteration>
        </WebTestResultIterations>
      </WebTestResultDetails>
    </WebTestResult>
  </Results>
</TestRun>